<?xml version="1.0" encoding="UTF-8"?>
<testsuite xmlns:xsi="http://www.w3.org/2001/XMLSchema-instance" xsi:noNamespaceSchemaLocation="https://maven.apache.org/surefire/maven-failsafe-plugin/xsd/failsafe-test-report-3.0.xsd" version="3.0" name="starter.CucumberTestSuite" time="195.351" tests="20" errors="0" skipped="0" failures="0">
  <properties>
    <property name="sun.desktop" value="windows"/>
    <property name="awt.toolkit" value="sun.awt.windows.WToolkit"/>
    <property name="java.specification.version" value="1.8"/>
    <property name="file.encoding.pkg" value="sun.io"/>
    <property name="webdriver.chrome.driver" value="C:\Users\user\.cache\selenium\chromedriver\win32\112.0.5615.49\chromedriver.exe"/>
    <property name="sun.cpu.isalist" value="amd64"/>
    <property name="sun.jnu.encoding" value="Cp1252"/>
    <property name="java.class.path" value="C:\Users\user\IdeaProjects\QE_Devi Agustin Utari_Mini_Project\Web_Automation_AltaShop\target\test-classes;C:\Users\user\IdeaProjects\QE_Devi Agustin Utari_Mini_Project\Web_Automation_AltaShop\target\Web_Automation-1.0-SNAPSHOT.jar;C:\Users\user\.m2\repository\net\serenity-bdd\serenity-core\3.6.21\serenity-core-3.6.21.jar;C:\Users\user\.m2\repository\net\serenity-bdd\serenity-model\3.6.21\serenity-model-3.6.21.jar;C:\Users\user\.m2\repository\org\apache\commons\commons-text\1.10.0\commons-text-1.10.0.jar;C:\Users\user\.m2\repository\commons-net\commons-net\3.9.0\commons-net-3.9.0.jar;C:\Users\user\.m2\repository\com\google\guava\guava\31.1-jre\guava-31.1-jre.jar;C:\Users\user\.m2\repository\com\google\guava\failureaccess\1.0.1\failureaccess-1.0.1.jar;C:\Users\user\.m2\repository\com\google\guava\listenablefuture\9999.0-empty-to-avoid-conflict-with-guava\listenablefuture-9999.0-empty-to-avoid-conflict-with-guava.jar;C:\Users\user\.m2\repository\com\google\code\findbugs\jsr305\3.0.2\jsr305-3.0.2.jar;C:\Users\user\.m2\repository\org\checkerframework\checker-qual\3.12.0\checker-qual-3.12.0.jar;C:\Users\user\.m2\repository\com\google\errorprone\error_prone_annotations\2.11.0\error_prone_annotations-2.11.0.jar;C:\Users\user\.m2\repository\com\google\j2objc\j2objc-annotations\1.3\j2objc-annotations-1.3.jar;C:\Users\user\.m2\repository\com\google\inject\guice\5.1.0\guice-5.1.0.jar;C:\Users\user\.m2\repository\javax\inject\javax.inject\1\javax.inject-1.jar;C:\Users\user\.m2\repository\aopalliance\aopalliance\1.0\aopalliance-1.0.jar;C:\Users\user\.m2\repository\org\jsoup\jsoup\1.14.3\jsoup-1.14.3.jar;C:\Users\user\.m2\repository\com\thoughtworks\xstream\xstream\1.4.20\xstream-1.4.20.jar;C:\Users\user\.m2\repository\io\github\x-stream\mxparser\1.2.2\mxparser-1.2.2.jar;C:\Users\user\.m2\repository\xmlpull\xmlpull\1.1.3.1\xmlpull-1.1.3.1.jar;C:\Users\user\.m2\repository\com\typesafe\config\1.4.2\config-1.4.2.jar;C:\Users\user\.m2\repository\org\imgscalr\imgscalr-lib\4.2\imgscalr-lib-4.2.jar;C:\Users\user\.m2\repository\org\awaitility\awaitility\4.2.0\awaitility-4.2.0.jar;C:\Users\user\.m2\repository\org\freemarker\freemarker\2.3.31\freemarker-2.3.31.jar;C:\Users\user\.m2\repository\io\github\classgraph\classgraph\4.8.138\classgraph-4.8.138.jar;C:\Users\user\.m2\repository\net\sourceforge\jexcelapi\jxl\2.6.12\jxl-2.6.12.jar;C:\Users\user\.m2\repository\net\bytebuddy\byte-buddy-agent\1.14.2\byte-buddy-agent-1.14.2.jar;C:\Users\user\.m2\repository\org\objenesis\objenesis\3.3\objenesis-3.3.jar;C:\Users\user\.m2\repository\net\serenity-bdd\serenity-reports\3.6.21\serenity-reports-3.6.21.jar;C:\Users\user\.m2\repository\net\serenity-bdd\serenity-stats\3.6.21\serenity-stats-3.6.21.jar;C:\Users\user\.m2\repository\net\serenity-bdd\serenity-reports-configuration\3.6.21\serenity-reports-configuration-3.6.21.jar;C:\Users\user\.m2\repository\com\vladsch\flexmark\flexmark-all\0.62.2\flexmark-all-0.62.2.jar;C:\Users\user\.m2\repository\com\vladsch\flexmark\flexmark\0.62.2\flexmark-0.62.2.jar;C:\Users\user\.m2\repository\com\vladsch\flexmark\flexmark-ext-abbreviation\0.62.2\flexmark-ext-abbreviation-0.62.2.jar;C:\Users\user\.m2\repository\com\vladsch\flexmark\flexmark-util\0.62.2\flexmark-util-0.62.2.jar;C:\Users\user\.m2\repository\com\vladsch\flexmark\flexmark-ext-admonition\0.62.2\flexmark-ext-admonition-0.62.2.jar;C:\Users\user\.m2\repository\com\vladsch\flexmark\flexmark-ext-anchorlink\0.62.2\flexmark-ext-anchorlink-0.62.2.jar;C:\Users\user\.m2\repository\com\vladsch\flexmark\flexmark-ext-aside\0.62.2\flexmark-ext-aside-0.62.2.jar;C:\Users\user\.m2\repository\com\vladsch\flexmark\flexmark-ext-attributes\0.62.2\flexmark-ext-attributes-0.62.2.jar;C:\Users\user\.m2\repository\com\vladsch\flexmark\flexmark-ext-autolink\0.62.2\flexmark-ext-autolink-0.62.2.jar;C:\Users\user\.m2\repository\org\nibor\autolink\autolink\0.6.0\autolink-0.6.0.jar;C:\Users\user\.m2\repository\com\vladsch\flexmark\flexmark-ext-definition\0.62.2\flexmark-ext-definition-0.62.2.jar;C:\Users\user\.m2\repository\com\vladsch\flexmark\flexmark-ext-emoji\0.62.2\flexmark-ext-emoji-0.62.2.jar;C:\Users\user\.m2\repository\com\vladsch\flexmark\flexmark-ext-enumerated-reference\0.62.2\flexmark-ext-enumerated-reference-0.62.2.jar;C:\Users\user\.m2\repository\com\vladsch\flexmark\flexmark-ext-escaped-character\0.62.2\flexmark-ext-escaped-character-0.62.2.jar;C:\Users\user\.m2\repository\com\vladsch\flexmark\flexmark-ext-footnotes\0.62.2\flexmark-ext-footnotes-0.62.2.jar;C:\Users\user\.m2\repository\com\vladsch\flexmark\flexmark-ext-gfm-issues\0.62.2\flexmark-ext-gfm-issues-0.62.2.jar;C:\Users\user\.m2\repository\com\vladsch\flexmark\flexmark-ext-gfm-strikethrough\0.62.2\flexmark-ext-gfm-strikethrough-0.62.2.jar;C:\Users\user\.m2\repository\com\vladsch\flexmark\flexmark-ext-gfm-tasklist\0.62.2\flexmark-ext-gfm-tasklist-0.62.2.jar;C:\Users\user\.m2\repository\com\vladsch\flexmark\flexmark-ext-gfm-users\0.62.2\flexmark-ext-gfm-users-0.62.2.jar;C:\Users\user\.m2\repository\com\vladsch\flexmark\flexmark-ext-gitlab\0.62.2\flexmark-ext-gitlab-0.62.2.jar;C:\Users\user\.m2\repository\com\vladsch\flexmark\flexmark-ext-jekyll-front-matter\0.62.2\flexmark-ext-jekyll-front-matter-0.62.2.jar;C:\Users\user\.m2\repository\com\vladsch\flexmark\flexmark-ext-jekyll-tag\0.62.2\flexmark-ext-jekyll-tag-0.62.2.jar;C:\Users\user\.m2\repository\com\vladsch\flexmark\flexmark-ext-media-tags\0.62.2\flexmark-ext-media-tags-0.62.2.jar;C:\Users\user\.m2\repository\com\vladsch\flexmark\flexmark-ext-macros\0.62.2\flexmark-ext-macros-0.62.2.jar;C:\Users\user\.m2\repository\com\vladsch\flexmark\flexmark-ext-ins\0.62.2\flexmark-ext-ins-0.62.2.jar;C:\Users\user\.m2\repository\com\vladsch\flexmark\flexmark-ext-xwiki-macros\0.62.2\flexmark-ext-xwiki-macros-0.62.2.jar;C:\Users\user\.m2\repository\com\vladsch\flexmark\flexmark-ext-superscript\0.62.2\flexmark-ext-superscript-0.62.2.jar;C:\Users\user\.m2\repository\com\vladsch\flexmark\flexmark-ext-tables\0.62.2\flexmark-ext-tables-0.62.2.jar;C:\Users\user\.m2\repository\com\vladsch\flexmark\flexmark-ext-toc\0.62.2\flexmark-ext-toc-0.62.2.jar;C:\Users\user\.m2\repository\com\vladsch\flexmark\flexmark-ext-typographic\0.62.2\flexmark-ext-typographic-0.62.2.jar;C:\Users\user\.m2\repository\com\vladsch\flexmark\flexmark-ext-wikilink\0.62.2\flexmark-ext-wikilink-0.62.2.jar;C:\Users\user\.m2\repository\com\vladsch\flexmark\flexmark-ext-yaml-front-matter\0.62.2\flexmark-ext-yaml-front-matter-0.62.2.jar;C:\Users\user\.m2\repository\com\vladsch\flexmark\flexmark-ext-youtube-embedded\0.62.2\flexmark-ext-youtube-embedded-0.62.2.jar;C:\Users\user\.m2\repository\com\vladsch\flexmark\flexmark-html2md-converter\0.62.2\flexmark-html2md-converter-0.62.2.jar;C:\Users\user\.m2\repository\com\vladsch\flexmark\flexmark-jira-converter\0.62.2\flexmark-jira-converter-0.62.2.jar;C:\Users\user\.m2\repository\com\vladsch\flexmark\flexmark-pdf-converter\0.62.2\flexmark-pdf-converter-0.62.2.jar;C:\Users\user\.m2\repository\com\openhtmltopdf\openhtmltopdf-core\1.0.0\openhtmltopdf-core-1.0.0.jar;C:\Users\user\.m2\repository\com\openhtmltopdf\openhtmltopdf-pdfbox\1.0.0\openhtmltopdf-pdfbox-1.0.0.jar;C:\Users\user\.m2\repository\org\apache\pdfbox\pdfbox\2.0.16\pdfbox-2.0.16.jar;C:\Users\user\.m2\repository\org\apache\pdfbox\fontbox\2.0.16\fontbox-2.0.16.jar;C:\Users\user\.m2\repository\org\apache\pdfbox\xmpbox\2.0.16\xmpbox-2.0.16.jar;C:\Users\user\.m2\repository\de\rototor\pdfbox\graphics2d\0.24\graphics2d-0.24.jar;C:\Users\user\.m2\repository\com\openhtmltopdf\openhtmltopdf-rtl-support\1.0.0\openhtmltopdf-rtl-support-1.0.0.jar;C:\Users\user\.m2\repository\com\openhtmltopdf\openhtmltopdf-jsoup-dom-converter\1.0.0\openhtmltopdf-jsoup-dom-converter-1.0.0.jar;C:\Users\user\.m2\repository\com\vladsch\flexmark\flexmark-profile-pegdown\0.62.2\flexmark-profile-pegdown-0.62.2.jar;C:\Users\user\.m2\repository\com\vladsch\flexmark\flexmark-util-ast\0.62.2\flexmark-util-ast-0.62.2.jar;C:\Users\user\.m2\repository\com\vladsch\flexmark\flexmark-util-builder\0.62.2\flexmark-util-builder-0.62.2.jar;C:\Users\user\.m2\repository\com\vladsch\flexmark\flexmark-util-collection\0.62.2\flexmark-util-collection-0.62.2.jar;C:\Users\user\.m2\repository\com\vladsch\flexmark\flexmark-util-data\0.62.2\flexmark-util-data-0.62.2.jar;C:\Users\user\.m2\repository\com\vladsch\flexmark\flexmark-util-dependency\0.62.2\flexmark-util-dependency-0.62.2.jar;C:\Users\user\.m2\repository\com\vladsch\flexmark\flexmark-util-format\0.62.2\flexmark-util-format-0.62.2.jar;C:\Users\user\.m2\repository\com\vladsch\flexmark\flexmark-util-html\0.62.2\flexmark-util-html-0.62.2.jar;C:\Users\user\.m2\repository\com\vladsch\flexmark\flexmark-util-misc\0.62.2\flexmark-util-misc-0.62.2.jar;C:\Users\user\.m2\repository\com\vladsch\flexmark\flexmark-util-options\0.62.2\flexmark-util-options-0.62.2.jar;C:\Users\user\.m2\repository\com\vladsch\flexmark\flexmark-util-sequence\0.62.2\flexmark-util-sequence-0.62.2.jar;C:\Users\user\.m2\repository\com\vladsch\flexmark\flexmark-util-visitor\0.62.2\flexmark-util-visitor-0.62.2.jar;C:\Users\user\.m2\repository\com\vladsch\flexmark\flexmark-youtrack-converter\0.62.2\flexmark-youtrack-converter-0.62.2.jar;C:\Users\user\.m2\repository\com\ibm\icu\icu4j\72.1\icu4j-72.1.jar;C:\Users\user\.m2\repository\es\nitaur\markdown\txtmark\0.16\txtmark-0.16.jar;C:\Users\user\.m2\repository\net\serenity-bdd\serenity-report-resources\3.6.21\serenity-report-resources-3.6.21.jar;C:\Users\user\.m2\repository\com\google\code\gson\gson\2.10.1\gson-2.10.1.jar;C:\Users\user\.m2\repository\com\fasterxml\jackson\core\jackson-core\2.15.0-rc1\jackson-core-2.15.0-rc1.jar;C:\Users\user\.m2\repository\com\fasterxml\jackson\core\jackson-databind\2.15.0-rc1\jackson-databind-2.15.0-rc1.jar;C:\Users\user\.m2\repository\com\fasterxml\jackson\core\jackson-annotations\2.15.0-rc1\jackson-annotations-2.15.0-rc1.jar;C:\Users\user\.m2\repository\commons-codec\commons-codec\1.15\commons-codec-1.15.jar;C:\Users\user\.m2\repository\commons-io\commons-io\2.11.0\commons-io-2.11.0.jar;C:\Users\user\.m2\repository\org\apache\httpcomponents\httpclient\4.5.13\httpclient-4.5.13.jar;C:\Users\user\.m2\repository\org\apache\httpcomponents\httpcore\4.4.13\httpcore-4.4.13.jar;C:\Users\user\.m2\repository\commons-logging\commons-logging\1.2\commons-logging-1.2.jar;C:\Users\user\.m2\repository\org\seleniumhq\selenium\selenium-java\4.8.1\selenium-java-4.8.1.jar;C:\Users\user\.m2\repository\org\seleniumhq\selenium\selenium-devtools-v108\4.8.1\selenium-devtools-v108-4.8.1.jar;C:\Users\user\.m2\repository\org\seleniumhq\selenium\selenium-devtools-v109\4.8.1\selenium-devtools-v109-4.8.1.jar;C:\Users\user\.m2\repository\org\seleniumhq\selenium\selenium-devtools-v110\4.8.1\selenium-devtools-v110-4.8.1.jar;C:\Users\user\.m2\repository\org\seleniumhq\selenium\selenium-devtools-v85\4.8.1\selenium-devtools-v85-4.8.1.jar;C:\Users\user\.m2\repository\org\seleniumhq\selenium\selenium-remote-driver\4.8.1\selenium-remote-driver-4.8.1.jar;C:\Users\user\.m2\repository\com\beust\jcommander\1.82\jcommander-1.82.jar;C:\Users\user\.m2\repository\io\netty\netty-buffer\4.1.87.Final\netty-buffer-4.1.87.Final.jar;C:\Users\user\.m2\repository\io\netty\netty-codec-http\4.1.87.Final\netty-codec-http-4.1.87.Final.jar;C:\Users\user\.m2\repository\io\netty\netty-codec\4.1.87.Final\netty-codec-4.1.87.Final.jar;C:\Users\user\.m2\repository\io\netty\netty-handler\4.1.87.Final\netty-handler-4.1.87.Final.jar;C:\Users\user\.m2\repository\io\netty\netty-common\4.1.87.Final\netty-common-4.1.87.Final.jar;C:\Users\user\.m2\repository\io\netty\netty-transport-classes-epoll\4.1.87.Final\netty-transport-classes-epoll-4.1.87.Final.jar;C:\Users\user\.m2\repository\io\netty\netty-transport-classes-kqueue\4.1.87.Final\netty-transport-classes-kqueue-4.1.87.Final.jar;C:\Users\user\.m2\repository\io\netty\netty-transport-native-epoll\4.1.87.Final\netty-transport-native-epoll-4.1.87.Final.jar;C:\Users\user\.m2\repository\io\netty\netty-transport-native-kqueue\4.1.87.Final\netty-transport-native-kqueue-4.1.87.Final.jar;C:\Users\user\.m2\repository\io\netty\netty-transport-native-unix-common\4.1.87.Final\netty-transport-native-unix-common-4.1.87.Final.jar;C:\Users\user\.m2\repository\io\netty\netty-transport\4.1.87.Final\netty-transport-4.1.87.Final.jar;C:\Users\user\.m2\repository\io\netty\netty-resolver\4.1.87.Final\netty-resolver-4.1.87.Final.jar;C:\Users\user\.m2\repository\io\opentelemetry\opentelemetry-api\1.22.0\opentelemetry-api-1.22.0.jar;C:\Users\user\.m2\repository\io\opentelemetry\opentelemetry-context\1.22.0\opentelemetry-context-1.22.0.jar;C:\Users\user\.m2\repository\io\opentelemetry\opentelemetry-exporter-logging\1.22.0\opentelemetry-exporter-logging-1.22.0.jar;C:\Users\user\.m2\repository\io\opentelemetry\opentelemetry-sdk-metrics\1.22.0\opentelemetry-sdk-metrics-1.22.0.jar;C:\Users\user\.m2\repository\io\opentelemetry\opentelemetry-sdk-logs\1.22.0-alpha\opentelemetry-sdk-logs-1.22.0-alpha.jar;C:\Users\user\.m2\repository\io\opentelemetry\opentelemetry-api-logs\1.22.0-alpha\opentelemetry-api-logs-1.22.0-alpha.jar;C:\Users\user\.m2\repository\io\opentelemetry\opentelemetry-sdk-common\1.22.0\opentelemetry-sdk-common-1.22.0.jar;C:\Users\user\.m2\repository\io\opentelemetry\opentelemetry-sdk-extension-autoconfigure-spi\1.22.0\opentelemetry-sdk-extension-autoconfigure-spi-1.22.0.jar;C:\Users\user\.m2\repository\io\opentelemetry\opentelemetry-sdk-extension-autoconfigure\1.22.0-alpha\opentelemetry-sdk-extension-autoconfigure-1.22.0-alpha.jar;C:\Users\user\.m2\repository\io\opentelemetry\opentelemetry-sdk-trace\1.22.0\opentelemetry-sdk-trace-1.22.0.jar;C:\Users\user\.m2\repository\io\opentelemetry\opentelemetry-sdk\1.22.0\opentelemetry-sdk-1.22.0.jar;C:\Users\user\.m2\repository\io\opentelemetry\opentelemetry-semconv\1.22.0-alpha\opentelemetry-semconv-1.22.0-alpha.jar;C:\Users\user\.m2\repository\io\ous\jtoml\2.0.0\jtoml-2.0.0.jar;C:\Users\user\.m2\repository\org\apache\commons\commons-exec\1.3\commons-exec-1.3.jar;C:\Users\user\.m2\repository\org\asynchttpclient\async-http-client\2.12.3\async-http-client-2.12.3.jar;C:\Users\user\.m2\repository\org\asynchttpclient\async-http-client-netty-utils\2.12.3\async-http-client-netty-utils-2.12.3.jar;C:\Users\user\.m2\repository\io\netty\netty-codec-socks\4.1.60.Final\netty-codec-socks-4.1.60.Final.jar;C:\Users\user\.m2\repository\io\netty\netty-handler-proxy\4.1.60.Final\netty-handler-proxy-4.1.60.Final.jar;C:\Users\user\.m2\repository\io\netty\netty-transport-native-epoll\4.1.60.Final\netty-transport-native-epoll-4.1.60.Final-linux-x86_64.jar;C:\Users\user\.m2\repository\io\netty\netty-transport-native-kqueue\4.1.60.Final\netty-transport-native-kqueue-4.1.60.Final-osx-x86_64.jar;C:\Users\user\.m2\repository\org\reactivestreams\reactive-streams\1.0.3\reactive-streams-1.0.3.jar;C:\Users\user\.m2\repository\com\typesafe\netty\netty-reactive-streams\2.0.4\netty-reactive-streams-2.0.4.jar;C:\Users\user\.m2\repository\org\seleniumhq\selenium\selenium-manager\4.8.1\selenium-manager-4.8.1.jar;C:\Users\user\.m2\repository\org\seleniumhq\selenium\selenium-safari-driver\4.8.1\selenium-safari-driver-4.8.1.jar;C:\Users\user\.m2\repository\org\seleniumhq\selenium\selenium-api\4.8.1\selenium-api-4.8.1.jar;C:\Users\user\.m2\repository\org\seleniumhq\selenium\selenium-support\4.8.1\selenium-support-4.8.1.jar;C:\Users\user\.m2\repository\com\google\auto\service\auto-service-annotations\1.0.1\auto-service-annotations-1.0.1.jar;C:\Users\user\.m2\repository\com\google\auto\service\auto-service\1.0.1\auto-service-1.0.1.jar;C:\Users\user\.m2\repository\com\google\auto\auto-common\1.2\auto-common-1.2.jar;C:\Users\user\.m2\repository\org\seleniumhq\selenium\selenium-json\4.8.1\selenium-json-4.8.1.jar;C:\Users\user\.m2\repository\org\seleniumhq\selenium\selenium-chrome-driver\4.8.1\selenium-chrome-driver-4.8.1.jar;C:\Users\user\.m2\repository\org\seleniumhq\selenium\selenium-chromium-driver\4.8.1\selenium-chromium-driver-4.8.1.jar;C:\Users\user\.m2\repository\org\seleniumhq\selenium\selenium-firefox-driver\4.8.1\selenium-firefox-driver-4.8.1.jar;C:\Users\user\.m2\repository\org\seleniumhq\selenium\selenium-http\4.8.1\selenium-http-4.8.1.jar;C:\Users\user\.m2\repository\dev\failsafe\failsafe\3.3.0\failsafe-3.3.0.jar;C:\Users\user\.m2\repository\org\seleniumhq\selenium\selenium-edge-driver\4.8.1\selenium-edge-driver-4.8.1.jar;C:\Users\user\.m2\repository\org\seleniumhq\selenium\selenium-ie-driver\4.8.1\selenium-ie-driver-4.8.1.jar;C:\Users\user\.m2\repository\org\projectlombok\lombok\1.18.20\lombok-1.18.20.jar;C:\Users\user\.m2\repository\io\appium\java-client\8.3.0\java-client-8.3.0.jar;C:\Users\user\.m2\repository\commons-validator\commons-validator\1.7\commons-validator-1.7.jar;C:\Users\user\.m2\repository\commons-digester\commons-digester\2.1\commons-digester-2.1.jar;C:\Users\user\.m2\repository\org\apache\groovy\groovy\4.0.10\groovy-4.0.10.jar;C:\Users\user\.m2\repository\net\sf\opencsv\opencsv\2.0\opencsv-2.0.jar;C:\Users\user\.m2\repository\commons-beanutils\commons-beanutils\1.9.4\commons-beanutils-1.9.4.jar;C:\Users\user\.m2\repository\org\apache\commons\commons-lang3\3.12.0\commons-lang3-3.12.0.jar;C:\Users\user\.m2\repository\commons-collections\commons-collections\3.2.2\commons-collections-3.2.2.jar;C:\Users\user\.m2\repository\org\fluentlenium\fluentlenium-core\0.10.2\fluentlenium-core-0.10.2.jar;C:\Users\user\.m2\repository\io\github\bonigarcia\webdrivermanager\5.3.0\webdrivermanager-5.3.0.jar;C:\Users\user\.m2\repository\com\github\docker-java\docker-java\3.2.13\docker-java-3.2.13.jar;C:\Users\user\.m2\repository\com\github\docker-java\docker-java-core\3.2.13\docker-java-core-3.2.13.jar;C:\Users\user\.m2\repository\com\github\docker-java\docker-java-api\3.2.13\docker-java-api-3.2.13.jar;C:\Users\user\.m2\repository\org\apache\commons\commons-compress\1.21\commons-compress-1.21.jar;C:\Users\user\.m2\repository\org\bouncycastle\bcpkix-jdk15on\1.64\bcpkix-jdk15on-1.64.jar;C:\Users\user\.m2\repository\org\bouncycastle\bcprov-jdk15on\1.64\bcprov-jdk15on-1.64.jar;C:\Users\user\.m2\repository\org\slf4j\jcl-over-slf4j\1.7.30\jcl-over-slf4j-1.7.30.jar;C:\Users\user\.m2\repository\com\github\docker-java\docker-java-transport-httpclient5\3.2.13\docker-java-transport-httpclient5-3.2.13.jar;C:\Users\user\.m2\repository\com\github\docker-java\docker-java-transport\3.2.13\docker-java-transport-3.2.13.jar;C:\Users\user\.m2\repository\net\java\dev\jna\jna\5.8.0\jna-5.8.0.jar;C:\Users\user\.m2\repository\org\brotli\dec\0.1.2\dec-0.1.2.jar;C:\Users\user\.m2\repository\org\apache\httpcomponents\client5\httpclient5\5.1.3\httpclient5-5.1.3.jar;C:\Users\user\.m2\repository\org\apache\httpcomponents\core5\httpcore5\5.1.3\httpcore5-5.1.3.jar;C:\Users\user\.m2\repository\org\apache\httpcomponents\core5\httpcore5-h2\5.1.3\httpcore5-h2-5.1.3.jar;C:\Users\user\.m2\repository\com\jhlabs\filters\2.0.235\filters-2.0.235.jar;C:\Users\user\.m2\repository\com\paulhammant\ngwebdriver\1.1.6\ngwebdriver-1.1.6.jar;C:\Users\user\.m2\repository\joda-time\joda-time\2.12.2\joda-time-2.12.2.jar;C:\Users\user\.m2\repository\org\hamcrest\hamcrest\2.2\hamcrest-2.2.jar;C:\Users\user\.m2\repository\com\google\jimfs\jimfs\1.2\jimfs-1.2.jar;C:\Users\user\.m2\repository\org\mockito\mockito-core\3.3.3\mockito-core-3.3.3.jar;C:\Users\user\.m2\repository\javax\xml\bind\jaxb-api\2.3.1\jaxb-api-2.3.1.jar;C:\Users\user\.m2\repository\javax\activation\javax.activation-api\1.2.0\javax.activation-api-1.2.0.jar;C:\Users\user\.m2\repository\com\sun\xml\bind\jaxb-core\2.3.0.1\jaxb-core-2.3.0.1.jar;C:\Users\user\.m2\repository\com\sun\xml\bind\jaxb-impl\2.3.3\jaxb-impl-2.3.3.jar;C:\Users\user\.m2\repository\jakarta\xml\bind\jakarta.xml.bind-api\2.3.3\jakarta.xml.bind-api-2.3.3.jar;C:\Users\user\.m2\repository\com\sun\activation\jakarta.activation\1.2.2\jakarta.activation-1.2.2.jar;C:\Users\user\.m2\repository\javax\activation\activation\1.1.1\activation-1.1.1.jar;C:\Users\user\.m2\repository\net\serenity-bdd\serenity-cucumber\3.6.21\serenity-cucumber-3.6.21.jar;C:\Users\user\.m2\repository\io\cucumber\cucumber-core\7.11.0\cucumber-core-7.11.0.jar;C:\Users\user\.m2\repository\io\cucumber\cucumber-gherkin\7.11.0\cucumber-gherkin-7.11.0.jar;C:\Users\user\.m2\repository\io\cucumber\cucumber-gherkin-messages\7.11.0\cucumber-gherkin-messages-7.11.0.jar;C:\Users\user\.m2\repository\io\cucumber\gherkin\26.0.3\gherkin-26.0.3.jar;C:\Users\user\.m2\repository\io\cucumber\messages\21.0.1\messages-21.0.1.jar;C:\Users\user\.m2\repository\io\cucumber\tag-expressions\5.0.1\tag-expressions-5.0.1.jar;C:\Users\user\.m2\repository\io\cucumber\cucumber-expressions\16.1.1\cucumber-expressions-16.1.1.jar;C:\Users\user\.m2\repository\io\cucumber\datatable\7.11.0\datatable-7.11.0.jar;C:\Users\user\.m2\repository\io\cucumber\cucumber-plugin\7.11.0\cucumber-plugin-7.11.0.jar;C:\Users\user\.m2\repository\io\cucumber\docstring\7.11.0\docstring-7.11.0.jar;C:\Users\user\.m2\repository\io\cucumber\html-formatter\20.2.1\html-formatter-20.2.1.jar;C:\Users\user\.m2\repository\io\cucumber\junit-xml-formatter\0.1.0\junit-xml-formatter-0.1.0.jar;C:\Users\user\.m2\repository\io\cucumber\ci-environment\9.1.0\ci-environment-9.1.0.jar;C:\Users\user\.m2\repository\io\cucumber\cucumber-java\7.11.0\cucumber-java-7.11.0.jar;C:\Users\user\.m2\repository\io\cucumber\cucumber-junit\7.11.0\cucumber-junit-7.11.0.jar;C:\Users\user\.m2\repository\org\apache\commons\commons-csv\1.5\commons-csv-1.5.jar;C:\Users\user\.m2\repository\net\serenity-bdd\serenity-screenplay\3.6.21\serenity-screenplay-3.6.21.jar;C:\Users\user\.m2\repository\net\serenity-bdd\serenity-screenplay-webdriver\3.6.21\serenity-screenplay-webdriver-3.6.21.jar;C:\Users\user\.m2\repository\net\serenity-bdd\serenity-ensure\3.6.21\serenity-ensure-3.6.21.jar;C:\Users\user\.m2\repository\net\serenity-bdd\serenity-junit\3.6.21\serenity-junit-3.6.21.jar;C:\Users\user\.m2\repository\org\jetbrains\kotlin\kotlin-stdlib\1.8.10\kotlin-stdlib-1.8.10.jar;C:\Users\user\.m2\repository\org\jetbrains\kotlin\kotlin-stdlib-common\1.8.10\kotlin-stdlib-common-1.8.10.jar;C:\Users\user\.m2\repository\org\jetbrains\annotations\13.0\annotations-13.0.jar;C:\Users\user\.m2\repository\org\junit\platform\junit-platform-launcher\1.8.2\junit-platform-launcher-1.8.2.jar;C:\Users\user\.m2\repository\org\junit\platform\junit-platform-engine\1.8.2\junit-platform-engine-1.8.2.jar;C:\Users\user\.m2\repository\org\opentest4j\opentest4j\1.2.0\opentest4j-1.2.0.jar;C:\Users\user\.m2\repository\org\junit\platform\junit-platform-commons\1.8.2\junit-platform-commons-1.8.2.jar;C:\Users\user\.m2\repository\org\apiguardian\apiguardian-api\1.1.2\apiguardian-api-1.1.2.jar;C:\Users\user\.m2\repository\org\junit\jupiter\junit-jupiter-engine\5.8.2\junit-jupiter-engine-5.8.2.jar;C:\Users\user\.m2\repository\org\junit\jupiter\junit-jupiter-api\5.8.2\junit-jupiter-api-5.8.2.jar;C:\Users\user\.m2\repository\org\junit\vintage\junit-vintage-engine\5.8.2\junit-vintage-engine-5.8.2.jar;C:\Users\user\.m2\repository\junit\junit\4.13.2\junit-4.13.2.jar;C:\Users\user\.m2\repository\org\hamcrest\hamcrest-core\1.3\hamcrest-core-1.3.jar;C:\Users\user\.m2\repository\ch\qos\logback\logback-classic\1.2.10\logback-classic-1.2.10.jar;C:\Users\user\.m2\repository\ch\qos\logback\logback-core\1.2.10\logback-core-1.2.10.jar;C:\Users\user\.m2\repository\org\slf4j\slf4j-api\1.7.32\slf4j-api-1.7.32.jar;C:\Users\user\.m2\repository\org\assertj\assertj-core\3.23.1\assertj-core-3.23.1.jar;C:\Users\user\.m2\repository\net\bytebuddy\byte-buddy\1.12.10\byte-buddy-1.12.10.jar;"/>
    <property name="java.vm.vendor" value="Oracle Corporation"/>
    <property name="sun.arch.data.model" value="64"/>
    <property name="user.variant" value=""/>
    <property name="java.vendor.url" value="http://java.oracle.com/"/>
    <property name="user.timezone" value="Asia/Bangkok"/>
    <property name="java.vm.specification.version" value="1.8"/>
    <property name="os.name" value="Windows 10"/>
    <property name="user.country" value="US"/>
    <property name="sun.java.launcher" value="SUN_STANDARD"/>
    <property name="sun.boot.library.path" value="C:\Program Files\Java\jdk1.8.0_301\jre\bin"/>
    <property name="sun.java.command" value="C:\Users\user\AppData\Local\Temp\surefire2581725749479286362\surefirebooter1540033530511699832.jar C:\Users\user\AppData\Local\Temp\surefire2581725749479286362 2023-05-08T18-01-42_725-jvmRun1 surefire6355631662310214186tmp surefire_04292650258001483300tmp"/>
    <property name="surefire.test.class.path" value="C:\Users\user\IdeaProjects\QE_Devi Agustin Utari_Mini_Project\Web_Automation_AltaShop\target\test-classes;C:\Users\user\IdeaProjects\QE_Devi Agustin Utari_Mini_Project\Web_Automation_AltaShop\target\Web_Automation-1.0-SNAPSHOT.jar;C:\Users\user\.m2\repository\net\serenity-bdd\serenity-core\3.6.21\serenity-core-3.6.21.jar;C:\Users\user\.m2\repository\net\serenity-bdd\serenity-model\3.6.21\serenity-model-3.6.21.jar;C:\Users\user\.m2\repository\org\apache\commons\commons-text\1.10.0\commons-text-1.10.0.jar;C:\Users\user\.m2\repository\commons-net\commons-net\3.9.0\commons-net-3.9.0.jar;C:\Users\user\.m2\repository\com\google\guava\guava\31.1-jre\guava-31.1-jre.jar;C:\Users\user\.m2\repository\com\google\guava\failureaccess\1.0.1\failureaccess-1.0.1.jar;C:\Users\user\.m2\repository\com\google\guava\listenablefuture\9999.0-empty-to-avoid-conflict-with-guava\listenablefuture-9999.0-empty-to-avoid-conflict-with-guava.jar;C:\Users\user\.m2\repository\com\google\code\findbugs\jsr305\3.0.2\jsr305-3.0.2.jar;C:\Users\user\.m2\repository\org\checkerframework\checker-qual\3.12.0\checker-qual-3.12.0.jar;C:\Users\user\.m2\repository\com\google\errorprone\error_prone_annotations\2.11.0\error_prone_annotations-2.11.0.jar;C:\Users\user\.m2\repository\com\google\j2objc\j2objc-annotations\1.3\j2objc-annotations-1.3.jar;C:\Users\user\.m2\repository\com\google\inject\guice\5.1.0\guice-5.1.0.jar;C:\Users\user\.m2\repository\javax\inject\javax.inject\1\javax.inject-1.jar;C:\Users\user\.m2\repository\aopalliance\aopalliance\1.0\aopalliance-1.0.jar;C:\Users\user\.m2\repository\org\jsoup\jsoup\1.14.3\jsoup-1.14.3.jar;C:\Users\user\.m2\repository\com\thoughtworks\xstream\xstream\1.4.20\xstream-1.4.20.jar;C:\Users\user\.m2\repository\io\github\x-stream\mxparser\1.2.2\mxparser-1.2.2.jar;C:\Users\user\.m2\repository\xmlpull\xmlpull\1.1.3.1\xmlpull-1.1.3.1.jar;C:\Users\user\.m2\repository\com\typesafe\config\1.4.2\config-1.4.2.jar;C:\Users\user\.m2\repository\org\imgscalr\imgscalr-lib\4.2\imgscalr-lib-4.2.jar;C:\Users\user\.m2\repository\org\awaitility\awaitility\4.2.0\awaitility-4.2.0.jar;C:\Users\user\.m2\repository\org\freemarker\freemarker\2.3.31\freemarker-2.3.31.jar;C:\Users\user\.m2\repository\io\github\classgraph\classgraph\4.8.138\classgraph-4.8.138.jar;C:\Users\user\.m2\repository\net\sourceforge\jexcelapi\jxl\2.6.12\jxl-2.6.12.jar;C:\Users\user\.m2\repository\net\bytebuddy\byte-buddy-agent\1.14.2\byte-buddy-agent-1.14.2.jar;C:\Users\user\.m2\repository\org\objenesis\objenesis\3.3\objenesis-3.3.jar;C:\Users\user\.m2\repository\net\serenity-bdd\serenity-reports\3.6.21\serenity-reports-3.6.21.jar;C:\Users\user\.m2\repository\net\serenity-bdd\serenity-stats\3.6.21\serenity-stats-3.6.21.jar;C:\Users\user\.m2\repository\net\serenity-bdd\serenity-reports-configuration\3.6.21\serenity-reports-configuration-3.6.21.jar;C:\Users\user\.m2\repository\com\vladsch\flexmark\flexmark-all\0.62.2\flexmark-all-0.62.2.jar;C:\Users\user\.m2\repository\com\vladsch\flexmark\flexmark\0.62.2\flexmark-0.62.2.jar;C:\Users\user\.m2\repository\com\vladsch\flexmark\flexmark-ext-abbreviation\0.62.2\flexmark-ext-abbreviation-0.62.2.jar;C:\Users\user\.m2\repository\com\vladsch\flexmark\flexmark-util\0.62.2\flexmark-util-0.62.2.jar;C:\Users\user\.m2\repository\com\vladsch\flexmark\flexmark-ext-admonition\0.62.2\flexmark-ext-admonition-0.62.2.jar;C:\Users\user\.m2\repository\com\vladsch\flexmark\flexmark-ext-anchorlink\0.62.2\flexmark-ext-anchorlink-0.62.2.jar;C:\Users\user\.m2\repository\com\vladsch\flexmark\flexmark-ext-aside\0.62.2\flexmark-ext-aside-0.62.2.jar;C:\Users\user\.m2\repository\com\vladsch\flexmark\flexmark-ext-attributes\0.62.2\flexmark-ext-attributes-0.62.2.jar;C:\Users\user\.m2\repository\com\vladsch\flexmark\flexmark-ext-autolink\0.62.2\flexmark-ext-autolink-0.62.2.jar;C:\Users\user\.m2\repository\org\nibor\autolink\autolink\0.6.0\autolink-0.6.0.jar;C:\Users\user\.m2\repository\com\vladsch\flexmark\flexmark-ext-definition\0.62.2\flexmark-ext-definition-0.62.2.jar;C:\Users\user\.m2\repository\com\vladsch\flexmark\flexmark-ext-emoji\0.62.2\flexmark-ext-emoji-0.62.2.jar;C:\Users\user\.m2\repository\com\vladsch\flexmark\flexmark-ext-enumerated-reference\0.62.2\flexmark-ext-enumerated-reference-0.62.2.jar;C:\Users\user\.m2\repository\com\vladsch\flexmark\flexmark-ext-escaped-character\0.62.2\flexmark-ext-escaped-character-0.62.2.jar;C:\Users\user\.m2\repository\com\vladsch\flexmark\flexmark-ext-footnotes\0.62.2\flexmark-ext-footnotes-0.62.2.jar;C:\Users\user\.m2\repository\com\vladsch\flexmark\flexmark-ext-gfm-issues\0.62.2\flexmark-ext-gfm-issues-0.62.2.jar;C:\Users\user\.m2\repository\com\vladsch\flexmark\flexmark-ext-gfm-strikethrough\0.62.2\flexmark-ext-gfm-strikethrough-0.62.2.jar;C:\Users\user\.m2\repository\com\vladsch\flexmark\flexmark-ext-gfm-tasklist\0.62.2\flexmark-ext-gfm-tasklist-0.62.2.jar;C:\Users\user\.m2\repository\com\vladsch\flexmark\flexmark-ext-gfm-users\0.62.2\flexmark-ext-gfm-users-0.62.2.jar;C:\Users\user\.m2\repository\com\vladsch\flexmark\flexmark-ext-gitlab\0.62.2\flexmark-ext-gitlab-0.62.2.jar;C:\Users\user\.m2\repository\com\vladsch\flexmark\flexmark-ext-jekyll-front-matter\0.62.2\flexmark-ext-jekyll-front-matter-0.62.2.jar;C:\Users\user\.m2\repository\com\vladsch\flexmark\flexmark-ext-jekyll-tag\0.62.2\flexmark-ext-jekyll-tag-0.62.2.jar;C:\Users\user\.m2\repository\com\vladsch\flexmark\flexmark-ext-media-tags\0.62.2\flexmark-ext-media-tags-0.62.2.jar;C:\Users\user\.m2\repository\com\vladsch\flexmark\flexmark-ext-macros\0.62.2\flexmark-ext-macros-0.62.2.jar;C:\Users\user\.m2\repository\com\vladsch\flexmark\flexmark-ext-ins\0.62.2\flexmark-ext-ins-0.62.2.jar;C:\Users\user\.m2\repository\com\vladsch\flexmark\flexmark-ext-xwiki-macros\0.62.2\flexmark-ext-xwiki-macros-0.62.2.jar;C:\Users\user\.m2\repository\com\vladsch\flexmark\flexmark-ext-superscript\0.62.2\flexmark-ext-superscript-0.62.2.jar;C:\Users\user\.m2\repository\com\vladsch\flexmark\flexmark-ext-tables\0.62.2\flexmark-ext-tables-0.62.2.jar;C:\Users\user\.m2\repository\com\vladsch\flexmark\flexmark-ext-toc\0.62.2\flexmark-ext-toc-0.62.2.jar;C:\Users\user\.m2\repository\com\vladsch\flexmark\flexmark-ext-typographic\0.62.2\flexmark-ext-typographic-0.62.2.jar;C:\Users\user\.m2\repository\com\vladsch\flexmark\flexmark-ext-wikilink\0.62.2\flexmark-ext-wikilink-0.62.2.jar;C:\Users\user\.m2\repository\com\vladsch\flexmark\flexmark-ext-yaml-front-matter\0.62.2\flexmark-ext-yaml-front-matter-0.62.2.jar;C:\Users\user\.m2\repository\com\vladsch\flexmark\flexmark-ext-youtube-embedded\0.62.2\flexmark-ext-youtube-embedded-0.62.2.jar;C:\Users\user\.m2\repository\com\vladsch\flexmark\flexmark-html2md-converter\0.62.2\flexmark-html2md-converter-0.62.2.jar;C:\Users\user\.m2\repository\com\vladsch\flexmark\flexmark-jira-converter\0.62.2\flexmark-jira-converter-0.62.2.jar;C:\Users\user\.m2\repository\com\vladsch\flexmark\flexmark-pdf-converter\0.62.2\flexmark-pdf-converter-0.62.2.jar;C:\Users\user\.m2\repository\com\openhtmltopdf\openhtmltopdf-core\1.0.0\openhtmltopdf-core-1.0.0.jar;C:\Users\user\.m2\repository\com\openhtmltopdf\openhtmltopdf-pdfbox\1.0.0\openhtmltopdf-pdfbox-1.0.0.jar;C:\Users\user\.m2\repository\org\apache\pdfbox\pdfbox\2.0.16\pdfbox-2.0.16.jar;C:\Users\user\.m2\repository\org\apache\pdfbox\fontbox\2.0.16\fontbox-2.0.16.jar;C:\Users\user\.m2\repository\org\apache\pdfbox\xmpbox\2.0.16\xmpbox-2.0.16.jar;C:\Users\user\.m2\repository\de\rototor\pdfbox\graphics2d\0.24\graphics2d-0.24.jar;C:\Users\user\.m2\repository\com\openhtmltopdf\openhtmltopdf-rtl-support\1.0.0\openhtmltopdf-rtl-support-1.0.0.jar;C:\Users\user\.m2\repository\com\openhtmltopdf\openhtmltopdf-jsoup-dom-converter\1.0.0\openhtmltopdf-jsoup-dom-converter-1.0.0.jar;C:\Users\user\.m2\repository\com\vladsch\flexmark\flexmark-profile-pegdown\0.62.2\flexmark-profile-pegdown-0.62.2.jar;C:\Users\user\.m2\repository\com\vladsch\flexmark\flexmark-util-ast\0.62.2\flexmark-util-ast-0.62.2.jar;C:\Users\user\.m2\repository\com\vladsch\flexmark\flexmark-util-builder\0.62.2\flexmark-util-builder-0.62.2.jar;C:\Users\user\.m2\repository\com\vladsch\flexmark\flexmark-util-collection\0.62.2\flexmark-util-collection-0.62.2.jar;C:\Users\user\.m2\repository\com\vladsch\flexmark\flexmark-util-data\0.62.2\flexmark-util-data-0.62.2.jar;C:\Users\user\.m2\repository\com\vladsch\flexmark\flexmark-util-dependency\0.62.2\flexmark-util-dependency-0.62.2.jar;C:\Users\user\.m2\repository\com\vladsch\flexmark\flexmark-util-format\0.62.2\flexmark-util-format-0.62.2.jar;C:\Users\user\.m2\repository\com\vladsch\flexmark\flexmark-util-html\0.62.2\flexmark-util-html-0.62.2.jar;C:\Users\user\.m2\repository\com\vladsch\flexmark\flexmark-util-misc\0.62.2\flexmark-util-misc-0.62.2.jar;C:\Users\user\.m2\repository\com\vladsch\flexmark\flexmark-util-options\0.62.2\flexmark-util-options-0.62.2.jar;C:\Users\user\.m2\repository\com\vladsch\flexmark\flexmark-util-sequence\0.62.2\flexmark-util-sequence-0.62.2.jar;C:\Users\user\.m2\repository\com\vladsch\flexmark\flexmark-util-visitor\0.62.2\flexmark-util-visitor-0.62.2.jar;C:\Users\user\.m2\repository\com\vladsch\flexmark\flexmark-youtrack-converter\0.62.2\flexmark-youtrack-converter-0.62.2.jar;C:\Users\user\.m2\repository\com\ibm\icu\icu4j\72.1\icu4j-72.1.jar;C:\Users\user\.m2\repository\es\nitaur\markdown\txtmark\0.16\txtmark-0.16.jar;C:\Users\user\.m2\repository\net\serenity-bdd\serenity-report-resources\3.6.21\serenity-report-resources-3.6.21.jar;C:\Users\user\.m2\repository\com\google\code\gson\gson\2.10.1\gson-2.10.1.jar;C:\Users\user\.m2\repository\com\fasterxml\jackson\core\jackson-core\2.15.0-rc1\jackson-core-2.15.0-rc1.jar;C:\Users\user\.m2\repository\com\fasterxml\jackson\core\jackson-databind\2.15.0-rc1\jackson-databind-2.15.0-rc1.jar;C:\Users\user\.m2\repository\com\fasterxml\jackson\core\jackson-annotations\2.15.0-rc1\jackson-annotations-2.15.0-rc1.jar;C:\Users\user\.m2\repository\commons-codec\commons-codec\1.15\commons-codec-1.15.jar;C:\Users\user\.m2\repository\commons-io\commons-io\2.11.0\commons-io-2.11.0.jar;C:\Users\user\.m2\repository\org\apache\httpcomponents\httpclient\4.5.13\httpclient-4.5.13.jar;C:\Users\user\.m2\repository\org\apache\httpcomponents\httpcore\4.4.13\httpcore-4.4.13.jar;C:\Users\user\.m2\repository\commons-logging\commons-logging\1.2\commons-logging-1.2.jar;C:\Users\user\.m2\repository\org\seleniumhq\selenium\selenium-java\4.8.1\selenium-java-4.8.1.jar;C:\Users\user\.m2\repository\org\seleniumhq\selenium\selenium-devtools-v108\4.8.1\selenium-devtools-v108-4.8.1.jar;C:\Users\user\.m2\repository\org\seleniumhq\selenium\selenium-devtools-v109\4.8.1\selenium-devtools-v109-4.8.1.jar;C:\Users\user\.m2\repository\org\seleniumhq\selenium\selenium-devtools-v110\4.8.1\selenium-devtools-v110-4.8.1.jar;C:\Users\user\.m2\repository\org\seleniumhq\selenium\selenium-devtools-v85\4.8.1\selenium-devtools-v85-4.8.1.jar;C:\Users\user\.m2\repository\org\seleniumhq\selenium\selenium-remote-driver\4.8.1\selenium-remote-driver-4.8.1.jar;C:\Users\user\.m2\repository\com\beust\jcommander\1.82\jcommander-1.82.jar;C:\Users\user\.m2\repository\io\netty\netty-buffer\4.1.87.Final\netty-buffer-4.1.87.Final.jar;C:\Users\user\.m2\repository\io\netty\netty-codec-http\4.1.87.Final\netty-codec-http-4.1.87.Final.jar;C:\Users\user\.m2\repository\io\netty\netty-codec\4.1.87.Final\netty-codec-4.1.87.Final.jar;C:\Users\user\.m2\repository\io\netty\netty-handler\4.1.87.Final\netty-handler-4.1.87.Final.jar;C:\Users\user\.m2\repository\io\netty\netty-common\4.1.87.Final\netty-common-4.1.87.Final.jar;C:\Users\user\.m2\repository\io\netty\netty-transport-classes-epoll\4.1.87.Final\netty-transport-classes-epoll-4.1.87.Final.jar;C:\Users\user\.m2\repository\io\netty\netty-transport-classes-kqueue\4.1.87.Final\netty-transport-classes-kqueue-4.1.87.Final.jar;C:\Users\user\.m2\repository\io\netty\netty-transport-native-epoll\4.1.87.Final\netty-transport-native-epoll-4.1.87.Final.jar;C:\Users\user\.m2\repository\io\netty\netty-transport-native-kqueue\4.1.87.Final\netty-transport-native-kqueue-4.1.87.Final.jar;C:\Users\user\.m2\repository\io\netty\netty-transport-native-unix-common\4.1.87.Final\netty-transport-native-unix-common-4.1.87.Final.jar;C:\Users\user\.m2\repository\io\netty\netty-transport\4.1.87.Final\netty-transport-4.1.87.Final.jar;C:\Users\user\.m2\repository\io\netty\netty-resolver\4.1.87.Final\netty-resolver-4.1.87.Final.jar;C:\Users\user\.m2\repository\io\opentelemetry\opentelemetry-api\1.22.0\opentelemetry-api-1.22.0.jar;C:\Users\user\.m2\repository\io\opentelemetry\opentelemetry-context\1.22.0\opentelemetry-context-1.22.0.jar;C:\Users\user\.m2\repository\io\opentelemetry\opentelemetry-exporter-logging\1.22.0\opentelemetry-exporter-logging-1.22.0.jar;C:\Users\user\.m2\repository\io\opentelemetry\opentelemetry-sdk-metrics\1.22.0\opentelemetry-sdk-metrics-1.22.0.jar;C:\Users\user\.m2\repository\io\opentelemetry\opentelemetry-sdk-logs\1.22.0-alpha\opentelemetry-sdk-logs-1.22.0-alpha.jar;C:\Users\user\.m2\repository\io\opentelemetry\opentelemetry-api-logs\1.22.0-alpha\opentelemetry-api-logs-1.22.0-alpha.jar;C:\Users\user\.m2\repository\io\opentelemetry\opentelemetry-sdk-common\1.22.0\opentelemetry-sdk-common-1.22.0.jar;C:\Users\user\.m2\repository\io\opentelemetry\opentelemetry-sdk-extension-autoconfigure-spi\1.22.0\opentelemetry-sdk-extension-autoconfigure-spi-1.22.0.jar;C:\Users\user\.m2\repository\io\opentelemetry\opentelemetry-sdk-extension-autoconfigure\1.22.0-alpha\opentelemetry-sdk-extension-autoconfigure-1.22.0-alpha.jar;C:\Users\user\.m2\repository\io\opentelemetry\opentelemetry-sdk-trace\1.22.0\opentelemetry-sdk-trace-1.22.0.jar;C:\Users\user\.m2\repository\io\opentelemetry\opentelemetry-sdk\1.22.0\opentelemetry-sdk-1.22.0.jar;C:\Users\user\.m2\repository\io\opentelemetry\opentelemetry-semconv\1.22.0-alpha\opentelemetry-semconv-1.22.0-alpha.jar;C:\Users\user\.m2\repository\io\ous\jtoml\2.0.0\jtoml-2.0.0.jar;C:\Users\user\.m2\repository\org\apache\commons\commons-exec\1.3\commons-exec-1.3.jar;C:\Users\user\.m2\repository\org\asynchttpclient\async-http-client\2.12.3\async-http-client-2.12.3.jar;C:\Users\user\.m2\repository\org\asynchttpclient\async-http-client-netty-utils\2.12.3\async-http-client-netty-utils-2.12.3.jar;C:\Users\user\.m2\repository\io\netty\netty-codec-socks\4.1.60.Final\netty-codec-socks-4.1.60.Final.jar;C:\Users\user\.m2\repository\io\netty\netty-handler-proxy\4.1.60.Final\netty-handler-proxy-4.1.60.Final.jar;C:\Users\user\.m2\repository\io\netty\netty-transport-native-epoll\4.1.60.Final\netty-transport-native-epoll-4.1.60.Final-linux-x86_64.jar;C:\Users\user\.m2\repository\io\netty\netty-transport-native-kqueue\4.1.60.Final\netty-transport-native-kqueue-4.1.60.Final-osx-x86_64.jar;C:\Users\user\.m2\repository\org\reactivestreams\reactive-streams\1.0.3\reactive-streams-1.0.3.jar;C:\Users\user\.m2\repository\com\typesafe\netty\netty-reactive-streams\2.0.4\netty-reactive-streams-2.0.4.jar;C:\Users\user\.m2\repository\org\seleniumhq\selenium\selenium-manager\4.8.1\selenium-manager-4.8.1.jar;C:\Users\user\.m2\repository\org\seleniumhq\selenium\selenium-safari-driver\4.8.1\selenium-safari-driver-4.8.1.jar;C:\Users\user\.m2\repository\org\seleniumhq\selenium\selenium-api\4.8.1\selenium-api-4.8.1.jar;C:\Users\user\.m2\repository\org\seleniumhq\selenium\selenium-support\4.8.1\selenium-support-4.8.1.jar;C:\Users\user\.m2\repository\com\google\auto\service\auto-service-annotations\1.0.1\auto-service-annotations-1.0.1.jar;C:\Users\user\.m2\repository\com\google\auto\service\auto-service\1.0.1\auto-service-1.0.1.jar;C:\Users\user\.m2\repository\com\google\auto\auto-common\1.2\auto-common-1.2.jar;C:\Users\user\.m2\repository\org\seleniumhq\selenium\selenium-json\4.8.1\selenium-json-4.8.1.jar;C:\Users\user\.m2\repository\org\seleniumhq\selenium\selenium-chrome-driver\4.8.1\selenium-chrome-driver-4.8.1.jar;C:\Users\user\.m2\repository\org\seleniumhq\selenium\selenium-chromium-driver\4.8.1\selenium-chromium-driver-4.8.1.jar;C:\Users\user\.m2\repository\org\seleniumhq\selenium\selenium-firefox-driver\4.8.1\selenium-firefox-driver-4.8.1.jar;C:\Users\user\.m2\repository\org\seleniumhq\selenium\selenium-http\4.8.1\selenium-http-4.8.1.jar;C:\Users\user\.m2\repository\dev\failsafe\failsafe\3.3.0\failsafe-3.3.0.jar;C:\Users\user\.m2\repository\org\seleniumhq\selenium\selenium-edge-driver\4.8.1\selenium-edge-driver-4.8.1.jar;C:\Users\user\.m2\repository\org\seleniumhq\selenium\selenium-ie-driver\4.8.1\selenium-ie-driver-4.8.1.jar;C:\Users\user\.m2\repository\org\projectlombok\lombok\1.18.20\lombok-1.18.20.jar;C:\Users\user\.m2\repository\io\appium\java-client\8.3.0\java-client-8.3.0.jar;C:\Users\user\.m2\repository\commons-validator\commons-validator\1.7\commons-validator-1.7.jar;C:\Users\user\.m2\repository\commons-digester\commons-digester\2.1\commons-digester-2.1.jar;C:\Users\user\.m2\repository\org\apache\groovy\groovy\4.0.10\groovy-4.0.10.jar;C:\Users\user\.m2\repository\net\sf\opencsv\opencsv\2.0\opencsv-2.0.jar;C:\Users\user\.m2\repository\commons-beanutils\commons-beanutils\1.9.4\commons-beanutils-1.9.4.jar;C:\Users\user\.m2\repository\org\apache\commons\commons-lang3\3.12.0\commons-lang3-3.12.0.jar;C:\Users\user\.m2\repository\commons-collections\commons-collections\3.2.2\commons-collections-3.2.2.jar;C:\Users\user\.m2\repository\org\fluentlenium\fluentlenium-core\0.10.2\fluentlenium-core-0.10.2.jar;C:\Users\user\.m2\repository\io\github\bonigarcia\webdrivermanager\5.3.0\webdrivermanager-5.3.0.jar;C:\Users\user\.m2\repository\com\github\docker-java\docker-java\3.2.13\docker-java-3.2.13.jar;C:\Users\user\.m2\repository\com\github\docker-java\docker-java-core\3.2.13\docker-java-core-3.2.13.jar;C:\Users\user\.m2\repository\com\github\docker-java\docker-java-api\3.2.13\docker-java-api-3.2.13.jar;C:\Users\user\.m2\repository\org\apache\commons\commons-compress\1.21\commons-compress-1.21.jar;C:\Users\user\.m2\repository\org\bouncycastle\bcpkix-jdk15on\1.64\bcpkix-jdk15on-1.64.jar;C:\Users\user\.m2\repository\org\bouncycastle\bcprov-jdk15on\1.64\bcprov-jdk15on-1.64.jar;C:\Users\user\.m2\repository\org\slf4j\jcl-over-slf4j\1.7.30\jcl-over-slf4j-1.7.30.jar;C:\Users\user\.m2\repository\com\github\docker-java\docker-java-transport-httpclient5\3.2.13\docker-java-transport-httpclient5-3.2.13.jar;C:\Users\user\.m2\repository\com\github\docker-java\docker-java-transport\3.2.13\docker-java-transport-3.2.13.jar;C:\Users\user\.m2\repository\net\java\dev\jna\jna\5.8.0\jna-5.8.0.jar;C:\Users\user\.m2\repository\org\brotli\dec\0.1.2\dec-0.1.2.jar;C:\Users\user\.m2\repository\org\apache\httpcomponents\client5\httpclient5\5.1.3\httpclient5-5.1.3.jar;C:\Users\user\.m2\repository\org\apache\httpcomponents\core5\httpcore5\5.1.3\httpcore5-5.1.3.jar;C:\Users\user\.m2\repository\org\apache\httpcomponents\core5\httpcore5-h2\5.1.3\httpcore5-h2-5.1.3.jar;C:\Users\user\.m2\repository\com\jhlabs\filters\2.0.235\filters-2.0.235.jar;C:\Users\user\.m2\repository\com\paulhammant\ngwebdriver\1.1.6\ngwebdriver-1.1.6.jar;C:\Users\user\.m2\repository\joda-time\joda-time\2.12.2\joda-time-2.12.2.jar;C:\Users\user\.m2\repository\org\hamcrest\hamcrest\2.2\hamcrest-2.2.jar;C:\Users\user\.m2\repository\com\google\jimfs\jimfs\1.2\jimfs-1.2.jar;C:\Users\user\.m2\repository\org\mockito\mockito-core\3.3.3\mockito-core-3.3.3.jar;C:\Users\user\.m2\repository\javax\xml\bind\jaxb-api\2.3.1\jaxb-api-2.3.1.jar;C:\Users\user\.m2\repository\javax\activation\javax.activation-api\1.2.0\javax.activation-api-1.2.0.jar;C:\Users\user\.m2\repository\com\sun\xml\bind\jaxb-core\2.3.0.1\jaxb-core-2.3.0.1.jar;C:\Users\user\.m2\repository\com\sun\xml\bind\jaxb-impl\2.3.3\jaxb-impl-2.3.3.jar;C:\Users\user\.m2\repository\jakarta\xml\bind\jakarta.xml.bind-api\2.3.3\jakarta.xml.bind-api-2.3.3.jar;C:\Users\user\.m2\repository\com\sun\activation\jakarta.activation\1.2.2\jakarta.activation-1.2.2.jar;C:\Users\user\.m2\repository\javax\activation\activation\1.1.1\activation-1.1.1.jar;C:\Users\user\.m2\repository\net\serenity-bdd\serenity-cucumber\3.6.21\serenity-cucumber-3.6.21.jar;C:\Users\user\.m2\repository\io\cucumber\cucumber-core\7.11.0\cucumber-core-7.11.0.jar;C:\Users\user\.m2\repository\io\cucumber\cucumber-gherkin\7.11.0\cucumber-gherkin-7.11.0.jar;C:\Users\user\.m2\repository\io\cucumber\cucumber-gherkin-messages\7.11.0\cucumber-gherkin-messages-7.11.0.jar;C:\Users\user\.m2\repository\io\cucumber\gherkin\26.0.3\gherkin-26.0.3.jar;C:\Users\user\.m2\repository\io\cucumber\messages\21.0.1\messages-21.0.1.jar;C:\Users\user\.m2\repository\io\cucumber\tag-expressions\5.0.1\tag-expressions-5.0.1.jar;C:\Users\user\.m2\repository\io\cucumber\cucumber-expressions\16.1.1\cucumber-expressions-16.1.1.jar;C:\Users\user\.m2\repository\io\cucumber\datatable\7.11.0\datatable-7.11.0.jar;C:\Users\user\.m2\repository\io\cucumber\cucumber-plugin\7.11.0\cucumber-plugin-7.11.0.jar;C:\Users\user\.m2\repository\io\cucumber\docstring\7.11.0\docstring-7.11.0.jar;C:\Users\user\.m2\repository\io\cucumber\html-formatter\20.2.1\html-formatter-20.2.1.jar;C:\Users\user\.m2\repository\io\cucumber\junit-xml-formatter\0.1.0\junit-xml-formatter-0.1.0.jar;C:\Users\user\.m2\repository\io\cucumber\ci-environment\9.1.0\ci-environment-9.1.0.jar;C:\Users\user\.m2\repository\io\cucumber\cucumber-java\7.11.0\cucumber-java-7.11.0.jar;C:\Users\user\.m2\repository\io\cucumber\cucumber-junit\7.11.0\cucumber-junit-7.11.0.jar;C:\Users\user\.m2\repository\org\apache\commons\commons-csv\1.5\commons-csv-1.5.jar;C:\Users\user\.m2\repository\net\serenity-bdd\serenity-screenplay\3.6.21\serenity-screenplay-3.6.21.jar;C:\Users\user\.m2\repository\net\serenity-bdd\serenity-screenplay-webdriver\3.6.21\serenity-screenplay-webdriver-3.6.21.jar;C:\Users\user\.m2\repository\net\serenity-bdd\serenity-ensure\3.6.21\serenity-ensure-3.6.21.jar;C:\Users\user\.m2\repository\net\serenity-bdd\serenity-junit\3.6.21\serenity-junit-3.6.21.jar;C:\Users\user\.m2\repository\org\jetbrains\kotlin\kotlin-stdlib\1.8.10\kotlin-stdlib-1.8.10.jar;C:\Users\user\.m2\repository\org\jetbrains\kotlin\kotlin-stdlib-common\1.8.10\kotlin-stdlib-common-1.8.10.jar;C:\Users\user\.m2\repository\org\jetbrains\annotations\13.0\annotations-13.0.jar;C:\Users\user\.m2\repository\org\junit\platform\junit-platform-launcher\1.8.2\junit-platform-launcher-1.8.2.jar;C:\Users\user\.m2\repository\org\junit\platform\junit-platform-engine\1.8.2\junit-platform-engine-1.8.2.jar;C:\Users\user\.m2\repository\org\opentest4j\opentest4j\1.2.0\opentest4j-1.2.0.jar;C:\Users\user\.m2\repository\org\junit\platform\junit-platform-commons\1.8.2\junit-platform-commons-1.8.2.jar;C:\Users\user\.m2\repository\org\apiguardian\apiguardian-api\1.1.2\apiguardian-api-1.1.2.jar;C:\Users\user\.m2\repository\org\junit\jupiter\junit-jupiter-engine\5.8.2\junit-jupiter-engine-5.8.2.jar;C:\Users\user\.m2\repository\org\junit\jupiter\junit-jupiter-api\5.8.2\junit-jupiter-api-5.8.2.jar;C:\Users\user\.m2\repository\org\junit\vintage\junit-vintage-engine\5.8.2\junit-vintage-engine-5.8.2.jar;C:\Users\user\.m2\repository\junit\junit\4.13.2\junit-4.13.2.jar;C:\Users\user\.m2\repository\org\hamcrest\hamcrest-core\1.3\hamcrest-core-1.3.jar;C:\Users\user\.m2\repository\ch\qos\logback\logback-classic\1.2.10\logback-classic-1.2.10.jar;C:\Users\user\.m2\repository\ch\qos\logback\logback-core\1.2.10\logback-core-1.2.10.jar;C:\Users\user\.m2\repository\org\slf4j\slf4j-api\1.7.32\slf4j-api-1.7.32.jar;C:\Users\user\.m2\repository\org\assertj\assertj-core\3.23.1\assertj-core-3.23.1.jar;C:\Users\user\.m2\repository\net\bytebuddy\byte-buddy\1.12.10\byte-buddy-1.12.10.jar;"/>
    <property name="sun.cpu.endian" value="little"/>
    <property name="user.home" value="C:\Users\user"/>
    <property name="user.language" value="en"/>
    <property name="java.specification.vendor" value="Oracle Corporation"/>
    <property name="java.home" value="C:\Program Files\Java\jdk1.8.0_301\jre"/>
    <property name="basedir" value="C:\Users\user\IdeaProjects\QE_Devi Agustin Utari_Mini_Project\Web_Automation_AltaShop"/>
    <property name="file.separator" value="\"/>
    <property name="line.separator" value="&#10;"/>
    <property name="java.vm.specification.vendor" value="Oracle Corporation"/>
    <property name="java.specification.name" value="Java Platform API Specification"/>
    <property name="java.awt.graphicsenv" value="sun.awt.Win32GraphicsEnvironment"/>
    <property name="surefire.real.class.path" value="C:\Users\user\AppData\Local\Temp\surefire2581725749479286362\surefirebooter1540033530511699832.jar"/>
    <property name="sun.boot.class.path" value="C:\Program Files\Java\jdk1.8.0_301\jre\lib\resources.jar;C:\Program Files\Java\jdk1.8.0_301\jre\lib\rt.jar;C:\Program Files\Java\jdk1.8.0_301\jre\lib\sunrsasign.jar;C:\Program Files\Java\jdk1.8.0_301\jre\lib\jsse.jar;C:\Program Files\Java\jdk1.8.0_301\jre\lib\jce.jar;C:\Program Files\Java\jdk1.8.0_301\jre\lib\charsets.jar;C:\Program Files\Java\jdk1.8.0_301\jre\lib\jfr.jar;C:\Program Files\Java\jdk1.8.0_301\jre\classes"/>
    <property name="user.script" value=""/>
    <property name="java.protocol.handler.pkgs" value="com.google.common"/>
    <property name="sun.management.compiler" value="HotSpot 64-Bit Tiered Compilers"/>
    <property name="java.runtime.version" value="1.8.0_301-b09"/>
    <property name="user.name" value="user"/>
    <property name="path.separator" value=";"/>
    <property name="os.version" value="10.0"/>
    <property name="java.endorsed.dirs" value="C:\Program Files\Java\jdk1.8.0_301\jre\lib\endorsed"/>
    <property name="java.runtime.name" value="Java(TM) SE Runtime Environment"/>
    <property name="file.encoding" value="Cp1252"/>
    <property name="webdriver.base.url" value=""/>
    <property name="java.vm.name" value="Java HotSpot(TM) 64-Bit Server VM"/>
    <property name="localRepository" value="C:\Users\user\.m2\repository"/>
    <property name="java.vendor.url.bug" value="http://bugreport.sun.com/bugreport/"/>
    <property name="java.io.tmpdir" value="C:\Users\user\AppData\Local\Temp\"/>
    <property name="java.version" value="1.8.0_301"/>
    <property name="user.dir" value="C:\Users\user\IdeaProjects\QE_Devi Agustin Utari_Mini_Project\Web_Automation_AltaShop"/>
    <property name="os.arch" value="amd64"/>
    <property name="java.vm.specification.name" value="Java Virtual Machine Specification"/>
    <property name="java.awt.printerjob" value="sun.awt.windows.WPrinterJob"/>
    <property name="sun.os.patch.level" value=""/>
    <property name="java.library.path" value="C:\Program Files\Java\jdk1.8.0_301\jre\bin;C:\WINDOWS\Sun\Java\bin;C:\WINDOWS\system32;C:\WINDOWS;C:\Program Files (x86)\Common Files\Oracle\Java\javapath;C:\WINDOWS\system32;C:\WINDOWS;C:\WINDOWS\System32\Wbem;C:\WINDOWS\System32\WindowsPowerShell\v1.0\;C:\WINDOWS\System32\OpenSSH\;C:\Program Files\Git\cmd;C:\Program Files\nodejs\;C:\ProgramData\chocolatey\bin;C:\Program Files\Java\jdk1.8.0_301\bin;C:\Program Files\apache-maven-3.9.1\bin;C:\Users\user\AppData\Local\Android\Sdk;C:\Users\user\AppData\Local\Android\Sdk\platform-tools;C:\Users\user\AppData\Local\Microsoft\WindowsApps;;C:\Users\user\AppData\Local\Programs\Microsoft VS Code\bin;C:\Users\user\AppData\Roaming\npm;."/>
    <property name="java.vm.info" value="mixed mode"/>
    <property name="java.vendor" value="Oracle Corporation"/>
    <property name="java.vm.version" value="25.301-b09"/>
    <property name="java.ext.dirs" value="C:\Program Files\Java\jdk1.8.0_301\jre\lib\ext;C:\WINDOWS\Sun\Java\lib\ext"/>
    <property name="sun.io.unicode.encoding" value="UnicodeLittle"/>
    <property name="java.class.version" value="52.0"/>
  </properties>
  <testcase name="As a user, I want to add more product to the cart" classname="Cart - As a user I want to pay for the product So that I have to check the cart to pay" time="18.318">
    <system-out><![CDATA[18:01:46.167 [main] DEBUG net.thucydides.core.guice.Injectors - Created injector for module net.thucydides.core.guice.ThucydidesModule
18:01:46.544 [main] DEBUG io.cucumber.core.plugin.SerenityReporter - Running feature from file:///C:/Users/user/IdeaProjects/QE_Devi%20Agustin%20Utari_Mini_Project/Web_Automation_AltaShop/src/test/resources/features/Cart.feature
18:01:46.744 [main] DEBUG net.thucydides.core.guice.Injectors - Created injector for module net.thucydides.core.guice.webdriver.WebDriverModule
18:01:46.771 [main] INFO  - 

-------------------------------------------------------------------------------------
     _______. _______ .______       _______ .__   __.  __  .___________.____    ____ 
    /       ||   ____||   _  \     |   ____||  \ |  | |  | |           |\   \  /   / 
   |   (----`|  |__   |  |_)  |    |  |__   |   \|  | |  | `---|  |----` \   \/   /  
    \   \    |   __|  |      /     |   __|  |  . `  | |  |     |  |       \_    _/   
.----)   |   |  |____ |  |\  \----.|  |____ |  |\   | |  |     |  |         |  |     
|_______/    |_______|| _| `._____||_______||__| \__| |__|     |__|         |__|    
                                                                                     
 News and tutorials at http://www.serenity-bdd.info                                  
 Documentation at https://wakaleo.gitbooks.io/the-serenity-book/content/             
 Join the Serenity Community on Gitter: https://gitter.im/serenity-bdd/serenity-core 
 Serenity BDD Support and Training at http://serenity-bdd.info/#/trainingandsupport  
-------------------------------------------------------------------------------------

18:01:46.774 [main] DEBUG net.thucydides.core.steps.StepEventBus - Test suite started for story net.thucydides.core.model.Story@95883f30
18:01:46.776 [main] INFO  - Test Suite Started: Cart - As a user I want to pay for the product So that I have to check the cart to pay
18:01:46.796 [main] DEBUG io.cucumber.core.plugin.SerenityReporter - Running feature from file:///C:/Users/user/IdeaProjects/QE_Devi%20Agustin%20Utari_Mini_Project/Web_Automation_AltaShop/src/test/resources/features/Login.feature
18:01:46.801 [main] DEBUG net.thucydides.core.steps.StepEventBus - Test suite started for story net.thucydides.core.model.Story@589864a6
18:01:46.802 [main] INFO  - Test Suite Started: Login - As a user I want to buy some product So that I have to login
18:01:46.802 [main] DEBUG io.cucumber.core.plugin.SerenityReporter - Running feature from file:///C:/Users/user/IdeaProjects/QE_Devi%20Agustin%20Utari_Mini_Project/Web_Automation_AltaShop/src/test/resources/features/Logout.feature
18:01:46.806 [main] DEBUG net.thucydides.core.steps.StepEventBus - Test suite started for story net.thucydides.core.model.Story@77a35969
18:01:46.806 [main] INFO  - Test Suite Started: Logout - As a user I want to logout So that i can end my session
18:01:46.807 [main] DEBUG io.cucumber.core.plugin.SerenityReporter - Running feature from file:///C:/Users/user/IdeaProjects/QE_Devi%20Agustin%20Utari_Mini_Project/Web_Automation_AltaShop/src/test/resources/features/Product.feature
18:01:46.811 [main] DEBUG net.thucydides.core.steps.StepEventBus - Test suite started for story net.thucydides.core.model.Story@af0a1d2a
18:01:46.812 [main] INFO  - Test Suite Started: Product - As a user I want to buying a product So that I have to select product
18:01:46.812 [main] DEBUG io.cucumber.core.plugin.SerenityReporter - Running feature from file:///C:/Users/user/IdeaProjects/QE_Devi%20Agustin%20Utari_Mini_Project/Web_Automation_AltaShop/src/test/resources/features/Register.feature
18:01:46.816 [main] DEBUG net.thucydides.core.steps.StepEventBus - Test suite started for story net.thucydides.core.model.Story@1ed4c400
18:01:46.817 [main] INFO  - Test Suite Started: Register - As a user I want to login So that I have to register account
18:01:46.818 [main] DEBUG io.cucumber.core.plugin.SerenityReporter - Running feature from file:///C:/Users/user/IdeaProjects/QE_Devi%20Agustin%20Utari_Mini_Project/Web_Automation_AltaShop/src/test/resources/features/Cart.feature
18:01:46.822 [main] DEBUG net.thucydides.core.steps.StepEventBus - Test suite started for story net.thucydides.core.model.Story@95883f30
18:01:46.822 [main] INFO  - Test Suite Started: Cart - As a user I want to pay for the product So that I have to check the cart to pay

@TC_Cart_001 @Cart
Scenario: As a user, I want to add more product to the cart &amp#27;[90m# src/test/resources/features/Cart.feature:4&amp#27;[0m
18:01:46.935 [main] DEBUG io.cucumber.core.plugin.SerenityReporter - Running feature from file:///C:/Users/user/IdeaProjects/QE_Devi%20Agustin%20Utari_Mini_Project/Web_Automation_AltaShop/src/test/resources/features/Cart.feature
18:01:47.087 [main] INFO  - 
  _____   ___   ___   _____     ___   _____     _     ___   _____   ___   ___  
 |_   _| | __| / __| |_   _|   / __| |_   _|   /_\   | _ \ |_   _| | __| |   \ 
   | |   | _|  \__ \   | |     \__ \   | |    / _ \  |   /   | |   | _|  | |) |
   |_|   |___| |___/   |_|     |___/   |_|   /_/ \_\ |_|_\   |_|   |___| |___/ 

As a user, I want to add more product to the cart(cart---as-a-user-i-want-to-pay-for-the-product-so-that-i-have-to-check-the-cart-to-pay;as-a-user--i-want-to-add-more-product-to-the-cart)
--------------------------------------------------------------------------------
18:01:47.150 [main] DEBUG net.thucydides.core.requirements.model.cucumber.CucumberParser - Loading feature C:\Users\user\IdeaProjects\QE_Devi Agustin Utari_Mini_Project\Web_Automation_AltaShop\src\test\resources\features\Cart.feature
18:01:47.172 [main] DEBUG net.thucydides.core.requirements.model.cucumber.CucumberParser - Loading feature C:\Users\user\IdeaProjects\QE_Devi Agustin Utari_Mini_Project\Web_Automation_AltaShop\src\test\resources\features\Login.feature
18:01:47.182 [main] DEBUG net.thucydides.core.requirements.model.cucumber.CucumberParser - Loading feature C:\Users\user\IdeaProjects\QE_Devi Agustin Utari_Mini_Project\Web_Automation_AltaShop\src\test\resources\features\Logout.feature
18:01:47.189 [main] DEBUG net.thucydides.core.requirements.model.cucumber.CucumberParser - Loading feature C:\Users\user\IdeaProjects\QE_Devi Agustin Utari_Mini_Project\Web_Automation_AltaShop\src\test\resources\features\Product.feature
18:01:47.205 [main] DEBUG net.thucydides.core.requirements.model.cucumber.CucumberParser - Loading feature C:\Users\user\IdeaProjects\QE_Devi Agustin Utari_Mini_Project\Web_Automation_AltaShop\src\test\resources\features\Register.feature
18:01:48.117 [main] DEBUG net.thucydides.core.steps.StepInterceptor - STARTING STEP: LoginStep.userSuccessLogin - user on login page
18:01:48.155 [main] INFO net.serenitybdd.core.webdriver.driverproviders.DriverProvider - Using WebDriverManager configuration for chrome
18:01:48.846 [main] DEBUG io.github.bonigarcia.wdm.cache.ResolutionCache - Resolution chrome=112 in cache (valid until 18:42:41 08/05/2023 ICT)
18:01:48.847 [main] DEBUG io.github.bonigarcia.wdm.cache.ResolutionCache - Resolution chrome112=112.0.5615.49 in cache (valid until 16:32:12 09/05/2023 ICT)
18:01:48.848 [main] INFO io.github.bonigarcia.wdm.WebDriverManager - Using chromedriver 112.0.5615.49 (resolved driver for Chrome 112)
18:01:48.863 [main] DEBUG io.github.bonigarcia.wdm.WebDriverManager - Driver chromedriver 112.0.5615.49 found in cache
18:01:48.865 [main] INFO io.github.bonigarcia.wdm.WebDriverManager - Exporting webdriver.chrome.driver as C:\Users\user\.cache\selenium\chromedriver\win32\112.0.5615.49\chromedriver.exe
18:01:48.991 [main] INFO net.serenitybdd.core.webdriver.driverproviders.ChromeDriverProvider - Starting Chrome driver instance with capabilities:
18:01:48.995 [main] INFO net.serenitybdd.core.webdriver.driverproviders.ChromeDriverProvider - Capabilities {acceptInsecureCerts: true, browserName: chrome, goog:chromeOptions: {args: [remote-allow-origins=*, test-type, no-sandbox, ignore-certificate-errors, start-maximized, incognito, disable-infobars, disable-gpu, disable-default-apps, disable-popup-blocking, remote-allow-origins=*, test-type, no-sandbox, ignore-certificate-errors, start-maximized, incognito, disable-infobars, disable-gpu, disable-default-apps, disable-popup-blocking, remote-allow-origins=*], extensions: []}}
18:01:49.086 [main] DEBUG io.netty.util.internal.logging.InternalLoggerFactory - Using SLF4J as the default logging framework
18:01:49.090 [main] DEBUG io.netty.util.ResourceLeakDetector - -Dio.netty.leakDetection.level: simple
18:01:49.091 [main] DEBUG io.netty.util.ResourceLeakDetector - -Dio.netty.leakDetection.targetRecords: 4
18:01:49.094 [main] DEBUG io.netty.util.ResourceLeakDetectorFactory - Loaded default ResourceLeakDetector: io.netty.util.ResourceLeakDetector@77fa9381
18:01:49.121 [main] DEBUG io.netty.util.internal.PlatformDependent0 - -Dio.netty.noUnsafe: false
18:01:49.122 [main] DEBUG io.netty.util.internal.PlatformDependent0 - Java version: 8
18:01:49.123 [main] DEBUG io.netty.util.internal.PlatformDependent0 - sun.misc.Unsafe.theUnsafe: available
18:01:49.124 [main] DEBUG io.netty.util.internal.PlatformDependent0 - sun.misc.Unsafe.copyMemory: available
18:01:49.125 [main] DEBUG io.netty.util.internal.PlatformDependent0 - sun.misc.Unsafe.storeFence: available
18:01:49.125 [main] DEBUG io.netty.util.internal.PlatformDependent0 - java.nio.Buffer.address: available
18:01:49.126 [main] DEBUG io.netty.util.internal.PlatformDependent0 - direct buffer constructor: available
18:01:49.127 [main] DEBUG io.netty.util.internal.PlatformDependent0 - java.nio.Bits.unaligned: available, true
18:01:49.127 [main] DEBUG io.netty.util.internal.PlatformDependent0 - jdk.internal.misc.Unsafe.allocateUninitializedArray(int): unavailable prior to Java9
18:01:49.127 [main] DEBUG io.netty.util.internal.PlatformDependent0 - java.nio.DirectByteBuffer.<init>(long, int): available
18:01:49.127 [main] DEBUG io.netty.util.internal.PlatformDependent - sun.misc.Unsafe: available
18:01:49.128 [main] DEBUG io.netty.util.internal.PlatformDependent - -Dio.netty.tmpdir: C:\Users\user\AppData\Local\Temp (java.io.tmpdir)
18:01:49.128 [main] DEBUG io.netty.util.internal.PlatformDependent - -Dio.netty.bitMode: 64 (sun.arch.data.model)
18:01:49.128 [main] DEBUG io.netty.util.internal.PlatformDependent - Platform: Windows
18:01:49.130 [main] DEBUG io.netty.util.internal.PlatformDependent - -Dio.netty.maxDirectMemory: 1838153728 bytes
18:01:49.130 [main] DEBUG io.netty.util.internal.PlatformDependent - -Dio.netty.uninitializedArrayAllocationThreshold: -1
18:01:49.131 [main] DEBUG io.netty.util.internal.CleanerJava6 - java.nio.ByteBuffer.cleaner(): available
18:01:49.131 [main] DEBUG io.netty.util.internal.PlatformDependent - -Dio.netty.noPreferDirect: false
18:01:49.141 [main] DEBUG io.netty.util.internal.PlatformDependent - org.jctools-core.MpscChunkedArrayQueue: available
18:01:49.164 [main] DEBUG io.netty.util.internal.InternalThreadLocalMap - -Dio.netty.threadLocalMap.stringBuilder.initialSize: 1024
18:01:49.164 [main] DEBUG io.netty.util.internal.InternalThreadLocalMap - -Dio.netty.threadLocalMap.stringBuilder.maxSize: 4096
18:01:49.246 [main] DEBUG io.netty.handler.ssl.JdkSslContext - Default protocols (JDK): [TLSv1.2] 
18:01:49.246 [main] DEBUG io.netty.handler.ssl.JdkSslContext - Default cipher suites (JDK): [TLS_ECDHE_ECDSA_WITH_AES_256_GCM_SHA384, TLS_ECDHE_ECDSA_WITH_AES_128_GCM_SHA256, TLS_ECDHE_RSA_WITH_AES_128_GCM_SHA256, TLS_ECDHE_RSA_WITH_AES_256_GCM_SHA384, TLS_ECDHE_RSA_WITH_AES_128_CBC_SHA, TLS_ECDHE_RSA_WITH_AES_256_CBC_SHA, TLS_RSA_WITH_AES_128_GCM_SHA256, TLS_RSA_WITH_AES_128_CBC_SHA, TLS_RSA_WITH_AES_256_CBC_SHA, TLS_AES_128_GCM_SHA256, TLS_AES_256_GCM_SHA384]
18:01:49.276 [main] DEBUG io.netty.channel.MultithreadEventLoopGroup - -Dio.netty.eventLoopThreads: 8
18:01:49.291 [main] DEBUG io.netty.channel.nio.NioEventLoop - -Dio.netty.noKeySetOptimization: false
18:01:49.292 [main] DEBUG io.netty.channel.nio.NioEventLoop - -Dio.netty.selectorAutoRebuildThreshold: 512
18:01:49.329 [main] DEBUG io.netty.buffer.PooledByteBufAllocator - -Dio.netty.allocator.numHeapArenas: 8
18:01:49.329 [main] DEBUG io.netty.buffer.PooledByteBufAllocator - -Dio.netty.allocator.numDirectArenas: 8
18:01:49.329 [main] DEBUG io.netty.buffer.PooledByteBufAllocator - -Dio.netty.allocator.pageSize: 8192
18:01:49.329 [main] DEBUG io.netty.buffer.PooledByteBufAllocator - -Dio.netty.allocator.maxOrder: 9
18:01:49.329 [main] DEBUG io.netty.buffer.PooledByteBufAllocator - -Dio.netty.allocator.chunkSize: 4194304
18:01:49.329 [main] DEBUG io.netty.buffer.PooledByteBufAllocator - -Dio.netty.allocator.smallCacheSize: 256
18:01:49.329 [main] DEBUG io.netty.buffer.PooledByteBufAllocator - -Dio.netty.allocator.normalCacheSize: 64
18:01:49.329 [main] DEBUG io.netty.buffer.PooledByteBufAllocator - -Dio.netty.allocator.maxCachedBufferCapacity: 32768
18:01:49.329 [main] DEBUG io.netty.buffer.PooledByteBufAllocator - -Dio.netty.allocator.cacheTrimInterval: 8192
18:01:49.329 [main] DEBUG io.netty.buffer.PooledByteBufAllocator - -Dio.netty.allocator.cacheTrimIntervalMillis: 0
18:01:49.329 [main] DEBUG io.netty.buffer.PooledByteBufAllocator - -Dio.netty.allocator.useCacheForAllThreads: false
18:01:49.329 [main] DEBUG io.netty.buffer.PooledByteBufAllocator - -Dio.netty.allocator.maxCachedByteBuffersPerChunk: 1023
18:01:49.341 [main] DEBUG io.netty.buffer.ByteBufUtil - -Dio.netty.allocator.type: pooled
18:01:49.341 [main] DEBUG io.netty.buffer.ByteBufUtil - -Dio.netty.threadLocalDirectBufferSize: 0
18:01:49.341 [main] DEBUG io.netty.buffer.ByteBufUtil - -Dio.netty.maxThreadLocalCharBufferSize: 16384
18:01:49.680 [Forwarding newSession on session null to remote] DEBUG io.netty.channel.DefaultChannelId - -Dio.netty.processId: 1884 (auto-detected)
18:01:49.683 [Forwarding newSession on session null to remote] DEBUG io.netty.util.NetUtil - -Djava.net.preferIPv4Stack: false
18:01:49.683 [Forwarding newSession on session null to remote] DEBUG io.netty.util.NetUtil - -Djava.net.preferIPv6Addresses: false
18:01:49.859 [Forwarding newSession on session null to remote] DEBUG io.netty.util.NetUtilInitializations - Loopback interface: lo (Software Loopback Interface 1, 127.0.0.1)
18:01:49.860 [Forwarding newSession on session null to remote] DEBUG io.netty.util.NetUtil - Failed to get SOMAXCONN from sysctl and file \proc\sys\net\core\somaxconn. Default: 200
18:01:49.870 [Forwarding newSession on session null to remote] DEBUG io.netty.channel.DefaultChannelId - -Dio.netty.machineId: 48:45:20:ff:fe:37:b8:92 (auto-detected)
18:01:49.933 [AsyncHttpClient-1-2] DEBUG io.netty.buffer.AbstractByteBuf - -Dio.netty.buffer.checkAccessible: true
18:01:49.933 [AsyncHttpClient-1-2] DEBUG io.netty.buffer.AbstractByteBuf - -Dio.netty.buffer.checkBounds: true
18:01:49.933 [AsyncHttpClient-1-2] DEBUG io.netty.util.ResourceLeakDetectorFactory - Loaded default ResourceLeakDetector: io.netty.util.ResourceLeakDetector@24929c68
18:01:49.953 [AsyncHttpClient-1-2] DEBUG org.asynchttpclient.netty.channel.NettyConnectListener - Using new Channel '[id: 0x6769f1cf, L:/127.0.0.1:56315 - R:localhost/127.0.0.1:19367]' for 'POST' to '/session'
18:01:49.984 [AsyncHttpClient-1-2] DEBUG io.netty.util.Recycler - -Dio.netty.recycler.maxCapacityPerThread: 4096
18:01:49.985 [AsyncHttpClient-1-2] DEBUG io.netty.util.Recycler - -Dio.netty.recycler.ratio: 8
18:01:49.985 [AsyncHttpClient-1-2] DEBUG io.netty.util.Recycler - -Dio.netty.recycler.chunkSize: 32
18:01:49.985 [AsyncHttpClient-1-2] DEBUG io.netty.util.Recycler - -Dio.netty.recycler.blocking: false
18:01:50.911 [AsyncHttpClient-1-2] DEBUG io.netty.handler.codec.compression.Brotli - brotli4j not in the classpath; Brotli support will be unavailable.
18:01:50.911 [AsyncHttpClient-1-2] DEBUG org.asynchttpclient.netty.handler.HttpHandler - 

Request DefaultHttpRequest(decodeResult: success, version: HTTP/1.1)
POST /session HTTP/1.1
User-Agent: selenium/4.8.1 (java windows)
Content-Length: 1701
Content-Type: application/json; charset=utf-8
host: localhost:19367
accept: */*

Response DefaultHttpResponse(decodeResult: success, version: HTTP/1.1)
HTTP/1.1 200 OK
Content-Length: 844
Content-Type: application/json; charset=utf-8
cache-control: no-cache

18:01:50.923 [AsyncHttpClient-1-2] DEBUG org.asynchttpclient.netty.channel.ChannelManager - Adding key: http://localhost:19367 for channel [id: 0x6769f1cf, L:/127.0.0.1:56315 - R:localhost/127.0.0.1:19367]
18:01:51.047 [AsyncHttpClient-1-3] DEBUG org.asynchttpclient.netty.channel.NettyConnectListener - Using new Channel '[id: 0x3dadd38d, L:/127.0.0.1:56322 - R:localhost/127.0.0.1:56317]' for 'GET' to '/json/version'
18:01:51.050 [AsyncHttpClient-1-3] DEBUG org.asynchttpclient.netty.handler.HttpHandler - 

Request DefaultFullHttpRequest(decodeResult: success, version: HTTP/1.1, content: EmptyByteBufBE)
GET /json/version HTTP/1.1
User-Agent: selenium/4.8.1 (java windows)
host: localhost:56317
accept: */*

Response DefaultHttpResponse(decodeResult: success, version: HTTP/1.1)
HTTP/1.1 200 OK
Content-Security-Policy: frame-ancestors 'none'
Content-Length: 424
Content-Type: application/json; charset=UTF-8

18:01:51.051 [AsyncHttpClient-1-3] DEBUG org.asynchttpclient.netty.channel.ChannelManager - Adding key: http://localhost:56317 for channel [id: 0x3dadd38d, L:/127.0.0.1:56322 - R:localhost/127.0.0.1:56317]
18:01:51.067 [main] DEBUG io.netty.util.internal.ThreadLocalRandom - -Dio.netty.initialSeedUniquifier: 0x27d00fc0521000cb
18:01:51.093 [AsyncHttpClient-1-4] DEBUG org.asynchttpclient.netty.channel.NettyConnectListener - Using new Channel '[id: 0xe1c8ec98, L:/127.0.0.1:56323 - R:localhost/127.0.0.1:56317]' for 'GET' to '/devtools/browser/ea0dd7fc-fc3b-4978-ad39-3878b84c2e6d'
18:01:51.102 [AsyncHttpClient-1-4] DEBUG org.asynchttpclient.netty.handler.WebSocketHandler - 

Request DefaultFullHttpRequest(decodeResult: success, version: HTTP/1.1, content: EmptyByteBufBE)
GET /devtools/browser/ea0dd7fc-fc3b-4978-ad39-3878b84c2e6d HTTP/1.1
upgrade: websocket
connection: upgrade
sec-websocket-key: 9VaOYVkm6ETcrjbqFPm/pQ==
sec-websocket-version: 13
origin: http://localhost:56317
host: localhost:56317
accept: */*
user-agent: AHC/2.1

Response DefaultHttpResponse(decodeResult: success, version: HTTP/1.1)
HTTP/1.1 101 WebSocket Protocol Handshake
Upgrade: WebSocket
Connection: Upgrade
Sec-WebSocket-Accept: WOhDcanDG33oAm7erM0kpYbSo1s=

18:01:51.300 [Forwarding get on session f7bd81e104ddfa3f1b80dd75d9869fc4 to remote] DEBUG org.asynchttpclient.netty.request.NettyRequestSender - Using pooled Channel '[id: 0x6769f1cf, L:/127.0.0.1:56315 - R:localhost/127.0.0.1:19367]' for 'POST' to 'http://localhost:19367/session/f7bd81e104ddfa3f1b80dd75d9869fc4/url'
18:01:51.300 [Forwarding get on session f7bd81e104ddfa3f1b80dd75d9869fc4 to remote] DEBUG org.asynchttpclient.netty.request.NettyRequestSender - Using open Channel [id: 0x6769f1cf, L:/127.0.0.1:56315 - R:localhost/127.0.0.1:19367] for POST '/session/f7bd81e104ddfa3f1b80dd75d9869fc4/url'
18:01:51.461 [AsyncHttpClient-1-1] DEBUG org.asynchttpclient.netty.channel.DefaultChannelPool - Entry count for : http://localhost:56317 : 1
18:01:52.559 [AsyncHttpClient-1-1] DEBUG org.asynchttpclient.netty.channel.DefaultChannelPool - Entry count for : http://localhost:56317 : 1
18:01:53.120 [AsyncHttpClient-1-2] DEBUG org.asynchttpclient.netty.handler.HttpHandler - 

Request DefaultHttpRequest(decodeResult: success, version: HTTP/1.1)
POST /session/f7bd81e104ddfa3f1b80dd75d9869fc4/url HTTP/1.1
User-Agent: selenium/4.8.1 (java windows)
Content-Length: 74
Content-Type: application/json; charset=utf-8
host: localhost:19367
accept: */*

Response DefaultHttpResponse(decodeResult: success, version: HTTP/1.1)
HTTP/1.1 200 OK
Content-Length: 14
Content-Type: application/json; charset=utf-8
cache-control: no-cache

18:01:53.121 [AsyncHttpClient-1-2] DEBUG org.asynchttpclient.netty.channel.ChannelManager - Adding key: http://localhost:19367 for channel [id: 0x6769f1cf, L:/127.0.0.1:56315 - R:localhost/127.0.0.1:19367]
18:01:53.128 [Forwarding setTimeout on session f7bd81e104ddfa3f1b80dd75d9869fc4 to remote] DEBUG org.asynchttpclient.netty.request.NettyRequestSender - Using pooled Channel '[id: 0x6769f1cf, L:/127.0.0.1:56315 - R:localhost/127.0.0.1:19367]' for 'POST' to 'http://localhost:19367/session/f7bd81e104ddfa3f1b80dd75d9869fc4/timeouts'
18:01:53.128 [Forwarding setTimeout on session f7bd81e104ddfa3f1b80dd75d9869fc4 to remote] DEBUG org.asynchttpclient.netty.request.NettyRequestSender - Using open Channel [id: 0x6769f1cf, L:/127.0.0.1:56315 - R:localhost/127.0.0.1:19367] for POST '/session/f7bd81e104ddfa3f1b80dd75d9869fc4/timeouts'
18:01:53.135 [AsyncHttpClient-1-2] DEBUG org.asynchttpclient.netty.handler.HttpHandler - 

Request DefaultHttpRequest(decodeResult: success, version: HTTP/1.1)
POST /session/f7bd81e104ddfa3f1b80dd75d9869fc4/timeouts HTTP/1.1
User-Agent: selenium/4.8.1 (java windows)
Content-Length: 22
Content-Type: application/json; charset=utf-8
host: localhost:19367
accept: */*

Response DefaultHttpResponse(decodeResult: success, version: HTTP/1.1)
HTTP/1.1 200 OK
Content-Length: 14
Content-Type: application/json; charset=utf-8
cache-control: no-cache

18:01:53.136 [AsyncHttpClient-1-2] DEBUG org.asynchttpclient.netty.channel.ChannelManager - Adding key: http://localhost:19367 for channel [id: 0x6769f1cf, L:/127.0.0.1:56315 - R:localhost/127.0.0.1:19367]
18:01:53.173 [Forwarding findElement on session f7bd81e104ddfa3f1b80dd75d9869fc4 to remote] DEBUG org.asynchttpclient.netty.request.NettyRequestSender - Using pooled Channel '[id: 0x6769f1cf, L:/127.0.0.1:56315 - R:localhost/127.0.0.1:19367]' for 'POST' to 'http://localhost:19367/session/f7bd81e104ddfa3f1b80dd75d9869fc4/element'
18:01:53.174 [Forwarding findElement on session f7bd81e104ddfa3f1b80dd75d9869fc4 to remote] DEBUG org.asynchttpclient.netty.request.NettyRequestSender - Using open Channel [id: 0x6769f1cf, L:/127.0.0.1:56315 - R:localhost/127.0.0.1:19367] for POST '/session/f7bd81e104ddfa3f1b80dd75d9869fc4/element'
18:01:53.204 [AsyncHttpClient-1-2] DEBUG org.asynchttpclient.netty.handler.HttpHandler - 

Request DefaultHttpRequest(decodeResult: success, version: HTTP/1.1)
POST /session/f7bd81e104ddfa3f1b80dd75d9869fc4/element HTTP/1.1
User-Agent: selenium/4.8.1 (java windows)
Content-Length: 69
Content-Type: application/json; charset=utf-8
host: localhost:19367
accept: */*

Response DefaultHttpResponse(decodeResult: success, version: HTTP/1.1)
HTTP/1.1 200 OK
Content-Length: 88
Content-Type: application/json; charset=utf-8
cache-control: no-cache

18:01:53.204 [AsyncHttpClient-1-2] DEBUG org.asynchttpclient.netty.channel.ChannelManager - Adding key: http://localhost:19367 for channel [id: 0x6769f1cf, L:/127.0.0.1:56315 - R:localhost/127.0.0.1:19367]
18:01:53.234 [Forwarding isElementDisplayed on session f7bd81e104ddfa3f1b80dd75d9869fc4 to remote] DEBUG org.asynchttpclient.netty.request.NettyRequestSender - Using pooled Channel '[id: 0x6769f1cf, L:/127.0.0.1:56315 - R:localhost/127.0.0.1:19367]' for 'POST' to 'http://localhost:19367/session/f7bd81e104ddfa3f1b80dd75d9869fc4/execute/sync'
18:01:53.234 [Forwarding isElementDisplayed on session f7bd81e104ddfa3f1b80dd75d9869fc4 to remote] DEBUG org.asynchttpclient.netty.request.NettyRequestSender - Using open Channel [id: 0x6769f1cf, L:/127.0.0.1:56315 - R:localhost/127.0.0.1:19367] for POST '/session/f7bd81e104ddfa3f1b80dd75d9869fc4/execute/sync'
18:01:53.256 [AsyncHttpClient-1-2] DEBUG org.asynchttpclient.netty.handler.HttpHandler - 

Request DefaultHttpRequest(decodeResult: success, version: HTTP/1.1)
POST /session/f7bd81e104ddfa3f1b80dd75d9869fc4/execute/sync HTTP/1.1
User-Agent: selenium/4.8.1 (java windows)
Content-Length: 48807
Content-Type: application/json; charset=utf-8
host: localhost:19367
accept: */*

Response DefaultHttpResponse(decodeResult: success, version: HTTP/1.1)
HTTP/1.1 200 OK
Content-Length: 14
Content-Type: application/json; charset=utf-8
cache-control: no-cache

18:01:53.257 [AsyncHttpClient-1-2] DEBUG org.asynchttpclient.netty.channel.ChannelManager - Adding key: http://localhost:19367 for channel [id: 0x6769f1cf, L:/127.0.0.1:56315 - R:localhost/127.0.0.1:19367]
18:01:53.293 [main] DEBUG net.serenitybdd.core.photography.Darkroom - Opening darkroom
18:01:53.325 [Forwarding getAlertText on session f7bd81e104ddfa3f1b80dd75d9869fc4 to remote] DEBUG org.asynchttpclient.netty.request.NettyRequestSender - Using pooled Channel '[id: 0x6769f1cf, L:/127.0.0.1:56315 - R:localhost/127.0.0.1:19367]' for 'GET' to 'http://localhost:19367/session/f7bd81e104ddfa3f1b80dd75d9869fc4/alert/text'
18:01:53.325 [Forwarding getAlertText on session f7bd81e104ddfa3f1b80dd75d9869fc4 to remote] DEBUG org.asynchttpclient.netty.request.NettyRequestSender - Using open Channel [id: 0x6769f1cf, L:/127.0.0.1:56315 - R:localhost/127.0.0.1:19367] for GET '/session/f7bd81e104ddfa3f1b80dd75d9869fc4/alert/text'
18:01:53.336 [AsyncHttpClient-1-2] DEBUG org.asynchttpclient.netty.handler.HttpHandler - 

Request DefaultFullHttpRequest(decodeResult: success, version: HTTP/1.1, content: EmptyByteBufBE)
GET /session/f7bd81e104ddfa3f1b80dd75d9869fc4/alert/text HTTP/1.1
User-Agent: selenium/4.8.1 (java windows)
Cache-Control: no-cache
Content-Type: application/json; charset=utf-8
host: localhost:19367
accept: */*

Response DefaultHttpResponse(decodeResult: success, version: HTTP/1.1)
HTTP/1.1 404 Not Found
Content-Length: 848
Content-Type: application/json; charset=utf-8
cache-control: no-cache

18:01:53.336 [AsyncHttpClient-1-2] DEBUG org.asynchttpclient.netty.channel.ChannelManager - Adding key: http://localhost:19367 for channel [id: 0x6769f1cf, L:/127.0.0.1:56315 - R:localhost/127.0.0.1:19367]
18:01:53.337 [Darkroom Processing Line] DEBUG net.serenitybdd.core.photography.DarkroomProcessingLine - Darkroom processing line starting up
18:01:53.356 [Forwarding getCurrentUrl on session f7bd81e104ddfa3f1b80dd75d9869fc4 to remote] DEBUG org.asynchttpclient.netty.request.NettyRequestSender - Using pooled Channel '[id: 0x6769f1cf, L:/127.0.0.1:56315 - R:localhost/127.0.0.1:19367]' for 'GET' to 'http://localhost:19367/session/f7bd81e104ddfa3f1b80dd75d9869fc4/url'
18:01:53.356 [Forwarding getCurrentUrl on session f7bd81e104ddfa3f1b80dd75d9869fc4 to remote] DEBUG org.asynchttpclient.netty.request.NettyRequestSender - Using open Channel [id: 0x6769f1cf, L:/127.0.0.1:56315 - R:localhost/127.0.0.1:19367] for GET '/session/f7bd81e104ddfa3f1b80dd75d9869fc4/url'
18:01:53.364 [AsyncHttpClient-1-2] DEBUG org.asynchttpclient.netty.handler.HttpHandler - 

Request DefaultFullHttpRequest(decodeResult: success, version: HTTP/1.1, content: EmptyByteBufBE)
GET /session/f7bd81e104ddfa3f1b80dd75d9869fc4/url HTTP/1.1
User-Agent: selenium/4.8.1 (java windows)
Cache-Control: no-cache
Content-Type: application/json; charset=utf-8
host: localhost:19367
accept: */*

Response DefaultHttpResponse(decodeResult: success, version: HTTP/1.1)
HTTP/1.1 200 OK
Content-Length: 51
Content-Type: application/json; charset=utf-8
cache-control: no-cache

18:01:53.365 [AsyncHttpClient-1-2] DEBUG org.asynchttpclient.netty.channel.ChannelManager - Adding key: http://localhost:19367 for channel [id: 0x6769f1cf, L:/127.0.0.1:56315 - R:localhost/127.0.0.1:19367]
18:01:53.372 [Forwarding screenshot on session f7bd81e104ddfa3f1b80dd75d9869fc4 to remote] DEBUG org.asynchttpclient.netty.request.NettyRequestSender - Using pooled Channel '[id: 0x6769f1cf, L:/127.0.0.1:56315 - R:localhost/127.0.0.1:19367]' for 'GET' to 'http://localhost:19367/session/f7bd81e104ddfa3f1b80dd75d9869fc4/screenshot'
18:01:53.373 [Forwarding screenshot on session f7bd81e104ddfa3f1b80dd75d9869fc4 to remote] DEBUG org.asynchttpclient.netty.request.NettyRequestSender - Using open Channel [id: 0x6769f1cf, L:/127.0.0.1:56315 - R:localhost/127.0.0.1:19367] for GET '/session/f7bd81e104ddfa3f1b80dd75d9869fc4/screenshot'
18:01:53.509 [AsyncHttpClient-1-2] DEBUG org.asynchttpclient.netty.handler.HttpHandler - 

Request DefaultFullHttpRequest(decodeResult: success, version: HTTP/1.1, content: EmptyByteBufBE)
GET /session/f7bd81e104ddfa3f1b80dd75d9869fc4/screenshot HTTP/1.1
User-Agent: selenium/4.8.1 (java windows)
Cache-Control: no-cache
Content-Type: application/json; charset=utf-8
host: localhost:19367
accept: */*

Response DefaultHttpResponse(decodeResult: success, version: HTTP/1.1)
HTTP/1.1 200 OK
Content-Length: 25060
Content-Type: application/json; charset=utf-8
cache-control: no-cache

18:01:53.511 [AsyncHttpClient-1-2] DEBUG org.asynchttpclient.netty.channel.ChannelManager - Adding key: http://localhost:19367 for channel [id: 0x6769f1cf, L:/127.0.0.1:56315 - R:localhost/127.0.0.1:19367]
18:01:53.693 [AsyncHttpClient-1-1] DEBUG org.asynchttpclient.netty.channel.DefaultChannelPool - Entry count for : http://localhost:19367 : 1
18:01:53.693 [AsyncHttpClient-1-1] DEBUG org.asynchttpclient.netty.channel.DefaultChannelPool - Entry count for : http://localhost:56317 : 1
18:01:53.707 [main] DEBUG net.serenitybdd.core.photography.Darkroom - Send negative for processing for target\site\serenity\1db263dd5c04c8fe15e82ee6420144d4e1e7b9826b9315cfd7ec5b5d0da76045.png
18:01:53.708 [Darkroom Processing Line] DEBUG net.serenitybdd.core.photography.DarkroomProcessingLine - Processing screenshot image in /var/screenshots/screenshot-7467079152394277104
18:01:53.708 [Darkroom Processing Line] DEBUG net.serenitybdd.core.photography.DarkroomProcessingLine - Saving screenshot to target\site\serenity\1db263dd5c04c8fe15e82ee6420144d4e1e7b9826b9315cfd7ec5b5d0da76045.png
18:01:53.785 [main] DEBUG net.thucydides.core.steps.StepInterceptor - STEP DONE: user on login page
18:01:53.798 [main] DEBUG net.thucydides.core.steps.StepInterceptor - STARTING STEP: LoginStep.userSuccessLogin - user input valid email
18:01:53.810 [Forwarding findElement on session f7bd81e104ddfa3f1b80dd75d9869fc4 to remote] DEBUG org.asynchttpclient.netty.request.NettyRequestSender - Using pooled Channel '[id: 0x6769f1cf, L:/127.0.0.1:56315 - R:localhost/127.0.0.1:19367]' for 'POST' to 'http://localhost:19367/session/f7bd81e104ddfa3f1b80dd75d9869fc4/element'
18:01:53.810 [Forwarding findElement on session f7bd81e104ddfa3f1b80dd75d9869fc4 to remote] DEBUG org.asynchttpclient.netty.request.NettyRequestSender - Using open Channel [id: 0x6769f1cf, L:/127.0.0.1:56315 - R:localhost/127.0.0.1:19367] for POST '/session/f7bd81e104ddfa3f1b80dd75d9869fc4/element'
18:01:53.874 [AsyncHttpClient-1-2] DEBUG org.asynchttpclient.netty.handler.HttpHandler - 

Request DefaultHttpRequest(decodeResult: success, version: HTTP/1.1)
POST /session/f7bd81e104ddfa3f1b80dd75d9869fc4/element HTTP/1.1
User-Agent: selenium/4.8.1 (java windows)
Content-Length: 55
Content-Type: application/json; charset=utf-8
host: localhost:19367
accept: */*

Response DefaultHttpResponse(decodeResult: success, version: HTTP/1.1)
HTTP/1.1 200 OK
Content-Length: 88
Content-Type: application/json; charset=utf-8
cache-control: no-cache

18:01:53.875 [AsyncHttpClient-1-2] DEBUG org.asynchttpclient.netty.channel.ChannelManager - Adding key: http://localhost:19367 for channel [id: 0x6769f1cf, L:/127.0.0.1:56315 - R:localhost/127.0.0.1:19367]
18:01:53.879 [Forwarding clearElement on session f7bd81e104ddfa3f1b80dd75d9869fc4 to remote] DEBUG org.asynchttpclient.netty.request.NettyRequestSender - Using pooled Channel '[id: 0x6769f1cf, L:/127.0.0.1:56315 - R:localhost/127.0.0.1:19367]' for 'POST' to 'http://localhost:19367/session/f7bd81e104ddfa3f1b80dd75d9869fc4/element/42060f75-6bf5-41e4-89fb-22b5ac8fd41b/clear'
18:01:53.879 [Forwarding clearElement on session f7bd81e104ddfa3f1b80dd75d9869fc4 to remote] DEBUG org.asynchttpclient.netty.request.NettyRequestSender - Using open Channel [id: 0x6769f1cf, L:/127.0.0.1:56315 - R:localhost/127.0.0.1:19367] for POST '/session/f7bd81e104ddfa3f1b80dd75d9869fc4/element/42060f75-6bf5-41e4-89fb-22b5ac8fd41b/clear'
18:01:53.940 [AsyncHttpClient-1-2] DEBUG org.asynchttpclient.netty.handler.HttpHandler - 

Request DefaultHttpRequest(decodeResult: success, version: HTTP/1.1)
POST /session/f7bd81e104ddfa3f1b80dd75d9869fc4/element/42060f75-6bf5-41e4-89fb-22b5ac8fd41b/clear HTTP/1.1
User-Agent: selenium/4.8.1 (java windows)
Content-Length: 50
Content-Type: application/json; charset=utf-8
host: localhost:19367
accept: */*

Response DefaultHttpResponse(decodeResult: success, version: HTTP/1.1)
HTTP/1.1 200 OK
Content-Length: 14
Content-Type: application/json; charset=utf-8
cache-control: no-cache

18:01:53.940 [AsyncHttpClient-1-2] DEBUG org.asynchttpclient.netty.channel.ChannelManager - Adding key: http://localhost:19367 for channel [id: 0x6769f1cf, L:/127.0.0.1:56315 - R:localhost/127.0.0.1:19367]
18:01:53.949 [Forwarding sendKeysToElement on session f7bd81e104ddfa3f1b80dd75d9869fc4 to remote] DEBUG org.asynchttpclient.netty.request.NettyRequestSender - Using pooled Channel '[id: 0x6769f1cf, L:/127.0.0.1:56315 - R:localhost/127.0.0.1:19367]' for 'POST' to 'http://localhost:19367/session/f7bd81e104ddfa3f1b80dd75d9869fc4/element/42060f75-6bf5-41e4-89fb-22b5ac8fd41b/value'
18:01:53.949 [Forwarding sendKeysToElement on session f7bd81e104ddfa3f1b80dd75d9869fc4 to remote] DEBUG org.asynchttpclient.netty.request.NettyRequestSender - Using open Channel [id: 0x6769f1cf, L:/127.0.0.1:56315 - R:localhost/127.0.0.1:19367] for POST '/session/f7bd81e104ddfa3f1b80dd75d9869fc4/element/42060f75-6bf5-41e4-89fb-22b5ac8fd41b/value'
18:01:54.306 [AsyncHttpClient-1-2] DEBUG org.asynchttpclient.netty.handler.HttpHandler - 

Request DefaultHttpRequest(decodeResult: success, version: HTTP/1.1)
POST /session/f7bd81e104ddfa3f1b80dd75d9869fc4/element/42060f75-6bf5-41e4-89fb-22b5ac8fd41b/value HTTP/1.1
User-Agent: selenium/4.8.1 (java windows)
Content-Length: 271
Content-Type: application/json; charset=utf-8
host: localhost:19367
accept: */*

Response DefaultHttpResponse(decodeResult: success, version: HTTP/1.1)
HTTP/1.1 200 OK
Content-Length: 14
Content-Type: application/json; charset=utf-8
cache-control: no-cache

18:01:54.307 [AsyncHttpClient-1-2] DEBUG org.asynchttpclient.netty.channel.ChannelManager - Adding key: http://localhost:19367 for channel [id: 0x6769f1cf, L:/127.0.0.1:56315 - R:localhost/127.0.0.1:19367]
18:01:54.326 [Forwarding getAlertText on session f7bd81e104ddfa3f1b80dd75d9869fc4 to remote] DEBUG org.asynchttpclient.netty.request.NettyRequestSender - Using pooled Channel '[id: 0x6769f1cf, L:/127.0.0.1:56315 - R:localhost/127.0.0.1:19367]' for 'GET' to 'http://localhost:19367/session/f7bd81e104ddfa3f1b80dd75d9869fc4/alert/text'
18:01:54.326 [Forwarding getAlertText on session f7bd81e104ddfa3f1b80dd75d9869fc4 to remote] DEBUG org.asynchttpclient.netty.request.NettyRequestSender - Using open Channel [id: 0x6769f1cf, L:/127.0.0.1:56315 - R:localhost/127.0.0.1:19367] for GET '/session/f7bd81e104ddfa3f1b80dd75d9869fc4/alert/text'
18:01:54.342 [AsyncHttpClient-1-2] DEBUG org.asynchttpclient.netty.handler.HttpHandler - 

Request DefaultFullHttpRequest(decodeResult: success, version: HTTP/1.1, content: EmptyByteBufBE)
GET /session/f7bd81e104ddfa3f1b80dd75d9869fc4/alert/text HTTP/1.1
User-Agent: selenium/4.8.1 (java windows)
Cache-Control: no-cache
Content-Type: application/json; charset=utf-8
host: localhost:19367
accept: */*

Response DefaultHttpResponse(decodeResult: success, version: HTTP/1.1)
HTTP/1.1 404 Not Found
Content-Length: 848
Content-Type: application/json; charset=utf-8
cache-control: no-cache

18:01:54.343 [AsyncHttpClient-1-2] DEBUG org.asynchttpclient.netty.channel.ChannelManager - Adding key: http://localhost:19367 for channel [id: 0x6769f1cf, L:/127.0.0.1:56315 - R:localhost/127.0.0.1:19367]
18:01:54.346 [Forwarding getCurrentUrl on session f7bd81e104ddfa3f1b80dd75d9869fc4 to remote] DEBUG org.asynchttpclient.netty.request.NettyRequestSender - Using pooled Channel '[id: 0x6769f1cf, L:/127.0.0.1:56315 - R:localhost/127.0.0.1:19367]' for 'GET' to 'http://localhost:19367/session/f7bd81e104ddfa3f1b80dd75d9869fc4/url'
18:01:54.346 [Forwarding getCurrentUrl on session f7bd81e104ddfa3f1b80dd75d9869fc4 to remote] DEBUG org.asynchttpclient.netty.request.NettyRequestSender - Using open Channel [id: 0x6769f1cf, L:/127.0.0.1:56315 - R:localhost/127.0.0.1:19367] for GET '/session/f7bd81e104ddfa3f1b80dd75d9869fc4/url'
18:01:54.386 [AsyncHttpClient-1-2] DEBUG org.asynchttpclient.netty.handler.HttpHandler - 

Request DefaultFullHttpRequest(decodeResult: success, version: HTTP/1.1, content: EmptyByteBufBE)
GET /session/f7bd81e104ddfa3f1b80dd75d9869fc4/url HTTP/1.1
User-Agent: selenium/4.8.1 (java windows)
Cache-Control: no-cache
Content-Type: application/json; charset=utf-8
host: localhost:19367
accept: */*

Response DefaultHttpResponse(decodeResult: success, version: HTTP/1.1)
HTTP/1.1 200 OK
Content-Length: 51
Content-Type: application/json; charset=utf-8
cache-control: no-cache

18:01:54.386 [AsyncHttpClient-1-2] DEBUG org.asynchttpclient.netty.channel.ChannelManager - Adding key: http://localhost:19367 for channel [id: 0x6769f1cf, L:/127.0.0.1:56315 - R:localhost/127.0.0.1:19367]
18:01:54.388 [Forwarding screenshot on session f7bd81e104ddfa3f1b80dd75d9869fc4 to remote] DEBUG org.asynchttpclient.netty.request.NettyRequestSender - Using pooled Channel '[id: 0x6769f1cf, L:/127.0.0.1:56315 - R:localhost/127.0.0.1:19367]' for 'GET' to 'http://localhost:19367/session/f7bd81e104ddfa3f1b80dd75d9869fc4/screenshot'
18:01:54.388 [Forwarding screenshot on session f7bd81e104ddfa3f1b80dd75d9869fc4 to remote] DEBUG org.asynchttpclient.netty.request.NettyRequestSender - Using open Channel [id: 0x6769f1cf, L:/127.0.0.1:56315 - R:localhost/127.0.0.1:19367] for GET '/session/f7bd81e104ddfa3f1b80dd75d9869fc4/screenshot'
18:01:54.547 [AsyncHttpClient-1-2] DEBUG org.asynchttpclient.netty.handler.HttpHandler - 

Request DefaultFullHttpRequest(decodeResult: success, version: HTTP/1.1, content: EmptyByteBufBE)
GET /session/f7bd81e104ddfa3f1b80dd75d9869fc4/screenshot HTTP/1.1
User-Agent: selenium/4.8.1 (java windows)
Cache-Control: no-cache
Content-Type: application/json; charset=utf-8
host: localhost:19367
accept: */*

Response DefaultHttpResponse(decodeResult: success, version: HTTP/1.1)
HTTP/1.1 200 OK
Content-Length: 29520
Content-Type: application/json; charset=utf-8
cache-control: no-cache

18:01:54.547 [AsyncHttpClient-1-2] DEBUG org.asynchttpclient.netty.channel.ChannelManager - Adding key: http://localhost:19367 for channel [id: 0x6769f1cf, L:/127.0.0.1:56315 - R:localhost/127.0.0.1:19367]
18:01:54.552 [main] DEBUG net.serenitybdd.core.photography.Darkroom - Send negative for processing for target\site\serenity\d1b53cea9938247f067ef79f5d8b3c119a7d011cae9908b3edcdc4fbc523db11.png
18:01:54.553 [main] DEBUG net.thucydides.core.steps.StepInterceptor - STEP DONE: user input valid email
18:01:54.553 [Darkroom Processing Line] DEBUG net.serenitybdd.core.photography.DarkroomProcessingLine - Processing screenshot image in /var/screenshots/screenshot-427921593931033597
18:01:54.553 [Darkroom Processing Line] DEBUG net.serenitybdd.core.photography.DarkroomProcessingLine - Saving screenshot to target\site\serenity\d1b53cea9938247f067ef79f5d8b3c119a7d011cae9908b3edcdc4fbc523db11.png
18:01:54.559 [main] DEBUG net.thucydides.core.steps.StepInterceptor - STARTING STEP: LoginStep.userSuccessLogin - user input valid password
18:01:54.566 [Forwarding findElement on session f7bd81e104ddfa3f1b80dd75d9869fc4 to remote] DEBUG org.asynchttpclient.netty.request.NettyRequestSender - Using pooled Channel '[id: 0x6769f1cf, L:/127.0.0.1:56315 - R:localhost/127.0.0.1:19367]' for 'POST' to 'http://localhost:19367/session/f7bd81e104ddfa3f1b80dd75d9869fc4/element'
18:01:54.567 [Forwarding findElement on session f7bd81e104ddfa3f1b80dd75d9869fc4 to remote] DEBUG org.asynchttpclient.netty.request.NettyRequestSender - Using open Channel [id: 0x6769f1cf, L:/127.0.0.1:56315 - R:localhost/127.0.0.1:19367] for POST '/session/f7bd81e104ddfa3f1b80dd75d9869fc4/element'
18:01:54.585 [AsyncHttpClient-1-2] DEBUG org.asynchttpclient.netty.handler.HttpHandler - 

Request DefaultHttpRequest(decodeResult: success, version: HTTP/1.1)
POST /session/f7bd81e104ddfa3f1b80dd75d9869fc4/element HTTP/1.1
User-Agent: selenium/4.8.1 (java windows)
Content-Length: 55
Content-Type: application/json; charset=utf-8
host: localhost:19367
accept: */*

Response DefaultHttpResponse(decodeResult: success, version: HTTP/1.1)
HTTP/1.1 200 OK
Content-Length: 88
Content-Type: application/json; charset=utf-8
cache-control: no-cache

18:01:54.586 [AsyncHttpClient-1-2] DEBUG org.asynchttpclient.netty.channel.ChannelManager - Adding key: http://localhost:19367 for channel [id: 0x6769f1cf, L:/127.0.0.1:56315 - R:localhost/127.0.0.1:19367]
18:01:54.588 [Forwarding clearElement on session f7bd81e104ddfa3f1b80dd75d9869fc4 to remote] DEBUG org.asynchttpclient.netty.request.NettyRequestSender - Using pooled Channel '[id: 0x6769f1cf, L:/127.0.0.1:56315 - R:localhost/127.0.0.1:19367]' for 'POST' to 'http://localhost:19367/session/f7bd81e104ddfa3f1b80dd75d9869fc4/element/c2fc8b86-811c-499c-aee0-7746cd0bd706/clear'
18:01:54.588 [Forwarding clearElement on session f7bd81e104ddfa3f1b80dd75d9869fc4 to remote] DEBUG org.asynchttpclient.netty.request.NettyRequestSender - Using open Channel [id: 0x6769f1cf, L:/127.0.0.1:56315 - R:localhost/127.0.0.1:19367] for POST '/session/f7bd81e104ddfa3f1b80dd75d9869fc4/element/c2fc8b86-811c-499c-aee0-7746cd0bd706/clear'
18:01:54.636 [AsyncHttpClient-1-2] DEBUG org.asynchttpclient.netty.handler.HttpHandler - 

Request DefaultHttpRequest(decodeResult: success, version: HTTP/1.1)
POST /session/f7bd81e104ddfa3f1b80dd75d9869fc4/element/c2fc8b86-811c-499c-aee0-7746cd0bd706/clear HTTP/1.1
User-Agent: selenium/4.8.1 (java windows)
Content-Length: 50
Content-Type: application/json; charset=utf-8
host: localhost:19367
accept: */*

Response DefaultHttpResponse(decodeResult: success, version: HTTP/1.1)
HTTP/1.1 200 OK
Content-Length: 14
Content-Type: application/json; charset=utf-8
cache-control: no-cache

18:01:54.638 [AsyncHttpClient-1-2] DEBUG org.asynchttpclient.netty.channel.ChannelManager - Adding key: http://localhost:19367 for channel [id: 0x6769f1cf, L:/127.0.0.1:56315 - R:localhost/127.0.0.1:19367]
18:01:54.641 [Forwarding sendKeysToElement on session f7bd81e104ddfa3f1b80dd75d9869fc4 to remote] DEBUG org.asynchttpclient.netty.request.NettyRequestSender - Using pooled Channel '[id: 0x6769f1cf, L:/127.0.0.1:56315 - R:localhost/127.0.0.1:19367]' for 'POST' to 'http://localhost:19367/session/f7bd81e104ddfa3f1b80dd75d9869fc4/element/c2fc8b86-811c-499c-aee0-7746cd0bd706/value'
18:01:54.642 [Forwarding sendKeysToElement on session f7bd81e104ddfa3f1b80dd75d9869fc4 to remote] DEBUG org.asynchttpclient.netty.request.NettyRequestSender - Using open Channel [id: 0x6769f1cf, L:/127.0.0.1:56315 - R:localhost/127.0.0.1:19367] for POST '/session/f7bd81e104ddfa3f1b80dd75d9869fc4/element/c2fc8b86-811c-499c-aee0-7746cd0bd706/value'
18:01:54.746 [AsyncHttpClient-1-2] DEBUG org.asynchttpclient.netty.handler.HttpHandler - 

Request DefaultHttpRequest(decodeResult: success, version: HTTP/1.1)
POST /session/f7bd81e104ddfa3f1b80dd75d9869fc4/element/c2fc8b86-811c-499c-aee0-7746cd0bd706/value HTTP/1.1
User-Agent: selenium/4.8.1 (java windows)
Content-Length: 161
Content-Type: application/json; charset=utf-8
host: localhost:19367
accept: */*

Response DefaultHttpResponse(decodeResult: success, version: HTTP/1.1)
HTTP/1.1 200 OK
Content-Length: 14
Content-Type: application/json; charset=utf-8
cache-control: no-cache

18:01:54.747 [AsyncHttpClient-1-2] DEBUG org.asynchttpclient.netty.channel.ChannelManager - Adding key: http://localhost:19367 for channel [id: 0x6769f1cf, L:/127.0.0.1:56315 - R:localhost/127.0.0.1:19367]
18:01:54.755 [AsyncHttpClient-1-1] DEBUG org.asynchttpclient.netty.channel.DefaultChannelPool - Entry count for : http://localhost:19367 : 1
18:01:54.755 [AsyncHttpClient-1-1] DEBUG org.asynchttpclient.netty.channel.DefaultChannelPool - Entry count for : http://localhost:56317 : 1
18:01:54.761 [Forwarding getAlertText on session f7bd81e104ddfa3f1b80dd75d9869fc4 to remote] DEBUG org.asynchttpclient.netty.request.NettyRequestSender - Using pooled Channel '[id: 0x6769f1cf, L:/127.0.0.1:56315 - R:localhost/127.0.0.1:19367]' for 'GET' to 'http://localhost:19367/session/f7bd81e104ddfa3f1b80dd75d9869fc4/alert/text'
18:01:54.761 [Forwarding getAlertText on session f7bd81e104ddfa3f1b80dd75d9869fc4 to remote] DEBUG org.asynchttpclient.netty.request.NettyRequestSender - Using open Channel [id: 0x6769f1cf, L:/127.0.0.1:56315 - R:localhost/127.0.0.1:19367] for GET '/session/f7bd81e104ddfa3f1b80dd75d9869fc4/alert/text'
18:01:54.763 [AsyncHttpClient-1-2] DEBUG org.asynchttpclient.netty.handler.HttpHandler - 

Request DefaultFullHttpRequest(decodeResult: success, version: HTTP/1.1, content: EmptyByteBufBE)
GET /session/f7bd81e104ddfa3f1b80dd75d9869fc4/alert/text HTTP/1.1
User-Agent: selenium/4.8.1 (java windows)
Cache-Control: no-cache
Content-Type: application/json; charset=utf-8
host: localhost:19367
accept: */*

Response DefaultHttpResponse(decodeResult: success, version: HTTP/1.1)
HTTP/1.1 404 Not Found
Content-Length: 848
Content-Type: application/json; charset=utf-8
cache-control: no-cache

18:01:54.764 [AsyncHttpClient-1-2] DEBUG org.asynchttpclient.netty.channel.ChannelManager - Adding key: http://localhost:19367 for channel [id: 0x6769f1cf, L:/127.0.0.1:56315 - R:localhost/127.0.0.1:19367]
18:01:54.767 [Forwarding getCurrentUrl on session f7bd81e104ddfa3f1b80dd75d9869fc4 to remote] DEBUG org.asynchttpclient.netty.request.NettyRequestSender - Using pooled Channel '[id: 0x6769f1cf, L:/127.0.0.1:56315 - R:localhost/127.0.0.1:19367]' for 'GET' to 'http://localhost:19367/session/f7bd81e104ddfa3f1b80dd75d9869fc4/url'
18:01:54.767 [Forwarding getCurrentUrl on session f7bd81e104ddfa3f1b80dd75d9869fc4 to remote] DEBUG org.asynchttpclient.netty.request.NettyRequestSender - Using open Channel [id: 0x6769f1cf, L:/127.0.0.1:56315 - R:localhost/127.0.0.1:19367] for GET '/session/f7bd81e104ddfa3f1b80dd75d9869fc4/url'
18:01:54.775 [AsyncHttpClient-1-2] DEBUG org.asynchttpclient.netty.handler.HttpHandler - 

Request DefaultFullHttpRequest(decodeResult: success, version: HTTP/1.1, content: EmptyByteBufBE)
GET /session/f7bd81e104ddfa3f1b80dd75d9869fc4/url HTTP/1.1
User-Agent: selenium/4.8.1 (java windows)
Cache-Control: no-cache
Content-Type: application/json; charset=utf-8
host: localhost:19367
accept: */*

Response DefaultHttpResponse(decodeResult: success, version: HTTP/1.1)
HTTP/1.1 200 OK
Content-Length: 51
Content-Type: application/json; charset=utf-8
cache-control: no-cache

18:01:54.775 [AsyncHttpClient-1-2] DEBUG org.asynchttpclient.netty.channel.ChannelManager - Adding key: http://localhost:19367 for channel [id: 0x6769f1cf, L:/127.0.0.1:56315 - R:localhost/127.0.0.1:19367]
18:01:54.777 [Forwarding screenshot on session f7bd81e104ddfa3f1b80dd75d9869fc4 to remote] DEBUG org.asynchttpclient.netty.request.NettyRequestSender - Using pooled Channel '[id: 0x6769f1cf, L:/127.0.0.1:56315 - R:localhost/127.0.0.1:19367]' for 'GET' to 'http://localhost:19367/session/f7bd81e104ddfa3f1b80dd75d9869fc4/screenshot'
18:01:54.777 [Forwarding screenshot on session f7bd81e104ddfa3f1b80dd75d9869fc4 to remote] DEBUG org.asynchttpclient.netty.request.NettyRequestSender - Using open Channel [id: 0x6769f1cf, L:/127.0.0.1:56315 - R:localhost/127.0.0.1:19367] for GET '/session/f7bd81e104ddfa3f1b80dd75d9869fc4/screenshot'
18:01:54.915 [AsyncHttpClient-1-2] DEBUG org.asynchttpclient.netty.handler.HttpHandler - 

Request DefaultFullHttpRequest(decodeResult: success, version: HTTP/1.1, content: EmptyByteBufBE)
GET /session/f7bd81e104ddfa3f1b80dd75d9869fc4/screenshot HTTP/1.1
User-Agent: selenium/4.8.1 (java windows)
Cache-Control: no-cache
Content-Type: application/json; charset=utf-8
host: localhost:19367
accept: */*

Response DefaultHttpResponse(decodeResult: success, version: HTTP/1.1)
HTTP/1.1 200 OK
Content-Length: 31280
Content-Type: application/json; charset=utf-8
cache-control: no-cache

18:01:54.916 [AsyncHttpClient-1-2] DEBUG org.asynchttpclient.netty.channel.ChannelManager - Adding key: http://localhost:19367 for channel [id: 0x6769f1cf, L:/127.0.0.1:56315 - R:localhost/127.0.0.1:19367]
18:01:54.922 [main] DEBUG net.serenitybdd.core.photography.Darkroom - Send negative for processing for target\site\serenity\0858813f97ab28265a84fc707f93d127e4aeb8da5997392978ee009c8919cb15.png
18:01:54.922 [main] DEBUG net.thucydides.core.steps.StepInterceptor - STEP DONE: user input valid password
18:01:54.930 [main] DEBUG net.thucydides.core.steps.StepInterceptor - STARTING STEP: LoginStep.userSuccessLogin - click button login
18:01:54.941 [Forwarding findElement on session f7bd81e104ddfa3f1b80dd75d9869fc4 to remote] DEBUG org.asynchttpclient.netty.request.NettyRequestSender - Using pooled Channel '[id: 0x6769f1cf, L:/127.0.0.1:56315 - R:localhost/127.0.0.1:19367]' for 'POST' to 'http://localhost:19367/session/f7bd81e104ddfa3f1b80dd75d9869fc4/element'
18:01:54.941 [Forwarding findElement on session f7bd81e104ddfa3f1b80dd75d9869fc4 to remote] DEBUG org.asynchttpclient.netty.request.NettyRequestSender - Using open Channel [id: 0x6769f1cf, L:/127.0.0.1:56315 - R:localhost/127.0.0.1:19367] for POST '/session/f7bd81e104ddfa3f1b80dd75d9869fc4/element'
18:01:54.945 [Darkroom Processing Line] DEBUG net.serenitybdd.core.photography.DarkroomProcessingLine - Processing screenshot image in /var/screenshots/screenshot-2601893880497029033
18:01:54.945 [Darkroom Processing Line] DEBUG net.serenitybdd.core.photography.DarkroomProcessingLine - Saving screenshot to target\site\serenity\0858813f97ab28265a84fc707f93d127e4aeb8da5997392978ee009c8919cb15.png
18:01:54.961 [AsyncHttpClient-1-2] DEBUG org.asynchttpclient.netty.handler.HttpHandler - 

Request DefaultHttpRequest(decodeResult: success, version: HTTP/1.1)
POST /session/f7bd81e104ddfa3f1b80dd75d9869fc4/element HTTP/1.1
User-Agent: selenium/4.8.1 (java windows)
Content-Length: 69
Content-Type: application/json; charset=utf-8
host: localhost:19367
accept: */*

Response DefaultHttpResponse(decodeResult: success, version: HTTP/1.1)
HTTP/1.1 200 OK
Content-Length: 88
Content-Type: application/json; charset=utf-8
cache-control: no-cache

18:01:54.962 [AsyncHttpClient-1-2] DEBUG org.asynchttpclient.netty.channel.ChannelManager - Adding key: http://localhost:19367 for channel [id: 0x6769f1cf, L:/127.0.0.1:56315 - R:localhost/127.0.0.1:19367]
18:01:54.965 [Forwarding getElementTagName on session f7bd81e104ddfa3f1b80dd75d9869fc4 to remote] DEBUG org.asynchttpclient.netty.request.NettyRequestSender - Using pooled Channel '[id: 0x6769f1cf, L:/127.0.0.1:56315 - R:localhost/127.0.0.1:19367]' for 'GET' to 'http://localhost:19367/session/f7bd81e104ddfa3f1b80dd75d9869fc4/element/0d15f35e-5797-4006-b4a2-f965a73bd013/name'
18:01:54.965 [Forwarding getElementTagName on session f7bd81e104ddfa3f1b80dd75d9869fc4 to remote] DEBUG org.asynchttpclient.netty.request.NettyRequestSender - Using open Channel [id: 0x6769f1cf, L:/127.0.0.1:56315 - R:localhost/127.0.0.1:19367] for GET '/session/f7bd81e104ddfa3f1b80dd75d9869fc4/element/0d15f35e-5797-4006-b4a2-f965a73bd013/name'
18:01:54.974 [AsyncHttpClient-1-2] DEBUG org.asynchttpclient.netty.handler.HttpHandler - 

Request DefaultFullHttpRequest(decodeResult: success, version: HTTP/1.1, content: EmptyByteBufBE)
GET /session/f7bd81e104ddfa3f1b80dd75d9869fc4/element/0d15f35e-5797-4006-b4a2-f965a73bd013/name HTTP/1.1
User-Agent: selenium/4.8.1 (java windows)
Cache-Control: no-cache
Content-Type: application/json; charset=utf-8
host: localhost:19367
accept: */*

Response DefaultHttpResponse(decodeResult: success, version: HTTP/1.1)
HTTP/1.1 200 OK
Content-Length: 16
Content-Type: application/json; charset=utf-8
cache-control: no-cache

18:01:54.974 [AsyncHttpClient-1-2] DEBUG org.asynchttpclient.netty.channel.ChannelManager - Adding key: http://localhost:19367 for channel [id: 0x6769f1cf, L:/127.0.0.1:56315 - R:localhost/127.0.0.1:19367]
18:01:54.977 [Forwarding getElementTagName on session f7bd81e104ddfa3f1b80dd75d9869fc4 to remote] DEBUG org.asynchttpclient.netty.request.NettyRequestSender - Using pooled Channel '[id: 0x6769f1cf, L:/127.0.0.1:56315 - R:localhost/127.0.0.1:19367]' for 'GET' to 'http://localhost:19367/session/f7bd81e104ddfa3f1b80dd75d9869fc4/element/0d15f35e-5797-4006-b4a2-f965a73bd013/name'
18:01:54.978 [Forwarding getElementTagName on session f7bd81e104ddfa3f1b80dd75d9869fc4 to remote] DEBUG org.asynchttpclient.netty.request.NettyRequestSender - Using open Channel [id: 0x6769f1cf, L:/127.0.0.1:56315 - R:localhost/127.0.0.1:19367] for GET '/session/f7bd81e104ddfa3f1b80dd75d9869fc4/element/0d15f35e-5797-4006-b4a2-f965a73bd013/name'
18:01:54.991 [AsyncHttpClient-1-2] DEBUG org.asynchttpclient.netty.handler.HttpHandler - 

Request DefaultFullHttpRequest(decodeResult: success, version: HTTP/1.1, content: EmptyByteBufBE)
GET /session/f7bd81e104ddfa3f1b80dd75d9869fc4/element/0d15f35e-5797-4006-b4a2-f965a73bd013/name HTTP/1.1
User-Agent: selenium/4.8.1 (java windows)
Cache-Control: no-cache
Content-Type: application/json; charset=utf-8
host: localhost:19367
accept: */*

Response DefaultHttpResponse(decodeResult: success, version: HTTP/1.1)
HTTP/1.1 200 OK
Content-Length: 16
Content-Type: application/json; charset=utf-8
cache-control: no-cache

18:01:54.991 [AsyncHttpClient-1-2] DEBUG org.asynchttpclient.netty.channel.ChannelManager - Adding key: http://localhost:19367 for channel [id: 0x6769f1cf, L:/127.0.0.1:56315 - R:localhost/127.0.0.1:19367]
18:01:54.996 [Forwarding findElement on session f7bd81e104ddfa3f1b80dd75d9869fc4 to remote] DEBUG org.asynchttpclient.netty.request.NettyRequestSender - Using pooled Channel '[id: 0x6769f1cf, L:/127.0.0.1:56315 - R:localhost/127.0.0.1:19367]' for 'POST' to 'http://localhost:19367/session/f7bd81e104ddfa3f1b80dd75d9869fc4/element'
18:01:54.996 [Forwarding findElement on session f7bd81e104ddfa3f1b80dd75d9869fc4 to remote] DEBUG org.asynchttpclient.netty.request.NettyRequestSender - Using open Channel [id: 0x6769f1cf, L:/127.0.0.1:56315 - R:localhost/127.0.0.1:19367] for POST '/session/f7bd81e104ddfa3f1b80dd75d9869fc4/element'
18:01:55.008 [AsyncHttpClient-1-2] DEBUG org.asynchttpclient.netty.handler.HttpHandler - 

Request DefaultHttpRequest(decodeResult: success, version: HTTP/1.1)
POST /session/f7bd81e104ddfa3f1b80dd75d9869fc4/element HTTP/1.1
User-Agent: selenium/4.8.1 (java windows)
Content-Length: 69
Content-Type: application/json; charset=utf-8
host: localhost:19367
accept: */*

Response DefaultHttpResponse(decodeResult: success, version: HTTP/1.1)
HTTP/1.1 200 OK
Content-Length: 88
Content-Type: application/json; charset=utf-8
cache-control: no-cache

18:01:55.009 [AsyncHttpClient-1-2] DEBUG org.asynchttpclient.netty.channel.ChannelManager - Adding key: http://localhost:19367 for channel [id: 0x6769f1cf, L:/127.0.0.1:56315 - R:localhost/127.0.0.1:19367]
18:01:55.011 [Forwarding clickElement on session f7bd81e104ddfa3f1b80dd75d9869fc4 to remote] DEBUG org.asynchttpclient.netty.request.NettyRequestSender - Using pooled Channel '[id: 0x6769f1cf, L:/127.0.0.1:56315 - R:localhost/127.0.0.1:19367]' for 'POST' to 'http://localhost:19367/session/f7bd81e104ddfa3f1b80dd75d9869fc4/element/0d15f35e-5797-4006-b4a2-f965a73bd013/click'
18:01:55.011 [Forwarding clickElement on session f7bd81e104ddfa3f1b80dd75d9869fc4 to remote] DEBUG org.asynchttpclient.netty.request.NettyRequestSender - Using open Channel [id: 0x6769f1cf, L:/127.0.0.1:56315 - R:localhost/127.0.0.1:19367] for POST '/session/f7bd81e104ddfa3f1b80dd75d9869fc4/element/0d15f35e-5797-4006-b4a2-f965a73bd013/click'
18:01:55.075 [AsyncHttpClient-1-2] DEBUG org.asynchttpclient.netty.handler.HttpHandler - 

Request DefaultHttpRequest(decodeResult: success, version: HTTP/1.1)
POST /session/f7bd81e104ddfa3f1b80dd75d9869fc4/element/0d15f35e-5797-4006-b4a2-f965a73bd013/click HTTP/1.1
User-Agent: selenium/4.8.1 (java windows)
Content-Length: 50
Content-Type: application/json; charset=utf-8
host: localhost:19367
accept: */*

Response DefaultHttpResponse(decodeResult: success, version: HTTP/1.1)
HTTP/1.1 200 OK
Content-Length: 14
Content-Type: application/json; charset=utf-8
cache-control: no-cache

18:01:55.076 [AsyncHttpClient-1-2] DEBUG org.asynchttpclient.netty.channel.ChannelManager - Adding key: http://localhost:19367 for channel [id: 0x6769f1cf, L:/127.0.0.1:56315 - R:localhost/127.0.0.1:19367]
18:01:55.090 [Forwarding getAlertText on session f7bd81e104ddfa3f1b80dd75d9869fc4 to remote] DEBUG org.asynchttpclient.netty.request.NettyRequestSender - Using pooled Channel '[id: 0x6769f1cf, L:/127.0.0.1:56315 - R:localhost/127.0.0.1:19367]' for 'GET' to 'http://localhost:19367/session/f7bd81e104ddfa3f1b80dd75d9869fc4/alert/text'
18:01:55.091 [Forwarding getAlertText on session f7bd81e104ddfa3f1b80dd75d9869fc4 to remote] DEBUG org.asynchttpclient.netty.request.NettyRequestSender - Using open Channel [id: 0x6769f1cf, L:/127.0.0.1:56315 - R:localhost/127.0.0.1:19367] for GET '/session/f7bd81e104ddfa3f1b80dd75d9869fc4/alert/text'
18:01:55.094 [AsyncHttpClient-1-2] DEBUG org.asynchttpclient.netty.handler.HttpHandler - 

Request DefaultFullHttpRequest(decodeResult: success, version: HTTP/1.1, content: EmptyByteBufBE)
GET /session/f7bd81e104ddfa3f1b80dd75d9869fc4/alert/text HTTP/1.1
User-Agent: selenium/4.8.1 (java windows)
Cache-Control: no-cache
Content-Type: application/json; charset=utf-8
host: localhost:19367
accept: */*

Response DefaultHttpResponse(decodeResult: success, version: HTTP/1.1)
HTTP/1.1 404 Not Found
Content-Length: 848
Content-Type: application/json; charset=utf-8
cache-control: no-cache

18:01:55.094 [AsyncHttpClient-1-2] DEBUG org.asynchttpclient.netty.channel.ChannelManager - Adding key: http://localhost:19367 for channel [id: 0x6769f1cf, L:/127.0.0.1:56315 - R:localhost/127.0.0.1:19367]
18:01:55.109 [Forwarding getCurrentUrl on session f7bd81e104ddfa3f1b80dd75d9869fc4 to remote] DEBUG org.asynchttpclient.netty.request.NettyRequestSender - Using pooled Channel '[id: 0x6769f1cf, L:/127.0.0.1:56315 - R:localhost/127.0.0.1:19367]' for 'GET' to 'http://localhost:19367/session/f7bd81e104ddfa3f1b80dd75d9869fc4/url'
18:01:55.109 [Forwarding getCurrentUrl on session f7bd81e104ddfa3f1b80dd75d9869fc4 to remote] DEBUG org.asynchttpclient.netty.request.NettyRequestSender - Using open Channel [id: 0x6769f1cf, L:/127.0.0.1:56315 - R:localhost/127.0.0.1:19367] for GET '/session/f7bd81e104ddfa3f1b80dd75d9869fc4/url'
18:01:55.146 [AsyncHttpClient-1-2] DEBUG org.asynchttpclient.netty.handler.HttpHandler - 

Request DefaultFullHttpRequest(decodeResult: success, version: HTTP/1.1, content: EmptyByteBufBE)
GET /session/f7bd81e104ddfa3f1b80dd75d9869fc4/url HTTP/1.1
User-Agent: selenium/4.8.1 (java windows)
Cache-Control: no-cache
Content-Type: application/json; charset=utf-8
host: localhost:19367
accept: */*

Response DefaultHttpResponse(decodeResult: success, version: HTTP/1.1)
HTTP/1.1 200 OK
Content-Length: 51
Content-Type: application/json; charset=utf-8
cache-control: no-cache

18:01:55.147 [AsyncHttpClient-1-2] DEBUG org.asynchttpclient.netty.channel.ChannelManager - Adding key: http://localhost:19367 for channel [id: 0x6769f1cf, L:/127.0.0.1:56315 - R:localhost/127.0.0.1:19367]
18:01:55.151 [Forwarding screenshot on session f7bd81e104ddfa3f1b80dd75d9869fc4 to remote] DEBUG org.asynchttpclient.netty.request.NettyRequestSender - Using pooled Channel '[id: 0x6769f1cf, L:/127.0.0.1:56315 - R:localhost/127.0.0.1:19367]' for 'GET' to 'http://localhost:19367/session/f7bd81e104ddfa3f1b80dd75d9869fc4/screenshot'
18:01:55.152 [Forwarding screenshot on session f7bd81e104ddfa3f1b80dd75d9869fc4 to remote] DEBUG org.asynchttpclient.netty.request.NettyRequestSender - Using open Channel [id: 0x6769f1cf, L:/127.0.0.1:56315 - R:localhost/127.0.0.1:19367] for GET '/session/f7bd81e104ddfa3f1b80dd75d9869fc4/screenshot'
18:01:55.419 [AsyncHttpClient-1-2] DEBUG org.asynchttpclient.netty.handler.HttpHandler - 

Request DefaultFullHttpRequest(decodeResult: success, version: HTTP/1.1, content: EmptyByteBufBE)
GET /session/f7bd81e104ddfa3f1b80dd75d9869fc4/screenshot HTTP/1.1
User-Agent: selenium/4.8.1 (java windows)
Cache-Control: no-cache
Content-Type: application/json; charset=utf-8
host: localhost:19367
accept: */*

Response DefaultHttpResponse(decodeResult: success, version: HTTP/1.1)
HTTP/1.1 200 OK
Content-Length: 30716
Content-Type: application/json; charset=utf-8
cache-control: no-cache

18:01:55.420 [AsyncHttpClient-1-2] DEBUG org.asynchttpclient.netty.channel.ChannelManager - Adding key: http://localhost:19367 for channel [id: 0x6769f1cf, L:/127.0.0.1:56315 - R:localhost/127.0.0.1:19367]
18:01:55.424 [main] DEBUG net.serenitybdd.core.photography.Darkroom - Send negative for processing for target\site\serenity\f017928c5cc3e4080d65e1678ee3312daa2adc026e8ffd4f87ba87e078a94cff.png
18:01:55.424 [main] DEBUG net.thucydides.core.steps.StepInterceptor - STEP DONE: click button login
18:01:55.424 [Darkroom Processing Line] DEBUG net.serenitybdd.core.photography.DarkroomProcessingLine - Processing screenshot image in /var/screenshots/screenshot-9108795683998025020
18:01:55.424 [Darkroom Processing Line] DEBUG net.serenitybdd.core.photography.DarkroomProcessingLine - Saving screenshot to target\site\serenity\f017928c5cc3e4080d65e1678ee3312daa2adc026e8ffd4f87ba87e078a94cff.png
18:01:55.430 [main] DEBUG net.thucydides.core.steps.StepInterceptor - STARTING STEP: LoginStep.userSuccessLogin - user can see product homepage
18:01:55.435 [Forwarding findElement on session f7bd81e104ddfa3f1b80dd75d9869fc4 to remote] DEBUG org.asynchttpclient.netty.request.NettyRequestSender - Using pooled Channel '[id: 0x6769f1cf, L:/127.0.0.1:56315 - R:localhost/127.0.0.1:19367]' for 'POST' to 'http://localhost:19367/session/f7bd81e104ddfa3f1b80dd75d9869fc4/element'
18:01:55.435 [Forwarding findElement on session f7bd81e104ddfa3f1b80dd75d9869fc4 to remote] DEBUG org.asynchttpclient.netty.request.NettyRequestSender - Using open Channel [id: 0x6769f1cf, L:/127.0.0.1:56315 - R:localhost/127.0.0.1:19367] for POST '/session/f7bd81e104ddfa3f1b80dd75d9869fc4/element'
18:01:55.461 [AsyncHttpClient-1-2] DEBUG org.asynchttpclient.netty.handler.HttpHandler - 

Request DefaultHttpRequest(decodeResult: success, version: HTTP/1.1)
POST /session/f7bd81e104ddfa3f1b80dd75d9869fc4/element HTTP/1.1
User-Agent: selenium/4.8.1 (java windows)
Content-Length: 75
Content-Type: application/json; charset=utf-8
host: localhost:19367
accept: */*

Response DefaultHttpResponse(decodeResult: success, version: HTTP/1.1)
HTTP/1.1 200 OK
Content-Length: 88
Content-Type: application/json; charset=utf-8
cache-control: no-cache

18:01:55.462 [AsyncHttpClient-1-2] DEBUG org.asynchttpclient.netty.channel.ChannelManager - Adding key: http://localhost:19367 for channel [id: 0x6769f1cf, L:/127.0.0.1:56315 - R:localhost/127.0.0.1:19367]
18:01:55.469 [Forwarding isElementDisplayed on session f7bd81e104ddfa3f1b80dd75d9869fc4 to remote] DEBUG org.asynchttpclient.netty.request.NettyRequestSender - Using pooled Channel '[id: 0x6769f1cf, L:/127.0.0.1:56315 - R:localhost/127.0.0.1:19367]' for 'POST' to 'http://localhost:19367/session/f7bd81e104ddfa3f1b80dd75d9869fc4/execute/sync'
18:01:55.469 [Forwarding isElementDisplayed on session f7bd81e104ddfa3f1b80dd75d9869fc4 to remote] DEBUG org.asynchttpclient.netty.request.NettyRequestSender - Using open Channel [id: 0x6769f1cf, L:/127.0.0.1:56315 - R:localhost/127.0.0.1:19367] for POST '/session/f7bd81e104ddfa3f1b80dd75d9869fc4/execute/sync'
18:01:55.808 [AsyncHttpClient-1-2] DEBUG org.asynchttpclient.netty.handler.HttpHandler - 

Request DefaultHttpRequest(decodeResult: success, version: HTTP/1.1)
POST /session/f7bd81e104ddfa3f1b80dd75d9869fc4/execute/sync HTTP/1.1
User-Agent: selenium/4.8.1 (java windows)
Content-Length: 48807
Content-Type: application/json; charset=utf-8
host: localhost:19367
accept: */*

Response DefaultHttpResponse(decodeResult: success, version: HTTP/1.1)
HTTP/1.1 200 OK
Content-Length: 14
Content-Type: application/json; charset=utf-8
cache-control: no-cache

18:01:55.808 [AsyncHttpClient-1-2] DEBUG org.asynchttpclient.netty.channel.ChannelManager - Adding key: http://localhost:19367 for channel [id: 0x6769f1cf, L:/127.0.0.1:56315 - R:localhost/127.0.0.1:19367]
18:01:55.820 [Forwarding getAlertText on session f7bd81e104ddfa3f1b80dd75d9869fc4 to remote] DEBUG org.asynchttpclient.netty.request.NettyRequestSender - Using pooled Channel '[id: 0x6769f1cf, L:/127.0.0.1:56315 - R:localhost/127.0.0.1:19367]' for 'GET' to 'http://localhost:19367/session/f7bd81e104ddfa3f1b80dd75d9869fc4/alert/text'
18:01:55.820 [Forwarding getAlertText on session f7bd81e104ddfa3f1b80dd75d9869fc4 to remote] DEBUG org.asynchttpclient.netty.request.NettyRequestSender - Using open Channel [id: 0x6769f1cf, L:/127.0.0.1:56315 - R:localhost/127.0.0.1:19367] for GET '/session/f7bd81e104ddfa3f1b80dd75d9869fc4/alert/text'
18:01:55.870 [AsyncHttpClient-1-1] DEBUG org.asynchttpclient.netty.channel.DefaultChannelPool - Entry count for : http://localhost:56317 : 1
18:01:55.882 [AsyncHttpClient-1-2] DEBUG org.asynchttpclient.netty.handler.HttpHandler - 

Request DefaultFullHttpRequest(decodeResult: success, version: HTTP/1.1, content: EmptyByteBufBE)
GET /session/f7bd81e104ddfa3f1b80dd75d9869fc4/alert/text HTTP/1.1
User-Agent: selenium/4.8.1 (java windows)
Cache-Control: no-cache
Content-Type: application/json; charset=utf-8
host: localhost:19367
accept: */*

Response DefaultHttpResponse(decodeResult: success, version: HTTP/1.1)
HTTP/1.1 404 Not Found
Content-Length: 848
Content-Type: application/json; charset=utf-8
cache-control: no-cache

18:01:55.883 [AsyncHttpClient-1-2] DEBUG org.asynchttpclient.netty.channel.ChannelManager - Adding key: http://localhost:19367 for channel [id: 0x6769f1cf, L:/127.0.0.1:56315 - R:localhost/127.0.0.1:19367]
18:01:55.887 [Forwarding getCurrentUrl on session f7bd81e104ddfa3f1b80dd75d9869fc4 to remote] DEBUG org.asynchttpclient.netty.request.NettyRequestSender - Using pooled Channel '[id: 0x6769f1cf, L:/127.0.0.1:56315 - R:localhost/127.0.0.1:19367]' for 'GET' to 'http://localhost:19367/session/f7bd81e104ddfa3f1b80dd75d9869fc4/url'
18:01:55.888 [Forwarding getCurrentUrl on session f7bd81e104ddfa3f1b80dd75d9869fc4 to remote] DEBUG org.asynchttpclient.netty.request.NettyRequestSender - Using open Channel [id: 0x6769f1cf, L:/127.0.0.1:56315 - R:localhost/127.0.0.1:19367] for GET '/session/f7bd81e104ddfa3f1b80dd75d9869fc4/url'
18:01:55.896 [AsyncHttpClient-1-2] DEBUG org.asynchttpclient.netty.handler.HttpHandler - 

Request DefaultFullHttpRequest(decodeResult: success, version: HTTP/1.1, content: EmptyByteBufBE)
GET /session/f7bd81e104ddfa3f1b80dd75d9869fc4/url HTTP/1.1
User-Agent: selenium/4.8.1 (java windows)
Cache-Control: no-cache
Content-Type: application/json; charset=utf-8
host: localhost:19367
accept: */*

Response DefaultHttpResponse(decodeResult: success, version: HTTP/1.1)
HTTP/1.1 200 OK
Content-Length: 41
Content-Type: application/json; charset=utf-8
cache-control: no-cache

18:01:55.896 [AsyncHttpClient-1-2] DEBUG org.asynchttpclient.netty.channel.ChannelManager - Adding key: http://localhost:19367 for channel [id: 0x6769f1cf, L:/127.0.0.1:56315 - R:localhost/127.0.0.1:19367]
18:01:55.901 [Forwarding screenshot on session f7bd81e104ddfa3f1b80dd75d9869fc4 to remote] DEBUG org.asynchttpclient.netty.request.NettyRequestSender - Using pooled Channel '[id: 0x6769f1cf, L:/127.0.0.1:56315 - R:localhost/127.0.0.1:19367]' for 'GET' to 'http://localhost:19367/session/f7bd81e104ddfa3f1b80dd75d9869fc4/screenshot'
18:01:55.901 [Forwarding screenshot on session f7bd81e104ddfa3f1b80dd75d9869fc4 to remote] DEBUG org.asynchttpclient.netty.request.NettyRequestSender - Using open Channel [id: 0x6769f1cf, L:/127.0.0.1:56315 - R:localhost/127.0.0.1:19367] for GET '/session/f7bd81e104ddfa3f1b80dd75d9869fc4/screenshot'
18:01:56.959 [AsyncHttpClient-1-1] DEBUG org.asynchttpclient.netty.channel.DefaultChannelPool - Entry count for : http://localhost:56317 : 1
18:01:58.103 [AsyncHttpClient-1-1] DEBUG org.asynchttpclient.netty.channel.DefaultChannelPool - Entry count for : http://localhost:56317 : 1
18:01:59.178 [AsyncHttpClient-1-1] DEBUG org.asynchttpclient.netty.channel.DefaultChannelPool - Entry count for : http://localhost:56317 : 1
18:02:00.247 [AsyncHttpClient-1-1] DEBUG org.asynchttpclient.netty.channel.DefaultChannelPool - Entry count for : http://localhost:56317 : 1
18:02:00.647 [AsyncHttpClient-1-2] DEBUG org.asynchttpclient.netty.handler.HttpHandler - 

Request DefaultFullHttpRequest(decodeResult: success, version: HTTP/1.1, content: EmptyByteBufBE)
GET /session/f7bd81e104ddfa3f1b80dd75d9869fc4/screenshot HTTP/1.1
User-Agent: selenium/4.8.1 (java windows)
Cache-Control: no-cache
Content-Type: application/json; charset=utf-8
host: localhost:19367
accept: */*

Response DefaultHttpResponse(decodeResult: success, version: HTTP/1.1)
HTTP/1.1 200 OK
Content-Length: 32416
Content-Type: application/json; charset=utf-8
cache-control: no-cache

18:02:00.648 [AsyncHttpClient-1-2] DEBUG org.asynchttpclient.netty.channel.ChannelManager - Adding key: http://localhost:19367 for channel [id: 0x6769f1cf, L:/127.0.0.1:56315 - R:localhost/127.0.0.1:19367]
18:02:00.653 [main] DEBUG net.serenitybdd.core.photography.Darkroom - Send negative for processing for target\site\serenity\86d1c38505417191f22fcb4468be7591b8f2165f31c0f44761c7cf4e625dfe4f.png
18:02:00.653 [main] DEBUG net.thucydides.core.steps.StepInterceptor - STEP DONE: user can see product homepage
18:02:00.653 [Darkroom Processing Line] DEBUG net.serenitybdd.core.photography.DarkroomProcessingLine - Processing screenshot image in /var/screenshots/screenshot-4701209379836132856
18:02:00.653 [Darkroom Processing Line] DEBUG net.serenitybdd.core.photography.DarkroomProcessingLine - Saving screenshot to target\site\serenity\86d1c38505417191f22fcb4468be7591b8f2165f31c0f44761c7cf4e625dfe4f.png
  &amp#27;[32mGiven &amp#27;[0m&amp#27;[32muser success login&amp#27;[0m                                  &amp#27;[90m# starter.stepdefinition.LoginStep.userSuccessLogin()&amp#27;[0m
18:02:00.931 [main] DEBUG net.thucydides.core.steps.StepInterceptor - STARTING STEP: ProductStep.successAddProductToTheCart - user click button Beli
18:02:00.937 [Forwarding findElement on session f7bd81e104ddfa3f1b80dd75d9869fc4 to remote] DEBUG org.asynchttpclient.netty.request.NettyRequestSender - Using pooled Channel '[id: 0x6769f1cf, L:/127.0.0.1:56315 - R:localhost/127.0.0.1:19367]' for 'POST' to 'http://localhost:19367/session/f7bd81e104ddfa3f1b80dd75d9869fc4/element'
18:02:00.937 [Forwarding findElement on session f7bd81e104ddfa3f1b80dd75d9869fc4 to remote] DEBUG org.asynchttpclient.netty.request.NettyRequestSender - Using open Channel [id: 0x6769f1cf, L:/127.0.0.1:56315 - R:localhost/127.0.0.1:19367] for POST '/session/f7bd81e104ddfa3f1b80dd75d9869fc4/element'
18:02:00.963 [AsyncHttpClient-1-2] DEBUG org.asynchttpclient.netty.handler.HttpHandler - 

Request DefaultHttpRequest(decodeResult: success, version: HTTP/1.1)
POST /session/f7bd81e104ddfa3f1b80dd75d9869fc4/element HTTP/1.1
User-Agent: selenium/4.8.1 (java windows)
Content-Length: 96
Content-Type: application/json; charset=utf-8
host: localhost:19367
accept: */*

Response DefaultHttpResponse(decodeResult: success, version: HTTP/1.1)
HTTP/1.1 200 OK
Content-Length: 88
Content-Type: application/json; charset=utf-8
cache-control: no-cache

18:02:00.964 [AsyncHttpClient-1-2] DEBUG org.asynchttpclient.netty.channel.ChannelManager - Adding key: http://localhost:19367 for channel [id: 0x6769f1cf, L:/127.0.0.1:56315 - R:localhost/127.0.0.1:19367]
18:02:00.967 [Forwarding getElementTagName on session f7bd81e104ddfa3f1b80dd75d9869fc4 to remote] DEBUG org.asynchttpclient.netty.request.NettyRequestSender - Using pooled Channel '[id: 0x6769f1cf, L:/127.0.0.1:56315 - R:localhost/127.0.0.1:19367]' for 'GET' to 'http://localhost:19367/session/f7bd81e104ddfa3f1b80dd75d9869fc4/element/832a1d4f-0325-4b60-9b8e-d0f68e836449/name'
18:02:00.967 [Forwarding getElementTagName on session f7bd81e104ddfa3f1b80dd75d9869fc4 to remote] DEBUG org.asynchttpclient.netty.request.NettyRequestSender - Using open Channel [id: 0x6769f1cf, L:/127.0.0.1:56315 - R:localhost/127.0.0.1:19367] for GET '/session/f7bd81e104ddfa3f1b80dd75d9869fc4/element/832a1d4f-0325-4b60-9b8e-d0f68e836449/name'
18:02:00.999 [AsyncHttpClient-1-2] DEBUG org.asynchttpclient.netty.handler.HttpHandler - 

Request DefaultFullHttpRequest(decodeResult: success, version: HTTP/1.1, content: EmptyByteBufBE)
GET /session/f7bd81e104ddfa3f1b80dd75d9869fc4/element/832a1d4f-0325-4b60-9b8e-d0f68e836449/name HTTP/1.1
User-Agent: selenium/4.8.1 (java windows)
Cache-Control: no-cache
Content-Type: application/json; charset=utf-8
host: localhost:19367
accept: */*

Response DefaultHttpResponse(decodeResult: success, version: HTTP/1.1)
HTTP/1.1 200 OK
Content-Length: 16
Content-Type: application/json; charset=utf-8
cache-control: no-cache

18:02:00.999 [AsyncHttpClient-1-2] DEBUG org.asynchttpclient.netty.channel.ChannelManager - Adding key: http://localhost:19367 for channel [id: 0x6769f1cf, L:/127.0.0.1:56315 - R:localhost/127.0.0.1:19367]
18:02:01.003 [Forwarding getElementTagName on session f7bd81e104ddfa3f1b80dd75d9869fc4 to remote] DEBUG org.asynchttpclient.netty.request.NettyRequestSender - Using pooled Channel '[id: 0x6769f1cf, L:/127.0.0.1:56315 - R:localhost/127.0.0.1:19367]' for 'GET' to 'http://localhost:19367/session/f7bd81e104ddfa3f1b80dd75d9869fc4/element/832a1d4f-0325-4b60-9b8e-d0f68e836449/name'
18:02:01.003 [Forwarding getElementTagName on session f7bd81e104ddfa3f1b80dd75d9869fc4 to remote] DEBUG org.asynchttpclient.netty.request.NettyRequestSender - Using open Channel [id: 0x6769f1cf, L:/127.0.0.1:56315 - R:localhost/127.0.0.1:19367] for GET '/session/f7bd81e104ddfa3f1b80dd75d9869fc4/element/832a1d4f-0325-4b60-9b8e-d0f68e836449/name'
18:02:01.008 [AsyncHttpClient-1-2] DEBUG org.asynchttpclient.netty.handler.HttpHandler - 

Request DefaultFullHttpRequest(decodeResult: success, version: HTTP/1.1, content: EmptyByteBufBE)
GET /session/f7bd81e104ddfa3f1b80dd75d9869fc4/element/832a1d4f-0325-4b60-9b8e-d0f68e836449/name HTTP/1.1
User-Agent: selenium/4.8.1 (java windows)
Cache-Control: no-cache
Content-Type: application/json; charset=utf-8
host: localhost:19367
accept: */*

Response DefaultHttpResponse(decodeResult: success, version: HTTP/1.1)
HTTP/1.1 200 OK
Content-Length: 16
Content-Type: application/json; charset=utf-8
cache-control: no-cache

18:02:01.008 [AsyncHttpClient-1-2] DEBUG org.asynchttpclient.netty.channel.ChannelManager - Adding key: http://localhost:19367 for channel [id: 0x6769f1cf, L:/127.0.0.1:56315 - R:localhost/127.0.0.1:19367]
18:02:01.012 [Forwarding findElement on session f7bd81e104ddfa3f1b80dd75d9869fc4 to remote] DEBUG org.asynchttpclient.netty.request.NettyRequestSender - Using pooled Channel '[id: 0x6769f1cf, L:/127.0.0.1:56315 - R:localhost/127.0.0.1:19367]' for 'POST' to 'http://localhost:19367/session/f7bd81e104ddfa3f1b80dd75d9869fc4/element'
18:02:01.012 [Forwarding findElement on session f7bd81e104ddfa3f1b80dd75d9869fc4 to remote] DEBUG org.asynchttpclient.netty.request.NettyRequestSender - Using open Channel [id: 0x6769f1cf, L:/127.0.0.1:56315 - R:localhost/127.0.0.1:19367] for POST '/session/f7bd81e104ddfa3f1b80dd75d9869fc4/element'
18:02:01.030 [AsyncHttpClient-1-2] DEBUG org.asynchttpclient.netty.handler.HttpHandler - 

Request DefaultHttpRequest(decodeResult: success, version: HTTP/1.1)
POST /session/f7bd81e104ddfa3f1b80dd75d9869fc4/element HTTP/1.1
User-Agent: selenium/4.8.1 (java windows)
Content-Length: 96
Content-Type: application/json; charset=utf-8
host: localhost:19367
accept: */*

Response DefaultHttpResponse(decodeResult: success, version: HTTP/1.1)
HTTP/1.1 200 OK
Content-Length: 88
Content-Type: application/json; charset=utf-8
cache-control: no-cache

18:02:01.030 [AsyncHttpClient-1-2] DEBUG org.asynchttpclient.netty.channel.ChannelManager - Adding key: http://localhost:19367 for channel [id: 0x6769f1cf, L:/127.0.0.1:56315 - R:localhost/127.0.0.1:19367]
18:02:01.049 [Forwarding clickElement on session f7bd81e104ddfa3f1b80dd75d9869fc4 to remote] DEBUG org.asynchttpclient.netty.request.NettyRequestSender - Using pooled Channel '[id: 0x6769f1cf, L:/127.0.0.1:56315 - R:localhost/127.0.0.1:19367]' for 'POST' to 'http://localhost:19367/session/f7bd81e104ddfa3f1b80dd75d9869fc4/element/832a1d4f-0325-4b60-9b8e-d0f68e836449/click'
18:02:01.049 [Forwarding clickElement on session f7bd81e104ddfa3f1b80dd75d9869fc4 to remote] DEBUG org.asynchttpclient.netty.request.NettyRequestSender - Using open Channel [id: 0x6769f1cf, L:/127.0.0.1:56315 - R:localhost/127.0.0.1:19367] for POST '/session/f7bd81e104ddfa3f1b80dd75d9869fc4/element/832a1d4f-0325-4b60-9b8e-d0f68e836449/click'
18:02:01.236 [AsyncHttpClient-1-2] DEBUG org.asynchttpclient.netty.handler.HttpHandler - 

Request DefaultHttpRequest(decodeResult: success, version: HTTP/1.1)
POST /session/f7bd81e104ddfa3f1b80dd75d9869fc4/element/832a1d4f-0325-4b60-9b8e-d0f68e836449/click HTTP/1.1
User-Agent: selenium/4.8.1 (java windows)
Content-Length: 50
Content-Type: application/json; charset=utf-8
host: localhost:19367
accept: */*

Response DefaultHttpResponse(decodeResult: success, version: HTTP/1.1)
HTTP/1.1 200 OK
Content-Length: 14
Content-Type: application/json; charset=utf-8
cache-control: no-cache

18:02:01.237 [AsyncHttpClient-1-2] DEBUG org.asynchttpclient.netty.channel.ChannelManager - Adding key: http://localhost:19367 for channel [id: 0x6769f1cf, L:/127.0.0.1:56315 - R:localhost/127.0.0.1:19367]
18:02:01.249 [Forwarding findElement on session f7bd81e104ddfa3f1b80dd75d9869fc4 to remote] DEBUG org.asynchttpclient.netty.request.NettyRequestSender - Using pooled Channel '[id: 0x6769f1cf, L:/127.0.0.1:56315 - R:localhost/127.0.0.1:19367]' for 'POST' to 'http://localhost:19367/session/f7bd81e104ddfa3f1b80dd75d9869fc4/element'
18:02:01.250 [Forwarding findElement on session f7bd81e104ddfa3f1b80dd75d9869fc4 to remote] DEBUG org.asynchttpclient.netty.request.NettyRequestSender - Using open Channel [id: 0x6769f1cf, L:/127.0.0.1:56315 - R:localhost/127.0.0.1:19367] for POST '/session/f7bd81e104ddfa3f1b80dd75d9869fc4/element'
18:02:01.277 [AsyncHttpClient-1-2] DEBUG org.asynchttpclient.netty.handler.HttpHandler - 

Request DefaultHttpRequest(decodeResult: success, version: HTTP/1.1)
POST /session/f7bd81e104ddfa3f1b80dd75d9869fc4/element HTTP/1.1
User-Agent: selenium/4.8.1 (java windows)
Content-Length: 96
Content-Type: application/json; charset=utf-8
host: localhost:19367
accept: */*

Response DefaultHttpResponse(decodeResult: success, version: HTTP/1.1)
HTTP/1.1 200 OK
Content-Length: 88
Content-Type: application/json; charset=utf-8
cache-control: no-cache

18:02:01.277 [AsyncHttpClient-1-2] DEBUG org.asynchttpclient.netty.channel.ChannelManager - Adding key: http://localhost:19367 for channel [id: 0x6769f1cf, L:/127.0.0.1:56315 - R:localhost/127.0.0.1:19367]
18:02:01.280 [Forwarding getElementTagName on session f7bd81e104ddfa3f1b80dd75d9869fc4 to remote] DEBUG org.asynchttpclient.netty.request.NettyRequestSender - Using pooled Channel '[id: 0x6769f1cf, L:/127.0.0.1:56315 - R:localhost/127.0.0.1:19367]' for 'GET' to 'http://localhost:19367/session/f7bd81e104ddfa3f1b80dd75d9869fc4/element/832a1d4f-0325-4b60-9b8e-d0f68e836449/name'
18:02:01.280 [Forwarding getElementTagName on session f7bd81e104ddfa3f1b80dd75d9869fc4 to remote] DEBUG org.asynchttpclient.netty.request.NettyRequestSender - Using open Channel [id: 0x6769f1cf, L:/127.0.0.1:56315 - R:localhost/127.0.0.1:19367] for GET '/session/f7bd81e104ddfa3f1b80dd75d9869fc4/element/832a1d4f-0325-4b60-9b8e-d0f68e836449/name'
18:02:01.292 [AsyncHttpClient-1-2] DEBUG org.asynchttpclient.netty.handler.HttpHandler - 

Request DefaultFullHttpRequest(decodeResult: success, version: HTTP/1.1, content: EmptyByteBufBE)
GET /session/f7bd81e104ddfa3f1b80dd75d9869fc4/element/832a1d4f-0325-4b60-9b8e-d0f68e836449/name HTTP/1.1
User-Agent: selenium/4.8.1 (java windows)
Cache-Control: no-cache
Content-Type: application/json; charset=utf-8
host: localhost:19367
accept: */*

Response DefaultHttpResponse(decodeResult: success, version: HTTP/1.1)
HTTP/1.1 200 OK
Content-Length: 16
Content-Type: application/json; charset=utf-8
cache-control: no-cache

18:02:01.293 [AsyncHttpClient-1-2] DEBUG org.asynchttpclient.netty.channel.ChannelManager - Adding key: http://localhost:19367 for channel [id: 0x6769f1cf, L:/127.0.0.1:56315 - R:localhost/127.0.0.1:19367]
18:02:01.295 [Forwarding getElementTagName on session f7bd81e104ddfa3f1b80dd75d9869fc4 to remote] DEBUG org.asynchttpclient.netty.request.NettyRequestSender - Using pooled Channel '[id: 0x6769f1cf, L:/127.0.0.1:56315 - R:localhost/127.0.0.1:19367]' for 'GET' to 'http://localhost:19367/session/f7bd81e104ddfa3f1b80dd75d9869fc4/element/832a1d4f-0325-4b60-9b8e-d0f68e836449/name'
18:02:01.295 [Forwarding getElementTagName on session f7bd81e104ddfa3f1b80dd75d9869fc4 to remote] DEBUG org.asynchttpclient.netty.request.NettyRequestSender - Using open Channel [id: 0x6769f1cf, L:/127.0.0.1:56315 - R:localhost/127.0.0.1:19367] for GET '/session/f7bd81e104ddfa3f1b80dd75d9869fc4/element/832a1d4f-0325-4b60-9b8e-d0f68e836449/name'
18:02:01.301 [AsyncHttpClient-1-2] DEBUG org.asynchttpclient.netty.handler.HttpHandler - 

Request DefaultFullHttpRequest(decodeResult: success, version: HTTP/1.1, content: EmptyByteBufBE)
GET /session/f7bd81e104ddfa3f1b80dd75d9869fc4/element/832a1d4f-0325-4b60-9b8e-d0f68e836449/name HTTP/1.1
User-Agent: selenium/4.8.1 (java windows)
Cache-Control: no-cache
Content-Type: application/json; charset=utf-8
host: localhost:19367
accept: */*

Response DefaultHttpResponse(decodeResult: success, version: HTTP/1.1)
HTTP/1.1 200 OK
Content-Length: 16
Content-Type: application/json; charset=utf-8
cache-control: no-cache

18:02:01.301 [AsyncHttpClient-1-2] DEBUG org.asynchttpclient.netty.channel.ChannelManager - Adding key: http://localhost:19367 for channel [id: 0x6769f1cf, L:/127.0.0.1:56315 - R:localhost/127.0.0.1:19367]
18:02:01.305 [Forwarding findElement on session f7bd81e104ddfa3f1b80dd75d9869fc4 to remote] DEBUG org.asynchttpclient.netty.request.NettyRequestSender - Using pooled Channel '[id: 0x6769f1cf, L:/127.0.0.1:56315 - R:localhost/127.0.0.1:19367]' for 'POST' to 'http://localhost:19367/session/f7bd81e104ddfa3f1b80dd75d9869fc4/element'
18:02:01.305 [Forwarding findElement on session f7bd81e104ddfa3f1b80dd75d9869fc4 to remote] DEBUG org.asynchttpclient.netty.request.NettyRequestSender - Using open Channel [id: 0x6769f1cf, L:/127.0.0.1:56315 - R:localhost/127.0.0.1:19367] for POST '/session/f7bd81e104ddfa3f1b80dd75d9869fc4/element'
18:02:01.324 [AsyncHttpClient-1-2] DEBUG org.asynchttpclient.netty.handler.HttpHandler - 

Request DefaultHttpRequest(decodeResult: success, version: HTTP/1.1)
POST /session/f7bd81e104ddfa3f1b80dd75d9869fc4/element HTTP/1.1
User-Agent: selenium/4.8.1 (java windows)
Content-Length: 96
Content-Type: application/json; charset=utf-8
host: localhost:19367
accept: */*

Response DefaultHttpResponse(decodeResult: success, version: HTTP/1.1)
HTTP/1.1 200 OK
Content-Length: 88
Content-Type: application/json; charset=utf-8
cache-control: no-cache

18:02:01.324 [AsyncHttpClient-1-2] DEBUG org.asynchttpclient.netty.channel.ChannelManager - Adding key: http://localhost:19367 for channel [id: 0x6769f1cf, L:/127.0.0.1:56315 - R:localhost/127.0.0.1:19367]
18:02:01.326 [Forwarding clickElement on session f7bd81e104ddfa3f1b80dd75d9869fc4 to remote] DEBUG org.asynchttpclient.netty.request.NettyRequestSender - Using pooled Channel '[id: 0x6769f1cf, L:/127.0.0.1:56315 - R:localhost/127.0.0.1:19367]' for 'POST' to 'http://localhost:19367/session/f7bd81e104ddfa3f1b80dd75d9869fc4/element/832a1d4f-0325-4b60-9b8e-d0f68e836449/click'
18:02:01.326 [Forwarding clickElement on session f7bd81e104ddfa3f1b80dd75d9869fc4 to remote] DEBUG org.asynchttpclient.netty.request.NettyRequestSender - Using open Channel [id: 0x6769f1cf, L:/127.0.0.1:56315 - R:localhost/127.0.0.1:19367] for POST '/session/f7bd81e104ddfa3f1b80dd75d9869fc4/element/832a1d4f-0325-4b60-9b8e-d0f68e836449/click'
18:02:01.358 [AsyncHttpClient-1-1] DEBUG org.asynchttpclient.netty.channel.DefaultChannelPool - Entry count for : http://localhost:56317 : 1
18:02:01.431 [AsyncHttpClient-1-2] DEBUG org.asynchttpclient.netty.handler.HttpHandler - 

Request DefaultHttpRequest(decodeResult: success, version: HTTP/1.1)
POST /session/f7bd81e104ddfa3f1b80dd75d9869fc4/element/832a1d4f-0325-4b60-9b8e-d0f68e836449/click HTTP/1.1
User-Agent: selenium/4.8.1 (java windows)
Content-Length: 50
Content-Type: application/json; charset=utf-8
host: localhost:19367
accept: */*

Response DefaultHttpResponse(decodeResult: success, version: HTTP/1.1)
HTTP/1.1 200 OK
Content-Length: 14
Content-Type: application/json; charset=utf-8
cache-control: no-cache

18:02:01.432 [AsyncHttpClient-1-2] DEBUG org.asynchttpclient.netty.channel.ChannelManager - Adding key: http://localhost:19367 for channel [id: 0x6769f1cf, L:/127.0.0.1:56315 - R:localhost/127.0.0.1:19367]
18:02:01.445 [Forwarding getAlertText on session f7bd81e104ddfa3f1b80dd75d9869fc4 to remote] DEBUG org.asynchttpclient.netty.request.NettyRequestSender - Using pooled Channel '[id: 0x6769f1cf, L:/127.0.0.1:56315 - R:localhost/127.0.0.1:19367]' for 'GET' to 'http://localhost:19367/session/f7bd81e104ddfa3f1b80dd75d9869fc4/alert/text'
18:02:01.445 [Forwarding getAlertText on session f7bd81e104ddfa3f1b80dd75d9869fc4 to remote] DEBUG org.asynchttpclient.netty.request.NettyRequestSender - Using open Channel [id: 0x6769f1cf, L:/127.0.0.1:56315 - R:localhost/127.0.0.1:19367] for GET '/session/f7bd81e104ddfa3f1b80dd75d9869fc4/alert/text'
18:02:01.448 [AsyncHttpClient-1-2] DEBUG org.asynchttpclient.netty.handler.HttpHandler - 

Request DefaultFullHttpRequest(decodeResult: success, version: HTTP/1.1, content: EmptyByteBufBE)
GET /session/f7bd81e104ddfa3f1b80dd75d9869fc4/alert/text HTTP/1.1
User-Agent: selenium/4.8.1 (java windows)
Cache-Control: no-cache
Content-Type: application/json; charset=utf-8
host: localhost:19367
accept: */*

Response DefaultHttpResponse(decodeResult: success, version: HTTP/1.1)
HTTP/1.1 404 Not Found
Content-Length: 848
Content-Type: application/json; charset=utf-8
cache-control: no-cache

18:02:01.449 [AsyncHttpClient-1-2] DEBUG org.asynchttpclient.netty.channel.ChannelManager - Adding key: http://localhost:19367 for channel [id: 0x6769f1cf, L:/127.0.0.1:56315 - R:localhost/127.0.0.1:19367]
18:02:01.454 [Forwarding getCurrentUrl on session f7bd81e104ddfa3f1b80dd75d9869fc4 to remote] DEBUG org.asynchttpclient.netty.request.NettyRequestSender - Using pooled Channel '[id: 0x6769f1cf, L:/127.0.0.1:56315 - R:localhost/127.0.0.1:19367]' for 'GET' to 'http://localhost:19367/session/f7bd81e104ddfa3f1b80dd75d9869fc4/url'
18:02:01.454 [Forwarding getCurrentUrl on session f7bd81e104ddfa3f1b80dd75d9869fc4 to remote] DEBUG org.asynchttpclient.netty.request.NettyRequestSender - Using open Channel [id: 0x6769f1cf, L:/127.0.0.1:56315 - R:localhost/127.0.0.1:19367] for GET '/session/f7bd81e104ddfa3f1b80dd75d9869fc4/url'
18:02:01.457 [AsyncHttpClient-1-2] DEBUG org.asynchttpclient.netty.handler.HttpHandler - 

Request DefaultFullHttpRequest(decodeResult: success, version: HTTP/1.1, content: EmptyByteBufBE)
GET /session/f7bd81e104ddfa3f1b80dd75d9869fc4/url HTTP/1.1
User-Agent: selenium/4.8.1 (java windows)
Cache-Control: no-cache
Content-Type: application/json; charset=utf-8
host: localhost:19367
accept: */*

Response DefaultHttpResponse(decodeResult: success, version: HTTP/1.1)
HTTP/1.1 200 OK
Content-Length: 41
Content-Type: application/json; charset=utf-8
cache-control: no-cache

18:02:01.458 [AsyncHttpClient-1-2] DEBUG org.asynchttpclient.netty.channel.ChannelManager - Adding key: http://localhost:19367 for channel [id: 0x6769f1cf, L:/127.0.0.1:56315 - R:localhost/127.0.0.1:19367]
18:02:01.459 [Forwarding screenshot on session f7bd81e104ddfa3f1b80dd75d9869fc4 to remote] DEBUG org.asynchttpclient.netty.request.NettyRequestSender - Using pooled Channel '[id: 0x6769f1cf, L:/127.0.0.1:56315 - R:localhost/127.0.0.1:19367]' for 'GET' to 'http://localhost:19367/session/f7bd81e104ddfa3f1b80dd75d9869fc4/screenshot'
18:02:01.459 [Forwarding screenshot on session f7bd81e104ddfa3f1b80dd75d9869fc4 to remote] DEBUG org.asynchttpclient.netty.request.NettyRequestSender - Using open Channel [id: 0x6769f1cf, L:/127.0.0.1:56315 - R:localhost/127.0.0.1:19367] for GET '/session/f7bd81e104ddfa3f1b80dd75d9869fc4/screenshot'
18:02:01.656 [AsyncHttpClient-1-2] DEBUG org.asynchttpclient.netty.handler.HttpHandler - 

Request DefaultFullHttpRequest(decodeResult: success, version: HTTP/1.1, content: EmptyByteBufBE)
GET /session/f7bd81e104ddfa3f1b80dd75d9869fc4/screenshot HTTP/1.1
User-Agent: selenium/4.8.1 (java windows)
Cache-Control: no-cache
Content-Type: application/json; charset=utf-8
host: localhost:19367
accept: */*

Response DefaultHttpResponse(decodeResult: success, version: HTTP/1.1)
HTTP/1.1 200 OK
Content-Length: 100464
Content-Type: application/json; charset=utf-8
cache-control: no-cache

18:02:01.658 [AsyncHttpClient-1-2] DEBUG org.asynchttpclient.netty.channel.ChannelManager - Adding key: http://localhost:19367 for channel [id: 0x6769f1cf, L:/127.0.0.1:56315 - R:localhost/127.0.0.1:19367]
18:02:01.665 [main] DEBUG net.serenitybdd.core.photography.Darkroom - Send negative for processing for target\site\serenity\e6af8117979f01c028fc5eb67b4a5c8f7c72aa753074c81116e185afa096b04b.png
18:02:01.666 [main] DEBUG net.thucydides.core.steps.StepInterceptor - STEP DONE: user click button Beli
18:02:01.666 [Darkroom Processing Line] DEBUG net.serenitybdd.core.photography.DarkroomProcessingLine - Processing screenshot image in /var/screenshots/screenshot-927866726946695188
18:02:01.666 [Darkroom Processing Line] DEBUG net.serenitybdd.core.photography.DarkroomProcessingLine - Saving screenshot to target\site\serenity\e6af8117979f01c028fc5eb67b4a5c8f7c72aa753074c81116e185afa096b04b.png
18:02:01.698 [main] DEBUG net.thucydides.core.steps.StepInterceptor - STARTING STEP: ProductStep.successAddProductToTheCart - user success to add product to cart
18:02:01.703 [Forwarding findElement on session f7bd81e104ddfa3f1b80dd75d9869fc4 to remote] DEBUG org.asynchttpclient.netty.request.NettyRequestSender - Using pooled Channel '[id: 0x6769f1cf, L:/127.0.0.1:56315 - R:localhost/127.0.0.1:19367]' for 'POST' to 'http://localhost:19367/session/f7bd81e104ddfa3f1b80dd75d9869fc4/element'
18:02:01.703 [Forwarding findElement on session f7bd81e104ddfa3f1b80dd75d9869fc4 to remote] DEBUG org.asynchttpclient.netty.request.NettyRequestSender - Using open Channel [id: 0x6769f1cf, L:/127.0.0.1:56315 - R:localhost/127.0.0.1:19367] for POST '/session/f7bd81e104ddfa3f1b80dd75d9869fc4/element'
18:02:01.727 [AsyncHttpClient-1-2] DEBUG org.asynchttpclient.netty.handler.HttpHandler - 

Request DefaultHttpRequest(decodeResult: success, version: HTTP/1.1)
POST /session/f7bd81e104ddfa3f1b80dd75d9869fc4/element HTTP/1.1
User-Agent: selenium/4.8.1 (java windows)
Content-Length: 80
Content-Type: application/json; charset=utf-8
host: localhost:19367
accept: */*

Response DefaultHttpResponse(decodeResult: success, version: HTTP/1.1)
HTTP/1.1 200 OK
Content-Length: 88
Content-Type: application/json; charset=utf-8
cache-control: no-cache

18:02:01.728 [AsyncHttpClient-1-2] DEBUG org.asynchttpclient.netty.channel.ChannelManager - Adding key: http://localhost:19367 for channel [id: 0x6769f1cf, L:/127.0.0.1:56315 - R:localhost/127.0.0.1:19367]
18:02:01.733 [Forwarding isElementDisplayed on session f7bd81e104ddfa3f1b80dd75d9869fc4 to remote] DEBUG org.asynchttpclient.netty.request.NettyRequestSender - Using pooled Channel '[id: 0x6769f1cf, L:/127.0.0.1:56315 - R:localhost/127.0.0.1:19367]' for 'POST' to 'http://localhost:19367/session/f7bd81e104ddfa3f1b80dd75d9869fc4/execute/sync'
18:02:01.733 [Forwarding isElementDisplayed on session f7bd81e104ddfa3f1b80dd75d9869fc4 to remote] DEBUG org.asynchttpclient.netty.request.NettyRequestSender - Using open Channel [id: 0x6769f1cf, L:/127.0.0.1:56315 - R:localhost/127.0.0.1:19367] for POST '/session/f7bd81e104ddfa3f1b80dd75d9869fc4/execute/sync'
18:02:01.783 [AsyncHttpClient-1-2] DEBUG org.asynchttpclient.netty.handler.HttpHandler - 

Request DefaultHttpRequest(decodeResult: success, version: HTTP/1.1)
POST /session/f7bd81e104ddfa3f1b80dd75d9869fc4/execute/sync HTTP/1.1
User-Agent: selenium/4.8.1 (java windows)
Content-Length: 48807
Content-Type: application/json; charset=utf-8
host: localhost:19367
accept: */*

Response DefaultHttpResponse(decodeResult: success, version: HTTP/1.1)
HTTP/1.1 200 OK
Content-Length: 14
Content-Type: application/json; charset=utf-8
cache-control: no-cache

18:02:01.783 [AsyncHttpClient-1-2] DEBUG org.asynchttpclient.netty.channel.ChannelManager - Adding key: http://localhost:19367 for channel [id: 0x6769f1cf, L:/127.0.0.1:56315 - R:localhost/127.0.0.1:19367]
18:02:01.792 [Forwarding getAlertText on session f7bd81e104ddfa3f1b80dd75d9869fc4 to remote] DEBUG org.asynchttpclient.netty.request.NettyRequestSender - Using pooled Channel '[id: 0x6769f1cf, L:/127.0.0.1:56315 - R:localhost/127.0.0.1:19367]' for 'GET' to 'http://localhost:19367/session/f7bd81e104ddfa3f1b80dd75d9869fc4/alert/text'
18:02:01.792 [Forwarding getAlertText on session f7bd81e104ddfa3f1b80dd75d9869fc4 to remote] DEBUG org.asynchttpclient.netty.request.NettyRequestSender - Using open Channel [id: 0x6769f1cf, L:/127.0.0.1:56315 - R:localhost/127.0.0.1:19367] for GET '/session/f7bd81e104ddfa3f1b80dd75d9869fc4/alert/text'
18:02:01.794 [AsyncHttpClient-1-2] DEBUG org.asynchttpclient.netty.handler.HttpHandler - 

Request DefaultFullHttpRequest(decodeResult: success, version: HTTP/1.1, content: EmptyByteBufBE)
GET /session/f7bd81e104ddfa3f1b80dd75d9869fc4/alert/text HTTP/1.1
User-Agent: selenium/4.8.1 (java windows)
Cache-Control: no-cache
Content-Type: application/json; charset=utf-8
host: localhost:19367
accept: */*

Response DefaultHttpResponse(decodeResult: success, version: HTTP/1.1)
HTTP/1.1 404 Not Found
Content-Length: 848
Content-Type: application/json; charset=utf-8
cache-control: no-cache

18:02:01.795 [AsyncHttpClient-1-2] DEBUG org.asynchttpclient.netty.channel.ChannelManager - Adding key: http://localhost:19367 for channel [id: 0x6769f1cf, L:/127.0.0.1:56315 - R:localhost/127.0.0.1:19367]
18:02:01.797 [Forwarding getCurrentUrl on session f7bd81e104ddfa3f1b80dd75d9869fc4 to remote] DEBUG org.asynchttpclient.netty.request.NettyRequestSender - Using pooled Channel '[id: 0x6769f1cf, L:/127.0.0.1:56315 - R:localhost/127.0.0.1:19367]' for 'GET' to 'http://localhost:19367/session/f7bd81e104ddfa3f1b80dd75d9869fc4/url'
18:02:01.797 [Forwarding getCurrentUrl on session f7bd81e104ddfa3f1b80dd75d9869fc4 to remote] DEBUG org.asynchttpclient.netty.request.NettyRequestSender - Using open Channel [id: 0x6769f1cf, L:/127.0.0.1:56315 - R:localhost/127.0.0.1:19367] for GET '/session/f7bd81e104ddfa3f1b80dd75d9869fc4/url'
18:02:01.802 [AsyncHttpClient-1-2] DEBUG org.asynchttpclient.netty.handler.HttpHandler - 

Request DefaultFullHttpRequest(decodeResult: success, version: HTTP/1.1, content: EmptyByteBufBE)
GET /session/f7bd81e104ddfa3f1b80dd75d9869fc4/url HTTP/1.1
User-Agent: selenium/4.8.1 (java windows)
Cache-Control: no-cache
Content-Type: application/json; charset=utf-8
host: localhost:19367
accept: */*

Response DefaultHttpResponse(decodeResult: success, version: HTTP/1.1)
HTTP/1.1 200 OK
Content-Length: 41
Content-Type: application/json; charset=utf-8
cache-control: no-cache

18:02:01.803 [AsyncHttpClient-1-2] DEBUG org.asynchttpclient.netty.channel.ChannelManager - Adding key: http://localhost:19367 for channel [id: 0x6769f1cf, L:/127.0.0.1:56315 - R:localhost/127.0.0.1:19367]
18:02:01.805 [Forwarding screenshot on session f7bd81e104ddfa3f1b80dd75d9869fc4 to remote] DEBUG org.asynchttpclient.netty.request.NettyRequestSender - Using pooled Channel '[id: 0x6769f1cf, L:/127.0.0.1:56315 - R:localhost/127.0.0.1:19367]' for 'GET' to 'http://localhost:19367/session/f7bd81e104ddfa3f1b80dd75d9869fc4/screenshot'
18:02:01.805 [Forwarding screenshot on session f7bd81e104ddfa3f1b80dd75d9869fc4 to remote] DEBUG org.asynchttpclient.netty.request.NettyRequestSender - Using open Channel [id: 0x6769f1cf, L:/127.0.0.1:56315 - R:localhost/127.0.0.1:19367] for GET '/session/f7bd81e104ddfa3f1b80dd75d9869fc4/screenshot'
18:02:01.986 [AsyncHttpClient-1-2] DEBUG org.asynchttpclient.netty.handler.HttpHandler - 

Request DefaultFullHttpRequest(decodeResult: success, version: HTTP/1.1, content: EmptyByteBufBE)
GET /session/f7bd81e104ddfa3f1b80dd75d9869fc4/screenshot HTTP/1.1
User-Agent: selenium/4.8.1 (java windows)
Cache-Control: no-cache
Content-Type: application/json; charset=utf-8
host: localhost:19367
accept: */*

Response DefaultHttpResponse(decodeResult: success, version: HTTP/1.1)
HTTP/1.1 200 OK
Content-Length: 99856
Content-Type: application/json; charset=utf-8
cache-control: no-cache

18:02:01.987 [AsyncHttpClient-1-2] DEBUG org.asynchttpclient.netty.channel.ChannelManager - Adding key: http://localhost:19367 for channel [id: 0x6769f1cf, L:/127.0.0.1:56315 - R:localhost/127.0.0.1:19367]
18:02:01.994 [main] DEBUG net.serenitybdd.core.photography.Darkroom - Send negative for processing for target\site\serenity\99d60a14b431b3aeb5f3f928c9271f9efd70c0f7ac844e5ee1008de6fd4f32e0.png
18:02:01.994 [Darkroom Processing Line] DEBUG net.serenitybdd.core.photography.DarkroomProcessingLine - Processing screenshot image in /var/screenshots/screenshot-4142378218311592311
18:02:01.994 [Darkroom Processing Line] DEBUG net.serenitybdd.core.photography.DarkroomProcessingLine - Saving screenshot to target\site\serenity\99d60a14b431b3aeb5f3f928c9271f9efd70c0f7ac844e5ee1008de6fd4f32e0.png
18:02:01.995 [main] DEBUG net.thucydides.core.steps.StepInterceptor - STEP DONE: user success to add product to cart
  &amp#27;[32mAnd &amp#27;[0m&amp#27;[32muser success add product to the cart&amp#27;[0m                  &amp#27;[90m# starter.stepdefinition.ProductStep.successAddProductToTheCart()&amp#27;[0m
18:02:02.136 [main] DEBUG net.thucydides.core.steps.StepInterceptor - STARTING STEP: CartStep.userClickTheCart - user click the cart
18:02:02.141 [Forwarding findElement on session f7bd81e104ddfa3f1b80dd75d9869fc4 to remote] DEBUG org.asynchttpclient.netty.request.NettyRequestSender - Using pooled Channel '[id: 0x6769f1cf, L:/127.0.0.1:56315 - R:localhost/127.0.0.1:19367]' for 'POST' to 'http://localhost:19367/session/f7bd81e104ddfa3f1b80dd75d9869fc4/element'
18:02:02.141 [Forwarding findElement on session f7bd81e104ddfa3f1b80dd75d9869fc4 to remote] DEBUG org.asynchttpclient.netty.request.NettyRequestSender - Using open Channel [id: 0x6769f1cf, L:/127.0.0.1:56315 - R:localhost/127.0.0.1:19367] for POST '/session/f7bd81e104ddfa3f1b80dd75d9869fc4/element'
18:02:02.160 [AsyncHttpClient-1-2] DEBUG org.asynchttpclient.netty.handler.HttpHandler - 

Request DefaultHttpRequest(decodeResult: success, version: HTTP/1.1)
POST /session/f7bd81e104ddfa3f1b80dd75d9869fc4/element HTTP/1.1
User-Agent: selenium/4.8.1 (java windows)
Content-Length: 112
Content-Type: application/json; charset=utf-8
host: localhost:19367
accept: */*

Response DefaultHttpResponse(decodeResult: success, version: HTTP/1.1)
HTTP/1.1 200 OK
Content-Length: 88
Content-Type: application/json; charset=utf-8
cache-control: no-cache

18:02:02.160 [AsyncHttpClient-1-2] DEBUG org.asynchttpclient.netty.channel.ChannelManager - Adding key: http://localhost:19367 for channel [id: 0x6769f1cf, L:/127.0.0.1:56315 - R:localhost/127.0.0.1:19367]
18:02:02.162 [Forwarding getElementTagName on session f7bd81e104ddfa3f1b80dd75d9869fc4 to remote] DEBUG org.asynchttpclient.netty.request.NettyRequestSender - Using pooled Channel '[id: 0x6769f1cf, L:/127.0.0.1:56315 - R:localhost/127.0.0.1:19367]' for 'GET' to 'http://localhost:19367/session/f7bd81e104ddfa3f1b80dd75d9869fc4/element/cd62c902-d628-47e1-af07-588b561f87bc/name'
18:02:02.162 [Forwarding getElementTagName on session f7bd81e104ddfa3f1b80dd75d9869fc4 to remote] DEBUG org.asynchttpclient.netty.request.NettyRequestSender - Using open Channel [id: 0x6769f1cf, L:/127.0.0.1:56315 - R:localhost/127.0.0.1:19367] for GET '/session/f7bd81e104ddfa3f1b80dd75d9869fc4/element/cd62c902-d628-47e1-af07-588b561f87bc/name'
18:02:02.167 [AsyncHttpClient-1-2] DEBUG org.asynchttpclient.netty.handler.HttpHandler - 

Request DefaultFullHttpRequest(decodeResult: success, version: HTTP/1.1, content: EmptyByteBufBE)
GET /session/f7bd81e104ddfa3f1b80dd75d9869fc4/element/cd62c902-d628-47e1-af07-588b561f87bc/name HTTP/1.1
User-Agent: selenium/4.8.1 (java windows)
Cache-Control: no-cache
Content-Type: application/json; charset=utf-8
host: localhost:19367
accept: */*

Response DefaultHttpResponse(decodeResult: success, version: HTTP/1.1)
HTTP/1.1 200 OK
Content-Length: 13
Content-Type: application/json; charset=utf-8
cache-control: no-cache

18:02:02.168 [AsyncHttpClient-1-2] DEBUG org.asynchttpclient.netty.channel.ChannelManager - Adding key: http://localhost:19367 for channel [id: 0x6769f1cf, L:/127.0.0.1:56315 - R:localhost/127.0.0.1:19367]
18:02:02.170 [Forwarding getElementTagName on session f7bd81e104ddfa3f1b80dd75d9869fc4 to remote] DEBUG org.asynchttpclient.netty.request.NettyRequestSender - Using pooled Channel '[id: 0x6769f1cf, L:/127.0.0.1:56315 - R:localhost/127.0.0.1:19367]' for 'GET' to 'http://localhost:19367/session/f7bd81e104ddfa3f1b80dd75d9869fc4/element/cd62c902-d628-47e1-af07-588b561f87bc/name'
18:02:02.170 [Forwarding getElementTagName on session f7bd81e104ddfa3f1b80dd75d9869fc4 to remote] DEBUG org.asynchttpclient.netty.request.NettyRequestSender - Using open Channel [id: 0x6769f1cf, L:/127.0.0.1:56315 - R:localhost/127.0.0.1:19367] for GET '/session/f7bd81e104ddfa3f1b80dd75d9869fc4/element/cd62c902-d628-47e1-af07-588b561f87bc/name'
18:02:02.174 [AsyncHttpClient-1-2] DEBUG org.asynchttpclient.netty.handler.HttpHandler - 

Request DefaultFullHttpRequest(decodeResult: success, version: HTTP/1.1, content: EmptyByteBufBE)
GET /session/f7bd81e104ddfa3f1b80dd75d9869fc4/element/cd62c902-d628-47e1-af07-588b561f87bc/name HTTP/1.1
User-Agent: selenium/4.8.1 (java windows)
Cache-Control: no-cache
Content-Type: application/json; charset=utf-8
host: localhost:19367
accept: */*

Response DefaultHttpResponse(decodeResult: success, version: HTTP/1.1)
HTTP/1.1 200 OK
Content-Length: 13
Content-Type: application/json; charset=utf-8
cache-control: no-cache

18:02:02.174 [AsyncHttpClient-1-2] DEBUG org.asynchttpclient.netty.channel.ChannelManager - Adding key: http://localhost:19367 for channel [id: 0x6769f1cf, L:/127.0.0.1:56315 - R:localhost/127.0.0.1:19367]
18:02:02.177 [Forwarding findElement on session f7bd81e104ddfa3f1b80dd75d9869fc4 to remote] DEBUG org.asynchttpclient.netty.request.NettyRequestSender - Using pooled Channel '[id: 0x6769f1cf, L:/127.0.0.1:56315 - R:localhost/127.0.0.1:19367]' for 'POST' to 'http://localhost:19367/session/f7bd81e104ddfa3f1b80dd75d9869fc4/element'
18:02:02.177 [Forwarding findElement on session f7bd81e104ddfa3f1b80dd75d9869fc4 to remote] DEBUG org.asynchttpclient.netty.request.NettyRequestSender - Using open Channel [id: 0x6769f1cf, L:/127.0.0.1:56315 - R:localhost/127.0.0.1:19367] for POST '/session/f7bd81e104ddfa3f1b80dd75d9869fc4/element'
18:02:02.189 [AsyncHttpClient-1-2] DEBUG org.asynchttpclient.netty.handler.HttpHandler - 

Request DefaultHttpRequest(decodeResult: success, version: HTTP/1.1)
POST /session/f7bd81e104ddfa3f1b80dd75d9869fc4/element HTTP/1.1
User-Agent: selenium/4.8.1 (java windows)
Content-Length: 112
Content-Type: application/json; charset=utf-8
host: localhost:19367
accept: */*

Response DefaultHttpResponse(decodeResult: success, version: HTTP/1.1)
HTTP/1.1 200 OK
Content-Length: 88
Content-Type: application/json; charset=utf-8
cache-control: no-cache

18:02:02.190 [AsyncHttpClient-1-2] DEBUG org.asynchttpclient.netty.channel.ChannelManager - Adding key: http://localhost:19367 for channel [id: 0x6769f1cf, L:/127.0.0.1:56315 - R:localhost/127.0.0.1:19367]
18:02:02.191 [Forwarding clickElement on session f7bd81e104ddfa3f1b80dd75d9869fc4 to remote] DEBUG org.asynchttpclient.netty.request.NettyRequestSender - Using pooled Channel '[id: 0x6769f1cf, L:/127.0.0.1:56315 - R:localhost/127.0.0.1:19367]' for 'POST' to 'http://localhost:19367/session/f7bd81e104ddfa3f1b80dd75d9869fc4/element/cd62c902-d628-47e1-af07-588b561f87bc/click'
18:02:02.192 [Forwarding clickElement on session f7bd81e104ddfa3f1b80dd75d9869fc4 to remote] DEBUG org.asynchttpclient.netty.request.NettyRequestSender - Using open Channel [id: 0x6769f1cf, L:/127.0.0.1:56315 - R:localhost/127.0.0.1:19367] for POST '/session/f7bd81e104ddfa3f1b80dd75d9869fc4/element/cd62c902-d628-47e1-af07-588b561f87bc/click'
18:02:02.263 [AsyncHttpClient-1-2] DEBUG org.asynchttpclient.netty.handler.HttpHandler - 

Request DefaultHttpRequest(decodeResult: success, version: HTTP/1.1)
POST /session/f7bd81e104ddfa3f1b80dd75d9869fc4/element/cd62c902-d628-47e1-af07-588b561f87bc/click HTTP/1.1
User-Agent: selenium/4.8.1 (java windows)
Content-Length: 50
Content-Type: application/json; charset=utf-8
host: localhost:19367
accept: */*

Response DefaultHttpResponse(decodeResult: success, version: HTTP/1.1)
HTTP/1.1 200 OK
Content-Length: 14
Content-Type: application/json; charset=utf-8
cache-control: no-cache

18:02:02.263 [AsyncHttpClient-1-2] DEBUG org.asynchttpclient.netty.channel.ChannelManager - Adding key: http://localhost:19367 for channel [id: 0x6769f1cf, L:/127.0.0.1:56315 - R:localhost/127.0.0.1:19367]
18:02:02.280 [Forwarding getAlertText on session f7bd81e104ddfa3f1b80dd75d9869fc4 to remote] DEBUG org.asynchttpclient.netty.request.NettyRequestSender - Using pooled Channel '[id: 0x6769f1cf, L:/127.0.0.1:56315 - R:localhost/127.0.0.1:19367]' for 'GET' to 'http://localhost:19367/session/f7bd81e104ddfa3f1b80dd75d9869fc4/alert/text'
18:02:02.281 [Forwarding getAlertText on session f7bd81e104ddfa3f1b80dd75d9869fc4 to remote] DEBUG org.asynchttpclient.netty.request.NettyRequestSender - Using open Channel [id: 0x6769f1cf, L:/127.0.0.1:56315 - R:localhost/127.0.0.1:19367] for GET '/session/f7bd81e104ddfa3f1b80dd75d9869fc4/alert/text'
18:02:02.448 [AsyncHttpClient-1-1] DEBUG org.asynchttpclient.netty.channel.DefaultChannelPool - Entry count for : http://localhost:56317 : 1
18:02:02.484 [AsyncHttpClient-1-2] DEBUG org.asynchttpclient.netty.handler.HttpHandler - 

Request DefaultFullHttpRequest(decodeResult: success, version: HTTP/1.1, content: EmptyByteBufBE)
GET /session/f7bd81e104ddfa3f1b80dd75d9869fc4/alert/text HTTP/1.1
User-Agent: selenium/4.8.1 (java windows)
Cache-Control: no-cache
Content-Type: application/json; charset=utf-8
host: localhost:19367
accept: */*

Response DefaultHttpResponse(decodeResult: success, version: HTTP/1.1)
HTTP/1.1 404 Not Found
Content-Length: 848
Content-Type: application/json; charset=utf-8
cache-control: no-cache

18:02:02.485 [AsyncHttpClient-1-2] DEBUG org.asynchttpclient.netty.channel.ChannelManager - Adding key: http://localhost:19367 for channel [id: 0x6769f1cf, L:/127.0.0.1:56315 - R:localhost/127.0.0.1:19367]
18:02:02.487 [Forwarding getCurrentUrl on session f7bd81e104ddfa3f1b80dd75d9869fc4 to remote] DEBUG org.asynchttpclient.netty.request.NettyRequestSender - Using pooled Channel '[id: 0x6769f1cf, L:/127.0.0.1:56315 - R:localhost/127.0.0.1:19367]' for 'GET' to 'http://localhost:19367/session/f7bd81e104ddfa3f1b80dd75d9869fc4/url'
18:02:02.487 [Forwarding getCurrentUrl on session f7bd81e104ddfa3f1b80dd75d9869fc4 to remote] DEBUG org.asynchttpclient.netty.request.NettyRequestSender - Using open Channel [id: 0x6769f1cf, L:/127.0.0.1:56315 - R:localhost/127.0.0.1:19367] for GET '/session/f7bd81e104ddfa3f1b80dd75d9869fc4/url'
18:02:02.493 [AsyncHttpClient-1-2] DEBUG org.asynchttpclient.netty.handler.HttpHandler - 

Request DefaultFullHttpRequest(decodeResult: success, version: HTTP/1.1, content: EmptyByteBufBE)
GET /session/f7bd81e104ddfa3f1b80dd75d9869fc4/url HTTP/1.1
User-Agent: selenium/4.8.1 (java windows)
Cache-Control: no-cache
Content-Type: application/json; charset=utf-8
host: localhost:19367
accept: */*

Response DefaultHttpResponse(decodeResult: success, version: HTTP/1.1)
HTTP/1.1 200 OK
Content-Length: 46
Content-Type: application/json; charset=utf-8
cache-control: no-cache

18:02:02.493 [AsyncHttpClient-1-2] DEBUG org.asynchttpclient.netty.channel.ChannelManager - Adding key: http://localhost:19367 for channel [id: 0x6769f1cf, L:/127.0.0.1:56315 - R:localhost/127.0.0.1:19367]
18:02:02.495 [Forwarding screenshot on session f7bd81e104ddfa3f1b80dd75d9869fc4 to remote] DEBUG org.asynchttpclient.netty.request.NettyRequestSender - Using pooled Channel '[id: 0x6769f1cf, L:/127.0.0.1:56315 - R:localhost/127.0.0.1:19367]' for 'GET' to 'http://localhost:19367/session/f7bd81e104ddfa3f1b80dd75d9869fc4/screenshot'
18:02:02.495 [Forwarding screenshot on session f7bd81e104ddfa3f1b80dd75d9869fc4 to remote] DEBUG org.asynchttpclient.netty.request.NettyRequestSender - Using open Channel [id: 0x6769f1cf, L:/127.0.0.1:56315 - R:localhost/127.0.0.1:19367] for GET '/session/f7bd81e104ddfa3f1b80dd75d9869fc4/screenshot'
18:02:02.626 [AsyncHttpClient-1-2] DEBUG org.asynchttpclient.netty.handler.HttpHandler - 

Request DefaultFullHttpRequest(decodeResult: success, version: HTTP/1.1, content: EmptyByteBufBE)
GET /session/f7bd81e104ddfa3f1b80dd75d9869fc4/screenshot HTTP/1.1
User-Agent: selenium/4.8.1 (java windows)
Cache-Control: no-cache
Content-Type: application/json; charset=utf-8
host: localhost:19367
accept: */*

Response DefaultHttpResponse(decodeResult: success, version: HTTP/1.1)
HTTP/1.1 200 OK
Content-Length: 30064
Content-Type: application/json; charset=utf-8
cache-control: no-cache

18:02:02.627 [AsyncHttpClient-1-2] DEBUG org.asynchttpclient.netty.channel.ChannelManager - Adding key: http://localhost:19367 for channel [id: 0x6769f1cf, L:/127.0.0.1:56315 - R:localhost/127.0.0.1:19367]
18:02:02.630 [main] DEBUG net.serenitybdd.core.photography.Darkroom - Send negative for processing for target\site\serenity\ccfac0e82321c97235f5d3c8179e2587c9c59b28e8fb4bb8e7c7add63e99cf98.png
18:02:02.630 [main] DEBUG net.thucydides.core.steps.StepInterceptor - STEP DONE: user click the cart
18:02:02.630 [Darkroom Processing Line] DEBUG net.serenitybdd.core.photography.DarkroomProcessingLine - Processing screenshot image in /var/screenshots/screenshot-1107697106154462029
  &amp#27;[32mWhen &amp#27;[0m&amp#27;[32muser click the cart&amp#27;[0m                                  &amp#27;[90m# starter.stepdefinition.CartStep.userClickTheCart()&amp#27;[0m
18:02:02.630 [Darkroom Processing Line] DEBUG net.serenitybdd.core.photography.DarkroomProcessingLine - Saving screenshot to target\site\serenity\ccfac0e82321c97235f5d3c8179e2587c9c59b28e8fb4bb8e7c7add63e99cf98.png
18:02:02.646 [main] DEBUG net.thucydides.core.steps.StepInterceptor - STARTING STEP: CartStep.userClickButtonPlus - user click button plus
18:02:02.652 [Forwarding findElement on session f7bd81e104ddfa3f1b80dd75d9869fc4 to remote] DEBUG org.asynchttpclient.netty.request.NettyRequestSender - Using pooled Channel '[id: 0x6769f1cf, L:/127.0.0.1:56315 - R:localhost/127.0.0.1:19367]' for 'POST' to 'http://localhost:19367/session/f7bd81e104ddfa3f1b80dd75d9869fc4/element'
18:02:02.652 [Forwarding findElement on session f7bd81e104ddfa3f1b80dd75d9869fc4 to remote] DEBUG org.asynchttpclient.netty.request.NettyRequestSender - Using open Channel [id: 0x6769f1cf, L:/127.0.0.1:56315 - R:localhost/127.0.0.1:19367] for POST '/session/f7bd81e104ddfa3f1b80dd75d9869fc4/element'
18:02:02.662 [AsyncHttpClient-1-2] DEBUG org.asynchttpclient.netty.handler.HttpHandler - 

Request DefaultHttpRequest(decodeResult: success, version: HTTP/1.1)
POST /session/f7bd81e104ddfa3f1b80dd75d9869fc4/element HTTP/1.1
User-Agent: selenium/4.8.1 (java windows)
Content-Length: 65
Content-Type: application/json; charset=utf-8
host: localhost:19367
accept: */*

Response DefaultHttpResponse(decodeResult: success, version: HTTP/1.1)
HTTP/1.1 200 OK
Content-Length: 88
Content-Type: application/json; charset=utf-8
cache-control: no-cache

18:02:02.662 [AsyncHttpClient-1-2] DEBUG org.asynchttpclient.netty.channel.ChannelManager - Adding key: http://localhost:19367 for channel [id: 0x6769f1cf, L:/127.0.0.1:56315 - R:localhost/127.0.0.1:19367]
18:02:02.664 [Forwarding getElementTagName on session f7bd81e104ddfa3f1b80dd75d9869fc4 to remote] DEBUG org.asynchttpclient.netty.request.NettyRequestSender - Using pooled Channel '[id: 0x6769f1cf, L:/127.0.0.1:56315 - R:localhost/127.0.0.1:19367]' for 'GET' to 'http://localhost:19367/session/f7bd81e104ddfa3f1b80dd75d9869fc4/element/b5b2aece-fc05-44cb-a2de-c36c3d9627a6/name'
18:02:02.664 [Forwarding getElementTagName on session f7bd81e104ddfa3f1b80dd75d9869fc4 to remote] DEBUG org.asynchttpclient.netty.request.NettyRequestSender - Using open Channel [id: 0x6769f1cf, L:/127.0.0.1:56315 - R:localhost/127.0.0.1:19367] for GET '/session/f7bd81e104ddfa3f1b80dd75d9869fc4/element/b5b2aece-fc05-44cb-a2de-c36c3d9627a6/name'
18:02:02.669 [AsyncHttpClient-1-2] DEBUG org.asynchttpclient.netty.handler.HttpHandler - 

Request DefaultFullHttpRequest(decodeResult: success, version: HTTP/1.1, content: EmptyByteBufBE)
GET /session/f7bd81e104ddfa3f1b80dd75d9869fc4/element/b5b2aece-fc05-44cb-a2de-c36c3d9627a6/name HTTP/1.1
User-Agent: selenium/4.8.1 (java windows)
Cache-Control: no-cache
Content-Type: application/json; charset=utf-8
host: localhost:19367
accept: */*

Response DefaultHttpResponse(decodeResult: success, version: HTTP/1.1)
HTTP/1.1 200 OK
Content-Length: 16
Content-Type: application/json; charset=utf-8
cache-control: no-cache

18:02:02.669 [AsyncHttpClient-1-2] DEBUG org.asynchttpclient.netty.channel.ChannelManager - Adding key: http://localhost:19367 for channel [id: 0x6769f1cf, L:/127.0.0.1:56315 - R:localhost/127.0.0.1:19367]
18:02:02.670 [Forwarding getElementTagName on session f7bd81e104ddfa3f1b80dd75d9869fc4 to remote] DEBUG org.asynchttpclient.netty.request.NettyRequestSender - Using pooled Channel '[id: 0x6769f1cf, L:/127.0.0.1:56315 - R:localhost/127.0.0.1:19367]' for 'GET' to 'http://localhost:19367/session/f7bd81e104ddfa3f1b80dd75d9869fc4/element/b5b2aece-fc05-44cb-a2de-c36c3d9627a6/name'
18:02:02.671 [Forwarding getElementTagName on session f7bd81e104ddfa3f1b80dd75d9869fc4 to remote] DEBUG org.asynchttpclient.netty.request.NettyRequestSender - Using open Channel [id: 0x6769f1cf, L:/127.0.0.1:56315 - R:localhost/127.0.0.1:19367] for GET '/session/f7bd81e104ddfa3f1b80dd75d9869fc4/element/b5b2aece-fc05-44cb-a2de-c36c3d9627a6/name'
18:02:02.674 [AsyncHttpClient-1-2] DEBUG org.asynchttpclient.netty.handler.HttpHandler - 

Request DefaultFullHttpRequest(decodeResult: success, version: HTTP/1.1, content: EmptyByteBufBE)
GET /session/f7bd81e104ddfa3f1b80dd75d9869fc4/element/b5b2aece-fc05-44cb-a2de-c36c3d9627a6/name HTTP/1.1
User-Agent: selenium/4.8.1 (java windows)
Cache-Control: no-cache
Content-Type: application/json; charset=utf-8
host: localhost:19367
accept: */*

Response DefaultHttpResponse(decodeResult: success, version: HTTP/1.1)
HTTP/1.1 200 OK
Content-Length: 16
Content-Type: application/json; charset=utf-8
cache-control: no-cache

18:02:02.674 [AsyncHttpClient-1-2] DEBUG org.asynchttpclient.netty.channel.ChannelManager - Adding key: http://localhost:19367 for channel [id: 0x6769f1cf, L:/127.0.0.1:56315 - R:localhost/127.0.0.1:19367]
18:02:02.676 [Forwarding findElement on session f7bd81e104ddfa3f1b80dd75d9869fc4 to remote] DEBUG org.asynchttpclient.netty.request.NettyRequestSender - Using pooled Channel '[id: 0x6769f1cf, L:/127.0.0.1:56315 - R:localhost/127.0.0.1:19367]' for 'POST' to 'http://localhost:19367/session/f7bd81e104ddfa3f1b80dd75d9869fc4/element'
18:02:02.676 [Forwarding findElement on session f7bd81e104ddfa3f1b80dd75d9869fc4 to remote] DEBUG org.asynchttpclient.netty.request.NettyRequestSender - Using open Channel [id: 0x6769f1cf, L:/127.0.0.1:56315 - R:localhost/127.0.0.1:19367] for POST '/session/f7bd81e104ddfa3f1b80dd75d9869fc4/element'
18:02:02.681 [AsyncHttpClient-1-2] DEBUG org.asynchttpclient.netty.handler.HttpHandler - 

Request DefaultHttpRequest(decodeResult: success, version: HTTP/1.1)
POST /session/f7bd81e104ddfa3f1b80dd75d9869fc4/element HTTP/1.1
User-Agent: selenium/4.8.1 (java windows)
Content-Length: 65
Content-Type: application/json; charset=utf-8
host: localhost:19367
accept: */*

Response DefaultHttpResponse(decodeResult: success, version: HTTP/1.1)
HTTP/1.1 200 OK
Content-Length: 88
Content-Type: application/json; charset=utf-8
cache-control: no-cache

18:02:02.683 [AsyncHttpClient-1-2] DEBUG org.asynchttpclient.netty.channel.ChannelManager - Adding key: http://localhost:19367 for channel [id: 0x6769f1cf, L:/127.0.0.1:56315 - R:localhost/127.0.0.1:19367]
18:02:02.683 [Forwarding clickElement on session f7bd81e104ddfa3f1b80dd75d9869fc4 to remote] DEBUG org.asynchttpclient.netty.request.NettyRequestSender - Using pooled Channel '[id: 0x6769f1cf, L:/127.0.0.1:56315 - R:localhost/127.0.0.1:19367]' for 'POST' to 'http://localhost:19367/session/f7bd81e104ddfa3f1b80dd75d9869fc4/element/b5b2aece-fc05-44cb-a2de-c36c3d9627a6/click'
18:02:02.683 [Forwarding clickElement on session f7bd81e104ddfa3f1b80dd75d9869fc4 to remote] DEBUG org.asynchttpclient.netty.request.NettyRequestSender - Using open Channel [id: 0x6769f1cf, L:/127.0.0.1:56315 - R:localhost/127.0.0.1:19367] for POST '/session/f7bd81e104ddfa3f1b80dd75d9869fc4/element/b5b2aece-fc05-44cb-a2de-c36c3d9627a6/click'
18:02:02.718 [AsyncHttpClient-1-2] DEBUG org.asynchttpclient.netty.handler.HttpHandler - 

Request DefaultHttpRequest(decodeResult: success, version: HTTP/1.1)
POST /session/f7bd81e104ddfa3f1b80dd75d9869fc4/element/b5b2aece-fc05-44cb-a2de-c36c3d9627a6/click HTTP/1.1
User-Agent: selenium/4.8.1 (java windows)
Content-Length: 50
Content-Type: application/json; charset=utf-8
host: localhost:19367
accept: */*

Response DefaultHttpResponse(decodeResult: success, version: HTTP/1.1)
HTTP/1.1 200 OK
Content-Length: 14
Content-Type: application/json; charset=utf-8
cache-control: no-cache

18:02:02.718 [AsyncHttpClient-1-2] DEBUG org.asynchttpclient.netty.channel.ChannelManager - Adding key: http://localhost:19367 for channel [id: 0x6769f1cf, L:/127.0.0.1:56315 - R:localhost/127.0.0.1:19367]
18:02:02.723 [Forwarding getAlertText on session f7bd81e104ddfa3f1b80dd75d9869fc4 to remote] DEBUG org.asynchttpclient.netty.request.NettyRequestSender - Using pooled Channel '[id: 0x6769f1cf, L:/127.0.0.1:56315 - R:localhost/127.0.0.1:19367]' for 'GET' to 'http://localhost:19367/session/f7bd81e104ddfa3f1b80dd75d9869fc4/alert/text'
18:02:02.724 [Forwarding getAlertText on session f7bd81e104ddfa3f1b80dd75d9869fc4 to remote] DEBUG org.asynchttpclient.netty.request.NettyRequestSender - Using open Channel [id: 0x6769f1cf, L:/127.0.0.1:56315 - R:localhost/127.0.0.1:19367] for GET '/session/f7bd81e104ddfa3f1b80dd75d9869fc4/alert/text'
18:02:02.726 [AsyncHttpClient-1-2] DEBUG org.asynchttpclient.netty.handler.HttpHandler - 

Request DefaultFullHttpRequest(decodeResult: success, version: HTTP/1.1, content: EmptyByteBufBE)
GET /session/f7bd81e104ddfa3f1b80dd75d9869fc4/alert/text HTTP/1.1
User-Agent: selenium/4.8.1 (java windows)
Cache-Control: no-cache
Content-Type: application/json; charset=utf-8
host: localhost:19367
accept: */*

Response DefaultHttpResponse(decodeResult: success, version: HTTP/1.1)
HTTP/1.1 404 Not Found
Content-Length: 848
Content-Type: application/json; charset=utf-8
cache-control: no-cache

18:02:02.726 [AsyncHttpClient-1-2] DEBUG org.asynchttpclient.netty.channel.ChannelManager - Adding key: http://localhost:19367 for channel [id: 0x6769f1cf, L:/127.0.0.1:56315 - R:localhost/127.0.0.1:19367]
18:02:02.728 [Forwarding getCurrentUrl on session f7bd81e104ddfa3f1b80dd75d9869fc4 to remote] DEBUG org.asynchttpclient.netty.request.NettyRequestSender - Using pooled Channel '[id: 0x6769f1cf, L:/127.0.0.1:56315 - R:localhost/127.0.0.1:19367]' for 'GET' to 'http://localhost:19367/session/f7bd81e104ddfa3f1b80dd75d9869fc4/url'
18:02:02.728 [Forwarding getCurrentUrl on session f7bd81e104ddfa3f1b80dd75d9869fc4 to remote] DEBUG org.asynchttpclient.netty.request.NettyRequestSender - Using open Channel [id: 0x6769f1cf, L:/127.0.0.1:56315 - R:localhost/127.0.0.1:19367] for GET '/session/f7bd81e104ddfa3f1b80dd75d9869fc4/url'
18:02:02.736 [AsyncHttpClient-1-2] DEBUG org.asynchttpclient.netty.handler.HttpHandler - 

Request DefaultFullHttpRequest(decodeResult: success, version: HTTP/1.1, content: EmptyByteBufBE)
GET /session/f7bd81e104ddfa3f1b80dd75d9869fc4/url HTTP/1.1
User-Agent: selenium/4.8.1 (java windows)
Cache-Control: no-cache
Content-Type: application/json; charset=utf-8
host: localhost:19367
accept: */*

Response DefaultHttpResponse(decodeResult: success, version: HTTP/1.1)
HTTP/1.1 200 OK
Content-Length: 46
Content-Type: application/json; charset=utf-8
cache-control: no-cache

18:02:02.736 [AsyncHttpClient-1-2] DEBUG org.asynchttpclient.netty.channel.ChannelManager - Adding key: http://localhost:19367 for channel [id: 0x6769f1cf, L:/127.0.0.1:56315 - R:localhost/127.0.0.1:19367]
18:02:02.737 [Forwarding screenshot on session f7bd81e104ddfa3f1b80dd75d9869fc4 to remote] DEBUG org.asynchttpclient.netty.request.NettyRequestSender - Using pooled Channel '[id: 0x6769f1cf, L:/127.0.0.1:56315 - R:localhost/127.0.0.1:19367]' for 'GET' to 'http://localhost:19367/session/f7bd81e104ddfa3f1b80dd75d9869fc4/screenshot'
18:02:02.738 [Forwarding screenshot on session f7bd81e104ddfa3f1b80dd75d9869fc4 to remote] DEBUG org.asynchttpclient.netty.request.NettyRequestSender - Using open Channel [id: 0x6769f1cf, L:/127.0.0.1:56315 - R:localhost/127.0.0.1:19367] for GET '/session/f7bd81e104ddfa3f1b80dd75d9869fc4/screenshot'
18:02:02.840 [AsyncHttpClient-1-2] DEBUG org.asynchttpclient.netty.handler.HttpHandler - 

Request DefaultFullHttpRequest(decodeResult: success, version: HTTP/1.1, content: EmptyByteBufBE)
GET /session/f7bd81e104ddfa3f1b80dd75d9869fc4/screenshot HTTP/1.1
User-Agent: selenium/4.8.1 (java windows)
Cache-Control: no-cache
Content-Type: application/json; charset=utf-8
host: localhost:19367
accept: */*

Response DefaultHttpResponse(decodeResult: success, version: HTTP/1.1)
HTTP/1.1 200 OK
Content-Length: 31476
Content-Type: application/json; charset=utf-8
cache-control: no-cache

18:02:02.841 [AsyncHttpClient-1-2] DEBUG org.asynchttpclient.netty.channel.ChannelManager - Adding key: http://localhost:19367 for channel [id: 0x6769f1cf, L:/127.0.0.1:56315 - R:localhost/127.0.0.1:19367]
18:02:02.843 [main] DEBUG net.serenitybdd.core.photography.Darkroom - Send negative for processing for target\site\serenity\8614cee545175ed67889c7c4df36a4a71cd8323b1bd7573684dfe1ae99c2ca8b.png
18:02:03.483 [main] DEBUG net.thucydides.core.steps.StepInterceptor - STEP DONE: user click button plus
18:02:03.483 [Darkroom Processing Line] DEBUG net.serenitybdd.core.photography.DarkroomProcessingLine - Processing screenshot image in /var/screenshots/screenshot-8318905380066374252
18:02:03.483 [Darkroom Processing Line] DEBUG net.serenitybdd.core.photography.DarkroomProcessingLine - Saving screenshot to target\site\serenity\8614cee545175ed67889c7c4df36a4a71cd8323b1bd7573684dfe1ae99c2ca8b.png
  &amp#27;[32mAnd &amp#27;[0m&amp#27;[32muser click button plus&amp#27;[0m                                &amp#27;[90m# starter.stepdefinition.CartStep.userClickButtonPlus()&amp#27;[0m
18:02:03.497 [main] DEBUG net.thucydides.core.steps.StepInterceptor - STARTING STEP: CartStep.userSuccessAddMoreQuantityProduct - user success add more quantity product
18:02:03.500 [Forwarding findElement on session f7bd81e104ddfa3f1b80dd75d9869fc4 to remote] DEBUG org.asynchttpclient.netty.request.NettyRequestSender - Using pooled Channel '[id: 0x6769f1cf, L:/127.0.0.1:56315 - R:localhost/127.0.0.1:19367]' for 'POST' to 'http://localhost:19367/session/f7bd81e104ddfa3f1b80dd75d9869fc4/element'
18:02:03.500 [Forwarding findElement on session f7bd81e104ddfa3f1b80dd75d9869fc4 to remote] DEBUG org.asynchttpclient.netty.request.NettyRequestSender - Using open Channel [id: 0x6769f1cf, L:/127.0.0.1:56315 - R:localhost/127.0.0.1:19367] for POST '/session/f7bd81e104ddfa3f1b80dd75d9869fc4/element'
18:02:03.507 [AsyncHttpClient-1-2] DEBUG org.asynchttpclient.netty.handler.HttpHandler - 

Request DefaultHttpRequest(decodeResult: success, version: HTTP/1.1)
POST /session/f7bd81e104ddfa3f1b80dd75d9869fc4/element HTTP/1.1
User-Agent: selenium/4.8.1 (java windows)
Content-Length: 75
Content-Type: application/json; charset=utf-8
host: localhost:19367
accept: */*

Response DefaultHttpResponse(decodeResult: success, version: HTTP/1.1)
HTTP/1.1 200 OK
Content-Length: 88
Content-Type: application/json; charset=utf-8
cache-control: no-cache

18:02:03.508 [AsyncHttpClient-1-2] DEBUG org.asynchttpclient.netty.channel.ChannelManager - Adding key: http://localhost:19367 for channel [id: 0x6769f1cf, L:/127.0.0.1:56315 - R:localhost/127.0.0.1:19367]
18:02:03.510 [Forwarding isElementDisplayed on session f7bd81e104ddfa3f1b80dd75d9869fc4 to remote] DEBUG org.asynchttpclient.netty.request.NettyRequestSender - Using pooled Channel '[id: 0x6769f1cf, L:/127.0.0.1:56315 - R:localhost/127.0.0.1:19367]' for 'POST' to 'http://localhost:19367/session/f7bd81e104ddfa3f1b80dd75d9869fc4/execute/sync'
18:02:03.510 [Forwarding isElementDisplayed on session f7bd81e104ddfa3f1b80dd75d9869fc4 to remote] DEBUG org.asynchttpclient.netty.request.NettyRequestSender - Using open Channel [id: 0x6769f1cf, L:/127.0.0.1:56315 - R:localhost/127.0.0.1:19367] for POST '/session/f7bd81e104ddfa3f1b80dd75d9869fc4/execute/sync'
18:02:03.519 [AsyncHttpClient-1-2] DEBUG org.asynchttpclient.netty.handler.HttpHandler - 

Request DefaultHttpRequest(decodeResult: success, version: HTTP/1.1)
POST /session/f7bd81e104ddfa3f1b80dd75d9869fc4/execute/sync HTTP/1.1
User-Agent: selenium/4.8.1 (java windows)
Content-Length: 48807
Content-Type: application/json; charset=utf-8
host: localhost:19367
accept: */*

Response DefaultHttpResponse(decodeResult: success, version: HTTP/1.1)
HTTP/1.1 200 OK
Content-Length: 14
Content-Type: application/json; charset=utf-8
cache-control: no-cache

18:02:03.519 [AsyncHttpClient-1-2] DEBUG org.asynchttpclient.netty.channel.ChannelManager - Adding key: http://localhost:19367 for channel [id: 0x6769f1cf, L:/127.0.0.1:56315 - R:localhost/127.0.0.1:19367]
18:02:03.523 [main] DEBUG net.thucydides.core.steps.StepInterceptor - STEP DONE: user success add more quantity product
  &amp#27;[32mThen &amp#27;[0m&amp#27;[32muser success add more quantity product&amp#27;[0m               &amp#27;[90m# starter.stepdefinition.CartStep.userSuccessAddMoreQuantityProduct()&amp#27;[0m
18:02:03.533 [main] INFO  - 
  _____   ___   ___   _____     ___     _     ___   ___   ___   ___  
 |_   _| | __| / __| |_   _|   | _ \   /_\   / __| / __| | __| |   \ 
   | |   | _|  \__ \   | |     |  _/  / _ \  \__ \ \__ \ | _|  | |) |
   |_|   |___| |___/   |_|     |_|   /_/ \_\ |___/ |___/ |___| |___/ 

As a user, I want to add more product to the cart
----------------------------------------------------------------------
18:02:03.549 [AsyncHttpClient-1-1] DEBUG org.asynchttpclient.netty.channel.DefaultChannelPool - Entry count for : http://localhost:19367 : 1
18:02:03.549 [AsyncHttpClient-1-1] DEBUG org.asynchttpclient.netty.channel.DefaultChannelPool - Entry count for : http://localhost:56317 : 1
18:02:03.586 [Driver Command Executor] DEBUG org.asynchttpclient.netty.request.NettyRequestSender - Using pooled Channel '[id: 0x6769f1cf, L:/127.0.0.1:56315 - R:localhost/127.0.0.1:19367]' for 'DELETE' to 'http://localhost:19367/session/f7bd81e104ddfa3f1b80dd75d9869fc4'
18:02:03.586 [Driver Command Executor] DEBUG org.asynchttpclient.netty.request.NettyRequestSender - Using open Channel [id: 0x6769f1cf, L:/127.0.0.1:56315 - R:localhost/127.0.0.1:19367] for DELETE '/session/f7bd81e104ddfa3f1b80dd75d9869fc4'
18:02:03.635 [AsyncHttpClient-1-3] DEBUG org.asynchttpclient.netty.handler.HttpHandler - Unexpected I/O exception on channel [id: 0x3dadd38d, L:/127.0.0.1:56322 - R:localhost/127.0.0.1:56317]
java.io.IOException: An existing connection was forcibly closed by the remote host
	at sun.nio.ch.SocketDispatcher.read0(Native Method)
	at sun.nio.ch.SocketDispatcher.read(SocketDispatcher.java:43)
	at sun.nio.ch.IOUtil.readIntoNativeBuffer(IOUtil.java:223)
	at sun.nio.ch.IOUtil.read(IOUtil.java:192)
	at sun.nio.ch.SocketChannelImpl.read(SocketChannelImpl.java:378)
	at io.netty.buffer.PooledByteBuf.setBytes(PooledByteBuf.java:259)
	at io.netty.buffer.AbstractByteBuf.writeBytes(AbstractByteBuf.java:1132)
	at io.netty.channel.socket.nio.NioSocketChannel.doReadBytes(NioSocketChannel.java:357)
	at io.netty.channel.nio.AbstractNioByteChannel$NioByteUnsafe.read(AbstractNioByteChannel.java:151)
	at io.netty.channel.nio.NioEventLoop.processSelectedKey(NioEventLoop.java:788)
	at io.netty.channel.nio.NioEventLoop.processSelectedKeysOptimized(NioEventLoop.java:724)
	at io.netty.channel.nio.NioEventLoop.processSelectedKeys(NioEventLoop.java:650)
	at io.netty.channel.nio.NioEventLoop.run(NioEventLoop.java:562)
	at io.netty.util.concurrent.SingleThreadEventExecutor$4.run(SingleThreadEventExecutor.java:997)
	at io.netty.util.internal.ThreadExecutorMap$2.run(ThreadExecutorMap.java:74)
	at io.netty.util.concurrent.FastThreadLocalRunnable.run(FastThreadLocalRunnable.java:30)
	at java.lang.Thread.run(Thread.java:748)
18:02:03.635 [AsyncHttpClient-1-4] DEBUG org.asynchttpclient.netty.handler.WebSocketHandler - Unexpected I/O exception on channel [id: 0xe1c8ec98, L:/127.0.0.1:56323 - R:localhost/127.0.0.1:56317]
java.io.IOException: An existing connection was forcibly closed by the remote host
	at sun.nio.ch.SocketDispatcher.read0(Native Method)
	at sun.nio.ch.SocketDispatcher.read(SocketDispatcher.java:43)
	at sun.nio.ch.IOUtil.readIntoNativeBuffer(IOUtil.java:223)
	at sun.nio.ch.IOUtil.read(IOUtil.java:192)
	at sun.nio.ch.SocketChannelImpl.read(SocketChannelImpl.java:378)
	at io.netty.buffer.PooledByteBuf.setBytes(PooledByteBuf.java:259)
	at io.netty.buffer.AbstractByteBuf.writeBytes(AbstractByteBuf.java:1132)
	at io.netty.channel.socket.nio.NioSocketChannel.doReadBytes(NioSocketChannel.java:357)
	at io.netty.channel.nio.AbstractNioByteChannel$NioByteUnsafe.read(AbstractNioByteChannel.java:151)
	at io.netty.channel.nio.NioEventLoop.processSelectedKey(NioEventLoop.java:788)
	at io.netty.channel.nio.NioEventLoop.processSelectedKeysOptimized(NioEventLoop.java:724)
	at io.netty.channel.nio.NioEventLoop.processSelectedKeys(NioEventLoop.java:650)
	at io.netty.channel.nio.NioEventLoop.run(NioEventLoop.java:562)
	at io.netty.util.concurrent.SingleThreadEventExecutor$4.run(SingleThreadEventExecutor.java:997)
	at io.netty.util.internal.ThreadExecutorMap$2.run(ThreadExecutorMap.java:74)
	at io.netty.util.concurrent.FastThreadLocalRunnable.run(FastThreadLocalRunnable.java:30)
	at java.lang.Thread.run(Thread.java:748)
18:02:03.636 [AsyncHttpClient-1-3] DEBUG org.asynchttpclient.netty.channel.ChannelManager - Closing Channel [id: 0x3dadd38d, L:/127.0.0.1:56322 - R:localhost/127.0.0.1:56317] 
18:02:03.637 [AsyncHttpClient-1-4] DEBUG org.asynchttpclient.netty.handler.WebSocketHandler - Trying to recover from dead Channel: [id: 0xe1c8ec98, L:/127.0.0.1:56323 - R:localhost/127.0.0.1:56317]
18:02:03.637 [AsyncHttpClient-1-4] DEBUG org.asynchttpclient.netty.handler.WebSocketHandler - Channel Closed: [id: 0xe1c8ec98, L:/127.0.0.1:56323 ! R:localhost/127.0.0.1:56317] with attribute NettyResponseFuture{currentRetry=0,
	isDone=1,
	isCancelled=0,
	asyncHandler=org.asynchttpclient.ws.WebSocketUpgradeHandler@45d2b5e9,
	nettyRequest=org.asynchttpclient.netty.request.NettyRequest@54e0e225,
	future=java.util.concurrent.CompletableFuture@46556765[Completed normally],
	uri=ws://localhost:56317/devtools/browser/ea0dd7fc-fc3b-4978-ad39-3878b84c2e6d,
	keepAlive=true,
	redirectCount=0,
	timeoutsHolder=null,
	inAuth=0,
	touch=1683543723636}
18:02:03.638 [AsyncHttpClient-1-4] DEBUG org.asynchttpclient.netty.channel.ChannelManager - Closing Channel [id: 0xe1c8ec98, L:/127.0.0.1:56323 ! R:localhost/127.0.0.1:56317] 
18:02:03.639 [AsyncHttpClient-1-3] DEBUG org.asynchttpclient.netty.handler.HttpHandler - Channel Closed: [id: 0x3dadd38d, L:/127.0.0.1:56322 ! R:localhost/127.0.0.1:56317] with attribute DISCARD
18:02:03.679 [AsyncHttpClient-1-2] DEBUG org.asynchttpclient.netty.handler.HttpHandler - 

Request DefaultFullHttpRequest(decodeResult: success, version: HTTP/1.1, content: EmptyByteBufBE)
DELETE /session/f7bd81e104ddfa3f1b80dd75d9869fc4 HTTP/1.1
User-Agent: selenium/4.8.1 (java windows)
Content-Type: application/json; charset=utf-8
host: localhost:19367
accept: */*

Response DefaultHttpResponse(decodeResult: success, version: HTTP/1.1)
HTTP/1.1 200 OK
Content-Length: 14
Content-Type: application/json; charset=utf-8
cache-control: no-cache

18:02:03.679 [AsyncHttpClient-1-2] DEBUG org.asynchttpclient.netty.channel.ChannelManager - Adding key: http://localhost:19367 for channel [id: 0x6769f1cf, L:/127.0.0.1:56315 - R:localhost/127.0.0.1:19367]
18:02:04.264 [AsyncHttpClient-1-2] DEBUG org.asynchttpclient.netty.handler.HttpHandler - Channel Closed: [id: 0x6769f1cf, L:/127.0.0.1:56315 ! R:localhost/127.0.0.1:19367] with attribute DISCARD
18:02:04.662 [AsyncHttpClient-1-1] DEBUG org.asynchttpclient.netty.channel.DefaultChannelPool - Entry count for : http://localhost:19367 : 1
18:02:05.075 [AsyncHttpClient-1-1] DEBUG org.asynchttpclient.netty.channel.DefaultChannelPool - Entry count for : http://localhost:56317 : 1
18:02:05.075 [AsyncHttpClient-1-1] DEBUG org.asynchttpclient.netty.channel.DefaultChannelPool - Adding Candidate expired Channel [id: 0x6769f1cf, L:/127.0.0.1:56315 ! R:localhost/127.0.0.1:19367] isIdleTimeoutExpired=false isRemotelyClosed=true isTtlExpired=false
18:02:05.076 [AsyncHttpClient-1-1] DEBUG org.asynchttpclient.netty.channel.DefaultChannelPool - Closing Idle Channel [id: 0x6769f1cf, L:/127.0.0.1:56315 ! R:localhost/127.0.0.1:19367]
18:02:05.076 [AsyncHttpClient-1-1] DEBUG org.asynchttpclient.netty.channel.DefaultChannelPool - Adding Candidate expired Channel [id: 0x3dadd38d, L:/127.0.0.1:56322 ! R:localhost/127.0.0.1:56317] isIdleTimeoutExpired=false isRemotelyClosed=true isTtlExpired=false
18:02:05.076 [AsyncHttpClient-1-1] DEBUG org.asynchttpclient.netty.channel.DefaultChannelPool - Closing Idle Channel [id: 0x3dadd38d, L:/127.0.0.1:56322 ! R:localhost/127.0.0.1:56317]
18:02:05.076 [AsyncHttpClient-1-1] DEBUG org.asynchttpclient.netty.channel.DefaultChannelPool - Closed 2 connections out of 2 in 1 ms
]]></system-out>
    <system-err><![CDATA[Starting ChromeDriver 112.0.5615.49 (bd2a7bcb881c11e8cfe3078709382934e3916914-refs/branch-heads/5615@{#936}) on port 19367
Only local connections are allowed.
Please see https://chromedriver.chromium.org/security-considerations for suggestions on keeping ChromeDriver safe.
ChromeDriver was started successfully.
May 08, 2023 6:01:51 PM org.openqa.selenium.devtools.CdpVersionFinder findNearestMatch
WARNING: Unable to find an exact match for CDP version 112, so returning the closest version found: 110
]]></system-err>
  </testcase>
  <testcase name="As a user, I want to pay the product" classname="Cart - As a user I want to pay for the product So that I have to check the cart to pay" time="13.13">
    <system-out><![CDATA[
@TC_Cart_002 @Cart
Scenario: As a user, I want to pay the product &amp#27;[90m# src/test/resources/features/Cart.feature:12&amp#27;[0m
18:02:05.698 [main] DEBUG io.cucumber.core.plugin.SerenityReporter - Running feature from file:///C:/Users/user/IdeaProjects/QE_Devi%20Agustin%20Utari_Mini_Project/Web_Automation_AltaShop/src/test/resources/features/Cart.feature
18:02:05.705 [main] INFO  - 
  _____   ___   ___   _____     ___   _____     _     ___   _____   ___   ___  
 |_   _| | __| / __| |_   _|   / __| |_   _|   /_\   | _ \ |_   _| | __| |   \ 
   | |   | _|  \__ \   | |     \__ \   | |    / _ \  |   /   | |   | _|  | |) |
   |_|   |___| |___/   |_|     |___/   |_|   /_/ \_\ |_|_\   |_|   |___| |___/ 

As a user, I want to pay the product(cart---as-a-user-i-want-to-pay-for-the-product-so-that-i-have-to-check-the-cart-to-pay;as-a-user--i-want-to-pay-the-product)
--------------------------------------------------------------------------------
18:02:06.273 [main] DEBUG net.thucydides.core.steps.StepInterceptor - STARTING STEP: LoginStep.userSuccessLogin - user on login page
18:02:06.439 [main] INFO net.serenitybdd.core.webdriver.driverproviders.ChromeDriverProvider - Starting Chrome driver instance with capabilities:
18:02:06.439 [main] INFO net.serenitybdd.core.webdriver.driverproviders.ChromeDriverProvider - Capabilities {acceptInsecureCerts: true, browserName: chrome, goog:chromeOptions: {args: [remote-allow-origins=*, test-type, no-sandbox, ignore-certificate-errors, start-maximized, incognito, disable-infobars, disable-gpu, disable-default-apps, disable-popup-blocking, remote-allow-origins=*, test-type, no-sandbox, ignore-certificate-errors, start-maximized, incognito, disable-infobars, disable-gpu, disable-default-apps, disable-popup-blocking, remote-allow-origins=*], extensions: []}}
18:02:07.101 [AsyncHttpClient-1-5] DEBUG org.asynchttpclient.netty.channel.NettyConnectListener - Using new Channel '[id: 0xcf9406f8, L:/127.0.0.1:56355 - R:localhost/127.0.0.1:4456]' for 'POST' to '/session'
18:02:08.736 [AsyncHttpClient-1-5] DEBUG org.asynchttpclient.netty.handler.HttpHandler - 

Request DefaultHttpRequest(decodeResult: success, version: HTTP/1.1)
POST /session HTTP/1.1
User-Agent: selenium/4.8.1 (java windows)
Content-Length: 1701
Content-Type: application/json; charset=utf-8
host: localhost:4456
accept: */*

Response DefaultHttpResponse(decodeResult: success, version: HTTP/1.1)
HTTP/1.1 200 OK
Content-Length: 844
Content-Type: application/json; charset=utf-8
cache-control: no-cache

18:02:08.736 [AsyncHttpClient-1-5] DEBUG org.asynchttpclient.netty.channel.ChannelManager - Adding key: http://localhost:4456 for channel [id: 0xcf9406f8, L:/127.0.0.1:56355 - R:localhost/127.0.0.1:4456]
18:02:08.742 [AsyncHttpClient-1-6] DEBUG org.asynchttpclient.netty.channel.NettyConnectListener - Using new Channel '[id: 0xb0eb8e1b, L:/127.0.0.1:56362 - R:localhost/127.0.0.1:56357]' for 'GET' to '/json/version'
18:02:08.743 [AsyncHttpClient-1-6] DEBUG org.asynchttpclient.netty.handler.HttpHandler - 

Request DefaultFullHttpRequest(decodeResult: success, version: HTTP/1.1, content: EmptyByteBufBE)
GET /json/version HTTP/1.1
User-Agent: selenium/4.8.1 (java windows)
host: localhost:56357
accept: */*

Response DefaultHttpResponse(decodeResult: success, version: HTTP/1.1)
HTTP/1.1 200 OK
Content-Security-Policy: frame-ancestors 'none'
Content-Length: 424
Content-Type: application/json; charset=UTF-8

18:02:08.743 [AsyncHttpClient-1-6] DEBUG org.asynchttpclient.netty.channel.ChannelManager - Adding key: http://localhost:56357 for channel [id: 0xb0eb8e1b, L:/127.0.0.1:56362 - R:localhost/127.0.0.1:56357]
18:02:08.746 [AsyncHttpClient-1-7] DEBUG org.asynchttpclient.netty.channel.NettyConnectListener - Using new Channel '[id: 0x7d388dba, L:/127.0.0.1:56363 - R:localhost/127.0.0.1:56357]' for 'GET' to '/devtools/browser/b5e11fbf-0853-43ea-b96c-6bcb3290bf91'
18:02:08.747 [AsyncHttpClient-1-7] DEBUG org.asynchttpclient.netty.handler.WebSocketHandler - 

Request DefaultFullHttpRequest(decodeResult: success, version: HTTP/1.1, content: EmptyByteBufBE)
GET /devtools/browser/b5e11fbf-0853-43ea-b96c-6bcb3290bf91 HTTP/1.1
upgrade: websocket
connection: upgrade
sec-websocket-key: Bts8doSMMjFQ4sv6gyhyWg==
sec-websocket-version: 13
origin: http://localhost:56357
host: localhost:56357
accept: */*
user-agent: AHC/2.1

Response DefaultHttpResponse(decodeResult: success, version: HTTP/1.1)
HTTP/1.1 101 WebSocket Protocol Handshake
Upgrade: WebSocket
Connection: Upgrade
Sec-WebSocket-Accept: 8/Q8n9w1oBP6M3Abn+RvcXabCIU=

18:02:08.750 [Forwarding get on session 388b59d491e0d233780b3d48c90ac7b3 to remote] DEBUG org.asynchttpclient.netty.request.NettyRequestSender - Using pooled Channel '[id: 0xcf9406f8, L:/127.0.0.1:56355 - R:localhost/127.0.0.1:4456]' for 'POST' to 'http://localhost:4456/session/388b59d491e0d233780b3d48c90ac7b3/url'
18:02:08.751 [Forwarding get on session 388b59d491e0d233780b3d48c90ac7b3 to remote] DEBUG org.asynchttpclient.netty.request.NettyRequestSender - Using open Channel [id: 0xcf9406f8, L:/127.0.0.1:56355 - R:localhost/127.0.0.1:4456] for POST '/session/388b59d491e0d233780b3d48c90ac7b3/url'
18:02:09.555 [AsyncHttpClient-1-1] DEBUG org.asynchttpclient.netty.channel.DefaultChannelPool - Entry count for : http://localhost:56357 : 1
18:02:10.206 [AsyncHttpClient-1-5] DEBUG org.asynchttpclient.netty.handler.HttpHandler - 

Request DefaultHttpRequest(decodeResult: success, version: HTTP/1.1)
POST /session/388b59d491e0d233780b3d48c90ac7b3/url HTTP/1.1
User-Agent: selenium/4.8.1 (java windows)
Content-Length: 74
Content-Type: application/json; charset=utf-8
host: localhost:4456
accept: */*

Response DefaultHttpResponse(decodeResult: success, version: HTTP/1.1)
HTTP/1.1 200 OK
Content-Length: 14
Content-Type: application/json; charset=utf-8
cache-control: no-cache

18:02:10.206 [AsyncHttpClient-1-5] DEBUG org.asynchttpclient.netty.channel.ChannelManager - Adding key: http://localhost:4456 for channel [id: 0xcf9406f8, L:/127.0.0.1:56355 - R:localhost/127.0.0.1:4456]
18:02:10.209 [Forwarding setTimeout on session 388b59d491e0d233780b3d48c90ac7b3 to remote] DEBUG org.asynchttpclient.netty.request.NettyRequestSender - Using pooled Channel '[id: 0xcf9406f8, L:/127.0.0.1:56355 - R:localhost/127.0.0.1:4456]' for 'POST' to 'http://localhost:4456/session/388b59d491e0d233780b3d48c90ac7b3/timeouts'
18:02:10.209 [Forwarding setTimeout on session 388b59d491e0d233780b3d48c90ac7b3 to remote] DEBUG org.asynchttpclient.netty.request.NettyRequestSender - Using open Channel [id: 0xcf9406f8, L:/127.0.0.1:56355 - R:localhost/127.0.0.1:4456] for POST '/session/388b59d491e0d233780b3d48c90ac7b3/timeouts'
18:02:10.210 [AsyncHttpClient-1-5] DEBUG org.asynchttpclient.netty.handler.HttpHandler - 

Request DefaultHttpRequest(decodeResult: success, version: HTTP/1.1)
POST /session/388b59d491e0d233780b3d48c90ac7b3/timeouts HTTP/1.1
User-Agent: selenium/4.8.1 (java windows)
Content-Length: 22
Content-Type: application/json; charset=utf-8
host: localhost:4456
accept: */*

Response DefaultHttpResponse(decodeResult: success, version: HTTP/1.1)
HTTP/1.1 200 OK
Content-Length: 14
Content-Type: application/json; charset=utf-8
cache-control: no-cache

18:02:10.210 [AsyncHttpClient-1-5] DEBUG org.asynchttpclient.netty.channel.ChannelManager - Adding key: http://localhost:4456 for channel [id: 0xcf9406f8, L:/127.0.0.1:56355 - R:localhost/127.0.0.1:4456]
18:02:10.220 [Forwarding findElement on session 388b59d491e0d233780b3d48c90ac7b3 to remote] DEBUG org.asynchttpclient.netty.request.NettyRequestSender - Using pooled Channel '[id: 0xcf9406f8, L:/127.0.0.1:56355 - R:localhost/127.0.0.1:4456]' for 'POST' to 'http://localhost:4456/session/388b59d491e0d233780b3d48c90ac7b3/element'
18:02:10.220 [Forwarding findElement on session 388b59d491e0d233780b3d48c90ac7b3 to remote] DEBUG org.asynchttpclient.netty.request.NettyRequestSender - Using open Channel [id: 0xcf9406f8, L:/127.0.0.1:56355 - R:localhost/127.0.0.1:4456] for POST '/session/388b59d491e0d233780b3d48c90ac7b3/element'
18:02:10.238 [AsyncHttpClient-1-5] DEBUG org.asynchttpclient.netty.handler.HttpHandler - 

Request DefaultHttpRequest(decodeResult: success, version: HTTP/1.1)
POST /session/388b59d491e0d233780b3d48c90ac7b3/element HTTP/1.1
User-Agent: selenium/4.8.1 (java windows)
Content-Length: 69
Content-Type: application/json; charset=utf-8
host: localhost:4456
accept: */*

Response DefaultHttpResponse(decodeResult: success, version: HTTP/1.1)
HTTP/1.1 200 OK
Content-Length: 88
Content-Type: application/json; charset=utf-8
cache-control: no-cache

18:02:10.238 [AsyncHttpClient-1-5] DEBUG org.asynchttpclient.netty.channel.ChannelManager - Adding key: http://localhost:4456 for channel [id: 0xcf9406f8, L:/127.0.0.1:56355 - R:localhost/127.0.0.1:4456]
18:02:10.244 [Forwarding isElementDisplayed on session 388b59d491e0d233780b3d48c90ac7b3 to remote] DEBUG org.asynchttpclient.netty.request.NettyRequestSender - Using pooled Channel '[id: 0xcf9406f8, L:/127.0.0.1:56355 - R:localhost/127.0.0.1:4456]' for 'POST' to 'http://localhost:4456/session/388b59d491e0d233780b3d48c90ac7b3/execute/sync'
18:02:10.244 [Forwarding isElementDisplayed on session 388b59d491e0d233780b3d48c90ac7b3 to remote] DEBUG org.asynchttpclient.netty.request.NettyRequestSender - Using open Channel [id: 0xcf9406f8, L:/127.0.0.1:56355 - R:localhost/127.0.0.1:4456] for POST '/session/388b59d491e0d233780b3d48c90ac7b3/execute/sync'
18:02:10.270 [AsyncHttpClient-1-5] DEBUG org.asynchttpclient.netty.handler.HttpHandler - 

Request DefaultHttpRequest(decodeResult: success, version: HTTP/1.1)
POST /session/388b59d491e0d233780b3d48c90ac7b3/execute/sync HTTP/1.1
User-Agent: selenium/4.8.1 (java windows)
Content-Length: 48807
Content-Type: application/json; charset=utf-8
host: localhost:4456
accept: */*

Response DefaultHttpResponse(decodeResult: success, version: HTTP/1.1)
HTTP/1.1 200 OK
Content-Length: 14
Content-Type: application/json; charset=utf-8
cache-control: no-cache

18:02:10.270 [AsyncHttpClient-1-5] DEBUG org.asynchttpclient.netty.channel.ChannelManager - Adding key: http://localhost:4456 for channel [id: 0xcf9406f8, L:/127.0.0.1:56355 - R:localhost/127.0.0.1:4456]
18:02:10.278 [Forwarding getAlertText on session 388b59d491e0d233780b3d48c90ac7b3 to remote] DEBUG org.asynchttpclient.netty.request.NettyRequestSender - Using pooled Channel '[id: 0xcf9406f8, L:/127.0.0.1:56355 - R:localhost/127.0.0.1:4456]' for 'GET' to 'http://localhost:4456/session/388b59d491e0d233780b3d48c90ac7b3/alert/text'
18:02:10.278 [Forwarding getAlertText on session 388b59d491e0d233780b3d48c90ac7b3 to remote] DEBUG org.asynchttpclient.netty.request.NettyRequestSender - Using open Channel [id: 0xcf9406f8, L:/127.0.0.1:56355 - R:localhost/127.0.0.1:4456] for GET '/session/388b59d491e0d233780b3d48c90ac7b3/alert/text'
18:02:10.280 [AsyncHttpClient-1-5] DEBUG org.asynchttpclient.netty.handler.HttpHandler - 

Request DefaultFullHttpRequest(decodeResult: success, version: HTTP/1.1, content: EmptyByteBufBE)
GET /session/388b59d491e0d233780b3d48c90ac7b3/alert/text HTTP/1.1
User-Agent: selenium/4.8.1 (java windows)
Cache-Control: no-cache
Content-Type: application/json; charset=utf-8
host: localhost:4456
accept: */*

Response DefaultHttpResponse(decodeResult: success, version: HTTP/1.1)
HTTP/1.1 404 Not Found
Content-Length: 848
Content-Type: application/json; charset=utf-8
cache-control: no-cache

18:02:10.281 [AsyncHttpClient-1-5] DEBUG org.asynchttpclient.netty.channel.ChannelManager - Adding key: http://localhost:4456 for channel [id: 0xcf9406f8, L:/127.0.0.1:56355 - R:localhost/127.0.0.1:4456]
18:02:10.283 [Forwarding getCurrentUrl on session 388b59d491e0d233780b3d48c90ac7b3 to remote] DEBUG org.asynchttpclient.netty.request.NettyRequestSender - Using pooled Channel '[id: 0xcf9406f8, L:/127.0.0.1:56355 - R:localhost/127.0.0.1:4456]' for 'GET' to 'http://localhost:4456/session/388b59d491e0d233780b3d48c90ac7b3/url'
18:02:10.283 [Forwarding getCurrentUrl on session 388b59d491e0d233780b3d48c90ac7b3 to remote] DEBUG org.asynchttpclient.netty.request.NettyRequestSender - Using open Channel [id: 0xcf9406f8, L:/127.0.0.1:56355 - R:localhost/127.0.0.1:4456] for GET '/session/388b59d491e0d233780b3d48c90ac7b3/url'
18:02:10.288 [AsyncHttpClient-1-5] DEBUG org.asynchttpclient.netty.handler.HttpHandler - 

Request DefaultFullHttpRequest(decodeResult: success, version: HTTP/1.1, content: EmptyByteBufBE)
GET /session/388b59d491e0d233780b3d48c90ac7b3/url HTTP/1.1
User-Agent: selenium/4.8.1 (java windows)
Cache-Control: no-cache
Content-Type: application/json; charset=utf-8
host: localhost:4456
accept: */*

Response DefaultHttpResponse(decodeResult: success, version: HTTP/1.1)
HTTP/1.1 200 OK
Content-Length: 51
Content-Type: application/json; charset=utf-8
cache-control: no-cache

18:02:10.288 [AsyncHttpClient-1-5] DEBUG org.asynchttpclient.netty.channel.ChannelManager - Adding key: http://localhost:4456 for channel [id: 0xcf9406f8, L:/127.0.0.1:56355 - R:localhost/127.0.0.1:4456]
18:02:10.290 [Forwarding screenshot on session 388b59d491e0d233780b3d48c90ac7b3 to remote] DEBUG org.asynchttpclient.netty.request.NettyRequestSender - Using pooled Channel '[id: 0xcf9406f8, L:/127.0.0.1:56355 - R:localhost/127.0.0.1:4456]' for 'GET' to 'http://localhost:4456/session/388b59d491e0d233780b3d48c90ac7b3/screenshot'
18:02:10.290 [Forwarding screenshot on session 388b59d491e0d233780b3d48c90ac7b3 to remote] DEBUG org.asynchttpclient.netty.request.NettyRequestSender - Using open Channel [id: 0xcf9406f8, L:/127.0.0.1:56355 - R:localhost/127.0.0.1:4456] for GET '/session/388b59d491e0d233780b3d48c90ac7b3/screenshot'
18:02:10.392 [AsyncHttpClient-1-5] DEBUG org.asynchttpclient.netty.handler.HttpHandler - 

Request DefaultFullHttpRequest(decodeResult: success, version: HTTP/1.1, content: EmptyByteBufBE)
GET /session/388b59d491e0d233780b3d48c90ac7b3/screenshot HTTP/1.1
User-Agent: selenium/4.8.1 (java windows)
Cache-Control: no-cache
Content-Type: application/json; charset=utf-8
host: localhost:4456
accept: */*

Response DefaultHttpResponse(decodeResult: success, version: HTTP/1.1)
HTTP/1.1 200 OK
Content-Length: 25060
Content-Type: application/json; charset=utf-8
cache-control: no-cache

18:02:10.392 [AsyncHttpClient-1-5] DEBUG org.asynchttpclient.netty.channel.ChannelManager - Adding key: http://localhost:4456 for channel [id: 0xcf9406f8, L:/127.0.0.1:56355 - R:localhost/127.0.0.1:4456]
18:02:10.395 [main] DEBUG net.serenitybdd.core.photography.Darkroom - Send negative for processing for target\site\serenity\1db263dd5c04c8fe15e82ee6420144d4e1e7b9826b9315cfd7ec5b5d0da76045.png
18:02:10.395 [main] DEBUG net.thucydides.core.steps.StepInterceptor - STEP DONE: user on login page
18:02:10.400 [main] DEBUG net.thucydides.core.steps.StepInterceptor - STARTING STEP: LoginStep.userSuccessLogin - user input valid email
18:02:10.406 [Forwarding findElement on session 388b59d491e0d233780b3d48c90ac7b3 to remote] DEBUG org.asynchttpclient.netty.request.NettyRequestSender - Using pooled Channel '[id: 0xcf9406f8, L:/127.0.0.1:56355 - R:localhost/127.0.0.1:4456]' for 'POST' to 'http://localhost:4456/session/388b59d491e0d233780b3d48c90ac7b3/element'
18:02:10.406 [Forwarding findElement on session 388b59d491e0d233780b3d48c90ac7b3 to remote] DEBUG org.asynchttpclient.netty.request.NettyRequestSender - Using open Channel [id: 0xcf9406f8, L:/127.0.0.1:56355 - R:localhost/127.0.0.1:4456] for POST '/session/388b59d491e0d233780b3d48c90ac7b3/element'
18:02:10.422 [AsyncHttpClient-1-5] DEBUG org.asynchttpclient.netty.handler.HttpHandler - 

Request DefaultHttpRequest(decodeResult: success, version: HTTP/1.1)
POST /session/388b59d491e0d233780b3d48c90ac7b3/element HTTP/1.1
User-Agent: selenium/4.8.1 (java windows)
Content-Length: 55
Content-Type: application/json; charset=utf-8
host: localhost:4456
accept: */*

Response DefaultHttpResponse(decodeResult: success, version: HTTP/1.1)
HTTP/1.1 200 OK
Content-Length: 88
Content-Type: application/json; charset=utf-8
cache-control: no-cache

18:02:10.422 [AsyncHttpClient-1-5] DEBUG org.asynchttpclient.netty.channel.ChannelManager - Adding key: http://localhost:4456 for channel [id: 0xcf9406f8, L:/127.0.0.1:56355 - R:localhost/127.0.0.1:4456]
18:02:10.424 [Forwarding clearElement on session 388b59d491e0d233780b3d48c90ac7b3 to remote] DEBUG org.asynchttpclient.netty.request.NettyRequestSender - Using pooled Channel '[id: 0xcf9406f8, L:/127.0.0.1:56355 - R:localhost/127.0.0.1:4456]' for 'POST' to 'http://localhost:4456/session/388b59d491e0d233780b3d48c90ac7b3/element/771acbb9-021b-466a-a38c-49e47d04ff63/clear'
18:02:10.424 [Forwarding clearElement on session 388b59d491e0d233780b3d48c90ac7b3 to remote] DEBUG org.asynchttpclient.netty.request.NettyRequestSender - Using open Channel [id: 0xcf9406f8, L:/127.0.0.1:56355 - R:localhost/127.0.0.1:4456] for POST '/session/388b59d491e0d233780b3d48c90ac7b3/element/771acbb9-021b-466a-a38c-49e47d04ff63/clear'
18:02:10.466 [AsyncHttpClient-1-5] DEBUG org.asynchttpclient.netty.handler.HttpHandler - 

Request DefaultHttpRequest(decodeResult: success, version: HTTP/1.1)
POST /session/388b59d491e0d233780b3d48c90ac7b3/element/771acbb9-021b-466a-a38c-49e47d04ff63/clear HTTP/1.1
User-Agent: selenium/4.8.1 (java windows)
Content-Length: 50
Content-Type: application/json; charset=utf-8
host: localhost:4456
accept: */*

Response DefaultHttpResponse(decodeResult: success, version: HTTP/1.1)
HTTP/1.1 200 OK
Content-Length: 14
Content-Type: application/json; charset=utf-8
cache-control: no-cache

18:02:10.467 [AsyncHttpClient-1-5] DEBUG org.asynchttpclient.netty.channel.ChannelManager - Adding key: http://localhost:4456 for channel [id: 0xcf9406f8, L:/127.0.0.1:56355 - R:localhost/127.0.0.1:4456]
18:02:10.470 [Forwarding sendKeysToElement on session 388b59d491e0d233780b3d48c90ac7b3 to remote] DEBUG org.asynchttpclient.netty.request.NettyRequestSender - Using pooled Channel '[id: 0xcf9406f8, L:/127.0.0.1:56355 - R:localhost/127.0.0.1:4456]' for 'POST' to 'http://localhost:4456/session/388b59d491e0d233780b3d48c90ac7b3/element/771acbb9-021b-466a-a38c-49e47d04ff63/value'
18:02:10.470 [Forwarding sendKeysToElement on session 388b59d491e0d233780b3d48c90ac7b3 to remote] DEBUG org.asynchttpclient.netty.request.NettyRequestSender - Using open Channel [id: 0xcf9406f8, L:/127.0.0.1:56355 - R:localhost/127.0.0.1:4456] for POST '/session/388b59d491e0d233780b3d48c90ac7b3/element/771acbb9-021b-466a-a38c-49e47d04ff63/value'
18:02:10.615 [AsyncHttpClient-1-5] DEBUG org.asynchttpclient.netty.handler.HttpHandler - 

Request DefaultHttpRequest(decodeResult: success, version: HTTP/1.1)
POST /session/388b59d491e0d233780b3d48c90ac7b3/element/771acbb9-021b-466a-a38c-49e47d04ff63/value HTTP/1.1
User-Agent: selenium/4.8.1 (java windows)
Content-Length: 271
Content-Type: application/json; charset=utf-8
host: localhost:4456
accept: */*

Response DefaultHttpResponse(decodeResult: success, version: HTTP/1.1)
HTTP/1.1 200 OK
Content-Length: 14
Content-Type: application/json; charset=utf-8
cache-control: no-cache

18:02:10.616 [AsyncHttpClient-1-5] DEBUG org.asynchttpclient.netty.channel.ChannelManager - Adding key: http://localhost:4456 for channel [id: 0xcf9406f8, L:/127.0.0.1:56355 - R:localhost/127.0.0.1:4456]
18:02:10.624 [Forwarding getAlertText on session 388b59d491e0d233780b3d48c90ac7b3 to remote] DEBUG org.asynchttpclient.netty.request.NettyRequestSender - Using pooled Channel '[id: 0xcf9406f8, L:/127.0.0.1:56355 - R:localhost/127.0.0.1:4456]' for 'GET' to 'http://localhost:4456/session/388b59d491e0d233780b3d48c90ac7b3/alert/text'
18:02:10.625 [Forwarding getAlertText on session 388b59d491e0d233780b3d48c90ac7b3 to remote] DEBUG org.asynchttpclient.netty.request.NettyRequestSender - Using open Channel [id: 0xcf9406f8, L:/127.0.0.1:56355 - R:localhost/127.0.0.1:4456] for GET '/session/388b59d491e0d233780b3d48c90ac7b3/alert/text'
18:02:10.626 [AsyncHttpClient-1-5] DEBUG org.asynchttpclient.netty.handler.HttpHandler - 

Request DefaultFullHttpRequest(decodeResult: success, version: HTTP/1.1, content: EmptyByteBufBE)
GET /session/388b59d491e0d233780b3d48c90ac7b3/alert/text HTTP/1.1
User-Agent: selenium/4.8.1 (java windows)
Cache-Control: no-cache
Content-Type: application/json; charset=utf-8
host: localhost:4456
accept: */*

Response DefaultHttpResponse(decodeResult: success, version: HTTP/1.1)
HTTP/1.1 404 Not Found
Content-Length: 848
Content-Type: application/json; charset=utf-8
cache-control: no-cache

18:02:10.626 [AsyncHttpClient-1-5] DEBUG org.asynchttpclient.netty.channel.ChannelManager - Adding key: http://localhost:4456 for channel [id: 0xcf9406f8, L:/127.0.0.1:56355 - R:localhost/127.0.0.1:4456]
18:02:10.628 [Forwarding getCurrentUrl on session 388b59d491e0d233780b3d48c90ac7b3 to remote] DEBUG org.asynchttpclient.netty.request.NettyRequestSender - Using pooled Channel '[id: 0xcf9406f8, L:/127.0.0.1:56355 - R:localhost/127.0.0.1:4456]' for 'GET' to 'http://localhost:4456/session/388b59d491e0d233780b3d48c90ac7b3/url'
18:02:10.628 [Forwarding getCurrentUrl on session 388b59d491e0d233780b3d48c90ac7b3 to remote] DEBUG org.asynchttpclient.netty.request.NettyRequestSender - Using open Channel [id: 0xcf9406f8, L:/127.0.0.1:56355 - R:localhost/127.0.0.1:4456] for GET '/session/388b59d491e0d233780b3d48c90ac7b3/url'
18:02:10.631 [AsyncHttpClient-1-5] DEBUG org.asynchttpclient.netty.handler.HttpHandler - 

Request DefaultFullHttpRequest(decodeResult: success, version: HTTP/1.1, content: EmptyByteBufBE)
GET /session/388b59d491e0d233780b3d48c90ac7b3/url HTTP/1.1
User-Agent: selenium/4.8.1 (java windows)
Cache-Control: no-cache
Content-Type: application/json; charset=utf-8
host: localhost:4456
accept: */*

Response DefaultHttpResponse(decodeResult: success, version: HTTP/1.1)
HTTP/1.1 200 OK
Content-Length: 51
Content-Type: application/json; charset=utf-8
cache-control: no-cache

18:02:10.632 [AsyncHttpClient-1-5] DEBUG org.asynchttpclient.netty.channel.ChannelManager - Adding key: http://localhost:4456 for channel [id: 0xcf9406f8, L:/127.0.0.1:56355 - R:localhost/127.0.0.1:4456]
18:02:10.633 [Forwarding screenshot on session 388b59d491e0d233780b3d48c90ac7b3 to remote] DEBUG org.asynchttpclient.netty.request.NettyRequestSender - Using pooled Channel '[id: 0xcf9406f8, L:/127.0.0.1:56355 - R:localhost/127.0.0.1:4456]' for 'GET' to 'http://localhost:4456/session/388b59d491e0d233780b3d48c90ac7b3/screenshot'
18:02:10.633 [Forwarding screenshot on session 388b59d491e0d233780b3d48c90ac7b3 to remote] DEBUG org.asynchttpclient.netty.request.NettyRequestSender - Using open Channel [id: 0xcf9406f8, L:/127.0.0.1:56355 - R:localhost/127.0.0.1:4456] for GET '/session/388b59d491e0d233780b3d48c90ac7b3/screenshot'
18:02:10.647 [AsyncHttpClient-1-1] DEBUG org.asynchttpclient.netty.channel.DefaultChannelPool - Entry count for : http://localhost:56357 : 1
18:02:10.790 [AsyncHttpClient-1-5] DEBUG org.asynchttpclient.netty.handler.HttpHandler - 

Request DefaultFullHttpRequest(decodeResult: success, version: HTTP/1.1, content: EmptyByteBufBE)
GET /session/388b59d491e0d233780b3d48c90ac7b3/screenshot HTTP/1.1
User-Agent: selenium/4.8.1 (java windows)
Cache-Control: no-cache
Content-Type: application/json; charset=utf-8
host: localhost:4456
accept: */*

Response DefaultHttpResponse(decodeResult: success, version: HTTP/1.1)
HTTP/1.1 200 OK
Content-Length: 29776
Content-Type: application/json; charset=utf-8
cache-control: no-cache

18:02:10.790 [AsyncHttpClient-1-5] DEBUG org.asynchttpclient.netty.channel.ChannelManager - Adding key: http://localhost:4456 for channel [id: 0xcf9406f8, L:/127.0.0.1:56355 - R:localhost/127.0.0.1:4456]
18:02:10.793 [main] DEBUG net.serenitybdd.core.photography.Darkroom - Send negative for processing for target\site\serenity\34236da46275194ca7afb48264be893c19ea430fc0f2f202f39cfe15b57340a5.png
18:02:10.793 [main] DEBUG net.thucydides.core.steps.StepInterceptor - STEP DONE: user input valid email
18:02:10.795 [Darkroom Processing Line] DEBUG net.serenitybdd.core.photography.DarkroomProcessingLine - Processing screenshot image in /var/screenshots/screenshot-7769247079211553948
18:02:10.795 [Darkroom Processing Line] DEBUG net.serenitybdd.core.photography.DarkroomProcessingLine - Saving screenshot to target\site\serenity\34236da46275194ca7afb48264be893c19ea430fc0f2f202f39cfe15b57340a5.png
18:02:10.798 [main] DEBUG net.thucydides.core.steps.StepInterceptor - STARTING STEP: LoginStep.userSuccessLogin - user input valid password
18:02:10.804 [Forwarding findElement on session 388b59d491e0d233780b3d48c90ac7b3 to remote] DEBUG org.asynchttpclient.netty.request.NettyRequestSender - Using pooled Channel '[id: 0xcf9406f8, L:/127.0.0.1:56355 - R:localhost/127.0.0.1:4456]' for 'POST' to 'http://localhost:4456/session/388b59d491e0d233780b3d48c90ac7b3/element'
18:02:10.805 [Forwarding findElement on session 388b59d491e0d233780b3d48c90ac7b3 to remote] DEBUG org.asynchttpclient.netty.request.NettyRequestSender - Using open Channel [id: 0xcf9406f8, L:/127.0.0.1:56355 - R:localhost/127.0.0.1:4456] for POST '/session/388b59d491e0d233780b3d48c90ac7b3/element'
18:02:10.817 [AsyncHttpClient-1-5] DEBUG org.asynchttpclient.netty.handler.HttpHandler - 

Request DefaultHttpRequest(decodeResult: success, version: HTTP/1.1)
POST /session/388b59d491e0d233780b3d48c90ac7b3/element HTTP/1.1
User-Agent: selenium/4.8.1 (java windows)
Content-Length: 55
Content-Type: application/json; charset=utf-8
host: localhost:4456
accept: */*

Response DefaultHttpResponse(decodeResult: success, version: HTTP/1.1)
HTTP/1.1 200 OK
Content-Length: 88
Content-Type: application/json; charset=utf-8
cache-control: no-cache

18:02:10.817 [AsyncHttpClient-1-5] DEBUG org.asynchttpclient.netty.channel.ChannelManager - Adding key: http://localhost:4456 for channel [id: 0xcf9406f8, L:/127.0.0.1:56355 - R:localhost/127.0.0.1:4456]
18:02:10.819 [Forwarding clearElement on session 388b59d491e0d233780b3d48c90ac7b3 to remote] DEBUG org.asynchttpclient.netty.request.NettyRequestSender - Using pooled Channel '[id: 0xcf9406f8, L:/127.0.0.1:56355 - R:localhost/127.0.0.1:4456]' for 'POST' to 'http://localhost:4456/session/388b59d491e0d233780b3d48c90ac7b3/element/c7e1783e-7f13-405c-bcdc-2c7d710f78dc/clear'
18:02:10.819 [Forwarding clearElement on session 388b59d491e0d233780b3d48c90ac7b3 to remote] DEBUG org.asynchttpclient.netty.request.NettyRequestSender - Using open Channel [id: 0xcf9406f8, L:/127.0.0.1:56355 - R:localhost/127.0.0.1:4456] for POST '/session/388b59d491e0d233780b3d48c90ac7b3/element/c7e1783e-7f13-405c-bcdc-2c7d710f78dc/clear'
18:02:10.854 [AsyncHttpClient-1-5] DEBUG org.asynchttpclient.netty.handler.HttpHandler - 

Request DefaultHttpRequest(decodeResult: success, version: HTTP/1.1)
POST /session/388b59d491e0d233780b3d48c90ac7b3/element/c7e1783e-7f13-405c-bcdc-2c7d710f78dc/clear HTTP/1.1
User-Agent: selenium/4.8.1 (java windows)
Content-Length: 50
Content-Type: application/json; charset=utf-8
host: localhost:4456
accept: */*

Response DefaultHttpResponse(decodeResult: success, version: HTTP/1.1)
HTTP/1.1 200 OK
Content-Length: 14
Content-Type: application/json; charset=utf-8
cache-control: no-cache

18:02:10.855 [AsyncHttpClient-1-5] DEBUG org.asynchttpclient.netty.channel.ChannelManager - Adding key: http://localhost:4456 for channel [id: 0xcf9406f8, L:/127.0.0.1:56355 - R:localhost/127.0.0.1:4456]
18:02:10.857 [Forwarding sendKeysToElement on session 388b59d491e0d233780b3d48c90ac7b3 to remote] DEBUG org.asynchttpclient.netty.request.NettyRequestSender - Using pooled Channel '[id: 0xcf9406f8, L:/127.0.0.1:56355 - R:localhost/127.0.0.1:4456]' for 'POST' to 'http://localhost:4456/session/388b59d491e0d233780b3d48c90ac7b3/element/c7e1783e-7f13-405c-bcdc-2c7d710f78dc/value'
18:02:10.857 [Forwarding sendKeysToElement on session 388b59d491e0d233780b3d48c90ac7b3 to remote] DEBUG org.asynchttpclient.netty.request.NettyRequestSender - Using open Channel [id: 0xcf9406f8, L:/127.0.0.1:56355 - R:localhost/127.0.0.1:4456] for POST '/session/388b59d491e0d233780b3d48c90ac7b3/element/c7e1783e-7f13-405c-bcdc-2c7d710f78dc/value'
18:02:10.952 [AsyncHttpClient-1-5] DEBUG org.asynchttpclient.netty.handler.HttpHandler - 

Request DefaultHttpRequest(decodeResult: success, version: HTTP/1.1)
POST /session/388b59d491e0d233780b3d48c90ac7b3/element/c7e1783e-7f13-405c-bcdc-2c7d710f78dc/value HTTP/1.1
User-Agent: selenium/4.8.1 (java windows)
Content-Length: 161
Content-Type: application/json; charset=utf-8
host: localhost:4456
accept: */*

Response DefaultHttpResponse(decodeResult: success, version: HTTP/1.1)
HTTP/1.1 200 OK
Content-Length: 14
Content-Type: application/json; charset=utf-8
cache-control: no-cache

18:02:10.952 [AsyncHttpClient-1-5] DEBUG org.asynchttpclient.netty.channel.ChannelManager - Adding key: http://localhost:4456 for channel [id: 0xcf9406f8, L:/127.0.0.1:56355 - R:localhost/127.0.0.1:4456]
18:02:10.960 [Forwarding getAlertText on session 388b59d491e0d233780b3d48c90ac7b3 to remote] DEBUG org.asynchttpclient.netty.request.NettyRequestSender - Using pooled Channel '[id: 0xcf9406f8, L:/127.0.0.1:56355 - R:localhost/127.0.0.1:4456]' for 'GET' to 'http://localhost:4456/session/388b59d491e0d233780b3d48c90ac7b3/alert/text'
18:02:10.960 [Forwarding getAlertText on session 388b59d491e0d233780b3d48c90ac7b3 to remote] DEBUG org.asynchttpclient.netty.request.NettyRequestSender - Using open Channel [id: 0xcf9406f8, L:/127.0.0.1:56355 - R:localhost/127.0.0.1:4456] for GET '/session/388b59d491e0d233780b3d48c90ac7b3/alert/text'
18:02:10.962 [AsyncHttpClient-1-5] DEBUG org.asynchttpclient.netty.handler.HttpHandler - 

Request DefaultFullHttpRequest(decodeResult: success, version: HTTP/1.1, content: EmptyByteBufBE)
GET /session/388b59d491e0d233780b3d48c90ac7b3/alert/text HTTP/1.1
User-Agent: selenium/4.8.1 (java windows)
Cache-Control: no-cache
Content-Type: application/json; charset=utf-8
host: localhost:4456
accept: */*

Response DefaultHttpResponse(decodeResult: success, version: HTTP/1.1)
HTTP/1.1 404 Not Found
Content-Length: 848
Content-Type: application/json; charset=utf-8
cache-control: no-cache

18:02:10.962 [AsyncHttpClient-1-5] DEBUG org.asynchttpclient.netty.channel.ChannelManager - Adding key: http://localhost:4456 for channel [id: 0xcf9406f8, L:/127.0.0.1:56355 - R:localhost/127.0.0.1:4456]
18:02:10.963 [Forwarding getCurrentUrl on session 388b59d491e0d233780b3d48c90ac7b3 to remote] DEBUG org.asynchttpclient.netty.request.NettyRequestSender - Using pooled Channel '[id: 0xcf9406f8, L:/127.0.0.1:56355 - R:localhost/127.0.0.1:4456]' for 'GET' to 'http://localhost:4456/session/388b59d491e0d233780b3d48c90ac7b3/url'
18:02:10.964 [Forwarding getCurrentUrl on session 388b59d491e0d233780b3d48c90ac7b3 to remote] DEBUG org.asynchttpclient.netty.request.NettyRequestSender - Using open Channel [id: 0xcf9406f8, L:/127.0.0.1:56355 - R:localhost/127.0.0.1:4456] for GET '/session/388b59d491e0d233780b3d48c90ac7b3/url'
18:02:10.979 [AsyncHttpClient-1-5] DEBUG org.asynchttpclient.netty.handler.HttpHandler - 

Request DefaultFullHttpRequest(decodeResult: success, version: HTTP/1.1, content: EmptyByteBufBE)
GET /session/388b59d491e0d233780b3d48c90ac7b3/url HTTP/1.1
User-Agent: selenium/4.8.1 (java windows)
Cache-Control: no-cache
Content-Type: application/json; charset=utf-8
host: localhost:4456
accept: */*

Response DefaultHttpResponse(decodeResult: success, version: HTTP/1.1)
HTTP/1.1 200 OK
Content-Length: 51
Content-Type: application/json; charset=utf-8
cache-control: no-cache

18:02:10.979 [AsyncHttpClient-1-5] DEBUG org.asynchttpclient.netty.channel.ChannelManager - Adding key: http://localhost:4456 for channel [id: 0xcf9406f8, L:/127.0.0.1:56355 - R:localhost/127.0.0.1:4456]
18:02:10.983 [Forwarding screenshot on session 388b59d491e0d233780b3d48c90ac7b3 to remote] DEBUG org.asynchttpclient.netty.request.NettyRequestSender - Using pooled Channel '[id: 0xcf9406f8, L:/127.0.0.1:56355 - R:localhost/127.0.0.1:4456]' for 'GET' to 'http://localhost:4456/session/388b59d491e0d233780b3d48c90ac7b3/screenshot'
18:02:10.984 [Forwarding screenshot on session 388b59d491e0d233780b3d48c90ac7b3 to remote] DEBUG org.asynchttpclient.netty.request.NettyRequestSender - Using open Channel [id: 0xcf9406f8, L:/127.0.0.1:56355 - R:localhost/127.0.0.1:4456] for GET '/session/388b59d491e0d233780b3d48c90ac7b3/screenshot'
18:02:11.129 [AsyncHttpClient-1-5] DEBUG org.asynchttpclient.netty.handler.HttpHandler - 

Request DefaultFullHttpRequest(decodeResult: success, version: HTTP/1.1, content: EmptyByteBufBE)
GET /session/388b59d491e0d233780b3d48c90ac7b3/screenshot HTTP/1.1
User-Agent: selenium/4.8.1 (java windows)
Cache-Control: no-cache
Content-Type: application/json; charset=utf-8
host: localhost:4456
accept: */*

Response DefaultHttpResponse(decodeResult: success, version: HTTP/1.1)
HTTP/1.1 200 OK
Content-Length: 31280
Content-Type: application/json; charset=utf-8
cache-control: no-cache

18:02:11.130 [AsyncHttpClient-1-5] DEBUG org.asynchttpclient.netty.channel.ChannelManager - Adding key: http://localhost:4456 for channel [id: 0xcf9406f8, L:/127.0.0.1:56355 - R:localhost/127.0.0.1:4456]
18:02:11.133 [main] DEBUG net.serenitybdd.core.photography.Darkroom - Send negative for processing for target\site\serenity\67631a837b985c14bb951a9c17dbdb9fc3d236d1af0c439aed42f2c023072b2f.png
18:02:11.134 [main] DEBUG net.thucydides.core.steps.StepInterceptor - STEP DONE: user input valid password
18:02:11.139 [main] DEBUG net.thucydides.core.steps.StepInterceptor - STARTING STEP: LoginStep.userSuccessLogin - click button login
18:02:11.139 [Darkroom Processing Line] DEBUG net.serenitybdd.core.photography.DarkroomProcessingLine - Processing screenshot image in /var/screenshots/screenshot-2691682608823366836
18:02:11.139 [Darkroom Processing Line] DEBUG net.serenitybdd.core.photography.DarkroomProcessingLine - Saving screenshot to target\site\serenity\67631a837b985c14bb951a9c17dbdb9fc3d236d1af0c439aed42f2c023072b2f.png
18:02:11.145 [Forwarding findElement on session 388b59d491e0d233780b3d48c90ac7b3 to remote] DEBUG org.asynchttpclient.netty.request.NettyRequestSender - Using pooled Channel '[id: 0xcf9406f8, L:/127.0.0.1:56355 - R:localhost/127.0.0.1:4456]' for 'POST' to 'http://localhost:4456/session/388b59d491e0d233780b3d48c90ac7b3/element'
18:02:11.145 [Forwarding findElement on session 388b59d491e0d233780b3d48c90ac7b3 to remote] DEBUG org.asynchttpclient.netty.request.NettyRequestSender - Using open Channel [id: 0xcf9406f8, L:/127.0.0.1:56355 - R:localhost/127.0.0.1:4456] for POST '/session/388b59d491e0d233780b3d48c90ac7b3/element'
18:02:11.158 [AsyncHttpClient-1-5] DEBUG org.asynchttpclient.netty.handler.HttpHandler - 

Request DefaultHttpRequest(decodeResult: success, version: HTTP/1.1)
POST /session/388b59d491e0d233780b3d48c90ac7b3/element HTTP/1.1
User-Agent: selenium/4.8.1 (java windows)
Content-Length: 69
Content-Type: application/json; charset=utf-8
host: localhost:4456
accept: */*

Response DefaultHttpResponse(decodeResult: success, version: HTTP/1.1)
HTTP/1.1 200 OK
Content-Length: 88
Content-Type: application/json; charset=utf-8
cache-control: no-cache

18:02:11.158 [AsyncHttpClient-1-5] DEBUG org.asynchttpclient.netty.channel.ChannelManager - Adding key: http://localhost:4456 for channel [id: 0xcf9406f8, L:/127.0.0.1:56355 - R:localhost/127.0.0.1:4456]
18:02:11.160 [Forwarding getElementTagName on session 388b59d491e0d233780b3d48c90ac7b3 to remote] DEBUG org.asynchttpclient.netty.request.NettyRequestSender - Using pooled Channel '[id: 0xcf9406f8, L:/127.0.0.1:56355 - R:localhost/127.0.0.1:4456]' for 'GET' to 'http://localhost:4456/session/388b59d491e0d233780b3d48c90ac7b3/element/85c0daf6-9fe0-4633-986b-8e1916608b88/name'
18:02:11.160 [Forwarding getElementTagName on session 388b59d491e0d233780b3d48c90ac7b3 to remote] DEBUG org.asynchttpclient.netty.request.NettyRequestSender - Using open Channel [id: 0xcf9406f8, L:/127.0.0.1:56355 - R:localhost/127.0.0.1:4456] for GET '/session/388b59d491e0d233780b3d48c90ac7b3/element/85c0daf6-9fe0-4633-986b-8e1916608b88/name'
18:02:11.168 [AsyncHttpClient-1-5] DEBUG org.asynchttpclient.netty.handler.HttpHandler - 

Request DefaultFullHttpRequest(decodeResult: success, version: HTTP/1.1, content: EmptyByteBufBE)
GET /session/388b59d491e0d233780b3d48c90ac7b3/element/85c0daf6-9fe0-4633-986b-8e1916608b88/name HTTP/1.1
User-Agent: selenium/4.8.1 (java windows)
Cache-Control: no-cache
Content-Type: application/json; charset=utf-8
host: localhost:4456
accept: */*

Response DefaultHttpResponse(decodeResult: success, version: HTTP/1.1)
HTTP/1.1 200 OK
Content-Length: 16
Content-Type: application/json; charset=utf-8
cache-control: no-cache

18:02:11.168 [AsyncHttpClient-1-5] DEBUG org.asynchttpclient.netty.channel.ChannelManager - Adding key: http://localhost:4456 for channel [id: 0xcf9406f8, L:/127.0.0.1:56355 - R:localhost/127.0.0.1:4456]
18:02:11.169 [Forwarding getElementTagName on session 388b59d491e0d233780b3d48c90ac7b3 to remote] DEBUG org.asynchttpclient.netty.request.NettyRequestSender - Using pooled Channel '[id: 0xcf9406f8, L:/127.0.0.1:56355 - R:localhost/127.0.0.1:4456]' for 'GET' to 'http://localhost:4456/session/388b59d491e0d233780b3d48c90ac7b3/element/85c0daf6-9fe0-4633-986b-8e1916608b88/name'
18:02:11.169 [Forwarding getElementTagName on session 388b59d491e0d233780b3d48c90ac7b3 to remote] DEBUG org.asynchttpclient.netty.request.NettyRequestSender - Using open Channel [id: 0xcf9406f8, L:/127.0.0.1:56355 - R:localhost/127.0.0.1:4456] for GET '/session/388b59d491e0d233780b3d48c90ac7b3/element/85c0daf6-9fe0-4633-986b-8e1916608b88/name'
18:02:11.172 [AsyncHttpClient-1-5] DEBUG org.asynchttpclient.netty.handler.HttpHandler - 

Request DefaultFullHttpRequest(decodeResult: success, version: HTTP/1.1, content: EmptyByteBufBE)
GET /session/388b59d491e0d233780b3d48c90ac7b3/element/85c0daf6-9fe0-4633-986b-8e1916608b88/name HTTP/1.1
User-Agent: selenium/4.8.1 (java windows)
Cache-Control: no-cache
Content-Type: application/json; charset=utf-8
host: localhost:4456
accept: */*

Response DefaultHttpResponse(decodeResult: success, version: HTTP/1.1)
HTTP/1.1 200 OK
Content-Length: 16
Content-Type: application/json; charset=utf-8
cache-control: no-cache

18:02:11.172 [AsyncHttpClient-1-5] DEBUG org.asynchttpclient.netty.channel.ChannelManager - Adding key: http://localhost:4456 for channel [id: 0xcf9406f8, L:/127.0.0.1:56355 - R:localhost/127.0.0.1:4456]
18:02:11.175 [Forwarding findElement on session 388b59d491e0d233780b3d48c90ac7b3 to remote] DEBUG org.asynchttpclient.netty.request.NettyRequestSender - Using pooled Channel '[id: 0xcf9406f8, L:/127.0.0.1:56355 - R:localhost/127.0.0.1:4456]' for 'POST' to 'http://localhost:4456/session/388b59d491e0d233780b3d48c90ac7b3/element'
18:02:11.175 [Forwarding findElement on session 388b59d491e0d233780b3d48c90ac7b3 to remote] DEBUG org.asynchttpclient.netty.request.NettyRequestSender - Using open Channel [id: 0xcf9406f8, L:/127.0.0.1:56355 - R:localhost/127.0.0.1:4456] for POST '/session/388b59d491e0d233780b3d48c90ac7b3/element'
18:02:11.181 [AsyncHttpClient-1-5] DEBUG org.asynchttpclient.netty.handler.HttpHandler - 

Request DefaultHttpRequest(decodeResult: success, version: HTTP/1.1)
POST /session/388b59d491e0d233780b3d48c90ac7b3/element HTTP/1.1
User-Agent: selenium/4.8.1 (java windows)
Content-Length: 69
Content-Type: application/json; charset=utf-8
host: localhost:4456
accept: */*

Response DefaultHttpResponse(decodeResult: success, version: HTTP/1.1)
HTTP/1.1 200 OK
Content-Length: 88
Content-Type: application/json; charset=utf-8
cache-control: no-cache

18:02:11.182 [AsyncHttpClient-1-5] DEBUG org.asynchttpclient.netty.channel.ChannelManager - Adding key: http://localhost:4456 for channel [id: 0xcf9406f8, L:/127.0.0.1:56355 - R:localhost/127.0.0.1:4456]
18:02:11.183 [Forwarding clickElement on session 388b59d491e0d233780b3d48c90ac7b3 to remote] DEBUG org.asynchttpclient.netty.request.NettyRequestSender - Using pooled Channel '[id: 0xcf9406f8, L:/127.0.0.1:56355 - R:localhost/127.0.0.1:4456]' for 'POST' to 'http://localhost:4456/session/388b59d491e0d233780b3d48c90ac7b3/element/85c0daf6-9fe0-4633-986b-8e1916608b88/click'
18:02:11.184 [Forwarding clickElement on session 388b59d491e0d233780b3d48c90ac7b3 to remote] DEBUG org.asynchttpclient.netty.request.NettyRequestSender - Using open Channel [id: 0xcf9406f8, L:/127.0.0.1:56355 - R:localhost/127.0.0.1:4456] for POST '/session/388b59d491e0d233780b3d48c90ac7b3/element/85c0daf6-9fe0-4633-986b-8e1916608b88/click'
18:02:11.224 [AsyncHttpClient-1-5] DEBUG org.asynchttpclient.netty.handler.HttpHandler - 

Request DefaultHttpRequest(decodeResult: success, version: HTTP/1.1)
POST /session/388b59d491e0d233780b3d48c90ac7b3/element/85c0daf6-9fe0-4633-986b-8e1916608b88/click HTTP/1.1
User-Agent: selenium/4.8.1 (java windows)
Content-Length: 50
Content-Type: application/json; charset=utf-8
host: localhost:4456
accept: */*

Response DefaultHttpResponse(decodeResult: success, version: HTTP/1.1)
HTTP/1.1 200 OK
Content-Length: 14
Content-Type: application/json; charset=utf-8
cache-control: no-cache

18:02:11.224 [AsyncHttpClient-1-5] DEBUG org.asynchttpclient.netty.channel.ChannelManager - Adding key: http://localhost:4456 for channel [id: 0xcf9406f8, L:/127.0.0.1:56355 - R:localhost/127.0.0.1:4456]
18:02:11.230 [Forwarding getAlertText on session 388b59d491e0d233780b3d48c90ac7b3 to remote] DEBUG org.asynchttpclient.netty.request.NettyRequestSender - Using pooled Channel '[id: 0xcf9406f8, L:/127.0.0.1:56355 - R:localhost/127.0.0.1:4456]' for 'GET' to 'http://localhost:4456/session/388b59d491e0d233780b3d48c90ac7b3/alert/text'
18:02:11.231 [Forwarding getAlertText on session 388b59d491e0d233780b3d48c90ac7b3 to remote] DEBUG org.asynchttpclient.netty.request.NettyRequestSender - Using open Channel [id: 0xcf9406f8, L:/127.0.0.1:56355 - R:localhost/127.0.0.1:4456] for GET '/session/388b59d491e0d233780b3d48c90ac7b3/alert/text'
18:02:11.233 [AsyncHttpClient-1-5] DEBUG org.asynchttpclient.netty.handler.HttpHandler - 

Request DefaultFullHttpRequest(decodeResult: success, version: HTTP/1.1, content: EmptyByteBufBE)
GET /session/388b59d491e0d233780b3d48c90ac7b3/alert/text HTTP/1.1
User-Agent: selenium/4.8.1 (java windows)
Cache-Control: no-cache
Content-Type: application/json; charset=utf-8
host: localhost:4456
accept: */*

Response DefaultHttpResponse(decodeResult: success, version: HTTP/1.1)
HTTP/1.1 404 Not Found
Content-Length: 848
Content-Type: application/json; charset=utf-8
cache-control: no-cache

18:02:11.234 [AsyncHttpClient-1-5] DEBUG org.asynchttpclient.netty.channel.ChannelManager - Adding key: http://localhost:4456 for channel [id: 0xcf9406f8, L:/127.0.0.1:56355 - R:localhost/127.0.0.1:4456]
18:02:11.235 [Forwarding getCurrentUrl on session 388b59d491e0d233780b3d48c90ac7b3 to remote] DEBUG org.asynchttpclient.netty.request.NettyRequestSender - Using pooled Channel '[id: 0xcf9406f8, L:/127.0.0.1:56355 - R:localhost/127.0.0.1:4456]' for 'GET' to 'http://localhost:4456/session/388b59d491e0d233780b3d48c90ac7b3/url'
18:02:11.235 [Forwarding getCurrentUrl on session 388b59d491e0d233780b3d48c90ac7b3 to remote] DEBUG org.asynchttpclient.netty.request.NettyRequestSender - Using open Channel [id: 0xcf9406f8, L:/127.0.0.1:56355 - R:localhost/127.0.0.1:4456] for GET '/session/388b59d491e0d233780b3d48c90ac7b3/url'
18:02:11.238 [AsyncHttpClient-1-5] DEBUG org.asynchttpclient.netty.handler.HttpHandler - 

Request DefaultFullHttpRequest(decodeResult: success, version: HTTP/1.1, content: EmptyByteBufBE)
GET /session/388b59d491e0d233780b3d48c90ac7b3/url HTTP/1.1
User-Agent: selenium/4.8.1 (java windows)
Cache-Control: no-cache
Content-Type: application/json; charset=utf-8
host: localhost:4456
accept: */*

Response DefaultHttpResponse(decodeResult: success, version: HTTP/1.1)
HTTP/1.1 200 OK
Content-Length: 51
Content-Type: application/json; charset=utf-8
cache-control: no-cache

18:02:11.238 [AsyncHttpClient-1-5] DEBUG org.asynchttpclient.netty.channel.ChannelManager - Adding key: http://localhost:4456 for channel [id: 0xcf9406f8, L:/127.0.0.1:56355 - R:localhost/127.0.0.1:4456]
18:02:11.239 [Forwarding screenshot on session 388b59d491e0d233780b3d48c90ac7b3 to remote] DEBUG org.asynchttpclient.netty.request.NettyRequestSender - Using pooled Channel '[id: 0xcf9406f8, L:/127.0.0.1:56355 - R:localhost/127.0.0.1:4456]' for 'GET' to 'http://localhost:4456/session/388b59d491e0d233780b3d48c90ac7b3/screenshot'
18:02:11.239 [Forwarding screenshot on session 388b59d491e0d233780b3d48c90ac7b3 to remote] DEBUG org.asynchttpclient.netty.request.NettyRequestSender - Using open Channel [id: 0xcf9406f8, L:/127.0.0.1:56355 - R:localhost/127.0.0.1:4456] for GET '/session/388b59d491e0d233780b3d48c90ac7b3/screenshot'
18:02:11.353 [AsyncHttpClient-1-5] DEBUG org.asynchttpclient.netty.handler.HttpHandler - 

Request DefaultFullHttpRequest(decodeResult: success, version: HTTP/1.1, content: EmptyByteBufBE)
GET /session/388b59d491e0d233780b3d48c90ac7b3/screenshot HTTP/1.1
User-Agent: selenium/4.8.1 (java windows)
Cache-Control: no-cache
Content-Type: application/json; charset=utf-8
host: localhost:4456
accept: */*

Response DefaultHttpResponse(decodeResult: success, version: HTTP/1.1)
HTTP/1.1 200 OK
Content-Length: 31080
Content-Type: application/json; charset=utf-8
cache-control: no-cache

18:02:11.353 [AsyncHttpClient-1-5] DEBUG org.asynchttpclient.netty.channel.ChannelManager - Adding key: http://localhost:4456 for channel [id: 0xcf9406f8, L:/127.0.0.1:56355 - R:localhost/127.0.0.1:4456]
18:02:11.355 [main] DEBUG net.serenitybdd.core.photography.Darkroom - Send negative for processing for target\site\serenity\4641920a9afb193544e0a89738254a2e301d5cecc52b8080e51e09cf7bcacb85.png
18:02:11.355 [main] DEBUG net.thucydides.core.steps.StepInterceptor - STEP DONE: click button login
18:02:11.356 [Darkroom Processing Line] DEBUG net.serenitybdd.core.photography.DarkroomProcessingLine - Processing screenshot image in /var/screenshots/screenshot-1243336010420748455
18:02:11.356 [Darkroom Processing Line] DEBUG net.serenitybdd.core.photography.DarkroomProcessingLine - Saving screenshot to target\site\serenity\4641920a9afb193544e0a89738254a2e301d5cecc52b8080e51e09cf7bcacb85.png
18:02:11.358 [main] DEBUG net.thucydides.core.steps.StepInterceptor - STARTING STEP: LoginStep.userSuccessLogin - user can see product homepage
18:02:11.360 [Forwarding findElement on session 388b59d491e0d233780b3d48c90ac7b3 to remote] DEBUG org.asynchttpclient.netty.request.NettyRequestSender - Using pooled Channel '[id: 0xcf9406f8, L:/127.0.0.1:56355 - R:localhost/127.0.0.1:4456]' for 'POST' to 'http://localhost:4456/session/388b59d491e0d233780b3d48c90ac7b3/element'
18:02:11.360 [Forwarding findElement on session 388b59d491e0d233780b3d48c90ac7b3 to remote] DEBUG org.asynchttpclient.netty.request.NettyRequestSender - Using open Channel [id: 0xcf9406f8, L:/127.0.0.1:56355 - R:localhost/127.0.0.1:4456] for POST '/session/388b59d491e0d233780b3d48c90ac7b3/element'
18:02:11.376 [AsyncHttpClient-1-5] DEBUG org.asynchttpclient.netty.handler.HttpHandler - 

Request DefaultHttpRequest(decodeResult: success, version: HTTP/1.1)
POST /session/388b59d491e0d233780b3d48c90ac7b3/element HTTP/1.1
User-Agent: selenium/4.8.1 (java windows)
Content-Length: 75
Content-Type: application/json; charset=utf-8
host: localhost:4456
accept: */*

Response DefaultHttpResponse(decodeResult: success, version: HTTP/1.1)
HTTP/1.1 200 OK
Content-Length: 88
Content-Type: application/json; charset=utf-8
cache-control: no-cache

18:02:11.376 [AsyncHttpClient-1-5] DEBUG org.asynchttpclient.netty.channel.ChannelManager - Adding key: http://localhost:4456 for channel [id: 0xcf9406f8, L:/127.0.0.1:56355 - R:localhost/127.0.0.1:4456]
18:02:11.383 [Forwarding isElementDisplayed on session 388b59d491e0d233780b3d48c90ac7b3 to remote] DEBUG org.asynchttpclient.netty.request.NettyRequestSender - Using pooled Channel '[id: 0xcf9406f8, L:/127.0.0.1:56355 - R:localhost/127.0.0.1:4456]' for 'POST' to 'http://localhost:4456/session/388b59d491e0d233780b3d48c90ac7b3/execute/sync'
18:02:11.383 [Forwarding isElementDisplayed on session 388b59d491e0d233780b3d48c90ac7b3 to remote] DEBUG org.asynchttpclient.netty.request.NettyRequestSender - Using open Channel [id: 0xcf9406f8, L:/127.0.0.1:56355 - R:localhost/127.0.0.1:4456] for POST '/session/388b59d491e0d233780b3d48c90ac7b3/execute/sync'
18:02:11.395 [AsyncHttpClient-1-5] DEBUG org.asynchttpclient.netty.handler.HttpHandler - 

Request DefaultHttpRequest(decodeResult: success, version: HTTP/1.1)
POST /session/388b59d491e0d233780b3d48c90ac7b3/execute/sync HTTP/1.1
User-Agent: selenium/4.8.1 (java windows)
Content-Length: 48807
Content-Type: application/json; charset=utf-8
host: localhost:4456
accept: */*

Response DefaultHttpResponse(decodeResult: success, version: HTTP/1.1)
HTTP/1.1 200 OK
Content-Length: 14
Content-Type: application/json; charset=utf-8
cache-control: no-cache

18:02:11.396 [AsyncHttpClient-1-5] DEBUG org.asynchttpclient.netty.channel.ChannelManager - Adding key: http://localhost:4456 for channel [id: 0xcf9406f8, L:/127.0.0.1:56355 - R:localhost/127.0.0.1:4456]
18:02:11.400 [main] DEBUG net.thucydides.core.steps.StepInterceptor - STEP DONE: user can see product homepage
  &amp#27;[32mGiven &amp#27;[0m&amp#27;[32muser success login&amp#27;[0m                     &amp#27;[90m# starter.stepdefinition.LoginStep.userSuccessLogin()&amp#27;[0m
18:02:11.418 [main] DEBUG net.thucydides.core.steps.StepInterceptor - STARTING STEP: ProductStep.successAddProductToTheCart - user click button Beli
18:02:11.421 [Forwarding findElement on session 388b59d491e0d233780b3d48c90ac7b3 to remote] DEBUG org.asynchttpclient.netty.request.NettyRequestSender - Using pooled Channel '[id: 0xcf9406f8, L:/127.0.0.1:56355 - R:localhost/127.0.0.1:4456]' for 'POST' to 'http://localhost:4456/session/388b59d491e0d233780b3d48c90ac7b3/element'
18:02:11.421 [Forwarding findElement on session 388b59d491e0d233780b3d48c90ac7b3 to remote] DEBUG org.asynchttpclient.netty.request.NettyRequestSender - Using open Channel [id: 0xcf9406f8, L:/127.0.0.1:56355 - R:localhost/127.0.0.1:4456] for POST '/session/388b59d491e0d233780b3d48c90ac7b3/element'
18:02:11.749 [AsyncHttpClient-1-1] DEBUG org.asynchttpclient.netty.channel.DefaultChannelPool - Entry count for : http://localhost:56357 : 1
18:02:12.852 [AsyncHttpClient-1-1] DEBUG org.asynchttpclient.netty.channel.DefaultChannelPool - Entry count for : http://localhost:56357 : 1
18:02:13.955 [AsyncHttpClient-1-1] DEBUG org.asynchttpclient.netty.channel.DefaultChannelPool - Entry count for : http://localhost:56357 : 1
18:02:15.049 [AsyncHttpClient-1-1] DEBUG org.asynchttpclient.netty.channel.DefaultChannelPool - Entry count for : http://localhost:56357 : 1
18:02:16.002 [AsyncHttpClient-1-5] DEBUG org.asynchttpclient.netty.handler.HttpHandler - 

Request DefaultHttpRequest(decodeResult: success, version: HTTP/1.1)
POST /session/388b59d491e0d233780b3d48c90ac7b3/element HTTP/1.1
User-Agent: selenium/4.8.1 (java windows)
Content-Length: 96
Content-Type: application/json; charset=utf-8
host: localhost:4456
accept: */*

Response DefaultHttpResponse(decodeResult: success, version: HTTP/1.1)
HTTP/1.1 200 OK
Content-Length: 88
Content-Type: application/json; charset=utf-8
cache-control: no-cache

18:02:16.003 [AsyncHttpClient-1-5] DEBUG org.asynchttpclient.netty.channel.ChannelManager - Adding key: http://localhost:4456 for channel [id: 0xcf9406f8, L:/127.0.0.1:56355 - R:localhost/127.0.0.1:4456]
18:02:16.005 [Forwarding getElementTagName on session 388b59d491e0d233780b3d48c90ac7b3 to remote] DEBUG org.asynchttpclient.netty.request.NettyRequestSender - Using pooled Channel '[id: 0xcf9406f8, L:/127.0.0.1:56355 - R:localhost/127.0.0.1:4456]' for 'GET' to 'http://localhost:4456/session/388b59d491e0d233780b3d48c90ac7b3/element/d471cd85-668a-483e-99c9-260dc81b17ea/name'
18:02:16.005 [Forwarding getElementTagName on session 388b59d491e0d233780b3d48c90ac7b3 to remote] DEBUG org.asynchttpclient.netty.request.NettyRequestSender - Using open Channel [id: 0xcf9406f8, L:/127.0.0.1:56355 - R:localhost/127.0.0.1:4456] for GET '/session/388b59d491e0d233780b3d48c90ac7b3/element/d471cd85-668a-483e-99c9-260dc81b17ea/name'
18:02:16.010 [AsyncHttpClient-1-5] DEBUG org.asynchttpclient.netty.handler.HttpHandler - 

Request DefaultFullHttpRequest(decodeResult: success, version: HTTP/1.1, content: EmptyByteBufBE)
GET /session/388b59d491e0d233780b3d48c90ac7b3/element/d471cd85-668a-483e-99c9-260dc81b17ea/name HTTP/1.1
User-Agent: selenium/4.8.1 (java windows)
Cache-Control: no-cache
Content-Type: application/json; charset=utf-8
host: localhost:4456
accept: */*

Response DefaultHttpResponse(decodeResult: success, version: HTTP/1.1)
HTTP/1.1 200 OK
Content-Length: 16
Content-Type: application/json; charset=utf-8
cache-control: no-cache

18:02:16.010 [AsyncHttpClient-1-5] DEBUG org.asynchttpclient.netty.channel.ChannelManager - Adding key: http://localhost:4456 for channel [id: 0xcf9406f8, L:/127.0.0.1:56355 - R:localhost/127.0.0.1:4456]
18:02:16.030 [Forwarding getElementTagName on session 388b59d491e0d233780b3d48c90ac7b3 to remote] DEBUG org.asynchttpclient.netty.request.NettyRequestSender - Using pooled Channel '[id: 0xcf9406f8, L:/127.0.0.1:56355 - R:localhost/127.0.0.1:4456]' for 'GET' to 'http://localhost:4456/session/388b59d491e0d233780b3d48c90ac7b3/element/d471cd85-668a-483e-99c9-260dc81b17ea/name'
18:02:16.030 [Forwarding getElementTagName on session 388b59d491e0d233780b3d48c90ac7b3 to remote] DEBUG org.asynchttpclient.netty.request.NettyRequestSender - Using open Channel [id: 0xcf9406f8, L:/127.0.0.1:56355 - R:localhost/127.0.0.1:4456] for GET '/session/388b59d491e0d233780b3d48c90ac7b3/element/d471cd85-668a-483e-99c9-260dc81b17ea/name'
18:02:16.034 [AsyncHttpClient-1-5] DEBUG org.asynchttpclient.netty.handler.HttpHandler - 

Request DefaultFullHttpRequest(decodeResult: success, version: HTTP/1.1, content: EmptyByteBufBE)
GET /session/388b59d491e0d233780b3d48c90ac7b3/element/d471cd85-668a-483e-99c9-260dc81b17ea/name HTTP/1.1
User-Agent: selenium/4.8.1 (java windows)
Cache-Control: no-cache
Content-Type: application/json; charset=utf-8
host: localhost:4456
accept: */*

Response DefaultHttpResponse(decodeResult: success, version: HTTP/1.1)
HTTP/1.1 200 OK
Content-Length: 16
Content-Type: application/json; charset=utf-8
cache-control: no-cache

18:02:16.034 [AsyncHttpClient-1-5] DEBUG org.asynchttpclient.netty.channel.ChannelManager - Adding key: http://localhost:4456 for channel [id: 0xcf9406f8, L:/127.0.0.1:56355 - R:localhost/127.0.0.1:4456]
18:02:16.037 [Forwarding findElement on session 388b59d491e0d233780b3d48c90ac7b3 to remote] DEBUG org.asynchttpclient.netty.request.NettyRequestSender - Using pooled Channel '[id: 0xcf9406f8, L:/127.0.0.1:56355 - R:localhost/127.0.0.1:4456]' for 'POST' to 'http://localhost:4456/session/388b59d491e0d233780b3d48c90ac7b3/element'
18:02:16.037 [Forwarding findElement on session 388b59d491e0d233780b3d48c90ac7b3 to remote] DEBUG org.asynchttpclient.netty.request.NettyRequestSender - Using open Channel [id: 0xcf9406f8, L:/127.0.0.1:56355 - R:localhost/127.0.0.1:4456] for POST '/session/388b59d491e0d233780b3d48c90ac7b3/element'
18:02:16.054 [AsyncHttpClient-1-5] DEBUG org.asynchttpclient.netty.handler.HttpHandler - 

Request DefaultHttpRequest(decodeResult: success, version: HTTP/1.1)
POST /session/388b59d491e0d233780b3d48c90ac7b3/element HTTP/1.1
User-Agent: selenium/4.8.1 (java windows)
Content-Length: 96
Content-Type: application/json; charset=utf-8
host: localhost:4456
accept: */*

Response DefaultHttpResponse(decodeResult: success, version: HTTP/1.1)
HTTP/1.1 200 OK
Content-Length: 88
Content-Type: application/json; charset=utf-8
cache-control: no-cache

18:02:16.054 [AsyncHttpClient-1-5] DEBUG org.asynchttpclient.netty.channel.ChannelManager - Adding key: http://localhost:4456 for channel [id: 0xcf9406f8, L:/127.0.0.1:56355 - R:localhost/127.0.0.1:4456]
18:02:16.056 [Forwarding clickElement on session 388b59d491e0d233780b3d48c90ac7b3 to remote] DEBUG org.asynchttpclient.netty.request.NettyRequestSender - Using pooled Channel '[id: 0xcf9406f8, L:/127.0.0.1:56355 - R:localhost/127.0.0.1:4456]' for 'POST' to 'http://localhost:4456/session/388b59d491e0d233780b3d48c90ac7b3/element/d471cd85-668a-483e-99c9-260dc81b17ea/click'
18:02:16.056 [Forwarding clickElement on session 388b59d491e0d233780b3d48c90ac7b3 to remote] DEBUG org.asynchttpclient.netty.request.NettyRequestSender - Using open Channel [id: 0xcf9406f8, L:/127.0.0.1:56355 - R:localhost/127.0.0.1:4456] for POST '/session/388b59d491e0d233780b3d48c90ac7b3/element/d471cd85-668a-483e-99c9-260dc81b17ea/click'
18:02:16.148 [AsyncHttpClient-1-1] DEBUG org.asynchttpclient.netty.channel.DefaultChannelPool - Entry count for : http://localhost:56357 : 1
18:02:16.184 [AsyncHttpClient-1-5] DEBUG org.asynchttpclient.netty.handler.HttpHandler - 

Request DefaultHttpRequest(decodeResult: success, version: HTTP/1.1)
POST /session/388b59d491e0d233780b3d48c90ac7b3/element/d471cd85-668a-483e-99c9-260dc81b17ea/click HTTP/1.1
User-Agent: selenium/4.8.1 (java windows)
Content-Length: 50
Content-Type: application/json; charset=utf-8
host: localhost:4456
accept: */*

Response DefaultHttpResponse(decodeResult: success, version: HTTP/1.1)
HTTP/1.1 200 OK
Content-Length: 14
Content-Type: application/json; charset=utf-8
cache-control: no-cache

18:02:16.184 [AsyncHttpClient-1-5] DEBUG org.asynchttpclient.netty.channel.ChannelManager - Adding key: http://localhost:4456 for channel [id: 0xcf9406f8, L:/127.0.0.1:56355 - R:localhost/127.0.0.1:4456]
18:02:16.194 [Forwarding findElement on session 388b59d491e0d233780b3d48c90ac7b3 to remote] DEBUG org.asynchttpclient.netty.request.NettyRequestSender - Using pooled Channel '[id: 0xcf9406f8, L:/127.0.0.1:56355 - R:localhost/127.0.0.1:4456]' for 'POST' to 'http://localhost:4456/session/388b59d491e0d233780b3d48c90ac7b3/element'
18:02:16.194 [Forwarding findElement on session 388b59d491e0d233780b3d48c90ac7b3 to remote] DEBUG org.asynchttpclient.netty.request.NettyRequestSender - Using open Channel [id: 0xcf9406f8, L:/127.0.0.1:56355 - R:localhost/127.0.0.1:4456] for POST '/session/388b59d491e0d233780b3d48c90ac7b3/element'
18:02:16.212 [AsyncHttpClient-1-5] DEBUG org.asynchttpclient.netty.handler.HttpHandler - 

Request DefaultHttpRequest(decodeResult: success, version: HTTP/1.1)
POST /session/388b59d491e0d233780b3d48c90ac7b3/element HTTP/1.1
User-Agent: selenium/4.8.1 (java windows)
Content-Length: 96
Content-Type: application/json; charset=utf-8
host: localhost:4456
accept: */*

Response DefaultHttpResponse(decodeResult: success, version: HTTP/1.1)
HTTP/1.1 200 OK
Content-Length: 88
Content-Type: application/json; charset=utf-8
cache-control: no-cache

18:02:16.213 [AsyncHttpClient-1-5] DEBUG org.asynchttpclient.netty.channel.ChannelManager - Adding key: http://localhost:4456 for channel [id: 0xcf9406f8, L:/127.0.0.1:56355 - R:localhost/127.0.0.1:4456]
18:02:16.217 [Forwarding getElementTagName on session 388b59d491e0d233780b3d48c90ac7b3 to remote] DEBUG org.asynchttpclient.netty.request.NettyRequestSender - Using pooled Channel '[id: 0xcf9406f8, L:/127.0.0.1:56355 - R:localhost/127.0.0.1:4456]' for 'GET' to 'http://localhost:4456/session/388b59d491e0d233780b3d48c90ac7b3/element/d471cd85-668a-483e-99c9-260dc81b17ea/name'
18:02:16.217 [Forwarding getElementTagName on session 388b59d491e0d233780b3d48c90ac7b3 to remote] DEBUG org.asynchttpclient.netty.request.NettyRequestSender - Using open Channel [id: 0xcf9406f8, L:/127.0.0.1:56355 - R:localhost/127.0.0.1:4456] for GET '/session/388b59d491e0d233780b3d48c90ac7b3/element/d471cd85-668a-483e-99c9-260dc81b17ea/name'
18:02:16.220 [AsyncHttpClient-1-5] DEBUG org.asynchttpclient.netty.handler.HttpHandler - 

Request DefaultFullHttpRequest(decodeResult: success, version: HTTP/1.1, content: EmptyByteBufBE)
GET /session/388b59d491e0d233780b3d48c90ac7b3/element/d471cd85-668a-483e-99c9-260dc81b17ea/name HTTP/1.1
User-Agent: selenium/4.8.1 (java windows)
Cache-Control: no-cache
Content-Type: application/json; charset=utf-8
host: localhost:4456
accept: */*

Response DefaultHttpResponse(decodeResult: success, version: HTTP/1.1)
HTTP/1.1 200 OK
Content-Length: 16
Content-Type: application/json; charset=utf-8
cache-control: no-cache

18:02:16.220 [AsyncHttpClient-1-5] DEBUG org.asynchttpclient.netty.channel.ChannelManager - Adding key: http://localhost:4456 for channel [id: 0xcf9406f8, L:/127.0.0.1:56355 - R:localhost/127.0.0.1:4456]
18:02:16.222 [Forwarding getElementTagName on session 388b59d491e0d233780b3d48c90ac7b3 to remote] DEBUG org.asynchttpclient.netty.request.NettyRequestSender - Using pooled Channel '[id: 0xcf9406f8, L:/127.0.0.1:56355 - R:localhost/127.0.0.1:4456]' for 'GET' to 'http://localhost:4456/session/388b59d491e0d233780b3d48c90ac7b3/element/d471cd85-668a-483e-99c9-260dc81b17ea/name'
18:02:16.222 [Forwarding getElementTagName on session 388b59d491e0d233780b3d48c90ac7b3 to remote] DEBUG org.asynchttpclient.netty.request.NettyRequestSender - Using open Channel [id: 0xcf9406f8, L:/127.0.0.1:56355 - R:localhost/127.0.0.1:4456] for GET '/session/388b59d491e0d233780b3d48c90ac7b3/element/d471cd85-668a-483e-99c9-260dc81b17ea/name'
18:02:16.225 [AsyncHttpClient-1-5] DEBUG org.asynchttpclient.netty.handler.HttpHandler - 

Request DefaultFullHttpRequest(decodeResult: success, version: HTTP/1.1, content: EmptyByteBufBE)
GET /session/388b59d491e0d233780b3d48c90ac7b3/element/d471cd85-668a-483e-99c9-260dc81b17ea/name HTTP/1.1
User-Agent: selenium/4.8.1 (java windows)
Cache-Control: no-cache
Content-Type: application/json; charset=utf-8
host: localhost:4456
accept: */*

Response DefaultHttpResponse(decodeResult: success, version: HTTP/1.1)
HTTP/1.1 200 OK
Content-Length: 16
Content-Type: application/json; charset=utf-8
cache-control: no-cache

18:02:16.225 [AsyncHttpClient-1-5] DEBUG org.asynchttpclient.netty.channel.ChannelManager - Adding key: http://localhost:4456 for channel [id: 0xcf9406f8, L:/127.0.0.1:56355 - R:localhost/127.0.0.1:4456]
18:02:16.227 [Forwarding findElement on session 388b59d491e0d233780b3d48c90ac7b3 to remote] DEBUG org.asynchttpclient.netty.request.NettyRequestSender - Using pooled Channel '[id: 0xcf9406f8, L:/127.0.0.1:56355 - R:localhost/127.0.0.1:4456]' for 'POST' to 'http://localhost:4456/session/388b59d491e0d233780b3d48c90ac7b3/element'
18:02:16.227 [Forwarding findElement on session 388b59d491e0d233780b3d48c90ac7b3 to remote] DEBUG org.asynchttpclient.netty.request.NettyRequestSender - Using open Channel [id: 0xcf9406f8, L:/127.0.0.1:56355 - R:localhost/127.0.0.1:4456] for POST '/session/388b59d491e0d233780b3d48c90ac7b3/element'
18:02:16.241 [AsyncHttpClient-1-5] DEBUG org.asynchttpclient.netty.handler.HttpHandler - 

Request DefaultHttpRequest(decodeResult: success, version: HTTP/1.1)
POST /session/388b59d491e0d233780b3d48c90ac7b3/element HTTP/1.1
User-Agent: selenium/4.8.1 (java windows)
Content-Length: 96
Content-Type: application/json; charset=utf-8
host: localhost:4456
accept: */*

Response DefaultHttpResponse(decodeResult: success, version: HTTP/1.1)
HTTP/1.1 200 OK
Content-Length: 88
Content-Type: application/json; charset=utf-8
cache-control: no-cache

18:02:16.242 [AsyncHttpClient-1-5] DEBUG org.asynchttpclient.netty.channel.ChannelManager - Adding key: http://localhost:4456 for channel [id: 0xcf9406f8, L:/127.0.0.1:56355 - R:localhost/127.0.0.1:4456]
18:02:16.243 [Forwarding clickElement on session 388b59d491e0d233780b3d48c90ac7b3 to remote] DEBUG org.asynchttpclient.netty.request.NettyRequestSender - Using pooled Channel '[id: 0xcf9406f8, L:/127.0.0.1:56355 - R:localhost/127.0.0.1:4456]' for 'POST' to 'http://localhost:4456/session/388b59d491e0d233780b3d48c90ac7b3/element/d471cd85-668a-483e-99c9-260dc81b17ea/click'
18:02:16.243 [Forwarding clickElement on session 388b59d491e0d233780b3d48c90ac7b3 to remote] DEBUG org.asynchttpclient.netty.request.NettyRequestSender - Using open Channel [id: 0xcf9406f8, L:/127.0.0.1:56355 - R:localhost/127.0.0.1:4456] for POST '/session/388b59d491e0d233780b3d48c90ac7b3/element/d471cd85-668a-483e-99c9-260dc81b17ea/click'
18:02:16.306 [AsyncHttpClient-1-5] DEBUG org.asynchttpclient.netty.handler.HttpHandler - 

Request DefaultHttpRequest(decodeResult: success, version: HTTP/1.1)
POST /session/388b59d491e0d233780b3d48c90ac7b3/element/d471cd85-668a-483e-99c9-260dc81b17ea/click HTTP/1.1
User-Agent: selenium/4.8.1 (java windows)
Content-Length: 50
Content-Type: application/json; charset=utf-8
host: localhost:4456
accept: */*

Response DefaultHttpResponse(decodeResult: success, version: HTTP/1.1)
HTTP/1.1 200 OK
Content-Length: 14
Content-Type: application/json; charset=utf-8
cache-control: no-cache

18:02:16.306 [AsyncHttpClient-1-5] DEBUG org.asynchttpclient.netty.channel.ChannelManager - Adding key: http://localhost:4456 for channel [id: 0xcf9406f8, L:/127.0.0.1:56355 - R:localhost/127.0.0.1:4456]
18:02:16.312 [Forwarding getAlertText on session 388b59d491e0d233780b3d48c90ac7b3 to remote] DEBUG org.asynchttpclient.netty.request.NettyRequestSender - Using pooled Channel '[id: 0xcf9406f8, L:/127.0.0.1:56355 - R:localhost/127.0.0.1:4456]' for 'GET' to 'http://localhost:4456/session/388b59d491e0d233780b3d48c90ac7b3/alert/text'
18:02:16.313 [Forwarding getAlertText on session 388b59d491e0d233780b3d48c90ac7b3 to remote] DEBUG org.asynchttpclient.netty.request.NettyRequestSender - Using open Channel [id: 0xcf9406f8, L:/127.0.0.1:56355 - R:localhost/127.0.0.1:4456] for GET '/session/388b59d491e0d233780b3d48c90ac7b3/alert/text'
18:02:16.321 [AsyncHttpClient-1-5] DEBUG org.asynchttpclient.netty.handler.HttpHandler - 

Request DefaultFullHttpRequest(decodeResult: success, version: HTTP/1.1, content: EmptyByteBufBE)
GET /session/388b59d491e0d233780b3d48c90ac7b3/alert/text HTTP/1.1
User-Agent: selenium/4.8.1 (java windows)
Cache-Control: no-cache
Content-Type: application/json; charset=utf-8
host: localhost:4456
accept: */*

Response DefaultHttpResponse(decodeResult: success, version: HTTP/1.1)
HTTP/1.1 404 Not Found
Content-Length: 848
Content-Type: application/json; charset=utf-8
cache-control: no-cache

18:02:16.321 [AsyncHttpClient-1-5] DEBUG org.asynchttpclient.netty.channel.ChannelManager - Adding key: http://localhost:4456 for channel [id: 0xcf9406f8, L:/127.0.0.1:56355 - R:localhost/127.0.0.1:4456]
18:02:16.323 [Forwarding getCurrentUrl on session 388b59d491e0d233780b3d48c90ac7b3 to remote] DEBUG org.asynchttpclient.netty.request.NettyRequestSender - Using pooled Channel '[id: 0xcf9406f8, L:/127.0.0.1:56355 - R:localhost/127.0.0.1:4456]' for 'GET' to 'http://localhost:4456/session/388b59d491e0d233780b3d48c90ac7b3/url'
18:02:16.323 [Forwarding getCurrentUrl on session 388b59d491e0d233780b3d48c90ac7b3 to remote] DEBUG org.asynchttpclient.netty.request.NettyRequestSender - Using open Channel [id: 0xcf9406f8, L:/127.0.0.1:56355 - R:localhost/127.0.0.1:4456] for GET '/session/388b59d491e0d233780b3d48c90ac7b3/url'
18:02:16.334 [AsyncHttpClient-1-5] DEBUG org.asynchttpclient.netty.handler.HttpHandler - 

Request DefaultFullHttpRequest(decodeResult: success, version: HTTP/1.1, content: EmptyByteBufBE)
GET /session/388b59d491e0d233780b3d48c90ac7b3/url HTTP/1.1
User-Agent: selenium/4.8.1 (java windows)
Cache-Control: no-cache
Content-Type: application/json; charset=utf-8
host: localhost:4456
accept: */*

Response DefaultHttpResponse(decodeResult: success, version: HTTP/1.1)
HTTP/1.1 200 OK
Content-Length: 41
Content-Type: application/json; charset=utf-8
cache-control: no-cache

18:02:16.334 [AsyncHttpClient-1-5] DEBUG org.asynchttpclient.netty.channel.ChannelManager - Adding key: http://localhost:4456 for channel [id: 0xcf9406f8, L:/127.0.0.1:56355 - R:localhost/127.0.0.1:4456]
18:02:16.335 [Forwarding screenshot on session 388b59d491e0d233780b3d48c90ac7b3 to remote] DEBUG org.asynchttpclient.netty.request.NettyRequestSender - Using pooled Channel '[id: 0xcf9406f8, L:/127.0.0.1:56355 - R:localhost/127.0.0.1:4456]' for 'GET' to 'http://localhost:4456/session/388b59d491e0d233780b3d48c90ac7b3/screenshot'
18:02:16.335 [Forwarding screenshot on session 388b59d491e0d233780b3d48c90ac7b3 to remote] DEBUG org.asynchttpclient.netty.request.NettyRequestSender - Using open Channel [id: 0xcf9406f8, L:/127.0.0.1:56355 - R:localhost/127.0.0.1:4456] for GET '/session/388b59d491e0d233780b3d48c90ac7b3/screenshot'
18:02:16.466 [AsyncHttpClient-1-5] DEBUG org.asynchttpclient.netty.handler.HttpHandler - 

Request DefaultFullHttpRequest(decodeResult: success, version: HTTP/1.1, content: EmptyByteBufBE)
GET /session/388b59d491e0d233780b3d48c90ac7b3/screenshot HTTP/1.1
User-Agent: selenium/4.8.1 (java windows)
Cache-Control: no-cache
Content-Type: application/json; charset=utf-8
host: localhost:4456
accept: */*

Response DefaultHttpResponse(decodeResult: success, version: HTTP/1.1)
HTTP/1.1 200 OK
Content-Length: 100888
Content-Type: application/json; charset=utf-8
cache-control: no-cache

18:02:16.467 [AsyncHttpClient-1-5] DEBUG org.asynchttpclient.netty.channel.ChannelManager - Adding key: http://localhost:4456 for channel [id: 0xcf9406f8, L:/127.0.0.1:56355 - R:localhost/127.0.0.1:4456]
18:02:16.472 [main] DEBUG net.serenitybdd.core.photography.Darkroom - Send negative for processing for target\site\serenity\90d6e34cda91fbefd0d12da85bfb714f2a3521415483ffd50948bee0d7ebf103.png
18:02:16.473 [main] DEBUG net.thucydides.core.steps.StepInterceptor - STEP DONE: user click button Beli
18:02:16.473 [Darkroom Processing Line] DEBUG net.serenitybdd.core.photography.DarkroomProcessingLine - Processing screenshot image in /var/screenshots/screenshot-9021523456414583371
18:02:16.473 [Darkroom Processing Line] DEBUG net.serenitybdd.core.photography.DarkroomProcessingLine - Saving screenshot to target\site\serenity\90d6e34cda91fbefd0d12da85bfb714f2a3521415483ffd50948bee0d7ebf103.png
18:02:16.478 [main] DEBUG net.thucydides.core.steps.StepInterceptor - STARTING STEP: ProductStep.successAddProductToTheCart - user success to add product to cart
18:02:16.481 [Forwarding findElement on session 388b59d491e0d233780b3d48c90ac7b3 to remote] DEBUG org.asynchttpclient.netty.request.NettyRequestSender - Using pooled Channel '[id: 0xcf9406f8, L:/127.0.0.1:56355 - R:localhost/127.0.0.1:4456]' for 'POST' to 'http://localhost:4456/session/388b59d491e0d233780b3d48c90ac7b3/element'
18:02:16.481 [Forwarding findElement on session 388b59d491e0d233780b3d48c90ac7b3 to remote] DEBUG org.asynchttpclient.netty.request.NettyRequestSender - Using open Channel [id: 0xcf9406f8, L:/127.0.0.1:56355 - R:localhost/127.0.0.1:4456] for POST '/session/388b59d491e0d233780b3d48c90ac7b3/element'
18:02:16.555 [AsyncHttpClient-1-5] DEBUG org.asynchttpclient.netty.handler.HttpHandler - 

Request DefaultHttpRequest(decodeResult: success, version: HTTP/1.1)
POST /session/388b59d491e0d233780b3d48c90ac7b3/element HTTP/1.1
User-Agent: selenium/4.8.1 (java windows)
Content-Length: 80
Content-Type: application/json; charset=utf-8
host: localhost:4456
accept: */*

Response DefaultHttpResponse(decodeResult: success, version: HTTP/1.1)
HTTP/1.1 200 OK
Content-Length: 88
Content-Type: application/json; charset=utf-8
cache-control: no-cache

18:02:16.556 [AsyncHttpClient-1-5] DEBUG org.asynchttpclient.netty.channel.ChannelManager - Adding key: http://localhost:4456 for channel [id: 0xcf9406f8, L:/127.0.0.1:56355 - R:localhost/127.0.0.1:4456]
18:02:16.561 [Forwarding isElementDisplayed on session 388b59d491e0d233780b3d48c90ac7b3 to remote] DEBUG org.asynchttpclient.netty.request.NettyRequestSender - Using pooled Channel '[id: 0xcf9406f8, L:/127.0.0.1:56355 - R:localhost/127.0.0.1:4456]' for 'POST' to 'http://localhost:4456/session/388b59d491e0d233780b3d48c90ac7b3/execute/sync'
18:02:16.561 [Forwarding isElementDisplayed on session 388b59d491e0d233780b3d48c90ac7b3 to remote] DEBUG org.asynchttpclient.netty.request.NettyRequestSender - Using open Channel [id: 0xcf9406f8, L:/127.0.0.1:56355 - R:localhost/127.0.0.1:4456] for POST '/session/388b59d491e0d233780b3d48c90ac7b3/execute/sync'
18:02:16.576 [AsyncHttpClient-1-5] DEBUG org.asynchttpclient.netty.handler.HttpHandler - 

Request DefaultHttpRequest(decodeResult: success, version: HTTP/1.1)
POST /session/388b59d491e0d233780b3d48c90ac7b3/execute/sync HTTP/1.1
User-Agent: selenium/4.8.1 (java windows)
Content-Length: 48807
Content-Type: application/json; charset=utf-8
host: localhost:4456
accept: */*

Response DefaultHttpResponse(decodeResult: success, version: HTTP/1.1)
HTTP/1.1 200 OK
Content-Length: 14
Content-Type: application/json; charset=utf-8
cache-control: no-cache

18:02:16.576 [AsyncHttpClient-1-5] DEBUG org.asynchttpclient.netty.channel.ChannelManager - Adding key: http://localhost:4456 for channel [id: 0xcf9406f8, L:/127.0.0.1:56355 - R:localhost/127.0.0.1:4456]
18:02:16.584 [Forwarding getAlertText on session 388b59d491e0d233780b3d48c90ac7b3 to remote] DEBUG org.asynchttpclient.netty.request.NettyRequestSender - Using pooled Channel '[id: 0xcf9406f8, L:/127.0.0.1:56355 - R:localhost/127.0.0.1:4456]' for 'GET' to 'http://localhost:4456/session/388b59d491e0d233780b3d48c90ac7b3/alert/text'
18:02:16.584 [Forwarding getAlertText on session 388b59d491e0d233780b3d48c90ac7b3 to remote] DEBUG org.asynchttpclient.netty.request.NettyRequestSender - Using open Channel [id: 0xcf9406f8, L:/127.0.0.1:56355 - R:localhost/127.0.0.1:4456] for GET '/session/388b59d491e0d233780b3d48c90ac7b3/alert/text'
18:02:16.588 [AsyncHttpClient-1-5] DEBUG org.asynchttpclient.netty.handler.HttpHandler - 

Request DefaultFullHttpRequest(decodeResult: success, version: HTTP/1.1, content: EmptyByteBufBE)
GET /session/388b59d491e0d233780b3d48c90ac7b3/alert/text HTTP/1.1
User-Agent: selenium/4.8.1 (java windows)
Cache-Control: no-cache
Content-Type: application/json; charset=utf-8
host: localhost:4456
accept: */*

Response DefaultHttpResponse(decodeResult: success, version: HTTP/1.1)
HTTP/1.1 404 Not Found
Content-Length: 848
Content-Type: application/json; charset=utf-8
cache-control: no-cache

18:02:16.589 [AsyncHttpClient-1-5] DEBUG org.asynchttpclient.netty.channel.ChannelManager - Adding key: http://localhost:4456 for channel [id: 0xcf9406f8, L:/127.0.0.1:56355 - R:localhost/127.0.0.1:4456]
18:02:16.593 [Forwarding getCurrentUrl on session 388b59d491e0d233780b3d48c90ac7b3 to remote] DEBUG org.asynchttpclient.netty.request.NettyRequestSender - Using pooled Channel '[id: 0xcf9406f8, L:/127.0.0.1:56355 - R:localhost/127.0.0.1:4456]' for 'GET' to 'http://localhost:4456/session/388b59d491e0d233780b3d48c90ac7b3/url'
18:02:16.593 [Forwarding getCurrentUrl on session 388b59d491e0d233780b3d48c90ac7b3 to remote] DEBUG org.asynchttpclient.netty.request.NettyRequestSender - Using open Channel [id: 0xcf9406f8, L:/127.0.0.1:56355 - R:localhost/127.0.0.1:4456] for GET '/session/388b59d491e0d233780b3d48c90ac7b3/url'
18:02:16.599 [AsyncHttpClient-1-5] DEBUG org.asynchttpclient.netty.handler.HttpHandler - 

Request DefaultFullHttpRequest(decodeResult: success, version: HTTP/1.1, content: EmptyByteBufBE)
GET /session/388b59d491e0d233780b3d48c90ac7b3/url HTTP/1.1
User-Agent: selenium/4.8.1 (java windows)
Cache-Control: no-cache
Content-Type: application/json; charset=utf-8
host: localhost:4456
accept: */*

Response DefaultHttpResponse(decodeResult: success, version: HTTP/1.1)
HTTP/1.1 200 OK
Content-Length: 41
Content-Type: application/json; charset=utf-8
cache-control: no-cache

18:02:16.599 [AsyncHttpClient-1-5] DEBUG org.asynchttpclient.netty.channel.ChannelManager - Adding key: http://localhost:4456 for channel [id: 0xcf9406f8, L:/127.0.0.1:56355 - R:localhost/127.0.0.1:4456]
18:02:16.600 [Forwarding screenshot on session 388b59d491e0d233780b3d48c90ac7b3 to remote] DEBUG org.asynchttpclient.netty.request.NettyRequestSender - Using pooled Channel '[id: 0xcf9406f8, L:/127.0.0.1:56355 - R:localhost/127.0.0.1:4456]' for 'GET' to 'http://localhost:4456/session/388b59d491e0d233780b3d48c90ac7b3/screenshot'
18:02:16.600 [Forwarding screenshot on session 388b59d491e0d233780b3d48c90ac7b3 to remote] DEBUG org.asynchttpclient.netty.request.NettyRequestSender - Using open Channel [id: 0xcf9406f8, L:/127.0.0.1:56355 - R:localhost/127.0.0.1:4456] for GET '/session/388b59d491e0d233780b3d48c90ac7b3/screenshot'
18:02:16.760 [AsyncHttpClient-1-5] DEBUG org.asynchttpclient.netty.handler.HttpHandler - 

Request DefaultFullHttpRequest(decodeResult: success, version: HTTP/1.1, content: EmptyByteBufBE)
GET /session/388b59d491e0d233780b3d48c90ac7b3/screenshot HTTP/1.1
User-Agent: selenium/4.8.1 (java windows)
Cache-Control: no-cache
Content-Type: application/json; charset=utf-8
host: localhost:4456
accept: */*

Response DefaultHttpResponse(decodeResult: success, version: HTTP/1.1)
HTTP/1.1 200 OK
Content-Length: 100068
Content-Type: application/json; charset=utf-8
cache-control: no-cache

18:02:16.761 [AsyncHttpClient-1-5] DEBUG org.asynchttpclient.netty.channel.ChannelManager - Adding key: http://localhost:4456 for channel [id: 0xcf9406f8, L:/127.0.0.1:56355 - R:localhost/127.0.0.1:4456]
18:02:16.768 [main] DEBUG net.serenitybdd.core.photography.Darkroom - Send negative for processing for target\site\serenity\242835627e94be316ec9679731dbc603e296ee990dbe2a1ad35eac941f43b34c.png
18:02:16.768 [main] DEBUG net.thucydides.core.steps.StepInterceptor - STEP DONE: user success to add product to cart
  &amp#27;[32mAnd &amp#27;[0m&amp#27;[32muser success add product to the cart&amp#27;[0m     &amp#27;[90m# starter.stepdefinition.ProductStep.successAddProductToTheCart()&amp#27;[0m
18:02:16.769 [Darkroom Processing Line] DEBUG net.serenitybdd.core.photography.DarkroomProcessingLine - Processing screenshot image in /var/screenshots/screenshot-488634325622738456
18:02:16.769 [Darkroom Processing Line] DEBUG net.serenitybdd.core.photography.DarkroomProcessingLine - Saving screenshot to target\site\serenity\242835627e94be316ec9679731dbc603e296ee990dbe2a1ad35eac941f43b34c.png
18:02:16.790 [main] DEBUG net.thucydides.core.steps.StepInterceptor - STARTING STEP: CartStep.userClickTheCart - user click the cart
18:02:16.794 [Forwarding findElement on session 388b59d491e0d233780b3d48c90ac7b3 to remote] DEBUG org.asynchttpclient.netty.request.NettyRequestSender - Using pooled Channel '[id: 0xcf9406f8, L:/127.0.0.1:56355 - R:localhost/127.0.0.1:4456]' for 'POST' to 'http://localhost:4456/session/388b59d491e0d233780b3d48c90ac7b3/element'
18:02:16.794 [Forwarding findElement on session 388b59d491e0d233780b3d48c90ac7b3 to remote] DEBUG org.asynchttpclient.netty.request.NettyRequestSender - Using open Channel [id: 0xcf9406f8, L:/127.0.0.1:56355 - R:localhost/127.0.0.1:4456] for POST '/session/388b59d491e0d233780b3d48c90ac7b3/element'
18:02:16.808 [AsyncHttpClient-1-5] DEBUG org.asynchttpclient.netty.handler.HttpHandler - 

Request DefaultHttpRequest(decodeResult: success, version: HTTP/1.1)
POST /session/388b59d491e0d233780b3d48c90ac7b3/element HTTP/1.1
User-Agent: selenium/4.8.1 (java windows)
Content-Length: 112
Content-Type: application/json; charset=utf-8
host: localhost:4456
accept: */*

Response DefaultHttpResponse(decodeResult: success, version: HTTP/1.1)
HTTP/1.1 200 OK
Content-Length: 88
Content-Type: application/json; charset=utf-8
cache-control: no-cache

18:02:16.808 [AsyncHttpClient-1-5] DEBUG org.asynchttpclient.netty.channel.ChannelManager - Adding key: http://localhost:4456 for channel [id: 0xcf9406f8, L:/127.0.0.1:56355 - R:localhost/127.0.0.1:4456]
18:02:16.810 [Forwarding getElementTagName on session 388b59d491e0d233780b3d48c90ac7b3 to remote] DEBUG org.asynchttpclient.netty.request.NettyRequestSender - Using pooled Channel '[id: 0xcf9406f8, L:/127.0.0.1:56355 - R:localhost/127.0.0.1:4456]' for 'GET' to 'http://localhost:4456/session/388b59d491e0d233780b3d48c90ac7b3/element/3d190c29-d2b6-4705-bfc4-f26607c56a59/name'
18:02:16.810 [Forwarding getElementTagName on session 388b59d491e0d233780b3d48c90ac7b3 to remote] DEBUG org.asynchttpclient.netty.request.NettyRequestSender - Using open Channel [id: 0xcf9406f8, L:/127.0.0.1:56355 - R:localhost/127.0.0.1:4456] for GET '/session/388b59d491e0d233780b3d48c90ac7b3/element/3d190c29-d2b6-4705-bfc4-f26607c56a59/name'
18:02:16.814 [AsyncHttpClient-1-5] DEBUG org.asynchttpclient.netty.handler.HttpHandler - 

Request DefaultFullHttpRequest(decodeResult: success, version: HTTP/1.1, content: EmptyByteBufBE)
GET /session/388b59d491e0d233780b3d48c90ac7b3/element/3d190c29-d2b6-4705-bfc4-f26607c56a59/name HTTP/1.1
User-Agent: selenium/4.8.1 (java windows)
Cache-Control: no-cache
Content-Type: application/json; charset=utf-8
host: localhost:4456
accept: */*

Response DefaultHttpResponse(decodeResult: success, version: HTTP/1.1)
HTTP/1.1 200 OK
Content-Length: 13
Content-Type: application/json; charset=utf-8
cache-control: no-cache

18:02:16.815 [AsyncHttpClient-1-5] DEBUG org.asynchttpclient.netty.channel.ChannelManager - Adding key: http://localhost:4456 for channel [id: 0xcf9406f8, L:/127.0.0.1:56355 - R:localhost/127.0.0.1:4456]
18:02:16.816 [Forwarding getElementTagName on session 388b59d491e0d233780b3d48c90ac7b3 to remote] DEBUG org.asynchttpclient.netty.request.NettyRequestSender - Using pooled Channel '[id: 0xcf9406f8, L:/127.0.0.1:56355 - R:localhost/127.0.0.1:4456]' for 'GET' to 'http://localhost:4456/session/388b59d491e0d233780b3d48c90ac7b3/element/3d190c29-d2b6-4705-bfc4-f26607c56a59/name'
18:02:16.816 [Forwarding getElementTagName on session 388b59d491e0d233780b3d48c90ac7b3 to remote] DEBUG org.asynchttpclient.netty.request.NettyRequestSender - Using open Channel [id: 0xcf9406f8, L:/127.0.0.1:56355 - R:localhost/127.0.0.1:4456] for GET '/session/388b59d491e0d233780b3d48c90ac7b3/element/3d190c29-d2b6-4705-bfc4-f26607c56a59/name'
18:02:16.819 [AsyncHttpClient-1-5] DEBUG org.asynchttpclient.netty.handler.HttpHandler - 

Request DefaultFullHttpRequest(decodeResult: success, version: HTTP/1.1, content: EmptyByteBufBE)
GET /session/388b59d491e0d233780b3d48c90ac7b3/element/3d190c29-d2b6-4705-bfc4-f26607c56a59/name HTTP/1.1
User-Agent: selenium/4.8.1 (java windows)
Cache-Control: no-cache
Content-Type: application/json; charset=utf-8
host: localhost:4456
accept: */*

Response DefaultHttpResponse(decodeResult: success, version: HTTP/1.1)
HTTP/1.1 200 OK
Content-Length: 13
Content-Type: application/json; charset=utf-8
cache-control: no-cache

18:02:16.820 [AsyncHttpClient-1-5] DEBUG org.asynchttpclient.netty.channel.ChannelManager - Adding key: http://localhost:4456 for channel [id: 0xcf9406f8, L:/127.0.0.1:56355 - R:localhost/127.0.0.1:4456]
18:02:16.822 [Forwarding findElement on session 388b59d491e0d233780b3d48c90ac7b3 to remote] DEBUG org.asynchttpclient.netty.request.NettyRequestSender - Using pooled Channel '[id: 0xcf9406f8, L:/127.0.0.1:56355 - R:localhost/127.0.0.1:4456]' for 'POST' to 'http://localhost:4456/session/388b59d491e0d233780b3d48c90ac7b3/element'
18:02:16.822 [Forwarding findElement on session 388b59d491e0d233780b3d48c90ac7b3 to remote] DEBUG org.asynchttpclient.netty.request.NettyRequestSender - Using open Channel [id: 0xcf9406f8, L:/127.0.0.1:56355 - R:localhost/127.0.0.1:4456] for POST '/session/388b59d491e0d233780b3d48c90ac7b3/element'
18:02:16.831 [AsyncHttpClient-1-5] DEBUG org.asynchttpclient.netty.handler.HttpHandler - 

Request DefaultHttpRequest(decodeResult: success, version: HTTP/1.1)
POST /session/388b59d491e0d233780b3d48c90ac7b3/element HTTP/1.1
User-Agent: selenium/4.8.1 (java windows)
Content-Length: 112
Content-Type: application/json; charset=utf-8
host: localhost:4456
accept: */*

Response DefaultHttpResponse(decodeResult: success, version: HTTP/1.1)
HTTP/1.1 200 OK
Content-Length: 88
Content-Type: application/json; charset=utf-8
cache-control: no-cache

18:02:16.831 [AsyncHttpClient-1-5] DEBUG org.asynchttpclient.netty.channel.ChannelManager - Adding key: http://localhost:4456 for channel [id: 0xcf9406f8, L:/127.0.0.1:56355 - R:localhost/127.0.0.1:4456]
18:02:16.833 [Forwarding clickElement on session 388b59d491e0d233780b3d48c90ac7b3 to remote] DEBUG org.asynchttpclient.netty.request.NettyRequestSender - Using pooled Channel '[id: 0xcf9406f8, L:/127.0.0.1:56355 - R:localhost/127.0.0.1:4456]' for 'POST' to 'http://localhost:4456/session/388b59d491e0d233780b3d48c90ac7b3/element/3d190c29-d2b6-4705-bfc4-f26607c56a59/click'
18:02:16.833 [Forwarding clickElement on session 388b59d491e0d233780b3d48c90ac7b3 to remote] DEBUG org.asynchttpclient.netty.request.NettyRequestSender - Using open Channel [id: 0xcf9406f8, L:/127.0.0.1:56355 - R:localhost/127.0.0.1:4456] for POST '/session/388b59d491e0d233780b3d48c90ac7b3/element/3d190c29-d2b6-4705-bfc4-f26607c56a59/click'
18:02:16.891 [AsyncHttpClient-1-5] DEBUG org.asynchttpclient.netty.handler.HttpHandler - 

Request DefaultHttpRequest(decodeResult: success, version: HTTP/1.1)
POST /session/388b59d491e0d233780b3d48c90ac7b3/element/3d190c29-d2b6-4705-bfc4-f26607c56a59/click HTTP/1.1
User-Agent: selenium/4.8.1 (java windows)
Content-Length: 50
Content-Type: application/json; charset=utf-8
host: localhost:4456
accept: */*

Response DefaultHttpResponse(decodeResult: success, version: HTTP/1.1)
HTTP/1.1 200 OK
Content-Length: 14
Content-Type: application/json; charset=utf-8
cache-control: no-cache

18:02:16.892 [AsyncHttpClient-1-5] DEBUG org.asynchttpclient.netty.channel.ChannelManager - Adding key: http://localhost:4456 for channel [id: 0xcf9406f8, L:/127.0.0.1:56355 - R:localhost/127.0.0.1:4456]
18:02:16.906 [Forwarding getAlertText on session 388b59d491e0d233780b3d48c90ac7b3 to remote] DEBUG org.asynchttpclient.netty.request.NettyRequestSender - Using pooled Channel '[id: 0xcf9406f8, L:/127.0.0.1:56355 - R:localhost/127.0.0.1:4456]' for 'GET' to 'http://localhost:4456/session/388b59d491e0d233780b3d48c90ac7b3/alert/text'
18:02:16.906 [Forwarding getAlertText on session 388b59d491e0d233780b3d48c90ac7b3 to remote] DEBUG org.asynchttpclient.netty.request.NettyRequestSender - Using open Channel [id: 0xcf9406f8, L:/127.0.0.1:56355 - R:localhost/127.0.0.1:4456] for GET '/session/388b59d491e0d233780b3d48c90ac7b3/alert/text'
18:02:17.041 [AsyncHttpClient-1-5] DEBUG org.asynchttpclient.netty.handler.HttpHandler - 

Request DefaultFullHttpRequest(decodeResult: success, version: HTTP/1.1, content: EmptyByteBufBE)
GET /session/388b59d491e0d233780b3d48c90ac7b3/alert/text HTTP/1.1
User-Agent: selenium/4.8.1 (java windows)
Cache-Control: no-cache
Content-Type: application/json; charset=utf-8
host: localhost:4456
accept: */*

Response DefaultHttpResponse(decodeResult: success, version: HTTP/1.1)
HTTP/1.1 404 Not Found
Content-Length: 848
Content-Type: application/json; charset=utf-8
cache-control: no-cache

18:02:17.041 [AsyncHttpClient-1-5] DEBUG org.asynchttpclient.netty.channel.ChannelManager - Adding key: http://localhost:4456 for channel [id: 0xcf9406f8, L:/127.0.0.1:56355 - R:localhost/127.0.0.1:4456]
18:02:17.044 [Forwarding getCurrentUrl on session 388b59d491e0d233780b3d48c90ac7b3 to remote] DEBUG org.asynchttpclient.netty.request.NettyRequestSender - Using pooled Channel '[id: 0xcf9406f8, L:/127.0.0.1:56355 - R:localhost/127.0.0.1:4456]' for 'GET' to 'http://localhost:4456/session/388b59d491e0d233780b3d48c90ac7b3/url'
18:02:17.044 [Forwarding getCurrentUrl on session 388b59d491e0d233780b3d48c90ac7b3 to remote] DEBUG org.asynchttpclient.netty.request.NettyRequestSender - Using open Channel [id: 0xcf9406f8, L:/127.0.0.1:56355 - R:localhost/127.0.0.1:4456] for GET '/session/388b59d491e0d233780b3d48c90ac7b3/url'
18:02:17.049 [AsyncHttpClient-1-5] DEBUG org.asynchttpclient.netty.handler.HttpHandler - 

Request DefaultFullHttpRequest(decodeResult: success, version: HTTP/1.1, content: EmptyByteBufBE)
GET /session/388b59d491e0d233780b3d48c90ac7b3/url HTTP/1.1
User-Agent: selenium/4.8.1 (java windows)
Cache-Control: no-cache
Content-Type: application/json; charset=utf-8
host: localhost:4456
accept: */*

Response DefaultHttpResponse(decodeResult: success, version: HTTP/1.1)
HTTP/1.1 200 OK
Content-Length: 46
Content-Type: application/json; charset=utf-8
cache-control: no-cache

18:02:17.049 [AsyncHttpClient-1-5] DEBUG org.asynchttpclient.netty.channel.ChannelManager - Adding key: http://localhost:4456 for channel [id: 0xcf9406f8, L:/127.0.0.1:56355 - R:localhost/127.0.0.1:4456]
18:02:17.051 [Forwarding screenshot on session 388b59d491e0d233780b3d48c90ac7b3 to remote] DEBUG org.asynchttpclient.netty.request.NettyRequestSender - Using pooled Channel '[id: 0xcf9406f8, L:/127.0.0.1:56355 - R:localhost/127.0.0.1:4456]' for 'GET' to 'http://localhost:4456/session/388b59d491e0d233780b3d48c90ac7b3/screenshot'
18:02:17.051 [Forwarding screenshot on session 388b59d491e0d233780b3d48c90ac7b3 to remote] DEBUG org.asynchttpclient.netty.request.NettyRequestSender - Using open Channel [id: 0xcf9406f8, L:/127.0.0.1:56355 - R:localhost/127.0.0.1:4456] for GET '/session/388b59d491e0d233780b3d48c90ac7b3/screenshot'
18:02:17.171 [AsyncHttpClient-1-5] DEBUG org.asynchttpclient.netty.handler.HttpHandler - 

Request DefaultFullHttpRequest(decodeResult: success, version: HTTP/1.1, content: EmptyByteBufBE)
GET /session/388b59d491e0d233780b3d48c90ac7b3/screenshot HTTP/1.1
User-Agent: selenium/4.8.1 (java windows)
Cache-Control: no-cache
Content-Type: application/json; charset=utf-8
host: localhost:4456
accept: */*

Response DefaultHttpResponse(decodeResult: success, version: HTTP/1.1)
HTTP/1.1 200 OK
Content-Length: 29984
Content-Type: application/json; charset=utf-8
cache-control: no-cache

18:02:17.171 [AsyncHttpClient-1-5] DEBUG org.asynchttpclient.netty.channel.ChannelManager - Adding key: http://localhost:4456 for channel [id: 0xcf9406f8, L:/127.0.0.1:56355 - R:localhost/127.0.0.1:4456]
18:02:17.173 [main] DEBUG net.serenitybdd.core.photography.Darkroom - Send negative for processing for target\site\serenity\a1ac20aafcfae004b2633780d34ef0ecbf839320e4cf1f9186b15de4048dbced.png
18:02:17.173 [main] DEBUG net.thucydides.core.steps.StepInterceptor - STEP DONE: user click the cart
  &amp#27;[32mWhen &amp#27;[0m&amp#27;[32muser click the cart&amp#27;[0m                     &amp#27;[90m# starter.stepdefinition.CartStep.userClickTheCart()&amp#27;[0m
18:02:17.173 [Darkroom Processing Line] DEBUG net.serenitybdd.core.photography.DarkroomProcessingLine - Processing screenshot image in /var/screenshots/screenshot-614171263712597848
18:02:17.173 [Darkroom Processing Line] DEBUG net.serenitybdd.core.photography.DarkroomProcessingLine - Saving screenshot to target\site\serenity\a1ac20aafcfae004b2633780d34ef0ecbf839320e4cf1f9186b15de4048dbced.png
18:02:17.184 [main] DEBUG net.thucydides.core.steps.StepInterceptor - STARTING STEP: CartStep.userClickButtonBayar - user click button Bayar
18:02:17.187 [Forwarding findElement on session 388b59d491e0d233780b3d48c90ac7b3 to remote] DEBUG org.asynchttpclient.netty.request.NettyRequestSender - Using pooled Channel '[id: 0xcf9406f8, L:/127.0.0.1:56355 - R:localhost/127.0.0.1:4456]' for 'POST' to 'http://localhost:4456/session/388b59d491e0d233780b3d48c90ac7b3/element'
18:02:17.187 [Forwarding findElement on session 388b59d491e0d233780b3d48c90ac7b3 to remote] DEBUG org.asynchttpclient.netty.request.NettyRequestSender - Using open Channel [id: 0xcf9406f8, L:/127.0.0.1:56355 - R:localhost/127.0.0.1:4456] for POST '/session/388b59d491e0d233780b3d48c90ac7b3/element'
18:02:17.206 [AsyncHttpClient-1-5] DEBUG org.asynchttpclient.netty.handler.HttpHandler - 

Request DefaultHttpRequest(decodeResult: success, version: HTTP/1.1)
POST /session/388b59d491e0d233780b3d48c90ac7b3/element HTTP/1.1
User-Agent: selenium/4.8.1 (java windows)
Content-Length: 71
Content-Type: application/json; charset=utf-8
host: localhost:4456
accept: */*

Response DefaultHttpResponse(decodeResult: success, version: HTTP/1.1)
HTTP/1.1 200 OK
Content-Length: 88
Content-Type: application/json; charset=utf-8
cache-control: no-cache

18:02:17.206 [AsyncHttpClient-1-5] DEBUG org.asynchttpclient.netty.channel.ChannelManager - Adding key: http://localhost:4456 for channel [id: 0xcf9406f8, L:/127.0.0.1:56355 - R:localhost/127.0.0.1:4456]
18:02:17.208 [Forwarding getElementTagName on session 388b59d491e0d233780b3d48c90ac7b3 to remote] DEBUG org.asynchttpclient.netty.request.NettyRequestSender - Using pooled Channel '[id: 0xcf9406f8, L:/127.0.0.1:56355 - R:localhost/127.0.0.1:4456]' for 'GET' to 'http://localhost:4456/session/388b59d491e0d233780b3d48c90ac7b3/element/8b238f6a-741e-4897-b911-eae17abf2d2b/name'
18:02:17.208 [Forwarding getElementTagName on session 388b59d491e0d233780b3d48c90ac7b3 to remote] DEBUG org.asynchttpclient.netty.request.NettyRequestSender - Using open Channel [id: 0xcf9406f8, L:/127.0.0.1:56355 - R:localhost/127.0.0.1:4456] for GET '/session/388b59d491e0d233780b3d48c90ac7b3/element/8b238f6a-741e-4897-b911-eae17abf2d2b/name'
18:02:17.258 [AsyncHttpClient-1-1] DEBUG org.asynchttpclient.netty.channel.DefaultChannelPool - Entry count for : http://localhost:56357 : 1
18:02:17.309 [AsyncHttpClient-1-5] DEBUG org.asynchttpclient.netty.handler.HttpHandler - 

Request DefaultFullHttpRequest(decodeResult: success, version: HTTP/1.1, content: EmptyByteBufBE)
GET /session/388b59d491e0d233780b3d48c90ac7b3/element/8b238f6a-741e-4897-b911-eae17abf2d2b/name HTTP/1.1
User-Agent: selenium/4.8.1 (java windows)
Cache-Control: no-cache
Content-Type: application/json; charset=utf-8
host: localhost:4456
accept: */*

Response DefaultHttpResponse(decodeResult: success, version: HTTP/1.1)
HTTP/1.1 200 OK
Content-Length: 16
Content-Type: application/json; charset=utf-8
cache-control: no-cache

18:02:17.309 [AsyncHttpClient-1-5] DEBUG org.asynchttpclient.netty.channel.ChannelManager - Adding key: http://localhost:4456 for channel [id: 0xcf9406f8, L:/127.0.0.1:56355 - R:localhost/127.0.0.1:4456]
18:02:17.310 [Forwarding getElementTagName on session 388b59d491e0d233780b3d48c90ac7b3 to remote] DEBUG org.asynchttpclient.netty.request.NettyRequestSender - Using pooled Channel '[id: 0xcf9406f8, L:/127.0.0.1:56355 - R:localhost/127.0.0.1:4456]' for 'GET' to 'http://localhost:4456/session/388b59d491e0d233780b3d48c90ac7b3/element/8b238f6a-741e-4897-b911-eae17abf2d2b/name'
18:02:17.310 [Forwarding getElementTagName on session 388b59d491e0d233780b3d48c90ac7b3 to remote] DEBUG org.asynchttpclient.netty.request.NettyRequestSender - Using open Channel [id: 0xcf9406f8, L:/127.0.0.1:56355 - R:localhost/127.0.0.1:4456] for GET '/session/388b59d491e0d233780b3d48c90ac7b3/element/8b238f6a-741e-4897-b911-eae17abf2d2b/name'
18:02:17.314 [AsyncHttpClient-1-5] DEBUG org.asynchttpclient.netty.handler.HttpHandler - 

Request DefaultFullHttpRequest(decodeResult: success, version: HTTP/1.1, content: EmptyByteBufBE)
GET /session/388b59d491e0d233780b3d48c90ac7b3/element/8b238f6a-741e-4897-b911-eae17abf2d2b/name HTTP/1.1
User-Agent: selenium/4.8.1 (java windows)
Cache-Control: no-cache
Content-Type: application/json; charset=utf-8
host: localhost:4456
accept: */*

Response DefaultHttpResponse(decodeResult: success, version: HTTP/1.1)
HTTP/1.1 200 OK
Content-Length: 16
Content-Type: application/json; charset=utf-8
cache-control: no-cache

18:02:17.315 [AsyncHttpClient-1-5] DEBUG org.asynchttpclient.netty.channel.ChannelManager - Adding key: http://localhost:4456 for channel [id: 0xcf9406f8, L:/127.0.0.1:56355 - R:localhost/127.0.0.1:4456]
18:02:17.316 [Forwarding findElement on session 388b59d491e0d233780b3d48c90ac7b3 to remote] DEBUG org.asynchttpclient.netty.request.NettyRequestSender - Using pooled Channel '[id: 0xcf9406f8, L:/127.0.0.1:56355 - R:localhost/127.0.0.1:4456]' for 'POST' to 'http://localhost:4456/session/388b59d491e0d233780b3d48c90ac7b3/element'
18:02:17.316 [Forwarding findElement on session 388b59d491e0d233780b3d48c90ac7b3 to remote] DEBUG org.asynchttpclient.netty.request.NettyRequestSender - Using open Channel [id: 0xcf9406f8, L:/127.0.0.1:56355 - R:localhost/127.0.0.1:4456] for POST '/session/388b59d491e0d233780b3d48c90ac7b3/element'
18:02:17.323 [AsyncHttpClient-1-5] DEBUG org.asynchttpclient.netty.handler.HttpHandler - 

Request DefaultHttpRequest(decodeResult: success, version: HTTP/1.1)
POST /session/388b59d491e0d233780b3d48c90ac7b3/element HTTP/1.1
User-Agent: selenium/4.8.1 (java windows)
Content-Length: 71
Content-Type: application/json; charset=utf-8
host: localhost:4456
accept: */*

Response DefaultHttpResponse(decodeResult: success, version: HTTP/1.1)
HTTP/1.1 200 OK
Content-Length: 88
Content-Type: application/json; charset=utf-8
cache-control: no-cache

18:02:17.323 [AsyncHttpClient-1-5] DEBUG org.asynchttpclient.netty.channel.ChannelManager - Adding key: http://localhost:4456 for channel [id: 0xcf9406f8, L:/127.0.0.1:56355 - R:localhost/127.0.0.1:4456]
18:02:17.324 [Forwarding clickElement on session 388b59d491e0d233780b3d48c90ac7b3 to remote] DEBUG org.asynchttpclient.netty.request.NettyRequestSender - Using pooled Channel '[id: 0xcf9406f8, L:/127.0.0.1:56355 - R:localhost/127.0.0.1:4456]' for 'POST' to 'http://localhost:4456/session/388b59d491e0d233780b3d48c90ac7b3/element/8b238f6a-741e-4897-b911-eae17abf2d2b/click'
18:02:17.324 [Forwarding clickElement on session 388b59d491e0d233780b3d48c90ac7b3 to remote] DEBUG org.asynchttpclient.netty.request.NettyRequestSender - Using open Channel [id: 0xcf9406f8, L:/127.0.0.1:56355 - R:localhost/127.0.0.1:4456] for POST '/session/388b59d491e0d233780b3d48c90ac7b3/element/8b238f6a-741e-4897-b911-eae17abf2d2b/click'
18:02:17.357 [AsyncHttpClient-1-5] DEBUG org.asynchttpclient.netty.handler.HttpHandler - 

Request DefaultHttpRequest(decodeResult: success, version: HTTP/1.1)
POST /session/388b59d491e0d233780b3d48c90ac7b3/element/8b238f6a-741e-4897-b911-eae17abf2d2b/click HTTP/1.1
User-Agent: selenium/4.8.1 (java windows)
Content-Length: 50
Content-Type: application/json; charset=utf-8
host: localhost:4456
accept: */*

Response DefaultHttpResponse(decodeResult: success, version: HTTP/1.1)
HTTP/1.1 200 OK
Content-Length: 14
Content-Type: application/json; charset=utf-8
cache-control: no-cache

18:02:17.357 [AsyncHttpClient-1-5] DEBUG org.asynchttpclient.netty.channel.ChannelManager - Adding key: http://localhost:4456 for channel [id: 0xcf9406f8, L:/127.0.0.1:56355 - R:localhost/127.0.0.1:4456]
18:02:17.365 [Forwarding getAlertText on session 388b59d491e0d233780b3d48c90ac7b3 to remote] DEBUG org.asynchttpclient.netty.request.NettyRequestSender - Using pooled Channel '[id: 0xcf9406f8, L:/127.0.0.1:56355 - R:localhost/127.0.0.1:4456]' for 'GET' to 'http://localhost:4456/session/388b59d491e0d233780b3d48c90ac7b3/alert/text'
18:02:17.365 [Forwarding getAlertText on session 388b59d491e0d233780b3d48c90ac7b3 to remote] DEBUG org.asynchttpclient.netty.request.NettyRequestSender - Using open Channel [id: 0xcf9406f8, L:/127.0.0.1:56355 - R:localhost/127.0.0.1:4456] for GET '/session/388b59d491e0d233780b3d48c90ac7b3/alert/text'
18:02:17.394 [AsyncHttpClient-1-5] DEBUG org.asynchttpclient.netty.handler.HttpHandler - 

Request DefaultFullHttpRequest(decodeResult: success, version: HTTP/1.1, content: EmptyByteBufBE)
GET /session/388b59d491e0d233780b3d48c90ac7b3/alert/text HTTP/1.1
User-Agent: selenium/4.8.1 (java windows)
Cache-Control: no-cache
Content-Type: application/json; charset=utf-8
host: localhost:4456
accept: */*

Response DefaultHttpResponse(decodeResult: success, version: HTTP/1.1)
HTTP/1.1 404 Not Found
Content-Length: 848
Content-Type: application/json; charset=utf-8
cache-control: no-cache

18:02:17.394 [AsyncHttpClient-1-5] DEBUG org.asynchttpclient.netty.channel.ChannelManager - Adding key: http://localhost:4456 for channel [id: 0xcf9406f8, L:/127.0.0.1:56355 - R:localhost/127.0.0.1:4456]
18:02:17.397 [Forwarding getCurrentUrl on session 388b59d491e0d233780b3d48c90ac7b3 to remote] DEBUG org.asynchttpclient.netty.request.NettyRequestSender - Using pooled Channel '[id: 0xcf9406f8, L:/127.0.0.1:56355 - R:localhost/127.0.0.1:4456]' for 'GET' to 'http://localhost:4456/session/388b59d491e0d233780b3d48c90ac7b3/url'
18:02:17.397 [Forwarding getCurrentUrl on session 388b59d491e0d233780b3d48c90ac7b3 to remote] DEBUG org.asynchttpclient.netty.request.NettyRequestSender - Using open Channel [id: 0xcf9406f8, L:/127.0.0.1:56355 - R:localhost/127.0.0.1:4456] for GET '/session/388b59d491e0d233780b3d48c90ac7b3/url'
18:02:17.400 [AsyncHttpClient-1-5] DEBUG org.asynchttpclient.netty.handler.HttpHandler - 

Request DefaultFullHttpRequest(decodeResult: success, version: HTTP/1.1, content: EmptyByteBufBE)
GET /session/388b59d491e0d233780b3d48c90ac7b3/url HTTP/1.1
User-Agent: selenium/4.8.1 (java windows)
Cache-Control: no-cache
Content-Type: application/json; charset=utf-8
host: localhost:4456
accept: */*

Response DefaultHttpResponse(decodeResult: success, version: HTTP/1.1)
HTTP/1.1 200 OK
Content-Length: 113
Content-Type: application/json; charset=utf-8
cache-control: no-cache

18:02:17.400 [AsyncHttpClient-1-5] DEBUG org.asynchttpclient.netty.channel.ChannelManager - Adding key: http://localhost:4456 for channel [id: 0xcf9406f8, L:/127.0.0.1:56355 - R:localhost/127.0.0.1:4456]
18:02:17.401 [Forwarding screenshot on session 388b59d491e0d233780b3d48c90ac7b3 to remote] DEBUG org.asynchttpclient.netty.request.NettyRequestSender - Using pooled Channel '[id: 0xcf9406f8, L:/127.0.0.1:56355 - R:localhost/127.0.0.1:4456]' for 'GET' to 'http://localhost:4456/session/388b59d491e0d233780b3d48c90ac7b3/screenshot'
18:02:17.401 [Forwarding screenshot on session 388b59d491e0d233780b3d48c90ac7b3 to remote] DEBUG org.asynchttpclient.netty.request.NettyRequestSender - Using open Channel [id: 0xcf9406f8, L:/127.0.0.1:56355 - R:localhost/127.0.0.1:4456] for GET '/session/388b59d491e0d233780b3d48c90ac7b3/screenshot'
18:02:17.536 [AsyncHttpClient-1-5] DEBUG org.asynchttpclient.netty.handler.HttpHandler - 

Request DefaultFullHttpRequest(decodeResult: success, version: HTTP/1.1, content: EmptyByteBufBE)
GET /session/388b59d491e0d233780b3d48c90ac7b3/screenshot HTTP/1.1
User-Agent: selenium/4.8.1 (java windows)
Cache-Control: no-cache
Content-Type: application/json; charset=utf-8
host: localhost:4456
accept: */*

Response DefaultHttpResponse(decodeResult: success, version: HTTP/1.1)
HTTP/1.1 200 OK
Content-Length: 31356
Content-Type: application/json; charset=utf-8
cache-control: no-cache

18:02:17.537 [AsyncHttpClient-1-5] DEBUG org.asynchttpclient.netty.channel.ChannelManager - Adding key: http://localhost:4456 for channel [id: 0xcf9406f8, L:/127.0.0.1:56355 - R:localhost/127.0.0.1:4456]
18:02:17.538 [main] DEBUG net.serenitybdd.core.photography.Darkroom - Send negative for processing for target\site\serenity\43b76950f88a0c9eac96dfd09428d1cdeececabebc2dd70f0e3ceceb96c4dd08.png
18:02:17.539 [main] DEBUG net.thucydides.core.steps.StepInterceptor - STEP DONE: user click button Bayar
  &amp#27;[32mAnd &amp#27;[0m&amp#27;[32muser click button Bayar&amp#27;[0m                  &amp#27;[90m# starter.stepdefinition.CartStep.userClickButtonBayar()&amp#27;[0m
18:02:17.539 [Darkroom Processing Line] DEBUG net.serenitybdd.core.photography.DarkroomProcessingLine - Processing screenshot image in /var/screenshots/screenshot-2524735386443778895
18:02:17.539 [Darkroom Processing Line] DEBUG net.serenitybdd.core.photography.DarkroomProcessingLine - Saving screenshot to target\site\serenity\43b76950f88a0c9eac96dfd09428d1cdeececabebc2dd70f0e3ceceb96c4dd08.png
18:02:17.549 [main] DEBUG net.thucydides.core.steps.StepInterceptor - STARTING STEP: CartStep.theAppDisplaysFormTransaction - the app displays form transaction
18:02:17.552 [Forwarding findElement on session 388b59d491e0d233780b3d48c90ac7b3 to remote] DEBUG org.asynchttpclient.netty.request.NettyRequestSender - Using pooled Channel '[id: 0xcf9406f8, L:/127.0.0.1:56355 - R:localhost/127.0.0.1:4456]' for 'POST' to 'http://localhost:4456/session/388b59d491e0d233780b3d48c90ac7b3/element'
18:02:17.552 [Forwarding findElement on session 388b59d491e0d233780b3d48c90ac7b3 to remote] DEBUG org.asynchttpclient.netty.request.NettyRequestSender - Using open Channel [id: 0xcf9406f8, L:/127.0.0.1:56355 - R:localhost/127.0.0.1:4456] for POST '/session/388b59d491e0d233780b3d48c90ac7b3/element'
18:02:17.564 [AsyncHttpClient-1-5] DEBUG org.asynchttpclient.netty.handler.HttpHandler - 

Request DefaultHttpRequest(decodeResult: success, version: HTTP/1.1)
POST /session/388b59d491e0d233780b3d48c90ac7b3/element HTTP/1.1
User-Agent: selenium/4.8.1 (java windows)
Content-Length: 72
Content-Type: application/json; charset=utf-8
host: localhost:4456
accept: */*

Response DefaultHttpResponse(decodeResult: success, version: HTTP/1.1)
HTTP/1.1 200 OK
Content-Length: 88
Content-Type: application/json; charset=utf-8
cache-control: no-cache

18:02:17.564 [AsyncHttpClient-1-5] DEBUG org.asynchttpclient.netty.channel.ChannelManager - Adding key: http://localhost:4456 for channel [id: 0xcf9406f8, L:/127.0.0.1:56355 - R:localhost/127.0.0.1:4456]
18:02:17.566 [Forwarding isElementDisplayed on session 388b59d491e0d233780b3d48c90ac7b3 to remote] DEBUG org.asynchttpclient.netty.request.NettyRequestSender - Using pooled Channel '[id: 0xcf9406f8, L:/127.0.0.1:56355 - R:localhost/127.0.0.1:4456]' for 'POST' to 'http://localhost:4456/session/388b59d491e0d233780b3d48c90ac7b3/execute/sync'
18:02:17.566 [Forwarding isElementDisplayed on session 388b59d491e0d233780b3d48c90ac7b3 to remote] DEBUG org.asynchttpclient.netty.request.NettyRequestSender - Using open Channel [id: 0xcf9406f8, L:/127.0.0.1:56355 - R:localhost/127.0.0.1:4456] for POST '/session/388b59d491e0d233780b3d48c90ac7b3/execute/sync'
18:02:17.576 [AsyncHttpClient-1-5] DEBUG org.asynchttpclient.netty.handler.HttpHandler - 

Request DefaultHttpRequest(decodeResult: success, version: HTTP/1.1)
POST /session/388b59d491e0d233780b3d48c90ac7b3/execute/sync HTTP/1.1
User-Agent: selenium/4.8.1 (java windows)
Content-Length: 48807
Content-Type: application/json; charset=utf-8
host: localhost:4456
accept: */*

Response DefaultHttpResponse(decodeResult: success, version: HTTP/1.1)
HTTP/1.1 200 OK
Content-Length: 14
Content-Type: application/json; charset=utf-8
cache-control: no-cache

18:02:17.576 [AsyncHttpClient-1-5] DEBUG org.asynchttpclient.netty.channel.ChannelManager - Adding key: http://localhost:4456 for channel [id: 0xcf9406f8, L:/127.0.0.1:56355 - R:localhost/127.0.0.1:4456]
18:02:17.580 [main] DEBUG net.thucydides.core.steps.StepInterceptor - STEP DONE: the app displays form transaction
  &amp#27;[32mThen &amp#27;[0m&amp#27;[32mthe app displays form transaction&amp#27;[0m       &amp#27;[90m# starter.stepdefinition.CartStep.theAppDisplaysFormTransaction()&amp#27;[0m
18:02:17.585 [main] INFO  - 
  _____   ___   ___   _____     ___     _     ___   ___   ___   ___  
 |_   _| | __| / __| |_   _|   | _ \   /_\   / __| / __| | __| |   \ 
   | |   | _|  \__ \   | |     |  _/  / _ \  \__ \ \__ \ | _|  | |) |
   |_|   |___| |___/   |_|     |_|   /_/ \_\ |___/ |___/ |___| |___/ 

As a user, I want to pay the product
----------------------------------------------------------------------
18:02:17.586 [AsyncHttpClient-1-7] DEBUG org.asynchttpclient.netty.handler.WebSocketHandler - Channel Closed: [id: 0x7d388dba, L:/127.0.0.1:56363 ! R:localhost/127.0.0.1:56357] with attribute NettyResponseFuture{currentRetry=0,
	isDone=1,
	isCancelled=0,
	asyncHandler=org.asynchttpclient.ws.WebSocketUpgradeHandler@19090213,
	nettyRequest=org.asynchttpclient.netty.request.NettyRequest@5c0b9f56,
	future=java.util.concurrent.CompletableFuture@44294fc5[Completed normally],
	uri=ws://localhost:56357/devtools/browser/b5e11fbf-0853-43ea-b96c-6bcb3290bf91,
	keepAlive=true,
	redirectCount=0,
	timeoutsHolder=null,
	inAuth=0,
	touch=1683543728747}
18:02:17.587 [AsyncHttpClient-1-7] DEBUG org.asynchttpclient.netty.channel.ChannelManager - Closing Channel [id: 0x7d388dba, L:/127.0.0.1:56363 ! R:localhost/127.0.0.1:56357] 
18:02:17.587 [Driver Command Executor] DEBUG org.asynchttpclient.netty.request.NettyRequestSender - Using pooled Channel '[id: 0xcf9406f8, L:/127.0.0.1:56355 - R:localhost/127.0.0.1:4456]' for 'DELETE' to 'http://localhost:4456/session/388b59d491e0d233780b3d48c90ac7b3'
18:02:17.587 [Driver Command Executor] DEBUG org.asynchttpclient.netty.request.NettyRequestSender - Using open Channel [id: 0xcf9406f8, L:/127.0.0.1:56355 - R:localhost/127.0.0.1:4456] for DELETE '/session/388b59d491e0d233780b3d48c90ac7b3'
18:02:17.636 [AsyncHttpClient-1-6] DEBUG org.asynchttpclient.netty.handler.HttpHandler - Unexpected I/O exception on channel [id: 0xb0eb8e1b, L:/127.0.0.1:56362 - R:localhost/127.0.0.1:56357]
java.io.IOException: An existing connection was forcibly closed by the remote host
	at sun.nio.ch.SocketDispatcher.read0(Native Method)
	at sun.nio.ch.SocketDispatcher.read(SocketDispatcher.java:43)
	at sun.nio.ch.IOUtil.readIntoNativeBuffer(IOUtil.java:223)
	at sun.nio.ch.IOUtil.read(IOUtil.java:192)
	at sun.nio.ch.SocketChannelImpl.read(SocketChannelImpl.java:378)
	at io.netty.buffer.PooledByteBuf.setBytes(PooledByteBuf.java:259)
	at io.netty.buffer.AbstractByteBuf.writeBytes(AbstractByteBuf.java:1132)
	at io.netty.channel.socket.nio.NioSocketChannel.doReadBytes(NioSocketChannel.java:357)
	at io.netty.channel.nio.AbstractNioByteChannel$NioByteUnsafe.read(AbstractNioByteChannel.java:151)
	at io.netty.channel.nio.NioEventLoop.processSelectedKey(NioEventLoop.java:788)
	at io.netty.channel.nio.NioEventLoop.processSelectedKeysOptimized(NioEventLoop.java:724)
	at io.netty.channel.nio.NioEventLoop.processSelectedKeys(NioEventLoop.java:650)
	at io.netty.channel.nio.NioEventLoop.run(NioEventLoop.java:562)
	at io.netty.util.concurrent.SingleThreadEventExecutor$4.run(SingleThreadEventExecutor.java:997)
	at io.netty.util.internal.ThreadExecutorMap$2.run(ThreadExecutorMap.java:74)
	at io.netty.util.concurrent.FastThreadLocalRunnable.run(FastThreadLocalRunnable.java:30)
	at java.lang.Thread.run(Thread.java:748)
18:02:17.636 [AsyncHttpClient-1-6] DEBUG org.asynchttpclient.netty.channel.ChannelManager - Closing Channel [id: 0xb0eb8e1b, L:/127.0.0.1:56362 - R:localhost/127.0.0.1:56357] 
18:02:17.636 [AsyncHttpClient-1-6] DEBUG org.asynchttpclient.netty.handler.HttpHandler - Channel Closed: [id: 0xb0eb8e1b, L:/127.0.0.1:56362 ! R:localhost/127.0.0.1:56357] with attribute DISCARD
18:02:17.659 [AsyncHttpClient-1-5] DEBUG org.asynchttpclient.netty.handler.HttpHandler - 

Request DefaultFullHttpRequest(decodeResult: success, version: HTTP/1.1, content: EmptyByteBufBE)
DELETE /session/388b59d491e0d233780b3d48c90ac7b3 HTTP/1.1
User-Agent: selenium/4.8.1 (java windows)
Content-Type: application/json; charset=utf-8
host: localhost:4456
accept: */*

Response DefaultHttpResponse(decodeResult: success, version: HTTP/1.1)
HTTP/1.1 200 OK
Content-Length: 14
Content-Type: application/json; charset=utf-8
cache-control: no-cache

18:02:17.659 [AsyncHttpClient-1-5] DEBUG org.asynchttpclient.netty.channel.ChannelManager - Adding key: http://localhost:4456 for channel [id: 0xcf9406f8, L:/127.0.0.1:56355 - R:localhost/127.0.0.1:4456]
18:02:17.753 [AsyncHttpClient-1-5] DEBUG org.asynchttpclient.netty.handler.HttpHandler - Channel Closed: [id: 0xcf9406f8, L:/127.0.0.1:56355 ! R:localhost/127.0.0.1:4456] with attribute DISCARD
]]></system-out>
    <system-err><![CDATA[Starting ChromeDriver 112.0.5615.49 (bd2a7bcb881c11e8cfe3078709382934e3916914-refs/branch-heads/5615@{#936}) on port 4456
Only local connections are allowed.
Please see https://chromedriver.chromium.org/security-considerations for suggestions on keeping ChromeDriver safe.
ChromeDriver was started successfully.
May 08, 2023 6:02:08 PM org.openqa.selenium.devtools.CdpVersionFinder findNearestMatch
WARNING: Unable to find an exact match for CDP version 112, so returning the closest version found: 110
]]></system-err>
  </testcase>
  <testcase name="As a user, I want to reduce the quantity of a product in the cart" classname="Cart - As a user I want to pay for the product So that I have to check the cart to pay" time="9.85">
    <system-out><![CDATA[
@TC_Cart_003 @Cart
Scenario: As a user, I want to reduce the quantity of a product in the cart &amp#27;[90m# src/test/resources/features/Cart.feature:20&amp#27;[0m
18:02:18.289 [main] DEBUG io.cucumber.core.plugin.SerenityReporter - Running feature from file:///C:/Users/user/IdeaProjects/QE_Devi%20Agustin%20Utari_Mini_Project/Web_Automation_AltaShop/src/test/resources/features/Cart.feature
18:02:18.294 [main] INFO  - 
  _____   ___   ___   _____     ___   _____     _     ___   _____   ___   ___  
 |_   _| | __| / __| |_   _|   / __| |_   _|   /_\   | _ \ |_   _| | __| |   \ 
   | |   | _|  \__ \   | |     \__ \   | |    / _ \  |   /   | |   | _|  | |) |
   |_|   |___| |___/   |_|     |___/   |_|   /_/ \_\ |_|_\   |_|   |___| |___/ 

As a user, I want to reduce the quantity of a product in the cart(cart---as-a-user-i-want-to-pay-for-the-product-so-that-i-have-to-check-the-cart-to-pay;as-a-user--i-want-to-reduce-the-quantity-of-a-product-in-the-cart)
--------------------------------------------------------------------------------
18:02:18.619 [AsyncHttpClient-1-1] DEBUG org.asynchttpclient.netty.channel.DefaultChannelPool - Entry count for : http://localhost:4456 : 1
18:02:18.620 [AsyncHttpClient-1-1] DEBUG org.asynchttpclient.netty.channel.DefaultChannelPool - Entry count for : http://localhost:56357 : 1
18:02:18.620 [AsyncHttpClient-1-1] DEBUG org.asynchttpclient.netty.channel.DefaultChannelPool - Adding Candidate expired Channel [id: 0xcf9406f8, L:/127.0.0.1:56355 ! R:localhost/127.0.0.1:4456] isIdleTimeoutExpired=false isRemotelyClosed=true isTtlExpired=false
18:02:18.620 [AsyncHttpClient-1-1] DEBUG org.asynchttpclient.netty.channel.DefaultChannelPool - Closing Idle Channel [id: 0xcf9406f8, L:/127.0.0.1:56355 ! R:localhost/127.0.0.1:4456]
18:02:18.620 [AsyncHttpClient-1-1] DEBUG org.asynchttpclient.netty.channel.DefaultChannelPool - Adding Candidate expired Channel [id: 0xb0eb8e1b, L:/127.0.0.1:56362 ! R:localhost/127.0.0.1:56357] isIdleTimeoutExpired=false isRemotelyClosed=true isTtlExpired=false
18:02:18.620 [AsyncHttpClient-1-1] DEBUG org.asynchttpclient.netty.channel.DefaultChannelPool - Closing Idle Channel [id: 0xb0eb8e1b, L:/127.0.0.1:56362 ! R:localhost/127.0.0.1:56357]
18:02:18.620 [AsyncHttpClient-1-1] DEBUG org.asynchttpclient.netty.channel.DefaultChannelPool - Closed 2 connections out of 2 in 0 ms
18:02:18.896 [main] DEBUG net.thucydides.core.steps.StepInterceptor - STARTING STEP: LoginStep.userSuccessLogin - user on login page
18:02:19.000 [main] INFO net.serenitybdd.core.webdriver.driverproviders.ChromeDriverProvider - Starting Chrome driver instance with capabilities:
18:02:19.007 [main] INFO net.serenitybdd.core.webdriver.driverproviders.ChromeDriverProvider - Capabilities {acceptInsecureCerts: true, browserName: chrome, goog:chromeOptions: {args: [remote-allow-origins=*, test-type, no-sandbox, ignore-certificate-errors, start-maximized, incognito, disable-infobars, disable-gpu, disable-default-apps, disable-popup-blocking, remote-allow-origins=*, test-type, no-sandbox, ignore-certificate-errors, start-maximized, incognito, disable-infobars, disable-gpu, disable-default-apps, disable-popup-blocking, remote-allow-origins=*], extensions: []}}
18:02:19.899 [AsyncHttpClient-1-8] DEBUG org.asynchttpclient.netty.channel.NettyConnectListener - Using new Channel '[id: 0x05760d00, L:/127.0.0.1:56385 - R:localhost/127.0.0.1:10319]' for 'POST' to '/session'
18:02:20.997 [AsyncHttpClient-1-8] DEBUG org.asynchttpclient.netty.handler.HttpHandler - 

Request DefaultHttpRequest(decodeResult: success, version: HTTP/1.1)
POST /session HTTP/1.1
User-Agent: selenium/4.8.1 (java windows)
Content-Length: 1701
Content-Type: application/json; charset=utf-8
host: localhost:10319
accept: */*

Response DefaultHttpResponse(decodeResult: success, version: HTTP/1.1)
HTTP/1.1 200 OK
Content-Length: 842
Content-Type: application/json; charset=utf-8
cache-control: no-cache

18:02:20.998 [AsyncHttpClient-1-8] DEBUG org.asynchttpclient.netty.channel.ChannelManager - Adding key: http://localhost:10319 for channel [id: 0x05760d00, L:/127.0.0.1:56385 - R:localhost/127.0.0.1:10319]
18:02:21.031 [AsyncHttpClient-1-9] DEBUG org.asynchttpclient.netty.channel.NettyConnectListener - Using new Channel '[id: 0xa3503548, L:/127.0.0.1:56392 - R:localhost/127.0.0.1:56387]' for 'GET' to '/json/version'
18:02:21.035 [AsyncHttpClient-1-9] DEBUG org.asynchttpclient.netty.handler.HttpHandler - 

Request DefaultFullHttpRequest(decodeResult: success, version: HTTP/1.1, content: EmptyByteBufBE)
GET /json/version HTTP/1.1
User-Agent: selenium/4.8.1 (java windows)
host: localhost:56387
accept: */*

Response DefaultHttpResponse(decodeResult: success, version: HTTP/1.1)
HTTP/1.1 200 OK
Content-Security-Policy: frame-ancestors 'none'
Content-Length: 424
Content-Type: application/json; charset=UTF-8

18:02:21.035 [AsyncHttpClient-1-9] DEBUG org.asynchttpclient.netty.channel.ChannelManager - Adding key: http://localhost:56387 for channel [id: 0xa3503548, L:/127.0.0.1:56392 - R:localhost/127.0.0.1:56387]
18:02:21.040 [AsyncHttpClient-1-2] DEBUG org.asynchttpclient.netty.channel.NettyConnectListener - Using new Channel '[id: 0xb1db8d03, L:/127.0.0.1:56393 - R:localhost/127.0.0.1:56387]' for 'GET' to '/devtools/browser/ab2105ca-bdab-426c-9c26-53bb9689fa93'
18:02:21.040 [AsyncHttpClient-1-2] DEBUG org.asynchttpclient.netty.handler.WebSocketHandler - 

Request DefaultFullHttpRequest(decodeResult: success, version: HTTP/1.1, content: EmptyByteBufBE)
GET /devtools/browser/ab2105ca-bdab-426c-9c26-53bb9689fa93 HTTP/1.1
upgrade: websocket
connection: upgrade
sec-websocket-key: FIdsYDUyNYHGI7bzMYBaWA==
sec-websocket-version: 13
origin: http://localhost:56387
host: localhost:56387
accept: */*
user-agent: AHC/2.1

Response DefaultHttpResponse(decodeResult: success, version: HTTP/1.1)
HTTP/1.1 101 WebSocket Protocol Handshake
Upgrade: WebSocket
Connection: Upgrade
Sec-WebSocket-Accept: i41PxtxbUiud0thuGa4PR2Ud2pc=

18:02:21.053 [Forwarding get on session 89e7072cfc0b677832f611e17c4d2678 to remote] DEBUG org.asynchttpclient.netty.request.NettyRequestSender - Using pooled Channel '[id: 0x05760d00, L:/127.0.0.1:56385 - R:localhost/127.0.0.1:10319]' for 'POST' to 'http://localhost:10319/session/89e7072cfc0b677832f611e17c4d2678/url'
18:02:21.053 [Forwarding get on session 89e7072cfc0b677832f611e17c4d2678 to remote] DEBUG org.asynchttpclient.netty.request.NettyRequestSender - Using open Channel [id: 0x05760d00, L:/127.0.0.1:56385 - R:localhost/127.0.0.1:10319] for POST '/session/89e7072cfc0b677832f611e17c4d2678/url'
18:02:21.853 [AsyncHttpClient-1-1] DEBUG org.asynchttpclient.netty.channel.DefaultChannelPool - Entry count for : http://localhost:56387 : 1
18:02:22.399 [AsyncHttpClient-1-8] DEBUG org.asynchttpclient.netty.handler.HttpHandler - 

Request DefaultHttpRequest(decodeResult: success, version: HTTP/1.1)
POST /session/89e7072cfc0b677832f611e17c4d2678/url HTTP/1.1
User-Agent: selenium/4.8.1 (java windows)
Content-Length: 74
Content-Type: application/json; charset=utf-8
host: localhost:10319
accept: */*

Response DefaultHttpResponse(decodeResult: success, version: HTTP/1.1)
HTTP/1.1 200 OK
Content-Length: 14
Content-Type: application/json; charset=utf-8
cache-control: no-cache

18:02:22.401 [AsyncHttpClient-1-8] DEBUG org.asynchttpclient.netty.channel.ChannelManager - Adding key: http://localhost:10319 for channel [id: 0x05760d00, L:/127.0.0.1:56385 - R:localhost/127.0.0.1:10319]
18:02:22.408 [Forwarding setTimeout on session 89e7072cfc0b677832f611e17c4d2678 to remote] DEBUG org.asynchttpclient.netty.request.NettyRequestSender - Using pooled Channel '[id: 0x05760d00, L:/127.0.0.1:56385 - R:localhost/127.0.0.1:10319]' for 'POST' to 'http://localhost:10319/session/89e7072cfc0b677832f611e17c4d2678/timeouts'
18:02:22.408 [Forwarding setTimeout on session 89e7072cfc0b677832f611e17c4d2678 to remote] DEBUG org.asynchttpclient.netty.request.NettyRequestSender - Using open Channel [id: 0x05760d00, L:/127.0.0.1:56385 - R:localhost/127.0.0.1:10319] for POST '/session/89e7072cfc0b677832f611e17c4d2678/timeouts'
18:02:22.410 [AsyncHttpClient-1-8] DEBUG org.asynchttpclient.netty.handler.HttpHandler - 

Request DefaultHttpRequest(decodeResult: success, version: HTTP/1.1)
POST /session/89e7072cfc0b677832f611e17c4d2678/timeouts HTTP/1.1
User-Agent: selenium/4.8.1 (java windows)
Content-Length: 22
Content-Type: application/json; charset=utf-8
host: localhost:10319
accept: */*

Response DefaultHttpResponse(decodeResult: success, version: HTTP/1.1)
HTTP/1.1 200 OK
Content-Length: 14
Content-Type: application/json; charset=utf-8
cache-control: no-cache

18:02:22.411 [AsyncHttpClient-1-8] DEBUG org.asynchttpclient.netty.channel.ChannelManager - Adding key: http://localhost:10319 for channel [id: 0x05760d00, L:/127.0.0.1:56385 - R:localhost/127.0.0.1:10319]
18:02:22.424 [Forwarding findElement on session 89e7072cfc0b677832f611e17c4d2678 to remote] DEBUG org.asynchttpclient.netty.request.NettyRequestSender - Using pooled Channel '[id: 0x05760d00, L:/127.0.0.1:56385 - R:localhost/127.0.0.1:10319]' for 'POST' to 'http://localhost:10319/session/89e7072cfc0b677832f611e17c4d2678/element'
18:02:22.424 [Forwarding findElement on session 89e7072cfc0b677832f611e17c4d2678 to remote] DEBUG org.asynchttpclient.netty.request.NettyRequestSender - Using open Channel [id: 0x05760d00, L:/127.0.0.1:56385 - R:localhost/127.0.0.1:10319] for POST '/session/89e7072cfc0b677832f611e17c4d2678/element'
18:02:22.444 [AsyncHttpClient-1-8] DEBUG org.asynchttpclient.netty.handler.HttpHandler - 

Request DefaultHttpRequest(decodeResult: success, version: HTTP/1.1)
POST /session/89e7072cfc0b677832f611e17c4d2678/element HTTP/1.1
User-Agent: selenium/4.8.1 (java windows)
Content-Length: 69
Content-Type: application/json; charset=utf-8
host: localhost:10319
accept: */*

Response DefaultHttpResponse(decodeResult: success, version: HTTP/1.1)
HTTP/1.1 200 OK
Content-Length: 88
Content-Type: application/json; charset=utf-8
cache-control: no-cache

18:02:22.445 [AsyncHttpClient-1-8] DEBUG org.asynchttpclient.netty.channel.ChannelManager - Adding key: http://localhost:10319 for channel [id: 0x05760d00, L:/127.0.0.1:56385 - R:localhost/127.0.0.1:10319]
18:02:22.449 [Forwarding isElementDisplayed on session 89e7072cfc0b677832f611e17c4d2678 to remote] DEBUG org.asynchttpclient.netty.request.NettyRequestSender - Using pooled Channel '[id: 0x05760d00, L:/127.0.0.1:56385 - R:localhost/127.0.0.1:10319]' for 'POST' to 'http://localhost:10319/session/89e7072cfc0b677832f611e17c4d2678/execute/sync'
18:02:22.449 [Forwarding isElementDisplayed on session 89e7072cfc0b677832f611e17c4d2678 to remote] DEBUG org.asynchttpclient.netty.request.NettyRequestSender - Using open Channel [id: 0x05760d00, L:/127.0.0.1:56385 - R:localhost/127.0.0.1:10319] for POST '/session/89e7072cfc0b677832f611e17c4d2678/execute/sync'
18:02:22.469 [AsyncHttpClient-1-8] DEBUG org.asynchttpclient.netty.handler.HttpHandler - 

Request DefaultHttpRequest(decodeResult: success, version: HTTP/1.1)
POST /session/89e7072cfc0b677832f611e17c4d2678/execute/sync HTTP/1.1
User-Agent: selenium/4.8.1 (java windows)
Content-Length: 48807
Content-Type: application/json; charset=utf-8
host: localhost:10319
accept: */*

Response DefaultHttpResponse(decodeResult: success, version: HTTP/1.1)
HTTP/1.1 200 OK
Content-Length: 14
Content-Type: application/json; charset=utf-8
cache-control: no-cache

18:02:22.469 [AsyncHttpClient-1-8] DEBUG org.asynchttpclient.netty.channel.ChannelManager - Adding key: http://localhost:10319 for channel [id: 0x05760d00, L:/127.0.0.1:56385 - R:localhost/127.0.0.1:10319]
18:02:22.477 [Forwarding getAlertText on session 89e7072cfc0b677832f611e17c4d2678 to remote] DEBUG org.asynchttpclient.netty.request.NettyRequestSender - Using pooled Channel '[id: 0x05760d00, L:/127.0.0.1:56385 - R:localhost/127.0.0.1:10319]' for 'GET' to 'http://localhost:10319/session/89e7072cfc0b677832f611e17c4d2678/alert/text'
18:02:22.477 [Forwarding getAlertText on session 89e7072cfc0b677832f611e17c4d2678 to remote] DEBUG org.asynchttpclient.netty.request.NettyRequestSender - Using open Channel [id: 0x05760d00, L:/127.0.0.1:56385 - R:localhost/127.0.0.1:10319] for GET '/session/89e7072cfc0b677832f611e17c4d2678/alert/text'
18:02:22.479 [AsyncHttpClient-1-8] DEBUG org.asynchttpclient.netty.handler.HttpHandler - 

Request DefaultFullHttpRequest(decodeResult: success, version: HTTP/1.1, content: EmptyByteBufBE)
GET /session/89e7072cfc0b677832f611e17c4d2678/alert/text HTTP/1.1
User-Agent: selenium/4.8.1 (java windows)
Cache-Control: no-cache
Content-Type: application/json; charset=utf-8
host: localhost:10319
accept: */*

Response DefaultHttpResponse(decodeResult: success, version: HTTP/1.1)
HTTP/1.1 404 Not Found
Content-Length: 848
Content-Type: application/json; charset=utf-8
cache-control: no-cache

18:02:22.479 [AsyncHttpClient-1-8] DEBUG org.asynchttpclient.netty.channel.ChannelManager - Adding key: http://localhost:10319 for channel [id: 0x05760d00, L:/127.0.0.1:56385 - R:localhost/127.0.0.1:10319]
18:02:22.481 [Forwarding getCurrentUrl on session 89e7072cfc0b677832f611e17c4d2678 to remote] DEBUG org.asynchttpclient.netty.request.NettyRequestSender - Using pooled Channel '[id: 0x05760d00, L:/127.0.0.1:56385 - R:localhost/127.0.0.1:10319]' for 'GET' to 'http://localhost:10319/session/89e7072cfc0b677832f611e17c4d2678/url'
18:02:22.481 [Forwarding getCurrentUrl on session 89e7072cfc0b677832f611e17c4d2678 to remote] DEBUG org.asynchttpclient.netty.request.NettyRequestSender - Using open Channel [id: 0x05760d00, L:/127.0.0.1:56385 - R:localhost/127.0.0.1:10319] for GET '/session/89e7072cfc0b677832f611e17c4d2678/url'
18:02:22.486 [AsyncHttpClient-1-8] DEBUG org.asynchttpclient.netty.handler.HttpHandler - 

Request DefaultFullHttpRequest(decodeResult: success, version: HTTP/1.1, content: EmptyByteBufBE)
GET /session/89e7072cfc0b677832f611e17c4d2678/url HTTP/1.1
User-Agent: selenium/4.8.1 (java windows)
Cache-Control: no-cache
Content-Type: application/json; charset=utf-8
host: localhost:10319
accept: */*

Response DefaultHttpResponse(decodeResult: success, version: HTTP/1.1)
HTTP/1.1 200 OK
Content-Length: 51
Content-Type: application/json; charset=utf-8
cache-control: no-cache

18:02:22.486 [AsyncHttpClient-1-8] DEBUG org.asynchttpclient.netty.channel.ChannelManager - Adding key: http://localhost:10319 for channel [id: 0x05760d00, L:/127.0.0.1:56385 - R:localhost/127.0.0.1:10319]
18:02:22.488 [Forwarding screenshot on session 89e7072cfc0b677832f611e17c4d2678 to remote] DEBUG org.asynchttpclient.netty.request.NettyRequestSender - Using pooled Channel '[id: 0x05760d00, L:/127.0.0.1:56385 - R:localhost/127.0.0.1:10319]' for 'GET' to 'http://localhost:10319/session/89e7072cfc0b677832f611e17c4d2678/screenshot'
18:02:22.488 [Forwarding screenshot on session 89e7072cfc0b677832f611e17c4d2678 to remote] DEBUG org.asynchttpclient.netty.request.NettyRequestSender - Using open Channel [id: 0x05760d00, L:/127.0.0.1:56385 - R:localhost/127.0.0.1:10319] for GET '/session/89e7072cfc0b677832f611e17c4d2678/screenshot'
18:02:22.592 [AsyncHttpClient-1-8] DEBUG org.asynchttpclient.netty.handler.HttpHandler - 

Request DefaultFullHttpRequest(decodeResult: success, version: HTTP/1.1, content: EmptyByteBufBE)
GET /session/89e7072cfc0b677832f611e17c4d2678/screenshot HTTP/1.1
User-Agent: selenium/4.8.1 (java windows)
Cache-Control: no-cache
Content-Type: application/json; charset=utf-8
host: localhost:10319
accept: */*

Response DefaultHttpResponse(decodeResult: success, version: HTTP/1.1)
HTTP/1.1 200 OK
Content-Length: 25060
Content-Type: application/json; charset=utf-8
cache-control: no-cache

18:02:22.593 [AsyncHttpClient-1-8] DEBUG org.asynchttpclient.netty.channel.ChannelManager - Adding key: http://localhost:10319 for channel [id: 0x05760d00, L:/127.0.0.1:56385 - R:localhost/127.0.0.1:10319]
18:02:22.596 [main] DEBUG net.serenitybdd.core.photography.Darkroom - Send negative for processing for target\site\serenity\1db263dd5c04c8fe15e82ee6420144d4e1e7b9826b9315cfd7ec5b5d0da76045.png
18:02:22.596 [main] DEBUG net.thucydides.core.steps.StepInterceptor - STEP DONE: user on login page
18:02:22.600 [main] DEBUG net.thucydides.core.steps.StepInterceptor - STARTING STEP: LoginStep.userSuccessLogin - user input valid email
18:02:22.605 [Forwarding findElement on session 89e7072cfc0b677832f611e17c4d2678 to remote] DEBUG org.asynchttpclient.netty.request.NettyRequestSender - Using pooled Channel '[id: 0x05760d00, L:/127.0.0.1:56385 - R:localhost/127.0.0.1:10319]' for 'POST' to 'http://localhost:10319/session/89e7072cfc0b677832f611e17c4d2678/element'
18:02:22.606 [Forwarding findElement on session 89e7072cfc0b677832f611e17c4d2678 to remote] DEBUG org.asynchttpclient.netty.request.NettyRequestSender - Using open Channel [id: 0x05760d00, L:/127.0.0.1:56385 - R:localhost/127.0.0.1:10319] for POST '/session/89e7072cfc0b677832f611e17c4d2678/element'
18:02:22.621 [AsyncHttpClient-1-8] DEBUG org.asynchttpclient.netty.handler.HttpHandler - 

Request DefaultHttpRequest(decodeResult: success, version: HTTP/1.1)
POST /session/89e7072cfc0b677832f611e17c4d2678/element HTTP/1.1
User-Agent: selenium/4.8.1 (java windows)
Content-Length: 55
Content-Type: application/json; charset=utf-8
host: localhost:10319
accept: */*

Response DefaultHttpResponse(decodeResult: success, version: HTTP/1.1)
HTTP/1.1 200 OK
Content-Length: 88
Content-Type: application/json; charset=utf-8
cache-control: no-cache

18:02:22.622 [AsyncHttpClient-1-8] DEBUG org.asynchttpclient.netty.channel.ChannelManager - Adding key: http://localhost:10319 for channel [id: 0x05760d00, L:/127.0.0.1:56385 - R:localhost/127.0.0.1:10319]
18:02:22.623 [Forwarding clearElement on session 89e7072cfc0b677832f611e17c4d2678 to remote] DEBUG org.asynchttpclient.netty.request.NettyRequestSender - Using pooled Channel '[id: 0x05760d00, L:/127.0.0.1:56385 - R:localhost/127.0.0.1:10319]' for 'POST' to 'http://localhost:10319/session/89e7072cfc0b677832f611e17c4d2678/element/4af91455-178a-453a-8a4e-c486c2c791d7/clear'
18:02:22.623 [Forwarding clearElement on session 89e7072cfc0b677832f611e17c4d2678 to remote] DEBUG org.asynchttpclient.netty.request.NettyRequestSender - Using open Channel [id: 0x05760d00, L:/127.0.0.1:56385 - R:localhost/127.0.0.1:10319] for POST '/session/89e7072cfc0b677832f611e17c4d2678/element/4af91455-178a-453a-8a4e-c486c2c791d7/clear'
18:02:22.668 [AsyncHttpClient-1-8] DEBUG org.asynchttpclient.netty.handler.HttpHandler - 

Request DefaultHttpRequest(decodeResult: success, version: HTTP/1.1)
POST /session/89e7072cfc0b677832f611e17c4d2678/element/4af91455-178a-453a-8a4e-c486c2c791d7/clear HTTP/1.1
User-Agent: selenium/4.8.1 (java windows)
Content-Length: 50
Content-Type: application/json; charset=utf-8
host: localhost:10319
accept: */*

Response DefaultHttpResponse(decodeResult: success, version: HTTP/1.1)
HTTP/1.1 200 OK
Content-Length: 14
Content-Type: application/json; charset=utf-8
cache-control: no-cache

18:02:22.669 [AsyncHttpClient-1-8] DEBUG org.asynchttpclient.netty.channel.ChannelManager - Adding key: http://localhost:10319 for channel [id: 0x05760d00, L:/127.0.0.1:56385 - R:localhost/127.0.0.1:10319]
18:02:22.671 [Forwarding sendKeysToElement on session 89e7072cfc0b677832f611e17c4d2678 to remote] DEBUG org.asynchttpclient.netty.request.NettyRequestSender - Using pooled Channel '[id: 0x05760d00, L:/127.0.0.1:56385 - R:localhost/127.0.0.1:10319]' for 'POST' to 'http://localhost:10319/session/89e7072cfc0b677832f611e17c4d2678/element/4af91455-178a-453a-8a4e-c486c2c791d7/value'
18:02:22.671 [Forwarding sendKeysToElement on session 89e7072cfc0b677832f611e17c4d2678 to remote] DEBUG org.asynchttpclient.netty.request.NettyRequestSender - Using open Channel [id: 0x05760d00, L:/127.0.0.1:56385 - R:localhost/127.0.0.1:10319] for POST '/session/89e7072cfc0b677832f611e17c4d2678/element/4af91455-178a-453a-8a4e-c486c2c791d7/value'
18:02:22.954 [AsyncHttpClient-1-8] DEBUG org.asynchttpclient.netty.handler.HttpHandler - 

Request DefaultHttpRequest(decodeResult: success, version: HTTP/1.1)
POST /session/89e7072cfc0b677832f611e17c4d2678/element/4af91455-178a-453a-8a4e-c486c2c791d7/value HTTP/1.1
User-Agent: selenium/4.8.1 (java windows)
Content-Length: 271
Content-Type: application/json; charset=utf-8
host: localhost:10319
accept: */*

Response DefaultHttpResponse(decodeResult: success, version: HTTP/1.1)
HTTP/1.1 200 OK
Content-Length: 14
Content-Type: application/json; charset=utf-8
cache-control: no-cache

18:02:22.954 [AsyncHttpClient-1-8] DEBUG org.asynchttpclient.netty.channel.ChannelManager - Adding key: http://localhost:10319 for channel [id: 0x05760d00, L:/127.0.0.1:56385 - R:localhost/127.0.0.1:10319]
18:02:22.956 [AsyncHttpClient-1-1] DEBUG org.asynchttpclient.netty.channel.DefaultChannelPool - Entry count for : http://localhost:10319 : 1
18:02:22.956 [AsyncHttpClient-1-1] DEBUG org.asynchttpclient.netty.channel.DefaultChannelPool - Entry count for : http://localhost:56387 : 1
18:02:22.965 [Forwarding getAlertText on session 89e7072cfc0b677832f611e17c4d2678 to remote] DEBUG org.asynchttpclient.netty.request.NettyRequestSender - Using pooled Channel '[id: 0x05760d00, L:/127.0.0.1:56385 - R:localhost/127.0.0.1:10319]' for 'GET' to 'http://localhost:10319/session/89e7072cfc0b677832f611e17c4d2678/alert/text'
18:02:22.965 [Forwarding getAlertText on session 89e7072cfc0b677832f611e17c4d2678 to remote] DEBUG org.asynchttpclient.netty.request.NettyRequestSender - Using open Channel [id: 0x05760d00, L:/127.0.0.1:56385 - R:localhost/127.0.0.1:10319] for GET '/session/89e7072cfc0b677832f611e17c4d2678/alert/text'
18:02:22.975 [AsyncHttpClient-1-8] DEBUG org.asynchttpclient.netty.handler.HttpHandler - 

Request DefaultFullHttpRequest(decodeResult: success, version: HTTP/1.1, content: EmptyByteBufBE)
GET /session/89e7072cfc0b677832f611e17c4d2678/alert/text HTTP/1.1
User-Agent: selenium/4.8.1 (java windows)
Cache-Control: no-cache
Content-Type: application/json; charset=utf-8
host: localhost:10319
accept: */*

Response DefaultHttpResponse(decodeResult: success, version: HTTP/1.1)
HTTP/1.1 404 Not Found
Content-Length: 848
Content-Type: application/json; charset=utf-8
cache-control: no-cache

18:02:22.976 [AsyncHttpClient-1-8] DEBUG org.asynchttpclient.netty.channel.ChannelManager - Adding key: http://localhost:10319 for channel [id: 0x05760d00, L:/127.0.0.1:56385 - R:localhost/127.0.0.1:10319]
18:02:22.977 [Forwarding getCurrentUrl on session 89e7072cfc0b677832f611e17c4d2678 to remote] DEBUG org.asynchttpclient.netty.request.NettyRequestSender - Using pooled Channel '[id: 0x05760d00, L:/127.0.0.1:56385 - R:localhost/127.0.0.1:10319]' for 'GET' to 'http://localhost:10319/session/89e7072cfc0b677832f611e17c4d2678/url'
18:02:22.977 [Forwarding getCurrentUrl on session 89e7072cfc0b677832f611e17c4d2678 to remote] DEBUG org.asynchttpclient.netty.request.NettyRequestSender - Using open Channel [id: 0x05760d00, L:/127.0.0.1:56385 - R:localhost/127.0.0.1:10319] for GET '/session/89e7072cfc0b677832f611e17c4d2678/url'
18:02:22.989 [AsyncHttpClient-1-8] DEBUG org.asynchttpclient.netty.handler.HttpHandler - 

Request DefaultFullHttpRequest(decodeResult: success, version: HTTP/1.1, content: EmptyByteBufBE)
GET /session/89e7072cfc0b677832f611e17c4d2678/url HTTP/1.1
User-Agent: selenium/4.8.1 (java windows)
Cache-Control: no-cache
Content-Type: application/json; charset=utf-8
host: localhost:10319
accept: */*

Response DefaultHttpResponse(decodeResult: success, version: HTTP/1.1)
HTTP/1.1 200 OK
Content-Length: 51
Content-Type: application/json; charset=utf-8
cache-control: no-cache

18:02:22.989 [AsyncHttpClient-1-8] DEBUG org.asynchttpclient.netty.channel.ChannelManager - Adding key: http://localhost:10319 for channel [id: 0x05760d00, L:/127.0.0.1:56385 - R:localhost/127.0.0.1:10319]
18:02:22.990 [Forwarding screenshot on session 89e7072cfc0b677832f611e17c4d2678 to remote] DEBUG org.asynchttpclient.netty.request.NettyRequestSender - Using pooled Channel '[id: 0x05760d00, L:/127.0.0.1:56385 - R:localhost/127.0.0.1:10319]' for 'GET' to 'http://localhost:10319/session/89e7072cfc0b677832f611e17c4d2678/screenshot'
18:02:22.990 [Forwarding screenshot on session 89e7072cfc0b677832f611e17c4d2678 to remote] DEBUG org.asynchttpclient.netty.request.NettyRequestSender - Using open Channel [id: 0x05760d00, L:/127.0.0.1:56385 - R:localhost/127.0.0.1:10319] for GET '/session/89e7072cfc0b677832f611e17c4d2678/screenshot'
18:02:23.146 [AsyncHttpClient-1-8] DEBUG org.asynchttpclient.netty.handler.HttpHandler - 

Request DefaultFullHttpRequest(decodeResult: success, version: HTTP/1.1, content: EmptyByteBufBE)
GET /session/89e7072cfc0b677832f611e17c4d2678/screenshot HTTP/1.1
User-Agent: selenium/4.8.1 (java windows)
Cache-Control: no-cache
Content-Type: application/json; charset=utf-8
host: localhost:10319
accept: */*

Response DefaultHttpResponse(decodeResult: success, version: HTTP/1.1)
HTTP/1.1 200 OK
Content-Length: 29520
Content-Type: application/json; charset=utf-8
cache-control: no-cache

18:02:23.147 [AsyncHttpClient-1-8] DEBUG org.asynchttpclient.netty.channel.ChannelManager - Adding key: http://localhost:10319 for channel [id: 0x05760d00, L:/127.0.0.1:56385 - R:localhost/127.0.0.1:10319]
18:02:23.150 [main] DEBUG net.serenitybdd.core.photography.Darkroom - Send negative for processing for target\site\serenity\cf58439ab24e0f34b8c338030d61556e11edf0f1bf749a869a3bb52dc586fb6a.png
18:02:23.150 [main] DEBUG net.thucydides.core.steps.StepInterceptor - STEP DONE: user input valid email
18:02:23.150 [Darkroom Processing Line] DEBUG net.serenitybdd.core.photography.DarkroomProcessingLine - Processing screenshot image in /var/screenshots/screenshot-1896633013111275476
18:02:23.150 [Darkroom Processing Line] DEBUG net.serenitybdd.core.photography.DarkroomProcessingLine - Saving screenshot to target\site\serenity\cf58439ab24e0f34b8c338030d61556e11edf0f1bf749a869a3bb52dc586fb6a.png
18:02:23.155 [main] DEBUG net.thucydides.core.steps.StepInterceptor - STARTING STEP: LoginStep.userSuccessLogin - user input valid password
18:02:23.159 [Forwarding findElement on session 89e7072cfc0b677832f611e17c4d2678 to remote] DEBUG org.asynchttpclient.netty.request.NettyRequestSender - Using pooled Channel '[id: 0x05760d00, L:/127.0.0.1:56385 - R:localhost/127.0.0.1:10319]' for 'POST' to 'http://localhost:10319/session/89e7072cfc0b677832f611e17c4d2678/element'
18:02:23.159 [Forwarding findElement on session 89e7072cfc0b677832f611e17c4d2678 to remote] DEBUG org.asynchttpclient.netty.request.NettyRequestSender - Using open Channel [id: 0x05760d00, L:/127.0.0.1:56385 - R:localhost/127.0.0.1:10319] for POST '/session/89e7072cfc0b677832f611e17c4d2678/element'
18:02:23.175 [AsyncHttpClient-1-8] DEBUG org.asynchttpclient.netty.handler.HttpHandler - 

Request DefaultHttpRequest(decodeResult: success, version: HTTP/1.1)
POST /session/89e7072cfc0b677832f611e17c4d2678/element HTTP/1.1
User-Agent: selenium/4.8.1 (java windows)
Content-Length: 55
Content-Type: application/json; charset=utf-8
host: localhost:10319
accept: */*

Response DefaultHttpResponse(decodeResult: success, version: HTTP/1.1)
HTTP/1.1 200 OK
Content-Length: 88
Content-Type: application/json; charset=utf-8
cache-control: no-cache

18:02:23.175 [AsyncHttpClient-1-8] DEBUG org.asynchttpclient.netty.channel.ChannelManager - Adding key: http://localhost:10319 for channel [id: 0x05760d00, L:/127.0.0.1:56385 - R:localhost/127.0.0.1:10319]
18:02:23.176 [Forwarding clearElement on session 89e7072cfc0b677832f611e17c4d2678 to remote] DEBUG org.asynchttpclient.netty.request.NettyRequestSender - Using pooled Channel '[id: 0x05760d00, L:/127.0.0.1:56385 - R:localhost/127.0.0.1:10319]' for 'POST' to 'http://localhost:10319/session/89e7072cfc0b677832f611e17c4d2678/element/f7cef3f5-bb10-453c-8717-187630457b19/clear'
18:02:23.177 [Forwarding clearElement on session 89e7072cfc0b677832f611e17c4d2678 to remote] DEBUG org.asynchttpclient.netty.request.NettyRequestSender - Using open Channel [id: 0x05760d00, L:/127.0.0.1:56385 - R:localhost/127.0.0.1:10319] for POST '/session/89e7072cfc0b677832f611e17c4d2678/element/f7cef3f5-bb10-453c-8717-187630457b19/clear'
18:02:23.225 [AsyncHttpClient-1-8] DEBUG org.asynchttpclient.netty.handler.HttpHandler - 

Request DefaultHttpRequest(decodeResult: success, version: HTTP/1.1)
POST /session/89e7072cfc0b677832f611e17c4d2678/element/f7cef3f5-bb10-453c-8717-187630457b19/clear HTTP/1.1
User-Agent: selenium/4.8.1 (java windows)
Content-Length: 50
Content-Type: application/json; charset=utf-8
host: localhost:10319
accept: */*

Response DefaultHttpResponse(decodeResult: success, version: HTTP/1.1)
HTTP/1.1 200 OK
Content-Length: 14
Content-Type: application/json; charset=utf-8
cache-control: no-cache

18:02:23.225 [AsyncHttpClient-1-8] DEBUG org.asynchttpclient.netty.channel.ChannelManager - Adding key: http://localhost:10319 for channel [id: 0x05760d00, L:/127.0.0.1:56385 - R:localhost/127.0.0.1:10319]
18:02:23.228 [Forwarding sendKeysToElement on session 89e7072cfc0b677832f611e17c4d2678 to remote] DEBUG org.asynchttpclient.netty.request.NettyRequestSender - Using pooled Channel '[id: 0x05760d00, L:/127.0.0.1:56385 - R:localhost/127.0.0.1:10319]' for 'POST' to 'http://localhost:10319/session/89e7072cfc0b677832f611e17c4d2678/element/f7cef3f5-bb10-453c-8717-187630457b19/value'
18:02:23.228 [Forwarding sendKeysToElement on session 89e7072cfc0b677832f611e17c4d2678 to remote] DEBUG org.asynchttpclient.netty.request.NettyRequestSender - Using open Channel [id: 0x05760d00, L:/127.0.0.1:56385 - R:localhost/127.0.0.1:10319] for POST '/session/89e7072cfc0b677832f611e17c4d2678/element/f7cef3f5-bb10-453c-8717-187630457b19/value'
18:02:23.358 [AsyncHttpClient-1-8] DEBUG org.asynchttpclient.netty.handler.HttpHandler - 

Request DefaultHttpRequest(decodeResult: success, version: HTTP/1.1)
POST /session/89e7072cfc0b677832f611e17c4d2678/element/f7cef3f5-bb10-453c-8717-187630457b19/value HTTP/1.1
User-Agent: selenium/4.8.1 (java windows)
Content-Length: 161
Content-Type: application/json; charset=utf-8
host: localhost:10319
accept: */*

Response DefaultHttpResponse(decodeResult: success, version: HTTP/1.1)
HTTP/1.1 200 OK
Content-Length: 14
Content-Type: application/json; charset=utf-8
cache-control: no-cache

18:02:23.358 [AsyncHttpClient-1-8] DEBUG org.asynchttpclient.netty.channel.ChannelManager - Adding key: http://localhost:10319 for channel [id: 0x05760d00, L:/127.0.0.1:56385 - R:localhost/127.0.0.1:10319]
18:02:23.369 [Forwarding getAlertText on session 89e7072cfc0b677832f611e17c4d2678 to remote] DEBUG org.asynchttpclient.netty.request.NettyRequestSender - Using pooled Channel '[id: 0x05760d00, L:/127.0.0.1:56385 - R:localhost/127.0.0.1:10319]' for 'GET' to 'http://localhost:10319/session/89e7072cfc0b677832f611e17c4d2678/alert/text'
18:02:23.369 [Forwarding getAlertText on session 89e7072cfc0b677832f611e17c4d2678 to remote] DEBUG org.asynchttpclient.netty.request.NettyRequestSender - Using open Channel [id: 0x05760d00, L:/127.0.0.1:56385 - R:localhost/127.0.0.1:10319] for GET '/session/89e7072cfc0b677832f611e17c4d2678/alert/text'
18:02:23.372 [AsyncHttpClient-1-8] DEBUG org.asynchttpclient.netty.handler.HttpHandler - 

Request DefaultFullHttpRequest(decodeResult: success, version: HTTP/1.1, content: EmptyByteBufBE)
GET /session/89e7072cfc0b677832f611e17c4d2678/alert/text HTTP/1.1
User-Agent: selenium/4.8.1 (java windows)
Cache-Control: no-cache
Content-Type: application/json; charset=utf-8
host: localhost:10319
accept: */*

Response DefaultHttpResponse(decodeResult: success, version: HTTP/1.1)
HTTP/1.1 404 Not Found
Content-Length: 848
Content-Type: application/json; charset=utf-8
cache-control: no-cache

18:02:23.372 [AsyncHttpClient-1-8] DEBUG org.asynchttpclient.netty.channel.ChannelManager - Adding key: http://localhost:10319 for channel [id: 0x05760d00, L:/127.0.0.1:56385 - R:localhost/127.0.0.1:10319]
18:02:23.374 [Forwarding getCurrentUrl on session 89e7072cfc0b677832f611e17c4d2678 to remote] DEBUG org.asynchttpclient.netty.request.NettyRequestSender - Using pooled Channel '[id: 0x05760d00, L:/127.0.0.1:56385 - R:localhost/127.0.0.1:10319]' for 'GET' to 'http://localhost:10319/session/89e7072cfc0b677832f611e17c4d2678/url'
18:02:23.374 [Forwarding getCurrentUrl on session 89e7072cfc0b677832f611e17c4d2678 to remote] DEBUG org.asynchttpclient.netty.request.NettyRequestSender - Using open Channel [id: 0x05760d00, L:/127.0.0.1:56385 - R:localhost/127.0.0.1:10319] for GET '/session/89e7072cfc0b677832f611e17c4d2678/url'
18:02:23.379 [AsyncHttpClient-1-8] DEBUG org.asynchttpclient.netty.handler.HttpHandler - 

Request DefaultFullHttpRequest(decodeResult: success, version: HTTP/1.1, content: EmptyByteBufBE)
GET /session/89e7072cfc0b677832f611e17c4d2678/url HTTP/1.1
User-Agent: selenium/4.8.1 (java windows)
Cache-Control: no-cache
Content-Type: application/json; charset=utf-8
host: localhost:10319
accept: */*

Response DefaultHttpResponse(decodeResult: success, version: HTTP/1.1)
HTTP/1.1 200 OK
Content-Length: 51
Content-Type: application/json; charset=utf-8
cache-control: no-cache

18:02:23.380 [AsyncHttpClient-1-8] DEBUG org.asynchttpclient.netty.channel.ChannelManager - Adding key: http://localhost:10319 for channel [id: 0x05760d00, L:/127.0.0.1:56385 - R:localhost/127.0.0.1:10319]
18:02:23.381 [Forwarding screenshot on session 89e7072cfc0b677832f611e17c4d2678 to remote] DEBUG org.asynchttpclient.netty.request.NettyRequestSender - Using pooled Channel '[id: 0x05760d00, L:/127.0.0.1:56385 - R:localhost/127.0.0.1:10319]' for 'GET' to 'http://localhost:10319/session/89e7072cfc0b677832f611e17c4d2678/screenshot'
18:02:23.381 [Forwarding screenshot on session 89e7072cfc0b677832f611e17c4d2678 to remote] DEBUG org.asynchttpclient.netty.request.NettyRequestSender - Using open Channel [id: 0x05760d00, L:/127.0.0.1:56385 - R:localhost/127.0.0.1:10319] for GET '/session/89e7072cfc0b677832f611e17c4d2678/screenshot'
18:02:23.545 [AsyncHttpClient-1-8] DEBUG org.asynchttpclient.netty.handler.HttpHandler - 

Request DefaultFullHttpRequest(decodeResult: success, version: HTTP/1.1, content: EmptyByteBufBE)
GET /session/89e7072cfc0b677832f611e17c4d2678/screenshot HTTP/1.1
User-Agent: selenium/4.8.1 (java windows)
Cache-Control: no-cache
Content-Type: application/json; charset=utf-8
host: localhost:10319
accept: */*

Response DefaultHttpResponse(decodeResult: success, version: HTTP/1.1)
HTTP/1.1 200 OK
Content-Length: 31092
Content-Type: application/json; charset=utf-8
cache-control: no-cache

18:02:23.546 [AsyncHttpClient-1-8] DEBUG org.asynchttpclient.netty.channel.ChannelManager - Adding key: http://localhost:10319 for channel [id: 0x05760d00, L:/127.0.0.1:56385 - R:localhost/127.0.0.1:10319]
18:02:23.549 [main] DEBUG net.serenitybdd.core.photography.Darkroom - Send negative for processing for target\site\serenity\33424c27b294540c7f3b3282ccf48034239509b8e5f3c5eb6759b7a6c83af6b2.png
18:02:23.550 [main] DEBUG net.thucydides.core.steps.StepInterceptor - STEP DONE: user input valid password
18:02:23.550 [Darkroom Processing Line] DEBUG net.serenitybdd.core.photography.DarkroomProcessingLine - Processing screenshot image in /var/screenshots/screenshot-3332067405338571490
18:02:23.550 [Darkroom Processing Line] DEBUG net.serenitybdd.core.photography.DarkroomProcessingLine - Saving screenshot to target\site\serenity\33424c27b294540c7f3b3282ccf48034239509b8e5f3c5eb6759b7a6c83af6b2.png
18:02:23.554 [main] DEBUG net.thucydides.core.steps.StepInterceptor - STARTING STEP: LoginStep.userSuccessLogin - click button login
18:02:23.559 [Forwarding findElement on session 89e7072cfc0b677832f611e17c4d2678 to remote] DEBUG org.asynchttpclient.netty.request.NettyRequestSender - Using pooled Channel '[id: 0x05760d00, L:/127.0.0.1:56385 - R:localhost/127.0.0.1:10319]' for 'POST' to 'http://localhost:10319/session/89e7072cfc0b677832f611e17c4d2678/element'
18:02:23.559 [Forwarding findElement on session 89e7072cfc0b677832f611e17c4d2678 to remote] DEBUG org.asynchttpclient.netty.request.NettyRequestSender - Using open Channel [id: 0x05760d00, L:/127.0.0.1:56385 - R:localhost/127.0.0.1:10319] for POST '/session/89e7072cfc0b677832f611e17c4d2678/element'
18:02:23.568 [AsyncHttpClient-1-8] DEBUG org.asynchttpclient.netty.handler.HttpHandler - 

Request DefaultHttpRequest(decodeResult: success, version: HTTP/1.1)
POST /session/89e7072cfc0b677832f611e17c4d2678/element HTTP/1.1
User-Agent: selenium/4.8.1 (java windows)
Content-Length: 69
Content-Type: application/json; charset=utf-8
host: localhost:10319
accept: */*

Response DefaultHttpResponse(decodeResult: success, version: HTTP/1.1)
HTTP/1.1 200 OK
Content-Length: 88
Content-Type: application/json; charset=utf-8
cache-control: no-cache

18:02:23.568 [AsyncHttpClient-1-8] DEBUG org.asynchttpclient.netty.channel.ChannelManager - Adding key: http://localhost:10319 for channel [id: 0x05760d00, L:/127.0.0.1:56385 - R:localhost/127.0.0.1:10319]
18:02:23.570 [Forwarding getElementTagName on session 89e7072cfc0b677832f611e17c4d2678 to remote] DEBUG org.asynchttpclient.netty.request.NettyRequestSender - Using pooled Channel '[id: 0x05760d00, L:/127.0.0.1:56385 - R:localhost/127.0.0.1:10319]' for 'GET' to 'http://localhost:10319/session/89e7072cfc0b677832f611e17c4d2678/element/6aadc26d-4c12-4309-bb04-b0b5eae37379/name'
18:02:23.570 [Forwarding getElementTagName on session 89e7072cfc0b677832f611e17c4d2678 to remote] DEBUG org.asynchttpclient.netty.request.NettyRequestSender - Using open Channel [id: 0x05760d00, L:/127.0.0.1:56385 - R:localhost/127.0.0.1:10319] for GET '/session/89e7072cfc0b677832f611e17c4d2678/element/6aadc26d-4c12-4309-bb04-b0b5eae37379/name'
18:02:23.576 [AsyncHttpClient-1-8] DEBUG org.asynchttpclient.netty.handler.HttpHandler - 

Request DefaultFullHttpRequest(decodeResult: success, version: HTTP/1.1, content: EmptyByteBufBE)
GET /session/89e7072cfc0b677832f611e17c4d2678/element/6aadc26d-4c12-4309-bb04-b0b5eae37379/name HTTP/1.1
User-Agent: selenium/4.8.1 (java windows)
Cache-Control: no-cache
Content-Type: application/json; charset=utf-8
host: localhost:10319
accept: */*

Response DefaultHttpResponse(decodeResult: success, version: HTTP/1.1)
HTTP/1.1 200 OK
Content-Length: 16
Content-Type: application/json; charset=utf-8
cache-control: no-cache

18:02:23.576 [AsyncHttpClient-1-8] DEBUG org.asynchttpclient.netty.channel.ChannelManager - Adding key: http://localhost:10319 for channel [id: 0x05760d00, L:/127.0.0.1:56385 - R:localhost/127.0.0.1:10319]
18:02:23.579 [Forwarding getElementTagName on session 89e7072cfc0b677832f611e17c4d2678 to remote] DEBUG org.asynchttpclient.netty.request.NettyRequestSender - Using pooled Channel '[id: 0x05760d00, L:/127.0.0.1:56385 - R:localhost/127.0.0.1:10319]' for 'GET' to 'http://localhost:10319/session/89e7072cfc0b677832f611e17c4d2678/element/6aadc26d-4c12-4309-bb04-b0b5eae37379/name'
18:02:23.579 [Forwarding getElementTagName on session 89e7072cfc0b677832f611e17c4d2678 to remote] DEBUG org.asynchttpclient.netty.request.NettyRequestSender - Using open Channel [id: 0x05760d00, L:/127.0.0.1:56385 - R:localhost/127.0.0.1:10319] for GET '/session/89e7072cfc0b677832f611e17c4d2678/element/6aadc26d-4c12-4309-bb04-b0b5eae37379/name'
18:02:23.585 [AsyncHttpClient-1-8] DEBUG org.asynchttpclient.netty.handler.HttpHandler - 

Request DefaultFullHttpRequest(decodeResult: success, version: HTTP/1.1, content: EmptyByteBufBE)
GET /session/89e7072cfc0b677832f611e17c4d2678/element/6aadc26d-4c12-4309-bb04-b0b5eae37379/name HTTP/1.1
User-Agent: selenium/4.8.1 (java windows)
Cache-Control: no-cache
Content-Type: application/json; charset=utf-8
host: localhost:10319
accept: */*

Response DefaultHttpResponse(decodeResult: success, version: HTTP/1.1)
HTTP/1.1 200 OK
Content-Length: 16
Content-Type: application/json; charset=utf-8
cache-control: no-cache

18:02:23.586 [AsyncHttpClient-1-8] DEBUG org.asynchttpclient.netty.channel.ChannelManager - Adding key: http://localhost:10319 for channel [id: 0x05760d00, L:/127.0.0.1:56385 - R:localhost/127.0.0.1:10319]
18:02:23.588 [Forwarding findElement on session 89e7072cfc0b677832f611e17c4d2678 to remote] DEBUG org.asynchttpclient.netty.request.NettyRequestSender - Using pooled Channel '[id: 0x05760d00, L:/127.0.0.1:56385 - R:localhost/127.0.0.1:10319]' for 'POST' to 'http://localhost:10319/session/89e7072cfc0b677832f611e17c4d2678/element'
18:02:23.589 [Forwarding findElement on session 89e7072cfc0b677832f611e17c4d2678 to remote] DEBUG org.asynchttpclient.netty.request.NettyRequestSender - Using open Channel [id: 0x05760d00, L:/127.0.0.1:56385 - R:localhost/127.0.0.1:10319] for POST '/session/89e7072cfc0b677832f611e17c4d2678/element'
18:02:23.599 [AsyncHttpClient-1-8] DEBUG org.asynchttpclient.netty.handler.HttpHandler - 

Request DefaultHttpRequest(decodeResult: success, version: HTTP/1.1)
POST /session/89e7072cfc0b677832f611e17c4d2678/element HTTP/1.1
User-Agent: selenium/4.8.1 (java windows)
Content-Length: 69
Content-Type: application/json; charset=utf-8
host: localhost:10319
accept: */*

Response DefaultHttpResponse(decodeResult: success, version: HTTP/1.1)
HTTP/1.1 200 OK
Content-Length: 88
Content-Type: application/json; charset=utf-8
cache-control: no-cache

18:02:23.599 [AsyncHttpClient-1-8] DEBUG org.asynchttpclient.netty.channel.ChannelManager - Adding key: http://localhost:10319 for channel [id: 0x05760d00, L:/127.0.0.1:56385 - R:localhost/127.0.0.1:10319]
18:02:23.601 [Forwarding clickElement on session 89e7072cfc0b677832f611e17c4d2678 to remote] DEBUG org.asynchttpclient.netty.request.NettyRequestSender - Using pooled Channel '[id: 0x05760d00, L:/127.0.0.1:56385 - R:localhost/127.0.0.1:10319]' for 'POST' to 'http://localhost:10319/session/89e7072cfc0b677832f611e17c4d2678/element/6aadc26d-4c12-4309-bb04-b0b5eae37379/click'
18:02:23.601 [Forwarding clickElement on session 89e7072cfc0b677832f611e17c4d2678 to remote] DEBUG org.asynchttpclient.netty.request.NettyRequestSender - Using open Channel [id: 0x05760d00, L:/127.0.0.1:56385 - R:localhost/127.0.0.1:10319] for POST '/session/89e7072cfc0b677832f611e17c4d2678/element/6aadc26d-4c12-4309-bb04-b0b5eae37379/click'
18:02:23.667 [AsyncHttpClient-1-8] DEBUG org.asynchttpclient.netty.handler.HttpHandler - 

Request DefaultHttpRequest(decodeResult: success, version: HTTP/1.1)
POST /session/89e7072cfc0b677832f611e17c4d2678/element/6aadc26d-4c12-4309-bb04-b0b5eae37379/click HTTP/1.1
User-Agent: selenium/4.8.1 (java windows)
Content-Length: 50
Content-Type: application/json; charset=utf-8
host: localhost:10319
accept: */*

Response DefaultHttpResponse(decodeResult: success, version: HTTP/1.1)
HTTP/1.1 200 OK
Content-Length: 14
Content-Type: application/json; charset=utf-8
cache-control: no-cache

18:02:23.668 [AsyncHttpClient-1-8] DEBUG org.asynchttpclient.netty.channel.ChannelManager - Adding key: http://localhost:10319 for channel [id: 0x05760d00, L:/127.0.0.1:56385 - R:localhost/127.0.0.1:10319]
18:02:23.677 [Forwarding getAlertText on session 89e7072cfc0b677832f611e17c4d2678 to remote] DEBUG org.asynchttpclient.netty.request.NettyRequestSender - Using pooled Channel '[id: 0x05760d00, L:/127.0.0.1:56385 - R:localhost/127.0.0.1:10319]' for 'GET' to 'http://localhost:10319/session/89e7072cfc0b677832f611e17c4d2678/alert/text'
18:02:23.677 [Forwarding getAlertText on session 89e7072cfc0b677832f611e17c4d2678 to remote] DEBUG org.asynchttpclient.netty.request.NettyRequestSender - Using open Channel [id: 0x05760d00, L:/127.0.0.1:56385 - R:localhost/127.0.0.1:10319] for GET '/session/89e7072cfc0b677832f611e17c4d2678/alert/text'
18:02:23.682 [AsyncHttpClient-1-8] DEBUG org.asynchttpclient.netty.handler.HttpHandler - 

Request DefaultFullHttpRequest(decodeResult: success, version: HTTP/1.1, content: EmptyByteBufBE)
GET /session/89e7072cfc0b677832f611e17c4d2678/alert/text HTTP/1.1
User-Agent: selenium/4.8.1 (java windows)
Cache-Control: no-cache
Content-Type: application/json; charset=utf-8
host: localhost:10319
accept: */*

Response DefaultHttpResponse(decodeResult: success, version: HTTP/1.1)
HTTP/1.1 404 Not Found
Content-Length: 848
Content-Type: application/json; charset=utf-8
cache-control: no-cache

18:02:23.683 [AsyncHttpClient-1-8] DEBUG org.asynchttpclient.netty.channel.ChannelManager - Adding key: http://localhost:10319 for channel [id: 0x05760d00, L:/127.0.0.1:56385 - R:localhost/127.0.0.1:10319]
18:02:23.684 [Forwarding getCurrentUrl on session 89e7072cfc0b677832f611e17c4d2678 to remote] DEBUG org.asynchttpclient.netty.request.NettyRequestSender - Using pooled Channel '[id: 0x05760d00, L:/127.0.0.1:56385 - R:localhost/127.0.0.1:10319]' for 'GET' to 'http://localhost:10319/session/89e7072cfc0b677832f611e17c4d2678/url'
18:02:23.684 [Forwarding getCurrentUrl on session 89e7072cfc0b677832f611e17c4d2678 to remote] DEBUG org.asynchttpclient.netty.request.NettyRequestSender - Using open Channel [id: 0x05760d00, L:/127.0.0.1:56385 - R:localhost/127.0.0.1:10319] for GET '/session/89e7072cfc0b677832f611e17c4d2678/url'
18:02:23.688 [AsyncHttpClient-1-8] DEBUG org.asynchttpclient.netty.handler.HttpHandler - 

Request DefaultFullHttpRequest(decodeResult: success, version: HTTP/1.1, content: EmptyByteBufBE)
GET /session/89e7072cfc0b677832f611e17c4d2678/url HTTP/1.1
User-Agent: selenium/4.8.1 (java windows)
Cache-Control: no-cache
Content-Type: application/json; charset=utf-8
host: localhost:10319
accept: */*

Response DefaultHttpResponse(decodeResult: success, version: HTTP/1.1)
HTTP/1.1 200 OK
Content-Length: 51
Content-Type: application/json; charset=utf-8
cache-control: no-cache

18:02:23.689 [AsyncHttpClient-1-8] DEBUG org.asynchttpclient.netty.channel.ChannelManager - Adding key: http://localhost:10319 for channel [id: 0x05760d00, L:/127.0.0.1:56385 - R:localhost/127.0.0.1:10319]
18:02:23.690 [Forwarding screenshot on session 89e7072cfc0b677832f611e17c4d2678 to remote] DEBUG org.asynchttpclient.netty.request.NettyRequestSender - Using pooled Channel '[id: 0x05760d00, L:/127.0.0.1:56385 - R:localhost/127.0.0.1:10319]' for 'GET' to 'http://localhost:10319/session/89e7072cfc0b677832f611e17c4d2678/screenshot'
18:02:23.690 [Forwarding screenshot on session 89e7072cfc0b677832f611e17c4d2678 to remote] DEBUG org.asynchttpclient.netty.request.NettyRequestSender - Using open Channel [id: 0x05760d00, L:/127.0.0.1:56385 - R:localhost/127.0.0.1:10319] for GET '/session/89e7072cfc0b677832f611e17c4d2678/screenshot'
18:02:23.786 [AsyncHttpClient-1-8] DEBUG org.asynchttpclient.netty.handler.HttpHandler - 

Request DefaultFullHttpRequest(decodeResult: success, version: HTTP/1.1, content: EmptyByteBufBE)
GET /session/89e7072cfc0b677832f611e17c4d2678/screenshot HTTP/1.1
User-Agent: selenium/4.8.1 (java windows)
Cache-Control: no-cache
Content-Type: application/json; charset=utf-8
host: localhost:10319
accept: */*

Response DefaultHttpResponse(decodeResult: success, version: HTTP/1.1)
HTTP/1.1 200 OK
Content-Length: 30980
Content-Type: application/json; charset=utf-8
cache-control: no-cache

18:02:23.786 [AsyncHttpClient-1-8] DEBUG org.asynchttpclient.netty.channel.ChannelManager - Adding key: http://localhost:10319 for channel [id: 0x05760d00, L:/127.0.0.1:56385 - R:localhost/127.0.0.1:10319]
18:02:23.788 [main] DEBUG net.serenitybdd.core.photography.Darkroom - Send negative for processing for target\site\serenity\409c2a10bba00c04b43b1f987805dc8f453b2d90a1434bea90b558ea52ade6dd.png
18:02:23.788 [main] DEBUG net.thucydides.core.steps.StepInterceptor - STEP DONE: click button login
18:02:23.788 [Darkroom Processing Line] DEBUG net.serenitybdd.core.photography.DarkroomProcessingLine - Processing screenshot image in /var/screenshots/screenshot-1764618197825741120
18:02:23.788 [Darkroom Processing Line] DEBUG net.serenitybdd.core.photography.DarkroomProcessingLine - Saving screenshot to target\site\serenity\409c2a10bba00c04b43b1f987805dc8f453b2d90a1434bea90b558ea52ade6dd.png
18:02:23.791 [main] DEBUG net.thucydides.core.steps.StepInterceptor - STARTING STEP: LoginStep.userSuccessLogin - user can see product homepage
18:02:23.793 [Forwarding findElement on session 89e7072cfc0b677832f611e17c4d2678 to remote] DEBUG org.asynchttpclient.netty.request.NettyRequestSender - Using pooled Channel '[id: 0x05760d00, L:/127.0.0.1:56385 - R:localhost/127.0.0.1:10319]' for 'POST' to 'http://localhost:10319/session/89e7072cfc0b677832f611e17c4d2678/element'
18:02:23.793 [Forwarding findElement on session 89e7072cfc0b677832f611e17c4d2678 to remote] DEBUG org.asynchttpclient.netty.request.NettyRequestSender - Using open Channel [id: 0x05760d00, L:/127.0.0.1:56385 - R:localhost/127.0.0.1:10319] for POST '/session/89e7072cfc0b677832f611e17c4d2678/element'
18:02:23.805 [AsyncHttpClient-1-8] DEBUG org.asynchttpclient.netty.handler.HttpHandler - 

Request DefaultHttpRequest(decodeResult: success, version: HTTP/1.1)
POST /session/89e7072cfc0b677832f611e17c4d2678/element HTTP/1.1
User-Agent: selenium/4.8.1 (java windows)
Content-Length: 75
Content-Type: application/json; charset=utf-8
host: localhost:10319
accept: */*

Response DefaultHttpResponse(decodeResult: success, version: HTTP/1.1)
HTTP/1.1 200 OK
Content-Length: 88
Content-Type: application/json; charset=utf-8
cache-control: no-cache

18:02:23.805 [AsyncHttpClient-1-8] DEBUG org.asynchttpclient.netty.channel.ChannelManager - Adding key: http://localhost:10319 for channel [id: 0x05760d00, L:/127.0.0.1:56385 - R:localhost/127.0.0.1:10319]
18:02:23.807 [Forwarding isElementDisplayed on session 89e7072cfc0b677832f611e17c4d2678 to remote] DEBUG org.asynchttpclient.netty.request.NettyRequestSender - Using pooled Channel '[id: 0x05760d00, L:/127.0.0.1:56385 - R:localhost/127.0.0.1:10319]' for 'POST' to 'http://localhost:10319/session/89e7072cfc0b677832f611e17c4d2678/execute/sync'
18:02:23.807 [Forwarding isElementDisplayed on session 89e7072cfc0b677832f611e17c4d2678 to remote] DEBUG org.asynchttpclient.netty.request.NettyRequestSender - Using open Channel [id: 0x05760d00, L:/127.0.0.1:56385 - R:localhost/127.0.0.1:10319] for POST '/session/89e7072cfc0b677832f611e17c4d2678/execute/sync'
18:02:23.820 [AsyncHttpClient-1-8] DEBUG org.asynchttpclient.netty.handler.HttpHandler - 

Request DefaultHttpRequest(decodeResult: success, version: HTTP/1.1)
POST /session/89e7072cfc0b677832f611e17c4d2678/execute/sync HTTP/1.1
User-Agent: selenium/4.8.1 (java windows)
Content-Length: 48807
Content-Type: application/json; charset=utf-8
host: localhost:10319
accept: */*

Response DefaultHttpResponse(decodeResult: success, version: HTTP/1.1)
HTTP/1.1 200 OK
Content-Length: 14
Content-Type: application/json; charset=utf-8
cache-control: no-cache

18:02:23.820 [AsyncHttpClient-1-8] DEBUG org.asynchttpclient.netty.channel.ChannelManager - Adding key: http://localhost:10319 for channel [id: 0x05760d00, L:/127.0.0.1:56385 - R:localhost/127.0.0.1:10319]
18:02:23.824 [main] DEBUG net.thucydides.core.steps.StepInterceptor - STEP DONE: user can see product homepage
  &amp#27;[32mGiven &amp#27;[0m&amp#27;[32muser success login&amp#27;[0m                                                  &amp#27;[90m# starter.stepdefinition.LoginStep.userSuccessLogin()&amp#27;[0m
18:02:23.839 [main] DEBUG net.thucydides.core.steps.StepInterceptor - STARTING STEP: ProductStep.successAddProductToTheCart - user click button Beli
18:02:23.842 [Forwarding findElement on session 89e7072cfc0b677832f611e17c4d2678 to remote] DEBUG org.asynchttpclient.netty.request.NettyRequestSender - Using pooled Channel '[id: 0x05760d00, L:/127.0.0.1:56385 - R:localhost/127.0.0.1:10319]' for 'POST' to 'http://localhost:10319/session/89e7072cfc0b677832f611e17c4d2678/element'
18:02:23.842 [Forwarding findElement on session 89e7072cfc0b677832f611e17c4d2678 to remote] DEBUG org.asynchttpclient.netty.request.NettyRequestSender - Using open Channel [id: 0x05760d00, L:/127.0.0.1:56385 - R:localhost/127.0.0.1:10319] for POST '/session/89e7072cfc0b677832f611e17c4d2678/element'
18:02:24.047 [AsyncHttpClient-1-1] DEBUG org.asynchttpclient.netty.channel.DefaultChannelPool - Entry count for : http://localhost:56387 : 1
18:02:25.148 [AsyncHttpClient-1-1] DEBUG org.asynchttpclient.netty.channel.DefaultChannelPool - Entry count for : http://localhost:56387 : 1
18:02:26.250 [AsyncHttpClient-1-1] DEBUG org.asynchttpclient.netty.channel.DefaultChannelPool - Entry count for : http://localhost:56387 : 1
18:02:26.287 [AsyncHttpClient-1-8] DEBUG org.asynchttpclient.netty.handler.HttpHandler - 

Request DefaultHttpRequest(decodeResult: success, version: HTTP/1.1)
POST /session/89e7072cfc0b677832f611e17c4d2678/element HTTP/1.1
User-Agent: selenium/4.8.1 (java windows)
Content-Length: 96
Content-Type: application/json; charset=utf-8
host: localhost:10319
accept: */*

Response DefaultHttpResponse(decodeResult: success, version: HTTP/1.1)
HTTP/1.1 200 OK
Content-Length: 88
Content-Type: application/json; charset=utf-8
cache-control: no-cache

18:02:26.287 [AsyncHttpClient-1-8] DEBUG org.asynchttpclient.netty.channel.ChannelManager - Adding key: http://localhost:10319 for channel [id: 0x05760d00, L:/127.0.0.1:56385 - R:localhost/127.0.0.1:10319]
18:02:26.289 [Forwarding getElementTagName on session 89e7072cfc0b677832f611e17c4d2678 to remote] DEBUG org.asynchttpclient.netty.request.NettyRequestSender - Using pooled Channel '[id: 0x05760d00, L:/127.0.0.1:56385 - R:localhost/127.0.0.1:10319]' for 'GET' to 'http://localhost:10319/session/89e7072cfc0b677832f611e17c4d2678/element/c401c383-f0c7-4abc-8f43-8f395fd0dc66/name'
18:02:26.289 [Forwarding getElementTagName on session 89e7072cfc0b677832f611e17c4d2678 to remote] DEBUG org.asynchttpclient.netty.request.NettyRequestSender - Using open Channel [id: 0x05760d00, L:/127.0.0.1:56385 - R:localhost/127.0.0.1:10319] for GET '/session/89e7072cfc0b677832f611e17c4d2678/element/c401c383-f0c7-4abc-8f43-8f395fd0dc66/name'
18:02:26.293 [AsyncHttpClient-1-8] DEBUG org.asynchttpclient.netty.handler.HttpHandler - 

Request DefaultFullHttpRequest(decodeResult: success, version: HTTP/1.1, content: EmptyByteBufBE)
GET /session/89e7072cfc0b677832f611e17c4d2678/element/c401c383-f0c7-4abc-8f43-8f395fd0dc66/name HTTP/1.1
User-Agent: selenium/4.8.1 (java windows)
Cache-Control: no-cache
Content-Type: application/json; charset=utf-8
host: localhost:10319
accept: */*

Response DefaultHttpResponse(decodeResult: success, version: HTTP/1.1)
HTTP/1.1 200 OK
Content-Length: 16
Content-Type: application/json; charset=utf-8
cache-control: no-cache

18:02:26.294 [AsyncHttpClient-1-8] DEBUG org.asynchttpclient.netty.channel.ChannelManager - Adding key: http://localhost:10319 for channel [id: 0x05760d00, L:/127.0.0.1:56385 - R:localhost/127.0.0.1:10319]
18:02:26.296 [Forwarding getElementTagName on session 89e7072cfc0b677832f611e17c4d2678 to remote] DEBUG org.asynchttpclient.netty.request.NettyRequestSender - Using pooled Channel '[id: 0x05760d00, L:/127.0.0.1:56385 - R:localhost/127.0.0.1:10319]' for 'GET' to 'http://localhost:10319/session/89e7072cfc0b677832f611e17c4d2678/element/c401c383-f0c7-4abc-8f43-8f395fd0dc66/name'
18:02:26.297 [Forwarding getElementTagName on session 89e7072cfc0b677832f611e17c4d2678 to remote] DEBUG org.asynchttpclient.netty.request.NettyRequestSender - Using open Channel [id: 0x05760d00, L:/127.0.0.1:56385 - R:localhost/127.0.0.1:10319] for GET '/session/89e7072cfc0b677832f611e17c4d2678/element/c401c383-f0c7-4abc-8f43-8f395fd0dc66/name'
18:02:26.300 [AsyncHttpClient-1-8] DEBUG org.asynchttpclient.netty.handler.HttpHandler - 

Request DefaultFullHttpRequest(decodeResult: success, version: HTTP/1.1, content: EmptyByteBufBE)
GET /session/89e7072cfc0b677832f611e17c4d2678/element/c401c383-f0c7-4abc-8f43-8f395fd0dc66/name HTTP/1.1
User-Agent: selenium/4.8.1 (java windows)
Cache-Control: no-cache
Content-Type: application/json; charset=utf-8
host: localhost:10319
accept: */*

Response DefaultHttpResponse(decodeResult: success, version: HTTP/1.1)
HTTP/1.1 200 OK
Content-Length: 16
Content-Type: application/json; charset=utf-8
cache-control: no-cache

18:02:26.300 [AsyncHttpClient-1-8] DEBUG org.asynchttpclient.netty.channel.ChannelManager - Adding key: http://localhost:10319 for channel [id: 0x05760d00, L:/127.0.0.1:56385 - R:localhost/127.0.0.1:10319]
18:02:26.302 [Forwarding findElement on session 89e7072cfc0b677832f611e17c4d2678 to remote] DEBUG org.asynchttpclient.netty.request.NettyRequestSender - Using pooled Channel '[id: 0x05760d00, L:/127.0.0.1:56385 - R:localhost/127.0.0.1:10319]' for 'POST' to 'http://localhost:10319/session/89e7072cfc0b677832f611e17c4d2678/element'
18:02:26.302 [Forwarding findElement on session 89e7072cfc0b677832f611e17c4d2678 to remote] DEBUG org.asynchttpclient.netty.request.NettyRequestSender - Using open Channel [id: 0x05760d00, L:/127.0.0.1:56385 - R:localhost/127.0.0.1:10319] for POST '/session/89e7072cfc0b677832f611e17c4d2678/element'
18:02:26.312 [AsyncHttpClient-1-8] DEBUG org.asynchttpclient.netty.handler.HttpHandler - 

Request DefaultHttpRequest(decodeResult: success, version: HTTP/1.1)
POST /session/89e7072cfc0b677832f611e17c4d2678/element HTTP/1.1
User-Agent: selenium/4.8.1 (java windows)
Content-Length: 96
Content-Type: application/json; charset=utf-8
host: localhost:10319
accept: */*

Response DefaultHttpResponse(decodeResult: success, version: HTTP/1.1)
HTTP/1.1 200 OK
Content-Length: 88
Content-Type: application/json; charset=utf-8
cache-control: no-cache

18:02:26.313 [AsyncHttpClient-1-8] DEBUG org.asynchttpclient.netty.channel.ChannelManager - Adding key: http://localhost:10319 for channel [id: 0x05760d00, L:/127.0.0.1:56385 - R:localhost/127.0.0.1:10319]
18:02:26.314 [Forwarding clickElement on session 89e7072cfc0b677832f611e17c4d2678 to remote] DEBUG org.asynchttpclient.netty.request.NettyRequestSender - Using pooled Channel '[id: 0x05760d00, L:/127.0.0.1:56385 - R:localhost/127.0.0.1:10319]' for 'POST' to 'http://localhost:10319/session/89e7072cfc0b677832f611e17c4d2678/element/c401c383-f0c7-4abc-8f43-8f395fd0dc66/click'
18:02:26.314 [Forwarding clickElement on session 89e7072cfc0b677832f611e17c4d2678 to remote] DEBUG org.asynchttpclient.netty.request.NettyRequestSender - Using open Channel [id: 0x05760d00, L:/127.0.0.1:56385 - R:localhost/127.0.0.1:10319] for POST '/session/89e7072cfc0b677832f611e17c4d2678/element/c401c383-f0c7-4abc-8f43-8f395fd0dc66/click'
18:02:26.400 [AsyncHttpClient-1-8] DEBUG org.asynchttpclient.netty.handler.HttpHandler - 

Request DefaultHttpRequest(decodeResult: success, version: HTTP/1.1)
POST /session/89e7072cfc0b677832f611e17c4d2678/element/c401c383-f0c7-4abc-8f43-8f395fd0dc66/click HTTP/1.1
User-Agent: selenium/4.8.1 (java windows)
Content-Length: 50
Content-Type: application/json; charset=utf-8
host: localhost:10319
accept: */*

Response DefaultHttpResponse(decodeResult: success, version: HTTP/1.1)
HTTP/1.1 200 OK
Content-Length: 14
Content-Type: application/json; charset=utf-8
cache-control: no-cache

18:02:26.400 [AsyncHttpClient-1-8] DEBUG org.asynchttpclient.netty.channel.ChannelManager - Adding key: http://localhost:10319 for channel [id: 0x05760d00, L:/127.0.0.1:56385 - R:localhost/127.0.0.1:10319]
18:02:26.404 [Forwarding findElement on session 89e7072cfc0b677832f611e17c4d2678 to remote] DEBUG org.asynchttpclient.netty.request.NettyRequestSender - Using pooled Channel '[id: 0x05760d00, L:/127.0.0.1:56385 - R:localhost/127.0.0.1:10319]' for 'POST' to 'http://localhost:10319/session/89e7072cfc0b677832f611e17c4d2678/element'
18:02:26.404 [Forwarding findElement on session 89e7072cfc0b677832f611e17c4d2678 to remote] DEBUG org.asynchttpclient.netty.request.NettyRequestSender - Using open Channel [id: 0x05760d00, L:/127.0.0.1:56385 - R:localhost/127.0.0.1:10319] for POST '/session/89e7072cfc0b677832f611e17c4d2678/element'
18:02:26.420 [AsyncHttpClient-1-8] DEBUG org.asynchttpclient.netty.handler.HttpHandler - 

Request DefaultHttpRequest(decodeResult: success, version: HTTP/1.1)
POST /session/89e7072cfc0b677832f611e17c4d2678/element HTTP/1.1
User-Agent: selenium/4.8.1 (java windows)
Content-Length: 96
Content-Type: application/json; charset=utf-8
host: localhost:10319
accept: */*

Response DefaultHttpResponse(decodeResult: success, version: HTTP/1.1)
HTTP/1.1 200 OK
Content-Length: 88
Content-Type: application/json; charset=utf-8
cache-control: no-cache

18:02:26.420 [AsyncHttpClient-1-8] DEBUG org.asynchttpclient.netty.channel.ChannelManager - Adding key: http://localhost:10319 for channel [id: 0x05760d00, L:/127.0.0.1:56385 - R:localhost/127.0.0.1:10319]
18:02:26.422 [Forwarding getElementTagName on session 89e7072cfc0b677832f611e17c4d2678 to remote] DEBUG org.asynchttpclient.netty.request.NettyRequestSender - Using pooled Channel '[id: 0x05760d00, L:/127.0.0.1:56385 - R:localhost/127.0.0.1:10319]' for 'GET' to 'http://localhost:10319/session/89e7072cfc0b677832f611e17c4d2678/element/c401c383-f0c7-4abc-8f43-8f395fd0dc66/name'
18:02:26.422 [Forwarding getElementTagName on session 89e7072cfc0b677832f611e17c4d2678 to remote] DEBUG org.asynchttpclient.netty.request.NettyRequestSender - Using open Channel [id: 0x05760d00, L:/127.0.0.1:56385 - R:localhost/127.0.0.1:10319] for GET '/session/89e7072cfc0b677832f611e17c4d2678/element/c401c383-f0c7-4abc-8f43-8f395fd0dc66/name'
18:02:26.424 [AsyncHttpClient-1-8] DEBUG org.asynchttpclient.netty.handler.HttpHandler - 

Request DefaultFullHttpRequest(decodeResult: success, version: HTTP/1.1, content: EmptyByteBufBE)
GET /session/89e7072cfc0b677832f611e17c4d2678/element/c401c383-f0c7-4abc-8f43-8f395fd0dc66/name HTTP/1.1
User-Agent: selenium/4.8.1 (java windows)
Cache-Control: no-cache
Content-Type: application/json; charset=utf-8
host: localhost:10319
accept: */*

Response DefaultHttpResponse(decodeResult: success, version: HTTP/1.1)
HTTP/1.1 200 OK
Content-Length: 16
Content-Type: application/json; charset=utf-8
cache-control: no-cache

18:02:26.425 [AsyncHttpClient-1-8] DEBUG org.asynchttpclient.netty.channel.ChannelManager - Adding key: http://localhost:10319 for channel [id: 0x05760d00, L:/127.0.0.1:56385 - R:localhost/127.0.0.1:10319]
18:02:26.426 [Forwarding getElementTagName on session 89e7072cfc0b677832f611e17c4d2678 to remote] DEBUG org.asynchttpclient.netty.request.NettyRequestSender - Using pooled Channel '[id: 0x05760d00, L:/127.0.0.1:56385 - R:localhost/127.0.0.1:10319]' for 'GET' to 'http://localhost:10319/session/89e7072cfc0b677832f611e17c4d2678/element/c401c383-f0c7-4abc-8f43-8f395fd0dc66/name'
18:02:26.426 [Forwarding getElementTagName on session 89e7072cfc0b677832f611e17c4d2678 to remote] DEBUG org.asynchttpclient.netty.request.NettyRequestSender - Using open Channel [id: 0x05760d00, L:/127.0.0.1:56385 - R:localhost/127.0.0.1:10319] for GET '/session/89e7072cfc0b677832f611e17c4d2678/element/c401c383-f0c7-4abc-8f43-8f395fd0dc66/name'
18:02:26.432 [AsyncHttpClient-1-8] DEBUG org.asynchttpclient.netty.handler.HttpHandler - 

Request DefaultFullHttpRequest(decodeResult: success, version: HTTP/1.1, content: EmptyByteBufBE)
GET /session/89e7072cfc0b677832f611e17c4d2678/element/c401c383-f0c7-4abc-8f43-8f395fd0dc66/name HTTP/1.1
User-Agent: selenium/4.8.1 (java windows)
Cache-Control: no-cache
Content-Type: application/json; charset=utf-8
host: localhost:10319
accept: */*

Response DefaultHttpResponse(decodeResult: success, version: HTTP/1.1)
HTTP/1.1 200 OK
Content-Length: 16
Content-Type: application/json; charset=utf-8
cache-control: no-cache

18:02:26.432 [AsyncHttpClient-1-8] DEBUG org.asynchttpclient.netty.channel.ChannelManager - Adding key: http://localhost:10319 for channel [id: 0x05760d00, L:/127.0.0.1:56385 - R:localhost/127.0.0.1:10319]
18:02:26.434 [Forwarding findElement on session 89e7072cfc0b677832f611e17c4d2678 to remote] DEBUG org.asynchttpclient.netty.request.NettyRequestSender - Using pooled Channel '[id: 0x05760d00, L:/127.0.0.1:56385 - R:localhost/127.0.0.1:10319]' for 'POST' to 'http://localhost:10319/session/89e7072cfc0b677832f611e17c4d2678/element'
18:02:26.434 [Forwarding findElement on session 89e7072cfc0b677832f611e17c4d2678 to remote] DEBUG org.asynchttpclient.netty.request.NettyRequestSender - Using open Channel [id: 0x05760d00, L:/127.0.0.1:56385 - R:localhost/127.0.0.1:10319] for POST '/session/89e7072cfc0b677832f611e17c4d2678/element'
18:02:26.443 [AsyncHttpClient-1-8] DEBUG org.asynchttpclient.netty.handler.HttpHandler - 

Request DefaultHttpRequest(decodeResult: success, version: HTTP/1.1)
POST /session/89e7072cfc0b677832f611e17c4d2678/element HTTP/1.1
User-Agent: selenium/4.8.1 (java windows)
Content-Length: 96
Content-Type: application/json; charset=utf-8
host: localhost:10319
accept: */*

Response DefaultHttpResponse(decodeResult: success, version: HTTP/1.1)
HTTP/1.1 200 OK
Content-Length: 88
Content-Type: application/json; charset=utf-8
cache-control: no-cache

18:02:26.443 [AsyncHttpClient-1-8] DEBUG org.asynchttpclient.netty.channel.ChannelManager - Adding key: http://localhost:10319 for channel [id: 0x05760d00, L:/127.0.0.1:56385 - R:localhost/127.0.0.1:10319]
18:02:26.446 [Forwarding clickElement on session 89e7072cfc0b677832f611e17c4d2678 to remote] DEBUG org.asynchttpclient.netty.request.NettyRequestSender - Using pooled Channel '[id: 0x05760d00, L:/127.0.0.1:56385 - R:localhost/127.0.0.1:10319]' for 'POST' to 'http://localhost:10319/session/89e7072cfc0b677832f611e17c4d2678/element/c401c383-f0c7-4abc-8f43-8f395fd0dc66/click'
18:02:26.447 [Forwarding clickElement on session 89e7072cfc0b677832f611e17c4d2678 to remote] DEBUG org.asynchttpclient.netty.request.NettyRequestSender - Using open Channel [id: 0x05760d00, L:/127.0.0.1:56385 - R:localhost/127.0.0.1:10319] for POST '/session/89e7072cfc0b677832f611e17c4d2678/element/c401c383-f0c7-4abc-8f43-8f395fd0dc66/click'
18:02:26.504 [AsyncHttpClient-1-8] DEBUG org.asynchttpclient.netty.handler.HttpHandler - 

Request DefaultHttpRequest(decodeResult: success, version: HTTP/1.1)
POST /session/89e7072cfc0b677832f611e17c4d2678/element/c401c383-f0c7-4abc-8f43-8f395fd0dc66/click HTTP/1.1
User-Agent: selenium/4.8.1 (java windows)
Content-Length: 50
Content-Type: application/json; charset=utf-8
host: localhost:10319
accept: */*

Response DefaultHttpResponse(decodeResult: success, version: HTTP/1.1)
HTTP/1.1 200 OK
Content-Length: 14
Content-Type: application/json; charset=utf-8
cache-control: no-cache

18:02:26.504 [AsyncHttpClient-1-8] DEBUG org.asynchttpclient.netty.channel.ChannelManager - Adding key: http://localhost:10319 for channel [id: 0x05760d00, L:/127.0.0.1:56385 - R:localhost/127.0.0.1:10319]
18:02:26.513 [Forwarding getAlertText on session 89e7072cfc0b677832f611e17c4d2678 to remote] DEBUG org.asynchttpclient.netty.request.NettyRequestSender - Using pooled Channel '[id: 0x05760d00, L:/127.0.0.1:56385 - R:localhost/127.0.0.1:10319]' for 'GET' to 'http://localhost:10319/session/89e7072cfc0b677832f611e17c4d2678/alert/text'
18:02:26.513 [Forwarding getAlertText on session 89e7072cfc0b677832f611e17c4d2678 to remote] DEBUG org.asynchttpclient.netty.request.NettyRequestSender - Using open Channel [id: 0x05760d00, L:/127.0.0.1:56385 - R:localhost/127.0.0.1:10319] for GET '/session/89e7072cfc0b677832f611e17c4d2678/alert/text'
18:02:26.518 [AsyncHttpClient-1-8] DEBUG org.asynchttpclient.netty.handler.HttpHandler - 

Request DefaultFullHttpRequest(decodeResult: success, version: HTTP/1.1, content: EmptyByteBufBE)
GET /session/89e7072cfc0b677832f611e17c4d2678/alert/text HTTP/1.1
User-Agent: selenium/4.8.1 (java windows)
Cache-Control: no-cache
Content-Type: application/json; charset=utf-8
host: localhost:10319
accept: */*

Response DefaultHttpResponse(decodeResult: success, version: HTTP/1.1)
HTTP/1.1 404 Not Found
Content-Length: 848
Content-Type: application/json; charset=utf-8
cache-control: no-cache

18:02:26.518 [AsyncHttpClient-1-8] DEBUG org.asynchttpclient.netty.channel.ChannelManager - Adding key: http://localhost:10319 for channel [id: 0x05760d00, L:/127.0.0.1:56385 - R:localhost/127.0.0.1:10319]
18:02:26.519 [Forwarding getCurrentUrl on session 89e7072cfc0b677832f611e17c4d2678 to remote] DEBUG org.asynchttpclient.netty.request.NettyRequestSender - Using pooled Channel '[id: 0x05760d00, L:/127.0.0.1:56385 - R:localhost/127.0.0.1:10319]' for 'GET' to 'http://localhost:10319/session/89e7072cfc0b677832f611e17c4d2678/url'
18:02:26.520 [Forwarding getCurrentUrl on session 89e7072cfc0b677832f611e17c4d2678 to remote] DEBUG org.asynchttpclient.netty.request.NettyRequestSender - Using open Channel [id: 0x05760d00, L:/127.0.0.1:56385 - R:localhost/127.0.0.1:10319] for GET '/session/89e7072cfc0b677832f611e17c4d2678/url'
18:02:26.522 [AsyncHttpClient-1-8] DEBUG org.asynchttpclient.netty.handler.HttpHandler - 

Request DefaultFullHttpRequest(decodeResult: success, version: HTTP/1.1, content: EmptyByteBufBE)
GET /session/89e7072cfc0b677832f611e17c4d2678/url HTTP/1.1
User-Agent: selenium/4.8.1 (java windows)
Cache-Control: no-cache
Content-Type: application/json; charset=utf-8
host: localhost:10319
accept: */*

Response DefaultHttpResponse(decodeResult: success, version: HTTP/1.1)
HTTP/1.1 200 OK
Content-Length: 41
Content-Type: application/json; charset=utf-8
cache-control: no-cache

18:02:26.522 [AsyncHttpClient-1-8] DEBUG org.asynchttpclient.netty.channel.ChannelManager - Adding key: http://localhost:10319 for channel [id: 0x05760d00, L:/127.0.0.1:56385 - R:localhost/127.0.0.1:10319]
18:02:26.524 [Forwarding screenshot on session 89e7072cfc0b677832f611e17c4d2678 to remote] DEBUG org.asynchttpclient.netty.request.NettyRequestSender - Using pooled Channel '[id: 0x05760d00, L:/127.0.0.1:56385 - R:localhost/127.0.0.1:10319]' for 'GET' to 'http://localhost:10319/session/89e7072cfc0b677832f611e17c4d2678/screenshot'
18:02:26.524 [Forwarding screenshot on session 89e7072cfc0b677832f611e17c4d2678 to remote] DEBUG org.asynchttpclient.netty.request.NettyRequestSender - Using open Channel [id: 0x05760d00, L:/127.0.0.1:56385 - R:localhost/127.0.0.1:10319] for GET '/session/89e7072cfc0b677832f611e17c4d2678/screenshot'
18:02:26.629 [AsyncHttpClient-1-8] DEBUG org.asynchttpclient.netty.handler.HttpHandler - 

Request DefaultFullHttpRequest(decodeResult: success, version: HTTP/1.1, content: EmptyByteBufBE)
GET /session/89e7072cfc0b677832f611e17c4d2678/screenshot HTTP/1.1
User-Agent: selenium/4.8.1 (java windows)
Cache-Control: no-cache
Content-Type: application/json; charset=utf-8
host: localhost:10319
accept: */*

Response DefaultHttpResponse(decodeResult: success, version: HTTP/1.1)
HTTP/1.1 200 OK
Content-Length: 101048
Content-Type: application/json; charset=utf-8
cache-control: no-cache

18:02:26.630 [AsyncHttpClient-1-8] DEBUG org.asynchttpclient.netty.channel.ChannelManager - Adding key: http://localhost:10319 for channel [id: 0x05760d00, L:/127.0.0.1:56385 - R:localhost/127.0.0.1:10319]
18:02:26.634 [main] DEBUG net.serenitybdd.core.photography.Darkroom - Send negative for processing for target\site\serenity\d88cd8b4a6b4180fd93490819319719efcd707863388aa2021f402c53e9b6678.png
18:02:26.634 [main] DEBUG net.thucydides.core.steps.StepInterceptor - STEP DONE: user click button Beli
18:02:26.634 [Darkroom Processing Line] DEBUG net.serenitybdd.core.photography.DarkroomProcessingLine - Processing screenshot image in /var/screenshots/screenshot-8620439559947416798
18:02:26.634 [Darkroom Processing Line] DEBUG net.serenitybdd.core.photography.DarkroomProcessingLine - Saving screenshot to target\site\serenity\d88cd8b4a6b4180fd93490819319719efcd707863388aa2021f402c53e9b6678.png
18:02:26.637 [main] DEBUG net.thucydides.core.steps.StepInterceptor - STARTING STEP: ProductStep.successAddProductToTheCart - user success to add product to cart
18:02:26.639 [Forwarding findElement on session 89e7072cfc0b677832f611e17c4d2678 to remote] DEBUG org.asynchttpclient.netty.request.NettyRequestSender - Using pooled Channel '[id: 0x05760d00, L:/127.0.0.1:56385 - R:localhost/127.0.0.1:10319]' for 'POST' to 'http://localhost:10319/session/89e7072cfc0b677832f611e17c4d2678/element'
18:02:26.639 [Forwarding findElement on session 89e7072cfc0b677832f611e17c4d2678 to remote] DEBUG org.asynchttpclient.netty.request.NettyRequestSender - Using open Channel [id: 0x05760d00, L:/127.0.0.1:56385 - R:localhost/127.0.0.1:10319] for POST '/session/89e7072cfc0b677832f611e17c4d2678/element'
18:02:26.654 [AsyncHttpClient-1-8] DEBUG org.asynchttpclient.netty.handler.HttpHandler - 

Request DefaultHttpRequest(decodeResult: success, version: HTTP/1.1)
POST /session/89e7072cfc0b677832f611e17c4d2678/element HTTP/1.1
User-Agent: selenium/4.8.1 (java windows)
Content-Length: 80
Content-Type: application/json; charset=utf-8
host: localhost:10319
accept: */*

Response DefaultHttpResponse(decodeResult: success, version: HTTP/1.1)
HTTP/1.1 200 OK
Content-Length: 88
Content-Type: application/json; charset=utf-8
cache-control: no-cache

18:02:26.654 [AsyncHttpClient-1-8] DEBUG org.asynchttpclient.netty.channel.ChannelManager - Adding key: http://localhost:10319 for channel [id: 0x05760d00, L:/127.0.0.1:56385 - R:localhost/127.0.0.1:10319]
18:02:26.658 [Forwarding isElementDisplayed on session 89e7072cfc0b677832f611e17c4d2678 to remote] DEBUG org.asynchttpclient.netty.request.NettyRequestSender - Using pooled Channel '[id: 0x05760d00, L:/127.0.0.1:56385 - R:localhost/127.0.0.1:10319]' for 'POST' to 'http://localhost:10319/session/89e7072cfc0b677832f611e17c4d2678/execute/sync'
18:02:26.658 [Forwarding isElementDisplayed on session 89e7072cfc0b677832f611e17c4d2678 to remote] DEBUG org.asynchttpclient.netty.request.NettyRequestSender - Using open Channel [id: 0x05760d00, L:/127.0.0.1:56385 - R:localhost/127.0.0.1:10319] for POST '/session/89e7072cfc0b677832f611e17c4d2678/execute/sync'
18:02:26.672 [AsyncHttpClient-1-8] DEBUG org.asynchttpclient.netty.handler.HttpHandler - 

Request DefaultHttpRequest(decodeResult: success, version: HTTP/1.1)
POST /session/89e7072cfc0b677832f611e17c4d2678/execute/sync HTTP/1.1
User-Agent: selenium/4.8.1 (java windows)
Content-Length: 48807
Content-Type: application/json; charset=utf-8
host: localhost:10319
accept: */*

Response DefaultHttpResponse(decodeResult: success, version: HTTP/1.1)
HTTP/1.1 200 OK
Content-Length: 14
Content-Type: application/json; charset=utf-8
cache-control: no-cache

18:02:26.672 [AsyncHttpClient-1-8] DEBUG org.asynchttpclient.netty.channel.ChannelManager - Adding key: http://localhost:10319 for channel [id: 0x05760d00, L:/127.0.0.1:56385 - R:localhost/127.0.0.1:10319]
18:02:26.677 [main] DEBUG net.thucydides.core.steps.StepInterceptor - STEP DONE: user success to add product to cart
  &amp#27;[32mAnd &amp#27;[0m&amp#27;[32muser success add product to the cart&amp#27;[0m                                  &amp#27;[90m# starter.stepdefinition.ProductStep.successAddProductToTheCart()&amp#27;[0m
18:02:26.687 [Forwarding getAlertText on session 89e7072cfc0b677832f611e17c4d2678 to remote] DEBUG org.asynchttpclient.netty.request.NettyRequestSender - Using pooled Channel '[id: 0x05760d00, L:/127.0.0.1:56385 - R:localhost/127.0.0.1:10319]' for 'GET' to 'http://localhost:10319/session/89e7072cfc0b677832f611e17c4d2678/alert/text'
18:02:26.687 [Forwarding getAlertText on session 89e7072cfc0b677832f611e17c4d2678 to remote] DEBUG org.asynchttpclient.netty.request.NettyRequestSender - Using open Channel [id: 0x05760d00, L:/127.0.0.1:56385 - R:localhost/127.0.0.1:10319] for GET '/session/89e7072cfc0b677832f611e17c4d2678/alert/text'
18:02:26.689 [AsyncHttpClient-1-8] DEBUG org.asynchttpclient.netty.handler.HttpHandler - 

Request DefaultFullHttpRequest(decodeResult: success, version: HTTP/1.1, content: EmptyByteBufBE)
GET /session/89e7072cfc0b677832f611e17c4d2678/alert/text HTTP/1.1
User-Agent: selenium/4.8.1 (java windows)
Cache-Control: no-cache
Content-Type: application/json; charset=utf-8
host: localhost:10319
accept: */*

Response DefaultHttpResponse(decodeResult: success, version: HTTP/1.1)
HTTP/1.1 404 Not Found
Content-Length: 848
Content-Type: application/json; charset=utf-8
cache-control: no-cache

18:02:26.689 [AsyncHttpClient-1-8] DEBUG org.asynchttpclient.netty.channel.ChannelManager - Adding key: http://localhost:10319 for channel [id: 0x05760d00, L:/127.0.0.1:56385 - R:localhost/127.0.0.1:10319]
18:02:26.690 [Forwarding getCurrentUrl on session 89e7072cfc0b677832f611e17c4d2678 to remote] DEBUG org.asynchttpclient.netty.request.NettyRequestSender - Using pooled Channel '[id: 0x05760d00, L:/127.0.0.1:56385 - R:localhost/127.0.0.1:10319]' for 'GET' to 'http://localhost:10319/session/89e7072cfc0b677832f611e17c4d2678/url'
18:02:26.690 [Forwarding getCurrentUrl on session 89e7072cfc0b677832f611e17c4d2678 to remote] DEBUG org.asynchttpclient.netty.request.NettyRequestSender - Using open Channel [id: 0x05760d00, L:/127.0.0.1:56385 - R:localhost/127.0.0.1:10319] for GET '/session/89e7072cfc0b677832f611e17c4d2678/url'
18:02:26.694 [AsyncHttpClient-1-8] DEBUG org.asynchttpclient.netty.handler.HttpHandler - 

Request DefaultFullHttpRequest(decodeResult: success, version: HTTP/1.1, content: EmptyByteBufBE)
GET /session/89e7072cfc0b677832f611e17c4d2678/url HTTP/1.1
User-Agent: selenium/4.8.1 (java windows)
Cache-Control: no-cache
Content-Type: application/json; charset=utf-8
host: localhost:10319
accept: */*

Response DefaultHttpResponse(decodeResult: success, version: HTTP/1.1)
HTTP/1.1 200 OK
Content-Length: 41
Content-Type: application/json; charset=utf-8
cache-control: no-cache

18:02:26.695 [AsyncHttpClient-1-8] DEBUG org.asynchttpclient.netty.channel.ChannelManager - Adding key: http://localhost:10319 for channel [id: 0x05760d00, L:/127.0.0.1:56385 - R:localhost/127.0.0.1:10319]
18:02:26.697 [Forwarding screenshot on session 89e7072cfc0b677832f611e17c4d2678 to remote] DEBUG org.asynchttpclient.netty.request.NettyRequestSender - Using pooled Channel '[id: 0x05760d00, L:/127.0.0.1:56385 - R:localhost/127.0.0.1:10319]' for 'GET' to 'http://localhost:10319/session/89e7072cfc0b677832f611e17c4d2678/screenshot'
18:02:26.697 [Forwarding screenshot on session 89e7072cfc0b677832f611e17c4d2678 to remote] DEBUG org.asynchttpclient.netty.request.NettyRequestSender - Using open Channel [id: 0x05760d00, L:/127.0.0.1:56385 - R:localhost/127.0.0.1:10319] for GET '/session/89e7072cfc0b677832f611e17c4d2678/screenshot'
18:02:26.825 [AsyncHttpClient-1-8] DEBUG org.asynchttpclient.netty.handler.HttpHandler - 

Request DefaultFullHttpRequest(decodeResult: success, version: HTTP/1.1, content: EmptyByteBufBE)
GET /session/89e7072cfc0b677832f611e17c4d2678/screenshot HTTP/1.1
User-Agent: selenium/4.8.1 (java windows)
Cache-Control: no-cache
Content-Type: application/json; charset=utf-8
host: localhost:10319
accept: */*

Response DefaultHttpResponse(decodeResult: success, version: HTTP/1.1)
HTTP/1.1 200 OK
Content-Length: 100056
Content-Type: application/json; charset=utf-8
cache-control: no-cache

18:02:26.825 [AsyncHttpClient-1-8] DEBUG org.asynchttpclient.netty.channel.ChannelManager - Adding key: http://localhost:10319 for channel [id: 0x05760d00, L:/127.0.0.1:56385 - R:localhost/127.0.0.1:10319]
18:02:26.829 [main] DEBUG net.serenitybdd.core.photography.Darkroom - Send negative for processing for target\site\serenity\ff0bbc5eece605f4093702495f7e5d3359f1b99c82575d789ef47e5d49d08c8c.png
18:02:26.830 [Darkroom Processing Line] DEBUG net.serenitybdd.core.photography.DarkroomProcessingLine - Processing screenshot image in /var/screenshots/screenshot-274652044757336697
18:02:26.830 [Darkroom Processing Line] DEBUG net.serenitybdd.core.photography.DarkroomProcessingLine - Saving screenshot to target\site\serenity\ff0bbc5eece605f4093702495f7e5d3359f1b99c82575d789ef47e5d49d08c8c.png
18:02:26.841 [main] DEBUG net.thucydides.core.steps.StepInterceptor - STARTING STEP: CartStep.userClickTheCart - user click the cart
18:02:26.843 [Forwarding findElement on session 89e7072cfc0b677832f611e17c4d2678 to remote] DEBUG org.asynchttpclient.netty.request.NettyRequestSender - Using pooled Channel '[id: 0x05760d00, L:/127.0.0.1:56385 - R:localhost/127.0.0.1:10319]' for 'POST' to 'http://localhost:10319/session/89e7072cfc0b677832f611e17c4d2678/element'
18:02:26.843 [Forwarding findElement on session 89e7072cfc0b677832f611e17c4d2678 to remote] DEBUG org.asynchttpclient.netty.request.NettyRequestSender - Using open Channel [id: 0x05760d00, L:/127.0.0.1:56385 - R:localhost/127.0.0.1:10319] for POST '/session/89e7072cfc0b677832f611e17c4d2678/element'
18:02:26.855 [AsyncHttpClient-1-8] DEBUG org.asynchttpclient.netty.handler.HttpHandler - 

Request DefaultHttpRequest(decodeResult: success, version: HTTP/1.1)
POST /session/89e7072cfc0b677832f611e17c4d2678/element HTTP/1.1
User-Agent: selenium/4.8.1 (java windows)
Content-Length: 112
Content-Type: application/json; charset=utf-8
host: localhost:10319
accept: */*

Response DefaultHttpResponse(decodeResult: success, version: HTTP/1.1)
HTTP/1.1 200 OK
Content-Length: 88
Content-Type: application/json; charset=utf-8
cache-control: no-cache

18:02:26.855 [AsyncHttpClient-1-8] DEBUG org.asynchttpclient.netty.channel.ChannelManager - Adding key: http://localhost:10319 for channel [id: 0x05760d00, L:/127.0.0.1:56385 - R:localhost/127.0.0.1:10319]
18:02:26.857 [Forwarding getElementTagName on session 89e7072cfc0b677832f611e17c4d2678 to remote] DEBUG org.asynchttpclient.netty.request.NettyRequestSender - Using pooled Channel '[id: 0x05760d00, L:/127.0.0.1:56385 - R:localhost/127.0.0.1:10319]' for 'GET' to 'http://localhost:10319/session/89e7072cfc0b677832f611e17c4d2678/element/b1c88dd8-1fbd-48ae-94d6-95265653bf9a/name'
18:02:26.857 [Forwarding getElementTagName on session 89e7072cfc0b677832f611e17c4d2678 to remote] DEBUG org.asynchttpclient.netty.request.NettyRequestSender - Using open Channel [id: 0x05760d00, L:/127.0.0.1:56385 - R:localhost/127.0.0.1:10319] for GET '/session/89e7072cfc0b677832f611e17c4d2678/element/b1c88dd8-1fbd-48ae-94d6-95265653bf9a/name'
18:02:26.862 [AsyncHttpClient-1-8] DEBUG org.asynchttpclient.netty.handler.HttpHandler - 

Request DefaultFullHttpRequest(decodeResult: success, version: HTTP/1.1, content: EmptyByteBufBE)
GET /session/89e7072cfc0b677832f611e17c4d2678/element/b1c88dd8-1fbd-48ae-94d6-95265653bf9a/name HTTP/1.1
User-Agent: selenium/4.8.1 (java windows)
Cache-Control: no-cache
Content-Type: application/json; charset=utf-8
host: localhost:10319
accept: */*

Response DefaultHttpResponse(decodeResult: success, version: HTTP/1.1)
HTTP/1.1 200 OK
Content-Length: 13
Content-Type: application/json; charset=utf-8
cache-control: no-cache

18:02:26.862 [AsyncHttpClient-1-8] DEBUG org.asynchttpclient.netty.channel.ChannelManager - Adding key: http://localhost:10319 for channel [id: 0x05760d00, L:/127.0.0.1:56385 - R:localhost/127.0.0.1:10319]
18:02:26.864 [Forwarding getElementTagName on session 89e7072cfc0b677832f611e17c4d2678 to remote] DEBUG org.asynchttpclient.netty.request.NettyRequestSender - Using pooled Channel '[id: 0x05760d00, L:/127.0.0.1:56385 - R:localhost/127.0.0.1:10319]' for 'GET' to 'http://localhost:10319/session/89e7072cfc0b677832f611e17c4d2678/element/b1c88dd8-1fbd-48ae-94d6-95265653bf9a/name'
18:02:26.864 [Forwarding getElementTagName on session 89e7072cfc0b677832f611e17c4d2678 to remote] DEBUG org.asynchttpclient.netty.request.NettyRequestSender - Using open Channel [id: 0x05760d00, L:/127.0.0.1:56385 - R:localhost/127.0.0.1:10319] for GET '/session/89e7072cfc0b677832f611e17c4d2678/element/b1c88dd8-1fbd-48ae-94d6-95265653bf9a/name'
18:02:26.866 [AsyncHttpClient-1-8] DEBUG org.asynchttpclient.netty.handler.HttpHandler - 

Request DefaultFullHttpRequest(decodeResult: success, version: HTTP/1.1, content: EmptyByteBufBE)
GET /session/89e7072cfc0b677832f611e17c4d2678/element/b1c88dd8-1fbd-48ae-94d6-95265653bf9a/name HTTP/1.1
User-Agent: selenium/4.8.1 (java windows)
Cache-Control: no-cache
Content-Type: application/json; charset=utf-8
host: localhost:10319
accept: */*

Response DefaultHttpResponse(decodeResult: success, version: HTTP/1.1)
HTTP/1.1 200 OK
Content-Length: 13
Content-Type: application/json; charset=utf-8
cache-control: no-cache

18:02:26.867 [AsyncHttpClient-1-8] DEBUG org.asynchttpclient.netty.channel.ChannelManager - Adding key: http://localhost:10319 for channel [id: 0x05760d00, L:/127.0.0.1:56385 - R:localhost/127.0.0.1:10319]
18:02:26.869 [Forwarding findElement on session 89e7072cfc0b677832f611e17c4d2678 to remote] DEBUG org.asynchttpclient.netty.request.NettyRequestSender - Using pooled Channel '[id: 0x05760d00, L:/127.0.0.1:56385 - R:localhost/127.0.0.1:10319]' for 'POST' to 'http://localhost:10319/session/89e7072cfc0b677832f611e17c4d2678/element'
18:02:26.869 [Forwarding findElement on session 89e7072cfc0b677832f611e17c4d2678 to remote] DEBUG org.asynchttpclient.netty.request.NettyRequestSender - Using open Channel [id: 0x05760d00, L:/127.0.0.1:56385 - R:localhost/127.0.0.1:10319] for POST '/session/89e7072cfc0b677832f611e17c4d2678/element'
18:02:26.877 [AsyncHttpClient-1-8] DEBUG org.asynchttpclient.netty.handler.HttpHandler - 

Request DefaultHttpRequest(decodeResult: success, version: HTTP/1.1)
POST /session/89e7072cfc0b677832f611e17c4d2678/element HTTP/1.1
User-Agent: selenium/4.8.1 (java windows)
Content-Length: 112
Content-Type: application/json; charset=utf-8
host: localhost:10319
accept: */*

Response DefaultHttpResponse(decodeResult: success, version: HTTP/1.1)
HTTP/1.1 200 OK
Content-Length: 88
Content-Type: application/json; charset=utf-8
cache-control: no-cache

18:02:26.877 [AsyncHttpClient-1-8] DEBUG org.asynchttpclient.netty.channel.ChannelManager - Adding key: http://localhost:10319 for channel [id: 0x05760d00, L:/127.0.0.1:56385 - R:localhost/127.0.0.1:10319]
18:02:26.879 [Forwarding clickElement on session 89e7072cfc0b677832f611e17c4d2678 to remote] DEBUG org.asynchttpclient.netty.request.NettyRequestSender - Using pooled Channel '[id: 0x05760d00, L:/127.0.0.1:56385 - R:localhost/127.0.0.1:10319]' for 'POST' to 'http://localhost:10319/session/89e7072cfc0b677832f611e17c4d2678/element/b1c88dd8-1fbd-48ae-94d6-95265653bf9a/click'
18:02:26.880 [Forwarding clickElement on session 89e7072cfc0b677832f611e17c4d2678 to remote] DEBUG org.asynchttpclient.netty.request.NettyRequestSender - Using open Channel [id: 0x05760d00, L:/127.0.0.1:56385 - R:localhost/127.0.0.1:10319] for POST '/session/89e7072cfc0b677832f611e17c4d2678/element/b1c88dd8-1fbd-48ae-94d6-95265653bf9a/click'
18:02:26.933 [AsyncHttpClient-1-8] DEBUG org.asynchttpclient.netty.handler.HttpHandler - 

Request DefaultHttpRequest(decodeResult: success, version: HTTP/1.1)
POST /session/89e7072cfc0b677832f611e17c4d2678/element/b1c88dd8-1fbd-48ae-94d6-95265653bf9a/click HTTP/1.1
User-Agent: selenium/4.8.1 (java windows)
Content-Length: 50
Content-Type: application/json; charset=utf-8
host: localhost:10319
accept: */*

Response DefaultHttpResponse(decodeResult: success, version: HTTP/1.1)
HTTP/1.1 200 OK
Content-Length: 14
Content-Type: application/json; charset=utf-8
cache-control: no-cache

18:02:26.934 [AsyncHttpClient-1-8] DEBUG org.asynchttpclient.netty.channel.ChannelManager - Adding key: http://localhost:10319 for channel [id: 0x05760d00, L:/127.0.0.1:56385 - R:localhost/127.0.0.1:10319]
18:02:26.941 [Forwarding getAlertText on session 89e7072cfc0b677832f611e17c4d2678 to remote] DEBUG org.asynchttpclient.netty.request.NettyRequestSender - Using pooled Channel '[id: 0x05760d00, L:/127.0.0.1:56385 - R:localhost/127.0.0.1:10319]' for 'GET' to 'http://localhost:10319/session/89e7072cfc0b677832f611e17c4d2678/alert/text'
18:02:26.942 [Forwarding getAlertText on session 89e7072cfc0b677832f611e17c4d2678 to remote] DEBUG org.asynchttpclient.netty.request.NettyRequestSender - Using open Channel [id: 0x05760d00, L:/127.0.0.1:56385 - R:localhost/127.0.0.1:10319] for GET '/session/89e7072cfc0b677832f611e17c4d2678/alert/text'
18:02:27.093 [AsyncHttpClient-1-8] DEBUG org.asynchttpclient.netty.handler.HttpHandler - 

Request DefaultFullHttpRequest(decodeResult: success, version: HTTP/1.1, content: EmptyByteBufBE)
GET /session/89e7072cfc0b677832f611e17c4d2678/alert/text HTTP/1.1
User-Agent: selenium/4.8.1 (java windows)
Cache-Control: no-cache
Content-Type: application/json; charset=utf-8
host: localhost:10319
accept: */*

Response DefaultHttpResponse(decodeResult: success, version: HTTP/1.1)
HTTP/1.1 404 Not Found
Content-Length: 848
Content-Type: application/json; charset=utf-8
cache-control: no-cache

18:02:27.093 [AsyncHttpClient-1-8] DEBUG org.asynchttpclient.netty.channel.ChannelManager - Adding key: http://localhost:10319 for channel [id: 0x05760d00, L:/127.0.0.1:56385 - R:localhost/127.0.0.1:10319]
18:02:27.098 [Forwarding getCurrentUrl on session 89e7072cfc0b677832f611e17c4d2678 to remote] DEBUG org.asynchttpclient.netty.request.NettyRequestSender - Using pooled Channel '[id: 0x05760d00, L:/127.0.0.1:56385 - R:localhost/127.0.0.1:10319]' for 'GET' to 'http://localhost:10319/session/89e7072cfc0b677832f611e17c4d2678/url'
18:02:27.098 [Forwarding getCurrentUrl on session 89e7072cfc0b677832f611e17c4d2678 to remote] DEBUG org.asynchttpclient.netty.request.NettyRequestSender - Using open Channel [id: 0x05760d00, L:/127.0.0.1:56385 - R:localhost/127.0.0.1:10319] for GET '/session/89e7072cfc0b677832f611e17c4d2678/url'
18:02:27.105 [AsyncHttpClient-1-8] DEBUG org.asynchttpclient.netty.handler.HttpHandler - 

Request DefaultFullHttpRequest(decodeResult: success, version: HTTP/1.1, content: EmptyByteBufBE)
GET /session/89e7072cfc0b677832f611e17c4d2678/url HTTP/1.1
User-Agent: selenium/4.8.1 (java windows)
Cache-Control: no-cache
Content-Type: application/json; charset=utf-8
host: localhost:10319
accept: */*

Response DefaultHttpResponse(decodeResult: success, version: HTTP/1.1)
HTTP/1.1 200 OK
Content-Length: 46
Content-Type: application/json; charset=utf-8
cache-control: no-cache

18:02:27.105 [AsyncHttpClient-1-8] DEBUG org.asynchttpclient.netty.channel.ChannelManager - Adding key: http://localhost:10319 for channel [id: 0x05760d00, L:/127.0.0.1:56385 - R:localhost/127.0.0.1:10319]
18:02:27.106 [Forwarding screenshot on session 89e7072cfc0b677832f611e17c4d2678 to remote] DEBUG org.asynchttpclient.netty.request.NettyRequestSender - Using pooled Channel '[id: 0x05760d00, L:/127.0.0.1:56385 - R:localhost/127.0.0.1:10319]' for 'GET' to 'http://localhost:10319/session/89e7072cfc0b677832f611e17c4d2678/screenshot'
18:02:27.106 [Forwarding screenshot on session 89e7072cfc0b677832f611e17c4d2678 to remote] DEBUG org.asynchttpclient.netty.request.NettyRequestSender - Using open Channel [id: 0x05760d00, L:/127.0.0.1:56385 - R:localhost/127.0.0.1:10319] for GET '/session/89e7072cfc0b677832f611e17c4d2678/screenshot'
18:02:27.202 [AsyncHttpClient-1-8] DEBUG org.asynchttpclient.netty.handler.HttpHandler - 

Request DefaultFullHttpRequest(decodeResult: success, version: HTTP/1.1, content: EmptyByteBufBE)
GET /session/89e7072cfc0b677832f611e17c4d2678/screenshot HTTP/1.1
User-Agent: selenium/4.8.1 (java windows)
Cache-Control: no-cache
Content-Type: application/json; charset=utf-8
host: localhost:10319
accept: */*

Response DefaultHttpResponse(decodeResult: success, version: HTTP/1.1)
HTTP/1.1 200 OK
Content-Length: 30112
Content-Type: application/json; charset=utf-8
cache-control: no-cache

18:02:27.203 [AsyncHttpClient-1-8] DEBUG org.asynchttpclient.netty.channel.ChannelManager - Adding key: http://localhost:10319 for channel [id: 0x05760d00, L:/127.0.0.1:56385 - R:localhost/127.0.0.1:10319]
18:02:27.205 [main] DEBUG net.serenitybdd.core.photography.Darkroom - Send negative for processing for target\site\serenity\8510494718a7e30e4a2dc49ec5ac04da78d95bc978a11fa7f3cb9e95752810ce.png
18:02:27.205 [main] DEBUG net.thucydides.core.steps.StepInterceptor - STEP DONE: user click the cart
18:02:27.205 [Darkroom Processing Line] DEBUG net.serenitybdd.core.photography.DarkroomProcessingLine - Processing screenshot image in /var/screenshots/screenshot-4762995498913187544
18:02:27.205 [Darkroom Processing Line] DEBUG net.serenitybdd.core.photography.DarkroomProcessingLine - Saving screenshot to target\site\serenity\8510494718a7e30e4a2dc49ec5ac04da78d95bc978a11fa7f3cb9e95752810ce.png
  &amp#27;[32mWhen &amp#27;[0m&amp#27;[32muser click the cart&amp#27;[0m                                                  &amp#27;[90m# starter.stepdefinition.CartStep.userClickTheCart()&amp#27;[0m
18:02:27.215 [main] DEBUG net.thucydides.core.steps.StepInterceptor - STARTING STEP: CartStep.userClickButtonMin - user click button min
18:02:27.218 [Forwarding findElement on session 89e7072cfc0b677832f611e17c4d2678 to remote] DEBUG org.asynchttpclient.netty.request.NettyRequestSender - Using pooled Channel '[id: 0x05760d00, L:/127.0.0.1:56385 - R:localhost/127.0.0.1:10319]' for 'POST' to 'http://localhost:10319/session/89e7072cfc0b677832f611e17c4d2678/element'
18:02:27.218 [Forwarding findElement on session 89e7072cfc0b677832f611e17c4d2678 to remote] DEBUG org.asynchttpclient.netty.request.NettyRequestSender - Using open Channel [id: 0x05760d00, L:/127.0.0.1:56385 - R:localhost/127.0.0.1:10319] for POST '/session/89e7072cfc0b677832f611e17c4d2678/element'
18:02:27.229 [AsyncHttpClient-1-8] DEBUG org.asynchttpclient.netty.handler.HttpHandler - 

Request DefaultHttpRequest(decodeResult: success, version: HTTP/1.1)
POST /session/89e7072cfc0b677832f611e17c4d2678/element HTTP/1.1
User-Agent: selenium/4.8.1 (java windows)
Content-Length: 65
Content-Type: application/json; charset=utf-8
host: localhost:10319
accept: */*

Response DefaultHttpResponse(decodeResult: success, version: HTTP/1.1)
HTTP/1.1 200 OK
Content-Length: 88
Content-Type: application/json; charset=utf-8
cache-control: no-cache

18:02:27.229 [AsyncHttpClient-1-8] DEBUG org.asynchttpclient.netty.channel.ChannelManager - Adding key: http://localhost:10319 for channel [id: 0x05760d00, L:/127.0.0.1:56385 - R:localhost/127.0.0.1:10319]
18:02:27.230 [Forwarding getElementTagName on session 89e7072cfc0b677832f611e17c4d2678 to remote] DEBUG org.asynchttpclient.netty.request.NettyRequestSender - Using pooled Channel '[id: 0x05760d00, L:/127.0.0.1:56385 - R:localhost/127.0.0.1:10319]' for 'GET' to 'http://localhost:10319/session/89e7072cfc0b677832f611e17c4d2678/element/808cfb2e-bb4b-4f66-860c-5860b6583426/name'
18:02:27.230 [Forwarding getElementTagName on session 89e7072cfc0b677832f611e17c4d2678 to remote] DEBUG org.asynchttpclient.netty.request.NettyRequestSender - Using open Channel [id: 0x05760d00, L:/127.0.0.1:56385 - R:localhost/127.0.0.1:10319] for GET '/session/89e7072cfc0b677832f611e17c4d2678/element/808cfb2e-bb4b-4f66-860c-5860b6583426/name'
18:02:27.234 [AsyncHttpClient-1-8] DEBUG org.asynchttpclient.netty.handler.HttpHandler - 

Request DefaultFullHttpRequest(decodeResult: success, version: HTTP/1.1, content: EmptyByteBufBE)
GET /session/89e7072cfc0b677832f611e17c4d2678/element/808cfb2e-bb4b-4f66-860c-5860b6583426/name HTTP/1.1
User-Agent: selenium/4.8.1 (java windows)
Cache-Control: no-cache
Content-Type: application/json; charset=utf-8
host: localhost:10319
accept: */*

Response DefaultHttpResponse(decodeResult: success, version: HTTP/1.1)
HTTP/1.1 200 OK
Content-Length: 16
Content-Type: application/json; charset=utf-8
cache-control: no-cache

18:02:27.234 [AsyncHttpClient-1-8] DEBUG org.asynchttpclient.netty.channel.ChannelManager - Adding key: http://localhost:10319 for channel [id: 0x05760d00, L:/127.0.0.1:56385 - R:localhost/127.0.0.1:10319]
18:02:27.235 [Forwarding getElementTagName on session 89e7072cfc0b677832f611e17c4d2678 to remote] DEBUG org.asynchttpclient.netty.request.NettyRequestSender - Using pooled Channel '[id: 0x05760d00, L:/127.0.0.1:56385 - R:localhost/127.0.0.1:10319]' for 'GET' to 'http://localhost:10319/session/89e7072cfc0b677832f611e17c4d2678/element/808cfb2e-bb4b-4f66-860c-5860b6583426/name'
18:02:27.235 [Forwarding getElementTagName on session 89e7072cfc0b677832f611e17c4d2678 to remote] DEBUG org.asynchttpclient.netty.request.NettyRequestSender - Using open Channel [id: 0x05760d00, L:/127.0.0.1:56385 - R:localhost/127.0.0.1:10319] for GET '/session/89e7072cfc0b677832f611e17c4d2678/element/808cfb2e-bb4b-4f66-860c-5860b6583426/name'
18:02:27.238 [AsyncHttpClient-1-8] DEBUG org.asynchttpclient.netty.handler.HttpHandler - 

Request DefaultFullHttpRequest(decodeResult: success, version: HTTP/1.1, content: EmptyByteBufBE)
GET /session/89e7072cfc0b677832f611e17c4d2678/element/808cfb2e-bb4b-4f66-860c-5860b6583426/name HTTP/1.1
User-Agent: selenium/4.8.1 (java windows)
Cache-Control: no-cache
Content-Type: application/json; charset=utf-8
host: localhost:10319
accept: */*

Response DefaultHttpResponse(decodeResult: success, version: HTTP/1.1)
HTTP/1.1 200 OK
Content-Length: 16
Content-Type: application/json; charset=utf-8
cache-control: no-cache

18:02:27.238 [AsyncHttpClient-1-8] DEBUG org.asynchttpclient.netty.channel.ChannelManager - Adding key: http://localhost:10319 for channel [id: 0x05760d00, L:/127.0.0.1:56385 - R:localhost/127.0.0.1:10319]
18:02:27.240 [Forwarding findElement on session 89e7072cfc0b677832f611e17c4d2678 to remote] DEBUG org.asynchttpclient.netty.request.NettyRequestSender - Using pooled Channel '[id: 0x05760d00, L:/127.0.0.1:56385 - R:localhost/127.0.0.1:10319]' for 'POST' to 'http://localhost:10319/session/89e7072cfc0b677832f611e17c4d2678/element'
18:02:27.240 [Forwarding findElement on session 89e7072cfc0b677832f611e17c4d2678 to remote] DEBUG org.asynchttpclient.netty.request.NettyRequestSender - Using open Channel [id: 0x05760d00, L:/127.0.0.1:56385 - R:localhost/127.0.0.1:10319] for POST '/session/89e7072cfc0b677832f611e17c4d2678/element'
18:02:27.246 [AsyncHttpClient-1-8] DEBUG org.asynchttpclient.netty.handler.HttpHandler - 

Request DefaultHttpRequest(decodeResult: success, version: HTTP/1.1)
POST /session/89e7072cfc0b677832f611e17c4d2678/element HTTP/1.1
User-Agent: selenium/4.8.1 (java windows)
Content-Length: 65
Content-Type: application/json; charset=utf-8
host: localhost:10319
accept: */*

Response DefaultHttpResponse(decodeResult: success, version: HTTP/1.1)
HTTP/1.1 200 OK
Content-Length: 88
Content-Type: application/json; charset=utf-8
cache-control: no-cache

18:02:27.246 [AsyncHttpClient-1-8] DEBUG org.asynchttpclient.netty.channel.ChannelManager - Adding key: http://localhost:10319 for channel [id: 0x05760d00, L:/127.0.0.1:56385 - R:localhost/127.0.0.1:10319]
18:02:27.248 [Forwarding clickElement on session 89e7072cfc0b677832f611e17c4d2678 to remote] DEBUG org.asynchttpclient.netty.request.NettyRequestSender - Using pooled Channel '[id: 0x05760d00, L:/127.0.0.1:56385 - R:localhost/127.0.0.1:10319]' for 'POST' to 'http://localhost:10319/session/89e7072cfc0b677832f611e17c4d2678/element/808cfb2e-bb4b-4f66-860c-5860b6583426/click'
18:02:27.248 [Forwarding clickElement on session 89e7072cfc0b677832f611e17c4d2678 to remote] DEBUG org.asynchttpclient.netty.request.NettyRequestSender - Using open Channel [id: 0x05760d00, L:/127.0.0.1:56385 - R:localhost/127.0.0.1:10319] for POST '/session/89e7072cfc0b677832f611e17c4d2678/element/808cfb2e-bb4b-4f66-860c-5860b6583426/click'
18:02:27.286 [AsyncHttpClient-1-8] DEBUG org.asynchttpclient.netty.handler.HttpHandler - 

Request DefaultHttpRequest(decodeResult: success, version: HTTP/1.1)
POST /session/89e7072cfc0b677832f611e17c4d2678/element/808cfb2e-bb4b-4f66-860c-5860b6583426/click HTTP/1.1
User-Agent: selenium/4.8.1 (java windows)
Content-Length: 50
Content-Type: application/json; charset=utf-8
host: localhost:10319
accept: */*

Response DefaultHttpResponse(decodeResult: success, version: HTTP/1.1)
HTTP/1.1 200 OK
Content-Length: 14
Content-Type: application/json; charset=utf-8
cache-control: no-cache

18:02:27.286 [AsyncHttpClient-1-8] DEBUG org.asynchttpclient.netty.channel.ChannelManager - Adding key: http://localhost:10319 for channel [id: 0x05760d00, L:/127.0.0.1:56385 - R:localhost/127.0.0.1:10319]
18:02:27.291 [Forwarding getAlertText on session 89e7072cfc0b677832f611e17c4d2678 to remote] DEBUG org.asynchttpclient.netty.request.NettyRequestSender - Using pooled Channel '[id: 0x05760d00, L:/127.0.0.1:56385 - R:localhost/127.0.0.1:10319]' for 'GET' to 'http://localhost:10319/session/89e7072cfc0b677832f611e17c4d2678/alert/text'
18:02:27.291 [Forwarding getAlertText on session 89e7072cfc0b677832f611e17c4d2678 to remote] DEBUG org.asynchttpclient.netty.request.NettyRequestSender - Using open Channel [id: 0x05760d00, L:/127.0.0.1:56385 - R:localhost/127.0.0.1:10319] for GET '/session/89e7072cfc0b677832f611e17c4d2678/alert/text'
18:02:27.292 [AsyncHttpClient-1-8] DEBUG org.asynchttpclient.netty.handler.HttpHandler - 

Request DefaultFullHttpRequest(decodeResult: success, version: HTTP/1.1, content: EmptyByteBufBE)
GET /session/89e7072cfc0b677832f611e17c4d2678/alert/text HTTP/1.1
User-Agent: selenium/4.8.1 (java windows)
Cache-Control: no-cache
Content-Type: application/json; charset=utf-8
host: localhost:10319
accept: */*

Response DefaultHttpResponse(decodeResult: success, version: HTTP/1.1)
HTTP/1.1 404 Not Found
Content-Length: 848
Content-Type: application/json; charset=utf-8
cache-control: no-cache

18:02:27.293 [AsyncHttpClient-1-8] DEBUG org.asynchttpclient.netty.channel.ChannelManager - Adding key: http://localhost:10319 for channel [id: 0x05760d00, L:/127.0.0.1:56385 - R:localhost/127.0.0.1:10319]
18:02:27.293 [Forwarding getCurrentUrl on session 89e7072cfc0b677832f611e17c4d2678 to remote] DEBUG org.asynchttpclient.netty.request.NettyRequestSender - Using pooled Channel '[id: 0x05760d00, L:/127.0.0.1:56385 - R:localhost/127.0.0.1:10319]' for 'GET' to 'http://localhost:10319/session/89e7072cfc0b677832f611e17c4d2678/url'
18:02:27.293 [Forwarding getCurrentUrl on session 89e7072cfc0b677832f611e17c4d2678 to remote] DEBUG org.asynchttpclient.netty.request.NettyRequestSender - Using open Channel [id: 0x05760d00, L:/127.0.0.1:56385 - R:localhost/127.0.0.1:10319] for GET '/session/89e7072cfc0b677832f611e17c4d2678/url'
18:02:27.298 [AsyncHttpClient-1-8] DEBUG org.asynchttpclient.netty.handler.HttpHandler - 

Request DefaultFullHttpRequest(decodeResult: success, version: HTTP/1.1, content: EmptyByteBufBE)
GET /session/89e7072cfc0b677832f611e17c4d2678/url HTTP/1.1
User-Agent: selenium/4.8.1 (java windows)
Cache-Control: no-cache
Content-Type: application/json; charset=utf-8
host: localhost:10319
accept: */*

Response DefaultHttpResponse(decodeResult: success, version: HTTP/1.1)
HTTP/1.1 200 OK
Content-Length: 46
Content-Type: application/json; charset=utf-8
cache-control: no-cache

18:02:27.298 [AsyncHttpClient-1-8] DEBUG org.asynchttpclient.netty.channel.ChannelManager - Adding key: http://localhost:10319 for channel [id: 0x05760d00, L:/127.0.0.1:56385 - R:localhost/127.0.0.1:10319]
18:02:27.299 [Forwarding screenshot on session 89e7072cfc0b677832f611e17c4d2678 to remote] DEBUG org.asynchttpclient.netty.request.NettyRequestSender - Using pooled Channel '[id: 0x05760d00, L:/127.0.0.1:56385 - R:localhost/127.0.0.1:10319]' for 'GET' to 'http://localhost:10319/session/89e7072cfc0b677832f611e17c4d2678/screenshot'
18:02:27.299 [Forwarding screenshot on session 89e7072cfc0b677832f611e17c4d2678 to remote] DEBUG org.asynchttpclient.netty.request.NettyRequestSender - Using open Channel [id: 0x05760d00, L:/127.0.0.1:56385 - R:localhost/127.0.0.1:10319] for GET '/session/89e7072cfc0b677832f611e17c4d2678/screenshot'
18:02:27.348 [AsyncHttpClient-1-1] DEBUG org.asynchttpclient.netty.channel.DefaultChannelPool - Entry count for : http://localhost:56387 : 1
18:02:27.385 [AsyncHttpClient-1-8] DEBUG org.asynchttpclient.netty.handler.HttpHandler - 

Request DefaultFullHttpRequest(decodeResult: success, version: HTTP/1.1, content: EmptyByteBufBE)
GET /session/89e7072cfc0b677832f611e17c4d2678/screenshot HTTP/1.1
User-Agent: selenium/4.8.1 (java windows)
Cache-Control: no-cache
Content-Type: application/json; charset=utf-8
host: localhost:10319
accept: */*

Response DefaultHttpResponse(decodeResult: success, version: HTTP/1.1)
HTTP/1.1 200 OK
Content-Length: 30056
Content-Type: application/json; charset=utf-8
cache-control: no-cache

18:02:27.385 [AsyncHttpClient-1-8] DEBUG org.asynchttpclient.netty.channel.ChannelManager - Adding key: http://localhost:10319 for channel [id: 0x05760d00, L:/127.0.0.1:56385 - R:localhost/127.0.0.1:10319]
18:02:27.387 [main] DEBUG net.serenitybdd.core.photography.Darkroom - Send negative for processing for target\site\serenity\6113b90ebb316795fc12123d604d786caa9e9172c80b47bcb76e4bcdc8e85a1b.png
18:02:27.388 [main] DEBUG net.thucydides.core.steps.StepInterceptor - STEP DONE: user click button min
  &amp#27;[32mAnd &amp#27;[0m&amp#27;[32muser click button min&amp#27;[0m                                                 &amp#27;[90m# starter.stepdefinition.CartStep.userClickButtonMin()&amp#27;[0m
18:02:27.388 [Darkroom Processing Line] DEBUG net.serenitybdd.core.photography.DarkroomProcessingLine - Processing screenshot image in /var/screenshots/screenshot-3057486043660993714
18:02:27.388 [Darkroom Processing Line] DEBUG net.serenitybdd.core.photography.DarkroomProcessingLine - Saving screenshot to target\site\serenity\6113b90ebb316795fc12123d604d786caa9e9172c80b47bcb76e4bcdc8e85a1b.png
18:02:27.399 [main] DEBUG net.thucydides.core.steps.StepInterceptor - STARTING STEP: CartStep.userSuccessReduceQuantityProduct - user success reduce quantity product
18:02:27.401 [Forwarding findElement on session 89e7072cfc0b677832f611e17c4d2678 to remote] DEBUG org.asynchttpclient.netty.request.NettyRequestSender - Using pooled Channel '[id: 0x05760d00, L:/127.0.0.1:56385 - R:localhost/127.0.0.1:10319]' for 'POST' to 'http://localhost:10319/session/89e7072cfc0b677832f611e17c4d2678/element'
18:02:27.401 [Forwarding findElement on session 89e7072cfc0b677832f611e17c4d2678 to remote] DEBUG org.asynchttpclient.netty.request.NettyRequestSender - Using open Channel [id: 0x05760d00, L:/127.0.0.1:56385 - R:localhost/127.0.0.1:10319] for POST '/session/89e7072cfc0b677832f611e17c4d2678/element'
18:02:27.407 [AsyncHttpClient-1-8] DEBUG org.asynchttpclient.netty.handler.HttpHandler - 

Request DefaultHttpRequest(decodeResult: success, version: HTTP/1.1)
POST /session/89e7072cfc0b677832f611e17c4d2678/element HTTP/1.1
User-Agent: selenium/4.8.1 (java windows)
Content-Length: 75
Content-Type: application/json; charset=utf-8
host: localhost:10319
accept: */*

Response DefaultHttpResponse(decodeResult: success, version: HTTP/1.1)
HTTP/1.1 200 OK
Content-Length: 88
Content-Type: application/json; charset=utf-8
cache-control: no-cache

18:02:27.407 [AsyncHttpClient-1-8] DEBUG org.asynchttpclient.netty.channel.ChannelManager - Adding key: http://localhost:10319 for channel [id: 0x05760d00, L:/127.0.0.1:56385 - R:localhost/127.0.0.1:10319]
18:02:27.410 [Forwarding isElementDisplayed on session 89e7072cfc0b677832f611e17c4d2678 to remote] DEBUG org.asynchttpclient.netty.request.NettyRequestSender - Using pooled Channel '[id: 0x05760d00, L:/127.0.0.1:56385 - R:localhost/127.0.0.1:10319]' for 'POST' to 'http://localhost:10319/session/89e7072cfc0b677832f611e17c4d2678/execute/sync'
18:02:27.410 [Forwarding isElementDisplayed on session 89e7072cfc0b677832f611e17c4d2678 to remote] DEBUG org.asynchttpclient.netty.request.NettyRequestSender - Using open Channel [id: 0x05760d00, L:/127.0.0.1:56385 - R:localhost/127.0.0.1:10319] for POST '/session/89e7072cfc0b677832f611e17c4d2678/execute/sync'
18:02:27.418 [AsyncHttpClient-1-8] DEBUG org.asynchttpclient.netty.handler.HttpHandler - 

Request DefaultHttpRequest(decodeResult: success, version: HTTP/1.1)
POST /session/89e7072cfc0b677832f611e17c4d2678/execute/sync HTTP/1.1
User-Agent: selenium/4.8.1 (java windows)
Content-Length: 48807
Content-Type: application/json; charset=utf-8
host: localhost:10319
accept: */*

Response DefaultHttpResponse(decodeResult: success, version: HTTP/1.1)
HTTP/1.1 200 OK
Content-Length: 14
Content-Type: application/json; charset=utf-8
cache-control: no-cache

18:02:27.419 [AsyncHttpClient-1-8] DEBUG org.asynchttpclient.netty.channel.ChannelManager - Adding key: http://localhost:10319 for channel [id: 0x05760d00, L:/127.0.0.1:56385 - R:localhost/127.0.0.1:10319]
18:02:27.422 [main] DEBUG net.thucydides.core.steps.StepInterceptor - STEP DONE: user success reduce quantity product
  &amp#27;[32mThen &amp#27;[0m&amp#27;[32muser success reduce quantity product&amp#27;[0m                                 &amp#27;[90m# starter.stepdefinition.CartStep.userSuccessReduceQuantityProduct()&amp#27;[0m
18:02:27.426 [main] INFO  - 
  _____   ___   ___   _____     ___     _     ___   ___   ___   ___  
 |_   _| | __| / __| |_   _|   | _ \   /_\   / __| / __| | __| |   \ 
   | |   | _|  \__ \   | |     |  _/  / _ \  \__ \ \__ \ | _|  | |) |
   |_|   |___| |___/   |_|     |_|   /_/ \_\ |___/ |___/ |___| |___/ 

As a user, I want to reduce the quantity of a product in the cart
----------------------------------------------------------------------
18:02:27.427 [AsyncHttpClient-1-2] DEBUG org.asynchttpclient.netty.handler.WebSocketHandler - Channel Closed: [id: 0xb1db8d03, L:/127.0.0.1:56393 ! R:localhost/127.0.0.1:56387] with attribute NettyResponseFuture{currentRetry=0,
	isDone=1,
	isCancelled=0,
	asyncHandler=org.asynchttpclient.ws.WebSocketUpgradeHandler@3d49fe18,
	nettyRequest=org.asynchttpclient.netty.request.NettyRequest@36bb1ccf,
	future=java.util.concurrent.CompletableFuture@5cbb72ab[Completed normally],
	uri=ws://localhost:56387/devtools/browser/ab2105ca-bdab-426c-9c26-53bb9689fa93,
	keepAlive=true,
	redirectCount=0,
	timeoutsHolder=null,
	inAuth=0,
	touch=1683543741041}
18:02:27.427 [AsyncHttpClient-1-2] DEBUG org.asynchttpclient.netty.channel.ChannelManager - Closing Channel [id: 0xb1db8d03, L:/127.0.0.1:56393 ! R:localhost/127.0.0.1:56387] 
18:02:27.428 [Driver Command Executor] DEBUG org.asynchttpclient.netty.request.NettyRequestSender - Using pooled Channel '[id: 0x05760d00, L:/127.0.0.1:56385 - R:localhost/127.0.0.1:10319]' for 'DELETE' to 'http://localhost:10319/session/89e7072cfc0b677832f611e17c4d2678'
18:02:27.428 [Driver Command Executor] DEBUG org.asynchttpclient.netty.request.NettyRequestSender - Using open Channel [id: 0x05760d00, L:/127.0.0.1:56385 - R:localhost/127.0.0.1:10319] for DELETE '/session/89e7072cfc0b677832f611e17c4d2678'
18:02:27.472 [AsyncHttpClient-1-9] DEBUG org.asynchttpclient.netty.handler.HttpHandler - Unexpected I/O exception on channel [id: 0xa3503548, L:/127.0.0.1:56392 - R:localhost/127.0.0.1:56387]
java.io.IOException: An existing connection was forcibly closed by the remote host
	at sun.nio.ch.SocketDispatcher.read0(Native Method)
	at sun.nio.ch.SocketDispatcher.read(SocketDispatcher.java:43)
	at sun.nio.ch.IOUtil.readIntoNativeBuffer(IOUtil.java:223)
	at sun.nio.ch.IOUtil.read(IOUtil.java:192)
	at sun.nio.ch.SocketChannelImpl.read(SocketChannelImpl.java:378)
	at io.netty.buffer.PooledByteBuf.setBytes(PooledByteBuf.java:259)
	at io.netty.buffer.AbstractByteBuf.writeBytes(AbstractByteBuf.java:1132)
	at io.netty.channel.socket.nio.NioSocketChannel.doReadBytes(NioSocketChannel.java:357)
	at io.netty.channel.nio.AbstractNioByteChannel$NioByteUnsafe.read(AbstractNioByteChannel.java:151)
	at io.netty.channel.nio.NioEventLoop.processSelectedKey(NioEventLoop.java:788)
	at io.netty.channel.nio.NioEventLoop.processSelectedKeysOptimized(NioEventLoop.java:724)
	at io.netty.channel.nio.NioEventLoop.processSelectedKeys(NioEventLoop.java:650)
	at io.netty.channel.nio.NioEventLoop.run(NioEventLoop.java:562)
	at io.netty.util.concurrent.SingleThreadEventExecutor$4.run(SingleThreadEventExecutor.java:997)
	at io.netty.util.internal.ThreadExecutorMap$2.run(ThreadExecutorMap.java:74)
	at io.netty.util.concurrent.FastThreadLocalRunnable.run(FastThreadLocalRunnable.java:30)
	at java.lang.Thread.run(Thread.java:748)
18:02:27.472 [AsyncHttpClient-1-9] DEBUG org.asynchttpclient.netty.channel.ChannelManager - Closing Channel [id: 0xa3503548, L:/127.0.0.1:56392 - R:localhost/127.0.0.1:56387] 
18:02:27.473 [AsyncHttpClient-1-9] DEBUG org.asynchttpclient.netty.handler.HttpHandler - Channel Closed: [id: 0xa3503548, L:/127.0.0.1:56392 ! R:localhost/127.0.0.1:56387] with attribute DISCARD
18:02:27.498 [AsyncHttpClient-1-8] DEBUG org.asynchttpclient.netty.handler.HttpHandler - 

Request DefaultFullHttpRequest(decodeResult: success, version: HTTP/1.1, content: EmptyByteBufBE)
DELETE /session/89e7072cfc0b677832f611e17c4d2678 HTTP/1.1
User-Agent: selenium/4.8.1 (java windows)
Content-Type: application/json; charset=utf-8
host: localhost:10319
accept: */*

Response DefaultHttpResponse(decodeResult: success, version: HTTP/1.1)
HTTP/1.1 200 OK
Content-Length: 14
Content-Type: application/json; charset=utf-8
cache-control: no-cache

18:02:27.499 [AsyncHttpClient-1-8] DEBUG org.asynchttpclient.netty.channel.ChannelManager - Adding key: http://localhost:10319 for channel [id: 0x05760d00, L:/127.0.0.1:56385 - R:localhost/127.0.0.1:10319]
18:02:27.599 [AsyncHttpClient-1-8] DEBUG org.asynchttpclient.netty.handler.HttpHandler - Channel Closed: [id: 0x05760d00, L:/127.0.0.1:56385 ! R:localhost/127.0.0.1:10319] with attribute DISCARD
]]></system-out>
    <system-err><![CDATA[Starting ChromeDriver 112.0.5615.49 (bd2a7bcb881c11e8cfe3078709382934e3916914-refs/branch-heads/5615@{#936}) on port 10319
Only local connections are allowed.
Please see https://chromedriver.chromium.org/security-considerations for suggestions on keeping ChromeDriver safe.
ChromeDriver was started successfully.
May 08, 2023 6:02:21 PM org.openqa.selenium.devtools.CdpVersionFinder findNearestMatch
WARNING: Unable to find an exact match for CDP version 112, so returning the closest version found: 110
]]></system-err>
  </testcase>
  <testcase name="As a user, I want to delete product in the cart" classname="Cart - As a user I want to pay for the product So that I have to check the cart to pay" time="11.687">
    <system-out><![CDATA[
@TC_Cart_004 @Cart
Scenario: As a user, I want to delete product in the cart &amp#27;[90m# src/test/resources/features/Cart.feature:28&amp#27;[0m
18:02:28.314 [main] DEBUG io.cucumber.core.plugin.SerenityReporter - Running feature from file:///C:/Users/user/IdeaProjects/QE_Devi%20Agustin%20Utari_Mini_Project/Web_Automation_AltaShop/src/test/resources/features/Cart.feature
18:02:28.316 [main] INFO  - 
  _____   ___   ___   _____     ___   _____     _     ___   _____   ___   ___  
 |_   _| | __| / __| |_   _|   / __| |_   _|   /_\   | _ \ |_   _| | __| |   \ 
   | |   | _|  \__ \   | |     \__ \   | |    / _ \  |   /   | |   | _|  | |) |
   |_|   |___| |___/   |_|     |___/   |_|   /_/ \_\ |_|_\   |_|   |___| |___/ 

As a user, I want to delete product in the cart(cart---as-a-user-i-want-to-pay-for-the-product-so-that-i-have-to-check-the-cart-to-pay;as-a-user--i-want-to-delete-product-in-the-cart)
--------------------------------------------------------------------------------
18:02:28.802 [AsyncHttpClient-1-1] DEBUG org.asynchttpclient.netty.channel.DefaultChannelPool - Entry count for : http://localhost:10319 : 1
18:02:28.803 [AsyncHttpClient-1-1] DEBUG org.asynchttpclient.netty.channel.DefaultChannelPool - Entry count for : http://localhost:56387 : 1
18:02:28.803 [AsyncHttpClient-1-1] DEBUG org.asynchttpclient.netty.channel.DefaultChannelPool - Adding Candidate expired Channel [id: 0x05760d00, L:/127.0.0.1:56385 ! R:localhost/127.0.0.1:10319] isIdleTimeoutExpired=false isRemotelyClosed=true isTtlExpired=false
18:02:28.803 [AsyncHttpClient-1-1] DEBUG org.asynchttpclient.netty.channel.DefaultChannelPool - Closing Idle Channel [id: 0x05760d00, L:/127.0.0.1:56385 ! R:localhost/127.0.0.1:10319]
18:02:28.803 [AsyncHttpClient-1-1] DEBUG org.asynchttpclient.netty.channel.DefaultChannelPool - Adding Candidate expired Channel [id: 0xa3503548, L:/127.0.0.1:56392 ! R:localhost/127.0.0.1:56387] isIdleTimeoutExpired=false isRemotelyClosed=true isTtlExpired=false
18:02:28.803 [AsyncHttpClient-1-1] DEBUG org.asynchttpclient.netty.channel.DefaultChannelPool - Closing Idle Channel [id: 0xa3503548, L:/127.0.0.1:56392 ! R:localhost/127.0.0.1:56387]
18:02:28.803 [AsyncHttpClient-1-1] DEBUG org.asynchttpclient.netty.channel.DefaultChannelPool - Closed 2 connections out of 2 in 0 ms
18:02:28.808 [main] DEBUG net.thucydides.core.steps.StepInterceptor - STARTING STEP: LoginStep.userSuccessLogin - user on login page
18:02:29.305 [main] INFO net.serenitybdd.core.webdriver.driverproviders.ChromeDriverProvider - Starting Chrome driver instance with capabilities:
18:02:29.306 [main] INFO net.serenitybdd.core.webdriver.driverproviders.ChromeDriverProvider - Capabilities {acceptInsecureCerts: true, browserName: chrome, goog:chromeOptions: {args: [remote-allow-origins=*, test-type, no-sandbox, ignore-certificate-errors, start-maximized, incognito, disable-infobars, disable-gpu, disable-default-apps, disable-popup-blocking, remote-allow-origins=*, test-type, no-sandbox, ignore-certificate-errors, start-maximized, incognito, disable-infobars, disable-gpu, disable-default-apps, disable-popup-blocking, remote-allow-origins=*], extensions: []}}
18:02:29.983 [AsyncHttpClient-1-3] DEBUG org.asynchttpclient.netty.channel.NettyConnectListener - Using new Channel '[id: 0xca5e9ae2, L:/127.0.0.1:56413 - R:localhost/127.0.0.1:1991]' for 'POST' to '/session'
18:02:30.844 [AsyncHttpClient-1-3] DEBUG org.asynchttpclient.netty.handler.HttpHandler - 

Request DefaultHttpRequest(decodeResult: success, version: HTTP/1.1)
POST /session HTTP/1.1
User-Agent: selenium/4.8.1 (java windows)
Content-Length: 1701
Content-Type: application/json; charset=utf-8
host: localhost:1991
accept: */*

Response DefaultHttpResponse(decodeResult: success, version: HTTP/1.1)
HTTP/1.1 200 OK
Content-Length: 843
Content-Type: application/json; charset=utf-8
cache-control: no-cache

18:02:30.844 [AsyncHttpClient-1-3] DEBUG org.asynchttpclient.netty.channel.ChannelManager - Adding key: http://localhost:1991 for channel [id: 0xca5e9ae2, L:/127.0.0.1:56413 - R:localhost/127.0.0.1:1991]
18:02:30.849 [AsyncHttpClient-1-4] DEBUG org.asynchttpclient.netty.channel.NettyConnectListener - Using new Channel '[id: 0xc933e752, L:/127.0.0.1:56419 - R:localhost/127.0.0.1:56414]' for 'GET' to '/json/version'
18:02:30.849 [AsyncHttpClient-1-4] DEBUG org.asynchttpclient.netty.handler.HttpHandler - 

Request DefaultFullHttpRequest(decodeResult: success, version: HTTP/1.1, content: EmptyByteBufBE)
GET /json/version HTTP/1.1
User-Agent: selenium/4.8.1 (java windows)
host: localhost:56414
accept: */*

Response DefaultHttpResponse(decodeResult: success, version: HTTP/1.1)
HTTP/1.1 200 OK
Content-Security-Policy: frame-ancestors 'none'
Content-Length: 424
Content-Type: application/json; charset=UTF-8

18:02:30.849 [AsyncHttpClient-1-4] DEBUG org.asynchttpclient.netty.channel.ChannelManager - Adding key: http://localhost:56414 for channel [id: 0xc933e752, L:/127.0.0.1:56419 - R:localhost/127.0.0.1:56414]
18:02:30.851 [AsyncHttpClient-1-5] DEBUG org.asynchttpclient.netty.channel.NettyConnectListener - Using new Channel '[id: 0x7a7ea5aa, L:/127.0.0.1:56420 - R:localhost/127.0.0.1:56414]' for 'GET' to '/devtools/browser/ca108764-258f-4bd1-9d36-7839d0199c06'
18:02:30.852 [AsyncHttpClient-1-5] DEBUG org.asynchttpclient.netty.handler.WebSocketHandler - 

Request DefaultFullHttpRequest(decodeResult: success, version: HTTP/1.1, content: EmptyByteBufBE)
GET /devtools/browser/ca108764-258f-4bd1-9d36-7839d0199c06 HTTP/1.1
upgrade: websocket
connection: upgrade
sec-websocket-key: Kz9UFFPnKusIhiDLE6bSag==
sec-websocket-version: 13
origin: http://localhost:56414
host: localhost:56414
accept: */*
user-agent: AHC/2.1

Response DefaultHttpResponse(decodeResult: success, version: HTTP/1.1)
HTTP/1.1 101 WebSocket Protocol Handshake
Upgrade: WebSocket
Connection: Upgrade
Sec-WebSocket-Accept: OPXoeLRU1bDr+WfRva3pDCJqBFI=

18:02:30.857 [Forwarding get on session 3f5f0e92870c6bc7c28ce84b0a30b7fe to remote] DEBUG org.asynchttpclient.netty.request.NettyRequestSender - Using pooled Channel '[id: 0xca5e9ae2, L:/127.0.0.1:56413 - R:localhost/127.0.0.1:1991]' for 'POST' to 'http://localhost:1991/session/3f5f0e92870c6bc7c28ce84b0a30b7fe/url'
18:02:30.857 [Forwarding get on session 3f5f0e92870c6bc7c28ce84b0a30b7fe to remote] DEBUG org.asynchttpclient.netty.request.NettyRequestSender - Using open Channel [id: 0xca5e9ae2, L:/127.0.0.1:56413 - R:localhost/127.0.0.1:1991] for POST '/session/3f5f0e92870c6bc7c28ce84b0a30b7fe/url'
18:02:30.958 [AsyncHttpClient-1-1] DEBUG org.asynchttpclient.netty.channel.DefaultChannelPool - Entry count for : http://localhost:56414 : 1
18:02:32.049 [AsyncHttpClient-1-1] DEBUG org.asynchttpclient.netty.channel.DefaultChannelPool - Entry count for : http://localhost:56414 : 1
18:02:32.100 [AsyncHttpClient-1-3] DEBUG org.asynchttpclient.netty.handler.HttpHandler - 

Request DefaultHttpRequest(decodeResult: success, version: HTTP/1.1)
POST /session/3f5f0e92870c6bc7c28ce84b0a30b7fe/url HTTP/1.1
User-Agent: selenium/4.8.1 (java windows)
Content-Length: 74
Content-Type: application/json; charset=utf-8
host: localhost:1991
accept: */*

Response DefaultHttpResponse(decodeResult: success, version: HTTP/1.1)
HTTP/1.1 200 OK
Content-Length: 14
Content-Type: application/json; charset=utf-8
cache-control: no-cache

18:02:32.100 [AsyncHttpClient-1-3] DEBUG org.asynchttpclient.netty.channel.ChannelManager - Adding key: http://localhost:1991 for channel [id: 0xca5e9ae2, L:/127.0.0.1:56413 - R:localhost/127.0.0.1:1991]
18:02:32.102 [Forwarding setTimeout on session 3f5f0e92870c6bc7c28ce84b0a30b7fe to remote] DEBUG org.asynchttpclient.netty.request.NettyRequestSender - Using pooled Channel '[id: 0xca5e9ae2, L:/127.0.0.1:56413 - R:localhost/127.0.0.1:1991]' for 'POST' to 'http://localhost:1991/session/3f5f0e92870c6bc7c28ce84b0a30b7fe/timeouts'
18:02:32.103 [Forwarding setTimeout on session 3f5f0e92870c6bc7c28ce84b0a30b7fe to remote] DEBUG org.asynchttpclient.netty.request.NettyRequestSender - Using open Channel [id: 0xca5e9ae2, L:/127.0.0.1:56413 - R:localhost/127.0.0.1:1991] for POST '/session/3f5f0e92870c6bc7c28ce84b0a30b7fe/timeouts'
18:02:32.105 [AsyncHttpClient-1-3] DEBUG org.asynchttpclient.netty.handler.HttpHandler - 

Request DefaultHttpRequest(decodeResult: success, version: HTTP/1.1)
POST /session/3f5f0e92870c6bc7c28ce84b0a30b7fe/timeouts HTTP/1.1
User-Agent: selenium/4.8.1 (java windows)
Content-Length: 22
Content-Type: application/json; charset=utf-8
host: localhost:1991
accept: */*

Response DefaultHttpResponse(decodeResult: success, version: HTTP/1.1)
HTTP/1.1 200 OK
Content-Length: 14
Content-Type: application/json; charset=utf-8
cache-control: no-cache

18:02:32.105 [AsyncHttpClient-1-3] DEBUG org.asynchttpclient.netty.channel.ChannelManager - Adding key: http://localhost:1991 for channel [id: 0xca5e9ae2, L:/127.0.0.1:56413 - R:localhost/127.0.0.1:1991]
18:02:32.117 [Forwarding findElement on session 3f5f0e92870c6bc7c28ce84b0a30b7fe to remote] DEBUG org.asynchttpclient.netty.request.NettyRequestSender - Using pooled Channel '[id: 0xca5e9ae2, L:/127.0.0.1:56413 - R:localhost/127.0.0.1:1991]' for 'POST' to 'http://localhost:1991/session/3f5f0e92870c6bc7c28ce84b0a30b7fe/element'
18:02:32.117 [Forwarding findElement on session 3f5f0e92870c6bc7c28ce84b0a30b7fe to remote] DEBUG org.asynchttpclient.netty.request.NettyRequestSender - Using open Channel [id: 0xca5e9ae2, L:/127.0.0.1:56413 - R:localhost/127.0.0.1:1991] for POST '/session/3f5f0e92870c6bc7c28ce84b0a30b7fe/element'
18:02:32.135 [AsyncHttpClient-1-3] DEBUG org.asynchttpclient.netty.handler.HttpHandler - 

Request DefaultHttpRequest(decodeResult: success, version: HTTP/1.1)
POST /session/3f5f0e92870c6bc7c28ce84b0a30b7fe/element HTTP/1.1
User-Agent: selenium/4.8.1 (java windows)
Content-Length: 69
Content-Type: application/json; charset=utf-8
host: localhost:1991
accept: */*

Response DefaultHttpResponse(decodeResult: success, version: HTTP/1.1)
HTTP/1.1 200 OK
Content-Length: 88
Content-Type: application/json; charset=utf-8
cache-control: no-cache

18:02:32.136 [AsyncHttpClient-1-3] DEBUG org.asynchttpclient.netty.channel.ChannelManager - Adding key: http://localhost:1991 for channel [id: 0xca5e9ae2, L:/127.0.0.1:56413 - R:localhost/127.0.0.1:1991]
18:02:32.142 [Forwarding isElementDisplayed on session 3f5f0e92870c6bc7c28ce84b0a30b7fe to remote] DEBUG org.asynchttpclient.netty.request.NettyRequestSender - Using pooled Channel '[id: 0xca5e9ae2, L:/127.0.0.1:56413 - R:localhost/127.0.0.1:1991]' for 'POST' to 'http://localhost:1991/session/3f5f0e92870c6bc7c28ce84b0a30b7fe/execute/sync'
18:02:32.142 [Forwarding isElementDisplayed on session 3f5f0e92870c6bc7c28ce84b0a30b7fe to remote] DEBUG org.asynchttpclient.netty.request.NettyRequestSender - Using open Channel [id: 0xca5e9ae2, L:/127.0.0.1:56413 - R:localhost/127.0.0.1:1991] for POST '/session/3f5f0e92870c6bc7c28ce84b0a30b7fe/execute/sync'
18:02:32.166 [AsyncHttpClient-1-3] DEBUG org.asynchttpclient.netty.handler.HttpHandler - 

Request DefaultHttpRequest(decodeResult: success, version: HTTP/1.1)
POST /session/3f5f0e92870c6bc7c28ce84b0a30b7fe/execute/sync HTTP/1.1
User-Agent: selenium/4.8.1 (java windows)
Content-Length: 48807
Content-Type: application/json; charset=utf-8
host: localhost:1991
accept: */*

Response DefaultHttpResponse(decodeResult: success, version: HTTP/1.1)
HTTP/1.1 200 OK
Content-Length: 14
Content-Type: application/json; charset=utf-8
cache-control: no-cache

18:02:32.166 [AsyncHttpClient-1-3] DEBUG org.asynchttpclient.netty.channel.ChannelManager - Adding key: http://localhost:1991 for channel [id: 0xca5e9ae2, L:/127.0.0.1:56413 - R:localhost/127.0.0.1:1991]
18:02:32.175 [Forwarding getAlertText on session 3f5f0e92870c6bc7c28ce84b0a30b7fe to remote] DEBUG org.asynchttpclient.netty.request.NettyRequestSender - Using pooled Channel '[id: 0xca5e9ae2, L:/127.0.0.1:56413 - R:localhost/127.0.0.1:1991]' for 'GET' to 'http://localhost:1991/session/3f5f0e92870c6bc7c28ce84b0a30b7fe/alert/text'
18:02:32.176 [Forwarding getAlertText on session 3f5f0e92870c6bc7c28ce84b0a30b7fe to remote] DEBUG org.asynchttpclient.netty.request.NettyRequestSender - Using open Channel [id: 0xca5e9ae2, L:/127.0.0.1:56413 - R:localhost/127.0.0.1:1991] for GET '/session/3f5f0e92870c6bc7c28ce84b0a30b7fe/alert/text'
18:02:32.177 [AsyncHttpClient-1-3] DEBUG org.asynchttpclient.netty.handler.HttpHandler - 

Request DefaultFullHttpRequest(decodeResult: success, version: HTTP/1.1, content: EmptyByteBufBE)
GET /session/3f5f0e92870c6bc7c28ce84b0a30b7fe/alert/text HTTP/1.1
User-Agent: selenium/4.8.1 (java windows)
Cache-Control: no-cache
Content-Type: application/json; charset=utf-8
host: localhost:1991
accept: */*

Response DefaultHttpResponse(decodeResult: success, version: HTTP/1.1)
HTTP/1.1 404 Not Found
Content-Length: 848
Content-Type: application/json; charset=utf-8
cache-control: no-cache

18:02:32.178 [AsyncHttpClient-1-3] DEBUG org.asynchttpclient.netty.channel.ChannelManager - Adding key: http://localhost:1991 for channel [id: 0xca5e9ae2, L:/127.0.0.1:56413 - R:localhost/127.0.0.1:1991]
18:02:32.179 [Forwarding getCurrentUrl on session 3f5f0e92870c6bc7c28ce84b0a30b7fe to remote] DEBUG org.asynchttpclient.netty.request.NettyRequestSender - Using pooled Channel '[id: 0xca5e9ae2, L:/127.0.0.1:56413 - R:localhost/127.0.0.1:1991]' for 'GET' to 'http://localhost:1991/session/3f5f0e92870c6bc7c28ce84b0a30b7fe/url'
18:02:32.180 [Forwarding getCurrentUrl on session 3f5f0e92870c6bc7c28ce84b0a30b7fe to remote] DEBUG org.asynchttpclient.netty.request.NettyRequestSender - Using open Channel [id: 0xca5e9ae2, L:/127.0.0.1:56413 - R:localhost/127.0.0.1:1991] for GET '/session/3f5f0e92870c6bc7c28ce84b0a30b7fe/url'
18:02:32.184 [AsyncHttpClient-1-3] DEBUG org.asynchttpclient.netty.handler.HttpHandler - 

Request DefaultFullHttpRequest(decodeResult: success, version: HTTP/1.1, content: EmptyByteBufBE)
GET /session/3f5f0e92870c6bc7c28ce84b0a30b7fe/url HTTP/1.1
User-Agent: selenium/4.8.1 (java windows)
Cache-Control: no-cache
Content-Type: application/json; charset=utf-8
host: localhost:1991
accept: */*

Response DefaultHttpResponse(decodeResult: success, version: HTTP/1.1)
HTTP/1.1 200 OK
Content-Length: 51
Content-Type: application/json; charset=utf-8
cache-control: no-cache

18:02:32.185 [AsyncHttpClient-1-3] DEBUG org.asynchttpclient.netty.channel.ChannelManager - Adding key: http://localhost:1991 for channel [id: 0xca5e9ae2, L:/127.0.0.1:56413 - R:localhost/127.0.0.1:1991]
18:02:32.186 [Forwarding screenshot on session 3f5f0e92870c6bc7c28ce84b0a30b7fe to remote] DEBUG org.asynchttpclient.netty.request.NettyRequestSender - Using pooled Channel '[id: 0xca5e9ae2, L:/127.0.0.1:56413 - R:localhost/127.0.0.1:1991]' for 'GET' to 'http://localhost:1991/session/3f5f0e92870c6bc7c28ce84b0a30b7fe/screenshot'
18:02:32.186 [Forwarding screenshot on session 3f5f0e92870c6bc7c28ce84b0a30b7fe to remote] DEBUG org.asynchttpclient.netty.request.NettyRequestSender - Using open Channel [id: 0xca5e9ae2, L:/127.0.0.1:56413 - R:localhost/127.0.0.1:1991] for GET '/session/3f5f0e92870c6bc7c28ce84b0a30b7fe/screenshot'
18:02:32.296 [AsyncHttpClient-1-3] DEBUG org.asynchttpclient.netty.handler.HttpHandler - 

Request DefaultFullHttpRequest(decodeResult: success, version: HTTP/1.1, content: EmptyByteBufBE)
GET /session/3f5f0e92870c6bc7c28ce84b0a30b7fe/screenshot HTTP/1.1
User-Agent: selenium/4.8.1 (java windows)
Cache-Control: no-cache
Content-Type: application/json; charset=utf-8
host: localhost:1991
accept: */*

Response DefaultHttpResponse(decodeResult: success, version: HTTP/1.1)
HTTP/1.1 200 OK
Content-Length: 25060
Content-Type: application/json; charset=utf-8
cache-control: no-cache

18:02:32.296 [AsyncHttpClient-1-3] DEBUG org.asynchttpclient.netty.channel.ChannelManager - Adding key: http://localhost:1991 for channel [id: 0xca5e9ae2, L:/127.0.0.1:56413 - R:localhost/127.0.0.1:1991]
18:02:32.299 [main] DEBUG net.serenitybdd.core.photography.Darkroom - Send negative for processing for target\site\serenity\1db263dd5c04c8fe15e82ee6420144d4e1e7b9826b9315cfd7ec5b5d0da76045.png
18:02:32.300 [main] DEBUG net.thucydides.core.steps.StepInterceptor - STEP DONE: user on login page
18:02:32.304 [main] DEBUG net.thucydides.core.steps.StepInterceptor - STARTING STEP: LoginStep.userSuccessLogin - user input valid email
18:02:32.308 [Forwarding findElement on session 3f5f0e92870c6bc7c28ce84b0a30b7fe to remote] DEBUG org.asynchttpclient.netty.request.NettyRequestSender - Using pooled Channel '[id: 0xca5e9ae2, L:/127.0.0.1:56413 - R:localhost/127.0.0.1:1991]' for 'POST' to 'http://localhost:1991/session/3f5f0e92870c6bc7c28ce84b0a30b7fe/element'
18:02:32.308 [Forwarding findElement on session 3f5f0e92870c6bc7c28ce84b0a30b7fe to remote] DEBUG org.asynchttpclient.netty.request.NettyRequestSender - Using open Channel [id: 0xca5e9ae2, L:/127.0.0.1:56413 - R:localhost/127.0.0.1:1991] for POST '/session/3f5f0e92870c6bc7c28ce84b0a30b7fe/element'
18:02:32.323 [AsyncHttpClient-1-3] DEBUG org.asynchttpclient.netty.handler.HttpHandler - 

Request DefaultHttpRequest(decodeResult: success, version: HTTP/1.1)
POST /session/3f5f0e92870c6bc7c28ce84b0a30b7fe/element HTTP/1.1
User-Agent: selenium/4.8.1 (java windows)
Content-Length: 55
Content-Type: application/json; charset=utf-8
host: localhost:1991
accept: */*

Response DefaultHttpResponse(decodeResult: success, version: HTTP/1.1)
HTTP/1.1 200 OK
Content-Length: 88
Content-Type: application/json; charset=utf-8
cache-control: no-cache

18:02:32.323 [AsyncHttpClient-1-3] DEBUG org.asynchttpclient.netty.channel.ChannelManager - Adding key: http://localhost:1991 for channel [id: 0xca5e9ae2, L:/127.0.0.1:56413 - R:localhost/127.0.0.1:1991]
18:02:32.325 [Forwarding clearElement on session 3f5f0e92870c6bc7c28ce84b0a30b7fe to remote] DEBUG org.asynchttpclient.netty.request.NettyRequestSender - Using pooled Channel '[id: 0xca5e9ae2, L:/127.0.0.1:56413 - R:localhost/127.0.0.1:1991]' for 'POST' to 'http://localhost:1991/session/3f5f0e92870c6bc7c28ce84b0a30b7fe/element/0fc45b52-af43-4e5a-9cde-46eb55c3b92d/clear'
18:02:32.325 [Forwarding clearElement on session 3f5f0e92870c6bc7c28ce84b0a30b7fe to remote] DEBUG org.asynchttpclient.netty.request.NettyRequestSender - Using open Channel [id: 0xca5e9ae2, L:/127.0.0.1:56413 - R:localhost/127.0.0.1:1991] for POST '/session/3f5f0e92870c6bc7c28ce84b0a30b7fe/element/0fc45b52-af43-4e5a-9cde-46eb55c3b92d/clear'
18:02:32.428 [AsyncHttpClient-1-3] DEBUG org.asynchttpclient.netty.handler.HttpHandler - 

Request DefaultHttpRequest(decodeResult: success, version: HTTP/1.1)
POST /session/3f5f0e92870c6bc7c28ce84b0a30b7fe/element/0fc45b52-af43-4e5a-9cde-46eb55c3b92d/clear HTTP/1.1
User-Agent: selenium/4.8.1 (java windows)
Content-Length: 50
Content-Type: application/json; charset=utf-8
host: localhost:1991
accept: */*

Response DefaultHttpResponse(decodeResult: success, version: HTTP/1.1)
HTTP/1.1 200 OK
Content-Length: 14
Content-Type: application/json; charset=utf-8
cache-control: no-cache

18:02:32.428 [AsyncHttpClient-1-3] DEBUG org.asynchttpclient.netty.channel.ChannelManager - Adding key: http://localhost:1991 for channel [id: 0xca5e9ae2, L:/127.0.0.1:56413 - R:localhost/127.0.0.1:1991]
18:02:32.430 [Forwarding sendKeysToElement on session 3f5f0e92870c6bc7c28ce84b0a30b7fe to remote] DEBUG org.asynchttpclient.netty.request.NettyRequestSender - Using pooled Channel '[id: 0xca5e9ae2, L:/127.0.0.1:56413 - R:localhost/127.0.0.1:1991]' for 'POST' to 'http://localhost:1991/session/3f5f0e92870c6bc7c28ce84b0a30b7fe/element/0fc45b52-af43-4e5a-9cde-46eb55c3b92d/value'
18:02:32.430 [Forwarding sendKeysToElement on session 3f5f0e92870c6bc7c28ce84b0a30b7fe to remote] DEBUG org.asynchttpclient.netty.request.NettyRequestSender - Using open Channel [id: 0xca5e9ae2, L:/127.0.0.1:56413 - R:localhost/127.0.0.1:1991] for POST '/session/3f5f0e92870c6bc7c28ce84b0a30b7fe/element/0fc45b52-af43-4e5a-9cde-46eb55c3b92d/value'
18:02:32.669 [AsyncHttpClient-1-3] DEBUG org.asynchttpclient.netty.handler.HttpHandler - 

Request DefaultHttpRequest(decodeResult: success, version: HTTP/1.1)
POST /session/3f5f0e92870c6bc7c28ce84b0a30b7fe/element/0fc45b52-af43-4e5a-9cde-46eb55c3b92d/value HTTP/1.1
User-Agent: selenium/4.8.1 (java windows)
Content-Length: 271
Content-Type: application/json; charset=utf-8
host: localhost:1991
accept: */*

Response DefaultHttpResponse(decodeResult: success, version: HTTP/1.1)
HTTP/1.1 200 OK
Content-Length: 14
Content-Type: application/json; charset=utf-8
cache-control: no-cache

18:02:32.669 [AsyncHttpClient-1-3] DEBUG org.asynchttpclient.netty.channel.ChannelManager - Adding key: http://localhost:1991 for channel [id: 0xca5e9ae2, L:/127.0.0.1:56413 - R:localhost/127.0.0.1:1991]
18:02:32.681 [Forwarding getAlertText on session 3f5f0e92870c6bc7c28ce84b0a30b7fe to remote] DEBUG org.asynchttpclient.netty.request.NettyRequestSender - Using pooled Channel '[id: 0xca5e9ae2, L:/127.0.0.1:56413 - R:localhost/127.0.0.1:1991]' for 'GET' to 'http://localhost:1991/session/3f5f0e92870c6bc7c28ce84b0a30b7fe/alert/text'
18:02:32.681 [Forwarding getAlertText on session 3f5f0e92870c6bc7c28ce84b0a30b7fe to remote] DEBUG org.asynchttpclient.netty.request.NettyRequestSender - Using open Channel [id: 0xca5e9ae2, L:/127.0.0.1:56413 - R:localhost/127.0.0.1:1991] for GET '/session/3f5f0e92870c6bc7c28ce84b0a30b7fe/alert/text'
18:02:32.685 [AsyncHttpClient-1-3] DEBUG org.asynchttpclient.netty.handler.HttpHandler - 

Request DefaultFullHttpRequest(decodeResult: success, version: HTTP/1.1, content: EmptyByteBufBE)
GET /session/3f5f0e92870c6bc7c28ce84b0a30b7fe/alert/text HTTP/1.1
User-Agent: selenium/4.8.1 (java windows)
Cache-Control: no-cache
Content-Type: application/json; charset=utf-8
host: localhost:1991
accept: */*

Response DefaultHttpResponse(decodeResult: success, version: HTTP/1.1)
HTTP/1.1 404 Not Found
Content-Length: 848
Content-Type: application/json; charset=utf-8
cache-control: no-cache

18:02:32.685 [AsyncHttpClient-1-3] DEBUG org.asynchttpclient.netty.channel.ChannelManager - Adding key: http://localhost:1991 for channel [id: 0xca5e9ae2, L:/127.0.0.1:56413 - R:localhost/127.0.0.1:1991]
18:02:32.686 [Forwarding getCurrentUrl on session 3f5f0e92870c6bc7c28ce84b0a30b7fe to remote] DEBUG org.asynchttpclient.netty.request.NettyRequestSender - Using pooled Channel '[id: 0xca5e9ae2, L:/127.0.0.1:56413 - R:localhost/127.0.0.1:1991]' for 'GET' to 'http://localhost:1991/session/3f5f0e92870c6bc7c28ce84b0a30b7fe/url'
18:02:32.687 [Forwarding getCurrentUrl on session 3f5f0e92870c6bc7c28ce84b0a30b7fe to remote] DEBUG org.asynchttpclient.netty.request.NettyRequestSender - Using open Channel [id: 0xca5e9ae2, L:/127.0.0.1:56413 - R:localhost/127.0.0.1:1991] for GET '/session/3f5f0e92870c6bc7c28ce84b0a30b7fe/url'
18:02:32.693 [AsyncHttpClient-1-3] DEBUG org.asynchttpclient.netty.handler.HttpHandler - 

Request DefaultFullHttpRequest(decodeResult: success, version: HTTP/1.1, content: EmptyByteBufBE)
GET /session/3f5f0e92870c6bc7c28ce84b0a30b7fe/url HTTP/1.1
User-Agent: selenium/4.8.1 (java windows)
Cache-Control: no-cache
Content-Type: application/json; charset=utf-8
host: localhost:1991
accept: */*

Response DefaultHttpResponse(decodeResult: success, version: HTTP/1.1)
HTTP/1.1 200 OK
Content-Length: 51
Content-Type: application/json; charset=utf-8
cache-control: no-cache

18:02:32.694 [AsyncHttpClient-1-3] DEBUG org.asynchttpclient.netty.channel.ChannelManager - Adding key: http://localhost:1991 for channel [id: 0xca5e9ae2, L:/127.0.0.1:56413 - R:localhost/127.0.0.1:1991]
18:02:32.695 [Forwarding screenshot on session 3f5f0e92870c6bc7c28ce84b0a30b7fe to remote] DEBUG org.asynchttpclient.netty.request.NettyRequestSender - Using pooled Channel '[id: 0xca5e9ae2, L:/127.0.0.1:56413 - R:localhost/127.0.0.1:1991]' for 'GET' to 'http://localhost:1991/session/3f5f0e92870c6bc7c28ce84b0a30b7fe/screenshot'
18:02:32.695 [Forwarding screenshot on session 3f5f0e92870c6bc7c28ce84b0a30b7fe to remote] DEBUG org.asynchttpclient.netty.request.NettyRequestSender - Using open Channel [id: 0xca5e9ae2, L:/127.0.0.1:56413 - R:localhost/127.0.0.1:1991] for GET '/session/3f5f0e92870c6bc7c28ce84b0a30b7fe/screenshot'
18:02:32.838 [AsyncHttpClient-1-3] DEBUG org.asynchttpclient.netty.handler.HttpHandler - 

Request DefaultFullHttpRequest(decodeResult: success, version: HTTP/1.1, content: EmptyByteBufBE)
GET /session/3f5f0e92870c6bc7c28ce84b0a30b7fe/screenshot HTTP/1.1
User-Agent: selenium/4.8.1 (java windows)
Cache-Control: no-cache
Content-Type: application/json; charset=utf-8
host: localhost:1991
accept: */*

Response DefaultHttpResponse(decodeResult: success, version: HTTP/1.1)
HTTP/1.1 200 OK
Content-Length: 29700
Content-Type: application/json; charset=utf-8
cache-control: no-cache

18:02:32.839 [AsyncHttpClient-1-3] DEBUG org.asynchttpclient.netty.channel.ChannelManager - Adding key: http://localhost:1991 for channel [id: 0xca5e9ae2, L:/127.0.0.1:56413 - R:localhost/127.0.0.1:1991]
18:02:32.841 [main] DEBUG net.serenitybdd.core.photography.Darkroom - Send negative for processing for target\site\serenity\4342ea3ea9b84bc31ea43c107d815b2f9730340b5a9b2ca6173a3179e93a5c33.png
18:02:32.842 [main] DEBUG net.thucydides.core.steps.StepInterceptor - STEP DONE: user input valid email
18:02:32.842 [Darkroom Processing Line] DEBUG net.serenitybdd.core.photography.DarkroomProcessingLine - Processing screenshot image in /var/screenshots/screenshot-8733667634187650990
18:02:32.842 [Darkroom Processing Line] DEBUG net.serenitybdd.core.photography.DarkroomProcessingLine - Saving screenshot to target\site\serenity\4342ea3ea9b84bc31ea43c107d815b2f9730340b5a9b2ca6173a3179e93a5c33.png
18:02:32.848 [main] DEBUG net.thucydides.core.steps.StepInterceptor - STARTING STEP: LoginStep.userSuccessLogin - user input valid password
18:02:32.852 [Forwarding findElement on session 3f5f0e92870c6bc7c28ce84b0a30b7fe to remote] DEBUG org.asynchttpclient.netty.request.NettyRequestSender - Using pooled Channel '[id: 0xca5e9ae2, L:/127.0.0.1:56413 - R:localhost/127.0.0.1:1991]' for 'POST' to 'http://localhost:1991/session/3f5f0e92870c6bc7c28ce84b0a30b7fe/element'
18:02:32.852 [Forwarding findElement on session 3f5f0e92870c6bc7c28ce84b0a30b7fe to remote] DEBUG org.asynchttpclient.netty.request.NettyRequestSender - Using open Channel [id: 0xca5e9ae2, L:/127.0.0.1:56413 - R:localhost/127.0.0.1:1991] for POST '/session/3f5f0e92870c6bc7c28ce84b0a30b7fe/element'
18:02:32.889 [AsyncHttpClient-1-3] DEBUG org.asynchttpclient.netty.handler.HttpHandler - 

Request DefaultHttpRequest(decodeResult: success, version: HTTP/1.1)
POST /session/3f5f0e92870c6bc7c28ce84b0a30b7fe/element HTTP/1.1
User-Agent: selenium/4.8.1 (java windows)
Content-Length: 55
Content-Type: application/json; charset=utf-8
host: localhost:1991
accept: */*

Response DefaultHttpResponse(decodeResult: success, version: HTTP/1.1)
HTTP/1.1 200 OK
Content-Length: 88
Content-Type: application/json; charset=utf-8
cache-control: no-cache

18:02:32.890 [AsyncHttpClient-1-3] DEBUG org.asynchttpclient.netty.channel.ChannelManager - Adding key: http://localhost:1991 for channel [id: 0xca5e9ae2, L:/127.0.0.1:56413 - R:localhost/127.0.0.1:1991]
18:02:32.892 [Forwarding clearElement on session 3f5f0e92870c6bc7c28ce84b0a30b7fe to remote] DEBUG org.asynchttpclient.netty.request.NettyRequestSender - Using pooled Channel '[id: 0xca5e9ae2, L:/127.0.0.1:56413 - R:localhost/127.0.0.1:1991]' for 'POST' to 'http://localhost:1991/session/3f5f0e92870c6bc7c28ce84b0a30b7fe/element/2c2dbb06-9759-456b-8a4f-ae9ab156eeda/clear'
18:02:32.892 [Forwarding clearElement on session 3f5f0e92870c6bc7c28ce84b0a30b7fe to remote] DEBUG org.asynchttpclient.netty.request.NettyRequestSender - Using open Channel [id: 0xca5e9ae2, L:/127.0.0.1:56413 - R:localhost/127.0.0.1:1991] for POST '/session/3f5f0e92870c6bc7c28ce84b0a30b7fe/element/2c2dbb06-9759-456b-8a4f-ae9ab156eeda/clear'
18:02:32.946 [AsyncHttpClient-1-3] DEBUG org.asynchttpclient.netty.handler.HttpHandler - 

Request DefaultHttpRequest(decodeResult: success, version: HTTP/1.1)
POST /session/3f5f0e92870c6bc7c28ce84b0a30b7fe/element/2c2dbb06-9759-456b-8a4f-ae9ab156eeda/clear HTTP/1.1
User-Agent: selenium/4.8.1 (java windows)
Content-Length: 50
Content-Type: application/json; charset=utf-8
host: localhost:1991
accept: */*

Response DefaultHttpResponse(decodeResult: success, version: HTTP/1.1)
HTTP/1.1 200 OK
Content-Length: 14
Content-Type: application/json; charset=utf-8
cache-control: no-cache

18:02:32.946 [AsyncHttpClient-1-3] DEBUG org.asynchttpclient.netty.channel.ChannelManager - Adding key: http://localhost:1991 for channel [id: 0xca5e9ae2, L:/127.0.0.1:56413 - R:localhost/127.0.0.1:1991]
18:02:32.961 [Forwarding sendKeysToElement on session 3f5f0e92870c6bc7c28ce84b0a30b7fe to remote] DEBUG org.asynchttpclient.netty.request.NettyRequestSender - Using pooled Channel '[id: 0xca5e9ae2, L:/127.0.0.1:56413 - R:localhost/127.0.0.1:1991]' for 'POST' to 'http://localhost:1991/session/3f5f0e92870c6bc7c28ce84b0a30b7fe/element/2c2dbb06-9759-456b-8a4f-ae9ab156eeda/value'
18:02:32.961 [Forwarding sendKeysToElement on session 3f5f0e92870c6bc7c28ce84b0a30b7fe to remote] DEBUG org.asynchttpclient.netty.request.NettyRequestSender - Using open Channel [id: 0xca5e9ae2, L:/127.0.0.1:56413 - R:localhost/127.0.0.1:1991] for POST '/session/3f5f0e92870c6bc7c28ce84b0a30b7fe/element/2c2dbb06-9759-456b-8a4f-ae9ab156eeda/value'
18:02:33.075 [AsyncHttpClient-1-3] DEBUG org.asynchttpclient.netty.handler.HttpHandler - 

Request DefaultHttpRequest(decodeResult: success, version: HTTP/1.1)
POST /session/3f5f0e92870c6bc7c28ce84b0a30b7fe/element/2c2dbb06-9759-456b-8a4f-ae9ab156eeda/value HTTP/1.1
User-Agent: selenium/4.8.1 (java windows)
Content-Length: 161
Content-Type: application/json; charset=utf-8
host: localhost:1991
accept: */*

Response DefaultHttpResponse(decodeResult: success, version: HTTP/1.1)
HTTP/1.1 200 OK
Content-Length: 14
Content-Type: application/json; charset=utf-8
cache-control: no-cache

18:02:33.076 [AsyncHttpClient-1-3] DEBUG org.asynchttpclient.netty.channel.ChannelManager - Adding key: http://localhost:1991 for channel [id: 0xca5e9ae2, L:/127.0.0.1:56413 - R:localhost/127.0.0.1:1991]
18:02:33.085 [Forwarding getAlertText on session 3f5f0e92870c6bc7c28ce84b0a30b7fe to remote] DEBUG org.asynchttpclient.netty.request.NettyRequestSender - Using pooled Channel '[id: 0xca5e9ae2, L:/127.0.0.1:56413 - R:localhost/127.0.0.1:1991]' for 'GET' to 'http://localhost:1991/session/3f5f0e92870c6bc7c28ce84b0a30b7fe/alert/text'
18:02:33.086 [Forwarding getAlertText on session 3f5f0e92870c6bc7c28ce84b0a30b7fe to remote] DEBUG org.asynchttpclient.netty.request.NettyRequestSender - Using open Channel [id: 0xca5e9ae2, L:/127.0.0.1:56413 - R:localhost/127.0.0.1:1991] for GET '/session/3f5f0e92870c6bc7c28ce84b0a30b7fe/alert/text'
18:02:33.089 [AsyncHttpClient-1-3] DEBUG org.asynchttpclient.netty.handler.HttpHandler - 

Request DefaultFullHttpRequest(decodeResult: success, version: HTTP/1.1, content: EmptyByteBufBE)
GET /session/3f5f0e92870c6bc7c28ce84b0a30b7fe/alert/text HTTP/1.1
User-Agent: selenium/4.8.1 (java windows)
Cache-Control: no-cache
Content-Type: application/json; charset=utf-8
host: localhost:1991
accept: */*

Response DefaultHttpResponse(decodeResult: success, version: HTTP/1.1)
HTTP/1.1 404 Not Found
Content-Length: 848
Content-Type: application/json; charset=utf-8
cache-control: no-cache

18:02:33.089 [AsyncHttpClient-1-3] DEBUG org.asynchttpclient.netty.channel.ChannelManager - Adding key: http://localhost:1991 for channel [id: 0xca5e9ae2, L:/127.0.0.1:56413 - R:localhost/127.0.0.1:1991]
18:02:33.091 [Forwarding getCurrentUrl on session 3f5f0e92870c6bc7c28ce84b0a30b7fe to remote] DEBUG org.asynchttpclient.netty.request.NettyRequestSender - Using pooled Channel '[id: 0xca5e9ae2, L:/127.0.0.1:56413 - R:localhost/127.0.0.1:1991]' for 'GET' to 'http://localhost:1991/session/3f5f0e92870c6bc7c28ce84b0a30b7fe/url'
18:02:33.091 [Forwarding getCurrentUrl on session 3f5f0e92870c6bc7c28ce84b0a30b7fe to remote] DEBUG org.asynchttpclient.netty.request.NettyRequestSender - Using open Channel [id: 0xca5e9ae2, L:/127.0.0.1:56413 - R:localhost/127.0.0.1:1991] for GET '/session/3f5f0e92870c6bc7c28ce84b0a30b7fe/url'
18:02:33.100 [AsyncHttpClient-1-3] DEBUG org.asynchttpclient.netty.handler.HttpHandler - 

Request DefaultFullHttpRequest(decodeResult: success, version: HTTP/1.1, content: EmptyByteBufBE)
GET /session/3f5f0e92870c6bc7c28ce84b0a30b7fe/url HTTP/1.1
User-Agent: selenium/4.8.1 (java windows)
Cache-Control: no-cache
Content-Type: application/json; charset=utf-8
host: localhost:1991
accept: */*

Response DefaultHttpResponse(decodeResult: success, version: HTTP/1.1)
HTTP/1.1 200 OK
Content-Length: 51
Content-Type: application/json; charset=utf-8
cache-control: no-cache

18:02:33.100 [AsyncHttpClient-1-3] DEBUG org.asynchttpclient.netty.channel.ChannelManager - Adding key: http://localhost:1991 for channel [id: 0xca5e9ae2, L:/127.0.0.1:56413 - R:localhost/127.0.0.1:1991]
18:02:33.101 [Forwarding screenshot on session 3f5f0e92870c6bc7c28ce84b0a30b7fe to remote] DEBUG org.asynchttpclient.netty.request.NettyRequestSender - Using pooled Channel '[id: 0xca5e9ae2, L:/127.0.0.1:56413 - R:localhost/127.0.0.1:1991]' for 'GET' to 'http://localhost:1991/session/3f5f0e92870c6bc7c28ce84b0a30b7fe/screenshot'
18:02:33.101 [Forwarding screenshot on session 3f5f0e92870c6bc7c28ce84b0a30b7fe to remote] DEBUG org.asynchttpclient.netty.request.NettyRequestSender - Using open Channel [id: 0xca5e9ae2, L:/127.0.0.1:56413 - R:localhost/127.0.0.1:1991] for GET '/session/3f5f0e92870c6bc7c28ce84b0a30b7fe/screenshot'
18:02:33.151 [AsyncHttpClient-1-1] DEBUG org.asynchttpclient.netty.channel.DefaultChannelPool - Entry count for : http://localhost:56414 : 1
18:02:33.249 [AsyncHttpClient-1-3] DEBUG org.asynchttpclient.netty.handler.HttpHandler - 

Request DefaultFullHttpRequest(decodeResult: success, version: HTTP/1.1, content: EmptyByteBufBE)
GET /session/3f5f0e92870c6bc7c28ce84b0a30b7fe/screenshot HTTP/1.1
User-Agent: selenium/4.8.1 (java windows)
Cache-Control: no-cache
Content-Type: application/json; charset=utf-8
host: localhost:1991
accept: */*

Response DefaultHttpResponse(decodeResult: success, version: HTTP/1.1)
HTTP/1.1 200 OK
Content-Length: 31280
Content-Type: application/json; charset=utf-8
cache-control: no-cache

18:02:33.250 [AsyncHttpClient-1-3] DEBUG org.asynchttpclient.netty.channel.ChannelManager - Adding key: http://localhost:1991 for channel [id: 0xca5e9ae2, L:/127.0.0.1:56413 - R:localhost/127.0.0.1:1991]
18:02:33.253 [main] DEBUG net.serenitybdd.core.photography.Darkroom - Send negative for processing for target\site\serenity\0858813f97ab28265a84fc707f93d127e4aeb8da5997392978ee009c8919cb15.png
18:02:33.253 [main] DEBUG net.thucydides.core.steps.StepInterceptor - STEP DONE: user input valid password
18:02:33.258 [main] DEBUG net.thucydides.core.steps.StepInterceptor - STARTING STEP: LoginStep.userSuccessLogin - click button login
18:02:33.264 [Forwarding findElement on session 3f5f0e92870c6bc7c28ce84b0a30b7fe to remote] DEBUG org.asynchttpclient.netty.request.NettyRequestSender - Using pooled Channel '[id: 0xca5e9ae2, L:/127.0.0.1:56413 - R:localhost/127.0.0.1:1991]' for 'POST' to 'http://localhost:1991/session/3f5f0e92870c6bc7c28ce84b0a30b7fe/element'
18:02:33.264 [Forwarding findElement on session 3f5f0e92870c6bc7c28ce84b0a30b7fe to remote] DEBUG org.asynchttpclient.netty.request.NettyRequestSender - Using open Channel [id: 0xca5e9ae2, L:/127.0.0.1:56413 - R:localhost/127.0.0.1:1991] for POST '/session/3f5f0e92870c6bc7c28ce84b0a30b7fe/element'
18:02:33.275 [AsyncHttpClient-1-3] DEBUG org.asynchttpclient.netty.handler.HttpHandler - 

Request DefaultHttpRequest(decodeResult: success, version: HTTP/1.1)
POST /session/3f5f0e92870c6bc7c28ce84b0a30b7fe/element HTTP/1.1
User-Agent: selenium/4.8.1 (java windows)
Content-Length: 69
Content-Type: application/json; charset=utf-8
host: localhost:1991
accept: */*

Response DefaultHttpResponse(decodeResult: success, version: HTTP/1.1)
HTTP/1.1 200 OK
Content-Length: 88
Content-Type: application/json; charset=utf-8
cache-control: no-cache

18:02:33.275 [AsyncHttpClient-1-3] DEBUG org.asynchttpclient.netty.channel.ChannelManager - Adding key: http://localhost:1991 for channel [id: 0xca5e9ae2, L:/127.0.0.1:56413 - R:localhost/127.0.0.1:1991]
18:02:33.277 [Forwarding getElementTagName on session 3f5f0e92870c6bc7c28ce84b0a30b7fe to remote] DEBUG org.asynchttpclient.netty.request.NettyRequestSender - Using pooled Channel '[id: 0xca5e9ae2, L:/127.0.0.1:56413 - R:localhost/127.0.0.1:1991]' for 'GET' to 'http://localhost:1991/session/3f5f0e92870c6bc7c28ce84b0a30b7fe/element/1cb67fb6-921f-4ad8-96ed-d5ca6a177002/name'
18:02:33.277 [Forwarding getElementTagName on session 3f5f0e92870c6bc7c28ce84b0a30b7fe to remote] DEBUG org.asynchttpclient.netty.request.NettyRequestSender - Using open Channel [id: 0xca5e9ae2, L:/127.0.0.1:56413 - R:localhost/127.0.0.1:1991] for GET '/session/3f5f0e92870c6bc7c28ce84b0a30b7fe/element/1cb67fb6-921f-4ad8-96ed-d5ca6a177002/name'
18:02:33.287 [AsyncHttpClient-1-3] DEBUG org.asynchttpclient.netty.handler.HttpHandler - 

Request DefaultFullHttpRequest(decodeResult: success, version: HTTP/1.1, content: EmptyByteBufBE)
GET /session/3f5f0e92870c6bc7c28ce84b0a30b7fe/element/1cb67fb6-921f-4ad8-96ed-d5ca6a177002/name HTTP/1.1
User-Agent: selenium/4.8.1 (java windows)
Cache-Control: no-cache
Content-Type: application/json; charset=utf-8
host: localhost:1991
accept: */*

Response DefaultHttpResponse(decodeResult: success, version: HTTP/1.1)
HTTP/1.1 200 OK
Content-Length: 16
Content-Type: application/json; charset=utf-8
cache-control: no-cache

18:02:33.287 [AsyncHttpClient-1-3] DEBUG org.asynchttpclient.netty.channel.ChannelManager - Adding key: http://localhost:1991 for channel [id: 0xca5e9ae2, L:/127.0.0.1:56413 - R:localhost/127.0.0.1:1991]
18:02:33.289 [Forwarding getElementTagName on session 3f5f0e92870c6bc7c28ce84b0a30b7fe to remote] DEBUG org.asynchttpclient.netty.request.NettyRequestSender - Using pooled Channel '[id: 0xca5e9ae2, L:/127.0.0.1:56413 - R:localhost/127.0.0.1:1991]' for 'GET' to 'http://localhost:1991/session/3f5f0e92870c6bc7c28ce84b0a30b7fe/element/1cb67fb6-921f-4ad8-96ed-d5ca6a177002/name'
18:02:33.289 [Forwarding getElementTagName on session 3f5f0e92870c6bc7c28ce84b0a30b7fe to remote] DEBUG org.asynchttpclient.netty.request.NettyRequestSender - Using open Channel [id: 0xca5e9ae2, L:/127.0.0.1:56413 - R:localhost/127.0.0.1:1991] for GET '/session/3f5f0e92870c6bc7c28ce84b0a30b7fe/element/1cb67fb6-921f-4ad8-96ed-d5ca6a177002/name'
18:02:33.301 [AsyncHttpClient-1-3] DEBUG org.asynchttpclient.netty.handler.HttpHandler - 

Request DefaultFullHttpRequest(decodeResult: success, version: HTTP/1.1, content: EmptyByteBufBE)
GET /session/3f5f0e92870c6bc7c28ce84b0a30b7fe/element/1cb67fb6-921f-4ad8-96ed-d5ca6a177002/name HTTP/1.1
User-Agent: selenium/4.8.1 (java windows)
Cache-Control: no-cache
Content-Type: application/json; charset=utf-8
host: localhost:1991
accept: */*

Response DefaultHttpResponse(decodeResult: success, version: HTTP/1.1)
HTTP/1.1 200 OK
Content-Length: 16
Content-Type: application/json; charset=utf-8
cache-control: no-cache

18:02:33.301 [AsyncHttpClient-1-3] DEBUG org.asynchttpclient.netty.channel.ChannelManager - Adding key: http://localhost:1991 for channel [id: 0xca5e9ae2, L:/127.0.0.1:56413 - R:localhost/127.0.0.1:1991]
18:02:33.303 [Forwarding findElement on session 3f5f0e92870c6bc7c28ce84b0a30b7fe to remote] DEBUG org.asynchttpclient.netty.request.NettyRequestSender - Using pooled Channel '[id: 0xca5e9ae2, L:/127.0.0.1:56413 - R:localhost/127.0.0.1:1991]' for 'POST' to 'http://localhost:1991/session/3f5f0e92870c6bc7c28ce84b0a30b7fe/element'
18:02:33.303 [Forwarding findElement on session 3f5f0e92870c6bc7c28ce84b0a30b7fe to remote] DEBUG org.asynchttpclient.netty.request.NettyRequestSender - Using open Channel [id: 0xca5e9ae2, L:/127.0.0.1:56413 - R:localhost/127.0.0.1:1991] for POST '/session/3f5f0e92870c6bc7c28ce84b0a30b7fe/element'
18:02:33.316 [AsyncHttpClient-1-3] DEBUG org.asynchttpclient.netty.handler.HttpHandler - 

Request DefaultHttpRequest(decodeResult: success, version: HTTP/1.1)
POST /session/3f5f0e92870c6bc7c28ce84b0a30b7fe/element HTTP/1.1
User-Agent: selenium/4.8.1 (java windows)
Content-Length: 69
Content-Type: application/json; charset=utf-8
host: localhost:1991
accept: */*

Response DefaultHttpResponse(decodeResult: success, version: HTTP/1.1)
HTTP/1.1 200 OK
Content-Length: 88
Content-Type: application/json; charset=utf-8
cache-control: no-cache

18:02:33.316 [AsyncHttpClient-1-3] DEBUG org.asynchttpclient.netty.channel.ChannelManager - Adding key: http://localhost:1991 for channel [id: 0xca5e9ae2, L:/127.0.0.1:56413 - R:localhost/127.0.0.1:1991]
18:02:33.318 [Forwarding clickElement on session 3f5f0e92870c6bc7c28ce84b0a30b7fe to remote] DEBUG org.asynchttpclient.netty.request.NettyRequestSender - Using pooled Channel '[id: 0xca5e9ae2, L:/127.0.0.1:56413 - R:localhost/127.0.0.1:1991]' for 'POST' to 'http://localhost:1991/session/3f5f0e92870c6bc7c28ce84b0a30b7fe/element/1cb67fb6-921f-4ad8-96ed-d5ca6a177002/click'
18:02:33.318 [Forwarding clickElement on session 3f5f0e92870c6bc7c28ce84b0a30b7fe to remote] DEBUG org.asynchttpclient.netty.request.NettyRequestSender - Using open Channel [id: 0xca5e9ae2, L:/127.0.0.1:56413 - R:localhost/127.0.0.1:1991] for POST '/session/3f5f0e92870c6bc7c28ce84b0a30b7fe/element/1cb67fb6-921f-4ad8-96ed-d5ca6a177002/click'
18:02:33.443 [AsyncHttpClient-1-3] DEBUG org.asynchttpclient.netty.handler.HttpHandler - 

Request DefaultHttpRequest(decodeResult: success, version: HTTP/1.1)
POST /session/3f5f0e92870c6bc7c28ce84b0a30b7fe/element/1cb67fb6-921f-4ad8-96ed-d5ca6a177002/click HTTP/1.1
User-Agent: selenium/4.8.1 (java windows)
Content-Length: 50
Content-Type: application/json; charset=utf-8
host: localhost:1991
accept: */*

Response DefaultHttpResponse(decodeResult: success, version: HTTP/1.1)
HTTP/1.1 200 OK
Content-Length: 14
Content-Type: application/json; charset=utf-8
cache-control: no-cache

18:02:33.443 [AsyncHttpClient-1-3] DEBUG org.asynchttpclient.netty.channel.ChannelManager - Adding key: http://localhost:1991 for channel [id: 0xca5e9ae2, L:/127.0.0.1:56413 - R:localhost/127.0.0.1:1991]
18:02:33.454 [Forwarding getAlertText on session 3f5f0e92870c6bc7c28ce84b0a30b7fe to remote] DEBUG org.asynchttpclient.netty.request.NettyRequestSender - Using pooled Channel '[id: 0xca5e9ae2, L:/127.0.0.1:56413 - R:localhost/127.0.0.1:1991]' for 'GET' to 'http://localhost:1991/session/3f5f0e92870c6bc7c28ce84b0a30b7fe/alert/text'
18:02:33.454 [Forwarding getAlertText on session 3f5f0e92870c6bc7c28ce84b0a30b7fe to remote] DEBUG org.asynchttpclient.netty.request.NettyRequestSender - Using open Channel [id: 0xca5e9ae2, L:/127.0.0.1:56413 - R:localhost/127.0.0.1:1991] for GET '/session/3f5f0e92870c6bc7c28ce84b0a30b7fe/alert/text'
18:02:33.456 [AsyncHttpClient-1-3] DEBUG org.asynchttpclient.netty.handler.HttpHandler - 

Request DefaultFullHttpRequest(decodeResult: success, version: HTTP/1.1, content: EmptyByteBufBE)
GET /session/3f5f0e92870c6bc7c28ce84b0a30b7fe/alert/text HTTP/1.1
User-Agent: selenium/4.8.1 (java windows)
Cache-Control: no-cache
Content-Type: application/json; charset=utf-8
host: localhost:1991
accept: */*

Response DefaultHttpResponse(decodeResult: success, version: HTTP/1.1)
HTTP/1.1 404 Not Found
Content-Length: 848
Content-Type: application/json; charset=utf-8
cache-control: no-cache

18:02:33.457 [AsyncHttpClient-1-3] DEBUG org.asynchttpclient.netty.channel.ChannelManager - Adding key: http://localhost:1991 for channel [id: 0xca5e9ae2, L:/127.0.0.1:56413 - R:localhost/127.0.0.1:1991]
18:02:33.458 [Forwarding getCurrentUrl on session 3f5f0e92870c6bc7c28ce84b0a30b7fe to remote] DEBUG org.asynchttpclient.netty.request.NettyRequestSender - Using pooled Channel '[id: 0xca5e9ae2, L:/127.0.0.1:56413 - R:localhost/127.0.0.1:1991]' for 'GET' to 'http://localhost:1991/session/3f5f0e92870c6bc7c28ce84b0a30b7fe/url'
18:02:33.458 [Forwarding getCurrentUrl on session 3f5f0e92870c6bc7c28ce84b0a30b7fe to remote] DEBUG org.asynchttpclient.netty.request.NettyRequestSender - Using open Channel [id: 0xca5e9ae2, L:/127.0.0.1:56413 - R:localhost/127.0.0.1:1991] for GET '/session/3f5f0e92870c6bc7c28ce84b0a30b7fe/url'
18:02:33.467 [AsyncHttpClient-1-3] DEBUG org.asynchttpclient.netty.handler.HttpHandler - 

Request DefaultFullHttpRequest(decodeResult: success, version: HTTP/1.1, content: EmptyByteBufBE)
GET /session/3f5f0e92870c6bc7c28ce84b0a30b7fe/url HTTP/1.1
User-Agent: selenium/4.8.1 (java windows)
Cache-Control: no-cache
Content-Type: application/json; charset=utf-8
host: localhost:1991
accept: */*

Response DefaultHttpResponse(decodeResult: success, version: HTTP/1.1)
HTTP/1.1 200 OK
Content-Length: 51
Content-Type: application/json; charset=utf-8
cache-control: no-cache

18:02:33.467 [AsyncHttpClient-1-3] DEBUG org.asynchttpclient.netty.channel.ChannelManager - Adding key: http://localhost:1991 for channel [id: 0xca5e9ae2, L:/127.0.0.1:56413 - R:localhost/127.0.0.1:1991]
18:02:33.468 [Forwarding screenshot on session 3f5f0e92870c6bc7c28ce84b0a30b7fe to remote] DEBUG org.asynchttpclient.netty.request.NettyRequestSender - Using pooled Channel '[id: 0xca5e9ae2, L:/127.0.0.1:56413 - R:localhost/127.0.0.1:1991]' for 'GET' to 'http://localhost:1991/session/3f5f0e92870c6bc7c28ce84b0a30b7fe/screenshot'
18:02:33.468 [Forwarding screenshot on session 3f5f0e92870c6bc7c28ce84b0a30b7fe to remote] DEBUG org.asynchttpclient.netty.request.NettyRequestSender - Using open Channel [id: 0xca5e9ae2, L:/127.0.0.1:56413 - R:localhost/127.0.0.1:1991] for GET '/session/3f5f0e92870c6bc7c28ce84b0a30b7fe/screenshot'
18:02:33.709 [AsyncHttpClient-1-3] DEBUG org.asynchttpclient.netty.handler.HttpHandler - 

Request DefaultFullHttpRequest(decodeResult: success, version: HTTP/1.1, content: EmptyByteBufBE)
GET /session/3f5f0e92870c6bc7c28ce84b0a30b7fe/screenshot HTTP/1.1
User-Agent: selenium/4.8.1 (java windows)
Cache-Control: no-cache
Content-Type: application/json; charset=utf-8
host: localhost:1991
accept: */*

Response DefaultHttpResponse(decodeResult: success, version: HTTP/1.1)
HTTP/1.1 200 OK
Content-Length: 30836
Content-Type: application/json; charset=utf-8
cache-control: no-cache

18:02:33.709 [AsyncHttpClient-1-3] DEBUG org.asynchttpclient.netty.channel.ChannelManager - Adding key: http://localhost:1991 for channel [id: 0xca5e9ae2, L:/127.0.0.1:56413 - R:localhost/127.0.0.1:1991]
18:02:33.712 [main] DEBUG net.serenitybdd.core.photography.Darkroom - Send negative for processing for target\site\serenity\b8fa17c4d994161d34ba5a2bd10bb1e3dfbacce506f500403dbcb37678a102fa.png
18:02:33.713 [Darkroom Processing Line] DEBUG net.serenitybdd.core.photography.DarkroomProcessingLine - Processing screenshot image in /var/screenshots/screenshot-2403487342970623261
18:02:33.713 [Darkroom Processing Line] DEBUG net.serenitybdd.core.photography.DarkroomProcessingLine - Saving screenshot to target\site\serenity\b8fa17c4d994161d34ba5a2bd10bb1e3dfbacce506f500403dbcb37678a102fa.png
18:02:33.713 [main] DEBUG net.thucydides.core.steps.StepInterceptor - STEP DONE: click button login
18:02:33.718 [main] DEBUG net.thucydides.core.steps.StepInterceptor - STARTING STEP: LoginStep.userSuccessLogin - user can see product homepage
18:02:33.721 [Forwarding findElement on session 3f5f0e92870c6bc7c28ce84b0a30b7fe to remote] DEBUG org.asynchttpclient.netty.request.NettyRequestSender - Using pooled Channel '[id: 0xca5e9ae2, L:/127.0.0.1:56413 - R:localhost/127.0.0.1:1991]' for 'POST' to 'http://localhost:1991/session/3f5f0e92870c6bc7c28ce84b0a30b7fe/element'
18:02:33.721 [Forwarding findElement on session 3f5f0e92870c6bc7c28ce84b0a30b7fe to remote] DEBUG org.asynchttpclient.netty.request.NettyRequestSender - Using open Channel [id: 0xca5e9ae2, L:/127.0.0.1:56413 - R:localhost/127.0.0.1:1991] for POST '/session/3f5f0e92870c6bc7c28ce84b0a30b7fe/element'
18:02:33.842 [AsyncHttpClient-1-3] DEBUG org.asynchttpclient.netty.handler.HttpHandler - 

Request DefaultHttpRequest(decodeResult: success, version: HTTP/1.1)
POST /session/3f5f0e92870c6bc7c28ce84b0a30b7fe/element HTTP/1.1
User-Agent: selenium/4.8.1 (java windows)
Content-Length: 75
Content-Type: application/json; charset=utf-8
host: localhost:1991
accept: */*

Response DefaultHttpResponse(decodeResult: success, version: HTTP/1.1)
HTTP/1.1 200 OK
Content-Length: 88
Content-Type: application/json; charset=utf-8
cache-control: no-cache

18:02:33.842 [AsyncHttpClient-1-3] DEBUG org.asynchttpclient.netty.channel.ChannelManager - Adding key: http://localhost:1991 for channel [id: 0xca5e9ae2, L:/127.0.0.1:56413 - R:localhost/127.0.0.1:1991]
18:02:33.848 [Forwarding isElementDisplayed on session 3f5f0e92870c6bc7c28ce84b0a30b7fe to remote] DEBUG org.asynchttpclient.netty.request.NettyRequestSender - Using pooled Channel '[id: 0xca5e9ae2, L:/127.0.0.1:56413 - R:localhost/127.0.0.1:1991]' for 'POST' to 'http://localhost:1991/session/3f5f0e92870c6bc7c28ce84b0a30b7fe/execute/sync'
18:02:33.848 [Forwarding isElementDisplayed on session 3f5f0e92870c6bc7c28ce84b0a30b7fe to remote] DEBUG org.asynchttpclient.netty.request.NettyRequestSender - Using open Channel [id: 0xca5e9ae2, L:/127.0.0.1:56413 - R:localhost/127.0.0.1:1991] for POST '/session/3f5f0e92870c6bc7c28ce84b0a30b7fe/execute/sync'
18:02:33.872 [AsyncHttpClient-1-3] DEBUG org.asynchttpclient.netty.handler.HttpHandler - 

Request DefaultHttpRequest(decodeResult: success, version: HTTP/1.1)
POST /session/3f5f0e92870c6bc7c28ce84b0a30b7fe/execute/sync HTTP/1.1
User-Agent: selenium/4.8.1 (java windows)
Content-Length: 48807
Content-Type: application/json; charset=utf-8
host: localhost:1991
accept: */*

Response DefaultHttpResponse(decodeResult: success, version: HTTP/1.1)
HTTP/1.1 200 OK
Content-Length: 14
Content-Type: application/json; charset=utf-8
cache-control: no-cache

18:02:33.872 [AsyncHttpClient-1-3] DEBUG org.asynchttpclient.netty.channel.ChannelManager - Adding key: http://localhost:1991 for channel [id: 0xca5e9ae2, L:/127.0.0.1:56413 - R:localhost/127.0.0.1:1991]
18:02:33.880 [Forwarding getAlertText on session 3f5f0e92870c6bc7c28ce84b0a30b7fe to remote] DEBUG org.asynchttpclient.netty.request.NettyRequestSender - Using pooled Channel '[id: 0xca5e9ae2, L:/127.0.0.1:56413 - R:localhost/127.0.0.1:1991]' for 'GET' to 'http://localhost:1991/session/3f5f0e92870c6bc7c28ce84b0a30b7fe/alert/text'
18:02:33.880 [Forwarding getAlertText on session 3f5f0e92870c6bc7c28ce84b0a30b7fe to remote] DEBUG org.asynchttpclient.netty.request.NettyRequestSender - Using open Channel [id: 0xca5e9ae2, L:/127.0.0.1:56413 - R:localhost/127.0.0.1:1991] for GET '/session/3f5f0e92870c6bc7c28ce84b0a30b7fe/alert/text'
18:02:33.883 [AsyncHttpClient-1-3] DEBUG org.asynchttpclient.netty.handler.HttpHandler - 

Request DefaultFullHttpRequest(decodeResult: success, version: HTTP/1.1, content: EmptyByteBufBE)
GET /session/3f5f0e92870c6bc7c28ce84b0a30b7fe/alert/text HTTP/1.1
User-Agent: selenium/4.8.1 (java windows)
Cache-Control: no-cache
Content-Type: application/json; charset=utf-8
host: localhost:1991
accept: */*

Response DefaultHttpResponse(decodeResult: success, version: HTTP/1.1)
HTTP/1.1 404 Not Found
Content-Length: 848
Content-Type: application/json; charset=utf-8
cache-control: no-cache

18:02:33.883 [AsyncHttpClient-1-3] DEBUG org.asynchttpclient.netty.channel.ChannelManager - Adding key: http://localhost:1991 for channel [id: 0xca5e9ae2, L:/127.0.0.1:56413 - R:localhost/127.0.0.1:1991]
18:02:33.885 [Forwarding getCurrentUrl on session 3f5f0e92870c6bc7c28ce84b0a30b7fe to remote] DEBUG org.asynchttpclient.netty.request.NettyRequestSender - Using pooled Channel '[id: 0xca5e9ae2, L:/127.0.0.1:56413 - R:localhost/127.0.0.1:1991]' for 'GET' to 'http://localhost:1991/session/3f5f0e92870c6bc7c28ce84b0a30b7fe/url'
18:02:33.885 [Forwarding getCurrentUrl on session 3f5f0e92870c6bc7c28ce84b0a30b7fe to remote] DEBUG org.asynchttpclient.netty.request.NettyRequestSender - Using open Channel [id: 0xca5e9ae2, L:/127.0.0.1:56413 - R:localhost/127.0.0.1:1991] for GET '/session/3f5f0e92870c6bc7c28ce84b0a30b7fe/url'
18:02:33.927 [AsyncHttpClient-1-3] DEBUG org.asynchttpclient.netty.handler.HttpHandler - 

Request DefaultFullHttpRequest(decodeResult: success, version: HTTP/1.1, content: EmptyByteBufBE)
GET /session/3f5f0e92870c6bc7c28ce84b0a30b7fe/url HTTP/1.1
User-Agent: selenium/4.8.1 (java windows)
Cache-Control: no-cache
Content-Type: application/json; charset=utf-8
host: localhost:1991
accept: */*

Response DefaultHttpResponse(decodeResult: success, version: HTTP/1.1)
HTTP/1.1 200 OK
Content-Length: 41
Content-Type: application/json; charset=utf-8
cache-control: no-cache

18:02:33.927 [AsyncHttpClient-1-3] DEBUG org.asynchttpclient.netty.channel.ChannelManager - Adding key: http://localhost:1991 for channel [id: 0xca5e9ae2, L:/127.0.0.1:56413 - R:localhost/127.0.0.1:1991]
18:02:33.929 [Forwarding screenshot on session 3f5f0e92870c6bc7c28ce84b0a30b7fe to remote] DEBUG org.asynchttpclient.netty.request.NettyRequestSender - Using pooled Channel '[id: 0xca5e9ae2, L:/127.0.0.1:56413 - R:localhost/127.0.0.1:1991]' for 'GET' to 'http://localhost:1991/session/3f5f0e92870c6bc7c28ce84b0a30b7fe/screenshot'
18:02:33.930 [Forwarding screenshot on session 3f5f0e92870c6bc7c28ce84b0a30b7fe to remote] DEBUG org.asynchttpclient.netty.request.NettyRequestSender - Using open Channel [id: 0xca5e9ae2, L:/127.0.0.1:56413 - R:localhost/127.0.0.1:1991] for GET '/session/3f5f0e92870c6bc7c28ce84b0a30b7fe/screenshot'
18:02:34.072 [AsyncHttpClient-1-3] DEBUG org.asynchttpclient.netty.handler.HttpHandler - 

Request DefaultFullHttpRequest(decodeResult: success, version: HTTP/1.1, content: EmptyByteBufBE)
GET /session/3f5f0e92870c6bc7c28ce84b0a30b7fe/screenshot HTTP/1.1
User-Agent: selenium/4.8.1 (java windows)
Cache-Control: no-cache
Content-Type: application/json; charset=utf-8
host: localhost:1991
accept: */*

Response DefaultHttpResponse(decodeResult: success, version: HTTP/1.1)
HTTP/1.1 200 OK
Content-Length: 29132
Content-Type: application/json; charset=utf-8
cache-control: no-cache

18:02:34.073 [AsyncHttpClient-1-3] DEBUG org.asynchttpclient.netty.channel.ChannelManager - Adding key: http://localhost:1991 for channel [id: 0xca5e9ae2, L:/127.0.0.1:56413 - R:localhost/127.0.0.1:1991]
18:02:34.076 [main] DEBUG net.serenitybdd.core.photography.Darkroom - Send negative for processing for target\site\serenity\71aa18b1b5b5eaa5584f0903d12188b9dd1b2b39f6c8c0367e136103a905e402.png
18:02:34.078 [main] DEBUG net.thucydides.core.steps.StepInterceptor - STEP DONE: user can see product homepage
  &amp#27;[32mGiven &amp#27;[0m&amp#27;[32muser success login&amp#27;[0m                                &amp#27;[90m# starter.stepdefinition.LoginStep.userSuccessLogin()&amp#27;[0m
18:02:34.078 [Darkroom Processing Line] DEBUG net.serenitybdd.core.photography.DarkroomProcessingLine - Processing screenshot image in /var/screenshots/screenshot-5845479801246008720
18:02:34.078 [Darkroom Processing Line] DEBUG net.serenitybdd.core.photography.DarkroomProcessingLine - Saving screenshot to target\site\serenity\71aa18b1b5b5eaa5584f0903d12188b9dd1b2b39f6c8c0367e136103a905e402.png
18:02:34.108 [main] DEBUG net.thucydides.core.steps.StepInterceptor - STARTING STEP: ProductStep.successAddProductToTheCart - user click button Beli
18:02:34.115 [Forwarding findElement on session 3f5f0e92870c6bc7c28ce84b0a30b7fe to remote] DEBUG org.asynchttpclient.netty.request.NettyRequestSender - Using pooled Channel '[id: 0xca5e9ae2, L:/127.0.0.1:56413 - R:localhost/127.0.0.1:1991]' for 'POST' to 'http://localhost:1991/session/3f5f0e92870c6bc7c28ce84b0a30b7fe/element'
18:02:34.115 [Forwarding findElement on session 3f5f0e92870c6bc7c28ce84b0a30b7fe to remote] DEBUG org.asynchttpclient.netty.request.NettyRequestSender - Using open Channel [id: 0xca5e9ae2, L:/127.0.0.1:56413 - R:localhost/127.0.0.1:1991] for POST '/session/3f5f0e92870c6bc7c28ce84b0a30b7fe/element'
18:02:34.249 [AsyncHttpClient-1-1] DEBUG org.asynchttpclient.netty.channel.DefaultChannelPool - Entry count for : http://localhost:56414 : 1
18:02:35.348 [AsyncHttpClient-1-1] DEBUG org.asynchttpclient.netty.channel.DefaultChannelPool - Entry count for : http://localhost:56414 : 1
18:02:36.488 [AsyncHttpClient-1-1] DEBUG org.asynchttpclient.netty.channel.DefaultChannelPool - Entry count for : http://localhost:56414 : 1
18:02:37.403 [AsyncHttpClient-1-3] DEBUG org.asynchttpclient.netty.handler.HttpHandler - 

Request DefaultHttpRequest(decodeResult: success, version: HTTP/1.1)
POST /session/3f5f0e92870c6bc7c28ce84b0a30b7fe/element HTTP/1.1
User-Agent: selenium/4.8.1 (java windows)
Content-Length: 96
Content-Type: application/json; charset=utf-8
host: localhost:1991
accept: */*

Response DefaultHttpResponse(decodeResult: success, version: HTTP/1.1)
HTTP/1.1 200 OK
Content-Length: 88
Content-Type: application/json; charset=utf-8
cache-control: no-cache

18:02:37.403 [AsyncHttpClient-1-3] DEBUG org.asynchttpclient.netty.channel.ChannelManager - Adding key: http://localhost:1991 for channel [id: 0xca5e9ae2, L:/127.0.0.1:56413 - R:localhost/127.0.0.1:1991]
18:02:37.404 [Forwarding getElementTagName on session 3f5f0e92870c6bc7c28ce84b0a30b7fe to remote] DEBUG org.asynchttpclient.netty.request.NettyRequestSender - Using pooled Channel '[id: 0xca5e9ae2, L:/127.0.0.1:56413 - R:localhost/127.0.0.1:1991]' for 'GET' to 'http://localhost:1991/session/3f5f0e92870c6bc7c28ce84b0a30b7fe/element/983a8662-5571-48e2-9a63-26b82aa7a7ef/name'
18:02:37.405 [Forwarding getElementTagName on session 3f5f0e92870c6bc7c28ce84b0a30b7fe to remote] DEBUG org.asynchttpclient.netty.request.NettyRequestSender - Using open Channel [id: 0xca5e9ae2, L:/127.0.0.1:56413 - R:localhost/127.0.0.1:1991] for GET '/session/3f5f0e92870c6bc7c28ce84b0a30b7fe/element/983a8662-5571-48e2-9a63-26b82aa7a7ef/name'
18:02:37.408 [AsyncHttpClient-1-3] DEBUG org.asynchttpclient.netty.handler.HttpHandler - 

Request DefaultFullHttpRequest(decodeResult: success, version: HTTP/1.1, content: EmptyByteBufBE)
GET /session/3f5f0e92870c6bc7c28ce84b0a30b7fe/element/983a8662-5571-48e2-9a63-26b82aa7a7ef/name HTTP/1.1
User-Agent: selenium/4.8.1 (java windows)
Cache-Control: no-cache
Content-Type: application/json; charset=utf-8
host: localhost:1991
accept: */*

Response DefaultHttpResponse(decodeResult: success, version: HTTP/1.1)
HTTP/1.1 200 OK
Content-Length: 16
Content-Type: application/json; charset=utf-8
cache-control: no-cache

18:02:37.408 [AsyncHttpClient-1-3] DEBUG org.asynchttpclient.netty.channel.ChannelManager - Adding key: http://localhost:1991 for channel [id: 0xca5e9ae2, L:/127.0.0.1:56413 - R:localhost/127.0.0.1:1991]
18:02:37.411 [Forwarding getElementTagName on session 3f5f0e92870c6bc7c28ce84b0a30b7fe to remote] DEBUG org.asynchttpclient.netty.request.NettyRequestSender - Using pooled Channel '[id: 0xca5e9ae2, L:/127.0.0.1:56413 - R:localhost/127.0.0.1:1991]' for 'GET' to 'http://localhost:1991/session/3f5f0e92870c6bc7c28ce84b0a30b7fe/element/983a8662-5571-48e2-9a63-26b82aa7a7ef/name'
18:02:37.411 [Forwarding getElementTagName on session 3f5f0e92870c6bc7c28ce84b0a30b7fe to remote] DEBUG org.asynchttpclient.netty.request.NettyRequestSender - Using open Channel [id: 0xca5e9ae2, L:/127.0.0.1:56413 - R:localhost/127.0.0.1:1991] for GET '/session/3f5f0e92870c6bc7c28ce84b0a30b7fe/element/983a8662-5571-48e2-9a63-26b82aa7a7ef/name'
18:02:37.414 [AsyncHttpClient-1-3] DEBUG org.asynchttpclient.netty.handler.HttpHandler - 

Request DefaultFullHttpRequest(decodeResult: success, version: HTTP/1.1, content: EmptyByteBufBE)
GET /session/3f5f0e92870c6bc7c28ce84b0a30b7fe/element/983a8662-5571-48e2-9a63-26b82aa7a7ef/name HTTP/1.1
User-Agent: selenium/4.8.1 (java windows)
Cache-Control: no-cache
Content-Type: application/json; charset=utf-8
host: localhost:1991
accept: */*

Response DefaultHttpResponse(decodeResult: success, version: HTTP/1.1)
HTTP/1.1 200 OK
Content-Length: 16
Content-Type: application/json; charset=utf-8
cache-control: no-cache

18:02:37.414 [AsyncHttpClient-1-3] DEBUG org.asynchttpclient.netty.channel.ChannelManager - Adding key: http://localhost:1991 for channel [id: 0xca5e9ae2, L:/127.0.0.1:56413 - R:localhost/127.0.0.1:1991]
18:02:37.415 [Forwarding findElement on session 3f5f0e92870c6bc7c28ce84b0a30b7fe to remote] DEBUG org.asynchttpclient.netty.request.NettyRequestSender - Using pooled Channel '[id: 0xca5e9ae2, L:/127.0.0.1:56413 - R:localhost/127.0.0.1:1991]' for 'POST' to 'http://localhost:1991/session/3f5f0e92870c6bc7c28ce84b0a30b7fe/element'
18:02:37.415 [Forwarding findElement on session 3f5f0e92870c6bc7c28ce84b0a30b7fe to remote] DEBUG org.asynchttpclient.netty.request.NettyRequestSender - Using open Channel [id: 0xca5e9ae2, L:/127.0.0.1:56413 - R:localhost/127.0.0.1:1991] for POST '/session/3f5f0e92870c6bc7c28ce84b0a30b7fe/element'
18:02:37.425 [AsyncHttpClient-1-3] DEBUG org.asynchttpclient.netty.handler.HttpHandler - 

Request DefaultHttpRequest(decodeResult: success, version: HTTP/1.1)
POST /session/3f5f0e92870c6bc7c28ce84b0a30b7fe/element HTTP/1.1
User-Agent: selenium/4.8.1 (java windows)
Content-Length: 96
Content-Type: application/json; charset=utf-8
host: localhost:1991
accept: */*

Response DefaultHttpResponse(decodeResult: success, version: HTTP/1.1)
HTTP/1.1 200 OK
Content-Length: 88
Content-Type: application/json; charset=utf-8
cache-control: no-cache

18:02:37.426 [AsyncHttpClient-1-3] DEBUG org.asynchttpclient.netty.channel.ChannelManager - Adding key: http://localhost:1991 for channel [id: 0xca5e9ae2, L:/127.0.0.1:56413 - R:localhost/127.0.0.1:1991]
18:02:37.427 [Forwarding clickElement on session 3f5f0e92870c6bc7c28ce84b0a30b7fe to remote] DEBUG org.asynchttpclient.netty.request.NettyRequestSender - Using pooled Channel '[id: 0xca5e9ae2, L:/127.0.0.1:56413 - R:localhost/127.0.0.1:1991]' for 'POST' to 'http://localhost:1991/session/3f5f0e92870c6bc7c28ce84b0a30b7fe/element/983a8662-5571-48e2-9a63-26b82aa7a7ef/click'
18:02:37.427 [Forwarding clickElement on session 3f5f0e92870c6bc7c28ce84b0a30b7fe to remote] DEBUG org.asynchttpclient.netty.request.NettyRequestSender - Using open Channel [id: 0xca5e9ae2, L:/127.0.0.1:56413 - R:localhost/127.0.0.1:1991] for POST '/session/3f5f0e92870c6bc7c28ce84b0a30b7fe/element/983a8662-5571-48e2-9a63-26b82aa7a7ef/click'
18:02:37.535 [AsyncHttpClient-1-3] DEBUG org.asynchttpclient.netty.handler.HttpHandler - 

Request DefaultHttpRequest(decodeResult: success, version: HTTP/1.1)
POST /session/3f5f0e92870c6bc7c28ce84b0a30b7fe/element/983a8662-5571-48e2-9a63-26b82aa7a7ef/click HTTP/1.1
User-Agent: selenium/4.8.1 (java windows)
Content-Length: 50
Content-Type: application/json; charset=utf-8
host: localhost:1991
accept: */*

Response DefaultHttpResponse(decodeResult: success, version: HTTP/1.1)
HTTP/1.1 200 OK
Content-Length: 14
Content-Type: application/json; charset=utf-8
cache-control: no-cache

18:02:37.535 [AsyncHttpClient-1-3] DEBUG org.asynchttpclient.netty.channel.ChannelManager - Adding key: http://localhost:1991 for channel [id: 0xca5e9ae2, L:/127.0.0.1:56413 - R:localhost/127.0.0.1:1991]
18:02:37.541 [Forwarding findElement on session 3f5f0e92870c6bc7c28ce84b0a30b7fe to remote] DEBUG org.asynchttpclient.netty.request.NettyRequestSender - Using pooled Channel '[id: 0xca5e9ae2, L:/127.0.0.1:56413 - R:localhost/127.0.0.1:1991]' for 'POST' to 'http://localhost:1991/session/3f5f0e92870c6bc7c28ce84b0a30b7fe/element'
18:02:37.541 [Forwarding findElement on session 3f5f0e92870c6bc7c28ce84b0a30b7fe to remote] DEBUG org.asynchttpclient.netty.request.NettyRequestSender - Using open Channel [id: 0xca5e9ae2, L:/127.0.0.1:56413 - R:localhost/127.0.0.1:1991] for POST '/session/3f5f0e92870c6bc7c28ce84b0a30b7fe/element'
18:02:37.547 [AsyncHttpClient-1-1] DEBUG org.asynchttpclient.netty.channel.DefaultChannelPool - Entry count for : http://localhost:56414 : 1
18:02:37.555 [AsyncHttpClient-1-3] DEBUG org.asynchttpclient.netty.handler.HttpHandler - 

Request DefaultHttpRequest(decodeResult: success, version: HTTP/1.1)
POST /session/3f5f0e92870c6bc7c28ce84b0a30b7fe/element HTTP/1.1
User-Agent: selenium/4.8.1 (java windows)
Content-Length: 96
Content-Type: application/json; charset=utf-8
host: localhost:1991
accept: */*

Response DefaultHttpResponse(decodeResult: success, version: HTTP/1.1)
HTTP/1.1 200 OK
Content-Length: 88
Content-Type: application/json; charset=utf-8
cache-control: no-cache

18:02:37.555 [AsyncHttpClient-1-3] DEBUG org.asynchttpclient.netty.channel.ChannelManager - Adding key: http://localhost:1991 for channel [id: 0xca5e9ae2, L:/127.0.0.1:56413 - R:localhost/127.0.0.1:1991]
18:02:37.557 [Forwarding getElementTagName on session 3f5f0e92870c6bc7c28ce84b0a30b7fe to remote] DEBUG org.asynchttpclient.netty.request.NettyRequestSender - Using pooled Channel '[id: 0xca5e9ae2, L:/127.0.0.1:56413 - R:localhost/127.0.0.1:1991]' for 'GET' to 'http://localhost:1991/session/3f5f0e92870c6bc7c28ce84b0a30b7fe/element/983a8662-5571-48e2-9a63-26b82aa7a7ef/name'
18:02:37.557 [Forwarding getElementTagName on session 3f5f0e92870c6bc7c28ce84b0a30b7fe to remote] DEBUG org.asynchttpclient.netty.request.NettyRequestSender - Using open Channel [id: 0xca5e9ae2, L:/127.0.0.1:56413 - R:localhost/127.0.0.1:1991] for GET '/session/3f5f0e92870c6bc7c28ce84b0a30b7fe/element/983a8662-5571-48e2-9a63-26b82aa7a7ef/name'
18:02:37.564 [AsyncHttpClient-1-3] DEBUG org.asynchttpclient.netty.handler.HttpHandler - 

Request DefaultFullHttpRequest(decodeResult: success, version: HTTP/1.1, content: EmptyByteBufBE)
GET /session/3f5f0e92870c6bc7c28ce84b0a30b7fe/element/983a8662-5571-48e2-9a63-26b82aa7a7ef/name HTTP/1.1
User-Agent: selenium/4.8.1 (java windows)
Cache-Control: no-cache
Content-Type: application/json; charset=utf-8
host: localhost:1991
accept: */*

Response DefaultHttpResponse(decodeResult: success, version: HTTP/1.1)
HTTP/1.1 200 OK
Content-Length: 16
Content-Type: application/json; charset=utf-8
cache-control: no-cache

18:02:37.564 [AsyncHttpClient-1-3] DEBUG org.asynchttpclient.netty.channel.ChannelManager - Adding key: http://localhost:1991 for channel [id: 0xca5e9ae2, L:/127.0.0.1:56413 - R:localhost/127.0.0.1:1991]
18:02:37.565 [Forwarding getElementTagName on session 3f5f0e92870c6bc7c28ce84b0a30b7fe to remote] DEBUG org.asynchttpclient.netty.request.NettyRequestSender - Using pooled Channel '[id: 0xca5e9ae2, L:/127.0.0.1:56413 - R:localhost/127.0.0.1:1991]' for 'GET' to 'http://localhost:1991/session/3f5f0e92870c6bc7c28ce84b0a30b7fe/element/983a8662-5571-48e2-9a63-26b82aa7a7ef/name'
18:02:37.565 [Forwarding getElementTagName on session 3f5f0e92870c6bc7c28ce84b0a30b7fe to remote] DEBUG org.asynchttpclient.netty.request.NettyRequestSender - Using open Channel [id: 0xca5e9ae2, L:/127.0.0.1:56413 - R:localhost/127.0.0.1:1991] for GET '/session/3f5f0e92870c6bc7c28ce84b0a30b7fe/element/983a8662-5571-48e2-9a63-26b82aa7a7ef/name'
18:02:37.568 [AsyncHttpClient-1-3] DEBUG org.asynchttpclient.netty.handler.HttpHandler - 

Request DefaultFullHttpRequest(decodeResult: success, version: HTTP/1.1, content: EmptyByteBufBE)
GET /session/3f5f0e92870c6bc7c28ce84b0a30b7fe/element/983a8662-5571-48e2-9a63-26b82aa7a7ef/name HTTP/1.1
User-Agent: selenium/4.8.1 (java windows)
Cache-Control: no-cache
Content-Type: application/json; charset=utf-8
host: localhost:1991
accept: */*

Response DefaultHttpResponse(decodeResult: success, version: HTTP/1.1)
HTTP/1.1 200 OK
Content-Length: 16
Content-Type: application/json; charset=utf-8
cache-control: no-cache

18:02:37.568 [AsyncHttpClient-1-3] DEBUG org.asynchttpclient.netty.channel.ChannelManager - Adding key: http://localhost:1991 for channel [id: 0xca5e9ae2, L:/127.0.0.1:56413 - R:localhost/127.0.0.1:1991]
18:02:37.570 [Forwarding findElement on session 3f5f0e92870c6bc7c28ce84b0a30b7fe to remote] DEBUG org.asynchttpclient.netty.request.NettyRequestSender - Using pooled Channel '[id: 0xca5e9ae2, L:/127.0.0.1:56413 - R:localhost/127.0.0.1:1991]' for 'POST' to 'http://localhost:1991/session/3f5f0e92870c6bc7c28ce84b0a30b7fe/element'
18:02:37.570 [Forwarding findElement on session 3f5f0e92870c6bc7c28ce84b0a30b7fe to remote] DEBUG org.asynchttpclient.netty.request.NettyRequestSender - Using open Channel [id: 0xca5e9ae2, L:/127.0.0.1:56413 - R:localhost/127.0.0.1:1991] for POST '/session/3f5f0e92870c6bc7c28ce84b0a30b7fe/element'
18:02:37.582 [AsyncHttpClient-1-3] DEBUG org.asynchttpclient.netty.handler.HttpHandler - 

Request DefaultHttpRequest(decodeResult: success, version: HTTP/1.1)
POST /session/3f5f0e92870c6bc7c28ce84b0a30b7fe/element HTTP/1.1
User-Agent: selenium/4.8.1 (java windows)
Content-Length: 96
Content-Type: application/json; charset=utf-8
host: localhost:1991
accept: */*

Response DefaultHttpResponse(decodeResult: success, version: HTTP/1.1)
HTTP/1.1 200 OK
Content-Length: 88
Content-Type: application/json; charset=utf-8
cache-control: no-cache

18:02:37.582 [AsyncHttpClient-1-3] DEBUG org.asynchttpclient.netty.channel.ChannelManager - Adding key: http://localhost:1991 for channel [id: 0xca5e9ae2, L:/127.0.0.1:56413 - R:localhost/127.0.0.1:1991]
18:02:37.583 [Forwarding clickElement on session 3f5f0e92870c6bc7c28ce84b0a30b7fe to remote] DEBUG org.asynchttpclient.netty.request.NettyRequestSender - Using pooled Channel '[id: 0xca5e9ae2, L:/127.0.0.1:56413 - R:localhost/127.0.0.1:1991]' for 'POST' to 'http://localhost:1991/session/3f5f0e92870c6bc7c28ce84b0a30b7fe/element/983a8662-5571-48e2-9a63-26b82aa7a7ef/click'
18:02:37.583 [Forwarding clickElement on session 3f5f0e92870c6bc7c28ce84b0a30b7fe to remote] DEBUG org.asynchttpclient.netty.request.NettyRequestSender - Using open Channel [id: 0xca5e9ae2, L:/127.0.0.1:56413 - R:localhost/127.0.0.1:1991] for POST '/session/3f5f0e92870c6bc7c28ce84b0a30b7fe/element/983a8662-5571-48e2-9a63-26b82aa7a7ef/click'
18:02:37.634 [AsyncHttpClient-1-3] DEBUG org.asynchttpclient.netty.handler.HttpHandler - 

Request DefaultHttpRequest(decodeResult: success, version: HTTP/1.1)
POST /session/3f5f0e92870c6bc7c28ce84b0a30b7fe/element/983a8662-5571-48e2-9a63-26b82aa7a7ef/click HTTP/1.1
User-Agent: selenium/4.8.1 (java windows)
Content-Length: 50
Content-Type: application/json; charset=utf-8
host: localhost:1991
accept: */*

Response DefaultHttpResponse(decodeResult: success, version: HTTP/1.1)
HTTP/1.1 200 OK
Content-Length: 14
Content-Type: application/json; charset=utf-8
cache-control: no-cache

18:02:37.634 [AsyncHttpClient-1-3] DEBUG org.asynchttpclient.netty.channel.ChannelManager - Adding key: http://localhost:1991 for channel [id: 0xca5e9ae2, L:/127.0.0.1:56413 - R:localhost/127.0.0.1:1991]
18:02:37.639 [Forwarding getAlertText on session 3f5f0e92870c6bc7c28ce84b0a30b7fe to remote] DEBUG org.asynchttpclient.netty.request.NettyRequestSender - Using pooled Channel '[id: 0xca5e9ae2, L:/127.0.0.1:56413 - R:localhost/127.0.0.1:1991]' for 'GET' to 'http://localhost:1991/session/3f5f0e92870c6bc7c28ce84b0a30b7fe/alert/text'
18:02:37.639 [Forwarding getAlertText on session 3f5f0e92870c6bc7c28ce84b0a30b7fe to remote] DEBUG org.asynchttpclient.netty.request.NettyRequestSender - Using open Channel [id: 0xca5e9ae2, L:/127.0.0.1:56413 - R:localhost/127.0.0.1:1991] for GET '/session/3f5f0e92870c6bc7c28ce84b0a30b7fe/alert/text'
18:02:37.640 [AsyncHttpClient-1-3] DEBUG org.asynchttpclient.netty.handler.HttpHandler - 

Request DefaultFullHttpRequest(decodeResult: success, version: HTTP/1.1, content: EmptyByteBufBE)
GET /session/3f5f0e92870c6bc7c28ce84b0a30b7fe/alert/text HTTP/1.1
User-Agent: selenium/4.8.1 (java windows)
Cache-Control: no-cache
Content-Type: application/json; charset=utf-8
host: localhost:1991
accept: */*

Response DefaultHttpResponse(decodeResult: success, version: HTTP/1.1)
HTTP/1.1 404 Not Found
Content-Length: 848
Content-Type: application/json; charset=utf-8
cache-control: no-cache

18:02:37.640 [AsyncHttpClient-1-3] DEBUG org.asynchttpclient.netty.channel.ChannelManager - Adding key: http://localhost:1991 for channel [id: 0xca5e9ae2, L:/127.0.0.1:56413 - R:localhost/127.0.0.1:1991]
18:02:37.641 [Forwarding getCurrentUrl on session 3f5f0e92870c6bc7c28ce84b0a30b7fe to remote] DEBUG org.asynchttpclient.netty.request.NettyRequestSender - Using pooled Channel '[id: 0xca5e9ae2, L:/127.0.0.1:56413 - R:localhost/127.0.0.1:1991]' for 'GET' to 'http://localhost:1991/session/3f5f0e92870c6bc7c28ce84b0a30b7fe/url'
18:02:37.641 [Forwarding getCurrentUrl on session 3f5f0e92870c6bc7c28ce84b0a30b7fe to remote] DEBUG org.asynchttpclient.netty.request.NettyRequestSender - Using open Channel [id: 0xca5e9ae2, L:/127.0.0.1:56413 - R:localhost/127.0.0.1:1991] for GET '/session/3f5f0e92870c6bc7c28ce84b0a30b7fe/url'
18:02:37.651 [AsyncHttpClient-1-3] DEBUG org.asynchttpclient.netty.handler.HttpHandler - 

Request DefaultFullHttpRequest(decodeResult: success, version: HTTP/1.1, content: EmptyByteBufBE)
GET /session/3f5f0e92870c6bc7c28ce84b0a30b7fe/url HTTP/1.1
User-Agent: selenium/4.8.1 (java windows)
Cache-Control: no-cache
Content-Type: application/json; charset=utf-8
host: localhost:1991
accept: */*

Response DefaultHttpResponse(decodeResult: success, version: HTTP/1.1)
HTTP/1.1 200 OK
Content-Length: 41
Content-Type: application/json; charset=utf-8
cache-control: no-cache

18:02:37.651 [AsyncHttpClient-1-3] DEBUG org.asynchttpclient.netty.channel.ChannelManager - Adding key: http://localhost:1991 for channel [id: 0xca5e9ae2, L:/127.0.0.1:56413 - R:localhost/127.0.0.1:1991]
18:02:37.652 [Forwarding screenshot on session 3f5f0e92870c6bc7c28ce84b0a30b7fe to remote] DEBUG org.asynchttpclient.netty.request.NettyRequestSender - Using pooled Channel '[id: 0xca5e9ae2, L:/127.0.0.1:56413 - R:localhost/127.0.0.1:1991]' for 'GET' to 'http://localhost:1991/session/3f5f0e92870c6bc7c28ce84b0a30b7fe/screenshot'
18:02:37.653 [Forwarding screenshot on session 3f5f0e92870c6bc7c28ce84b0a30b7fe to remote] DEBUG org.asynchttpclient.netty.request.NettyRequestSender - Using open Channel [id: 0xca5e9ae2, L:/127.0.0.1:56413 - R:localhost/127.0.0.1:1991] for GET '/session/3f5f0e92870c6bc7c28ce84b0a30b7fe/screenshot'
18:02:37.768 [AsyncHttpClient-1-3] DEBUG org.asynchttpclient.netty.handler.HttpHandler - 

Request DefaultFullHttpRequest(decodeResult: success, version: HTTP/1.1, content: EmptyByteBufBE)
GET /session/3f5f0e92870c6bc7c28ce84b0a30b7fe/screenshot HTTP/1.1
User-Agent: selenium/4.8.1 (java windows)
Cache-Control: no-cache
Content-Type: application/json; charset=utf-8
host: localhost:1991
accept: */*

Response DefaultHttpResponse(decodeResult: success, version: HTTP/1.1)
HTTP/1.1 200 OK
Content-Length: 100960
Content-Type: application/json; charset=utf-8
cache-control: no-cache

18:02:37.768 [AsyncHttpClient-1-3] DEBUG org.asynchttpclient.netty.channel.ChannelManager - Adding key: http://localhost:1991 for channel [id: 0xca5e9ae2, L:/127.0.0.1:56413 - R:localhost/127.0.0.1:1991]
18:02:37.772 [main] DEBUG net.serenitybdd.core.photography.Darkroom - Send negative for processing for target\site\serenity\32dc9469b25d47deed8a43a208ef2c3a97d942641b6a2d820d4cc563a57433c0.png
18:02:37.772 [main] DEBUG net.thucydides.core.steps.StepInterceptor - STEP DONE: user click button Beli
18:02:37.772 [Darkroom Processing Line] DEBUG net.serenitybdd.core.photography.DarkroomProcessingLine - Processing screenshot image in /var/screenshots/screenshot-4572259683921466909
18:02:37.772 [Darkroom Processing Line] DEBUG net.serenitybdd.core.photography.DarkroomProcessingLine - Saving screenshot to target\site\serenity\32dc9469b25d47deed8a43a208ef2c3a97d942641b6a2d820d4cc563a57433c0.png
18:02:37.776 [main] DEBUG net.thucydides.core.steps.StepInterceptor - STARTING STEP: ProductStep.successAddProductToTheCart - user success to add product to cart
18:02:37.779 [Forwarding findElement on session 3f5f0e92870c6bc7c28ce84b0a30b7fe to remote] DEBUG org.asynchttpclient.netty.request.NettyRequestSender - Using pooled Channel '[id: 0xca5e9ae2, L:/127.0.0.1:56413 - R:localhost/127.0.0.1:1991]' for 'POST' to 'http://localhost:1991/session/3f5f0e92870c6bc7c28ce84b0a30b7fe/element'
18:02:37.779 [Forwarding findElement on session 3f5f0e92870c6bc7c28ce84b0a30b7fe to remote] DEBUG org.asynchttpclient.netty.request.NettyRequestSender - Using open Channel [id: 0xca5e9ae2, L:/127.0.0.1:56413 - R:localhost/127.0.0.1:1991] for POST '/session/3f5f0e92870c6bc7c28ce84b0a30b7fe/element'
18:02:37.794 [AsyncHttpClient-1-3] DEBUG org.asynchttpclient.netty.handler.HttpHandler - 

Request DefaultHttpRequest(decodeResult: success, version: HTTP/1.1)
POST /session/3f5f0e92870c6bc7c28ce84b0a30b7fe/element HTTP/1.1
User-Agent: selenium/4.8.1 (java windows)
Content-Length: 80
Content-Type: application/json; charset=utf-8
host: localhost:1991
accept: */*

Response DefaultHttpResponse(decodeResult: success, version: HTTP/1.1)
HTTP/1.1 200 OK
Content-Length: 88
Content-Type: application/json; charset=utf-8
cache-control: no-cache

18:02:37.795 [AsyncHttpClient-1-3] DEBUG org.asynchttpclient.netty.channel.ChannelManager - Adding key: http://localhost:1991 for channel [id: 0xca5e9ae2, L:/127.0.0.1:56413 - R:localhost/127.0.0.1:1991]
18:02:37.799 [Forwarding isElementDisplayed on session 3f5f0e92870c6bc7c28ce84b0a30b7fe to remote] DEBUG org.asynchttpclient.netty.request.NettyRequestSender - Using pooled Channel '[id: 0xca5e9ae2, L:/127.0.0.1:56413 - R:localhost/127.0.0.1:1991]' for 'POST' to 'http://localhost:1991/session/3f5f0e92870c6bc7c28ce84b0a30b7fe/execute/sync'
18:02:37.799 [Forwarding isElementDisplayed on session 3f5f0e92870c6bc7c28ce84b0a30b7fe to remote] DEBUG org.asynchttpclient.netty.request.NettyRequestSender - Using open Channel [id: 0xca5e9ae2, L:/127.0.0.1:56413 - R:localhost/127.0.0.1:1991] for POST '/session/3f5f0e92870c6bc7c28ce84b0a30b7fe/execute/sync'
18:02:37.807 [AsyncHttpClient-1-3] DEBUG org.asynchttpclient.netty.handler.HttpHandler - 

Request DefaultHttpRequest(decodeResult: success, version: HTTP/1.1)
POST /session/3f5f0e92870c6bc7c28ce84b0a30b7fe/execute/sync HTTP/1.1
User-Agent: selenium/4.8.1 (java windows)
Content-Length: 48807
Content-Type: application/json; charset=utf-8
host: localhost:1991
accept: */*

Response DefaultHttpResponse(decodeResult: success, version: HTTP/1.1)
HTTP/1.1 200 OK
Content-Length: 14
Content-Type: application/json; charset=utf-8
cache-control: no-cache

18:02:37.807 [AsyncHttpClient-1-3] DEBUG org.asynchttpclient.netty.channel.ChannelManager - Adding key: http://localhost:1991 for channel [id: 0xca5e9ae2, L:/127.0.0.1:56413 - R:localhost/127.0.0.1:1991]
18:02:37.814 [main] DEBUG net.thucydides.core.steps.StepInterceptor - STEP DONE: user success to add product to cart
  &amp#27;[32mAnd &amp#27;[0m&amp#27;[32muser success add product to the cart&amp#27;[0m                &amp#27;[90m# starter.stepdefinition.ProductStep.successAddProductToTheCart()&amp#27;[0m
18:02:37.829 [main] DEBUG net.thucydides.core.steps.StepInterceptor - STARTING STEP: CartStep.userClickTheCart - user click the cart
18:02:37.831 [Forwarding findElement on session 3f5f0e92870c6bc7c28ce84b0a30b7fe to remote] DEBUG org.asynchttpclient.netty.request.NettyRequestSender - Using pooled Channel '[id: 0xca5e9ae2, L:/127.0.0.1:56413 - R:localhost/127.0.0.1:1991]' for 'POST' to 'http://localhost:1991/session/3f5f0e92870c6bc7c28ce84b0a30b7fe/element'
18:02:37.831 [Forwarding findElement on session 3f5f0e92870c6bc7c28ce84b0a30b7fe to remote] DEBUG org.asynchttpclient.netty.request.NettyRequestSender - Using open Channel [id: 0xca5e9ae2, L:/127.0.0.1:56413 - R:localhost/127.0.0.1:1991] for POST '/session/3f5f0e92870c6bc7c28ce84b0a30b7fe/element'
18:02:37.855 [AsyncHttpClient-1-3] DEBUG org.asynchttpclient.netty.handler.HttpHandler - 

Request DefaultHttpRequest(decodeResult: success, version: HTTP/1.1)
POST /session/3f5f0e92870c6bc7c28ce84b0a30b7fe/element HTTP/1.1
User-Agent: selenium/4.8.1 (java windows)
Content-Length: 112
Content-Type: application/json; charset=utf-8
host: localhost:1991
accept: */*

Response DefaultHttpResponse(decodeResult: success, version: HTTP/1.1)
HTTP/1.1 200 OK
Content-Length: 88
Content-Type: application/json; charset=utf-8
cache-control: no-cache

18:02:37.855 [AsyncHttpClient-1-3] DEBUG org.asynchttpclient.netty.channel.ChannelManager - Adding key: http://localhost:1991 for channel [id: 0xca5e9ae2, L:/127.0.0.1:56413 - R:localhost/127.0.0.1:1991]
18:02:37.857 [Forwarding getElementTagName on session 3f5f0e92870c6bc7c28ce84b0a30b7fe to remote] DEBUG org.asynchttpclient.netty.request.NettyRequestSender - Using pooled Channel '[id: 0xca5e9ae2, L:/127.0.0.1:56413 - R:localhost/127.0.0.1:1991]' for 'GET' to 'http://localhost:1991/session/3f5f0e92870c6bc7c28ce84b0a30b7fe/element/dca6be62-efdc-47cb-8b3d-a9e1f6ae89da/name'
18:02:37.857 [Forwarding getElementTagName on session 3f5f0e92870c6bc7c28ce84b0a30b7fe to remote] DEBUG org.asynchttpclient.netty.request.NettyRequestSender - Using open Channel [id: 0xca5e9ae2, L:/127.0.0.1:56413 - R:localhost/127.0.0.1:1991] for GET '/session/3f5f0e92870c6bc7c28ce84b0a30b7fe/element/dca6be62-efdc-47cb-8b3d-a9e1f6ae89da/name'
18:02:37.865 [AsyncHttpClient-1-3] DEBUG org.asynchttpclient.netty.handler.HttpHandler - 

Request DefaultFullHttpRequest(decodeResult: success, version: HTTP/1.1, content: EmptyByteBufBE)
GET /session/3f5f0e92870c6bc7c28ce84b0a30b7fe/element/dca6be62-efdc-47cb-8b3d-a9e1f6ae89da/name HTTP/1.1
User-Agent: selenium/4.8.1 (java windows)
Cache-Control: no-cache
Content-Type: application/json; charset=utf-8
host: localhost:1991
accept: */*

Response DefaultHttpResponse(decodeResult: success, version: HTTP/1.1)
HTTP/1.1 200 OK
Content-Length: 13
Content-Type: application/json; charset=utf-8
cache-control: no-cache

18:02:37.865 [AsyncHttpClient-1-3] DEBUG org.asynchttpclient.netty.channel.ChannelManager - Adding key: http://localhost:1991 for channel [id: 0xca5e9ae2, L:/127.0.0.1:56413 - R:localhost/127.0.0.1:1991]
18:02:37.866 [Forwarding getElementTagName on session 3f5f0e92870c6bc7c28ce84b0a30b7fe to remote] DEBUG org.asynchttpclient.netty.request.NettyRequestSender - Using pooled Channel '[id: 0xca5e9ae2, L:/127.0.0.1:56413 - R:localhost/127.0.0.1:1991]' for 'GET' to 'http://localhost:1991/session/3f5f0e92870c6bc7c28ce84b0a30b7fe/element/dca6be62-efdc-47cb-8b3d-a9e1f6ae89da/name'
18:02:37.866 [Forwarding getElementTagName on session 3f5f0e92870c6bc7c28ce84b0a30b7fe to remote] DEBUG org.asynchttpclient.netty.request.NettyRequestSender - Using open Channel [id: 0xca5e9ae2, L:/127.0.0.1:56413 - R:localhost/127.0.0.1:1991] for GET '/session/3f5f0e92870c6bc7c28ce84b0a30b7fe/element/dca6be62-efdc-47cb-8b3d-a9e1f6ae89da/name'
18:02:37.869 [AsyncHttpClient-1-3] DEBUG org.asynchttpclient.netty.handler.HttpHandler - 

Request DefaultFullHttpRequest(decodeResult: success, version: HTTP/1.1, content: EmptyByteBufBE)
GET /session/3f5f0e92870c6bc7c28ce84b0a30b7fe/element/dca6be62-efdc-47cb-8b3d-a9e1f6ae89da/name HTTP/1.1
User-Agent: selenium/4.8.1 (java windows)
Cache-Control: no-cache
Content-Type: application/json; charset=utf-8
host: localhost:1991
accept: */*

Response DefaultHttpResponse(decodeResult: success, version: HTTP/1.1)
HTTP/1.1 200 OK
Content-Length: 13
Content-Type: application/json; charset=utf-8
cache-control: no-cache

18:02:37.869 [AsyncHttpClient-1-3] DEBUG org.asynchttpclient.netty.channel.ChannelManager - Adding key: http://localhost:1991 for channel [id: 0xca5e9ae2, L:/127.0.0.1:56413 - R:localhost/127.0.0.1:1991]
18:02:37.870 [Forwarding findElement on session 3f5f0e92870c6bc7c28ce84b0a30b7fe to remote] DEBUG org.asynchttpclient.netty.request.NettyRequestSender - Using pooled Channel '[id: 0xca5e9ae2, L:/127.0.0.1:56413 - R:localhost/127.0.0.1:1991]' for 'POST' to 'http://localhost:1991/session/3f5f0e92870c6bc7c28ce84b0a30b7fe/element'
18:02:37.871 [Forwarding findElement on session 3f5f0e92870c6bc7c28ce84b0a30b7fe to remote] DEBUG org.asynchttpclient.netty.request.NettyRequestSender - Using open Channel [id: 0xca5e9ae2, L:/127.0.0.1:56413 - R:localhost/127.0.0.1:1991] for POST '/session/3f5f0e92870c6bc7c28ce84b0a30b7fe/element'
18:02:37.880 [AsyncHttpClient-1-3] DEBUG org.asynchttpclient.netty.handler.HttpHandler - 

Request DefaultHttpRequest(decodeResult: success, version: HTTP/1.1)
POST /session/3f5f0e92870c6bc7c28ce84b0a30b7fe/element HTTP/1.1
User-Agent: selenium/4.8.1 (java windows)
Content-Length: 112
Content-Type: application/json; charset=utf-8
host: localhost:1991
accept: */*

Response DefaultHttpResponse(decodeResult: success, version: HTTP/1.1)
HTTP/1.1 200 OK
Content-Length: 88
Content-Type: application/json; charset=utf-8
cache-control: no-cache

18:02:37.880 [AsyncHttpClient-1-3] DEBUG org.asynchttpclient.netty.channel.ChannelManager - Adding key: http://localhost:1991 for channel [id: 0xca5e9ae2, L:/127.0.0.1:56413 - R:localhost/127.0.0.1:1991]
18:02:37.881 [Forwarding clickElement on session 3f5f0e92870c6bc7c28ce84b0a30b7fe to remote] DEBUG org.asynchttpclient.netty.request.NettyRequestSender - Using pooled Channel '[id: 0xca5e9ae2, L:/127.0.0.1:56413 - R:localhost/127.0.0.1:1991]' for 'POST' to 'http://localhost:1991/session/3f5f0e92870c6bc7c28ce84b0a30b7fe/element/dca6be62-efdc-47cb-8b3d-a9e1f6ae89da/click'
18:02:37.881 [Forwarding clickElement on session 3f5f0e92870c6bc7c28ce84b0a30b7fe to remote] DEBUG org.asynchttpclient.netty.request.NettyRequestSender - Using open Channel [id: 0xca5e9ae2, L:/127.0.0.1:56413 - R:localhost/127.0.0.1:1991] for POST '/session/3f5f0e92870c6bc7c28ce84b0a30b7fe/element/dca6be62-efdc-47cb-8b3d-a9e1f6ae89da/click'
18:02:37.925 [AsyncHttpClient-1-3] DEBUG org.asynchttpclient.netty.handler.HttpHandler - 

Request DefaultHttpRequest(decodeResult: success, version: HTTP/1.1)
POST /session/3f5f0e92870c6bc7c28ce84b0a30b7fe/element/dca6be62-efdc-47cb-8b3d-a9e1f6ae89da/click HTTP/1.1
User-Agent: selenium/4.8.1 (java windows)
Content-Length: 50
Content-Type: application/json; charset=utf-8
host: localhost:1991
accept: */*

Response DefaultHttpResponse(decodeResult: success, version: HTTP/1.1)
HTTP/1.1 200 OK
Content-Length: 14
Content-Type: application/json; charset=utf-8
cache-control: no-cache

18:02:37.925 [AsyncHttpClient-1-3] DEBUG org.asynchttpclient.netty.channel.ChannelManager - Adding key: http://localhost:1991 for channel [id: 0xca5e9ae2, L:/127.0.0.1:56413 - R:localhost/127.0.0.1:1991]
18:02:37.936 [Forwarding getAlertText on session 3f5f0e92870c6bc7c28ce84b0a30b7fe to remote] DEBUG org.asynchttpclient.netty.request.NettyRequestSender - Using pooled Channel '[id: 0xca5e9ae2, L:/127.0.0.1:56413 - R:localhost/127.0.0.1:1991]' for 'GET' to 'http://localhost:1991/session/3f5f0e92870c6bc7c28ce84b0a30b7fe/alert/text'
18:02:37.936 [Forwarding getAlertText on session 3f5f0e92870c6bc7c28ce84b0a30b7fe to remote] DEBUG org.asynchttpclient.netty.request.NettyRequestSender - Using open Channel [id: 0xca5e9ae2, L:/127.0.0.1:56413 - R:localhost/127.0.0.1:1991] for GET '/session/3f5f0e92870c6bc7c28ce84b0a30b7fe/alert/text'
18:02:38.087 [AsyncHttpClient-1-3] DEBUG org.asynchttpclient.netty.handler.HttpHandler - 

Request DefaultFullHttpRequest(decodeResult: success, version: HTTP/1.1, content: EmptyByteBufBE)
GET /session/3f5f0e92870c6bc7c28ce84b0a30b7fe/alert/text HTTP/1.1
User-Agent: selenium/4.8.1 (java windows)
Cache-Control: no-cache
Content-Type: application/json; charset=utf-8
host: localhost:1991
accept: */*

Response DefaultHttpResponse(decodeResult: success, version: HTTP/1.1)
HTTP/1.1 404 Not Found
Content-Length: 848
Content-Type: application/json; charset=utf-8
cache-control: no-cache

18:02:38.088 [AsyncHttpClient-1-3] DEBUG org.asynchttpclient.netty.channel.ChannelManager - Adding key: http://localhost:1991 for channel [id: 0xca5e9ae2, L:/127.0.0.1:56413 - R:localhost/127.0.0.1:1991]
18:02:38.089 [Forwarding getCurrentUrl on session 3f5f0e92870c6bc7c28ce84b0a30b7fe to remote] DEBUG org.asynchttpclient.netty.request.NettyRequestSender - Using pooled Channel '[id: 0xca5e9ae2, L:/127.0.0.1:56413 - R:localhost/127.0.0.1:1991]' for 'GET' to 'http://localhost:1991/session/3f5f0e92870c6bc7c28ce84b0a30b7fe/url'
18:02:38.089 [Forwarding getCurrentUrl on session 3f5f0e92870c6bc7c28ce84b0a30b7fe to remote] DEBUG org.asynchttpclient.netty.request.NettyRequestSender - Using open Channel [id: 0xca5e9ae2, L:/127.0.0.1:56413 - R:localhost/127.0.0.1:1991] for GET '/session/3f5f0e92870c6bc7c28ce84b0a30b7fe/url'
18:02:38.096 [AsyncHttpClient-1-3] DEBUG org.asynchttpclient.netty.handler.HttpHandler - 

Request DefaultFullHttpRequest(decodeResult: success, version: HTTP/1.1, content: EmptyByteBufBE)
GET /session/3f5f0e92870c6bc7c28ce84b0a30b7fe/url HTTP/1.1
User-Agent: selenium/4.8.1 (java windows)
Cache-Control: no-cache
Content-Type: application/json; charset=utf-8
host: localhost:1991
accept: */*

Response DefaultHttpResponse(decodeResult: success, version: HTTP/1.1)
HTTP/1.1 200 OK
Content-Length: 46
Content-Type: application/json; charset=utf-8
cache-control: no-cache

18:02:38.096 [AsyncHttpClient-1-3] DEBUG org.asynchttpclient.netty.channel.ChannelManager - Adding key: http://localhost:1991 for channel [id: 0xca5e9ae2, L:/127.0.0.1:56413 - R:localhost/127.0.0.1:1991]
18:02:38.097 [Forwarding screenshot on session 3f5f0e92870c6bc7c28ce84b0a30b7fe to remote] DEBUG org.asynchttpclient.netty.request.NettyRequestSender - Using pooled Channel '[id: 0xca5e9ae2, L:/127.0.0.1:56413 - R:localhost/127.0.0.1:1991]' for 'GET' to 'http://localhost:1991/session/3f5f0e92870c6bc7c28ce84b0a30b7fe/screenshot'
18:02:38.097 [Forwarding screenshot on session 3f5f0e92870c6bc7c28ce84b0a30b7fe to remote] DEBUG org.asynchttpclient.netty.request.NettyRequestSender - Using open Channel [id: 0xca5e9ae2, L:/127.0.0.1:56413 - R:localhost/127.0.0.1:1991] for GET '/session/3f5f0e92870c6bc7c28ce84b0a30b7fe/screenshot'
18:02:38.217 [AsyncHttpClient-1-3] DEBUG org.asynchttpclient.netty.handler.HttpHandler - 

Request DefaultFullHttpRequest(decodeResult: success, version: HTTP/1.1, content: EmptyByteBufBE)
GET /session/3f5f0e92870c6bc7c28ce84b0a30b7fe/screenshot HTTP/1.1
User-Agent: selenium/4.8.1 (java windows)
Cache-Control: no-cache
Content-Type: application/json; charset=utf-8
host: localhost:1991
accept: */*

Response DefaultHttpResponse(decodeResult: success, version: HTTP/1.1)
HTTP/1.1 200 OK
Content-Length: 30228
Content-Type: application/json; charset=utf-8
cache-control: no-cache

18:02:38.217 [AsyncHttpClient-1-3] DEBUG org.asynchttpclient.netty.channel.ChannelManager - Adding key: http://localhost:1991 for channel [id: 0xca5e9ae2, L:/127.0.0.1:56413 - R:localhost/127.0.0.1:1991]
18:02:38.219 [main] DEBUG net.serenitybdd.core.photography.Darkroom - Send negative for processing for target\site\serenity\11101ca0469e3e41dcafb23235cc04687f51707c4d0e03b3c47c9c0aed2c9346.png
18:02:38.219 [main] DEBUG net.thucydides.core.steps.StepInterceptor - STEP DONE: user click the cart
18:02:38.219 [Darkroom Processing Line] DEBUG net.serenitybdd.core.photography.DarkroomProcessingLine - Processing screenshot image in /var/screenshots/screenshot-8797528154858852955
  &amp#27;[32mWhen &amp#27;[0m&amp#27;[32muser click the cart&amp#27;[0m                                &amp#27;[90m# starter.stepdefinition.CartStep.userClickTheCart()&amp#27;[0m
18:02:38.219 [Darkroom Processing Line] DEBUG net.serenitybdd.core.photography.DarkroomProcessingLine - Saving screenshot to target\site\serenity\11101ca0469e3e41dcafb23235cc04687f51707c4d0e03b3c47c9c0aed2c9346.png
18:02:38.229 [main] DEBUG net.thucydides.core.steps.StepInterceptor - STARTING STEP: CartStep.userClicksButtonMinUntilQuantity - user clicks button min until quantity 0
18:02:38.231 [Forwarding findElement on session 3f5f0e92870c6bc7c28ce84b0a30b7fe to remote] DEBUG org.asynchttpclient.netty.request.NettyRequestSender - Using pooled Channel '[id: 0xca5e9ae2, L:/127.0.0.1:56413 - R:localhost/127.0.0.1:1991]' for 'POST' to 'http://localhost:1991/session/3f5f0e92870c6bc7c28ce84b0a30b7fe/element'
18:02:38.231 [Forwarding findElement on session 3f5f0e92870c6bc7c28ce84b0a30b7fe to remote] DEBUG org.asynchttpclient.netty.request.NettyRequestSender - Using open Channel [id: 0xca5e9ae2, L:/127.0.0.1:56413 - R:localhost/127.0.0.1:1991] for POST '/session/3f5f0e92870c6bc7c28ce84b0a30b7fe/element'
18:02:38.241 [AsyncHttpClient-1-3] DEBUG org.asynchttpclient.netty.handler.HttpHandler - 

Request DefaultHttpRequest(decodeResult: success, version: HTTP/1.1)
POST /session/3f5f0e92870c6bc7c28ce84b0a30b7fe/element HTTP/1.1
User-Agent: selenium/4.8.1 (java windows)
Content-Length: 65
Content-Type: application/json; charset=utf-8
host: localhost:1991
accept: */*

Response DefaultHttpResponse(decodeResult: success, version: HTTP/1.1)
HTTP/1.1 200 OK
Content-Length: 88
Content-Type: application/json; charset=utf-8
cache-control: no-cache

18:02:38.241 [AsyncHttpClient-1-3] DEBUG org.asynchttpclient.netty.channel.ChannelManager - Adding key: http://localhost:1991 for channel [id: 0xca5e9ae2, L:/127.0.0.1:56413 - R:localhost/127.0.0.1:1991]
18:02:38.243 [Forwarding getElementTagName on session 3f5f0e92870c6bc7c28ce84b0a30b7fe to remote] DEBUG org.asynchttpclient.netty.request.NettyRequestSender - Using pooled Channel '[id: 0xca5e9ae2, L:/127.0.0.1:56413 - R:localhost/127.0.0.1:1991]' for 'GET' to 'http://localhost:1991/session/3f5f0e92870c6bc7c28ce84b0a30b7fe/element/a314de14-6f0c-4806-b251-007c3fffd1bf/name'
18:02:38.243 [Forwarding getElementTagName on session 3f5f0e92870c6bc7c28ce84b0a30b7fe to remote] DEBUG org.asynchttpclient.netty.request.NettyRequestSender - Using open Channel [id: 0xca5e9ae2, L:/127.0.0.1:56413 - R:localhost/127.0.0.1:1991] for GET '/session/3f5f0e92870c6bc7c28ce84b0a30b7fe/element/a314de14-6f0c-4806-b251-007c3fffd1bf/name'
18:02:38.248 [AsyncHttpClient-1-3] DEBUG org.asynchttpclient.netty.handler.HttpHandler - 

Request DefaultFullHttpRequest(decodeResult: success, version: HTTP/1.1, content: EmptyByteBufBE)
GET /session/3f5f0e92870c6bc7c28ce84b0a30b7fe/element/a314de14-6f0c-4806-b251-007c3fffd1bf/name HTTP/1.1
User-Agent: selenium/4.8.1 (java windows)
Cache-Control: no-cache
Content-Type: application/json; charset=utf-8
host: localhost:1991
accept: */*

Response DefaultHttpResponse(decodeResult: success, version: HTTP/1.1)
HTTP/1.1 200 OK
Content-Length: 16
Content-Type: application/json; charset=utf-8
cache-control: no-cache

18:02:38.248 [AsyncHttpClient-1-3] DEBUG org.asynchttpclient.netty.channel.ChannelManager - Adding key: http://localhost:1991 for channel [id: 0xca5e9ae2, L:/127.0.0.1:56413 - R:localhost/127.0.0.1:1991]
18:02:38.249 [Forwarding getElementTagName on session 3f5f0e92870c6bc7c28ce84b0a30b7fe to remote] DEBUG org.asynchttpclient.netty.request.NettyRequestSender - Using pooled Channel '[id: 0xca5e9ae2, L:/127.0.0.1:56413 - R:localhost/127.0.0.1:1991]' for 'GET' to 'http://localhost:1991/session/3f5f0e92870c6bc7c28ce84b0a30b7fe/element/a314de14-6f0c-4806-b251-007c3fffd1bf/name'
18:02:38.249 [Forwarding getElementTagName on session 3f5f0e92870c6bc7c28ce84b0a30b7fe to remote] DEBUG org.asynchttpclient.netty.request.NettyRequestSender - Using open Channel [id: 0xca5e9ae2, L:/127.0.0.1:56413 - R:localhost/127.0.0.1:1991] for GET '/session/3f5f0e92870c6bc7c28ce84b0a30b7fe/element/a314de14-6f0c-4806-b251-007c3fffd1bf/name'
18:02:38.253 [AsyncHttpClient-1-3] DEBUG org.asynchttpclient.netty.handler.HttpHandler - 

Request DefaultFullHttpRequest(decodeResult: success, version: HTTP/1.1, content: EmptyByteBufBE)
GET /session/3f5f0e92870c6bc7c28ce84b0a30b7fe/element/a314de14-6f0c-4806-b251-007c3fffd1bf/name HTTP/1.1
User-Agent: selenium/4.8.1 (java windows)
Cache-Control: no-cache
Content-Type: application/json; charset=utf-8
host: localhost:1991
accept: */*

Response DefaultHttpResponse(decodeResult: success, version: HTTP/1.1)
HTTP/1.1 200 OK
Content-Length: 16
Content-Type: application/json; charset=utf-8
cache-control: no-cache

18:02:38.253 [AsyncHttpClient-1-3] DEBUG org.asynchttpclient.netty.channel.ChannelManager - Adding key: http://localhost:1991 for channel [id: 0xca5e9ae2, L:/127.0.0.1:56413 - R:localhost/127.0.0.1:1991]
18:02:38.254 [Forwarding findElement on session 3f5f0e92870c6bc7c28ce84b0a30b7fe to remote] DEBUG org.asynchttpclient.netty.request.NettyRequestSender - Using pooled Channel '[id: 0xca5e9ae2, L:/127.0.0.1:56413 - R:localhost/127.0.0.1:1991]' for 'POST' to 'http://localhost:1991/session/3f5f0e92870c6bc7c28ce84b0a30b7fe/element'
18:02:38.255 [Forwarding findElement on session 3f5f0e92870c6bc7c28ce84b0a30b7fe to remote] DEBUG org.asynchttpclient.netty.request.NettyRequestSender - Using open Channel [id: 0xca5e9ae2, L:/127.0.0.1:56413 - R:localhost/127.0.0.1:1991] for POST '/session/3f5f0e92870c6bc7c28ce84b0a30b7fe/element'
18:02:38.262 [AsyncHttpClient-1-3] DEBUG org.asynchttpclient.netty.handler.HttpHandler - 

Request DefaultHttpRequest(decodeResult: success, version: HTTP/1.1)
POST /session/3f5f0e92870c6bc7c28ce84b0a30b7fe/element HTTP/1.1
User-Agent: selenium/4.8.1 (java windows)
Content-Length: 65
Content-Type: application/json; charset=utf-8
host: localhost:1991
accept: */*

Response DefaultHttpResponse(decodeResult: success, version: HTTP/1.1)
HTTP/1.1 200 OK
Content-Length: 88
Content-Type: application/json; charset=utf-8
cache-control: no-cache

18:02:38.262 [AsyncHttpClient-1-3] DEBUG org.asynchttpclient.netty.channel.ChannelManager - Adding key: http://localhost:1991 for channel [id: 0xca5e9ae2, L:/127.0.0.1:56413 - R:localhost/127.0.0.1:1991]
18:02:38.263 [Forwarding clickElement on session 3f5f0e92870c6bc7c28ce84b0a30b7fe to remote] DEBUG org.asynchttpclient.netty.request.NettyRequestSender - Using pooled Channel '[id: 0xca5e9ae2, L:/127.0.0.1:56413 - R:localhost/127.0.0.1:1991]' for 'POST' to 'http://localhost:1991/session/3f5f0e92870c6bc7c28ce84b0a30b7fe/element/a314de14-6f0c-4806-b251-007c3fffd1bf/click'
18:02:38.263 [Forwarding clickElement on session 3f5f0e92870c6bc7c28ce84b0a30b7fe to remote] DEBUG org.asynchttpclient.netty.request.NettyRequestSender - Using open Channel [id: 0xca5e9ae2, L:/127.0.0.1:56413 - R:localhost/127.0.0.1:1991] for POST '/session/3f5f0e92870c6bc7c28ce84b0a30b7fe/element/a314de14-6f0c-4806-b251-007c3fffd1bf/click'
18:02:38.300 [AsyncHttpClient-1-3] DEBUG org.asynchttpclient.netty.handler.HttpHandler - 

Request DefaultHttpRequest(decodeResult: success, version: HTTP/1.1)
POST /session/3f5f0e92870c6bc7c28ce84b0a30b7fe/element/a314de14-6f0c-4806-b251-007c3fffd1bf/click HTTP/1.1
User-Agent: selenium/4.8.1 (java windows)
Content-Length: 50
Content-Type: application/json; charset=utf-8
host: localhost:1991
accept: */*

Response DefaultHttpResponse(decodeResult: success, version: HTTP/1.1)
HTTP/1.1 200 OK
Content-Length: 14
Content-Type: application/json; charset=utf-8
cache-control: no-cache

18:02:38.300 [AsyncHttpClient-1-3] DEBUG org.asynchttpclient.netty.channel.ChannelManager - Adding key: http://localhost:1991 for channel [id: 0xca5e9ae2, L:/127.0.0.1:56413 - R:localhost/127.0.0.1:1991]
18:02:38.305 [Forwarding findElement on session 3f5f0e92870c6bc7c28ce84b0a30b7fe to remote] DEBUG org.asynchttpclient.netty.request.NettyRequestSender - Using pooled Channel '[id: 0xca5e9ae2, L:/127.0.0.1:56413 - R:localhost/127.0.0.1:1991]' for 'POST' to 'http://localhost:1991/session/3f5f0e92870c6bc7c28ce84b0a30b7fe/element'
18:02:38.305 [Forwarding findElement on session 3f5f0e92870c6bc7c28ce84b0a30b7fe to remote] DEBUG org.asynchttpclient.netty.request.NettyRequestSender - Using open Channel [id: 0xca5e9ae2, L:/127.0.0.1:56413 - R:localhost/127.0.0.1:1991] for POST '/session/3f5f0e92870c6bc7c28ce84b0a30b7fe/element'
18:02:38.313 [AsyncHttpClient-1-3] DEBUG org.asynchttpclient.netty.handler.HttpHandler - 

Request DefaultHttpRequest(decodeResult: success, version: HTTP/1.1)
POST /session/3f5f0e92870c6bc7c28ce84b0a30b7fe/element HTTP/1.1
User-Agent: selenium/4.8.1 (java windows)
Content-Length: 65
Content-Type: application/json; charset=utf-8
host: localhost:1991
accept: */*

Response DefaultHttpResponse(decodeResult: success, version: HTTP/1.1)
HTTP/1.1 200 OK
Content-Length: 88
Content-Type: application/json; charset=utf-8
cache-control: no-cache

18:02:38.313 [AsyncHttpClient-1-3] DEBUG org.asynchttpclient.netty.channel.ChannelManager - Adding key: http://localhost:1991 for channel [id: 0xca5e9ae2, L:/127.0.0.1:56413 - R:localhost/127.0.0.1:1991]
18:02:38.314 [Forwarding getElementTagName on session 3f5f0e92870c6bc7c28ce84b0a30b7fe to remote] DEBUG org.asynchttpclient.netty.request.NettyRequestSender - Using pooled Channel '[id: 0xca5e9ae2, L:/127.0.0.1:56413 - R:localhost/127.0.0.1:1991]' for 'GET' to 'http://localhost:1991/session/3f5f0e92870c6bc7c28ce84b0a30b7fe/element/a314de14-6f0c-4806-b251-007c3fffd1bf/name'
18:02:38.314 [Forwarding getElementTagName on session 3f5f0e92870c6bc7c28ce84b0a30b7fe to remote] DEBUG org.asynchttpclient.netty.request.NettyRequestSender - Using open Channel [id: 0xca5e9ae2, L:/127.0.0.1:56413 - R:localhost/127.0.0.1:1991] for GET '/session/3f5f0e92870c6bc7c28ce84b0a30b7fe/element/a314de14-6f0c-4806-b251-007c3fffd1bf/name'
18:02:38.317 [AsyncHttpClient-1-3] DEBUG org.asynchttpclient.netty.handler.HttpHandler - 

Request DefaultFullHttpRequest(decodeResult: success, version: HTTP/1.1, content: EmptyByteBufBE)
GET /session/3f5f0e92870c6bc7c28ce84b0a30b7fe/element/a314de14-6f0c-4806-b251-007c3fffd1bf/name HTTP/1.1
User-Agent: selenium/4.8.1 (java windows)
Cache-Control: no-cache
Content-Type: application/json; charset=utf-8
host: localhost:1991
accept: */*

Response DefaultHttpResponse(decodeResult: success, version: HTTP/1.1)
HTTP/1.1 200 OK
Content-Length: 16
Content-Type: application/json; charset=utf-8
cache-control: no-cache

18:02:38.317 [AsyncHttpClient-1-3] DEBUG org.asynchttpclient.netty.channel.ChannelManager - Adding key: http://localhost:1991 for channel [id: 0xca5e9ae2, L:/127.0.0.1:56413 - R:localhost/127.0.0.1:1991]
18:02:38.318 [Forwarding getElementTagName on session 3f5f0e92870c6bc7c28ce84b0a30b7fe to remote] DEBUG org.asynchttpclient.netty.request.NettyRequestSender - Using pooled Channel '[id: 0xca5e9ae2, L:/127.0.0.1:56413 - R:localhost/127.0.0.1:1991]' for 'GET' to 'http://localhost:1991/session/3f5f0e92870c6bc7c28ce84b0a30b7fe/element/a314de14-6f0c-4806-b251-007c3fffd1bf/name'
18:02:38.318 [Forwarding getElementTagName on session 3f5f0e92870c6bc7c28ce84b0a30b7fe to remote] DEBUG org.asynchttpclient.netty.request.NettyRequestSender - Using open Channel [id: 0xca5e9ae2, L:/127.0.0.1:56413 - R:localhost/127.0.0.1:1991] for GET '/session/3f5f0e92870c6bc7c28ce84b0a30b7fe/element/a314de14-6f0c-4806-b251-007c3fffd1bf/name'
18:02:38.321 [AsyncHttpClient-1-3] DEBUG org.asynchttpclient.netty.handler.HttpHandler - 

Request DefaultFullHttpRequest(decodeResult: success, version: HTTP/1.1, content: EmptyByteBufBE)
GET /session/3f5f0e92870c6bc7c28ce84b0a30b7fe/element/a314de14-6f0c-4806-b251-007c3fffd1bf/name HTTP/1.1
User-Agent: selenium/4.8.1 (java windows)
Cache-Control: no-cache
Content-Type: application/json; charset=utf-8
host: localhost:1991
accept: */*

Response DefaultHttpResponse(decodeResult: success, version: HTTP/1.1)
HTTP/1.1 200 OK
Content-Length: 16
Content-Type: application/json; charset=utf-8
cache-control: no-cache

18:02:38.321 [AsyncHttpClient-1-3] DEBUG org.asynchttpclient.netty.channel.ChannelManager - Adding key: http://localhost:1991 for channel [id: 0xca5e9ae2, L:/127.0.0.1:56413 - R:localhost/127.0.0.1:1991]
18:02:38.323 [Forwarding findElement on session 3f5f0e92870c6bc7c28ce84b0a30b7fe to remote] DEBUG org.asynchttpclient.netty.request.NettyRequestSender - Using pooled Channel '[id: 0xca5e9ae2, L:/127.0.0.1:56413 - R:localhost/127.0.0.1:1991]' for 'POST' to 'http://localhost:1991/session/3f5f0e92870c6bc7c28ce84b0a30b7fe/element'
18:02:38.323 [Forwarding findElement on session 3f5f0e92870c6bc7c28ce84b0a30b7fe to remote] DEBUG org.asynchttpclient.netty.request.NettyRequestSender - Using open Channel [id: 0xca5e9ae2, L:/127.0.0.1:56413 - R:localhost/127.0.0.1:1991] for POST '/session/3f5f0e92870c6bc7c28ce84b0a30b7fe/element'
18:02:38.330 [AsyncHttpClient-1-3] DEBUG org.asynchttpclient.netty.handler.HttpHandler - 

Request DefaultHttpRequest(decodeResult: success, version: HTTP/1.1)
POST /session/3f5f0e92870c6bc7c28ce84b0a30b7fe/element HTTP/1.1
User-Agent: selenium/4.8.1 (java windows)
Content-Length: 65
Content-Type: application/json; charset=utf-8
host: localhost:1991
accept: */*

Response DefaultHttpResponse(decodeResult: success, version: HTTP/1.1)
HTTP/1.1 200 OK
Content-Length: 88
Content-Type: application/json; charset=utf-8
cache-control: no-cache

18:02:38.330 [AsyncHttpClient-1-3] DEBUG org.asynchttpclient.netty.channel.ChannelManager - Adding key: http://localhost:1991 for channel [id: 0xca5e9ae2, L:/127.0.0.1:56413 - R:localhost/127.0.0.1:1991]
18:02:38.331 [Forwarding clickElement on session 3f5f0e92870c6bc7c28ce84b0a30b7fe to remote] DEBUG org.asynchttpclient.netty.request.NettyRequestSender - Using pooled Channel '[id: 0xca5e9ae2, L:/127.0.0.1:56413 - R:localhost/127.0.0.1:1991]' for 'POST' to 'http://localhost:1991/session/3f5f0e92870c6bc7c28ce84b0a30b7fe/element/a314de14-6f0c-4806-b251-007c3fffd1bf/click'
18:02:38.331 [Forwarding clickElement on session 3f5f0e92870c6bc7c28ce84b0a30b7fe to remote] DEBUG org.asynchttpclient.netty.request.NettyRequestSender - Using open Channel [id: 0xca5e9ae2, L:/127.0.0.1:56413 - R:localhost/127.0.0.1:1991] for POST '/session/3f5f0e92870c6bc7c28ce84b0a30b7fe/element/a314de14-6f0c-4806-b251-007c3fffd1bf/click'
18:02:38.355 [AsyncHttpClient-1-3] DEBUG org.asynchttpclient.netty.handler.HttpHandler - 

Request DefaultHttpRequest(decodeResult: success, version: HTTP/1.1)
POST /session/3f5f0e92870c6bc7c28ce84b0a30b7fe/element/a314de14-6f0c-4806-b251-007c3fffd1bf/click HTTP/1.1
User-Agent: selenium/4.8.1 (java windows)
Content-Length: 50
Content-Type: application/json; charset=utf-8
host: localhost:1991
accept: */*

Response DefaultHttpResponse(decodeResult: success, version: HTTP/1.1)
HTTP/1.1 200 OK
Content-Length: 14
Content-Type: application/json; charset=utf-8
cache-control: no-cache

18:02:38.355 [AsyncHttpClient-1-3] DEBUG org.asynchttpclient.netty.channel.ChannelManager - Adding key: http://localhost:1991 for channel [id: 0xca5e9ae2, L:/127.0.0.1:56413 - R:localhost/127.0.0.1:1991]
18:02:38.360 [Forwarding getAlertText on session 3f5f0e92870c6bc7c28ce84b0a30b7fe to remote] DEBUG org.asynchttpclient.netty.request.NettyRequestSender - Using pooled Channel '[id: 0xca5e9ae2, L:/127.0.0.1:56413 - R:localhost/127.0.0.1:1991]' for 'GET' to 'http://localhost:1991/session/3f5f0e92870c6bc7c28ce84b0a30b7fe/alert/text'
18:02:38.360 [Forwarding getAlertText on session 3f5f0e92870c6bc7c28ce84b0a30b7fe to remote] DEBUG org.asynchttpclient.netty.request.NettyRequestSender - Using open Channel [id: 0xca5e9ae2, L:/127.0.0.1:56413 - R:localhost/127.0.0.1:1991] for GET '/session/3f5f0e92870c6bc7c28ce84b0a30b7fe/alert/text'
18:02:38.363 [AsyncHttpClient-1-3] DEBUG org.asynchttpclient.netty.handler.HttpHandler - 

Request DefaultFullHttpRequest(decodeResult: success, version: HTTP/1.1, content: EmptyByteBufBE)
GET /session/3f5f0e92870c6bc7c28ce84b0a30b7fe/alert/text HTTP/1.1
User-Agent: selenium/4.8.1 (java windows)
Cache-Control: no-cache
Content-Type: application/json; charset=utf-8
host: localhost:1991
accept: */*

Response DefaultHttpResponse(decodeResult: success, version: HTTP/1.1)
HTTP/1.1 404 Not Found
Content-Length: 848
Content-Type: application/json; charset=utf-8
cache-control: no-cache

18:02:38.363 [AsyncHttpClient-1-3] DEBUG org.asynchttpclient.netty.channel.ChannelManager - Adding key: http://localhost:1991 for channel [id: 0xca5e9ae2, L:/127.0.0.1:56413 - R:localhost/127.0.0.1:1991]
18:02:38.364 [Forwarding getCurrentUrl on session 3f5f0e92870c6bc7c28ce84b0a30b7fe to remote] DEBUG org.asynchttpclient.netty.request.NettyRequestSender - Using pooled Channel '[id: 0xca5e9ae2, L:/127.0.0.1:56413 - R:localhost/127.0.0.1:1991]' for 'GET' to 'http://localhost:1991/session/3f5f0e92870c6bc7c28ce84b0a30b7fe/url'
18:02:38.364 [Forwarding getCurrentUrl on session 3f5f0e92870c6bc7c28ce84b0a30b7fe to remote] DEBUG org.asynchttpclient.netty.request.NettyRequestSender - Using open Channel [id: 0xca5e9ae2, L:/127.0.0.1:56413 - R:localhost/127.0.0.1:1991] for GET '/session/3f5f0e92870c6bc7c28ce84b0a30b7fe/url'
18:02:38.367 [AsyncHttpClient-1-3] DEBUG org.asynchttpclient.netty.handler.HttpHandler - 

Request DefaultFullHttpRequest(decodeResult: success, version: HTTP/1.1, content: EmptyByteBufBE)
GET /session/3f5f0e92870c6bc7c28ce84b0a30b7fe/url HTTP/1.1
User-Agent: selenium/4.8.1 (java windows)
Cache-Control: no-cache
Content-Type: application/json; charset=utf-8
host: localhost:1991
accept: */*

Response DefaultHttpResponse(decodeResult: success, version: HTTP/1.1)
HTTP/1.1 200 OK
Content-Length: 46
Content-Type: application/json; charset=utf-8
cache-control: no-cache

18:02:38.367 [AsyncHttpClient-1-3] DEBUG org.asynchttpclient.netty.channel.ChannelManager - Adding key: http://localhost:1991 for channel [id: 0xca5e9ae2, L:/127.0.0.1:56413 - R:localhost/127.0.0.1:1991]
18:02:38.368 [Forwarding screenshot on session 3f5f0e92870c6bc7c28ce84b0a30b7fe to remote] DEBUG org.asynchttpclient.netty.request.NettyRequestSender - Using pooled Channel '[id: 0xca5e9ae2, L:/127.0.0.1:56413 - R:localhost/127.0.0.1:1991]' for 'GET' to 'http://localhost:1991/session/3f5f0e92870c6bc7c28ce84b0a30b7fe/screenshot'
18:02:38.368 [Forwarding screenshot on session 3f5f0e92870c6bc7c28ce84b0a30b7fe to remote] DEBUG org.asynchttpclient.netty.request.NettyRequestSender - Using open Channel [id: 0xca5e9ae2, L:/127.0.0.1:56413 - R:localhost/127.0.0.1:1991] for GET '/session/3f5f0e92870c6bc7c28ce84b0a30b7fe/screenshot'
18:02:38.481 [AsyncHttpClient-1-3] DEBUG org.asynchttpclient.netty.handler.HttpHandler - 

Request DefaultFullHttpRequest(decodeResult: success, version: HTTP/1.1, content: EmptyByteBufBE)
GET /session/3f5f0e92870c6bc7c28ce84b0a30b7fe/screenshot HTTP/1.1
User-Agent: selenium/4.8.1 (java windows)
Cache-Control: no-cache
Content-Type: application/json; charset=utf-8
host: localhost:1991
accept: */*

Response DefaultHttpResponse(decodeResult: success, version: HTTP/1.1)
HTTP/1.1 200 OK
Content-Length: 18704
Content-Type: application/json; charset=utf-8
cache-control: no-cache

18:02:38.482 [AsyncHttpClient-1-3] DEBUG org.asynchttpclient.netty.channel.ChannelManager - Adding key: http://localhost:1991 for channel [id: 0xca5e9ae2, L:/127.0.0.1:56413 - R:localhost/127.0.0.1:1991]
18:02:38.483 [main] DEBUG net.serenitybdd.core.photography.Darkroom - Send negative for processing for target\site\serenity\2757a39fec4103d4693a35d7d45b7feb4b3c723722a9e0df01f771cb11d778e8.png
18:02:38.483 [main] DEBUG net.thucydides.core.steps.StepInterceptor - STEP DONE: user clicks button min until quantity 0
18:02:38.484 [Darkroom Processing Line] DEBUG net.serenitybdd.core.photography.DarkroomProcessingLine - Processing screenshot image in /var/screenshots/screenshot-1835996570467298282
18:02:38.484 [Darkroom Processing Line] DEBUG net.serenitybdd.core.photography.DarkroomProcessingLine - Saving screenshot to target\site\serenity\2757a39fec4103d4693a35d7d45b7feb4b3c723722a9e0df01f771cb11d778e8.png
  &amp#27;[32mAnd &amp#27;[0m&amp#27;[32muser clicks button min until quantity &amp#27;[0m&amp#27;[32m&amp#27;[1m0&amp#27;[0m             &amp#27;[90m# starter.stepdefinition.CartStep.userClicksButtonMinUntilQuantity(int)&amp#27;[0m
18:02:38.492 [main] DEBUG net.thucydides.core.steps.StepInterceptor - STARTING STEP: CartStep.userSuccessDeleteProductFromTheCart - user success delete product from the cart
18:02:38.495 [Forwarding findElement on session 3f5f0e92870c6bc7c28ce84b0a30b7fe to remote] DEBUG org.asynchttpclient.netty.request.NettyRequestSender - Using pooled Channel '[id: 0xca5e9ae2, L:/127.0.0.1:56413 - R:localhost/127.0.0.1:1991]' for 'POST' to 'http://localhost:1991/session/3f5f0e92870c6bc7c28ce84b0a30b7fe/element'
18:02:38.495 [Forwarding findElement on session 3f5f0e92870c6bc7c28ce84b0a30b7fe to remote] DEBUG org.asynchttpclient.netty.request.NettyRequestSender - Using open Channel [id: 0xca5e9ae2, L:/127.0.0.1:56413 - R:localhost/127.0.0.1:1991] for POST '/session/3f5f0e92870c6bc7c28ce84b0a30b7fe/element'
18:02:38.506 [AsyncHttpClient-1-3] DEBUG org.asynchttpclient.netty.handler.HttpHandler - 

Request DefaultHttpRequest(decodeResult: success, version: HTTP/1.1)
POST /session/3f5f0e92870c6bc7c28ce84b0a30b7fe/element HTTP/1.1
User-Agent: selenium/4.8.1 (java windows)
Content-Length: 80
Content-Type: application/json; charset=utf-8
host: localhost:1991
accept: */*

Response DefaultHttpResponse(decodeResult: success, version: HTTP/1.1)
HTTP/1.1 200 OK
Content-Length: 88
Content-Type: application/json; charset=utf-8
cache-control: no-cache

18:02:38.506 [AsyncHttpClient-1-3] DEBUG org.asynchttpclient.netty.channel.ChannelManager - Adding key: http://localhost:1991 for channel [id: 0xca5e9ae2, L:/127.0.0.1:56413 - R:localhost/127.0.0.1:1991]
18:02:38.508 [Forwarding isElementDisplayed on session 3f5f0e92870c6bc7c28ce84b0a30b7fe to remote] DEBUG org.asynchttpclient.netty.request.NettyRequestSender - Using pooled Channel '[id: 0xca5e9ae2, L:/127.0.0.1:56413 - R:localhost/127.0.0.1:1991]' for 'POST' to 'http://localhost:1991/session/3f5f0e92870c6bc7c28ce84b0a30b7fe/execute/sync'
18:02:38.508 [Forwarding isElementDisplayed on session 3f5f0e92870c6bc7c28ce84b0a30b7fe to remote] DEBUG org.asynchttpclient.netty.request.NettyRequestSender - Using open Channel [id: 0xca5e9ae2, L:/127.0.0.1:56413 - R:localhost/127.0.0.1:1991] for POST '/session/3f5f0e92870c6bc7c28ce84b0a30b7fe/execute/sync'
18:02:38.518 [AsyncHttpClient-1-3] DEBUG org.asynchttpclient.netty.handler.HttpHandler - 

Request DefaultHttpRequest(decodeResult: success, version: HTTP/1.1)
POST /session/3f5f0e92870c6bc7c28ce84b0a30b7fe/execute/sync HTTP/1.1
User-Agent: selenium/4.8.1 (java windows)
Content-Length: 48807
Content-Type: application/json; charset=utf-8
host: localhost:1991
accept: */*

Response DefaultHttpResponse(decodeResult: success, version: HTTP/1.1)
HTTP/1.1 200 OK
Content-Length: 14
Content-Type: application/json; charset=utf-8
cache-control: no-cache

18:02:38.518 [AsyncHttpClient-1-3] DEBUG org.asynchttpclient.netty.channel.ChannelManager - Adding key: http://localhost:1991 for channel [id: 0xca5e9ae2, L:/127.0.0.1:56413 - R:localhost/127.0.0.1:1991]
18:02:38.522 [main] DEBUG net.thucydides.core.steps.StepInterceptor - STEP DONE: user success delete product from the cart
  &amp#27;[32mThen &amp#27;[0m&amp#27;[32muser success delete product from the cart&amp#27;[0m          &amp#27;[90m# starter.stepdefinition.CartStep.userSuccessDeleteProductFromTheCart()&amp#27;[0m
18:02:38.529 [main] INFO  - 
  _____   ___   ___   _____     ___     _     ___   ___   ___   ___  
 |_   _| | __| / __| |_   _|   | _ \   /_\   / __| / __| | __| |   \ 
   | |   | _|  \__ \   | |     |  _/  / _ \  \__ \ \__ \ | _|  | |) |
   |_|   |___| |___/   |_|     |_|   /_/ \_\ |___/ |___/ |___| |___/ 

As a user, I want to delete product in the cart
----------------------------------------------------------------------
18:02:38.530 [AsyncHttpClient-1-5] DEBUG org.asynchttpclient.netty.handler.WebSocketHandler - Channel Closed: [id: 0x7a7ea5aa, L:/127.0.0.1:56420 ! R:localhost/127.0.0.1:56414] with attribute NettyResponseFuture{currentRetry=0,
	isDone=1,
	isCancelled=0,
	asyncHandler=org.asynchttpclient.ws.WebSocketUpgradeHandler@7b0cdcf4,
	nettyRequest=org.asynchttpclient.netty.request.NettyRequest@3b5c05e5,
	future=java.util.concurrent.CompletableFuture@326ebaf[Completed normally],
	uri=ws://localhost:56414/devtools/browser/ca108764-258f-4bd1-9d36-7839d0199c06,
	keepAlive=true,
	redirectCount=0,
	timeoutsHolder=null,
	inAuth=0,
	touch=1683543750852}
18:02:38.531 [AsyncHttpClient-1-5] DEBUG org.asynchttpclient.netty.channel.ChannelManager - Closing Channel [id: 0x7a7ea5aa, L:/127.0.0.1:56420 ! R:localhost/127.0.0.1:56414] 
18:02:38.531 [Driver Command Executor] DEBUG org.asynchttpclient.netty.request.NettyRequestSender - Using pooled Channel '[id: 0xca5e9ae2, L:/127.0.0.1:56413 - R:localhost/127.0.0.1:1991]' for 'DELETE' to 'http://localhost:1991/session/3f5f0e92870c6bc7c28ce84b0a30b7fe'
18:02:38.531 [Driver Command Executor] DEBUG org.asynchttpclient.netty.request.NettyRequestSender - Using open Channel [id: 0xca5e9ae2, L:/127.0.0.1:56413 - R:localhost/127.0.0.1:1991] for DELETE '/session/3f5f0e92870c6bc7c28ce84b0a30b7fe'
18:02:38.588 [AsyncHttpClient-1-4] DEBUG org.asynchttpclient.netty.handler.HttpHandler - Unexpected I/O exception on channel [id: 0xc933e752, L:/127.0.0.1:56419 - R:localhost/127.0.0.1:56414]
java.io.IOException: An existing connection was forcibly closed by the remote host
	at sun.nio.ch.SocketDispatcher.read0(Native Method)
	at sun.nio.ch.SocketDispatcher.read(SocketDispatcher.java:43)
	at sun.nio.ch.IOUtil.readIntoNativeBuffer(IOUtil.java:223)
	at sun.nio.ch.IOUtil.read(IOUtil.java:192)
	at sun.nio.ch.SocketChannelImpl.read(SocketChannelImpl.java:378)
	at io.netty.buffer.PooledByteBuf.setBytes(PooledByteBuf.java:259)
	at io.netty.buffer.AbstractByteBuf.writeBytes(AbstractByteBuf.java:1132)
	at io.netty.channel.socket.nio.NioSocketChannel.doReadBytes(NioSocketChannel.java:357)
	at io.netty.channel.nio.AbstractNioByteChannel$NioByteUnsafe.read(AbstractNioByteChannel.java:151)
	at io.netty.channel.nio.NioEventLoop.processSelectedKey(NioEventLoop.java:788)
	at io.netty.channel.nio.NioEventLoop.processSelectedKeysOptimized(NioEventLoop.java:724)
	at io.netty.channel.nio.NioEventLoop.processSelectedKeys(NioEventLoop.java:650)
	at io.netty.channel.nio.NioEventLoop.run(NioEventLoop.java:562)
	at io.netty.util.concurrent.SingleThreadEventExecutor$4.run(SingleThreadEventExecutor.java:997)
	at io.netty.util.internal.ThreadExecutorMap$2.run(ThreadExecutorMap.java:74)
	at io.netty.util.concurrent.FastThreadLocalRunnable.run(FastThreadLocalRunnable.java:30)
	at java.lang.Thread.run(Thread.java:748)
18:02:38.588 [AsyncHttpClient-1-4] DEBUG org.asynchttpclient.netty.channel.ChannelManager - Closing Channel [id: 0xc933e752, L:/127.0.0.1:56419 - R:localhost/127.0.0.1:56414] 
18:02:38.588 [AsyncHttpClient-1-4] DEBUG org.asynchttpclient.netty.handler.HttpHandler - Channel Closed: [id: 0xc933e752, L:/127.0.0.1:56419 ! R:localhost/127.0.0.1:56414] with attribute DISCARD
18:02:38.665 [AsyncHttpClient-1-1] DEBUG org.asynchttpclient.netty.channel.DefaultChannelPool - Entry count for : http://localhost:56414 : 1
18:02:38.665 [AsyncHttpClient-1-1] DEBUG org.asynchttpclient.netty.channel.DefaultChannelPool - Adding Candidate expired Channel [id: 0xc933e752, L:/127.0.0.1:56419 ! R:localhost/127.0.0.1:56414] isIdleTimeoutExpired=false isRemotelyClosed=true isTtlExpired=false
18:02:38.665 [AsyncHttpClient-1-1] DEBUG org.asynchttpclient.netty.channel.DefaultChannelPool - Closing Idle Channel [id: 0xc933e752, L:/127.0.0.1:56419 ! R:localhost/127.0.0.1:56414]
18:02:38.665 [AsyncHttpClient-1-1] DEBUG org.asynchttpclient.netty.channel.DefaultChannelPool - Closed 1 connections out of 1 in 0 ms
18:02:38.696 [AsyncHttpClient-1-3] DEBUG org.asynchttpclient.netty.handler.HttpHandler - 

Request DefaultFullHttpRequest(decodeResult: success, version: HTTP/1.1, content: EmptyByteBufBE)
DELETE /session/3f5f0e92870c6bc7c28ce84b0a30b7fe HTTP/1.1
User-Agent: selenium/4.8.1 (java windows)
Content-Type: application/json; charset=utf-8
host: localhost:1991
accept: */*

Response DefaultHttpResponse(decodeResult: success, version: HTTP/1.1)
HTTP/1.1 200 OK
Content-Length: 14
Content-Type: application/json; charset=utf-8
cache-control: no-cache

18:02:38.696 [AsyncHttpClient-1-3] DEBUG org.asynchttpclient.netty.channel.ChannelManager - Adding key: http://localhost:1991 for channel [id: 0xca5e9ae2, L:/127.0.0.1:56413 - R:localhost/127.0.0.1:1991]
18:02:38.755 [AsyncHttpClient-1-3] DEBUG org.asynchttpclient.netty.handler.HttpHandler - Channel Closed: [id: 0xca5e9ae2, L:/127.0.0.1:56413 ! R:localhost/127.0.0.1:1991] with attribute DISCARD
18:02:39.800 [AsyncHttpClient-1-1] DEBUG org.asynchttpclient.netty.channel.DefaultChannelPool - Entry count for : http://localhost:1991 : 1
18:02:39.817 [AsyncHttpClient-1-1] DEBUG org.asynchttpclient.netty.channel.DefaultChannelPool - Adding Candidate expired Channel [id: 0xca5e9ae2, L:/127.0.0.1:56413 ! R:localhost/127.0.0.1:1991] isIdleTimeoutExpired=false isRemotelyClosed=true isTtlExpired=false
]]></system-out>
    <system-err><![CDATA[Starting ChromeDriver 112.0.5615.49 (bd2a7bcb881c11e8cfe3078709382934e3916914-refs/branch-heads/5615@{#936}) on port 1991
Only local connections are allowed.
Please see https://chromedriver.chromium.org/security-considerations for suggestions on keeping ChromeDriver safe.
ChromeDriver was started successfully.
May 08, 2023 6:02:30 PM org.openqa.selenium.devtools.CdpVersionFinder findNearestMatch
WARNING: Unable to find an exact match for CDP version 112, so returning the closest version found: 110
]]></system-err>
  </testcase>
  <testcase name="As a user, I want to see cart without login" classname="Cart - As a user I want to pay for the product So that I have to check the cart to pay" time="6.17">
    <system-out><![CDATA[
@TC_Cart_005 @Cart
Scenario: As a user, I want to see cart without login &amp#27;[90m# src/test/resources/features/Cart.feature:36&amp#27;[0m
18:02:39.817 [AsyncHttpClient-1-1] DEBUG org.asynchttpclient.netty.channel.DefaultChannelPool - Closing Idle Channel [id: 0xca5e9ae2, L:/127.0.0.1:56413 ! R:localhost/127.0.0.1:1991]
18:02:39.892 [main] DEBUG io.cucumber.core.plugin.SerenityReporter - Running feature from file:///C:/Users/user/IdeaProjects/QE_Devi%20Agustin%20Utari_Mini_Project/Web_Automation_AltaShop/src/test/resources/features/Cart.feature
18:02:39.991 [AsyncHttpClient-1-1] DEBUG org.asynchttpclient.netty.channel.DefaultChannelPool - Closed 1 connections out of 1 in 175 ms
18:02:39.993 [main] INFO  - 
  _____   ___   ___   _____     ___   _____     _     ___   _____   ___   ___  
 |_   _| | __| / __| |_   _|   / __| |_   _|   /_\   | _ \ |_   _| | __| |   \ 
   | |   | _|  \__ \   | |     \__ \   | |    / _ \  |   /   | |   | _|  | |) |
   |_|   |___| |___/   |_|     |___/   |_|   /_/ \_\ |_|_\   |_|   |___| |___/ 

As a user, I want to see cart without login(cart---as-a-user-i-want-to-pay-for-the-product-so-that-i-have-to-check-the-cart-to-pay;as-a-user--i-want-to-see-cart-without-login)
--------------------------------------------------------------------------------
18:02:40.092 [main] DEBUG net.thucydides.core.steps.StepInterceptor - STARTING STEP: LoginStep.userOnLoginPage - user on login page
18:02:40.654 [main] INFO net.serenitybdd.core.webdriver.driverproviders.ChromeDriverProvider - Starting Chrome driver instance with capabilities:
18:02:40.655 [main] INFO net.serenitybdd.core.webdriver.driverproviders.ChromeDriverProvider - Capabilities {acceptInsecureCerts: true, browserName: chrome, goog:chromeOptions: {args: [remote-allow-origins=*, test-type, no-sandbox, ignore-certificate-errors, start-maximized, incognito, disable-infobars, disable-gpu, disable-default-apps, disable-popup-blocking, remote-allow-origins=*, test-type, no-sandbox, ignore-certificate-errors, start-maximized, incognito, disable-infobars, disable-gpu, disable-default-apps, disable-popup-blocking, remote-allow-origins=*], extensions: []}}
18:02:41.285 [AsyncHttpClient-1-6] DEBUG org.asynchttpclient.netty.channel.NettyConnectListener - Using new Channel '[id: 0x458c001d, L:/127.0.0.1:56441 - R:localhost/127.0.0.1:6479]' for 'POST' to '/session'
18:02:42.508 [AsyncHttpClient-1-6] DEBUG org.asynchttpclient.netty.handler.HttpHandler - 

Request DefaultHttpRequest(decodeResult: success, version: HTTP/1.1)
POST /session HTTP/1.1
User-Agent: selenium/4.8.1 (java windows)
Content-Length: 1701
Content-Type: application/json; charset=utf-8
host: localhost:6479
accept: */*

Response DefaultHttpResponse(decodeResult: success, version: HTTP/1.1)
HTTP/1.1 200 OK
Content-Length: 842
Content-Type: application/json; charset=utf-8
cache-control: no-cache

18:02:42.508 [AsyncHttpClient-1-6] DEBUG org.asynchttpclient.netty.channel.ChannelManager - Adding key: http://localhost:6479 for channel [id: 0x458c001d, L:/127.0.0.1:56441 - R:localhost/127.0.0.1:6479]
18:02:42.514 [AsyncHttpClient-1-7] DEBUG org.asynchttpclient.netty.channel.NettyConnectListener - Using new Channel '[id: 0x26d3dc97, L:/127.0.0.1:56448 - R:localhost/127.0.0.1:56443]' for 'GET' to '/json/version'
18:02:42.514 [AsyncHttpClient-1-7] DEBUG org.asynchttpclient.netty.handler.HttpHandler - 

Request DefaultFullHttpRequest(decodeResult: success, version: HTTP/1.1, content: EmptyByteBufBE)
GET /json/version HTTP/1.1
User-Agent: selenium/4.8.1 (java windows)
host: localhost:56443
accept: */*

Response DefaultHttpResponse(decodeResult: success, version: HTTP/1.1)
HTTP/1.1 200 OK
Content-Security-Policy: frame-ancestors 'none'
Content-Length: 424
Content-Type: application/json; charset=UTF-8

18:02:42.515 [AsyncHttpClient-1-7] DEBUG org.asynchttpclient.netty.channel.ChannelManager - Adding key: http://localhost:56443 for channel [id: 0x26d3dc97, L:/127.0.0.1:56448 - R:localhost/127.0.0.1:56443]
18:02:42.517 [AsyncHttpClient-1-8] DEBUG org.asynchttpclient.netty.channel.NettyConnectListener - Using new Channel '[id: 0x4b8bac7e, L:/127.0.0.1:56449 - R:localhost/127.0.0.1:56443]' for 'GET' to '/devtools/browser/70cdb567-ff3c-4a8f-857a-80a28a9d7bea'
18:02:42.518 [AsyncHttpClient-1-8] DEBUG org.asynchttpclient.netty.handler.WebSocketHandler - 

Request DefaultFullHttpRequest(decodeResult: success, version: HTTP/1.1, content: EmptyByteBufBE)
GET /devtools/browser/70cdb567-ff3c-4a8f-857a-80a28a9d7bea HTTP/1.1
upgrade: websocket
connection: upgrade
sec-websocket-key: WAjBc5NNCBUFxljJYiO1Vg==
sec-websocket-version: 13
origin: http://localhost:56443
host: localhost:56443
accept: */*
user-agent: AHC/2.1

Response DefaultHttpResponse(decodeResult: success, version: HTTP/1.1)
HTTP/1.1 101 WebSocket Protocol Handshake
Upgrade: WebSocket
Connection: Upgrade
Sec-WebSocket-Accept: mg9IHnTUcT9iz7dFqho/HZYNSF4=

18:02:42.521 [Forwarding get on session fa4f8164a0c55cd7f142d2c4e4f31df8 to remote] DEBUG org.asynchttpclient.netty.request.NettyRequestSender - Using pooled Channel '[id: 0x458c001d, L:/127.0.0.1:56441 - R:localhost/127.0.0.1:6479]' for 'POST' to 'http://localhost:6479/session/fa4f8164a0c55cd7f142d2c4e4f31df8/url'
18:02:42.521 [Forwarding get on session fa4f8164a0c55cd7f142d2c4e4f31df8 to remote] DEBUG org.asynchttpclient.netty.request.NettyRequestSender - Using open Channel [id: 0x458c001d, L:/127.0.0.1:56441 - R:localhost/127.0.0.1:6479] for POST '/session/fa4f8164a0c55cd7f142d2c4e4f31df8/url'
18:02:43.287 [AsyncHttpClient-1-1] DEBUG org.asynchttpclient.netty.channel.DefaultChannelPool - Entry count for : http://localhost:56443 : 1
18:02:43.654 [AsyncHttpClient-1-6] DEBUG org.asynchttpclient.netty.handler.HttpHandler - 

Request DefaultHttpRequest(decodeResult: success, version: HTTP/1.1)
POST /session/fa4f8164a0c55cd7f142d2c4e4f31df8/url HTTP/1.1
User-Agent: selenium/4.8.1 (java windows)
Content-Length: 74
Content-Type: application/json; charset=utf-8
host: localhost:6479
accept: */*

Response DefaultHttpResponse(decodeResult: success, version: HTTP/1.1)
HTTP/1.1 200 OK
Content-Length: 14
Content-Type: application/json; charset=utf-8
cache-control: no-cache

18:02:43.655 [AsyncHttpClient-1-6] DEBUG org.asynchttpclient.netty.channel.ChannelManager - Adding key: http://localhost:6479 for channel [id: 0x458c001d, L:/127.0.0.1:56441 - R:localhost/127.0.0.1:6479]
18:02:43.658 [Forwarding setTimeout on session fa4f8164a0c55cd7f142d2c4e4f31df8 to remote] DEBUG org.asynchttpclient.netty.request.NettyRequestSender - Using pooled Channel '[id: 0x458c001d, L:/127.0.0.1:56441 - R:localhost/127.0.0.1:6479]' for 'POST' to 'http://localhost:6479/session/fa4f8164a0c55cd7f142d2c4e4f31df8/timeouts'
18:02:43.658 [Forwarding setTimeout on session fa4f8164a0c55cd7f142d2c4e4f31df8 to remote] DEBUG org.asynchttpclient.netty.request.NettyRequestSender - Using open Channel [id: 0x458c001d, L:/127.0.0.1:56441 - R:localhost/127.0.0.1:6479] for POST '/session/fa4f8164a0c55cd7f142d2c4e4f31df8/timeouts'
18:02:43.672 [AsyncHttpClient-1-6] DEBUG org.asynchttpclient.netty.handler.HttpHandler - 

Request DefaultHttpRequest(decodeResult: success, version: HTTP/1.1)
POST /session/fa4f8164a0c55cd7f142d2c4e4f31df8/timeouts HTTP/1.1
User-Agent: selenium/4.8.1 (java windows)
Content-Length: 22
Content-Type: application/json; charset=utf-8
host: localhost:6479
accept: */*

Response DefaultHttpResponse(decodeResult: success, version: HTTP/1.1)
HTTP/1.1 200 OK
Content-Length: 14
Content-Type: application/json; charset=utf-8
cache-control: no-cache

18:02:43.672 [AsyncHttpClient-1-6] DEBUG org.asynchttpclient.netty.channel.ChannelManager - Adding key: http://localhost:6479 for channel [id: 0x458c001d, L:/127.0.0.1:56441 - R:localhost/127.0.0.1:6479]
18:02:43.682 [Forwarding findElement on session fa4f8164a0c55cd7f142d2c4e4f31df8 to remote] DEBUG org.asynchttpclient.netty.request.NettyRequestSender - Using pooled Channel '[id: 0x458c001d, L:/127.0.0.1:56441 - R:localhost/127.0.0.1:6479]' for 'POST' to 'http://localhost:6479/session/fa4f8164a0c55cd7f142d2c4e4f31df8/element'
18:02:43.682 [Forwarding findElement on session fa4f8164a0c55cd7f142d2c4e4f31df8 to remote] DEBUG org.asynchttpclient.netty.request.NettyRequestSender - Using open Channel [id: 0x458c001d, L:/127.0.0.1:56441 - R:localhost/127.0.0.1:6479] for POST '/session/fa4f8164a0c55cd7f142d2c4e4f31df8/element'
18:02:43.714 [AsyncHttpClient-1-6] DEBUG org.asynchttpclient.netty.handler.HttpHandler - 

Request DefaultHttpRequest(decodeResult: success, version: HTTP/1.1)
POST /session/fa4f8164a0c55cd7f142d2c4e4f31df8/element HTTP/1.1
User-Agent: selenium/4.8.1 (java windows)
Content-Length: 69
Content-Type: application/json; charset=utf-8
host: localhost:6479
accept: */*

Response DefaultHttpResponse(decodeResult: success, version: HTTP/1.1)
HTTP/1.1 200 OK
Content-Length: 88
Content-Type: application/json; charset=utf-8
cache-control: no-cache

18:02:43.715 [AsyncHttpClient-1-6] DEBUG org.asynchttpclient.netty.channel.ChannelManager - Adding key: http://localhost:6479 for channel [id: 0x458c001d, L:/127.0.0.1:56441 - R:localhost/127.0.0.1:6479]
18:02:43.751 [Forwarding isElementDisplayed on session fa4f8164a0c55cd7f142d2c4e4f31df8 to remote] DEBUG org.asynchttpclient.netty.request.NettyRequestSender - Using pooled Channel '[id: 0x458c001d, L:/127.0.0.1:56441 - R:localhost/127.0.0.1:6479]' for 'POST' to 'http://localhost:6479/session/fa4f8164a0c55cd7f142d2c4e4f31df8/execute/sync'
18:02:43.751 [Forwarding isElementDisplayed on session fa4f8164a0c55cd7f142d2c4e4f31df8 to remote] DEBUG org.asynchttpclient.netty.request.NettyRequestSender - Using open Channel [id: 0x458c001d, L:/127.0.0.1:56441 - R:localhost/127.0.0.1:6479] for POST '/session/fa4f8164a0c55cd7f142d2c4e4f31df8/execute/sync'
18:02:43.784 [AsyncHttpClient-1-6] DEBUG org.asynchttpclient.netty.handler.HttpHandler - 

Request DefaultHttpRequest(decodeResult: success, version: HTTP/1.1)
POST /session/fa4f8164a0c55cd7f142d2c4e4f31df8/execute/sync HTTP/1.1
User-Agent: selenium/4.8.1 (java windows)
Content-Length: 48807
Content-Type: application/json; charset=utf-8
host: localhost:6479
accept: */*

Response DefaultHttpResponse(decodeResult: success, version: HTTP/1.1)
HTTP/1.1 200 OK
Content-Length: 14
Content-Type: application/json; charset=utf-8
cache-control: no-cache

18:02:43.784 [AsyncHttpClient-1-6] DEBUG org.asynchttpclient.netty.channel.ChannelManager - Adding key: http://localhost:6479 for channel [id: 0x458c001d, L:/127.0.0.1:56441 - R:localhost/127.0.0.1:6479]
18:02:43.792 [Forwarding getAlertText on session fa4f8164a0c55cd7f142d2c4e4f31df8 to remote] DEBUG org.asynchttpclient.netty.request.NettyRequestSender - Using pooled Channel '[id: 0x458c001d, L:/127.0.0.1:56441 - R:localhost/127.0.0.1:6479]' for 'GET' to 'http://localhost:6479/session/fa4f8164a0c55cd7f142d2c4e4f31df8/alert/text'
18:02:43.792 [Forwarding getAlertText on session fa4f8164a0c55cd7f142d2c4e4f31df8 to remote] DEBUG org.asynchttpclient.netty.request.NettyRequestSender - Using open Channel [id: 0x458c001d, L:/127.0.0.1:56441 - R:localhost/127.0.0.1:6479] for GET '/session/fa4f8164a0c55cd7f142d2c4e4f31df8/alert/text'
18:02:43.794 [AsyncHttpClient-1-6] DEBUG org.asynchttpclient.netty.handler.HttpHandler - 

Request DefaultFullHttpRequest(decodeResult: success, version: HTTP/1.1, content: EmptyByteBufBE)
GET /session/fa4f8164a0c55cd7f142d2c4e4f31df8/alert/text HTTP/1.1
User-Agent: selenium/4.8.1 (java windows)
Cache-Control: no-cache
Content-Type: application/json; charset=utf-8
host: localhost:6479
accept: */*

Response DefaultHttpResponse(decodeResult: success, version: HTTP/1.1)
HTTP/1.1 404 Not Found
Content-Length: 848
Content-Type: application/json; charset=utf-8
cache-control: no-cache

18:02:43.795 [AsyncHttpClient-1-6] DEBUG org.asynchttpclient.netty.channel.ChannelManager - Adding key: http://localhost:6479 for channel [id: 0x458c001d, L:/127.0.0.1:56441 - R:localhost/127.0.0.1:6479]
18:02:43.804 [Forwarding getCurrentUrl on session fa4f8164a0c55cd7f142d2c4e4f31df8 to remote] DEBUG org.asynchttpclient.netty.request.NettyRequestSender - Using pooled Channel '[id: 0x458c001d, L:/127.0.0.1:56441 - R:localhost/127.0.0.1:6479]' for 'GET' to 'http://localhost:6479/session/fa4f8164a0c55cd7f142d2c4e4f31df8/url'
18:02:43.804 [Forwarding getCurrentUrl on session fa4f8164a0c55cd7f142d2c4e4f31df8 to remote] DEBUG org.asynchttpclient.netty.request.NettyRequestSender - Using open Channel [id: 0x458c001d, L:/127.0.0.1:56441 - R:localhost/127.0.0.1:6479] for GET '/session/fa4f8164a0c55cd7f142d2c4e4f31df8/url'
18:02:43.810 [AsyncHttpClient-1-6] DEBUG org.asynchttpclient.netty.handler.HttpHandler - 

Request DefaultFullHttpRequest(decodeResult: success, version: HTTP/1.1, content: EmptyByteBufBE)
GET /session/fa4f8164a0c55cd7f142d2c4e4f31df8/url HTTP/1.1
User-Agent: selenium/4.8.1 (java windows)
Cache-Control: no-cache
Content-Type: application/json; charset=utf-8
host: localhost:6479
accept: */*

Response DefaultHttpResponse(decodeResult: success, version: HTTP/1.1)
HTTP/1.1 200 OK
Content-Length: 51
Content-Type: application/json; charset=utf-8
cache-control: no-cache

18:02:43.810 [AsyncHttpClient-1-6] DEBUG org.asynchttpclient.netty.channel.ChannelManager - Adding key: http://localhost:6479 for channel [id: 0x458c001d, L:/127.0.0.1:56441 - R:localhost/127.0.0.1:6479]
18:02:43.811 [Forwarding screenshot on session fa4f8164a0c55cd7f142d2c4e4f31df8 to remote] DEBUG org.asynchttpclient.netty.request.NettyRequestSender - Using pooled Channel '[id: 0x458c001d, L:/127.0.0.1:56441 - R:localhost/127.0.0.1:6479]' for 'GET' to 'http://localhost:6479/session/fa4f8164a0c55cd7f142d2c4e4f31df8/screenshot'
18:02:43.812 [Forwarding screenshot on session fa4f8164a0c55cd7f142d2c4e4f31df8 to remote] DEBUG org.asynchttpclient.netty.request.NettyRequestSender - Using open Channel [id: 0x458c001d, L:/127.0.0.1:56441 - R:localhost/127.0.0.1:6479] for GET '/session/fa4f8164a0c55cd7f142d2c4e4f31df8/screenshot'
18:02:43.928 [AsyncHttpClient-1-6] DEBUG org.asynchttpclient.netty.handler.HttpHandler - 

Request DefaultFullHttpRequest(decodeResult: success, version: HTTP/1.1, content: EmptyByteBufBE)
GET /session/fa4f8164a0c55cd7f142d2c4e4f31df8/screenshot HTTP/1.1
User-Agent: selenium/4.8.1 (java windows)
Cache-Control: no-cache
Content-Type: application/json; charset=utf-8
host: localhost:6479
accept: */*

Response DefaultHttpResponse(decodeResult: success, version: HTTP/1.1)
HTTP/1.1 200 OK
Content-Length: 25060
Content-Type: application/json; charset=utf-8
cache-control: no-cache

18:02:43.928 [AsyncHttpClient-1-6] DEBUG org.asynchttpclient.netty.channel.ChannelManager - Adding key: http://localhost:6479 for channel [id: 0x458c001d, L:/127.0.0.1:56441 - R:localhost/127.0.0.1:6479]
18:02:43.931 [main] DEBUG net.serenitybdd.core.photography.Darkroom - Send negative for processing for target\site\serenity\1db263dd5c04c8fe15e82ee6420144d4e1e7b9826b9315cfd7ec5b5d0da76045.png
18:02:43.931 [main] DEBUG net.thucydides.core.steps.StepInterceptor - STEP DONE: user on login page
  &amp#27;[32mGiven &amp#27;[0m&amp#27;[32muser on login page&amp#27;[0m                            &amp#27;[90m# starter.stepdefinition.LoginStep.userOnLoginPage()&amp#27;[0m
18:02:43.956 [main] DEBUG net.thucydides.core.steps.StepInterceptor - STARTING STEP: CartStep.userClickTheCart - user click the cart
18:02:43.960 [Forwarding findElement on session fa4f8164a0c55cd7f142d2c4e4f31df8 to remote] DEBUG org.asynchttpclient.netty.request.NettyRequestSender - Using pooled Channel '[id: 0x458c001d, L:/127.0.0.1:56441 - R:localhost/127.0.0.1:6479]' for 'POST' to 'http://localhost:6479/session/fa4f8164a0c55cd7f142d2c4e4f31df8/element'
18:02:43.960 [Forwarding findElement on session fa4f8164a0c55cd7f142d2c4e4f31df8 to remote] DEBUG org.asynchttpclient.netty.request.NettyRequestSender - Using open Channel [id: 0x458c001d, L:/127.0.0.1:56441 - R:localhost/127.0.0.1:6479] for POST '/session/fa4f8164a0c55cd7f142d2c4e4f31df8/element'
18:02:43.984 [AsyncHttpClient-1-6] DEBUG org.asynchttpclient.netty.handler.HttpHandler - 

Request DefaultHttpRequest(decodeResult: success, version: HTTP/1.1)
POST /session/fa4f8164a0c55cd7f142d2c4e4f31df8/element HTTP/1.1
User-Agent: selenium/4.8.1 (java windows)
Content-Length: 112
Content-Type: application/json; charset=utf-8
host: localhost:6479
accept: */*

Response DefaultHttpResponse(decodeResult: success, version: HTTP/1.1)
HTTP/1.1 200 OK
Content-Length: 88
Content-Type: application/json; charset=utf-8
cache-control: no-cache

18:02:43.985 [AsyncHttpClient-1-6] DEBUG org.asynchttpclient.netty.channel.ChannelManager - Adding key: http://localhost:6479 for channel [id: 0x458c001d, L:/127.0.0.1:56441 - R:localhost/127.0.0.1:6479]
18:02:43.986 [Forwarding getElementTagName on session fa4f8164a0c55cd7f142d2c4e4f31df8 to remote] DEBUG org.asynchttpclient.netty.request.NettyRequestSender - Using pooled Channel '[id: 0x458c001d, L:/127.0.0.1:56441 - R:localhost/127.0.0.1:6479]' for 'GET' to 'http://localhost:6479/session/fa4f8164a0c55cd7f142d2c4e4f31df8/element/8c647221-db63-46f6-97d5-bb07b290b848/name'
18:02:43.986 [Forwarding getElementTagName on session fa4f8164a0c55cd7f142d2c4e4f31df8 to remote] DEBUG org.asynchttpclient.netty.request.NettyRequestSender - Using open Channel [id: 0x458c001d, L:/127.0.0.1:56441 - R:localhost/127.0.0.1:6479] for GET '/session/fa4f8164a0c55cd7f142d2c4e4f31df8/element/8c647221-db63-46f6-97d5-bb07b290b848/name'
18:02:44.003 [AsyncHttpClient-1-6] DEBUG org.asynchttpclient.netty.handler.HttpHandler - 

Request DefaultFullHttpRequest(decodeResult: success, version: HTTP/1.1, content: EmptyByteBufBE)
GET /session/fa4f8164a0c55cd7f142d2c4e4f31df8/element/8c647221-db63-46f6-97d5-bb07b290b848/name HTTP/1.1
User-Agent: selenium/4.8.1 (java windows)
Cache-Control: no-cache
Content-Type: application/json; charset=utf-8
host: localhost:6479
accept: */*

Response DefaultHttpResponse(decodeResult: success, version: HTTP/1.1)
HTTP/1.1 200 OK
Content-Length: 13
Content-Type: application/json; charset=utf-8
cache-control: no-cache

18:02:44.003 [AsyncHttpClient-1-6] DEBUG org.asynchttpclient.netty.channel.ChannelManager - Adding key: http://localhost:6479 for channel [id: 0x458c001d, L:/127.0.0.1:56441 - R:localhost/127.0.0.1:6479]
18:02:44.004 [Forwarding getElementTagName on session fa4f8164a0c55cd7f142d2c4e4f31df8 to remote] DEBUG org.asynchttpclient.netty.request.NettyRequestSender - Using pooled Channel '[id: 0x458c001d, L:/127.0.0.1:56441 - R:localhost/127.0.0.1:6479]' for 'GET' to 'http://localhost:6479/session/fa4f8164a0c55cd7f142d2c4e4f31df8/element/8c647221-db63-46f6-97d5-bb07b290b848/name'
18:02:44.004 [Forwarding getElementTagName on session fa4f8164a0c55cd7f142d2c4e4f31df8 to remote] DEBUG org.asynchttpclient.netty.request.NettyRequestSender - Using open Channel [id: 0x458c001d, L:/127.0.0.1:56441 - R:localhost/127.0.0.1:6479] for GET '/session/fa4f8164a0c55cd7f142d2c4e4f31df8/element/8c647221-db63-46f6-97d5-bb07b290b848/name'
18:02:44.009 [AsyncHttpClient-1-6] DEBUG org.asynchttpclient.netty.handler.HttpHandler - 

Request DefaultFullHttpRequest(decodeResult: success, version: HTTP/1.1, content: EmptyByteBufBE)
GET /session/fa4f8164a0c55cd7f142d2c4e4f31df8/element/8c647221-db63-46f6-97d5-bb07b290b848/name HTTP/1.1
User-Agent: selenium/4.8.1 (java windows)
Cache-Control: no-cache
Content-Type: application/json; charset=utf-8
host: localhost:6479
accept: */*

Response DefaultHttpResponse(decodeResult: success, version: HTTP/1.1)
HTTP/1.1 200 OK
Content-Length: 13
Content-Type: application/json; charset=utf-8
cache-control: no-cache

18:02:44.009 [AsyncHttpClient-1-6] DEBUG org.asynchttpclient.netty.channel.ChannelManager - Adding key: http://localhost:6479 for channel [id: 0x458c001d, L:/127.0.0.1:56441 - R:localhost/127.0.0.1:6479]
18:02:44.011 [Forwarding findElement on session fa4f8164a0c55cd7f142d2c4e4f31df8 to remote] DEBUG org.asynchttpclient.netty.request.NettyRequestSender - Using pooled Channel '[id: 0x458c001d, L:/127.0.0.1:56441 - R:localhost/127.0.0.1:6479]' for 'POST' to 'http://localhost:6479/session/fa4f8164a0c55cd7f142d2c4e4f31df8/element'
18:02:44.012 [Forwarding findElement on session fa4f8164a0c55cd7f142d2c4e4f31df8 to remote] DEBUG org.asynchttpclient.netty.request.NettyRequestSender - Using open Channel [id: 0x458c001d, L:/127.0.0.1:56441 - R:localhost/127.0.0.1:6479] for POST '/session/fa4f8164a0c55cd7f142d2c4e4f31df8/element'
18:02:44.020 [AsyncHttpClient-1-6] DEBUG org.asynchttpclient.netty.handler.HttpHandler - 

Request DefaultHttpRequest(decodeResult: success, version: HTTP/1.1)
POST /session/fa4f8164a0c55cd7f142d2c4e4f31df8/element HTTP/1.1
User-Agent: selenium/4.8.1 (java windows)
Content-Length: 112
Content-Type: application/json; charset=utf-8
host: localhost:6479
accept: */*

Response DefaultHttpResponse(decodeResult: success, version: HTTP/1.1)
HTTP/1.1 200 OK
Content-Length: 88
Content-Type: application/json; charset=utf-8
cache-control: no-cache

18:02:44.021 [AsyncHttpClient-1-6] DEBUG org.asynchttpclient.netty.channel.ChannelManager - Adding key: http://localhost:6479 for channel [id: 0x458c001d, L:/127.0.0.1:56441 - R:localhost/127.0.0.1:6479]
18:02:44.022 [Forwarding clickElement on session fa4f8164a0c55cd7f142d2c4e4f31df8 to remote] DEBUG org.asynchttpclient.netty.request.NettyRequestSender - Using pooled Channel '[id: 0x458c001d, L:/127.0.0.1:56441 - R:localhost/127.0.0.1:6479]' for 'POST' to 'http://localhost:6479/session/fa4f8164a0c55cd7f142d2c4e4f31df8/element/8c647221-db63-46f6-97d5-bb07b290b848/click'
18:02:44.022 [Forwarding clickElement on session fa4f8164a0c55cd7f142d2c4e4f31df8 to remote] DEBUG org.asynchttpclient.netty.request.NettyRequestSender - Using open Channel [id: 0x458c001d, L:/127.0.0.1:56441 - R:localhost/127.0.0.1:6479] for POST '/session/fa4f8164a0c55cd7f142d2c4e4f31df8/element/8c647221-db63-46f6-97d5-bb07b290b848/click'
18:02:44.075 [AsyncHttpClient-1-6] DEBUG org.asynchttpclient.netty.handler.HttpHandler - 

Request DefaultHttpRequest(decodeResult: success, version: HTTP/1.1)
POST /session/fa4f8164a0c55cd7f142d2c4e4f31df8/element/8c647221-db63-46f6-97d5-bb07b290b848/click HTTP/1.1
User-Agent: selenium/4.8.1 (java windows)
Content-Length: 50
Content-Type: application/json; charset=utf-8
host: localhost:6479
accept: */*

Response DefaultHttpResponse(decodeResult: success, version: HTTP/1.1)
HTTP/1.1 200 OK
Content-Length: 14
Content-Type: application/json; charset=utf-8
cache-control: no-cache

18:02:44.076 [AsyncHttpClient-1-6] DEBUG org.asynchttpclient.netty.channel.ChannelManager - Adding key: http://localhost:6479 for channel [id: 0x458c001d, L:/127.0.0.1:56441 - R:localhost/127.0.0.1:6479]
18:02:44.087 [Forwarding getAlertText on session fa4f8164a0c55cd7f142d2c4e4f31df8 to remote] DEBUG org.asynchttpclient.netty.request.NettyRequestSender - Using pooled Channel '[id: 0x458c001d, L:/127.0.0.1:56441 - R:localhost/127.0.0.1:6479]' for 'GET' to 'http://localhost:6479/session/fa4f8164a0c55cd7f142d2c4e4f31df8/alert/text'
18:02:44.087 [Forwarding getAlertText on session fa4f8164a0c55cd7f142d2c4e4f31df8 to remote] DEBUG org.asynchttpclient.netty.request.NettyRequestSender - Using open Channel [id: 0x458c001d, L:/127.0.0.1:56441 - R:localhost/127.0.0.1:6479] for GET '/session/fa4f8164a0c55cd7f142d2c4e4f31df8/alert/text'
18:02:44.090 [AsyncHttpClient-1-6] DEBUG org.asynchttpclient.netty.handler.HttpHandler - 

Request DefaultFullHttpRequest(decodeResult: success, version: HTTP/1.1, content: EmptyByteBufBE)
GET /session/fa4f8164a0c55cd7f142d2c4e4f31df8/alert/text HTTP/1.1
User-Agent: selenium/4.8.1 (java windows)
Cache-Control: no-cache
Content-Type: application/json; charset=utf-8
host: localhost:6479
accept: */*

Response DefaultHttpResponse(decodeResult: success, version: HTTP/1.1)
HTTP/1.1 404 Not Found
Content-Length: 848
Content-Type: application/json; charset=utf-8
cache-control: no-cache

18:02:44.091 [AsyncHttpClient-1-6] DEBUG org.asynchttpclient.netty.channel.ChannelManager - Adding key: http://localhost:6479 for channel [id: 0x458c001d, L:/127.0.0.1:56441 - R:localhost/127.0.0.1:6479]
18:02:44.093 [Forwarding getCurrentUrl on session fa4f8164a0c55cd7f142d2c4e4f31df8 to remote] DEBUG org.asynchttpclient.netty.request.NettyRequestSender - Using pooled Channel '[id: 0x458c001d, L:/127.0.0.1:56441 - R:localhost/127.0.0.1:6479]' for 'GET' to 'http://localhost:6479/session/fa4f8164a0c55cd7f142d2c4e4f31df8/url'
18:02:44.093 [Forwarding getCurrentUrl on session fa4f8164a0c55cd7f142d2c4e4f31df8 to remote] DEBUG org.asynchttpclient.netty.request.NettyRequestSender - Using open Channel [id: 0x458c001d, L:/127.0.0.1:56441 - R:localhost/127.0.0.1:6479] for GET '/session/fa4f8164a0c55cd7f142d2c4e4f31df8/url'
18:02:44.099 [AsyncHttpClient-1-6] DEBUG org.asynchttpclient.netty.handler.HttpHandler - 

Request DefaultFullHttpRequest(decodeResult: success, version: HTTP/1.1, content: EmptyByteBufBE)
GET /session/fa4f8164a0c55cd7f142d2c4e4f31df8/url HTTP/1.1
User-Agent: selenium/4.8.1 (java windows)
Cache-Control: no-cache
Content-Type: application/json; charset=utf-8
host: localhost:6479
accept: */*

Response DefaultHttpResponse(decodeResult: success, version: HTTP/1.1)
HTTP/1.1 200 OK
Content-Length: 46
Content-Type: application/json; charset=utf-8
cache-control: no-cache

18:02:44.099 [AsyncHttpClient-1-6] DEBUG org.asynchttpclient.netty.channel.ChannelManager - Adding key: http://localhost:6479 for channel [id: 0x458c001d, L:/127.0.0.1:56441 - R:localhost/127.0.0.1:6479]
18:02:44.100 [Forwarding screenshot on session fa4f8164a0c55cd7f142d2c4e4f31df8 to remote] DEBUG org.asynchttpclient.netty.request.NettyRequestSender - Using pooled Channel '[id: 0x458c001d, L:/127.0.0.1:56441 - R:localhost/127.0.0.1:6479]' for 'GET' to 'http://localhost:6479/session/fa4f8164a0c55cd7f142d2c4e4f31df8/screenshot'
18:02:44.100 [Forwarding screenshot on session fa4f8164a0c55cd7f142d2c4e4f31df8 to remote] DEBUG org.asynchttpclient.netty.request.NettyRequestSender - Using open Channel [id: 0x458c001d, L:/127.0.0.1:56441 - R:localhost/127.0.0.1:6479] for GET '/session/fa4f8164a0c55cd7f142d2c4e4f31df8/screenshot'
18:02:44.362 [AsyncHttpClient-1-1] DEBUG org.asynchttpclient.netty.channel.DefaultChannelPool - Entry count for : http://localhost:56443 : 1
18:02:44.388 [AsyncHttpClient-1-6] DEBUG org.asynchttpclient.netty.handler.HttpHandler - 

Request DefaultFullHttpRequest(decodeResult: success, version: HTTP/1.1, content: EmptyByteBufBE)
GET /session/fa4f8164a0c55cd7f142d2c4e4f31df8/screenshot HTTP/1.1
User-Agent: selenium/4.8.1 (java windows)
Cache-Control: no-cache
Content-Type: application/json; charset=utf-8
host: localhost:6479
accept: */*

Response DefaultHttpResponse(decodeResult: success, version: HTTP/1.1)
HTTP/1.1 200 OK
Content-Length: 18416
Content-Type: application/json; charset=utf-8
cache-control: no-cache

18:02:44.388 [AsyncHttpClient-1-6] DEBUG org.asynchttpclient.netty.channel.ChannelManager - Adding key: http://localhost:6479 for channel [id: 0x458c001d, L:/127.0.0.1:56441 - R:localhost/127.0.0.1:6479]
18:02:44.390 [main] DEBUG net.serenitybdd.core.photography.Darkroom - Send negative for processing for target\site\serenity\b3225b44eeaf289bb64edf50984093f175b253789bbedec5b452e0ae4ea750f4.png
18:02:44.391 [main] DEBUG net.thucydides.core.steps.StepInterceptor - STEP DONE: user click the cart
18:02:44.391 [Darkroom Processing Line] DEBUG net.serenitybdd.core.photography.DarkroomProcessingLine - Processing screenshot image in /var/screenshots/screenshot-8169003950500068785
18:02:44.391 [Darkroom Processing Line] DEBUG net.serenitybdd.core.photography.DarkroomProcessingLine - Saving screenshot to target\site\serenity\b3225b44eeaf289bb64edf50984093f175b253789bbedec5b452e0ae4ea750f4.png
  &amp#27;[32mWhen &amp#27;[0m&amp#27;[32muser click the cart&amp#27;[0m                            &amp#27;[90m# starter.stepdefinition.CartStep.userClickTheCart()&amp#27;[0m
18:02:44.405 [main] DEBUG net.thucydides.core.steps.StepInterceptor - STARTING STEP: CartStep.userSeeMessage - user see message Order is Empty!
18:02:44.408 [Forwarding findElement on session fa4f8164a0c55cd7f142d2c4e4f31df8 to remote] DEBUG org.asynchttpclient.netty.request.NettyRequestSender - Using pooled Channel '[id: 0x458c001d, L:/127.0.0.1:56441 - R:localhost/127.0.0.1:6479]' for 'POST' to 'http://localhost:6479/session/fa4f8164a0c55cd7f142d2c4e4f31df8/element'
18:02:44.409 [Forwarding findElement on session fa4f8164a0c55cd7f142d2c4e4f31df8 to remote] DEBUG org.asynchttpclient.netty.request.NettyRequestSender - Using open Channel [id: 0x458c001d, L:/127.0.0.1:56441 - R:localhost/127.0.0.1:6479] for POST '/session/fa4f8164a0c55cd7f142d2c4e4f31df8/element'
18:02:44.436 [AsyncHttpClient-1-6] DEBUG org.asynchttpclient.netty.handler.HttpHandler - 

Request DefaultHttpRequest(decodeResult: success, version: HTTP/1.1)
POST /session/fa4f8164a0c55cd7f142d2c4e4f31df8/element HTTP/1.1
User-Agent: selenium/4.8.1 (java windows)
Content-Length: 80
Content-Type: application/json; charset=utf-8
host: localhost:6479
accept: */*

Response DefaultHttpResponse(decodeResult: success, version: HTTP/1.1)
HTTP/1.1 200 OK
Content-Length: 88
Content-Type: application/json; charset=utf-8
cache-control: no-cache

18:02:44.436 [AsyncHttpClient-1-6] DEBUG org.asynchttpclient.netty.channel.ChannelManager - Adding key: http://localhost:6479 for channel [id: 0x458c001d, L:/127.0.0.1:56441 - R:localhost/127.0.0.1:6479]
18:02:44.440 [Forwarding isElementDisplayed on session fa4f8164a0c55cd7f142d2c4e4f31df8 to remote] DEBUG org.asynchttpclient.netty.request.NettyRequestSender - Using pooled Channel '[id: 0x458c001d, L:/127.0.0.1:56441 - R:localhost/127.0.0.1:6479]' for 'POST' to 'http://localhost:6479/session/fa4f8164a0c55cd7f142d2c4e4f31df8/execute/sync'
18:02:44.441 [Forwarding isElementDisplayed on session fa4f8164a0c55cd7f142d2c4e4f31df8 to remote] DEBUG org.asynchttpclient.netty.request.NettyRequestSender - Using open Channel [id: 0x458c001d, L:/127.0.0.1:56441 - R:localhost/127.0.0.1:6479] for POST '/session/fa4f8164a0c55cd7f142d2c4e4f31df8/execute/sync'
18:02:44.461 [AsyncHttpClient-1-6] DEBUG org.asynchttpclient.netty.handler.HttpHandler - 

Request DefaultHttpRequest(decodeResult: success, version: HTTP/1.1)
POST /session/fa4f8164a0c55cd7f142d2c4e4f31df8/execute/sync HTTP/1.1
User-Agent: selenium/4.8.1 (java windows)
Content-Length: 48807
Content-Type: application/json; charset=utf-8
host: localhost:6479
accept: */*

Response DefaultHttpResponse(decodeResult: success, version: HTTP/1.1)
HTTP/1.1 200 OK
Content-Length: 14
Content-Type: application/json; charset=utf-8
cache-control: no-cache

18:02:44.461 [AsyncHttpClient-1-6] DEBUG org.asynchttpclient.netty.channel.ChannelManager - Adding key: http://localhost:6479 for channel [id: 0x458c001d, L:/127.0.0.1:56441 - R:localhost/127.0.0.1:6479]
18:02:44.468 [Forwarding getAlertText on session fa4f8164a0c55cd7f142d2c4e4f31df8 to remote] DEBUG org.asynchttpclient.netty.request.NettyRequestSender - Using pooled Channel '[id: 0x458c001d, L:/127.0.0.1:56441 - R:localhost/127.0.0.1:6479]' for 'GET' to 'http://localhost:6479/session/fa4f8164a0c55cd7f142d2c4e4f31df8/alert/text'
18:02:44.468 [Forwarding getAlertText on session fa4f8164a0c55cd7f142d2c4e4f31df8 to remote] DEBUG org.asynchttpclient.netty.request.NettyRequestSender - Using open Channel [id: 0x458c001d, L:/127.0.0.1:56441 - R:localhost/127.0.0.1:6479] for GET '/session/fa4f8164a0c55cd7f142d2c4e4f31df8/alert/text'
18:02:44.470 [AsyncHttpClient-1-6] DEBUG org.asynchttpclient.netty.handler.HttpHandler - 

Request DefaultFullHttpRequest(decodeResult: success, version: HTTP/1.1, content: EmptyByteBufBE)
GET /session/fa4f8164a0c55cd7f142d2c4e4f31df8/alert/text HTTP/1.1
User-Agent: selenium/4.8.1 (java windows)
Cache-Control: no-cache
Content-Type: application/json; charset=utf-8
host: localhost:6479
accept: */*

Response DefaultHttpResponse(decodeResult: success, version: HTTP/1.1)
HTTP/1.1 404 Not Found
Content-Length: 848
Content-Type: application/json; charset=utf-8
cache-control: no-cache

18:02:44.470 [AsyncHttpClient-1-6] DEBUG org.asynchttpclient.netty.channel.ChannelManager - Adding key: http://localhost:6479 for channel [id: 0x458c001d, L:/127.0.0.1:56441 - R:localhost/127.0.0.1:6479]
18:02:44.471 [Forwarding getCurrentUrl on session fa4f8164a0c55cd7f142d2c4e4f31df8 to remote] DEBUG org.asynchttpclient.netty.request.NettyRequestSender - Using pooled Channel '[id: 0x458c001d, L:/127.0.0.1:56441 - R:localhost/127.0.0.1:6479]' for 'GET' to 'http://localhost:6479/session/fa4f8164a0c55cd7f142d2c4e4f31df8/url'
18:02:44.471 [Forwarding getCurrentUrl on session fa4f8164a0c55cd7f142d2c4e4f31df8 to remote] DEBUG org.asynchttpclient.netty.request.NettyRequestSender - Using open Channel [id: 0x458c001d, L:/127.0.0.1:56441 - R:localhost/127.0.0.1:6479] for GET '/session/fa4f8164a0c55cd7f142d2c4e4f31df8/url'
18:02:44.477 [AsyncHttpClient-1-6] DEBUG org.asynchttpclient.netty.handler.HttpHandler - 

Request DefaultFullHttpRequest(decodeResult: success, version: HTTP/1.1, content: EmptyByteBufBE)
GET /session/fa4f8164a0c55cd7f142d2c4e4f31df8/url HTTP/1.1
User-Agent: selenium/4.8.1 (java windows)
Cache-Control: no-cache
Content-Type: application/json; charset=utf-8
host: localhost:6479
accept: */*

Response DefaultHttpResponse(decodeResult: success, version: HTTP/1.1)
HTTP/1.1 200 OK
Content-Length: 46
Content-Type: application/json; charset=utf-8
cache-control: no-cache

18:02:44.477 [AsyncHttpClient-1-6] DEBUG org.asynchttpclient.netty.channel.ChannelManager - Adding key: http://localhost:6479 for channel [id: 0x458c001d, L:/127.0.0.1:56441 - R:localhost/127.0.0.1:6479]
18:02:44.478 [Forwarding screenshot on session fa4f8164a0c55cd7f142d2c4e4f31df8 to remote] DEBUG org.asynchttpclient.netty.request.NettyRequestSender - Using pooled Channel '[id: 0x458c001d, L:/127.0.0.1:56441 - R:localhost/127.0.0.1:6479]' for 'GET' to 'http://localhost:6479/session/fa4f8164a0c55cd7f142d2c4e4f31df8/screenshot'
18:02:44.478 [Forwarding screenshot on session fa4f8164a0c55cd7f142d2c4e4f31df8 to remote] DEBUG org.asynchttpclient.netty.request.NettyRequestSender - Using open Channel [id: 0x458c001d, L:/127.0.0.1:56441 - R:localhost/127.0.0.1:6479] for GET '/session/fa4f8164a0c55cd7f142d2c4e4f31df8/screenshot'
18:02:44.645 [AsyncHttpClient-1-6] DEBUG org.asynchttpclient.netty.handler.HttpHandler - 

Request DefaultFullHttpRequest(decodeResult: success, version: HTTP/1.1, content: EmptyByteBufBE)
GET /session/fa4f8164a0c55cd7f142d2c4e4f31df8/screenshot HTTP/1.1
User-Agent: selenium/4.8.1 (java windows)
Cache-Control: no-cache
Content-Type: application/json; charset=utf-8
host: localhost:6479
accept: */*

Response DefaultHttpResponse(decodeResult: success, version: HTTP/1.1)
HTTP/1.1 200 OK
Content-Length: 18656
Content-Type: application/json; charset=utf-8
cache-control: no-cache

18:02:44.646 [AsyncHttpClient-1-6] DEBUG org.asynchttpclient.netty.channel.ChannelManager - Adding key: http://localhost:6479 for channel [id: 0x458c001d, L:/127.0.0.1:56441 - R:localhost/127.0.0.1:6479]
18:02:44.648 [main] DEBUG net.serenitybdd.core.photography.Darkroom - Send negative for processing for target\site\serenity\bb0b636fd069defdcec755568463fbc135d4f8ac90555f4080cd6fab282c33dc.png
18:02:44.648 [main] DEBUG net.thucydides.core.steps.StepInterceptor - STEP DONE: user see message Order is Empty!
18:02:44.648 [Darkroom Processing Line] DEBUG net.serenitybdd.core.photography.DarkroomProcessingLine - Processing screenshot image in /var/screenshots/screenshot-9209003151507210098
18:02:44.648 [Darkroom Processing Line] DEBUG net.serenitybdd.core.photography.DarkroomProcessingLine - Saving screenshot to target\site\serenity\bb0b636fd069defdcec755568463fbc135d4f8ac90555f4080cd6fab282c33dc.png
  &amp#27;[32mThen &amp#27;[0m&amp#27;[32muser see message Order is Empty!&amp#27;[0m               &amp#27;[90m# starter.stepdefinition.CartStep.userSeeMessage()&amp#27;[0m
18:02:44.656 [main] INFO  - 
  _____   ___   ___   _____     ___     _     ___   ___   ___   ___  
 |_   _| | __| / __| |_   _|   | _ \   /_\   / __| / __| | __| |   \ 
   | |   | _|  \__ \   | |     |  _/  / _ \  \__ \ \__ \ | _|  | |) |
   |_|   |___| |___/   |_|     |_|   /_/ \_\ |___/ |___/ |___| |___/ 

As a user, I want to see cart without login
----------------------------------------------------------------------
18:02:44.657 [AsyncHttpClient-1-8] DEBUG org.asynchttpclient.netty.handler.WebSocketHandler - Channel Closed: [id: 0x4b8bac7e, L:/127.0.0.1:56449 ! R:localhost/127.0.0.1:56443] with attribute NettyResponseFuture{currentRetry=0,
	isDone=1,
	isCancelled=0,
	asyncHandler=org.asynchttpclient.ws.WebSocketUpgradeHandler@624b4b8,
	nettyRequest=org.asynchttpclient.netty.request.NettyRequest@e01490e,
	future=java.util.concurrent.CompletableFuture@4105a8f6[Completed normally],
	uri=ws://localhost:56443/devtools/browser/70cdb567-ff3c-4a8f-857a-80a28a9d7bea,
	keepAlive=true,
	redirectCount=0,
	timeoutsHolder=null,
	inAuth=0,
	touch=1683543762518}
18:02:44.658 [AsyncHttpClient-1-8] DEBUG org.asynchttpclient.netty.channel.ChannelManager - Closing Channel [id: 0x4b8bac7e, L:/127.0.0.1:56449 ! R:localhost/127.0.0.1:56443] 
18:02:44.660 [Driver Command Executor] DEBUG org.asynchttpclient.netty.request.NettyRequestSender - Using pooled Channel '[id: 0x458c001d, L:/127.0.0.1:56441 - R:localhost/127.0.0.1:6479]' for 'DELETE' to 'http://localhost:6479/session/fa4f8164a0c55cd7f142d2c4e4f31df8'
18:02:44.660 [Driver Command Executor] DEBUG org.asynchttpclient.netty.request.NettyRequestSender - Using open Channel [id: 0x458c001d, L:/127.0.0.1:56441 - R:localhost/127.0.0.1:6479] for DELETE '/session/fa4f8164a0c55cd7f142d2c4e4f31df8'
18:02:45.063 [AsyncHttpClient-1-7] DEBUG org.asynchttpclient.netty.handler.HttpHandler - Unexpected I/O exception on channel [id: 0x26d3dc97, L:/127.0.0.1:56448 - R:localhost/127.0.0.1:56443]
java.io.IOException: An existing connection was forcibly closed by the remote host
	at sun.nio.ch.SocketDispatcher.read0(Native Method)
	at sun.nio.ch.SocketDispatcher.read(SocketDispatcher.java:43)
	at sun.nio.ch.IOUtil.readIntoNativeBuffer(IOUtil.java:223)
	at sun.nio.ch.IOUtil.read(IOUtil.java:192)
	at sun.nio.ch.SocketChannelImpl.read(SocketChannelImpl.java:378)
	at io.netty.buffer.PooledByteBuf.setBytes(PooledByteBuf.java:259)
	at io.netty.buffer.AbstractByteBuf.writeBytes(AbstractByteBuf.java:1132)
	at io.netty.channel.socket.nio.NioSocketChannel.doReadBytes(NioSocketChannel.java:357)
	at io.netty.channel.nio.AbstractNioByteChannel$NioByteUnsafe.read(AbstractNioByteChannel.java:151)
	at io.netty.channel.nio.NioEventLoop.processSelectedKey(NioEventLoop.java:788)
	at io.netty.channel.nio.NioEventLoop.processSelectedKeysOptimized(NioEventLoop.java:724)
	at io.netty.channel.nio.NioEventLoop.processSelectedKeys(NioEventLoop.java:650)
	at io.netty.channel.nio.NioEventLoop.run(NioEventLoop.java:562)
	at io.netty.util.concurrent.SingleThreadEventExecutor$4.run(SingleThreadEventExecutor.java:997)
	at io.netty.util.internal.ThreadExecutorMap$2.run(ThreadExecutorMap.java:74)
	at io.netty.util.concurrent.FastThreadLocalRunnable.run(FastThreadLocalRunnable.java:30)
	at java.lang.Thread.run(Thread.java:748)
18:02:45.063 [AsyncHttpClient-1-7] DEBUG org.asynchttpclient.netty.channel.ChannelManager - Closing Channel [id: 0x26d3dc97, L:/127.0.0.1:56448 - R:localhost/127.0.0.1:56443] 
18:02:45.063 [AsyncHttpClient-1-7] DEBUG org.asynchttpclient.netty.handler.HttpHandler - Channel Closed: [id: 0x26d3dc97, L:/127.0.0.1:56448 ! R:localhost/127.0.0.1:56443] with attribute DISCARD
18:02:45.114 [AsyncHttpClient-1-6] DEBUG org.asynchttpclient.netty.handler.HttpHandler - 

Request DefaultFullHttpRequest(decodeResult: success, version: HTTP/1.1, content: EmptyByteBufBE)
DELETE /session/fa4f8164a0c55cd7f142d2c4e4f31df8 HTTP/1.1
User-Agent: selenium/4.8.1 (java windows)
Content-Type: application/json; charset=utf-8
host: localhost:6479
accept: */*

Response DefaultHttpResponse(decodeResult: success, version: HTTP/1.1)
HTTP/1.1 200 OK
Content-Length: 14
Content-Type: application/json; charset=utf-8
cache-control: no-cache

18:02:45.115 [AsyncHttpClient-1-6] DEBUG org.asynchttpclient.netty.channel.ChannelManager - Adding key: http://localhost:6479 for channel [id: 0x458c001d, L:/127.0.0.1:56441 - R:localhost/127.0.0.1:6479]
18:02:45.346 [AsyncHttpClient-1-6] DEBUG org.asynchttpclient.netty.handler.HttpHandler - Channel Closed: [id: 0x458c001d, L:/127.0.0.1:56441 ! R:localhost/127.0.0.1:6479] with attribute DISCARD
18:02:45.559 [AsyncHttpClient-1-1] DEBUG org.asynchttpclient.netty.channel.DefaultChannelPool - Entry count for : http://localhost:6479 : 1
18:02:45.559 [AsyncHttpClient-1-1] DEBUG org.asynchttpclient.netty.channel.DefaultChannelPool - Entry count for : http://localhost:56443 : 1
18:02:45.560 [AsyncHttpClient-1-1] DEBUG org.asynchttpclient.netty.channel.DefaultChannelPool - Adding Candidate expired Channel [id: 0x458c001d, L:/127.0.0.1:56441 ! R:localhost/127.0.0.1:6479] isIdleTimeoutExpired=false isRemotelyClosed=true isTtlExpired=false
18:02:45.560 [AsyncHttpClient-1-1] DEBUG org.asynchttpclient.netty.channel.DefaultChannelPool - Closing Idle Channel [id: 0x458c001d, L:/127.0.0.1:56441 ! R:localhost/127.0.0.1:6479]
18:02:45.560 [AsyncHttpClient-1-1] DEBUG org.asynchttpclient.netty.channel.DefaultChannelPool - Adding Candidate expired Channel [id: 0x26d3dc97, L:/127.0.0.1:56448 ! R:localhost/127.0.0.1:56443] isIdleTimeoutExpired=false isRemotelyClosed=true isTtlExpired=false
18:02:45.560 [AsyncHttpClient-1-1] DEBUG org.asynchttpclient.netty.channel.DefaultChannelPool - Closing Idle Channel [id: 0x26d3dc97, L:/127.0.0.1:56448 ! R:localhost/127.0.0.1:56443]
18:02:45.560 [AsyncHttpClient-1-1] DEBUG org.asynchttpclient.netty.channel.DefaultChannelPool - Closed 2 connections out of 2 in 1 ms
]]></system-out>
    <system-err><![CDATA[Starting ChromeDriver 112.0.5615.49 (bd2a7bcb881c11e8cfe3078709382934e3916914-refs/branch-heads/5615@{#936}) on port 6479
Only local connections are allowed.
Please see https://chromedriver.chromium.org/security-considerations for suggestions on keeping ChromeDriver safe.
ChromeDriver was started successfully.
May 08, 2023 6:02:42 PM org.openqa.selenium.devtools.CdpVersionFinder findNearestMatch
WARNING: Unable to find an exact match for CDP version 112, so returning the closest version found: 110
]]></system-err>
  </testcase>
  <testcase name="As a user, I login with valid email dan password" classname="Login - As a user I want to buy some product So that I have to login" time="10.543">
    <system-out><![CDATA[18:02:46.039 [main] DEBUG io.cucumber.core.plugin.SerenityReporter - Running feature from file:///C:/Users/user/IdeaProjects/QE_Devi%20Agustin%20Utari_Mini_Project/Web_Automation_AltaShop/src/test/resources/features/Login.feature
18:02:46.043 [main] DEBUG net.thucydides.core.steps.StepEventBus - Test suite started for story net.thucydides.core.model.Story@589864a6
18:02:46.044 [main] INFO  - Test Suite Started: Login - As a user I want to buy some product So that I have to login

@TC_Login_001
Scenario: As a user, I login with valid email dan password &amp#27;[90m# src/test/resources/features/Login.feature:4&amp#27;[0m
18:02:46.114 [main] DEBUG io.cucumber.core.plugin.SerenityReporter - Running feature from file:///C:/Users/user/IdeaProjects/QE_Devi%20Agustin%20Utari_Mini_Project/Web_Automation_AltaShop/src/test/resources/features/Login.feature
18:02:46.117 [main] INFO  - 
  _____   ___   ___   _____     ___   _____     _     ___   _____   ___   ___  
 |_   _| | __| / __| |_   _|   / __| |_   _|   /_\   | _ \ |_   _| | __| |   \ 
   | |   | _|  \__ \   | |     \__ \   | |    / _ \  |   /   | |   | _|  | |) |
   |_|   |___| |___/   |_|     |___/   |_|   /_/ \_\ |_|_\   |_|   |___| |___/ 

As a user, I login with valid email dan password(login---as-a-user-i-want-to-buy-some-product-so-that-i-have-to-login;as-a-user--i-login-with-valid-email-dan-password)
--------------------------------------------------------------------------------
18:02:46.389 [main] DEBUG net.thucydides.core.steps.StepInterceptor - STARTING STEP: LoginStep.userOnLoginPage - user on login page
18:02:46.823 [main] INFO net.serenitybdd.core.webdriver.driverproviders.ChromeDriverProvider - Starting Chrome driver instance with capabilities:
18:02:46.824 [main] INFO net.serenitybdd.core.webdriver.driverproviders.ChromeDriverProvider - Capabilities {acceptInsecureCerts: true, browserName: chrome, goog:chromeOptions: {args: [remote-allow-origins=*, test-type, no-sandbox, ignore-certificate-errors, start-maximized, incognito, disable-infobars, disable-gpu, disable-default-apps, disable-popup-blocking, remote-allow-origins=*, test-type, no-sandbox, ignore-certificate-errors, start-maximized, incognito, disable-infobars, disable-gpu, disable-default-apps, disable-popup-blocking, remote-allow-origins=*], extensions: []}}
18:02:47.478 [AsyncHttpClient-1-9] DEBUG org.asynchttpclient.netty.channel.NettyConnectListener - Using new Channel '[id: 0x76ea8a18, L:/127.0.0.1:56464 - R:localhost/127.0.0.1:48577]' for 'POST' to '/session'
18:02:48.274 [AsyncHttpClient-1-9] DEBUG org.asynchttpclient.netty.handler.HttpHandler - 

Request DefaultHttpRequest(decodeResult: success, version: HTTP/1.1)
POST /session HTTP/1.1
User-Agent: selenium/4.8.1 (java windows)
Content-Length: 1701
Content-Type: application/json; charset=utf-8
host: localhost:48577
accept: */*

Response DefaultHttpResponse(decodeResult: success, version: HTTP/1.1)
HTTP/1.1 200 OK
Content-Length: 842
Content-Type: application/json; charset=utf-8
cache-control: no-cache

18:02:48.274 [AsyncHttpClient-1-9] DEBUG org.asynchttpclient.netty.channel.ChannelManager - Adding key: http://localhost:48577 for channel [id: 0x76ea8a18, L:/127.0.0.1:56464 - R:localhost/127.0.0.1:48577]
18:02:48.280 [AsyncHttpClient-1-2] DEBUG org.asynchttpclient.netty.channel.NettyConnectListener - Using new Channel '[id: 0xa2e4c25f, L:/127.0.0.1:56470 - R:localhost/127.0.0.1:56465]' for 'GET' to '/json/version'
18:02:48.281 [AsyncHttpClient-1-2] DEBUG org.asynchttpclient.netty.handler.HttpHandler - 

Request DefaultFullHttpRequest(decodeResult: success, version: HTTP/1.1, content: EmptyByteBufBE)
GET /json/version HTTP/1.1
User-Agent: selenium/4.8.1 (java windows)
host: localhost:56465
accept: */*

Response DefaultHttpResponse(decodeResult: success, version: HTTP/1.1)
HTTP/1.1 200 OK
Content-Security-Policy: frame-ancestors 'none'
Content-Length: 424
Content-Type: application/json; charset=UTF-8

18:02:48.281 [AsyncHttpClient-1-2] DEBUG org.asynchttpclient.netty.channel.ChannelManager - Adding key: http://localhost:56465 for channel [id: 0xa2e4c25f, L:/127.0.0.1:56470 - R:localhost/127.0.0.1:56465]
18:02:48.283 [AsyncHttpClient-1-3] DEBUG org.asynchttpclient.netty.channel.NettyConnectListener - Using new Channel '[id: 0x53511214, L:/127.0.0.1:56471 - R:localhost/127.0.0.1:56465]' for 'GET' to '/devtools/browser/24b66215-a406-4665-af0a-19c566816468'
18:02:48.284 [AsyncHttpClient-1-3] DEBUG org.asynchttpclient.netty.handler.WebSocketHandler - 

Request DefaultFullHttpRequest(decodeResult: success, version: HTTP/1.1, content: EmptyByteBufBE)
GET /devtools/browser/24b66215-a406-4665-af0a-19c566816468 HTTP/1.1
upgrade: websocket
connection: upgrade
sec-websocket-key: IkLxc2J9OYNZc7AomIkHgA==
sec-websocket-version: 13
origin: http://localhost:56465
host: localhost:56465
accept: */*
user-agent: AHC/2.1

Response DefaultHttpResponse(decodeResult: success, version: HTTP/1.1)
HTTP/1.1 101 WebSocket Protocol Handshake
Upgrade: WebSocket
Connection: Upgrade
Sec-WebSocket-Accept: ODNYgc5fQEqjW+CSXrmHwmFTlEQ=

18:02:48.287 [Forwarding get on session 631caa680c3177536af6cfa6ffc29a0f to remote] DEBUG org.asynchttpclient.netty.request.NettyRequestSender - Using pooled Channel '[id: 0x76ea8a18, L:/127.0.0.1:56464 - R:localhost/127.0.0.1:48577]' for 'POST' to 'http://localhost:48577/session/631caa680c3177536af6cfa6ffc29a0f/url'
18:02:48.287 [Forwarding get on session 631caa680c3177536af6cfa6ffc29a0f to remote] DEBUG org.asynchttpclient.netty.request.NettyRequestSender - Using open Channel [id: 0x76ea8a18, L:/127.0.0.1:56464 - R:localhost/127.0.0.1:48577] for POST '/session/631caa680c3177536af6cfa6ffc29a0f/url'
18:02:49.033 [AsyncHttpClient-1-1] DEBUG org.asynchttpclient.netty.channel.DefaultChannelPool - Entry count for : http://localhost:56465 : 1
18:02:49.644 [AsyncHttpClient-1-9] DEBUG org.asynchttpclient.netty.handler.HttpHandler - 

Request DefaultHttpRequest(decodeResult: success, version: HTTP/1.1)
POST /session/631caa680c3177536af6cfa6ffc29a0f/url HTTP/1.1
User-Agent: selenium/4.8.1 (java windows)
Content-Length: 74
Content-Type: application/json; charset=utf-8
host: localhost:48577
accept: */*

Response DefaultHttpResponse(decodeResult: success, version: HTTP/1.1)
HTTP/1.1 200 OK
Content-Length: 14
Content-Type: application/json; charset=utf-8
cache-control: no-cache

18:02:49.644 [AsyncHttpClient-1-9] DEBUG org.asynchttpclient.netty.channel.ChannelManager - Adding key: http://localhost:48577 for channel [id: 0x76ea8a18, L:/127.0.0.1:56464 - R:localhost/127.0.0.1:48577]
18:02:49.646 [Forwarding setTimeout on session 631caa680c3177536af6cfa6ffc29a0f to remote] DEBUG org.asynchttpclient.netty.request.NettyRequestSender - Using pooled Channel '[id: 0x76ea8a18, L:/127.0.0.1:56464 - R:localhost/127.0.0.1:48577]' for 'POST' to 'http://localhost:48577/session/631caa680c3177536af6cfa6ffc29a0f/timeouts'
18:02:49.646 [Forwarding setTimeout on session 631caa680c3177536af6cfa6ffc29a0f to remote] DEBUG org.asynchttpclient.netty.request.NettyRequestSender - Using open Channel [id: 0x76ea8a18, L:/127.0.0.1:56464 - R:localhost/127.0.0.1:48577] for POST '/session/631caa680c3177536af6cfa6ffc29a0f/timeouts'
18:02:49.648 [AsyncHttpClient-1-9] DEBUG org.asynchttpclient.netty.handler.HttpHandler - 

Request DefaultHttpRequest(decodeResult: success, version: HTTP/1.1)
POST /session/631caa680c3177536af6cfa6ffc29a0f/timeouts HTTP/1.1
User-Agent: selenium/4.8.1 (java windows)
Content-Length: 22
Content-Type: application/json; charset=utf-8
host: localhost:48577
accept: */*

Response DefaultHttpResponse(decodeResult: success, version: HTTP/1.1)
HTTP/1.1 200 OK
Content-Length: 14
Content-Type: application/json; charset=utf-8
cache-control: no-cache

18:02:49.648 [AsyncHttpClient-1-9] DEBUG org.asynchttpclient.netty.channel.ChannelManager - Adding key: http://localhost:48577 for channel [id: 0x76ea8a18, L:/127.0.0.1:56464 - R:localhost/127.0.0.1:48577]
18:02:49.655 [Forwarding findElement on session 631caa680c3177536af6cfa6ffc29a0f to remote] DEBUG org.asynchttpclient.netty.request.NettyRequestSender - Using pooled Channel '[id: 0x76ea8a18, L:/127.0.0.1:56464 - R:localhost/127.0.0.1:48577]' for 'POST' to 'http://localhost:48577/session/631caa680c3177536af6cfa6ffc29a0f/element'
18:02:49.655 [Forwarding findElement on session 631caa680c3177536af6cfa6ffc29a0f to remote] DEBUG org.asynchttpclient.netty.request.NettyRequestSender - Using open Channel [id: 0x76ea8a18, L:/127.0.0.1:56464 - R:localhost/127.0.0.1:48577] for POST '/session/631caa680c3177536af6cfa6ffc29a0f/element'
18:02:49.672 [AsyncHttpClient-1-9] DEBUG org.asynchttpclient.netty.handler.HttpHandler - 

Request DefaultHttpRequest(decodeResult: success, version: HTTP/1.1)
POST /session/631caa680c3177536af6cfa6ffc29a0f/element HTTP/1.1
User-Agent: selenium/4.8.1 (java windows)
Content-Length: 69
Content-Type: application/json; charset=utf-8
host: localhost:48577
accept: */*

Response DefaultHttpResponse(decodeResult: success, version: HTTP/1.1)
HTTP/1.1 200 OK
Content-Length: 88
Content-Type: application/json; charset=utf-8
cache-control: no-cache

18:02:49.672 [AsyncHttpClient-1-9] DEBUG org.asynchttpclient.netty.channel.ChannelManager - Adding key: http://localhost:48577 for channel [id: 0x76ea8a18, L:/127.0.0.1:56464 - R:localhost/127.0.0.1:48577]
18:02:49.676 [Forwarding isElementDisplayed on session 631caa680c3177536af6cfa6ffc29a0f to remote] DEBUG org.asynchttpclient.netty.request.NettyRequestSender - Using pooled Channel '[id: 0x76ea8a18, L:/127.0.0.1:56464 - R:localhost/127.0.0.1:48577]' for 'POST' to 'http://localhost:48577/session/631caa680c3177536af6cfa6ffc29a0f/execute/sync'
18:02:49.677 [Forwarding isElementDisplayed on session 631caa680c3177536af6cfa6ffc29a0f to remote] DEBUG org.asynchttpclient.netty.request.NettyRequestSender - Using open Channel [id: 0x76ea8a18, L:/127.0.0.1:56464 - R:localhost/127.0.0.1:48577] for POST '/session/631caa680c3177536af6cfa6ffc29a0f/execute/sync'
18:02:49.697 [AsyncHttpClient-1-9] DEBUG org.asynchttpclient.netty.handler.HttpHandler - 

Request DefaultHttpRequest(decodeResult: success, version: HTTP/1.1)
POST /session/631caa680c3177536af6cfa6ffc29a0f/execute/sync HTTP/1.1
User-Agent: selenium/4.8.1 (java windows)
Content-Length: 48807
Content-Type: application/json; charset=utf-8
host: localhost:48577
accept: */*

Response DefaultHttpResponse(decodeResult: success, version: HTTP/1.1)
HTTP/1.1 200 OK
Content-Length: 14
Content-Type: application/json; charset=utf-8
cache-control: no-cache

18:02:49.697 [AsyncHttpClient-1-9] DEBUG org.asynchttpclient.netty.channel.ChannelManager - Adding key: http://localhost:48577 for channel [id: 0x76ea8a18, L:/127.0.0.1:56464 - R:localhost/127.0.0.1:48577]
18:02:49.703 [main] DEBUG net.serenitybdd.core.photography.Darkroom - Opening darkroom
18:02:49.705 [Forwarding getAlertText on session 631caa680c3177536af6cfa6ffc29a0f to remote] DEBUG org.asynchttpclient.netty.request.NettyRequestSender - Using pooled Channel '[id: 0x76ea8a18, L:/127.0.0.1:56464 - R:localhost/127.0.0.1:48577]' for 'GET' to 'http://localhost:48577/session/631caa680c3177536af6cfa6ffc29a0f/alert/text'
18:02:49.705 [Forwarding getAlertText on session 631caa680c3177536af6cfa6ffc29a0f to remote] DEBUG org.asynchttpclient.netty.request.NettyRequestSender - Using open Channel [id: 0x76ea8a18, L:/127.0.0.1:56464 - R:localhost/127.0.0.1:48577] for GET '/session/631caa680c3177536af6cfa6ffc29a0f/alert/text'
18:02:49.705 [Darkroom Processing Line] DEBUG net.serenitybdd.core.photography.DarkroomProcessingLine - Darkroom processing line starting up
18:02:49.707 [AsyncHttpClient-1-9] DEBUG org.asynchttpclient.netty.handler.HttpHandler - 

Request DefaultFullHttpRequest(decodeResult: success, version: HTTP/1.1, content: EmptyByteBufBE)
GET /session/631caa680c3177536af6cfa6ffc29a0f/alert/text HTTP/1.1
User-Agent: selenium/4.8.1 (java windows)
Cache-Control: no-cache
Content-Type: application/json; charset=utf-8
host: localhost:48577
accept: */*

Response DefaultHttpResponse(decodeResult: success, version: HTTP/1.1)
HTTP/1.1 404 Not Found
Content-Length: 848
Content-Type: application/json; charset=utf-8
cache-control: no-cache

18:02:49.707 [AsyncHttpClient-1-9] DEBUG org.asynchttpclient.netty.channel.ChannelManager - Adding key: http://localhost:48577 for channel [id: 0x76ea8a18, L:/127.0.0.1:56464 - R:localhost/127.0.0.1:48577]
18:02:49.709 [Forwarding getCurrentUrl on session 631caa680c3177536af6cfa6ffc29a0f to remote] DEBUG org.asynchttpclient.netty.request.NettyRequestSender - Using pooled Channel '[id: 0x76ea8a18, L:/127.0.0.1:56464 - R:localhost/127.0.0.1:48577]' for 'GET' to 'http://localhost:48577/session/631caa680c3177536af6cfa6ffc29a0f/url'
18:02:49.709 [Forwarding getCurrentUrl on session 631caa680c3177536af6cfa6ffc29a0f to remote] DEBUG org.asynchttpclient.netty.request.NettyRequestSender - Using open Channel [id: 0x76ea8a18, L:/127.0.0.1:56464 - R:localhost/127.0.0.1:48577] for GET '/session/631caa680c3177536af6cfa6ffc29a0f/url'
18:02:49.714 [AsyncHttpClient-1-9] DEBUG org.asynchttpclient.netty.handler.HttpHandler - 

Request DefaultFullHttpRequest(decodeResult: success, version: HTTP/1.1, content: EmptyByteBufBE)
GET /session/631caa680c3177536af6cfa6ffc29a0f/url HTTP/1.1
User-Agent: selenium/4.8.1 (java windows)
Cache-Control: no-cache
Content-Type: application/json; charset=utf-8
host: localhost:48577
accept: */*

Response DefaultHttpResponse(decodeResult: success, version: HTTP/1.1)
HTTP/1.1 200 OK
Content-Length: 51
Content-Type: application/json; charset=utf-8
cache-control: no-cache

18:02:49.714 [AsyncHttpClient-1-9] DEBUG org.asynchttpclient.netty.channel.ChannelManager - Adding key: http://localhost:48577 for channel [id: 0x76ea8a18, L:/127.0.0.1:56464 - R:localhost/127.0.0.1:48577]
18:02:49.715 [Forwarding screenshot on session 631caa680c3177536af6cfa6ffc29a0f to remote] DEBUG org.asynchttpclient.netty.request.NettyRequestSender - Using pooled Channel '[id: 0x76ea8a18, L:/127.0.0.1:56464 - R:localhost/127.0.0.1:48577]' for 'GET' to 'http://localhost:48577/session/631caa680c3177536af6cfa6ffc29a0f/screenshot'
18:02:49.715 [Forwarding screenshot on session 631caa680c3177536af6cfa6ffc29a0f to remote] DEBUG org.asynchttpclient.netty.request.NettyRequestSender - Using open Channel [id: 0x76ea8a18, L:/127.0.0.1:56464 - R:localhost/127.0.0.1:48577] for GET '/session/631caa680c3177536af6cfa6ffc29a0f/screenshot'
18:02:49.823 [AsyncHttpClient-1-9] DEBUG org.asynchttpclient.netty.handler.HttpHandler - 

Request DefaultFullHttpRequest(decodeResult: success, version: HTTP/1.1, content: EmptyByteBufBE)
GET /session/631caa680c3177536af6cfa6ffc29a0f/screenshot HTTP/1.1
User-Agent: selenium/4.8.1 (java windows)
Cache-Control: no-cache
Content-Type: application/json; charset=utf-8
host: localhost:48577
accept: */*

Response DefaultHttpResponse(decodeResult: success, version: HTTP/1.1)
HTTP/1.1 200 OK
Content-Length: 25060
Content-Type: application/json; charset=utf-8
cache-control: no-cache

18:02:49.823 [AsyncHttpClient-1-9] DEBUG org.asynchttpclient.netty.channel.ChannelManager - Adding key: http://localhost:48577 for channel [id: 0x76ea8a18, L:/127.0.0.1:56464 - R:localhost/127.0.0.1:48577]
18:02:49.826 [main] DEBUG net.serenitybdd.core.photography.Darkroom - Send negative for processing for target\site\serenity\1db263dd5c04c8fe15e82ee6420144d4e1e7b9826b9315cfd7ec5b5d0da76045.png
18:02:49.826 [main] DEBUG net.thucydides.core.steps.StepInterceptor - STEP DONE: user on login page
  &amp#27;[32mGiven &amp#27;[0m&amp#27;[32muser on login page&amp#27;[0m                                 &amp#27;[90m# starter.stepdefinition.LoginStep.userOnLoginPage()&amp#27;[0m
18:02:49.841 [main] DEBUG net.thucydides.core.steps.StepInterceptor - STARTING STEP: LoginStep.userInputValidEmail - user input valid email
18:02:49.844 [Forwarding findElement on session 631caa680c3177536af6cfa6ffc29a0f to remote] DEBUG org.asynchttpclient.netty.request.NettyRequestSender - Using pooled Channel '[id: 0x76ea8a18, L:/127.0.0.1:56464 - R:localhost/127.0.0.1:48577]' for 'POST' to 'http://localhost:48577/session/631caa680c3177536af6cfa6ffc29a0f/element'
18:02:49.845 [Forwarding findElement on session 631caa680c3177536af6cfa6ffc29a0f to remote] DEBUG org.asynchttpclient.netty.request.NettyRequestSender - Using open Channel [id: 0x76ea8a18, L:/127.0.0.1:56464 - R:localhost/127.0.0.1:48577] for POST '/session/631caa680c3177536af6cfa6ffc29a0f/element'
18:02:49.860 [AsyncHttpClient-1-9] DEBUG org.asynchttpclient.netty.handler.HttpHandler - 

Request DefaultHttpRequest(decodeResult: success, version: HTTP/1.1)
POST /session/631caa680c3177536af6cfa6ffc29a0f/element HTTP/1.1
User-Agent: selenium/4.8.1 (java windows)
Content-Length: 55
Content-Type: application/json; charset=utf-8
host: localhost:48577
accept: */*

Response DefaultHttpResponse(decodeResult: success, version: HTTP/1.1)
HTTP/1.1 200 OK
Content-Length: 88
Content-Type: application/json; charset=utf-8
cache-control: no-cache

18:02:49.860 [AsyncHttpClient-1-9] DEBUG org.asynchttpclient.netty.channel.ChannelManager - Adding key: http://localhost:48577 for channel [id: 0x76ea8a18, L:/127.0.0.1:56464 - R:localhost/127.0.0.1:48577]
18:02:49.861 [Forwarding clearElement on session 631caa680c3177536af6cfa6ffc29a0f to remote] DEBUG org.asynchttpclient.netty.request.NettyRequestSender - Using pooled Channel '[id: 0x76ea8a18, L:/127.0.0.1:56464 - R:localhost/127.0.0.1:48577]' for 'POST' to 'http://localhost:48577/session/631caa680c3177536af6cfa6ffc29a0f/element/b34b9b7a-e138-416e-9674-ce622da5b81c/clear'
18:02:49.861 [Forwarding clearElement on session 631caa680c3177536af6cfa6ffc29a0f to remote] DEBUG org.asynchttpclient.netty.request.NettyRequestSender - Using open Channel [id: 0x76ea8a18, L:/127.0.0.1:56464 - R:localhost/127.0.0.1:48577] for POST '/session/631caa680c3177536af6cfa6ffc29a0f/element/b34b9b7a-e138-416e-9674-ce622da5b81c/clear'
18:02:49.906 [AsyncHttpClient-1-9] DEBUG org.asynchttpclient.netty.handler.HttpHandler - 

Request DefaultHttpRequest(decodeResult: success, version: HTTP/1.1)
POST /session/631caa680c3177536af6cfa6ffc29a0f/element/b34b9b7a-e138-416e-9674-ce622da5b81c/clear HTTP/1.1
User-Agent: selenium/4.8.1 (java windows)
Content-Length: 50
Content-Type: application/json; charset=utf-8
host: localhost:48577
accept: */*

Response DefaultHttpResponse(decodeResult: success, version: HTTP/1.1)
HTTP/1.1 200 OK
Content-Length: 14
Content-Type: application/json; charset=utf-8
cache-control: no-cache

18:02:49.906 [AsyncHttpClient-1-9] DEBUG org.asynchttpclient.netty.channel.ChannelManager - Adding key: http://localhost:48577 for channel [id: 0x76ea8a18, L:/127.0.0.1:56464 - R:localhost/127.0.0.1:48577]
18:02:49.908 [Forwarding sendKeysToElement on session 631caa680c3177536af6cfa6ffc29a0f to remote] DEBUG org.asynchttpclient.netty.request.NettyRequestSender - Using pooled Channel '[id: 0x76ea8a18, L:/127.0.0.1:56464 - R:localhost/127.0.0.1:48577]' for 'POST' to 'http://localhost:48577/session/631caa680c3177536af6cfa6ffc29a0f/element/b34b9b7a-e138-416e-9674-ce622da5b81c/value'
18:02:49.908 [Forwarding sendKeysToElement on session 631caa680c3177536af6cfa6ffc29a0f to remote] DEBUG org.asynchttpclient.netty.request.NettyRequestSender - Using open Channel [id: 0x76ea8a18, L:/127.0.0.1:56464 - R:localhost/127.0.0.1:48577] for POST '/session/631caa680c3177536af6cfa6ffc29a0f/element/b34b9b7a-e138-416e-9674-ce622da5b81c/value'
18:02:50.081 [AsyncHttpClient-1-1] DEBUG org.asynchttpclient.netty.channel.DefaultChannelPool - Entry count for : http://localhost:56465 : 1
18:02:50.179 [AsyncHttpClient-1-9] DEBUG org.asynchttpclient.netty.handler.HttpHandler - 

Request DefaultHttpRequest(decodeResult: success, version: HTTP/1.1)
POST /session/631caa680c3177536af6cfa6ffc29a0f/element/b34b9b7a-e138-416e-9674-ce622da5b81c/value HTTP/1.1
User-Agent: selenium/4.8.1 (java windows)
Content-Length: 271
Content-Type: application/json; charset=utf-8
host: localhost:48577
accept: */*

Response DefaultHttpResponse(decodeResult: success, version: HTTP/1.1)
HTTP/1.1 200 OK
Content-Length: 14
Content-Type: application/json; charset=utf-8
cache-control: no-cache

18:02:50.179 [AsyncHttpClient-1-9] DEBUG org.asynchttpclient.netty.channel.ChannelManager - Adding key: http://localhost:48577 for channel [id: 0x76ea8a18, L:/127.0.0.1:56464 - R:localhost/127.0.0.1:48577]
18:02:50.189 [Forwarding getAlertText on session 631caa680c3177536af6cfa6ffc29a0f to remote] DEBUG org.asynchttpclient.netty.request.NettyRequestSender - Using pooled Channel '[id: 0x76ea8a18, L:/127.0.0.1:56464 - R:localhost/127.0.0.1:48577]' for 'GET' to 'http://localhost:48577/session/631caa680c3177536af6cfa6ffc29a0f/alert/text'
18:02:50.189 [Forwarding getAlertText on session 631caa680c3177536af6cfa6ffc29a0f to remote] DEBUG org.asynchttpclient.netty.request.NettyRequestSender - Using open Channel [id: 0x76ea8a18, L:/127.0.0.1:56464 - R:localhost/127.0.0.1:48577] for GET '/session/631caa680c3177536af6cfa6ffc29a0f/alert/text'
18:02:50.195 [AsyncHttpClient-1-9] DEBUG org.asynchttpclient.netty.handler.HttpHandler - 

Request DefaultFullHttpRequest(decodeResult: success, version: HTTP/1.1, content: EmptyByteBufBE)
GET /session/631caa680c3177536af6cfa6ffc29a0f/alert/text HTTP/1.1
User-Agent: selenium/4.8.1 (java windows)
Cache-Control: no-cache
Content-Type: application/json; charset=utf-8
host: localhost:48577
accept: */*

Response DefaultHttpResponse(decodeResult: success, version: HTTP/1.1)
HTTP/1.1 404 Not Found
Content-Length: 848
Content-Type: application/json; charset=utf-8
cache-control: no-cache

18:02:50.195 [AsyncHttpClient-1-9] DEBUG org.asynchttpclient.netty.channel.ChannelManager - Adding key: http://localhost:48577 for channel [id: 0x76ea8a18, L:/127.0.0.1:56464 - R:localhost/127.0.0.1:48577]
18:02:50.197 [Forwarding getCurrentUrl on session 631caa680c3177536af6cfa6ffc29a0f to remote] DEBUG org.asynchttpclient.netty.request.NettyRequestSender - Using pooled Channel '[id: 0x76ea8a18, L:/127.0.0.1:56464 - R:localhost/127.0.0.1:48577]' for 'GET' to 'http://localhost:48577/session/631caa680c3177536af6cfa6ffc29a0f/url'
18:02:50.197 [Forwarding getCurrentUrl on session 631caa680c3177536af6cfa6ffc29a0f to remote] DEBUG org.asynchttpclient.netty.request.NettyRequestSender - Using open Channel [id: 0x76ea8a18, L:/127.0.0.1:56464 - R:localhost/127.0.0.1:48577] for GET '/session/631caa680c3177536af6cfa6ffc29a0f/url'
18:02:50.201 [AsyncHttpClient-1-9] DEBUG org.asynchttpclient.netty.handler.HttpHandler - 

Request DefaultFullHttpRequest(decodeResult: success, version: HTTP/1.1, content: EmptyByteBufBE)
GET /session/631caa680c3177536af6cfa6ffc29a0f/url HTTP/1.1
User-Agent: selenium/4.8.1 (java windows)
Cache-Control: no-cache
Content-Type: application/json; charset=utf-8
host: localhost:48577
accept: */*

Response DefaultHttpResponse(decodeResult: success, version: HTTP/1.1)
HTTP/1.1 200 OK
Content-Length: 51
Content-Type: application/json; charset=utf-8
cache-control: no-cache

18:02:50.201 [AsyncHttpClient-1-9] DEBUG org.asynchttpclient.netty.channel.ChannelManager - Adding key: http://localhost:48577 for channel [id: 0x76ea8a18, L:/127.0.0.1:56464 - R:localhost/127.0.0.1:48577]
18:02:50.202 [Forwarding screenshot on session 631caa680c3177536af6cfa6ffc29a0f to remote] DEBUG org.asynchttpclient.netty.request.NettyRequestSender - Using pooled Channel '[id: 0x76ea8a18, L:/127.0.0.1:56464 - R:localhost/127.0.0.1:48577]' for 'GET' to 'http://localhost:48577/session/631caa680c3177536af6cfa6ffc29a0f/screenshot'
18:02:50.202 [Forwarding screenshot on session 631caa680c3177536af6cfa6ffc29a0f to remote] DEBUG org.asynchttpclient.netty.request.NettyRequestSender - Using open Channel [id: 0x76ea8a18, L:/127.0.0.1:56464 - R:localhost/127.0.0.1:48577] for GET '/session/631caa680c3177536af6cfa6ffc29a0f/screenshot'
18:02:50.377 [AsyncHttpClient-1-9] DEBUG org.asynchttpclient.netty.handler.HttpHandler - 

Request DefaultFullHttpRequest(decodeResult: success, version: HTTP/1.1, content: EmptyByteBufBE)
GET /session/631caa680c3177536af6cfa6ffc29a0f/screenshot HTTP/1.1
User-Agent: selenium/4.8.1 (java windows)
Cache-Control: no-cache
Content-Type: application/json; charset=utf-8
host: localhost:48577
accept: */*

Response DefaultHttpResponse(decodeResult: success, version: HTTP/1.1)
HTTP/1.1 200 OK
Content-Length: 29696
Content-Type: application/json; charset=utf-8
cache-control: no-cache

18:02:50.378 [AsyncHttpClient-1-9] DEBUG org.asynchttpclient.netty.channel.ChannelManager - Adding key: http://localhost:48577 for channel [id: 0x76ea8a18, L:/127.0.0.1:56464 - R:localhost/127.0.0.1:48577]
18:02:50.380 [main] DEBUG net.serenitybdd.core.photography.Darkroom - Send negative for processing for target\site\serenity\2a097d2711f2b47ca7dd31401e72cff96ee6dfed7389bb676d67a46c23fb5313.png
18:02:50.381 [main] DEBUG net.thucydides.core.steps.StepInterceptor - STEP DONE: user input valid email
  &amp#27;[32mWhen &amp#27;[0m&amp#27;[32muser input valid email&amp#27;[0m                              &amp#27;[90m# starter.stepdefinition.LoginStep.userInputValidEmail()&amp#27;[0m
18:02:50.381 [Darkroom Processing Line] DEBUG net.serenitybdd.core.photography.DarkroomProcessingLine - Processing screenshot image in /var/screenshots/screenshot-7598071334867118033
18:02:50.381 [Darkroom Processing Line] DEBUG net.serenitybdd.core.photography.DarkroomProcessingLine - Saving screenshot to target\site\serenity\2a097d2711f2b47ca7dd31401e72cff96ee6dfed7389bb676d67a46c23fb5313.png
18:02:50.404 [main] DEBUG net.thucydides.core.steps.StepInterceptor - STARTING STEP: LoginStep.userInputValidPassword - user input valid password
18:02:50.407 [Forwarding findElement on session 631caa680c3177536af6cfa6ffc29a0f to remote] DEBUG org.asynchttpclient.netty.request.NettyRequestSender - Using pooled Channel '[id: 0x76ea8a18, L:/127.0.0.1:56464 - R:localhost/127.0.0.1:48577]' for 'POST' to 'http://localhost:48577/session/631caa680c3177536af6cfa6ffc29a0f/element'
18:02:50.407 [Forwarding findElement on session 631caa680c3177536af6cfa6ffc29a0f to remote] DEBUG org.asynchttpclient.netty.request.NettyRequestSender - Using open Channel [id: 0x76ea8a18, L:/127.0.0.1:56464 - R:localhost/127.0.0.1:48577] for POST '/session/631caa680c3177536af6cfa6ffc29a0f/element'
18:02:50.490 [AsyncHttpClient-1-9] DEBUG org.asynchttpclient.netty.handler.HttpHandler - 

Request DefaultHttpRequest(decodeResult: success, version: HTTP/1.1)
POST /session/631caa680c3177536af6cfa6ffc29a0f/element HTTP/1.1
User-Agent: selenium/4.8.1 (java windows)
Content-Length: 55
Content-Type: application/json; charset=utf-8
host: localhost:48577
accept: */*

Response DefaultHttpResponse(decodeResult: success, version: HTTP/1.1)
HTTP/1.1 200 OK
Content-Length: 88
Content-Type: application/json; charset=utf-8
cache-control: no-cache

18:02:50.491 [AsyncHttpClient-1-9] DEBUG org.asynchttpclient.netty.channel.ChannelManager - Adding key: http://localhost:48577 for channel [id: 0x76ea8a18, L:/127.0.0.1:56464 - R:localhost/127.0.0.1:48577]
18:02:50.492 [Forwarding clearElement on session 631caa680c3177536af6cfa6ffc29a0f to remote] DEBUG org.asynchttpclient.netty.request.NettyRequestSender - Using pooled Channel '[id: 0x76ea8a18, L:/127.0.0.1:56464 - R:localhost/127.0.0.1:48577]' for 'POST' to 'http://localhost:48577/session/631caa680c3177536af6cfa6ffc29a0f/element/a5ad18cd-66a2-469b-a06d-8af978fe79f5/clear'
18:02:50.492 [Forwarding clearElement on session 631caa680c3177536af6cfa6ffc29a0f to remote] DEBUG org.asynchttpclient.netty.request.NettyRequestSender - Using open Channel [id: 0x76ea8a18, L:/127.0.0.1:56464 - R:localhost/127.0.0.1:48577] for POST '/session/631caa680c3177536af6cfa6ffc29a0f/element/a5ad18cd-66a2-469b-a06d-8af978fe79f5/clear'
18:02:50.596 [AsyncHttpClient-1-9] DEBUG org.asynchttpclient.netty.handler.HttpHandler - 

Request DefaultHttpRequest(decodeResult: success, version: HTTP/1.1)
POST /session/631caa680c3177536af6cfa6ffc29a0f/element/a5ad18cd-66a2-469b-a06d-8af978fe79f5/clear HTTP/1.1
User-Agent: selenium/4.8.1 (java windows)
Content-Length: 50
Content-Type: application/json; charset=utf-8
host: localhost:48577
accept: */*

Response DefaultHttpResponse(decodeResult: success, version: HTTP/1.1)
HTTP/1.1 200 OK
Content-Length: 14
Content-Type: application/json; charset=utf-8
cache-control: no-cache

18:02:50.597 [AsyncHttpClient-1-9] DEBUG org.asynchttpclient.netty.channel.ChannelManager - Adding key: http://localhost:48577 for channel [id: 0x76ea8a18, L:/127.0.0.1:56464 - R:localhost/127.0.0.1:48577]
18:02:50.599 [Forwarding sendKeysToElement on session 631caa680c3177536af6cfa6ffc29a0f to remote] DEBUG org.asynchttpclient.netty.request.NettyRequestSender - Using pooled Channel '[id: 0x76ea8a18, L:/127.0.0.1:56464 - R:localhost/127.0.0.1:48577]' for 'POST' to 'http://localhost:48577/session/631caa680c3177536af6cfa6ffc29a0f/element/a5ad18cd-66a2-469b-a06d-8af978fe79f5/value'
18:02:50.599 [Forwarding sendKeysToElement on session 631caa680c3177536af6cfa6ffc29a0f to remote] DEBUG org.asynchttpclient.netty.request.NettyRequestSender - Using open Channel [id: 0x76ea8a18, L:/127.0.0.1:56464 - R:localhost/127.0.0.1:48577] for POST '/session/631caa680c3177536af6cfa6ffc29a0f/element/a5ad18cd-66a2-469b-a06d-8af978fe79f5/value'
18:02:50.714 [AsyncHttpClient-1-9] DEBUG org.asynchttpclient.netty.handler.HttpHandler - 

Request DefaultHttpRequest(decodeResult: success, version: HTTP/1.1)
POST /session/631caa680c3177536af6cfa6ffc29a0f/element/a5ad18cd-66a2-469b-a06d-8af978fe79f5/value HTTP/1.1
User-Agent: selenium/4.8.1 (java windows)
Content-Length: 161
Content-Type: application/json; charset=utf-8
host: localhost:48577
accept: */*

Response DefaultHttpResponse(decodeResult: success, version: HTTP/1.1)
HTTP/1.1 200 OK
Content-Length: 14
Content-Type: application/json; charset=utf-8
cache-control: no-cache

18:02:50.714 [AsyncHttpClient-1-9] DEBUG org.asynchttpclient.netty.channel.ChannelManager - Adding key: http://localhost:48577 for channel [id: 0x76ea8a18, L:/127.0.0.1:56464 - R:localhost/127.0.0.1:48577]
18:02:50.724 [Forwarding getAlertText on session 631caa680c3177536af6cfa6ffc29a0f to remote] DEBUG org.asynchttpclient.netty.request.NettyRequestSender - Using pooled Channel '[id: 0x76ea8a18, L:/127.0.0.1:56464 - R:localhost/127.0.0.1:48577]' for 'GET' to 'http://localhost:48577/session/631caa680c3177536af6cfa6ffc29a0f/alert/text'
18:02:50.724 [Forwarding getAlertText on session 631caa680c3177536af6cfa6ffc29a0f to remote] DEBUG org.asynchttpclient.netty.request.NettyRequestSender - Using open Channel [id: 0x76ea8a18, L:/127.0.0.1:56464 - R:localhost/127.0.0.1:48577] for GET '/session/631caa680c3177536af6cfa6ffc29a0f/alert/text'
18:02:50.726 [AsyncHttpClient-1-9] DEBUG org.asynchttpclient.netty.handler.HttpHandler - 

Request DefaultFullHttpRequest(decodeResult: success, version: HTTP/1.1, content: EmptyByteBufBE)
GET /session/631caa680c3177536af6cfa6ffc29a0f/alert/text HTTP/1.1
User-Agent: selenium/4.8.1 (java windows)
Cache-Control: no-cache
Content-Type: application/json; charset=utf-8
host: localhost:48577
accept: */*

Response DefaultHttpResponse(decodeResult: success, version: HTTP/1.1)
HTTP/1.1 404 Not Found
Content-Length: 848
Content-Type: application/json; charset=utf-8
cache-control: no-cache

18:02:50.727 [AsyncHttpClient-1-9] DEBUG org.asynchttpclient.netty.channel.ChannelManager - Adding key: http://localhost:48577 for channel [id: 0x76ea8a18, L:/127.0.0.1:56464 - R:localhost/127.0.0.1:48577]
18:02:50.729 [Forwarding getCurrentUrl on session 631caa680c3177536af6cfa6ffc29a0f to remote] DEBUG org.asynchttpclient.netty.request.NettyRequestSender - Using pooled Channel '[id: 0x76ea8a18, L:/127.0.0.1:56464 - R:localhost/127.0.0.1:48577]' for 'GET' to 'http://localhost:48577/session/631caa680c3177536af6cfa6ffc29a0f/url'
18:02:50.729 [Forwarding getCurrentUrl on session 631caa680c3177536af6cfa6ffc29a0f to remote] DEBUG org.asynchttpclient.netty.request.NettyRequestSender - Using open Channel [id: 0x76ea8a18, L:/127.0.0.1:56464 - R:localhost/127.0.0.1:48577] for GET '/session/631caa680c3177536af6cfa6ffc29a0f/url'
18:02:50.735 [AsyncHttpClient-1-9] DEBUG org.asynchttpclient.netty.handler.HttpHandler - 

Request DefaultFullHttpRequest(decodeResult: success, version: HTTP/1.1, content: EmptyByteBufBE)
GET /session/631caa680c3177536af6cfa6ffc29a0f/url HTTP/1.1
User-Agent: selenium/4.8.1 (java windows)
Cache-Control: no-cache
Content-Type: application/json; charset=utf-8
host: localhost:48577
accept: */*

Response DefaultHttpResponse(decodeResult: success, version: HTTP/1.1)
HTTP/1.1 200 OK
Content-Length: 51
Content-Type: application/json; charset=utf-8
cache-control: no-cache

18:02:50.735 [AsyncHttpClient-1-9] DEBUG org.asynchttpclient.netty.channel.ChannelManager - Adding key: http://localhost:48577 for channel [id: 0x76ea8a18, L:/127.0.0.1:56464 - R:localhost/127.0.0.1:48577]
18:02:50.736 [Forwarding screenshot on session 631caa680c3177536af6cfa6ffc29a0f to remote] DEBUG org.asynchttpclient.netty.request.NettyRequestSender - Using pooled Channel '[id: 0x76ea8a18, L:/127.0.0.1:56464 - R:localhost/127.0.0.1:48577]' for 'GET' to 'http://localhost:48577/session/631caa680c3177536af6cfa6ffc29a0f/screenshot'
18:02:50.736 [Forwarding screenshot on session 631caa680c3177536af6cfa6ffc29a0f to remote] DEBUG org.asynchttpclient.netty.request.NettyRequestSender - Using open Channel [id: 0x76ea8a18, L:/127.0.0.1:56464 - R:localhost/127.0.0.1:48577] for GET '/session/631caa680c3177536af6cfa6ffc29a0f/screenshot'
18:02:50.867 [AsyncHttpClient-1-9] DEBUG org.asynchttpclient.netty.handler.HttpHandler - 

Request DefaultFullHttpRequest(decodeResult: success, version: HTTP/1.1, content: EmptyByteBufBE)
GET /session/631caa680c3177536af6cfa6ffc29a0f/screenshot HTTP/1.1
User-Agent: selenium/4.8.1 (java windows)
Cache-Control: no-cache
Content-Type: application/json; charset=utf-8
host: localhost:48577
accept: */*

Response DefaultHttpResponse(decodeResult: success, version: HTTP/1.1)
HTTP/1.1 200 OK
Content-Length: 31312
Content-Type: application/json; charset=utf-8
cache-control: no-cache

18:02:50.867 [AsyncHttpClient-1-9] DEBUG org.asynchttpclient.netty.channel.ChannelManager - Adding key: http://localhost:48577 for channel [id: 0x76ea8a18, L:/127.0.0.1:56464 - R:localhost/127.0.0.1:48577]
18:02:50.870 [main] DEBUG net.serenitybdd.core.photography.Darkroom - Send negative for processing for target\site\serenity\e90c95183e1bdac7fafea09147034f24c7b4f1eb0bdd243368e1adb3ac617a7e.png
18:02:50.871 [main] DEBUG net.thucydides.core.steps.StepInterceptor - STEP DONE: user input valid password
18:02:50.871 [Darkroom Processing Line] DEBUG net.serenitybdd.core.photography.DarkroomProcessingLine - Processing screenshot image in /var/screenshots/screenshot-991165559518287493
  &amp#27;[32mAnd &amp#27;[0m&amp#27;[32muser input valid password&amp#27;[0m                            &amp#27;[90m# starter.stepdefinition.LoginStep.userInputValidPassword()&amp#27;[0m
18:02:50.871 [Darkroom Processing Line] DEBUG net.serenitybdd.core.photography.DarkroomProcessingLine - Saving screenshot to target\site\serenity\e90c95183e1bdac7fafea09147034f24c7b4f1eb0bdd243368e1adb3ac617a7e.png
18:02:50.886 [main] DEBUG net.thucydides.core.steps.StepInterceptor - STARTING STEP: LoginStep.clickButtonLogin - click button login
18:02:50.891 [Forwarding findElement on session 631caa680c3177536af6cfa6ffc29a0f to remote] DEBUG org.asynchttpclient.netty.request.NettyRequestSender - Using pooled Channel '[id: 0x76ea8a18, L:/127.0.0.1:56464 - R:localhost/127.0.0.1:48577]' for 'POST' to 'http://localhost:48577/session/631caa680c3177536af6cfa6ffc29a0f/element'
18:02:50.891 [Forwarding findElement on session 631caa680c3177536af6cfa6ffc29a0f to remote] DEBUG org.asynchttpclient.netty.request.NettyRequestSender - Using open Channel [id: 0x76ea8a18, L:/127.0.0.1:56464 - R:localhost/127.0.0.1:48577] for POST '/session/631caa680c3177536af6cfa6ffc29a0f/element'
18:02:50.903 [AsyncHttpClient-1-9] DEBUG org.asynchttpclient.netty.handler.HttpHandler - 

Request DefaultHttpRequest(decodeResult: success, version: HTTP/1.1)
POST /session/631caa680c3177536af6cfa6ffc29a0f/element HTTP/1.1
User-Agent: selenium/4.8.1 (java windows)
Content-Length: 69
Content-Type: application/json; charset=utf-8
host: localhost:48577
accept: */*

Response DefaultHttpResponse(decodeResult: success, version: HTTP/1.1)
HTTP/1.1 200 OK
Content-Length: 88
Content-Type: application/json; charset=utf-8
cache-control: no-cache

18:02:50.903 [AsyncHttpClient-1-9] DEBUG org.asynchttpclient.netty.channel.ChannelManager - Adding key: http://localhost:48577 for channel [id: 0x76ea8a18, L:/127.0.0.1:56464 - R:localhost/127.0.0.1:48577]
18:02:50.904 [Forwarding getElementTagName on session 631caa680c3177536af6cfa6ffc29a0f to remote] DEBUG org.asynchttpclient.netty.request.NettyRequestSender - Using pooled Channel '[id: 0x76ea8a18, L:/127.0.0.1:56464 - R:localhost/127.0.0.1:48577]' for 'GET' to 'http://localhost:48577/session/631caa680c3177536af6cfa6ffc29a0f/element/8101b9a0-01cb-4330-9f24-c9563bef794c/name'
18:02:50.904 [Forwarding getElementTagName on session 631caa680c3177536af6cfa6ffc29a0f to remote] DEBUG org.asynchttpclient.netty.request.NettyRequestSender - Using open Channel [id: 0x76ea8a18, L:/127.0.0.1:56464 - R:localhost/127.0.0.1:48577] for GET '/session/631caa680c3177536af6cfa6ffc29a0f/element/8101b9a0-01cb-4330-9f24-c9563bef794c/name'
18:02:50.913 [AsyncHttpClient-1-9] DEBUG org.asynchttpclient.netty.handler.HttpHandler - 

Request DefaultFullHttpRequest(decodeResult: success, version: HTTP/1.1, content: EmptyByteBufBE)
GET /session/631caa680c3177536af6cfa6ffc29a0f/element/8101b9a0-01cb-4330-9f24-c9563bef794c/name HTTP/1.1
User-Agent: selenium/4.8.1 (java windows)
Cache-Control: no-cache
Content-Type: application/json; charset=utf-8
host: localhost:48577
accept: */*

Response DefaultHttpResponse(decodeResult: success, version: HTTP/1.1)
HTTP/1.1 200 OK
Content-Length: 16
Content-Type: application/json; charset=utf-8
cache-control: no-cache

18:02:50.914 [AsyncHttpClient-1-9] DEBUG org.asynchttpclient.netty.channel.ChannelManager - Adding key: http://localhost:48577 for channel [id: 0x76ea8a18, L:/127.0.0.1:56464 - R:localhost/127.0.0.1:48577]
18:02:50.915 [Forwarding getElementTagName on session 631caa680c3177536af6cfa6ffc29a0f to remote] DEBUG org.asynchttpclient.netty.request.NettyRequestSender - Using pooled Channel '[id: 0x76ea8a18, L:/127.0.0.1:56464 - R:localhost/127.0.0.1:48577]' for 'GET' to 'http://localhost:48577/session/631caa680c3177536af6cfa6ffc29a0f/element/8101b9a0-01cb-4330-9f24-c9563bef794c/name'
18:02:50.915 [Forwarding getElementTagName on session 631caa680c3177536af6cfa6ffc29a0f to remote] DEBUG org.asynchttpclient.netty.request.NettyRequestSender - Using open Channel [id: 0x76ea8a18, L:/127.0.0.1:56464 - R:localhost/127.0.0.1:48577] for GET '/session/631caa680c3177536af6cfa6ffc29a0f/element/8101b9a0-01cb-4330-9f24-c9563bef794c/name'
18:02:50.919 [AsyncHttpClient-1-9] DEBUG org.asynchttpclient.netty.handler.HttpHandler - 

Request DefaultFullHttpRequest(decodeResult: success, version: HTTP/1.1, content: EmptyByteBufBE)
GET /session/631caa680c3177536af6cfa6ffc29a0f/element/8101b9a0-01cb-4330-9f24-c9563bef794c/name HTTP/1.1
User-Agent: selenium/4.8.1 (java windows)
Cache-Control: no-cache
Content-Type: application/json; charset=utf-8
host: localhost:48577
accept: */*

Response DefaultHttpResponse(decodeResult: success, version: HTTP/1.1)
HTTP/1.1 200 OK
Content-Length: 16
Content-Type: application/json; charset=utf-8
cache-control: no-cache

18:02:50.919 [AsyncHttpClient-1-9] DEBUG org.asynchttpclient.netty.channel.ChannelManager - Adding key: http://localhost:48577 for channel [id: 0x76ea8a18, L:/127.0.0.1:56464 - R:localhost/127.0.0.1:48577]
18:02:50.922 [Forwarding findElement on session 631caa680c3177536af6cfa6ffc29a0f to remote] DEBUG org.asynchttpclient.netty.request.NettyRequestSender - Using pooled Channel '[id: 0x76ea8a18, L:/127.0.0.1:56464 - R:localhost/127.0.0.1:48577]' for 'POST' to 'http://localhost:48577/session/631caa680c3177536af6cfa6ffc29a0f/element'
18:02:50.923 [Forwarding findElement on session 631caa680c3177536af6cfa6ffc29a0f to remote] DEBUG org.asynchttpclient.netty.request.NettyRequestSender - Using open Channel [id: 0x76ea8a18, L:/127.0.0.1:56464 - R:localhost/127.0.0.1:48577] for POST '/session/631caa680c3177536af6cfa6ffc29a0f/element'
18:02:50.932 [AsyncHttpClient-1-9] DEBUG org.asynchttpclient.netty.handler.HttpHandler - 

Request DefaultHttpRequest(decodeResult: success, version: HTTP/1.1)
POST /session/631caa680c3177536af6cfa6ffc29a0f/element HTTP/1.1
User-Agent: selenium/4.8.1 (java windows)
Content-Length: 69
Content-Type: application/json; charset=utf-8
host: localhost:48577
accept: */*

Response DefaultHttpResponse(decodeResult: success, version: HTTP/1.1)
HTTP/1.1 200 OK
Content-Length: 88
Content-Type: application/json; charset=utf-8
cache-control: no-cache

18:02:50.933 [AsyncHttpClient-1-9] DEBUG org.asynchttpclient.netty.channel.ChannelManager - Adding key: http://localhost:48577 for channel [id: 0x76ea8a18, L:/127.0.0.1:56464 - R:localhost/127.0.0.1:48577]
18:02:50.934 [Forwarding clickElement on session 631caa680c3177536af6cfa6ffc29a0f to remote] DEBUG org.asynchttpclient.netty.request.NettyRequestSender - Using pooled Channel '[id: 0x76ea8a18, L:/127.0.0.1:56464 - R:localhost/127.0.0.1:48577]' for 'POST' to 'http://localhost:48577/session/631caa680c3177536af6cfa6ffc29a0f/element/8101b9a0-01cb-4330-9f24-c9563bef794c/click'
18:02:50.935 [Forwarding clickElement on session 631caa680c3177536af6cfa6ffc29a0f to remote] DEBUG org.asynchttpclient.netty.request.NettyRequestSender - Using open Channel [id: 0x76ea8a18, L:/127.0.0.1:56464 - R:localhost/127.0.0.1:48577] for POST '/session/631caa680c3177536af6cfa6ffc29a0f/element/8101b9a0-01cb-4330-9f24-c9563bef794c/click'
18:02:51.002 [AsyncHttpClient-1-9] DEBUG org.asynchttpclient.netty.handler.HttpHandler - 

Request DefaultHttpRequest(decodeResult: success, version: HTTP/1.1)
POST /session/631caa680c3177536af6cfa6ffc29a0f/element/8101b9a0-01cb-4330-9f24-c9563bef794c/click HTTP/1.1
User-Agent: selenium/4.8.1 (java windows)
Content-Length: 50
Content-Type: application/json; charset=utf-8
host: localhost:48577
accept: */*

Response DefaultHttpResponse(decodeResult: success, version: HTTP/1.1)
HTTP/1.1 200 OK
Content-Length: 14
Content-Type: application/json; charset=utf-8
cache-control: no-cache

18:02:51.002 [AsyncHttpClient-1-9] DEBUG org.asynchttpclient.netty.channel.ChannelManager - Adding key: http://localhost:48577 for channel [id: 0x76ea8a18, L:/127.0.0.1:56464 - R:localhost/127.0.0.1:48577]
18:02:51.013 [Forwarding getAlertText on session 631caa680c3177536af6cfa6ffc29a0f to remote] DEBUG org.asynchttpclient.netty.request.NettyRequestSender - Using pooled Channel '[id: 0x76ea8a18, L:/127.0.0.1:56464 - R:localhost/127.0.0.1:48577]' for 'GET' to 'http://localhost:48577/session/631caa680c3177536af6cfa6ffc29a0f/alert/text'
18:02:51.013 [Forwarding getAlertText on session 631caa680c3177536af6cfa6ffc29a0f to remote] DEBUG org.asynchttpclient.netty.request.NettyRequestSender - Using open Channel [id: 0x76ea8a18, L:/127.0.0.1:56464 - R:localhost/127.0.0.1:48577] for GET '/session/631caa680c3177536af6cfa6ffc29a0f/alert/text'
18:02:51.016 [AsyncHttpClient-1-9] DEBUG org.asynchttpclient.netty.handler.HttpHandler - 

Request DefaultFullHttpRequest(decodeResult: success, version: HTTP/1.1, content: EmptyByteBufBE)
GET /session/631caa680c3177536af6cfa6ffc29a0f/alert/text HTTP/1.1
User-Agent: selenium/4.8.1 (java windows)
Cache-Control: no-cache
Content-Type: application/json; charset=utf-8
host: localhost:48577
accept: */*

Response DefaultHttpResponse(decodeResult: success, version: HTTP/1.1)
HTTP/1.1 404 Not Found
Content-Length: 848
Content-Type: application/json; charset=utf-8
cache-control: no-cache

18:02:51.017 [AsyncHttpClient-1-9] DEBUG org.asynchttpclient.netty.channel.ChannelManager - Adding key: http://localhost:48577 for channel [id: 0x76ea8a18, L:/127.0.0.1:56464 - R:localhost/127.0.0.1:48577]
18:02:51.018 [Forwarding getCurrentUrl on session 631caa680c3177536af6cfa6ffc29a0f to remote] DEBUG org.asynchttpclient.netty.request.NettyRequestSender - Using pooled Channel '[id: 0x76ea8a18, L:/127.0.0.1:56464 - R:localhost/127.0.0.1:48577]' for 'GET' to 'http://localhost:48577/session/631caa680c3177536af6cfa6ffc29a0f/url'
18:02:51.018 [Forwarding getCurrentUrl on session 631caa680c3177536af6cfa6ffc29a0f to remote] DEBUG org.asynchttpclient.netty.request.NettyRequestSender - Using open Channel [id: 0x76ea8a18, L:/127.0.0.1:56464 - R:localhost/127.0.0.1:48577] for GET '/session/631caa680c3177536af6cfa6ffc29a0f/url'
18:02:51.022 [AsyncHttpClient-1-9] DEBUG org.asynchttpclient.netty.handler.HttpHandler - 

Request DefaultFullHttpRequest(decodeResult: success, version: HTTP/1.1, content: EmptyByteBufBE)
GET /session/631caa680c3177536af6cfa6ffc29a0f/url HTTP/1.1
User-Agent: selenium/4.8.1 (java windows)
Cache-Control: no-cache
Content-Type: application/json; charset=utf-8
host: localhost:48577
accept: */*

Response DefaultHttpResponse(decodeResult: success, version: HTTP/1.1)
HTTP/1.1 200 OK
Content-Length: 51
Content-Type: application/json; charset=utf-8
cache-control: no-cache

18:02:51.023 [AsyncHttpClient-1-9] DEBUG org.asynchttpclient.netty.channel.ChannelManager - Adding key: http://localhost:48577 for channel [id: 0x76ea8a18, L:/127.0.0.1:56464 - R:localhost/127.0.0.1:48577]
18:02:51.024 [Forwarding screenshot on session 631caa680c3177536af6cfa6ffc29a0f to remote] DEBUG org.asynchttpclient.netty.request.NettyRequestSender - Using pooled Channel '[id: 0x76ea8a18, L:/127.0.0.1:56464 - R:localhost/127.0.0.1:48577]' for 'GET' to 'http://localhost:48577/session/631caa680c3177536af6cfa6ffc29a0f/screenshot'
18:02:51.024 [Forwarding screenshot on session 631caa680c3177536af6cfa6ffc29a0f to remote] DEBUG org.asynchttpclient.netty.request.NettyRequestSender - Using open Channel [id: 0x76ea8a18, L:/127.0.0.1:56464 - R:localhost/127.0.0.1:48577] for GET '/session/631caa680c3177536af6cfa6ffc29a0f/screenshot'
18:02:51.148 [AsyncHttpClient-1-1] DEBUG org.asynchttpclient.netty.channel.DefaultChannelPool - Entry count for : http://localhost:56465 : 1
18:02:51.164 [AsyncHttpClient-1-9] DEBUG org.asynchttpclient.netty.handler.HttpHandler - 

Request DefaultFullHttpRequest(decodeResult: success, version: HTTP/1.1, content: EmptyByteBufBE)
GET /session/631caa680c3177536af6cfa6ffc29a0f/screenshot HTTP/1.1
User-Agent: selenium/4.8.1 (java windows)
Cache-Control: no-cache
Content-Type: application/json; charset=utf-8
host: localhost:48577
accept: */*

Response DefaultHttpResponse(decodeResult: success, version: HTTP/1.1)
HTTP/1.1 200 OK
Content-Length: 31088
Content-Type: application/json; charset=utf-8
cache-control: no-cache

18:02:51.164 [AsyncHttpClient-1-9] DEBUG org.asynchttpclient.netty.channel.ChannelManager - Adding key: http://localhost:48577 for channel [id: 0x76ea8a18, L:/127.0.0.1:56464 - R:localhost/127.0.0.1:48577]
18:02:51.167 [main] DEBUG net.serenitybdd.core.photography.Darkroom - Send negative for processing for target\site\serenity\6eb1318dafc82580c063c01dff63f3fc6dfb8025f99e22e08317ecafc328017d.png
18:02:51.168 [main] DEBUG net.thucydides.core.steps.StepInterceptor - STEP DONE: click button login
18:02:51.168 [Darkroom Processing Line] DEBUG net.serenitybdd.core.photography.DarkroomProcessingLine - Processing screenshot image in /var/screenshots/screenshot-7013200932728755048
18:02:51.168 [Darkroom Processing Line] DEBUG net.serenitybdd.core.photography.DarkroomProcessingLine - Saving screenshot to target\site\serenity\6eb1318dafc82580c063c01dff63f3fc6dfb8025f99e22e08317ecafc328017d.png
  &amp#27;[32mAnd &amp#27;[0m&amp#27;[32mclick button login&amp#27;[0m                                   &amp#27;[90m# starter.stepdefinition.LoginStep.clickButtonLogin()&amp#27;[0m
18:02:51.183 [main] DEBUG net.thucydides.core.steps.StepInterceptor - STARTING STEP: LoginStep.userCanSeeProductHomepage - user can see product homepage
18:02:51.186 [Forwarding findElement on session 631caa680c3177536af6cfa6ffc29a0f to remote] DEBUG org.asynchttpclient.netty.request.NettyRequestSender - Using pooled Channel '[id: 0x76ea8a18, L:/127.0.0.1:56464 - R:localhost/127.0.0.1:48577]' for 'POST' to 'http://localhost:48577/session/631caa680c3177536af6cfa6ffc29a0f/element'
18:02:51.186 [Forwarding findElement on session 631caa680c3177536af6cfa6ffc29a0f to remote] DEBUG org.asynchttpclient.netty.request.NettyRequestSender - Using open Channel [id: 0x76ea8a18, L:/127.0.0.1:56464 - R:localhost/127.0.0.1:48577] for POST '/session/631caa680c3177536af6cfa6ffc29a0f/element'
18:02:51.257 [AsyncHttpClient-1-9] DEBUG org.asynchttpclient.netty.handler.HttpHandler - 

Request DefaultHttpRequest(decodeResult: success, version: HTTP/1.1)
POST /session/631caa680c3177536af6cfa6ffc29a0f/element HTTP/1.1
User-Agent: selenium/4.8.1 (java windows)
Content-Length: 75
Content-Type: application/json; charset=utf-8
host: localhost:48577
accept: */*

Response DefaultHttpResponse(decodeResult: success, version: HTTP/1.1)
HTTP/1.1 200 OK
Content-Length: 88
Content-Type: application/json; charset=utf-8
cache-control: no-cache

18:02:51.257 [AsyncHttpClient-1-9] DEBUG org.asynchttpclient.netty.channel.ChannelManager - Adding key: http://localhost:48577 for channel [id: 0x76ea8a18, L:/127.0.0.1:56464 - R:localhost/127.0.0.1:48577]
18:02:51.261 [Forwarding isElementDisplayed on session 631caa680c3177536af6cfa6ffc29a0f to remote] DEBUG org.asynchttpclient.netty.request.NettyRequestSender - Using pooled Channel '[id: 0x76ea8a18, L:/127.0.0.1:56464 - R:localhost/127.0.0.1:48577]' for 'POST' to 'http://localhost:48577/session/631caa680c3177536af6cfa6ffc29a0f/execute/sync'
18:02:51.261 [Forwarding isElementDisplayed on session 631caa680c3177536af6cfa6ffc29a0f to remote] DEBUG org.asynchttpclient.netty.request.NettyRequestSender - Using open Channel [id: 0x76ea8a18, L:/127.0.0.1:56464 - R:localhost/127.0.0.1:48577] for POST '/session/631caa680c3177536af6cfa6ffc29a0f/execute/sync'
18:02:51.280 [AsyncHttpClient-1-9] DEBUG org.asynchttpclient.netty.handler.HttpHandler - 

Request DefaultHttpRequest(decodeResult: success, version: HTTP/1.1)
POST /session/631caa680c3177536af6cfa6ffc29a0f/execute/sync HTTP/1.1
User-Agent: selenium/4.8.1 (java windows)
Content-Length: 48807
Content-Type: application/json; charset=utf-8
host: localhost:48577
accept: */*

Response DefaultHttpResponse(decodeResult: success, version: HTTP/1.1)
HTTP/1.1 200 OK
Content-Length: 14
Content-Type: application/json; charset=utf-8
cache-control: no-cache

18:02:51.280 [AsyncHttpClient-1-9] DEBUG org.asynchttpclient.netty.channel.ChannelManager - Adding key: http://localhost:48577 for channel [id: 0x76ea8a18, L:/127.0.0.1:56464 - R:localhost/127.0.0.1:48577]
18:02:51.287 [Forwarding getAlertText on session 631caa680c3177536af6cfa6ffc29a0f to remote] DEBUG org.asynchttpclient.netty.request.NettyRequestSender - Using pooled Channel '[id: 0x76ea8a18, L:/127.0.0.1:56464 - R:localhost/127.0.0.1:48577]' for 'GET' to 'http://localhost:48577/session/631caa680c3177536af6cfa6ffc29a0f/alert/text'
18:02:51.287 [Forwarding getAlertText on session 631caa680c3177536af6cfa6ffc29a0f to remote] DEBUG org.asynchttpclient.netty.request.NettyRequestSender - Using open Channel [id: 0x76ea8a18, L:/127.0.0.1:56464 - R:localhost/127.0.0.1:48577] for GET '/session/631caa680c3177536af6cfa6ffc29a0f/alert/text'
18:02:51.338 [AsyncHttpClient-1-9] DEBUG org.asynchttpclient.netty.handler.HttpHandler - 

Request DefaultFullHttpRequest(decodeResult: success, version: HTTP/1.1, content: EmptyByteBufBE)
GET /session/631caa680c3177536af6cfa6ffc29a0f/alert/text HTTP/1.1
User-Agent: selenium/4.8.1 (java windows)
Cache-Control: no-cache
Content-Type: application/json; charset=utf-8
host: localhost:48577
accept: */*

Response DefaultHttpResponse(decodeResult: success, version: HTTP/1.1)
HTTP/1.1 404 Not Found
Content-Length: 848
Content-Type: application/json; charset=utf-8
cache-control: no-cache

18:02:51.338 [AsyncHttpClient-1-9] DEBUG org.asynchttpclient.netty.channel.ChannelManager - Adding key: http://localhost:48577 for channel [id: 0x76ea8a18, L:/127.0.0.1:56464 - R:localhost/127.0.0.1:48577]
18:02:51.339 [Forwarding getCurrentUrl on session 631caa680c3177536af6cfa6ffc29a0f to remote] DEBUG org.asynchttpclient.netty.request.NettyRequestSender - Using pooled Channel '[id: 0x76ea8a18, L:/127.0.0.1:56464 - R:localhost/127.0.0.1:48577]' for 'GET' to 'http://localhost:48577/session/631caa680c3177536af6cfa6ffc29a0f/url'
18:02:51.340 [Forwarding getCurrentUrl on session 631caa680c3177536af6cfa6ffc29a0f to remote] DEBUG org.asynchttpclient.netty.request.NettyRequestSender - Using open Channel [id: 0x76ea8a18, L:/127.0.0.1:56464 - R:localhost/127.0.0.1:48577] for GET '/session/631caa680c3177536af6cfa6ffc29a0f/url'
18:02:51.389 [AsyncHttpClient-1-9] DEBUG org.asynchttpclient.netty.handler.HttpHandler - 

Request DefaultFullHttpRequest(decodeResult: success, version: HTTP/1.1, content: EmptyByteBufBE)
GET /session/631caa680c3177536af6cfa6ffc29a0f/url HTTP/1.1
User-Agent: selenium/4.8.1 (java windows)
Cache-Control: no-cache
Content-Type: application/json; charset=utf-8
host: localhost:48577
accept: */*

Response DefaultHttpResponse(decodeResult: success, version: HTTP/1.1)
HTTP/1.1 200 OK
Content-Length: 41
Content-Type: application/json; charset=utf-8
cache-control: no-cache

18:02:51.389 [AsyncHttpClient-1-9] DEBUG org.asynchttpclient.netty.channel.ChannelManager - Adding key: http://localhost:48577 for channel [id: 0x76ea8a18, L:/127.0.0.1:56464 - R:localhost/127.0.0.1:48577]
18:02:51.391 [Forwarding screenshot on session 631caa680c3177536af6cfa6ffc29a0f to remote] DEBUG org.asynchttpclient.netty.request.NettyRequestSender - Using pooled Channel '[id: 0x76ea8a18, L:/127.0.0.1:56464 - R:localhost/127.0.0.1:48577]' for 'GET' to 'http://localhost:48577/session/631caa680c3177536af6cfa6ffc29a0f/screenshot'
18:02:51.391 [Forwarding screenshot on session 631caa680c3177536af6cfa6ffc29a0f to remote] DEBUG org.asynchttpclient.netty.request.NettyRequestSender - Using open Channel [id: 0x76ea8a18, L:/127.0.0.1:56464 - R:localhost/127.0.0.1:48577] for GET '/session/631caa680c3177536af6cfa6ffc29a0f/screenshot'
18:02:51.575 [AsyncHttpClient-1-9] DEBUG org.asynchttpclient.netty.handler.HttpHandler - 

Request DefaultFullHttpRequest(decodeResult: success, version: HTTP/1.1, content: EmptyByteBufBE)
GET /session/631caa680c3177536af6cfa6ffc29a0f/screenshot HTTP/1.1
User-Agent: selenium/4.8.1 (java windows)
Cache-Control: no-cache
Content-Type: application/json; charset=utf-8
host: localhost:48577
accept: */*

Response DefaultHttpResponse(decodeResult: success, version: HTTP/1.1)
HTTP/1.1 200 OK
Content-Length: 27268
Content-Type: application/json; charset=utf-8
cache-control: no-cache

18:02:51.576 [AsyncHttpClient-1-9] DEBUG org.asynchttpclient.netty.channel.ChannelManager - Adding key: http://localhost:48577 for channel [id: 0x76ea8a18, L:/127.0.0.1:56464 - R:localhost/127.0.0.1:48577]
18:02:51.579 [main] DEBUG net.serenitybdd.core.photography.Darkroom - Send negative for processing for target\site\serenity\70c1dcda14064e36915d3cc58da14d7df2708ff44d712feeb85f4e07c3fb672b.png
18:02:51.579 [main] DEBUG net.thucydides.core.steps.StepInterceptor - STEP DONE: user can see product homepage
  &amp#27;[32mThen &amp#27;[0m&amp#27;[32muser can see product homepage&amp#27;[0m                       &amp#27;[90m# starter.stepdefinition.LoginStep.userCanSeeProductHomepage()&amp#27;[0m
18:02:51.580 [Darkroom Processing Line] DEBUG net.serenitybdd.core.photography.DarkroomProcessingLine - Processing screenshot image in /var/screenshots/screenshot-8590343759359147507
18:02:51.580 [Darkroom Processing Line] DEBUG net.serenitybdd.core.photography.DarkroomProcessingLine - Saving screenshot to target\site\serenity\70c1dcda14064e36915d3cc58da14d7df2708ff44d712feeb85f4e07c3fb672b.png
18:02:51.588 [main] INFO  - 
  _____   ___   ___   _____     ___     _     ___   ___   ___   ___  
 |_   _| | __| / __| |_   _|   | _ \   /_\   / __| / __| | __| |   \ 
   | |   | _|  \__ \   | |     |  _/  / _ \  \__ \ \__ \ | _|  | |) |
   |_|   |___| |___/   |_|     |_|   /_/ \_\ |___/ |___/ |___| |___/ 

As a user, I login with valid email dan password
----------------------------------------------------------------------
18:02:51.589 [AsyncHttpClient-1-3] DEBUG org.asynchttpclient.netty.handler.WebSocketHandler - Channel Closed: [id: 0x53511214, L:/127.0.0.1:56471 ! R:localhost/127.0.0.1:56465] with attribute NettyResponseFuture{currentRetry=0,
	isDone=1,
	isCancelled=0,
	asyncHandler=org.asynchttpclient.ws.WebSocketUpgradeHandler@145243de,
	nettyRequest=org.asynchttpclient.netty.request.NettyRequest@33743244,
	future=java.util.concurrent.CompletableFuture@464b8f2f[Completed normally],
	uri=ws://localhost:56465/devtools/browser/24b66215-a406-4665-af0a-19c566816468,
	keepAlive=true,
	redirectCount=0,
	timeoutsHolder=null,
	inAuth=0,
	touch=1683543768284}
18:02:51.589 [AsyncHttpClient-1-3] DEBUG org.asynchttpclient.netty.channel.ChannelManager - Closing Channel [id: 0x53511214, L:/127.0.0.1:56471 ! R:localhost/127.0.0.1:56465] 
18:02:51.630 [Driver Command Executor] DEBUG org.asynchttpclient.netty.request.NettyRequestSender - Using pooled Channel '[id: 0x76ea8a18, L:/127.0.0.1:56464 - R:localhost/127.0.0.1:48577]' for 'DELETE' to 'http://localhost:48577/session/631caa680c3177536af6cfa6ffc29a0f'
18:02:51.631 [Driver Command Executor] DEBUG org.asynchttpclient.netty.request.NettyRequestSender - Using open Channel [id: 0x76ea8a18, L:/127.0.0.1:56464 - R:localhost/127.0.0.1:48577] for DELETE '/session/631caa680c3177536af6cfa6ffc29a0f'
18:02:52.350 [AsyncHttpClient-1-1] DEBUG org.asynchttpclient.netty.channel.DefaultChannelPool - Entry count for : http://localhost:56465 : 1
18:02:53.470 [AsyncHttpClient-1-1] DEBUG org.asynchttpclient.netty.channel.DefaultChannelPool - Entry count for : http://localhost:56465 : 1
18:02:54.569 [AsyncHttpClient-1-1] DEBUG org.asynchttpclient.netty.channel.DefaultChannelPool - Entry count for : http://localhost:56465 : 1
18:02:55.453 [AsyncHttpClient-1-2] DEBUG org.asynchttpclient.netty.handler.HttpHandler - Unexpected I/O exception on channel [id: 0xa2e4c25f, L:/127.0.0.1:56470 - R:localhost/127.0.0.1:56465]
java.io.IOException: An existing connection was forcibly closed by the remote host
	at sun.nio.ch.SocketDispatcher.read0(Native Method)
	at sun.nio.ch.SocketDispatcher.read(SocketDispatcher.java:43)
	at sun.nio.ch.IOUtil.readIntoNativeBuffer(IOUtil.java:223)
	at sun.nio.ch.IOUtil.read(IOUtil.java:192)
	at sun.nio.ch.SocketChannelImpl.read(SocketChannelImpl.java:378)
	at io.netty.buffer.PooledByteBuf.setBytes(PooledByteBuf.java:259)
	at io.netty.buffer.AbstractByteBuf.writeBytes(AbstractByteBuf.java:1132)
	at io.netty.channel.socket.nio.NioSocketChannel.doReadBytes(NioSocketChannel.java:357)
	at io.netty.channel.nio.AbstractNioByteChannel$NioByteUnsafe.read(AbstractNioByteChannel.java:151)
	at io.netty.channel.nio.NioEventLoop.processSelectedKey(NioEventLoop.java:788)
	at io.netty.channel.nio.NioEventLoop.processSelectedKeysOptimized(NioEventLoop.java:724)
	at io.netty.channel.nio.NioEventLoop.processSelectedKeys(NioEventLoop.java:650)
	at io.netty.channel.nio.NioEventLoop.run(NioEventLoop.java:562)
	at io.netty.util.concurrent.SingleThreadEventExecutor$4.run(SingleThreadEventExecutor.java:997)
	at io.netty.util.internal.ThreadExecutorMap$2.run(ThreadExecutorMap.java:74)
	at io.netty.util.concurrent.FastThreadLocalRunnable.run(FastThreadLocalRunnable.java:30)
	at java.lang.Thread.run(Thread.java:748)
18:02:55.453 [AsyncHttpClient-1-2] DEBUG org.asynchttpclient.netty.channel.ChannelManager - Closing Channel [id: 0xa2e4c25f, L:/127.0.0.1:56470 - R:localhost/127.0.0.1:56465] 
18:02:55.453 [AsyncHttpClient-1-2] DEBUG org.asynchttpclient.netty.handler.HttpHandler - Channel Closed: [id: 0xa2e4c25f, L:/127.0.0.1:56470 ! R:localhost/127.0.0.1:56465] with attribute DISCARD
18:02:55.506 [AsyncHttpClient-1-9] DEBUG org.asynchttpclient.netty.handler.HttpHandler - 

Request DefaultFullHttpRequest(decodeResult: success, version: HTTP/1.1, content: EmptyByteBufBE)
DELETE /session/631caa680c3177536af6cfa6ffc29a0f HTTP/1.1
User-Agent: selenium/4.8.1 (java windows)
Content-Type: application/json; charset=utf-8
host: localhost:48577
accept: */*

Response DefaultHttpResponse(decodeResult: success, version: HTTP/1.1)
HTTP/1.1 200 OK
Content-Length: 14
Content-Type: application/json; charset=utf-8
cache-control: no-cache

18:02:55.507 [AsyncHttpClient-1-9] DEBUG org.asynchttpclient.netty.channel.ChannelManager - Adding key: http://localhost:48577 for channel [id: 0x76ea8a18, L:/127.0.0.1:56464 - R:localhost/127.0.0.1:48577]
18:02:55.649 [AsyncHttpClient-1-1] DEBUG org.asynchttpclient.netty.channel.DefaultChannelPool - Entry count for : http://localhost:56465 : 1
18:02:55.649 [AsyncHttpClient-1-1] DEBUG org.asynchttpclient.netty.channel.DefaultChannelPool - Entry count for : http://localhost:48577 : 1
18:02:55.649 [AsyncHttpClient-1-1] DEBUG org.asynchttpclient.netty.channel.DefaultChannelPool - Adding Candidate expired Channel [id: 0xa2e4c25f, L:/127.0.0.1:56470 ! R:localhost/127.0.0.1:56465] isIdleTimeoutExpired=false isRemotelyClosed=true isTtlExpired=false
18:02:55.649 [AsyncHttpClient-1-1] DEBUG org.asynchttpclient.netty.channel.DefaultChannelPool - Closing Idle Channel [id: 0xa2e4c25f, L:/127.0.0.1:56470 ! R:localhost/127.0.0.1:56465]
18:02:55.649 [AsyncHttpClient-1-1] DEBUG org.asynchttpclient.netty.channel.DefaultChannelPool - Closed 1 connections out of 2 in 0 ms
18:02:56.525 [AsyncHttpClient-1-9] DEBUG org.asynchttpclient.netty.handler.HttpHandler - Unexpected I/O exception on channel [id: 0x76ea8a18, L:/127.0.0.1:56464 - R:localhost/127.0.0.1:48577]
java.io.IOException: An existing connection was forcibly closed by the remote host
	at sun.nio.ch.SocketDispatcher.read0(Native Method)
	at sun.nio.ch.SocketDispatcher.read(SocketDispatcher.java:43)
	at sun.nio.ch.IOUtil.readIntoNativeBuffer(IOUtil.java:223)
	at sun.nio.ch.IOUtil.read(IOUtil.java:192)
	at sun.nio.ch.SocketChannelImpl.read(SocketChannelImpl.java:378)
	at io.netty.buffer.PooledByteBuf.setBytes(PooledByteBuf.java:259)
	at io.netty.buffer.AbstractByteBuf.writeBytes(AbstractByteBuf.java:1132)
	at io.netty.channel.socket.nio.NioSocketChannel.doReadBytes(NioSocketChannel.java:357)
	at io.netty.channel.nio.AbstractNioByteChannel$NioByteUnsafe.read(AbstractNioByteChannel.java:151)
	at io.netty.channel.nio.NioEventLoop.processSelectedKey(NioEventLoop.java:788)
	at io.netty.channel.nio.NioEventLoop.processSelectedKeysOptimized(NioEventLoop.java:724)
	at io.netty.channel.nio.NioEventLoop.processSelectedKeys(NioEventLoop.java:650)
	at io.netty.channel.nio.NioEventLoop.run(NioEventLoop.java:562)
	at io.netty.util.concurrent.SingleThreadEventExecutor$4.run(SingleThreadEventExecutor.java:997)
	at io.netty.util.internal.ThreadExecutorMap$2.run(ThreadExecutorMap.java:74)
	at io.netty.util.concurrent.FastThreadLocalRunnable.run(FastThreadLocalRunnable.java:30)
	at java.lang.Thread.run(Thread.java:748)
18:02:56.526 [AsyncHttpClient-1-9] DEBUG org.asynchttpclient.netty.channel.ChannelManager - Closing Channel [id: 0x76ea8a18, L:/127.0.0.1:56464 - R:localhost/127.0.0.1:48577] 
18:02:56.526 [AsyncHttpClient-1-9] DEBUG org.asynchttpclient.netty.handler.HttpHandler - Channel Closed: [id: 0x76ea8a18, L:/127.0.0.1:56464 ! R:localhost/127.0.0.1:48577] with attribute DISCARD
]]></system-out>
    <system-err><![CDATA[Starting ChromeDriver 112.0.5615.49 (bd2a7bcb881c11e8cfe3078709382934e3916914-refs/branch-heads/5615@{#936}) on port 48577
Only local connections are allowed.
Please see https://chromedriver.chromium.org/security-considerations for suggestions on keeping ChromeDriver safe.
ChromeDriver was started successfully.
May 08, 2023 6:02:48 PM org.openqa.selenium.devtools.CdpVersionFinder findNearestMatch
WARNING: Unable to find an exact match for CDP version 112, so returning the closest version found: 110
]]></system-err>
  </testcase>
  <testcase name="As a user, I login with invalid email" classname="Login - As a user I want to buy some product So that I have to login" time="7.564">
    <system-out><![CDATA[
@TC_Login_002
Scenario: As a user, I login with invalid email  &amp#27;[90m# src/test/resources/features/Login.feature:12&amp#27;[0m
18:02:56.594 [main] DEBUG io.cucumber.core.plugin.SerenityReporter - Running feature from file:///C:/Users/user/IdeaProjects/QE_Devi%20Agustin%20Utari_Mini_Project/Web_Automation_AltaShop/src/test/resources/features/Login.feature
18:02:56.596 [main] INFO  - 
  _____   ___   ___   _____     ___   _____     _     ___   _____   ___   ___  
 |_   _| | __| / __| |_   _|   / __| |_   _|   /_\   | _ \ |_   _| | __| |   \ 
   | |   | _|  \__ \   | |     \__ \   | |    / _ \  |   /   | |   | _|  | |) |
   |_|   |___| |___/   |_|     |___/   |_|   /_/ \_\ |_|_\   |_|   |___| |___/ 

As a user, I login with invalid email(login---as-a-user-i-want-to-buy-some-product-so-that-i-have-to-login;as-a-user--i-login-with-invalid-email)
--------------------------------------------------------------------------------
18:02:56.615 [main] DEBUG net.thucydides.core.steps.StepInterceptor - STARTING STEP: LoginStep.userOnLoginPage - user on login page
18:02:56.688 [main] INFO net.serenitybdd.core.webdriver.driverproviders.ChromeDriverProvider - Starting Chrome driver instance with capabilities:
18:02:56.688 [main] INFO net.serenitybdd.core.webdriver.driverproviders.ChromeDriverProvider - Capabilities {acceptInsecureCerts: true, browserName: chrome, goog:chromeOptions: {args: [remote-allow-origins=*, test-type, no-sandbox, ignore-certificate-errors, start-maximized, incognito, disable-infobars, disable-gpu, disable-default-apps, disable-popup-blocking, remote-allow-origins=*, test-type, no-sandbox, ignore-certificate-errors, start-maximized, incognito, disable-infobars, disable-gpu, disable-default-apps, disable-popup-blocking, remote-allow-origins=*], extensions: []}}
18:02:56.748 [AsyncHttpClient-1-1] DEBUG org.asynchttpclient.netty.channel.DefaultChannelPool - Entry count for : http://localhost:48577 : 1
18:02:56.750 [AsyncHttpClient-1-1] DEBUG org.asynchttpclient.netty.channel.DefaultChannelPool - Adding Candidate expired Channel [id: 0x76ea8a18, L:/127.0.0.1:56464 ! R:localhost/127.0.0.1:48577] isIdleTimeoutExpired=false isRemotelyClosed=true isTtlExpired=false
18:02:56.750 [AsyncHttpClient-1-1] DEBUG org.asynchttpclient.netty.channel.DefaultChannelPool - Closing Idle Channel [id: 0x76ea8a18, L:/127.0.0.1:56464 ! R:localhost/127.0.0.1:48577]
18:02:56.750 [AsyncHttpClient-1-1] DEBUG org.asynchttpclient.netty.channel.DefaultChannelPool - Closed 1 connections out of 1 in 0 ms
18:02:57.280 [AsyncHttpClient-1-4] DEBUG org.asynchttpclient.netty.channel.NettyConnectListener - Using new Channel '[id: 0x4a80eb45, L:/127.0.0.1:56493 - R:localhost/127.0.0.1:44299]' for 'POST' to '/session'
18:02:58.065 [AsyncHttpClient-1-4] DEBUG org.asynchttpclient.netty.handler.HttpHandler - 

Request DefaultHttpRequest(decodeResult: success, version: HTTP/1.1)
POST /session HTTP/1.1
User-Agent: selenium/4.8.1 (java windows)
Content-Length: 1701
Content-Type: application/json; charset=utf-8
host: localhost:44299
accept: */*

Response DefaultHttpResponse(decodeResult: success, version: HTTP/1.1)
HTTP/1.1 200 OK
Content-Length: 843
Content-Type: application/json; charset=utf-8
cache-control: no-cache

18:02:58.065 [AsyncHttpClient-1-4] DEBUG org.asynchttpclient.netty.channel.ChannelManager - Adding key: http://localhost:44299 for channel [id: 0x4a80eb45, L:/127.0.0.1:56493 - R:localhost/127.0.0.1:44299]
18:02:58.072 [AsyncHttpClient-1-5] DEBUG org.asynchttpclient.netty.channel.NettyConnectListener - Using new Channel '[id: 0x53c944e7, L:/127.0.0.1:56500 - R:localhost/127.0.0.1:56495]' for 'GET' to '/json/version'
18:02:58.073 [AsyncHttpClient-1-5] DEBUG org.asynchttpclient.netty.handler.HttpHandler - 

Request DefaultFullHttpRequest(decodeResult: success, version: HTTP/1.1, content: EmptyByteBufBE)
GET /json/version HTTP/1.1
User-Agent: selenium/4.8.1 (java windows)
host: localhost:56495
accept: */*

Response DefaultHttpResponse(decodeResult: success, version: HTTP/1.1)
HTTP/1.1 200 OK
Content-Security-Policy: frame-ancestors 'none'
Content-Length: 424
Content-Type: application/json; charset=UTF-8

18:02:58.073 [AsyncHttpClient-1-5] DEBUG org.asynchttpclient.netty.channel.ChannelManager - Adding key: http://localhost:56495 for channel [id: 0x53c944e7, L:/127.0.0.1:56500 - R:localhost/127.0.0.1:56495]
18:02:58.075 [AsyncHttpClient-1-6] DEBUG org.asynchttpclient.netty.channel.NettyConnectListener - Using new Channel '[id: 0xed77115a, L:/127.0.0.1:56501 - R:localhost/127.0.0.1:56495]' for 'GET' to '/devtools/browser/766f5574-4601-4603-9472-2da8115afc9e'
18:02:58.076 [AsyncHttpClient-1-6] DEBUG org.asynchttpclient.netty.handler.WebSocketHandler - 

Request DefaultFullHttpRequest(decodeResult: success, version: HTTP/1.1, content: EmptyByteBufBE)
GET /devtools/browser/766f5574-4601-4603-9472-2da8115afc9e HTTP/1.1
upgrade: websocket
connection: upgrade
sec-websocket-key: COxAcgf1W+M3+6gp8IVcIw==
sec-websocket-version: 13
origin: http://localhost:56495
host: localhost:56495
accept: */*
user-agent: AHC/2.1

Response DefaultHttpResponse(decodeResult: success, version: HTTP/1.1)
HTTP/1.1 101 WebSocket Protocol Handshake
Upgrade: WebSocket
Connection: Upgrade
Sec-WebSocket-Accept: uHintb/hgWAInn5oO3+j5JMfBb4=

18:02:58.078 [Forwarding get on session e7e996b700973115ee80a5efc4b07c35 to remote] DEBUG org.asynchttpclient.netty.request.NettyRequestSender - Using pooled Channel '[id: 0x4a80eb45, L:/127.0.0.1:56493 - R:localhost/127.0.0.1:44299]' for 'POST' to 'http://localhost:44299/session/e7e996b700973115ee80a5efc4b07c35/url'
18:02:58.078 [Forwarding get on session e7e996b700973115ee80a5efc4b07c35 to remote] DEBUG org.asynchttpclient.netty.request.NettyRequestSender - Using open Channel [id: 0x4a80eb45, L:/127.0.0.1:56493 - R:localhost/127.0.0.1:44299] for POST '/session/e7e996b700973115ee80a5efc4b07c35/url'
18:02:58.972 [AsyncHttpClient-1-1] DEBUG org.asynchttpclient.netty.channel.DefaultChannelPool - Entry count for : http://localhost:56495 : 1
18:02:59.100 [AsyncHttpClient-1-4] DEBUG org.asynchttpclient.netty.handler.HttpHandler - 

Request DefaultHttpRequest(decodeResult: success, version: HTTP/1.1)
POST /session/e7e996b700973115ee80a5efc4b07c35/url HTTP/1.1
User-Agent: selenium/4.8.1 (java windows)
Content-Length: 74
Content-Type: application/json; charset=utf-8
host: localhost:44299
accept: */*

Response DefaultHttpResponse(decodeResult: success, version: HTTP/1.1)
HTTP/1.1 200 OK
Content-Length: 14
Content-Type: application/json; charset=utf-8
cache-control: no-cache

18:02:59.101 [AsyncHttpClient-1-4] DEBUG org.asynchttpclient.netty.channel.ChannelManager - Adding key: http://localhost:44299 for channel [id: 0x4a80eb45, L:/127.0.0.1:56493 - R:localhost/127.0.0.1:44299]
18:02:59.102 [Forwarding setTimeout on session e7e996b700973115ee80a5efc4b07c35 to remote] DEBUG org.asynchttpclient.netty.request.NettyRequestSender - Using pooled Channel '[id: 0x4a80eb45, L:/127.0.0.1:56493 - R:localhost/127.0.0.1:44299]' for 'POST' to 'http://localhost:44299/session/e7e996b700973115ee80a5efc4b07c35/timeouts'
18:02:59.102 [Forwarding setTimeout on session e7e996b700973115ee80a5efc4b07c35 to remote] DEBUG org.asynchttpclient.netty.request.NettyRequestSender - Using open Channel [id: 0x4a80eb45, L:/127.0.0.1:56493 - R:localhost/127.0.0.1:44299] for POST '/session/e7e996b700973115ee80a5efc4b07c35/timeouts'
18:02:59.103 [AsyncHttpClient-1-4] DEBUG org.asynchttpclient.netty.handler.HttpHandler - 

Request DefaultHttpRequest(decodeResult: success, version: HTTP/1.1)
POST /session/e7e996b700973115ee80a5efc4b07c35/timeouts HTTP/1.1
User-Agent: selenium/4.8.1 (java windows)
Content-Length: 22
Content-Type: application/json; charset=utf-8
host: localhost:44299
accept: */*

Response DefaultHttpResponse(decodeResult: success, version: HTTP/1.1)
HTTP/1.1 200 OK
Content-Length: 14
Content-Type: application/json; charset=utf-8
cache-control: no-cache

18:02:59.103 [AsyncHttpClient-1-4] DEBUG org.asynchttpclient.netty.channel.ChannelManager - Adding key: http://localhost:44299 for channel [id: 0x4a80eb45, L:/127.0.0.1:56493 - R:localhost/127.0.0.1:44299]
18:02:59.114 [Forwarding findElement on session e7e996b700973115ee80a5efc4b07c35 to remote] DEBUG org.asynchttpclient.netty.request.NettyRequestSender - Using pooled Channel '[id: 0x4a80eb45, L:/127.0.0.1:56493 - R:localhost/127.0.0.1:44299]' for 'POST' to 'http://localhost:44299/session/e7e996b700973115ee80a5efc4b07c35/element'
18:02:59.115 [Forwarding findElement on session e7e996b700973115ee80a5efc4b07c35 to remote] DEBUG org.asynchttpclient.netty.request.NettyRequestSender - Using open Channel [id: 0x4a80eb45, L:/127.0.0.1:56493 - R:localhost/127.0.0.1:44299] for POST '/session/e7e996b700973115ee80a5efc4b07c35/element'
18:02:59.134 [AsyncHttpClient-1-4] DEBUG org.asynchttpclient.netty.handler.HttpHandler - 

Request DefaultHttpRequest(decodeResult: success, version: HTTP/1.1)
POST /session/e7e996b700973115ee80a5efc4b07c35/element HTTP/1.1
User-Agent: selenium/4.8.1 (java windows)
Content-Length: 69
Content-Type: application/json; charset=utf-8
host: localhost:44299
accept: */*

Response DefaultHttpResponse(decodeResult: success, version: HTTP/1.1)
HTTP/1.1 200 OK
Content-Length: 88
Content-Type: application/json; charset=utf-8
cache-control: no-cache

18:02:59.134 [AsyncHttpClient-1-4] DEBUG org.asynchttpclient.netty.channel.ChannelManager - Adding key: http://localhost:44299 for channel [id: 0x4a80eb45, L:/127.0.0.1:56493 - R:localhost/127.0.0.1:44299]
18:02:59.138 [Forwarding isElementDisplayed on session e7e996b700973115ee80a5efc4b07c35 to remote] DEBUG org.asynchttpclient.netty.request.NettyRequestSender - Using pooled Channel '[id: 0x4a80eb45, L:/127.0.0.1:56493 - R:localhost/127.0.0.1:44299]' for 'POST' to 'http://localhost:44299/session/e7e996b700973115ee80a5efc4b07c35/execute/sync'
18:02:59.138 [Forwarding isElementDisplayed on session e7e996b700973115ee80a5efc4b07c35 to remote] DEBUG org.asynchttpclient.netty.request.NettyRequestSender - Using open Channel [id: 0x4a80eb45, L:/127.0.0.1:56493 - R:localhost/127.0.0.1:44299] for POST '/session/e7e996b700973115ee80a5efc4b07c35/execute/sync'
18:02:59.158 [AsyncHttpClient-1-4] DEBUG org.asynchttpclient.netty.handler.HttpHandler - 

Request DefaultHttpRequest(decodeResult: success, version: HTTP/1.1)
POST /session/e7e996b700973115ee80a5efc4b07c35/execute/sync HTTP/1.1
User-Agent: selenium/4.8.1 (java windows)
Content-Length: 48807
Content-Type: application/json; charset=utf-8
host: localhost:44299
accept: */*

Response DefaultHttpResponse(decodeResult: success, version: HTTP/1.1)
HTTP/1.1 200 OK
Content-Length: 14
Content-Type: application/json; charset=utf-8
cache-control: no-cache

18:02:59.159 [AsyncHttpClient-1-4] DEBUG org.asynchttpclient.netty.channel.ChannelManager - Adding key: http://localhost:44299 for channel [id: 0x4a80eb45, L:/127.0.0.1:56493 - R:localhost/127.0.0.1:44299]
18:02:59.166 [Forwarding getAlertText on session e7e996b700973115ee80a5efc4b07c35 to remote] DEBUG org.asynchttpclient.netty.request.NettyRequestSender - Using pooled Channel '[id: 0x4a80eb45, L:/127.0.0.1:56493 - R:localhost/127.0.0.1:44299]' for 'GET' to 'http://localhost:44299/session/e7e996b700973115ee80a5efc4b07c35/alert/text'
18:02:59.166 [Forwarding getAlertText on session e7e996b700973115ee80a5efc4b07c35 to remote] DEBUG org.asynchttpclient.netty.request.NettyRequestSender - Using open Channel [id: 0x4a80eb45, L:/127.0.0.1:56493 - R:localhost/127.0.0.1:44299] for GET '/session/e7e996b700973115ee80a5efc4b07c35/alert/text'
18:02:59.168 [AsyncHttpClient-1-4] DEBUG org.asynchttpclient.netty.handler.HttpHandler - 

Request DefaultFullHttpRequest(decodeResult: success, version: HTTP/1.1, content: EmptyByteBufBE)
GET /session/e7e996b700973115ee80a5efc4b07c35/alert/text HTTP/1.1
User-Agent: selenium/4.8.1 (java windows)
Cache-Control: no-cache
Content-Type: application/json; charset=utf-8
host: localhost:44299
accept: */*

Response DefaultHttpResponse(decodeResult: success, version: HTTP/1.1)
HTTP/1.1 404 Not Found
Content-Length: 848
Content-Type: application/json; charset=utf-8
cache-control: no-cache

18:02:59.168 [AsyncHttpClient-1-4] DEBUG org.asynchttpclient.netty.channel.ChannelManager - Adding key: http://localhost:44299 for channel [id: 0x4a80eb45, L:/127.0.0.1:56493 - R:localhost/127.0.0.1:44299]
18:02:59.169 [Forwarding getCurrentUrl on session e7e996b700973115ee80a5efc4b07c35 to remote] DEBUG org.asynchttpclient.netty.request.NettyRequestSender - Using pooled Channel '[id: 0x4a80eb45, L:/127.0.0.1:56493 - R:localhost/127.0.0.1:44299]' for 'GET' to 'http://localhost:44299/session/e7e996b700973115ee80a5efc4b07c35/url'
18:02:59.170 [Forwarding getCurrentUrl on session e7e996b700973115ee80a5efc4b07c35 to remote] DEBUG org.asynchttpclient.netty.request.NettyRequestSender - Using open Channel [id: 0x4a80eb45, L:/127.0.0.1:56493 - R:localhost/127.0.0.1:44299] for GET '/session/e7e996b700973115ee80a5efc4b07c35/url'
18:02:59.176 [AsyncHttpClient-1-4] DEBUG org.asynchttpclient.netty.handler.HttpHandler - 

Request DefaultFullHttpRequest(decodeResult: success, version: HTTP/1.1, content: EmptyByteBufBE)
GET /session/e7e996b700973115ee80a5efc4b07c35/url HTTP/1.1
User-Agent: selenium/4.8.1 (java windows)
Cache-Control: no-cache
Content-Type: application/json; charset=utf-8
host: localhost:44299
accept: */*

Response DefaultHttpResponse(decodeResult: success, version: HTTP/1.1)
HTTP/1.1 200 OK
Content-Length: 51
Content-Type: application/json; charset=utf-8
cache-control: no-cache

18:02:59.176 [AsyncHttpClient-1-4] DEBUG org.asynchttpclient.netty.channel.ChannelManager - Adding key: http://localhost:44299 for channel [id: 0x4a80eb45, L:/127.0.0.1:56493 - R:localhost/127.0.0.1:44299]
18:02:59.177 [Forwarding screenshot on session e7e996b700973115ee80a5efc4b07c35 to remote] DEBUG org.asynchttpclient.netty.request.NettyRequestSender - Using pooled Channel '[id: 0x4a80eb45, L:/127.0.0.1:56493 - R:localhost/127.0.0.1:44299]' for 'GET' to 'http://localhost:44299/session/e7e996b700973115ee80a5efc4b07c35/screenshot'
18:02:59.177 [Forwarding screenshot on session e7e996b700973115ee80a5efc4b07c35 to remote] DEBUG org.asynchttpclient.netty.request.NettyRequestSender - Using open Channel [id: 0x4a80eb45, L:/127.0.0.1:56493 - R:localhost/127.0.0.1:44299] for GET '/session/e7e996b700973115ee80a5efc4b07c35/screenshot'
18:02:59.357 [AsyncHttpClient-1-4] DEBUG org.asynchttpclient.netty.handler.HttpHandler - 

Request DefaultFullHttpRequest(decodeResult: success, version: HTTP/1.1, content: EmptyByteBufBE)
GET /session/e7e996b700973115ee80a5efc4b07c35/screenshot HTTP/1.1
User-Agent: selenium/4.8.1 (java windows)
Cache-Control: no-cache
Content-Type: application/json; charset=utf-8
host: localhost:44299
accept: */*

Response DefaultHttpResponse(decodeResult: success, version: HTTP/1.1)
HTTP/1.1 200 OK
Content-Length: 25060
Content-Type: application/json; charset=utf-8
cache-control: no-cache

18:02:59.357 [AsyncHttpClient-1-4] DEBUG org.asynchttpclient.netty.channel.ChannelManager - Adding key: http://localhost:44299 for channel [id: 0x4a80eb45, L:/127.0.0.1:56493 - R:localhost/127.0.0.1:44299]
18:02:59.359 [main] DEBUG net.serenitybdd.core.photography.Darkroom - Send negative for processing for target\site\serenity\1db263dd5c04c8fe15e82ee6420144d4e1e7b9826b9315cfd7ec5b5d0da76045.png
18:02:59.360 [main] DEBUG net.thucydides.core.steps.StepInterceptor - STEP DONE: user on login page
  &amp#27;[32mGiven &amp#27;[0m&amp#27;[32muser on login page&amp#27;[0m                       &amp#27;[90m# starter.stepdefinition.LoginStep.userOnLoginPage()&amp#27;[0m
18:02:59.373 [main] DEBUG net.thucydides.core.steps.StepInterceptor - STARTING STEP: LoginStep.userInputInvalidEmail - user input invalid email
18:02:59.376 [Forwarding findElement on session e7e996b700973115ee80a5efc4b07c35 to remote] DEBUG org.asynchttpclient.netty.request.NettyRequestSender - Using pooled Channel '[id: 0x4a80eb45, L:/127.0.0.1:56493 - R:localhost/127.0.0.1:44299]' for 'POST' to 'http://localhost:44299/session/e7e996b700973115ee80a5efc4b07c35/element'
18:02:59.377 [Forwarding findElement on session e7e996b700973115ee80a5efc4b07c35 to remote] DEBUG org.asynchttpclient.netty.request.NettyRequestSender - Using open Channel [id: 0x4a80eb45, L:/127.0.0.1:56493 - R:localhost/127.0.0.1:44299] for POST '/session/e7e996b700973115ee80a5efc4b07c35/element'
18:02:59.422 [AsyncHttpClient-1-4] DEBUG org.asynchttpclient.netty.handler.HttpHandler - 

Request DefaultHttpRequest(decodeResult: success, version: HTTP/1.1)
POST /session/e7e996b700973115ee80a5efc4b07c35/element HTTP/1.1
User-Agent: selenium/4.8.1 (java windows)
Content-Length: 55
Content-Type: application/json; charset=utf-8
host: localhost:44299
accept: */*

Response DefaultHttpResponse(decodeResult: success, version: HTTP/1.1)
HTTP/1.1 200 OK
Content-Length: 88
Content-Type: application/json; charset=utf-8
cache-control: no-cache

18:02:59.422 [AsyncHttpClient-1-4] DEBUG org.asynchttpclient.netty.channel.ChannelManager - Adding key: http://localhost:44299 for channel [id: 0x4a80eb45, L:/127.0.0.1:56493 - R:localhost/127.0.0.1:44299]
18:02:59.424 [Forwarding clearElement on session e7e996b700973115ee80a5efc4b07c35 to remote] DEBUG org.asynchttpclient.netty.request.NettyRequestSender - Using pooled Channel '[id: 0x4a80eb45, L:/127.0.0.1:56493 - R:localhost/127.0.0.1:44299]' for 'POST' to 'http://localhost:44299/session/e7e996b700973115ee80a5efc4b07c35/element/e0390550-6252-4fe2-9097-07394f8cd845/clear'
18:02:59.424 [Forwarding clearElement on session e7e996b700973115ee80a5efc4b07c35 to remote] DEBUG org.asynchttpclient.netty.request.NettyRequestSender - Using open Channel [id: 0x4a80eb45, L:/127.0.0.1:56493 - R:localhost/127.0.0.1:44299] for POST '/session/e7e996b700973115ee80a5efc4b07c35/element/e0390550-6252-4fe2-9097-07394f8cd845/clear'
18:02:59.495 [AsyncHttpClient-1-4] DEBUG org.asynchttpclient.netty.handler.HttpHandler - 

Request DefaultHttpRequest(decodeResult: success, version: HTTP/1.1)
POST /session/e7e996b700973115ee80a5efc4b07c35/element/e0390550-6252-4fe2-9097-07394f8cd845/clear HTTP/1.1
User-Agent: selenium/4.8.1 (java windows)
Content-Length: 50
Content-Type: application/json; charset=utf-8
host: localhost:44299
accept: */*

Response DefaultHttpResponse(decodeResult: success, version: HTTP/1.1)
HTTP/1.1 200 OK
Content-Length: 14
Content-Type: application/json; charset=utf-8
cache-control: no-cache

18:02:59.496 [AsyncHttpClient-1-4] DEBUG org.asynchttpclient.netty.channel.ChannelManager - Adding key: http://localhost:44299 for channel [id: 0x4a80eb45, L:/127.0.0.1:56493 - R:localhost/127.0.0.1:44299]
18:02:59.498 [Forwarding sendKeysToElement on session e7e996b700973115ee80a5efc4b07c35 to remote] DEBUG org.asynchttpclient.netty.request.NettyRequestSender - Using pooled Channel '[id: 0x4a80eb45, L:/127.0.0.1:56493 - R:localhost/127.0.0.1:44299]' for 'POST' to 'http://localhost:44299/session/e7e996b700973115ee80a5efc4b07c35/element/e0390550-6252-4fe2-9097-07394f8cd845/value'
18:02:59.498 [Forwarding sendKeysToElement on session e7e996b700973115ee80a5efc4b07c35 to remote] DEBUG org.asynchttpclient.netty.request.NettyRequestSender - Using open Channel [id: 0x4a80eb45, L:/127.0.0.1:56493 - R:localhost/127.0.0.1:44299] for POST '/session/e7e996b700973115ee80a5efc4b07c35/element/e0390550-6252-4fe2-9097-07394f8cd845/value'
18:02:59.664 [AsyncHttpClient-1-4] DEBUG org.asynchttpclient.netty.handler.HttpHandler - 

Request DefaultHttpRequest(decodeResult: success, version: HTTP/1.1)
POST /session/e7e996b700973115ee80a5efc4b07c35/element/e0390550-6252-4fe2-9097-07394f8cd845/value HTTP/1.1
User-Agent: selenium/4.8.1 (java windows)
Content-Length: 211
Content-Type: application/json; charset=utf-8
host: localhost:44299
accept: */*

Response DefaultHttpResponse(decodeResult: success, version: HTTP/1.1)
HTTP/1.1 200 OK
Content-Length: 14
Content-Type: application/json; charset=utf-8
cache-control: no-cache

18:02:59.664 [AsyncHttpClient-1-4] DEBUG org.asynchttpclient.netty.channel.ChannelManager - Adding key: http://localhost:44299 for channel [id: 0x4a80eb45, L:/127.0.0.1:56493 - R:localhost/127.0.0.1:44299]
18:02:59.674 [Forwarding getAlertText on session e7e996b700973115ee80a5efc4b07c35 to remote] DEBUG org.asynchttpclient.netty.request.NettyRequestSender - Using pooled Channel '[id: 0x4a80eb45, L:/127.0.0.1:56493 - R:localhost/127.0.0.1:44299]' for 'GET' to 'http://localhost:44299/session/e7e996b700973115ee80a5efc4b07c35/alert/text'
18:02:59.675 [Forwarding getAlertText on session e7e996b700973115ee80a5efc4b07c35 to remote] DEBUG org.asynchttpclient.netty.request.NettyRequestSender - Using open Channel [id: 0x4a80eb45, L:/127.0.0.1:56493 - R:localhost/127.0.0.1:44299] for GET '/session/e7e996b700973115ee80a5efc4b07c35/alert/text'
18:02:59.682 [AsyncHttpClient-1-4] DEBUG org.asynchttpclient.netty.handler.HttpHandler - 

Request DefaultFullHttpRequest(decodeResult: success, version: HTTP/1.1, content: EmptyByteBufBE)
GET /session/e7e996b700973115ee80a5efc4b07c35/alert/text HTTP/1.1
User-Agent: selenium/4.8.1 (java windows)
Cache-Control: no-cache
Content-Type: application/json; charset=utf-8
host: localhost:44299
accept: */*

Response DefaultHttpResponse(decodeResult: success, version: HTTP/1.1)
HTTP/1.1 404 Not Found
Content-Length: 848
Content-Type: application/json; charset=utf-8
cache-control: no-cache

18:02:59.682 [AsyncHttpClient-1-4] DEBUG org.asynchttpclient.netty.channel.ChannelManager - Adding key: http://localhost:44299 for channel [id: 0x4a80eb45, L:/127.0.0.1:56493 - R:localhost/127.0.0.1:44299]
18:02:59.684 [Forwarding getCurrentUrl on session e7e996b700973115ee80a5efc4b07c35 to remote] DEBUG org.asynchttpclient.netty.request.NettyRequestSender - Using pooled Channel '[id: 0x4a80eb45, L:/127.0.0.1:56493 - R:localhost/127.0.0.1:44299]' for 'GET' to 'http://localhost:44299/session/e7e996b700973115ee80a5efc4b07c35/url'
18:02:59.684 [Forwarding getCurrentUrl on session e7e996b700973115ee80a5efc4b07c35 to remote] DEBUG org.asynchttpclient.netty.request.NettyRequestSender - Using open Channel [id: 0x4a80eb45, L:/127.0.0.1:56493 - R:localhost/127.0.0.1:44299] for GET '/session/e7e996b700973115ee80a5efc4b07c35/url'
18:02:59.696 [AsyncHttpClient-1-4] DEBUG org.asynchttpclient.netty.handler.HttpHandler - 

Request DefaultFullHttpRequest(decodeResult: success, version: HTTP/1.1, content: EmptyByteBufBE)
GET /session/e7e996b700973115ee80a5efc4b07c35/url HTTP/1.1
User-Agent: selenium/4.8.1 (java windows)
Cache-Control: no-cache
Content-Type: application/json; charset=utf-8
host: localhost:44299
accept: */*

Response DefaultHttpResponse(decodeResult: success, version: HTTP/1.1)
HTTP/1.1 200 OK
Content-Length: 51
Content-Type: application/json; charset=utf-8
cache-control: no-cache

18:02:59.696 [AsyncHttpClient-1-4] DEBUG org.asynchttpclient.netty.channel.ChannelManager - Adding key: http://localhost:44299 for channel [id: 0x4a80eb45, L:/127.0.0.1:56493 - R:localhost/127.0.0.1:44299]
18:02:59.697 [Forwarding screenshot on session e7e996b700973115ee80a5efc4b07c35 to remote] DEBUG org.asynchttpclient.netty.request.NettyRequestSender - Using pooled Channel '[id: 0x4a80eb45, L:/127.0.0.1:56493 - R:localhost/127.0.0.1:44299]' for 'GET' to 'http://localhost:44299/session/e7e996b700973115ee80a5efc4b07c35/screenshot'
18:02:59.697 [Forwarding screenshot on session e7e996b700973115ee80a5efc4b07c35 to remote] DEBUG org.asynchttpclient.netty.request.NettyRequestSender - Using open Channel [id: 0x4a80eb45, L:/127.0.0.1:56493 - R:localhost/127.0.0.1:44299] for GET '/session/e7e996b700973115ee80a5efc4b07c35/screenshot'
18:02:59.859 [AsyncHttpClient-1-4] DEBUG org.asynchttpclient.netty.handler.HttpHandler - 

Request DefaultFullHttpRequest(decodeResult: success, version: HTTP/1.1, content: EmptyByteBufBE)
GET /session/e7e996b700973115ee80a5efc4b07c35/screenshot HTTP/1.1
User-Agent: selenium/4.8.1 (java windows)
Cache-Control: no-cache
Content-Type: application/json; charset=utf-8
host: localhost:44299
accept: */*

Response DefaultHttpResponse(decodeResult: success, version: HTTP/1.1)
HTTP/1.1 200 OK
Content-Length: 28544
Content-Type: application/json; charset=utf-8
cache-control: no-cache

18:02:59.859 [AsyncHttpClient-1-4] DEBUG org.asynchttpclient.netty.channel.ChannelManager - Adding key: http://localhost:44299 for channel [id: 0x4a80eb45, L:/127.0.0.1:56493 - R:localhost/127.0.0.1:44299]
18:02:59.862 [main] DEBUG net.serenitybdd.core.photography.Darkroom - Send negative for processing for target\site\serenity\8fb1a71589632466d1d99e38918352d1cdf71b123e83335788d8c1ee9aaadfdc.png
18:02:59.863 [main] DEBUG net.thucydides.core.steps.StepInterceptor - STEP DONE: user input invalid email
  &amp#27;[32mWhen &amp#27;[0m&amp#27;[32muser input invalid email&amp#27;[0m                  &amp#27;[90m# starter.stepdefinition.LoginStep.userInputInvalidEmail()&amp#27;[0m
18:02:59.863 [Darkroom Processing Line] DEBUG net.serenitybdd.core.photography.DarkroomProcessingLine - Processing screenshot image in /var/screenshots/screenshot-4429352517985679053
18:02:59.863 [Darkroom Processing Line] DEBUG net.serenitybdd.core.photography.DarkroomProcessingLine - Saving screenshot to target\site\serenity\8fb1a71589632466d1d99e38918352d1cdf71b123e83335788d8c1ee9aaadfdc.png
18:02:59.878 [main] DEBUG net.thucydides.core.steps.StepInterceptor - STARTING STEP: LoginStep.userInputValidPassword - user input valid password
18:02:59.882 [Forwarding findElement on session e7e996b700973115ee80a5efc4b07c35 to remote] DEBUG org.asynchttpclient.netty.request.NettyRequestSender - Using pooled Channel '[id: 0x4a80eb45, L:/127.0.0.1:56493 - R:localhost/127.0.0.1:44299]' for 'POST' to 'http://localhost:44299/session/e7e996b700973115ee80a5efc4b07c35/element'
18:02:59.882 [Forwarding findElement on session e7e996b700973115ee80a5efc4b07c35 to remote] DEBUG org.asynchttpclient.netty.request.NettyRequestSender - Using open Channel [id: 0x4a80eb45, L:/127.0.0.1:56493 - R:localhost/127.0.0.1:44299] for POST '/session/e7e996b700973115ee80a5efc4b07c35/element'
18:02:59.898 [AsyncHttpClient-1-4] DEBUG org.asynchttpclient.netty.handler.HttpHandler - 

Request DefaultHttpRequest(decodeResult: success, version: HTTP/1.1)
POST /session/e7e996b700973115ee80a5efc4b07c35/element HTTP/1.1
User-Agent: selenium/4.8.1 (java windows)
Content-Length: 55
Content-Type: application/json; charset=utf-8
host: localhost:44299
accept: */*

Response DefaultHttpResponse(decodeResult: success, version: HTTP/1.1)
HTTP/1.1 200 OK
Content-Length: 88
Content-Type: application/json; charset=utf-8
cache-control: no-cache

18:02:59.898 [AsyncHttpClient-1-4] DEBUG org.asynchttpclient.netty.channel.ChannelManager - Adding key: http://localhost:44299 for channel [id: 0x4a80eb45, L:/127.0.0.1:56493 - R:localhost/127.0.0.1:44299]
18:02:59.900 [Forwarding clearElement on session e7e996b700973115ee80a5efc4b07c35 to remote] DEBUG org.asynchttpclient.netty.request.NettyRequestSender - Using pooled Channel '[id: 0x4a80eb45, L:/127.0.0.1:56493 - R:localhost/127.0.0.1:44299]' for 'POST' to 'http://localhost:44299/session/e7e996b700973115ee80a5efc4b07c35/element/18ae2eef-8ef2-4cf5-b1ad-7ecf93bb79b3/clear'
18:02:59.900 [Forwarding clearElement on session e7e996b700973115ee80a5efc4b07c35 to remote] DEBUG org.asynchttpclient.netty.request.NettyRequestSender - Using open Channel [id: 0x4a80eb45, L:/127.0.0.1:56493 - R:localhost/127.0.0.1:44299] for POST '/session/e7e996b700973115ee80a5efc4b07c35/element/18ae2eef-8ef2-4cf5-b1ad-7ecf93bb79b3/clear'
18:02:59.953 [AsyncHttpClient-1-4] DEBUG org.asynchttpclient.netty.handler.HttpHandler - 

Request DefaultHttpRequest(decodeResult: success, version: HTTP/1.1)
POST /session/e7e996b700973115ee80a5efc4b07c35/element/18ae2eef-8ef2-4cf5-b1ad-7ecf93bb79b3/clear HTTP/1.1
User-Agent: selenium/4.8.1 (java windows)
Content-Length: 50
Content-Type: application/json; charset=utf-8
host: localhost:44299
accept: */*

Response DefaultHttpResponse(decodeResult: success, version: HTTP/1.1)
HTTP/1.1 200 OK
Content-Length: 14
Content-Type: application/json; charset=utf-8
cache-control: no-cache

18:02:59.954 [AsyncHttpClient-1-4] DEBUG org.asynchttpclient.netty.channel.ChannelManager - Adding key: http://localhost:44299 for channel [id: 0x4a80eb45, L:/127.0.0.1:56493 - R:localhost/127.0.0.1:44299]
18:02:59.956 [Forwarding sendKeysToElement on session e7e996b700973115ee80a5efc4b07c35 to remote] DEBUG org.asynchttpclient.netty.request.NettyRequestSender - Using pooled Channel '[id: 0x4a80eb45, L:/127.0.0.1:56493 - R:localhost/127.0.0.1:44299]' for 'POST' to 'http://localhost:44299/session/e7e996b700973115ee80a5efc4b07c35/element/18ae2eef-8ef2-4cf5-b1ad-7ecf93bb79b3/value'
18:02:59.956 [Forwarding sendKeysToElement on session e7e996b700973115ee80a5efc4b07c35 to remote] DEBUG org.asynchttpclient.netty.request.NettyRequestSender - Using open Channel [id: 0x4a80eb45, L:/127.0.0.1:56493 - R:localhost/127.0.0.1:44299] for POST '/session/e7e996b700973115ee80a5efc4b07c35/element/18ae2eef-8ef2-4cf5-b1ad-7ecf93bb79b3/value'
18:03:00.054 [AsyncHttpClient-1-1] DEBUG org.asynchttpclient.netty.channel.DefaultChannelPool - Entry count for : http://localhost:56495 : 1
18:03:00.111 [AsyncHttpClient-1-4] DEBUG org.asynchttpclient.netty.handler.HttpHandler - 

Request DefaultHttpRequest(decodeResult: success, version: HTTP/1.1)
POST /session/e7e996b700973115ee80a5efc4b07c35/element/18ae2eef-8ef2-4cf5-b1ad-7ecf93bb79b3/value HTTP/1.1
User-Agent: selenium/4.8.1 (java windows)
Content-Length: 161
Content-Type: application/json; charset=utf-8
host: localhost:44299
accept: */*

Response DefaultHttpResponse(decodeResult: success, version: HTTP/1.1)
HTTP/1.1 200 OK
Content-Length: 14
Content-Type: application/json; charset=utf-8
cache-control: no-cache

18:03:00.112 [AsyncHttpClient-1-4] DEBUG org.asynchttpclient.netty.channel.ChannelManager - Adding key: http://localhost:44299 for channel [id: 0x4a80eb45, L:/127.0.0.1:56493 - R:localhost/127.0.0.1:44299]
18:03:00.122 [Forwarding getAlertText on session e7e996b700973115ee80a5efc4b07c35 to remote] DEBUG org.asynchttpclient.netty.request.NettyRequestSender - Using pooled Channel '[id: 0x4a80eb45, L:/127.0.0.1:56493 - R:localhost/127.0.0.1:44299]' for 'GET' to 'http://localhost:44299/session/e7e996b700973115ee80a5efc4b07c35/alert/text'
18:03:00.122 [Forwarding getAlertText on session e7e996b700973115ee80a5efc4b07c35 to remote] DEBUG org.asynchttpclient.netty.request.NettyRequestSender - Using open Channel [id: 0x4a80eb45, L:/127.0.0.1:56493 - R:localhost/127.0.0.1:44299] for GET '/session/e7e996b700973115ee80a5efc4b07c35/alert/text'
18:03:00.130 [AsyncHttpClient-1-4] DEBUG org.asynchttpclient.netty.handler.HttpHandler - 

Request DefaultFullHttpRequest(decodeResult: success, version: HTTP/1.1, content: EmptyByteBufBE)
GET /session/e7e996b700973115ee80a5efc4b07c35/alert/text HTTP/1.1
User-Agent: selenium/4.8.1 (java windows)
Cache-Control: no-cache
Content-Type: application/json; charset=utf-8
host: localhost:44299
accept: */*

Response DefaultHttpResponse(decodeResult: success, version: HTTP/1.1)
HTTP/1.1 404 Not Found
Content-Length: 848
Content-Type: application/json; charset=utf-8
cache-control: no-cache

18:03:00.131 [AsyncHttpClient-1-4] DEBUG org.asynchttpclient.netty.channel.ChannelManager - Adding key: http://localhost:44299 for channel [id: 0x4a80eb45, L:/127.0.0.1:56493 - R:localhost/127.0.0.1:44299]
18:03:00.179 [Forwarding getCurrentUrl on session e7e996b700973115ee80a5efc4b07c35 to remote] DEBUG org.asynchttpclient.netty.request.NettyRequestSender - Using pooled Channel '[id: 0x4a80eb45, L:/127.0.0.1:56493 - R:localhost/127.0.0.1:44299]' for 'GET' to 'http://localhost:44299/session/e7e996b700973115ee80a5efc4b07c35/url'
18:03:00.180 [Forwarding getCurrentUrl on session e7e996b700973115ee80a5efc4b07c35 to remote] DEBUG org.asynchttpclient.netty.request.NettyRequestSender - Using open Channel [id: 0x4a80eb45, L:/127.0.0.1:56493 - R:localhost/127.0.0.1:44299] for GET '/session/e7e996b700973115ee80a5efc4b07c35/url'
18:03:00.217 [AsyncHttpClient-1-4] DEBUG org.asynchttpclient.netty.handler.HttpHandler - 

Request DefaultFullHttpRequest(decodeResult: success, version: HTTP/1.1, content: EmptyByteBufBE)
GET /session/e7e996b700973115ee80a5efc4b07c35/url HTTP/1.1
User-Agent: selenium/4.8.1 (java windows)
Cache-Control: no-cache
Content-Type: application/json; charset=utf-8
host: localhost:44299
accept: */*

Response DefaultHttpResponse(decodeResult: success, version: HTTP/1.1)
HTTP/1.1 200 OK
Content-Length: 51
Content-Type: application/json; charset=utf-8
cache-control: no-cache

18:03:00.217 [AsyncHttpClient-1-4] DEBUG org.asynchttpclient.netty.channel.ChannelManager - Adding key: http://localhost:44299 for channel [id: 0x4a80eb45, L:/127.0.0.1:56493 - R:localhost/127.0.0.1:44299]
18:03:00.218 [Forwarding screenshot on session e7e996b700973115ee80a5efc4b07c35 to remote] DEBUG org.asynchttpclient.netty.request.NettyRequestSender - Using pooled Channel '[id: 0x4a80eb45, L:/127.0.0.1:56493 - R:localhost/127.0.0.1:44299]' for 'GET' to 'http://localhost:44299/session/e7e996b700973115ee80a5efc4b07c35/screenshot'
18:03:00.218 [Forwarding screenshot on session e7e996b700973115ee80a5efc4b07c35 to remote] DEBUG org.asynchttpclient.netty.request.NettyRequestSender - Using open Channel [id: 0x4a80eb45, L:/127.0.0.1:56493 - R:localhost/127.0.0.1:44299] for GET '/session/e7e996b700973115ee80a5efc4b07c35/screenshot'
18:03:00.393 [AsyncHttpClient-1-4] DEBUG org.asynchttpclient.netty.handler.HttpHandler - 

Request DefaultFullHttpRequest(decodeResult: success, version: HTTP/1.1, content: EmptyByteBufBE)
GET /session/e7e996b700973115ee80a5efc4b07c35/screenshot HTTP/1.1
User-Agent: selenium/4.8.1 (java windows)
Cache-Control: no-cache
Content-Type: application/json; charset=utf-8
host: localhost:44299
accept: */*

Response DefaultHttpResponse(decodeResult: success, version: HTTP/1.1)
HTTP/1.1 200 OK
Content-Length: 29792
Content-Type: application/json; charset=utf-8
cache-control: no-cache

18:03:00.393 [AsyncHttpClient-1-4] DEBUG org.asynchttpclient.netty.channel.ChannelManager - Adding key: http://localhost:44299 for channel [id: 0x4a80eb45, L:/127.0.0.1:56493 - R:localhost/127.0.0.1:44299]
18:03:00.396 [main] DEBUG net.serenitybdd.core.photography.Darkroom - Send negative for processing for target\site\serenity\fcd402f071a9a6117b4ac085e144380e4cbe8dcc8722440706035ae5104cf7dc.png
18:03:00.396 [main] DEBUG net.thucydides.core.steps.StepInterceptor - STEP DONE: user input valid password
18:03:00.396 [Darkroom Processing Line] DEBUG net.serenitybdd.core.photography.DarkroomProcessingLine - Processing screenshot image in /var/screenshots/screenshot-4124840309173909215
  &amp#27;[32mAnd &amp#27;[0m&amp#27;[32muser input valid password&amp#27;[0m                  &amp#27;[90m# starter.stepdefinition.LoginStep.userInputValidPassword()&amp#27;[0m
18:03:00.396 [Darkroom Processing Line] DEBUG net.serenitybdd.core.photography.DarkroomProcessingLine - Saving screenshot to target\site\serenity\fcd402f071a9a6117b4ac085e144380e4cbe8dcc8722440706035ae5104cf7dc.png
18:03:00.411 [main] DEBUG net.thucydides.core.steps.StepInterceptor - STARTING STEP: LoginStep.clickButtonLogin - click button login
18:03:00.415 [Forwarding findElement on session e7e996b700973115ee80a5efc4b07c35 to remote] DEBUG org.asynchttpclient.netty.request.NettyRequestSender - Using pooled Channel '[id: 0x4a80eb45, L:/127.0.0.1:56493 - R:localhost/127.0.0.1:44299]' for 'POST' to 'http://localhost:44299/session/e7e996b700973115ee80a5efc4b07c35/element'
18:03:00.416 [Forwarding findElement on session e7e996b700973115ee80a5efc4b07c35 to remote] DEBUG org.asynchttpclient.netty.request.NettyRequestSender - Using open Channel [id: 0x4a80eb45, L:/127.0.0.1:56493 - R:localhost/127.0.0.1:44299] for POST '/session/e7e996b700973115ee80a5efc4b07c35/element'
18:03:00.426 [AsyncHttpClient-1-4] DEBUG org.asynchttpclient.netty.handler.HttpHandler - 

Request DefaultHttpRequest(decodeResult: success, version: HTTP/1.1)
POST /session/e7e996b700973115ee80a5efc4b07c35/element HTTP/1.1
User-Agent: selenium/4.8.1 (java windows)
Content-Length: 69
Content-Type: application/json; charset=utf-8
host: localhost:44299
accept: */*

Response DefaultHttpResponse(decodeResult: success, version: HTTP/1.1)
HTTP/1.1 200 OK
Content-Length: 88
Content-Type: application/json; charset=utf-8
cache-control: no-cache

18:03:00.427 [AsyncHttpClient-1-4] DEBUG org.asynchttpclient.netty.channel.ChannelManager - Adding key: http://localhost:44299 for channel [id: 0x4a80eb45, L:/127.0.0.1:56493 - R:localhost/127.0.0.1:44299]
18:03:00.428 [Forwarding getElementTagName on session e7e996b700973115ee80a5efc4b07c35 to remote] DEBUG org.asynchttpclient.netty.request.NettyRequestSender - Using pooled Channel '[id: 0x4a80eb45, L:/127.0.0.1:56493 - R:localhost/127.0.0.1:44299]' for 'GET' to 'http://localhost:44299/session/e7e996b700973115ee80a5efc4b07c35/element/69db8e8f-079c-4faa-bfea-dcb3ac8b39c9/name'
18:03:00.428 [Forwarding getElementTagName on session e7e996b700973115ee80a5efc4b07c35 to remote] DEBUG org.asynchttpclient.netty.request.NettyRequestSender - Using open Channel [id: 0x4a80eb45, L:/127.0.0.1:56493 - R:localhost/127.0.0.1:44299] for GET '/session/e7e996b700973115ee80a5efc4b07c35/element/69db8e8f-079c-4faa-bfea-dcb3ac8b39c9/name'
18:03:00.433 [AsyncHttpClient-1-4] DEBUG org.asynchttpclient.netty.handler.HttpHandler - 

Request DefaultFullHttpRequest(decodeResult: success, version: HTTP/1.1, content: EmptyByteBufBE)
GET /session/e7e996b700973115ee80a5efc4b07c35/element/69db8e8f-079c-4faa-bfea-dcb3ac8b39c9/name HTTP/1.1
User-Agent: selenium/4.8.1 (java windows)
Cache-Control: no-cache
Content-Type: application/json; charset=utf-8
host: localhost:44299
accept: */*

Response DefaultHttpResponse(decodeResult: success, version: HTTP/1.1)
HTTP/1.1 200 OK
Content-Length: 16
Content-Type: application/json; charset=utf-8
cache-control: no-cache

18:03:00.434 [AsyncHttpClient-1-4] DEBUG org.asynchttpclient.netty.channel.ChannelManager - Adding key: http://localhost:44299 for channel [id: 0x4a80eb45, L:/127.0.0.1:56493 - R:localhost/127.0.0.1:44299]
18:03:00.435 [Forwarding getElementTagName on session e7e996b700973115ee80a5efc4b07c35 to remote] DEBUG org.asynchttpclient.netty.request.NettyRequestSender - Using pooled Channel '[id: 0x4a80eb45, L:/127.0.0.1:56493 - R:localhost/127.0.0.1:44299]' for 'GET' to 'http://localhost:44299/session/e7e996b700973115ee80a5efc4b07c35/element/69db8e8f-079c-4faa-bfea-dcb3ac8b39c9/name'
18:03:00.435 [Forwarding getElementTagName on session e7e996b700973115ee80a5efc4b07c35 to remote] DEBUG org.asynchttpclient.netty.request.NettyRequestSender - Using open Channel [id: 0x4a80eb45, L:/127.0.0.1:56493 - R:localhost/127.0.0.1:44299] for GET '/session/e7e996b700973115ee80a5efc4b07c35/element/69db8e8f-079c-4faa-bfea-dcb3ac8b39c9/name'
18:03:00.438 [AsyncHttpClient-1-4] DEBUG org.asynchttpclient.netty.handler.HttpHandler - 

Request DefaultFullHttpRequest(decodeResult: success, version: HTTP/1.1, content: EmptyByteBufBE)
GET /session/e7e996b700973115ee80a5efc4b07c35/element/69db8e8f-079c-4faa-bfea-dcb3ac8b39c9/name HTTP/1.1
User-Agent: selenium/4.8.1 (java windows)
Cache-Control: no-cache
Content-Type: application/json; charset=utf-8
host: localhost:44299
accept: */*

Response DefaultHttpResponse(decodeResult: success, version: HTTP/1.1)
HTTP/1.1 200 OK
Content-Length: 16
Content-Type: application/json; charset=utf-8
cache-control: no-cache

18:03:00.439 [AsyncHttpClient-1-4] DEBUG org.asynchttpclient.netty.channel.ChannelManager - Adding key: http://localhost:44299 for channel [id: 0x4a80eb45, L:/127.0.0.1:56493 - R:localhost/127.0.0.1:44299]
18:03:00.442 [Forwarding findElement on session e7e996b700973115ee80a5efc4b07c35 to remote] DEBUG org.asynchttpclient.netty.request.NettyRequestSender - Using pooled Channel '[id: 0x4a80eb45, L:/127.0.0.1:56493 - R:localhost/127.0.0.1:44299]' for 'POST' to 'http://localhost:44299/session/e7e996b700973115ee80a5efc4b07c35/element'
18:03:00.442 [Forwarding findElement on session e7e996b700973115ee80a5efc4b07c35 to remote] DEBUG org.asynchttpclient.netty.request.NettyRequestSender - Using open Channel [id: 0x4a80eb45, L:/127.0.0.1:56493 - R:localhost/127.0.0.1:44299] for POST '/session/e7e996b700973115ee80a5efc4b07c35/element'
18:03:00.450 [AsyncHttpClient-1-4] DEBUG org.asynchttpclient.netty.handler.HttpHandler - 

Request DefaultHttpRequest(decodeResult: success, version: HTTP/1.1)
POST /session/e7e996b700973115ee80a5efc4b07c35/element HTTP/1.1
User-Agent: selenium/4.8.1 (java windows)
Content-Length: 69
Content-Type: application/json; charset=utf-8
host: localhost:44299
accept: */*

Response DefaultHttpResponse(decodeResult: success, version: HTTP/1.1)
HTTP/1.1 200 OK
Content-Length: 88
Content-Type: application/json; charset=utf-8
cache-control: no-cache

18:03:00.450 [AsyncHttpClient-1-4] DEBUG org.asynchttpclient.netty.channel.ChannelManager - Adding key: http://localhost:44299 for channel [id: 0x4a80eb45, L:/127.0.0.1:56493 - R:localhost/127.0.0.1:44299]
18:03:00.452 [Forwarding clickElement on session e7e996b700973115ee80a5efc4b07c35 to remote] DEBUG org.asynchttpclient.netty.request.NettyRequestSender - Using pooled Channel '[id: 0x4a80eb45, L:/127.0.0.1:56493 - R:localhost/127.0.0.1:44299]' for 'POST' to 'http://localhost:44299/session/e7e996b700973115ee80a5efc4b07c35/element/69db8e8f-079c-4faa-bfea-dcb3ac8b39c9/click'
18:03:00.452 [Forwarding clickElement on session e7e996b700973115ee80a5efc4b07c35 to remote] DEBUG org.asynchttpclient.netty.request.NettyRequestSender - Using open Channel [id: 0x4a80eb45, L:/127.0.0.1:56493 - R:localhost/127.0.0.1:44299] for POST '/session/e7e996b700973115ee80a5efc4b07c35/element/69db8e8f-079c-4faa-bfea-dcb3ac8b39c9/click'
18:03:00.536 [AsyncHttpClient-1-4] DEBUG org.asynchttpclient.netty.handler.HttpHandler - 

Request DefaultHttpRequest(decodeResult: success, version: HTTP/1.1)
POST /session/e7e996b700973115ee80a5efc4b07c35/element/69db8e8f-079c-4faa-bfea-dcb3ac8b39c9/click HTTP/1.1
User-Agent: selenium/4.8.1 (java windows)
Content-Length: 50
Content-Type: application/json; charset=utf-8
host: localhost:44299
accept: */*

Response DefaultHttpResponse(decodeResult: success, version: HTTP/1.1)
HTTP/1.1 200 OK
Content-Length: 14
Content-Type: application/json; charset=utf-8
cache-control: no-cache

18:03:00.536 [AsyncHttpClient-1-4] DEBUG org.asynchttpclient.netty.channel.ChannelManager - Adding key: http://localhost:44299 for channel [id: 0x4a80eb45, L:/127.0.0.1:56493 - R:localhost/127.0.0.1:44299]
18:03:00.546 [Forwarding getAlertText on session e7e996b700973115ee80a5efc4b07c35 to remote] DEBUG org.asynchttpclient.netty.request.NettyRequestSender - Using pooled Channel '[id: 0x4a80eb45, L:/127.0.0.1:56493 - R:localhost/127.0.0.1:44299]' for 'GET' to 'http://localhost:44299/session/e7e996b700973115ee80a5efc4b07c35/alert/text'
18:03:00.546 [Forwarding getAlertText on session e7e996b700973115ee80a5efc4b07c35 to remote] DEBUG org.asynchttpclient.netty.request.NettyRequestSender - Using open Channel [id: 0x4a80eb45, L:/127.0.0.1:56493 - R:localhost/127.0.0.1:44299] for GET '/session/e7e996b700973115ee80a5efc4b07c35/alert/text'
18:03:00.548 [AsyncHttpClient-1-4] DEBUG org.asynchttpclient.netty.handler.HttpHandler - 

Request DefaultFullHttpRequest(decodeResult: success, version: HTTP/1.1, content: EmptyByteBufBE)
GET /session/e7e996b700973115ee80a5efc4b07c35/alert/text HTTP/1.1
User-Agent: selenium/4.8.1 (java windows)
Cache-Control: no-cache
Content-Type: application/json; charset=utf-8
host: localhost:44299
accept: */*

Response DefaultHttpResponse(decodeResult: success, version: HTTP/1.1)
HTTP/1.1 404 Not Found
Content-Length: 848
Content-Type: application/json; charset=utf-8
cache-control: no-cache

18:03:00.548 [AsyncHttpClient-1-4] DEBUG org.asynchttpclient.netty.channel.ChannelManager - Adding key: http://localhost:44299 for channel [id: 0x4a80eb45, L:/127.0.0.1:56493 - R:localhost/127.0.0.1:44299]
18:03:00.549 [Forwarding getCurrentUrl on session e7e996b700973115ee80a5efc4b07c35 to remote] DEBUG org.asynchttpclient.netty.request.NettyRequestSender - Using pooled Channel '[id: 0x4a80eb45, L:/127.0.0.1:56493 - R:localhost/127.0.0.1:44299]' for 'GET' to 'http://localhost:44299/session/e7e996b700973115ee80a5efc4b07c35/url'
18:03:00.550 [Forwarding getCurrentUrl on session e7e996b700973115ee80a5efc4b07c35 to remote] DEBUG org.asynchttpclient.netty.request.NettyRequestSender - Using open Channel [id: 0x4a80eb45, L:/127.0.0.1:56493 - R:localhost/127.0.0.1:44299] for GET '/session/e7e996b700973115ee80a5efc4b07c35/url'
18:03:00.585 [AsyncHttpClient-1-4] DEBUG org.asynchttpclient.netty.handler.HttpHandler - 

Request DefaultFullHttpRequest(decodeResult: success, version: HTTP/1.1, content: EmptyByteBufBE)
GET /session/e7e996b700973115ee80a5efc4b07c35/url HTTP/1.1
User-Agent: selenium/4.8.1 (java windows)
Cache-Control: no-cache
Content-Type: application/json; charset=utf-8
host: localhost:44299
accept: */*

Response DefaultHttpResponse(decodeResult: success, version: HTTP/1.1)
HTTP/1.1 200 OK
Content-Length: 51
Content-Type: application/json; charset=utf-8
cache-control: no-cache

18:03:00.585 [AsyncHttpClient-1-4] DEBUG org.asynchttpclient.netty.channel.ChannelManager - Adding key: http://localhost:44299 for channel [id: 0x4a80eb45, L:/127.0.0.1:56493 - R:localhost/127.0.0.1:44299]
18:03:00.586 [Forwarding screenshot on session e7e996b700973115ee80a5efc4b07c35 to remote] DEBUG org.asynchttpclient.netty.request.NettyRequestSender - Using pooled Channel '[id: 0x4a80eb45, L:/127.0.0.1:56493 - R:localhost/127.0.0.1:44299]' for 'GET' to 'http://localhost:44299/session/e7e996b700973115ee80a5efc4b07c35/screenshot'
18:03:00.586 [Forwarding screenshot on session e7e996b700973115ee80a5efc4b07c35 to remote] DEBUG org.asynchttpclient.netty.request.NettyRequestSender - Using open Channel [id: 0x4a80eb45, L:/127.0.0.1:56493 - R:localhost/127.0.0.1:44299] for GET '/session/e7e996b700973115ee80a5efc4b07c35/screenshot'
18:03:00.813 [AsyncHttpClient-1-4] DEBUG org.asynchttpclient.netty.handler.HttpHandler - 

Request DefaultFullHttpRequest(decodeResult: success, version: HTTP/1.1, content: EmptyByteBufBE)
GET /session/e7e996b700973115ee80a5efc4b07c35/screenshot HTTP/1.1
User-Agent: selenium/4.8.1 (java windows)
Cache-Control: no-cache
Content-Type: application/json; charset=utf-8
host: localhost:44299
accept: */*

Response DefaultHttpResponse(decodeResult: success, version: HTTP/1.1)
HTTP/1.1 200 OK
Content-Length: 29464
Content-Type: application/json; charset=utf-8
cache-control: no-cache

18:03:00.813 [AsyncHttpClient-1-4] DEBUG org.asynchttpclient.netty.channel.ChannelManager - Adding key: http://localhost:44299 for channel [id: 0x4a80eb45, L:/127.0.0.1:56493 - R:localhost/127.0.0.1:44299]
18:03:00.816 [main] DEBUG net.serenitybdd.core.photography.Darkroom - Send negative for processing for target\site\serenity\c399403edc741918de5928872017b1dfdbfe52b0e186938a06297603e2a59d69.png
18:03:00.816 [main] DEBUG net.thucydides.core.steps.StepInterceptor - STEP DONE: click button login
  &amp#27;[32mAnd &amp#27;[0m&amp#27;[32mclick button login&amp#27;[0m                         &amp#27;[90m# starter.stepdefinition.LoginStep.clickButtonLogin()&amp#27;[0m
18:03:00.817 [Darkroom Processing Line] DEBUG net.serenitybdd.core.photography.DarkroomProcessingLine - Processing screenshot image in /var/screenshots/screenshot-4355112711966934334
18:03:00.817 [Darkroom Processing Line] DEBUG net.serenitybdd.core.photography.DarkroomProcessingLine - Saving screenshot to target\site\serenity\c399403edc741918de5928872017b1dfdbfe52b0e186938a06297603e2a59d69.png
18:03:00.834 [main] DEBUG net.thucydides.core.steps.StepInterceptor - STARTING STEP: LoginStep.userSeeErrorMessage - user see error message
18:03:00.837 [Forwarding findElement on session e7e996b700973115ee80a5efc4b07c35 to remote] DEBUG org.asynchttpclient.netty.request.NettyRequestSender - Using pooled Channel '[id: 0x4a80eb45, L:/127.0.0.1:56493 - R:localhost/127.0.0.1:44299]' for 'POST' to 'http://localhost:44299/session/e7e996b700973115ee80a5efc4b07c35/element'
18:03:00.838 [Forwarding findElement on session e7e996b700973115ee80a5efc4b07c35 to remote] DEBUG org.asynchttpclient.netty.request.NettyRequestSender - Using open Channel [id: 0x4a80eb45, L:/127.0.0.1:56493 - R:localhost/127.0.0.1:44299] for POST '/session/e7e996b700973115ee80a5efc4b07c35/element'
18:03:00.854 [AsyncHttpClient-1-4] DEBUG org.asynchttpclient.netty.handler.HttpHandler - 

Request DefaultHttpRequest(decodeResult: success, version: HTTP/1.1)
POST /session/e7e996b700973115ee80a5efc4b07c35/element HTTP/1.1
User-Agent: selenium/4.8.1 (java windows)
Content-Length: 79
Content-Type: application/json; charset=utf-8
host: localhost:44299
accept: */*

Response DefaultHttpResponse(decodeResult: success, version: HTTP/1.1)
HTTP/1.1 200 OK
Content-Length: 88
Content-Type: application/json; charset=utf-8
cache-control: no-cache

18:03:00.854 [AsyncHttpClient-1-4] DEBUG org.asynchttpclient.netty.channel.ChannelManager - Adding key: http://localhost:44299 for channel [id: 0x4a80eb45, L:/127.0.0.1:56493 - R:localhost/127.0.0.1:44299]
18:03:00.859 [Forwarding isElementDisplayed on session e7e996b700973115ee80a5efc4b07c35 to remote] DEBUG org.asynchttpclient.netty.request.NettyRequestSender - Using pooled Channel '[id: 0x4a80eb45, L:/127.0.0.1:56493 - R:localhost/127.0.0.1:44299]' for 'POST' to 'http://localhost:44299/session/e7e996b700973115ee80a5efc4b07c35/execute/sync'
18:03:00.859 [Forwarding isElementDisplayed on session e7e996b700973115ee80a5efc4b07c35 to remote] DEBUG org.asynchttpclient.netty.request.NettyRequestSender - Using open Channel [id: 0x4a80eb45, L:/127.0.0.1:56493 - R:localhost/127.0.0.1:44299] for POST '/session/e7e996b700973115ee80a5efc4b07c35/execute/sync'
18:03:00.887 [AsyncHttpClient-1-4] DEBUG org.asynchttpclient.netty.handler.HttpHandler - 

Request DefaultHttpRequest(decodeResult: success, version: HTTP/1.1)
POST /session/e7e996b700973115ee80a5efc4b07c35/execute/sync HTTP/1.1
User-Agent: selenium/4.8.1 (java windows)
Content-Length: 48807
Content-Type: application/json; charset=utf-8
host: localhost:44299
accept: */*

Response DefaultHttpResponse(decodeResult: success, version: HTTP/1.1)
HTTP/1.1 200 OK
Content-Length: 14
Content-Type: application/json; charset=utf-8
cache-control: no-cache

18:03:00.887 [AsyncHttpClient-1-4] DEBUG org.asynchttpclient.netty.channel.ChannelManager - Adding key: http://localhost:44299 for channel [id: 0x4a80eb45, L:/127.0.0.1:56493 - R:localhost/127.0.0.1:44299]
18:03:00.897 [Forwarding getAlertText on session e7e996b700973115ee80a5efc4b07c35 to remote] DEBUG org.asynchttpclient.netty.request.NettyRequestSender - Using pooled Channel '[id: 0x4a80eb45, L:/127.0.0.1:56493 - R:localhost/127.0.0.1:44299]' for 'GET' to 'http://localhost:44299/session/e7e996b700973115ee80a5efc4b07c35/alert/text'
18:03:00.897 [Forwarding getAlertText on session e7e996b700973115ee80a5efc4b07c35 to remote] DEBUG org.asynchttpclient.netty.request.NettyRequestSender - Using open Channel [id: 0x4a80eb45, L:/127.0.0.1:56493 - R:localhost/127.0.0.1:44299] for GET '/session/e7e996b700973115ee80a5efc4b07c35/alert/text'
18:03:00.899 [AsyncHttpClient-1-4] DEBUG org.asynchttpclient.netty.handler.HttpHandler - 

Request DefaultFullHttpRequest(decodeResult: success, version: HTTP/1.1, content: EmptyByteBufBE)
GET /session/e7e996b700973115ee80a5efc4b07c35/alert/text HTTP/1.1
User-Agent: selenium/4.8.1 (java windows)
Cache-Control: no-cache
Content-Type: application/json; charset=utf-8
host: localhost:44299
accept: */*

Response DefaultHttpResponse(decodeResult: success, version: HTTP/1.1)
HTTP/1.1 404 Not Found
Content-Length: 848
Content-Type: application/json; charset=utf-8
cache-control: no-cache

18:03:00.899 [AsyncHttpClient-1-4] DEBUG org.asynchttpclient.netty.channel.ChannelManager - Adding key: http://localhost:44299 for channel [id: 0x4a80eb45, L:/127.0.0.1:56493 - R:localhost/127.0.0.1:44299]
18:03:00.900 [Forwarding getCurrentUrl on session e7e996b700973115ee80a5efc4b07c35 to remote] DEBUG org.asynchttpclient.netty.request.NettyRequestSender - Using pooled Channel '[id: 0x4a80eb45, L:/127.0.0.1:56493 - R:localhost/127.0.0.1:44299]' for 'GET' to 'http://localhost:44299/session/e7e996b700973115ee80a5efc4b07c35/url'
18:03:00.900 [Forwarding getCurrentUrl on session e7e996b700973115ee80a5efc4b07c35 to remote] DEBUG org.asynchttpclient.netty.request.NettyRequestSender - Using open Channel [id: 0x4a80eb45, L:/127.0.0.1:56493 - R:localhost/127.0.0.1:44299] for GET '/session/e7e996b700973115ee80a5efc4b07c35/url'
18:03:00.904 [AsyncHttpClient-1-4] DEBUG org.asynchttpclient.netty.handler.HttpHandler - 

Request DefaultFullHttpRequest(decodeResult: success, version: HTTP/1.1, content: EmptyByteBufBE)
GET /session/e7e996b700973115ee80a5efc4b07c35/url HTTP/1.1
User-Agent: selenium/4.8.1 (java windows)
Cache-Control: no-cache
Content-Type: application/json; charset=utf-8
host: localhost:44299
accept: */*

Response DefaultHttpResponse(decodeResult: success, version: HTTP/1.1)
HTTP/1.1 200 OK
Content-Length: 51
Content-Type: application/json; charset=utf-8
cache-control: no-cache

18:03:00.904 [AsyncHttpClient-1-4] DEBUG org.asynchttpclient.netty.channel.ChannelManager - Adding key: http://localhost:44299 for channel [id: 0x4a80eb45, L:/127.0.0.1:56493 - R:localhost/127.0.0.1:44299]
18:03:00.906 [Forwarding screenshot on session e7e996b700973115ee80a5efc4b07c35 to remote] DEBUG org.asynchttpclient.netty.request.NettyRequestSender - Using pooled Channel '[id: 0x4a80eb45, L:/127.0.0.1:56493 - R:localhost/127.0.0.1:44299]' for 'GET' to 'http://localhost:44299/session/e7e996b700973115ee80a5efc4b07c35/screenshot'
18:03:00.906 [Forwarding screenshot on session e7e996b700973115ee80a5efc4b07c35 to remote] DEBUG org.asynchttpclient.netty.request.NettyRequestSender - Using open Channel [id: 0x4a80eb45, L:/127.0.0.1:56493 - R:localhost/127.0.0.1:44299] for GET '/session/e7e996b700973115ee80a5efc4b07c35/screenshot'
18:03:01.151 [AsyncHttpClient-1-4] DEBUG org.asynchttpclient.netty.handler.HttpHandler - 

Request DefaultFullHttpRequest(decodeResult: success, version: HTTP/1.1, content: EmptyByteBufBE)
GET /session/e7e996b700973115ee80a5efc4b07c35/screenshot HTTP/1.1
User-Agent: selenium/4.8.1 (java windows)
Cache-Control: no-cache
Content-Type: application/json; charset=utf-8
host: localhost:44299
accept: */*

Response DefaultHttpResponse(decodeResult: success, version: HTTP/1.1)
HTTP/1.1 200 OK
Content-Length: 33924
Content-Type: application/json; charset=utf-8
cache-control: no-cache

18:03:01.151 [AsyncHttpClient-1-4] DEBUG org.asynchttpclient.netty.channel.ChannelManager - Adding key: http://localhost:44299 for channel [id: 0x4a80eb45, L:/127.0.0.1:56493 - R:localhost/127.0.0.1:44299]
18:03:01.154 [main] DEBUG net.serenitybdd.core.photography.Darkroom - Send negative for processing for target\site\serenity\685c8b9adbb9500b2f932f0643c78a2bb3dbdded51040b223d5c675b6af5e0d4.png
18:03:01.154 [main] DEBUG net.thucydides.core.steps.StepInterceptor - STEP DONE: user see error message
  &amp#27;[32mThen &amp#27;[0m&amp#27;[32muser see error message &amp#27;[0m&amp#27;[32m&amp#27;[1m"record not found"&amp#27;[0m &amp#27;[90m# starter.stepdefinition.LoginStep.userSeeErrorMessage(java.lang.String)&amp#27;[0m
18:03:01.155 [Darkroom Processing Line] DEBUG net.serenitybdd.core.photography.DarkroomProcessingLine - Processing screenshot image in /var/screenshots/screenshot-3826099228369550585
18:03:01.155 [Darkroom Processing Line] DEBUG net.serenitybdd.core.photography.DarkroomProcessingLine - Saving screenshot to target\site\serenity\685c8b9adbb9500b2f932f0643c78a2bb3dbdded51040b223d5c675b6af5e0d4.png
18:03:01.163 [main] INFO  - 
  _____   ___   ___   _____     ___     _     ___   ___   ___   ___  
 |_   _| | __| / __| |_   _|   | _ \   /_\   / __| / __| | __| |   \ 
   | |   | _|  \__ \   | |     |  _/  / _ \  \__ \ \__ \ | _|  | |) |
   |_|   |___| |___/   |_|     |_|   /_/ \_\ |___/ |___/ |___| |___/ 

As a user, I login with invalid email
----------------------------------------------------------------------
18:03:01.164 [AsyncHttpClient-1-6] DEBUG org.asynchttpclient.netty.handler.WebSocketHandler - Channel Closed: [id: 0xed77115a, L:/127.0.0.1:56501 ! R:localhost/127.0.0.1:56495] with attribute NettyResponseFuture{currentRetry=0,
	isDone=1,
	isCancelled=0,
	asyncHandler=org.asynchttpclient.ws.WebSocketUpgradeHandler@311b4c17,
	nettyRequest=org.asynchttpclient.netty.request.NettyRequest@58018754,
	future=java.util.concurrent.CompletableFuture@60d516dd[Completed normally],
	uri=ws://localhost:56495/devtools/browser/766f5574-4601-4603-9472-2da8115afc9e,
	keepAlive=true,
	redirectCount=0,
	timeoutsHolder=null,
	inAuth=0,
	touch=1683543778076}
18:03:01.165 [AsyncHttpClient-1-6] DEBUG org.asynchttpclient.netty.channel.ChannelManager - Closing Channel [id: 0xed77115a, L:/127.0.0.1:56501 ! R:localhost/127.0.0.1:56495] 
18:03:01.178 [AsyncHttpClient-1-1] DEBUG org.asynchttpclient.netty.channel.DefaultChannelPool - Entry count for : http://localhost:56495 : 1
18:03:01.179 [AsyncHttpClient-1-1] DEBUG org.asynchttpclient.netty.channel.DefaultChannelPool - Entry count for : http://localhost:44299 : 1
18:03:01.180 [Driver Command Executor] DEBUG org.asynchttpclient.netty.request.NettyRequestSender - Using pooled Channel '[id: 0x4a80eb45, L:/127.0.0.1:56493 - R:localhost/127.0.0.1:44299]' for 'DELETE' to 'http://localhost:44299/session/e7e996b700973115ee80a5efc4b07c35'
18:03:01.180 [Driver Command Executor] DEBUG org.asynchttpclient.netty.request.NettyRequestSender - Using open Channel [id: 0x4a80eb45, L:/127.0.0.1:56493 - R:localhost/127.0.0.1:44299] for DELETE '/session/e7e996b700973115ee80a5efc4b07c35'
18:03:01.903 [AsyncHttpClient-1-5] DEBUG org.asynchttpclient.netty.handler.HttpHandler - Unexpected I/O exception on channel [id: 0x53c944e7, L:/127.0.0.1:56500 - R:localhost/127.0.0.1:56495]
java.io.IOException: An existing connection was forcibly closed by the remote host
	at sun.nio.ch.SocketDispatcher.read0(Native Method)
	at sun.nio.ch.SocketDispatcher.read(SocketDispatcher.java:43)
	at sun.nio.ch.IOUtil.readIntoNativeBuffer(IOUtil.java:223)
	at sun.nio.ch.IOUtil.read(IOUtil.java:192)
	at sun.nio.ch.SocketChannelImpl.read(SocketChannelImpl.java:378)
	at io.netty.buffer.PooledByteBuf.setBytes(PooledByteBuf.java:259)
	at io.netty.buffer.AbstractByteBuf.writeBytes(AbstractByteBuf.java:1132)
	at io.netty.channel.socket.nio.NioSocketChannel.doReadBytes(NioSocketChannel.java:357)
	at io.netty.channel.nio.AbstractNioByteChannel$NioByteUnsafe.read(AbstractNioByteChannel.java:151)
	at io.netty.channel.nio.NioEventLoop.processSelectedKey(NioEventLoop.java:788)
	at io.netty.channel.nio.NioEventLoop.processSelectedKeysOptimized(NioEventLoop.java:724)
	at io.netty.channel.nio.NioEventLoop.processSelectedKeys(NioEventLoop.java:650)
	at io.netty.channel.nio.NioEventLoop.run(NioEventLoop.java:562)
	at io.netty.util.concurrent.SingleThreadEventExecutor$4.run(SingleThreadEventExecutor.java:997)
	at io.netty.util.internal.ThreadExecutorMap$2.run(ThreadExecutorMap.java:74)
	at io.netty.util.concurrent.FastThreadLocalRunnable.run(FastThreadLocalRunnable.java:30)
	at java.lang.Thread.run(Thread.java:748)
18:03:01.903 [AsyncHttpClient-1-5] DEBUG org.asynchttpclient.netty.channel.ChannelManager - Closing Channel [id: 0x53c944e7, L:/127.0.0.1:56500 - R:localhost/127.0.0.1:56495] 
18:03:01.903 [AsyncHttpClient-1-5] DEBUG org.asynchttpclient.netty.handler.HttpHandler - Channel Closed: [id: 0x53c944e7, L:/127.0.0.1:56500 ! R:localhost/127.0.0.1:56495] with attribute DISCARD
18:03:02.613 [AsyncHttpClient-1-1] DEBUG org.asynchttpclient.netty.channel.DefaultChannelPool - Entry count for : http://localhost:56495 : 1
18:03:02.613 [AsyncHttpClient-1-1] DEBUG org.asynchttpclient.netty.channel.DefaultChannelPool - Adding Candidate expired Channel [id: 0x53c944e7, L:/127.0.0.1:56500 ! R:localhost/127.0.0.1:56495] isIdleTimeoutExpired=false isRemotelyClosed=true isTtlExpired=false
18:03:02.613 [AsyncHttpClient-1-1] DEBUG org.asynchttpclient.netty.channel.DefaultChannelPool - Closing Idle Channel [id: 0x53c944e7, L:/127.0.0.1:56500 ! R:localhost/127.0.0.1:56495]
18:03:02.613 [AsyncHttpClient-1-1] DEBUG org.asynchttpclient.netty.channel.DefaultChannelPool - Closed 1 connections out of 1 in 0 ms
18:03:03.163 [AsyncHttpClient-1-4] DEBUG org.asynchttpclient.netty.handler.HttpHandler - 

Request DefaultFullHttpRequest(decodeResult: success, version: HTTP/1.1, content: EmptyByteBufBE)
DELETE /session/e7e996b700973115ee80a5efc4b07c35 HTTP/1.1
User-Agent: selenium/4.8.1 (java windows)
Content-Type: application/json; charset=utf-8
host: localhost:44299
accept: */*

Response DefaultHttpResponse(decodeResult: success, version: HTTP/1.1)
HTTP/1.1 200 OK
Content-Length: 14
Content-Type: application/json; charset=utf-8
cache-control: no-cache

18:03:03.163 [AsyncHttpClient-1-4] DEBUG org.asynchttpclient.netty.channel.ChannelManager - Adding key: http://localhost:44299 for channel [id: 0x4a80eb45, L:/127.0.0.1:56493 - R:localhost/127.0.0.1:44299]
18:03:03.636 [AsyncHttpClient-1-4] DEBUG org.asynchttpclient.netty.handler.HttpHandler - Channel Closed: [id: 0x4a80eb45, L:/127.0.0.1:56493 ! R:localhost/127.0.0.1:44299] with attribute DISCARD
18:03:03.650 [AsyncHttpClient-1-1] DEBUG org.asynchttpclient.netty.channel.DefaultChannelPool - Entry count for : http://localhost:44299 : 1
18:03:03.650 [AsyncHttpClient-1-1] DEBUG org.asynchttpclient.netty.channel.DefaultChannelPool - Adding Candidate expired Channel [id: 0x4a80eb45, L:/127.0.0.1:56493 ! R:localhost/127.0.0.1:44299] isIdleTimeoutExpired=false isRemotelyClosed=true isTtlExpired=false
18:03:03.650 [AsyncHttpClient-1-1] DEBUG org.asynchttpclient.netty.channel.DefaultChannelPool - Closing Idle Channel [id: 0x4a80eb45, L:/127.0.0.1:56493 ! R:localhost/127.0.0.1:44299]
18:03:03.650 [AsyncHttpClient-1-1] DEBUG org.asynchttpclient.netty.channel.DefaultChannelPool - Closed 1 connections out of 1 in 0 ms
]]></system-out>
    <system-err><![CDATA[Starting ChromeDriver 112.0.5615.49 (bd2a7bcb881c11e8cfe3078709382934e3916914-refs/branch-heads/5615@{#936}) on port 44299
Only local connections are allowed.
Please see https://chromedriver.chromium.org/security-considerations for suggestions on keeping ChromeDriver safe.
ChromeDriver was started successfully.
May 08, 2023 6:02:58 PM org.openqa.selenium.devtools.CdpVersionFinder findNearestMatch
WARNING: Unable to find an exact match for CDP version 112, so returning the closest version found: 110
]]></system-err>
  </testcase>
  <testcase name="As a user, I login with invalid password" classname="Login - As a user I want to buy some product So that I have to login" time="4.585">
    <system-out><![CDATA[
@TC_Login_003
Scenario: As a user, I login with invalid password &amp#27;[90m# src/test/resources/features/Login.feature:20&amp#27;[0m
18:03:04.158 [main] DEBUG io.cucumber.core.plugin.SerenityReporter - Running feature from file:///C:/Users/user/IdeaProjects/QE_Devi%20Agustin%20Utari_Mini_Project/Web_Automation_AltaShop/src/test/resources/features/Login.feature
18:03:04.161 [main] INFO  - 
  _____   ___   ___   _____     ___   _____     _     ___   _____   ___   ___  
 |_   _| | __| / __| |_   _|   / __| |_   _|   /_\   | _ \ |_   _| | __| |   \ 
   | |   | _|  \__ \   | |     \__ \   | |    / _ \  |   /   | |   | _|  | |) |
   |_|   |___| |___/   |_|     |___/   |_|   /_/ \_\ |_|_\   |_|   |___| |___/ 

As a user, I login with invalid password(login---as-a-user-i-want-to-buy-some-product-so-that-i-have-to-login;as-a-user--i-login-with-invalid-password)
--------------------------------------------------------------------------------
18:03:04.180 [main] DEBUG net.thucydides.core.steps.StepInterceptor - STARTING STEP: LoginStep.userOnLoginPage - user on login page
18:03:04.228 [main] INFO net.serenitybdd.core.webdriver.driverproviders.ChromeDriverProvider - Starting Chrome driver instance with capabilities:
18:03:04.228 [main] INFO net.serenitybdd.core.webdriver.driverproviders.ChromeDriverProvider - Capabilities {acceptInsecureCerts: true, browserName: chrome, goog:chromeOptions: {args: [remote-allow-origins=*, test-type, no-sandbox, ignore-certificate-errors, start-maximized, incognito, disable-infobars, disable-gpu, disable-default-apps, disable-popup-blocking, remote-allow-origins=*, test-type, no-sandbox, ignore-certificate-errors, start-maximized, incognito, disable-infobars, disable-gpu, disable-default-apps, disable-popup-blocking, remote-allow-origins=*], extensions: []}}
18:03:04.304 [AsyncHttpClient-1-7] DEBUG org.asynchttpclient.netty.channel.NettyConnectListener - Using new Channel '[id: 0x5eded922, L:/127.0.0.1:56518 - R:localhost/127.0.0.1:34278]' for 'POST' to '/session'
18:03:05.046 [AsyncHttpClient-1-7] DEBUG org.asynchttpclient.netty.handler.HttpHandler - 

Request DefaultHttpRequest(decodeResult: success, version: HTTP/1.1)
POST /session HTTP/1.1
User-Agent: selenium/4.8.1 (java windows)
Content-Length: 1701
Content-Type: application/json; charset=utf-8
host: localhost:34278
accept: */*

Response DefaultHttpResponse(decodeResult: success, version: HTTP/1.1)
HTTP/1.1 200 OK
Content-Length: 843
Content-Type: application/json; charset=utf-8
cache-control: no-cache

18:03:05.046 [AsyncHttpClient-1-7] DEBUG org.asynchttpclient.netty.channel.ChannelManager - Adding key: http://localhost:34278 for channel [id: 0x5eded922, L:/127.0.0.1:56518 - R:localhost/127.0.0.1:34278]
18:03:05.051 [AsyncHttpClient-1-8] DEBUG org.asynchttpclient.netty.channel.NettyConnectListener - Using new Channel '[id: 0x9229b5ca, L:/127.0.0.1:56525 - R:localhost/127.0.0.1:56520]' for 'GET' to '/json/version'
18:03:05.052 [AsyncHttpClient-1-8] DEBUG org.asynchttpclient.netty.handler.HttpHandler - 

Request DefaultFullHttpRequest(decodeResult: success, version: HTTP/1.1, content: EmptyByteBufBE)
GET /json/version HTTP/1.1
User-Agent: selenium/4.8.1 (java windows)
host: localhost:56520
accept: */*

Response DefaultHttpResponse(decodeResult: success, version: HTTP/1.1)
HTTP/1.1 200 OK
Content-Security-Policy: frame-ancestors 'none'
Content-Length: 424
Content-Type: application/json; charset=UTF-8

18:03:05.052 [AsyncHttpClient-1-8] DEBUG org.asynchttpclient.netty.channel.ChannelManager - Adding key: http://localhost:56520 for channel [id: 0x9229b5ca, L:/127.0.0.1:56525 - R:localhost/127.0.0.1:56520]
18:03:05.054 [AsyncHttpClient-1-9] DEBUG org.asynchttpclient.netty.channel.NettyConnectListener - Using new Channel '[id: 0x0c973015, L:/127.0.0.1:56526 - R:localhost/127.0.0.1:56520]' for 'GET' to '/devtools/browser/b5b35778-1f7f-43ad-98e4-4adaaf43fa07'
18:03:05.055 [AsyncHttpClient-1-9] DEBUG org.asynchttpclient.netty.handler.WebSocketHandler - 

Request DefaultFullHttpRequest(decodeResult: success, version: HTTP/1.1, content: EmptyByteBufBE)
GET /devtools/browser/b5b35778-1f7f-43ad-98e4-4adaaf43fa07 HTTP/1.1
upgrade: websocket
connection: upgrade
sec-websocket-key: 9rRpv9cnNrlGbNCL1kStMQ==
sec-websocket-version: 13
origin: http://localhost:56520
host: localhost:56520
accept: */*
user-agent: AHC/2.1

Response DefaultHttpResponse(decodeResult: success, version: HTTP/1.1)
HTTP/1.1 101 WebSocket Protocol Handshake
Upgrade: WebSocket
Connection: Upgrade
Sec-WebSocket-Accept: DJY+jY9CU6rGd/p1L9Oj04P+Dfg=

18:03:05.061 [Forwarding get on session da223f8a3345caa04037964defbb239a to remote] DEBUG org.asynchttpclient.netty.request.NettyRequestSender - Using pooled Channel '[id: 0x5eded922, L:/127.0.0.1:56518 - R:localhost/127.0.0.1:34278]' for 'POST' to 'http://localhost:34278/session/da223f8a3345caa04037964defbb239a/url'
18:03:05.061 [Forwarding get on session da223f8a3345caa04037964defbb239a to remote] DEBUG org.asynchttpclient.netty.request.NettyRequestSender - Using open Channel [id: 0x5eded922, L:/127.0.0.1:56518 - R:localhost/127.0.0.1:34278] for POST '/session/da223f8a3345caa04037964defbb239a/url'
18:03:05.847 [AsyncHttpClient-1-1] DEBUG org.asynchttpclient.netty.channel.DefaultChannelPool - Entry count for : http://localhost:56520 : 1
18:03:06.635 [AsyncHttpClient-1-7] DEBUG org.asynchttpclient.netty.handler.HttpHandler - 

Request DefaultHttpRequest(decodeResult: success, version: HTTP/1.1)
POST /session/da223f8a3345caa04037964defbb239a/url HTTP/1.1
User-Agent: selenium/4.8.1 (java windows)
Content-Length: 74
Content-Type: application/json; charset=utf-8
host: localhost:34278
accept: */*

Response DefaultHttpResponse(decodeResult: success, version: HTTP/1.1)
HTTP/1.1 200 OK
Content-Length: 14
Content-Type: application/json; charset=utf-8
cache-control: no-cache

18:03:06.635 [AsyncHttpClient-1-7] DEBUG org.asynchttpclient.netty.channel.ChannelManager - Adding key: http://localhost:34278 for channel [id: 0x5eded922, L:/127.0.0.1:56518 - R:localhost/127.0.0.1:34278]
18:03:06.636 [Forwarding setTimeout on session da223f8a3345caa04037964defbb239a to remote] DEBUG org.asynchttpclient.netty.request.NettyRequestSender - Using pooled Channel '[id: 0x5eded922, L:/127.0.0.1:56518 - R:localhost/127.0.0.1:34278]' for 'POST' to 'http://localhost:34278/session/da223f8a3345caa04037964defbb239a/timeouts'
18:03:06.636 [Forwarding setTimeout on session da223f8a3345caa04037964defbb239a to remote] DEBUG org.asynchttpclient.netty.request.NettyRequestSender - Using open Channel [id: 0x5eded922, L:/127.0.0.1:56518 - R:localhost/127.0.0.1:34278] for POST '/session/da223f8a3345caa04037964defbb239a/timeouts'
18:03:06.637 [AsyncHttpClient-1-7] DEBUG org.asynchttpclient.netty.handler.HttpHandler - 

Request DefaultHttpRequest(decodeResult: success, version: HTTP/1.1)
POST /session/da223f8a3345caa04037964defbb239a/timeouts HTTP/1.1
User-Agent: selenium/4.8.1 (java windows)
Content-Length: 22
Content-Type: application/json; charset=utf-8
host: localhost:34278
accept: */*

Response DefaultHttpResponse(decodeResult: success, version: HTTP/1.1)
HTTP/1.1 200 OK
Content-Length: 14
Content-Type: application/json; charset=utf-8
cache-control: no-cache

18:03:06.637 [AsyncHttpClient-1-7] DEBUG org.asynchttpclient.netty.channel.ChannelManager - Adding key: http://localhost:34278 for channel [id: 0x5eded922, L:/127.0.0.1:56518 - R:localhost/127.0.0.1:34278]
18:03:06.647 [Forwarding findElement on session da223f8a3345caa04037964defbb239a to remote] DEBUG org.asynchttpclient.netty.request.NettyRequestSender - Using pooled Channel '[id: 0x5eded922, L:/127.0.0.1:56518 - R:localhost/127.0.0.1:34278]' for 'POST' to 'http://localhost:34278/session/da223f8a3345caa04037964defbb239a/element'
18:03:06.647 [Forwarding findElement on session da223f8a3345caa04037964defbb239a to remote] DEBUG org.asynchttpclient.netty.request.NettyRequestSender - Using open Channel [id: 0x5eded922, L:/127.0.0.1:56518 - R:localhost/127.0.0.1:34278] for POST '/session/da223f8a3345caa04037964defbb239a/element'
18:03:06.665 [AsyncHttpClient-1-7] DEBUG org.asynchttpclient.netty.handler.HttpHandler - 

Request DefaultHttpRequest(decodeResult: success, version: HTTP/1.1)
POST /session/da223f8a3345caa04037964defbb239a/element HTTP/1.1
User-Agent: selenium/4.8.1 (java windows)
Content-Length: 69
Content-Type: application/json; charset=utf-8
host: localhost:34278
accept: */*

Response DefaultHttpResponse(decodeResult: success, version: HTTP/1.1)
HTTP/1.1 200 OK
Content-Length: 88
Content-Type: application/json; charset=utf-8
cache-control: no-cache

18:03:06.665 [AsyncHttpClient-1-7] DEBUG org.asynchttpclient.netty.channel.ChannelManager - Adding key: http://localhost:34278 for channel [id: 0x5eded922, L:/127.0.0.1:56518 - R:localhost/127.0.0.1:34278]
18:03:06.670 [Forwarding isElementDisplayed on session da223f8a3345caa04037964defbb239a to remote] DEBUG org.asynchttpclient.netty.request.NettyRequestSender - Using pooled Channel '[id: 0x5eded922, L:/127.0.0.1:56518 - R:localhost/127.0.0.1:34278]' for 'POST' to 'http://localhost:34278/session/da223f8a3345caa04037964defbb239a/execute/sync'
18:03:06.671 [Forwarding isElementDisplayed on session da223f8a3345caa04037964defbb239a to remote] DEBUG org.asynchttpclient.netty.request.NettyRequestSender - Using open Channel [id: 0x5eded922, L:/127.0.0.1:56518 - R:localhost/127.0.0.1:34278] for POST '/session/da223f8a3345caa04037964defbb239a/execute/sync'
18:03:06.732 [AsyncHttpClient-1-7] DEBUG org.asynchttpclient.netty.handler.HttpHandler - 

Request DefaultHttpRequest(decodeResult: success, version: HTTP/1.1)
POST /session/da223f8a3345caa04037964defbb239a/execute/sync HTTP/1.1
User-Agent: selenium/4.8.1 (java windows)
Content-Length: 48807
Content-Type: application/json; charset=utf-8
host: localhost:34278
accept: */*

Response DefaultHttpResponse(decodeResult: success, version: HTTP/1.1)
HTTP/1.1 200 OK
Content-Length: 14
Content-Type: application/json; charset=utf-8
cache-control: no-cache

18:03:06.732 [AsyncHttpClient-1-7] DEBUG org.asynchttpclient.netty.channel.ChannelManager - Adding key: http://localhost:34278 for channel [id: 0x5eded922, L:/127.0.0.1:56518 - R:localhost/127.0.0.1:34278]
18:03:06.740 [Forwarding getAlertText on session da223f8a3345caa04037964defbb239a to remote] DEBUG org.asynchttpclient.netty.request.NettyRequestSender - Using pooled Channel '[id: 0x5eded922, L:/127.0.0.1:56518 - R:localhost/127.0.0.1:34278]' for 'GET' to 'http://localhost:34278/session/da223f8a3345caa04037964defbb239a/alert/text'
18:03:06.741 [Forwarding getAlertText on session da223f8a3345caa04037964defbb239a to remote] DEBUG org.asynchttpclient.netty.request.NettyRequestSender - Using open Channel [id: 0x5eded922, L:/127.0.0.1:56518 - R:localhost/127.0.0.1:34278] for GET '/session/da223f8a3345caa04037964defbb239a/alert/text'
18:03:06.742 [AsyncHttpClient-1-7] DEBUG org.asynchttpclient.netty.handler.HttpHandler - 

Request DefaultFullHttpRequest(decodeResult: success, version: HTTP/1.1, content: EmptyByteBufBE)
GET /session/da223f8a3345caa04037964defbb239a/alert/text HTTP/1.1
User-Agent: selenium/4.8.1 (java windows)
Cache-Control: no-cache
Content-Type: application/json; charset=utf-8
host: localhost:34278
accept: */*

Response DefaultHttpResponse(decodeResult: success, version: HTTP/1.1)
HTTP/1.1 404 Not Found
Content-Length: 848
Content-Type: application/json; charset=utf-8
cache-control: no-cache

18:03:06.743 [AsyncHttpClient-1-7] DEBUG org.asynchttpclient.netty.channel.ChannelManager - Adding key: http://localhost:34278 for channel [id: 0x5eded922, L:/127.0.0.1:56518 - R:localhost/127.0.0.1:34278]
18:03:06.744 [Forwarding getCurrentUrl on session da223f8a3345caa04037964defbb239a to remote] DEBUG org.asynchttpclient.netty.request.NettyRequestSender - Using pooled Channel '[id: 0x5eded922, L:/127.0.0.1:56518 - R:localhost/127.0.0.1:34278]' for 'GET' to 'http://localhost:34278/session/da223f8a3345caa04037964defbb239a/url'
18:03:06.744 [Forwarding getCurrentUrl on session da223f8a3345caa04037964defbb239a to remote] DEBUG org.asynchttpclient.netty.request.NettyRequestSender - Using open Channel [id: 0x5eded922, L:/127.0.0.1:56518 - R:localhost/127.0.0.1:34278] for GET '/session/da223f8a3345caa04037964defbb239a/url'
18:03:06.751 [AsyncHttpClient-1-7] DEBUG org.asynchttpclient.netty.handler.HttpHandler - 

Request DefaultFullHttpRequest(decodeResult: success, version: HTTP/1.1, content: EmptyByteBufBE)
GET /session/da223f8a3345caa04037964defbb239a/url HTTP/1.1
User-Agent: selenium/4.8.1 (java windows)
Cache-Control: no-cache
Content-Type: application/json; charset=utf-8
host: localhost:34278
accept: */*

Response DefaultHttpResponse(decodeResult: success, version: HTTP/1.1)
HTTP/1.1 200 OK
Content-Length: 51
Content-Type: application/json; charset=utf-8
cache-control: no-cache

18:03:06.751 [AsyncHttpClient-1-7] DEBUG org.asynchttpclient.netty.channel.ChannelManager - Adding key: http://localhost:34278 for channel [id: 0x5eded922, L:/127.0.0.1:56518 - R:localhost/127.0.0.1:34278]
18:03:06.752 [Forwarding screenshot on session da223f8a3345caa04037964defbb239a to remote] DEBUG org.asynchttpclient.netty.request.NettyRequestSender - Using pooled Channel '[id: 0x5eded922, L:/127.0.0.1:56518 - R:localhost/127.0.0.1:34278]' for 'GET' to 'http://localhost:34278/session/da223f8a3345caa04037964defbb239a/screenshot'
18:03:06.752 [Forwarding screenshot on session da223f8a3345caa04037964defbb239a to remote] DEBUG org.asynchttpclient.netty.request.NettyRequestSender - Using open Channel [id: 0x5eded922, L:/127.0.0.1:56518 - R:localhost/127.0.0.1:34278] for GET '/session/da223f8a3345caa04037964defbb239a/screenshot'
18:03:06.876 [AsyncHttpClient-1-7] DEBUG org.asynchttpclient.netty.handler.HttpHandler - 

Request DefaultFullHttpRequest(decodeResult: success, version: HTTP/1.1, content: EmptyByteBufBE)
GET /session/da223f8a3345caa04037964defbb239a/screenshot HTTP/1.1
User-Agent: selenium/4.8.1 (java windows)
Cache-Control: no-cache
Content-Type: application/json; charset=utf-8
host: localhost:34278
accept: */*

Response DefaultHttpResponse(decodeResult: success, version: HTTP/1.1)
HTTP/1.1 200 OK
Content-Length: 25060
Content-Type: application/json; charset=utf-8
cache-control: no-cache

18:03:06.877 [AsyncHttpClient-1-7] DEBUG org.asynchttpclient.netty.channel.ChannelManager - Adding key: http://localhost:34278 for channel [id: 0x5eded922, L:/127.0.0.1:56518 - R:localhost/127.0.0.1:34278]
18:03:06.879 [main] DEBUG net.serenitybdd.core.photography.Darkroom - Send negative for processing for target\site\serenity\1db263dd5c04c8fe15e82ee6420144d4e1e7b9826b9315cfd7ec5b5d0da76045.png
18:03:06.879 [main] DEBUG net.thucydides.core.steps.StepInterceptor - STEP DONE: user on login page
  &amp#27;[32mGiven &amp#27;[0m&amp#27;[32muser on login page&amp#27;[0m                         &amp#27;[90m# starter.stepdefinition.LoginStep.userOnLoginPage()&amp#27;[0m
18:03:06.893 [main] DEBUG net.thucydides.core.steps.StepInterceptor - STARTING STEP: LoginStep.userInputValidEmail - user input valid email
18:03:06.896 [Forwarding findElement on session da223f8a3345caa04037964defbb239a to remote] DEBUG org.asynchttpclient.netty.request.NettyRequestSender - Using pooled Channel '[id: 0x5eded922, L:/127.0.0.1:56518 - R:localhost/127.0.0.1:34278]' for 'POST' to 'http://localhost:34278/session/da223f8a3345caa04037964defbb239a/element'
18:03:06.896 [Forwarding findElement on session da223f8a3345caa04037964defbb239a to remote] DEBUG org.asynchttpclient.netty.request.NettyRequestSender - Using open Channel [id: 0x5eded922, L:/127.0.0.1:56518 - R:localhost/127.0.0.1:34278] for POST '/session/da223f8a3345caa04037964defbb239a/element'
18:03:06.912 [AsyncHttpClient-1-7] DEBUG org.asynchttpclient.netty.handler.HttpHandler - 

Request DefaultHttpRequest(decodeResult: success, version: HTTP/1.1)
POST /session/da223f8a3345caa04037964defbb239a/element HTTP/1.1
User-Agent: selenium/4.8.1 (java windows)
Content-Length: 55
Content-Type: application/json; charset=utf-8
host: localhost:34278
accept: */*

Response DefaultHttpResponse(decodeResult: success, version: HTTP/1.1)
HTTP/1.1 200 OK
Content-Length: 88
Content-Type: application/json; charset=utf-8
cache-control: no-cache

18:03:06.912 [AsyncHttpClient-1-7] DEBUG org.asynchttpclient.netty.channel.ChannelManager - Adding key: http://localhost:34278 for channel [id: 0x5eded922, L:/127.0.0.1:56518 - R:localhost/127.0.0.1:34278]
18:03:06.914 [Forwarding clearElement on session da223f8a3345caa04037964defbb239a to remote] DEBUG org.asynchttpclient.netty.request.NettyRequestSender - Using pooled Channel '[id: 0x5eded922, L:/127.0.0.1:56518 - R:localhost/127.0.0.1:34278]' for 'POST' to 'http://localhost:34278/session/da223f8a3345caa04037964defbb239a/element/012adb17-396e-4a03-aa32-8c8a3614ff0d/clear'
18:03:06.914 [Forwarding clearElement on session da223f8a3345caa04037964defbb239a to remote] DEBUG org.asynchttpclient.netty.request.NettyRequestSender - Using open Channel [id: 0x5eded922, L:/127.0.0.1:56518 - R:localhost/127.0.0.1:34278] for POST '/session/da223f8a3345caa04037964defbb239a/element/012adb17-396e-4a03-aa32-8c8a3614ff0d/clear'
18:03:06.947 [AsyncHttpClient-1-1] DEBUG org.asynchttpclient.netty.channel.DefaultChannelPool - Entry count for : http://localhost:56520 : 1
18:03:06.960 [AsyncHttpClient-1-7] DEBUG org.asynchttpclient.netty.handler.HttpHandler - 

Request DefaultHttpRequest(decodeResult: success, version: HTTP/1.1)
POST /session/da223f8a3345caa04037964defbb239a/element/012adb17-396e-4a03-aa32-8c8a3614ff0d/clear HTTP/1.1
User-Agent: selenium/4.8.1 (java windows)
Content-Length: 50
Content-Type: application/json; charset=utf-8
host: localhost:34278
accept: */*

Response DefaultHttpResponse(decodeResult: success, version: HTTP/1.1)
HTTP/1.1 200 OK
Content-Length: 14
Content-Type: application/json; charset=utf-8
cache-control: no-cache

18:03:06.960 [AsyncHttpClient-1-7] DEBUG org.asynchttpclient.netty.channel.ChannelManager - Adding key: http://localhost:34278 for channel [id: 0x5eded922, L:/127.0.0.1:56518 - R:localhost/127.0.0.1:34278]
18:03:06.963 [Forwarding sendKeysToElement on session da223f8a3345caa04037964defbb239a to remote] DEBUG org.asynchttpclient.netty.request.NettyRequestSender - Using pooled Channel '[id: 0x5eded922, L:/127.0.0.1:56518 - R:localhost/127.0.0.1:34278]' for 'POST' to 'http://localhost:34278/session/da223f8a3345caa04037964defbb239a/element/012adb17-396e-4a03-aa32-8c8a3614ff0d/value'
18:03:06.963 [Forwarding sendKeysToElement on session da223f8a3345caa04037964defbb239a to remote] DEBUG org.asynchttpclient.netty.request.NettyRequestSender - Using open Channel [id: 0x5eded922, L:/127.0.0.1:56518 - R:localhost/127.0.0.1:34278] for POST '/session/da223f8a3345caa04037964defbb239a/element/012adb17-396e-4a03-aa32-8c8a3614ff0d/value'
18:03:07.162 [AsyncHttpClient-1-7] DEBUG org.asynchttpclient.netty.handler.HttpHandler - 

Request DefaultHttpRequest(decodeResult: success, version: HTTP/1.1)
POST /session/da223f8a3345caa04037964defbb239a/element/012adb17-396e-4a03-aa32-8c8a3614ff0d/value HTTP/1.1
User-Agent: selenium/4.8.1 (java windows)
Content-Length: 271
Content-Type: application/json; charset=utf-8
host: localhost:34278
accept: */*

Response DefaultHttpResponse(decodeResult: success, version: HTTP/1.1)
HTTP/1.1 200 OK
Content-Length: 14
Content-Type: application/json; charset=utf-8
cache-control: no-cache

18:03:07.162 [AsyncHttpClient-1-7] DEBUG org.asynchttpclient.netty.channel.ChannelManager - Adding key: http://localhost:34278 for channel [id: 0x5eded922, L:/127.0.0.1:56518 - R:localhost/127.0.0.1:34278]
18:03:07.172 [Forwarding getAlertText on session da223f8a3345caa04037964defbb239a to remote] DEBUG org.asynchttpclient.netty.request.NettyRequestSender - Using pooled Channel '[id: 0x5eded922, L:/127.0.0.1:56518 - R:localhost/127.0.0.1:34278]' for 'GET' to 'http://localhost:34278/session/da223f8a3345caa04037964defbb239a/alert/text'
18:03:07.172 [Forwarding getAlertText on session da223f8a3345caa04037964defbb239a to remote] DEBUG org.asynchttpclient.netty.request.NettyRequestSender - Using open Channel [id: 0x5eded922, L:/127.0.0.1:56518 - R:localhost/127.0.0.1:34278] for GET '/session/da223f8a3345caa04037964defbb239a/alert/text'
18:03:07.174 [AsyncHttpClient-1-7] DEBUG org.asynchttpclient.netty.handler.HttpHandler - 

Request DefaultFullHttpRequest(decodeResult: success, version: HTTP/1.1, content: EmptyByteBufBE)
GET /session/da223f8a3345caa04037964defbb239a/alert/text HTTP/1.1
User-Agent: selenium/4.8.1 (java windows)
Cache-Control: no-cache
Content-Type: application/json; charset=utf-8
host: localhost:34278
accept: */*

Response DefaultHttpResponse(decodeResult: success, version: HTTP/1.1)
HTTP/1.1 404 Not Found
Content-Length: 848
Content-Type: application/json; charset=utf-8
cache-control: no-cache

18:03:07.174 [AsyncHttpClient-1-7] DEBUG org.asynchttpclient.netty.channel.ChannelManager - Adding key: http://localhost:34278 for channel [id: 0x5eded922, L:/127.0.0.1:56518 - R:localhost/127.0.0.1:34278]
18:03:07.176 [Forwarding getCurrentUrl on session da223f8a3345caa04037964defbb239a to remote] DEBUG org.asynchttpclient.netty.request.NettyRequestSender - Using pooled Channel '[id: 0x5eded922, L:/127.0.0.1:56518 - R:localhost/127.0.0.1:34278]' for 'GET' to 'http://localhost:34278/session/da223f8a3345caa04037964defbb239a/url'
18:03:07.176 [Forwarding getCurrentUrl on session da223f8a3345caa04037964defbb239a to remote] DEBUG org.asynchttpclient.netty.request.NettyRequestSender - Using open Channel [id: 0x5eded922, L:/127.0.0.1:56518 - R:localhost/127.0.0.1:34278] for GET '/session/da223f8a3345caa04037964defbb239a/url'
18:03:07.180 [AsyncHttpClient-1-7] DEBUG org.asynchttpclient.netty.handler.HttpHandler - 

Request DefaultFullHttpRequest(decodeResult: success, version: HTTP/1.1, content: EmptyByteBufBE)
GET /session/da223f8a3345caa04037964defbb239a/url HTTP/1.1
User-Agent: selenium/4.8.1 (java windows)
Cache-Control: no-cache
Content-Type: application/json; charset=utf-8
host: localhost:34278
accept: */*

Response DefaultHttpResponse(decodeResult: success, version: HTTP/1.1)
HTTP/1.1 200 OK
Content-Length: 51
Content-Type: application/json; charset=utf-8
cache-control: no-cache

18:03:07.180 [AsyncHttpClient-1-7] DEBUG org.asynchttpclient.netty.channel.ChannelManager - Adding key: http://localhost:34278 for channel [id: 0x5eded922, L:/127.0.0.1:56518 - R:localhost/127.0.0.1:34278]
18:03:07.181 [Forwarding screenshot on session da223f8a3345caa04037964defbb239a to remote] DEBUG org.asynchttpclient.netty.request.NettyRequestSender - Using pooled Channel '[id: 0x5eded922, L:/127.0.0.1:56518 - R:localhost/127.0.0.1:34278]' for 'GET' to 'http://localhost:34278/session/da223f8a3345caa04037964defbb239a/screenshot'
18:03:07.181 [Forwarding screenshot on session da223f8a3345caa04037964defbb239a to remote] DEBUG org.asynchttpclient.netty.request.NettyRequestSender - Using open Channel [id: 0x5eded922, L:/127.0.0.1:56518 - R:localhost/127.0.0.1:34278] for GET '/session/da223f8a3345caa04037964defbb239a/screenshot'
18:03:07.273 [AsyncHttpClient-1-7] DEBUG org.asynchttpclient.netty.handler.HttpHandler - 

Request DefaultFullHttpRequest(decodeResult: success, version: HTTP/1.1, content: EmptyByteBufBE)
GET /session/da223f8a3345caa04037964defbb239a/screenshot HTTP/1.1
User-Agent: selenium/4.8.1 (java windows)
Cache-Control: no-cache
Content-Type: application/json; charset=utf-8
host: localhost:34278
accept: */*

Response DefaultHttpResponse(decodeResult: success, version: HTTP/1.1)
HTTP/1.1 200 OK
Content-Length: 29836
Content-Type: application/json; charset=utf-8
cache-control: no-cache

18:03:07.274 [AsyncHttpClient-1-7] DEBUG org.asynchttpclient.netty.channel.ChannelManager - Adding key: http://localhost:34278 for channel [id: 0x5eded922, L:/127.0.0.1:56518 - R:localhost/127.0.0.1:34278]
18:03:07.276 [main] DEBUG net.serenitybdd.core.photography.Darkroom - Send negative for processing for target\site\serenity\992a2b8df884d9b944ceffaaf85491d1b070b6e36284b3dec768ae1c0d59cf50.png
18:03:07.276 [main] DEBUG net.thucydides.core.steps.StepInterceptor - STEP DONE: user input valid email
  &amp#27;[32mWhen &amp#27;[0m&amp#27;[32muser input valid email&amp#27;[0m                      &amp#27;[90m# starter.stepdefinition.LoginStep.userInputValidEmail()&amp#27;[0m
18:03:07.276 [Darkroom Processing Line] DEBUG net.serenitybdd.core.photography.DarkroomProcessingLine - Processing screenshot image in /var/screenshots/screenshot-3857560016087412101
18:03:07.276 [Darkroom Processing Line] DEBUG net.serenitybdd.core.photography.DarkroomProcessingLine - Saving screenshot to target\site\serenity\992a2b8df884d9b944ceffaaf85491d1b070b6e36284b3dec768ae1c0d59cf50.png
18:03:07.285 [main] DEBUG net.thucydides.core.steps.StepInterceptor - STARTING STEP: LoginStep.userInputInvalidPassword - user input invalid password
18:03:07.287 [Forwarding findElement on session da223f8a3345caa04037964defbb239a to remote] DEBUG org.asynchttpclient.netty.request.NettyRequestSender - Using pooled Channel '[id: 0x5eded922, L:/127.0.0.1:56518 - R:localhost/127.0.0.1:34278]' for 'POST' to 'http://localhost:34278/session/da223f8a3345caa04037964defbb239a/element'
18:03:07.287 [Forwarding findElement on session da223f8a3345caa04037964defbb239a to remote] DEBUG org.asynchttpclient.netty.request.NettyRequestSender - Using open Channel [id: 0x5eded922, L:/127.0.0.1:56518 - R:localhost/127.0.0.1:34278] for POST '/session/da223f8a3345caa04037964defbb239a/element'
18:03:07.297 [AsyncHttpClient-1-7] DEBUG org.asynchttpclient.netty.handler.HttpHandler - 

Request DefaultHttpRequest(decodeResult: success, version: HTTP/1.1)
POST /session/da223f8a3345caa04037964defbb239a/element HTTP/1.1
User-Agent: selenium/4.8.1 (java windows)
Content-Length: 55
Content-Type: application/json; charset=utf-8
host: localhost:34278
accept: */*

Response DefaultHttpResponse(decodeResult: success, version: HTTP/1.1)
HTTP/1.1 200 OK
Content-Length: 88
Content-Type: application/json; charset=utf-8
cache-control: no-cache

18:03:07.297 [AsyncHttpClient-1-7] DEBUG org.asynchttpclient.netty.channel.ChannelManager - Adding key: http://localhost:34278 for channel [id: 0x5eded922, L:/127.0.0.1:56518 - R:localhost/127.0.0.1:34278]
18:03:07.298 [Forwarding clearElement on session da223f8a3345caa04037964defbb239a to remote] DEBUG org.asynchttpclient.netty.request.NettyRequestSender - Using pooled Channel '[id: 0x5eded922, L:/127.0.0.1:56518 - R:localhost/127.0.0.1:34278]' for 'POST' to 'http://localhost:34278/session/da223f8a3345caa04037964defbb239a/element/4c1464b4-3374-4f05-9a46-ecbac52b69db/clear'
18:03:07.298 [Forwarding clearElement on session da223f8a3345caa04037964defbb239a to remote] DEBUG org.asynchttpclient.netty.request.NettyRequestSender - Using open Channel [id: 0x5eded922, L:/127.0.0.1:56518 - R:localhost/127.0.0.1:34278] for POST '/session/da223f8a3345caa04037964defbb239a/element/4c1464b4-3374-4f05-9a46-ecbac52b69db/clear'
18:03:07.331 [AsyncHttpClient-1-7] DEBUG org.asynchttpclient.netty.handler.HttpHandler - 

Request DefaultHttpRequest(decodeResult: success, version: HTTP/1.1)
POST /session/da223f8a3345caa04037964defbb239a/element/4c1464b4-3374-4f05-9a46-ecbac52b69db/clear HTTP/1.1
User-Agent: selenium/4.8.1 (java windows)
Content-Length: 50
Content-Type: application/json; charset=utf-8
host: localhost:34278
accept: */*

Response DefaultHttpResponse(decodeResult: success, version: HTTP/1.1)
HTTP/1.1 200 OK
Content-Length: 14
Content-Type: application/json; charset=utf-8
cache-control: no-cache

18:03:07.331 [AsyncHttpClient-1-7] DEBUG org.asynchttpclient.netty.channel.ChannelManager - Adding key: http://localhost:34278 for channel [id: 0x5eded922, L:/127.0.0.1:56518 - R:localhost/127.0.0.1:34278]
18:03:07.332 [Forwarding sendKeysToElement on session da223f8a3345caa04037964defbb239a to remote] DEBUG org.asynchttpclient.netty.request.NettyRequestSender - Using pooled Channel '[id: 0x5eded922, L:/127.0.0.1:56518 - R:localhost/127.0.0.1:34278]' for 'POST' to 'http://localhost:34278/session/da223f8a3345caa04037964defbb239a/element/4c1464b4-3374-4f05-9a46-ecbac52b69db/value'
18:03:07.332 [Forwarding sendKeysToElement on session da223f8a3345caa04037964defbb239a to remote] DEBUG org.asynchttpclient.netty.request.NettyRequestSender - Using open Channel [id: 0x5eded922, L:/127.0.0.1:56518 - R:localhost/127.0.0.1:34278] for POST '/session/da223f8a3345caa04037964defbb239a/element/4c1464b4-3374-4f05-9a46-ecbac52b69db/value'
18:03:07.396 [AsyncHttpClient-1-7] DEBUG org.asynchttpclient.netty.handler.HttpHandler - 

Request DefaultHttpRequest(decodeResult: success, version: HTTP/1.1)
POST /session/da223f8a3345caa04037964defbb239a/element/4c1464b4-3374-4f05-9a46-ecbac52b69db/value HTTP/1.1
User-Agent: selenium/4.8.1 (java windows)
Content-Length: 121
Content-Type: application/json; charset=utf-8
host: localhost:34278
accept: */*

Response DefaultHttpResponse(decodeResult: success, version: HTTP/1.1)
HTTP/1.1 200 OK
Content-Length: 14
Content-Type: application/json; charset=utf-8
cache-control: no-cache

18:03:07.397 [AsyncHttpClient-1-7] DEBUG org.asynchttpclient.netty.channel.ChannelManager - Adding key: http://localhost:34278 for channel [id: 0x5eded922, L:/127.0.0.1:56518 - R:localhost/127.0.0.1:34278]
18:03:07.405 [Forwarding getAlertText on session da223f8a3345caa04037964defbb239a to remote] DEBUG org.asynchttpclient.netty.request.NettyRequestSender - Using pooled Channel '[id: 0x5eded922, L:/127.0.0.1:56518 - R:localhost/127.0.0.1:34278]' for 'GET' to 'http://localhost:34278/session/da223f8a3345caa04037964defbb239a/alert/text'
18:03:07.405 [Forwarding getAlertText on session da223f8a3345caa04037964defbb239a to remote] DEBUG org.asynchttpclient.netty.request.NettyRequestSender - Using open Channel [id: 0x5eded922, L:/127.0.0.1:56518 - R:localhost/127.0.0.1:34278] for GET '/session/da223f8a3345caa04037964defbb239a/alert/text'
18:03:07.410 [AsyncHttpClient-1-7] DEBUG org.asynchttpclient.netty.handler.HttpHandler - 

Request DefaultFullHttpRequest(decodeResult: success, version: HTTP/1.1, content: EmptyByteBufBE)
GET /session/da223f8a3345caa04037964defbb239a/alert/text HTTP/1.1
User-Agent: selenium/4.8.1 (java windows)
Cache-Control: no-cache
Content-Type: application/json; charset=utf-8
host: localhost:34278
accept: */*

Response DefaultHttpResponse(decodeResult: success, version: HTTP/1.1)
HTTP/1.1 404 Not Found
Content-Length: 848
Content-Type: application/json; charset=utf-8
cache-control: no-cache

18:03:07.410 [AsyncHttpClient-1-7] DEBUG org.asynchttpclient.netty.channel.ChannelManager - Adding key: http://localhost:34278 for channel [id: 0x5eded922, L:/127.0.0.1:56518 - R:localhost/127.0.0.1:34278]
18:03:07.411 [Forwarding getCurrentUrl on session da223f8a3345caa04037964defbb239a to remote] DEBUG org.asynchttpclient.netty.request.NettyRequestSender - Using pooled Channel '[id: 0x5eded922, L:/127.0.0.1:56518 - R:localhost/127.0.0.1:34278]' for 'GET' to 'http://localhost:34278/session/da223f8a3345caa04037964defbb239a/url'
18:03:07.411 [Forwarding getCurrentUrl on session da223f8a3345caa04037964defbb239a to remote] DEBUG org.asynchttpclient.netty.request.NettyRequestSender - Using open Channel [id: 0x5eded922, L:/127.0.0.1:56518 - R:localhost/127.0.0.1:34278] for GET '/session/da223f8a3345caa04037964defbb239a/url'
18:03:07.417 [AsyncHttpClient-1-7] DEBUG org.asynchttpclient.netty.handler.HttpHandler - 

Request DefaultFullHttpRequest(decodeResult: success, version: HTTP/1.1, content: EmptyByteBufBE)
GET /session/da223f8a3345caa04037964defbb239a/url HTTP/1.1
User-Agent: selenium/4.8.1 (java windows)
Cache-Control: no-cache
Content-Type: application/json; charset=utf-8
host: localhost:34278
accept: */*

Response DefaultHttpResponse(decodeResult: success, version: HTTP/1.1)
HTTP/1.1 200 OK
Content-Length: 51
Content-Type: application/json; charset=utf-8
cache-control: no-cache

18:03:07.417 [AsyncHttpClient-1-7] DEBUG org.asynchttpclient.netty.channel.ChannelManager - Adding key: http://localhost:34278 for channel [id: 0x5eded922, L:/127.0.0.1:56518 - R:localhost/127.0.0.1:34278]
18:03:07.418 [Forwarding screenshot on session da223f8a3345caa04037964defbb239a to remote] DEBUG org.asynchttpclient.netty.request.NettyRequestSender - Using pooled Channel '[id: 0x5eded922, L:/127.0.0.1:56518 - R:localhost/127.0.0.1:34278]' for 'GET' to 'http://localhost:34278/session/da223f8a3345caa04037964defbb239a/screenshot'
18:03:07.418 [Forwarding screenshot on session da223f8a3345caa04037964defbb239a to remote] DEBUG org.asynchttpclient.netty.request.NettyRequestSender - Using open Channel [id: 0x5eded922, L:/127.0.0.1:56518 - R:localhost/127.0.0.1:34278] for GET '/session/da223f8a3345caa04037964defbb239a/screenshot'
18:03:07.515 [AsyncHttpClient-1-7] DEBUG org.asynchttpclient.netty.handler.HttpHandler - 

Request DefaultFullHttpRequest(decodeResult: success, version: HTTP/1.1, content: EmptyByteBufBE)
GET /session/da223f8a3345caa04037964defbb239a/screenshot HTTP/1.1
User-Agent: selenium/4.8.1 (java windows)
Cache-Control: no-cache
Content-Type: application/json; charset=utf-8
host: localhost:34278
accept: */*

Response DefaultHttpResponse(decodeResult: success, version: HTTP/1.1)
HTTP/1.1 200 OK
Content-Length: 30268
Content-Type: application/json; charset=utf-8
cache-control: no-cache

18:03:07.515 [AsyncHttpClient-1-7] DEBUG org.asynchttpclient.netty.channel.ChannelManager - Adding key: http://localhost:34278 for channel [id: 0x5eded922, L:/127.0.0.1:56518 - R:localhost/127.0.0.1:34278]
18:03:07.517 [main] DEBUG net.serenitybdd.core.photography.Darkroom - Send negative for processing for target\site\serenity\5d90c98e349b897470803701f6b5feb9499ef4e0cd0b876a2d99e66b469af0fc.png
18:03:07.517 [main] DEBUG net.thucydides.core.steps.StepInterceptor - STEP DONE: user input invalid password
  &amp#27;[32mAnd &amp#27;[0m&amp#27;[32muser input invalid password&amp#27;[0m                  &amp#27;[90m# starter.stepdefinition.LoginStep.userInputInvalidPassword()&amp#27;[0m
18:03:07.517 [Darkroom Processing Line] DEBUG net.serenitybdd.core.photography.DarkroomProcessingLine - Processing screenshot image in /var/screenshots/screenshot-1059571950896465700
18:03:07.517 [Darkroom Processing Line] DEBUG net.serenitybdd.core.photography.DarkroomProcessingLine - Saving screenshot to target\site\serenity\5d90c98e349b897470803701f6b5feb9499ef4e0cd0b876a2d99e66b469af0fc.png
18:03:07.529 [main] DEBUG net.thucydides.core.steps.StepInterceptor - STARTING STEP: LoginStep.clickButtonLogin - click button login
18:03:07.531 [Forwarding findElement on session da223f8a3345caa04037964defbb239a to remote] DEBUG org.asynchttpclient.netty.request.NettyRequestSender - Using pooled Channel '[id: 0x5eded922, L:/127.0.0.1:56518 - R:localhost/127.0.0.1:34278]' for 'POST' to 'http://localhost:34278/session/da223f8a3345caa04037964defbb239a/element'
18:03:07.531 [Forwarding findElement on session da223f8a3345caa04037964defbb239a to remote] DEBUG org.asynchttpclient.netty.request.NettyRequestSender - Using open Channel [id: 0x5eded922, L:/127.0.0.1:56518 - R:localhost/127.0.0.1:34278] for POST '/session/da223f8a3345caa04037964defbb239a/element'
18:03:07.537 [AsyncHttpClient-1-7] DEBUG org.asynchttpclient.netty.handler.HttpHandler - 

Request DefaultHttpRequest(decodeResult: success, version: HTTP/1.1)
POST /session/da223f8a3345caa04037964defbb239a/element HTTP/1.1
User-Agent: selenium/4.8.1 (java windows)
Content-Length: 69
Content-Type: application/json; charset=utf-8
host: localhost:34278
accept: */*

Response DefaultHttpResponse(decodeResult: success, version: HTTP/1.1)
HTTP/1.1 200 OK
Content-Length: 88
Content-Type: application/json; charset=utf-8
cache-control: no-cache

18:03:07.537 [AsyncHttpClient-1-7] DEBUG org.asynchttpclient.netty.channel.ChannelManager - Adding key: http://localhost:34278 for channel [id: 0x5eded922, L:/127.0.0.1:56518 - R:localhost/127.0.0.1:34278]
18:03:07.538 [Forwarding getElementTagName on session da223f8a3345caa04037964defbb239a to remote] DEBUG org.asynchttpclient.netty.request.NettyRequestSender - Using pooled Channel '[id: 0x5eded922, L:/127.0.0.1:56518 - R:localhost/127.0.0.1:34278]' for 'GET' to 'http://localhost:34278/session/da223f8a3345caa04037964defbb239a/element/f89492f2-6167-44c7-9225-e6147f5d5d20/name'
18:03:07.538 [Forwarding getElementTagName on session da223f8a3345caa04037964defbb239a to remote] DEBUG org.asynchttpclient.netty.request.NettyRequestSender - Using open Channel [id: 0x5eded922, L:/127.0.0.1:56518 - R:localhost/127.0.0.1:34278] for GET '/session/da223f8a3345caa04037964defbb239a/element/f89492f2-6167-44c7-9225-e6147f5d5d20/name'
18:03:07.543 [AsyncHttpClient-1-7] DEBUG org.asynchttpclient.netty.handler.HttpHandler - 

Request DefaultFullHttpRequest(decodeResult: success, version: HTTP/1.1, content: EmptyByteBufBE)
GET /session/da223f8a3345caa04037964defbb239a/element/f89492f2-6167-44c7-9225-e6147f5d5d20/name HTTP/1.1
User-Agent: selenium/4.8.1 (java windows)
Cache-Control: no-cache
Content-Type: application/json; charset=utf-8
host: localhost:34278
accept: */*

Response DefaultHttpResponse(decodeResult: success, version: HTTP/1.1)
HTTP/1.1 200 OK
Content-Length: 16
Content-Type: application/json; charset=utf-8
cache-control: no-cache

18:03:07.543 [AsyncHttpClient-1-7] DEBUG org.asynchttpclient.netty.channel.ChannelManager - Adding key: http://localhost:34278 for channel [id: 0x5eded922, L:/127.0.0.1:56518 - R:localhost/127.0.0.1:34278]
18:03:07.544 [Forwarding getElementTagName on session da223f8a3345caa04037964defbb239a to remote] DEBUG org.asynchttpclient.netty.request.NettyRequestSender - Using pooled Channel '[id: 0x5eded922, L:/127.0.0.1:56518 - R:localhost/127.0.0.1:34278]' for 'GET' to 'http://localhost:34278/session/da223f8a3345caa04037964defbb239a/element/f89492f2-6167-44c7-9225-e6147f5d5d20/name'
18:03:07.544 [Forwarding getElementTagName on session da223f8a3345caa04037964defbb239a to remote] DEBUG org.asynchttpclient.netty.request.NettyRequestSender - Using open Channel [id: 0x5eded922, L:/127.0.0.1:56518 - R:localhost/127.0.0.1:34278] for GET '/session/da223f8a3345caa04037964defbb239a/element/f89492f2-6167-44c7-9225-e6147f5d5d20/name'
18:03:07.547 [AsyncHttpClient-1-7] DEBUG org.asynchttpclient.netty.handler.HttpHandler - 

Request DefaultFullHttpRequest(decodeResult: success, version: HTTP/1.1, content: EmptyByteBufBE)
GET /session/da223f8a3345caa04037964defbb239a/element/f89492f2-6167-44c7-9225-e6147f5d5d20/name HTTP/1.1
User-Agent: selenium/4.8.1 (java windows)
Cache-Control: no-cache
Content-Type: application/json; charset=utf-8
host: localhost:34278
accept: */*

Response DefaultHttpResponse(decodeResult: success, version: HTTP/1.1)
HTTP/1.1 200 OK
Content-Length: 16
Content-Type: application/json; charset=utf-8
cache-control: no-cache

18:03:07.547 [AsyncHttpClient-1-7] DEBUG org.asynchttpclient.netty.channel.ChannelManager - Adding key: http://localhost:34278 for channel [id: 0x5eded922, L:/127.0.0.1:56518 - R:localhost/127.0.0.1:34278]
18:03:07.549 [Forwarding findElement on session da223f8a3345caa04037964defbb239a to remote] DEBUG org.asynchttpclient.netty.request.NettyRequestSender - Using pooled Channel '[id: 0x5eded922, L:/127.0.0.1:56518 - R:localhost/127.0.0.1:34278]' for 'POST' to 'http://localhost:34278/session/da223f8a3345caa04037964defbb239a/element'
18:03:07.549 [Forwarding findElement on session da223f8a3345caa04037964defbb239a to remote] DEBUG org.asynchttpclient.netty.request.NettyRequestSender - Using open Channel [id: 0x5eded922, L:/127.0.0.1:56518 - R:localhost/127.0.0.1:34278] for POST '/session/da223f8a3345caa04037964defbb239a/element'
18:03:07.554 [AsyncHttpClient-1-7] DEBUG org.asynchttpclient.netty.handler.HttpHandler - 

Request DefaultHttpRequest(decodeResult: success, version: HTTP/1.1)
POST /session/da223f8a3345caa04037964defbb239a/element HTTP/1.1
User-Agent: selenium/4.8.1 (java windows)
Content-Length: 69
Content-Type: application/json; charset=utf-8
host: localhost:34278
accept: */*

Response DefaultHttpResponse(decodeResult: success, version: HTTP/1.1)
HTTP/1.1 200 OK
Content-Length: 88
Content-Type: application/json; charset=utf-8
cache-control: no-cache

18:03:07.554 [AsyncHttpClient-1-7] DEBUG org.asynchttpclient.netty.channel.ChannelManager - Adding key: http://localhost:34278 for channel [id: 0x5eded922, L:/127.0.0.1:56518 - R:localhost/127.0.0.1:34278]
18:03:07.555 [Forwarding clickElement on session da223f8a3345caa04037964defbb239a to remote] DEBUG org.asynchttpclient.netty.request.NettyRequestSender - Using pooled Channel '[id: 0x5eded922, L:/127.0.0.1:56518 - R:localhost/127.0.0.1:34278]' for 'POST' to 'http://localhost:34278/session/da223f8a3345caa04037964defbb239a/element/f89492f2-6167-44c7-9225-e6147f5d5d20/click'
18:03:07.556 [Forwarding clickElement on session da223f8a3345caa04037964defbb239a to remote] DEBUG org.asynchttpclient.netty.request.NettyRequestSender - Using open Channel [id: 0x5eded922, L:/127.0.0.1:56518 - R:localhost/127.0.0.1:34278] for POST '/session/da223f8a3345caa04037964defbb239a/element/f89492f2-6167-44c7-9225-e6147f5d5d20/click'
18:03:07.598 [AsyncHttpClient-1-7] DEBUG org.asynchttpclient.netty.handler.HttpHandler - 

Request DefaultHttpRequest(decodeResult: success, version: HTTP/1.1)
POST /session/da223f8a3345caa04037964defbb239a/element/f89492f2-6167-44c7-9225-e6147f5d5d20/click HTTP/1.1
User-Agent: selenium/4.8.1 (java windows)
Content-Length: 50
Content-Type: application/json; charset=utf-8
host: localhost:34278
accept: */*

Response DefaultHttpResponse(decodeResult: success, version: HTTP/1.1)
HTTP/1.1 200 OK
Content-Length: 14
Content-Type: application/json; charset=utf-8
cache-control: no-cache

18:03:07.599 [AsyncHttpClient-1-7] DEBUG org.asynchttpclient.netty.channel.ChannelManager - Adding key: http://localhost:34278 for channel [id: 0x5eded922, L:/127.0.0.1:56518 - R:localhost/127.0.0.1:34278]
18:03:07.603 [Forwarding getAlertText on session da223f8a3345caa04037964defbb239a to remote] DEBUG org.asynchttpclient.netty.request.NettyRequestSender - Using pooled Channel '[id: 0x5eded922, L:/127.0.0.1:56518 - R:localhost/127.0.0.1:34278]' for 'GET' to 'http://localhost:34278/session/da223f8a3345caa04037964defbb239a/alert/text'
18:03:07.603 [Forwarding getAlertText on session da223f8a3345caa04037964defbb239a to remote] DEBUG org.asynchttpclient.netty.request.NettyRequestSender - Using open Channel [id: 0x5eded922, L:/127.0.0.1:56518 - R:localhost/127.0.0.1:34278] for GET '/session/da223f8a3345caa04037964defbb239a/alert/text'
18:03:07.605 [AsyncHttpClient-1-7] DEBUG org.asynchttpclient.netty.handler.HttpHandler - 

Request DefaultFullHttpRequest(decodeResult: success, version: HTTP/1.1, content: EmptyByteBufBE)
GET /session/da223f8a3345caa04037964defbb239a/alert/text HTTP/1.1
User-Agent: selenium/4.8.1 (java windows)
Cache-Control: no-cache
Content-Type: application/json; charset=utf-8
host: localhost:34278
accept: */*

Response DefaultHttpResponse(decodeResult: success, version: HTTP/1.1)
HTTP/1.1 404 Not Found
Content-Length: 848
Content-Type: application/json; charset=utf-8
cache-control: no-cache

18:03:07.605 [AsyncHttpClient-1-7] DEBUG org.asynchttpclient.netty.channel.ChannelManager - Adding key: http://localhost:34278 for channel [id: 0x5eded922, L:/127.0.0.1:56518 - R:localhost/127.0.0.1:34278]
18:03:07.606 [Forwarding getCurrentUrl on session da223f8a3345caa04037964defbb239a to remote] DEBUG org.asynchttpclient.netty.request.NettyRequestSender - Using pooled Channel '[id: 0x5eded922, L:/127.0.0.1:56518 - R:localhost/127.0.0.1:34278]' for 'GET' to 'http://localhost:34278/session/da223f8a3345caa04037964defbb239a/url'
18:03:07.607 [Forwarding getCurrentUrl on session da223f8a3345caa04037964defbb239a to remote] DEBUG org.asynchttpclient.netty.request.NettyRequestSender - Using open Channel [id: 0x5eded922, L:/127.0.0.1:56518 - R:localhost/127.0.0.1:34278] for GET '/session/da223f8a3345caa04037964defbb239a/url'
18:03:07.613 [AsyncHttpClient-1-7] DEBUG org.asynchttpclient.netty.handler.HttpHandler - 

Request DefaultFullHttpRequest(decodeResult: success, version: HTTP/1.1, content: EmptyByteBufBE)
GET /session/da223f8a3345caa04037964defbb239a/url HTTP/1.1
User-Agent: selenium/4.8.1 (java windows)
Cache-Control: no-cache
Content-Type: application/json; charset=utf-8
host: localhost:34278
accept: */*

Response DefaultHttpResponse(decodeResult: success, version: HTTP/1.1)
HTTP/1.1 200 OK
Content-Length: 51
Content-Type: application/json; charset=utf-8
cache-control: no-cache

18:03:07.613 [AsyncHttpClient-1-7] DEBUG org.asynchttpclient.netty.channel.ChannelManager - Adding key: http://localhost:34278 for channel [id: 0x5eded922, L:/127.0.0.1:56518 - R:localhost/127.0.0.1:34278]
18:03:07.614 [Forwarding screenshot on session da223f8a3345caa04037964defbb239a to remote] DEBUG org.asynchttpclient.netty.request.NettyRequestSender - Using pooled Channel '[id: 0x5eded922, L:/127.0.0.1:56518 - R:localhost/127.0.0.1:34278]' for 'GET' to 'http://localhost:34278/session/da223f8a3345caa04037964defbb239a/screenshot'
18:03:07.614 [Forwarding screenshot on session da223f8a3345caa04037964defbb239a to remote] DEBUG org.asynchttpclient.netty.request.NettyRequestSender - Using open Channel [id: 0x5eded922, L:/127.0.0.1:56518 - R:localhost/127.0.0.1:34278] for GET '/session/da223f8a3345caa04037964defbb239a/screenshot'
18:03:07.713 [AsyncHttpClient-1-7] DEBUG org.asynchttpclient.netty.handler.HttpHandler - 

Request DefaultFullHttpRequest(decodeResult: success, version: HTTP/1.1, content: EmptyByteBufBE)
GET /session/da223f8a3345caa04037964defbb239a/screenshot HTTP/1.1
User-Agent: selenium/4.8.1 (java windows)
Cache-Control: no-cache
Content-Type: application/json; charset=utf-8
host: localhost:34278
accept: */*

Response DefaultHttpResponse(decodeResult: success, version: HTTP/1.1)
HTTP/1.1 200 OK
Content-Length: 30140
Content-Type: application/json; charset=utf-8
cache-control: no-cache

18:03:07.713 [AsyncHttpClient-1-7] DEBUG org.asynchttpclient.netty.channel.ChannelManager - Adding key: http://localhost:34278 for channel [id: 0x5eded922, L:/127.0.0.1:56518 - R:localhost/127.0.0.1:34278]
18:03:07.715 [main] DEBUG net.serenitybdd.core.photography.Darkroom - Send negative for processing for target\site\serenity\d6734eeeffc9b636504af6b3034e42e1b6d3672207ecde387142f4d02902add2.png
18:03:07.715 [main] DEBUG net.thucydides.core.steps.StepInterceptor - STEP DONE: click button login
  &amp#27;[32mAnd &amp#27;[0m&amp#27;[32mclick button login&amp#27;[0m                           &amp#27;[90m# starter.stepdefinition.LoginStep.clickButtonLogin()&amp#27;[0m
18:03:07.715 [Darkroom Processing Line] DEBUG net.serenitybdd.core.photography.DarkroomProcessingLine - Processing screenshot image in /var/screenshots/screenshot-397264884991628832
18:03:07.716 [Darkroom Processing Line] DEBUG net.serenitybdd.core.photography.DarkroomProcessingLine - Saving screenshot to target\site\serenity\d6734eeeffc9b636504af6b3034e42e1b6d3672207ecde387142f4d02902add2.png
18:03:07.724 [main] DEBUG net.thucydides.core.steps.StepInterceptor - STARTING STEP: LoginStep.userSeeErrorMessage - user see error message
18:03:07.726 [Forwarding findElement on session da223f8a3345caa04037964defbb239a to remote] DEBUG org.asynchttpclient.netty.request.NettyRequestSender - Using pooled Channel '[id: 0x5eded922, L:/127.0.0.1:56518 - R:localhost/127.0.0.1:34278]' for 'POST' to 'http://localhost:34278/session/da223f8a3345caa04037964defbb239a/element'
18:03:07.726 [Forwarding findElement on session da223f8a3345caa04037964defbb239a to remote] DEBUG org.asynchttpclient.netty.request.NettyRequestSender - Using open Channel [id: 0x5eded922, L:/127.0.0.1:56518 - R:localhost/127.0.0.1:34278] for POST '/session/da223f8a3345caa04037964defbb239a/element'
18:03:07.922 [AsyncHttpClient-1-7] DEBUG org.asynchttpclient.netty.handler.HttpHandler - 

Request DefaultHttpRequest(decodeResult: success, version: HTTP/1.1)
POST /session/da223f8a3345caa04037964defbb239a/element HTTP/1.1
User-Agent: selenium/4.8.1 (java windows)
Content-Length: 79
Content-Type: application/json; charset=utf-8
host: localhost:34278
accept: */*

Response DefaultHttpResponse(decodeResult: success, version: HTTP/1.1)
HTTP/1.1 200 OK
Content-Length: 88
Content-Type: application/json; charset=utf-8
cache-control: no-cache

18:03:07.922 [AsyncHttpClient-1-7] DEBUG org.asynchttpclient.netty.channel.ChannelManager - Adding key: http://localhost:34278 for channel [id: 0x5eded922, L:/127.0.0.1:56518 - R:localhost/127.0.0.1:34278]
18:03:07.926 [Forwarding isElementDisplayed on session da223f8a3345caa04037964defbb239a to remote] DEBUG org.asynchttpclient.netty.request.NettyRequestSender - Using pooled Channel '[id: 0x5eded922, L:/127.0.0.1:56518 - R:localhost/127.0.0.1:34278]' for 'POST' to 'http://localhost:34278/session/da223f8a3345caa04037964defbb239a/execute/sync'
18:03:07.926 [Forwarding isElementDisplayed on session da223f8a3345caa04037964defbb239a to remote] DEBUG org.asynchttpclient.netty.request.NettyRequestSender - Using open Channel [id: 0x5eded922, L:/127.0.0.1:56518 - R:localhost/127.0.0.1:34278] for POST '/session/da223f8a3345caa04037964defbb239a/execute/sync'
18:03:07.938 [AsyncHttpClient-1-7] DEBUG org.asynchttpclient.netty.handler.HttpHandler - 

Request DefaultHttpRequest(decodeResult: success, version: HTTP/1.1)
POST /session/da223f8a3345caa04037964defbb239a/execute/sync HTTP/1.1
User-Agent: selenium/4.8.1 (java windows)
Content-Length: 48807
Content-Type: application/json; charset=utf-8
host: localhost:34278
accept: */*

Response DefaultHttpResponse(decodeResult: success, version: HTTP/1.1)
HTTP/1.1 200 OK
Content-Length: 14
Content-Type: application/json; charset=utf-8
cache-control: no-cache

18:03:07.938 [AsyncHttpClient-1-7] DEBUG org.asynchttpclient.netty.channel.ChannelManager - Adding key: http://localhost:34278 for channel [id: 0x5eded922, L:/127.0.0.1:56518 - R:localhost/127.0.0.1:34278]
18:03:07.943 [Forwarding getAlertText on session da223f8a3345caa04037964defbb239a to remote] DEBUG org.asynchttpclient.netty.request.NettyRequestSender - Using pooled Channel '[id: 0x5eded922, L:/127.0.0.1:56518 - R:localhost/127.0.0.1:34278]' for 'GET' to 'http://localhost:34278/session/da223f8a3345caa04037964defbb239a/alert/text'
18:03:07.943 [Forwarding getAlertText on session da223f8a3345caa04037964defbb239a to remote] DEBUG org.asynchttpclient.netty.request.NettyRequestSender - Using open Channel [id: 0x5eded922, L:/127.0.0.1:56518 - R:localhost/127.0.0.1:34278] for GET '/session/da223f8a3345caa04037964defbb239a/alert/text'
18:03:07.945 [AsyncHttpClient-1-7] DEBUG org.asynchttpclient.netty.handler.HttpHandler - 

Request DefaultFullHttpRequest(decodeResult: success, version: HTTP/1.1, content: EmptyByteBufBE)
GET /session/da223f8a3345caa04037964defbb239a/alert/text HTTP/1.1
User-Agent: selenium/4.8.1 (java windows)
Cache-Control: no-cache
Content-Type: application/json; charset=utf-8
host: localhost:34278
accept: */*

Response DefaultHttpResponse(decodeResult: success, version: HTTP/1.1)
HTTP/1.1 404 Not Found
Content-Length: 848
Content-Type: application/json; charset=utf-8
cache-control: no-cache

18:03:07.945 [AsyncHttpClient-1-7] DEBUG org.asynchttpclient.netty.channel.ChannelManager - Adding key: http://localhost:34278 for channel [id: 0x5eded922, L:/127.0.0.1:56518 - R:localhost/127.0.0.1:34278]
18:03:07.946 [Forwarding getCurrentUrl on session da223f8a3345caa04037964defbb239a to remote] DEBUG org.asynchttpclient.netty.request.NettyRequestSender - Using pooled Channel '[id: 0x5eded922, L:/127.0.0.1:56518 - R:localhost/127.0.0.1:34278]' for 'GET' to 'http://localhost:34278/session/da223f8a3345caa04037964defbb239a/url'
18:03:07.946 [Forwarding getCurrentUrl on session da223f8a3345caa04037964defbb239a to remote] DEBUG org.asynchttpclient.netty.request.NettyRequestSender - Using open Channel [id: 0x5eded922, L:/127.0.0.1:56518 - R:localhost/127.0.0.1:34278] for GET '/session/da223f8a3345caa04037964defbb239a/url'
18:03:07.949 [AsyncHttpClient-1-7] DEBUG org.asynchttpclient.netty.handler.HttpHandler - 

Request DefaultFullHttpRequest(decodeResult: success, version: HTTP/1.1, content: EmptyByteBufBE)
GET /session/da223f8a3345caa04037964defbb239a/url HTTP/1.1
User-Agent: selenium/4.8.1 (java windows)
Cache-Control: no-cache
Content-Type: application/json; charset=utf-8
host: localhost:34278
accept: */*

Response DefaultHttpResponse(decodeResult: success, version: HTTP/1.1)
HTTP/1.1 200 OK
Content-Length: 51
Content-Type: application/json; charset=utf-8
cache-control: no-cache

18:03:07.950 [AsyncHttpClient-1-7] DEBUG org.asynchttpclient.netty.channel.ChannelManager - Adding key: http://localhost:34278 for channel [id: 0x5eded922, L:/127.0.0.1:56518 - R:localhost/127.0.0.1:34278]
18:03:07.950 [Forwarding screenshot on session da223f8a3345caa04037964defbb239a to remote] DEBUG org.asynchttpclient.netty.request.NettyRequestSender - Using pooled Channel '[id: 0x5eded922, L:/127.0.0.1:56518 - R:localhost/127.0.0.1:34278]' for 'GET' to 'http://localhost:34278/session/da223f8a3345caa04037964defbb239a/screenshot'
18:03:07.950 [Forwarding screenshot on session da223f8a3345caa04037964defbb239a to remote] DEBUG org.asynchttpclient.netty.request.NettyRequestSender - Using open Channel [id: 0x5eded922, L:/127.0.0.1:56518 - R:localhost/127.0.0.1:34278] for GET '/session/da223f8a3345caa04037964defbb239a/screenshot'
18:03:08.045 [AsyncHttpClient-1-7] DEBUG org.asynchttpclient.netty.handler.HttpHandler - 

Request DefaultFullHttpRequest(decodeResult: success, version: HTTP/1.1, content: EmptyByteBufBE)
GET /session/da223f8a3345caa04037964defbb239a/screenshot HTTP/1.1
User-Agent: selenium/4.8.1 (java windows)
Cache-Control: no-cache
Content-Type: application/json; charset=utf-8
host: localhost:34278
accept: */*

Response DefaultHttpResponse(decodeResult: success, version: HTTP/1.1)
HTTP/1.1 200 OK
Content-Length: 35596
Content-Type: application/json; charset=utf-8
cache-control: no-cache

18:03:08.045 [AsyncHttpClient-1-7] DEBUG org.asynchttpclient.netty.channel.ChannelManager - Adding key: http://localhost:34278 for channel [id: 0x5eded922, L:/127.0.0.1:56518 - R:localhost/127.0.0.1:34278]
18:03:08.047 [main] DEBUG net.serenitybdd.core.photography.Darkroom - Send negative for processing for target\site\serenity\94815f6a02bb9754ebeaff0c4a52ca298adfbc69a413a6150f75b6c718764cbc.png
18:03:08.047 [AsyncHttpClient-1-1] DEBUG org.asynchttpclient.netty.channel.DefaultChannelPool - Entry count for : http://localhost:56520 : 1
18:03:08.047 [AsyncHttpClient-1-1] DEBUG org.asynchttpclient.netty.channel.DefaultChannelPool - Entry count for : http://localhost:34278 : 1
18:03:08.047 [main] DEBUG net.thucydides.core.steps.StepInterceptor - STEP DONE: user see error message
  &amp#27;[32mThen &amp#27;[0m&amp#27;[32muser see error message &amp#27;[0m&amp#27;[32m&amp#27;[1m"record not found"&amp#27;[0m   &amp#27;[90m# starter.stepdefinition.LoginStep.userSeeErrorMessage(java.lang.String)&amp#27;[0m
18:03:08.047 [Darkroom Processing Line] DEBUG net.serenitybdd.core.photography.DarkroomProcessingLine - Processing screenshot image in /var/screenshots/screenshot-8742306813512443360
18:03:08.047 [Darkroom Processing Line] DEBUG net.serenitybdd.core.photography.DarkroomProcessingLine - Saving screenshot to target\site\serenity\94815f6a02bb9754ebeaff0c4a52ca298adfbc69a413a6150f75b6c718764cbc.png
18:03:08.052 [main] INFO  - 
  _____   ___   ___   _____     ___     _     ___   ___   ___   ___  
 |_   _| | __| / __| |_   _|   | _ \   /_\   / __| / __| | __| |   \ 
   | |   | _|  \__ \   | |     |  _/  / _ \  \__ \ \__ \ | _|  | |) |
   |_|   |___| |___/   |_|     |_|   /_/ \_\ |___/ |___/ |___| |___/ 

As a user, I login with invalid password
----------------------------------------------------------------------
18:03:08.053 [AsyncHttpClient-1-9] DEBUG org.asynchttpclient.netty.handler.WebSocketHandler - Channel Closed: [id: 0x0c973015, L:/127.0.0.1:56526 ! R:localhost/127.0.0.1:56520] with attribute NettyResponseFuture{currentRetry=0,
	isDone=1,
	isCancelled=0,
	asyncHandler=org.asynchttpclient.ws.WebSocketUpgradeHandler@8fa00de,
	nettyRequest=org.asynchttpclient.netty.request.NettyRequest@aa6c268,
	future=java.util.concurrent.CompletableFuture@660656a9[Completed normally],
	uri=ws://localhost:56520/devtools/browser/b5b35778-1f7f-43ad-98e4-4adaaf43fa07,
	keepAlive=true,
	redirectCount=0,
	timeoutsHolder=null,
	inAuth=0,
	touch=1683543785055}
18:03:08.053 [AsyncHttpClient-1-9] DEBUG org.asynchttpclient.netty.channel.ChannelManager - Closing Channel [id: 0x0c973015, L:/127.0.0.1:56526 ! R:localhost/127.0.0.1:56520] 
18:03:08.053 [Driver Command Executor] DEBUG org.asynchttpclient.netty.request.NettyRequestSender - Using pooled Channel '[id: 0x5eded922, L:/127.0.0.1:56518 - R:localhost/127.0.0.1:34278]' for 'DELETE' to 'http://localhost:34278/session/da223f8a3345caa04037964defbb239a'
18:03:08.053 [Driver Command Executor] DEBUG org.asynchttpclient.netty.request.NettyRequestSender - Using open Channel [id: 0x5eded922, L:/127.0.0.1:56518 - R:localhost/127.0.0.1:34278] for DELETE '/session/da223f8a3345caa04037964defbb239a'
18:03:08.094 [AsyncHttpClient-1-8] DEBUG org.asynchttpclient.netty.handler.HttpHandler - Unexpected I/O exception on channel [id: 0x9229b5ca, L:/127.0.0.1:56525 - R:localhost/127.0.0.1:56520]
java.io.IOException: An existing connection was forcibly closed by the remote host
	at sun.nio.ch.SocketDispatcher.read0(Native Method)
	at sun.nio.ch.SocketDispatcher.read(SocketDispatcher.java:43)
	at sun.nio.ch.IOUtil.readIntoNativeBuffer(IOUtil.java:223)
	at sun.nio.ch.IOUtil.read(IOUtil.java:192)
	at sun.nio.ch.SocketChannelImpl.read(SocketChannelImpl.java:378)
	at io.netty.buffer.PooledByteBuf.setBytes(PooledByteBuf.java:259)
	at io.netty.buffer.AbstractByteBuf.writeBytes(AbstractByteBuf.java:1132)
	at io.netty.channel.socket.nio.NioSocketChannel.doReadBytes(NioSocketChannel.java:357)
	at io.netty.channel.nio.AbstractNioByteChannel$NioByteUnsafe.read(AbstractNioByteChannel.java:151)
	at io.netty.channel.nio.NioEventLoop.processSelectedKey(NioEventLoop.java:788)
	at io.netty.channel.nio.NioEventLoop.processSelectedKeysOptimized(NioEventLoop.java:724)
	at io.netty.channel.nio.NioEventLoop.processSelectedKeys(NioEventLoop.java:650)
	at io.netty.channel.nio.NioEventLoop.run(NioEventLoop.java:562)
	at io.netty.util.concurrent.SingleThreadEventExecutor$4.run(SingleThreadEventExecutor.java:997)
	at io.netty.util.internal.ThreadExecutorMap$2.run(ThreadExecutorMap.java:74)
	at io.netty.util.concurrent.FastThreadLocalRunnable.run(FastThreadLocalRunnable.java:30)
	at java.lang.Thread.run(Thread.java:748)
18:03:08.094 [AsyncHttpClient-1-8] DEBUG org.asynchttpclient.netty.channel.ChannelManager - Closing Channel [id: 0x9229b5ca, L:/127.0.0.1:56525 - R:localhost/127.0.0.1:56520] 
18:03:08.094 [AsyncHttpClient-1-8] DEBUG org.asynchttpclient.netty.handler.HttpHandler - Channel Closed: [id: 0x9229b5ca, L:/127.0.0.1:56525 ! R:localhost/127.0.0.1:56520] with attribute DISCARD
18:03:08.135 [AsyncHttpClient-1-7] DEBUG org.asynchttpclient.netty.handler.HttpHandler - 

Request DefaultFullHttpRequest(decodeResult: success, version: HTTP/1.1, content: EmptyByteBufBE)
DELETE /session/da223f8a3345caa04037964defbb239a HTTP/1.1
User-Agent: selenium/4.8.1 (java windows)
Content-Type: application/json; charset=utf-8
host: localhost:34278
accept: */*

Response DefaultHttpResponse(decodeResult: success, version: HTTP/1.1)
HTTP/1.1 200 OK
Content-Length: 14
Content-Type: application/json; charset=utf-8
cache-control: no-cache

18:03:08.136 [AsyncHttpClient-1-7] DEBUG org.asynchttpclient.netty.channel.ChannelManager - Adding key: http://localhost:34278 for channel [id: 0x5eded922, L:/127.0.0.1:56518 - R:localhost/127.0.0.1:34278]
18:03:08.216 [AsyncHttpClient-1-7] DEBUG org.asynchttpclient.netty.handler.HttpHandler - Channel Closed: [id: 0x5eded922, L:/127.0.0.1:56518 ! R:localhost/127.0.0.1:34278] with attribute DISCARD
]]></system-out>
    <system-err><![CDATA[Starting ChromeDriver 112.0.5615.49 (bd2a7bcb881c11e8cfe3078709382934e3916914-refs/branch-heads/5615@{#936}) on port 34278
Only local connections are allowed.
Please see https://chromedriver.chromium.org/security-considerations for suggestions on keeping ChromeDriver safe.
ChromeDriver was started successfully.
May 08, 2023 6:03:05 PM org.openqa.selenium.devtools.CdpVersionFinder findNearestMatch
WARNING: Unable to find an exact match for CDP version 112, so returning the closest version found: 110
]]></system-err>
  </testcase>
  <testcase name="As a user, I login without input email or password" classname="Login - As a user I want to buy some product So that I have to login" time="8.926">
    <system-out><![CDATA[
@TC_Login_004
Scenario: As a user, I login without input email or password &amp#27;[90m# src/test/resources/features/Login.feature:28&amp#27;[0m
18:03:08.746 [main] DEBUG io.cucumber.core.plugin.SerenityReporter - Running feature from file:///C:/Users/user/IdeaProjects/QE_Devi%20Agustin%20Utari_Mini_Project/Web_Automation_AltaShop/src/test/resources/features/Login.feature
18:03:08.749 [main] INFO  - 
  _____   ___   ___   _____     ___   _____     _     ___   _____   ___   ___  
 |_   _| | __| / __| |_   _|   / __| |_   _|   /_\   | _ \ |_   _| | __| |   \ 
   | |   | _|  \__ \   | |     \__ \   | |    / _ \  |   /   | |   | _|  | |) |
   |_|   |___| |___/   |_|     |___/   |_|   /_/ \_\ |_|_\   |_|   |___| |___/ 

As a user, I login without input email or password(login---as-a-user-i-want-to-buy-some-product-so-that-i-have-to-login;as-a-user--i-login-without-input-email-or-password)
--------------------------------------------------------------------------------
18:03:09.001 [main] DEBUG net.thucydides.core.steps.StepInterceptor - STARTING STEP: LoginStep.userOnLoginPage - user on login page
18:03:09.307 [AsyncHttpClient-1-1] DEBUG org.asynchttpclient.netty.channel.DefaultChannelPool - Entry count for : http://localhost:56520 : 1
18:03:09.308 [AsyncHttpClient-1-1] DEBUG org.asynchttpclient.netty.channel.DefaultChannelPool - Entry count for : http://localhost:34278 : 1
18:03:09.308 [AsyncHttpClient-1-1] DEBUG org.asynchttpclient.netty.channel.DefaultChannelPool - Adding Candidate expired Channel [id: 0x9229b5ca, L:/127.0.0.1:56525 ! R:localhost/127.0.0.1:56520] isIdleTimeoutExpired=false isRemotelyClosed=true isTtlExpired=false
18:03:09.308 [AsyncHttpClient-1-1] DEBUG org.asynchttpclient.netty.channel.DefaultChannelPool - Closing Idle Channel [id: 0x9229b5ca, L:/127.0.0.1:56525 ! R:localhost/127.0.0.1:56520]
18:03:09.308 [AsyncHttpClient-1-1] DEBUG org.asynchttpclient.netty.channel.DefaultChannelPool - Adding Candidate expired Channel [id: 0x5eded922, L:/127.0.0.1:56518 ! R:localhost/127.0.0.1:34278] isIdleTimeoutExpired=false isRemotelyClosed=true isTtlExpired=false
18:03:09.308 [AsyncHttpClient-1-1] DEBUG org.asynchttpclient.netty.channel.DefaultChannelPool - Closing Idle Channel [id: 0x5eded922, L:/127.0.0.1:56518 ! R:localhost/127.0.0.1:34278]
18:03:09.308 [AsyncHttpClient-1-1] DEBUG org.asynchttpclient.netty.channel.DefaultChannelPool - Closed 2 connections out of 2 in 0 ms
18:03:10.350 [main] INFO net.serenitybdd.core.webdriver.driverproviders.ChromeDriverProvider - Starting Chrome driver instance with capabilities:
18:03:10.351 [main] INFO net.serenitybdd.core.webdriver.driverproviders.ChromeDriverProvider - Capabilities {acceptInsecureCerts: true, browserName: chrome, goog:chromeOptions: {args: [remote-allow-origins=*, test-type, no-sandbox, ignore-certificate-errors, start-maximized, incognito, disable-infobars, disable-gpu, disable-default-apps, disable-popup-blocking, remote-allow-origins=*, test-type, no-sandbox, ignore-certificate-errors, start-maximized, incognito, disable-infobars, disable-gpu, disable-default-apps, disable-popup-blocking, remote-allow-origins=*], extensions: []}}
18:03:10.999 [AsyncHttpClient-1-2] DEBUG org.asynchttpclient.netty.channel.NettyConnectListener - Using new Channel '[id: 0xf86e0d73, L:/127.0.0.1:56544 - R:localhost/127.0.0.1:42079]' for 'POST' to '/session'
18:03:12.016 [AsyncHttpClient-1-2] DEBUG org.asynchttpclient.netty.handler.HttpHandler - 

Request DefaultHttpRequest(decodeResult: success, version: HTTP/1.1)
POST /session HTTP/1.1
User-Agent: selenium/4.8.1 (java windows)
Content-Length: 1701
Content-Type: application/json; charset=utf-8
host: localhost:42079
accept: */*

Response DefaultHttpResponse(decodeResult: success, version: HTTP/1.1)
HTTP/1.1 200 OK
Content-Length: 843
Content-Type: application/json; charset=utf-8
cache-control: no-cache

18:03:12.016 [AsyncHttpClient-1-2] DEBUG org.asynchttpclient.netty.channel.ChannelManager - Adding key: http://localhost:42079 for channel [id: 0xf86e0d73, L:/127.0.0.1:56544 - R:localhost/127.0.0.1:42079]
18:03:12.020 [AsyncHttpClient-1-3] DEBUG org.asynchttpclient.netty.channel.NettyConnectListener - Using new Channel '[id: 0xc05ade39, L:/127.0.0.1:56551 - R:localhost/127.0.0.1:56545]' for 'GET' to '/json/version'
18:03:12.021 [AsyncHttpClient-1-3] DEBUG org.asynchttpclient.netty.handler.HttpHandler - 

Request DefaultFullHttpRequest(decodeResult: success, version: HTTP/1.1, content: EmptyByteBufBE)
GET /json/version HTTP/1.1
User-Agent: selenium/4.8.1 (java windows)
host: localhost:56545
accept: */*

Response DefaultHttpResponse(decodeResult: success, version: HTTP/1.1)
HTTP/1.1 200 OK
Content-Security-Policy: frame-ancestors 'none'
Content-Length: 424
Content-Type: application/json; charset=UTF-8

18:03:12.021 [AsyncHttpClient-1-3] DEBUG org.asynchttpclient.netty.channel.ChannelManager - Adding key: http://localhost:56545 for channel [id: 0xc05ade39, L:/127.0.0.1:56551 - R:localhost/127.0.0.1:56545]
18:03:12.023 [AsyncHttpClient-1-4] DEBUG org.asynchttpclient.netty.channel.NettyConnectListener - Using new Channel '[id: 0x229a620d, L:/127.0.0.1:56552 - R:localhost/127.0.0.1:56545]' for 'GET' to '/devtools/browser/ae34175b-d5dc-4cc2-9b17-e2fac0924b9d'
18:03:12.024 [AsyncHttpClient-1-4] DEBUG org.asynchttpclient.netty.handler.WebSocketHandler - 

Request DefaultFullHttpRequest(decodeResult: success, version: HTTP/1.1, content: EmptyByteBufBE)
GET /devtools/browser/ae34175b-d5dc-4cc2-9b17-e2fac0924b9d HTTP/1.1
upgrade: websocket
connection: upgrade
sec-websocket-key: /7BtWokjKYJQDPuw7N2GIw==
sec-websocket-version: 13
origin: http://localhost:56545
host: localhost:56545
accept: */*
user-agent: AHC/2.1

Response DefaultHttpResponse(decodeResult: success, version: HTTP/1.1)
HTTP/1.1 101 WebSocket Protocol Handshake
Upgrade: WebSocket
Connection: Upgrade
Sec-WebSocket-Accept: b44NRon0rYH//5ZwqUmbGcusngk=

18:03:12.026 [Forwarding get on session 7f09ba61a31ffe36d034003052e3c280 to remote] DEBUG org.asynchttpclient.netty.request.NettyRequestSender - Using pooled Channel '[id: 0xf86e0d73, L:/127.0.0.1:56544 - R:localhost/127.0.0.1:42079]' for 'POST' to 'http://localhost:42079/session/7f09ba61a31ffe36d034003052e3c280/url'
18:03:12.026 [Forwarding get on session 7f09ba61a31ffe36d034003052e3c280 to remote] DEBUG org.asynchttpclient.netty.request.NettyRequestSender - Using open Channel [id: 0xf86e0d73, L:/127.0.0.1:56544 - R:localhost/127.0.0.1:42079] for POST '/session/7f09ba61a31ffe36d034003052e3c280/url'
18:03:12.581 [AsyncHttpClient-1-1] DEBUG org.asynchttpclient.netty.channel.DefaultChannelPool - Entry count for : http://localhost:56545 : 1
18:03:13.278 [AsyncHttpClient-1-2] DEBUG org.asynchttpclient.netty.handler.HttpHandler - 

Request DefaultHttpRequest(decodeResult: success, version: HTTP/1.1)
POST /session/7f09ba61a31ffe36d034003052e3c280/url HTTP/1.1
User-Agent: selenium/4.8.1 (java windows)
Content-Length: 74
Content-Type: application/json; charset=utf-8
host: localhost:42079
accept: */*

Response DefaultHttpResponse(decodeResult: success, version: HTTP/1.1)
HTTP/1.1 200 OK
Content-Length: 14
Content-Type: application/json; charset=utf-8
cache-control: no-cache

18:03:13.278 [AsyncHttpClient-1-2] DEBUG org.asynchttpclient.netty.channel.ChannelManager - Adding key: http://localhost:42079 for channel [id: 0xf86e0d73, L:/127.0.0.1:56544 - R:localhost/127.0.0.1:42079]
18:03:13.280 [Forwarding setTimeout on session 7f09ba61a31ffe36d034003052e3c280 to remote] DEBUG org.asynchttpclient.netty.request.NettyRequestSender - Using pooled Channel '[id: 0xf86e0d73, L:/127.0.0.1:56544 - R:localhost/127.0.0.1:42079]' for 'POST' to 'http://localhost:42079/session/7f09ba61a31ffe36d034003052e3c280/timeouts'
18:03:13.280 [Forwarding setTimeout on session 7f09ba61a31ffe36d034003052e3c280 to remote] DEBUG org.asynchttpclient.netty.request.NettyRequestSender - Using open Channel [id: 0xf86e0d73, L:/127.0.0.1:56544 - R:localhost/127.0.0.1:42079] for POST '/session/7f09ba61a31ffe36d034003052e3c280/timeouts'
18:03:13.282 [AsyncHttpClient-1-2] DEBUG org.asynchttpclient.netty.handler.HttpHandler - 

Request DefaultHttpRequest(decodeResult: success, version: HTTP/1.1)
POST /session/7f09ba61a31ffe36d034003052e3c280/timeouts HTTP/1.1
User-Agent: selenium/4.8.1 (java windows)
Content-Length: 22
Content-Type: application/json; charset=utf-8
host: localhost:42079
accept: */*

Response DefaultHttpResponse(decodeResult: success, version: HTTP/1.1)
HTTP/1.1 200 OK
Content-Length: 14
Content-Type: application/json; charset=utf-8
cache-control: no-cache

18:03:13.282 [AsyncHttpClient-1-2] DEBUG org.asynchttpclient.netty.channel.ChannelManager - Adding key: http://localhost:42079 for channel [id: 0xf86e0d73, L:/127.0.0.1:56544 - R:localhost/127.0.0.1:42079]
18:03:13.292 [Forwarding findElement on session 7f09ba61a31ffe36d034003052e3c280 to remote] DEBUG org.asynchttpclient.netty.request.NettyRequestSender - Using pooled Channel '[id: 0xf86e0d73, L:/127.0.0.1:56544 - R:localhost/127.0.0.1:42079]' for 'POST' to 'http://localhost:42079/session/7f09ba61a31ffe36d034003052e3c280/element'
18:03:13.292 [Forwarding findElement on session 7f09ba61a31ffe36d034003052e3c280 to remote] DEBUG org.asynchttpclient.netty.request.NettyRequestSender - Using open Channel [id: 0xf86e0d73, L:/127.0.0.1:56544 - R:localhost/127.0.0.1:42079] for POST '/session/7f09ba61a31ffe36d034003052e3c280/element'
18:03:13.310 [AsyncHttpClient-1-2] DEBUG org.asynchttpclient.netty.handler.HttpHandler - 

Request DefaultHttpRequest(decodeResult: success, version: HTTP/1.1)
POST /session/7f09ba61a31ffe36d034003052e3c280/element HTTP/1.1
User-Agent: selenium/4.8.1 (java windows)
Content-Length: 69
Content-Type: application/json; charset=utf-8
host: localhost:42079
accept: */*

Response DefaultHttpResponse(decodeResult: success, version: HTTP/1.1)
HTTP/1.1 200 OK
Content-Length: 88
Content-Type: application/json; charset=utf-8
cache-control: no-cache

18:03:13.310 [AsyncHttpClient-1-2] DEBUG org.asynchttpclient.netty.channel.ChannelManager - Adding key: http://localhost:42079 for channel [id: 0xf86e0d73, L:/127.0.0.1:56544 - R:localhost/127.0.0.1:42079]
18:03:13.314 [Forwarding isElementDisplayed on session 7f09ba61a31ffe36d034003052e3c280 to remote] DEBUG org.asynchttpclient.netty.request.NettyRequestSender - Using pooled Channel '[id: 0xf86e0d73, L:/127.0.0.1:56544 - R:localhost/127.0.0.1:42079]' for 'POST' to 'http://localhost:42079/session/7f09ba61a31ffe36d034003052e3c280/execute/sync'
18:03:13.314 [Forwarding isElementDisplayed on session 7f09ba61a31ffe36d034003052e3c280 to remote] DEBUG org.asynchttpclient.netty.request.NettyRequestSender - Using open Channel [id: 0xf86e0d73, L:/127.0.0.1:56544 - R:localhost/127.0.0.1:42079] for POST '/session/7f09ba61a31ffe36d034003052e3c280/execute/sync'
18:03:13.334 [AsyncHttpClient-1-2] DEBUG org.asynchttpclient.netty.handler.HttpHandler - 

Request DefaultHttpRequest(decodeResult: success, version: HTTP/1.1)
POST /session/7f09ba61a31ffe36d034003052e3c280/execute/sync HTTP/1.1
User-Agent: selenium/4.8.1 (java windows)
Content-Length: 48807
Content-Type: application/json; charset=utf-8
host: localhost:42079
accept: */*

Response DefaultHttpResponse(decodeResult: success, version: HTTP/1.1)
HTTP/1.1 200 OK
Content-Length: 14
Content-Type: application/json; charset=utf-8
cache-control: no-cache

18:03:13.334 [AsyncHttpClient-1-2] DEBUG org.asynchttpclient.netty.channel.ChannelManager - Adding key: http://localhost:42079 for channel [id: 0xf86e0d73, L:/127.0.0.1:56544 - R:localhost/127.0.0.1:42079]
18:03:13.341 [Forwarding getAlertText on session 7f09ba61a31ffe36d034003052e3c280 to remote] DEBUG org.asynchttpclient.netty.request.NettyRequestSender - Using pooled Channel '[id: 0xf86e0d73, L:/127.0.0.1:56544 - R:localhost/127.0.0.1:42079]' for 'GET' to 'http://localhost:42079/session/7f09ba61a31ffe36d034003052e3c280/alert/text'
18:03:13.341 [Forwarding getAlertText on session 7f09ba61a31ffe36d034003052e3c280 to remote] DEBUG org.asynchttpclient.netty.request.NettyRequestSender - Using open Channel [id: 0xf86e0d73, L:/127.0.0.1:56544 - R:localhost/127.0.0.1:42079] for GET '/session/7f09ba61a31ffe36d034003052e3c280/alert/text'
18:03:13.343 [AsyncHttpClient-1-2] DEBUG org.asynchttpclient.netty.handler.HttpHandler - 

Request DefaultFullHttpRequest(decodeResult: success, version: HTTP/1.1, content: EmptyByteBufBE)
GET /session/7f09ba61a31ffe36d034003052e3c280/alert/text HTTP/1.1
User-Agent: selenium/4.8.1 (java windows)
Cache-Control: no-cache
Content-Type: application/json; charset=utf-8
host: localhost:42079
accept: */*

Response DefaultHttpResponse(decodeResult: success, version: HTTP/1.1)
HTTP/1.1 404 Not Found
Content-Length: 848
Content-Type: application/json; charset=utf-8
cache-control: no-cache

18:03:13.344 [AsyncHttpClient-1-2] DEBUG org.asynchttpclient.netty.channel.ChannelManager - Adding key: http://localhost:42079 for channel [id: 0xf86e0d73, L:/127.0.0.1:56544 - R:localhost/127.0.0.1:42079]
18:03:13.345 [Forwarding getCurrentUrl on session 7f09ba61a31ffe36d034003052e3c280 to remote] DEBUG org.asynchttpclient.netty.request.NettyRequestSender - Using pooled Channel '[id: 0xf86e0d73, L:/127.0.0.1:56544 - R:localhost/127.0.0.1:42079]' for 'GET' to 'http://localhost:42079/session/7f09ba61a31ffe36d034003052e3c280/url'
18:03:13.345 [Forwarding getCurrentUrl on session 7f09ba61a31ffe36d034003052e3c280 to remote] DEBUG org.asynchttpclient.netty.request.NettyRequestSender - Using open Channel [id: 0xf86e0d73, L:/127.0.0.1:56544 - R:localhost/127.0.0.1:42079] for GET '/session/7f09ba61a31ffe36d034003052e3c280/url'
18:03:13.352 [AsyncHttpClient-1-2] DEBUG org.asynchttpclient.netty.handler.HttpHandler - 

Request DefaultFullHttpRequest(decodeResult: success, version: HTTP/1.1, content: EmptyByteBufBE)
GET /session/7f09ba61a31ffe36d034003052e3c280/url HTTP/1.1
User-Agent: selenium/4.8.1 (java windows)
Cache-Control: no-cache
Content-Type: application/json; charset=utf-8
host: localhost:42079
accept: */*

Response DefaultHttpResponse(decodeResult: success, version: HTTP/1.1)
HTTP/1.1 200 OK
Content-Length: 51
Content-Type: application/json; charset=utf-8
cache-control: no-cache

18:03:13.352 [AsyncHttpClient-1-2] DEBUG org.asynchttpclient.netty.channel.ChannelManager - Adding key: http://localhost:42079 for channel [id: 0xf86e0d73, L:/127.0.0.1:56544 - R:localhost/127.0.0.1:42079]
18:03:13.353 [Forwarding screenshot on session 7f09ba61a31ffe36d034003052e3c280 to remote] DEBUG org.asynchttpclient.netty.request.NettyRequestSender - Using pooled Channel '[id: 0xf86e0d73, L:/127.0.0.1:56544 - R:localhost/127.0.0.1:42079]' for 'GET' to 'http://localhost:42079/session/7f09ba61a31ffe36d034003052e3c280/screenshot'
18:03:13.353 [Forwarding screenshot on session 7f09ba61a31ffe36d034003052e3c280 to remote] DEBUG org.asynchttpclient.netty.request.NettyRequestSender - Using open Channel [id: 0xf86e0d73, L:/127.0.0.1:56544 - R:localhost/127.0.0.1:42079] for GET '/session/7f09ba61a31ffe36d034003052e3c280/screenshot'
18:03:13.471 [AsyncHttpClient-1-2] DEBUG org.asynchttpclient.netty.handler.HttpHandler - 

Request DefaultFullHttpRequest(decodeResult: success, version: HTTP/1.1, content: EmptyByteBufBE)
GET /session/7f09ba61a31ffe36d034003052e3c280/screenshot HTTP/1.1
User-Agent: selenium/4.8.1 (java windows)
Cache-Control: no-cache
Content-Type: application/json; charset=utf-8
host: localhost:42079
accept: */*

Response DefaultHttpResponse(decodeResult: success, version: HTTP/1.1)
HTTP/1.1 200 OK
Content-Length: 25060
Content-Type: application/json; charset=utf-8
cache-control: no-cache

18:03:13.472 [AsyncHttpClient-1-2] DEBUG org.asynchttpclient.netty.channel.ChannelManager - Adding key: http://localhost:42079 for channel [id: 0xf86e0d73, L:/127.0.0.1:56544 - R:localhost/127.0.0.1:42079]
18:03:13.474 [main] DEBUG net.serenitybdd.core.photography.Darkroom - Send negative for processing for target\site\serenity\1db263dd5c04c8fe15e82ee6420144d4e1e7b9826b9315cfd7ec5b5d0da76045.png
18:03:13.474 [main] DEBUG net.thucydides.core.steps.StepInterceptor - STEP DONE: user on login page
  &amp#27;[32mGiven &amp#27;[0m&amp#27;[32muser on login page&amp#27;[0m                                   &amp#27;[90m# starter.stepdefinition.LoginStep.userOnLoginPage()&amp#27;[0m
18:03:13.488 [main] DEBUG net.thucydides.core.steps.StepInterceptor - STARTING STEP: LoginStep.userInputValidEmail - user input valid email
18:03:13.494 [Forwarding findElement on session 7f09ba61a31ffe36d034003052e3c280 to remote] DEBUG org.asynchttpclient.netty.request.NettyRequestSender - Using pooled Channel '[id: 0xf86e0d73, L:/127.0.0.1:56544 - R:localhost/127.0.0.1:42079]' for 'POST' to 'http://localhost:42079/session/7f09ba61a31ffe36d034003052e3c280/element'
18:03:13.494 [Forwarding findElement on session 7f09ba61a31ffe36d034003052e3c280 to remote] DEBUG org.asynchttpclient.netty.request.NettyRequestSender - Using open Channel [id: 0xf86e0d73, L:/127.0.0.1:56544 - R:localhost/127.0.0.1:42079] for POST '/session/7f09ba61a31ffe36d034003052e3c280/element'
18:03:13.511 [AsyncHttpClient-1-2] DEBUG org.asynchttpclient.netty.handler.HttpHandler - 

Request DefaultHttpRequest(decodeResult: success, version: HTTP/1.1)
POST /session/7f09ba61a31ffe36d034003052e3c280/element HTTP/1.1
User-Agent: selenium/4.8.1 (java windows)
Content-Length: 55
Content-Type: application/json; charset=utf-8
host: localhost:42079
accept: */*

Response DefaultHttpResponse(decodeResult: success, version: HTTP/1.1)
HTTP/1.1 200 OK
Content-Length: 88
Content-Type: application/json; charset=utf-8
cache-control: no-cache

18:03:13.511 [AsyncHttpClient-1-2] DEBUG org.asynchttpclient.netty.channel.ChannelManager - Adding key: http://localhost:42079 for channel [id: 0xf86e0d73, L:/127.0.0.1:56544 - R:localhost/127.0.0.1:42079]
18:03:13.512 [Forwarding clearElement on session 7f09ba61a31ffe36d034003052e3c280 to remote] DEBUG org.asynchttpclient.netty.request.NettyRequestSender - Using pooled Channel '[id: 0xf86e0d73, L:/127.0.0.1:56544 - R:localhost/127.0.0.1:42079]' for 'POST' to 'http://localhost:42079/session/7f09ba61a31ffe36d034003052e3c280/element/02b97949-4e88-402c-9094-bfad2978dae9/clear'
18:03:13.512 [Forwarding clearElement on session 7f09ba61a31ffe36d034003052e3c280 to remote] DEBUG org.asynchttpclient.netty.request.NettyRequestSender - Using open Channel [id: 0xf86e0d73, L:/127.0.0.1:56544 - R:localhost/127.0.0.1:42079] for POST '/session/7f09ba61a31ffe36d034003052e3c280/element/02b97949-4e88-402c-9094-bfad2978dae9/clear'
18:03:13.613 [AsyncHttpClient-1-2] DEBUG org.asynchttpclient.netty.handler.HttpHandler - 

Request DefaultHttpRequest(decodeResult: success, version: HTTP/1.1)
POST /session/7f09ba61a31ffe36d034003052e3c280/element/02b97949-4e88-402c-9094-bfad2978dae9/clear HTTP/1.1
User-Agent: selenium/4.8.1 (java windows)
Content-Length: 50
Content-Type: application/json; charset=utf-8
host: localhost:42079
accept: */*

Response DefaultHttpResponse(decodeResult: success, version: HTTP/1.1)
HTTP/1.1 200 OK
Content-Length: 14
Content-Type: application/json; charset=utf-8
cache-control: no-cache

18:03:13.613 [AsyncHttpClient-1-2] DEBUG org.asynchttpclient.netty.channel.ChannelManager - Adding key: http://localhost:42079 for channel [id: 0xf86e0d73, L:/127.0.0.1:56544 - R:localhost/127.0.0.1:42079]
18:03:13.615 [Forwarding sendKeysToElement on session 7f09ba61a31ffe36d034003052e3c280 to remote] DEBUG org.asynchttpclient.netty.request.NettyRequestSender - Using pooled Channel '[id: 0xf86e0d73, L:/127.0.0.1:56544 - R:localhost/127.0.0.1:42079]' for 'POST' to 'http://localhost:42079/session/7f09ba61a31ffe36d034003052e3c280/element/02b97949-4e88-402c-9094-bfad2978dae9/value'
18:03:13.615 [Forwarding sendKeysToElement on session 7f09ba61a31ffe36d034003052e3c280 to remote] DEBUG org.asynchttpclient.netty.request.NettyRequestSender - Using open Channel [id: 0xf86e0d73, L:/127.0.0.1:56544 - R:localhost/127.0.0.1:42079] for POST '/session/7f09ba61a31ffe36d034003052e3c280/element/02b97949-4e88-402c-9094-bfad2978dae9/value'
18:03:13.649 [AsyncHttpClient-1-1] DEBUG org.asynchttpclient.netty.channel.DefaultChannelPool - Entry count for : http://localhost:56545 : 1
18:03:13.826 [AsyncHttpClient-1-2] DEBUG org.asynchttpclient.netty.handler.HttpHandler - 

Request DefaultHttpRequest(decodeResult: success, version: HTTP/1.1)
POST /session/7f09ba61a31ffe36d034003052e3c280/element/02b97949-4e88-402c-9094-bfad2978dae9/value HTTP/1.1
User-Agent: selenium/4.8.1 (java windows)
Content-Length: 271
Content-Type: application/json; charset=utf-8
host: localhost:42079
accept: */*

Response DefaultHttpResponse(decodeResult: success, version: HTTP/1.1)
HTTP/1.1 200 OK
Content-Length: 14
Content-Type: application/json; charset=utf-8
cache-control: no-cache

18:03:13.826 [AsyncHttpClient-1-2] DEBUG org.asynchttpclient.netty.channel.ChannelManager - Adding key: http://localhost:42079 for channel [id: 0xf86e0d73, L:/127.0.0.1:56544 - R:localhost/127.0.0.1:42079]
18:03:13.835 [Forwarding getAlertText on session 7f09ba61a31ffe36d034003052e3c280 to remote] DEBUG org.asynchttpclient.netty.request.NettyRequestSender - Using pooled Channel '[id: 0xf86e0d73, L:/127.0.0.1:56544 - R:localhost/127.0.0.1:42079]' for 'GET' to 'http://localhost:42079/session/7f09ba61a31ffe36d034003052e3c280/alert/text'
18:03:13.835 [Forwarding getAlertText on session 7f09ba61a31ffe36d034003052e3c280 to remote] DEBUG org.asynchttpclient.netty.request.NettyRequestSender - Using open Channel [id: 0xf86e0d73, L:/127.0.0.1:56544 - R:localhost/127.0.0.1:42079] for GET '/session/7f09ba61a31ffe36d034003052e3c280/alert/text'
18:03:13.836 [AsyncHttpClient-1-2] DEBUG org.asynchttpclient.netty.handler.HttpHandler - 

Request DefaultFullHttpRequest(decodeResult: success, version: HTTP/1.1, content: EmptyByteBufBE)
GET /session/7f09ba61a31ffe36d034003052e3c280/alert/text HTTP/1.1
User-Agent: selenium/4.8.1 (java windows)
Cache-Control: no-cache
Content-Type: application/json; charset=utf-8
host: localhost:42079
accept: */*

Response DefaultHttpResponse(decodeResult: success, version: HTTP/1.1)
HTTP/1.1 404 Not Found
Content-Length: 848
Content-Type: application/json; charset=utf-8
cache-control: no-cache

18:03:13.836 [AsyncHttpClient-1-2] DEBUG org.asynchttpclient.netty.channel.ChannelManager - Adding key: http://localhost:42079 for channel [id: 0xf86e0d73, L:/127.0.0.1:56544 - R:localhost/127.0.0.1:42079]
18:03:13.837 [Forwarding getCurrentUrl on session 7f09ba61a31ffe36d034003052e3c280 to remote] DEBUG org.asynchttpclient.netty.request.NettyRequestSender - Using pooled Channel '[id: 0xf86e0d73, L:/127.0.0.1:56544 - R:localhost/127.0.0.1:42079]' for 'GET' to 'http://localhost:42079/session/7f09ba61a31ffe36d034003052e3c280/url'
18:03:13.838 [Forwarding getCurrentUrl on session 7f09ba61a31ffe36d034003052e3c280 to remote] DEBUG org.asynchttpclient.netty.request.NettyRequestSender - Using open Channel [id: 0xf86e0d73, L:/127.0.0.1:56544 - R:localhost/127.0.0.1:42079] for GET '/session/7f09ba61a31ffe36d034003052e3c280/url'
18:03:13.845 [AsyncHttpClient-1-2] DEBUG org.asynchttpclient.netty.handler.HttpHandler - 

Request DefaultFullHttpRequest(decodeResult: success, version: HTTP/1.1, content: EmptyByteBufBE)
GET /session/7f09ba61a31ffe36d034003052e3c280/url HTTP/1.1
User-Agent: selenium/4.8.1 (java windows)
Cache-Control: no-cache
Content-Type: application/json; charset=utf-8
host: localhost:42079
accept: */*

Response DefaultHttpResponse(decodeResult: success, version: HTTP/1.1)
HTTP/1.1 200 OK
Content-Length: 51
Content-Type: application/json; charset=utf-8
cache-control: no-cache

18:03:13.845 [AsyncHttpClient-1-2] DEBUG org.asynchttpclient.netty.channel.ChannelManager - Adding key: http://localhost:42079 for channel [id: 0xf86e0d73, L:/127.0.0.1:56544 - R:localhost/127.0.0.1:42079]
18:03:13.846 [Forwarding screenshot on session 7f09ba61a31ffe36d034003052e3c280 to remote] DEBUG org.asynchttpclient.netty.request.NettyRequestSender - Using pooled Channel '[id: 0xf86e0d73, L:/127.0.0.1:56544 - R:localhost/127.0.0.1:42079]' for 'GET' to 'http://localhost:42079/session/7f09ba61a31ffe36d034003052e3c280/screenshot'
18:03:13.847 [Forwarding screenshot on session 7f09ba61a31ffe36d034003052e3c280 to remote] DEBUG org.asynchttpclient.netty.request.NettyRequestSender - Using open Channel [id: 0xf86e0d73, L:/127.0.0.1:56544 - R:localhost/127.0.0.1:42079] for GET '/session/7f09ba61a31ffe36d034003052e3c280/screenshot'
18:03:14.004 [AsyncHttpClient-1-2] DEBUG org.asynchttpclient.netty.handler.HttpHandler - 

Request DefaultFullHttpRequest(decodeResult: success, version: HTTP/1.1, content: EmptyByteBufBE)
GET /session/7f09ba61a31ffe36d034003052e3c280/screenshot HTTP/1.1
User-Agent: selenium/4.8.1 (java windows)
Cache-Control: no-cache
Content-Type: application/json; charset=utf-8
host: localhost:42079
accept: */*

Response DefaultHttpResponse(decodeResult: success, version: HTTP/1.1)
HTTP/1.1 200 OK
Content-Length: 29696
Content-Type: application/json; charset=utf-8
cache-control: no-cache

18:03:14.005 [AsyncHttpClient-1-2] DEBUG org.asynchttpclient.netty.channel.ChannelManager - Adding key: http://localhost:42079 for channel [id: 0xf86e0d73, L:/127.0.0.1:56544 - R:localhost/127.0.0.1:42079]
18:03:14.007 [main] DEBUG net.serenitybdd.core.photography.Darkroom - Send negative for processing for target\site\serenity\ec91e846d54a14955bcce65810af2a6acb9c0d95e30b485fa2db2e1b9fc7c967.png
18:03:14.008 [main] DEBUG net.thucydides.core.steps.StepInterceptor - STEP DONE: user input valid email
  &amp#27;[32mWhen &amp#27;[0m&amp#27;[32muser input valid email&amp#27;[0m                                &amp#27;[90m# starter.stepdefinition.LoginStep.userInputValidEmail()&amp#27;[0m
18:03:14.008 [Darkroom Processing Line] DEBUG net.serenitybdd.core.photography.DarkroomProcessingLine - Processing screenshot image in /var/screenshots/screenshot-5401611631508734414
18:03:14.008 [Darkroom Processing Line] DEBUG net.serenitybdd.core.photography.DarkroomProcessingLine - Saving screenshot to target\site\serenity\ec91e846d54a14955bcce65810af2a6acb9c0d95e30b485fa2db2e1b9fc7c967.png
18:03:14.022 [main] DEBUG net.thucydides.core.steps.StepInterceptor - STARTING STEP: LoginStep.clickButtonLogin - click button login
18:03:14.026 [Forwarding findElement on session 7f09ba61a31ffe36d034003052e3c280 to remote] DEBUG org.asynchttpclient.netty.request.NettyRequestSender - Using pooled Channel '[id: 0xf86e0d73, L:/127.0.0.1:56544 - R:localhost/127.0.0.1:42079]' for 'POST' to 'http://localhost:42079/session/7f09ba61a31ffe36d034003052e3c280/element'
18:03:14.027 [Forwarding findElement on session 7f09ba61a31ffe36d034003052e3c280 to remote] DEBUG org.asynchttpclient.netty.request.NettyRequestSender - Using open Channel [id: 0xf86e0d73, L:/127.0.0.1:56544 - R:localhost/127.0.0.1:42079] for POST '/session/7f09ba61a31ffe36d034003052e3c280/element'
18:03:14.037 [AsyncHttpClient-1-2] DEBUG org.asynchttpclient.netty.handler.HttpHandler - 

Request DefaultHttpRequest(decodeResult: success, version: HTTP/1.1)
POST /session/7f09ba61a31ffe36d034003052e3c280/element HTTP/1.1
User-Agent: selenium/4.8.1 (java windows)
Content-Length: 69
Content-Type: application/json; charset=utf-8
host: localhost:42079
accept: */*

Response DefaultHttpResponse(decodeResult: success, version: HTTP/1.1)
HTTP/1.1 200 OK
Content-Length: 88
Content-Type: application/json; charset=utf-8
cache-control: no-cache

18:03:14.037 [AsyncHttpClient-1-2] DEBUG org.asynchttpclient.netty.channel.ChannelManager - Adding key: http://localhost:42079 for channel [id: 0xf86e0d73, L:/127.0.0.1:56544 - R:localhost/127.0.0.1:42079]
18:03:14.039 [Forwarding getElementTagName on session 7f09ba61a31ffe36d034003052e3c280 to remote] DEBUG org.asynchttpclient.netty.request.NettyRequestSender - Using pooled Channel '[id: 0xf86e0d73, L:/127.0.0.1:56544 - R:localhost/127.0.0.1:42079]' for 'GET' to 'http://localhost:42079/session/7f09ba61a31ffe36d034003052e3c280/element/800a24f3-f1c0-4f95-b2d2-504d514fa333/name'
18:03:14.040 [Forwarding getElementTagName on session 7f09ba61a31ffe36d034003052e3c280 to remote] DEBUG org.asynchttpclient.netty.request.NettyRequestSender - Using open Channel [id: 0xf86e0d73, L:/127.0.0.1:56544 - R:localhost/127.0.0.1:42079] for GET '/session/7f09ba61a31ffe36d034003052e3c280/element/800a24f3-f1c0-4f95-b2d2-504d514fa333/name'
18:03:14.045 [AsyncHttpClient-1-2] DEBUG org.asynchttpclient.netty.handler.HttpHandler - 

Request DefaultFullHttpRequest(decodeResult: success, version: HTTP/1.1, content: EmptyByteBufBE)
GET /session/7f09ba61a31ffe36d034003052e3c280/element/800a24f3-f1c0-4f95-b2d2-504d514fa333/name HTTP/1.1
User-Agent: selenium/4.8.1 (java windows)
Cache-Control: no-cache
Content-Type: application/json; charset=utf-8
host: localhost:42079
accept: */*

Response DefaultHttpResponse(decodeResult: success, version: HTTP/1.1)
HTTP/1.1 200 OK
Content-Length: 16
Content-Type: application/json; charset=utf-8
cache-control: no-cache

18:03:14.045 [AsyncHttpClient-1-2] DEBUG org.asynchttpclient.netty.channel.ChannelManager - Adding key: http://localhost:42079 for channel [id: 0xf86e0d73, L:/127.0.0.1:56544 - R:localhost/127.0.0.1:42079]
18:03:14.047 [Forwarding getElementTagName on session 7f09ba61a31ffe36d034003052e3c280 to remote] DEBUG org.asynchttpclient.netty.request.NettyRequestSender - Using pooled Channel '[id: 0xf86e0d73, L:/127.0.0.1:56544 - R:localhost/127.0.0.1:42079]' for 'GET' to 'http://localhost:42079/session/7f09ba61a31ffe36d034003052e3c280/element/800a24f3-f1c0-4f95-b2d2-504d514fa333/name'
18:03:14.047 [Forwarding getElementTagName on session 7f09ba61a31ffe36d034003052e3c280 to remote] DEBUG org.asynchttpclient.netty.request.NettyRequestSender - Using open Channel [id: 0xf86e0d73, L:/127.0.0.1:56544 - R:localhost/127.0.0.1:42079] for GET '/session/7f09ba61a31ffe36d034003052e3c280/element/800a24f3-f1c0-4f95-b2d2-504d514fa333/name'
18:03:14.051 [AsyncHttpClient-1-2] DEBUG org.asynchttpclient.netty.handler.HttpHandler - 

Request DefaultFullHttpRequest(decodeResult: success, version: HTTP/1.1, content: EmptyByteBufBE)
GET /session/7f09ba61a31ffe36d034003052e3c280/element/800a24f3-f1c0-4f95-b2d2-504d514fa333/name HTTP/1.1
User-Agent: selenium/4.8.1 (java windows)
Cache-Control: no-cache
Content-Type: application/json; charset=utf-8
host: localhost:42079
accept: */*

Response DefaultHttpResponse(decodeResult: success, version: HTTP/1.1)
HTTP/1.1 200 OK
Content-Length: 16
Content-Type: application/json; charset=utf-8
cache-control: no-cache

18:03:14.052 [AsyncHttpClient-1-2] DEBUG org.asynchttpclient.netty.channel.ChannelManager - Adding key: http://localhost:42079 for channel [id: 0xf86e0d73, L:/127.0.0.1:56544 - R:localhost/127.0.0.1:42079]
18:03:14.056 [Forwarding findElement on session 7f09ba61a31ffe36d034003052e3c280 to remote] DEBUG org.asynchttpclient.netty.request.NettyRequestSender - Using pooled Channel '[id: 0xf86e0d73, L:/127.0.0.1:56544 - R:localhost/127.0.0.1:42079]' for 'POST' to 'http://localhost:42079/session/7f09ba61a31ffe36d034003052e3c280/element'
18:03:14.056 [Forwarding findElement on session 7f09ba61a31ffe36d034003052e3c280 to remote] DEBUG org.asynchttpclient.netty.request.NettyRequestSender - Using open Channel [id: 0xf86e0d73, L:/127.0.0.1:56544 - R:localhost/127.0.0.1:42079] for POST '/session/7f09ba61a31ffe36d034003052e3c280/element'
18:03:14.082 [AsyncHttpClient-1-2] DEBUG org.asynchttpclient.netty.handler.HttpHandler - 

Request DefaultHttpRequest(decodeResult: success, version: HTTP/1.1)
POST /session/7f09ba61a31ffe36d034003052e3c280/element HTTP/1.1
User-Agent: selenium/4.8.1 (java windows)
Content-Length: 69
Content-Type: application/json; charset=utf-8
host: localhost:42079
accept: */*

Response DefaultHttpResponse(decodeResult: success, version: HTTP/1.1)
HTTP/1.1 200 OK
Content-Length: 88
Content-Type: application/json; charset=utf-8
cache-control: no-cache

18:03:14.082 [AsyncHttpClient-1-2] DEBUG org.asynchttpclient.netty.channel.ChannelManager - Adding key: http://localhost:42079 for channel [id: 0xf86e0d73, L:/127.0.0.1:56544 - R:localhost/127.0.0.1:42079]
18:03:14.083 [Forwarding clickElement on session 7f09ba61a31ffe36d034003052e3c280 to remote] DEBUG org.asynchttpclient.netty.request.NettyRequestSender - Using pooled Channel '[id: 0xf86e0d73, L:/127.0.0.1:56544 - R:localhost/127.0.0.1:42079]' for 'POST' to 'http://localhost:42079/session/7f09ba61a31ffe36d034003052e3c280/element/800a24f3-f1c0-4f95-b2d2-504d514fa333/click'
18:03:14.083 [Forwarding clickElement on session 7f09ba61a31ffe36d034003052e3c280 to remote] DEBUG org.asynchttpclient.netty.request.NettyRequestSender - Using open Channel [id: 0xf86e0d73, L:/127.0.0.1:56544 - R:localhost/127.0.0.1:42079] for POST '/session/7f09ba61a31ffe36d034003052e3c280/element/800a24f3-f1c0-4f95-b2d2-504d514fa333/click'
18:03:14.171 [AsyncHttpClient-1-2] DEBUG org.asynchttpclient.netty.handler.HttpHandler - 

Request DefaultHttpRequest(decodeResult: success, version: HTTP/1.1)
POST /session/7f09ba61a31ffe36d034003052e3c280/element/800a24f3-f1c0-4f95-b2d2-504d514fa333/click HTTP/1.1
User-Agent: selenium/4.8.1 (java windows)
Content-Length: 50
Content-Type: application/json; charset=utf-8
host: localhost:42079
accept: */*

Response DefaultHttpResponse(decodeResult: success, version: HTTP/1.1)
HTTP/1.1 200 OK
Content-Length: 14
Content-Type: application/json; charset=utf-8
cache-control: no-cache

18:03:14.172 [AsyncHttpClient-1-2] DEBUG org.asynchttpclient.netty.channel.ChannelManager - Adding key: http://localhost:42079 for channel [id: 0xf86e0d73, L:/127.0.0.1:56544 - R:localhost/127.0.0.1:42079]
18:03:14.183 [Forwarding getAlertText on session 7f09ba61a31ffe36d034003052e3c280 to remote] DEBUG org.asynchttpclient.netty.request.NettyRequestSender - Using pooled Channel '[id: 0xf86e0d73, L:/127.0.0.1:56544 - R:localhost/127.0.0.1:42079]' for 'GET' to 'http://localhost:42079/session/7f09ba61a31ffe36d034003052e3c280/alert/text'
18:03:14.184 [Forwarding getAlertText on session 7f09ba61a31ffe36d034003052e3c280 to remote] DEBUG org.asynchttpclient.netty.request.NettyRequestSender - Using open Channel [id: 0xf86e0d73, L:/127.0.0.1:56544 - R:localhost/127.0.0.1:42079] for GET '/session/7f09ba61a31ffe36d034003052e3c280/alert/text'
18:03:14.185 [AsyncHttpClient-1-2] DEBUG org.asynchttpclient.netty.handler.HttpHandler - 

Request DefaultFullHttpRequest(decodeResult: success, version: HTTP/1.1, content: EmptyByteBufBE)
GET /session/7f09ba61a31ffe36d034003052e3c280/alert/text HTTP/1.1
User-Agent: selenium/4.8.1 (java windows)
Cache-Control: no-cache
Content-Type: application/json; charset=utf-8
host: localhost:42079
accept: */*

Response DefaultHttpResponse(decodeResult: success, version: HTTP/1.1)
HTTP/1.1 404 Not Found
Content-Length: 848
Content-Type: application/json; charset=utf-8
cache-control: no-cache

18:03:14.186 [AsyncHttpClient-1-2] DEBUG org.asynchttpclient.netty.channel.ChannelManager - Adding key: http://localhost:42079 for channel [id: 0xf86e0d73, L:/127.0.0.1:56544 - R:localhost/127.0.0.1:42079]
18:03:14.187 [Forwarding getCurrentUrl on session 7f09ba61a31ffe36d034003052e3c280 to remote] DEBUG org.asynchttpclient.netty.request.NettyRequestSender - Using pooled Channel '[id: 0xf86e0d73, L:/127.0.0.1:56544 - R:localhost/127.0.0.1:42079]' for 'GET' to 'http://localhost:42079/session/7f09ba61a31ffe36d034003052e3c280/url'
18:03:14.187 [Forwarding getCurrentUrl on session 7f09ba61a31ffe36d034003052e3c280 to remote] DEBUG org.asynchttpclient.netty.request.NettyRequestSender - Using open Channel [id: 0xf86e0d73, L:/127.0.0.1:56544 - R:localhost/127.0.0.1:42079] for GET '/session/7f09ba61a31ffe36d034003052e3c280/url'
18:03:14.195 [AsyncHttpClient-1-2] DEBUG org.asynchttpclient.netty.handler.HttpHandler - 

Request DefaultFullHttpRequest(decodeResult: success, version: HTTP/1.1, content: EmptyByteBufBE)
GET /session/7f09ba61a31ffe36d034003052e3c280/url HTTP/1.1
User-Agent: selenium/4.8.1 (java windows)
Cache-Control: no-cache
Content-Type: application/json; charset=utf-8
host: localhost:42079
accept: */*

Response DefaultHttpResponse(decodeResult: success, version: HTTP/1.1)
HTTP/1.1 200 OK
Content-Length: 51
Content-Type: application/json; charset=utf-8
cache-control: no-cache

18:03:14.195 [AsyncHttpClient-1-2] DEBUG org.asynchttpclient.netty.channel.ChannelManager - Adding key: http://localhost:42079 for channel [id: 0xf86e0d73, L:/127.0.0.1:56544 - R:localhost/127.0.0.1:42079]
18:03:14.196 [Forwarding screenshot on session 7f09ba61a31ffe36d034003052e3c280 to remote] DEBUG org.asynchttpclient.netty.request.NettyRequestSender - Using pooled Channel '[id: 0xf86e0d73, L:/127.0.0.1:56544 - R:localhost/127.0.0.1:42079]' for 'GET' to 'http://localhost:42079/session/7f09ba61a31ffe36d034003052e3c280/screenshot'
18:03:14.196 [Forwarding screenshot on session 7f09ba61a31ffe36d034003052e3c280 to remote] DEBUG org.asynchttpclient.netty.request.NettyRequestSender - Using open Channel [id: 0xf86e0d73, L:/127.0.0.1:56544 - R:localhost/127.0.0.1:42079] for GET '/session/7f09ba61a31ffe36d034003052e3c280/screenshot'
18:03:14.353 [AsyncHttpClient-1-2] DEBUG org.asynchttpclient.netty.handler.HttpHandler - 

Request DefaultFullHttpRequest(decodeResult: success, version: HTTP/1.1, content: EmptyByteBufBE)
GET /session/7f09ba61a31ffe36d034003052e3c280/screenshot HTTP/1.1
User-Agent: selenium/4.8.1 (java windows)
Cache-Control: no-cache
Content-Type: application/json; charset=utf-8
host: localhost:42079
accept: */*

Response DefaultHttpResponse(decodeResult: success, version: HTTP/1.1)
HTTP/1.1 200 OK
Content-Length: 29868
Content-Type: application/json; charset=utf-8
cache-control: no-cache

18:03:14.354 [AsyncHttpClient-1-2] DEBUG org.asynchttpclient.netty.channel.ChannelManager - Adding key: http://localhost:42079 for channel [id: 0xf86e0d73, L:/127.0.0.1:56544 - R:localhost/127.0.0.1:42079]
18:03:14.357 [main] DEBUG net.serenitybdd.core.photography.Darkroom - Send negative for processing for target\site\serenity\4a8f76ab5b8e5d681f5e98b746fc35351b945baf496b340aac0bbd9c20103af1.png
18:03:14.358 [main] DEBUG net.thucydides.core.steps.StepInterceptor - STEP DONE: click button login
  &amp#27;[32mAnd &amp#27;[0m&amp#27;[32mclick button login&amp#27;[0m                                     &amp#27;[90m# starter.stepdefinition.LoginStep.clickButtonLogin()&amp#27;[0m
18:03:14.358 [Darkroom Processing Line] DEBUG net.serenitybdd.core.photography.DarkroomProcessingLine - Processing screenshot image in /var/screenshots/screenshot-5331563195192538191
18:03:14.358 [Darkroom Processing Line] DEBUG net.serenitybdd.core.photography.DarkroomProcessingLine - Saving screenshot to target\site\serenity\4a8f76ab5b8e5d681f5e98b746fc35351b945baf496b340aac0bbd9c20103af1.png
18:03:14.374 [main] DEBUG net.thucydides.core.steps.StepInterceptor - STARTING STEP: LoginStep.userSeeErrorMessage - user see error message
18:03:14.377 [Forwarding findElement on session 7f09ba61a31ffe36d034003052e3c280 to remote] DEBUG org.asynchttpclient.netty.request.NettyRequestSender - Using pooled Channel '[id: 0xf86e0d73, L:/127.0.0.1:56544 - R:localhost/127.0.0.1:42079]' for 'POST' to 'http://localhost:42079/session/7f09ba61a31ffe36d034003052e3c280/element'
18:03:14.377 [Forwarding findElement on session 7f09ba61a31ffe36d034003052e3c280 to remote] DEBUG org.asynchttpclient.netty.request.NettyRequestSender - Using open Channel [id: 0xf86e0d73, L:/127.0.0.1:56544 - R:localhost/127.0.0.1:42079] for POST '/session/7f09ba61a31ffe36d034003052e3c280/element'
18:03:14.549 [AsyncHttpClient-1-2] DEBUG org.asynchttpclient.netty.handler.HttpHandler - 

Request DefaultHttpRequest(decodeResult: success, version: HTTP/1.1)
POST /session/7f09ba61a31ffe36d034003052e3c280/element HTTP/1.1
User-Agent: selenium/4.8.1 (java windows)
Content-Length: 79
Content-Type: application/json; charset=utf-8
host: localhost:42079
accept: */*

Response DefaultHttpResponse(decodeResult: success, version: HTTP/1.1)
HTTP/1.1 200 OK
Content-Length: 88
Content-Type: application/json; charset=utf-8
cache-control: no-cache

18:03:14.549 [AsyncHttpClient-1-2] DEBUG org.asynchttpclient.netty.channel.ChannelManager - Adding key: http://localhost:42079 for channel [id: 0xf86e0d73, L:/127.0.0.1:56544 - R:localhost/127.0.0.1:42079]
18:03:14.554 [Forwarding isElementDisplayed on session 7f09ba61a31ffe36d034003052e3c280 to remote] DEBUG org.asynchttpclient.netty.request.NettyRequestSender - Using pooled Channel '[id: 0xf86e0d73, L:/127.0.0.1:56544 - R:localhost/127.0.0.1:42079]' for 'POST' to 'http://localhost:42079/session/7f09ba61a31ffe36d034003052e3c280/execute/sync'
18:03:14.554 [Forwarding isElementDisplayed on session 7f09ba61a31ffe36d034003052e3c280 to remote] DEBUG org.asynchttpclient.netty.request.NettyRequestSender - Using open Channel [id: 0xf86e0d73, L:/127.0.0.1:56544 - R:localhost/127.0.0.1:42079] for POST '/session/7f09ba61a31ffe36d034003052e3c280/execute/sync'
18:03:14.603 [AsyncHttpClient-1-2] DEBUG org.asynchttpclient.netty.handler.HttpHandler - 

Request DefaultHttpRequest(decodeResult: success, version: HTTP/1.1)
POST /session/7f09ba61a31ffe36d034003052e3c280/execute/sync HTTP/1.1
User-Agent: selenium/4.8.1 (java windows)
Content-Length: 48807
Content-Type: application/json; charset=utf-8
host: localhost:42079
accept: */*

Response DefaultHttpResponse(decodeResult: success, version: HTTP/1.1)
HTTP/1.1 200 OK
Content-Length: 14
Content-Type: application/json; charset=utf-8
cache-control: no-cache

18:03:14.603 [AsyncHttpClient-1-2] DEBUG org.asynchttpclient.netty.channel.ChannelManager - Adding key: http://localhost:42079 for channel [id: 0xf86e0d73, L:/127.0.0.1:56544 - R:localhost/127.0.0.1:42079]
18:03:14.611 [Forwarding getAlertText on session 7f09ba61a31ffe36d034003052e3c280 to remote] DEBUG org.asynchttpclient.netty.request.NettyRequestSender - Using pooled Channel '[id: 0xf86e0d73, L:/127.0.0.1:56544 - R:localhost/127.0.0.1:42079]' for 'GET' to 'http://localhost:42079/session/7f09ba61a31ffe36d034003052e3c280/alert/text'
18:03:14.611 [Forwarding getAlertText on session 7f09ba61a31ffe36d034003052e3c280 to remote] DEBUG org.asynchttpclient.netty.request.NettyRequestSender - Using open Channel [id: 0xf86e0d73, L:/127.0.0.1:56544 - R:localhost/127.0.0.1:42079] for GET '/session/7f09ba61a31ffe36d034003052e3c280/alert/text'
18:03:14.613 [AsyncHttpClient-1-2] DEBUG org.asynchttpclient.netty.handler.HttpHandler - 

Request DefaultFullHttpRequest(decodeResult: success, version: HTTP/1.1, content: EmptyByteBufBE)
GET /session/7f09ba61a31ffe36d034003052e3c280/alert/text HTTP/1.1
User-Agent: selenium/4.8.1 (java windows)
Cache-Control: no-cache
Content-Type: application/json; charset=utf-8
host: localhost:42079
accept: */*

Response DefaultHttpResponse(decodeResult: success, version: HTTP/1.1)
HTTP/1.1 404 Not Found
Content-Length: 848
Content-Type: application/json; charset=utf-8
cache-control: no-cache

18:03:14.613 [AsyncHttpClient-1-2] DEBUG org.asynchttpclient.netty.channel.ChannelManager - Adding key: http://localhost:42079 for channel [id: 0xf86e0d73, L:/127.0.0.1:56544 - R:localhost/127.0.0.1:42079]
18:03:14.614 [Forwarding getCurrentUrl on session 7f09ba61a31ffe36d034003052e3c280 to remote] DEBUG org.asynchttpclient.netty.request.NettyRequestSender - Using pooled Channel '[id: 0xf86e0d73, L:/127.0.0.1:56544 - R:localhost/127.0.0.1:42079]' for 'GET' to 'http://localhost:42079/session/7f09ba61a31ffe36d034003052e3c280/url'
18:03:14.614 [Forwarding getCurrentUrl on session 7f09ba61a31ffe36d034003052e3c280 to remote] DEBUG org.asynchttpclient.netty.request.NettyRequestSender - Using open Channel [id: 0xf86e0d73, L:/127.0.0.1:56544 - R:localhost/127.0.0.1:42079] for GET '/session/7f09ba61a31ffe36d034003052e3c280/url'
18:03:14.618 [AsyncHttpClient-1-2] DEBUG org.asynchttpclient.netty.handler.HttpHandler - 

Request DefaultFullHttpRequest(decodeResult: success, version: HTTP/1.1, content: EmptyByteBufBE)
GET /session/7f09ba61a31ffe36d034003052e3c280/url HTTP/1.1
User-Agent: selenium/4.8.1 (java windows)
Cache-Control: no-cache
Content-Type: application/json; charset=utf-8
host: localhost:42079
accept: */*

Response DefaultHttpResponse(decodeResult: success, version: HTTP/1.1)
HTTP/1.1 200 OK
Content-Length: 51
Content-Type: application/json; charset=utf-8
cache-control: no-cache

18:03:14.618 [AsyncHttpClient-1-2] DEBUG org.asynchttpclient.netty.channel.ChannelManager - Adding key: http://localhost:42079 for channel [id: 0xf86e0d73, L:/127.0.0.1:56544 - R:localhost/127.0.0.1:42079]
18:03:14.619 [Forwarding screenshot on session 7f09ba61a31ffe36d034003052e3c280 to remote] DEBUG org.asynchttpclient.netty.request.NettyRequestSender - Using pooled Channel '[id: 0xf86e0d73, L:/127.0.0.1:56544 - R:localhost/127.0.0.1:42079]' for 'GET' to 'http://localhost:42079/session/7f09ba61a31ffe36d034003052e3c280/screenshot'
18:03:14.619 [Forwarding screenshot on session 7f09ba61a31ffe36d034003052e3c280 to remote] DEBUG org.asynchttpclient.netty.request.NettyRequestSender - Using open Channel [id: 0xf86e0d73, L:/127.0.0.1:56544 - R:localhost/127.0.0.1:42079] for GET '/session/7f09ba61a31ffe36d034003052e3c280/screenshot'
18:03:14.748 [AsyncHttpClient-1-1] DEBUG org.asynchttpclient.netty.channel.DefaultChannelPool - Entry count for : http://localhost:56545 : 1
18:03:14.756 [AsyncHttpClient-1-2] DEBUG org.asynchttpclient.netty.handler.HttpHandler - 

Request DefaultFullHttpRequest(decodeResult: success, version: HTTP/1.1, content: EmptyByteBufBE)
GET /session/7f09ba61a31ffe36d034003052e3c280/screenshot HTTP/1.1
User-Agent: selenium/4.8.1 (java windows)
Cache-Control: no-cache
Content-Type: application/json; charset=utf-8
host: localhost:42079
accept: */*

Response DefaultHttpResponse(decodeResult: success, version: HTTP/1.1)
HTTP/1.1 200 OK
Content-Length: 34928
Content-Type: application/json; charset=utf-8
cache-control: no-cache

18:03:14.756 [AsyncHttpClient-1-2] DEBUG org.asynchttpclient.netty.channel.ChannelManager - Adding key: http://localhost:42079 for channel [id: 0xf86e0d73, L:/127.0.0.1:56544 - R:localhost/127.0.0.1:42079]
18:03:14.760 [main] DEBUG net.serenitybdd.core.photography.Darkroom - Send negative for processing for target\site\serenity\a02e7f1b0784160b2cb9a7fb56d86e3ae94f0efa1d14544df295d8e0945074f6.png
18:03:14.760 [main] DEBUG net.thucydides.core.steps.StepInterceptor - STEP DONE: user see error message
  &amp#27;[32mThen &amp#27;[0m&amp#27;[32muser see error message &amp#27;[0m&amp#27;[32m&amp#27;[1m"record not found"&amp#27;[0m             &amp#27;[90m# starter.stepdefinition.LoginStep.userSeeErrorMessage(java.lang.String)&amp#27;[0m
18:03:14.761 [Darkroom Processing Line] DEBUG net.serenitybdd.core.photography.DarkroomProcessingLine - Processing screenshot image in /var/screenshots/screenshot-3162738308367301041
18:03:14.761 [Darkroom Processing Line] DEBUG net.serenitybdd.core.photography.DarkroomProcessingLine - Saving screenshot to target\site\serenity\a02e7f1b0784160b2cb9a7fb56d86e3ae94f0efa1d14544df295d8e0945074f6.png
18:03:14.768 [main] INFO  - 
  _____   ___   ___   _____     ___     _     ___   ___   ___   ___  
 |_   _| | __| / __| |_   _|   | _ \   /_\   / __| / __| | __| |   \ 
   | |   | _|  \__ \   | |     |  _/  / _ \  \__ \ \__ \ | _|  | |) |
   |_|   |___| |___/   |_|     |_|   /_/ \_\ |___/ |___/ |___| |___/ 

As a user, I login without input email or password
----------------------------------------------------------------------
18:03:14.769 [AsyncHttpClient-1-4] DEBUG org.asynchttpclient.netty.handler.WebSocketHandler - Channel Closed: [id: 0x229a620d, L:/127.0.0.1:56552 ! R:localhost/127.0.0.1:56545] with attribute NettyResponseFuture{currentRetry=0,
	isDone=1,
	isCancelled=0,
	asyncHandler=org.asynchttpclient.ws.WebSocketUpgradeHandler@565d9f2c,
	nettyRequest=org.asynchttpclient.netty.request.NettyRequest@131f3cd7,
	future=java.util.concurrent.CompletableFuture@3b04fb4e[Completed normally],
	uri=ws://localhost:56545/devtools/browser/ae34175b-d5dc-4cc2-9b17-e2fac0924b9d,
	keepAlive=true,
	redirectCount=0,
	timeoutsHolder=null,
	inAuth=0,
	touch=1683543792024}
18:03:14.769 [AsyncHttpClient-1-4] DEBUG org.asynchttpclient.netty.channel.ChannelManager - Closing Channel [id: 0x229a620d, L:/127.0.0.1:56552 ! R:localhost/127.0.0.1:56545] 
18:03:14.770 [Driver Command Executor] DEBUG org.asynchttpclient.netty.request.NettyRequestSender - Using pooled Channel '[id: 0xf86e0d73, L:/127.0.0.1:56544 - R:localhost/127.0.0.1:42079]' for 'DELETE' to 'http://localhost:42079/session/7f09ba61a31ffe36d034003052e3c280'
18:03:14.770 [Driver Command Executor] DEBUG org.asynchttpclient.netty.request.NettyRequestSender - Using open Channel [id: 0xf86e0d73, L:/127.0.0.1:56544 - R:localhost/127.0.0.1:42079] for DELETE '/session/7f09ba61a31ffe36d034003052e3c280'
18:03:15.278 [AsyncHttpClient-1-3] DEBUG org.asynchttpclient.netty.handler.HttpHandler - Unexpected I/O exception on channel [id: 0xc05ade39, L:/127.0.0.1:56551 - R:localhost/127.0.0.1:56545]
java.io.IOException: An existing connection was forcibly closed by the remote host
	at sun.nio.ch.SocketDispatcher.read0(Native Method)
	at sun.nio.ch.SocketDispatcher.read(SocketDispatcher.java:43)
	at sun.nio.ch.IOUtil.readIntoNativeBuffer(IOUtil.java:223)
	at sun.nio.ch.IOUtil.read(IOUtil.java:192)
	at sun.nio.ch.SocketChannelImpl.read(SocketChannelImpl.java:378)
	at io.netty.buffer.PooledByteBuf.setBytes(PooledByteBuf.java:259)
	at io.netty.buffer.AbstractByteBuf.writeBytes(AbstractByteBuf.java:1132)
	at io.netty.channel.socket.nio.NioSocketChannel.doReadBytes(NioSocketChannel.java:357)
	at io.netty.channel.nio.AbstractNioByteChannel$NioByteUnsafe.read(AbstractNioByteChannel.java:151)
	at io.netty.channel.nio.NioEventLoop.processSelectedKey(NioEventLoop.java:788)
	at io.netty.channel.nio.NioEventLoop.processSelectedKeysOptimized(NioEventLoop.java:724)
	at io.netty.channel.nio.NioEventLoop.processSelectedKeys(NioEventLoop.java:650)
	at io.netty.channel.nio.NioEventLoop.run(NioEventLoop.java:562)
	at io.netty.util.concurrent.SingleThreadEventExecutor$4.run(SingleThreadEventExecutor.java:997)
	at io.netty.util.internal.ThreadExecutorMap$2.run(ThreadExecutorMap.java:74)
	at io.netty.util.concurrent.FastThreadLocalRunnable.run(FastThreadLocalRunnable.java:30)
	at java.lang.Thread.run(Thread.java:748)
18:03:15.278 [AsyncHttpClient-1-3] DEBUG org.asynchttpclient.netty.channel.ChannelManager - Closing Channel [id: 0xc05ade39, L:/127.0.0.1:56551 - R:localhost/127.0.0.1:56545] 
18:03:15.279 [AsyncHttpClient-1-3] DEBUG org.asynchttpclient.netty.handler.HttpHandler - Channel Closed: [id: 0xc05ade39, L:/127.0.0.1:56551 ! R:localhost/127.0.0.1:56545] with attribute DISCARD
18:03:15.475 [AsyncHttpClient-1-2] DEBUG org.asynchttpclient.netty.handler.HttpHandler - 

Request DefaultFullHttpRequest(decodeResult: success, version: HTTP/1.1, content: EmptyByteBufBE)
DELETE /session/7f09ba61a31ffe36d034003052e3c280 HTTP/1.1
User-Agent: selenium/4.8.1 (java windows)
Content-Type: application/json; charset=utf-8
host: localhost:42079
accept: */*

Response DefaultHttpResponse(decodeResult: success, version: HTTP/1.1)
HTTP/1.1 200 OK
Content-Length: 14
Content-Type: application/json; charset=utf-8
cache-control: no-cache

18:03:15.475 [AsyncHttpClient-1-2] DEBUG org.asynchttpclient.netty.channel.ChannelManager - Adding key: http://localhost:42079 for channel [id: 0xf86e0d73, L:/127.0.0.1:56544 - R:localhost/127.0.0.1:42079]
18:03:16.181 [AsyncHttpClient-1-1] DEBUG org.asynchttpclient.netty.channel.DefaultChannelPool - Entry count for : http://localhost:56545 : 1
18:03:16.182 [AsyncHttpClient-1-1] DEBUG org.asynchttpclient.netty.channel.DefaultChannelPool - Entry count for : http://localhost:42079 : 1
18:03:16.182 [AsyncHttpClient-1-1] DEBUG org.asynchttpclient.netty.channel.DefaultChannelPool - Adding Candidate expired Channel [id: 0xc05ade39, L:/127.0.0.1:56551 ! R:localhost/127.0.0.1:56545] isIdleTimeoutExpired=false isRemotelyClosed=true isTtlExpired=false
18:03:16.182 [AsyncHttpClient-1-1] DEBUG org.asynchttpclient.netty.channel.DefaultChannelPool - Closing Idle Channel [id: 0xc05ade39, L:/127.0.0.1:56551 ! R:localhost/127.0.0.1:56545]
18:03:16.182 [AsyncHttpClient-1-1] DEBUG org.asynchttpclient.netty.channel.DefaultChannelPool - Closed 1 connections out of 2 in 0 ms
18:03:17.259 [AsyncHttpClient-1-1] DEBUG org.asynchttpclient.netty.channel.DefaultChannelPool - Entry count for : http://localhost:42079 : 1
18:03:17.629 [AsyncHttpClient-1-2] DEBUG org.asynchttpclient.netty.handler.HttpHandler - Unexpected I/O exception on channel [id: 0xf86e0d73, L:/127.0.0.1:56544 - R:localhost/127.0.0.1:42079]
java.io.IOException: An existing connection was forcibly closed by the remote host
	at sun.nio.ch.SocketDispatcher.read0(Native Method)
	at sun.nio.ch.SocketDispatcher.read(SocketDispatcher.java:43)
	at sun.nio.ch.IOUtil.readIntoNativeBuffer(IOUtil.java:223)
	at sun.nio.ch.IOUtil.read(IOUtil.java:192)
	at sun.nio.ch.SocketChannelImpl.read(SocketChannelImpl.java:378)
	at io.netty.buffer.PooledByteBuf.setBytes(PooledByteBuf.java:259)
	at io.netty.buffer.AbstractByteBuf.writeBytes(AbstractByteBuf.java:1132)
	at io.netty.channel.socket.nio.NioSocketChannel.doReadBytes(NioSocketChannel.java:357)
	at io.netty.channel.nio.AbstractNioByteChannel$NioByteUnsafe.read(AbstractNioByteChannel.java:151)
	at io.netty.channel.nio.NioEventLoop.processSelectedKey(NioEventLoop.java:788)
	at io.netty.channel.nio.NioEventLoop.processSelectedKeysOptimized(NioEventLoop.java:724)
	at io.netty.channel.nio.NioEventLoop.processSelectedKeys(NioEventLoop.java:650)
	at io.netty.channel.nio.NioEventLoop.run(NioEventLoop.java:562)
	at io.netty.util.concurrent.SingleThreadEventExecutor$4.run(SingleThreadEventExecutor.java:997)
	at io.netty.util.internal.ThreadExecutorMap$2.run(ThreadExecutorMap.java:74)
	at io.netty.util.concurrent.FastThreadLocalRunnable.run(FastThreadLocalRunnable.java:30)
	at java.lang.Thread.run(Thread.java:748)
18:03:17.629 [AsyncHttpClient-1-2] DEBUG org.asynchttpclient.netty.channel.ChannelManager - Closing Channel [id: 0xf86e0d73, L:/127.0.0.1:56544 - R:localhost/127.0.0.1:42079] 
18:03:17.629 [AsyncHttpClient-1-2] DEBUG org.asynchttpclient.netty.handler.HttpHandler - Channel Closed: [id: 0xf86e0d73, L:/127.0.0.1:56544 ! R:localhost/127.0.0.1:42079] with attribute DISCARD
]]></system-out>
    <system-err><![CDATA[Starting ChromeDriver 112.0.5615.49 (bd2a7bcb881c11e8cfe3078709382934e3916914-refs/branch-heads/5615@{#936}) on port 42079
Only local connections are allowed.
Please see https://chromedriver.chromium.org/security-considerations for suggestions on keeping ChromeDriver safe.
ChromeDriver was started successfully.
May 08, 2023 6:03:12 PM org.openqa.selenium.devtools.CdpVersionFinder findNearestMatch
WARNING: Unable to find an exact match for CDP version 112, so returning the closest version found: 110
May 08, 2023 6:03:17 PM org.openqa.selenium.os.OsProcess destroy
SEVERE: Unable to kill process java.lang.ProcessImpl@7f6a6d46
]]></system-err>
  </testcase>
  <testcase name="As a user, I login with invalid email and password" classname="Login - As a user I want to buy some product So that I have to login" time="5.102">
    <system-out><![CDATA[
@TC_Login_005
Scenario: As a user, I login with invalid email and password &amp#27;[90m# src/test/resources/features/Login.feature:35&amp#27;[0m
18:03:17.702 [main] DEBUG io.cucumber.core.plugin.SerenityReporter - Running feature from file:///C:/Users/user/IdeaProjects/QE_Devi%20Agustin%20Utari_Mini_Project/Web_Automation_AltaShop/src/test/resources/features/Login.feature
18:03:17.704 [main] INFO  - 
  _____   ___   ___   _____     ___   _____     _     ___   _____   ___   ___  
 |_   _| | __| / __| |_   _|   / __| |_   _|   /_\   | _ \ |_   _| | __| |   \ 
   | |   | _|  \__ \   | |     \__ \   | |    / _ \  |   /   | |   | _|  | |) |
   |_|   |___| |___/   |_|     |___/   |_|   /_/ \_\ |_|_\   |_|   |___| |___/ 

As a user, I login with invalid email and password(login---as-a-user-i-want-to-buy-some-product-so-that-i-have-to-login;as-a-user--i-login-with-invalid-email-and-password)
--------------------------------------------------------------------------------
18:03:17.723 [main] DEBUG net.thucydides.core.steps.StepInterceptor - STARTING STEP: LoginStep.userOnLoginPage - user on login page
18:03:17.791 [main] INFO net.serenitybdd.core.webdriver.driverproviders.ChromeDriverProvider - Starting Chrome driver instance with capabilities:
18:03:17.791 [main] INFO net.serenitybdd.core.webdriver.driverproviders.ChromeDriverProvider - Capabilities {acceptInsecureCerts: true, browserName: chrome, goog:chromeOptions: {args: [remote-allow-origins=*, test-type, no-sandbox, ignore-certificate-errors, start-maximized, incognito, disable-infobars, disable-gpu, disable-default-apps, disable-popup-blocking, remote-allow-origins=*, test-type, no-sandbox, ignore-certificate-errors, start-maximized, incognito, disable-infobars, disable-gpu, disable-default-apps, disable-popup-blocking, remote-allow-origins=*], extensions: []}}
18:03:18.350 [AsyncHttpClient-1-1] DEBUG org.asynchttpclient.netty.channel.DefaultChannelPool - Entry count for : http://localhost:42079 : 1
18:03:18.350 [AsyncHttpClient-1-1] DEBUG org.asynchttpclient.netty.channel.DefaultChannelPool - Adding Candidate expired Channel [id: 0xf86e0d73, L:/127.0.0.1:56544 ! R:localhost/127.0.0.1:42079] isIdleTimeoutExpired=false isRemotelyClosed=true isTtlExpired=false
18:03:18.350 [AsyncHttpClient-1-1] DEBUG org.asynchttpclient.netty.channel.DefaultChannelPool - Closing Idle Channel [id: 0xf86e0d73, L:/127.0.0.1:56544 ! R:localhost/127.0.0.1:42079]
18:03:18.350 [AsyncHttpClient-1-1] DEBUG org.asynchttpclient.netty.channel.DefaultChannelPool - Closed 1 connections out of 1 in 0 ms
18:03:18.387 [AsyncHttpClient-1-5] DEBUG org.asynchttpclient.netty.channel.NettyConnectListener - Using new Channel '[id: 0x1d6ceefd, L:/127.0.0.1:56568 - R:localhost/127.0.0.1:25218]' for 'POST' to '/session'
18:03:19.180 [AsyncHttpClient-1-5] DEBUG org.asynchttpclient.netty.handler.HttpHandler - 

Request DefaultHttpRequest(decodeResult: success, version: HTTP/1.1)
POST /session HTTP/1.1
User-Agent: selenium/4.8.1 (java windows)
Content-Length: 1701
Content-Type: application/json; charset=utf-8
host: localhost:25218
accept: */*

Response DefaultHttpResponse(decodeResult: success, version: HTTP/1.1)
HTTP/1.1 200 OK
Content-Length: 841
Content-Type: application/json; charset=utf-8
cache-control: no-cache

18:03:19.180 [AsyncHttpClient-1-5] DEBUG org.asynchttpclient.netty.channel.ChannelManager - Adding key: http://localhost:25218 for channel [id: 0x1d6ceefd, L:/127.0.0.1:56568 - R:localhost/127.0.0.1:25218]
18:03:19.185 [AsyncHttpClient-1-6] DEBUG org.asynchttpclient.netty.channel.NettyConnectListener - Using new Channel '[id: 0xee74dbd8, L:/127.0.0.1:56574 - R:localhost/127.0.0.1:56569]' for 'GET' to '/json/version'
18:03:19.185 [AsyncHttpClient-1-6] DEBUG org.asynchttpclient.netty.handler.HttpHandler - 

Request DefaultFullHttpRequest(decodeResult: success, version: HTTP/1.1, content: EmptyByteBufBE)
GET /json/version HTTP/1.1
User-Agent: selenium/4.8.1 (java windows)
host: localhost:56569
accept: */*

Response DefaultHttpResponse(decodeResult: success, version: HTTP/1.1)
HTTP/1.1 200 OK
Content-Security-Policy: frame-ancestors 'none'
Content-Length: 424
Content-Type: application/json; charset=UTF-8

18:03:19.185 [AsyncHttpClient-1-6] DEBUG org.asynchttpclient.netty.channel.ChannelManager - Adding key: http://localhost:56569 for channel [id: 0xee74dbd8, L:/127.0.0.1:56574 - R:localhost/127.0.0.1:56569]
18:03:19.187 [AsyncHttpClient-1-7] DEBUG org.asynchttpclient.netty.channel.NettyConnectListener - Using new Channel '[id: 0x3622e092, L:/127.0.0.1:56575 - R:localhost/127.0.0.1:56569]' for 'GET' to '/devtools/browser/cf2bf59f-a2e3-4b29-b9eb-3ea53c93568f'
18:03:19.187 [AsyncHttpClient-1-7] DEBUG org.asynchttpclient.netty.handler.WebSocketHandler - 

Request DefaultFullHttpRequest(decodeResult: success, version: HTTP/1.1, content: EmptyByteBufBE)
GET /devtools/browser/cf2bf59f-a2e3-4b29-b9eb-3ea53c93568f HTTP/1.1
upgrade: websocket
connection: upgrade
sec-websocket-key: yx1SVfAys9nZDbTonJzcUg==
sec-websocket-version: 13
origin: http://localhost:56569
host: localhost:56569
accept: */*
user-agent: AHC/2.1

Response DefaultHttpResponse(decodeResult: success, version: HTTP/1.1)
HTTP/1.1 101 WebSocket Protocol Handshake
Upgrade: WebSocket
Connection: Upgrade
Sec-WebSocket-Accept: XEJwd2VembCceyNp8xJW0o7go7g=

18:03:19.190 [Forwarding get on session a04f3369746333019ce83eabf7fa2ce8 to remote] DEBUG org.asynchttpclient.netty.request.NettyRequestSender - Using pooled Channel '[id: 0x1d6ceefd, L:/127.0.0.1:56568 - R:localhost/127.0.0.1:25218]' for 'POST' to 'http://localhost:25218/session/a04f3369746333019ce83eabf7fa2ce8/url'
18:03:19.190 [Forwarding get on session a04f3369746333019ce83eabf7fa2ce8 to remote] DEBUG org.asynchttpclient.netty.request.NettyRequestSender - Using open Channel [id: 0x1d6ceefd, L:/127.0.0.1:56568 - R:localhost/127.0.0.1:25218] for POST '/session/a04f3369746333019ce83eabf7fa2ce8/url'
18:03:19.451 [AsyncHttpClient-1-1] DEBUG org.asynchttpclient.netty.channel.DefaultChannelPool - Entry count for : http://localhost:56569 : 1
18:03:20.412 [AsyncHttpClient-1-5] DEBUG org.asynchttpclient.netty.handler.HttpHandler - 

Request DefaultHttpRequest(decodeResult: success, version: HTTP/1.1)
POST /session/a04f3369746333019ce83eabf7fa2ce8/url HTTP/1.1
User-Agent: selenium/4.8.1 (java windows)
Content-Length: 74
Content-Type: application/json; charset=utf-8
host: localhost:25218
accept: */*

Response DefaultHttpResponse(decodeResult: success, version: HTTP/1.1)
HTTP/1.1 200 OK
Content-Length: 14
Content-Type: application/json; charset=utf-8
cache-control: no-cache

18:03:20.412 [AsyncHttpClient-1-5] DEBUG org.asynchttpclient.netty.channel.ChannelManager - Adding key: http://localhost:25218 for channel [id: 0x1d6ceefd, L:/127.0.0.1:56568 - R:localhost/127.0.0.1:25218]
18:03:20.414 [Forwarding setTimeout on session a04f3369746333019ce83eabf7fa2ce8 to remote] DEBUG org.asynchttpclient.netty.request.NettyRequestSender - Using pooled Channel '[id: 0x1d6ceefd, L:/127.0.0.1:56568 - R:localhost/127.0.0.1:25218]' for 'POST' to 'http://localhost:25218/session/a04f3369746333019ce83eabf7fa2ce8/timeouts'
18:03:20.414 [Forwarding setTimeout on session a04f3369746333019ce83eabf7fa2ce8 to remote] DEBUG org.asynchttpclient.netty.request.NettyRequestSender - Using open Channel [id: 0x1d6ceefd, L:/127.0.0.1:56568 - R:localhost/127.0.0.1:25218] for POST '/session/a04f3369746333019ce83eabf7fa2ce8/timeouts'
18:03:20.415 [AsyncHttpClient-1-5] DEBUG org.asynchttpclient.netty.handler.HttpHandler - 

Request DefaultHttpRequest(decodeResult: success, version: HTTP/1.1)
POST /session/a04f3369746333019ce83eabf7fa2ce8/timeouts HTTP/1.1
User-Agent: selenium/4.8.1 (java windows)
Content-Length: 22
Content-Type: application/json; charset=utf-8
host: localhost:25218
accept: */*

Response DefaultHttpResponse(decodeResult: success, version: HTTP/1.1)
HTTP/1.1 200 OK
Content-Length: 14
Content-Type: application/json; charset=utf-8
cache-control: no-cache

18:03:20.416 [AsyncHttpClient-1-5] DEBUG org.asynchttpclient.netty.channel.ChannelManager - Adding key: http://localhost:25218 for channel [id: 0x1d6ceefd, L:/127.0.0.1:56568 - R:localhost/127.0.0.1:25218]
18:03:20.425 [Forwarding findElement on session a04f3369746333019ce83eabf7fa2ce8 to remote] DEBUG org.asynchttpclient.netty.request.NettyRequestSender - Using pooled Channel '[id: 0x1d6ceefd, L:/127.0.0.1:56568 - R:localhost/127.0.0.1:25218]' for 'POST' to 'http://localhost:25218/session/a04f3369746333019ce83eabf7fa2ce8/element'
18:03:20.426 [Forwarding findElement on session a04f3369746333019ce83eabf7fa2ce8 to remote] DEBUG org.asynchttpclient.netty.request.NettyRequestSender - Using open Channel [id: 0x1d6ceefd, L:/127.0.0.1:56568 - R:localhost/127.0.0.1:25218] for POST '/session/a04f3369746333019ce83eabf7fa2ce8/element'
18:03:20.445 [AsyncHttpClient-1-5] DEBUG org.asynchttpclient.netty.handler.HttpHandler - 

Request DefaultHttpRequest(decodeResult: success, version: HTTP/1.1)
POST /session/a04f3369746333019ce83eabf7fa2ce8/element HTTP/1.1
User-Agent: selenium/4.8.1 (java windows)
Content-Length: 69
Content-Type: application/json; charset=utf-8
host: localhost:25218
accept: */*

Response DefaultHttpResponse(decodeResult: success, version: HTTP/1.1)
HTTP/1.1 200 OK
Content-Length: 88
Content-Type: application/json; charset=utf-8
cache-control: no-cache

18:03:20.446 [AsyncHttpClient-1-5] DEBUG org.asynchttpclient.netty.channel.ChannelManager - Adding key: http://localhost:25218 for channel [id: 0x1d6ceefd, L:/127.0.0.1:56568 - R:localhost/127.0.0.1:25218]
18:03:20.450 [Forwarding isElementDisplayed on session a04f3369746333019ce83eabf7fa2ce8 to remote] DEBUG org.asynchttpclient.netty.request.NettyRequestSender - Using pooled Channel '[id: 0x1d6ceefd, L:/127.0.0.1:56568 - R:localhost/127.0.0.1:25218]' for 'POST' to 'http://localhost:25218/session/a04f3369746333019ce83eabf7fa2ce8/execute/sync'
18:03:20.450 [Forwarding isElementDisplayed on session a04f3369746333019ce83eabf7fa2ce8 to remote] DEBUG org.asynchttpclient.netty.request.NettyRequestSender - Using open Channel [id: 0x1d6ceefd, L:/127.0.0.1:56568 - R:localhost/127.0.0.1:25218] for POST '/session/a04f3369746333019ce83eabf7fa2ce8/execute/sync'
18:03:20.469 [AsyncHttpClient-1-5] DEBUG org.asynchttpclient.netty.handler.HttpHandler - 

Request DefaultHttpRequest(decodeResult: success, version: HTTP/1.1)
POST /session/a04f3369746333019ce83eabf7fa2ce8/execute/sync HTTP/1.1
User-Agent: selenium/4.8.1 (java windows)
Content-Length: 48807
Content-Type: application/json; charset=utf-8
host: localhost:25218
accept: */*

Response DefaultHttpResponse(decodeResult: success, version: HTTP/1.1)
HTTP/1.1 200 OK
Content-Length: 14
Content-Type: application/json; charset=utf-8
cache-control: no-cache

18:03:20.469 [AsyncHttpClient-1-5] DEBUG org.asynchttpclient.netty.channel.ChannelManager - Adding key: http://localhost:25218 for channel [id: 0x1d6ceefd, L:/127.0.0.1:56568 - R:localhost/127.0.0.1:25218]
18:03:20.476 [Forwarding getAlertText on session a04f3369746333019ce83eabf7fa2ce8 to remote] DEBUG org.asynchttpclient.netty.request.NettyRequestSender - Using pooled Channel '[id: 0x1d6ceefd, L:/127.0.0.1:56568 - R:localhost/127.0.0.1:25218]' for 'GET' to 'http://localhost:25218/session/a04f3369746333019ce83eabf7fa2ce8/alert/text'
18:03:20.476 [Forwarding getAlertText on session a04f3369746333019ce83eabf7fa2ce8 to remote] DEBUG org.asynchttpclient.netty.request.NettyRequestSender - Using open Channel [id: 0x1d6ceefd, L:/127.0.0.1:56568 - R:localhost/127.0.0.1:25218] for GET '/session/a04f3369746333019ce83eabf7fa2ce8/alert/text'
18:03:20.479 [AsyncHttpClient-1-5] DEBUG org.asynchttpclient.netty.handler.HttpHandler - 

Request DefaultFullHttpRequest(decodeResult: success, version: HTTP/1.1, content: EmptyByteBufBE)
GET /session/a04f3369746333019ce83eabf7fa2ce8/alert/text HTTP/1.1
User-Agent: selenium/4.8.1 (java windows)
Cache-Control: no-cache
Content-Type: application/json; charset=utf-8
host: localhost:25218
accept: */*

Response DefaultHttpResponse(decodeResult: success, version: HTTP/1.1)
HTTP/1.1 404 Not Found
Content-Length: 848
Content-Type: application/json; charset=utf-8
cache-control: no-cache

18:03:20.480 [AsyncHttpClient-1-5] DEBUG org.asynchttpclient.netty.channel.ChannelManager - Adding key: http://localhost:25218 for channel [id: 0x1d6ceefd, L:/127.0.0.1:56568 - R:localhost/127.0.0.1:25218]
18:03:20.482 [Forwarding getCurrentUrl on session a04f3369746333019ce83eabf7fa2ce8 to remote] DEBUG org.asynchttpclient.netty.request.NettyRequestSender - Using pooled Channel '[id: 0x1d6ceefd, L:/127.0.0.1:56568 - R:localhost/127.0.0.1:25218]' for 'GET' to 'http://localhost:25218/session/a04f3369746333019ce83eabf7fa2ce8/url'
18:03:20.482 [Forwarding getCurrentUrl on session a04f3369746333019ce83eabf7fa2ce8 to remote] DEBUG org.asynchttpclient.netty.request.NettyRequestSender - Using open Channel [id: 0x1d6ceefd, L:/127.0.0.1:56568 - R:localhost/127.0.0.1:25218] for GET '/session/a04f3369746333019ce83eabf7fa2ce8/url'
18:03:20.487 [AsyncHttpClient-1-5] DEBUG org.asynchttpclient.netty.handler.HttpHandler - 

Request DefaultFullHttpRequest(decodeResult: success, version: HTTP/1.1, content: EmptyByteBufBE)
GET /session/a04f3369746333019ce83eabf7fa2ce8/url HTTP/1.1
User-Agent: selenium/4.8.1 (java windows)
Cache-Control: no-cache
Content-Type: application/json; charset=utf-8
host: localhost:25218
accept: */*

Response DefaultHttpResponse(decodeResult: success, version: HTTP/1.1)
HTTP/1.1 200 OK
Content-Length: 51
Content-Type: application/json; charset=utf-8
cache-control: no-cache

18:03:20.487 [AsyncHttpClient-1-5] DEBUG org.asynchttpclient.netty.channel.ChannelManager - Adding key: http://localhost:25218 for channel [id: 0x1d6ceefd, L:/127.0.0.1:56568 - R:localhost/127.0.0.1:25218]
18:03:20.488 [Forwarding screenshot on session a04f3369746333019ce83eabf7fa2ce8 to remote] DEBUG org.asynchttpclient.netty.request.NettyRequestSender - Using pooled Channel '[id: 0x1d6ceefd, L:/127.0.0.1:56568 - R:localhost/127.0.0.1:25218]' for 'GET' to 'http://localhost:25218/session/a04f3369746333019ce83eabf7fa2ce8/screenshot'
18:03:20.488 [Forwarding screenshot on session a04f3369746333019ce83eabf7fa2ce8 to remote] DEBUG org.asynchttpclient.netty.request.NettyRequestSender - Using open Channel [id: 0x1d6ceefd, L:/127.0.0.1:56568 - R:localhost/127.0.0.1:25218] for GET '/session/a04f3369746333019ce83eabf7fa2ce8/screenshot'
18:03:20.548 [AsyncHttpClient-1-1] DEBUG org.asynchttpclient.netty.channel.DefaultChannelPool - Entry count for : http://localhost:56569 : 1
18:03:20.632 [AsyncHttpClient-1-5] DEBUG org.asynchttpclient.netty.handler.HttpHandler - 

Request DefaultFullHttpRequest(decodeResult: success, version: HTTP/1.1, content: EmptyByteBufBE)
GET /session/a04f3369746333019ce83eabf7fa2ce8/screenshot HTTP/1.1
User-Agent: selenium/4.8.1 (java windows)
Cache-Control: no-cache
Content-Type: application/json; charset=utf-8
host: localhost:25218
accept: */*

Response DefaultHttpResponse(decodeResult: success, version: HTTP/1.1)
HTTP/1.1 200 OK
Content-Length: 25060
Content-Type: application/json; charset=utf-8
cache-control: no-cache

18:03:20.632 [AsyncHttpClient-1-5] DEBUG org.asynchttpclient.netty.channel.ChannelManager - Adding key: http://localhost:25218 for channel [id: 0x1d6ceefd, L:/127.0.0.1:56568 - R:localhost/127.0.0.1:25218]
18:03:20.634 [main] DEBUG net.serenitybdd.core.photography.Darkroom - Send negative for processing for target\site\serenity\1db263dd5c04c8fe15e82ee6420144d4e1e7b9826b9315cfd7ec5b5d0da76045.png
18:03:20.635 [main] DEBUG net.thucydides.core.steps.StepInterceptor - STEP DONE: user on login page
  &amp#27;[32mGiven &amp#27;[0m&amp#27;[32muser on login page&amp#27;[0m                                   &amp#27;[90m# starter.stepdefinition.LoginStep.userOnLoginPage()&amp#27;[0m
18:03:20.650 [main] DEBUG net.thucydides.core.steps.StepInterceptor - STARTING STEP: LoginStep.userInputInvalidEmail - user input invalid email
18:03:20.653 [Forwarding findElement on session a04f3369746333019ce83eabf7fa2ce8 to remote] DEBUG org.asynchttpclient.netty.request.NettyRequestSender - Using pooled Channel '[id: 0x1d6ceefd, L:/127.0.0.1:56568 - R:localhost/127.0.0.1:25218]' for 'POST' to 'http://localhost:25218/session/a04f3369746333019ce83eabf7fa2ce8/element'
18:03:20.653 [Forwarding findElement on session a04f3369746333019ce83eabf7fa2ce8 to remote] DEBUG org.asynchttpclient.netty.request.NettyRequestSender - Using open Channel [id: 0x1d6ceefd, L:/127.0.0.1:56568 - R:localhost/127.0.0.1:25218] for POST '/session/a04f3369746333019ce83eabf7fa2ce8/element'
18:03:20.670 [AsyncHttpClient-1-5] DEBUG org.asynchttpclient.netty.handler.HttpHandler - 

Request DefaultHttpRequest(decodeResult: success, version: HTTP/1.1)
POST /session/a04f3369746333019ce83eabf7fa2ce8/element HTTP/1.1
User-Agent: selenium/4.8.1 (java windows)
Content-Length: 55
Content-Type: application/json; charset=utf-8
host: localhost:25218
accept: */*

Response DefaultHttpResponse(decodeResult: success, version: HTTP/1.1)
HTTP/1.1 200 OK
Content-Length: 88
Content-Type: application/json; charset=utf-8
cache-control: no-cache

18:03:20.670 [AsyncHttpClient-1-5] DEBUG org.asynchttpclient.netty.channel.ChannelManager - Adding key: http://localhost:25218 for channel [id: 0x1d6ceefd, L:/127.0.0.1:56568 - R:localhost/127.0.0.1:25218]
18:03:20.671 [Forwarding clearElement on session a04f3369746333019ce83eabf7fa2ce8 to remote] DEBUG org.asynchttpclient.netty.request.NettyRequestSender - Using pooled Channel '[id: 0x1d6ceefd, L:/127.0.0.1:56568 - R:localhost/127.0.0.1:25218]' for 'POST' to 'http://localhost:25218/session/a04f3369746333019ce83eabf7fa2ce8/element/04a80967-8ddc-41dd-987f-03f5429ba818/clear'
18:03:20.671 [Forwarding clearElement on session a04f3369746333019ce83eabf7fa2ce8 to remote] DEBUG org.asynchttpclient.netty.request.NettyRequestSender - Using open Channel [id: 0x1d6ceefd, L:/127.0.0.1:56568 - R:localhost/127.0.0.1:25218] for POST '/session/a04f3369746333019ce83eabf7fa2ce8/element/04a80967-8ddc-41dd-987f-03f5429ba818/clear'
18:03:20.716 [AsyncHttpClient-1-5] DEBUG org.asynchttpclient.netty.handler.HttpHandler - 

Request DefaultHttpRequest(decodeResult: success, version: HTTP/1.1)
POST /session/a04f3369746333019ce83eabf7fa2ce8/element/04a80967-8ddc-41dd-987f-03f5429ba818/clear HTTP/1.1
User-Agent: selenium/4.8.1 (java windows)
Content-Length: 50
Content-Type: application/json; charset=utf-8
host: localhost:25218
accept: */*

Response DefaultHttpResponse(decodeResult: success, version: HTTP/1.1)
HTTP/1.1 200 OK
Content-Length: 14
Content-Type: application/json; charset=utf-8
cache-control: no-cache

18:03:20.717 [AsyncHttpClient-1-5] DEBUG org.asynchttpclient.netty.channel.ChannelManager - Adding key: http://localhost:25218 for channel [id: 0x1d6ceefd, L:/127.0.0.1:56568 - R:localhost/127.0.0.1:25218]
18:03:20.718 [Forwarding sendKeysToElement on session a04f3369746333019ce83eabf7fa2ce8 to remote] DEBUG org.asynchttpclient.netty.request.NettyRequestSender - Using pooled Channel '[id: 0x1d6ceefd, L:/127.0.0.1:56568 - R:localhost/127.0.0.1:25218]' for 'POST' to 'http://localhost:25218/session/a04f3369746333019ce83eabf7fa2ce8/element/04a80967-8ddc-41dd-987f-03f5429ba818/value'
18:03:20.718 [Forwarding sendKeysToElement on session a04f3369746333019ce83eabf7fa2ce8 to remote] DEBUG org.asynchttpclient.netty.request.NettyRequestSender - Using open Channel [id: 0x1d6ceefd, L:/127.0.0.1:56568 - R:localhost/127.0.0.1:25218] for POST '/session/a04f3369746333019ce83eabf7fa2ce8/element/04a80967-8ddc-41dd-987f-03f5429ba818/value'
18:03:20.882 [AsyncHttpClient-1-5] DEBUG org.asynchttpclient.netty.handler.HttpHandler - 

Request DefaultHttpRequest(decodeResult: success, version: HTTP/1.1)
POST /session/a04f3369746333019ce83eabf7fa2ce8/element/04a80967-8ddc-41dd-987f-03f5429ba818/value HTTP/1.1
User-Agent: selenium/4.8.1 (java windows)
Content-Length: 211
Content-Type: application/json; charset=utf-8
host: localhost:25218
accept: */*

Response DefaultHttpResponse(decodeResult: success, version: HTTP/1.1)
HTTP/1.1 200 OK
Content-Length: 14
Content-Type: application/json; charset=utf-8
cache-control: no-cache

18:03:20.883 [AsyncHttpClient-1-5] DEBUG org.asynchttpclient.netty.channel.ChannelManager - Adding key: http://localhost:25218 for channel [id: 0x1d6ceefd, L:/127.0.0.1:56568 - R:localhost/127.0.0.1:25218]
18:03:20.892 [Forwarding getAlertText on session a04f3369746333019ce83eabf7fa2ce8 to remote] DEBUG org.asynchttpclient.netty.request.NettyRequestSender - Using pooled Channel '[id: 0x1d6ceefd, L:/127.0.0.1:56568 - R:localhost/127.0.0.1:25218]' for 'GET' to 'http://localhost:25218/session/a04f3369746333019ce83eabf7fa2ce8/alert/text'
18:03:20.892 [Forwarding getAlertText on session a04f3369746333019ce83eabf7fa2ce8 to remote] DEBUG org.asynchttpclient.netty.request.NettyRequestSender - Using open Channel [id: 0x1d6ceefd, L:/127.0.0.1:56568 - R:localhost/127.0.0.1:25218] for GET '/session/a04f3369746333019ce83eabf7fa2ce8/alert/text'
18:03:20.895 [AsyncHttpClient-1-5] DEBUG org.asynchttpclient.netty.handler.HttpHandler - 

Request DefaultFullHttpRequest(decodeResult: success, version: HTTP/1.1, content: EmptyByteBufBE)
GET /session/a04f3369746333019ce83eabf7fa2ce8/alert/text HTTP/1.1
User-Agent: selenium/4.8.1 (java windows)
Cache-Control: no-cache
Content-Type: application/json; charset=utf-8
host: localhost:25218
accept: */*

Response DefaultHttpResponse(decodeResult: success, version: HTTP/1.1)
HTTP/1.1 404 Not Found
Content-Length: 848
Content-Type: application/json; charset=utf-8
cache-control: no-cache

18:03:20.895 [AsyncHttpClient-1-5] DEBUG org.asynchttpclient.netty.channel.ChannelManager - Adding key: http://localhost:25218 for channel [id: 0x1d6ceefd, L:/127.0.0.1:56568 - R:localhost/127.0.0.1:25218]
18:03:20.896 [Forwarding getCurrentUrl on session a04f3369746333019ce83eabf7fa2ce8 to remote] DEBUG org.asynchttpclient.netty.request.NettyRequestSender - Using pooled Channel '[id: 0x1d6ceefd, L:/127.0.0.1:56568 - R:localhost/127.0.0.1:25218]' for 'GET' to 'http://localhost:25218/session/a04f3369746333019ce83eabf7fa2ce8/url'
18:03:20.896 [Forwarding getCurrentUrl on session a04f3369746333019ce83eabf7fa2ce8 to remote] DEBUG org.asynchttpclient.netty.request.NettyRequestSender - Using open Channel [id: 0x1d6ceefd, L:/127.0.0.1:56568 - R:localhost/127.0.0.1:25218] for GET '/session/a04f3369746333019ce83eabf7fa2ce8/url'
18:03:20.909 [AsyncHttpClient-1-5] DEBUG org.asynchttpclient.netty.handler.HttpHandler - 

Request DefaultFullHttpRequest(decodeResult: success, version: HTTP/1.1, content: EmptyByteBufBE)
GET /session/a04f3369746333019ce83eabf7fa2ce8/url HTTP/1.1
User-Agent: selenium/4.8.1 (java windows)
Cache-Control: no-cache
Content-Type: application/json; charset=utf-8
host: localhost:25218
accept: */*

Response DefaultHttpResponse(decodeResult: success, version: HTTP/1.1)
HTTP/1.1 200 OK
Content-Length: 51
Content-Type: application/json; charset=utf-8
cache-control: no-cache

18:03:20.909 [AsyncHttpClient-1-5] DEBUG org.asynchttpclient.netty.channel.ChannelManager - Adding key: http://localhost:25218 for channel [id: 0x1d6ceefd, L:/127.0.0.1:56568 - R:localhost/127.0.0.1:25218]
18:03:20.910 [Forwarding screenshot on session a04f3369746333019ce83eabf7fa2ce8 to remote] DEBUG org.asynchttpclient.netty.request.NettyRequestSender - Using pooled Channel '[id: 0x1d6ceefd, L:/127.0.0.1:56568 - R:localhost/127.0.0.1:25218]' for 'GET' to 'http://localhost:25218/session/a04f3369746333019ce83eabf7fa2ce8/screenshot'
18:03:20.910 [Forwarding screenshot on session a04f3369746333019ce83eabf7fa2ce8 to remote] DEBUG org.asynchttpclient.netty.request.NettyRequestSender - Using open Channel [id: 0x1d6ceefd, L:/127.0.0.1:56568 - R:localhost/127.0.0.1:25218] for GET '/session/a04f3369746333019ce83eabf7fa2ce8/screenshot'
18:03:21.051 [AsyncHttpClient-1-5] DEBUG org.asynchttpclient.netty.handler.HttpHandler - 

Request DefaultFullHttpRequest(decodeResult: success, version: HTTP/1.1, content: EmptyByteBufBE)
GET /session/a04f3369746333019ce83eabf7fa2ce8/screenshot HTTP/1.1
User-Agent: selenium/4.8.1 (java windows)
Cache-Control: no-cache
Content-Type: application/json; charset=utf-8
host: localhost:25218
accept: */*

Response DefaultHttpResponse(decodeResult: success, version: HTTP/1.1)
HTTP/1.1 200 OK
Content-Length: 28480
Content-Type: application/json; charset=utf-8
cache-control: no-cache

18:03:21.052 [AsyncHttpClient-1-5] DEBUG org.asynchttpclient.netty.channel.ChannelManager - Adding key: http://localhost:25218 for channel [id: 0x1d6ceefd, L:/127.0.0.1:56568 - R:localhost/127.0.0.1:25218]
18:03:21.054 [main] DEBUG net.serenitybdd.core.photography.Darkroom - Send negative for processing for target\site\serenity\e3af310664c3821fb8b3dd4db2441552eb82eefef2cd55f5450dc02a114f5fbe.png
18:03:21.055 [Darkroom Processing Line] DEBUG net.serenitybdd.core.photography.DarkroomProcessingLine - Processing screenshot image in /var/screenshots/screenshot-3286796021457180927
18:03:21.055 [main] DEBUG net.thucydides.core.steps.StepInterceptor - STEP DONE: user input invalid email
18:03:21.055 [Darkroom Processing Line] DEBUG net.serenitybdd.core.photography.DarkroomProcessingLine - Saving screenshot to target\site\serenity\e3af310664c3821fb8b3dd4db2441552eb82eefef2cd55f5450dc02a114f5fbe.png
  &amp#27;[32mWhen &amp#27;[0m&amp#27;[32muser input invalid email&amp#27;[0m                              &amp#27;[90m# starter.stepdefinition.LoginStep.userInputInvalidEmail()&amp#27;[0m
18:03:21.069 [main] DEBUG net.thucydides.core.steps.StepInterceptor - STARTING STEP: LoginStep.userInputInvalidPassword - user input invalid password
18:03:21.072 [Forwarding findElement on session a04f3369746333019ce83eabf7fa2ce8 to remote] DEBUG org.asynchttpclient.netty.request.NettyRequestSender - Using pooled Channel '[id: 0x1d6ceefd, L:/127.0.0.1:56568 - R:localhost/127.0.0.1:25218]' for 'POST' to 'http://localhost:25218/session/a04f3369746333019ce83eabf7fa2ce8/element'
18:03:21.072 [Forwarding findElement on session a04f3369746333019ce83eabf7fa2ce8 to remote] DEBUG org.asynchttpclient.netty.request.NettyRequestSender - Using open Channel [id: 0x1d6ceefd, L:/127.0.0.1:56568 - R:localhost/127.0.0.1:25218] for POST '/session/a04f3369746333019ce83eabf7fa2ce8/element'
18:03:21.093 [AsyncHttpClient-1-5] DEBUG org.asynchttpclient.netty.handler.HttpHandler - 

Request DefaultHttpRequest(decodeResult: success, version: HTTP/1.1)
POST /session/a04f3369746333019ce83eabf7fa2ce8/element HTTP/1.1
User-Agent: selenium/4.8.1 (java windows)
Content-Length: 55
Content-Type: application/json; charset=utf-8
host: localhost:25218
accept: */*

Response DefaultHttpResponse(decodeResult: success, version: HTTP/1.1)
HTTP/1.1 200 OK
Content-Length: 88
Content-Type: application/json; charset=utf-8
cache-control: no-cache

18:03:21.093 [AsyncHttpClient-1-5] DEBUG org.asynchttpclient.netty.channel.ChannelManager - Adding key: http://localhost:25218 for channel [id: 0x1d6ceefd, L:/127.0.0.1:56568 - R:localhost/127.0.0.1:25218]
18:03:21.094 [Forwarding clearElement on session a04f3369746333019ce83eabf7fa2ce8 to remote] DEBUG org.asynchttpclient.netty.request.NettyRequestSender - Using pooled Channel '[id: 0x1d6ceefd, L:/127.0.0.1:56568 - R:localhost/127.0.0.1:25218]' for 'POST' to 'http://localhost:25218/session/a04f3369746333019ce83eabf7fa2ce8/element/291f2c78-a9d0-4022-aa78-95728771e098/clear'
18:03:21.094 [Forwarding clearElement on session a04f3369746333019ce83eabf7fa2ce8 to remote] DEBUG org.asynchttpclient.netty.request.NettyRequestSender - Using open Channel [id: 0x1d6ceefd, L:/127.0.0.1:56568 - R:localhost/127.0.0.1:25218] for POST '/session/a04f3369746333019ce83eabf7fa2ce8/element/291f2c78-a9d0-4022-aa78-95728771e098/clear'
18:03:21.132 [AsyncHttpClient-1-5] DEBUG org.asynchttpclient.netty.handler.HttpHandler - 

Request DefaultHttpRequest(decodeResult: success, version: HTTP/1.1)
POST /session/a04f3369746333019ce83eabf7fa2ce8/element/291f2c78-a9d0-4022-aa78-95728771e098/clear HTTP/1.1
User-Agent: selenium/4.8.1 (java windows)
Content-Length: 50
Content-Type: application/json; charset=utf-8
host: localhost:25218
accept: */*

Response DefaultHttpResponse(decodeResult: success, version: HTTP/1.1)
HTTP/1.1 200 OK
Content-Length: 14
Content-Type: application/json; charset=utf-8
cache-control: no-cache

18:03:21.132 [AsyncHttpClient-1-5] DEBUG org.asynchttpclient.netty.channel.ChannelManager - Adding key: http://localhost:25218 for channel [id: 0x1d6ceefd, L:/127.0.0.1:56568 - R:localhost/127.0.0.1:25218]
18:03:21.133 [Forwarding sendKeysToElement on session a04f3369746333019ce83eabf7fa2ce8 to remote] DEBUG org.asynchttpclient.netty.request.NettyRequestSender - Using pooled Channel '[id: 0x1d6ceefd, L:/127.0.0.1:56568 - R:localhost/127.0.0.1:25218]' for 'POST' to 'http://localhost:25218/session/a04f3369746333019ce83eabf7fa2ce8/element/291f2c78-a9d0-4022-aa78-95728771e098/value'
18:03:21.133 [Forwarding sendKeysToElement on session a04f3369746333019ce83eabf7fa2ce8 to remote] DEBUG org.asynchttpclient.netty.request.NettyRequestSender - Using open Channel [id: 0x1d6ceefd, L:/127.0.0.1:56568 - R:localhost/127.0.0.1:25218] for POST '/session/a04f3369746333019ce83eabf7fa2ce8/element/291f2c78-a9d0-4022-aa78-95728771e098/value'
18:03:21.215 [AsyncHttpClient-1-5] DEBUG org.asynchttpclient.netty.handler.HttpHandler - 

Request DefaultHttpRequest(decodeResult: success, version: HTTP/1.1)
POST /session/a04f3369746333019ce83eabf7fa2ce8/element/291f2c78-a9d0-4022-aa78-95728771e098/value HTTP/1.1
User-Agent: selenium/4.8.1 (java windows)
Content-Length: 121
Content-Type: application/json; charset=utf-8
host: localhost:25218
accept: */*

Response DefaultHttpResponse(decodeResult: success, version: HTTP/1.1)
HTTP/1.1 200 OK
Content-Length: 14
Content-Type: application/json; charset=utf-8
cache-control: no-cache

18:03:21.215 [AsyncHttpClient-1-5] DEBUG org.asynchttpclient.netty.channel.ChannelManager - Adding key: http://localhost:25218 for channel [id: 0x1d6ceefd, L:/127.0.0.1:56568 - R:localhost/127.0.0.1:25218]
18:03:21.227 [Forwarding getAlertText on session a04f3369746333019ce83eabf7fa2ce8 to remote] DEBUG org.asynchttpclient.netty.request.NettyRequestSender - Using pooled Channel '[id: 0x1d6ceefd, L:/127.0.0.1:56568 - R:localhost/127.0.0.1:25218]' for 'GET' to 'http://localhost:25218/session/a04f3369746333019ce83eabf7fa2ce8/alert/text'
18:03:21.246 [Forwarding getAlertText on session a04f3369746333019ce83eabf7fa2ce8 to remote] DEBUG org.asynchttpclient.netty.request.NettyRequestSender - Using open Channel [id: 0x1d6ceefd, L:/127.0.0.1:56568 - R:localhost/127.0.0.1:25218] for GET '/session/a04f3369746333019ce83eabf7fa2ce8/alert/text'
18:03:21.260 [AsyncHttpClient-1-5] DEBUG org.asynchttpclient.netty.handler.HttpHandler - 

Request DefaultFullHttpRequest(decodeResult: success, version: HTTP/1.1, content: EmptyByteBufBE)
GET /session/a04f3369746333019ce83eabf7fa2ce8/alert/text HTTP/1.1
User-Agent: selenium/4.8.1 (java windows)
Cache-Control: no-cache
Content-Type: application/json; charset=utf-8
host: localhost:25218
accept: */*

Response DefaultHttpResponse(decodeResult: success, version: HTTP/1.1)
HTTP/1.1 404 Not Found
Content-Length: 848
Content-Type: application/json; charset=utf-8
cache-control: no-cache

18:03:21.260 [AsyncHttpClient-1-5] DEBUG org.asynchttpclient.netty.channel.ChannelManager - Adding key: http://localhost:25218 for channel [id: 0x1d6ceefd, L:/127.0.0.1:56568 - R:localhost/127.0.0.1:25218]
18:03:21.262 [Forwarding getCurrentUrl on session a04f3369746333019ce83eabf7fa2ce8 to remote] DEBUG org.asynchttpclient.netty.request.NettyRequestSender - Using pooled Channel '[id: 0x1d6ceefd, L:/127.0.0.1:56568 - R:localhost/127.0.0.1:25218]' for 'GET' to 'http://localhost:25218/session/a04f3369746333019ce83eabf7fa2ce8/url'
18:03:21.262 [Forwarding getCurrentUrl on session a04f3369746333019ce83eabf7fa2ce8 to remote] DEBUG org.asynchttpclient.netty.request.NettyRequestSender - Using open Channel [id: 0x1d6ceefd, L:/127.0.0.1:56568 - R:localhost/127.0.0.1:25218] for GET '/session/a04f3369746333019ce83eabf7fa2ce8/url'
18:03:21.265 [AsyncHttpClient-1-5] DEBUG org.asynchttpclient.netty.handler.HttpHandler - 

Request DefaultFullHttpRequest(decodeResult: success, version: HTTP/1.1, content: EmptyByteBufBE)
GET /session/a04f3369746333019ce83eabf7fa2ce8/url HTTP/1.1
User-Agent: selenium/4.8.1 (java windows)
Cache-Control: no-cache
Content-Type: application/json; charset=utf-8
host: localhost:25218
accept: */*

Response DefaultHttpResponse(decodeResult: success, version: HTTP/1.1)
HTTP/1.1 200 OK
Content-Length: 51
Content-Type: application/json; charset=utf-8
cache-control: no-cache

18:03:21.265 [AsyncHttpClient-1-5] DEBUG org.asynchttpclient.netty.channel.ChannelManager - Adding key: http://localhost:25218 for channel [id: 0x1d6ceefd, L:/127.0.0.1:56568 - R:localhost/127.0.0.1:25218]
18:03:21.271 [Forwarding screenshot on session a04f3369746333019ce83eabf7fa2ce8 to remote] DEBUG org.asynchttpclient.netty.request.NettyRequestSender - Using pooled Channel '[id: 0x1d6ceefd, L:/127.0.0.1:56568 - R:localhost/127.0.0.1:25218]' for 'GET' to 'http://localhost:25218/session/a04f3369746333019ce83eabf7fa2ce8/screenshot'
18:03:21.271 [Forwarding screenshot on session a04f3369746333019ce83eabf7fa2ce8 to remote] DEBUG org.asynchttpclient.netty.request.NettyRequestSender - Using open Channel [id: 0x1d6ceefd, L:/127.0.0.1:56568 - R:localhost/127.0.0.1:25218] for GET '/session/a04f3369746333019ce83eabf7fa2ce8/screenshot'
18:03:21.485 [AsyncHttpClient-1-5] DEBUG org.asynchttpclient.netty.handler.HttpHandler - 

Request DefaultFullHttpRequest(decodeResult: success, version: HTTP/1.1, content: EmptyByteBufBE)
GET /session/a04f3369746333019ce83eabf7fa2ce8/screenshot HTTP/1.1
User-Agent: selenium/4.8.1 (java windows)
Cache-Control: no-cache
Content-Type: application/json; charset=utf-8
host: localhost:25218
accept: */*

Response DefaultHttpResponse(decodeResult: success, version: HTTP/1.1)
HTTP/1.1 200 OK
Content-Length: 28616
Content-Type: application/json; charset=utf-8
cache-control: no-cache

18:03:21.485 [AsyncHttpClient-1-5] DEBUG org.asynchttpclient.netty.channel.ChannelManager - Adding key: http://localhost:25218 for channel [id: 0x1d6ceefd, L:/127.0.0.1:56568 - R:localhost/127.0.0.1:25218]
18:03:21.488 [main] DEBUG net.serenitybdd.core.photography.Darkroom - Send negative for processing for target\site\serenity\50850fb19f2b3b8927a9150412ac40251d94bf50213a6004da128612470cf939.png
18:03:21.489 [main] DEBUG net.thucydides.core.steps.StepInterceptor - STEP DONE: user input invalid password
  &amp#27;[32mAnd &amp#27;[0m&amp#27;[32muser input invalid password&amp#27;[0m                            &amp#27;[90m# starter.stepdefinition.LoginStep.userInputInvalidPassword()&amp#27;[0m
18:03:21.489 [Darkroom Processing Line] DEBUG net.serenitybdd.core.photography.DarkroomProcessingLine - Processing screenshot image in /var/screenshots/screenshot-1203913356575636820
18:03:21.489 [Darkroom Processing Line] DEBUG net.serenitybdd.core.photography.DarkroomProcessingLine - Saving screenshot to target\site\serenity\50850fb19f2b3b8927a9150412ac40251d94bf50213a6004da128612470cf939.png
18:03:21.500 [main] DEBUG net.thucydides.core.steps.StepInterceptor - STARTING STEP: LoginStep.clickButtonLogin - click button login
18:03:21.504 [Forwarding findElement on session a04f3369746333019ce83eabf7fa2ce8 to remote] DEBUG org.asynchttpclient.netty.request.NettyRequestSender - Using pooled Channel '[id: 0x1d6ceefd, L:/127.0.0.1:56568 - R:localhost/127.0.0.1:25218]' for 'POST' to 'http://localhost:25218/session/a04f3369746333019ce83eabf7fa2ce8/element'
18:03:21.504 [Forwarding findElement on session a04f3369746333019ce83eabf7fa2ce8 to remote] DEBUG org.asynchttpclient.netty.request.NettyRequestSender - Using open Channel [id: 0x1d6ceefd, L:/127.0.0.1:56568 - R:localhost/127.0.0.1:25218] for POST '/session/a04f3369746333019ce83eabf7fa2ce8/element'
18:03:21.514 [AsyncHttpClient-1-5] DEBUG org.asynchttpclient.netty.handler.HttpHandler - 

Request DefaultHttpRequest(decodeResult: success, version: HTTP/1.1)
POST /session/a04f3369746333019ce83eabf7fa2ce8/element HTTP/1.1
User-Agent: selenium/4.8.1 (java windows)
Content-Length: 69
Content-Type: application/json; charset=utf-8
host: localhost:25218
accept: */*

Response DefaultHttpResponse(decodeResult: success, version: HTTP/1.1)
HTTP/1.1 200 OK
Content-Length: 88
Content-Type: application/json; charset=utf-8
cache-control: no-cache

18:03:21.514 [AsyncHttpClient-1-5] DEBUG org.asynchttpclient.netty.channel.ChannelManager - Adding key: http://localhost:25218 for channel [id: 0x1d6ceefd, L:/127.0.0.1:56568 - R:localhost/127.0.0.1:25218]
18:03:21.515 [Forwarding getElementTagName on session a04f3369746333019ce83eabf7fa2ce8 to remote] DEBUG org.asynchttpclient.netty.request.NettyRequestSender - Using pooled Channel '[id: 0x1d6ceefd, L:/127.0.0.1:56568 - R:localhost/127.0.0.1:25218]' for 'GET' to 'http://localhost:25218/session/a04f3369746333019ce83eabf7fa2ce8/element/538f7a1f-e595-480e-9647-c2e3ee6b2d1b/name'
18:03:21.516 [Forwarding getElementTagName on session a04f3369746333019ce83eabf7fa2ce8 to remote] DEBUG org.asynchttpclient.netty.request.NettyRequestSender - Using open Channel [id: 0x1d6ceefd, L:/127.0.0.1:56568 - R:localhost/127.0.0.1:25218] for GET '/session/a04f3369746333019ce83eabf7fa2ce8/element/538f7a1f-e595-480e-9647-c2e3ee6b2d1b/name'
18:03:21.520 [AsyncHttpClient-1-5] DEBUG org.asynchttpclient.netty.handler.HttpHandler - 

Request DefaultFullHttpRequest(decodeResult: success, version: HTTP/1.1, content: EmptyByteBufBE)
GET /session/a04f3369746333019ce83eabf7fa2ce8/element/538f7a1f-e595-480e-9647-c2e3ee6b2d1b/name HTTP/1.1
User-Agent: selenium/4.8.1 (java windows)
Cache-Control: no-cache
Content-Type: application/json; charset=utf-8
host: localhost:25218
accept: */*

Response DefaultHttpResponse(decodeResult: success, version: HTTP/1.1)
HTTP/1.1 200 OK
Content-Length: 16
Content-Type: application/json; charset=utf-8
cache-control: no-cache

18:03:21.521 [AsyncHttpClient-1-5] DEBUG org.asynchttpclient.netty.channel.ChannelManager - Adding key: http://localhost:25218 for channel [id: 0x1d6ceefd, L:/127.0.0.1:56568 - R:localhost/127.0.0.1:25218]
18:03:21.523 [Forwarding getElementTagName on session a04f3369746333019ce83eabf7fa2ce8 to remote] DEBUG org.asynchttpclient.netty.request.NettyRequestSender - Using pooled Channel '[id: 0x1d6ceefd, L:/127.0.0.1:56568 - R:localhost/127.0.0.1:25218]' for 'GET' to 'http://localhost:25218/session/a04f3369746333019ce83eabf7fa2ce8/element/538f7a1f-e595-480e-9647-c2e3ee6b2d1b/name'
18:03:21.523 [Forwarding getElementTagName on session a04f3369746333019ce83eabf7fa2ce8 to remote] DEBUG org.asynchttpclient.netty.request.NettyRequestSender - Using open Channel [id: 0x1d6ceefd, L:/127.0.0.1:56568 - R:localhost/127.0.0.1:25218] for GET '/session/a04f3369746333019ce83eabf7fa2ce8/element/538f7a1f-e595-480e-9647-c2e3ee6b2d1b/name'
18:03:21.527 [AsyncHttpClient-1-5] DEBUG org.asynchttpclient.netty.handler.HttpHandler - 

Request DefaultFullHttpRequest(decodeResult: success, version: HTTP/1.1, content: EmptyByteBufBE)
GET /session/a04f3369746333019ce83eabf7fa2ce8/element/538f7a1f-e595-480e-9647-c2e3ee6b2d1b/name HTTP/1.1
User-Agent: selenium/4.8.1 (java windows)
Cache-Control: no-cache
Content-Type: application/json; charset=utf-8
host: localhost:25218
accept: */*

Response DefaultHttpResponse(decodeResult: success, version: HTTP/1.1)
HTTP/1.1 200 OK
Content-Length: 16
Content-Type: application/json; charset=utf-8
cache-control: no-cache

18:03:21.527 [AsyncHttpClient-1-5] DEBUG org.asynchttpclient.netty.channel.ChannelManager - Adding key: http://localhost:25218 for channel [id: 0x1d6ceefd, L:/127.0.0.1:56568 - R:localhost/127.0.0.1:25218]
18:03:21.530 [Forwarding findElement on session a04f3369746333019ce83eabf7fa2ce8 to remote] DEBUG org.asynchttpclient.netty.request.NettyRequestSender - Using pooled Channel '[id: 0x1d6ceefd, L:/127.0.0.1:56568 - R:localhost/127.0.0.1:25218]' for 'POST' to 'http://localhost:25218/session/a04f3369746333019ce83eabf7fa2ce8/element'
18:03:21.530 [Forwarding findElement on session a04f3369746333019ce83eabf7fa2ce8 to remote] DEBUG org.asynchttpclient.netty.request.NettyRequestSender - Using open Channel [id: 0x1d6ceefd, L:/127.0.0.1:56568 - R:localhost/127.0.0.1:25218] for POST '/session/a04f3369746333019ce83eabf7fa2ce8/element'
18:03:21.538 [AsyncHttpClient-1-5] DEBUG org.asynchttpclient.netty.handler.HttpHandler - 

Request DefaultHttpRequest(decodeResult: success, version: HTTP/1.1)
POST /session/a04f3369746333019ce83eabf7fa2ce8/element HTTP/1.1
User-Agent: selenium/4.8.1 (java windows)
Content-Length: 69
Content-Type: application/json; charset=utf-8
host: localhost:25218
accept: */*

Response DefaultHttpResponse(decodeResult: success, version: HTTP/1.1)
HTTP/1.1 200 OK
Content-Length: 88
Content-Type: application/json; charset=utf-8
cache-control: no-cache

18:03:21.538 [AsyncHttpClient-1-5] DEBUG org.asynchttpclient.netty.channel.ChannelManager - Adding key: http://localhost:25218 for channel [id: 0x1d6ceefd, L:/127.0.0.1:56568 - R:localhost/127.0.0.1:25218]
18:03:21.539 [Forwarding clickElement on session a04f3369746333019ce83eabf7fa2ce8 to remote] DEBUG org.asynchttpclient.netty.request.NettyRequestSender - Using pooled Channel '[id: 0x1d6ceefd, L:/127.0.0.1:56568 - R:localhost/127.0.0.1:25218]' for 'POST' to 'http://localhost:25218/session/a04f3369746333019ce83eabf7fa2ce8/element/538f7a1f-e595-480e-9647-c2e3ee6b2d1b/click'
18:03:21.539 [Forwarding clickElement on session a04f3369746333019ce83eabf7fa2ce8 to remote] DEBUG org.asynchttpclient.netty.request.NettyRequestSender - Using open Channel [id: 0x1d6ceefd, L:/127.0.0.1:56568 - R:localhost/127.0.0.1:25218] for POST '/session/a04f3369746333019ce83eabf7fa2ce8/element/538f7a1f-e595-480e-9647-c2e3ee6b2d1b/click'
18:03:21.591 [AsyncHttpClient-1-5] DEBUG org.asynchttpclient.netty.handler.HttpHandler - 

Request DefaultHttpRequest(decodeResult: success, version: HTTP/1.1)
POST /session/a04f3369746333019ce83eabf7fa2ce8/element/538f7a1f-e595-480e-9647-c2e3ee6b2d1b/click HTTP/1.1
User-Agent: selenium/4.8.1 (java windows)
Content-Length: 50
Content-Type: application/json; charset=utf-8
host: localhost:25218
accept: */*

Response DefaultHttpResponse(decodeResult: success, version: HTTP/1.1)
HTTP/1.1 200 OK
Content-Length: 14
Content-Type: application/json; charset=utf-8
cache-control: no-cache

18:03:21.591 [AsyncHttpClient-1-5] DEBUG org.asynchttpclient.netty.channel.ChannelManager - Adding key: http://localhost:25218 for channel [id: 0x1d6ceefd, L:/127.0.0.1:56568 - R:localhost/127.0.0.1:25218]
18:03:21.596 [Forwarding getAlertText on session a04f3369746333019ce83eabf7fa2ce8 to remote] DEBUG org.asynchttpclient.netty.request.NettyRequestSender - Using pooled Channel '[id: 0x1d6ceefd, L:/127.0.0.1:56568 - R:localhost/127.0.0.1:25218]' for 'GET' to 'http://localhost:25218/session/a04f3369746333019ce83eabf7fa2ce8/alert/text'
18:03:21.596 [Forwarding getAlertText on session a04f3369746333019ce83eabf7fa2ce8 to remote] DEBUG org.asynchttpclient.netty.request.NettyRequestSender - Using open Channel [id: 0x1d6ceefd, L:/127.0.0.1:56568 - R:localhost/127.0.0.1:25218] for GET '/session/a04f3369746333019ce83eabf7fa2ce8/alert/text'
18:03:21.597 [AsyncHttpClient-1-5] DEBUG org.asynchttpclient.netty.handler.HttpHandler - 

Request DefaultFullHttpRequest(decodeResult: success, version: HTTP/1.1, content: EmptyByteBufBE)
GET /session/a04f3369746333019ce83eabf7fa2ce8/alert/text HTTP/1.1
User-Agent: selenium/4.8.1 (java windows)
Cache-Control: no-cache
Content-Type: application/json; charset=utf-8
host: localhost:25218
accept: */*

Response DefaultHttpResponse(decodeResult: success, version: HTTP/1.1)
HTTP/1.1 404 Not Found
Content-Length: 848
Content-Type: application/json; charset=utf-8
cache-control: no-cache

18:03:21.597 [AsyncHttpClient-1-5] DEBUG org.asynchttpclient.netty.channel.ChannelManager - Adding key: http://localhost:25218 for channel [id: 0x1d6ceefd, L:/127.0.0.1:56568 - R:localhost/127.0.0.1:25218]
18:03:21.598 [Forwarding getCurrentUrl on session a04f3369746333019ce83eabf7fa2ce8 to remote] DEBUG org.asynchttpclient.netty.request.NettyRequestSender - Using pooled Channel '[id: 0x1d6ceefd, L:/127.0.0.1:56568 - R:localhost/127.0.0.1:25218]' for 'GET' to 'http://localhost:25218/session/a04f3369746333019ce83eabf7fa2ce8/url'
18:03:21.598 [Forwarding getCurrentUrl on session a04f3369746333019ce83eabf7fa2ce8 to remote] DEBUG org.asynchttpclient.netty.request.NettyRequestSender - Using open Channel [id: 0x1d6ceefd, L:/127.0.0.1:56568 - R:localhost/127.0.0.1:25218] for GET '/session/a04f3369746333019ce83eabf7fa2ce8/url'
18:03:21.601 [AsyncHttpClient-1-5] DEBUG org.asynchttpclient.netty.handler.HttpHandler - 

Request DefaultFullHttpRequest(decodeResult: success, version: HTTP/1.1, content: EmptyByteBufBE)
GET /session/a04f3369746333019ce83eabf7fa2ce8/url HTTP/1.1
User-Agent: selenium/4.8.1 (java windows)
Cache-Control: no-cache
Content-Type: application/json; charset=utf-8
host: localhost:25218
accept: */*

Response DefaultHttpResponse(decodeResult: success, version: HTTP/1.1)
HTTP/1.1 200 OK
Content-Length: 51
Content-Type: application/json; charset=utf-8
cache-control: no-cache

18:03:21.601 [AsyncHttpClient-1-5] DEBUG org.asynchttpclient.netty.channel.ChannelManager - Adding key: http://localhost:25218 for channel [id: 0x1d6ceefd, L:/127.0.0.1:56568 - R:localhost/127.0.0.1:25218]
18:03:21.602 [Forwarding screenshot on session a04f3369746333019ce83eabf7fa2ce8 to remote] DEBUG org.asynchttpclient.netty.request.NettyRequestSender - Using pooled Channel '[id: 0x1d6ceefd, L:/127.0.0.1:56568 - R:localhost/127.0.0.1:25218]' for 'GET' to 'http://localhost:25218/session/a04f3369746333019ce83eabf7fa2ce8/screenshot'
18:03:21.602 [Forwarding screenshot on session a04f3369746333019ce83eabf7fa2ce8 to remote] DEBUG org.asynchttpclient.netty.request.NettyRequestSender - Using open Channel [id: 0x1d6ceefd, L:/127.0.0.1:56568 - R:localhost/127.0.0.1:25218] for GET '/session/a04f3369746333019ce83eabf7fa2ce8/screenshot'
18:03:21.655 [AsyncHttpClient-1-1] DEBUG org.asynchttpclient.netty.channel.DefaultChannelPool - Entry count for : http://localhost:56569 : 1
18:03:21.743 [AsyncHttpClient-1-5] DEBUG org.asynchttpclient.netty.handler.HttpHandler - 

Request DefaultFullHttpRequest(decodeResult: success, version: HTTP/1.1, content: EmptyByteBufBE)
GET /session/a04f3369746333019ce83eabf7fa2ce8/screenshot HTTP/1.1
User-Agent: selenium/4.8.1 (java windows)
Cache-Control: no-cache
Content-Type: application/json; charset=utf-8
host: localhost:25218
accept: */*

Response DefaultHttpResponse(decodeResult: success, version: HTTP/1.1)
HTTP/1.1 200 OK
Content-Length: 28712
Content-Type: application/json; charset=utf-8
cache-control: no-cache

18:03:21.744 [AsyncHttpClient-1-5] DEBUG org.asynchttpclient.netty.channel.ChannelManager - Adding key: http://localhost:25218 for channel [id: 0x1d6ceefd, L:/127.0.0.1:56568 - R:localhost/127.0.0.1:25218]
18:03:21.745 [main] DEBUG net.serenitybdd.core.photography.Darkroom - Send negative for processing for target\site\serenity\68ec4f0bcb6651e00ea1d191d46571c1910d5690326bef55495e8a2a1b03d78e.png
18:03:21.745 [main] DEBUG net.thucydides.core.steps.StepInterceptor - STEP DONE: click button login
  &amp#27;[32mAnd &amp#27;[0m&amp#27;[32mclick button login&amp#27;[0m                                     &amp#27;[90m# starter.stepdefinition.LoginStep.clickButtonLogin()&amp#27;[0m
18:03:21.745 [Darkroom Processing Line] DEBUG net.serenitybdd.core.photography.DarkroomProcessingLine - Processing screenshot image in /var/screenshots/screenshot-6626345878346131665
18:03:21.746 [Darkroom Processing Line] DEBUG net.serenitybdd.core.photography.DarkroomProcessingLine - Saving screenshot to target\site\serenity\68ec4f0bcb6651e00ea1d191d46571c1910d5690326bef55495e8a2a1b03d78e.png
18:03:21.755 [main] DEBUG net.thucydides.core.steps.StepInterceptor - STARTING STEP: LoginStep.userSeeErrorMessage - user see error message
18:03:21.757 [Forwarding findElement on session a04f3369746333019ce83eabf7fa2ce8 to remote] DEBUG org.asynchttpclient.netty.request.NettyRequestSender - Using pooled Channel '[id: 0x1d6ceefd, L:/127.0.0.1:56568 - R:localhost/127.0.0.1:25218]' for 'POST' to 'http://localhost:25218/session/a04f3369746333019ce83eabf7fa2ce8/element'
18:03:21.757 [Forwarding findElement on session a04f3369746333019ce83eabf7fa2ce8 to remote] DEBUG org.asynchttpclient.netty.request.NettyRequestSender - Using open Channel [id: 0x1d6ceefd, L:/127.0.0.1:56568 - R:localhost/127.0.0.1:25218] for POST '/session/a04f3369746333019ce83eabf7fa2ce8/element'
18:03:21.915 [AsyncHttpClient-1-5] DEBUG org.asynchttpclient.netty.handler.HttpHandler - 

Request DefaultHttpRequest(decodeResult: success, version: HTTP/1.1)
POST /session/a04f3369746333019ce83eabf7fa2ce8/element HTTP/1.1
User-Agent: selenium/4.8.1 (java windows)
Content-Length: 79
Content-Type: application/json; charset=utf-8
host: localhost:25218
accept: */*

Response DefaultHttpResponse(decodeResult: success, version: HTTP/1.1)
HTTP/1.1 200 OK
Content-Length: 88
Content-Type: application/json; charset=utf-8
cache-control: no-cache

18:03:21.915 [AsyncHttpClient-1-5] DEBUG org.asynchttpclient.netty.channel.ChannelManager - Adding key: http://localhost:25218 for channel [id: 0x1d6ceefd, L:/127.0.0.1:56568 - R:localhost/127.0.0.1:25218]
18:03:21.917 [Forwarding isElementDisplayed on session a04f3369746333019ce83eabf7fa2ce8 to remote] DEBUG org.asynchttpclient.netty.request.NettyRequestSender - Using pooled Channel '[id: 0x1d6ceefd, L:/127.0.0.1:56568 - R:localhost/127.0.0.1:25218]' for 'POST' to 'http://localhost:25218/session/a04f3369746333019ce83eabf7fa2ce8/execute/sync'
18:03:21.917 [Forwarding isElementDisplayed on session a04f3369746333019ce83eabf7fa2ce8 to remote] DEBUG org.asynchttpclient.netty.request.NettyRequestSender - Using open Channel [id: 0x1d6ceefd, L:/127.0.0.1:56568 - R:localhost/127.0.0.1:25218] for POST '/session/a04f3369746333019ce83eabf7fa2ce8/execute/sync'
18:03:21.931 [AsyncHttpClient-1-5] DEBUG org.asynchttpclient.netty.handler.HttpHandler - 

Request DefaultHttpRequest(decodeResult: success, version: HTTP/1.1)
POST /session/a04f3369746333019ce83eabf7fa2ce8/execute/sync HTTP/1.1
User-Agent: selenium/4.8.1 (java windows)
Content-Length: 48807
Content-Type: application/json; charset=utf-8
host: localhost:25218
accept: */*

Response DefaultHttpResponse(decodeResult: success, version: HTTP/1.1)
HTTP/1.1 200 OK
Content-Length: 14
Content-Type: application/json; charset=utf-8
cache-control: no-cache

18:03:21.931 [AsyncHttpClient-1-5] DEBUG org.asynchttpclient.netty.channel.ChannelManager - Adding key: http://localhost:25218 for channel [id: 0x1d6ceefd, L:/127.0.0.1:56568 - R:localhost/127.0.0.1:25218]
18:03:21.940 [Forwarding getAlertText on session a04f3369746333019ce83eabf7fa2ce8 to remote] DEBUG org.asynchttpclient.netty.request.NettyRequestSender - Using pooled Channel '[id: 0x1d6ceefd, L:/127.0.0.1:56568 - R:localhost/127.0.0.1:25218]' for 'GET' to 'http://localhost:25218/session/a04f3369746333019ce83eabf7fa2ce8/alert/text'
18:03:21.940 [Forwarding getAlertText on session a04f3369746333019ce83eabf7fa2ce8 to remote] DEBUG org.asynchttpclient.netty.request.NettyRequestSender - Using open Channel [id: 0x1d6ceefd, L:/127.0.0.1:56568 - R:localhost/127.0.0.1:25218] for GET '/session/a04f3369746333019ce83eabf7fa2ce8/alert/text'
18:03:21.941 [AsyncHttpClient-1-5] DEBUG org.asynchttpclient.netty.handler.HttpHandler - 

Request DefaultFullHttpRequest(decodeResult: success, version: HTTP/1.1, content: EmptyByteBufBE)
GET /session/a04f3369746333019ce83eabf7fa2ce8/alert/text HTTP/1.1
User-Agent: selenium/4.8.1 (java windows)
Cache-Control: no-cache
Content-Type: application/json; charset=utf-8
host: localhost:25218
accept: */*

Response DefaultHttpResponse(decodeResult: success, version: HTTP/1.1)
HTTP/1.1 404 Not Found
Content-Length: 848
Content-Type: application/json; charset=utf-8
cache-control: no-cache

18:03:21.941 [AsyncHttpClient-1-5] DEBUG org.asynchttpclient.netty.channel.ChannelManager - Adding key: http://localhost:25218 for channel [id: 0x1d6ceefd, L:/127.0.0.1:56568 - R:localhost/127.0.0.1:25218]
18:03:21.942 [Forwarding getCurrentUrl on session a04f3369746333019ce83eabf7fa2ce8 to remote] DEBUG org.asynchttpclient.netty.request.NettyRequestSender - Using pooled Channel '[id: 0x1d6ceefd, L:/127.0.0.1:56568 - R:localhost/127.0.0.1:25218]' for 'GET' to 'http://localhost:25218/session/a04f3369746333019ce83eabf7fa2ce8/url'
18:03:21.943 [Forwarding getCurrentUrl on session a04f3369746333019ce83eabf7fa2ce8 to remote] DEBUG org.asynchttpclient.netty.request.NettyRequestSender - Using open Channel [id: 0x1d6ceefd, L:/127.0.0.1:56568 - R:localhost/127.0.0.1:25218] for GET '/session/a04f3369746333019ce83eabf7fa2ce8/url'
18:03:21.945 [AsyncHttpClient-1-5] DEBUG org.asynchttpclient.netty.handler.HttpHandler - 

Request DefaultFullHttpRequest(decodeResult: success, version: HTTP/1.1, content: EmptyByteBufBE)
GET /session/a04f3369746333019ce83eabf7fa2ce8/url HTTP/1.1
User-Agent: selenium/4.8.1 (java windows)
Cache-Control: no-cache
Content-Type: application/json; charset=utf-8
host: localhost:25218
accept: */*

Response DefaultHttpResponse(decodeResult: success, version: HTTP/1.1)
HTTP/1.1 200 OK
Content-Length: 51
Content-Type: application/json; charset=utf-8
cache-control: no-cache

18:03:21.946 [AsyncHttpClient-1-5] DEBUG org.asynchttpclient.netty.channel.ChannelManager - Adding key: http://localhost:25218 for channel [id: 0x1d6ceefd, L:/127.0.0.1:56568 - R:localhost/127.0.0.1:25218]
18:03:21.946 [Forwarding screenshot on session a04f3369746333019ce83eabf7fa2ce8 to remote] DEBUG org.asynchttpclient.netty.request.NettyRequestSender - Using pooled Channel '[id: 0x1d6ceefd, L:/127.0.0.1:56568 - R:localhost/127.0.0.1:25218]' for 'GET' to 'http://localhost:25218/session/a04f3369746333019ce83eabf7fa2ce8/screenshot'
18:03:21.946 [Forwarding screenshot on session a04f3369746333019ce83eabf7fa2ce8 to remote] DEBUG org.asynchttpclient.netty.request.NettyRequestSender - Using open Channel [id: 0x1d6ceefd, L:/127.0.0.1:56568 - R:localhost/127.0.0.1:25218] for GET '/session/a04f3369746333019ce83eabf7fa2ce8/screenshot'
18:03:22.076 [AsyncHttpClient-1-5] DEBUG org.asynchttpclient.netty.handler.HttpHandler - 

Request DefaultFullHttpRequest(decodeResult: success, version: HTTP/1.1, content: EmptyByteBufBE)
GET /session/a04f3369746333019ce83eabf7fa2ce8/screenshot HTTP/1.1
User-Agent: selenium/4.8.1 (java windows)
Cache-Control: no-cache
Content-Type: application/json; charset=utf-8
host: localhost:25218
accept: */*

Response DefaultHttpResponse(decodeResult: success, version: HTTP/1.1)
HTTP/1.1 200 OK
Content-Length: 32392
Content-Type: application/json; charset=utf-8
cache-control: no-cache

18:03:22.076 [AsyncHttpClient-1-5] DEBUG org.asynchttpclient.netty.channel.ChannelManager - Adding key: http://localhost:25218 for channel [id: 0x1d6ceefd, L:/127.0.0.1:56568 - R:localhost/127.0.0.1:25218]
18:03:22.078 [main] DEBUG net.serenitybdd.core.photography.Darkroom - Send negative for processing for target\site\serenity\96ae17debbee12c868d245d18041e94d9582546a4d645da9cc421b224b102013.png
18:03:22.078 [main] DEBUG net.thucydides.core.steps.StepInterceptor - STEP DONE: user see error message
  &amp#27;[32mThen &amp#27;[0m&amp#27;[32muser see error message &amp#27;[0m&amp#27;[32m&amp#27;[1m"record not found"&amp#27;[0m             &amp#27;[90m# starter.stepdefinition.LoginStep.userSeeErrorMessage(java.lang.String)&amp#27;[0m
18:03:22.078 [Darkroom Processing Line] DEBUG net.serenitybdd.core.photography.DarkroomProcessingLine - Processing screenshot image in /var/screenshots/screenshot-5205998678181435293
18:03:22.078 [Darkroom Processing Line] DEBUG net.serenitybdd.core.photography.DarkroomProcessingLine - Saving screenshot to target\site\serenity\96ae17debbee12c868d245d18041e94d9582546a4d645da9cc421b224b102013.png
18:03:22.083 [main] INFO  - 
  _____   ___   ___   _____     ___     _     ___   ___   ___   ___  
 |_   _| | __| / __| |_   _|   | _ \   /_\   / __| / __| | __| |   \ 
   | |   | _|  \__ \   | |     |  _/  / _ \  \__ \ \__ \ | _|  | |) |
   |_|   |___| |___/   |_|     |_|   /_/ \_\ |___/ |___/ |___| |___/ 

As a user, I login with invalid email and password
----------------------------------------------------------------------
18:03:22.084 [AsyncHttpClient-1-7] DEBUG org.asynchttpclient.netty.handler.WebSocketHandler - Channel Closed: [id: 0x3622e092, L:/127.0.0.1:56575 ! R:localhost/127.0.0.1:56569] with attribute NettyResponseFuture{currentRetry=0,
	isDone=1,
	isCancelled=0,
	asyncHandler=org.asynchttpclient.ws.WebSocketUpgradeHandler@386a3884,
	nettyRequest=org.asynchttpclient.netty.request.NettyRequest@60764419,
	future=java.util.concurrent.CompletableFuture@4e0d77d[Completed normally],
	uri=ws://localhost:56569/devtools/browser/cf2bf59f-a2e3-4b29-b9eb-3ea53c93568f,
	keepAlive=true,
	redirectCount=0,
	timeoutsHolder=null,
	inAuth=0,
	touch=1683543799188}
18:03:22.084 [AsyncHttpClient-1-7] DEBUG org.asynchttpclient.netty.channel.ChannelManager - Closing Channel [id: 0x3622e092, L:/127.0.0.1:56575 ! R:localhost/127.0.0.1:56569] 
18:03:22.084 [Driver Command Executor] DEBUG org.asynchttpclient.netty.request.NettyRequestSender - Using pooled Channel '[id: 0x1d6ceefd, L:/127.0.0.1:56568 - R:localhost/127.0.0.1:25218]' for 'DELETE' to 'http://localhost:25218/session/a04f3369746333019ce83eabf7fa2ce8'
18:03:22.085 [Driver Command Executor] DEBUG org.asynchttpclient.netty.request.NettyRequestSender - Using open Channel [id: 0x1d6ceefd, L:/127.0.0.1:56568 - R:localhost/127.0.0.1:25218] for DELETE '/session/a04f3369746333019ce83eabf7fa2ce8'
18:03:22.127 [AsyncHttpClient-1-6] DEBUG org.asynchttpclient.netty.handler.HttpHandler - Unexpected I/O exception on channel [id: 0xee74dbd8, L:/127.0.0.1:56574 - R:localhost/127.0.0.1:56569]
java.io.IOException: An existing connection was forcibly closed by the remote host
	at sun.nio.ch.SocketDispatcher.read0(Native Method)
	at sun.nio.ch.SocketDispatcher.read(SocketDispatcher.java:43)
	at sun.nio.ch.IOUtil.readIntoNativeBuffer(IOUtil.java:223)
	at sun.nio.ch.IOUtil.read(IOUtil.java:192)
	at sun.nio.ch.SocketChannelImpl.read(SocketChannelImpl.java:378)
	at io.netty.buffer.PooledByteBuf.setBytes(PooledByteBuf.java:259)
	at io.netty.buffer.AbstractByteBuf.writeBytes(AbstractByteBuf.java:1132)
	at io.netty.channel.socket.nio.NioSocketChannel.doReadBytes(NioSocketChannel.java:357)
	at io.netty.channel.nio.AbstractNioByteChannel$NioByteUnsafe.read(AbstractNioByteChannel.java:151)
	at io.netty.channel.nio.NioEventLoop.processSelectedKey(NioEventLoop.java:788)
	at io.netty.channel.nio.NioEventLoop.processSelectedKeysOptimized(NioEventLoop.java:724)
	at io.netty.channel.nio.NioEventLoop.processSelectedKeys(NioEventLoop.java:650)
	at io.netty.channel.nio.NioEventLoop.run(NioEventLoop.java:562)
	at io.netty.util.concurrent.SingleThreadEventExecutor$4.run(SingleThreadEventExecutor.java:997)
	at io.netty.util.internal.ThreadExecutorMap$2.run(ThreadExecutorMap.java:74)
	at io.netty.util.concurrent.FastThreadLocalRunnable.run(FastThreadLocalRunnable.java:30)
	at java.lang.Thread.run(Thread.java:748)
18:03:22.127 [AsyncHttpClient-1-6] DEBUG org.asynchttpclient.netty.channel.ChannelManager - Closing Channel [id: 0xee74dbd8, L:/127.0.0.1:56574 - R:localhost/127.0.0.1:56569] 
18:03:22.127 [AsyncHttpClient-1-6] DEBUG org.asynchttpclient.netty.handler.HttpHandler - Channel Closed: [id: 0xee74dbd8, L:/127.0.0.1:56574 ! R:localhost/127.0.0.1:56569] with attribute DISCARD
18:03:22.150 [AsyncHttpClient-1-5] DEBUG org.asynchttpclient.netty.handler.HttpHandler - 

Request DefaultFullHttpRequest(decodeResult: success, version: HTTP/1.1, content: EmptyByteBufBE)
DELETE /session/a04f3369746333019ce83eabf7fa2ce8 HTTP/1.1
User-Agent: selenium/4.8.1 (java windows)
Content-Type: application/json; charset=utf-8
host: localhost:25218
accept: */*

Response DefaultHttpResponse(decodeResult: success, version: HTTP/1.1)
HTTP/1.1 200 OK
Content-Length: 14
Content-Type: application/json; charset=utf-8
cache-control: no-cache

18:03:22.151 [AsyncHttpClient-1-5] DEBUG org.asynchttpclient.netty.channel.ChannelManager - Adding key: http://localhost:25218 for channel [id: 0x1d6ceefd, L:/127.0.0.1:56568 - R:localhost/127.0.0.1:25218]
18:03:22.238 [AsyncHttpClient-1-5] DEBUG org.asynchttpclient.netty.handler.HttpHandler - Channel Closed: [id: 0x1d6ceefd, L:/127.0.0.1:56568 ! R:localhost/127.0.0.1:25218] with attribute DISCARD
18:03:22.752 [AsyncHttpClient-1-1] DEBUG org.asynchttpclient.netty.channel.DefaultChannelPool - Entry count for : http://localhost:56569 : 1
18:03:22.752 [AsyncHttpClient-1-1] DEBUG org.asynchttpclient.netty.channel.DefaultChannelPool - Entry count for : http://localhost:25218 : 1
18:03:22.752 [AsyncHttpClient-1-1] DEBUG org.asynchttpclient.netty.channel.DefaultChannelPool - Adding Candidate expired Channel [id: 0xee74dbd8, L:/127.0.0.1:56574 ! R:localhost/127.0.0.1:56569] isIdleTimeoutExpired=false isRemotelyClosed=true isTtlExpired=false
18:03:22.752 [AsyncHttpClient-1-1] DEBUG org.asynchttpclient.netty.channel.DefaultChannelPool - Closing Idle Channel [id: 0xee74dbd8, L:/127.0.0.1:56574 ! R:localhost/127.0.0.1:56569]
18:03:22.752 [AsyncHttpClient-1-1] DEBUG org.asynchttpclient.netty.channel.DefaultChannelPool - Adding Candidate expired Channel [id: 0x1d6ceefd, L:/127.0.0.1:56568 ! R:localhost/127.0.0.1:25218] isIdleTimeoutExpired=false isRemotelyClosed=true isTtlExpired=false
18:03:22.752 [AsyncHttpClient-1-1] DEBUG org.asynchttpclient.netty.channel.DefaultChannelPool - Closing Idle Channel [id: 0x1d6ceefd, L:/127.0.0.1:56568 ! R:localhost/127.0.0.1:25218]
18:03:22.752 [AsyncHttpClient-1-1] DEBUG org.asynchttpclient.netty.channel.DefaultChannelPool - Closed 2 connections out of 2 in 0 ms
]]></system-out>
    <system-err><![CDATA[Starting ChromeDriver 112.0.5615.49 (bd2a7bcb881c11e8cfe3078709382934e3916914-refs/branch-heads/5615@{#936}) on port 25218
Only local connections are allowed.
Please see https://chromedriver.chromium.org/security-considerations for suggestions on keeping ChromeDriver safe.
ChromeDriver was started successfully.
May 08, 2023 6:03:19 PM org.openqa.selenium.devtools.CdpVersionFinder findNearestMatch
WARNING: Unable to find an exact match for CDP version 112, so returning the closest version found: 110
]]></system-err>
  </testcase>
  <testcase name="As a user, I login without input email and password" classname="Login - As a user I want to buy some product So that I have to login" time="6.658">
    <system-out><![CDATA[
@TC_Login_006
Scenario: As a user, I login without input email and password &amp#27;[90m# src/test/resources/features/Login.feature:43&amp#27;[0m
18:03:22.776 [main] DEBUG io.cucumber.core.plugin.SerenityReporter - Running feature from file:///C:/Users/user/IdeaProjects/QE_Devi%20Agustin%20Utari_Mini_Project/Web_Automation_AltaShop/src/test/resources/features/Login.feature
18:03:22.779 [main] INFO  - 
  _____   ___   ___   _____     ___   _____     _     ___   _____   ___   ___  
 |_   _| | __| / __| |_   _|   / __| |_   _|   /_\   | _ \ |_   _| | __| |   \ 
   | |   | _|  \__ \   | |     \__ \   | |    / _ \  |   /   | |   | _|  | |) |
   |_|   |___| |___/   |_|     |___/   |_|   /_/ \_\ |_|_\   |_|   |___| |___/ 

As a user, I login without input email and password(login---as-a-user-i-want-to-buy-some-product-so-that-i-have-to-login;as-a-user--i-login-without-input-email-and-password)
--------------------------------------------------------------------------------
18:03:24.176 [main] DEBUG net.thucydides.core.steps.StepInterceptor - STARTING STEP: LoginStep.userOnLoginPage - user on login page
18:03:24.562 [main] INFO net.serenitybdd.core.webdriver.driverproviders.ChromeDriverProvider - Starting Chrome driver instance with capabilities:
18:03:24.562 [main] INFO net.serenitybdd.core.webdriver.driverproviders.ChromeDriverProvider - Capabilities {acceptInsecureCerts: true, browserName: chrome, goog:chromeOptions: {args: [remote-allow-origins=*, test-type, no-sandbox, ignore-certificate-errors, start-maximized, incognito, disable-infobars, disable-gpu, disable-default-apps, disable-popup-blocking, remote-allow-origins=*, test-type, no-sandbox, ignore-certificate-errors, start-maximized, incognito, disable-infobars, disable-gpu, disable-default-apps, disable-popup-blocking, remote-allow-origins=*], extensions: []}}
18:03:25.306 [AsyncHttpClient-1-8] DEBUG org.asynchttpclient.netty.channel.NettyConnectListener - Using new Channel '[id: 0x98a84803, L:/127.0.0.1:56593 - R:localhost/127.0.0.1:47935]' for 'POST' to '/session'
18:03:26.075 [AsyncHttpClient-1-8] DEBUG org.asynchttpclient.netty.handler.HttpHandler - 

Request DefaultHttpRequest(decodeResult: success, version: HTTP/1.1)
POST /session HTTP/1.1
User-Agent: selenium/4.8.1 (java windows)
Content-Length: 1701
Content-Type: application/json; charset=utf-8
host: localhost:47935
accept: */*

Response DefaultHttpResponse(decodeResult: success, version: HTTP/1.1)
HTTP/1.1 200 OK
Content-Length: 843
Content-Type: application/json; charset=utf-8
cache-control: no-cache

18:03:26.075 [AsyncHttpClient-1-8] DEBUG org.asynchttpclient.netty.channel.ChannelManager - Adding key: http://localhost:47935 for channel [id: 0x98a84803, L:/127.0.0.1:56593 - R:localhost/127.0.0.1:47935]
18:03:26.085 [AsyncHttpClient-1-9] DEBUG org.asynchttpclient.netty.channel.NettyConnectListener - Using new Channel '[id: 0xfff11ac8, L:/127.0.0.1:56599 - R:localhost/127.0.0.1:56594]' for 'GET' to '/json/version'
18:03:26.095 [AsyncHttpClient-1-9] DEBUG org.asynchttpclient.netty.handler.HttpHandler - 

Request DefaultFullHttpRequest(decodeResult: success, version: HTTP/1.1, content: EmptyByteBufBE)
GET /json/version HTTP/1.1
User-Agent: selenium/4.8.1 (java windows)
host: localhost:56594
accept: */*

Response DefaultHttpResponse(decodeResult: success, version: HTTP/1.1)
HTTP/1.1 200 OK
Content-Security-Policy: frame-ancestors 'none'
Content-Length: 424
Content-Type: application/json; charset=UTF-8

18:03:26.095 [AsyncHttpClient-1-9] DEBUG org.asynchttpclient.netty.channel.ChannelManager - Adding key: http://localhost:56594 for channel [id: 0xfff11ac8, L:/127.0.0.1:56599 - R:localhost/127.0.0.1:56594]
18:03:26.099 [AsyncHttpClient-1-2] DEBUG org.asynchttpclient.netty.channel.NettyConnectListener - Using new Channel '[id: 0xc5a58ce8, L:/127.0.0.1:56600 - R:localhost/127.0.0.1:56594]' for 'GET' to '/devtools/browser/9d53f744-d71a-4a68-a91b-72a0af9fe60c'
18:03:26.100 [AsyncHttpClient-1-2] DEBUG org.asynchttpclient.netty.handler.WebSocketHandler - 

Request DefaultFullHttpRequest(decodeResult: success, version: HTTP/1.1, content: EmptyByteBufBE)
GET /devtools/browser/9d53f744-d71a-4a68-a91b-72a0af9fe60c HTTP/1.1
upgrade: websocket
connection: upgrade
sec-websocket-key: eH1Vhalp5TsRCBW2YGbmqA==
sec-websocket-version: 13
origin: http://localhost:56594
host: localhost:56594
accept: */*
user-agent: AHC/2.1

Response DefaultHttpResponse(decodeResult: success, version: HTTP/1.1)
HTTP/1.1 101 WebSocket Protocol Handshake
Upgrade: WebSocket
Connection: Upgrade
Sec-WebSocket-Accept: WpsdIh5Pa+Wjx3nXL3YIbir0La0=

18:03:26.105 [Forwarding get on session a646a51803ff83d21ab3e8e6249e04a0 to remote] DEBUG org.asynchttpclient.netty.request.NettyRequestSender - Using pooled Channel '[id: 0x98a84803, L:/127.0.0.1:56593 - R:localhost/127.0.0.1:47935]' for 'POST' to 'http://localhost:47935/session/a646a51803ff83d21ab3e8e6249e04a0/url'
18:03:26.105 [Forwarding get on session a646a51803ff83d21ab3e8e6249e04a0 to remote] DEBUG org.asynchttpclient.netty.request.NettyRequestSender - Using open Channel [id: 0x98a84803, L:/127.0.0.1:56593 - R:localhost/127.0.0.1:47935] for POST '/session/a646a51803ff83d21ab3e8e6249e04a0/url'
18:03:26.251 [AsyncHttpClient-1-1] DEBUG org.asynchttpclient.netty.channel.DefaultChannelPool - Entry count for : http://localhost:56594 : 1
18:03:27.347 [AsyncHttpClient-1-1] DEBUG org.asynchttpclient.netty.channel.DefaultChannelPool - Entry count for : http://localhost:56594 : 1
18:03:27.462 [AsyncHttpClient-1-8] DEBUG org.asynchttpclient.netty.handler.HttpHandler - 

Request DefaultHttpRequest(decodeResult: success, version: HTTP/1.1)
POST /session/a646a51803ff83d21ab3e8e6249e04a0/url HTTP/1.1
User-Agent: selenium/4.8.1 (java windows)
Content-Length: 74
Content-Type: application/json; charset=utf-8
host: localhost:47935
accept: */*

Response DefaultHttpResponse(decodeResult: success, version: HTTP/1.1)
HTTP/1.1 200 OK
Content-Length: 14
Content-Type: application/json; charset=utf-8
cache-control: no-cache

18:03:27.462 [AsyncHttpClient-1-8] DEBUG org.asynchttpclient.netty.channel.ChannelManager - Adding key: http://localhost:47935 for channel [id: 0x98a84803, L:/127.0.0.1:56593 - R:localhost/127.0.0.1:47935]
18:03:27.464 [Forwarding setTimeout on session a646a51803ff83d21ab3e8e6249e04a0 to remote] DEBUG org.asynchttpclient.netty.request.NettyRequestSender - Using pooled Channel '[id: 0x98a84803, L:/127.0.0.1:56593 - R:localhost/127.0.0.1:47935]' for 'POST' to 'http://localhost:47935/session/a646a51803ff83d21ab3e8e6249e04a0/timeouts'
18:03:27.464 [Forwarding setTimeout on session a646a51803ff83d21ab3e8e6249e04a0 to remote] DEBUG org.asynchttpclient.netty.request.NettyRequestSender - Using open Channel [id: 0x98a84803, L:/127.0.0.1:56593 - R:localhost/127.0.0.1:47935] for POST '/session/a646a51803ff83d21ab3e8e6249e04a0/timeouts'
18:03:27.467 [AsyncHttpClient-1-8] DEBUG org.asynchttpclient.netty.handler.HttpHandler - 

Request DefaultHttpRequest(decodeResult: success, version: HTTP/1.1)
POST /session/a646a51803ff83d21ab3e8e6249e04a0/timeouts HTTP/1.1
User-Agent: selenium/4.8.1 (java windows)
Content-Length: 22
Content-Type: application/json; charset=utf-8
host: localhost:47935
accept: */*

Response DefaultHttpResponse(decodeResult: success, version: HTTP/1.1)
HTTP/1.1 200 OK
Content-Length: 14
Content-Type: application/json; charset=utf-8
cache-control: no-cache

18:03:27.467 [AsyncHttpClient-1-8] DEBUG org.asynchttpclient.netty.channel.ChannelManager - Adding key: http://localhost:47935 for channel [id: 0x98a84803, L:/127.0.0.1:56593 - R:localhost/127.0.0.1:47935]
18:03:27.482 [Forwarding findElement on session a646a51803ff83d21ab3e8e6249e04a0 to remote] DEBUG org.asynchttpclient.netty.request.NettyRequestSender - Using pooled Channel '[id: 0x98a84803, L:/127.0.0.1:56593 - R:localhost/127.0.0.1:47935]' for 'POST' to 'http://localhost:47935/session/a646a51803ff83d21ab3e8e6249e04a0/element'
18:03:27.482 [Forwarding findElement on session a646a51803ff83d21ab3e8e6249e04a0 to remote] DEBUG org.asynchttpclient.netty.request.NettyRequestSender - Using open Channel [id: 0x98a84803, L:/127.0.0.1:56593 - R:localhost/127.0.0.1:47935] for POST '/session/a646a51803ff83d21ab3e8e6249e04a0/element'
18:03:27.510 [AsyncHttpClient-1-8] DEBUG org.asynchttpclient.netty.handler.HttpHandler - 

Request DefaultHttpRequest(decodeResult: success, version: HTTP/1.1)
POST /session/a646a51803ff83d21ab3e8e6249e04a0/element HTTP/1.1
User-Agent: selenium/4.8.1 (java windows)
Content-Length: 69
Content-Type: application/json; charset=utf-8
host: localhost:47935
accept: */*

Response DefaultHttpResponse(decodeResult: success, version: HTTP/1.1)
HTTP/1.1 200 OK
Content-Length: 88
Content-Type: application/json; charset=utf-8
cache-control: no-cache

18:03:27.510 [AsyncHttpClient-1-8] DEBUG org.asynchttpclient.netty.channel.ChannelManager - Adding key: http://localhost:47935 for channel [id: 0x98a84803, L:/127.0.0.1:56593 - R:localhost/127.0.0.1:47935]
18:03:27.515 [Forwarding isElementDisplayed on session a646a51803ff83d21ab3e8e6249e04a0 to remote] DEBUG org.asynchttpclient.netty.request.NettyRequestSender - Using pooled Channel '[id: 0x98a84803, L:/127.0.0.1:56593 - R:localhost/127.0.0.1:47935]' for 'POST' to 'http://localhost:47935/session/a646a51803ff83d21ab3e8e6249e04a0/execute/sync'
18:03:27.515 [Forwarding isElementDisplayed on session a646a51803ff83d21ab3e8e6249e04a0 to remote] DEBUG org.asynchttpclient.netty.request.NettyRequestSender - Using open Channel [id: 0x98a84803, L:/127.0.0.1:56593 - R:localhost/127.0.0.1:47935] for POST '/session/a646a51803ff83d21ab3e8e6249e04a0/execute/sync'
18:03:27.535 [AsyncHttpClient-1-8] DEBUG org.asynchttpclient.netty.handler.HttpHandler - 

Request DefaultHttpRequest(decodeResult: success, version: HTTP/1.1)
POST /session/a646a51803ff83d21ab3e8e6249e04a0/execute/sync HTTP/1.1
User-Agent: selenium/4.8.1 (java windows)
Content-Length: 48807
Content-Type: application/json; charset=utf-8
host: localhost:47935
accept: */*

Response DefaultHttpResponse(decodeResult: success, version: HTTP/1.1)
HTTP/1.1 200 OK
Content-Length: 14
Content-Type: application/json; charset=utf-8
cache-control: no-cache

18:03:27.535 [AsyncHttpClient-1-8] DEBUG org.asynchttpclient.netty.channel.ChannelManager - Adding key: http://localhost:47935 for channel [id: 0x98a84803, L:/127.0.0.1:56593 - R:localhost/127.0.0.1:47935]
18:03:27.542 [Forwarding getAlertText on session a646a51803ff83d21ab3e8e6249e04a0 to remote] DEBUG org.asynchttpclient.netty.request.NettyRequestSender - Using pooled Channel '[id: 0x98a84803, L:/127.0.0.1:56593 - R:localhost/127.0.0.1:47935]' for 'GET' to 'http://localhost:47935/session/a646a51803ff83d21ab3e8e6249e04a0/alert/text'
18:03:27.542 [Forwarding getAlertText on session a646a51803ff83d21ab3e8e6249e04a0 to remote] DEBUG org.asynchttpclient.netty.request.NettyRequestSender - Using open Channel [id: 0x98a84803, L:/127.0.0.1:56593 - R:localhost/127.0.0.1:47935] for GET '/session/a646a51803ff83d21ab3e8e6249e04a0/alert/text'
18:03:27.544 [AsyncHttpClient-1-8] DEBUG org.asynchttpclient.netty.handler.HttpHandler - 

Request DefaultFullHttpRequest(decodeResult: success, version: HTTP/1.1, content: EmptyByteBufBE)
GET /session/a646a51803ff83d21ab3e8e6249e04a0/alert/text HTTP/1.1
User-Agent: selenium/4.8.1 (java windows)
Cache-Control: no-cache
Content-Type: application/json; charset=utf-8
host: localhost:47935
accept: */*

Response DefaultHttpResponse(decodeResult: success, version: HTTP/1.1)
HTTP/1.1 404 Not Found
Content-Length: 848
Content-Type: application/json; charset=utf-8
cache-control: no-cache

18:03:27.544 [AsyncHttpClient-1-8] DEBUG org.asynchttpclient.netty.channel.ChannelManager - Adding key: http://localhost:47935 for channel [id: 0x98a84803, L:/127.0.0.1:56593 - R:localhost/127.0.0.1:47935]
18:03:27.546 [Forwarding getCurrentUrl on session a646a51803ff83d21ab3e8e6249e04a0 to remote] DEBUG org.asynchttpclient.netty.request.NettyRequestSender - Using pooled Channel '[id: 0x98a84803, L:/127.0.0.1:56593 - R:localhost/127.0.0.1:47935]' for 'GET' to 'http://localhost:47935/session/a646a51803ff83d21ab3e8e6249e04a0/url'
18:03:27.546 [Forwarding getCurrentUrl on session a646a51803ff83d21ab3e8e6249e04a0 to remote] DEBUG org.asynchttpclient.netty.request.NettyRequestSender - Using open Channel [id: 0x98a84803, L:/127.0.0.1:56593 - R:localhost/127.0.0.1:47935] for GET '/session/a646a51803ff83d21ab3e8e6249e04a0/url'
18:03:27.550 [AsyncHttpClient-1-8] DEBUG org.asynchttpclient.netty.handler.HttpHandler - 

Request DefaultFullHttpRequest(decodeResult: success, version: HTTP/1.1, content: EmptyByteBufBE)
GET /session/a646a51803ff83d21ab3e8e6249e04a0/url HTTP/1.1
User-Agent: selenium/4.8.1 (java windows)
Cache-Control: no-cache
Content-Type: application/json; charset=utf-8
host: localhost:47935
accept: */*

Response DefaultHttpResponse(decodeResult: success, version: HTTP/1.1)
HTTP/1.1 200 OK
Content-Length: 51
Content-Type: application/json; charset=utf-8
cache-control: no-cache

18:03:27.550 [AsyncHttpClient-1-8] DEBUG org.asynchttpclient.netty.channel.ChannelManager - Adding key: http://localhost:47935 for channel [id: 0x98a84803, L:/127.0.0.1:56593 - R:localhost/127.0.0.1:47935]
18:03:27.551 [Forwarding screenshot on session a646a51803ff83d21ab3e8e6249e04a0 to remote] DEBUG org.asynchttpclient.netty.request.NettyRequestSender - Using pooled Channel '[id: 0x98a84803, L:/127.0.0.1:56593 - R:localhost/127.0.0.1:47935]' for 'GET' to 'http://localhost:47935/session/a646a51803ff83d21ab3e8e6249e04a0/screenshot'
18:03:27.551 [Forwarding screenshot on session a646a51803ff83d21ab3e8e6249e04a0 to remote] DEBUG org.asynchttpclient.netty.request.NettyRequestSender - Using open Channel [id: 0x98a84803, L:/127.0.0.1:56593 - R:localhost/127.0.0.1:47935] for GET '/session/a646a51803ff83d21ab3e8e6249e04a0/screenshot'
18:03:27.667 [AsyncHttpClient-1-8] DEBUG org.asynchttpclient.netty.handler.HttpHandler - 

Request DefaultFullHttpRequest(decodeResult: success, version: HTTP/1.1, content: EmptyByteBufBE)
GET /session/a646a51803ff83d21ab3e8e6249e04a0/screenshot HTTP/1.1
User-Agent: selenium/4.8.1 (java windows)
Cache-Control: no-cache
Content-Type: application/json; charset=utf-8
host: localhost:47935
accept: */*

Response DefaultHttpResponse(decodeResult: success, version: HTTP/1.1)
HTTP/1.1 200 OK
Content-Length: 25060
Content-Type: application/json; charset=utf-8
cache-control: no-cache

18:03:27.668 [AsyncHttpClient-1-8] DEBUG org.asynchttpclient.netty.channel.ChannelManager - Adding key: http://localhost:47935 for channel [id: 0x98a84803, L:/127.0.0.1:56593 - R:localhost/127.0.0.1:47935]
18:03:27.670 [main] DEBUG net.serenitybdd.core.photography.Darkroom - Send negative for processing for target\site\serenity\1db263dd5c04c8fe15e82ee6420144d4e1e7b9826b9315cfd7ec5b5d0da76045.png
18:03:27.670 [main] DEBUG net.thucydides.core.steps.StepInterceptor - STEP DONE: user on login page
  &amp#27;[32mGiven &amp#27;[0m&amp#27;[32muser on login page&amp#27;[0m                                    &amp#27;[90m# starter.stepdefinition.LoginStep.userOnLoginPage()&amp#27;[0m
18:03:27.683 [main] DEBUG net.thucydides.core.steps.StepInterceptor - STARTING STEP: LoginStep.clickButtonLogin - click button login
18:03:27.687 [Forwarding findElement on session a646a51803ff83d21ab3e8e6249e04a0 to remote] DEBUG org.asynchttpclient.netty.request.NettyRequestSender - Using pooled Channel '[id: 0x98a84803, L:/127.0.0.1:56593 - R:localhost/127.0.0.1:47935]' for 'POST' to 'http://localhost:47935/session/a646a51803ff83d21ab3e8e6249e04a0/element'
18:03:27.687 [Forwarding findElement on session a646a51803ff83d21ab3e8e6249e04a0 to remote] DEBUG org.asynchttpclient.netty.request.NettyRequestSender - Using open Channel [id: 0x98a84803, L:/127.0.0.1:56593 - R:localhost/127.0.0.1:47935] for POST '/session/a646a51803ff83d21ab3e8e6249e04a0/element'
18:03:27.695 [AsyncHttpClient-1-8] DEBUG org.asynchttpclient.netty.handler.HttpHandler - 

Request DefaultHttpRequest(decodeResult: success, version: HTTP/1.1)
POST /session/a646a51803ff83d21ab3e8e6249e04a0/element HTTP/1.1
User-Agent: selenium/4.8.1 (java windows)
Content-Length: 69
Content-Type: application/json; charset=utf-8
host: localhost:47935
accept: */*

Response DefaultHttpResponse(decodeResult: success, version: HTTP/1.1)
HTTP/1.1 200 OK
Content-Length: 88
Content-Type: application/json; charset=utf-8
cache-control: no-cache

18:03:27.695 [AsyncHttpClient-1-8] DEBUG org.asynchttpclient.netty.channel.ChannelManager - Adding key: http://localhost:47935 for channel [id: 0x98a84803, L:/127.0.0.1:56593 - R:localhost/127.0.0.1:47935]
18:03:27.697 [Forwarding getElementTagName on session a646a51803ff83d21ab3e8e6249e04a0 to remote] DEBUG org.asynchttpclient.netty.request.NettyRequestSender - Using pooled Channel '[id: 0x98a84803, L:/127.0.0.1:56593 - R:localhost/127.0.0.1:47935]' for 'GET' to 'http://localhost:47935/session/a646a51803ff83d21ab3e8e6249e04a0/element/d7506f14-32be-4a55-9a6b-3ba8f9ed5cad/name'
18:03:27.697 [Forwarding getElementTagName on session a646a51803ff83d21ab3e8e6249e04a0 to remote] DEBUG org.asynchttpclient.netty.request.NettyRequestSender - Using open Channel [id: 0x98a84803, L:/127.0.0.1:56593 - R:localhost/127.0.0.1:47935] for GET '/session/a646a51803ff83d21ab3e8e6249e04a0/element/d7506f14-32be-4a55-9a6b-3ba8f9ed5cad/name'
18:03:27.701 [AsyncHttpClient-1-8] DEBUG org.asynchttpclient.netty.handler.HttpHandler - 

Request DefaultFullHttpRequest(decodeResult: success, version: HTTP/1.1, content: EmptyByteBufBE)
GET /session/a646a51803ff83d21ab3e8e6249e04a0/element/d7506f14-32be-4a55-9a6b-3ba8f9ed5cad/name HTTP/1.1
User-Agent: selenium/4.8.1 (java windows)
Cache-Control: no-cache
Content-Type: application/json; charset=utf-8
host: localhost:47935
accept: */*

Response DefaultHttpResponse(decodeResult: success, version: HTTP/1.1)
HTTP/1.1 200 OK
Content-Length: 16
Content-Type: application/json; charset=utf-8
cache-control: no-cache

18:03:27.701 [AsyncHttpClient-1-8] DEBUG org.asynchttpclient.netty.channel.ChannelManager - Adding key: http://localhost:47935 for channel [id: 0x98a84803, L:/127.0.0.1:56593 - R:localhost/127.0.0.1:47935]
18:03:27.703 [Forwarding getElementTagName on session a646a51803ff83d21ab3e8e6249e04a0 to remote] DEBUG org.asynchttpclient.netty.request.NettyRequestSender - Using pooled Channel '[id: 0x98a84803, L:/127.0.0.1:56593 - R:localhost/127.0.0.1:47935]' for 'GET' to 'http://localhost:47935/session/a646a51803ff83d21ab3e8e6249e04a0/element/d7506f14-32be-4a55-9a6b-3ba8f9ed5cad/name'
18:03:27.703 [Forwarding getElementTagName on session a646a51803ff83d21ab3e8e6249e04a0 to remote] DEBUG org.asynchttpclient.netty.request.NettyRequestSender - Using open Channel [id: 0x98a84803, L:/127.0.0.1:56593 - R:localhost/127.0.0.1:47935] for GET '/session/a646a51803ff83d21ab3e8e6249e04a0/element/d7506f14-32be-4a55-9a6b-3ba8f9ed5cad/name'
18:03:27.707 [AsyncHttpClient-1-8] DEBUG org.asynchttpclient.netty.handler.HttpHandler - 

Request DefaultFullHttpRequest(decodeResult: success, version: HTTP/1.1, content: EmptyByteBufBE)
GET /session/a646a51803ff83d21ab3e8e6249e04a0/element/d7506f14-32be-4a55-9a6b-3ba8f9ed5cad/name HTTP/1.1
User-Agent: selenium/4.8.1 (java windows)
Cache-Control: no-cache
Content-Type: application/json; charset=utf-8
host: localhost:47935
accept: */*

Response DefaultHttpResponse(decodeResult: success, version: HTTP/1.1)
HTTP/1.1 200 OK
Content-Length: 16
Content-Type: application/json; charset=utf-8
cache-control: no-cache

18:03:27.707 [AsyncHttpClient-1-8] DEBUG org.asynchttpclient.netty.channel.ChannelManager - Adding key: http://localhost:47935 for channel [id: 0x98a84803, L:/127.0.0.1:56593 - R:localhost/127.0.0.1:47935]
18:03:27.709 [Forwarding findElement on session a646a51803ff83d21ab3e8e6249e04a0 to remote] DEBUG org.asynchttpclient.netty.request.NettyRequestSender - Using pooled Channel '[id: 0x98a84803, L:/127.0.0.1:56593 - R:localhost/127.0.0.1:47935]' for 'POST' to 'http://localhost:47935/session/a646a51803ff83d21ab3e8e6249e04a0/element'
18:03:27.709 [Forwarding findElement on session a646a51803ff83d21ab3e8e6249e04a0 to remote] DEBUG org.asynchttpclient.netty.request.NettyRequestSender - Using open Channel [id: 0x98a84803, L:/127.0.0.1:56593 - R:localhost/127.0.0.1:47935] for POST '/session/a646a51803ff83d21ab3e8e6249e04a0/element'
18:03:27.717 [AsyncHttpClient-1-8] DEBUG org.asynchttpclient.netty.handler.HttpHandler - 

Request DefaultHttpRequest(decodeResult: success, version: HTTP/1.1)
POST /session/a646a51803ff83d21ab3e8e6249e04a0/element HTTP/1.1
User-Agent: selenium/4.8.1 (java windows)
Content-Length: 69
Content-Type: application/json; charset=utf-8
host: localhost:47935
accept: */*

Response DefaultHttpResponse(decodeResult: success, version: HTTP/1.1)
HTTP/1.1 200 OK
Content-Length: 88
Content-Type: application/json; charset=utf-8
cache-control: no-cache

18:03:27.717 [AsyncHttpClient-1-8] DEBUG org.asynchttpclient.netty.channel.ChannelManager - Adding key: http://localhost:47935 for channel [id: 0x98a84803, L:/127.0.0.1:56593 - R:localhost/127.0.0.1:47935]
18:03:27.718 [Forwarding clickElement on session a646a51803ff83d21ab3e8e6249e04a0 to remote] DEBUG org.asynchttpclient.netty.request.NettyRequestSender - Using pooled Channel '[id: 0x98a84803, L:/127.0.0.1:56593 - R:localhost/127.0.0.1:47935]' for 'POST' to 'http://localhost:47935/session/a646a51803ff83d21ab3e8e6249e04a0/element/d7506f14-32be-4a55-9a6b-3ba8f9ed5cad/click'
18:03:27.718 [Forwarding clickElement on session a646a51803ff83d21ab3e8e6249e04a0 to remote] DEBUG org.asynchttpclient.netty.request.NettyRequestSender - Using open Channel [id: 0x98a84803, L:/127.0.0.1:56593 - R:localhost/127.0.0.1:47935] for POST '/session/a646a51803ff83d21ab3e8e6249e04a0/element/d7506f14-32be-4a55-9a6b-3ba8f9ed5cad/click'
18:03:27.782 [AsyncHttpClient-1-8] DEBUG org.asynchttpclient.netty.handler.HttpHandler - 

Request DefaultHttpRequest(decodeResult: success, version: HTTP/1.1)
POST /session/a646a51803ff83d21ab3e8e6249e04a0/element/d7506f14-32be-4a55-9a6b-3ba8f9ed5cad/click HTTP/1.1
User-Agent: selenium/4.8.1 (java windows)
Content-Length: 50
Content-Type: application/json; charset=utf-8
host: localhost:47935
accept: */*

Response DefaultHttpResponse(decodeResult: success, version: HTTP/1.1)
HTTP/1.1 200 OK
Content-Length: 14
Content-Type: application/json; charset=utf-8
cache-control: no-cache

18:03:27.783 [AsyncHttpClient-1-8] DEBUG org.asynchttpclient.netty.channel.ChannelManager - Adding key: http://localhost:47935 for channel [id: 0x98a84803, L:/127.0.0.1:56593 - R:localhost/127.0.0.1:47935]
18:03:27.840 [Forwarding getAlertText on session a646a51803ff83d21ab3e8e6249e04a0 to remote] DEBUG org.asynchttpclient.netty.request.NettyRequestSender - Using pooled Channel '[id: 0x98a84803, L:/127.0.0.1:56593 - R:localhost/127.0.0.1:47935]' for 'GET' to 'http://localhost:47935/session/a646a51803ff83d21ab3e8e6249e04a0/alert/text'
18:03:27.840 [Forwarding getAlertText on session a646a51803ff83d21ab3e8e6249e04a0 to remote] DEBUG org.asynchttpclient.netty.request.NettyRequestSender - Using open Channel [id: 0x98a84803, L:/127.0.0.1:56593 - R:localhost/127.0.0.1:47935] for GET '/session/a646a51803ff83d21ab3e8e6249e04a0/alert/text'
18:03:27.843 [AsyncHttpClient-1-8] DEBUG org.asynchttpclient.netty.handler.HttpHandler - 

Request DefaultFullHttpRequest(decodeResult: success, version: HTTP/1.1, content: EmptyByteBufBE)
GET /session/a646a51803ff83d21ab3e8e6249e04a0/alert/text HTTP/1.1
User-Agent: selenium/4.8.1 (java windows)
Cache-Control: no-cache
Content-Type: application/json; charset=utf-8
host: localhost:47935
accept: */*

Response DefaultHttpResponse(decodeResult: success, version: HTTP/1.1)
HTTP/1.1 404 Not Found
Content-Length: 848
Content-Type: application/json; charset=utf-8
cache-control: no-cache

18:03:27.843 [AsyncHttpClient-1-8] DEBUG org.asynchttpclient.netty.channel.ChannelManager - Adding key: http://localhost:47935 for channel [id: 0x98a84803, L:/127.0.0.1:56593 - R:localhost/127.0.0.1:47935]
18:03:27.844 [Forwarding getCurrentUrl on session a646a51803ff83d21ab3e8e6249e04a0 to remote] DEBUG org.asynchttpclient.netty.request.NettyRequestSender - Using pooled Channel '[id: 0x98a84803, L:/127.0.0.1:56593 - R:localhost/127.0.0.1:47935]' for 'GET' to 'http://localhost:47935/session/a646a51803ff83d21ab3e8e6249e04a0/url'
18:03:27.844 [Forwarding getCurrentUrl on session a646a51803ff83d21ab3e8e6249e04a0 to remote] DEBUG org.asynchttpclient.netty.request.NettyRequestSender - Using open Channel [id: 0x98a84803, L:/127.0.0.1:56593 - R:localhost/127.0.0.1:47935] for GET '/session/a646a51803ff83d21ab3e8e6249e04a0/url'
18:03:27.848 [AsyncHttpClient-1-8] DEBUG org.asynchttpclient.netty.handler.HttpHandler - 

Request DefaultFullHttpRequest(decodeResult: success, version: HTTP/1.1, content: EmptyByteBufBE)
GET /session/a646a51803ff83d21ab3e8e6249e04a0/url HTTP/1.1
User-Agent: selenium/4.8.1 (java windows)
Cache-Control: no-cache
Content-Type: application/json; charset=utf-8
host: localhost:47935
accept: */*

Response DefaultHttpResponse(decodeResult: success, version: HTTP/1.1)
HTTP/1.1 200 OK
Content-Length: 51
Content-Type: application/json; charset=utf-8
cache-control: no-cache

18:03:27.849 [AsyncHttpClient-1-8] DEBUG org.asynchttpclient.netty.channel.ChannelManager - Adding key: http://localhost:47935 for channel [id: 0x98a84803, L:/127.0.0.1:56593 - R:localhost/127.0.0.1:47935]
18:03:27.849 [Forwarding screenshot on session a646a51803ff83d21ab3e8e6249e04a0 to remote] DEBUG org.asynchttpclient.netty.request.NettyRequestSender - Using pooled Channel '[id: 0x98a84803, L:/127.0.0.1:56593 - R:localhost/127.0.0.1:47935]' for 'GET' to 'http://localhost:47935/session/a646a51803ff83d21ab3e8e6249e04a0/screenshot'
18:03:27.850 [Forwarding screenshot on session a646a51803ff83d21ab3e8e6249e04a0 to remote] DEBUG org.asynchttpclient.netty.request.NettyRequestSender - Using open Channel [id: 0x98a84803, L:/127.0.0.1:56593 - R:localhost/127.0.0.1:47935] for GET '/session/a646a51803ff83d21ab3e8e6249e04a0/screenshot'
18:03:28.007 [AsyncHttpClient-1-8] DEBUG org.asynchttpclient.netty.handler.HttpHandler - 

Request DefaultFullHttpRequest(decodeResult: success, version: HTTP/1.1, content: EmptyByteBufBE)
GET /session/a646a51803ff83d21ab3e8e6249e04a0/screenshot HTTP/1.1
User-Agent: selenium/4.8.1 (java windows)
Cache-Control: no-cache
Content-Type: application/json; charset=utf-8
host: localhost:47935
accept: */*

Response DefaultHttpResponse(decodeResult: success, version: HTTP/1.1)
HTTP/1.1 200 OK
Content-Length: 24908
Content-Type: application/json; charset=utf-8
cache-control: no-cache

18:03:28.007 [AsyncHttpClient-1-8] DEBUG org.asynchttpclient.netty.channel.ChannelManager - Adding key: http://localhost:47935 for channel [id: 0x98a84803, L:/127.0.0.1:56593 - R:localhost/127.0.0.1:47935]
18:03:28.009 [main] DEBUG net.serenitybdd.core.photography.Darkroom - Send negative for processing for target\site\serenity\c8953bce9c44e924ff2cfecdd5c381653ca8632286f4b2959cfcfd721a371ff1.png
18:03:28.009 [main] DEBUG net.thucydides.core.steps.StepInterceptor - STEP DONE: click button login
  &amp#27;[32mWhen &amp#27;[0m&amp#27;[32mclick button login&amp#27;[0m                                     &amp#27;[90m# starter.stepdefinition.LoginStep.clickButtonLogin()&amp#27;[0m
18:03:28.009 [Darkroom Processing Line] DEBUG net.serenitybdd.core.photography.DarkroomProcessingLine - Processing screenshot image in /var/screenshots/screenshot-3798110809990876240
18:03:28.009 [Darkroom Processing Line] DEBUG net.serenitybdd.core.photography.DarkroomProcessingLine - Saving screenshot to target\site\serenity\c8953bce9c44e924ff2cfecdd5c381653ca8632286f4b2959cfcfd721a371ff1.png
18:03:28.025 [main] DEBUG net.thucydides.core.steps.StepInterceptor - STARTING STEP: LoginStep.userSeeErrorMessage - user see error message
18:03:28.028 [Forwarding findElement on session a646a51803ff83d21ab3e8e6249e04a0 to remote] DEBUG org.asynchttpclient.netty.request.NettyRequestSender - Using pooled Channel '[id: 0x98a84803, L:/127.0.0.1:56593 - R:localhost/127.0.0.1:47935]' for 'POST' to 'http://localhost:47935/session/a646a51803ff83d21ab3e8e6249e04a0/element'
18:03:28.029 [Forwarding findElement on session a646a51803ff83d21ab3e8e6249e04a0 to remote] DEBUG org.asynchttpclient.netty.request.NettyRequestSender - Using open Channel [id: 0x98a84803, L:/127.0.0.1:56593 - R:localhost/127.0.0.1:47935] for POST '/session/a646a51803ff83d21ab3e8e6249e04a0/element'
18:03:28.064 [AsyncHttpClient-1-8] DEBUG org.asynchttpclient.netty.handler.HttpHandler - 

Request DefaultHttpRequest(decodeResult: success, version: HTTP/1.1)
POST /session/a646a51803ff83d21ab3e8e6249e04a0/element HTTP/1.1
User-Agent: selenium/4.8.1 (java windows)
Content-Length: 79
Content-Type: application/json; charset=utf-8
host: localhost:47935
accept: */*

Response DefaultHttpResponse(decodeResult: success, version: HTTP/1.1)
HTTP/1.1 200 OK
Content-Length: 88
Content-Type: application/json; charset=utf-8
cache-control: no-cache

18:03:28.065 [AsyncHttpClient-1-8] DEBUG org.asynchttpclient.netty.channel.ChannelManager - Adding key: http://localhost:47935 for channel [id: 0x98a84803, L:/127.0.0.1:56593 - R:localhost/127.0.0.1:47935]
18:03:28.069 [Forwarding isElementDisplayed on session a646a51803ff83d21ab3e8e6249e04a0 to remote] DEBUG org.asynchttpclient.netty.request.NettyRequestSender - Using pooled Channel '[id: 0x98a84803, L:/127.0.0.1:56593 - R:localhost/127.0.0.1:47935]' for 'POST' to 'http://localhost:47935/session/a646a51803ff83d21ab3e8e6249e04a0/execute/sync'
18:03:28.069 [Forwarding isElementDisplayed on session a646a51803ff83d21ab3e8e6249e04a0 to remote] DEBUG org.asynchttpclient.netty.request.NettyRequestSender - Using open Channel [id: 0x98a84803, L:/127.0.0.1:56593 - R:localhost/127.0.0.1:47935] for POST '/session/a646a51803ff83d21ab3e8e6249e04a0/execute/sync'
18:03:28.098 [AsyncHttpClient-1-8] DEBUG org.asynchttpclient.netty.handler.HttpHandler - 

Request DefaultHttpRequest(decodeResult: success, version: HTTP/1.1)
POST /session/a646a51803ff83d21ab3e8e6249e04a0/execute/sync HTTP/1.1
User-Agent: selenium/4.8.1 (java windows)
Content-Length: 48807
Content-Type: application/json; charset=utf-8
host: localhost:47935
accept: */*

Response DefaultHttpResponse(decodeResult: success, version: HTTP/1.1)
HTTP/1.1 200 OK
Content-Length: 14
Content-Type: application/json; charset=utf-8
cache-control: no-cache

18:03:28.098 [AsyncHttpClient-1-8] DEBUG org.asynchttpclient.netty.channel.ChannelManager - Adding key: http://localhost:47935 for channel [id: 0x98a84803, L:/127.0.0.1:56593 - R:localhost/127.0.0.1:47935]
18:03:28.108 [Forwarding getAlertText on session a646a51803ff83d21ab3e8e6249e04a0 to remote] DEBUG org.asynchttpclient.netty.request.NettyRequestSender - Using pooled Channel '[id: 0x98a84803, L:/127.0.0.1:56593 - R:localhost/127.0.0.1:47935]' for 'GET' to 'http://localhost:47935/session/a646a51803ff83d21ab3e8e6249e04a0/alert/text'
18:03:28.108 [Forwarding getAlertText on session a646a51803ff83d21ab3e8e6249e04a0 to remote] DEBUG org.asynchttpclient.netty.request.NettyRequestSender - Using open Channel [id: 0x98a84803, L:/127.0.0.1:56593 - R:localhost/127.0.0.1:47935] for GET '/session/a646a51803ff83d21ab3e8e6249e04a0/alert/text'
18:03:28.109 [AsyncHttpClient-1-8] DEBUG org.asynchttpclient.netty.handler.HttpHandler - 

Request DefaultFullHttpRequest(decodeResult: success, version: HTTP/1.1, content: EmptyByteBufBE)
GET /session/a646a51803ff83d21ab3e8e6249e04a0/alert/text HTTP/1.1
User-Agent: selenium/4.8.1 (java windows)
Cache-Control: no-cache
Content-Type: application/json; charset=utf-8
host: localhost:47935
accept: */*

Response DefaultHttpResponse(decodeResult: success, version: HTTP/1.1)
HTTP/1.1 404 Not Found
Content-Length: 848
Content-Type: application/json; charset=utf-8
cache-control: no-cache

18:03:28.110 [AsyncHttpClient-1-8] DEBUG org.asynchttpclient.netty.channel.ChannelManager - Adding key: http://localhost:47935 for channel [id: 0x98a84803, L:/127.0.0.1:56593 - R:localhost/127.0.0.1:47935]
18:03:28.111 [Forwarding getCurrentUrl on session a646a51803ff83d21ab3e8e6249e04a0 to remote] DEBUG org.asynchttpclient.netty.request.NettyRequestSender - Using pooled Channel '[id: 0x98a84803, L:/127.0.0.1:56593 - R:localhost/127.0.0.1:47935]' for 'GET' to 'http://localhost:47935/session/a646a51803ff83d21ab3e8e6249e04a0/url'
18:03:28.111 [Forwarding getCurrentUrl on session a646a51803ff83d21ab3e8e6249e04a0 to remote] DEBUG org.asynchttpclient.netty.request.NettyRequestSender - Using open Channel [id: 0x98a84803, L:/127.0.0.1:56593 - R:localhost/127.0.0.1:47935] for GET '/session/a646a51803ff83d21ab3e8e6249e04a0/url'
18:03:28.115 [AsyncHttpClient-1-8] DEBUG org.asynchttpclient.netty.handler.HttpHandler - 

Request DefaultFullHttpRequest(decodeResult: success, version: HTTP/1.1, content: EmptyByteBufBE)
GET /session/a646a51803ff83d21ab3e8e6249e04a0/url HTTP/1.1
User-Agent: selenium/4.8.1 (java windows)
Cache-Control: no-cache
Content-Type: application/json; charset=utf-8
host: localhost:47935
accept: */*

Response DefaultHttpResponse(decodeResult: success, version: HTTP/1.1)
HTTP/1.1 200 OK
Content-Length: 51
Content-Type: application/json; charset=utf-8
cache-control: no-cache

18:03:28.115 [AsyncHttpClient-1-8] DEBUG org.asynchttpclient.netty.channel.ChannelManager - Adding key: http://localhost:47935 for channel [id: 0x98a84803, L:/127.0.0.1:56593 - R:localhost/127.0.0.1:47935]
18:03:28.116 [Forwarding screenshot on session a646a51803ff83d21ab3e8e6249e04a0 to remote] DEBUG org.asynchttpclient.netty.request.NettyRequestSender - Using pooled Channel '[id: 0x98a84803, L:/127.0.0.1:56593 - R:localhost/127.0.0.1:47935]' for 'GET' to 'http://localhost:47935/session/a646a51803ff83d21ab3e8e6249e04a0/screenshot'
18:03:28.116 [Forwarding screenshot on session a646a51803ff83d21ab3e8e6249e04a0 to remote] DEBUG org.asynchttpclient.netty.request.NettyRequestSender - Using open Channel [id: 0x98a84803, L:/127.0.0.1:56593 - R:localhost/127.0.0.1:47935] for GET '/session/a646a51803ff83d21ab3e8e6249e04a0/screenshot'
18:03:28.274 [AsyncHttpClient-1-8] DEBUG org.asynchttpclient.netty.handler.HttpHandler - 

Request DefaultFullHttpRequest(decodeResult: success, version: HTTP/1.1, content: EmptyByteBufBE)
GET /session/a646a51803ff83d21ab3e8e6249e04a0/screenshot HTTP/1.1
User-Agent: selenium/4.8.1 (java windows)
Cache-Control: no-cache
Content-Type: application/json; charset=utf-8
host: localhost:47935
accept: */*

Response DefaultHttpResponse(decodeResult: success, version: HTTP/1.1)
HTTP/1.1 200 OK
Content-Length: 29116
Content-Type: application/json; charset=utf-8
cache-control: no-cache

18:03:28.274 [AsyncHttpClient-1-8] DEBUG org.asynchttpclient.netty.channel.ChannelManager - Adding key: http://localhost:47935 for channel [id: 0x98a84803, L:/127.0.0.1:56593 - R:localhost/127.0.0.1:47935]
18:03:28.276 [main] DEBUG net.serenitybdd.core.photography.Darkroom - Send negative for processing for target\site\serenity\74c018f9b6353942d582fbec7a7088f85881930993d515af05d2c6ea568e6b33.png
18:03:28.276 [main] DEBUG net.thucydides.core.steps.StepInterceptor - STEP DONE: user see error message
  &amp#27;[32mThen &amp#27;[0m&amp#27;[32muser see error message &amp#27;[0m&amp#27;[32m&amp#27;[1m"record not found"&amp#27;[0m              &amp#27;[90m# starter.stepdefinition.LoginStep.userSeeErrorMessage(java.lang.String)&amp#27;[0m
18:03:28.277 [Darkroom Processing Line] DEBUG net.serenitybdd.core.photography.DarkroomProcessingLine - Processing screenshot image in /var/screenshots/screenshot-5409487109490422413
18:03:28.277 [Darkroom Processing Line] DEBUG net.serenitybdd.core.photography.DarkroomProcessingLine - Saving screenshot to target\site\serenity\74c018f9b6353942d582fbec7a7088f85881930993d515af05d2c6ea568e6b33.png
18:03:28.285 [main] INFO  - 
  _____   ___   ___   _____     ___     _     ___   ___   ___   ___  
 |_   _| | __| / __| |_   _|   | _ \   /_\   / __| / __| | __| |   \ 
   | |   | _|  \__ \   | |     |  _/  / _ \  \__ \ \__ \ | _|  | |) |
   |_|   |___| |___/   |_|     |_|   /_/ \_\ |___/ |___/ |___| |___/ 

As a user, I login without input email and password
----------------------------------------------------------------------
18:03:28.286 [AsyncHttpClient-1-2] DEBUG org.asynchttpclient.netty.handler.WebSocketHandler - Channel Closed: [id: 0xc5a58ce8, L:/127.0.0.1:56600 ! R:localhost/127.0.0.1:56594] with attribute NettyResponseFuture{currentRetry=0,
	isDone=1,
	isCancelled=0,
	asyncHandler=org.asynchttpclient.ws.WebSocketUpgradeHandler@2f15298,
	nettyRequest=org.asynchttpclient.netty.request.NettyRequest@275e5290,
	future=java.util.concurrent.CompletableFuture@6fe377e1[Completed normally],
	uri=ws://localhost:56594/devtools/browser/9d53f744-d71a-4a68-a91b-72a0af9fe60c,
	keepAlive=true,
	redirectCount=0,
	timeoutsHolder=null,
	inAuth=0,
	touch=1683543806100}
18:03:28.286 [AsyncHttpClient-1-2] DEBUG org.asynchttpclient.netty.channel.ChannelManager - Closing Channel [id: 0xc5a58ce8, L:/127.0.0.1:56600 ! R:localhost/127.0.0.1:56594] 
18:03:28.287 [Driver Command Executor] DEBUG org.asynchttpclient.netty.request.NettyRequestSender - Using pooled Channel '[id: 0x98a84803, L:/127.0.0.1:56593 - R:localhost/127.0.0.1:47935]' for 'DELETE' to 'http://localhost:47935/session/a646a51803ff83d21ab3e8e6249e04a0'
18:03:28.287 [Driver Command Executor] DEBUG org.asynchttpclient.netty.request.NettyRequestSender - Using open Channel [id: 0x98a84803, L:/127.0.0.1:56593 - R:localhost/127.0.0.1:47935] for DELETE '/session/a646a51803ff83d21ab3e8e6249e04a0'
18:03:28.392 [AsyncHttpClient-1-9] DEBUG org.asynchttpclient.netty.handler.HttpHandler - Unexpected I/O exception on channel [id: 0xfff11ac8, L:/127.0.0.1:56599 - R:localhost/127.0.0.1:56594]
java.io.IOException: An existing connection was forcibly closed by the remote host
	at sun.nio.ch.SocketDispatcher.read0(Native Method)
	at sun.nio.ch.SocketDispatcher.read(SocketDispatcher.java:43)
	at sun.nio.ch.IOUtil.readIntoNativeBuffer(IOUtil.java:223)
	at sun.nio.ch.IOUtil.read(IOUtil.java:192)
	at sun.nio.ch.SocketChannelImpl.read(SocketChannelImpl.java:378)
	at io.netty.buffer.PooledByteBuf.setBytes(PooledByteBuf.java:259)
	at io.netty.buffer.AbstractByteBuf.writeBytes(AbstractByteBuf.java:1132)
	at io.netty.channel.socket.nio.NioSocketChannel.doReadBytes(NioSocketChannel.java:357)
	at io.netty.channel.nio.AbstractNioByteChannel$NioByteUnsafe.read(AbstractNioByteChannel.java:151)
	at io.netty.channel.nio.NioEventLoop.processSelectedKey(NioEventLoop.java:788)
	at io.netty.channel.nio.NioEventLoop.processSelectedKeysOptimized(NioEventLoop.java:724)
	at io.netty.channel.nio.NioEventLoop.processSelectedKeys(NioEventLoop.java:650)
	at io.netty.channel.nio.NioEventLoop.run(NioEventLoop.java:562)
	at io.netty.util.concurrent.SingleThreadEventExecutor$4.run(SingleThreadEventExecutor.java:997)
	at io.netty.util.internal.ThreadExecutorMap$2.run(ThreadExecutorMap.java:74)
	at io.netty.util.concurrent.FastThreadLocalRunnable.run(FastThreadLocalRunnable.java:30)
	at java.lang.Thread.run(Thread.java:748)
18:03:28.392 [AsyncHttpClient-1-9] DEBUG org.asynchttpclient.netty.channel.ChannelManager - Closing Channel [id: 0xfff11ac8, L:/127.0.0.1:56599 - R:localhost/127.0.0.1:56594] 
18:03:28.392 [AsyncHttpClient-1-9] DEBUG org.asynchttpclient.netty.handler.HttpHandler - Channel Closed: [id: 0xfff11ac8, L:/127.0.0.1:56599 ! R:localhost/127.0.0.1:56594] with attribute DISCARD
18:03:28.449 [AsyncHttpClient-1-8] DEBUG org.asynchttpclient.netty.handler.HttpHandler - 

Request DefaultFullHttpRequest(decodeResult: success, version: HTTP/1.1, content: EmptyByteBufBE)
DELETE /session/a646a51803ff83d21ab3e8e6249e04a0 HTTP/1.1
User-Agent: selenium/4.8.1 (java windows)
Content-Type: application/json; charset=utf-8
host: localhost:47935
accept: */*

Response DefaultHttpResponse(decodeResult: success, version: HTTP/1.1)
HTTP/1.1 200 OK
Content-Length: 14
Content-Type: application/json; charset=utf-8
cache-control: no-cache

18:03:28.449 [AsyncHttpClient-1-8] DEBUG org.asynchttpclient.netty.channel.ChannelManager - Adding key: http://localhost:47935 for channel [id: 0x98a84803, L:/127.0.0.1:56593 - R:localhost/127.0.0.1:47935]
18:03:28.456 [AsyncHttpClient-1-1] DEBUG org.asynchttpclient.netty.channel.DefaultChannelPool - Entry count for : http://localhost:56594 : 1
18:03:28.456 [AsyncHttpClient-1-1] DEBUG org.asynchttpclient.netty.channel.DefaultChannelPool - Entry count for : http://localhost:47935 : 1
18:03:28.456 [AsyncHttpClient-1-1] DEBUG org.asynchttpclient.netty.channel.DefaultChannelPool - Adding Candidate expired Channel [id: 0xfff11ac8, L:/127.0.0.1:56599 ! R:localhost/127.0.0.1:56594] isIdleTimeoutExpired=false isRemotelyClosed=true isTtlExpired=false
18:03:28.456 [AsyncHttpClient-1-1] DEBUG org.asynchttpclient.netty.channel.DefaultChannelPool - Closing Idle Channel [id: 0xfff11ac8, L:/127.0.0.1:56599 ! R:localhost/127.0.0.1:56594]
18:03:28.456 [AsyncHttpClient-1-1] DEBUG org.asynchttpclient.netty.channel.DefaultChannelPool - Closed 1 connections out of 2 in 0 ms
18:03:28.538 [AsyncHttpClient-1-8] DEBUG org.asynchttpclient.netty.handler.HttpHandler - Channel Closed: [id: 0x98a84803, L:/127.0.0.1:56593 ! R:localhost/127.0.0.1:47935] with attribute DISCARD
]]></system-out>
    <system-err><![CDATA[Starting ChromeDriver 112.0.5615.49 (bd2a7bcb881c11e8cfe3078709382934e3916914-refs/branch-heads/5615@{#936}) on port 47935
Only local connections are allowed.
Please see https://chromedriver.chromium.org/security-considerations for suggestions on keeping ChromeDriver safe.
ChromeDriver was started successfully.
May 08, 2023 6:03:26 PM org.openqa.selenium.devtools.CdpVersionFinder findNearestMatch
WARNING: Unable to find an exact match for CDP version 112, so returning the closest version found: 110
]]></system-err>
  </testcase>
  <testcase name="As a user I want to logout to end my session" classname="Logout - As a user I want to logout So that i can end my session" time="10.387">
    <system-out><![CDATA[18:03:29.429 [main] DEBUG io.cucumber.core.plugin.SerenityReporter - Running feature from file:///C:/Users/user/IdeaProjects/QE_Devi%20Agustin%20Utari_Mini_Project/Web_Automation_AltaShop/src/test/resources/features/Logout.feature
18:03:29.432 [main] DEBUG net.thucydides.core.steps.StepEventBus - Test suite started for story net.thucydides.core.model.Story@77a35969
18:03:29.433 [main] INFO  - Test Suite Started: Logout - As a user I want to logout So that i can end my session

@Logout @TC_Logout_001
Scenario: As a user I want to logout to end my session &amp#27;[90m# src/test/resources/features/Logout.feature:4&amp#27;[0m
18:03:29.438 [main] DEBUG io.cucumber.core.plugin.SerenityReporter - Running feature from file:///C:/Users/user/IdeaProjects/QE_Devi%20Agustin%20Utari_Mini_Project/Web_Automation_AltaShop/src/test/resources/features/Logout.feature
18:03:29.440 [main] INFO  - 
  _____   ___   ___   _____     ___   _____     _     ___   _____   ___   ___  
 |_   _| | __| / __| |_   _|   / __| |_   _|   /_\   | _ \ |_   _| | __| |   \ 
   | |   | _|  \__ \   | |     \__ \   | |    / _ \  |   /   | |   | _|  | |) |
   |_|   |___| |___/   |_|     |___/   |_|   /_/ \_\ |_|_\   |_|   |___| |___/ 

As a user I want to logout to end my session(logout---as-a-user-i-want-to-logout-so-that-i-can-end-my-session;as-a-user-i-want-to-logout-to-end-my-session)
--------------------------------------------------------------------------------
18:03:29.672 [main] DEBUG net.thucydides.core.steps.StepInterceptor - STARTING STEP: LoginStep.userSuccessLogin - user on login page
18:03:29.694 [AsyncHttpClient-1-1] DEBUG org.asynchttpclient.netty.channel.DefaultChannelPool - Entry count for : http://localhost:47935 : 1
18:03:29.694 [AsyncHttpClient-1-1] DEBUG org.asynchttpclient.netty.channel.DefaultChannelPool - Adding Candidate expired Channel [id: 0x98a84803, L:/127.0.0.1:56593 ! R:localhost/127.0.0.1:47935] isIdleTimeoutExpired=false isRemotelyClosed=true isTtlExpired=false
18:03:29.694 [AsyncHttpClient-1-1] DEBUG org.asynchttpclient.netty.channel.DefaultChannelPool - Closing Idle Channel [id: 0x98a84803, L:/127.0.0.1:56593 ! R:localhost/127.0.0.1:47935]
18:03:29.694 [AsyncHttpClient-1-1] DEBUG org.asynchttpclient.netty.channel.DefaultChannelPool - Closed 1 connections out of 1 in 0 ms
18:03:30.674 [main] INFO net.serenitybdd.core.webdriver.driverproviders.ChromeDriverProvider - Starting Chrome driver instance with capabilities:
18:03:30.675 [main] INFO net.serenitybdd.core.webdriver.driverproviders.ChromeDriverProvider - Capabilities {acceptInsecureCerts: true, browserName: chrome, goog:chromeOptions: {args: [remote-allow-origins=*, test-type, no-sandbox, ignore-certificate-errors, start-maximized, incognito, disable-infobars, disable-gpu, disable-default-apps, disable-popup-blocking, remote-allow-origins=*, test-type, no-sandbox, ignore-certificate-errors, start-maximized, incognito, disable-infobars, disable-gpu, disable-default-apps, disable-popup-blocking, remote-allow-origins=*], extensions: []}}
18:03:31.369 [AsyncHttpClient-1-3] DEBUG org.asynchttpclient.netty.channel.NettyConnectListener - Using new Channel '[id: 0xe18f9582, L:/127.0.0.1:56617 - R:localhost/127.0.0.1:17186]' for 'POST' to '/session'
18:03:32.144 [AsyncHttpClient-1-3] DEBUG org.asynchttpclient.netty.handler.HttpHandler - 

Request DefaultHttpRequest(decodeResult: success, version: HTTP/1.1)
POST /session HTTP/1.1
User-Agent: selenium/4.8.1 (java windows)
Content-Length: 1701
Content-Type: application/json; charset=utf-8
host: localhost:17186
accept: */*

Response DefaultHttpResponse(decodeResult: success, version: HTTP/1.1)
HTTP/1.1 200 OK
Content-Length: 842
Content-Type: application/json; charset=utf-8
cache-control: no-cache

18:03:32.144 [AsyncHttpClient-1-3] DEBUG org.asynchttpclient.netty.channel.ChannelManager - Adding key: http://localhost:17186 for channel [id: 0xe18f9582, L:/127.0.0.1:56617 - R:localhost/127.0.0.1:17186]
18:03:32.155 [AsyncHttpClient-1-4] DEBUG org.asynchttpclient.netty.channel.NettyConnectListener - Using new Channel '[id: 0xb7487fdb, L:/127.0.0.1:56628 - R:localhost/127.0.0.1:56619]' for 'GET' to '/json/version'
18:03:32.155 [AsyncHttpClient-1-4] DEBUG org.asynchttpclient.netty.handler.HttpHandler - 

Request DefaultFullHttpRequest(decodeResult: success, version: HTTP/1.1, content: EmptyByteBufBE)
GET /json/version HTTP/1.1
User-Agent: selenium/4.8.1 (java windows)
host: localhost:56619
accept: */*

Response DefaultHttpResponse(decodeResult: success, version: HTTP/1.1)
HTTP/1.1 200 OK
Content-Security-Policy: frame-ancestors 'none'
Content-Length: 424
Content-Type: application/json; charset=UTF-8

18:03:32.155 [AsyncHttpClient-1-4] DEBUG org.asynchttpclient.netty.channel.ChannelManager - Adding key: http://localhost:56619 for channel [id: 0xb7487fdb, L:/127.0.0.1:56628 - R:localhost/127.0.0.1:56619]
18:03:32.158 [AsyncHttpClient-1-5] DEBUG org.asynchttpclient.netty.channel.NettyConnectListener - Using new Channel '[id: 0x562740be, L:/127.0.0.1:56629 - R:localhost/127.0.0.1:56619]' for 'GET' to '/devtools/browser/c1e70fc0-1748-4872-9774-ba93d1302572'
18:03:32.159 [AsyncHttpClient-1-5] DEBUG org.asynchttpclient.netty.handler.WebSocketHandler - 

Request DefaultFullHttpRequest(decodeResult: success, version: HTTP/1.1, content: EmptyByteBufBE)
GET /devtools/browser/c1e70fc0-1748-4872-9774-ba93d1302572 HTTP/1.1
upgrade: websocket
connection: upgrade
sec-websocket-key: 8eU8Tpdv1mCeGWD0Jpe4tA==
sec-websocket-version: 13
origin: http://localhost:56619
host: localhost:56619
accept: */*
user-agent: AHC/2.1

Response DefaultHttpResponse(decodeResult: success, version: HTTP/1.1)
HTTP/1.1 101 WebSocket Protocol Handshake
Upgrade: WebSocket
Connection: Upgrade
Sec-WebSocket-Accept: i/S4bClIRN6fF+DmT/N9b7i/K88=

18:03:32.162 [Forwarding get on session 615a523530d0bab443273ff6beee29a5 to remote] DEBUG org.asynchttpclient.netty.request.NettyRequestSender - Using pooled Channel '[id: 0xe18f9582, L:/127.0.0.1:56617 - R:localhost/127.0.0.1:17186]' for 'POST' to 'http://localhost:17186/session/615a523530d0bab443273ff6beee29a5/url'
18:03:32.162 [Forwarding get on session 615a523530d0bab443273ff6beee29a5 to remote] DEBUG org.asynchttpclient.netty.request.NettyRequestSender - Using open Channel [id: 0xe18f9582, L:/127.0.0.1:56617 - R:localhost/127.0.0.1:17186] for POST '/session/615a523530d0bab443273ff6beee29a5/url'
18:03:32.956 [AsyncHttpClient-1-1] DEBUG org.asynchttpclient.netty.channel.DefaultChannelPool - Entry count for : http://localhost:56619 : 1
18:03:33.412 [AsyncHttpClient-1-3] DEBUG org.asynchttpclient.netty.handler.HttpHandler - 

Request DefaultHttpRequest(decodeResult: success, version: HTTP/1.1)
POST /session/615a523530d0bab443273ff6beee29a5/url HTTP/1.1
User-Agent: selenium/4.8.1 (java windows)
Content-Length: 74
Content-Type: application/json; charset=utf-8
host: localhost:17186
accept: */*

Response DefaultHttpResponse(decodeResult: success, version: HTTP/1.1)
HTTP/1.1 200 OK
Content-Length: 14
Content-Type: application/json; charset=utf-8
cache-control: no-cache

18:03:33.413 [AsyncHttpClient-1-3] DEBUG org.asynchttpclient.netty.channel.ChannelManager - Adding key: http://localhost:17186 for channel [id: 0xe18f9582, L:/127.0.0.1:56617 - R:localhost/127.0.0.1:17186]
18:03:33.414 [Forwarding setTimeout on session 615a523530d0bab443273ff6beee29a5 to remote] DEBUG org.asynchttpclient.netty.request.NettyRequestSender - Using pooled Channel '[id: 0xe18f9582, L:/127.0.0.1:56617 - R:localhost/127.0.0.1:17186]' for 'POST' to 'http://localhost:17186/session/615a523530d0bab443273ff6beee29a5/timeouts'
18:03:33.414 [Forwarding setTimeout on session 615a523530d0bab443273ff6beee29a5 to remote] DEBUG org.asynchttpclient.netty.request.NettyRequestSender - Using open Channel [id: 0xe18f9582, L:/127.0.0.1:56617 - R:localhost/127.0.0.1:17186] for POST '/session/615a523530d0bab443273ff6beee29a5/timeouts'
18:03:33.417 [AsyncHttpClient-1-3] DEBUG org.asynchttpclient.netty.handler.HttpHandler - 

Request DefaultHttpRequest(decodeResult: success, version: HTTP/1.1)
POST /session/615a523530d0bab443273ff6beee29a5/timeouts HTTP/1.1
User-Agent: selenium/4.8.1 (java windows)
Content-Length: 22
Content-Type: application/json; charset=utf-8
host: localhost:17186
accept: */*

Response DefaultHttpResponse(decodeResult: success, version: HTTP/1.1)
HTTP/1.1 200 OK
Content-Length: 14
Content-Type: application/json; charset=utf-8
cache-control: no-cache

18:03:33.417 [AsyncHttpClient-1-3] DEBUG org.asynchttpclient.netty.channel.ChannelManager - Adding key: http://localhost:17186 for channel [id: 0xe18f9582, L:/127.0.0.1:56617 - R:localhost/127.0.0.1:17186]
18:03:33.428 [Forwarding findElement on session 615a523530d0bab443273ff6beee29a5 to remote] DEBUG org.asynchttpclient.netty.request.NettyRequestSender - Using pooled Channel '[id: 0xe18f9582, L:/127.0.0.1:56617 - R:localhost/127.0.0.1:17186]' for 'POST' to 'http://localhost:17186/session/615a523530d0bab443273ff6beee29a5/element'
18:03:33.429 [Forwarding findElement on session 615a523530d0bab443273ff6beee29a5 to remote] DEBUG org.asynchttpclient.netty.request.NettyRequestSender - Using open Channel [id: 0xe18f9582, L:/127.0.0.1:56617 - R:localhost/127.0.0.1:17186] for POST '/session/615a523530d0bab443273ff6beee29a5/element'
18:03:33.455 [AsyncHttpClient-1-3] DEBUG org.asynchttpclient.netty.handler.HttpHandler - 

Request DefaultHttpRequest(decodeResult: success, version: HTTP/1.1)
POST /session/615a523530d0bab443273ff6beee29a5/element HTTP/1.1
User-Agent: selenium/4.8.1 (java windows)
Content-Length: 69
Content-Type: application/json; charset=utf-8
host: localhost:17186
accept: */*

Response DefaultHttpResponse(decodeResult: success, version: HTTP/1.1)
HTTP/1.1 200 OK
Content-Length: 88
Content-Type: application/json; charset=utf-8
cache-control: no-cache

18:03:33.456 [AsyncHttpClient-1-3] DEBUG org.asynchttpclient.netty.channel.ChannelManager - Adding key: http://localhost:17186 for channel [id: 0xe18f9582, L:/127.0.0.1:56617 - R:localhost/127.0.0.1:17186]
18:03:33.460 [Forwarding isElementDisplayed on session 615a523530d0bab443273ff6beee29a5 to remote] DEBUG org.asynchttpclient.netty.request.NettyRequestSender - Using pooled Channel '[id: 0xe18f9582, L:/127.0.0.1:56617 - R:localhost/127.0.0.1:17186]' for 'POST' to 'http://localhost:17186/session/615a523530d0bab443273ff6beee29a5/execute/sync'
18:03:33.460 [Forwarding isElementDisplayed on session 615a523530d0bab443273ff6beee29a5 to remote] DEBUG org.asynchttpclient.netty.request.NettyRequestSender - Using open Channel [id: 0xe18f9582, L:/127.0.0.1:56617 - R:localhost/127.0.0.1:17186] for POST '/session/615a523530d0bab443273ff6beee29a5/execute/sync'
18:03:33.486 [AsyncHttpClient-1-3] DEBUG org.asynchttpclient.netty.handler.HttpHandler - 

Request DefaultHttpRequest(decodeResult: success, version: HTTP/1.1)
POST /session/615a523530d0bab443273ff6beee29a5/execute/sync HTTP/1.1
User-Agent: selenium/4.8.1 (java windows)
Content-Length: 48807
Content-Type: application/json; charset=utf-8
host: localhost:17186
accept: */*

Response DefaultHttpResponse(decodeResult: success, version: HTTP/1.1)
HTTP/1.1 200 OK
Content-Length: 14
Content-Type: application/json; charset=utf-8
cache-control: no-cache

18:03:33.487 [AsyncHttpClient-1-3] DEBUG org.asynchttpclient.netty.channel.ChannelManager - Adding key: http://localhost:17186 for channel [id: 0xe18f9582, L:/127.0.0.1:56617 - R:localhost/127.0.0.1:17186]
18:03:33.492 [main] DEBUG net.serenitybdd.core.photography.Darkroom - Opening darkroom
18:03:33.494 [Forwarding getAlertText on session 615a523530d0bab443273ff6beee29a5 to remote] DEBUG org.asynchttpclient.netty.request.NettyRequestSender - Using pooled Channel '[id: 0xe18f9582, L:/127.0.0.1:56617 - R:localhost/127.0.0.1:17186]' for 'GET' to 'http://localhost:17186/session/615a523530d0bab443273ff6beee29a5/alert/text'
18:03:33.494 [Forwarding getAlertText on session 615a523530d0bab443273ff6beee29a5 to remote] DEBUG org.asynchttpclient.netty.request.NettyRequestSender - Using open Channel [id: 0xe18f9582, L:/127.0.0.1:56617 - R:localhost/127.0.0.1:17186] for GET '/session/615a523530d0bab443273ff6beee29a5/alert/text'
18:03:33.503 [AsyncHttpClient-1-3] DEBUG org.asynchttpclient.netty.handler.HttpHandler - 

Request DefaultFullHttpRequest(decodeResult: success, version: HTTP/1.1, content: EmptyByteBufBE)
GET /session/615a523530d0bab443273ff6beee29a5/alert/text HTTP/1.1
User-Agent: selenium/4.8.1 (java windows)
Cache-Control: no-cache
Content-Type: application/json; charset=utf-8
host: localhost:17186
accept: */*

Response DefaultHttpResponse(decodeResult: success, version: HTTP/1.1)
HTTP/1.1 404 Not Found
Content-Length: 848
Content-Type: application/json; charset=utf-8
cache-control: no-cache

18:03:33.503 [AsyncHttpClient-1-3] DEBUG org.asynchttpclient.netty.channel.ChannelManager - Adding key: http://localhost:17186 for channel [id: 0xe18f9582, L:/127.0.0.1:56617 - R:localhost/127.0.0.1:17186]
18:03:33.504 [Forwarding getCurrentUrl on session 615a523530d0bab443273ff6beee29a5 to remote] DEBUG org.asynchttpclient.netty.request.NettyRequestSender - Using pooled Channel '[id: 0xe18f9582, L:/127.0.0.1:56617 - R:localhost/127.0.0.1:17186]' for 'GET' to 'http://localhost:17186/session/615a523530d0bab443273ff6beee29a5/url'
18:03:33.504 [Forwarding getCurrentUrl on session 615a523530d0bab443273ff6beee29a5 to remote] DEBUG org.asynchttpclient.netty.request.NettyRequestSender - Using open Channel [id: 0xe18f9582, L:/127.0.0.1:56617 - R:localhost/127.0.0.1:17186] for GET '/session/615a523530d0bab443273ff6beee29a5/url'
18:03:33.505 [Darkroom Processing Line] DEBUG net.serenitybdd.core.photography.DarkroomProcessingLine - Darkroom processing line starting up
18:03:33.512 [AsyncHttpClient-1-3] DEBUG org.asynchttpclient.netty.handler.HttpHandler - 

Request DefaultFullHttpRequest(decodeResult: success, version: HTTP/1.1, content: EmptyByteBufBE)
GET /session/615a523530d0bab443273ff6beee29a5/url HTTP/1.1
User-Agent: selenium/4.8.1 (java windows)
Cache-Control: no-cache
Content-Type: application/json; charset=utf-8
host: localhost:17186
accept: */*

Response DefaultHttpResponse(decodeResult: success, version: HTTP/1.1)
HTTP/1.1 200 OK
Content-Length: 51
Content-Type: application/json; charset=utf-8
cache-control: no-cache

18:03:33.513 [AsyncHttpClient-1-3] DEBUG org.asynchttpclient.netty.channel.ChannelManager - Adding key: http://localhost:17186 for channel [id: 0xe18f9582, L:/127.0.0.1:56617 - R:localhost/127.0.0.1:17186]
18:03:33.513 [Forwarding screenshot on session 615a523530d0bab443273ff6beee29a5 to remote] DEBUG org.asynchttpclient.netty.request.NettyRequestSender - Using pooled Channel '[id: 0xe18f9582, L:/127.0.0.1:56617 - R:localhost/127.0.0.1:17186]' for 'GET' to 'http://localhost:17186/session/615a523530d0bab443273ff6beee29a5/screenshot'
18:03:33.513 [Forwarding screenshot on session 615a523530d0bab443273ff6beee29a5 to remote] DEBUG org.asynchttpclient.netty.request.NettyRequestSender - Using open Channel [id: 0xe18f9582, L:/127.0.0.1:56617 - R:localhost/127.0.0.1:17186] for GET '/session/615a523530d0bab443273ff6beee29a5/screenshot'
18:03:33.638 [AsyncHttpClient-1-3] DEBUG org.asynchttpclient.netty.handler.HttpHandler - 

Request DefaultFullHttpRequest(decodeResult: success, version: HTTP/1.1, content: EmptyByteBufBE)
GET /session/615a523530d0bab443273ff6beee29a5/screenshot HTTP/1.1
User-Agent: selenium/4.8.1 (java windows)
Cache-Control: no-cache
Content-Type: application/json; charset=utf-8
host: localhost:17186
accept: */*

Response DefaultHttpResponse(decodeResult: success, version: HTTP/1.1)
HTTP/1.1 200 OK
Content-Length: 25060
Content-Type: application/json; charset=utf-8
cache-control: no-cache

18:03:33.639 [AsyncHttpClient-1-3] DEBUG org.asynchttpclient.netty.channel.ChannelManager - Adding key: http://localhost:17186 for channel [id: 0xe18f9582, L:/127.0.0.1:56617 - R:localhost/127.0.0.1:17186]
18:03:33.641 [main] DEBUG net.serenitybdd.core.photography.Darkroom - Send negative for processing for target\site\serenity\1db263dd5c04c8fe15e82ee6420144d4e1e7b9826b9315cfd7ec5b5d0da76045.png
18:03:33.641 [main] DEBUG net.thucydides.core.steps.StepInterceptor - STEP DONE: user on login page
18:03:33.645 [main] DEBUG net.thucydides.core.steps.StepInterceptor - STARTING STEP: LoginStep.userSuccessLogin - user input valid email
18:03:33.647 [Forwarding findElement on session 615a523530d0bab443273ff6beee29a5 to remote] DEBUG org.asynchttpclient.netty.request.NettyRequestSender - Using pooled Channel '[id: 0xe18f9582, L:/127.0.0.1:56617 - R:localhost/127.0.0.1:17186]' for 'POST' to 'http://localhost:17186/session/615a523530d0bab443273ff6beee29a5/element'
18:03:33.648 [Forwarding findElement on session 615a523530d0bab443273ff6beee29a5 to remote] DEBUG org.asynchttpclient.netty.request.NettyRequestSender - Using open Channel [id: 0xe18f9582, L:/127.0.0.1:56617 - R:localhost/127.0.0.1:17186] for POST '/session/615a523530d0bab443273ff6beee29a5/element'
18:03:33.663 [AsyncHttpClient-1-3] DEBUG org.asynchttpclient.netty.handler.HttpHandler - 

Request DefaultHttpRequest(decodeResult: success, version: HTTP/1.1)
POST /session/615a523530d0bab443273ff6beee29a5/element HTTP/1.1
User-Agent: selenium/4.8.1 (java windows)
Content-Length: 55
Content-Type: application/json; charset=utf-8
host: localhost:17186
accept: */*

Response DefaultHttpResponse(decodeResult: success, version: HTTP/1.1)
HTTP/1.1 200 OK
Content-Length: 88
Content-Type: application/json; charset=utf-8
cache-control: no-cache

18:03:33.663 [AsyncHttpClient-1-3] DEBUG org.asynchttpclient.netty.channel.ChannelManager - Adding key: http://localhost:17186 for channel [id: 0xe18f9582, L:/127.0.0.1:56617 - R:localhost/127.0.0.1:17186]
18:03:33.664 [Forwarding clearElement on session 615a523530d0bab443273ff6beee29a5 to remote] DEBUG org.asynchttpclient.netty.request.NettyRequestSender - Using pooled Channel '[id: 0xe18f9582, L:/127.0.0.1:56617 - R:localhost/127.0.0.1:17186]' for 'POST' to 'http://localhost:17186/session/615a523530d0bab443273ff6beee29a5/element/55ed148e-cfac-4ba0-897b-78b535c6d070/clear'
18:03:33.664 [Forwarding clearElement on session 615a523530d0bab443273ff6beee29a5 to remote] DEBUG org.asynchttpclient.netty.request.NettyRequestSender - Using open Channel [id: 0xe18f9582, L:/127.0.0.1:56617 - R:localhost/127.0.0.1:17186] for POST '/session/615a523530d0bab443273ff6beee29a5/element/55ed148e-cfac-4ba0-897b-78b535c6d070/clear'
18:03:33.710 [AsyncHttpClient-1-3] DEBUG org.asynchttpclient.netty.handler.HttpHandler - 

Request DefaultHttpRequest(decodeResult: success, version: HTTP/1.1)
POST /session/615a523530d0bab443273ff6beee29a5/element/55ed148e-cfac-4ba0-897b-78b535c6d070/clear HTTP/1.1
User-Agent: selenium/4.8.1 (java windows)
Content-Length: 50
Content-Type: application/json; charset=utf-8
host: localhost:17186
accept: */*

Response DefaultHttpResponse(decodeResult: success, version: HTTP/1.1)
HTTP/1.1 200 OK
Content-Length: 14
Content-Type: application/json; charset=utf-8
cache-control: no-cache

18:03:33.710 [AsyncHttpClient-1-3] DEBUG org.asynchttpclient.netty.channel.ChannelManager - Adding key: http://localhost:17186 for channel [id: 0xe18f9582, L:/127.0.0.1:56617 - R:localhost/127.0.0.1:17186]
18:03:33.712 [Forwarding sendKeysToElement on session 615a523530d0bab443273ff6beee29a5 to remote] DEBUG org.asynchttpclient.netty.request.NettyRequestSender - Using pooled Channel '[id: 0xe18f9582, L:/127.0.0.1:56617 - R:localhost/127.0.0.1:17186]' for 'POST' to 'http://localhost:17186/session/615a523530d0bab443273ff6beee29a5/element/55ed148e-cfac-4ba0-897b-78b535c6d070/value'
18:03:33.712 [Forwarding sendKeysToElement on session 615a523530d0bab443273ff6beee29a5 to remote] DEBUG org.asynchttpclient.netty.request.NettyRequestSender - Using open Channel [id: 0xe18f9582, L:/127.0.0.1:56617 - R:localhost/127.0.0.1:17186] for POST '/session/615a523530d0bab443273ff6beee29a5/element/55ed148e-cfac-4ba0-897b-78b535c6d070/value'
18:03:33.895 [AsyncHttpClient-1-3] DEBUG org.asynchttpclient.netty.handler.HttpHandler - 

Request DefaultHttpRequest(decodeResult: success, version: HTTP/1.1)
POST /session/615a523530d0bab443273ff6beee29a5/element/55ed148e-cfac-4ba0-897b-78b535c6d070/value HTTP/1.1
User-Agent: selenium/4.8.1 (java windows)
Content-Length: 271
Content-Type: application/json; charset=utf-8
host: localhost:17186
accept: */*

Response DefaultHttpResponse(decodeResult: success, version: HTTP/1.1)
HTTP/1.1 200 OK
Content-Length: 14
Content-Type: application/json; charset=utf-8
cache-control: no-cache

18:03:33.895 [AsyncHttpClient-1-3] DEBUG org.asynchttpclient.netty.channel.ChannelManager - Adding key: http://localhost:17186 for channel [id: 0xe18f9582, L:/127.0.0.1:56617 - R:localhost/127.0.0.1:17186]
18:03:33.904 [Forwarding getAlertText on session 615a523530d0bab443273ff6beee29a5 to remote] DEBUG org.asynchttpclient.netty.request.NettyRequestSender - Using pooled Channel '[id: 0xe18f9582, L:/127.0.0.1:56617 - R:localhost/127.0.0.1:17186]' for 'GET' to 'http://localhost:17186/session/615a523530d0bab443273ff6beee29a5/alert/text'
18:03:33.904 [Forwarding getAlertText on session 615a523530d0bab443273ff6beee29a5 to remote] DEBUG org.asynchttpclient.netty.request.NettyRequestSender - Using open Channel [id: 0xe18f9582, L:/127.0.0.1:56617 - R:localhost/127.0.0.1:17186] for GET '/session/615a523530d0bab443273ff6beee29a5/alert/text'
18:03:33.906 [AsyncHttpClient-1-3] DEBUG org.asynchttpclient.netty.handler.HttpHandler - 

Request DefaultFullHttpRequest(decodeResult: success, version: HTTP/1.1, content: EmptyByteBufBE)
GET /session/615a523530d0bab443273ff6beee29a5/alert/text HTTP/1.1
User-Agent: selenium/4.8.1 (java windows)
Cache-Control: no-cache
Content-Type: application/json; charset=utf-8
host: localhost:17186
accept: */*

Response DefaultHttpResponse(decodeResult: success, version: HTTP/1.1)
HTTP/1.1 404 Not Found
Content-Length: 848
Content-Type: application/json; charset=utf-8
cache-control: no-cache

18:03:33.906 [AsyncHttpClient-1-3] DEBUG org.asynchttpclient.netty.channel.ChannelManager - Adding key: http://localhost:17186 for channel [id: 0xe18f9582, L:/127.0.0.1:56617 - R:localhost/127.0.0.1:17186]
18:03:33.907 [Forwarding getCurrentUrl on session 615a523530d0bab443273ff6beee29a5 to remote] DEBUG org.asynchttpclient.netty.request.NettyRequestSender - Using pooled Channel '[id: 0xe18f9582, L:/127.0.0.1:56617 - R:localhost/127.0.0.1:17186]' for 'GET' to 'http://localhost:17186/session/615a523530d0bab443273ff6beee29a5/url'
18:03:33.907 [Forwarding getCurrentUrl on session 615a523530d0bab443273ff6beee29a5 to remote] DEBUG org.asynchttpclient.netty.request.NettyRequestSender - Using open Channel [id: 0xe18f9582, L:/127.0.0.1:56617 - R:localhost/127.0.0.1:17186] for GET '/session/615a523530d0bab443273ff6beee29a5/url'
18:03:33.911 [AsyncHttpClient-1-3] DEBUG org.asynchttpclient.netty.handler.HttpHandler - 

Request DefaultFullHttpRequest(decodeResult: success, version: HTTP/1.1, content: EmptyByteBufBE)
GET /session/615a523530d0bab443273ff6beee29a5/url HTTP/1.1
User-Agent: selenium/4.8.1 (java windows)
Cache-Control: no-cache
Content-Type: application/json; charset=utf-8
host: localhost:17186
accept: */*

Response DefaultHttpResponse(decodeResult: success, version: HTTP/1.1)
HTTP/1.1 200 OK
Content-Length: 51
Content-Type: application/json; charset=utf-8
cache-control: no-cache

18:03:33.911 [AsyncHttpClient-1-3] DEBUG org.asynchttpclient.netty.channel.ChannelManager - Adding key: http://localhost:17186 for channel [id: 0xe18f9582, L:/127.0.0.1:56617 - R:localhost/127.0.0.1:17186]
18:03:33.912 [Forwarding screenshot on session 615a523530d0bab443273ff6beee29a5 to remote] DEBUG org.asynchttpclient.netty.request.NettyRequestSender - Using pooled Channel '[id: 0xe18f9582, L:/127.0.0.1:56617 - R:localhost/127.0.0.1:17186]' for 'GET' to 'http://localhost:17186/session/615a523530d0bab443273ff6beee29a5/screenshot'
18:03:33.912 [Forwarding screenshot on session 615a523530d0bab443273ff6beee29a5 to remote] DEBUG org.asynchttpclient.netty.request.NettyRequestSender - Using open Channel [id: 0xe18f9582, L:/127.0.0.1:56617 - R:localhost/127.0.0.1:17186] for GET '/session/615a523530d0bab443273ff6beee29a5/screenshot'
18:03:34.078 [AsyncHttpClient-1-1] DEBUG org.asynchttpclient.netty.channel.DefaultChannelPool - Entry count for : http://localhost:56619 : 1
18:03:34.113 [AsyncHttpClient-1-3] DEBUG org.asynchttpclient.netty.handler.HttpHandler - 

Request DefaultFullHttpRequest(decodeResult: success, version: HTTP/1.1, content: EmptyByteBufBE)
GET /session/615a523530d0bab443273ff6beee29a5/screenshot HTTP/1.1
User-Agent: selenium/4.8.1 (java windows)
Cache-Control: no-cache
Content-Type: application/json; charset=utf-8
host: localhost:17186
accept: */*

Response DefaultHttpResponse(decodeResult: success, version: HTTP/1.1)
HTTP/1.1 200 OK
Content-Length: 29828
Content-Type: application/json; charset=utf-8
cache-control: no-cache

18:03:34.114 [AsyncHttpClient-1-3] DEBUG org.asynchttpclient.netty.channel.ChannelManager - Adding key: http://localhost:17186 for channel [id: 0xe18f9582, L:/127.0.0.1:56617 - R:localhost/127.0.0.1:17186]
18:03:34.116 [main] DEBUG net.serenitybdd.core.photography.Darkroom - Send negative for processing for target\site\serenity\779702bf54c8d1f306fbb191aeff9f83d54cb7be30c27c3c9cff744b6f4c49bc.png
18:03:34.116 [main] DEBUG net.thucydides.core.steps.StepInterceptor - STEP DONE: user input valid email
18:03:34.116 [Darkroom Processing Line] DEBUG net.serenitybdd.core.photography.DarkroomProcessingLine - Processing screenshot image in /var/screenshots/screenshot-5075637032980240711
18:03:34.117 [Darkroom Processing Line] DEBUG net.serenitybdd.core.photography.DarkroomProcessingLine - Saving screenshot to target\site\serenity\779702bf54c8d1f306fbb191aeff9f83d54cb7be30c27c3c9cff744b6f4c49bc.png
18:03:34.122 [main] DEBUG net.thucydides.core.steps.StepInterceptor - STARTING STEP: LoginStep.userSuccessLogin - user input valid password
18:03:34.125 [Forwarding findElement on session 615a523530d0bab443273ff6beee29a5 to remote] DEBUG org.asynchttpclient.netty.request.NettyRequestSender - Using pooled Channel '[id: 0xe18f9582, L:/127.0.0.1:56617 - R:localhost/127.0.0.1:17186]' for 'POST' to 'http://localhost:17186/session/615a523530d0bab443273ff6beee29a5/element'
18:03:34.125 [Forwarding findElement on session 615a523530d0bab443273ff6beee29a5 to remote] DEBUG org.asynchttpclient.netty.request.NettyRequestSender - Using open Channel [id: 0xe18f9582, L:/127.0.0.1:56617 - R:localhost/127.0.0.1:17186] for POST '/session/615a523530d0bab443273ff6beee29a5/element'
18:03:34.141 [AsyncHttpClient-1-3] DEBUG org.asynchttpclient.netty.handler.HttpHandler - 

Request DefaultHttpRequest(decodeResult: success, version: HTTP/1.1)
POST /session/615a523530d0bab443273ff6beee29a5/element HTTP/1.1
User-Agent: selenium/4.8.1 (java windows)
Content-Length: 55
Content-Type: application/json; charset=utf-8
host: localhost:17186
accept: */*

Response DefaultHttpResponse(decodeResult: success, version: HTTP/1.1)
HTTP/1.1 200 OK
Content-Length: 88
Content-Type: application/json; charset=utf-8
cache-control: no-cache

18:03:34.141 [AsyncHttpClient-1-3] DEBUG org.asynchttpclient.netty.channel.ChannelManager - Adding key: http://localhost:17186 for channel [id: 0xe18f9582, L:/127.0.0.1:56617 - R:localhost/127.0.0.1:17186]
18:03:34.142 [Forwarding clearElement on session 615a523530d0bab443273ff6beee29a5 to remote] DEBUG org.asynchttpclient.netty.request.NettyRequestSender - Using pooled Channel '[id: 0xe18f9582, L:/127.0.0.1:56617 - R:localhost/127.0.0.1:17186]' for 'POST' to 'http://localhost:17186/session/615a523530d0bab443273ff6beee29a5/element/8a92914a-44da-4411-9d67-2b7ac72a77cc/clear'
18:03:34.142 [Forwarding clearElement on session 615a523530d0bab443273ff6beee29a5 to remote] DEBUG org.asynchttpclient.netty.request.NettyRequestSender - Using open Channel [id: 0xe18f9582, L:/127.0.0.1:56617 - R:localhost/127.0.0.1:17186] for POST '/session/615a523530d0bab443273ff6beee29a5/element/8a92914a-44da-4411-9d67-2b7ac72a77cc/clear'
18:03:34.190 [AsyncHttpClient-1-3] DEBUG org.asynchttpclient.netty.handler.HttpHandler - 

Request DefaultHttpRequest(decodeResult: success, version: HTTP/1.1)
POST /session/615a523530d0bab443273ff6beee29a5/element/8a92914a-44da-4411-9d67-2b7ac72a77cc/clear HTTP/1.1
User-Agent: selenium/4.8.1 (java windows)
Content-Length: 50
Content-Type: application/json; charset=utf-8
host: localhost:17186
accept: */*

Response DefaultHttpResponse(decodeResult: success, version: HTTP/1.1)
HTTP/1.1 200 OK
Content-Length: 14
Content-Type: application/json; charset=utf-8
cache-control: no-cache

18:03:34.190 [AsyncHttpClient-1-3] DEBUG org.asynchttpclient.netty.channel.ChannelManager - Adding key: http://localhost:17186 for channel [id: 0xe18f9582, L:/127.0.0.1:56617 - R:localhost/127.0.0.1:17186]
18:03:34.192 [Forwarding sendKeysToElement on session 615a523530d0bab443273ff6beee29a5 to remote] DEBUG org.asynchttpclient.netty.request.NettyRequestSender - Using pooled Channel '[id: 0xe18f9582, L:/127.0.0.1:56617 - R:localhost/127.0.0.1:17186]' for 'POST' to 'http://localhost:17186/session/615a523530d0bab443273ff6beee29a5/element/8a92914a-44da-4411-9d67-2b7ac72a77cc/value'
18:03:34.192 [Forwarding sendKeysToElement on session 615a523530d0bab443273ff6beee29a5 to remote] DEBUG org.asynchttpclient.netty.request.NettyRequestSender - Using open Channel [id: 0xe18f9582, L:/127.0.0.1:56617 - R:localhost/127.0.0.1:17186] for POST '/session/615a523530d0bab443273ff6beee29a5/element/8a92914a-44da-4411-9d67-2b7ac72a77cc/value'
18:03:34.316 [AsyncHttpClient-1-3] DEBUG org.asynchttpclient.netty.handler.HttpHandler - 

Request DefaultHttpRequest(decodeResult: success, version: HTTP/1.1)
POST /session/615a523530d0bab443273ff6beee29a5/element/8a92914a-44da-4411-9d67-2b7ac72a77cc/value HTTP/1.1
User-Agent: selenium/4.8.1 (java windows)
Content-Length: 161
Content-Type: application/json; charset=utf-8
host: localhost:17186
accept: */*

Response DefaultHttpResponse(decodeResult: success, version: HTTP/1.1)
HTTP/1.1 200 OK
Content-Length: 14
Content-Type: application/json; charset=utf-8
cache-control: no-cache

18:03:34.316 [AsyncHttpClient-1-3] DEBUG org.asynchttpclient.netty.channel.ChannelManager - Adding key: http://localhost:17186 for channel [id: 0xe18f9582, L:/127.0.0.1:56617 - R:localhost/127.0.0.1:17186]
18:03:34.326 [Forwarding getAlertText on session 615a523530d0bab443273ff6beee29a5 to remote] DEBUG org.asynchttpclient.netty.request.NettyRequestSender - Using pooled Channel '[id: 0xe18f9582, L:/127.0.0.1:56617 - R:localhost/127.0.0.1:17186]' for 'GET' to 'http://localhost:17186/session/615a523530d0bab443273ff6beee29a5/alert/text'
18:03:34.327 [Forwarding getAlertText on session 615a523530d0bab443273ff6beee29a5 to remote] DEBUG org.asynchttpclient.netty.request.NettyRequestSender - Using open Channel [id: 0xe18f9582, L:/127.0.0.1:56617 - R:localhost/127.0.0.1:17186] for GET '/session/615a523530d0bab443273ff6beee29a5/alert/text'
18:03:34.329 [AsyncHttpClient-1-3] DEBUG org.asynchttpclient.netty.handler.HttpHandler - 

Request DefaultFullHttpRequest(decodeResult: success, version: HTTP/1.1, content: EmptyByteBufBE)
GET /session/615a523530d0bab443273ff6beee29a5/alert/text HTTP/1.1
User-Agent: selenium/4.8.1 (java windows)
Cache-Control: no-cache
Content-Type: application/json; charset=utf-8
host: localhost:17186
accept: */*

Response DefaultHttpResponse(decodeResult: success, version: HTTP/1.1)
HTTP/1.1 404 Not Found
Content-Length: 848
Content-Type: application/json; charset=utf-8
cache-control: no-cache

18:03:34.329 [AsyncHttpClient-1-3] DEBUG org.asynchttpclient.netty.channel.ChannelManager - Adding key: http://localhost:17186 for channel [id: 0xe18f9582, L:/127.0.0.1:56617 - R:localhost/127.0.0.1:17186]
18:03:34.330 [Forwarding getCurrentUrl on session 615a523530d0bab443273ff6beee29a5 to remote] DEBUG org.asynchttpclient.netty.request.NettyRequestSender - Using pooled Channel '[id: 0xe18f9582, L:/127.0.0.1:56617 - R:localhost/127.0.0.1:17186]' for 'GET' to 'http://localhost:17186/session/615a523530d0bab443273ff6beee29a5/url'
18:03:34.330 [Forwarding getCurrentUrl on session 615a523530d0bab443273ff6beee29a5 to remote] DEBUG org.asynchttpclient.netty.request.NettyRequestSender - Using open Channel [id: 0xe18f9582, L:/127.0.0.1:56617 - R:localhost/127.0.0.1:17186] for GET '/session/615a523530d0bab443273ff6beee29a5/url'
18:03:34.335 [AsyncHttpClient-1-3] DEBUG org.asynchttpclient.netty.handler.HttpHandler - 

Request DefaultFullHttpRequest(decodeResult: success, version: HTTP/1.1, content: EmptyByteBufBE)
GET /session/615a523530d0bab443273ff6beee29a5/url HTTP/1.1
User-Agent: selenium/4.8.1 (java windows)
Cache-Control: no-cache
Content-Type: application/json; charset=utf-8
host: localhost:17186
accept: */*

Response DefaultHttpResponse(decodeResult: success, version: HTTP/1.1)
HTTP/1.1 200 OK
Content-Length: 51
Content-Type: application/json; charset=utf-8
cache-control: no-cache

18:03:34.335 [AsyncHttpClient-1-3] DEBUG org.asynchttpclient.netty.channel.ChannelManager - Adding key: http://localhost:17186 for channel [id: 0xe18f9582, L:/127.0.0.1:56617 - R:localhost/127.0.0.1:17186]
18:03:34.337 [Forwarding screenshot on session 615a523530d0bab443273ff6beee29a5 to remote] DEBUG org.asynchttpclient.netty.request.NettyRequestSender - Using pooled Channel '[id: 0xe18f9582, L:/127.0.0.1:56617 - R:localhost/127.0.0.1:17186]' for 'GET' to 'http://localhost:17186/session/615a523530d0bab443273ff6beee29a5/screenshot'
18:03:34.337 [Forwarding screenshot on session 615a523530d0bab443273ff6beee29a5 to remote] DEBUG org.asynchttpclient.netty.request.NettyRequestSender - Using open Channel [id: 0xe18f9582, L:/127.0.0.1:56617 - R:localhost/127.0.0.1:17186] for GET '/session/615a523530d0bab443273ff6beee29a5/screenshot'
18:03:34.528 [AsyncHttpClient-1-3] DEBUG org.asynchttpclient.netty.handler.HttpHandler - 

Request DefaultFullHttpRequest(decodeResult: success, version: HTTP/1.1, content: EmptyByteBufBE)
GET /session/615a523530d0bab443273ff6beee29a5/screenshot HTTP/1.1
User-Agent: selenium/4.8.1 (java windows)
Cache-Control: no-cache
Content-Type: application/json; charset=utf-8
host: localhost:17186
accept: */*

Response DefaultHttpResponse(decodeResult: success, version: HTTP/1.1)
HTTP/1.1 200 OK
Content-Length: 31108
Content-Type: application/json; charset=utf-8
cache-control: no-cache

18:03:34.528 [AsyncHttpClient-1-3] DEBUG org.asynchttpclient.netty.channel.ChannelManager - Adding key: http://localhost:17186 for channel [id: 0xe18f9582, L:/127.0.0.1:56617 - R:localhost/127.0.0.1:17186]
18:03:34.532 [main] DEBUG net.serenitybdd.core.photography.Darkroom - Send negative for processing for target\site\serenity\95bafedc189b3746a8803ec10ab768f99cb7b4d8cae217f1d701d83de740b025.png
18:03:34.533 [main] DEBUG net.thucydides.core.steps.StepInterceptor - STEP DONE: user input valid password
18:03:34.533 [Darkroom Processing Line] DEBUG net.serenitybdd.core.photography.DarkroomProcessingLine - Processing screenshot image in /var/screenshots/screenshot-3817072683064925035
18:03:34.533 [Darkroom Processing Line] DEBUG net.serenitybdd.core.photography.DarkroomProcessingLine - Saving screenshot to target\site\serenity\95bafedc189b3746a8803ec10ab768f99cb7b4d8cae217f1d701d83de740b025.png
18:03:34.538 [main] DEBUG net.thucydides.core.steps.StepInterceptor - STARTING STEP: LoginStep.userSuccessLogin - click button login
18:03:34.542 [Forwarding findElement on session 615a523530d0bab443273ff6beee29a5 to remote] DEBUG org.asynchttpclient.netty.request.NettyRequestSender - Using pooled Channel '[id: 0xe18f9582, L:/127.0.0.1:56617 - R:localhost/127.0.0.1:17186]' for 'POST' to 'http://localhost:17186/session/615a523530d0bab443273ff6beee29a5/element'
18:03:34.542 [Forwarding findElement on session 615a523530d0bab443273ff6beee29a5 to remote] DEBUG org.asynchttpclient.netty.request.NettyRequestSender - Using open Channel [id: 0xe18f9582, L:/127.0.0.1:56617 - R:localhost/127.0.0.1:17186] for POST '/session/615a523530d0bab443273ff6beee29a5/element'
18:03:34.551 [AsyncHttpClient-1-3] DEBUG org.asynchttpclient.netty.handler.HttpHandler - 

Request DefaultHttpRequest(decodeResult: success, version: HTTP/1.1)
POST /session/615a523530d0bab443273ff6beee29a5/element HTTP/1.1
User-Agent: selenium/4.8.1 (java windows)
Content-Length: 69
Content-Type: application/json; charset=utf-8
host: localhost:17186
accept: */*

Response DefaultHttpResponse(decodeResult: success, version: HTTP/1.1)
HTTP/1.1 200 OK
Content-Length: 88
Content-Type: application/json; charset=utf-8
cache-control: no-cache

18:03:34.551 [AsyncHttpClient-1-3] DEBUG org.asynchttpclient.netty.channel.ChannelManager - Adding key: http://localhost:17186 for channel [id: 0xe18f9582, L:/127.0.0.1:56617 - R:localhost/127.0.0.1:17186]
18:03:34.553 [Forwarding getElementTagName on session 615a523530d0bab443273ff6beee29a5 to remote] DEBUG org.asynchttpclient.netty.request.NettyRequestSender - Using pooled Channel '[id: 0xe18f9582, L:/127.0.0.1:56617 - R:localhost/127.0.0.1:17186]' for 'GET' to 'http://localhost:17186/session/615a523530d0bab443273ff6beee29a5/element/98fdd322-63cb-4aca-82e8-82a2a19dede8/name'
18:03:34.553 [Forwarding getElementTagName on session 615a523530d0bab443273ff6beee29a5 to remote] DEBUG org.asynchttpclient.netty.request.NettyRequestSender - Using open Channel [id: 0xe18f9582, L:/127.0.0.1:56617 - R:localhost/127.0.0.1:17186] for GET '/session/615a523530d0bab443273ff6beee29a5/element/98fdd322-63cb-4aca-82e8-82a2a19dede8/name'
18:03:34.561 [AsyncHttpClient-1-3] DEBUG org.asynchttpclient.netty.handler.HttpHandler - 

Request DefaultFullHttpRequest(decodeResult: success, version: HTTP/1.1, content: EmptyByteBufBE)
GET /session/615a523530d0bab443273ff6beee29a5/element/98fdd322-63cb-4aca-82e8-82a2a19dede8/name HTTP/1.1
User-Agent: selenium/4.8.1 (java windows)
Cache-Control: no-cache
Content-Type: application/json; charset=utf-8
host: localhost:17186
accept: */*

Response DefaultHttpResponse(decodeResult: success, version: HTTP/1.1)
HTTP/1.1 200 OK
Content-Length: 16
Content-Type: application/json; charset=utf-8
cache-control: no-cache

18:03:34.562 [AsyncHttpClient-1-3] DEBUG org.asynchttpclient.netty.channel.ChannelManager - Adding key: http://localhost:17186 for channel [id: 0xe18f9582, L:/127.0.0.1:56617 - R:localhost/127.0.0.1:17186]
18:03:34.563 [Forwarding getElementTagName on session 615a523530d0bab443273ff6beee29a5 to remote] DEBUG org.asynchttpclient.netty.request.NettyRequestSender - Using pooled Channel '[id: 0xe18f9582, L:/127.0.0.1:56617 - R:localhost/127.0.0.1:17186]' for 'GET' to 'http://localhost:17186/session/615a523530d0bab443273ff6beee29a5/element/98fdd322-63cb-4aca-82e8-82a2a19dede8/name'
18:03:34.563 [Forwarding getElementTagName on session 615a523530d0bab443273ff6beee29a5 to remote] DEBUG org.asynchttpclient.netty.request.NettyRequestSender - Using open Channel [id: 0xe18f9582, L:/127.0.0.1:56617 - R:localhost/127.0.0.1:17186] for GET '/session/615a523530d0bab443273ff6beee29a5/element/98fdd322-63cb-4aca-82e8-82a2a19dede8/name'
18:03:34.567 [AsyncHttpClient-1-3] DEBUG org.asynchttpclient.netty.handler.HttpHandler - 

Request DefaultFullHttpRequest(decodeResult: success, version: HTTP/1.1, content: EmptyByteBufBE)
GET /session/615a523530d0bab443273ff6beee29a5/element/98fdd322-63cb-4aca-82e8-82a2a19dede8/name HTTP/1.1
User-Agent: selenium/4.8.1 (java windows)
Cache-Control: no-cache
Content-Type: application/json; charset=utf-8
host: localhost:17186
accept: */*

Response DefaultHttpResponse(decodeResult: success, version: HTTP/1.1)
HTTP/1.1 200 OK
Content-Length: 16
Content-Type: application/json; charset=utf-8
cache-control: no-cache

18:03:34.567 [AsyncHttpClient-1-3] DEBUG org.asynchttpclient.netty.channel.ChannelManager - Adding key: http://localhost:17186 for channel [id: 0xe18f9582, L:/127.0.0.1:56617 - R:localhost/127.0.0.1:17186]
18:03:34.571 [Forwarding findElement on session 615a523530d0bab443273ff6beee29a5 to remote] DEBUG org.asynchttpclient.netty.request.NettyRequestSender - Using pooled Channel '[id: 0xe18f9582, L:/127.0.0.1:56617 - R:localhost/127.0.0.1:17186]' for 'POST' to 'http://localhost:17186/session/615a523530d0bab443273ff6beee29a5/element'
18:03:34.571 [Forwarding findElement on session 615a523530d0bab443273ff6beee29a5 to remote] DEBUG org.asynchttpclient.netty.request.NettyRequestSender - Using open Channel [id: 0xe18f9582, L:/127.0.0.1:56617 - R:localhost/127.0.0.1:17186] for POST '/session/615a523530d0bab443273ff6beee29a5/element'
18:03:34.580 [AsyncHttpClient-1-3] DEBUG org.asynchttpclient.netty.handler.HttpHandler - 

Request DefaultHttpRequest(decodeResult: success, version: HTTP/1.1)
POST /session/615a523530d0bab443273ff6beee29a5/element HTTP/1.1
User-Agent: selenium/4.8.1 (java windows)
Content-Length: 69
Content-Type: application/json; charset=utf-8
host: localhost:17186
accept: */*

Response DefaultHttpResponse(decodeResult: success, version: HTTP/1.1)
HTTP/1.1 200 OK
Content-Length: 88
Content-Type: application/json; charset=utf-8
cache-control: no-cache

18:03:34.580 [AsyncHttpClient-1-3] DEBUG org.asynchttpclient.netty.channel.ChannelManager - Adding key: http://localhost:17186 for channel [id: 0xe18f9582, L:/127.0.0.1:56617 - R:localhost/127.0.0.1:17186]
18:03:34.582 [Forwarding clickElement on session 615a523530d0bab443273ff6beee29a5 to remote] DEBUG org.asynchttpclient.netty.request.NettyRequestSender - Using pooled Channel '[id: 0xe18f9582, L:/127.0.0.1:56617 - R:localhost/127.0.0.1:17186]' for 'POST' to 'http://localhost:17186/session/615a523530d0bab443273ff6beee29a5/element/98fdd322-63cb-4aca-82e8-82a2a19dede8/click'
18:03:34.582 [Forwarding clickElement on session 615a523530d0bab443273ff6beee29a5 to remote] DEBUG org.asynchttpclient.netty.request.NettyRequestSender - Using open Channel [id: 0xe18f9582, L:/127.0.0.1:56617 - R:localhost/127.0.0.1:17186] for POST '/session/615a523530d0bab443273ff6beee29a5/element/98fdd322-63cb-4aca-82e8-82a2a19dede8/click'
18:03:34.664 [AsyncHttpClient-1-3] DEBUG org.asynchttpclient.netty.handler.HttpHandler - 

Request DefaultHttpRequest(decodeResult: success, version: HTTP/1.1)
POST /session/615a523530d0bab443273ff6beee29a5/element/98fdd322-63cb-4aca-82e8-82a2a19dede8/click HTTP/1.1
User-Agent: selenium/4.8.1 (java windows)
Content-Length: 50
Content-Type: application/json; charset=utf-8
host: localhost:17186
accept: */*

Response DefaultHttpResponse(decodeResult: success, version: HTTP/1.1)
HTTP/1.1 200 OK
Content-Length: 14
Content-Type: application/json; charset=utf-8
cache-control: no-cache

18:03:34.664 [AsyncHttpClient-1-3] DEBUG org.asynchttpclient.netty.channel.ChannelManager - Adding key: http://localhost:17186 for channel [id: 0xe18f9582, L:/127.0.0.1:56617 - R:localhost/127.0.0.1:17186]
18:03:34.675 [Forwarding getAlertText on session 615a523530d0bab443273ff6beee29a5 to remote] DEBUG org.asynchttpclient.netty.request.NettyRequestSender - Using pooled Channel '[id: 0xe18f9582, L:/127.0.0.1:56617 - R:localhost/127.0.0.1:17186]' for 'GET' to 'http://localhost:17186/session/615a523530d0bab443273ff6beee29a5/alert/text'
18:03:34.675 [Forwarding getAlertText on session 615a523530d0bab443273ff6beee29a5 to remote] DEBUG org.asynchttpclient.netty.request.NettyRequestSender - Using open Channel [id: 0xe18f9582, L:/127.0.0.1:56617 - R:localhost/127.0.0.1:17186] for GET '/session/615a523530d0bab443273ff6beee29a5/alert/text'
18:03:34.678 [AsyncHttpClient-1-3] DEBUG org.asynchttpclient.netty.handler.HttpHandler - 

Request DefaultFullHttpRequest(decodeResult: success, version: HTTP/1.1, content: EmptyByteBufBE)
GET /session/615a523530d0bab443273ff6beee29a5/alert/text HTTP/1.1
User-Agent: selenium/4.8.1 (java windows)
Cache-Control: no-cache
Content-Type: application/json; charset=utf-8
host: localhost:17186
accept: */*

Response DefaultHttpResponse(decodeResult: success, version: HTTP/1.1)
HTTP/1.1 404 Not Found
Content-Length: 848
Content-Type: application/json; charset=utf-8
cache-control: no-cache

18:03:34.678 [AsyncHttpClient-1-3] DEBUG org.asynchttpclient.netty.channel.ChannelManager - Adding key: http://localhost:17186 for channel [id: 0xe18f9582, L:/127.0.0.1:56617 - R:localhost/127.0.0.1:17186]
18:03:34.679 [Forwarding getCurrentUrl on session 615a523530d0bab443273ff6beee29a5 to remote] DEBUG org.asynchttpclient.netty.request.NettyRequestSender - Using pooled Channel '[id: 0xe18f9582, L:/127.0.0.1:56617 - R:localhost/127.0.0.1:17186]' for 'GET' to 'http://localhost:17186/session/615a523530d0bab443273ff6beee29a5/url'
18:03:34.679 [Forwarding getCurrentUrl on session 615a523530d0bab443273ff6beee29a5 to remote] DEBUG org.asynchttpclient.netty.request.NettyRequestSender - Using open Channel [id: 0xe18f9582, L:/127.0.0.1:56617 - R:localhost/127.0.0.1:17186] for GET '/session/615a523530d0bab443273ff6beee29a5/url'
18:03:34.683 [AsyncHttpClient-1-3] DEBUG org.asynchttpclient.netty.handler.HttpHandler - 

Request DefaultFullHttpRequest(decodeResult: success, version: HTTP/1.1, content: EmptyByteBufBE)
GET /session/615a523530d0bab443273ff6beee29a5/url HTTP/1.1
User-Agent: selenium/4.8.1 (java windows)
Cache-Control: no-cache
Content-Type: application/json; charset=utf-8
host: localhost:17186
accept: */*

Response DefaultHttpResponse(decodeResult: success, version: HTTP/1.1)
HTTP/1.1 200 OK
Content-Length: 51
Content-Type: application/json; charset=utf-8
cache-control: no-cache

18:03:34.684 [AsyncHttpClient-1-3] DEBUG org.asynchttpclient.netty.channel.ChannelManager - Adding key: http://localhost:17186 for channel [id: 0xe18f9582, L:/127.0.0.1:56617 - R:localhost/127.0.0.1:17186]
18:03:34.684 [Forwarding screenshot on session 615a523530d0bab443273ff6beee29a5 to remote] DEBUG org.asynchttpclient.netty.request.NettyRequestSender - Using pooled Channel '[id: 0xe18f9582, L:/127.0.0.1:56617 - R:localhost/127.0.0.1:17186]' for 'GET' to 'http://localhost:17186/session/615a523530d0bab443273ff6beee29a5/screenshot'
18:03:34.684 [Forwarding screenshot on session 615a523530d0bab443273ff6beee29a5 to remote] DEBUG org.asynchttpclient.netty.request.NettyRequestSender - Using open Channel [id: 0xe18f9582, L:/127.0.0.1:56617 - R:localhost/127.0.0.1:17186] for GET '/session/615a523530d0bab443273ff6beee29a5/screenshot'
18:03:34.875 [AsyncHttpClient-1-3] DEBUG org.asynchttpclient.netty.handler.HttpHandler - 

Request DefaultFullHttpRequest(decodeResult: success, version: HTTP/1.1, content: EmptyByteBufBE)
GET /session/615a523530d0bab443273ff6beee29a5/screenshot HTTP/1.1
User-Agent: selenium/4.8.1 (java windows)
Cache-Control: no-cache
Content-Type: application/json; charset=utf-8
host: localhost:17186
accept: */*

Response DefaultHttpResponse(decodeResult: success, version: HTTP/1.1)
HTTP/1.1 200 OK
Content-Length: 31108
Content-Type: application/json; charset=utf-8
cache-control: no-cache

18:03:34.875 [AsyncHttpClient-1-3] DEBUG org.asynchttpclient.netty.channel.ChannelManager - Adding key: http://localhost:17186 for channel [id: 0xe18f9582, L:/127.0.0.1:56617 - R:localhost/127.0.0.1:17186]
18:03:34.878 [main] DEBUG net.serenitybdd.core.photography.Darkroom - Send negative for processing for target\site\serenity\13924aa4f8fdee4365a795786a8620e1eec875e6252effa06532f5657e572581.png
18:03:34.878 [main] DEBUG net.thucydides.core.steps.StepInterceptor - STEP DONE: click button login
18:03:34.878 [Darkroom Processing Line] DEBUG net.serenitybdd.core.photography.DarkroomProcessingLine - Processing screenshot image in /var/screenshots/screenshot-7108476018983010424
18:03:34.878 [Darkroom Processing Line] DEBUG net.serenitybdd.core.photography.DarkroomProcessingLine - Saving screenshot to target\site\serenity\13924aa4f8fdee4365a795786a8620e1eec875e6252effa06532f5657e572581.png
18:03:34.883 [main] DEBUG net.thucydides.core.steps.StepInterceptor - STARTING STEP: LoginStep.userSuccessLogin - user can see product homepage
18:03:34.886 [Forwarding findElement on session 615a523530d0bab443273ff6beee29a5 to remote] DEBUG org.asynchttpclient.netty.request.NettyRequestSender - Using pooled Channel '[id: 0xe18f9582, L:/127.0.0.1:56617 - R:localhost/127.0.0.1:17186]' for 'POST' to 'http://localhost:17186/session/615a523530d0bab443273ff6beee29a5/element'
18:03:34.886 [Forwarding findElement on session 615a523530d0bab443273ff6beee29a5 to remote] DEBUG org.asynchttpclient.netty.request.NettyRequestSender - Using open Channel [id: 0xe18f9582, L:/127.0.0.1:56617 - R:localhost/127.0.0.1:17186] for POST '/session/615a523530d0bab443273ff6beee29a5/element'
18:03:35.041 [AsyncHttpClient-1-3] DEBUG org.asynchttpclient.netty.handler.HttpHandler - 

Request DefaultHttpRequest(decodeResult: success, version: HTTP/1.1)
POST /session/615a523530d0bab443273ff6beee29a5/element HTTP/1.1
User-Agent: selenium/4.8.1 (java windows)
Content-Length: 75
Content-Type: application/json; charset=utf-8
host: localhost:17186
accept: */*

Response DefaultHttpResponse(decodeResult: success, version: HTTP/1.1)
HTTP/1.1 200 OK
Content-Length: 88
Content-Type: application/json; charset=utf-8
cache-control: no-cache

18:03:35.041 [AsyncHttpClient-1-3] DEBUG org.asynchttpclient.netty.channel.ChannelManager - Adding key: http://localhost:17186 for channel [id: 0xe18f9582, L:/127.0.0.1:56617 - R:localhost/127.0.0.1:17186]
18:03:35.045 [Forwarding isElementDisplayed on session 615a523530d0bab443273ff6beee29a5 to remote] DEBUG org.asynchttpclient.netty.request.NettyRequestSender - Using pooled Channel '[id: 0xe18f9582, L:/127.0.0.1:56617 - R:localhost/127.0.0.1:17186]' for 'POST' to 'http://localhost:17186/session/615a523530d0bab443273ff6beee29a5/execute/sync'
18:03:35.045 [Forwarding isElementDisplayed on session 615a523530d0bab443273ff6beee29a5 to remote] DEBUG org.asynchttpclient.netty.request.NettyRequestSender - Using open Channel [id: 0xe18f9582, L:/127.0.0.1:56617 - R:localhost/127.0.0.1:17186] for POST '/session/615a523530d0bab443273ff6beee29a5/execute/sync'
18:03:35.126 [AsyncHttpClient-1-3] DEBUG org.asynchttpclient.netty.handler.HttpHandler - 

Request DefaultHttpRequest(decodeResult: success, version: HTTP/1.1)
POST /session/615a523530d0bab443273ff6beee29a5/execute/sync HTTP/1.1
User-Agent: selenium/4.8.1 (java windows)
Content-Length: 48807
Content-Type: application/json; charset=utf-8
host: localhost:17186
accept: */*

Response DefaultHttpResponse(decodeResult: success, version: HTTP/1.1)
HTTP/1.1 200 OK
Content-Length: 14
Content-Type: application/json; charset=utf-8
cache-control: no-cache

18:03:35.127 [AsyncHttpClient-1-3] DEBUG org.asynchttpclient.netty.channel.ChannelManager - Adding key: http://localhost:17186 for channel [id: 0xe18f9582, L:/127.0.0.1:56617 - R:localhost/127.0.0.1:17186]
18:03:35.133 [Forwarding getAlertText on session 615a523530d0bab443273ff6beee29a5 to remote] DEBUG org.asynchttpclient.netty.request.NettyRequestSender - Using pooled Channel '[id: 0xe18f9582, L:/127.0.0.1:56617 - R:localhost/127.0.0.1:17186]' for 'GET' to 'http://localhost:17186/session/615a523530d0bab443273ff6beee29a5/alert/text'
18:03:35.133 [Forwarding getAlertText on session 615a523530d0bab443273ff6beee29a5 to remote] DEBUG org.asynchttpclient.netty.request.NettyRequestSender - Using open Channel [id: 0xe18f9582, L:/127.0.0.1:56617 - R:localhost/127.0.0.1:17186] for GET '/session/615a523530d0bab443273ff6beee29a5/alert/text'
18:03:35.136 [AsyncHttpClient-1-3] DEBUG org.asynchttpclient.netty.handler.HttpHandler - 

Request DefaultFullHttpRequest(decodeResult: success, version: HTTP/1.1, content: EmptyByteBufBE)
GET /session/615a523530d0bab443273ff6beee29a5/alert/text HTTP/1.1
User-Agent: selenium/4.8.1 (java windows)
Cache-Control: no-cache
Content-Type: application/json; charset=utf-8
host: localhost:17186
accept: */*

Response DefaultHttpResponse(decodeResult: success, version: HTTP/1.1)
HTTP/1.1 404 Not Found
Content-Length: 848
Content-Type: application/json; charset=utf-8
cache-control: no-cache

18:03:35.137 [AsyncHttpClient-1-3] DEBUG org.asynchttpclient.netty.channel.ChannelManager - Adding key: http://localhost:17186 for channel [id: 0xe18f9582, L:/127.0.0.1:56617 - R:localhost/127.0.0.1:17186]
18:03:35.138 [Forwarding getCurrentUrl on session 615a523530d0bab443273ff6beee29a5 to remote] DEBUG org.asynchttpclient.netty.request.NettyRequestSender - Using pooled Channel '[id: 0xe18f9582, L:/127.0.0.1:56617 - R:localhost/127.0.0.1:17186]' for 'GET' to 'http://localhost:17186/session/615a523530d0bab443273ff6beee29a5/url'
18:03:35.138 [Forwarding getCurrentUrl on session 615a523530d0bab443273ff6beee29a5 to remote] DEBUG org.asynchttpclient.netty.request.NettyRequestSender - Using open Channel [id: 0xe18f9582, L:/127.0.0.1:56617 - R:localhost/127.0.0.1:17186] for GET '/session/615a523530d0bab443273ff6beee29a5/url'
18:03:35.143 [AsyncHttpClient-1-3] DEBUG org.asynchttpclient.netty.handler.HttpHandler - 

Request DefaultFullHttpRequest(decodeResult: success, version: HTTP/1.1, content: EmptyByteBufBE)
GET /session/615a523530d0bab443273ff6beee29a5/url HTTP/1.1
User-Agent: selenium/4.8.1 (java windows)
Cache-Control: no-cache
Content-Type: application/json; charset=utf-8
host: localhost:17186
accept: */*

Response DefaultHttpResponse(decodeResult: success, version: HTTP/1.1)
HTTP/1.1 200 OK
Content-Length: 41
Content-Type: application/json; charset=utf-8
cache-control: no-cache

18:03:35.143 [AsyncHttpClient-1-3] DEBUG org.asynchttpclient.netty.channel.ChannelManager - Adding key: http://localhost:17186 for channel [id: 0xe18f9582, L:/127.0.0.1:56617 - R:localhost/127.0.0.1:17186]
18:03:35.144 [Forwarding screenshot on session 615a523530d0bab443273ff6beee29a5 to remote] DEBUG org.asynchttpclient.netty.request.NettyRequestSender - Using pooled Channel '[id: 0xe18f9582, L:/127.0.0.1:56617 - R:localhost/127.0.0.1:17186]' for 'GET' to 'http://localhost:17186/session/615a523530d0bab443273ff6beee29a5/screenshot'
18:03:35.144 [Forwarding screenshot on session 615a523530d0bab443273ff6beee29a5 to remote] DEBUG org.asynchttpclient.netty.request.NettyRequestSender - Using open Channel [id: 0xe18f9582, L:/127.0.0.1:56617 - R:localhost/127.0.0.1:17186] for GET '/session/615a523530d0bab443273ff6beee29a5/screenshot'
18:03:35.147 [AsyncHttpClient-1-1] DEBUG org.asynchttpclient.netty.channel.DefaultChannelPool - Entry count for : http://localhost:56619 : 1
18:03:36.248 [AsyncHttpClient-1-1] DEBUG org.asynchttpclient.netty.channel.DefaultChannelPool - Entry count for : http://localhost:56619 : 1
18:03:37.351 [AsyncHttpClient-1-1] DEBUG org.asynchttpclient.netty.channel.DefaultChannelPool - Entry count for : http://localhost:56619 : 1
18:03:37.731 [AsyncHttpClient-1-3] DEBUG org.asynchttpclient.netty.handler.HttpHandler - 

Request DefaultFullHttpRequest(decodeResult: success, version: HTTP/1.1, content: EmptyByteBufBE)
GET /session/615a523530d0bab443273ff6beee29a5/screenshot HTTP/1.1
User-Agent: selenium/4.8.1 (java windows)
Cache-Control: no-cache
Content-Type: application/json; charset=utf-8
host: localhost:17186
accept: */*

Response DefaultHttpResponse(decodeResult: success, version: HTTP/1.1)
HTTP/1.1 200 OK
Content-Length: 30472
Content-Type: application/json; charset=utf-8
cache-control: no-cache

18:03:37.731 [AsyncHttpClient-1-3] DEBUG org.asynchttpclient.netty.channel.ChannelManager - Adding key: http://localhost:17186 for channel [id: 0xe18f9582, L:/127.0.0.1:56617 - R:localhost/127.0.0.1:17186]
18:03:37.733 [main] DEBUG net.serenitybdd.core.photography.Darkroom - Send negative for processing for target\site\serenity\8afdb695d148b08a594d8a1669747cbd6fd7f792c4b15cc3d5d564bca4d30bc9.png
18:03:37.734 [main] DEBUG net.thucydides.core.steps.StepInterceptor - STEP DONE: user can see product homepage
  &amp#27;[32mGiven &amp#27;[0m&amp#27;[32muser success login&amp#27;[0m                             &amp#27;[90m# starter.stepdefinition.LoginStep.userSuccessLogin()&amp#27;[0m
18:03:37.734 [Darkroom Processing Line] DEBUG net.serenitybdd.core.photography.DarkroomProcessingLine - Processing screenshot image in /var/screenshots/screenshot-5933671153870848153
18:03:37.734 [Darkroom Processing Line] DEBUG net.serenitybdd.core.photography.DarkroomProcessingLine - Saving screenshot to target\site\serenity\8afdb695d148b08a594d8a1669747cbd6fd7f792c4b15cc3d5d564bca4d30bc9.png
18:03:37.746 [main] DEBUG net.thucydides.core.steps.StepInterceptor - STARTING STEP: LoginStep.userCanSeeProductHomepage - user can see product homepage
18:03:37.747 [Forwarding findElement on session 615a523530d0bab443273ff6beee29a5 to remote] DEBUG org.asynchttpclient.netty.request.NettyRequestSender - Using pooled Channel '[id: 0xe18f9582, L:/127.0.0.1:56617 - R:localhost/127.0.0.1:17186]' for 'POST' to 'http://localhost:17186/session/615a523530d0bab443273ff6beee29a5/element'
18:03:37.747 [Forwarding findElement on session 615a523530d0bab443273ff6beee29a5 to remote] DEBUG org.asynchttpclient.netty.request.NettyRequestSender - Using open Channel [id: 0xe18f9582, L:/127.0.0.1:56617 - R:localhost/127.0.0.1:17186] for POST '/session/615a523530d0bab443273ff6beee29a5/element'
18:03:37.762 [AsyncHttpClient-1-3] DEBUG org.asynchttpclient.netty.handler.HttpHandler - 

Request DefaultHttpRequest(decodeResult: success, version: HTTP/1.1)
POST /session/615a523530d0bab443273ff6beee29a5/element HTTP/1.1
User-Agent: selenium/4.8.1 (java windows)
Content-Length: 75
Content-Type: application/json; charset=utf-8
host: localhost:17186
accept: */*

Response DefaultHttpResponse(decodeResult: success, version: HTTP/1.1)
HTTP/1.1 200 OK
Content-Length: 88
Content-Type: application/json; charset=utf-8
cache-control: no-cache

18:03:37.762 [AsyncHttpClient-1-3] DEBUG org.asynchttpclient.netty.channel.ChannelManager - Adding key: http://localhost:17186 for channel [id: 0xe18f9582, L:/127.0.0.1:56617 - R:localhost/127.0.0.1:17186]
18:03:37.764 [Forwarding isElementDisplayed on session 615a523530d0bab443273ff6beee29a5 to remote] DEBUG org.asynchttpclient.netty.request.NettyRequestSender - Using pooled Channel '[id: 0xe18f9582, L:/127.0.0.1:56617 - R:localhost/127.0.0.1:17186]' for 'POST' to 'http://localhost:17186/session/615a523530d0bab443273ff6beee29a5/execute/sync'
18:03:37.764 [Forwarding isElementDisplayed on session 615a523530d0bab443273ff6beee29a5 to remote] DEBUG org.asynchttpclient.netty.request.NettyRequestSender - Using open Channel [id: 0xe18f9582, L:/127.0.0.1:56617 - R:localhost/127.0.0.1:17186] for POST '/session/615a523530d0bab443273ff6beee29a5/execute/sync'
18:03:37.772 [AsyncHttpClient-1-3] DEBUG org.asynchttpclient.netty.handler.HttpHandler - 

Request DefaultHttpRequest(decodeResult: success, version: HTTP/1.1)
POST /session/615a523530d0bab443273ff6beee29a5/execute/sync HTTP/1.1
User-Agent: selenium/4.8.1 (java windows)
Content-Length: 48807
Content-Type: application/json; charset=utf-8
host: localhost:17186
accept: */*

Response DefaultHttpResponse(decodeResult: success, version: HTTP/1.1)
HTTP/1.1 200 OK
Content-Length: 14
Content-Type: application/json; charset=utf-8
cache-control: no-cache

18:03:37.772 [AsyncHttpClient-1-3] DEBUG org.asynchttpclient.netty.channel.ChannelManager - Adding key: http://localhost:17186 for channel [id: 0xe18f9582, L:/127.0.0.1:56617 - R:localhost/127.0.0.1:17186]
18:03:37.775 [main] DEBUG net.thucydides.core.steps.StepInterceptor - STEP DONE: user can see product homepage
  &amp#27;[32mAnd &amp#27;[0m&amp#27;[32muser can see product homepage&amp#27;[0m                    &amp#27;[90m# starter.stepdefinition.LoginStep.userCanSeeProductHomepage()&amp#27;[0m
18:03:37.854 [main] DEBUG net.thucydides.core.steps.StepInterceptor - STARTING STEP: LogoutStep.userClickProfil - user click profil
18:03:37.857 [Forwarding findElement on session 615a523530d0bab443273ff6beee29a5 to remote] DEBUG org.asynchttpclient.netty.request.NettyRequestSender - Using pooled Channel '[id: 0xe18f9582, L:/127.0.0.1:56617 - R:localhost/127.0.0.1:17186]' for 'POST' to 'http://localhost:17186/session/615a523530d0bab443273ff6beee29a5/element'
18:03:37.857 [Forwarding findElement on session 615a523530d0bab443273ff6beee29a5 to remote] DEBUG org.asynchttpclient.netty.request.NettyRequestSender - Using open Channel [id: 0xe18f9582, L:/127.0.0.1:56617 - R:localhost/127.0.0.1:17186] for POST '/session/615a523530d0bab443273ff6beee29a5/element'
18:03:37.869 [AsyncHttpClient-1-3] DEBUG org.asynchttpclient.netty.handler.HttpHandler - 

Request DefaultHttpRequest(decodeResult: success, version: HTTP/1.1)
POST /session/615a523530d0bab443273ff6beee29a5/element HTTP/1.1
User-Agent: selenium/4.8.1 (java windows)
Content-Length: 103
Content-Type: application/json; charset=utf-8
host: localhost:17186
accept: */*

Response DefaultHttpResponse(decodeResult: success, version: HTTP/1.1)
HTTP/1.1 200 OK
Content-Length: 88
Content-Type: application/json; charset=utf-8
cache-control: no-cache

18:03:37.869 [AsyncHttpClient-1-3] DEBUG org.asynchttpclient.netty.channel.ChannelManager - Adding key: http://localhost:17186 for channel [id: 0xe18f9582, L:/127.0.0.1:56617 - R:localhost/127.0.0.1:17186]
18:03:37.870 [Forwarding getElementTagName on session 615a523530d0bab443273ff6beee29a5 to remote] DEBUG org.asynchttpclient.netty.request.NettyRequestSender - Using pooled Channel '[id: 0xe18f9582, L:/127.0.0.1:56617 - R:localhost/127.0.0.1:17186]' for 'GET' to 'http://localhost:17186/session/615a523530d0bab443273ff6beee29a5/element/ef69c47a-c809-4b99-85de-eda38d95aa57/name'
18:03:37.870 [Forwarding getElementTagName on session 615a523530d0bab443273ff6beee29a5 to remote] DEBUG org.asynchttpclient.netty.request.NettyRequestSender - Using open Channel [id: 0xe18f9582, L:/127.0.0.1:56617 - R:localhost/127.0.0.1:17186] for GET '/session/615a523530d0bab443273ff6beee29a5/element/ef69c47a-c809-4b99-85de-eda38d95aa57/name'
18:03:37.873 [AsyncHttpClient-1-3] DEBUG org.asynchttpclient.netty.handler.HttpHandler - 

Request DefaultFullHttpRequest(decodeResult: success, version: HTTP/1.1, content: EmptyByteBufBE)
GET /session/615a523530d0bab443273ff6beee29a5/element/ef69c47a-c809-4b99-85de-eda38d95aa57/name HTTP/1.1
User-Agent: selenium/4.8.1 (java windows)
Cache-Control: no-cache
Content-Type: application/json; charset=utf-8
host: localhost:17186
accept: */*

Response DefaultHttpResponse(decodeResult: success, version: HTTP/1.1)
HTTP/1.1 200 OK
Content-Length: 13
Content-Type: application/json; charset=utf-8
cache-control: no-cache

18:03:37.873 [AsyncHttpClient-1-3] DEBUG org.asynchttpclient.netty.channel.ChannelManager - Adding key: http://localhost:17186 for channel [id: 0xe18f9582, L:/127.0.0.1:56617 - R:localhost/127.0.0.1:17186]
18:03:37.874 [Forwarding getElementTagName on session 615a523530d0bab443273ff6beee29a5 to remote] DEBUG org.asynchttpclient.netty.request.NettyRequestSender - Using pooled Channel '[id: 0xe18f9582, L:/127.0.0.1:56617 - R:localhost/127.0.0.1:17186]' for 'GET' to 'http://localhost:17186/session/615a523530d0bab443273ff6beee29a5/element/ef69c47a-c809-4b99-85de-eda38d95aa57/name'
18:03:37.874 [Forwarding getElementTagName on session 615a523530d0bab443273ff6beee29a5 to remote] DEBUG org.asynchttpclient.netty.request.NettyRequestSender - Using open Channel [id: 0xe18f9582, L:/127.0.0.1:56617 - R:localhost/127.0.0.1:17186] for GET '/session/615a523530d0bab443273ff6beee29a5/element/ef69c47a-c809-4b99-85de-eda38d95aa57/name'
18:03:37.876 [AsyncHttpClient-1-3] DEBUG org.asynchttpclient.netty.handler.HttpHandler - 

Request DefaultFullHttpRequest(decodeResult: success, version: HTTP/1.1, content: EmptyByteBufBE)
GET /session/615a523530d0bab443273ff6beee29a5/element/ef69c47a-c809-4b99-85de-eda38d95aa57/name HTTP/1.1
User-Agent: selenium/4.8.1 (java windows)
Cache-Control: no-cache
Content-Type: application/json; charset=utf-8
host: localhost:17186
accept: */*

Response DefaultHttpResponse(decodeResult: success, version: HTTP/1.1)
HTTP/1.1 200 OK
Content-Length: 13
Content-Type: application/json; charset=utf-8
cache-control: no-cache

18:03:37.876 [AsyncHttpClient-1-3] DEBUG org.asynchttpclient.netty.channel.ChannelManager - Adding key: http://localhost:17186 for channel [id: 0xe18f9582, L:/127.0.0.1:56617 - R:localhost/127.0.0.1:17186]
18:03:37.878 [Forwarding findElement on session 615a523530d0bab443273ff6beee29a5 to remote] DEBUG org.asynchttpclient.netty.request.NettyRequestSender - Using pooled Channel '[id: 0xe18f9582, L:/127.0.0.1:56617 - R:localhost/127.0.0.1:17186]' for 'POST' to 'http://localhost:17186/session/615a523530d0bab443273ff6beee29a5/element'
18:03:37.878 [Forwarding findElement on session 615a523530d0bab443273ff6beee29a5 to remote] DEBUG org.asynchttpclient.netty.request.NettyRequestSender - Using open Channel [id: 0xe18f9582, L:/127.0.0.1:56617 - R:localhost/127.0.0.1:17186] for POST '/session/615a523530d0bab443273ff6beee29a5/element'
18:03:37.885 [AsyncHttpClient-1-3] DEBUG org.asynchttpclient.netty.handler.HttpHandler - 

Request DefaultHttpRequest(decodeResult: success, version: HTTP/1.1)
POST /session/615a523530d0bab443273ff6beee29a5/element HTTP/1.1
User-Agent: selenium/4.8.1 (java windows)
Content-Length: 103
Content-Type: application/json; charset=utf-8
host: localhost:17186
accept: */*

Response DefaultHttpResponse(decodeResult: success, version: HTTP/1.1)
HTTP/1.1 200 OK
Content-Length: 88
Content-Type: application/json; charset=utf-8
cache-control: no-cache

18:03:37.885 [AsyncHttpClient-1-3] DEBUG org.asynchttpclient.netty.channel.ChannelManager - Adding key: http://localhost:17186 for channel [id: 0xe18f9582, L:/127.0.0.1:56617 - R:localhost/127.0.0.1:17186]
18:03:37.886 [Forwarding clickElement on session 615a523530d0bab443273ff6beee29a5 to remote] DEBUG org.asynchttpclient.netty.request.NettyRequestSender - Using pooled Channel '[id: 0xe18f9582, L:/127.0.0.1:56617 - R:localhost/127.0.0.1:17186]' for 'POST' to 'http://localhost:17186/session/615a523530d0bab443273ff6beee29a5/element/ef69c47a-c809-4b99-85de-eda38d95aa57/click'
18:03:37.886 [Forwarding clickElement on session 615a523530d0bab443273ff6beee29a5 to remote] DEBUG org.asynchttpclient.netty.request.NettyRequestSender - Using open Channel [id: 0xe18f9582, L:/127.0.0.1:56617 - R:localhost/127.0.0.1:17186] for POST '/session/615a523530d0bab443273ff6beee29a5/element/ef69c47a-c809-4b99-85de-eda38d95aa57/click'
18:03:37.962 [AsyncHttpClient-1-3] DEBUG org.asynchttpclient.netty.handler.HttpHandler - 

Request DefaultHttpRequest(decodeResult: success, version: HTTP/1.1)
POST /session/615a523530d0bab443273ff6beee29a5/element/ef69c47a-c809-4b99-85de-eda38d95aa57/click HTTP/1.1
User-Agent: selenium/4.8.1 (java windows)
Content-Length: 50
Content-Type: application/json; charset=utf-8
host: localhost:17186
accept: */*

Response DefaultHttpResponse(decodeResult: success, version: HTTP/1.1)
HTTP/1.1 200 OK
Content-Length: 14
Content-Type: application/json; charset=utf-8
cache-control: no-cache

18:03:37.963 [AsyncHttpClient-1-3] DEBUG org.asynchttpclient.netty.channel.ChannelManager - Adding key: http://localhost:17186 for channel [id: 0xe18f9582, L:/127.0.0.1:56617 - R:localhost/127.0.0.1:17186]
18:03:37.972 [Forwarding getAlertText on session 615a523530d0bab443273ff6beee29a5 to remote] DEBUG org.asynchttpclient.netty.request.NettyRequestSender - Using pooled Channel '[id: 0xe18f9582, L:/127.0.0.1:56617 - R:localhost/127.0.0.1:17186]' for 'GET' to 'http://localhost:17186/session/615a523530d0bab443273ff6beee29a5/alert/text'
18:03:37.972 [Forwarding getAlertText on session 615a523530d0bab443273ff6beee29a5 to remote] DEBUG org.asynchttpclient.netty.request.NettyRequestSender - Using open Channel [id: 0xe18f9582, L:/127.0.0.1:56617 - R:localhost/127.0.0.1:17186] for GET '/session/615a523530d0bab443273ff6beee29a5/alert/text'
18:03:37.981 [AsyncHttpClient-1-3] DEBUG org.asynchttpclient.netty.handler.HttpHandler - 

Request DefaultFullHttpRequest(decodeResult: success, version: HTTP/1.1, content: EmptyByteBufBE)
GET /session/615a523530d0bab443273ff6beee29a5/alert/text HTTP/1.1
User-Agent: selenium/4.8.1 (java windows)
Cache-Control: no-cache
Content-Type: application/json; charset=utf-8
host: localhost:17186
accept: */*

Response DefaultHttpResponse(decodeResult: success, version: HTTP/1.1)
HTTP/1.1 404 Not Found
Content-Length: 848
Content-Type: application/json; charset=utf-8
cache-control: no-cache

18:03:37.981 [AsyncHttpClient-1-3] DEBUG org.asynchttpclient.netty.channel.ChannelManager - Adding key: http://localhost:17186 for channel [id: 0xe18f9582, L:/127.0.0.1:56617 - R:localhost/127.0.0.1:17186]
18:03:37.982 [Forwarding getCurrentUrl on session 615a523530d0bab443273ff6beee29a5 to remote] DEBUG org.asynchttpclient.netty.request.NettyRequestSender - Using pooled Channel '[id: 0xe18f9582, L:/127.0.0.1:56617 - R:localhost/127.0.0.1:17186]' for 'GET' to 'http://localhost:17186/session/615a523530d0bab443273ff6beee29a5/url'
18:03:37.982 [Forwarding getCurrentUrl on session 615a523530d0bab443273ff6beee29a5 to remote] DEBUG org.asynchttpclient.netty.request.NettyRequestSender - Using open Channel [id: 0xe18f9582, L:/127.0.0.1:56617 - R:localhost/127.0.0.1:17186] for GET '/session/615a523530d0bab443273ff6beee29a5/url'
18:03:37.995 [AsyncHttpClient-1-3] DEBUG org.asynchttpclient.netty.handler.HttpHandler - 

Request DefaultFullHttpRequest(decodeResult: success, version: HTTP/1.1, content: EmptyByteBufBE)
GET /session/615a523530d0bab443273ff6beee29a5/url HTTP/1.1
User-Agent: selenium/4.8.1 (java windows)
Cache-Control: no-cache
Content-Type: application/json; charset=utf-8
host: localhost:17186
accept: */*

Response DefaultHttpResponse(decodeResult: success, version: HTTP/1.1)
HTTP/1.1 200 OK
Content-Length: 41
Content-Type: application/json; charset=utf-8
cache-control: no-cache

18:03:37.995 [AsyncHttpClient-1-3] DEBUG org.asynchttpclient.netty.channel.ChannelManager - Adding key: http://localhost:17186 for channel [id: 0xe18f9582, L:/127.0.0.1:56617 - R:localhost/127.0.0.1:17186]
18:03:37.996 [Forwarding screenshot on session 615a523530d0bab443273ff6beee29a5 to remote] DEBUG org.asynchttpclient.netty.request.NettyRequestSender - Using pooled Channel '[id: 0xe18f9582, L:/127.0.0.1:56617 - R:localhost/127.0.0.1:17186]' for 'GET' to 'http://localhost:17186/session/615a523530d0bab443273ff6beee29a5/screenshot'
18:03:37.996 [Forwarding screenshot on session 615a523530d0bab443273ff6beee29a5 to remote] DEBUG org.asynchttpclient.netty.request.NettyRequestSender - Using open Channel [id: 0xe18f9582, L:/127.0.0.1:56617 - R:localhost/127.0.0.1:17186] for GET '/session/615a523530d0bab443273ff6beee29a5/screenshot'
18:03:38.103 [AsyncHttpClient-1-3] DEBUG org.asynchttpclient.netty.handler.HttpHandler - 

Request DefaultFullHttpRequest(decodeResult: success, version: HTTP/1.1, content: EmptyByteBufBE)
GET /session/615a523530d0bab443273ff6beee29a5/screenshot HTTP/1.1
User-Agent: selenium/4.8.1 (java windows)
Cache-Control: no-cache
Content-Type: application/json; charset=utf-8
host: localhost:17186
accept: */*

Response DefaultHttpResponse(decodeResult: success, version: HTTP/1.1)
HTTP/1.1 200 OK
Content-Length: 123416
Content-Type: application/json; charset=utf-8
cache-control: no-cache

18:03:38.104 [AsyncHttpClient-1-3] DEBUG org.asynchttpclient.netty.channel.ChannelManager - Adding key: http://localhost:17186 for channel [id: 0xe18f9582, L:/127.0.0.1:56617 - R:localhost/127.0.0.1:17186]
18:03:38.108 [main] DEBUG net.serenitybdd.core.photography.Darkroom - Send negative for processing for target\site\serenity\e18397741f369b481d54bc0c667444c9b7498028d6214a1cabc4914fd8bcbffc.png
18:03:38.108 [main] DEBUG net.thucydides.core.steps.StepInterceptor - STEP DONE: user click profil
  &amp#27;[32mWhen &amp#27;[0m&amp#27;[32muser click profil&amp#27;[0m                               &amp#27;[90m# starter.stepdefinition.LogoutStep.userClickProfil()&amp#27;[0m
18:03:38.109 [Darkroom Processing Line] DEBUG net.serenitybdd.core.photography.DarkroomProcessingLine - Processing screenshot image in /var/screenshots/screenshot-5461781830708107084
18:03:38.109 [Darkroom Processing Line] DEBUG net.serenitybdd.core.photography.DarkroomProcessingLine - Saving screenshot to target\site\serenity\e18397741f369b481d54bc0c667444c9b7498028d6214a1cabc4914fd8bcbffc.png
18:03:38.116 [main] DEBUG net.thucydides.core.steps.StepInterceptor - STARTING STEP: LogoutStep.userClickLogout - user click logout
18:03:38.119 [Forwarding findElement on session 615a523530d0bab443273ff6beee29a5 to remote] DEBUG org.asynchttpclient.netty.request.NettyRequestSender - Using pooled Channel '[id: 0xe18f9582, L:/127.0.0.1:56617 - R:localhost/127.0.0.1:17186]' for 'POST' to 'http://localhost:17186/session/615a523530d0bab443273ff6beee29a5/element'
18:03:38.119 [Forwarding findElement on session 615a523530d0bab443273ff6beee29a5 to remote] DEBUG org.asynchttpclient.netty.request.NettyRequestSender - Using open Channel [id: 0xe18f9582, L:/127.0.0.1:56617 - R:localhost/127.0.0.1:17186] for POST '/session/615a523530d0bab443273ff6beee29a5/element'
18:03:38.134 [AsyncHttpClient-1-3] DEBUG org.asynchttpclient.netty.handler.HttpHandler - 

Request DefaultHttpRequest(decodeResult: success, version: HTTP/1.1)
POST /session/615a523530d0bab443273ff6beee29a5/element HTTP/1.1
User-Agent: selenium/4.8.1 (java windows)
Content-Length: 71
Content-Type: application/json; charset=utf-8
host: localhost:17186
accept: */*

Response DefaultHttpResponse(decodeResult: success, version: HTTP/1.1)
HTTP/1.1 200 OK
Content-Length: 88
Content-Type: application/json; charset=utf-8
cache-control: no-cache

18:03:38.134 [AsyncHttpClient-1-3] DEBUG org.asynchttpclient.netty.channel.ChannelManager - Adding key: http://localhost:17186 for channel [id: 0xe18f9582, L:/127.0.0.1:56617 - R:localhost/127.0.0.1:17186]
18:03:38.136 [Forwarding getElementTagName on session 615a523530d0bab443273ff6beee29a5 to remote] DEBUG org.asynchttpclient.netty.request.NettyRequestSender - Using pooled Channel '[id: 0xe18f9582, L:/127.0.0.1:56617 - R:localhost/127.0.0.1:17186]' for 'GET' to 'http://localhost:17186/session/615a523530d0bab443273ff6beee29a5/element/47842595-c7ad-4195-aead-047aba2a9084/name'
18:03:38.136 [Forwarding getElementTagName on session 615a523530d0bab443273ff6beee29a5 to remote] DEBUG org.asynchttpclient.netty.request.NettyRequestSender - Using open Channel [id: 0xe18f9582, L:/127.0.0.1:56617 - R:localhost/127.0.0.1:17186] for GET '/session/615a523530d0bab443273ff6beee29a5/element/47842595-c7ad-4195-aead-047aba2a9084/name'
18:03:38.142 [AsyncHttpClient-1-3] DEBUG org.asynchttpclient.netty.handler.HttpHandler - 

Request DefaultFullHttpRequest(decodeResult: success, version: HTTP/1.1, content: EmptyByteBufBE)
GET /session/615a523530d0bab443273ff6beee29a5/element/47842595-c7ad-4195-aead-047aba2a9084/name HTTP/1.1
User-Agent: selenium/4.8.1 (java windows)
Cache-Control: no-cache
Content-Type: application/json; charset=utf-8
host: localhost:17186
accept: */*

Response DefaultHttpResponse(decodeResult: success, version: HTTP/1.1)
HTTP/1.1 200 OK
Content-Length: 15
Content-Type: application/json; charset=utf-8
cache-control: no-cache

18:03:38.142 [AsyncHttpClient-1-3] DEBUG org.asynchttpclient.netty.channel.ChannelManager - Adding key: http://localhost:17186 for channel [id: 0xe18f9582, L:/127.0.0.1:56617 - R:localhost/127.0.0.1:17186]
18:03:38.143 [Forwarding getElementTagName on session 615a523530d0bab443273ff6beee29a5 to remote] DEBUG org.asynchttpclient.netty.request.NettyRequestSender - Using pooled Channel '[id: 0xe18f9582, L:/127.0.0.1:56617 - R:localhost/127.0.0.1:17186]' for 'GET' to 'http://localhost:17186/session/615a523530d0bab443273ff6beee29a5/element/47842595-c7ad-4195-aead-047aba2a9084/name'
18:03:38.143 [Forwarding getElementTagName on session 615a523530d0bab443273ff6beee29a5 to remote] DEBUG org.asynchttpclient.netty.request.NettyRequestSender - Using open Channel [id: 0xe18f9582, L:/127.0.0.1:56617 - R:localhost/127.0.0.1:17186] for GET '/session/615a523530d0bab443273ff6beee29a5/element/47842595-c7ad-4195-aead-047aba2a9084/name'
18:03:38.147 [AsyncHttpClient-1-3] DEBUG org.asynchttpclient.netty.handler.HttpHandler - 

Request DefaultFullHttpRequest(decodeResult: success, version: HTTP/1.1, content: EmptyByteBufBE)
GET /session/615a523530d0bab443273ff6beee29a5/element/47842595-c7ad-4195-aead-047aba2a9084/name HTTP/1.1
User-Agent: selenium/4.8.1 (java windows)
Cache-Control: no-cache
Content-Type: application/json; charset=utf-8
host: localhost:17186
accept: */*

Response DefaultHttpResponse(decodeResult: success, version: HTTP/1.1)
HTTP/1.1 200 OK
Content-Length: 15
Content-Type: application/json; charset=utf-8
cache-control: no-cache

18:03:38.147 [AsyncHttpClient-1-3] DEBUG org.asynchttpclient.netty.channel.ChannelManager - Adding key: http://localhost:17186 for channel [id: 0xe18f9582, L:/127.0.0.1:56617 - R:localhost/127.0.0.1:17186]
18:03:38.149 [Forwarding findElement on session 615a523530d0bab443273ff6beee29a5 to remote] DEBUG org.asynchttpclient.netty.request.NettyRequestSender - Using pooled Channel '[id: 0xe18f9582, L:/127.0.0.1:56617 - R:localhost/127.0.0.1:17186]' for 'POST' to 'http://localhost:17186/session/615a523530d0bab443273ff6beee29a5/element'
18:03:38.149 [Forwarding findElement on session 615a523530d0bab443273ff6beee29a5 to remote] DEBUG org.asynchttpclient.netty.request.NettyRequestSender - Using open Channel [id: 0xe18f9582, L:/127.0.0.1:56617 - R:localhost/127.0.0.1:17186] for POST '/session/615a523530d0bab443273ff6beee29a5/element'
18:03:38.183 [AsyncHttpClient-1-3] DEBUG org.asynchttpclient.netty.handler.HttpHandler - 

Request DefaultHttpRequest(decodeResult: success, version: HTTP/1.1)
POST /session/615a523530d0bab443273ff6beee29a5/element HTTP/1.1
User-Agent: selenium/4.8.1 (java windows)
Content-Length: 71
Content-Type: application/json; charset=utf-8
host: localhost:17186
accept: */*

Response DefaultHttpResponse(decodeResult: success, version: HTTP/1.1)
HTTP/1.1 200 OK
Content-Length: 88
Content-Type: application/json; charset=utf-8
cache-control: no-cache

18:03:38.183 [AsyncHttpClient-1-3] DEBUG org.asynchttpclient.netty.channel.ChannelManager - Adding key: http://localhost:17186 for channel [id: 0xe18f9582, L:/127.0.0.1:56617 - R:localhost/127.0.0.1:17186]
18:03:38.184 [Forwarding clickElement on session 615a523530d0bab443273ff6beee29a5 to remote] DEBUG org.asynchttpclient.netty.request.NettyRequestSender - Using pooled Channel '[id: 0xe18f9582, L:/127.0.0.1:56617 - R:localhost/127.0.0.1:17186]' for 'POST' to 'http://localhost:17186/session/615a523530d0bab443273ff6beee29a5/element/47842595-c7ad-4195-aead-047aba2a9084/click'
18:03:38.184 [Forwarding clickElement on session 615a523530d0bab443273ff6beee29a5 to remote] DEBUG org.asynchttpclient.netty.request.NettyRequestSender - Using open Channel [id: 0xe18f9582, L:/127.0.0.1:56617 - R:localhost/127.0.0.1:17186] for POST '/session/615a523530d0bab443273ff6beee29a5/element/47842595-c7ad-4195-aead-047aba2a9084/click'
18:03:38.373 [AsyncHttpClient-1-3] DEBUG org.asynchttpclient.netty.handler.HttpHandler - 

Request DefaultHttpRequest(decodeResult: success, version: HTTP/1.1)
POST /session/615a523530d0bab443273ff6beee29a5/element/47842595-c7ad-4195-aead-047aba2a9084/click HTTP/1.1
User-Agent: selenium/4.8.1 (java windows)
Content-Length: 50
Content-Type: application/json; charset=utf-8
host: localhost:17186
accept: */*

Response DefaultHttpResponse(decodeResult: success, version: HTTP/1.1)
HTTP/1.1 200 OK
Content-Length: 14
Content-Type: application/json; charset=utf-8
cache-control: no-cache

18:03:38.373 [AsyncHttpClient-1-3] DEBUG org.asynchttpclient.netty.channel.ChannelManager - Adding key: http://localhost:17186 for channel [id: 0xe18f9582, L:/127.0.0.1:56617 - R:localhost/127.0.0.1:17186]
18:03:38.379 [Forwarding getAlertText on session 615a523530d0bab443273ff6beee29a5 to remote] DEBUG org.asynchttpclient.netty.request.NettyRequestSender - Using pooled Channel '[id: 0xe18f9582, L:/127.0.0.1:56617 - R:localhost/127.0.0.1:17186]' for 'GET' to 'http://localhost:17186/session/615a523530d0bab443273ff6beee29a5/alert/text'
18:03:38.379 [Forwarding getAlertText on session 615a523530d0bab443273ff6beee29a5 to remote] DEBUG org.asynchttpclient.netty.request.NettyRequestSender - Using open Channel [id: 0xe18f9582, L:/127.0.0.1:56617 - R:localhost/127.0.0.1:17186] for GET '/session/615a523530d0bab443273ff6beee29a5/alert/text'
18:03:38.380 [AsyncHttpClient-1-3] DEBUG org.asynchttpclient.netty.handler.HttpHandler - 

Request DefaultFullHttpRequest(decodeResult: success, version: HTTP/1.1, content: EmptyByteBufBE)
GET /session/615a523530d0bab443273ff6beee29a5/alert/text HTTP/1.1
User-Agent: selenium/4.8.1 (java windows)
Cache-Control: no-cache
Content-Type: application/json; charset=utf-8
host: localhost:17186
accept: */*

Response DefaultHttpResponse(decodeResult: success, version: HTTP/1.1)
HTTP/1.1 404 Not Found
Content-Length: 848
Content-Type: application/json; charset=utf-8
cache-control: no-cache

18:03:38.380 [AsyncHttpClient-1-3] DEBUG org.asynchttpclient.netty.channel.ChannelManager - Adding key: http://localhost:17186 for channel [id: 0xe18f9582, L:/127.0.0.1:56617 - R:localhost/127.0.0.1:17186]
18:03:38.381 [Forwarding getCurrentUrl on session 615a523530d0bab443273ff6beee29a5 to remote] DEBUG org.asynchttpclient.netty.request.NettyRequestSender - Using pooled Channel '[id: 0xe18f9582, L:/127.0.0.1:56617 - R:localhost/127.0.0.1:17186]' for 'GET' to 'http://localhost:17186/session/615a523530d0bab443273ff6beee29a5/url'
18:03:38.381 [Forwarding getCurrentUrl on session 615a523530d0bab443273ff6beee29a5 to remote] DEBUG org.asynchttpclient.netty.request.NettyRequestSender - Using open Channel [id: 0xe18f9582, L:/127.0.0.1:56617 - R:localhost/127.0.0.1:17186] for GET '/session/615a523530d0bab443273ff6beee29a5/url'
18:03:38.384 [AsyncHttpClient-1-3] DEBUG org.asynchttpclient.netty.handler.HttpHandler - 

Request DefaultFullHttpRequest(decodeResult: success, version: HTTP/1.1, content: EmptyByteBufBE)
GET /session/615a523530d0bab443273ff6beee29a5/url HTTP/1.1
User-Agent: selenium/4.8.1 (java windows)
Cache-Control: no-cache
Content-Type: application/json; charset=utf-8
host: localhost:17186
accept: */*

Response DefaultHttpResponse(decodeResult: success, version: HTTP/1.1)
HTTP/1.1 200 OK
Content-Length: 51
Content-Type: application/json; charset=utf-8
cache-control: no-cache

18:03:38.384 [AsyncHttpClient-1-3] DEBUG org.asynchttpclient.netty.channel.ChannelManager - Adding key: http://localhost:17186 for channel [id: 0xe18f9582, L:/127.0.0.1:56617 - R:localhost/127.0.0.1:17186]
18:03:38.385 [Forwarding screenshot on session 615a523530d0bab443273ff6beee29a5 to remote] DEBUG org.asynchttpclient.netty.request.NettyRequestSender - Using pooled Channel '[id: 0xe18f9582, L:/127.0.0.1:56617 - R:localhost/127.0.0.1:17186]' for 'GET' to 'http://localhost:17186/session/615a523530d0bab443273ff6beee29a5/screenshot'
18:03:38.385 [Forwarding screenshot on session 615a523530d0bab443273ff6beee29a5 to remote] DEBUG org.asynchttpclient.netty.request.NettyRequestSender - Using open Channel [id: 0xe18f9582, L:/127.0.0.1:56617 - R:localhost/127.0.0.1:17186] for GET '/session/615a523530d0bab443273ff6beee29a5/screenshot'
18:03:38.447 [AsyncHttpClient-1-1] DEBUG org.asynchttpclient.netty.channel.DefaultChannelPool - Entry count for : http://localhost:56619 : 1
18:03:38.472 [AsyncHttpClient-1-3] DEBUG org.asynchttpclient.netty.handler.HttpHandler - 

Request DefaultFullHttpRequest(decodeResult: success, version: HTTP/1.1, content: EmptyByteBufBE)
GET /session/615a523530d0bab443273ff6beee29a5/screenshot HTTP/1.1
User-Agent: selenium/4.8.1 (java windows)
Cache-Control: no-cache
Content-Type: application/json; charset=utf-8
host: localhost:17186
accept: */*

Response DefaultHttpResponse(decodeResult: success, version: HTTP/1.1)
HTTP/1.1 200 OK
Content-Length: 25060
Content-Type: application/json; charset=utf-8
cache-control: no-cache

18:03:38.472 [AsyncHttpClient-1-3] DEBUG org.asynchttpclient.netty.channel.ChannelManager - Adding key: http://localhost:17186 for channel [id: 0xe18f9582, L:/127.0.0.1:56617 - R:localhost/127.0.0.1:17186]
18:03:38.474 [main] DEBUG net.serenitybdd.core.photography.Darkroom - Send negative for processing for target\site\serenity\1db263dd5c04c8fe15e82ee6420144d4e1e7b9826b9315cfd7ec5b5d0da76045.png
18:03:38.474 [main] DEBUG net.thucydides.core.steps.StepInterceptor - STEP DONE: user click logout
  &amp#27;[32mAnd &amp#27;[0m&amp#27;[32muser click logout&amp#27;[0m                                &amp#27;[90m# starter.stepdefinition.LogoutStep.userClickLogout()&amp#27;[0m
18:03:38.555 [main] DEBUG net.thucydides.core.steps.StepInterceptor - STARTING STEP: RegisterStep.userSeeLoginHomepage - user see login homepage
18:03:38.557 [Forwarding findElement on session 615a523530d0bab443273ff6beee29a5 to remote] DEBUG org.asynchttpclient.netty.request.NettyRequestSender - Using pooled Channel '[id: 0xe18f9582, L:/127.0.0.1:56617 - R:localhost/127.0.0.1:17186]' for 'POST' to 'http://localhost:17186/session/615a523530d0bab443273ff6beee29a5/element'
18:03:38.557 [Forwarding findElement on session 615a523530d0bab443273ff6beee29a5 to remote] DEBUG org.asynchttpclient.netty.request.NettyRequestSender - Using open Channel [id: 0xe18f9582, L:/127.0.0.1:56617 - R:localhost/127.0.0.1:17186] for POST '/session/615a523530d0bab443273ff6beee29a5/element'
18:03:38.568 [AsyncHttpClient-1-3] DEBUG org.asynchttpclient.netty.handler.HttpHandler - 

Request DefaultHttpRequest(decodeResult: success, version: HTTP/1.1)
POST /session/615a523530d0bab443273ff6beee29a5/element HTTP/1.1
User-Agent: selenium/4.8.1 (java windows)
Content-Length: 90
Content-Type: application/json; charset=utf-8
host: localhost:17186
accept: */*

Response DefaultHttpResponse(decodeResult: success, version: HTTP/1.1)
HTTP/1.1 200 OK
Content-Length: 88
Content-Type: application/json; charset=utf-8
cache-control: no-cache

18:03:38.568 [AsyncHttpClient-1-3] DEBUG org.asynchttpclient.netty.channel.ChannelManager - Adding key: http://localhost:17186 for channel [id: 0xe18f9582, L:/127.0.0.1:56617 - R:localhost/127.0.0.1:17186]
18:03:38.571 [Forwarding isElementDisplayed on session 615a523530d0bab443273ff6beee29a5 to remote] DEBUG org.asynchttpclient.netty.request.NettyRequestSender - Using pooled Channel '[id: 0xe18f9582, L:/127.0.0.1:56617 - R:localhost/127.0.0.1:17186]' for 'POST' to 'http://localhost:17186/session/615a523530d0bab443273ff6beee29a5/execute/sync'
18:03:38.571 [Forwarding isElementDisplayed on session 615a523530d0bab443273ff6beee29a5 to remote] DEBUG org.asynchttpclient.netty.request.NettyRequestSender - Using open Channel [id: 0xe18f9582, L:/127.0.0.1:56617 - R:localhost/127.0.0.1:17186] for POST '/session/615a523530d0bab443273ff6beee29a5/execute/sync'
18:03:38.583 [AsyncHttpClient-1-3] DEBUG org.asynchttpclient.netty.handler.HttpHandler - 

Request DefaultHttpRequest(decodeResult: success, version: HTTP/1.1)
POST /session/615a523530d0bab443273ff6beee29a5/execute/sync HTTP/1.1
User-Agent: selenium/4.8.1 (java windows)
Content-Length: 48807
Content-Type: application/json; charset=utf-8
host: localhost:17186
accept: */*

Response DefaultHttpResponse(decodeResult: success, version: HTTP/1.1)
HTTP/1.1 200 OK
Content-Length: 14
Content-Type: application/json; charset=utf-8
cache-control: no-cache

18:03:38.583 [AsyncHttpClient-1-3] DEBUG org.asynchttpclient.netty.channel.ChannelManager - Adding key: http://localhost:17186 for channel [id: 0xe18f9582, L:/127.0.0.1:56617 - R:localhost/127.0.0.1:17186]
18:03:38.588 [Forwarding getAlertText on session 615a523530d0bab443273ff6beee29a5 to remote] DEBUG org.asynchttpclient.netty.request.NettyRequestSender - Using pooled Channel '[id: 0xe18f9582, L:/127.0.0.1:56617 - R:localhost/127.0.0.1:17186]' for 'GET' to 'http://localhost:17186/session/615a523530d0bab443273ff6beee29a5/alert/text'
18:03:38.588 [Forwarding getAlertText on session 615a523530d0bab443273ff6beee29a5 to remote] DEBUG org.asynchttpclient.netty.request.NettyRequestSender - Using open Channel [id: 0xe18f9582, L:/127.0.0.1:56617 - R:localhost/127.0.0.1:17186] for GET '/session/615a523530d0bab443273ff6beee29a5/alert/text'
18:03:38.590 [AsyncHttpClient-1-3] DEBUG org.asynchttpclient.netty.handler.HttpHandler - 

Request DefaultFullHttpRequest(decodeResult: success, version: HTTP/1.1, content: EmptyByteBufBE)
GET /session/615a523530d0bab443273ff6beee29a5/alert/text HTTP/1.1
User-Agent: selenium/4.8.1 (java windows)
Cache-Control: no-cache
Content-Type: application/json; charset=utf-8
host: localhost:17186
accept: */*

Response DefaultHttpResponse(decodeResult: success, version: HTTP/1.1)
HTTP/1.1 404 Not Found
Content-Length: 848
Content-Type: application/json; charset=utf-8
cache-control: no-cache

18:03:38.590 [AsyncHttpClient-1-3] DEBUG org.asynchttpclient.netty.channel.ChannelManager - Adding key: http://localhost:17186 for channel [id: 0xe18f9582, L:/127.0.0.1:56617 - R:localhost/127.0.0.1:17186]
18:03:38.591 [Forwarding getCurrentUrl on session 615a523530d0bab443273ff6beee29a5 to remote] DEBUG org.asynchttpclient.netty.request.NettyRequestSender - Using pooled Channel '[id: 0xe18f9582, L:/127.0.0.1:56617 - R:localhost/127.0.0.1:17186]' for 'GET' to 'http://localhost:17186/session/615a523530d0bab443273ff6beee29a5/url'
18:03:38.591 [Forwarding getCurrentUrl on session 615a523530d0bab443273ff6beee29a5 to remote] DEBUG org.asynchttpclient.netty.request.NettyRequestSender - Using open Channel [id: 0xe18f9582, L:/127.0.0.1:56617 - R:localhost/127.0.0.1:17186] for GET '/session/615a523530d0bab443273ff6beee29a5/url'
18:03:38.594 [AsyncHttpClient-1-3] DEBUG org.asynchttpclient.netty.handler.HttpHandler - 

Request DefaultFullHttpRequest(decodeResult: success, version: HTTP/1.1, content: EmptyByteBufBE)
GET /session/615a523530d0bab443273ff6beee29a5/url HTTP/1.1
User-Agent: selenium/4.8.1 (java windows)
Cache-Control: no-cache
Content-Type: application/json; charset=utf-8
host: localhost:17186
accept: */*

Response DefaultHttpResponse(decodeResult: success, version: HTTP/1.1)
HTTP/1.1 200 OK
Content-Length: 51
Content-Type: application/json; charset=utf-8
cache-control: no-cache

18:03:38.594 [AsyncHttpClient-1-3] DEBUG org.asynchttpclient.netty.channel.ChannelManager - Adding key: http://localhost:17186 for channel [id: 0xe18f9582, L:/127.0.0.1:56617 - R:localhost/127.0.0.1:17186]
18:03:38.594 [Forwarding screenshot on session 615a523530d0bab443273ff6beee29a5 to remote] DEBUG org.asynchttpclient.netty.request.NettyRequestSender - Using pooled Channel '[id: 0xe18f9582, L:/127.0.0.1:56617 - R:localhost/127.0.0.1:17186]' for 'GET' to 'http://localhost:17186/session/615a523530d0bab443273ff6beee29a5/screenshot'
18:03:38.594 [Forwarding screenshot on session 615a523530d0bab443273ff6beee29a5 to remote] DEBUG org.asynchttpclient.netty.request.NettyRequestSender - Using open Channel [id: 0xe18f9582, L:/127.0.0.1:56617 - R:localhost/127.0.0.1:17186] for GET '/session/615a523530d0bab443273ff6beee29a5/screenshot'
18:03:38.671 [AsyncHttpClient-1-3] DEBUG org.asynchttpclient.netty.handler.HttpHandler - 

Request DefaultFullHttpRequest(decodeResult: success, version: HTTP/1.1, content: EmptyByteBufBE)
GET /session/615a523530d0bab443273ff6beee29a5/screenshot HTTP/1.1
User-Agent: selenium/4.8.1 (java windows)
Cache-Control: no-cache
Content-Type: application/json; charset=utf-8
host: localhost:17186
accept: */*

Response DefaultHttpResponse(decodeResult: success, version: HTTP/1.1)
HTTP/1.1 200 OK
Content-Length: 25060
Content-Type: application/json; charset=utf-8
cache-control: no-cache

18:03:38.671 [AsyncHttpClient-1-3] DEBUG org.asynchttpclient.netty.channel.ChannelManager - Adding key: http://localhost:17186 for channel [id: 0xe18f9582, L:/127.0.0.1:56617 - R:localhost/127.0.0.1:17186]
18:03:38.673 [main] DEBUG net.serenitybdd.core.photography.Darkroom - Send negative for processing for target\site\serenity\1db263dd5c04c8fe15e82ee6420144d4e1e7b9826b9315cfd7ec5b5d0da76045.png
18:03:38.673 [main] DEBUG net.thucydides.core.steps.StepInterceptor - STEP DONE: user see login homepage
  &amp#27;[32mThen &amp#27;[0m&amp#27;[32muser see login homepage&amp#27;[0m                         &amp#27;[90m# starter.stepdefinition.RegisterStep.userSeeLoginHomepage()&amp#27;[0m
18:03:38.680 [main] INFO  - 
  _____   ___   ___   _____     ___     _     ___   ___   ___   ___  
 |_   _| | __| / __| |_   _|   | _ \   /_\   / __| / __| | __| |   \ 
   | |   | _|  \__ \   | |     |  _/  / _ \  \__ \ \__ \ | _|  | |) |
   |_|   |___| |___/   |_|     |_|   /_/ \_\ |___/ |___/ |___| |___/ 

As a user I want to logout to end my session
----------------------------------------------------------------------
18:03:38.682 [AsyncHttpClient-1-5] DEBUG org.asynchttpclient.netty.handler.WebSocketHandler - Channel Closed: [id: 0x562740be, L:/127.0.0.1:56629 ! R:localhost/127.0.0.1:56619] with attribute NettyResponseFuture{currentRetry=0,
	isDone=1,
	isCancelled=0,
	asyncHandler=org.asynchttpclient.ws.WebSocketUpgradeHandler@77cdff42,
	nettyRequest=org.asynchttpclient.netty.request.NettyRequest@7ac23f7a,
	future=java.util.concurrent.CompletableFuture@7857ea37[Completed normally],
	uri=ws://localhost:56619/devtools/browser/c1e70fc0-1748-4872-9774-ba93d1302572,
	keepAlive=true,
	redirectCount=0,
	timeoutsHolder=null,
	inAuth=0,
	touch=1683543812159}
18:03:38.682 [AsyncHttpClient-1-5] DEBUG org.asynchttpclient.netty.channel.ChannelManager - Closing Channel [id: 0x562740be, L:/127.0.0.1:56629 ! R:localhost/127.0.0.1:56619] 
18:03:38.682 [Driver Command Executor] DEBUG org.asynchttpclient.netty.request.NettyRequestSender - Using pooled Channel '[id: 0xe18f9582, L:/127.0.0.1:56617 - R:localhost/127.0.0.1:17186]' for 'DELETE' to 'http://localhost:17186/session/615a523530d0bab443273ff6beee29a5'
18:03:38.682 [Driver Command Executor] DEBUG org.asynchttpclient.netty.request.NettyRequestSender - Using open Channel [id: 0xe18f9582, L:/127.0.0.1:56617 - R:localhost/127.0.0.1:17186] for DELETE '/session/615a523530d0bab443273ff6beee29a5'
18:03:38.913 [AsyncHttpClient-1-4] DEBUG org.asynchttpclient.netty.handler.HttpHandler - Unexpected I/O exception on channel [id: 0xb7487fdb, L:/127.0.0.1:56628 - R:localhost/127.0.0.1:56619]
java.io.IOException: An existing connection was forcibly closed by the remote host
	at sun.nio.ch.SocketDispatcher.read0(Native Method)
	at sun.nio.ch.SocketDispatcher.read(SocketDispatcher.java:43)
	at sun.nio.ch.IOUtil.readIntoNativeBuffer(IOUtil.java:223)
	at sun.nio.ch.IOUtil.read(IOUtil.java:192)
	at sun.nio.ch.SocketChannelImpl.read(SocketChannelImpl.java:378)
	at io.netty.buffer.PooledByteBuf.setBytes(PooledByteBuf.java:259)
	at io.netty.buffer.AbstractByteBuf.writeBytes(AbstractByteBuf.java:1132)
	at io.netty.channel.socket.nio.NioSocketChannel.doReadBytes(NioSocketChannel.java:357)
	at io.netty.channel.nio.AbstractNioByteChannel$NioByteUnsafe.read(AbstractNioByteChannel.java:151)
	at io.netty.channel.nio.NioEventLoop.processSelectedKey(NioEventLoop.java:788)
	at io.netty.channel.nio.NioEventLoop.processSelectedKeysOptimized(NioEventLoop.java:724)
	at io.netty.channel.nio.NioEventLoop.processSelectedKeys(NioEventLoop.java:650)
	at io.netty.channel.nio.NioEventLoop.run(NioEventLoop.java:562)
	at io.netty.util.concurrent.SingleThreadEventExecutor$4.run(SingleThreadEventExecutor.java:997)
	at io.netty.util.internal.ThreadExecutorMap$2.run(ThreadExecutorMap.java:74)
	at io.netty.util.concurrent.FastThreadLocalRunnable.run(FastThreadLocalRunnable.java:30)
	at java.lang.Thread.run(Thread.java:748)
18:03:38.913 [AsyncHttpClient-1-4] DEBUG org.asynchttpclient.netty.channel.ChannelManager - Closing Channel [id: 0xb7487fdb, L:/127.0.0.1:56628 - R:localhost/127.0.0.1:56619] 
18:03:38.914 [AsyncHttpClient-1-4] DEBUG org.asynchttpclient.netty.handler.HttpHandler - Channel Closed: [id: 0xb7487fdb, L:/127.0.0.1:56628 ! R:localhost/127.0.0.1:56619] with attribute DISCARD
18:03:38.933 [AsyncHttpClient-1-3] DEBUG org.asynchttpclient.netty.handler.HttpHandler - 

Request DefaultFullHttpRequest(decodeResult: success, version: HTTP/1.1, content: EmptyByteBufBE)
DELETE /session/615a523530d0bab443273ff6beee29a5 HTTP/1.1
User-Agent: selenium/4.8.1 (java windows)
Content-Type: application/json; charset=utf-8
host: localhost:17186
accept: */*

Response DefaultHttpResponse(decodeResult: success, version: HTTP/1.1)
HTTP/1.1 200 OK
Content-Length: 14
Content-Type: application/json; charset=utf-8
cache-control: no-cache

18:03:38.933 [AsyncHttpClient-1-3] DEBUG org.asynchttpclient.netty.channel.ChannelManager - Adding key: http://localhost:17186 for channel [id: 0xe18f9582, L:/127.0.0.1:56617 - R:localhost/127.0.0.1:17186]
18:03:38.990 [AsyncHttpClient-1-3] DEBUG org.asynchttpclient.netty.handler.HttpHandler - Channel Closed: [id: 0xe18f9582, L:/127.0.0.1:56617 ! R:localhost/127.0.0.1:17186] with attribute DISCARD
]]></system-out>
    <system-err><![CDATA[Starting ChromeDriver 112.0.5615.49 (bd2a7bcb881c11e8cfe3078709382934e3916914-refs/branch-heads/5615@{#936}) on port 17186
Only local connections are allowed.
Please see https://chromedriver.chromium.org/security-considerations for suggestions on keeping ChromeDriver safe.
ChromeDriver was started successfully.
May 08, 2023 6:03:32 PM org.openqa.selenium.devtools.CdpVersionFinder findNearestMatch
WARNING: Unable to find an exact match for CDP version 112, so returning the closest version found: 110
]]></system-err>
  </testcase>
  <testcase name="As a user, I want to buy some product" classname="Product - As a user I want to buying a product So that I have to select product" time="10.937">
    <system-out><![CDATA[18:03:39.821 [main] DEBUG io.cucumber.core.plugin.SerenityReporter - Running feature from file:///C:/Users/user/IdeaProjects/QE_Devi%20Agustin%20Utari_Mini_Project/Web_Automation_AltaShop/src/test/resources/features/Product.feature
18:03:39.824 [main] DEBUG net.thucydides.core.steps.StepEventBus - Test suite started for story net.thucydides.core.model.Story@af0a1d2a
18:03:39.825 [main] INFO  - Test Suite Started: Product - As a user I want to buying a product So that I have to select product

@TC_Product_001
Scenario: As a user, I want to buy some product &amp#27;[90m# src/test/resources/features/Product.feature:4&amp#27;[0m
18:03:39.875 [main] DEBUG io.cucumber.core.plugin.SerenityReporter - Running feature from file:///C:/Users/user/IdeaProjects/QE_Devi%20Agustin%20Utari_Mini_Project/Web_Automation_AltaShop/src/test/resources/features/Product.feature
18:03:39.877 [main] INFO  - 
  _____   ___   ___   _____     ___   _____     _     ___   _____   ___   ___  
 |_   _| | __| / __| |_   _|   / __| |_   _|   /_\   | _ \ |_   _| | __| |   \ 
   | |   | _|  \__ \   | |     \__ \   | |    / _ \  |   /   | |   | _|  | |) |
   |_|   |___| |___/   |_|     |___/   |_|   /_/ \_\ |_|_\   |_|   |___| |___/ 

As a user, I want to buy some product(product---as-a-user-i-want-to-buying-a-product-so-that-i-have-to-select-product;as-a-user--i-want-to-buy-some-product)
--------------------------------------------------------------------------------
18:03:39.910 [main] DEBUG net.thucydides.core.steps.StepInterceptor - STARTING STEP: LoginStep.userSuccessLogin - user on login page
18:03:39.913 [AsyncHttpClient-1-1] DEBUG org.asynchttpclient.netty.channel.DefaultChannelPool - Entry count for : http://localhost:56619 : 1
18:03:39.913 [AsyncHttpClient-1-1] DEBUG org.asynchttpclient.netty.channel.DefaultChannelPool - Entry count for : http://localhost:17186 : 1
18:03:39.913 [AsyncHttpClient-1-1] DEBUG org.asynchttpclient.netty.channel.DefaultChannelPool - Adding Candidate expired Channel [id: 0xb7487fdb, L:/127.0.0.1:56628 ! R:localhost/127.0.0.1:56619] isIdleTimeoutExpired=false isRemotelyClosed=true isTtlExpired=false
18:03:39.913 [AsyncHttpClient-1-1] DEBUG org.asynchttpclient.netty.channel.DefaultChannelPool - Closing Idle Channel [id: 0xb7487fdb, L:/127.0.0.1:56628 ! R:localhost/127.0.0.1:56619]
18:03:39.913 [AsyncHttpClient-1-1] DEBUG org.asynchttpclient.netty.channel.DefaultChannelPool - Adding Candidate expired Channel [id: 0xe18f9582, L:/127.0.0.1:56617 ! R:localhost/127.0.0.1:17186] isIdleTimeoutExpired=false isRemotelyClosed=true isTtlExpired=false
18:03:39.913 [AsyncHttpClient-1-1] DEBUG org.asynchttpclient.netty.channel.DefaultChannelPool - Closing Idle Channel [id: 0xe18f9582, L:/127.0.0.1:56617 ! R:localhost/127.0.0.1:17186]
18:03:39.913 [AsyncHttpClient-1-1] DEBUG org.asynchttpclient.netty.channel.DefaultChannelPool - Closed 2 connections out of 2 in 0 ms
18:03:40.104 [main] INFO net.serenitybdd.core.webdriver.driverproviders.ChromeDriverProvider - Starting Chrome driver instance with capabilities:
18:03:40.105 [main] INFO net.serenitybdd.core.webdriver.driverproviders.ChromeDriverProvider - Capabilities {acceptInsecureCerts: true, browserName: chrome, goog:chromeOptions: {args: [remote-allow-origins=*, test-type, no-sandbox, ignore-certificate-errors, start-maximized, incognito, disable-infobars, disable-gpu, disable-default-apps, disable-popup-blocking, remote-allow-origins=*, test-type, no-sandbox, ignore-certificate-errors, start-maximized, incognito, disable-infobars, disable-gpu, disable-default-apps, disable-popup-blocking, remote-allow-origins=*], extensions: []}}
18:03:40.852 [AsyncHttpClient-1-6] DEBUG org.asynchttpclient.netty.channel.NettyConnectListener - Using new Channel '[id: 0x74d8e33e, L:/127.0.0.1:56648 - R:localhost/127.0.0.1:40958]' for 'POST' to '/session'
18:03:44.197 [AsyncHttpClient-1-6] DEBUG org.asynchttpclient.netty.handler.HttpHandler - 

Request DefaultHttpRequest(decodeResult: success, version: HTTP/1.1)
POST /session HTTP/1.1
User-Agent: selenium/4.8.1 (java windows)
Content-Length: 1701
Content-Type: application/json; charset=utf-8
host: localhost:40958
accept: */*

Response DefaultHttpResponse(decodeResult: success, version: HTTP/1.1)
HTTP/1.1 200 OK
Content-Length: 843
Content-Type: application/json; charset=utf-8
cache-control: no-cache

18:03:44.197 [AsyncHttpClient-1-6] DEBUG org.asynchttpclient.netty.channel.ChannelManager - Adding key: http://localhost:40958 for channel [id: 0x74d8e33e, L:/127.0.0.1:56648 - R:localhost/127.0.0.1:40958]
18:03:44.201 [AsyncHttpClient-1-7] DEBUG org.asynchttpclient.netty.channel.NettyConnectListener - Using new Channel '[id: 0xc8e7b8c0, L:/127.0.0.1:56655 - R:localhost/127.0.0.1:56650]' for 'GET' to '/json/version'
18:03:44.202 [AsyncHttpClient-1-7] DEBUG org.asynchttpclient.netty.handler.HttpHandler - 

Request DefaultFullHttpRequest(decodeResult: success, version: HTTP/1.1, content: EmptyByteBufBE)
GET /json/version HTTP/1.1
User-Agent: selenium/4.8.1 (java windows)
host: localhost:56650
accept: */*

Response DefaultHttpResponse(decodeResult: success, version: HTTP/1.1)
HTTP/1.1 200 OK
Content-Security-Policy: frame-ancestors 'none'
Content-Length: 424
Content-Type: application/json; charset=UTF-8

18:03:44.202 [AsyncHttpClient-1-7] DEBUG org.asynchttpclient.netty.channel.ChannelManager - Adding key: http://localhost:56650 for channel [id: 0xc8e7b8c0, L:/127.0.0.1:56655 - R:localhost/127.0.0.1:56650]
18:03:44.204 [AsyncHttpClient-1-8] DEBUG org.asynchttpclient.netty.channel.NettyConnectListener - Using new Channel '[id: 0x1f2eeb9a, L:/127.0.0.1:56656 - R:localhost/127.0.0.1:56650]' for 'GET' to '/devtools/browser/cad0246c-96ca-4d9d-85fa-586205915fc7'
18:03:44.205 [AsyncHttpClient-1-8] DEBUG org.asynchttpclient.netty.handler.WebSocketHandler - 

Request DefaultFullHttpRequest(decodeResult: success, version: HTTP/1.1, content: EmptyByteBufBE)
GET /devtools/browser/cad0246c-96ca-4d9d-85fa-586205915fc7 HTTP/1.1
upgrade: websocket
connection: upgrade
sec-websocket-key: 8GHluCQZZmo1nw0vifybfw==
sec-websocket-version: 13
origin: http://localhost:56650
host: localhost:56650
accept: */*
user-agent: AHC/2.1

Response DefaultHttpResponse(decodeResult: success, version: HTTP/1.1)
HTTP/1.1 101 WebSocket Protocol Handshake
Upgrade: WebSocket
Connection: Upgrade
Sec-WebSocket-Accept: kzQNOSQ/C3Bmhl8gBkZBcYqqrDc=

18:03:44.214 [Forwarding get on session d354349b70eeb49dcba764c7d058f7f1 to remote] DEBUG org.asynchttpclient.netty.request.NettyRequestSender - Using pooled Channel '[id: 0x74d8e33e, L:/127.0.0.1:56648 - R:localhost/127.0.0.1:40958]' for 'POST' to 'http://localhost:40958/session/d354349b70eeb49dcba764c7d058f7f1/url'
18:03:44.214 [Forwarding get on session d354349b70eeb49dcba764c7d058f7f1 to remote] DEBUG org.asynchttpclient.netty.request.NettyRequestSender - Using open Channel [id: 0x74d8e33e, L:/127.0.0.1:56648 - R:localhost/127.0.0.1:40958] for POST '/session/d354349b70eeb49dcba764c7d058f7f1/url'
18:03:44.248 [AsyncHttpClient-1-1] DEBUG org.asynchttpclient.netty.channel.DefaultChannelPool - Entry count for : http://localhost:56650 : 1
18:03:45.356 [AsyncHttpClient-1-1] DEBUG org.asynchttpclient.netty.channel.DefaultChannelPool - Entry count for : http://localhost:56650 : 1
18:03:45.795 [AsyncHttpClient-1-6] DEBUG org.asynchttpclient.netty.handler.HttpHandler - 

Request DefaultHttpRequest(decodeResult: success, version: HTTP/1.1)
POST /session/d354349b70eeb49dcba764c7d058f7f1/url HTTP/1.1
User-Agent: selenium/4.8.1 (java windows)
Content-Length: 74
Content-Type: application/json; charset=utf-8
host: localhost:40958
accept: */*

Response DefaultHttpResponse(decodeResult: success, version: HTTP/1.1)
HTTP/1.1 200 OK
Content-Length: 14
Content-Type: application/json; charset=utf-8
cache-control: no-cache

18:03:45.795 [AsyncHttpClient-1-6] DEBUG org.asynchttpclient.netty.channel.ChannelManager - Adding key: http://localhost:40958 for channel [id: 0x74d8e33e, L:/127.0.0.1:56648 - R:localhost/127.0.0.1:40958]
18:03:45.797 [Forwarding setTimeout on session d354349b70eeb49dcba764c7d058f7f1 to remote] DEBUG org.asynchttpclient.netty.request.NettyRequestSender - Using pooled Channel '[id: 0x74d8e33e, L:/127.0.0.1:56648 - R:localhost/127.0.0.1:40958]' for 'POST' to 'http://localhost:40958/session/d354349b70eeb49dcba764c7d058f7f1/timeouts'
18:03:45.797 [Forwarding setTimeout on session d354349b70eeb49dcba764c7d058f7f1 to remote] DEBUG org.asynchttpclient.netty.request.NettyRequestSender - Using open Channel [id: 0x74d8e33e, L:/127.0.0.1:56648 - R:localhost/127.0.0.1:40958] for POST '/session/d354349b70eeb49dcba764c7d058f7f1/timeouts'
18:03:45.797 [AsyncHttpClient-1-6] DEBUG org.asynchttpclient.netty.handler.HttpHandler - 

Request DefaultHttpRequest(decodeResult: success, version: HTTP/1.1)
POST /session/d354349b70eeb49dcba764c7d058f7f1/timeouts HTTP/1.1
User-Agent: selenium/4.8.1 (java windows)
Content-Length: 22
Content-Type: application/json; charset=utf-8
host: localhost:40958
accept: */*

Response DefaultHttpResponse(decodeResult: success, version: HTTP/1.1)
HTTP/1.1 200 OK
Content-Length: 14
Content-Type: application/json; charset=utf-8
cache-control: no-cache

18:03:45.798 [AsyncHttpClient-1-6] DEBUG org.asynchttpclient.netty.channel.ChannelManager - Adding key: http://localhost:40958 for channel [id: 0x74d8e33e, L:/127.0.0.1:56648 - R:localhost/127.0.0.1:40958]
18:03:45.807 [Forwarding findElement on session d354349b70eeb49dcba764c7d058f7f1 to remote] DEBUG org.asynchttpclient.netty.request.NettyRequestSender - Using pooled Channel '[id: 0x74d8e33e, L:/127.0.0.1:56648 - R:localhost/127.0.0.1:40958]' for 'POST' to 'http://localhost:40958/session/d354349b70eeb49dcba764c7d058f7f1/element'
18:03:45.807 [Forwarding findElement on session d354349b70eeb49dcba764c7d058f7f1 to remote] DEBUG org.asynchttpclient.netty.request.NettyRequestSender - Using open Channel [id: 0x74d8e33e, L:/127.0.0.1:56648 - R:localhost/127.0.0.1:40958] for POST '/session/d354349b70eeb49dcba764c7d058f7f1/element'
18:03:45.827 [AsyncHttpClient-1-6] DEBUG org.asynchttpclient.netty.handler.HttpHandler - 

Request DefaultHttpRequest(decodeResult: success, version: HTTP/1.1)
POST /session/d354349b70eeb49dcba764c7d058f7f1/element HTTP/1.1
User-Agent: selenium/4.8.1 (java windows)
Content-Length: 69
Content-Type: application/json; charset=utf-8
host: localhost:40958
accept: */*

Response DefaultHttpResponse(decodeResult: success, version: HTTP/1.1)
HTTP/1.1 200 OK
Content-Length: 88
Content-Type: application/json; charset=utf-8
cache-control: no-cache

18:03:45.827 [AsyncHttpClient-1-6] DEBUG org.asynchttpclient.netty.channel.ChannelManager - Adding key: http://localhost:40958 for channel [id: 0x74d8e33e, L:/127.0.0.1:56648 - R:localhost/127.0.0.1:40958]
18:03:45.831 [Forwarding isElementDisplayed on session d354349b70eeb49dcba764c7d058f7f1 to remote] DEBUG org.asynchttpclient.netty.request.NettyRequestSender - Using pooled Channel '[id: 0x74d8e33e, L:/127.0.0.1:56648 - R:localhost/127.0.0.1:40958]' for 'POST' to 'http://localhost:40958/session/d354349b70eeb49dcba764c7d058f7f1/execute/sync'
18:03:45.831 [Forwarding isElementDisplayed on session d354349b70eeb49dcba764c7d058f7f1 to remote] DEBUG org.asynchttpclient.netty.request.NettyRequestSender - Using open Channel [id: 0x74d8e33e, L:/127.0.0.1:56648 - R:localhost/127.0.0.1:40958] for POST '/session/d354349b70eeb49dcba764c7d058f7f1/execute/sync'
18:03:45.850 [AsyncHttpClient-1-6] DEBUG org.asynchttpclient.netty.handler.HttpHandler - 

Request DefaultHttpRequest(decodeResult: success, version: HTTP/1.1)
POST /session/d354349b70eeb49dcba764c7d058f7f1/execute/sync HTTP/1.1
User-Agent: selenium/4.8.1 (java windows)
Content-Length: 48807
Content-Type: application/json; charset=utf-8
host: localhost:40958
accept: */*

Response DefaultHttpResponse(decodeResult: success, version: HTTP/1.1)
HTTP/1.1 200 OK
Content-Length: 14
Content-Type: application/json; charset=utf-8
cache-control: no-cache

18:03:45.850 [AsyncHttpClient-1-6] DEBUG org.asynchttpclient.netty.channel.ChannelManager - Adding key: http://localhost:40958 for channel [id: 0x74d8e33e, L:/127.0.0.1:56648 - R:localhost/127.0.0.1:40958]
18:03:45.856 [main] DEBUG net.serenitybdd.core.photography.Darkroom - Opening darkroom
18:03:45.856 [Darkroom Processing Line] DEBUG net.serenitybdd.core.photography.DarkroomProcessingLine - Darkroom processing line starting up
18:03:45.857 [Forwarding getAlertText on session d354349b70eeb49dcba764c7d058f7f1 to remote] DEBUG org.asynchttpclient.netty.request.NettyRequestSender - Using pooled Channel '[id: 0x74d8e33e, L:/127.0.0.1:56648 - R:localhost/127.0.0.1:40958]' for 'GET' to 'http://localhost:40958/session/d354349b70eeb49dcba764c7d058f7f1/alert/text'
18:03:45.857 [Forwarding getAlertText on session d354349b70eeb49dcba764c7d058f7f1 to remote] DEBUG org.asynchttpclient.netty.request.NettyRequestSender - Using open Channel [id: 0x74d8e33e, L:/127.0.0.1:56648 - R:localhost/127.0.0.1:40958] for GET '/session/d354349b70eeb49dcba764c7d058f7f1/alert/text'
18:03:45.859 [AsyncHttpClient-1-6] DEBUG org.asynchttpclient.netty.handler.HttpHandler - 

Request DefaultFullHttpRequest(decodeResult: success, version: HTTP/1.1, content: EmptyByteBufBE)
GET /session/d354349b70eeb49dcba764c7d058f7f1/alert/text HTTP/1.1
User-Agent: selenium/4.8.1 (java windows)
Cache-Control: no-cache
Content-Type: application/json; charset=utf-8
host: localhost:40958
accept: */*

Response DefaultHttpResponse(decodeResult: success, version: HTTP/1.1)
HTTP/1.1 404 Not Found
Content-Length: 848
Content-Type: application/json; charset=utf-8
cache-control: no-cache

18:03:45.859 [AsyncHttpClient-1-6] DEBUG org.asynchttpclient.netty.channel.ChannelManager - Adding key: http://localhost:40958 for channel [id: 0x74d8e33e, L:/127.0.0.1:56648 - R:localhost/127.0.0.1:40958]
18:03:45.860 [Forwarding getCurrentUrl on session d354349b70eeb49dcba764c7d058f7f1 to remote] DEBUG org.asynchttpclient.netty.request.NettyRequestSender - Using pooled Channel '[id: 0x74d8e33e, L:/127.0.0.1:56648 - R:localhost/127.0.0.1:40958]' for 'GET' to 'http://localhost:40958/session/d354349b70eeb49dcba764c7d058f7f1/url'
18:03:45.860 [Forwarding getCurrentUrl on session d354349b70eeb49dcba764c7d058f7f1 to remote] DEBUG org.asynchttpclient.netty.request.NettyRequestSender - Using open Channel [id: 0x74d8e33e, L:/127.0.0.1:56648 - R:localhost/127.0.0.1:40958] for GET '/session/d354349b70eeb49dcba764c7d058f7f1/url'
18:03:45.865 [AsyncHttpClient-1-6] DEBUG org.asynchttpclient.netty.handler.HttpHandler - 

Request DefaultFullHttpRequest(decodeResult: success, version: HTTP/1.1, content: EmptyByteBufBE)
GET /session/d354349b70eeb49dcba764c7d058f7f1/url HTTP/1.1
User-Agent: selenium/4.8.1 (java windows)
Cache-Control: no-cache
Content-Type: application/json; charset=utf-8
host: localhost:40958
accept: */*

Response DefaultHttpResponse(decodeResult: success, version: HTTP/1.1)
HTTP/1.1 200 OK
Content-Length: 51
Content-Type: application/json; charset=utf-8
cache-control: no-cache

18:03:45.866 [AsyncHttpClient-1-6] DEBUG org.asynchttpclient.netty.channel.ChannelManager - Adding key: http://localhost:40958 for channel [id: 0x74d8e33e, L:/127.0.0.1:56648 - R:localhost/127.0.0.1:40958]
18:03:45.866 [Forwarding screenshot on session d354349b70eeb49dcba764c7d058f7f1 to remote] DEBUG org.asynchttpclient.netty.request.NettyRequestSender - Using pooled Channel '[id: 0x74d8e33e, L:/127.0.0.1:56648 - R:localhost/127.0.0.1:40958]' for 'GET' to 'http://localhost:40958/session/d354349b70eeb49dcba764c7d058f7f1/screenshot'
18:03:45.866 [Forwarding screenshot on session d354349b70eeb49dcba764c7d058f7f1 to remote] DEBUG org.asynchttpclient.netty.request.NettyRequestSender - Using open Channel [id: 0x74d8e33e, L:/127.0.0.1:56648 - R:localhost/127.0.0.1:40958] for GET '/session/d354349b70eeb49dcba764c7d058f7f1/screenshot'
18:03:45.985 [AsyncHttpClient-1-6] DEBUG org.asynchttpclient.netty.handler.HttpHandler - 

Request DefaultFullHttpRequest(decodeResult: success, version: HTTP/1.1, content: EmptyByteBufBE)
GET /session/d354349b70eeb49dcba764c7d058f7f1/screenshot HTTP/1.1
User-Agent: selenium/4.8.1 (java windows)
Cache-Control: no-cache
Content-Type: application/json; charset=utf-8
host: localhost:40958
accept: */*

Response DefaultHttpResponse(decodeResult: success, version: HTTP/1.1)
HTTP/1.1 200 OK
Content-Length: 25060
Content-Type: application/json; charset=utf-8
cache-control: no-cache

18:03:45.986 [AsyncHttpClient-1-6] DEBUG org.asynchttpclient.netty.channel.ChannelManager - Adding key: http://localhost:40958 for channel [id: 0x74d8e33e, L:/127.0.0.1:56648 - R:localhost/127.0.0.1:40958]
18:03:45.988 [main] DEBUG net.serenitybdd.core.photography.Darkroom - Send negative for processing for target\site\serenity\1db263dd5c04c8fe15e82ee6420144d4e1e7b9826b9315cfd7ec5b5d0da76045.png
18:03:45.989 [main] DEBUG net.thucydides.core.steps.StepInterceptor - STEP DONE: user on login page
18:03:45.994 [main] DEBUG net.thucydides.core.steps.StepInterceptor - STARTING STEP: LoginStep.userSuccessLogin - user input valid email
18:03:45.998 [Forwarding findElement on session d354349b70eeb49dcba764c7d058f7f1 to remote] DEBUG org.asynchttpclient.netty.request.NettyRequestSender - Using pooled Channel '[id: 0x74d8e33e, L:/127.0.0.1:56648 - R:localhost/127.0.0.1:40958]' for 'POST' to 'http://localhost:40958/session/d354349b70eeb49dcba764c7d058f7f1/element'
18:03:45.998 [Forwarding findElement on session d354349b70eeb49dcba764c7d058f7f1 to remote] DEBUG org.asynchttpclient.netty.request.NettyRequestSender - Using open Channel [id: 0x74d8e33e, L:/127.0.0.1:56648 - R:localhost/127.0.0.1:40958] for POST '/session/d354349b70eeb49dcba764c7d058f7f1/element'
18:03:46.012 [AsyncHttpClient-1-6] DEBUG org.asynchttpclient.netty.handler.HttpHandler - 

Request DefaultHttpRequest(decodeResult: success, version: HTTP/1.1)
POST /session/d354349b70eeb49dcba764c7d058f7f1/element HTTP/1.1
User-Agent: selenium/4.8.1 (java windows)
Content-Length: 55
Content-Type: application/json; charset=utf-8
host: localhost:40958
accept: */*

Response DefaultHttpResponse(decodeResult: success, version: HTTP/1.1)
HTTP/1.1 200 OK
Content-Length: 88
Content-Type: application/json; charset=utf-8
cache-control: no-cache

18:03:46.012 [AsyncHttpClient-1-6] DEBUG org.asynchttpclient.netty.channel.ChannelManager - Adding key: http://localhost:40958 for channel [id: 0x74d8e33e, L:/127.0.0.1:56648 - R:localhost/127.0.0.1:40958]
18:03:46.013 [Forwarding clearElement on session d354349b70eeb49dcba764c7d058f7f1 to remote] DEBUG org.asynchttpclient.netty.request.NettyRequestSender - Using pooled Channel '[id: 0x74d8e33e, L:/127.0.0.1:56648 - R:localhost/127.0.0.1:40958]' for 'POST' to 'http://localhost:40958/session/d354349b70eeb49dcba764c7d058f7f1/element/0f668192-499b-44c9-9a91-13ce157f34e2/clear'
18:03:46.013 [Forwarding clearElement on session d354349b70eeb49dcba764c7d058f7f1 to remote] DEBUG org.asynchttpclient.netty.request.NettyRequestSender - Using open Channel [id: 0x74d8e33e, L:/127.0.0.1:56648 - R:localhost/127.0.0.1:40958] for POST '/session/d354349b70eeb49dcba764c7d058f7f1/element/0f668192-499b-44c9-9a91-13ce157f34e2/clear'
18:03:46.061 [AsyncHttpClient-1-6] DEBUG org.asynchttpclient.netty.handler.HttpHandler - 

Request DefaultHttpRequest(decodeResult: success, version: HTTP/1.1)
POST /session/d354349b70eeb49dcba764c7d058f7f1/element/0f668192-499b-44c9-9a91-13ce157f34e2/clear HTTP/1.1
User-Agent: selenium/4.8.1 (java windows)
Content-Length: 50
Content-Type: application/json; charset=utf-8
host: localhost:40958
accept: */*

Response DefaultHttpResponse(decodeResult: success, version: HTTP/1.1)
HTTP/1.1 200 OK
Content-Length: 14
Content-Type: application/json; charset=utf-8
cache-control: no-cache

18:03:46.062 [AsyncHttpClient-1-6] DEBUG org.asynchttpclient.netty.channel.ChannelManager - Adding key: http://localhost:40958 for channel [id: 0x74d8e33e, L:/127.0.0.1:56648 - R:localhost/127.0.0.1:40958]
18:03:46.064 [Forwarding sendKeysToElement on session d354349b70eeb49dcba764c7d058f7f1 to remote] DEBUG org.asynchttpclient.netty.request.NettyRequestSender - Using pooled Channel '[id: 0x74d8e33e, L:/127.0.0.1:56648 - R:localhost/127.0.0.1:40958]' for 'POST' to 'http://localhost:40958/session/d354349b70eeb49dcba764c7d058f7f1/element/0f668192-499b-44c9-9a91-13ce157f34e2/value'
18:03:46.064 [Forwarding sendKeysToElement on session d354349b70eeb49dcba764c7d058f7f1 to remote] DEBUG org.asynchttpclient.netty.request.NettyRequestSender - Using open Channel [id: 0x74d8e33e, L:/127.0.0.1:56648 - R:localhost/127.0.0.1:40958] for POST '/session/d354349b70eeb49dcba764c7d058f7f1/element/0f668192-499b-44c9-9a91-13ce157f34e2/value'
18:03:46.255 [AsyncHttpClient-1-6] DEBUG org.asynchttpclient.netty.handler.HttpHandler - 

Request DefaultHttpRequest(decodeResult: success, version: HTTP/1.1)
POST /session/d354349b70eeb49dcba764c7d058f7f1/element/0f668192-499b-44c9-9a91-13ce157f34e2/value HTTP/1.1
User-Agent: selenium/4.8.1 (java windows)
Content-Length: 271
Content-Type: application/json; charset=utf-8
host: localhost:40958
accept: */*

Response DefaultHttpResponse(decodeResult: success, version: HTTP/1.1)
HTTP/1.1 200 OK
Content-Length: 14
Content-Type: application/json; charset=utf-8
cache-control: no-cache

18:03:46.256 [AsyncHttpClient-1-6] DEBUG org.asynchttpclient.netty.channel.ChannelManager - Adding key: http://localhost:40958 for channel [id: 0x74d8e33e, L:/127.0.0.1:56648 - R:localhost/127.0.0.1:40958]
18:03:46.265 [Forwarding getAlertText on session d354349b70eeb49dcba764c7d058f7f1 to remote] DEBUG org.asynchttpclient.netty.request.NettyRequestSender - Using pooled Channel '[id: 0x74d8e33e, L:/127.0.0.1:56648 - R:localhost/127.0.0.1:40958]' for 'GET' to 'http://localhost:40958/session/d354349b70eeb49dcba764c7d058f7f1/alert/text'
18:03:46.265 [Forwarding getAlertText on session d354349b70eeb49dcba764c7d058f7f1 to remote] DEBUG org.asynchttpclient.netty.request.NettyRequestSender - Using open Channel [id: 0x74d8e33e, L:/127.0.0.1:56648 - R:localhost/127.0.0.1:40958] for GET '/session/d354349b70eeb49dcba764c7d058f7f1/alert/text'
18:03:46.266 [AsyncHttpClient-1-6] DEBUG org.asynchttpclient.netty.handler.HttpHandler - 

Request DefaultFullHttpRequest(decodeResult: success, version: HTTP/1.1, content: EmptyByteBufBE)
GET /session/d354349b70eeb49dcba764c7d058f7f1/alert/text HTTP/1.1
User-Agent: selenium/4.8.1 (java windows)
Cache-Control: no-cache
Content-Type: application/json; charset=utf-8
host: localhost:40958
accept: */*

Response DefaultHttpResponse(decodeResult: success, version: HTTP/1.1)
HTTP/1.1 404 Not Found
Content-Length: 848
Content-Type: application/json; charset=utf-8
cache-control: no-cache

18:03:46.267 [AsyncHttpClient-1-6] DEBUG org.asynchttpclient.netty.channel.ChannelManager - Adding key: http://localhost:40958 for channel [id: 0x74d8e33e, L:/127.0.0.1:56648 - R:localhost/127.0.0.1:40958]
18:03:46.268 [Forwarding getCurrentUrl on session d354349b70eeb49dcba764c7d058f7f1 to remote] DEBUG org.asynchttpclient.netty.request.NettyRequestSender - Using pooled Channel '[id: 0x74d8e33e, L:/127.0.0.1:56648 - R:localhost/127.0.0.1:40958]' for 'GET' to 'http://localhost:40958/session/d354349b70eeb49dcba764c7d058f7f1/url'
18:03:46.268 [Forwarding getCurrentUrl on session d354349b70eeb49dcba764c7d058f7f1 to remote] DEBUG org.asynchttpclient.netty.request.NettyRequestSender - Using open Channel [id: 0x74d8e33e, L:/127.0.0.1:56648 - R:localhost/127.0.0.1:40958] for GET '/session/d354349b70eeb49dcba764c7d058f7f1/url'
18:03:46.273 [AsyncHttpClient-1-6] DEBUG org.asynchttpclient.netty.handler.HttpHandler - 

Request DefaultFullHttpRequest(decodeResult: success, version: HTTP/1.1, content: EmptyByteBufBE)
GET /session/d354349b70eeb49dcba764c7d058f7f1/url HTTP/1.1
User-Agent: selenium/4.8.1 (java windows)
Cache-Control: no-cache
Content-Type: application/json; charset=utf-8
host: localhost:40958
accept: */*

Response DefaultHttpResponse(decodeResult: success, version: HTTP/1.1)
HTTP/1.1 200 OK
Content-Length: 51
Content-Type: application/json; charset=utf-8
cache-control: no-cache

18:03:46.273 [AsyncHttpClient-1-6] DEBUG org.asynchttpclient.netty.channel.ChannelManager - Adding key: http://localhost:40958 for channel [id: 0x74d8e33e, L:/127.0.0.1:56648 - R:localhost/127.0.0.1:40958]
18:03:46.274 [Forwarding screenshot on session d354349b70eeb49dcba764c7d058f7f1 to remote] DEBUG org.asynchttpclient.netty.request.NettyRequestSender - Using pooled Channel '[id: 0x74d8e33e, L:/127.0.0.1:56648 - R:localhost/127.0.0.1:40958]' for 'GET' to 'http://localhost:40958/session/d354349b70eeb49dcba764c7d058f7f1/screenshot'
18:03:46.274 [Forwarding screenshot on session d354349b70eeb49dcba764c7d058f7f1 to remote] DEBUG org.asynchttpclient.netty.request.NettyRequestSender - Using open Channel [id: 0x74d8e33e, L:/127.0.0.1:56648 - R:localhost/127.0.0.1:40958] for GET '/session/d354349b70eeb49dcba764c7d058f7f1/screenshot'
18:03:46.438 [AsyncHttpClient-1-6] DEBUG org.asynchttpclient.netty.handler.HttpHandler - 

Request DefaultFullHttpRequest(decodeResult: success, version: HTTP/1.1, content: EmptyByteBufBE)
GET /session/d354349b70eeb49dcba764c7d058f7f1/screenshot HTTP/1.1
User-Agent: selenium/4.8.1 (java windows)
Cache-Control: no-cache
Content-Type: application/json; charset=utf-8
host: localhost:40958
accept: */*

Response DefaultHttpResponse(decodeResult: success, version: HTTP/1.1)
HTTP/1.1 200 OK
Content-Length: 29828
Content-Type: application/json; charset=utf-8
cache-control: no-cache

18:03:46.438 [AsyncHttpClient-1-6] DEBUG org.asynchttpclient.netty.channel.ChannelManager - Adding key: http://localhost:40958 for channel [id: 0x74d8e33e, L:/127.0.0.1:56648 - R:localhost/127.0.0.1:40958]
18:03:46.441 [main] DEBUG net.serenitybdd.core.photography.Darkroom - Send negative for processing for target\site\serenity\09b8ee15bf2fd4debc60806fc355d5cae5b27ad94ef86b03ff3c0b4bc88d34ee.png
18:03:46.441 [main] DEBUG net.thucydides.core.steps.StepInterceptor - STEP DONE: user input valid email
18:03:46.441 [Darkroom Processing Line] DEBUG net.serenitybdd.core.photography.DarkroomProcessingLine - Processing screenshot image in /var/screenshots/screenshot-8073803024373466291
18:03:46.441 [Darkroom Processing Line] DEBUG net.serenitybdd.core.photography.DarkroomProcessingLine - Saving screenshot to target\site\serenity\09b8ee15bf2fd4debc60806fc355d5cae5b27ad94ef86b03ff3c0b4bc88d34ee.png
18:03:46.445 [main] DEBUG net.thucydides.core.steps.StepInterceptor - STARTING STEP: LoginStep.userSuccessLogin - user input valid password
18:03:46.448 [Forwarding findElement on session d354349b70eeb49dcba764c7d058f7f1 to remote] DEBUG org.asynchttpclient.netty.request.NettyRequestSender - Using pooled Channel '[id: 0x74d8e33e, L:/127.0.0.1:56648 - R:localhost/127.0.0.1:40958]' for 'POST' to 'http://localhost:40958/session/d354349b70eeb49dcba764c7d058f7f1/element'
18:03:46.448 [Forwarding findElement on session d354349b70eeb49dcba764c7d058f7f1 to remote] DEBUG org.asynchttpclient.netty.request.NettyRequestSender - Using open Channel [id: 0x74d8e33e, L:/127.0.0.1:56648 - R:localhost/127.0.0.1:40958] for POST '/session/d354349b70eeb49dcba764c7d058f7f1/element'
18:03:46.449 [AsyncHttpClient-1-1] DEBUG org.asynchttpclient.netty.channel.DefaultChannelPool - Entry count for : http://localhost:56650 : 1
18:03:46.470 [AsyncHttpClient-1-6] DEBUG org.asynchttpclient.netty.handler.HttpHandler - 

Request DefaultHttpRequest(decodeResult: success, version: HTTP/1.1)
POST /session/d354349b70eeb49dcba764c7d058f7f1/element HTTP/1.1
User-Agent: selenium/4.8.1 (java windows)
Content-Length: 55
Content-Type: application/json; charset=utf-8
host: localhost:40958
accept: */*

Response DefaultHttpResponse(decodeResult: success, version: HTTP/1.1)
HTTP/1.1 200 OK
Content-Length: 88
Content-Type: application/json; charset=utf-8
cache-control: no-cache

18:03:46.470 [AsyncHttpClient-1-6] DEBUG org.asynchttpclient.netty.channel.ChannelManager - Adding key: http://localhost:40958 for channel [id: 0x74d8e33e, L:/127.0.0.1:56648 - R:localhost/127.0.0.1:40958]
18:03:46.471 [Forwarding clearElement on session d354349b70eeb49dcba764c7d058f7f1 to remote] DEBUG org.asynchttpclient.netty.request.NettyRequestSender - Using pooled Channel '[id: 0x74d8e33e, L:/127.0.0.1:56648 - R:localhost/127.0.0.1:40958]' for 'POST' to 'http://localhost:40958/session/d354349b70eeb49dcba764c7d058f7f1/element/fac988c6-b533-46be-9077-ee60058c6836/clear'
18:03:46.471 [Forwarding clearElement on session d354349b70eeb49dcba764c7d058f7f1 to remote] DEBUG org.asynchttpclient.netty.request.NettyRequestSender - Using open Channel [id: 0x74d8e33e, L:/127.0.0.1:56648 - R:localhost/127.0.0.1:40958] for POST '/session/d354349b70eeb49dcba764c7d058f7f1/element/fac988c6-b533-46be-9077-ee60058c6836/clear'
18:03:46.529 [AsyncHttpClient-1-6] DEBUG org.asynchttpclient.netty.handler.HttpHandler - 

Request DefaultHttpRequest(decodeResult: success, version: HTTP/1.1)
POST /session/d354349b70eeb49dcba764c7d058f7f1/element/fac988c6-b533-46be-9077-ee60058c6836/clear HTTP/1.1
User-Agent: selenium/4.8.1 (java windows)
Content-Length: 50
Content-Type: application/json; charset=utf-8
host: localhost:40958
accept: */*

Response DefaultHttpResponse(decodeResult: success, version: HTTP/1.1)
HTTP/1.1 200 OK
Content-Length: 14
Content-Type: application/json; charset=utf-8
cache-control: no-cache

18:03:46.529 [AsyncHttpClient-1-6] DEBUG org.asynchttpclient.netty.channel.ChannelManager - Adding key: http://localhost:40958 for channel [id: 0x74d8e33e, L:/127.0.0.1:56648 - R:localhost/127.0.0.1:40958]
18:03:46.531 [Forwarding sendKeysToElement on session d354349b70eeb49dcba764c7d058f7f1 to remote] DEBUG org.asynchttpclient.netty.request.NettyRequestSender - Using pooled Channel '[id: 0x74d8e33e, L:/127.0.0.1:56648 - R:localhost/127.0.0.1:40958]' for 'POST' to 'http://localhost:40958/session/d354349b70eeb49dcba764c7d058f7f1/element/fac988c6-b533-46be-9077-ee60058c6836/value'
18:03:46.531 [Forwarding sendKeysToElement on session d354349b70eeb49dcba764c7d058f7f1 to remote] DEBUG org.asynchttpclient.netty.request.NettyRequestSender - Using open Channel [id: 0x74d8e33e, L:/127.0.0.1:56648 - R:localhost/127.0.0.1:40958] for POST '/session/d354349b70eeb49dcba764c7d058f7f1/element/fac988c6-b533-46be-9077-ee60058c6836/value'
18:03:46.628 [AsyncHttpClient-1-6] DEBUG org.asynchttpclient.netty.handler.HttpHandler - 

Request DefaultHttpRequest(decodeResult: success, version: HTTP/1.1)
POST /session/d354349b70eeb49dcba764c7d058f7f1/element/fac988c6-b533-46be-9077-ee60058c6836/value HTTP/1.1
User-Agent: selenium/4.8.1 (java windows)
Content-Length: 161
Content-Type: application/json; charset=utf-8
host: localhost:40958
accept: */*

Response DefaultHttpResponse(decodeResult: success, version: HTTP/1.1)
HTTP/1.1 200 OK
Content-Length: 14
Content-Type: application/json; charset=utf-8
cache-control: no-cache

18:03:46.628 [AsyncHttpClient-1-6] DEBUG org.asynchttpclient.netty.channel.ChannelManager - Adding key: http://localhost:40958 for channel [id: 0x74d8e33e, L:/127.0.0.1:56648 - R:localhost/127.0.0.1:40958]
18:03:46.638 [Forwarding getAlertText on session d354349b70eeb49dcba764c7d058f7f1 to remote] DEBUG org.asynchttpclient.netty.request.NettyRequestSender - Using pooled Channel '[id: 0x74d8e33e, L:/127.0.0.1:56648 - R:localhost/127.0.0.1:40958]' for 'GET' to 'http://localhost:40958/session/d354349b70eeb49dcba764c7d058f7f1/alert/text'
18:03:46.638 [Forwarding getAlertText on session d354349b70eeb49dcba764c7d058f7f1 to remote] DEBUG org.asynchttpclient.netty.request.NettyRequestSender - Using open Channel [id: 0x74d8e33e, L:/127.0.0.1:56648 - R:localhost/127.0.0.1:40958] for GET '/session/d354349b70eeb49dcba764c7d058f7f1/alert/text'
18:03:46.639 [AsyncHttpClient-1-6] DEBUG org.asynchttpclient.netty.handler.HttpHandler - 

Request DefaultFullHttpRequest(decodeResult: success, version: HTTP/1.1, content: EmptyByteBufBE)
GET /session/d354349b70eeb49dcba764c7d058f7f1/alert/text HTTP/1.1
User-Agent: selenium/4.8.1 (java windows)
Cache-Control: no-cache
Content-Type: application/json; charset=utf-8
host: localhost:40958
accept: */*

Response DefaultHttpResponse(decodeResult: success, version: HTTP/1.1)
HTTP/1.1 404 Not Found
Content-Length: 848
Content-Type: application/json; charset=utf-8
cache-control: no-cache

18:03:46.640 [AsyncHttpClient-1-6] DEBUG org.asynchttpclient.netty.channel.ChannelManager - Adding key: http://localhost:40958 for channel [id: 0x74d8e33e, L:/127.0.0.1:56648 - R:localhost/127.0.0.1:40958]
18:03:46.641 [Forwarding getCurrentUrl on session d354349b70eeb49dcba764c7d058f7f1 to remote] DEBUG org.asynchttpclient.netty.request.NettyRequestSender - Using pooled Channel '[id: 0x74d8e33e, L:/127.0.0.1:56648 - R:localhost/127.0.0.1:40958]' for 'GET' to 'http://localhost:40958/session/d354349b70eeb49dcba764c7d058f7f1/url'
18:03:46.641 [Forwarding getCurrentUrl on session d354349b70eeb49dcba764c7d058f7f1 to remote] DEBUG org.asynchttpclient.netty.request.NettyRequestSender - Using open Channel [id: 0x74d8e33e, L:/127.0.0.1:56648 - R:localhost/127.0.0.1:40958] for GET '/session/d354349b70eeb49dcba764c7d058f7f1/url'
18:03:46.643 [AsyncHttpClient-1-6] DEBUG org.asynchttpclient.netty.handler.HttpHandler - 

Request DefaultFullHttpRequest(decodeResult: success, version: HTTP/1.1, content: EmptyByteBufBE)
GET /session/d354349b70eeb49dcba764c7d058f7f1/url HTTP/1.1
User-Agent: selenium/4.8.1 (java windows)
Cache-Control: no-cache
Content-Type: application/json; charset=utf-8
host: localhost:40958
accept: */*

Response DefaultHttpResponse(decodeResult: success, version: HTTP/1.1)
HTTP/1.1 200 OK
Content-Length: 51
Content-Type: application/json; charset=utf-8
cache-control: no-cache

18:03:46.643 [AsyncHttpClient-1-6] DEBUG org.asynchttpclient.netty.channel.ChannelManager - Adding key: http://localhost:40958 for channel [id: 0x74d8e33e, L:/127.0.0.1:56648 - R:localhost/127.0.0.1:40958]
18:03:46.644 [Forwarding screenshot on session d354349b70eeb49dcba764c7d058f7f1 to remote] DEBUG org.asynchttpclient.netty.request.NettyRequestSender - Using pooled Channel '[id: 0x74d8e33e, L:/127.0.0.1:56648 - R:localhost/127.0.0.1:40958]' for 'GET' to 'http://localhost:40958/session/d354349b70eeb49dcba764c7d058f7f1/screenshot'
18:03:46.644 [Forwarding screenshot on session d354349b70eeb49dcba764c7d058f7f1 to remote] DEBUG org.asynchttpclient.netty.request.NettyRequestSender - Using open Channel [id: 0x74d8e33e, L:/127.0.0.1:56648 - R:localhost/127.0.0.1:40958] for GET '/session/d354349b70eeb49dcba764c7d058f7f1/screenshot'
18:03:46.760 [AsyncHttpClient-1-6] DEBUG org.asynchttpclient.netty.handler.HttpHandler - 

Request DefaultFullHttpRequest(decodeResult: success, version: HTTP/1.1, content: EmptyByteBufBE)
GET /session/d354349b70eeb49dcba764c7d058f7f1/screenshot HTTP/1.1
User-Agent: selenium/4.8.1 (java windows)
Cache-Control: no-cache
Content-Type: application/json; charset=utf-8
host: localhost:40958
accept: */*

Response DefaultHttpResponse(decodeResult: success, version: HTTP/1.1)
HTTP/1.1 200 OK
Content-Length: 31360
Content-Type: application/json; charset=utf-8
cache-control: no-cache

18:03:46.760 [AsyncHttpClient-1-6] DEBUG org.asynchttpclient.netty.channel.ChannelManager - Adding key: http://localhost:40958 for channel [id: 0x74d8e33e, L:/127.0.0.1:56648 - R:localhost/127.0.0.1:40958]
18:03:46.762 [main] DEBUG net.serenitybdd.core.photography.Darkroom - Send negative for processing for target\site\serenity\d45b9cd2d1c53e291959b804433906cd9a52452e5f607e16bf4798437dd32c2c.png
18:03:46.762 [main] DEBUG net.thucydides.core.steps.StepInterceptor - STEP DONE: user input valid password
18:03:46.762 [Darkroom Processing Line] DEBUG net.serenitybdd.core.photography.DarkroomProcessingLine - Processing screenshot image in /var/screenshots/screenshot-9056377799069943720
18:03:46.762 [Darkroom Processing Line] DEBUG net.serenitybdd.core.photography.DarkroomProcessingLine - Saving screenshot to target\site\serenity\d45b9cd2d1c53e291959b804433906cd9a52452e5f607e16bf4798437dd32c2c.png
18:03:46.764 [main] DEBUG net.thucydides.core.steps.StepInterceptor - STARTING STEP: LoginStep.userSuccessLogin - click button login
18:03:46.767 [Forwarding findElement on session d354349b70eeb49dcba764c7d058f7f1 to remote] DEBUG org.asynchttpclient.netty.request.NettyRequestSender - Using pooled Channel '[id: 0x74d8e33e, L:/127.0.0.1:56648 - R:localhost/127.0.0.1:40958]' for 'POST' to 'http://localhost:40958/session/d354349b70eeb49dcba764c7d058f7f1/element'
18:03:46.767 [Forwarding findElement on session d354349b70eeb49dcba764c7d058f7f1 to remote] DEBUG org.asynchttpclient.netty.request.NettyRequestSender - Using open Channel [id: 0x74d8e33e, L:/127.0.0.1:56648 - R:localhost/127.0.0.1:40958] for POST '/session/d354349b70eeb49dcba764c7d058f7f1/element'
18:03:46.776 [AsyncHttpClient-1-6] DEBUG org.asynchttpclient.netty.handler.HttpHandler - 

Request DefaultHttpRequest(decodeResult: success, version: HTTP/1.1)
POST /session/d354349b70eeb49dcba764c7d058f7f1/element HTTP/1.1
User-Agent: selenium/4.8.1 (java windows)
Content-Length: 69
Content-Type: application/json; charset=utf-8
host: localhost:40958
accept: */*

Response DefaultHttpResponse(decodeResult: success, version: HTTP/1.1)
HTTP/1.1 200 OK
Content-Length: 88
Content-Type: application/json; charset=utf-8
cache-control: no-cache

18:03:46.776 [AsyncHttpClient-1-6] DEBUG org.asynchttpclient.netty.channel.ChannelManager - Adding key: http://localhost:40958 for channel [id: 0x74d8e33e, L:/127.0.0.1:56648 - R:localhost/127.0.0.1:40958]
18:03:46.778 [Forwarding getElementTagName on session d354349b70eeb49dcba764c7d058f7f1 to remote] DEBUG org.asynchttpclient.netty.request.NettyRequestSender - Using pooled Channel '[id: 0x74d8e33e, L:/127.0.0.1:56648 - R:localhost/127.0.0.1:40958]' for 'GET' to 'http://localhost:40958/session/d354349b70eeb49dcba764c7d058f7f1/element/c47d2b1f-47a1-4376-8938-e62b3cca8ee2/name'
18:03:46.778 [Forwarding getElementTagName on session d354349b70eeb49dcba764c7d058f7f1 to remote] DEBUG org.asynchttpclient.netty.request.NettyRequestSender - Using open Channel [id: 0x74d8e33e, L:/127.0.0.1:56648 - R:localhost/127.0.0.1:40958] for GET '/session/d354349b70eeb49dcba764c7d058f7f1/element/c47d2b1f-47a1-4376-8938-e62b3cca8ee2/name'
18:03:46.781 [AsyncHttpClient-1-6] DEBUG org.asynchttpclient.netty.handler.HttpHandler - 

Request DefaultFullHttpRequest(decodeResult: success, version: HTTP/1.1, content: EmptyByteBufBE)
GET /session/d354349b70eeb49dcba764c7d058f7f1/element/c47d2b1f-47a1-4376-8938-e62b3cca8ee2/name HTTP/1.1
User-Agent: selenium/4.8.1 (java windows)
Cache-Control: no-cache
Content-Type: application/json; charset=utf-8
host: localhost:40958
accept: */*

Response DefaultHttpResponse(decodeResult: success, version: HTTP/1.1)
HTTP/1.1 200 OK
Content-Length: 16
Content-Type: application/json; charset=utf-8
cache-control: no-cache

18:03:46.781 [AsyncHttpClient-1-6] DEBUG org.asynchttpclient.netty.channel.ChannelManager - Adding key: http://localhost:40958 for channel [id: 0x74d8e33e, L:/127.0.0.1:56648 - R:localhost/127.0.0.1:40958]
18:03:46.782 [Forwarding getElementTagName on session d354349b70eeb49dcba764c7d058f7f1 to remote] DEBUG org.asynchttpclient.netty.request.NettyRequestSender - Using pooled Channel '[id: 0x74d8e33e, L:/127.0.0.1:56648 - R:localhost/127.0.0.1:40958]' for 'GET' to 'http://localhost:40958/session/d354349b70eeb49dcba764c7d058f7f1/element/c47d2b1f-47a1-4376-8938-e62b3cca8ee2/name'
18:03:46.782 [Forwarding getElementTagName on session d354349b70eeb49dcba764c7d058f7f1 to remote] DEBUG org.asynchttpclient.netty.request.NettyRequestSender - Using open Channel [id: 0x74d8e33e, L:/127.0.0.1:56648 - R:localhost/127.0.0.1:40958] for GET '/session/d354349b70eeb49dcba764c7d058f7f1/element/c47d2b1f-47a1-4376-8938-e62b3cca8ee2/name'
18:03:46.787 [AsyncHttpClient-1-6] DEBUG org.asynchttpclient.netty.handler.HttpHandler - 

Request DefaultFullHttpRequest(decodeResult: success, version: HTTP/1.1, content: EmptyByteBufBE)
GET /session/d354349b70eeb49dcba764c7d058f7f1/element/c47d2b1f-47a1-4376-8938-e62b3cca8ee2/name HTTP/1.1
User-Agent: selenium/4.8.1 (java windows)
Cache-Control: no-cache
Content-Type: application/json; charset=utf-8
host: localhost:40958
accept: */*

Response DefaultHttpResponse(decodeResult: success, version: HTTP/1.1)
HTTP/1.1 200 OK
Content-Length: 16
Content-Type: application/json; charset=utf-8
cache-control: no-cache

18:03:46.787 [AsyncHttpClient-1-6] DEBUG org.asynchttpclient.netty.channel.ChannelManager - Adding key: http://localhost:40958 for channel [id: 0x74d8e33e, L:/127.0.0.1:56648 - R:localhost/127.0.0.1:40958]
18:03:46.789 [Forwarding findElement on session d354349b70eeb49dcba764c7d058f7f1 to remote] DEBUG org.asynchttpclient.netty.request.NettyRequestSender - Using pooled Channel '[id: 0x74d8e33e, L:/127.0.0.1:56648 - R:localhost/127.0.0.1:40958]' for 'POST' to 'http://localhost:40958/session/d354349b70eeb49dcba764c7d058f7f1/element'
18:03:46.789 [Forwarding findElement on session d354349b70eeb49dcba764c7d058f7f1 to remote] DEBUG org.asynchttpclient.netty.request.NettyRequestSender - Using open Channel [id: 0x74d8e33e, L:/127.0.0.1:56648 - R:localhost/127.0.0.1:40958] for POST '/session/d354349b70eeb49dcba764c7d058f7f1/element'
18:03:46.795 [AsyncHttpClient-1-6] DEBUG org.asynchttpclient.netty.handler.HttpHandler - 

Request DefaultHttpRequest(decodeResult: success, version: HTTP/1.1)
POST /session/d354349b70eeb49dcba764c7d058f7f1/element HTTP/1.1
User-Agent: selenium/4.8.1 (java windows)
Content-Length: 69
Content-Type: application/json; charset=utf-8
host: localhost:40958
accept: */*

Response DefaultHttpResponse(decodeResult: success, version: HTTP/1.1)
HTTP/1.1 200 OK
Content-Length: 88
Content-Type: application/json; charset=utf-8
cache-control: no-cache

18:03:46.795 [AsyncHttpClient-1-6] DEBUG org.asynchttpclient.netty.channel.ChannelManager - Adding key: http://localhost:40958 for channel [id: 0x74d8e33e, L:/127.0.0.1:56648 - R:localhost/127.0.0.1:40958]
18:03:46.795 [Forwarding clickElement on session d354349b70eeb49dcba764c7d058f7f1 to remote] DEBUG org.asynchttpclient.netty.request.NettyRequestSender - Using pooled Channel '[id: 0x74d8e33e, L:/127.0.0.1:56648 - R:localhost/127.0.0.1:40958]' for 'POST' to 'http://localhost:40958/session/d354349b70eeb49dcba764c7d058f7f1/element/c47d2b1f-47a1-4376-8938-e62b3cca8ee2/click'
18:03:46.795 [Forwarding clickElement on session d354349b70eeb49dcba764c7d058f7f1 to remote] DEBUG org.asynchttpclient.netty.request.NettyRequestSender - Using open Channel [id: 0x74d8e33e, L:/127.0.0.1:56648 - R:localhost/127.0.0.1:40958] for POST '/session/d354349b70eeb49dcba764c7d058f7f1/element/c47d2b1f-47a1-4376-8938-e62b3cca8ee2/click'
18:03:46.842 [AsyncHttpClient-1-6] DEBUG org.asynchttpclient.netty.handler.HttpHandler - 

Request DefaultHttpRequest(decodeResult: success, version: HTTP/1.1)
POST /session/d354349b70eeb49dcba764c7d058f7f1/element/c47d2b1f-47a1-4376-8938-e62b3cca8ee2/click HTTP/1.1
User-Agent: selenium/4.8.1 (java windows)
Content-Length: 50
Content-Type: application/json; charset=utf-8
host: localhost:40958
accept: */*

Response DefaultHttpResponse(decodeResult: success, version: HTTP/1.1)
HTTP/1.1 200 OK
Content-Length: 14
Content-Type: application/json; charset=utf-8
cache-control: no-cache

18:03:46.843 [AsyncHttpClient-1-6] DEBUG org.asynchttpclient.netty.channel.ChannelManager - Adding key: http://localhost:40958 for channel [id: 0x74d8e33e, L:/127.0.0.1:56648 - R:localhost/127.0.0.1:40958]
18:03:46.852 [Forwarding getAlertText on session d354349b70eeb49dcba764c7d058f7f1 to remote] DEBUG org.asynchttpclient.netty.request.NettyRequestSender - Using pooled Channel '[id: 0x74d8e33e, L:/127.0.0.1:56648 - R:localhost/127.0.0.1:40958]' for 'GET' to 'http://localhost:40958/session/d354349b70eeb49dcba764c7d058f7f1/alert/text'
18:03:46.852 [Forwarding getAlertText on session d354349b70eeb49dcba764c7d058f7f1 to remote] DEBUG org.asynchttpclient.netty.request.NettyRequestSender - Using open Channel [id: 0x74d8e33e, L:/127.0.0.1:56648 - R:localhost/127.0.0.1:40958] for GET '/session/d354349b70eeb49dcba764c7d058f7f1/alert/text'
18:03:46.856 [AsyncHttpClient-1-6] DEBUG org.asynchttpclient.netty.handler.HttpHandler - 

Request DefaultFullHttpRequest(decodeResult: success, version: HTTP/1.1, content: EmptyByteBufBE)
GET /session/d354349b70eeb49dcba764c7d058f7f1/alert/text HTTP/1.1
User-Agent: selenium/4.8.1 (java windows)
Cache-Control: no-cache
Content-Type: application/json; charset=utf-8
host: localhost:40958
accept: */*

Response DefaultHttpResponse(decodeResult: success, version: HTTP/1.1)
HTTP/1.1 404 Not Found
Content-Length: 848
Content-Type: application/json; charset=utf-8
cache-control: no-cache

18:03:46.856 [AsyncHttpClient-1-6] DEBUG org.asynchttpclient.netty.channel.ChannelManager - Adding key: http://localhost:40958 for channel [id: 0x74d8e33e, L:/127.0.0.1:56648 - R:localhost/127.0.0.1:40958]
18:03:46.857 [Forwarding getCurrentUrl on session d354349b70eeb49dcba764c7d058f7f1 to remote] DEBUG org.asynchttpclient.netty.request.NettyRequestSender - Using pooled Channel '[id: 0x74d8e33e, L:/127.0.0.1:56648 - R:localhost/127.0.0.1:40958]' for 'GET' to 'http://localhost:40958/session/d354349b70eeb49dcba764c7d058f7f1/url'
18:03:46.857 [Forwarding getCurrentUrl on session d354349b70eeb49dcba764c7d058f7f1 to remote] DEBUG org.asynchttpclient.netty.request.NettyRequestSender - Using open Channel [id: 0x74d8e33e, L:/127.0.0.1:56648 - R:localhost/127.0.0.1:40958] for GET '/session/d354349b70eeb49dcba764c7d058f7f1/url'
18:03:46.861 [AsyncHttpClient-1-6] DEBUG org.asynchttpclient.netty.handler.HttpHandler - 

Request DefaultFullHttpRequest(decodeResult: success, version: HTTP/1.1, content: EmptyByteBufBE)
GET /session/d354349b70eeb49dcba764c7d058f7f1/url HTTP/1.1
User-Agent: selenium/4.8.1 (java windows)
Cache-Control: no-cache
Content-Type: application/json; charset=utf-8
host: localhost:40958
accept: */*

Response DefaultHttpResponse(decodeResult: success, version: HTTP/1.1)
HTTP/1.1 200 OK
Content-Length: 51
Content-Type: application/json; charset=utf-8
cache-control: no-cache

18:03:46.861 [AsyncHttpClient-1-6] DEBUG org.asynchttpclient.netty.channel.ChannelManager - Adding key: http://localhost:40958 for channel [id: 0x74d8e33e, L:/127.0.0.1:56648 - R:localhost/127.0.0.1:40958]
18:03:46.862 [Forwarding screenshot on session d354349b70eeb49dcba764c7d058f7f1 to remote] DEBUG org.asynchttpclient.netty.request.NettyRequestSender - Using pooled Channel '[id: 0x74d8e33e, L:/127.0.0.1:56648 - R:localhost/127.0.0.1:40958]' for 'GET' to 'http://localhost:40958/session/d354349b70eeb49dcba764c7d058f7f1/screenshot'
18:03:46.862 [Forwarding screenshot on session d354349b70eeb49dcba764c7d058f7f1 to remote] DEBUG org.asynchttpclient.netty.request.NettyRequestSender - Using open Channel [id: 0x74d8e33e, L:/127.0.0.1:56648 - R:localhost/127.0.0.1:40958] for GET '/session/d354349b70eeb49dcba764c7d058f7f1/screenshot'
18:03:46.996 [AsyncHttpClient-1-6] DEBUG org.asynchttpclient.netty.handler.HttpHandler - 

Request DefaultFullHttpRequest(decodeResult: success, version: HTTP/1.1, content: EmptyByteBufBE)
GET /session/d354349b70eeb49dcba764c7d058f7f1/screenshot HTTP/1.1
User-Agent: selenium/4.8.1 (java windows)
Cache-Control: no-cache
Content-Type: application/json; charset=utf-8
host: localhost:40958
accept: */*

Response DefaultHttpResponse(decodeResult: success, version: HTTP/1.1)
HTTP/1.1 200 OK
Content-Length: 31352
Content-Type: application/json; charset=utf-8
cache-control: no-cache

18:03:46.996 [AsyncHttpClient-1-6] DEBUG org.asynchttpclient.netty.channel.ChannelManager - Adding key: http://localhost:40958 for channel [id: 0x74d8e33e, L:/127.0.0.1:56648 - R:localhost/127.0.0.1:40958]
18:03:46.999 [main] DEBUG net.serenitybdd.core.photography.Darkroom - Send negative for processing for target\site\serenity\33f7b50d7842914185ff0024f264d5b5c3548ff9e09eeebbcffa3e1a2349e866.png
18:03:46.999 [main] DEBUG net.thucydides.core.steps.StepInterceptor - STEP DONE: click button login
18:03:46.999 [Darkroom Processing Line] DEBUG net.serenitybdd.core.photography.DarkroomProcessingLine - Processing screenshot image in /var/screenshots/screenshot-7657174249635009953
18:03:46.999 [Darkroom Processing Line] DEBUG net.serenitybdd.core.photography.DarkroomProcessingLine - Saving screenshot to target\site\serenity\33f7b50d7842914185ff0024f264d5b5c3548ff9e09eeebbcffa3e1a2349e866.png
18:03:47.004 [main] DEBUG net.thucydides.core.steps.StepInterceptor - STARTING STEP: LoginStep.userSuccessLogin - user can see product homepage
18:03:47.007 [Forwarding findElement on session d354349b70eeb49dcba764c7d058f7f1 to remote] DEBUG org.asynchttpclient.netty.request.NettyRequestSender - Using pooled Channel '[id: 0x74d8e33e, L:/127.0.0.1:56648 - R:localhost/127.0.0.1:40958]' for 'POST' to 'http://localhost:40958/session/d354349b70eeb49dcba764c7d058f7f1/element'
18:03:47.007 [Forwarding findElement on session d354349b70eeb49dcba764c7d058f7f1 to remote] DEBUG org.asynchttpclient.netty.request.NettyRequestSender - Using open Channel [id: 0x74d8e33e, L:/127.0.0.1:56648 - R:localhost/127.0.0.1:40958] for POST '/session/d354349b70eeb49dcba764c7d058f7f1/element'
18:03:47.025 [AsyncHttpClient-1-6] DEBUG org.asynchttpclient.netty.handler.HttpHandler - 

Request DefaultHttpRequest(decodeResult: success, version: HTTP/1.1)
POST /session/d354349b70eeb49dcba764c7d058f7f1/element HTTP/1.1
User-Agent: selenium/4.8.1 (java windows)
Content-Length: 75
Content-Type: application/json; charset=utf-8
host: localhost:40958
accept: */*

Response DefaultHttpResponse(decodeResult: success, version: HTTP/1.1)
HTTP/1.1 200 OK
Content-Length: 88
Content-Type: application/json; charset=utf-8
cache-control: no-cache

18:03:47.025 [AsyncHttpClient-1-6] DEBUG org.asynchttpclient.netty.channel.ChannelManager - Adding key: http://localhost:40958 for channel [id: 0x74d8e33e, L:/127.0.0.1:56648 - R:localhost/127.0.0.1:40958]
18:03:47.028 [Forwarding isElementDisplayed on session d354349b70eeb49dcba764c7d058f7f1 to remote] DEBUG org.asynchttpclient.netty.request.NettyRequestSender - Using pooled Channel '[id: 0x74d8e33e, L:/127.0.0.1:56648 - R:localhost/127.0.0.1:40958]' for 'POST' to 'http://localhost:40958/session/d354349b70eeb49dcba764c7d058f7f1/execute/sync'
18:03:47.028 [Forwarding isElementDisplayed on session d354349b70eeb49dcba764c7d058f7f1 to remote] DEBUG org.asynchttpclient.netty.request.NettyRequestSender - Using open Channel [id: 0x74d8e33e, L:/127.0.0.1:56648 - R:localhost/127.0.0.1:40958] for POST '/session/d354349b70eeb49dcba764c7d058f7f1/execute/sync'
18:03:47.052 [AsyncHttpClient-1-6] DEBUG org.asynchttpclient.netty.handler.HttpHandler - 

Request DefaultHttpRequest(decodeResult: success, version: HTTP/1.1)
POST /session/d354349b70eeb49dcba764c7d058f7f1/execute/sync HTTP/1.1
User-Agent: selenium/4.8.1 (java windows)
Content-Length: 48807
Content-Type: application/json; charset=utf-8
host: localhost:40958
accept: */*

Response DefaultHttpResponse(decodeResult: success, version: HTTP/1.1)
HTTP/1.1 200 OK
Content-Length: 14
Content-Type: application/json; charset=utf-8
cache-control: no-cache

18:03:47.052 [AsyncHttpClient-1-6] DEBUG org.asynchttpclient.netty.channel.ChannelManager - Adding key: http://localhost:40958 for channel [id: 0x74d8e33e, L:/127.0.0.1:56648 - R:localhost/127.0.0.1:40958]
18:03:47.060 [Forwarding getAlertText on session d354349b70eeb49dcba764c7d058f7f1 to remote] DEBUG org.asynchttpclient.netty.request.NettyRequestSender - Using pooled Channel '[id: 0x74d8e33e, L:/127.0.0.1:56648 - R:localhost/127.0.0.1:40958]' for 'GET' to 'http://localhost:40958/session/d354349b70eeb49dcba764c7d058f7f1/alert/text'
18:03:47.060 [Forwarding getAlertText on session d354349b70eeb49dcba764c7d058f7f1 to remote] DEBUG org.asynchttpclient.netty.request.NettyRequestSender - Using open Channel [id: 0x74d8e33e, L:/127.0.0.1:56648 - R:localhost/127.0.0.1:40958] for GET '/session/d354349b70eeb49dcba764c7d058f7f1/alert/text'
18:03:47.062 [AsyncHttpClient-1-6] DEBUG org.asynchttpclient.netty.handler.HttpHandler - 

Request DefaultFullHttpRequest(decodeResult: success, version: HTTP/1.1, content: EmptyByteBufBE)
GET /session/d354349b70eeb49dcba764c7d058f7f1/alert/text HTTP/1.1
User-Agent: selenium/4.8.1 (java windows)
Cache-Control: no-cache
Content-Type: application/json; charset=utf-8
host: localhost:40958
accept: */*

Response DefaultHttpResponse(decodeResult: success, version: HTTP/1.1)
HTTP/1.1 404 Not Found
Content-Length: 848
Content-Type: application/json; charset=utf-8
cache-control: no-cache

18:03:47.062 [AsyncHttpClient-1-6] DEBUG org.asynchttpclient.netty.channel.ChannelManager - Adding key: http://localhost:40958 for channel [id: 0x74d8e33e, L:/127.0.0.1:56648 - R:localhost/127.0.0.1:40958]
18:03:47.063 [Forwarding getCurrentUrl on session d354349b70eeb49dcba764c7d058f7f1 to remote] DEBUG org.asynchttpclient.netty.request.NettyRequestSender - Using pooled Channel '[id: 0x74d8e33e, L:/127.0.0.1:56648 - R:localhost/127.0.0.1:40958]' for 'GET' to 'http://localhost:40958/session/d354349b70eeb49dcba764c7d058f7f1/url'
18:03:47.063 [Forwarding getCurrentUrl on session d354349b70eeb49dcba764c7d058f7f1 to remote] DEBUG org.asynchttpclient.netty.request.NettyRequestSender - Using open Channel [id: 0x74d8e33e, L:/127.0.0.1:56648 - R:localhost/127.0.0.1:40958] for GET '/session/d354349b70eeb49dcba764c7d058f7f1/url'
18:03:47.066 [AsyncHttpClient-1-6] DEBUG org.asynchttpclient.netty.handler.HttpHandler - 

Request DefaultFullHttpRequest(decodeResult: success, version: HTTP/1.1, content: EmptyByteBufBE)
GET /session/d354349b70eeb49dcba764c7d058f7f1/url HTTP/1.1
User-Agent: selenium/4.8.1 (java windows)
Cache-Control: no-cache
Content-Type: application/json; charset=utf-8
host: localhost:40958
accept: */*

Response DefaultHttpResponse(decodeResult: success, version: HTTP/1.1)
HTTP/1.1 200 OK
Content-Length: 51
Content-Type: application/json; charset=utf-8
cache-control: no-cache

18:03:47.066 [AsyncHttpClient-1-6] DEBUG org.asynchttpclient.netty.channel.ChannelManager - Adding key: http://localhost:40958 for channel [id: 0x74d8e33e, L:/127.0.0.1:56648 - R:localhost/127.0.0.1:40958]
18:03:47.067 [Forwarding screenshot on session d354349b70eeb49dcba764c7d058f7f1 to remote] DEBUG org.asynchttpclient.netty.request.NettyRequestSender - Using pooled Channel '[id: 0x74d8e33e, L:/127.0.0.1:56648 - R:localhost/127.0.0.1:40958]' for 'GET' to 'http://localhost:40958/session/d354349b70eeb49dcba764c7d058f7f1/screenshot'
18:03:47.067 [Forwarding screenshot on session d354349b70eeb49dcba764c7d058f7f1 to remote] DEBUG org.asynchttpclient.netty.request.NettyRequestSender - Using open Channel [id: 0x74d8e33e, L:/127.0.0.1:56648 - R:localhost/127.0.0.1:40958] for GET '/session/d354349b70eeb49dcba764c7d058f7f1/screenshot'
18:03:47.198 [AsyncHttpClient-1-6] DEBUG org.asynchttpclient.netty.handler.HttpHandler - 

Request DefaultFullHttpRequest(decodeResult: success, version: HTTP/1.1, content: EmptyByteBufBE)
GET /session/d354349b70eeb49dcba764c7d058f7f1/screenshot HTTP/1.1
User-Agent: selenium/4.8.1 (java windows)
Cache-Control: no-cache
Content-Type: application/json; charset=utf-8
host: localhost:40958
accept: */*

Response DefaultHttpResponse(decodeResult: success, version: HTTP/1.1)
HTTP/1.1 200 OK
Content-Length: 30240
Content-Type: application/json; charset=utf-8
cache-control: no-cache

18:03:47.199 [AsyncHttpClient-1-6] DEBUG org.asynchttpclient.netty.channel.ChannelManager - Adding key: http://localhost:40958 for channel [id: 0x74d8e33e, L:/127.0.0.1:56648 - R:localhost/127.0.0.1:40958]
18:03:47.200 [main] DEBUG net.serenitybdd.core.photography.Darkroom - Send negative for processing for target\site\serenity\3012ee12623cd4ac5b8a181642f56014c879f2609481932b32350735127de566.png
18:03:47.201 [main] DEBUG net.thucydides.core.steps.StepInterceptor - STEP DONE: user can see product homepage
  &amp#27;[32mGiven &amp#27;[0m&amp#27;[32muser success login&amp#27;[0m                      &amp#27;[90m# starter.stepdefinition.LoginStep.userSuccessLogin()&amp#27;[0m
18:03:47.201 [Darkroom Processing Line] DEBUG net.serenitybdd.core.photography.DarkroomProcessingLine - Processing screenshot image in /var/screenshots/screenshot-898512426746550800
18:03:47.201 [Darkroom Processing Line] DEBUG net.serenitybdd.core.photography.DarkroomProcessingLine - Saving screenshot to target\site\serenity\3012ee12623cd4ac5b8a181642f56014c879f2609481932b32350735127de566.png
18:03:47.218 [main] DEBUG net.thucydides.core.steps.StepInterceptor - STARTING STEP: ProductStep.userClickButtonBeli - user click button Beli
18:03:47.222 [Forwarding findElement on session d354349b70eeb49dcba764c7d058f7f1 to remote] DEBUG org.asynchttpclient.netty.request.NettyRequestSender - Using pooled Channel '[id: 0x74d8e33e, L:/127.0.0.1:56648 - R:localhost/127.0.0.1:40958]' for 'POST' to 'http://localhost:40958/session/d354349b70eeb49dcba764c7d058f7f1/element'
18:03:47.222 [Forwarding findElement on session d354349b70eeb49dcba764c7d058f7f1 to remote] DEBUG org.asynchttpclient.netty.request.NettyRequestSender - Using open Channel [id: 0x74d8e33e, L:/127.0.0.1:56648 - R:localhost/127.0.0.1:40958] for POST '/session/d354349b70eeb49dcba764c7d058f7f1/element'
18:03:47.553 [AsyncHttpClient-1-1] DEBUG org.asynchttpclient.netty.channel.DefaultChannelPool - Entry count for : http://localhost:56650 : 1
18:03:48.647 [AsyncHttpClient-1-1] DEBUG org.asynchttpclient.netty.channel.DefaultChannelPool - Entry count for : http://localhost:56650 : 1
18:03:49.487 [AsyncHttpClient-1-6] DEBUG org.asynchttpclient.netty.handler.HttpHandler - 

Request DefaultHttpRequest(decodeResult: success, version: HTTP/1.1)
POST /session/d354349b70eeb49dcba764c7d058f7f1/element HTTP/1.1
User-Agent: selenium/4.8.1 (java windows)
Content-Length: 96
Content-Type: application/json; charset=utf-8
host: localhost:40958
accept: */*

Response DefaultHttpResponse(decodeResult: success, version: HTTP/1.1)
HTTP/1.1 200 OK
Content-Length: 88
Content-Type: application/json; charset=utf-8
cache-control: no-cache

18:03:49.487 [AsyncHttpClient-1-6] DEBUG org.asynchttpclient.netty.channel.ChannelManager - Adding key: http://localhost:40958 for channel [id: 0x74d8e33e, L:/127.0.0.1:56648 - R:localhost/127.0.0.1:40958]
18:03:49.488 [Forwarding getElementTagName on session d354349b70eeb49dcba764c7d058f7f1 to remote] DEBUG org.asynchttpclient.netty.request.NettyRequestSender - Using pooled Channel '[id: 0x74d8e33e, L:/127.0.0.1:56648 - R:localhost/127.0.0.1:40958]' for 'GET' to 'http://localhost:40958/session/d354349b70eeb49dcba764c7d058f7f1/element/a5fb0c1b-bf72-46ff-8799-ed7dfe8c90ed/name'
18:03:49.489 [Forwarding getElementTagName on session d354349b70eeb49dcba764c7d058f7f1 to remote] DEBUG org.asynchttpclient.netty.request.NettyRequestSender - Using open Channel [id: 0x74d8e33e, L:/127.0.0.1:56648 - R:localhost/127.0.0.1:40958] for GET '/session/d354349b70eeb49dcba764c7d058f7f1/element/a5fb0c1b-bf72-46ff-8799-ed7dfe8c90ed/name'
18:03:49.493 [AsyncHttpClient-1-6] DEBUG org.asynchttpclient.netty.handler.HttpHandler - 

Request DefaultFullHttpRequest(decodeResult: success, version: HTTP/1.1, content: EmptyByteBufBE)
GET /session/d354349b70eeb49dcba764c7d058f7f1/element/a5fb0c1b-bf72-46ff-8799-ed7dfe8c90ed/name HTTP/1.1
User-Agent: selenium/4.8.1 (java windows)
Cache-Control: no-cache
Content-Type: application/json; charset=utf-8
host: localhost:40958
accept: */*

Response DefaultHttpResponse(decodeResult: success, version: HTTP/1.1)
HTTP/1.1 200 OK
Content-Length: 16
Content-Type: application/json; charset=utf-8
cache-control: no-cache

18:03:49.493 [AsyncHttpClient-1-6] DEBUG org.asynchttpclient.netty.channel.ChannelManager - Adding key: http://localhost:40958 for channel [id: 0x74d8e33e, L:/127.0.0.1:56648 - R:localhost/127.0.0.1:40958]
18:03:49.494 [Forwarding getElementTagName on session d354349b70eeb49dcba764c7d058f7f1 to remote] DEBUG org.asynchttpclient.netty.request.NettyRequestSender - Using pooled Channel '[id: 0x74d8e33e, L:/127.0.0.1:56648 - R:localhost/127.0.0.1:40958]' for 'GET' to 'http://localhost:40958/session/d354349b70eeb49dcba764c7d058f7f1/element/a5fb0c1b-bf72-46ff-8799-ed7dfe8c90ed/name'
18:03:49.494 [Forwarding getElementTagName on session d354349b70eeb49dcba764c7d058f7f1 to remote] DEBUG org.asynchttpclient.netty.request.NettyRequestSender - Using open Channel [id: 0x74d8e33e, L:/127.0.0.1:56648 - R:localhost/127.0.0.1:40958] for GET '/session/d354349b70eeb49dcba764c7d058f7f1/element/a5fb0c1b-bf72-46ff-8799-ed7dfe8c90ed/name'
18:03:49.497 [AsyncHttpClient-1-6] DEBUG org.asynchttpclient.netty.handler.HttpHandler - 

Request DefaultFullHttpRequest(decodeResult: success, version: HTTP/1.1, content: EmptyByteBufBE)
GET /session/d354349b70eeb49dcba764c7d058f7f1/element/a5fb0c1b-bf72-46ff-8799-ed7dfe8c90ed/name HTTP/1.1
User-Agent: selenium/4.8.1 (java windows)
Cache-Control: no-cache
Content-Type: application/json; charset=utf-8
host: localhost:40958
accept: */*

Response DefaultHttpResponse(decodeResult: success, version: HTTP/1.1)
HTTP/1.1 200 OK
Content-Length: 16
Content-Type: application/json; charset=utf-8
cache-control: no-cache

18:03:49.497 [AsyncHttpClient-1-6] DEBUG org.asynchttpclient.netty.channel.ChannelManager - Adding key: http://localhost:40958 for channel [id: 0x74d8e33e, L:/127.0.0.1:56648 - R:localhost/127.0.0.1:40958]
18:03:49.498 [Forwarding findElement on session d354349b70eeb49dcba764c7d058f7f1 to remote] DEBUG org.asynchttpclient.netty.request.NettyRequestSender - Using pooled Channel '[id: 0x74d8e33e, L:/127.0.0.1:56648 - R:localhost/127.0.0.1:40958]' for 'POST' to 'http://localhost:40958/session/d354349b70eeb49dcba764c7d058f7f1/element'
18:03:49.498 [Forwarding findElement on session d354349b70eeb49dcba764c7d058f7f1 to remote] DEBUG org.asynchttpclient.netty.request.NettyRequestSender - Using open Channel [id: 0x74d8e33e, L:/127.0.0.1:56648 - R:localhost/127.0.0.1:40958] for POST '/session/d354349b70eeb49dcba764c7d058f7f1/element'
18:03:49.509 [AsyncHttpClient-1-6] DEBUG org.asynchttpclient.netty.handler.HttpHandler - 

Request DefaultHttpRequest(decodeResult: success, version: HTTP/1.1)
POST /session/d354349b70eeb49dcba764c7d058f7f1/element HTTP/1.1
User-Agent: selenium/4.8.1 (java windows)
Content-Length: 96
Content-Type: application/json; charset=utf-8
host: localhost:40958
accept: */*

Response DefaultHttpResponse(decodeResult: success, version: HTTP/1.1)
HTTP/1.1 200 OK
Content-Length: 88
Content-Type: application/json; charset=utf-8
cache-control: no-cache

18:03:49.509 [AsyncHttpClient-1-6] DEBUG org.asynchttpclient.netty.channel.ChannelManager - Adding key: http://localhost:40958 for channel [id: 0x74d8e33e, L:/127.0.0.1:56648 - R:localhost/127.0.0.1:40958]
18:03:49.509 [Forwarding clickElement on session d354349b70eeb49dcba764c7d058f7f1 to remote] DEBUG org.asynchttpclient.netty.request.NettyRequestSender - Using pooled Channel '[id: 0x74d8e33e, L:/127.0.0.1:56648 - R:localhost/127.0.0.1:40958]' for 'POST' to 'http://localhost:40958/session/d354349b70eeb49dcba764c7d058f7f1/element/a5fb0c1b-bf72-46ff-8799-ed7dfe8c90ed/click'
18:03:49.510 [Forwarding clickElement on session d354349b70eeb49dcba764c7d058f7f1 to remote] DEBUG org.asynchttpclient.netty.request.NettyRequestSender - Using open Channel [id: 0x74d8e33e, L:/127.0.0.1:56648 - R:localhost/127.0.0.1:40958] for POST '/session/d354349b70eeb49dcba764c7d058f7f1/element/a5fb0c1b-bf72-46ff-8799-ed7dfe8c90ed/click'
18:03:49.605 [AsyncHttpClient-1-6] DEBUG org.asynchttpclient.netty.handler.HttpHandler - 

Request DefaultHttpRequest(decodeResult: success, version: HTTP/1.1)
POST /session/d354349b70eeb49dcba764c7d058f7f1/element/a5fb0c1b-bf72-46ff-8799-ed7dfe8c90ed/click HTTP/1.1
User-Agent: selenium/4.8.1 (java windows)
Content-Length: 50
Content-Type: application/json; charset=utf-8
host: localhost:40958
accept: */*

Response DefaultHttpResponse(decodeResult: success, version: HTTP/1.1)
HTTP/1.1 200 OK
Content-Length: 14
Content-Type: application/json; charset=utf-8
cache-control: no-cache

18:03:49.605 [AsyncHttpClient-1-6] DEBUG org.asynchttpclient.netty.channel.ChannelManager - Adding key: http://localhost:40958 for channel [id: 0x74d8e33e, L:/127.0.0.1:56648 - R:localhost/127.0.0.1:40958]
18:03:49.609 [Forwarding findElement on session d354349b70eeb49dcba764c7d058f7f1 to remote] DEBUG org.asynchttpclient.netty.request.NettyRequestSender - Using pooled Channel '[id: 0x74d8e33e, L:/127.0.0.1:56648 - R:localhost/127.0.0.1:40958]' for 'POST' to 'http://localhost:40958/session/d354349b70eeb49dcba764c7d058f7f1/element'
18:03:49.609 [Forwarding findElement on session d354349b70eeb49dcba764c7d058f7f1 to remote] DEBUG org.asynchttpclient.netty.request.NettyRequestSender - Using open Channel [id: 0x74d8e33e, L:/127.0.0.1:56648 - R:localhost/127.0.0.1:40958] for POST '/session/d354349b70eeb49dcba764c7d058f7f1/element'
18:03:49.625 [AsyncHttpClient-1-6] DEBUG org.asynchttpclient.netty.handler.HttpHandler - 

Request DefaultHttpRequest(decodeResult: success, version: HTTP/1.1)
POST /session/d354349b70eeb49dcba764c7d058f7f1/element HTTP/1.1
User-Agent: selenium/4.8.1 (java windows)
Content-Length: 96
Content-Type: application/json; charset=utf-8
host: localhost:40958
accept: */*

Response DefaultHttpResponse(decodeResult: success, version: HTTP/1.1)
HTTP/1.1 200 OK
Content-Length: 88
Content-Type: application/json; charset=utf-8
cache-control: no-cache

18:03:49.625 [AsyncHttpClient-1-6] DEBUG org.asynchttpclient.netty.channel.ChannelManager - Adding key: http://localhost:40958 for channel [id: 0x74d8e33e, L:/127.0.0.1:56648 - R:localhost/127.0.0.1:40958]
18:03:49.626 [Forwarding getElementTagName on session d354349b70eeb49dcba764c7d058f7f1 to remote] DEBUG org.asynchttpclient.netty.request.NettyRequestSender - Using pooled Channel '[id: 0x74d8e33e, L:/127.0.0.1:56648 - R:localhost/127.0.0.1:40958]' for 'GET' to 'http://localhost:40958/session/d354349b70eeb49dcba764c7d058f7f1/element/a5fb0c1b-bf72-46ff-8799-ed7dfe8c90ed/name'
18:03:49.626 [Forwarding getElementTagName on session d354349b70eeb49dcba764c7d058f7f1 to remote] DEBUG org.asynchttpclient.netty.request.NettyRequestSender - Using open Channel [id: 0x74d8e33e, L:/127.0.0.1:56648 - R:localhost/127.0.0.1:40958] for GET '/session/d354349b70eeb49dcba764c7d058f7f1/element/a5fb0c1b-bf72-46ff-8799-ed7dfe8c90ed/name'
18:03:49.629 [AsyncHttpClient-1-6] DEBUG org.asynchttpclient.netty.handler.HttpHandler - 

Request DefaultFullHttpRequest(decodeResult: success, version: HTTP/1.1, content: EmptyByteBufBE)
GET /session/d354349b70eeb49dcba764c7d058f7f1/element/a5fb0c1b-bf72-46ff-8799-ed7dfe8c90ed/name HTTP/1.1
User-Agent: selenium/4.8.1 (java windows)
Cache-Control: no-cache
Content-Type: application/json; charset=utf-8
host: localhost:40958
accept: */*

Response DefaultHttpResponse(decodeResult: success, version: HTTP/1.1)
HTTP/1.1 200 OK
Content-Length: 16
Content-Type: application/json; charset=utf-8
cache-control: no-cache

18:03:49.629 [AsyncHttpClient-1-6] DEBUG org.asynchttpclient.netty.channel.ChannelManager - Adding key: http://localhost:40958 for channel [id: 0x74d8e33e, L:/127.0.0.1:56648 - R:localhost/127.0.0.1:40958]
18:03:49.630 [Forwarding getElementTagName on session d354349b70eeb49dcba764c7d058f7f1 to remote] DEBUG org.asynchttpclient.netty.request.NettyRequestSender - Using pooled Channel '[id: 0x74d8e33e, L:/127.0.0.1:56648 - R:localhost/127.0.0.1:40958]' for 'GET' to 'http://localhost:40958/session/d354349b70eeb49dcba764c7d058f7f1/element/a5fb0c1b-bf72-46ff-8799-ed7dfe8c90ed/name'
18:03:49.630 [Forwarding getElementTagName on session d354349b70eeb49dcba764c7d058f7f1 to remote] DEBUG org.asynchttpclient.netty.request.NettyRequestSender - Using open Channel [id: 0x74d8e33e, L:/127.0.0.1:56648 - R:localhost/127.0.0.1:40958] for GET '/session/d354349b70eeb49dcba764c7d058f7f1/element/a5fb0c1b-bf72-46ff-8799-ed7dfe8c90ed/name'
18:03:49.633 [AsyncHttpClient-1-6] DEBUG org.asynchttpclient.netty.handler.HttpHandler - 

Request DefaultFullHttpRequest(decodeResult: success, version: HTTP/1.1, content: EmptyByteBufBE)
GET /session/d354349b70eeb49dcba764c7d058f7f1/element/a5fb0c1b-bf72-46ff-8799-ed7dfe8c90ed/name HTTP/1.1
User-Agent: selenium/4.8.1 (java windows)
Cache-Control: no-cache
Content-Type: application/json; charset=utf-8
host: localhost:40958
accept: */*

Response DefaultHttpResponse(decodeResult: success, version: HTTP/1.1)
HTTP/1.1 200 OK
Content-Length: 16
Content-Type: application/json; charset=utf-8
cache-control: no-cache

18:03:49.633 [AsyncHttpClient-1-6] DEBUG org.asynchttpclient.netty.channel.ChannelManager - Adding key: http://localhost:40958 for channel [id: 0x74d8e33e, L:/127.0.0.1:56648 - R:localhost/127.0.0.1:40958]
18:03:49.637 [Forwarding findElement on session d354349b70eeb49dcba764c7d058f7f1 to remote] DEBUG org.asynchttpclient.netty.request.NettyRequestSender - Using pooled Channel '[id: 0x74d8e33e, L:/127.0.0.1:56648 - R:localhost/127.0.0.1:40958]' for 'POST' to 'http://localhost:40958/session/d354349b70eeb49dcba764c7d058f7f1/element'
18:03:49.637 [Forwarding findElement on session d354349b70eeb49dcba764c7d058f7f1 to remote] DEBUG org.asynchttpclient.netty.request.NettyRequestSender - Using open Channel [id: 0x74d8e33e, L:/127.0.0.1:56648 - R:localhost/127.0.0.1:40958] for POST '/session/d354349b70eeb49dcba764c7d058f7f1/element'
18:03:49.647 [AsyncHttpClient-1-6] DEBUG org.asynchttpclient.netty.handler.HttpHandler - 

Request DefaultHttpRequest(decodeResult: success, version: HTTP/1.1)
POST /session/d354349b70eeb49dcba764c7d058f7f1/element HTTP/1.1
User-Agent: selenium/4.8.1 (java windows)
Content-Length: 96
Content-Type: application/json; charset=utf-8
host: localhost:40958
accept: */*

Response DefaultHttpResponse(decodeResult: success, version: HTTP/1.1)
HTTP/1.1 200 OK
Content-Length: 88
Content-Type: application/json; charset=utf-8
cache-control: no-cache

18:03:49.647 [AsyncHttpClient-1-6] DEBUG org.asynchttpclient.netty.channel.ChannelManager - Adding key: http://localhost:40958 for channel [id: 0x74d8e33e, L:/127.0.0.1:56648 - R:localhost/127.0.0.1:40958]
18:03:49.648 [Forwarding clickElement on session d354349b70eeb49dcba764c7d058f7f1 to remote] DEBUG org.asynchttpclient.netty.request.NettyRequestSender - Using pooled Channel '[id: 0x74d8e33e, L:/127.0.0.1:56648 - R:localhost/127.0.0.1:40958]' for 'POST' to 'http://localhost:40958/session/d354349b70eeb49dcba764c7d058f7f1/element/a5fb0c1b-bf72-46ff-8799-ed7dfe8c90ed/click'
18:03:49.648 [Forwarding clickElement on session d354349b70eeb49dcba764c7d058f7f1 to remote] DEBUG org.asynchttpclient.netty.request.NettyRequestSender - Using open Channel [id: 0x74d8e33e, L:/127.0.0.1:56648 - R:localhost/127.0.0.1:40958] for POST '/session/d354349b70eeb49dcba764c7d058f7f1/element/a5fb0c1b-bf72-46ff-8799-ed7dfe8c90ed/click'
18:03:49.707 [AsyncHttpClient-1-6] DEBUG org.asynchttpclient.netty.handler.HttpHandler - 

Request DefaultHttpRequest(decodeResult: success, version: HTTP/1.1)
POST /session/d354349b70eeb49dcba764c7d058f7f1/element/a5fb0c1b-bf72-46ff-8799-ed7dfe8c90ed/click HTTP/1.1
User-Agent: selenium/4.8.1 (java windows)
Content-Length: 50
Content-Type: application/json; charset=utf-8
host: localhost:40958
accept: */*

Response DefaultHttpResponse(decodeResult: success, version: HTTP/1.1)
HTTP/1.1 200 OK
Content-Length: 14
Content-Type: application/json; charset=utf-8
cache-control: no-cache

18:03:49.707 [AsyncHttpClient-1-6] DEBUG org.asynchttpclient.netty.channel.ChannelManager - Adding key: http://localhost:40958 for channel [id: 0x74d8e33e, L:/127.0.0.1:56648 - R:localhost/127.0.0.1:40958]
18:03:49.711 [Forwarding getAlertText on session d354349b70eeb49dcba764c7d058f7f1 to remote] DEBUG org.asynchttpclient.netty.request.NettyRequestSender - Using pooled Channel '[id: 0x74d8e33e, L:/127.0.0.1:56648 - R:localhost/127.0.0.1:40958]' for 'GET' to 'http://localhost:40958/session/d354349b70eeb49dcba764c7d058f7f1/alert/text'
18:03:49.711 [Forwarding getAlertText on session d354349b70eeb49dcba764c7d058f7f1 to remote] DEBUG org.asynchttpclient.netty.request.NettyRequestSender - Using open Channel [id: 0x74d8e33e, L:/127.0.0.1:56648 - R:localhost/127.0.0.1:40958] for GET '/session/d354349b70eeb49dcba764c7d058f7f1/alert/text'
18:03:49.713 [AsyncHttpClient-1-6] DEBUG org.asynchttpclient.netty.handler.HttpHandler - 

Request DefaultFullHttpRequest(decodeResult: success, version: HTTP/1.1, content: EmptyByteBufBE)
GET /session/d354349b70eeb49dcba764c7d058f7f1/alert/text HTTP/1.1
User-Agent: selenium/4.8.1 (java windows)
Cache-Control: no-cache
Content-Type: application/json; charset=utf-8
host: localhost:40958
accept: */*

Response DefaultHttpResponse(decodeResult: success, version: HTTP/1.1)
HTTP/1.1 404 Not Found
Content-Length: 848
Content-Type: application/json; charset=utf-8
cache-control: no-cache

18:03:49.713 [AsyncHttpClient-1-6] DEBUG org.asynchttpclient.netty.channel.ChannelManager - Adding key: http://localhost:40958 for channel [id: 0x74d8e33e, L:/127.0.0.1:56648 - R:localhost/127.0.0.1:40958]
18:03:49.714 [Forwarding getCurrentUrl on session d354349b70eeb49dcba764c7d058f7f1 to remote] DEBUG org.asynchttpclient.netty.request.NettyRequestSender - Using pooled Channel '[id: 0x74d8e33e, L:/127.0.0.1:56648 - R:localhost/127.0.0.1:40958]' for 'GET' to 'http://localhost:40958/session/d354349b70eeb49dcba764c7d058f7f1/url'
18:03:49.714 [Forwarding getCurrentUrl on session d354349b70eeb49dcba764c7d058f7f1 to remote] DEBUG org.asynchttpclient.netty.request.NettyRequestSender - Using open Channel [id: 0x74d8e33e, L:/127.0.0.1:56648 - R:localhost/127.0.0.1:40958] for GET '/session/d354349b70eeb49dcba764c7d058f7f1/url'
18:03:49.728 [AsyncHttpClient-1-6] DEBUG org.asynchttpclient.netty.handler.HttpHandler - 

Request DefaultFullHttpRequest(decodeResult: success, version: HTTP/1.1, content: EmptyByteBufBE)
GET /session/d354349b70eeb49dcba764c7d058f7f1/url HTTP/1.1
User-Agent: selenium/4.8.1 (java windows)
Cache-Control: no-cache
Content-Type: application/json; charset=utf-8
host: localhost:40958
accept: */*

Response DefaultHttpResponse(decodeResult: success, version: HTTP/1.1)
HTTP/1.1 200 OK
Content-Length: 41
Content-Type: application/json; charset=utf-8
cache-control: no-cache

18:03:49.729 [AsyncHttpClient-1-6] DEBUG org.asynchttpclient.netty.channel.ChannelManager - Adding key: http://localhost:40958 for channel [id: 0x74d8e33e, L:/127.0.0.1:56648 - R:localhost/127.0.0.1:40958]
18:03:49.729 [Forwarding screenshot on session d354349b70eeb49dcba764c7d058f7f1 to remote] DEBUG org.asynchttpclient.netty.request.NettyRequestSender - Using pooled Channel '[id: 0x74d8e33e, L:/127.0.0.1:56648 - R:localhost/127.0.0.1:40958]' for 'GET' to 'http://localhost:40958/session/d354349b70eeb49dcba764c7d058f7f1/screenshot'
18:03:49.729 [Forwarding screenshot on session d354349b70eeb49dcba764c7d058f7f1 to remote] DEBUG org.asynchttpclient.netty.request.NettyRequestSender - Using open Channel [id: 0x74d8e33e, L:/127.0.0.1:56648 - R:localhost/127.0.0.1:40958] for GET '/session/d354349b70eeb49dcba764c7d058f7f1/screenshot'
18:03:49.747 [AsyncHttpClient-1-1] DEBUG org.asynchttpclient.netty.channel.DefaultChannelPool - Entry count for : http://localhost:56650 : 1
18:03:49.836 [AsyncHttpClient-1-6] DEBUG org.asynchttpclient.netty.handler.HttpHandler - 

Request DefaultFullHttpRequest(decodeResult: success, version: HTTP/1.1, content: EmptyByteBufBE)
GET /session/d354349b70eeb49dcba764c7d058f7f1/screenshot HTTP/1.1
User-Agent: selenium/4.8.1 (java windows)
Cache-Control: no-cache
Content-Type: application/json; charset=utf-8
host: localhost:40958
accept: */*

Response DefaultHttpResponse(decodeResult: success, version: HTTP/1.1)
HTTP/1.1 200 OK
Content-Length: 100956
Content-Type: application/json; charset=utf-8
cache-control: no-cache

18:03:49.837 [AsyncHttpClient-1-6] DEBUG org.asynchttpclient.netty.channel.ChannelManager - Adding key: http://localhost:40958 for channel [id: 0x74d8e33e, L:/127.0.0.1:56648 - R:localhost/127.0.0.1:40958]
18:03:49.851 [main] DEBUG net.serenitybdd.core.photography.Darkroom - Send negative for processing for target\site\serenity\c77d711ab0857d42c81f8a44e2b2f847bac4d6a6ad987672fac296d85288dfd3.png
18:03:49.852 [main] DEBUG net.thucydides.core.steps.StepInterceptor - STEP DONE: user click button Beli
18:03:49.852 [Darkroom Processing Line] DEBUG net.serenitybdd.core.photography.DarkroomProcessingLine - Processing screenshot image in /var/screenshots/screenshot-666581718954182342
  &amp#27;[32mWhen &amp#27;[0m&amp#27;[32muser click button Beli&amp#27;[0m                   &amp#27;[90m# starter.stepdefinition.ProductStep.userClickButtonBeli()&amp#27;[0m
18:03:49.852 [Darkroom Processing Line] DEBUG net.serenitybdd.core.photography.DarkroomProcessingLine - Saving screenshot to target\site\serenity\c77d711ab0857d42c81f8a44e2b2f847bac4d6a6ad987672fac296d85288dfd3.png
18:03:49.863 [main] DEBUG net.thucydides.core.steps.StepInterceptor - STARTING STEP: ProductStep.userSuccessToAddProductToCart - user success to add product to cart
18:03:49.865 [Forwarding findElement on session d354349b70eeb49dcba764c7d058f7f1 to remote] DEBUG org.asynchttpclient.netty.request.NettyRequestSender - Using pooled Channel '[id: 0x74d8e33e, L:/127.0.0.1:56648 - R:localhost/127.0.0.1:40958]' for 'POST' to 'http://localhost:40958/session/d354349b70eeb49dcba764c7d058f7f1/element'
18:03:49.865 [Forwarding findElement on session d354349b70eeb49dcba764c7d058f7f1 to remote] DEBUG org.asynchttpclient.netty.request.NettyRequestSender - Using open Channel [id: 0x74d8e33e, L:/127.0.0.1:56648 - R:localhost/127.0.0.1:40958] for POST '/session/d354349b70eeb49dcba764c7d058f7f1/element'
18:03:49.881 [AsyncHttpClient-1-6] DEBUG org.asynchttpclient.netty.handler.HttpHandler - 

Request DefaultHttpRequest(decodeResult: success, version: HTTP/1.1)
POST /session/d354349b70eeb49dcba764c7d058f7f1/element HTTP/1.1
User-Agent: selenium/4.8.1 (java windows)
Content-Length: 80
Content-Type: application/json; charset=utf-8
host: localhost:40958
accept: */*

Response DefaultHttpResponse(decodeResult: success, version: HTTP/1.1)
HTTP/1.1 200 OK
Content-Length: 88
Content-Type: application/json; charset=utf-8
cache-control: no-cache

18:03:49.881 [AsyncHttpClient-1-6] DEBUG org.asynchttpclient.netty.channel.ChannelManager - Adding key: http://localhost:40958 for channel [id: 0x74d8e33e, L:/127.0.0.1:56648 - R:localhost/127.0.0.1:40958]
18:03:49.886 [Forwarding isElementDisplayed on session d354349b70eeb49dcba764c7d058f7f1 to remote] DEBUG org.asynchttpclient.netty.request.NettyRequestSender - Using pooled Channel '[id: 0x74d8e33e, L:/127.0.0.1:56648 - R:localhost/127.0.0.1:40958]' for 'POST' to 'http://localhost:40958/session/d354349b70eeb49dcba764c7d058f7f1/execute/sync'
18:03:49.886 [Forwarding isElementDisplayed on session d354349b70eeb49dcba764c7d058f7f1 to remote] DEBUG org.asynchttpclient.netty.request.NettyRequestSender - Using open Channel [id: 0x74d8e33e, L:/127.0.0.1:56648 - R:localhost/127.0.0.1:40958] for POST '/session/d354349b70eeb49dcba764c7d058f7f1/execute/sync'
18:03:49.896 [AsyncHttpClient-1-6] DEBUG org.asynchttpclient.netty.handler.HttpHandler - 

Request DefaultHttpRequest(decodeResult: success, version: HTTP/1.1)
POST /session/d354349b70eeb49dcba764c7d058f7f1/execute/sync HTTP/1.1
User-Agent: selenium/4.8.1 (java windows)
Content-Length: 48807
Content-Type: application/json; charset=utf-8
host: localhost:40958
accept: */*

Response DefaultHttpResponse(decodeResult: success, version: HTTP/1.1)
HTTP/1.1 200 OK
Content-Length: 14
Content-Type: application/json; charset=utf-8
cache-control: no-cache

18:03:49.896 [AsyncHttpClient-1-6] DEBUG org.asynchttpclient.netty.channel.ChannelManager - Adding key: http://localhost:40958 for channel [id: 0x74d8e33e, L:/127.0.0.1:56648 - R:localhost/127.0.0.1:40958]
18:03:49.902 [Forwarding getAlertText on session d354349b70eeb49dcba764c7d058f7f1 to remote] DEBUG org.asynchttpclient.netty.request.NettyRequestSender - Using pooled Channel '[id: 0x74d8e33e, L:/127.0.0.1:56648 - R:localhost/127.0.0.1:40958]' for 'GET' to 'http://localhost:40958/session/d354349b70eeb49dcba764c7d058f7f1/alert/text'
18:03:49.902 [Forwarding getAlertText on session d354349b70eeb49dcba764c7d058f7f1 to remote] DEBUG org.asynchttpclient.netty.request.NettyRequestSender - Using open Channel [id: 0x74d8e33e, L:/127.0.0.1:56648 - R:localhost/127.0.0.1:40958] for GET '/session/d354349b70eeb49dcba764c7d058f7f1/alert/text'
18:03:49.913 [AsyncHttpClient-1-6] DEBUG org.asynchttpclient.netty.handler.HttpHandler - 

Request DefaultFullHttpRequest(decodeResult: success, version: HTTP/1.1, content: EmptyByteBufBE)
GET /session/d354349b70eeb49dcba764c7d058f7f1/alert/text HTTP/1.1
User-Agent: selenium/4.8.1 (java windows)
Cache-Control: no-cache
Content-Type: application/json; charset=utf-8
host: localhost:40958
accept: */*

Response DefaultHttpResponse(decodeResult: success, version: HTTP/1.1)
HTTP/1.1 404 Not Found
Content-Length: 848
Content-Type: application/json; charset=utf-8
cache-control: no-cache

18:03:49.913 [AsyncHttpClient-1-6] DEBUG org.asynchttpclient.netty.channel.ChannelManager - Adding key: http://localhost:40958 for channel [id: 0x74d8e33e, L:/127.0.0.1:56648 - R:localhost/127.0.0.1:40958]
18:03:49.914 [Forwarding getCurrentUrl on session d354349b70eeb49dcba764c7d058f7f1 to remote] DEBUG org.asynchttpclient.netty.request.NettyRequestSender - Using pooled Channel '[id: 0x74d8e33e, L:/127.0.0.1:56648 - R:localhost/127.0.0.1:40958]' for 'GET' to 'http://localhost:40958/session/d354349b70eeb49dcba764c7d058f7f1/url'
18:03:49.914 [Forwarding getCurrentUrl on session d354349b70eeb49dcba764c7d058f7f1 to remote] DEBUG org.asynchttpclient.netty.request.NettyRequestSender - Using open Channel [id: 0x74d8e33e, L:/127.0.0.1:56648 - R:localhost/127.0.0.1:40958] for GET '/session/d354349b70eeb49dcba764c7d058f7f1/url'
18:03:49.932 [AsyncHttpClient-1-6] DEBUG org.asynchttpclient.netty.handler.HttpHandler - 

Request DefaultFullHttpRequest(decodeResult: success, version: HTTP/1.1, content: EmptyByteBufBE)
GET /session/d354349b70eeb49dcba764c7d058f7f1/url HTTP/1.1
User-Agent: selenium/4.8.1 (java windows)
Cache-Control: no-cache
Content-Type: application/json; charset=utf-8
host: localhost:40958
accept: */*

Response DefaultHttpResponse(decodeResult: success, version: HTTP/1.1)
HTTP/1.1 200 OK
Content-Length: 41
Content-Type: application/json; charset=utf-8
cache-control: no-cache

18:03:49.932 [AsyncHttpClient-1-6] DEBUG org.asynchttpclient.netty.channel.ChannelManager - Adding key: http://localhost:40958 for channel [id: 0x74d8e33e, L:/127.0.0.1:56648 - R:localhost/127.0.0.1:40958]
18:03:49.932 [Forwarding screenshot on session d354349b70eeb49dcba764c7d058f7f1 to remote] DEBUG org.asynchttpclient.netty.request.NettyRequestSender - Using pooled Channel '[id: 0x74d8e33e, L:/127.0.0.1:56648 - R:localhost/127.0.0.1:40958]' for 'GET' to 'http://localhost:40958/session/d354349b70eeb49dcba764c7d058f7f1/screenshot'
18:03:49.932 [Forwarding screenshot on session d354349b70eeb49dcba764c7d058f7f1 to remote] DEBUG org.asynchttpclient.netty.request.NettyRequestSender - Using open Channel [id: 0x74d8e33e, L:/127.0.0.1:56648 - R:localhost/127.0.0.1:40958] for GET '/session/d354349b70eeb49dcba764c7d058f7f1/screenshot'
18:03:50.032 [AsyncHttpClient-1-6] DEBUG org.asynchttpclient.netty.handler.HttpHandler - 

Request DefaultFullHttpRequest(decodeResult: success, version: HTTP/1.1, content: EmptyByteBufBE)
GET /session/d354349b70eeb49dcba764c7d058f7f1/screenshot HTTP/1.1
User-Agent: selenium/4.8.1 (java windows)
Cache-Control: no-cache
Content-Type: application/json; charset=utf-8
host: localhost:40958
accept: */*

Response DefaultHttpResponse(decodeResult: success, version: HTTP/1.1)
HTTP/1.1 200 OK
Content-Length: 100056
Content-Type: application/json; charset=utf-8
cache-control: no-cache

18:03:50.033 [AsyncHttpClient-1-6] DEBUG org.asynchttpclient.netty.channel.ChannelManager - Adding key: http://localhost:40958 for channel [id: 0x74d8e33e, L:/127.0.0.1:56648 - R:localhost/127.0.0.1:40958]
18:03:50.037 [main] DEBUG net.serenitybdd.core.photography.Darkroom - Send negative for processing for target\site\serenity\ff0bbc5eece605f4093702495f7e5d3359f1b99c82575d789ef47e5d49d08c8c.png
18:03:50.037 [main] DEBUG net.thucydides.core.steps.StepInterceptor - STEP DONE: user success to add product to cart
  &amp#27;[32mThen &amp#27;[0m&amp#27;[32muser success to add product to cart&amp#27;[0m      &amp#27;[90m# starter.stepdefinition.ProductStep.userSuccessToAddProductToCart()&amp#27;[0m
18:03:50.041 [main] INFO  - 
  _____   ___   ___   _____     ___     _     ___   ___   ___   ___  
 |_   _| | __| / __| |_   _|   | _ \   /_\   / __| / __| | __| |   \ 
   | |   | _|  \__ \   | |     |  _/  / _ \  \__ \ \__ \ | _|  | |) |
   |_|   |___| |___/   |_|     |_|   /_/ \_\ |___/ |___/ |___| |___/ 

As a user, I want to buy some product
----------------------------------------------------------------------
18:03:50.042 [AsyncHttpClient-1-8] DEBUG org.asynchttpclient.netty.handler.WebSocketHandler - Channel Closed: [id: 0x1f2eeb9a, L:/127.0.0.1:56656 ! R:localhost/127.0.0.1:56650] with attribute NettyResponseFuture{currentRetry=0,
	isDone=1,
	isCancelled=0,
	asyncHandler=org.asynchttpclient.ws.WebSocketUpgradeHandler@7431ccc9,
	nettyRequest=org.asynchttpclient.netty.request.NettyRequest@1e635e07,
	future=java.util.concurrent.CompletableFuture@76e40647[Completed normally],
	uri=ws://localhost:56650/devtools/browser/cad0246c-96ca-4d9d-85fa-586205915fc7,
	keepAlive=true,
	redirectCount=0,
	timeoutsHolder=null,
	inAuth=0,
	touch=1683543824205}
18:03:50.042 [AsyncHttpClient-1-8] DEBUG org.asynchttpclient.netty.channel.ChannelManager - Closing Channel [id: 0x1f2eeb9a, L:/127.0.0.1:56656 ! R:localhost/127.0.0.1:56650] 
18:03:50.042 [Driver Command Executor] DEBUG org.asynchttpclient.netty.request.NettyRequestSender - Using pooled Channel '[id: 0x74d8e33e, L:/127.0.0.1:56648 - R:localhost/127.0.0.1:40958]' for 'DELETE' to 'http://localhost:40958/session/d354349b70eeb49dcba764c7d058f7f1'
18:03:50.042 [Driver Command Executor] DEBUG org.asynchttpclient.netty.request.NettyRequestSender - Using open Channel [id: 0x74d8e33e, L:/127.0.0.1:56648 - R:localhost/127.0.0.1:40958] for DELETE '/session/d354349b70eeb49dcba764c7d058f7f1'
18:03:50.080 [AsyncHttpClient-1-7] DEBUG org.asynchttpclient.netty.handler.HttpHandler - Unexpected I/O exception on channel [id: 0xc8e7b8c0, L:/127.0.0.1:56655 - R:localhost/127.0.0.1:56650]
java.io.IOException: An existing connection was forcibly closed by the remote host
	at sun.nio.ch.SocketDispatcher.read0(Native Method)
	at sun.nio.ch.SocketDispatcher.read(SocketDispatcher.java:43)
	at sun.nio.ch.IOUtil.readIntoNativeBuffer(IOUtil.java:223)
	at sun.nio.ch.IOUtil.read(IOUtil.java:192)
	at sun.nio.ch.SocketChannelImpl.read(SocketChannelImpl.java:378)
	at io.netty.buffer.PooledByteBuf.setBytes(PooledByteBuf.java:259)
	at io.netty.buffer.AbstractByteBuf.writeBytes(AbstractByteBuf.java:1132)
	at io.netty.channel.socket.nio.NioSocketChannel.doReadBytes(NioSocketChannel.java:357)
	at io.netty.channel.nio.AbstractNioByteChannel$NioByteUnsafe.read(AbstractNioByteChannel.java:151)
	at io.netty.channel.nio.NioEventLoop.processSelectedKey(NioEventLoop.java:788)
	at io.netty.channel.nio.NioEventLoop.processSelectedKeysOptimized(NioEventLoop.java:724)
	at io.netty.channel.nio.NioEventLoop.processSelectedKeys(NioEventLoop.java:650)
	at io.netty.channel.nio.NioEventLoop.run(NioEventLoop.java:562)
	at io.netty.util.concurrent.SingleThreadEventExecutor$4.run(SingleThreadEventExecutor.java:997)
	at io.netty.util.internal.ThreadExecutorMap$2.run(ThreadExecutorMap.java:74)
	at io.netty.util.concurrent.FastThreadLocalRunnable.run(FastThreadLocalRunnable.java:30)
	at java.lang.Thread.run(Thread.java:748)
18:03:50.080 [AsyncHttpClient-1-7] DEBUG org.asynchttpclient.netty.channel.ChannelManager - Closing Channel [id: 0xc8e7b8c0, L:/127.0.0.1:56655 - R:localhost/127.0.0.1:56650] 
18:03:50.080 [AsyncHttpClient-1-7] DEBUG org.asynchttpclient.netty.handler.HttpHandler - Channel Closed: [id: 0xc8e7b8c0, L:/127.0.0.1:56655 ! R:localhost/127.0.0.1:56650] with attribute DISCARD
18:03:50.129 [AsyncHttpClient-1-6] DEBUG org.asynchttpclient.netty.handler.HttpHandler - 

Request DefaultFullHttpRequest(decodeResult: success, version: HTTP/1.1, content: EmptyByteBufBE)
DELETE /session/d354349b70eeb49dcba764c7d058f7f1 HTTP/1.1
User-Agent: selenium/4.8.1 (java windows)
Content-Type: application/json; charset=utf-8
host: localhost:40958
accept: */*

Response DefaultHttpResponse(decodeResult: success, version: HTTP/1.1)
HTTP/1.1 200 OK
Content-Length: 14
Content-Type: application/json; charset=utf-8
cache-control: no-cache

18:03:50.129 [AsyncHttpClient-1-6] DEBUG org.asynchttpclient.netty.channel.ChannelManager - Adding key: http://localhost:40958 for channel [id: 0x74d8e33e, L:/127.0.0.1:56648 - R:localhost/127.0.0.1:40958]
18:03:50.233 [AsyncHttpClient-1-6] DEBUG org.asynchttpclient.netty.handler.HttpHandler - Channel Closed: [id: 0x74d8e33e, L:/127.0.0.1:56648 ! R:localhost/127.0.0.1:40958] with attribute DISCARD
]]></system-out>
    <system-err><![CDATA[Starting ChromeDriver 112.0.5615.49 (bd2a7bcb881c11e8cfe3078709382934e3916914-refs/branch-heads/5615@{#936}) on port 40958
Only local connections are allowed.
Please see https://chromedriver.chromium.org/security-considerations for suggestions on keeping ChromeDriver safe.
ChromeDriver was started successfully.
May 08, 2023 6:03:44 PM org.openqa.selenium.devtools.CdpVersionFinder findNearestMatch
WARNING: Unable to find an exact match for CDP version 112, so returning the closest version found: 110
]]></system-err>
  </testcase>
  <testcase name="As a user, I want to see detail product" classname="Product - As a user I want to buying a product So that I have to select product" time="10.208">
    <system-out><![CDATA[
@TC_Product_002
Scenario: As a user, I want to see detail product &amp#27;[90m# src/test/resources/features/Product.feature:10&amp#27;[0m
18:03:50.774 [main] DEBUG io.cucumber.core.plugin.SerenityReporter - Running feature from file:///C:/Users/user/IdeaProjects/QE_Devi%20Agustin%20Utari_Mini_Project/Web_Automation_AltaShop/src/test/resources/features/Product.feature
18:03:50.777 [main] INFO  - 
  _____   ___   ___   _____     ___   _____     _     ___   _____   ___   ___  
 |_   _| | __| / __| |_   _|   / __| |_   _|   /_\   | _ \ |_   _| | __| |   \ 
   | |   | _|  \__ \   | |     \__ \   | |    / _ \  |   /   | |   | _|  | |) |
   |_|   |___| |___/   |_|     |___/   |_|   /_/ \_\ |_|_\   |_|   |___| |___/ 

As a user, I want to see detail product(product---as-a-user-i-want-to-buying-a-product-so-that-i-have-to-select-product;as-a-user--i-want-to-see-detail-product)
--------------------------------------------------------------------------------
18:03:51.108 [main] DEBUG net.thucydides.core.steps.StepInterceptor - STARTING STEP: LoginStep.userSuccessLogin - user on login page
18:03:51.177 [AsyncHttpClient-1-1] DEBUG org.asynchttpclient.netty.channel.DefaultChannelPool - Entry count for : http://localhost:40958 : 1
18:03:51.177 [AsyncHttpClient-1-1] DEBUG org.asynchttpclient.netty.channel.DefaultChannelPool - Entry count for : http://localhost:56650 : 1
18:03:51.177 [AsyncHttpClient-1-1] DEBUG org.asynchttpclient.netty.channel.DefaultChannelPool - Adding Candidate expired Channel [id: 0x74d8e33e, L:/127.0.0.1:56648 ! R:localhost/127.0.0.1:40958] isIdleTimeoutExpired=false isRemotelyClosed=true isTtlExpired=false
18:03:51.177 [AsyncHttpClient-1-1] DEBUG org.asynchttpclient.netty.channel.DefaultChannelPool - Closing Idle Channel [id: 0x74d8e33e, L:/127.0.0.1:56648 ! R:localhost/127.0.0.1:40958]
18:03:51.177 [AsyncHttpClient-1-1] DEBUG org.asynchttpclient.netty.channel.DefaultChannelPool - Adding Candidate expired Channel [id: 0xc8e7b8c0, L:/127.0.0.1:56655 ! R:localhost/127.0.0.1:56650] isIdleTimeoutExpired=false isRemotelyClosed=true isTtlExpired=false
18:03:51.177 [AsyncHttpClient-1-1] DEBUG org.asynchttpclient.netty.channel.DefaultChannelPool - Closing Idle Channel [id: 0xc8e7b8c0, L:/127.0.0.1:56655 ! R:localhost/127.0.0.1:56650]
18:03:51.177 [AsyncHttpClient-1-1] DEBUG org.asynchttpclient.netty.channel.DefaultChannelPool - Closed 2 connections out of 2 in 0 ms
18:03:52.699 [main] INFO net.serenitybdd.core.webdriver.driverproviders.ChromeDriverProvider - Starting Chrome driver instance with capabilities:
18:03:52.700 [main] INFO net.serenitybdd.core.webdriver.driverproviders.ChromeDriverProvider - Capabilities {acceptInsecureCerts: true, browserName: chrome, goog:chromeOptions: {args: [remote-allow-origins=*, test-type, no-sandbox, ignore-certificate-errors, start-maximized, incognito, disable-infobars, disable-gpu, disable-default-apps, disable-popup-blocking, remote-allow-origins=*, test-type, no-sandbox, ignore-certificate-errors, start-maximized, incognito, disable-infobars, disable-gpu, disable-default-apps, disable-popup-blocking, remote-allow-origins=*], extensions: []}}
18:03:53.343 [AsyncHttpClient-1-9] DEBUG org.asynchttpclient.netty.channel.NettyConnectListener - Using new Channel '[id: 0xb83eefc3, L:/127.0.0.1:56677 - R:localhost/127.0.0.1:39942]' for 'POST' to '/session'
18:03:54.255 [AsyncHttpClient-1-9] DEBUG org.asynchttpclient.netty.handler.HttpHandler - 

Request DefaultHttpRequest(decodeResult: success, version: HTTP/1.1)
POST /session HTTP/1.1
User-Agent: selenium/4.8.1 (java windows)
Content-Length: 1701
Content-Type: application/json; charset=utf-8
host: localhost:39942
accept: */*

Response DefaultHttpResponse(decodeResult: success, version: HTTP/1.1)
HTTP/1.1 200 OK
Content-Length: 844
Content-Type: application/json; charset=utf-8
cache-control: no-cache

18:03:54.255 [AsyncHttpClient-1-9] DEBUG org.asynchttpclient.netty.channel.ChannelManager - Adding key: http://localhost:39942 for channel [id: 0xb83eefc3, L:/127.0.0.1:56677 - R:localhost/127.0.0.1:39942]
18:03:54.260 [AsyncHttpClient-1-2] DEBUG org.asynchttpclient.netty.channel.NettyConnectListener - Using new Channel '[id: 0x819c7e09, L:/127.0.0.1:56683 - R:localhost/127.0.0.1:56678]' for 'GET' to '/json/version'
18:03:54.261 [AsyncHttpClient-1-2] DEBUG org.asynchttpclient.netty.handler.HttpHandler - 

Request DefaultFullHttpRequest(decodeResult: success, version: HTTP/1.1, content: EmptyByteBufBE)
GET /json/version HTTP/1.1
User-Agent: selenium/4.8.1 (java windows)
host: localhost:56678
accept: */*

Response DefaultHttpResponse(decodeResult: success, version: HTTP/1.1)
HTTP/1.1 200 OK
Content-Security-Policy: frame-ancestors 'none'
Content-Length: 424
Content-Type: application/json; charset=UTF-8

18:03:54.261 [AsyncHttpClient-1-2] DEBUG org.asynchttpclient.netty.channel.ChannelManager - Adding key: http://localhost:56678 for channel [id: 0x819c7e09, L:/127.0.0.1:56683 - R:localhost/127.0.0.1:56678]
18:03:54.264 [AsyncHttpClient-1-3] DEBUG org.asynchttpclient.netty.channel.NettyConnectListener - Using new Channel '[id: 0x1bb2c4bc, L:/127.0.0.1:56684 - R:localhost/127.0.0.1:56678]' for 'GET' to '/devtools/browser/ec27327f-560e-4c79-9525-cb4ce6097c41'
18:03:54.265 [AsyncHttpClient-1-3] DEBUG org.asynchttpclient.netty.handler.WebSocketHandler - 

Request DefaultFullHttpRequest(decodeResult: success, version: HTTP/1.1, content: EmptyByteBufBE)
GET /devtools/browser/ec27327f-560e-4c79-9525-cb4ce6097c41 HTTP/1.1
upgrade: websocket
connection: upgrade
sec-websocket-key: NLVFMqOH7z4YGBywxOBMpQ==
sec-websocket-version: 13
origin: http://localhost:56678
host: localhost:56678
accept: */*
user-agent: AHC/2.1

Response DefaultHttpResponse(decodeResult: success, version: HTTP/1.1)
HTTP/1.1 101 WebSocket Protocol Handshake
Upgrade: WebSocket
Connection: Upgrade
Sec-WebSocket-Accept: eH4AXFIOfL1FgFfw0i400Lqi12g=

18:03:54.269 [Forwarding get on session d5c1a33d61e1044c3db0a7076fad3f4a to remote] DEBUG org.asynchttpclient.netty.request.NettyRequestSender - Using pooled Channel '[id: 0xb83eefc3, L:/127.0.0.1:56677 - R:localhost/127.0.0.1:39942]' for 'POST' to 'http://localhost:39942/session/d5c1a33d61e1044c3db0a7076fad3f4a/url'
18:03:54.269 [Forwarding get on session d5c1a33d61e1044c3db0a7076fad3f4a to remote] DEBUG org.asynchttpclient.netty.request.NettyRequestSender - Using open Channel [id: 0xb83eefc3, L:/127.0.0.1:56677 - R:localhost/127.0.0.1:39942] for POST '/session/d5c1a33d61e1044c3db0a7076fad3f4a/url'
18:03:54.453 [AsyncHttpClient-1-1] DEBUG org.asynchttpclient.netty.channel.DefaultChannelPool - Entry count for : http://localhost:56678 : 1
18:03:55.428 [AsyncHttpClient-1-9] DEBUG org.asynchttpclient.netty.handler.HttpHandler - 

Request DefaultHttpRequest(decodeResult: success, version: HTTP/1.1)
POST /session/d5c1a33d61e1044c3db0a7076fad3f4a/url HTTP/1.1
User-Agent: selenium/4.8.1 (java windows)
Content-Length: 74
Content-Type: application/json; charset=utf-8
host: localhost:39942
accept: */*

Response DefaultHttpResponse(decodeResult: success, version: HTTP/1.1)
HTTP/1.1 200 OK
Content-Length: 14
Content-Type: application/json; charset=utf-8
cache-control: no-cache

18:03:55.428 [AsyncHttpClient-1-9] DEBUG org.asynchttpclient.netty.channel.ChannelManager - Adding key: http://localhost:39942 for channel [id: 0xb83eefc3, L:/127.0.0.1:56677 - R:localhost/127.0.0.1:39942]
18:03:55.430 [Forwarding setTimeout on session d5c1a33d61e1044c3db0a7076fad3f4a to remote] DEBUG org.asynchttpclient.netty.request.NettyRequestSender - Using pooled Channel '[id: 0xb83eefc3, L:/127.0.0.1:56677 - R:localhost/127.0.0.1:39942]' for 'POST' to 'http://localhost:39942/session/d5c1a33d61e1044c3db0a7076fad3f4a/timeouts'
18:03:55.430 [Forwarding setTimeout on session d5c1a33d61e1044c3db0a7076fad3f4a to remote] DEBUG org.asynchttpclient.netty.request.NettyRequestSender - Using open Channel [id: 0xb83eefc3, L:/127.0.0.1:56677 - R:localhost/127.0.0.1:39942] for POST '/session/d5c1a33d61e1044c3db0a7076fad3f4a/timeouts'
18:03:55.430 [AsyncHttpClient-1-9] DEBUG org.asynchttpclient.netty.handler.HttpHandler - 

Request DefaultHttpRequest(decodeResult: success, version: HTTP/1.1)
POST /session/d5c1a33d61e1044c3db0a7076fad3f4a/timeouts HTTP/1.1
User-Agent: selenium/4.8.1 (java windows)
Content-Length: 22
Content-Type: application/json; charset=utf-8
host: localhost:39942
accept: */*

Response DefaultHttpResponse(decodeResult: success, version: HTTP/1.1)
HTTP/1.1 200 OK
Content-Length: 14
Content-Type: application/json; charset=utf-8
cache-control: no-cache

18:03:55.431 [AsyncHttpClient-1-9] DEBUG org.asynchttpclient.netty.channel.ChannelManager - Adding key: http://localhost:39942 for channel [id: 0xb83eefc3, L:/127.0.0.1:56677 - R:localhost/127.0.0.1:39942]
18:03:55.440 [Forwarding findElement on session d5c1a33d61e1044c3db0a7076fad3f4a to remote] DEBUG org.asynchttpclient.netty.request.NettyRequestSender - Using pooled Channel '[id: 0xb83eefc3, L:/127.0.0.1:56677 - R:localhost/127.0.0.1:39942]' for 'POST' to 'http://localhost:39942/session/d5c1a33d61e1044c3db0a7076fad3f4a/element'
18:03:55.440 [Forwarding findElement on session d5c1a33d61e1044c3db0a7076fad3f4a to remote] DEBUG org.asynchttpclient.netty.request.NettyRequestSender - Using open Channel [id: 0xb83eefc3, L:/127.0.0.1:56677 - R:localhost/127.0.0.1:39942] for POST '/session/d5c1a33d61e1044c3db0a7076fad3f4a/element'
18:03:55.465 [AsyncHttpClient-1-9] DEBUG org.asynchttpclient.netty.handler.HttpHandler - 

Request DefaultHttpRequest(decodeResult: success, version: HTTP/1.1)
POST /session/d5c1a33d61e1044c3db0a7076fad3f4a/element HTTP/1.1
User-Agent: selenium/4.8.1 (java windows)
Content-Length: 69
Content-Type: application/json; charset=utf-8
host: localhost:39942
accept: */*

Response DefaultHttpResponse(decodeResult: success, version: HTTP/1.1)
HTTP/1.1 200 OK
Content-Length: 88
Content-Type: application/json; charset=utf-8
cache-control: no-cache

18:03:55.465 [AsyncHttpClient-1-9] DEBUG org.asynchttpclient.netty.channel.ChannelManager - Adding key: http://localhost:39942 for channel [id: 0xb83eefc3, L:/127.0.0.1:56677 - R:localhost/127.0.0.1:39942]
18:03:55.470 [Forwarding isElementDisplayed on session d5c1a33d61e1044c3db0a7076fad3f4a to remote] DEBUG org.asynchttpclient.netty.request.NettyRequestSender - Using pooled Channel '[id: 0xb83eefc3, L:/127.0.0.1:56677 - R:localhost/127.0.0.1:39942]' for 'POST' to 'http://localhost:39942/session/d5c1a33d61e1044c3db0a7076fad3f4a/execute/sync'
18:03:55.470 [Forwarding isElementDisplayed on session d5c1a33d61e1044c3db0a7076fad3f4a to remote] DEBUG org.asynchttpclient.netty.request.NettyRequestSender - Using open Channel [id: 0xb83eefc3, L:/127.0.0.1:56677 - R:localhost/127.0.0.1:39942] for POST '/session/d5c1a33d61e1044c3db0a7076fad3f4a/execute/sync'
18:03:55.488 [AsyncHttpClient-1-9] DEBUG org.asynchttpclient.netty.handler.HttpHandler - 

Request DefaultHttpRequest(decodeResult: success, version: HTTP/1.1)
POST /session/d5c1a33d61e1044c3db0a7076fad3f4a/execute/sync HTTP/1.1
User-Agent: selenium/4.8.1 (java windows)
Content-Length: 48807
Content-Type: application/json; charset=utf-8
host: localhost:39942
accept: */*

Response DefaultHttpResponse(decodeResult: success, version: HTTP/1.1)
HTTP/1.1 200 OK
Content-Length: 14
Content-Type: application/json; charset=utf-8
cache-control: no-cache

18:03:55.488 [AsyncHttpClient-1-9] DEBUG org.asynchttpclient.netty.channel.ChannelManager - Adding key: http://localhost:39942 for channel [id: 0xb83eefc3, L:/127.0.0.1:56677 - R:localhost/127.0.0.1:39942]
18:03:55.496 [Forwarding getAlertText on session d5c1a33d61e1044c3db0a7076fad3f4a to remote] DEBUG org.asynchttpclient.netty.request.NettyRequestSender - Using pooled Channel '[id: 0xb83eefc3, L:/127.0.0.1:56677 - R:localhost/127.0.0.1:39942]' for 'GET' to 'http://localhost:39942/session/d5c1a33d61e1044c3db0a7076fad3f4a/alert/text'
18:03:55.496 [Forwarding getAlertText on session d5c1a33d61e1044c3db0a7076fad3f4a to remote] DEBUG org.asynchttpclient.netty.request.NettyRequestSender - Using open Channel [id: 0xb83eefc3, L:/127.0.0.1:56677 - R:localhost/127.0.0.1:39942] for GET '/session/d5c1a33d61e1044c3db0a7076fad3f4a/alert/text'
18:03:55.498 [AsyncHttpClient-1-9] DEBUG org.asynchttpclient.netty.handler.HttpHandler - 

Request DefaultFullHttpRequest(decodeResult: success, version: HTTP/1.1, content: EmptyByteBufBE)
GET /session/d5c1a33d61e1044c3db0a7076fad3f4a/alert/text HTTP/1.1
User-Agent: selenium/4.8.1 (java windows)
Cache-Control: no-cache
Content-Type: application/json; charset=utf-8
host: localhost:39942
accept: */*

Response DefaultHttpResponse(decodeResult: success, version: HTTP/1.1)
HTTP/1.1 404 Not Found
Content-Length: 848
Content-Type: application/json; charset=utf-8
cache-control: no-cache

18:03:55.498 [AsyncHttpClient-1-9] DEBUG org.asynchttpclient.netty.channel.ChannelManager - Adding key: http://localhost:39942 for channel [id: 0xb83eefc3, L:/127.0.0.1:56677 - R:localhost/127.0.0.1:39942]
18:03:55.499 [Forwarding getCurrentUrl on session d5c1a33d61e1044c3db0a7076fad3f4a to remote] DEBUG org.asynchttpclient.netty.request.NettyRequestSender - Using pooled Channel '[id: 0xb83eefc3, L:/127.0.0.1:56677 - R:localhost/127.0.0.1:39942]' for 'GET' to 'http://localhost:39942/session/d5c1a33d61e1044c3db0a7076fad3f4a/url'
18:03:55.499 [Forwarding getCurrentUrl on session d5c1a33d61e1044c3db0a7076fad3f4a to remote] DEBUG org.asynchttpclient.netty.request.NettyRequestSender - Using open Channel [id: 0xb83eefc3, L:/127.0.0.1:56677 - R:localhost/127.0.0.1:39942] for GET '/session/d5c1a33d61e1044c3db0a7076fad3f4a/url'
18:03:55.504 [AsyncHttpClient-1-9] DEBUG org.asynchttpclient.netty.handler.HttpHandler - 

Request DefaultFullHttpRequest(decodeResult: success, version: HTTP/1.1, content: EmptyByteBufBE)
GET /session/d5c1a33d61e1044c3db0a7076fad3f4a/url HTTP/1.1
User-Agent: selenium/4.8.1 (java windows)
Cache-Control: no-cache
Content-Type: application/json; charset=utf-8
host: localhost:39942
accept: */*

Response DefaultHttpResponse(decodeResult: success, version: HTTP/1.1)
HTTP/1.1 200 OK
Content-Length: 51
Content-Type: application/json; charset=utf-8
cache-control: no-cache

18:03:55.504 [AsyncHttpClient-1-9] DEBUG org.asynchttpclient.netty.channel.ChannelManager - Adding key: http://localhost:39942 for channel [id: 0xb83eefc3, L:/127.0.0.1:56677 - R:localhost/127.0.0.1:39942]
18:03:55.505 [Forwarding screenshot on session d5c1a33d61e1044c3db0a7076fad3f4a to remote] DEBUG org.asynchttpclient.netty.request.NettyRequestSender - Using pooled Channel '[id: 0xb83eefc3, L:/127.0.0.1:56677 - R:localhost/127.0.0.1:39942]' for 'GET' to 'http://localhost:39942/session/d5c1a33d61e1044c3db0a7076fad3f4a/screenshot'
18:03:55.505 [Forwarding screenshot on session d5c1a33d61e1044c3db0a7076fad3f4a to remote] DEBUG org.asynchttpclient.netty.request.NettyRequestSender - Using open Channel [id: 0xb83eefc3, L:/127.0.0.1:56677 - R:localhost/127.0.0.1:39942] for GET '/session/d5c1a33d61e1044c3db0a7076fad3f4a/screenshot'
18:03:55.556 [AsyncHttpClient-1-1] DEBUG org.asynchttpclient.netty.channel.DefaultChannelPool - Entry count for : http://localhost:56678 : 1
18:03:55.627 [AsyncHttpClient-1-9] DEBUG org.asynchttpclient.netty.handler.HttpHandler - 

Request DefaultFullHttpRequest(decodeResult: success, version: HTTP/1.1, content: EmptyByteBufBE)
GET /session/d5c1a33d61e1044c3db0a7076fad3f4a/screenshot HTTP/1.1
User-Agent: selenium/4.8.1 (java windows)
Cache-Control: no-cache
Content-Type: application/json; charset=utf-8
host: localhost:39942
accept: */*

Response DefaultHttpResponse(decodeResult: success, version: HTTP/1.1)
HTTP/1.1 200 OK
Content-Length: 25060
Content-Type: application/json; charset=utf-8
cache-control: no-cache

18:03:55.627 [AsyncHttpClient-1-9] DEBUG org.asynchttpclient.netty.channel.ChannelManager - Adding key: http://localhost:39942 for channel [id: 0xb83eefc3, L:/127.0.0.1:56677 - R:localhost/127.0.0.1:39942]
18:03:55.631 [main] DEBUG net.serenitybdd.core.photography.Darkroom - Send negative for processing for target\site\serenity\1db263dd5c04c8fe15e82ee6420144d4e1e7b9826b9315cfd7ec5b5d0da76045.png
18:03:55.631 [main] DEBUG net.thucydides.core.steps.StepInterceptor - STEP DONE: user on login page
18:03:55.634 [main] DEBUG net.thucydides.core.steps.StepInterceptor - STARTING STEP: LoginStep.userSuccessLogin - user input valid email
18:03:55.637 [Forwarding findElement on session d5c1a33d61e1044c3db0a7076fad3f4a to remote] DEBUG org.asynchttpclient.netty.request.NettyRequestSender - Using pooled Channel '[id: 0xb83eefc3, L:/127.0.0.1:56677 - R:localhost/127.0.0.1:39942]' for 'POST' to 'http://localhost:39942/session/d5c1a33d61e1044c3db0a7076fad3f4a/element'
18:03:55.637 [Forwarding findElement on session d5c1a33d61e1044c3db0a7076fad3f4a to remote] DEBUG org.asynchttpclient.netty.request.NettyRequestSender - Using open Channel [id: 0xb83eefc3, L:/127.0.0.1:56677 - R:localhost/127.0.0.1:39942] for POST '/session/d5c1a33d61e1044c3db0a7076fad3f4a/element'
18:03:55.651 [AsyncHttpClient-1-9] DEBUG org.asynchttpclient.netty.handler.HttpHandler - 

Request DefaultHttpRequest(decodeResult: success, version: HTTP/1.1)
POST /session/d5c1a33d61e1044c3db0a7076fad3f4a/element HTTP/1.1
User-Agent: selenium/4.8.1 (java windows)
Content-Length: 55
Content-Type: application/json; charset=utf-8
host: localhost:39942
accept: */*

Response DefaultHttpResponse(decodeResult: success, version: HTTP/1.1)
HTTP/1.1 200 OK
Content-Length: 88
Content-Type: application/json; charset=utf-8
cache-control: no-cache

18:03:55.651 [AsyncHttpClient-1-9] DEBUG org.asynchttpclient.netty.channel.ChannelManager - Adding key: http://localhost:39942 for channel [id: 0xb83eefc3, L:/127.0.0.1:56677 - R:localhost/127.0.0.1:39942]
18:03:55.652 [Forwarding clearElement on session d5c1a33d61e1044c3db0a7076fad3f4a to remote] DEBUG org.asynchttpclient.netty.request.NettyRequestSender - Using pooled Channel '[id: 0xb83eefc3, L:/127.0.0.1:56677 - R:localhost/127.0.0.1:39942]' for 'POST' to 'http://localhost:39942/session/d5c1a33d61e1044c3db0a7076fad3f4a/element/30381ed8-bc8a-4ee4-a7c1-f17eb767a4a4/clear'
18:03:55.652 [Forwarding clearElement on session d5c1a33d61e1044c3db0a7076fad3f4a to remote] DEBUG org.asynchttpclient.netty.request.NettyRequestSender - Using open Channel [id: 0xb83eefc3, L:/127.0.0.1:56677 - R:localhost/127.0.0.1:39942] for POST '/session/d5c1a33d61e1044c3db0a7076fad3f4a/element/30381ed8-bc8a-4ee4-a7c1-f17eb767a4a4/clear'
18:03:55.697 [AsyncHttpClient-1-9] DEBUG org.asynchttpclient.netty.handler.HttpHandler - 

Request DefaultHttpRequest(decodeResult: success, version: HTTP/1.1)
POST /session/d5c1a33d61e1044c3db0a7076fad3f4a/element/30381ed8-bc8a-4ee4-a7c1-f17eb767a4a4/clear HTTP/1.1
User-Agent: selenium/4.8.1 (java windows)
Content-Length: 50
Content-Type: application/json; charset=utf-8
host: localhost:39942
accept: */*

Response DefaultHttpResponse(decodeResult: success, version: HTTP/1.1)
HTTP/1.1 200 OK
Content-Length: 14
Content-Type: application/json; charset=utf-8
cache-control: no-cache

18:03:55.697 [AsyncHttpClient-1-9] DEBUG org.asynchttpclient.netty.channel.ChannelManager - Adding key: http://localhost:39942 for channel [id: 0xb83eefc3, L:/127.0.0.1:56677 - R:localhost/127.0.0.1:39942]
18:03:55.698 [Forwarding sendKeysToElement on session d5c1a33d61e1044c3db0a7076fad3f4a to remote] DEBUG org.asynchttpclient.netty.request.NettyRequestSender - Using pooled Channel '[id: 0xb83eefc3, L:/127.0.0.1:56677 - R:localhost/127.0.0.1:39942]' for 'POST' to 'http://localhost:39942/session/d5c1a33d61e1044c3db0a7076fad3f4a/element/30381ed8-bc8a-4ee4-a7c1-f17eb767a4a4/value'
18:03:55.698 [Forwarding sendKeysToElement on session d5c1a33d61e1044c3db0a7076fad3f4a to remote] DEBUG org.asynchttpclient.netty.request.NettyRequestSender - Using open Channel [id: 0xb83eefc3, L:/127.0.0.1:56677 - R:localhost/127.0.0.1:39942] for POST '/session/d5c1a33d61e1044c3db0a7076fad3f4a/element/30381ed8-bc8a-4ee4-a7c1-f17eb767a4a4/value'
18:03:55.928 [AsyncHttpClient-1-9] DEBUG org.asynchttpclient.netty.handler.HttpHandler - 

Request DefaultHttpRequest(decodeResult: success, version: HTTP/1.1)
POST /session/d5c1a33d61e1044c3db0a7076fad3f4a/element/30381ed8-bc8a-4ee4-a7c1-f17eb767a4a4/value HTTP/1.1
User-Agent: selenium/4.8.1 (java windows)
Content-Length: 271
Content-Type: application/json; charset=utf-8
host: localhost:39942
accept: */*

Response DefaultHttpResponse(decodeResult: success, version: HTTP/1.1)
HTTP/1.1 200 OK
Content-Length: 14
Content-Type: application/json; charset=utf-8
cache-control: no-cache

18:03:55.928 [AsyncHttpClient-1-9] DEBUG org.asynchttpclient.netty.channel.ChannelManager - Adding key: http://localhost:39942 for channel [id: 0xb83eefc3, L:/127.0.0.1:56677 - R:localhost/127.0.0.1:39942]
18:03:55.939 [Forwarding getAlertText on session d5c1a33d61e1044c3db0a7076fad3f4a to remote] DEBUG org.asynchttpclient.netty.request.NettyRequestSender - Using pooled Channel '[id: 0xb83eefc3, L:/127.0.0.1:56677 - R:localhost/127.0.0.1:39942]' for 'GET' to 'http://localhost:39942/session/d5c1a33d61e1044c3db0a7076fad3f4a/alert/text'
18:03:55.939 [Forwarding getAlertText on session d5c1a33d61e1044c3db0a7076fad3f4a to remote] DEBUG org.asynchttpclient.netty.request.NettyRequestSender - Using open Channel [id: 0xb83eefc3, L:/127.0.0.1:56677 - R:localhost/127.0.0.1:39942] for GET '/session/d5c1a33d61e1044c3db0a7076fad3f4a/alert/text'
18:03:55.941 [AsyncHttpClient-1-9] DEBUG org.asynchttpclient.netty.handler.HttpHandler - 

Request DefaultFullHttpRequest(decodeResult: success, version: HTTP/1.1, content: EmptyByteBufBE)
GET /session/d5c1a33d61e1044c3db0a7076fad3f4a/alert/text HTTP/1.1
User-Agent: selenium/4.8.1 (java windows)
Cache-Control: no-cache
Content-Type: application/json; charset=utf-8
host: localhost:39942
accept: */*

Response DefaultHttpResponse(decodeResult: success, version: HTTP/1.1)
HTTP/1.1 404 Not Found
Content-Length: 848
Content-Type: application/json; charset=utf-8
cache-control: no-cache

18:03:55.941 [AsyncHttpClient-1-9] DEBUG org.asynchttpclient.netty.channel.ChannelManager - Adding key: http://localhost:39942 for channel [id: 0xb83eefc3, L:/127.0.0.1:56677 - R:localhost/127.0.0.1:39942]
18:03:55.942 [Forwarding getCurrentUrl on session d5c1a33d61e1044c3db0a7076fad3f4a to remote] DEBUG org.asynchttpclient.netty.request.NettyRequestSender - Using pooled Channel '[id: 0xb83eefc3, L:/127.0.0.1:56677 - R:localhost/127.0.0.1:39942]' for 'GET' to 'http://localhost:39942/session/d5c1a33d61e1044c3db0a7076fad3f4a/url'
18:03:55.942 [Forwarding getCurrentUrl on session d5c1a33d61e1044c3db0a7076fad3f4a to remote] DEBUG org.asynchttpclient.netty.request.NettyRequestSender - Using open Channel [id: 0xb83eefc3, L:/127.0.0.1:56677 - R:localhost/127.0.0.1:39942] for GET '/session/d5c1a33d61e1044c3db0a7076fad3f4a/url'
18:03:55.946 [AsyncHttpClient-1-9] DEBUG org.asynchttpclient.netty.handler.HttpHandler - 

Request DefaultFullHttpRequest(decodeResult: success, version: HTTP/1.1, content: EmptyByteBufBE)
GET /session/d5c1a33d61e1044c3db0a7076fad3f4a/url HTTP/1.1
User-Agent: selenium/4.8.1 (java windows)
Cache-Control: no-cache
Content-Type: application/json; charset=utf-8
host: localhost:39942
accept: */*

Response DefaultHttpResponse(decodeResult: success, version: HTTP/1.1)
HTTP/1.1 200 OK
Content-Length: 51
Content-Type: application/json; charset=utf-8
cache-control: no-cache

18:03:55.946 [AsyncHttpClient-1-9] DEBUG org.asynchttpclient.netty.channel.ChannelManager - Adding key: http://localhost:39942 for channel [id: 0xb83eefc3, L:/127.0.0.1:56677 - R:localhost/127.0.0.1:39942]
18:03:55.947 [Forwarding screenshot on session d5c1a33d61e1044c3db0a7076fad3f4a to remote] DEBUG org.asynchttpclient.netty.request.NettyRequestSender - Using pooled Channel '[id: 0xb83eefc3, L:/127.0.0.1:56677 - R:localhost/127.0.0.1:39942]' for 'GET' to 'http://localhost:39942/session/d5c1a33d61e1044c3db0a7076fad3f4a/screenshot'
18:03:55.947 [Forwarding screenshot on session d5c1a33d61e1044c3db0a7076fad3f4a to remote] DEBUG org.asynchttpclient.netty.request.NettyRequestSender - Using open Channel [id: 0xb83eefc3, L:/127.0.0.1:56677 - R:localhost/127.0.0.1:39942] for GET '/session/d5c1a33d61e1044c3db0a7076fad3f4a/screenshot'
18:03:56.119 [AsyncHttpClient-1-9] DEBUG org.asynchttpclient.netty.handler.HttpHandler - 

Request DefaultFullHttpRequest(decodeResult: success, version: HTTP/1.1, content: EmptyByteBufBE)
GET /session/d5c1a33d61e1044c3db0a7076fad3f4a/screenshot HTTP/1.1
User-Agent: selenium/4.8.1 (java windows)
Cache-Control: no-cache
Content-Type: application/json; charset=utf-8
host: localhost:39942
accept: */*

Response DefaultHttpResponse(decodeResult: success, version: HTTP/1.1)
HTTP/1.1 200 OK
Content-Length: 29776
Content-Type: application/json; charset=utf-8
cache-control: no-cache

18:03:56.120 [AsyncHttpClient-1-9] DEBUG org.asynchttpclient.netty.channel.ChannelManager - Adding key: http://localhost:39942 for channel [id: 0xb83eefc3, L:/127.0.0.1:56677 - R:localhost/127.0.0.1:39942]
18:03:56.122 [main] DEBUG net.serenitybdd.core.photography.Darkroom - Send negative for processing for target\site\serenity\c33dc9e4ab0254c62fb664d7a99f973f428abf66e808846e4dd51b9ad48d828b.png
18:03:56.122 [main] DEBUG net.thucydides.core.steps.StepInterceptor - STEP DONE: user input valid email
18:03:56.122 [Darkroom Processing Line] DEBUG net.serenitybdd.core.photography.DarkroomProcessingLine - Processing screenshot image in /var/screenshots/screenshot-8551705950709564286
18:03:56.123 [Darkroom Processing Line] DEBUG net.serenitybdd.core.photography.DarkroomProcessingLine - Saving screenshot to target\site\serenity\c33dc9e4ab0254c62fb664d7a99f973f428abf66e808846e4dd51b9ad48d828b.png
18:03:56.127 [main] DEBUG net.thucydides.core.steps.StepInterceptor - STARTING STEP: LoginStep.userSuccessLogin - user input valid password
18:03:56.130 [Forwarding findElement on session d5c1a33d61e1044c3db0a7076fad3f4a to remote] DEBUG org.asynchttpclient.netty.request.NettyRequestSender - Using pooled Channel '[id: 0xb83eefc3, L:/127.0.0.1:56677 - R:localhost/127.0.0.1:39942]' for 'POST' to 'http://localhost:39942/session/d5c1a33d61e1044c3db0a7076fad3f4a/element'
18:03:56.130 [Forwarding findElement on session d5c1a33d61e1044c3db0a7076fad3f4a to remote] DEBUG org.asynchttpclient.netty.request.NettyRequestSender - Using open Channel [id: 0xb83eefc3, L:/127.0.0.1:56677 - R:localhost/127.0.0.1:39942] for POST '/session/d5c1a33d61e1044c3db0a7076fad3f4a/element'
18:03:56.144 [AsyncHttpClient-1-9] DEBUG org.asynchttpclient.netty.handler.HttpHandler - 

Request DefaultHttpRequest(decodeResult: success, version: HTTP/1.1)
POST /session/d5c1a33d61e1044c3db0a7076fad3f4a/element HTTP/1.1
User-Agent: selenium/4.8.1 (java windows)
Content-Length: 55
Content-Type: application/json; charset=utf-8
host: localhost:39942
accept: */*

Response DefaultHttpResponse(decodeResult: success, version: HTTP/1.1)
HTTP/1.1 200 OK
Content-Length: 88
Content-Type: application/json; charset=utf-8
cache-control: no-cache

18:03:56.145 [AsyncHttpClient-1-9] DEBUG org.asynchttpclient.netty.channel.ChannelManager - Adding key: http://localhost:39942 for channel [id: 0xb83eefc3, L:/127.0.0.1:56677 - R:localhost/127.0.0.1:39942]
18:03:56.146 [Forwarding clearElement on session d5c1a33d61e1044c3db0a7076fad3f4a to remote] DEBUG org.asynchttpclient.netty.request.NettyRequestSender - Using pooled Channel '[id: 0xb83eefc3, L:/127.0.0.1:56677 - R:localhost/127.0.0.1:39942]' for 'POST' to 'http://localhost:39942/session/d5c1a33d61e1044c3db0a7076fad3f4a/element/67716c46-736e-4938-a1d2-81af4097a19c/clear'
18:03:56.146 [Forwarding clearElement on session d5c1a33d61e1044c3db0a7076fad3f4a to remote] DEBUG org.asynchttpclient.netty.request.NettyRequestSender - Using open Channel [id: 0xb83eefc3, L:/127.0.0.1:56677 - R:localhost/127.0.0.1:39942] for POST '/session/d5c1a33d61e1044c3db0a7076fad3f4a/element/67716c46-736e-4938-a1d2-81af4097a19c/clear'
18:03:56.197 [AsyncHttpClient-1-9] DEBUG org.asynchttpclient.netty.handler.HttpHandler - 

Request DefaultHttpRequest(decodeResult: success, version: HTTP/1.1)
POST /session/d5c1a33d61e1044c3db0a7076fad3f4a/element/67716c46-736e-4938-a1d2-81af4097a19c/clear HTTP/1.1
User-Agent: selenium/4.8.1 (java windows)
Content-Length: 50
Content-Type: application/json; charset=utf-8
host: localhost:39942
accept: */*

Response DefaultHttpResponse(decodeResult: success, version: HTTP/1.1)
HTTP/1.1 200 OK
Content-Length: 14
Content-Type: application/json; charset=utf-8
cache-control: no-cache

18:03:56.197 [AsyncHttpClient-1-9] DEBUG org.asynchttpclient.netty.channel.ChannelManager - Adding key: http://localhost:39942 for channel [id: 0xb83eefc3, L:/127.0.0.1:56677 - R:localhost/127.0.0.1:39942]
18:03:56.199 [Forwarding sendKeysToElement on session d5c1a33d61e1044c3db0a7076fad3f4a to remote] DEBUG org.asynchttpclient.netty.request.NettyRequestSender - Using pooled Channel '[id: 0xb83eefc3, L:/127.0.0.1:56677 - R:localhost/127.0.0.1:39942]' for 'POST' to 'http://localhost:39942/session/d5c1a33d61e1044c3db0a7076fad3f4a/element/67716c46-736e-4938-a1d2-81af4097a19c/value'
18:03:56.199 [Forwarding sendKeysToElement on session d5c1a33d61e1044c3db0a7076fad3f4a to remote] DEBUG org.asynchttpclient.netty.request.NettyRequestSender - Using open Channel [id: 0xb83eefc3, L:/127.0.0.1:56677 - R:localhost/127.0.0.1:39942] for POST '/session/d5c1a33d61e1044c3db0a7076fad3f4a/element/67716c46-736e-4938-a1d2-81af4097a19c/value'
18:03:56.330 [AsyncHttpClient-1-9] DEBUG org.asynchttpclient.netty.handler.HttpHandler - 

Request DefaultHttpRequest(decodeResult: success, version: HTTP/1.1)
POST /session/d5c1a33d61e1044c3db0a7076fad3f4a/element/67716c46-736e-4938-a1d2-81af4097a19c/value HTTP/1.1
User-Agent: selenium/4.8.1 (java windows)
Content-Length: 161
Content-Type: application/json; charset=utf-8
host: localhost:39942
accept: */*

Response DefaultHttpResponse(decodeResult: success, version: HTTP/1.1)
HTTP/1.1 200 OK
Content-Length: 14
Content-Type: application/json; charset=utf-8
cache-control: no-cache

18:03:56.330 [AsyncHttpClient-1-9] DEBUG org.asynchttpclient.netty.channel.ChannelManager - Adding key: http://localhost:39942 for channel [id: 0xb83eefc3, L:/127.0.0.1:56677 - R:localhost/127.0.0.1:39942]
18:03:56.340 [Forwarding getAlertText on session d5c1a33d61e1044c3db0a7076fad3f4a to remote] DEBUG org.asynchttpclient.netty.request.NettyRequestSender - Using pooled Channel '[id: 0xb83eefc3, L:/127.0.0.1:56677 - R:localhost/127.0.0.1:39942]' for 'GET' to 'http://localhost:39942/session/d5c1a33d61e1044c3db0a7076fad3f4a/alert/text'
18:03:56.340 [Forwarding getAlertText on session d5c1a33d61e1044c3db0a7076fad3f4a to remote] DEBUG org.asynchttpclient.netty.request.NettyRequestSender - Using open Channel [id: 0xb83eefc3, L:/127.0.0.1:56677 - R:localhost/127.0.0.1:39942] for GET '/session/d5c1a33d61e1044c3db0a7076fad3f4a/alert/text'
18:03:56.343 [AsyncHttpClient-1-9] DEBUG org.asynchttpclient.netty.handler.HttpHandler - 

Request DefaultFullHttpRequest(decodeResult: success, version: HTTP/1.1, content: EmptyByteBufBE)
GET /session/d5c1a33d61e1044c3db0a7076fad3f4a/alert/text HTTP/1.1
User-Agent: selenium/4.8.1 (java windows)
Cache-Control: no-cache
Content-Type: application/json; charset=utf-8
host: localhost:39942
accept: */*

Response DefaultHttpResponse(decodeResult: success, version: HTTP/1.1)
HTTP/1.1 404 Not Found
Content-Length: 848
Content-Type: application/json; charset=utf-8
cache-control: no-cache

18:03:56.343 [AsyncHttpClient-1-9] DEBUG org.asynchttpclient.netty.channel.ChannelManager - Adding key: http://localhost:39942 for channel [id: 0xb83eefc3, L:/127.0.0.1:56677 - R:localhost/127.0.0.1:39942]
18:03:56.344 [Forwarding getCurrentUrl on session d5c1a33d61e1044c3db0a7076fad3f4a to remote] DEBUG org.asynchttpclient.netty.request.NettyRequestSender - Using pooled Channel '[id: 0xb83eefc3, L:/127.0.0.1:56677 - R:localhost/127.0.0.1:39942]' for 'GET' to 'http://localhost:39942/session/d5c1a33d61e1044c3db0a7076fad3f4a/url'
18:03:56.344 [Forwarding getCurrentUrl on session d5c1a33d61e1044c3db0a7076fad3f4a to remote] DEBUG org.asynchttpclient.netty.request.NettyRequestSender - Using open Channel [id: 0xb83eefc3, L:/127.0.0.1:56677 - R:localhost/127.0.0.1:39942] for GET '/session/d5c1a33d61e1044c3db0a7076fad3f4a/url'
18:03:56.351 [AsyncHttpClient-1-9] DEBUG org.asynchttpclient.netty.handler.HttpHandler - 

Request DefaultFullHttpRequest(decodeResult: success, version: HTTP/1.1, content: EmptyByteBufBE)
GET /session/d5c1a33d61e1044c3db0a7076fad3f4a/url HTTP/1.1
User-Agent: selenium/4.8.1 (java windows)
Cache-Control: no-cache
Content-Type: application/json; charset=utf-8
host: localhost:39942
accept: */*

Response DefaultHttpResponse(decodeResult: success, version: HTTP/1.1)
HTTP/1.1 200 OK
Content-Length: 51
Content-Type: application/json; charset=utf-8
cache-control: no-cache

18:03:56.352 [AsyncHttpClient-1-9] DEBUG org.asynchttpclient.netty.channel.ChannelManager - Adding key: http://localhost:39942 for channel [id: 0xb83eefc3, L:/127.0.0.1:56677 - R:localhost/127.0.0.1:39942]
18:03:56.354 [Forwarding screenshot on session d5c1a33d61e1044c3db0a7076fad3f4a to remote] DEBUG org.asynchttpclient.netty.request.NettyRequestSender - Using pooled Channel '[id: 0xb83eefc3, L:/127.0.0.1:56677 - R:localhost/127.0.0.1:39942]' for 'GET' to 'http://localhost:39942/session/d5c1a33d61e1044c3db0a7076fad3f4a/screenshot'
18:03:56.354 [Forwarding screenshot on session d5c1a33d61e1044c3db0a7076fad3f4a to remote] DEBUG org.asynchttpclient.netty.request.NettyRequestSender - Using open Channel [id: 0xb83eefc3, L:/127.0.0.1:56677 - R:localhost/127.0.0.1:39942] for GET '/session/d5c1a33d61e1044c3db0a7076fad3f4a/screenshot'
18:03:56.533 [AsyncHttpClient-1-9] DEBUG org.asynchttpclient.netty.handler.HttpHandler - 

Request DefaultFullHttpRequest(decodeResult: success, version: HTTP/1.1, content: EmptyByteBufBE)
GET /session/d5c1a33d61e1044c3db0a7076fad3f4a/screenshot HTTP/1.1
User-Agent: selenium/4.8.1 (java windows)
Cache-Control: no-cache
Content-Type: application/json; charset=utf-8
host: localhost:39942
accept: */*

Response DefaultHttpResponse(decodeResult: success, version: HTTP/1.1)
HTTP/1.1 200 OK
Content-Length: 31236
Content-Type: application/json; charset=utf-8
cache-control: no-cache

18:03:56.533 [AsyncHttpClient-1-9] DEBUG org.asynchttpclient.netty.channel.ChannelManager - Adding key: http://localhost:39942 for channel [id: 0xb83eefc3, L:/127.0.0.1:56677 - R:localhost/127.0.0.1:39942]
18:03:56.537 [main] DEBUG net.serenitybdd.core.photography.Darkroom - Send negative for processing for target\site\serenity\2a322aec154cac94999525271b48e7de1a3fd8925bf83c1db3faf09745da2529.png
18:03:56.537 [main] DEBUG net.thucydides.core.steps.StepInterceptor - STEP DONE: user input valid password
18:03:56.537 [Darkroom Processing Line] DEBUG net.serenitybdd.core.photography.DarkroomProcessingLine - Processing screenshot image in /var/screenshots/screenshot-2995183876153959853
18:03:56.537 [Darkroom Processing Line] DEBUG net.serenitybdd.core.photography.DarkroomProcessingLine - Saving screenshot to target\site\serenity\2a322aec154cac94999525271b48e7de1a3fd8925bf83c1db3faf09745da2529.png
18:03:56.541 [main] DEBUG net.thucydides.core.steps.StepInterceptor - STARTING STEP: LoginStep.userSuccessLogin - click button login
18:03:56.545 [Forwarding findElement on session d5c1a33d61e1044c3db0a7076fad3f4a to remote] DEBUG org.asynchttpclient.netty.request.NettyRequestSender - Using pooled Channel '[id: 0xb83eefc3, L:/127.0.0.1:56677 - R:localhost/127.0.0.1:39942]' for 'POST' to 'http://localhost:39942/session/d5c1a33d61e1044c3db0a7076fad3f4a/element'
18:03:56.545 [Forwarding findElement on session d5c1a33d61e1044c3db0a7076fad3f4a to remote] DEBUG org.asynchttpclient.netty.request.NettyRequestSender - Using open Channel [id: 0xb83eefc3, L:/127.0.0.1:56677 - R:localhost/127.0.0.1:39942] for POST '/session/d5c1a33d61e1044c3db0a7076fad3f4a/element'
18:03:56.556 [AsyncHttpClient-1-9] DEBUG org.asynchttpclient.netty.handler.HttpHandler - 

Request DefaultHttpRequest(decodeResult: success, version: HTTP/1.1)
POST /session/d5c1a33d61e1044c3db0a7076fad3f4a/element HTTP/1.1
User-Agent: selenium/4.8.1 (java windows)
Content-Length: 69
Content-Type: application/json; charset=utf-8
host: localhost:39942
accept: */*

Response DefaultHttpResponse(decodeResult: success, version: HTTP/1.1)
HTTP/1.1 200 OK
Content-Length: 88
Content-Type: application/json; charset=utf-8
cache-control: no-cache

18:03:56.556 [AsyncHttpClient-1-9] DEBUG org.asynchttpclient.netty.channel.ChannelManager - Adding key: http://localhost:39942 for channel [id: 0xb83eefc3, L:/127.0.0.1:56677 - R:localhost/127.0.0.1:39942]
18:03:56.558 [Forwarding getElementTagName on session d5c1a33d61e1044c3db0a7076fad3f4a to remote] DEBUG org.asynchttpclient.netty.request.NettyRequestSender - Using pooled Channel '[id: 0xb83eefc3, L:/127.0.0.1:56677 - R:localhost/127.0.0.1:39942]' for 'GET' to 'http://localhost:39942/session/d5c1a33d61e1044c3db0a7076fad3f4a/element/9559ea6d-b77f-47d8-ab2f-8628483cb1f4/name'
18:03:56.558 [Forwarding getElementTagName on session d5c1a33d61e1044c3db0a7076fad3f4a to remote] DEBUG org.asynchttpclient.netty.request.NettyRequestSender - Using open Channel [id: 0xb83eefc3, L:/127.0.0.1:56677 - R:localhost/127.0.0.1:39942] for GET '/session/d5c1a33d61e1044c3db0a7076fad3f4a/element/9559ea6d-b77f-47d8-ab2f-8628483cb1f4/name'
18:03:56.564 [AsyncHttpClient-1-9] DEBUG org.asynchttpclient.netty.handler.HttpHandler - 

Request DefaultFullHttpRequest(decodeResult: success, version: HTTP/1.1, content: EmptyByteBufBE)
GET /session/d5c1a33d61e1044c3db0a7076fad3f4a/element/9559ea6d-b77f-47d8-ab2f-8628483cb1f4/name HTTP/1.1
User-Agent: selenium/4.8.1 (java windows)
Cache-Control: no-cache
Content-Type: application/json; charset=utf-8
host: localhost:39942
accept: */*

Response DefaultHttpResponse(decodeResult: success, version: HTTP/1.1)
HTTP/1.1 200 OK
Content-Length: 16
Content-Type: application/json; charset=utf-8
cache-control: no-cache

18:03:56.564 [AsyncHttpClient-1-9] DEBUG org.asynchttpclient.netty.channel.ChannelManager - Adding key: http://localhost:39942 for channel [id: 0xb83eefc3, L:/127.0.0.1:56677 - R:localhost/127.0.0.1:39942]
18:03:56.566 [Forwarding getElementTagName on session d5c1a33d61e1044c3db0a7076fad3f4a to remote] DEBUG org.asynchttpclient.netty.request.NettyRequestSender - Using pooled Channel '[id: 0xb83eefc3, L:/127.0.0.1:56677 - R:localhost/127.0.0.1:39942]' for 'GET' to 'http://localhost:39942/session/d5c1a33d61e1044c3db0a7076fad3f4a/element/9559ea6d-b77f-47d8-ab2f-8628483cb1f4/name'
18:03:56.566 [Forwarding getElementTagName on session d5c1a33d61e1044c3db0a7076fad3f4a to remote] DEBUG org.asynchttpclient.netty.request.NettyRequestSender - Using open Channel [id: 0xb83eefc3, L:/127.0.0.1:56677 - R:localhost/127.0.0.1:39942] for GET '/session/d5c1a33d61e1044c3db0a7076fad3f4a/element/9559ea6d-b77f-47d8-ab2f-8628483cb1f4/name'
18:03:56.572 [AsyncHttpClient-1-9] DEBUG org.asynchttpclient.netty.handler.HttpHandler - 

Request DefaultFullHttpRequest(decodeResult: success, version: HTTP/1.1, content: EmptyByteBufBE)
GET /session/d5c1a33d61e1044c3db0a7076fad3f4a/element/9559ea6d-b77f-47d8-ab2f-8628483cb1f4/name HTTP/1.1
User-Agent: selenium/4.8.1 (java windows)
Cache-Control: no-cache
Content-Type: application/json; charset=utf-8
host: localhost:39942
accept: */*

Response DefaultHttpResponse(decodeResult: success, version: HTTP/1.1)
HTTP/1.1 200 OK
Content-Length: 16
Content-Type: application/json; charset=utf-8
cache-control: no-cache

18:03:56.572 [AsyncHttpClient-1-9] DEBUG org.asynchttpclient.netty.channel.ChannelManager - Adding key: http://localhost:39942 for channel [id: 0xb83eefc3, L:/127.0.0.1:56677 - R:localhost/127.0.0.1:39942]
18:03:56.575 [Forwarding findElement on session d5c1a33d61e1044c3db0a7076fad3f4a to remote] DEBUG org.asynchttpclient.netty.request.NettyRequestSender - Using pooled Channel '[id: 0xb83eefc3, L:/127.0.0.1:56677 - R:localhost/127.0.0.1:39942]' for 'POST' to 'http://localhost:39942/session/d5c1a33d61e1044c3db0a7076fad3f4a/element'
18:03:56.575 [Forwarding findElement on session d5c1a33d61e1044c3db0a7076fad3f4a to remote] DEBUG org.asynchttpclient.netty.request.NettyRequestSender - Using open Channel [id: 0xb83eefc3, L:/127.0.0.1:56677 - R:localhost/127.0.0.1:39942] for POST '/session/d5c1a33d61e1044c3db0a7076fad3f4a/element'
18:03:56.583 [AsyncHttpClient-1-9] DEBUG org.asynchttpclient.netty.handler.HttpHandler - 

Request DefaultHttpRequest(decodeResult: success, version: HTTP/1.1)
POST /session/d5c1a33d61e1044c3db0a7076fad3f4a/element HTTP/1.1
User-Agent: selenium/4.8.1 (java windows)
Content-Length: 69
Content-Type: application/json; charset=utf-8
host: localhost:39942
accept: */*

Response DefaultHttpResponse(decodeResult: success, version: HTTP/1.1)
HTTP/1.1 200 OK
Content-Length: 88
Content-Type: application/json; charset=utf-8
cache-control: no-cache

18:03:56.583 [AsyncHttpClient-1-9] DEBUG org.asynchttpclient.netty.channel.ChannelManager - Adding key: http://localhost:39942 for channel [id: 0xb83eefc3, L:/127.0.0.1:56677 - R:localhost/127.0.0.1:39942]
18:03:56.584 [Forwarding clickElement on session d5c1a33d61e1044c3db0a7076fad3f4a to remote] DEBUG org.asynchttpclient.netty.request.NettyRequestSender - Using pooled Channel '[id: 0xb83eefc3, L:/127.0.0.1:56677 - R:localhost/127.0.0.1:39942]' for 'POST' to 'http://localhost:39942/session/d5c1a33d61e1044c3db0a7076fad3f4a/element/9559ea6d-b77f-47d8-ab2f-8628483cb1f4/click'
18:03:56.585 [Forwarding clickElement on session d5c1a33d61e1044c3db0a7076fad3f4a to remote] DEBUG org.asynchttpclient.netty.request.NettyRequestSender - Using open Channel [id: 0xb83eefc3, L:/127.0.0.1:56677 - R:localhost/127.0.0.1:39942] for POST '/session/d5c1a33d61e1044c3db0a7076fad3f4a/element/9559ea6d-b77f-47d8-ab2f-8628483cb1f4/click'
18:03:56.653 [AsyncHttpClient-1-1] DEBUG org.asynchttpclient.netty.channel.DefaultChannelPool - Entry count for : http://localhost:56678 : 1
18:03:56.656 [AsyncHttpClient-1-9] DEBUG org.asynchttpclient.netty.handler.HttpHandler - 

Request DefaultHttpRequest(decodeResult: success, version: HTTP/1.1)
POST /session/d5c1a33d61e1044c3db0a7076fad3f4a/element/9559ea6d-b77f-47d8-ab2f-8628483cb1f4/click HTTP/1.1
User-Agent: selenium/4.8.1 (java windows)
Content-Length: 50
Content-Type: application/json; charset=utf-8
host: localhost:39942
accept: */*

Response DefaultHttpResponse(decodeResult: success, version: HTTP/1.1)
HTTP/1.1 200 OK
Content-Length: 14
Content-Type: application/json; charset=utf-8
cache-control: no-cache

18:03:56.656 [AsyncHttpClient-1-9] DEBUG org.asynchttpclient.netty.channel.ChannelManager - Adding key: http://localhost:39942 for channel [id: 0xb83eefc3, L:/127.0.0.1:56677 - R:localhost/127.0.0.1:39942]
18:03:56.664 [Forwarding getAlertText on session d5c1a33d61e1044c3db0a7076fad3f4a to remote] DEBUG org.asynchttpclient.netty.request.NettyRequestSender - Using pooled Channel '[id: 0xb83eefc3, L:/127.0.0.1:56677 - R:localhost/127.0.0.1:39942]' for 'GET' to 'http://localhost:39942/session/d5c1a33d61e1044c3db0a7076fad3f4a/alert/text'
18:03:56.664 [Forwarding getAlertText on session d5c1a33d61e1044c3db0a7076fad3f4a to remote] DEBUG org.asynchttpclient.netty.request.NettyRequestSender - Using open Channel [id: 0xb83eefc3, L:/127.0.0.1:56677 - R:localhost/127.0.0.1:39942] for GET '/session/d5c1a33d61e1044c3db0a7076fad3f4a/alert/text'
18:03:56.666 [AsyncHttpClient-1-9] DEBUG org.asynchttpclient.netty.handler.HttpHandler - 

Request DefaultFullHttpRequest(decodeResult: success, version: HTTP/1.1, content: EmptyByteBufBE)
GET /session/d5c1a33d61e1044c3db0a7076fad3f4a/alert/text HTTP/1.1
User-Agent: selenium/4.8.1 (java windows)
Cache-Control: no-cache
Content-Type: application/json; charset=utf-8
host: localhost:39942
accept: */*

Response DefaultHttpResponse(decodeResult: success, version: HTTP/1.1)
HTTP/1.1 404 Not Found
Content-Length: 848
Content-Type: application/json; charset=utf-8
cache-control: no-cache

18:03:56.666 [AsyncHttpClient-1-9] DEBUG org.asynchttpclient.netty.channel.ChannelManager - Adding key: http://localhost:39942 for channel [id: 0xb83eefc3, L:/127.0.0.1:56677 - R:localhost/127.0.0.1:39942]
18:03:56.667 [Forwarding getCurrentUrl on session d5c1a33d61e1044c3db0a7076fad3f4a to remote] DEBUG org.asynchttpclient.netty.request.NettyRequestSender - Using pooled Channel '[id: 0xb83eefc3, L:/127.0.0.1:56677 - R:localhost/127.0.0.1:39942]' for 'GET' to 'http://localhost:39942/session/d5c1a33d61e1044c3db0a7076fad3f4a/url'
18:03:56.667 [Forwarding getCurrentUrl on session d5c1a33d61e1044c3db0a7076fad3f4a to remote] DEBUG org.asynchttpclient.netty.request.NettyRequestSender - Using open Channel [id: 0xb83eefc3, L:/127.0.0.1:56677 - R:localhost/127.0.0.1:39942] for GET '/session/d5c1a33d61e1044c3db0a7076fad3f4a/url'
18:03:56.673 [AsyncHttpClient-1-9] DEBUG org.asynchttpclient.netty.handler.HttpHandler - 

Request DefaultFullHttpRequest(decodeResult: success, version: HTTP/1.1, content: EmptyByteBufBE)
GET /session/d5c1a33d61e1044c3db0a7076fad3f4a/url HTTP/1.1
User-Agent: selenium/4.8.1 (java windows)
Cache-Control: no-cache
Content-Type: application/json; charset=utf-8
host: localhost:39942
accept: */*

Response DefaultHttpResponse(decodeResult: success, version: HTTP/1.1)
HTTP/1.1 200 OK
Content-Length: 51
Content-Type: application/json; charset=utf-8
cache-control: no-cache

18:03:56.673 [AsyncHttpClient-1-9] DEBUG org.asynchttpclient.netty.channel.ChannelManager - Adding key: http://localhost:39942 for channel [id: 0xb83eefc3, L:/127.0.0.1:56677 - R:localhost/127.0.0.1:39942]
18:03:56.673 [Forwarding screenshot on session d5c1a33d61e1044c3db0a7076fad3f4a to remote] DEBUG org.asynchttpclient.netty.request.NettyRequestSender - Using pooled Channel '[id: 0xb83eefc3, L:/127.0.0.1:56677 - R:localhost/127.0.0.1:39942]' for 'GET' to 'http://localhost:39942/session/d5c1a33d61e1044c3db0a7076fad3f4a/screenshot'
18:03:56.673 [Forwarding screenshot on session d5c1a33d61e1044c3db0a7076fad3f4a to remote] DEBUG org.asynchttpclient.netty.request.NettyRequestSender - Using open Channel [id: 0xb83eefc3, L:/127.0.0.1:56677 - R:localhost/127.0.0.1:39942] for GET '/session/d5c1a33d61e1044c3db0a7076fad3f4a/screenshot'
18:03:56.890 [AsyncHttpClient-1-9] DEBUG org.asynchttpclient.netty.handler.HttpHandler - 

Request DefaultFullHttpRequest(decodeResult: success, version: HTTP/1.1, content: EmptyByteBufBE)
GET /session/d5c1a33d61e1044c3db0a7076fad3f4a/screenshot HTTP/1.1
User-Agent: selenium/4.8.1 (java windows)
Cache-Control: no-cache
Content-Type: application/json; charset=utf-8
host: localhost:39942
accept: */*

Response DefaultHttpResponse(decodeResult: success, version: HTTP/1.1)
HTTP/1.1 200 OK
Content-Length: 31168
Content-Type: application/json; charset=utf-8
cache-control: no-cache

18:03:56.890 [AsyncHttpClient-1-9] DEBUG org.asynchttpclient.netty.channel.ChannelManager - Adding key: http://localhost:39942 for channel [id: 0xb83eefc3, L:/127.0.0.1:56677 - R:localhost/127.0.0.1:39942]
18:03:56.893 [main] DEBUG net.serenitybdd.core.photography.Darkroom - Send negative for processing for target\site\serenity\bdc2bac08c003d3b60ffb35541fece1c3b14f844a3dfc3e1bad0ae087fcd9bd6.png
18:03:56.893 [main] DEBUG net.thucydides.core.steps.StepInterceptor - STEP DONE: click button login
18:03:56.893 [Darkroom Processing Line] DEBUG net.serenitybdd.core.photography.DarkroomProcessingLine - Processing screenshot image in /var/screenshots/screenshot-7544728974580144294
18:03:56.893 [Darkroom Processing Line] DEBUG net.serenitybdd.core.photography.DarkroomProcessingLine - Saving screenshot to target\site\serenity\bdc2bac08c003d3b60ffb35541fece1c3b14f844a3dfc3e1bad0ae087fcd9bd6.png
18:03:56.897 [main] DEBUG net.thucydides.core.steps.StepInterceptor - STARTING STEP: LoginStep.userSuccessLogin - user can see product homepage
18:03:56.899 [Forwarding findElement on session d5c1a33d61e1044c3db0a7076fad3f4a to remote] DEBUG org.asynchttpclient.netty.request.NettyRequestSender - Using pooled Channel '[id: 0xb83eefc3, L:/127.0.0.1:56677 - R:localhost/127.0.0.1:39942]' for 'POST' to 'http://localhost:39942/session/d5c1a33d61e1044c3db0a7076fad3f4a/element'
18:03:56.899 [Forwarding findElement on session d5c1a33d61e1044c3db0a7076fad3f4a to remote] DEBUG org.asynchttpclient.netty.request.NettyRequestSender - Using open Channel [id: 0xb83eefc3, L:/127.0.0.1:56677 - R:localhost/127.0.0.1:39942] for POST '/session/d5c1a33d61e1044c3db0a7076fad3f4a/element'
18:03:57.014 [AsyncHttpClient-1-9] DEBUG org.asynchttpclient.netty.handler.HttpHandler - 

Request DefaultHttpRequest(decodeResult: success, version: HTTP/1.1)
POST /session/d5c1a33d61e1044c3db0a7076fad3f4a/element HTTP/1.1
User-Agent: selenium/4.8.1 (java windows)
Content-Length: 75
Content-Type: application/json; charset=utf-8
host: localhost:39942
accept: */*

Response DefaultHttpResponse(decodeResult: success, version: HTTP/1.1)
HTTP/1.1 200 OK
Content-Length: 88
Content-Type: application/json; charset=utf-8
cache-control: no-cache

18:03:57.014 [AsyncHttpClient-1-9] DEBUG org.asynchttpclient.netty.channel.ChannelManager - Adding key: http://localhost:39942 for channel [id: 0xb83eefc3, L:/127.0.0.1:56677 - R:localhost/127.0.0.1:39942]
18:03:57.022 [Forwarding isElementDisplayed on session d5c1a33d61e1044c3db0a7076fad3f4a to remote] DEBUG org.asynchttpclient.netty.request.NettyRequestSender - Using pooled Channel '[id: 0xb83eefc3, L:/127.0.0.1:56677 - R:localhost/127.0.0.1:39942]' for 'POST' to 'http://localhost:39942/session/d5c1a33d61e1044c3db0a7076fad3f4a/execute/sync'
18:03:57.022 [Forwarding isElementDisplayed on session d5c1a33d61e1044c3db0a7076fad3f4a to remote] DEBUG org.asynchttpclient.netty.request.NettyRequestSender - Using open Channel [id: 0xb83eefc3, L:/127.0.0.1:56677 - R:localhost/127.0.0.1:39942] for POST '/session/d5c1a33d61e1044c3db0a7076fad3f4a/execute/sync'
18:03:57.040 [AsyncHttpClient-1-9] DEBUG org.asynchttpclient.netty.handler.HttpHandler - 

Request DefaultHttpRequest(decodeResult: success, version: HTTP/1.1)
POST /session/d5c1a33d61e1044c3db0a7076fad3f4a/execute/sync HTTP/1.1
User-Agent: selenium/4.8.1 (java windows)
Content-Length: 48807
Content-Type: application/json; charset=utf-8
host: localhost:39942
accept: */*

Response DefaultHttpResponse(decodeResult: success, version: HTTP/1.1)
HTTP/1.1 200 OK
Content-Length: 14
Content-Type: application/json; charset=utf-8
cache-control: no-cache

18:03:57.041 [AsyncHttpClient-1-9] DEBUG org.asynchttpclient.netty.channel.ChannelManager - Adding key: http://localhost:39942 for channel [id: 0xb83eefc3, L:/127.0.0.1:56677 - R:localhost/127.0.0.1:39942]
18:03:57.048 [Forwarding getAlertText on session d5c1a33d61e1044c3db0a7076fad3f4a to remote] DEBUG org.asynchttpclient.netty.request.NettyRequestSender - Using pooled Channel '[id: 0xb83eefc3, L:/127.0.0.1:56677 - R:localhost/127.0.0.1:39942]' for 'GET' to 'http://localhost:39942/session/d5c1a33d61e1044c3db0a7076fad3f4a/alert/text'
18:03:57.048 [Forwarding getAlertText on session d5c1a33d61e1044c3db0a7076fad3f4a to remote] DEBUG org.asynchttpclient.netty.request.NettyRequestSender - Using open Channel [id: 0xb83eefc3, L:/127.0.0.1:56677 - R:localhost/127.0.0.1:39942] for GET '/session/d5c1a33d61e1044c3db0a7076fad3f4a/alert/text'
18:03:57.049 [AsyncHttpClient-1-9] DEBUG org.asynchttpclient.netty.handler.HttpHandler - 

Request DefaultFullHttpRequest(decodeResult: success, version: HTTP/1.1, content: EmptyByteBufBE)
GET /session/d5c1a33d61e1044c3db0a7076fad3f4a/alert/text HTTP/1.1
User-Agent: selenium/4.8.1 (java windows)
Cache-Control: no-cache
Content-Type: application/json; charset=utf-8
host: localhost:39942
accept: */*

Response DefaultHttpResponse(decodeResult: success, version: HTTP/1.1)
HTTP/1.1 404 Not Found
Content-Length: 848
Content-Type: application/json; charset=utf-8
cache-control: no-cache

18:03:57.050 [AsyncHttpClient-1-9] DEBUG org.asynchttpclient.netty.channel.ChannelManager - Adding key: http://localhost:39942 for channel [id: 0xb83eefc3, L:/127.0.0.1:56677 - R:localhost/127.0.0.1:39942]
18:03:57.051 [Forwarding getCurrentUrl on session d5c1a33d61e1044c3db0a7076fad3f4a to remote] DEBUG org.asynchttpclient.netty.request.NettyRequestSender - Using pooled Channel '[id: 0xb83eefc3, L:/127.0.0.1:56677 - R:localhost/127.0.0.1:39942]' for 'GET' to 'http://localhost:39942/session/d5c1a33d61e1044c3db0a7076fad3f4a/url'
18:03:57.051 [Forwarding getCurrentUrl on session d5c1a33d61e1044c3db0a7076fad3f4a to remote] DEBUG org.asynchttpclient.netty.request.NettyRequestSender - Using open Channel [id: 0xb83eefc3, L:/127.0.0.1:56677 - R:localhost/127.0.0.1:39942] for GET '/session/d5c1a33d61e1044c3db0a7076fad3f4a/url'
18:03:57.056 [AsyncHttpClient-1-9] DEBUG org.asynchttpclient.netty.handler.HttpHandler - 

Request DefaultFullHttpRequest(decodeResult: success, version: HTTP/1.1, content: EmptyByteBufBE)
GET /session/d5c1a33d61e1044c3db0a7076fad3f4a/url HTTP/1.1
User-Agent: selenium/4.8.1 (java windows)
Cache-Control: no-cache
Content-Type: application/json; charset=utf-8
host: localhost:39942
accept: */*

Response DefaultHttpResponse(decodeResult: success, version: HTTP/1.1)
HTTP/1.1 200 OK
Content-Length: 41
Content-Type: application/json; charset=utf-8
cache-control: no-cache

18:03:57.056 [AsyncHttpClient-1-9] DEBUG org.asynchttpclient.netty.channel.ChannelManager - Adding key: http://localhost:39942 for channel [id: 0xb83eefc3, L:/127.0.0.1:56677 - R:localhost/127.0.0.1:39942]
18:03:57.057 [Forwarding screenshot on session d5c1a33d61e1044c3db0a7076fad3f4a to remote] DEBUG org.asynchttpclient.netty.request.NettyRequestSender - Using pooled Channel '[id: 0xb83eefc3, L:/127.0.0.1:56677 - R:localhost/127.0.0.1:39942]' for 'GET' to 'http://localhost:39942/session/d5c1a33d61e1044c3db0a7076fad3f4a/screenshot'
18:03:57.057 [Forwarding screenshot on session d5c1a33d61e1044c3db0a7076fad3f4a to remote] DEBUG org.asynchttpclient.netty.request.NettyRequestSender - Using open Channel [id: 0xb83eefc3, L:/127.0.0.1:56677 - R:localhost/127.0.0.1:39942] for GET '/session/d5c1a33d61e1044c3db0a7076fad3f4a/screenshot'
18:03:57.190 [AsyncHttpClient-1-9] DEBUG org.asynchttpclient.netty.handler.HttpHandler - 

Request DefaultFullHttpRequest(decodeResult: success, version: HTTP/1.1, content: EmptyByteBufBE)
GET /session/d5c1a33d61e1044c3db0a7076fad3f4a/screenshot HTTP/1.1
User-Agent: selenium/4.8.1 (java windows)
Cache-Control: no-cache
Content-Type: application/json; charset=utf-8
host: localhost:39942
accept: */*

Response DefaultHttpResponse(decodeResult: success, version: HTTP/1.1)
HTTP/1.1 200 OK
Content-Length: 27964
Content-Type: application/json; charset=utf-8
cache-control: no-cache

18:03:57.191 [AsyncHttpClient-1-9] DEBUG org.asynchttpclient.netty.channel.ChannelManager - Adding key: http://localhost:39942 for channel [id: 0xb83eefc3, L:/127.0.0.1:56677 - R:localhost/127.0.0.1:39942]
18:03:57.194 [main] DEBUG net.serenitybdd.core.photography.Darkroom - Send negative for processing for target\site\serenity\ef6aa0e845eee13738b960e8472749f5e92f9f7f38aa3526d8256d2ca3a405a9.png
18:03:57.194 [main] DEBUG net.thucydides.core.steps.StepInterceptor - STEP DONE: user can see product homepage
  &amp#27;[32mGiven &amp#27;[0m&amp#27;[32muser success login&amp#27;[0m                        &amp#27;[90m# starter.stepdefinition.LoginStep.userSuccessLogin()&amp#27;[0m
18:03:57.194 [Darkroom Processing Line] DEBUG net.serenitybdd.core.photography.DarkroomProcessingLine - Processing screenshot image in /var/screenshots/screenshot-4475089513454890264
18:03:57.194 [Darkroom Processing Line] DEBUG net.serenitybdd.core.photography.DarkroomProcessingLine - Saving screenshot to target\site\serenity\ef6aa0e845eee13738b960e8472749f5e92f9f7f38aa3526d8256d2ca3a405a9.png
18:03:57.216 [main] DEBUG net.thucydides.core.steps.StepInterceptor - STARTING STEP: ProductStep.userClickButtonDetail - user click button Detail
18:03:57.223 [Forwarding findElement on session d5c1a33d61e1044c3db0a7076fad3f4a to remote] DEBUG org.asynchttpclient.netty.request.NettyRequestSender - Using pooled Channel '[id: 0xb83eefc3, L:/127.0.0.1:56677 - R:localhost/127.0.0.1:39942]' for 'POST' to 'http://localhost:39942/session/d5c1a33d61e1044c3db0a7076fad3f4a/element'
18:03:57.223 [Forwarding findElement on session d5c1a33d61e1044c3db0a7076fad3f4a to remote] DEBUG org.asynchttpclient.netty.request.NettyRequestSender - Using open Channel [id: 0xb83eefc3, L:/127.0.0.1:56677 - R:localhost/127.0.0.1:39942] for POST '/session/d5c1a33d61e1044c3db0a7076fad3f4a/element'
18:03:57.748 [AsyncHttpClient-1-1] DEBUG org.asynchttpclient.netty.channel.DefaultChannelPool - Entry count for : http://localhost:56678 : 1
18:03:58.848 [AsyncHttpClient-1-1] DEBUG org.asynchttpclient.netty.channel.DefaultChannelPool - Entry count for : http://localhost:56678 : 1
18:03:59.357 [AsyncHttpClient-1-9] DEBUG org.asynchttpclient.netty.handler.HttpHandler - 

Request DefaultHttpRequest(decodeResult: success, version: HTTP/1.1)
POST /session/d5c1a33d61e1044c3db0a7076fad3f4a/element HTTP/1.1
User-Agent: selenium/4.8.1 (java windows)
Content-Length: 98
Content-Type: application/json; charset=utf-8
host: localhost:39942
accept: */*

Response DefaultHttpResponse(decodeResult: success, version: HTTP/1.1)
HTTP/1.1 200 OK
Content-Length: 88
Content-Type: application/json; charset=utf-8
cache-control: no-cache

18:03:59.357 [AsyncHttpClient-1-9] DEBUG org.asynchttpclient.netty.channel.ChannelManager - Adding key: http://localhost:39942 for channel [id: 0xb83eefc3, L:/127.0.0.1:56677 - R:localhost/127.0.0.1:39942]
18:03:59.358 [Forwarding getElementTagName on session d5c1a33d61e1044c3db0a7076fad3f4a to remote] DEBUG org.asynchttpclient.netty.request.NettyRequestSender - Using pooled Channel '[id: 0xb83eefc3, L:/127.0.0.1:56677 - R:localhost/127.0.0.1:39942]' for 'GET' to 'http://localhost:39942/session/d5c1a33d61e1044c3db0a7076fad3f4a/element/bdb94849-5c4d-4b93-9d65-77d974a5fa86/name'
18:03:59.358 [Forwarding getElementTagName on session d5c1a33d61e1044c3db0a7076fad3f4a to remote] DEBUG org.asynchttpclient.netty.request.NettyRequestSender - Using open Channel [id: 0xb83eefc3, L:/127.0.0.1:56677 - R:localhost/127.0.0.1:39942] for GET '/session/d5c1a33d61e1044c3db0a7076fad3f4a/element/bdb94849-5c4d-4b93-9d65-77d974a5fa86/name'
18:03:59.363 [AsyncHttpClient-1-9] DEBUG org.asynchttpclient.netty.handler.HttpHandler - 

Request DefaultFullHttpRequest(decodeResult: success, version: HTTP/1.1, content: EmptyByteBufBE)
GET /session/d5c1a33d61e1044c3db0a7076fad3f4a/element/bdb94849-5c4d-4b93-9d65-77d974a5fa86/name HTTP/1.1
User-Agent: selenium/4.8.1 (java windows)
Cache-Control: no-cache
Content-Type: application/json; charset=utf-8
host: localhost:39942
accept: */*

Response DefaultHttpResponse(decodeResult: success, version: HTTP/1.1)
HTTP/1.1 200 OK
Content-Length: 16
Content-Type: application/json; charset=utf-8
cache-control: no-cache

18:03:59.363 [AsyncHttpClient-1-9] DEBUG org.asynchttpclient.netty.channel.ChannelManager - Adding key: http://localhost:39942 for channel [id: 0xb83eefc3, L:/127.0.0.1:56677 - R:localhost/127.0.0.1:39942]
18:03:59.364 [Forwarding getElementTagName on session d5c1a33d61e1044c3db0a7076fad3f4a to remote] DEBUG org.asynchttpclient.netty.request.NettyRequestSender - Using pooled Channel '[id: 0xb83eefc3, L:/127.0.0.1:56677 - R:localhost/127.0.0.1:39942]' for 'GET' to 'http://localhost:39942/session/d5c1a33d61e1044c3db0a7076fad3f4a/element/bdb94849-5c4d-4b93-9d65-77d974a5fa86/name'
18:03:59.364 [Forwarding getElementTagName on session d5c1a33d61e1044c3db0a7076fad3f4a to remote] DEBUG org.asynchttpclient.netty.request.NettyRequestSender - Using open Channel [id: 0xb83eefc3, L:/127.0.0.1:56677 - R:localhost/127.0.0.1:39942] for GET '/session/d5c1a33d61e1044c3db0a7076fad3f4a/element/bdb94849-5c4d-4b93-9d65-77d974a5fa86/name'
18:03:59.368 [AsyncHttpClient-1-9] DEBUG org.asynchttpclient.netty.handler.HttpHandler - 

Request DefaultFullHttpRequest(decodeResult: success, version: HTTP/1.1, content: EmptyByteBufBE)
GET /session/d5c1a33d61e1044c3db0a7076fad3f4a/element/bdb94849-5c4d-4b93-9d65-77d974a5fa86/name HTTP/1.1
User-Agent: selenium/4.8.1 (java windows)
Cache-Control: no-cache
Content-Type: application/json; charset=utf-8
host: localhost:39942
accept: */*

Response DefaultHttpResponse(decodeResult: success, version: HTTP/1.1)
HTTP/1.1 200 OK
Content-Length: 16
Content-Type: application/json; charset=utf-8
cache-control: no-cache

18:03:59.368 [AsyncHttpClient-1-9] DEBUG org.asynchttpclient.netty.channel.ChannelManager - Adding key: http://localhost:39942 for channel [id: 0xb83eefc3, L:/127.0.0.1:56677 - R:localhost/127.0.0.1:39942]
18:03:59.369 [Forwarding findElement on session d5c1a33d61e1044c3db0a7076fad3f4a to remote] DEBUG org.asynchttpclient.netty.request.NettyRequestSender - Using pooled Channel '[id: 0xb83eefc3, L:/127.0.0.1:56677 - R:localhost/127.0.0.1:39942]' for 'POST' to 'http://localhost:39942/session/d5c1a33d61e1044c3db0a7076fad3f4a/element'
18:03:59.369 [Forwarding findElement on session d5c1a33d61e1044c3db0a7076fad3f4a to remote] DEBUG org.asynchttpclient.netty.request.NettyRequestSender - Using open Channel [id: 0xb83eefc3, L:/127.0.0.1:56677 - R:localhost/127.0.0.1:39942] for POST '/session/d5c1a33d61e1044c3db0a7076fad3f4a/element'
18:03:59.379 [AsyncHttpClient-1-9] DEBUG org.asynchttpclient.netty.handler.HttpHandler - 

Request DefaultHttpRequest(decodeResult: success, version: HTTP/1.1)
POST /session/d5c1a33d61e1044c3db0a7076fad3f4a/element HTTP/1.1
User-Agent: selenium/4.8.1 (java windows)
Content-Length: 98
Content-Type: application/json; charset=utf-8
host: localhost:39942
accept: */*

Response DefaultHttpResponse(decodeResult: success, version: HTTP/1.1)
HTTP/1.1 200 OK
Content-Length: 88
Content-Type: application/json; charset=utf-8
cache-control: no-cache

18:03:59.379 [AsyncHttpClient-1-9] DEBUG org.asynchttpclient.netty.channel.ChannelManager - Adding key: http://localhost:39942 for channel [id: 0xb83eefc3, L:/127.0.0.1:56677 - R:localhost/127.0.0.1:39942]
18:03:59.380 [Forwarding clickElement on session d5c1a33d61e1044c3db0a7076fad3f4a to remote] DEBUG org.asynchttpclient.netty.request.NettyRequestSender - Using pooled Channel '[id: 0xb83eefc3, L:/127.0.0.1:56677 - R:localhost/127.0.0.1:39942]' for 'POST' to 'http://localhost:39942/session/d5c1a33d61e1044c3db0a7076fad3f4a/element/bdb94849-5c4d-4b93-9d65-77d974a5fa86/click'
18:03:59.380 [Forwarding clickElement on session d5c1a33d61e1044c3db0a7076fad3f4a to remote] DEBUG org.asynchttpclient.netty.request.NettyRequestSender - Using open Channel [id: 0xb83eefc3, L:/127.0.0.1:56677 - R:localhost/127.0.0.1:39942] for POST '/session/d5c1a33d61e1044c3db0a7076fad3f4a/element/bdb94849-5c4d-4b93-9d65-77d974a5fa86/click'
18:03:59.456 [AsyncHttpClient-1-9] DEBUG org.asynchttpclient.netty.handler.HttpHandler - 

Request DefaultHttpRequest(decodeResult: success, version: HTTP/1.1)
POST /session/d5c1a33d61e1044c3db0a7076fad3f4a/element/bdb94849-5c4d-4b93-9d65-77d974a5fa86/click HTTP/1.1
User-Agent: selenium/4.8.1 (java windows)
Content-Length: 50
Content-Type: application/json; charset=utf-8
host: localhost:39942
accept: */*

Response DefaultHttpResponse(decodeResult: success, version: HTTP/1.1)
HTTP/1.1 200 OK
Content-Length: 14
Content-Type: application/json; charset=utf-8
cache-control: no-cache

18:03:59.456 [AsyncHttpClient-1-9] DEBUG org.asynchttpclient.netty.channel.ChannelManager - Adding key: http://localhost:39942 for channel [id: 0xb83eefc3, L:/127.0.0.1:56677 - R:localhost/127.0.0.1:39942]
18:03:59.464 [Forwarding getAlertText on session d5c1a33d61e1044c3db0a7076fad3f4a to remote] DEBUG org.asynchttpclient.netty.request.NettyRequestSender - Using pooled Channel '[id: 0xb83eefc3, L:/127.0.0.1:56677 - R:localhost/127.0.0.1:39942]' for 'GET' to 'http://localhost:39942/session/d5c1a33d61e1044c3db0a7076fad3f4a/alert/text'
18:03:59.464 [Forwarding getAlertText on session d5c1a33d61e1044c3db0a7076fad3f4a to remote] DEBUG org.asynchttpclient.netty.request.NettyRequestSender - Using open Channel [id: 0xb83eefc3, L:/127.0.0.1:56677 - R:localhost/127.0.0.1:39942] for GET '/session/d5c1a33d61e1044c3db0a7076fad3f4a/alert/text'
18:03:59.618 [AsyncHttpClient-1-9] DEBUG org.asynchttpclient.netty.handler.HttpHandler - 

Request DefaultFullHttpRequest(decodeResult: success, version: HTTP/1.1, content: EmptyByteBufBE)
GET /session/d5c1a33d61e1044c3db0a7076fad3f4a/alert/text HTTP/1.1
User-Agent: selenium/4.8.1 (java windows)
Cache-Control: no-cache
Content-Type: application/json; charset=utf-8
host: localhost:39942
accept: */*

Response DefaultHttpResponse(decodeResult: success, version: HTTP/1.1)
HTTP/1.1 404 Not Found
Content-Length: 848
Content-Type: application/json; charset=utf-8
cache-control: no-cache

18:03:59.619 [AsyncHttpClient-1-9] DEBUG org.asynchttpclient.netty.channel.ChannelManager - Adding key: http://localhost:39942 for channel [id: 0xb83eefc3, L:/127.0.0.1:56677 - R:localhost/127.0.0.1:39942]
18:03:59.620 [Forwarding getCurrentUrl on session d5c1a33d61e1044c3db0a7076fad3f4a to remote] DEBUG org.asynchttpclient.netty.request.NettyRequestSender - Using pooled Channel '[id: 0xb83eefc3, L:/127.0.0.1:56677 - R:localhost/127.0.0.1:39942]' for 'GET' to 'http://localhost:39942/session/d5c1a33d61e1044c3db0a7076fad3f4a/url'
18:03:59.620 [Forwarding getCurrentUrl on session d5c1a33d61e1044c3db0a7076fad3f4a to remote] DEBUG org.asynchttpclient.netty.request.NettyRequestSender - Using open Channel [id: 0xb83eefc3, L:/127.0.0.1:56677 - R:localhost/127.0.0.1:39942] for GET '/session/d5c1a33d61e1044c3db0a7076fad3f4a/url'
18:03:59.623 [AsyncHttpClient-1-9] DEBUG org.asynchttpclient.netty.handler.HttpHandler - 

Request DefaultFullHttpRequest(decodeResult: success, version: HTTP/1.1, content: EmptyByteBufBE)
GET /session/d5c1a33d61e1044c3db0a7076fad3f4a/url HTTP/1.1
User-Agent: selenium/4.8.1 (java windows)
Cache-Control: no-cache
Content-Type: application/json; charset=utf-8
host: localhost:39942
accept: */*

Response DefaultHttpResponse(decodeResult: success, version: HTTP/1.1)
HTTP/1.1 200 OK
Content-Length: 55
Content-Type: application/json; charset=utf-8
cache-control: no-cache

18:03:59.623 [AsyncHttpClient-1-9] DEBUG org.asynchttpclient.netty.channel.ChannelManager - Adding key: http://localhost:39942 for channel [id: 0xb83eefc3, L:/127.0.0.1:56677 - R:localhost/127.0.0.1:39942]
18:03:59.623 [Forwarding screenshot on session d5c1a33d61e1044c3db0a7076fad3f4a to remote] DEBUG org.asynchttpclient.netty.request.NettyRequestSender - Using pooled Channel '[id: 0xb83eefc3, L:/127.0.0.1:56677 - R:localhost/127.0.0.1:39942]' for 'GET' to 'http://localhost:39942/session/d5c1a33d61e1044c3db0a7076fad3f4a/screenshot'
18:03:59.623 [Forwarding screenshot on session d5c1a33d61e1044c3db0a7076fad3f4a to remote] DEBUG org.asynchttpclient.netty.request.NettyRequestSender - Using open Channel [id: 0xb83eefc3, L:/127.0.0.1:56677 - R:localhost/127.0.0.1:39942] for GET '/session/d5c1a33d61e1044c3db0a7076fad3f4a/screenshot'
18:03:59.753 [AsyncHttpClient-1-9] DEBUG org.asynchttpclient.netty.handler.HttpHandler - 

Request DefaultFullHttpRequest(decodeResult: success, version: HTTP/1.1, content: EmptyByteBufBE)
GET /session/d5c1a33d61e1044c3db0a7076fad3f4a/screenshot HTTP/1.1
User-Agent: selenium/4.8.1 (java windows)
Cache-Control: no-cache
Content-Type: application/json; charset=utf-8
host: localhost:39942
accept: */*

Response DefaultHttpResponse(decodeResult: success, version: HTTP/1.1)
HTTP/1.1 200 OK
Content-Length: 14740
Content-Type: application/json; charset=utf-8
cache-control: no-cache

18:03:59.753 [AsyncHttpClient-1-9] DEBUG org.asynchttpclient.netty.channel.ChannelManager - Adding key: http://localhost:39942 for channel [id: 0xb83eefc3, L:/127.0.0.1:56677 - R:localhost/127.0.0.1:39942]
18:03:59.754 [main] DEBUG net.serenitybdd.core.photography.Darkroom - Send negative for processing for target\site\serenity\e5b63d28673e6279c81601e2aa3a2c3f2ee804d9f4535237b430c68f6dc8cf01.png
18:03:59.754 [main] DEBUG net.thucydides.core.steps.StepInterceptor - STEP DONE: user click button Detail
  &amp#27;[32mWhen &amp#27;[0m&amp#27;[32muser click button Detail&amp#27;[0m                   &amp#27;[90m# starter.stepdefinition.ProductStep.userClickButtonDetail()&amp#27;[0m
18:03:59.754 [Darkroom Processing Line] DEBUG net.serenitybdd.core.photography.DarkroomProcessingLine - Processing screenshot image in /var/screenshots/screenshot-8950922978461538886
18:03:59.754 [Darkroom Processing Line] DEBUG net.serenitybdd.core.photography.DarkroomProcessingLine - Saving screenshot to target\site\serenity\e5b63d28673e6279c81601e2aa3a2c3f2ee804d9f4535237b430c68f6dc8cf01.png
18:03:59.762 [main] DEBUG net.thucydides.core.steps.StepInterceptor - STARTING STEP: ProductStep.userCanSeeDetailProduct - user can see detail product
18:03:59.764 [Forwarding findElement on session d5c1a33d61e1044c3db0a7076fad3f4a to remote] DEBUG org.asynchttpclient.netty.request.NettyRequestSender - Using pooled Channel '[id: 0xb83eefc3, L:/127.0.0.1:56677 - R:localhost/127.0.0.1:39942]' for 'POST' to 'http://localhost:39942/session/d5c1a33d61e1044c3db0a7076fad3f4a/element'
18:03:59.764 [Forwarding findElement on session d5c1a33d61e1044c3db0a7076fad3f4a to remote] DEBUG org.asynchttpclient.netty.request.NettyRequestSender - Using open Channel [id: 0xb83eefc3, L:/127.0.0.1:56677 - R:localhost/127.0.0.1:39942] for POST '/session/d5c1a33d61e1044c3db0a7076fad3f4a/element'
18:03:59.939 [AsyncHttpClient-1-9] DEBUG org.asynchttpclient.netty.handler.HttpHandler - 

Request DefaultHttpRequest(decodeResult: success, version: HTTP/1.1)
POST /session/d5c1a33d61e1044c3db0a7076fad3f4a/element HTTP/1.1
User-Agent: selenium/4.8.1 (java windows)
Content-Length: 75
Content-Type: application/json; charset=utf-8
host: localhost:39942
accept: */*

Response DefaultHttpResponse(decodeResult: success, version: HTTP/1.1)
HTTP/1.1 200 OK
Content-Length: 88
Content-Type: application/json; charset=utf-8
cache-control: no-cache

18:03:59.939 [AsyncHttpClient-1-9] DEBUG org.asynchttpclient.netty.channel.ChannelManager - Adding key: http://localhost:39942 for channel [id: 0xb83eefc3, L:/127.0.0.1:56677 - R:localhost/127.0.0.1:39942]
18:03:59.941 [Forwarding isElementDisplayed on session d5c1a33d61e1044c3db0a7076fad3f4a to remote] DEBUG org.asynchttpclient.netty.request.NettyRequestSender - Using pooled Channel '[id: 0xb83eefc3, L:/127.0.0.1:56677 - R:localhost/127.0.0.1:39942]' for 'POST' to 'http://localhost:39942/session/d5c1a33d61e1044c3db0a7076fad3f4a/execute/sync'
18:03:59.941 [Forwarding isElementDisplayed on session d5c1a33d61e1044c3db0a7076fad3f4a to remote] DEBUG org.asynchttpclient.netty.request.NettyRequestSender - Using open Channel [id: 0xb83eefc3, L:/127.0.0.1:56677 - R:localhost/127.0.0.1:39942] for POST '/session/d5c1a33d61e1044c3db0a7076fad3f4a/execute/sync'
18:03:59.948 [AsyncHttpClient-1-1] DEBUG org.asynchttpclient.netty.channel.DefaultChannelPool - Entry count for : http://localhost:56678 : 1
18:03:59.952 [AsyncHttpClient-1-9] DEBUG org.asynchttpclient.netty.handler.HttpHandler - 

Request DefaultHttpRequest(decodeResult: success, version: HTTP/1.1)
POST /session/d5c1a33d61e1044c3db0a7076fad3f4a/execute/sync HTTP/1.1
User-Agent: selenium/4.8.1 (java windows)
Content-Length: 48807
Content-Type: application/json; charset=utf-8
host: localhost:39942
accept: */*

Response DefaultHttpResponse(decodeResult: success, version: HTTP/1.1)
HTTP/1.1 200 OK
Content-Length: 14
Content-Type: application/json; charset=utf-8
cache-control: no-cache

18:03:59.952 [AsyncHttpClient-1-9] DEBUG org.asynchttpclient.netty.channel.ChannelManager - Adding key: http://localhost:39942 for channel [id: 0xb83eefc3, L:/127.0.0.1:56677 - R:localhost/127.0.0.1:39942]
18:03:59.955 [Forwarding getAlertText on session d5c1a33d61e1044c3db0a7076fad3f4a to remote] DEBUG org.asynchttpclient.netty.request.NettyRequestSender - Using pooled Channel '[id: 0xb83eefc3, L:/127.0.0.1:56677 - R:localhost/127.0.0.1:39942]' for 'GET' to 'http://localhost:39942/session/d5c1a33d61e1044c3db0a7076fad3f4a/alert/text'
18:03:59.955 [Forwarding getAlertText on session d5c1a33d61e1044c3db0a7076fad3f4a to remote] DEBUG org.asynchttpclient.netty.request.NettyRequestSender - Using open Channel [id: 0xb83eefc3, L:/127.0.0.1:56677 - R:localhost/127.0.0.1:39942] for GET '/session/d5c1a33d61e1044c3db0a7076fad3f4a/alert/text'
18:03:59.957 [AsyncHttpClient-1-9] DEBUG org.asynchttpclient.netty.handler.HttpHandler - 

Request DefaultFullHttpRequest(decodeResult: success, version: HTTP/1.1, content: EmptyByteBufBE)
GET /session/d5c1a33d61e1044c3db0a7076fad3f4a/alert/text HTTP/1.1
User-Agent: selenium/4.8.1 (java windows)
Cache-Control: no-cache
Content-Type: application/json; charset=utf-8
host: localhost:39942
accept: */*

Response DefaultHttpResponse(decodeResult: success, version: HTTP/1.1)
HTTP/1.1 404 Not Found
Content-Length: 848
Content-Type: application/json; charset=utf-8
cache-control: no-cache

18:03:59.957 [AsyncHttpClient-1-9] DEBUG org.asynchttpclient.netty.channel.ChannelManager - Adding key: http://localhost:39942 for channel [id: 0xb83eefc3, L:/127.0.0.1:56677 - R:localhost/127.0.0.1:39942]
18:03:59.957 [Forwarding getCurrentUrl on session d5c1a33d61e1044c3db0a7076fad3f4a to remote] DEBUG org.asynchttpclient.netty.request.NettyRequestSender - Using pooled Channel '[id: 0xb83eefc3, L:/127.0.0.1:56677 - R:localhost/127.0.0.1:39942]' for 'GET' to 'http://localhost:39942/session/d5c1a33d61e1044c3db0a7076fad3f4a/url'
18:03:59.958 [Forwarding getCurrentUrl on session d5c1a33d61e1044c3db0a7076fad3f4a to remote] DEBUG org.asynchttpclient.netty.request.NettyRequestSender - Using open Channel [id: 0xb83eefc3, L:/127.0.0.1:56677 - R:localhost/127.0.0.1:39942] for GET '/session/d5c1a33d61e1044c3db0a7076fad3f4a/url'
18:03:59.962 [AsyncHttpClient-1-9] DEBUG org.asynchttpclient.netty.handler.HttpHandler - 

Request DefaultFullHttpRequest(decodeResult: success, version: HTTP/1.1, content: EmptyByteBufBE)
GET /session/d5c1a33d61e1044c3db0a7076fad3f4a/url HTTP/1.1
User-Agent: selenium/4.8.1 (java windows)
Cache-Control: no-cache
Content-Type: application/json; charset=utf-8
host: localhost:39942
accept: */*

Response DefaultHttpResponse(decodeResult: success, version: HTTP/1.1)
HTTP/1.1 200 OK
Content-Length: 55
Content-Type: application/json; charset=utf-8
cache-control: no-cache

18:03:59.962 [AsyncHttpClient-1-9] DEBUG org.asynchttpclient.netty.channel.ChannelManager - Adding key: http://localhost:39942 for channel [id: 0xb83eefc3, L:/127.0.0.1:56677 - R:localhost/127.0.0.1:39942]
18:03:59.962 [Forwarding screenshot on session d5c1a33d61e1044c3db0a7076fad3f4a to remote] DEBUG org.asynchttpclient.netty.request.NettyRequestSender - Using pooled Channel '[id: 0xb83eefc3, L:/127.0.0.1:56677 - R:localhost/127.0.0.1:39942]' for 'GET' to 'http://localhost:39942/session/d5c1a33d61e1044c3db0a7076fad3f4a/screenshot'
18:03:59.962 [Forwarding screenshot on session d5c1a33d61e1044c3db0a7076fad3f4a to remote] DEBUG org.asynchttpclient.netty.request.NettyRequestSender - Using open Channel [id: 0xb83eefc3, L:/127.0.0.1:56677 - R:localhost/127.0.0.1:39942] for GET '/session/d5c1a33d61e1044c3db0a7076fad3f4a/screenshot'
18:04:00.058 [AsyncHttpClient-1-9] DEBUG org.asynchttpclient.netty.handler.HttpHandler - 

Request DefaultFullHttpRequest(decodeResult: success, version: HTTP/1.1, content: EmptyByteBufBE)
GET /session/d5c1a33d61e1044c3db0a7076fad3f4a/screenshot HTTP/1.1
User-Agent: selenium/4.8.1 (java windows)
Cache-Control: no-cache
Content-Type: application/json; charset=utf-8
host: localhost:39942
accept: */*

Response DefaultHttpResponse(decodeResult: success, version: HTTP/1.1)
HTTP/1.1 200 OK
Content-Length: 20316
Content-Type: application/json; charset=utf-8
cache-control: no-cache

18:04:00.059 [AsyncHttpClient-1-9] DEBUG org.asynchttpclient.netty.channel.ChannelManager - Adding key: http://localhost:39942 for channel [id: 0xb83eefc3, L:/127.0.0.1:56677 - R:localhost/127.0.0.1:39942]
18:04:00.060 [main] DEBUG net.serenitybdd.core.photography.Darkroom - Send negative for processing for target\site\serenity\901f23a20163b302bdabcf3e47725656f5989629d8fd691a7166dbc3995aa1d0.png
18:04:00.061 [main] DEBUG net.thucydides.core.steps.StepInterceptor - STEP DONE: user can see detail product
  &amp#27;[32mThen &amp#27;[0m&amp#27;[32muser can see detail product&amp#27;[0m                &amp#27;[90m# starter.stepdefinition.ProductStep.userCanSeeDetailProduct()&amp#27;[0m
18:04:00.061 [Darkroom Processing Line] DEBUG net.serenitybdd.core.photography.DarkroomProcessingLine - Processing screenshot image in /var/screenshots/screenshot-2981251969777728695
18:04:00.061 [Darkroom Processing Line] DEBUG net.serenitybdd.core.photography.DarkroomProcessingLine - Saving screenshot to target\site\serenity\901f23a20163b302bdabcf3e47725656f5989629d8fd691a7166dbc3995aa1d0.png
18:04:00.066 [main] INFO  - 
  _____   ___   ___   _____     ___     _     ___   ___   ___   ___  
 |_   _| | __| / __| |_   _|   | _ \   /_\   / __| / __| | __| |   \ 
   | |   | _|  \__ \   | |     |  _/  / _ \  \__ \ \__ \ | _|  | |) |
   |_|   |___| |___/   |_|     |_|   /_/ \_\ |___/ |___/ |___| |___/ 

As a user, I want to see detail product
----------------------------------------------------------------------
18:04:00.068 [AsyncHttpClient-1-3] DEBUG org.asynchttpclient.netty.handler.WebSocketHandler - Channel Closed: [id: 0x1bb2c4bc, L:/127.0.0.1:56684 ! R:localhost/127.0.0.1:56678] with attribute NettyResponseFuture{currentRetry=0,
	isDone=1,
	isCancelled=0,
	asyncHandler=org.asynchttpclient.ws.WebSocketUpgradeHandler@3fc9ab54,
	nettyRequest=org.asynchttpclient.netty.request.NettyRequest@24382726,
	future=java.util.concurrent.CompletableFuture@26057a04[Completed normally],
	uri=ws://localhost:56678/devtools/browser/ec27327f-560e-4c79-9525-cb4ce6097c41,
	keepAlive=true,
	redirectCount=0,
	timeoutsHolder=null,
	inAuth=0,
	touch=1683543834265}
18:04:00.069 [AsyncHttpClient-1-3] DEBUG org.asynchttpclient.netty.channel.ChannelManager - Closing Channel [id: 0x1bb2c4bc, L:/127.0.0.1:56684 ! R:localhost/127.0.0.1:56678] 
18:04:00.069 [Driver Command Executor] DEBUG org.asynchttpclient.netty.request.NettyRequestSender - Using pooled Channel '[id: 0xb83eefc3, L:/127.0.0.1:56677 - R:localhost/127.0.0.1:39942]' for 'DELETE' to 'http://localhost:39942/session/d5c1a33d61e1044c3db0a7076fad3f4a'
18:04:00.069 [Driver Command Executor] DEBUG org.asynchttpclient.netty.request.NettyRequestSender - Using open Channel [id: 0xb83eefc3, L:/127.0.0.1:56677 - R:localhost/127.0.0.1:39942] for DELETE '/session/d5c1a33d61e1044c3db0a7076fad3f4a'
18:04:00.113 [AsyncHttpClient-1-2] DEBUG org.asynchttpclient.netty.handler.HttpHandler - Unexpected I/O exception on channel [id: 0x819c7e09, L:/127.0.0.1:56683 - R:localhost/127.0.0.1:56678]
java.io.IOException: An existing connection was forcibly closed by the remote host
	at sun.nio.ch.SocketDispatcher.read0(Native Method)
	at sun.nio.ch.SocketDispatcher.read(SocketDispatcher.java:43)
	at sun.nio.ch.IOUtil.readIntoNativeBuffer(IOUtil.java:223)
	at sun.nio.ch.IOUtil.read(IOUtil.java:192)
	at sun.nio.ch.SocketChannelImpl.read(SocketChannelImpl.java:378)
	at io.netty.buffer.PooledByteBuf.setBytes(PooledByteBuf.java:259)
	at io.netty.buffer.AbstractByteBuf.writeBytes(AbstractByteBuf.java:1132)
	at io.netty.channel.socket.nio.NioSocketChannel.doReadBytes(NioSocketChannel.java:357)
	at io.netty.channel.nio.AbstractNioByteChannel$NioByteUnsafe.read(AbstractNioByteChannel.java:151)
	at io.netty.channel.nio.NioEventLoop.processSelectedKey(NioEventLoop.java:788)
	at io.netty.channel.nio.NioEventLoop.processSelectedKeysOptimized(NioEventLoop.java:724)
	at io.netty.channel.nio.NioEventLoop.processSelectedKeys(NioEventLoop.java:650)
	at io.netty.channel.nio.NioEventLoop.run(NioEventLoop.java:562)
	at io.netty.util.concurrent.SingleThreadEventExecutor$4.run(SingleThreadEventExecutor.java:997)
	at io.netty.util.internal.ThreadExecutorMap$2.run(ThreadExecutorMap.java:74)
	at io.netty.util.concurrent.FastThreadLocalRunnable.run(FastThreadLocalRunnable.java:30)
	at java.lang.Thread.run(Thread.java:748)
18:04:00.113 [AsyncHttpClient-1-2] DEBUG org.asynchttpclient.netty.channel.ChannelManager - Closing Channel [id: 0x819c7e09, L:/127.0.0.1:56683 - R:localhost/127.0.0.1:56678] 
18:04:00.113 [AsyncHttpClient-1-2] DEBUG org.asynchttpclient.netty.handler.HttpHandler - Channel Closed: [id: 0x819c7e09, L:/127.0.0.1:56683 ! R:localhost/127.0.0.1:56678] with attribute DISCARD
18:04:00.159 [AsyncHttpClient-1-9] DEBUG org.asynchttpclient.netty.handler.HttpHandler - 

Request DefaultFullHttpRequest(decodeResult: success, version: HTTP/1.1, content: EmptyByteBufBE)
DELETE /session/d5c1a33d61e1044c3db0a7076fad3f4a HTTP/1.1
User-Agent: selenium/4.8.1 (java windows)
Content-Type: application/json; charset=utf-8
host: localhost:39942
accept: */*

Response DefaultHttpResponse(decodeResult: success, version: HTTP/1.1)
HTTP/1.1 200 OK
Content-Length: 14
Content-Type: application/json; charset=utf-8
cache-control: no-cache

18:04:00.159 [AsyncHttpClient-1-9] DEBUG org.asynchttpclient.netty.channel.ChannelManager - Adding key: http://localhost:39942 for channel [id: 0xb83eefc3, L:/127.0.0.1:56677 - R:localhost/127.0.0.1:39942]
18:04:00.257 [AsyncHttpClient-1-9] DEBUG org.asynchttpclient.netty.handler.HttpHandler - Channel Closed: [id: 0xb83eefc3, L:/127.0.0.1:56677 ! R:localhost/127.0.0.1:39942] with attribute DISCARD
]]></system-out>
    <system-err><![CDATA[Starting ChromeDriver 112.0.5615.49 (bd2a7bcb881c11e8cfe3078709382934e3916914-refs/branch-heads/5615@{#936}) on port 39942
Only local connections are allowed.
Please see https://chromedriver.chromium.org/security-considerations for suggestions on keeping ChromeDriver safe.
ChromeDriver was started successfully.
May 08, 2023 6:03:54 PM org.openqa.selenium.devtools.CdpVersionFinder findNearestMatch
WARNING: Unable to find an exact match for CDP version 112, so returning the closest version found: 110
]]></system-err>
  </testcase>
  <testcase name="As a user, I want to give rating the product" classname="Product - As a user I want to buying a product So that I have to select product" time="10.932">
    <system-out><![CDATA[
@TC_Product_003
Scenario: As a user, I want to give rating the product &amp#27;[90m# src/test/resources/features/Product.feature:16&amp#27;[0m
18:04:00.980 [main] DEBUG io.cucumber.core.plugin.SerenityReporter - Running feature from file:///C:/Users/user/IdeaProjects/QE_Devi%20Agustin%20Utari_Mini_Project/Web_Automation_AltaShop/src/test/resources/features/Product.feature
18:04:00.982 [main] INFO  - 
  _____   ___   ___   _____     ___   _____     _     ___   _____   ___   ___  
 |_   _| | __| / __| |_   _|   / __| |_   _|   /_\   | _ \ |_   _| | __| |   \ 
   | |   | _|  \__ \   | |     \__ \   | |    / _ \  |   /   | |   | _|  | |) |
   |_|   |___| |___/   |_|     |___/   |_|   /_/ \_\ |_|_\   |_|   |___| |___/ 

As a user, I want to give rating the product(product---as-a-user-i-want-to-buying-a-product-so-that-i-have-to-select-product;as-a-user--i-want-to-give-rating-the-product)
--------------------------------------------------------------------------------
18:04:01.069 [main] DEBUG net.thucydides.core.steps.StepInterceptor - STARTING STEP: LoginStep.userSuccessLogin - user on login page
18:04:01.265 [AsyncHttpClient-1-1] DEBUG org.asynchttpclient.netty.channel.DefaultChannelPool - Entry count for : http://localhost:39942 : 1
18:04:01.285 [AsyncHttpClient-1-1] DEBUG org.asynchttpclient.netty.channel.DefaultChannelPool - Entry count for : http://localhost:56678 : 1
18:04:01.385 [AsyncHttpClient-1-1] DEBUG org.asynchttpclient.netty.channel.DefaultChannelPool - Adding Candidate expired Channel [id: 0xb83eefc3, L:/127.0.0.1:56677 ! R:localhost/127.0.0.1:39942] isIdleTimeoutExpired=false isRemotelyClosed=true isTtlExpired=false
18:04:01.385 [AsyncHttpClient-1-1] DEBUG org.asynchttpclient.netty.channel.DefaultChannelPool - Closing Idle Channel [id: 0xb83eefc3, L:/127.0.0.1:56677 ! R:localhost/127.0.0.1:39942]
18:04:01.385 [AsyncHttpClient-1-1] DEBUG org.asynchttpclient.netty.channel.DefaultChannelPool - Adding Candidate expired Channel [id: 0x819c7e09, L:/127.0.0.1:56683 ! R:localhost/127.0.0.1:56678] isIdleTimeoutExpired=false isRemotelyClosed=true isTtlExpired=false
18:04:01.385 [AsyncHttpClient-1-1] DEBUG org.asynchttpclient.netty.channel.DefaultChannelPool - Closing Idle Channel [id: 0x819c7e09, L:/127.0.0.1:56683 ! R:localhost/127.0.0.1:56678]
18:04:01.385 [AsyncHttpClient-1-1] DEBUG org.asynchttpclient.netty.channel.DefaultChannelPool - Closed 2 connections out of 2 in 99 ms
18:04:02.544 [main] INFO net.serenitybdd.core.webdriver.driverproviders.ChromeDriverProvider - Starting Chrome driver instance with capabilities:
18:04:02.545 [main] INFO net.serenitybdd.core.webdriver.driverproviders.ChromeDriverProvider - Capabilities {acceptInsecureCerts: true, browserName: chrome, goog:chromeOptions: {args: [remote-allow-origins=*, test-type, no-sandbox, ignore-certificate-errors, start-maximized, incognito, disable-infobars, disable-gpu, disable-default-apps, disable-popup-blocking, remote-allow-origins=*, test-type, no-sandbox, ignore-certificate-errors, start-maximized, incognito, disable-infobars, disable-gpu, disable-default-apps, disable-popup-blocking, remote-allow-origins=*], extensions: []}}
18:04:03.232 [AsyncHttpClient-1-4] DEBUG org.asynchttpclient.netty.channel.NettyConnectListener - Using new Channel '[id: 0x37a8c9aa, L:/127.0.0.1:56705 - R:localhost/127.0.0.1:47609]' for 'POST' to '/session'
18:04:04.528 [AsyncHttpClient-1-4] DEBUG org.asynchttpclient.netty.handler.HttpHandler - 

Request DefaultHttpRequest(decodeResult: success, version: HTTP/1.1)
POST /session HTTP/1.1
User-Agent: selenium/4.8.1 (java windows)
Content-Length: 1701
Content-Type: application/json; charset=utf-8
host: localhost:47609
accept: */*

Response DefaultHttpResponse(decodeResult: success, version: HTTP/1.1)
HTTP/1.1 200 OK
Content-Length: 844
Content-Type: application/json; charset=utf-8
cache-control: no-cache

18:04:04.529 [AsyncHttpClient-1-4] DEBUG org.asynchttpclient.netty.channel.ChannelManager - Adding key: http://localhost:47609 for channel [id: 0x37a8c9aa, L:/127.0.0.1:56705 - R:localhost/127.0.0.1:47609]
18:04:04.535 [AsyncHttpClient-1-5] DEBUG org.asynchttpclient.netty.channel.NettyConnectListener - Using new Channel '[id: 0xf676a60c, L:/127.0.0.1:56712 - R:localhost/127.0.0.1:56707]' for 'GET' to '/json/version'
18:04:04.536 [AsyncHttpClient-1-5] DEBUG org.asynchttpclient.netty.handler.HttpHandler - 

Request DefaultFullHttpRequest(decodeResult: success, version: HTTP/1.1, content: EmptyByteBufBE)
GET /json/version HTTP/1.1
User-Agent: selenium/4.8.1 (java windows)
host: localhost:56707
accept: */*

Response DefaultHttpResponse(decodeResult: success, version: HTTP/1.1)
HTTP/1.1 200 OK
Content-Security-Policy: frame-ancestors 'none'
Content-Length: 424
Content-Type: application/json; charset=UTF-8

18:04:04.536 [AsyncHttpClient-1-5] DEBUG org.asynchttpclient.netty.channel.ChannelManager - Adding key: http://localhost:56707 for channel [id: 0xf676a60c, L:/127.0.0.1:56712 - R:localhost/127.0.0.1:56707]
18:04:04.537 [AsyncHttpClient-1-6] DEBUG org.asynchttpclient.netty.channel.NettyConnectListener - Using new Channel '[id: 0x2e0657b1, L:/127.0.0.1:56713 - R:localhost/127.0.0.1:56707]' for 'GET' to '/devtools/browser/20183993-00ef-4adf-b40a-a060feb552c5'
18:04:04.537 [AsyncHttpClient-1-6] DEBUG org.asynchttpclient.netty.handler.WebSocketHandler - 

Request DefaultFullHttpRequest(decodeResult: success, version: HTTP/1.1, content: EmptyByteBufBE)
GET /devtools/browser/20183993-00ef-4adf-b40a-a060feb552c5 HTTP/1.1
upgrade: websocket
connection: upgrade
sec-websocket-key: mPBhjmLnuM/Lmez3jU+fjQ==
sec-websocket-version: 13
origin: http://localhost:56707
host: localhost:56707
accept: */*
user-agent: AHC/2.1

Response DefaultHttpResponse(decodeResult: success, version: HTTP/1.1)
HTTP/1.1 101 WebSocket Protocol Handshake
Upgrade: WebSocket
Connection: Upgrade
Sec-WebSocket-Accept: QBJ9gdTwMFg5Y9HFG7lhYxU1jqc=

18:04:04.539 [Forwarding get on session 711116383f3ba6fbb7619710c6ec8dce to remote] DEBUG org.asynchttpclient.netty.request.NettyRequestSender - Using pooled Channel '[id: 0x37a8c9aa, L:/127.0.0.1:56705 - R:localhost/127.0.0.1:47609]' for 'POST' to 'http://localhost:47609/session/711116383f3ba6fbb7619710c6ec8dce/url'
18:04:04.539 [Forwarding get on session 711116383f3ba6fbb7619710c6ec8dce to remote] DEBUG org.asynchttpclient.netty.request.NettyRequestSender - Using open Channel [id: 0x37a8c9aa, L:/127.0.0.1:56705 - R:localhost/127.0.0.1:47609] for POST '/session/711116383f3ba6fbb7619710c6ec8dce/url'
18:04:04.672 [AsyncHttpClient-1-1] DEBUG org.asynchttpclient.netty.channel.DefaultChannelPool - Entry count for : http://localhost:56707 : 1
18:04:05.750 [AsyncHttpClient-1-1] DEBUG org.asynchttpclient.netty.channel.DefaultChannelPool - Entry count for : http://localhost:56707 : 1
18:04:06.001 [AsyncHttpClient-1-4] DEBUG org.asynchttpclient.netty.handler.HttpHandler - 

Request DefaultHttpRequest(decodeResult: success, version: HTTP/1.1)
POST /session/711116383f3ba6fbb7619710c6ec8dce/url HTTP/1.1
User-Agent: selenium/4.8.1 (java windows)
Content-Length: 74
Content-Type: application/json; charset=utf-8
host: localhost:47609
accept: */*

Response DefaultHttpResponse(decodeResult: success, version: HTTP/1.1)
HTTP/1.1 200 OK
Content-Length: 14
Content-Type: application/json; charset=utf-8
cache-control: no-cache

18:04:06.001 [AsyncHttpClient-1-4] DEBUG org.asynchttpclient.netty.channel.ChannelManager - Adding key: http://localhost:47609 for channel [id: 0x37a8c9aa, L:/127.0.0.1:56705 - R:localhost/127.0.0.1:47609]
18:04:06.002 [Forwarding setTimeout on session 711116383f3ba6fbb7619710c6ec8dce to remote] DEBUG org.asynchttpclient.netty.request.NettyRequestSender - Using pooled Channel '[id: 0x37a8c9aa, L:/127.0.0.1:56705 - R:localhost/127.0.0.1:47609]' for 'POST' to 'http://localhost:47609/session/711116383f3ba6fbb7619710c6ec8dce/timeouts'
18:04:06.002 [Forwarding setTimeout on session 711116383f3ba6fbb7619710c6ec8dce to remote] DEBUG org.asynchttpclient.netty.request.NettyRequestSender - Using open Channel [id: 0x37a8c9aa, L:/127.0.0.1:56705 - R:localhost/127.0.0.1:47609] for POST '/session/711116383f3ba6fbb7619710c6ec8dce/timeouts'
18:04:06.004 [AsyncHttpClient-1-4] DEBUG org.asynchttpclient.netty.handler.HttpHandler - 

Request DefaultHttpRequest(decodeResult: success, version: HTTP/1.1)
POST /session/711116383f3ba6fbb7619710c6ec8dce/timeouts HTTP/1.1
User-Agent: selenium/4.8.1 (java windows)
Content-Length: 22
Content-Type: application/json; charset=utf-8
host: localhost:47609
accept: */*

Response DefaultHttpResponse(decodeResult: success, version: HTTP/1.1)
HTTP/1.1 200 OK
Content-Length: 14
Content-Type: application/json; charset=utf-8
cache-control: no-cache

18:04:06.004 [AsyncHttpClient-1-4] DEBUG org.asynchttpclient.netty.channel.ChannelManager - Adding key: http://localhost:47609 for channel [id: 0x37a8c9aa, L:/127.0.0.1:56705 - R:localhost/127.0.0.1:47609]
18:04:06.010 [Forwarding findElement on session 711116383f3ba6fbb7619710c6ec8dce to remote] DEBUG org.asynchttpclient.netty.request.NettyRequestSender - Using pooled Channel '[id: 0x37a8c9aa, L:/127.0.0.1:56705 - R:localhost/127.0.0.1:47609]' for 'POST' to 'http://localhost:47609/session/711116383f3ba6fbb7619710c6ec8dce/element'
18:04:06.010 [Forwarding findElement on session 711116383f3ba6fbb7619710c6ec8dce to remote] DEBUG org.asynchttpclient.netty.request.NettyRequestSender - Using open Channel [id: 0x37a8c9aa, L:/127.0.0.1:56705 - R:localhost/127.0.0.1:47609] for POST '/session/711116383f3ba6fbb7619710c6ec8dce/element'
18:04:06.029 [AsyncHttpClient-1-4] DEBUG org.asynchttpclient.netty.handler.HttpHandler - 

Request DefaultHttpRequest(decodeResult: success, version: HTTP/1.1)
POST /session/711116383f3ba6fbb7619710c6ec8dce/element HTTP/1.1
User-Agent: selenium/4.8.1 (java windows)
Content-Length: 69
Content-Type: application/json; charset=utf-8
host: localhost:47609
accept: */*

Response DefaultHttpResponse(decodeResult: success, version: HTTP/1.1)
HTTP/1.1 200 OK
Content-Length: 88
Content-Type: application/json; charset=utf-8
cache-control: no-cache

18:04:06.029 [AsyncHttpClient-1-4] DEBUG org.asynchttpclient.netty.channel.ChannelManager - Adding key: http://localhost:47609 for channel [id: 0x37a8c9aa, L:/127.0.0.1:56705 - R:localhost/127.0.0.1:47609]
18:04:06.034 [Forwarding isElementDisplayed on session 711116383f3ba6fbb7619710c6ec8dce to remote] DEBUG org.asynchttpclient.netty.request.NettyRequestSender - Using pooled Channel '[id: 0x37a8c9aa, L:/127.0.0.1:56705 - R:localhost/127.0.0.1:47609]' for 'POST' to 'http://localhost:47609/session/711116383f3ba6fbb7619710c6ec8dce/execute/sync'
18:04:06.034 [Forwarding isElementDisplayed on session 711116383f3ba6fbb7619710c6ec8dce to remote] DEBUG org.asynchttpclient.netty.request.NettyRequestSender - Using open Channel [id: 0x37a8c9aa, L:/127.0.0.1:56705 - R:localhost/127.0.0.1:47609] for POST '/session/711116383f3ba6fbb7619710c6ec8dce/execute/sync'
18:04:06.051 [AsyncHttpClient-1-4] DEBUG org.asynchttpclient.netty.handler.HttpHandler - 

Request DefaultHttpRequest(decodeResult: success, version: HTTP/1.1)
POST /session/711116383f3ba6fbb7619710c6ec8dce/execute/sync HTTP/1.1
User-Agent: selenium/4.8.1 (java windows)
Content-Length: 48807
Content-Type: application/json; charset=utf-8
host: localhost:47609
accept: */*

Response DefaultHttpResponse(decodeResult: success, version: HTTP/1.1)
HTTP/1.1 200 OK
Content-Length: 14
Content-Type: application/json; charset=utf-8
cache-control: no-cache

18:04:06.052 [AsyncHttpClient-1-4] DEBUG org.asynchttpclient.netty.channel.ChannelManager - Adding key: http://localhost:47609 for channel [id: 0x37a8c9aa, L:/127.0.0.1:56705 - R:localhost/127.0.0.1:47609]
18:04:06.059 [Forwarding getAlertText on session 711116383f3ba6fbb7619710c6ec8dce to remote] DEBUG org.asynchttpclient.netty.request.NettyRequestSender - Using pooled Channel '[id: 0x37a8c9aa, L:/127.0.0.1:56705 - R:localhost/127.0.0.1:47609]' for 'GET' to 'http://localhost:47609/session/711116383f3ba6fbb7619710c6ec8dce/alert/text'
18:04:06.059 [Forwarding getAlertText on session 711116383f3ba6fbb7619710c6ec8dce to remote] DEBUG org.asynchttpclient.netty.request.NettyRequestSender - Using open Channel [id: 0x37a8c9aa, L:/127.0.0.1:56705 - R:localhost/127.0.0.1:47609] for GET '/session/711116383f3ba6fbb7619710c6ec8dce/alert/text'
18:04:06.060 [AsyncHttpClient-1-4] DEBUG org.asynchttpclient.netty.handler.HttpHandler - 

Request DefaultFullHttpRequest(decodeResult: success, version: HTTP/1.1, content: EmptyByteBufBE)
GET /session/711116383f3ba6fbb7619710c6ec8dce/alert/text HTTP/1.1
User-Agent: selenium/4.8.1 (java windows)
Cache-Control: no-cache
Content-Type: application/json; charset=utf-8
host: localhost:47609
accept: */*

Response DefaultHttpResponse(decodeResult: success, version: HTTP/1.1)
HTTP/1.1 404 Not Found
Content-Length: 848
Content-Type: application/json; charset=utf-8
cache-control: no-cache

18:04:06.060 [AsyncHttpClient-1-4] DEBUG org.asynchttpclient.netty.channel.ChannelManager - Adding key: http://localhost:47609 for channel [id: 0x37a8c9aa, L:/127.0.0.1:56705 - R:localhost/127.0.0.1:47609]
18:04:06.061 [Forwarding getCurrentUrl on session 711116383f3ba6fbb7619710c6ec8dce to remote] DEBUG org.asynchttpclient.netty.request.NettyRequestSender - Using pooled Channel '[id: 0x37a8c9aa, L:/127.0.0.1:56705 - R:localhost/127.0.0.1:47609]' for 'GET' to 'http://localhost:47609/session/711116383f3ba6fbb7619710c6ec8dce/url'
18:04:06.061 [Forwarding getCurrentUrl on session 711116383f3ba6fbb7619710c6ec8dce to remote] DEBUG org.asynchttpclient.netty.request.NettyRequestSender - Using open Channel [id: 0x37a8c9aa, L:/127.0.0.1:56705 - R:localhost/127.0.0.1:47609] for GET '/session/711116383f3ba6fbb7619710c6ec8dce/url'
18:04:06.066 [AsyncHttpClient-1-4] DEBUG org.asynchttpclient.netty.handler.HttpHandler - 

Request DefaultFullHttpRequest(decodeResult: success, version: HTTP/1.1, content: EmptyByteBufBE)
GET /session/711116383f3ba6fbb7619710c6ec8dce/url HTTP/1.1
User-Agent: selenium/4.8.1 (java windows)
Cache-Control: no-cache
Content-Type: application/json; charset=utf-8
host: localhost:47609
accept: */*

Response DefaultHttpResponse(decodeResult: success, version: HTTP/1.1)
HTTP/1.1 200 OK
Content-Length: 51
Content-Type: application/json; charset=utf-8
cache-control: no-cache

18:04:06.066 [AsyncHttpClient-1-4] DEBUG org.asynchttpclient.netty.channel.ChannelManager - Adding key: http://localhost:47609 for channel [id: 0x37a8c9aa, L:/127.0.0.1:56705 - R:localhost/127.0.0.1:47609]
18:04:06.067 [Forwarding screenshot on session 711116383f3ba6fbb7619710c6ec8dce to remote] DEBUG org.asynchttpclient.netty.request.NettyRequestSender - Using pooled Channel '[id: 0x37a8c9aa, L:/127.0.0.1:56705 - R:localhost/127.0.0.1:47609]' for 'GET' to 'http://localhost:47609/session/711116383f3ba6fbb7619710c6ec8dce/screenshot'
18:04:06.067 [Forwarding screenshot on session 711116383f3ba6fbb7619710c6ec8dce to remote] DEBUG org.asynchttpclient.netty.request.NettyRequestSender - Using open Channel [id: 0x37a8c9aa, L:/127.0.0.1:56705 - R:localhost/127.0.0.1:47609] for GET '/session/711116383f3ba6fbb7619710c6ec8dce/screenshot'
18:04:06.182 [AsyncHttpClient-1-4] DEBUG org.asynchttpclient.netty.handler.HttpHandler - 

Request DefaultFullHttpRequest(decodeResult: success, version: HTTP/1.1, content: EmptyByteBufBE)
GET /session/711116383f3ba6fbb7619710c6ec8dce/screenshot HTTP/1.1
User-Agent: selenium/4.8.1 (java windows)
Cache-Control: no-cache
Content-Type: application/json; charset=utf-8
host: localhost:47609
accept: */*

Response DefaultHttpResponse(decodeResult: success, version: HTTP/1.1)
HTTP/1.1 200 OK
Content-Length: 25060
Content-Type: application/json; charset=utf-8
cache-control: no-cache

18:04:06.182 [AsyncHttpClient-1-4] DEBUG org.asynchttpclient.netty.channel.ChannelManager - Adding key: http://localhost:47609 for channel [id: 0x37a8c9aa, L:/127.0.0.1:56705 - R:localhost/127.0.0.1:47609]
18:04:06.184 [main] DEBUG net.serenitybdd.core.photography.Darkroom - Send negative for processing for target\site\serenity\1db263dd5c04c8fe15e82ee6420144d4e1e7b9826b9315cfd7ec5b5d0da76045.png
18:04:06.185 [main] DEBUG net.thucydides.core.steps.StepInterceptor - STEP DONE: user on login page
18:04:06.188 [main] DEBUG net.thucydides.core.steps.StepInterceptor - STARTING STEP: LoginStep.userSuccessLogin - user input valid email
18:04:06.192 [Forwarding findElement on session 711116383f3ba6fbb7619710c6ec8dce to remote] DEBUG org.asynchttpclient.netty.request.NettyRequestSender - Using pooled Channel '[id: 0x37a8c9aa, L:/127.0.0.1:56705 - R:localhost/127.0.0.1:47609]' for 'POST' to 'http://localhost:47609/session/711116383f3ba6fbb7619710c6ec8dce/element'
18:04:06.192 [Forwarding findElement on session 711116383f3ba6fbb7619710c6ec8dce to remote] DEBUG org.asynchttpclient.netty.request.NettyRequestSender - Using open Channel [id: 0x37a8c9aa, L:/127.0.0.1:56705 - R:localhost/127.0.0.1:47609] for POST '/session/711116383f3ba6fbb7619710c6ec8dce/element'
18:04:06.205 [AsyncHttpClient-1-4] DEBUG org.asynchttpclient.netty.handler.HttpHandler - 

Request DefaultHttpRequest(decodeResult: success, version: HTTP/1.1)
POST /session/711116383f3ba6fbb7619710c6ec8dce/element HTTP/1.1
User-Agent: selenium/4.8.1 (java windows)
Content-Length: 55
Content-Type: application/json; charset=utf-8
host: localhost:47609
accept: */*

Response DefaultHttpResponse(decodeResult: success, version: HTTP/1.1)
HTTP/1.1 200 OK
Content-Length: 88
Content-Type: application/json; charset=utf-8
cache-control: no-cache

18:04:06.205 [AsyncHttpClient-1-4] DEBUG org.asynchttpclient.netty.channel.ChannelManager - Adding key: http://localhost:47609 for channel [id: 0x37a8c9aa, L:/127.0.0.1:56705 - R:localhost/127.0.0.1:47609]
18:04:06.206 [Forwarding clearElement on session 711116383f3ba6fbb7619710c6ec8dce to remote] DEBUG org.asynchttpclient.netty.request.NettyRequestSender - Using pooled Channel '[id: 0x37a8c9aa, L:/127.0.0.1:56705 - R:localhost/127.0.0.1:47609]' for 'POST' to 'http://localhost:47609/session/711116383f3ba6fbb7619710c6ec8dce/element/490e2658-8126-473a-ada7-5a9c77843490/clear'
18:04:06.206 [Forwarding clearElement on session 711116383f3ba6fbb7619710c6ec8dce to remote] DEBUG org.asynchttpclient.netty.request.NettyRequestSender - Using open Channel [id: 0x37a8c9aa, L:/127.0.0.1:56705 - R:localhost/127.0.0.1:47609] for POST '/session/711116383f3ba6fbb7619710c6ec8dce/element/490e2658-8126-473a-ada7-5a9c77843490/clear'
18:04:06.256 [AsyncHttpClient-1-4] DEBUG org.asynchttpclient.netty.handler.HttpHandler - 

Request DefaultHttpRequest(decodeResult: success, version: HTTP/1.1)
POST /session/711116383f3ba6fbb7619710c6ec8dce/element/490e2658-8126-473a-ada7-5a9c77843490/clear HTTP/1.1
User-Agent: selenium/4.8.1 (java windows)
Content-Length: 50
Content-Type: application/json; charset=utf-8
host: localhost:47609
accept: */*

Response DefaultHttpResponse(decodeResult: success, version: HTTP/1.1)
HTTP/1.1 200 OK
Content-Length: 14
Content-Type: application/json; charset=utf-8
cache-control: no-cache

18:04:06.256 [AsyncHttpClient-1-4] DEBUG org.asynchttpclient.netty.channel.ChannelManager - Adding key: http://localhost:47609 for channel [id: 0x37a8c9aa, L:/127.0.0.1:56705 - R:localhost/127.0.0.1:47609]
18:04:06.258 [Forwarding sendKeysToElement on session 711116383f3ba6fbb7619710c6ec8dce to remote] DEBUG org.asynchttpclient.netty.request.NettyRequestSender - Using pooled Channel '[id: 0x37a8c9aa, L:/127.0.0.1:56705 - R:localhost/127.0.0.1:47609]' for 'POST' to 'http://localhost:47609/session/711116383f3ba6fbb7619710c6ec8dce/element/490e2658-8126-473a-ada7-5a9c77843490/value'
18:04:06.258 [Forwarding sendKeysToElement on session 711116383f3ba6fbb7619710c6ec8dce to remote] DEBUG org.asynchttpclient.netty.request.NettyRequestSender - Using open Channel [id: 0x37a8c9aa, L:/127.0.0.1:56705 - R:localhost/127.0.0.1:47609] for POST '/session/711116383f3ba6fbb7619710c6ec8dce/element/490e2658-8126-473a-ada7-5a9c77843490/value'
18:04:06.501 [AsyncHttpClient-1-4] DEBUG org.asynchttpclient.netty.handler.HttpHandler - 

Request DefaultHttpRequest(decodeResult: success, version: HTTP/1.1)
POST /session/711116383f3ba6fbb7619710c6ec8dce/element/490e2658-8126-473a-ada7-5a9c77843490/value HTTP/1.1
User-Agent: selenium/4.8.1 (java windows)
Content-Length: 271
Content-Type: application/json; charset=utf-8
host: localhost:47609
accept: */*

Response DefaultHttpResponse(decodeResult: success, version: HTTP/1.1)
HTTP/1.1 200 OK
Content-Length: 14
Content-Type: application/json; charset=utf-8
cache-control: no-cache

18:04:06.501 [AsyncHttpClient-1-4] DEBUG org.asynchttpclient.netty.channel.ChannelManager - Adding key: http://localhost:47609 for channel [id: 0x37a8c9aa, L:/127.0.0.1:56705 - R:localhost/127.0.0.1:47609]
18:04:06.510 [Forwarding getAlertText on session 711116383f3ba6fbb7619710c6ec8dce to remote] DEBUG org.asynchttpclient.netty.request.NettyRequestSender - Using pooled Channel '[id: 0x37a8c9aa, L:/127.0.0.1:56705 - R:localhost/127.0.0.1:47609]' for 'GET' to 'http://localhost:47609/session/711116383f3ba6fbb7619710c6ec8dce/alert/text'
18:04:06.511 [Forwarding getAlertText on session 711116383f3ba6fbb7619710c6ec8dce to remote] DEBUG org.asynchttpclient.netty.request.NettyRequestSender - Using open Channel [id: 0x37a8c9aa, L:/127.0.0.1:56705 - R:localhost/127.0.0.1:47609] for GET '/session/711116383f3ba6fbb7619710c6ec8dce/alert/text'
18:04:06.512 [AsyncHttpClient-1-4] DEBUG org.asynchttpclient.netty.handler.HttpHandler - 

Request DefaultFullHttpRequest(decodeResult: success, version: HTTP/1.1, content: EmptyByteBufBE)
GET /session/711116383f3ba6fbb7619710c6ec8dce/alert/text HTTP/1.1
User-Agent: selenium/4.8.1 (java windows)
Cache-Control: no-cache
Content-Type: application/json; charset=utf-8
host: localhost:47609
accept: */*

Response DefaultHttpResponse(decodeResult: success, version: HTTP/1.1)
HTTP/1.1 404 Not Found
Content-Length: 848
Content-Type: application/json; charset=utf-8
cache-control: no-cache

18:04:06.512 [AsyncHttpClient-1-4] DEBUG org.asynchttpclient.netty.channel.ChannelManager - Adding key: http://localhost:47609 for channel [id: 0x37a8c9aa, L:/127.0.0.1:56705 - R:localhost/127.0.0.1:47609]
18:04:06.513 [Forwarding getCurrentUrl on session 711116383f3ba6fbb7619710c6ec8dce to remote] DEBUG org.asynchttpclient.netty.request.NettyRequestSender - Using pooled Channel '[id: 0x37a8c9aa, L:/127.0.0.1:56705 - R:localhost/127.0.0.1:47609]' for 'GET' to 'http://localhost:47609/session/711116383f3ba6fbb7619710c6ec8dce/url'
18:04:06.513 [Forwarding getCurrentUrl on session 711116383f3ba6fbb7619710c6ec8dce to remote] DEBUG org.asynchttpclient.netty.request.NettyRequestSender - Using open Channel [id: 0x37a8c9aa, L:/127.0.0.1:56705 - R:localhost/127.0.0.1:47609] for GET '/session/711116383f3ba6fbb7619710c6ec8dce/url'
18:04:06.521 [AsyncHttpClient-1-4] DEBUG org.asynchttpclient.netty.handler.HttpHandler - 

Request DefaultFullHttpRequest(decodeResult: success, version: HTTP/1.1, content: EmptyByteBufBE)
GET /session/711116383f3ba6fbb7619710c6ec8dce/url HTTP/1.1
User-Agent: selenium/4.8.1 (java windows)
Cache-Control: no-cache
Content-Type: application/json; charset=utf-8
host: localhost:47609
accept: */*

Response DefaultHttpResponse(decodeResult: success, version: HTTP/1.1)
HTTP/1.1 200 OK
Content-Length: 51
Content-Type: application/json; charset=utf-8
cache-control: no-cache

18:04:06.521 [AsyncHttpClient-1-4] DEBUG org.asynchttpclient.netty.channel.ChannelManager - Adding key: http://localhost:47609 for channel [id: 0x37a8c9aa, L:/127.0.0.1:56705 - R:localhost/127.0.0.1:47609]
18:04:06.522 [Forwarding screenshot on session 711116383f3ba6fbb7619710c6ec8dce to remote] DEBUG org.asynchttpclient.netty.request.NettyRequestSender - Using pooled Channel '[id: 0x37a8c9aa, L:/127.0.0.1:56705 - R:localhost/127.0.0.1:47609]' for 'GET' to 'http://localhost:47609/session/711116383f3ba6fbb7619710c6ec8dce/screenshot'
18:04:06.522 [Forwarding screenshot on session 711116383f3ba6fbb7619710c6ec8dce to remote] DEBUG org.asynchttpclient.netty.request.NettyRequestSender - Using open Channel [id: 0x37a8c9aa, L:/127.0.0.1:56705 - R:localhost/127.0.0.1:47609] for GET '/session/711116383f3ba6fbb7619710c6ec8dce/screenshot'
18:04:06.704 [AsyncHttpClient-1-4] DEBUG org.asynchttpclient.netty.handler.HttpHandler - 

Request DefaultFullHttpRequest(decodeResult: success, version: HTTP/1.1, content: EmptyByteBufBE)
GET /session/711116383f3ba6fbb7619710c6ec8dce/screenshot HTTP/1.1
User-Agent: selenium/4.8.1 (java windows)
Cache-Control: no-cache
Content-Type: application/json; charset=utf-8
host: localhost:47609
accept: */*

Response DefaultHttpResponse(decodeResult: success, version: HTTP/1.1)
HTTP/1.1 200 OK
Content-Length: 29772
Content-Type: application/json; charset=utf-8
cache-control: no-cache

18:04:06.704 [AsyncHttpClient-1-4] DEBUG org.asynchttpclient.netty.channel.ChannelManager - Adding key: http://localhost:47609 for channel [id: 0x37a8c9aa, L:/127.0.0.1:56705 - R:localhost/127.0.0.1:47609]
18:04:06.706 [main] DEBUG net.serenitybdd.core.photography.Darkroom - Send negative for processing for target\site\serenity\d36650390fd57e46e80ed8c583d3b47a56e5b37be319758af0d6d26787d413ab.png
18:04:06.707 [main] DEBUG net.thucydides.core.steps.StepInterceptor - STEP DONE: user input valid email
18:04:06.708 [Darkroom Processing Line] DEBUG net.serenitybdd.core.photography.DarkroomProcessingLine - Processing screenshot image in /var/screenshots/screenshot-926858297567363775
18:04:06.708 [Darkroom Processing Line] DEBUG net.serenitybdd.core.photography.DarkroomProcessingLine - Saving screenshot to target\site\serenity\d36650390fd57e46e80ed8c583d3b47a56e5b37be319758af0d6d26787d413ab.png
18:04:06.711 [main] DEBUG net.thucydides.core.steps.StepInterceptor - STARTING STEP: LoginStep.userSuccessLogin - user input valid password
18:04:06.715 [Forwarding findElement on session 711116383f3ba6fbb7619710c6ec8dce to remote] DEBUG org.asynchttpclient.netty.request.NettyRequestSender - Using pooled Channel '[id: 0x37a8c9aa, L:/127.0.0.1:56705 - R:localhost/127.0.0.1:47609]' for 'POST' to 'http://localhost:47609/session/711116383f3ba6fbb7619710c6ec8dce/element'
18:04:06.715 [Forwarding findElement on session 711116383f3ba6fbb7619710c6ec8dce to remote] DEBUG org.asynchttpclient.netty.request.NettyRequestSender - Using open Channel [id: 0x37a8c9aa, L:/127.0.0.1:56705 - R:localhost/127.0.0.1:47609] for POST '/session/711116383f3ba6fbb7619710c6ec8dce/element'
18:04:06.730 [AsyncHttpClient-1-4] DEBUG org.asynchttpclient.netty.handler.HttpHandler - 

Request DefaultHttpRequest(decodeResult: success, version: HTTP/1.1)
POST /session/711116383f3ba6fbb7619710c6ec8dce/element HTTP/1.1
User-Agent: selenium/4.8.1 (java windows)
Content-Length: 55
Content-Type: application/json; charset=utf-8
host: localhost:47609
accept: */*

Response DefaultHttpResponse(decodeResult: success, version: HTTP/1.1)
HTTP/1.1 200 OK
Content-Length: 88
Content-Type: application/json; charset=utf-8
cache-control: no-cache

18:04:06.731 [AsyncHttpClient-1-4] DEBUG org.asynchttpclient.netty.channel.ChannelManager - Adding key: http://localhost:47609 for channel [id: 0x37a8c9aa, L:/127.0.0.1:56705 - R:localhost/127.0.0.1:47609]
18:04:06.733 [Forwarding clearElement on session 711116383f3ba6fbb7619710c6ec8dce to remote] DEBUG org.asynchttpclient.netty.request.NettyRequestSender - Using pooled Channel '[id: 0x37a8c9aa, L:/127.0.0.1:56705 - R:localhost/127.0.0.1:47609]' for 'POST' to 'http://localhost:47609/session/711116383f3ba6fbb7619710c6ec8dce/element/c2c1722f-0764-473c-9f00-72c0a4dd7bbf/clear'
18:04:06.733 [Forwarding clearElement on session 711116383f3ba6fbb7619710c6ec8dce to remote] DEBUG org.asynchttpclient.netty.request.NettyRequestSender - Using open Channel [id: 0x37a8c9aa, L:/127.0.0.1:56705 - R:localhost/127.0.0.1:47609] for POST '/session/711116383f3ba6fbb7619710c6ec8dce/element/c2c1722f-0764-473c-9f00-72c0a4dd7bbf/clear'
18:04:06.780 [AsyncHttpClient-1-4] DEBUG org.asynchttpclient.netty.handler.HttpHandler - 

Request DefaultHttpRequest(decodeResult: success, version: HTTP/1.1)
POST /session/711116383f3ba6fbb7619710c6ec8dce/element/c2c1722f-0764-473c-9f00-72c0a4dd7bbf/clear HTTP/1.1
User-Agent: selenium/4.8.1 (java windows)
Content-Length: 50
Content-Type: application/json; charset=utf-8
host: localhost:47609
accept: */*

Response DefaultHttpResponse(decodeResult: success, version: HTTP/1.1)
HTTP/1.1 200 OK
Content-Length: 14
Content-Type: application/json; charset=utf-8
cache-control: no-cache

18:04:06.781 [AsyncHttpClient-1-4] DEBUG org.asynchttpclient.netty.channel.ChannelManager - Adding key: http://localhost:47609 for channel [id: 0x37a8c9aa, L:/127.0.0.1:56705 - R:localhost/127.0.0.1:47609]
18:04:06.783 [Forwarding sendKeysToElement on session 711116383f3ba6fbb7619710c6ec8dce to remote] DEBUG org.asynchttpclient.netty.request.NettyRequestSender - Using pooled Channel '[id: 0x37a8c9aa, L:/127.0.0.1:56705 - R:localhost/127.0.0.1:47609]' for 'POST' to 'http://localhost:47609/session/711116383f3ba6fbb7619710c6ec8dce/element/c2c1722f-0764-473c-9f00-72c0a4dd7bbf/value'
18:04:06.783 [Forwarding sendKeysToElement on session 711116383f3ba6fbb7619710c6ec8dce to remote] DEBUG org.asynchttpclient.netty.request.NettyRequestSender - Using open Channel [id: 0x37a8c9aa, L:/127.0.0.1:56705 - R:localhost/127.0.0.1:47609] for POST '/session/711116383f3ba6fbb7619710c6ec8dce/element/c2c1722f-0764-473c-9f00-72c0a4dd7bbf/value'
18:04:06.891 [AsyncHttpClient-1-1] DEBUG org.asynchttpclient.netty.channel.DefaultChannelPool - Entry count for : http://localhost:56707 : 1
18:04:06.936 [AsyncHttpClient-1-4] DEBUG org.asynchttpclient.netty.handler.HttpHandler - 

Request DefaultHttpRequest(decodeResult: success, version: HTTP/1.1)
POST /session/711116383f3ba6fbb7619710c6ec8dce/element/c2c1722f-0764-473c-9f00-72c0a4dd7bbf/value HTTP/1.1
User-Agent: selenium/4.8.1 (java windows)
Content-Length: 161
Content-Type: application/json; charset=utf-8
host: localhost:47609
accept: */*

Response DefaultHttpResponse(decodeResult: success, version: HTTP/1.1)
HTTP/1.1 200 OK
Content-Length: 14
Content-Type: application/json; charset=utf-8
cache-control: no-cache

18:04:06.937 [AsyncHttpClient-1-4] DEBUG org.asynchttpclient.netty.channel.ChannelManager - Adding key: http://localhost:47609 for channel [id: 0x37a8c9aa, L:/127.0.0.1:56705 - R:localhost/127.0.0.1:47609]
18:04:06.946 [Forwarding getAlertText on session 711116383f3ba6fbb7619710c6ec8dce to remote] DEBUG org.asynchttpclient.netty.request.NettyRequestSender - Using pooled Channel '[id: 0x37a8c9aa, L:/127.0.0.1:56705 - R:localhost/127.0.0.1:47609]' for 'GET' to 'http://localhost:47609/session/711116383f3ba6fbb7619710c6ec8dce/alert/text'
18:04:06.946 [Forwarding getAlertText on session 711116383f3ba6fbb7619710c6ec8dce to remote] DEBUG org.asynchttpclient.netty.request.NettyRequestSender - Using open Channel [id: 0x37a8c9aa, L:/127.0.0.1:56705 - R:localhost/127.0.0.1:47609] for GET '/session/711116383f3ba6fbb7619710c6ec8dce/alert/text'
18:04:06.947 [AsyncHttpClient-1-4] DEBUG org.asynchttpclient.netty.handler.HttpHandler - 

Request DefaultFullHttpRequest(decodeResult: success, version: HTTP/1.1, content: EmptyByteBufBE)
GET /session/711116383f3ba6fbb7619710c6ec8dce/alert/text HTTP/1.1
User-Agent: selenium/4.8.1 (java windows)
Cache-Control: no-cache
Content-Type: application/json; charset=utf-8
host: localhost:47609
accept: */*

Response DefaultHttpResponse(decodeResult: success, version: HTTP/1.1)
HTTP/1.1 404 Not Found
Content-Length: 848
Content-Type: application/json; charset=utf-8
cache-control: no-cache

18:04:06.947 [AsyncHttpClient-1-4] DEBUG org.asynchttpclient.netty.channel.ChannelManager - Adding key: http://localhost:47609 for channel [id: 0x37a8c9aa, L:/127.0.0.1:56705 - R:localhost/127.0.0.1:47609]
18:04:06.949 [Forwarding getCurrentUrl on session 711116383f3ba6fbb7619710c6ec8dce to remote] DEBUG org.asynchttpclient.netty.request.NettyRequestSender - Using pooled Channel '[id: 0x37a8c9aa, L:/127.0.0.1:56705 - R:localhost/127.0.0.1:47609]' for 'GET' to 'http://localhost:47609/session/711116383f3ba6fbb7619710c6ec8dce/url'
18:04:06.949 [Forwarding getCurrentUrl on session 711116383f3ba6fbb7619710c6ec8dce to remote] DEBUG org.asynchttpclient.netty.request.NettyRequestSender - Using open Channel [id: 0x37a8c9aa, L:/127.0.0.1:56705 - R:localhost/127.0.0.1:47609] for GET '/session/711116383f3ba6fbb7619710c6ec8dce/url'
18:04:06.955 [AsyncHttpClient-1-4] DEBUG org.asynchttpclient.netty.handler.HttpHandler - 

Request DefaultFullHttpRequest(decodeResult: success, version: HTTP/1.1, content: EmptyByteBufBE)
GET /session/711116383f3ba6fbb7619710c6ec8dce/url HTTP/1.1
User-Agent: selenium/4.8.1 (java windows)
Cache-Control: no-cache
Content-Type: application/json; charset=utf-8
host: localhost:47609
accept: */*

Response DefaultHttpResponse(decodeResult: success, version: HTTP/1.1)
HTTP/1.1 200 OK
Content-Length: 51
Content-Type: application/json; charset=utf-8
cache-control: no-cache

18:04:06.955 [AsyncHttpClient-1-4] DEBUG org.asynchttpclient.netty.channel.ChannelManager - Adding key: http://localhost:47609 for channel [id: 0x37a8c9aa, L:/127.0.0.1:56705 - R:localhost/127.0.0.1:47609]
18:04:06.956 [Forwarding screenshot on session 711116383f3ba6fbb7619710c6ec8dce to remote] DEBUG org.asynchttpclient.netty.request.NettyRequestSender - Using pooled Channel '[id: 0x37a8c9aa, L:/127.0.0.1:56705 - R:localhost/127.0.0.1:47609]' for 'GET' to 'http://localhost:47609/session/711116383f3ba6fbb7619710c6ec8dce/screenshot'
18:04:06.956 [Forwarding screenshot on session 711116383f3ba6fbb7619710c6ec8dce to remote] DEBUG org.asynchttpclient.netty.request.NettyRequestSender - Using open Channel [id: 0x37a8c9aa, L:/127.0.0.1:56705 - R:localhost/127.0.0.1:47609] for GET '/session/711116383f3ba6fbb7619710c6ec8dce/screenshot'
18:04:07.138 [AsyncHttpClient-1-4] DEBUG org.asynchttpclient.netty.handler.HttpHandler - 

Request DefaultFullHttpRequest(decodeResult: success, version: HTTP/1.1, content: EmptyByteBufBE)
GET /session/711116383f3ba6fbb7619710c6ec8dce/screenshot HTTP/1.1
User-Agent: selenium/4.8.1 (java windows)
Cache-Control: no-cache
Content-Type: application/json; charset=utf-8
host: localhost:47609
accept: */*

Response DefaultHttpResponse(decodeResult: success, version: HTTP/1.1)
HTTP/1.1 200 OK
Content-Length: 31112
Content-Type: application/json; charset=utf-8
cache-control: no-cache

18:04:07.138 [AsyncHttpClient-1-4] DEBUG org.asynchttpclient.netty.channel.ChannelManager - Adding key: http://localhost:47609 for channel [id: 0x37a8c9aa, L:/127.0.0.1:56705 - R:localhost/127.0.0.1:47609]
18:04:07.140 [main] DEBUG net.serenitybdd.core.photography.Darkroom - Send negative for processing for target\site\serenity\2591916a37c723874723403b97eaa9b40db4aed25ffc3a7b766a186f0021d9e1.png
18:04:07.141 [main] DEBUG net.thucydides.core.steps.StepInterceptor - STEP DONE: user input valid password
18:04:07.141 [Darkroom Processing Line] DEBUG net.serenitybdd.core.photography.DarkroomProcessingLine - Processing screenshot image in /var/screenshots/screenshot-1280992511716333719
18:04:07.141 [Darkroom Processing Line] DEBUG net.serenitybdd.core.photography.DarkroomProcessingLine - Saving screenshot to target\site\serenity\2591916a37c723874723403b97eaa9b40db4aed25ffc3a7b766a186f0021d9e1.png
18:04:07.145 [main] DEBUG net.thucydides.core.steps.StepInterceptor - STARTING STEP: LoginStep.userSuccessLogin - click button login
18:04:07.152 [Forwarding findElement on session 711116383f3ba6fbb7619710c6ec8dce to remote] DEBUG org.asynchttpclient.netty.request.NettyRequestSender - Using pooled Channel '[id: 0x37a8c9aa, L:/127.0.0.1:56705 - R:localhost/127.0.0.1:47609]' for 'POST' to 'http://localhost:47609/session/711116383f3ba6fbb7619710c6ec8dce/element'
18:04:07.152 [Forwarding findElement on session 711116383f3ba6fbb7619710c6ec8dce to remote] DEBUG org.asynchttpclient.netty.request.NettyRequestSender - Using open Channel [id: 0x37a8c9aa, L:/127.0.0.1:56705 - R:localhost/127.0.0.1:47609] for POST '/session/711116383f3ba6fbb7619710c6ec8dce/element'
18:04:07.159 [AsyncHttpClient-1-4] DEBUG org.asynchttpclient.netty.handler.HttpHandler - 

Request DefaultHttpRequest(decodeResult: success, version: HTTP/1.1)
POST /session/711116383f3ba6fbb7619710c6ec8dce/element HTTP/1.1
User-Agent: selenium/4.8.1 (java windows)
Content-Length: 69
Content-Type: application/json; charset=utf-8
host: localhost:47609
accept: */*

Response DefaultHttpResponse(decodeResult: success, version: HTTP/1.1)
HTTP/1.1 200 OK
Content-Length: 88
Content-Type: application/json; charset=utf-8
cache-control: no-cache

18:04:07.159 [AsyncHttpClient-1-4] DEBUG org.asynchttpclient.netty.channel.ChannelManager - Adding key: http://localhost:47609 for channel [id: 0x37a8c9aa, L:/127.0.0.1:56705 - R:localhost/127.0.0.1:47609]
18:04:07.161 [Forwarding getElementTagName on session 711116383f3ba6fbb7619710c6ec8dce to remote] DEBUG org.asynchttpclient.netty.request.NettyRequestSender - Using pooled Channel '[id: 0x37a8c9aa, L:/127.0.0.1:56705 - R:localhost/127.0.0.1:47609]' for 'GET' to 'http://localhost:47609/session/711116383f3ba6fbb7619710c6ec8dce/element/92333436-62be-4f8f-afa9-428ace5c4ed3/name'
18:04:07.161 [Forwarding getElementTagName on session 711116383f3ba6fbb7619710c6ec8dce to remote] DEBUG org.asynchttpclient.netty.request.NettyRequestSender - Using open Channel [id: 0x37a8c9aa, L:/127.0.0.1:56705 - R:localhost/127.0.0.1:47609] for GET '/session/711116383f3ba6fbb7619710c6ec8dce/element/92333436-62be-4f8f-afa9-428ace5c4ed3/name'
18:04:07.169 [AsyncHttpClient-1-4] DEBUG org.asynchttpclient.netty.handler.HttpHandler - 

Request DefaultFullHttpRequest(decodeResult: success, version: HTTP/1.1, content: EmptyByteBufBE)
GET /session/711116383f3ba6fbb7619710c6ec8dce/element/92333436-62be-4f8f-afa9-428ace5c4ed3/name HTTP/1.1
User-Agent: selenium/4.8.1 (java windows)
Cache-Control: no-cache
Content-Type: application/json; charset=utf-8
host: localhost:47609
accept: */*

Response DefaultHttpResponse(decodeResult: success, version: HTTP/1.1)
HTTP/1.1 200 OK
Content-Length: 16
Content-Type: application/json; charset=utf-8
cache-control: no-cache

18:04:07.169 [AsyncHttpClient-1-4] DEBUG org.asynchttpclient.netty.channel.ChannelManager - Adding key: http://localhost:47609 for channel [id: 0x37a8c9aa, L:/127.0.0.1:56705 - R:localhost/127.0.0.1:47609]
18:04:07.170 [Forwarding getElementTagName on session 711116383f3ba6fbb7619710c6ec8dce to remote] DEBUG org.asynchttpclient.netty.request.NettyRequestSender - Using pooled Channel '[id: 0x37a8c9aa, L:/127.0.0.1:56705 - R:localhost/127.0.0.1:47609]' for 'GET' to 'http://localhost:47609/session/711116383f3ba6fbb7619710c6ec8dce/element/92333436-62be-4f8f-afa9-428ace5c4ed3/name'
18:04:07.170 [Forwarding getElementTagName on session 711116383f3ba6fbb7619710c6ec8dce to remote] DEBUG org.asynchttpclient.netty.request.NettyRequestSender - Using open Channel [id: 0x37a8c9aa, L:/127.0.0.1:56705 - R:localhost/127.0.0.1:47609] for GET '/session/711116383f3ba6fbb7619710c6ec8dce/element/92333436-62be-4f8f-afa9-428ace5c4ed3/name'
18:04:07.175 [AsyncHttpClient-1-4] DEBUG org.asynchttpclient.netty.handler.HttpHandler - 

Request DefaultFullHttpRequest(decodeResult: success, version: HTTP/1.1, content: EmptyByteBufBE)
GET /session/711116383f3ba6fbb7619710c6ec8dce/element/92333436-62be-4f8f-afa9-428ace5c4ed3/name HTTP/1.1
User-Agent: selenium/4.8.1 (java windows)
Cache-Control: no-cache
Content-Type: application/json; charset=utf-8
host: localhost:47609
accept: */*

Response DefaultHttpResponse(decodeResult: success, version: HTTP/1.1)
HTTP/1.1 200 OK
Content-Length: 16
Content-Type: application/json; charset=utf-8
cache-control: no-cache

18:04:07.175 [AsyncHttpClient-1-4] DEBUG org.asynchttpclient.netty.channel.ChannelManager - Adding key: http://localhost:47609 for channel [id: 0x37a8c9aa, L:/127.0.0.1:56705 - R:localhost/127.0.0.1:47609]
18:04:07.178 [Forwarding findElement on session 711116383f3ba6fbb7619710c6ec8dce to remote] DEBUG org.asynchttpclient.netty.request.NettyRequestSender - Using pooled Channel '[id: 0x37a8c9aa, L:/127.0.0.1:56705 - R:localhost/127.0.0.1:47609]' for 'POST' to 'http://localhost:47609/session/711116383f3ba6fbb7619710c6ec8dce/element'
18:04:07.178 [Forwarding findElement on session 711116383f3ba6fbb7619710c6ec8dce to remote] DEBUG org.asynchttpclient.netty.request.NettyRequestSender - Using open Channel [id: 0x37a8c9aa, L:/127.0.0.1:56705 - R:localhost/127.0.0.1:47609] for POST '/session/711116383f3ba6fbb7619710c6ec8dce/element'
18:04:07.187 [AsyncHttpClient-1-4] DEBUG org.asynchttpclient.netty.handler.HttpHandler - 

Request DefaultHttpRequest(decodeResult: success, version: HTTP/1.1)
POST /session/711116383f3ba6fbb7619710c6ec8dce/element HTTP/1.1
User-Agent: selenium/4.8.1 (java windows)
Content-Length: 69
Content-Type: application/json; charset=utf-8
host: localhost:47609
accept: */*

Response DefaultHttpResponse(decodeResult: success, version: HTTP/1.1)
HTTP/1.1 200 OK
Content-Length: 88
Content-Type: application/json; charset=utf-8
cache-control: no-cache

18:04:07.187 [AsyncHttpClient-1-4] DEBUG org.asynchttpclient.netty.channel.ChannelManager - Adding key: http://localhost:47609 for channel [id: 0x37a8c9aa, L:/127.0.0.1:56705 - R:localhost/127.0.0.1:47609]
18:04:07.188 [Forwarding clickElement on session 711116383f3ba6fbb7619710c6ec8dce to remote] DEBUG org.asynchttpclient.netty.request.NettyRequestSender - Using pooled Channel '[id: 0x37a8c9aa, L:/127.0.0.1:56705 - R:localhost/127.0.0.1:47609]' for 'POST' to 'http://localhost:47609/session/711116383f3ba6fbb7619710c6ec8dce/element/92333436-62be-4f8f-afa9-428ace5c4ed3/click'
18:04:07.188 [Forwarding clickElement on session 711116383f3ba6fbb7619710c6ec8dce to remote] DEBUG org.asynchttpclient.netty.request.NettyRequestSender - Using open Channel [id: 0x37a8c9aa, L:/127.0.0.1:56705 - R:localhost/127.0.0.1:47609] for POST '/session/711116383f3ba6fbb7619710c6ec8dce/element/92333436-62be-4f8f-afa9-428ace5c4ed3/click'
18:04:07.256 [AsyncHttpClient-1-4] DEBUG org.asynchttpclient.netty.handler.HttpHandler - 

Request DefaultHttpRequest(decodeResult: success, version: HTTP/1.1)
POST /session/711116383f3ba6fbb7619710c6ec8dce/element/92333436-62be-4f8f-afa9-428ace5c4ed3/click HTTP/1.1
User-Agent: selenium/4.8.1 (java windows)
Content-Length: 50
Content-Type: application/json; charset=utf-8
host: localhost:47609
accept: */*

Response DefaultHttpResponse(decodeResult: success, version: HTTP/1.1)
HTTP/1.1 200 OK
Content-Length: 14
Content-Type: application/json; charset=utf-8
cache-control: no-cache

18:04:07.256 [AsyncHttpClient-1-4] DEBUG org.asynchttpclient.netty.channel.ChannelManager - Adding key: http://localhost:47609 for channel [id: 0x37a8c9aa, L:/127.0.0.1:56705 - R:localhost/127.0.0.1:47609]
18:04:07.267 [Forwarding getAlertText on session 711116383f3ba6fbb7619710c6ec8dce to remote] DEBUG org.asynchttpclient.netty.request.NettyRequestSender - Using pooled Channel '[id: 0x37a8c9aa, L:/127.0.0.1:56705 - R:localhost/127.0.0.1:47609]' for 'GET' to 'http://localhost:47609/session/711116383f3ba6fbb7619710c6ec8dce/alert/text'
18:04:07.267 [Forwarding getAlertText on session 711116383f3ba6fbb7619710c6ec8dce to remote] DEBUG org.asynchttpclient.netty.request.NettyRequestSender - Using open Channel [id: 0x37a8c9aa, L:/127.0.0.1:56705 - R:localhost/127.0.0.1:47609] for GET '/session/711116383f3ba6fbb7619710c6ec8dce/alert/text'
18:04:07.268 [AsyncHttpClient-1-4] DEBUG org.asynchttpclient.netty.handler.HttpHandler - 

Request DefaultFullHttpRequest(decodeResult: success, version: HTTP/1.1, content: EmptyByteBufBE)
GET /session/711116383f3ba6fbb7619710c6ec8dce/alert/text HTTP/1.1
User-Agent: selenium/4.8.1 (java windows)
Cache-Control: no-cache
Content-Type: application/json; charset=utf-8
host: localhost:47609
accept: */*

Response DefaultHttpResponse(decodeResult: success, version: HTTP/1.1)
HTTP/1.1 404 Not Found
Content-Length: 848
Content-Type: application/json; charset=utf-8
cache-control: no-cache

18:04:07.269 [AsyncHttpClient-1-4] DEBUG org.asynchttpclient.netty.channel.ChannelManager - Adding key: http://localhost:47609 for channel [id: 0x37a8c9aa, L:/127.0.0.1:56705 - R:localhost/127.0.0.1:47609]
18:04:07.269 [Forwarding getCurrentUrl on session 711116383f3ba6fbb7619710c6ec8dce to remote] DEBUG org.asynchttpclient.netty.request.NettyRequestSender - Using pooled Channel '[id: 0x37a8c9aa, L:/127.0.0.1:56705 - R:localhost/127.0.0.1:47609]' for 'GET' to 'http://localhost:47609/session/711116383f3ba6fbb7619710c6ec8dce/url'
18:04:07.270 [Forwarding getCurrentUrl on session 711116383f3ba6fbb7619710c6ec8dce to remote] DEBUG org.asynchttpclient.netty.request.NettyRequestSender - Using open Channel [id: 0x37a8c9aa, L:/127.0.0.1:56705 - R:localhost/127.0.0.1:47609] for GET '/session/711116383f3ba6fbb7619710c6ec8dce/url'
18:04:07.273 [AsyncHttpClient-1-4] DEBUG org.asynchttpclient.netty.handler.HttpHandler - 

Request DefaultFullHttpRequest(decodeResult: success, version: HTTP/1.1, content: EmptyByteBufBE)
GET /session/711116383f3ba6fbb7619710c6ec8dce/url HTTP/1.1
User-Agent: selenium/4.8.1 (java windows)
Cache-Control: no-cache
Content-Type: application/json; charset=utf-8
host: localhost:47609
accept: */*

Response DefaultHttpResponse(decodeResult: success, version: HTTP/1.1)
HTTP/1.1 200 OK
Content-Length: 51
Content-Type: application/json; charset=utf-8
cache-control: no-cache

18:04:07.274 [AsyncHttpClient-1-4] DEBUG org.asynchttpclient.netty.channel.ChannelManager - Adding key: http://localhost:47609 for channel [id: 0x37a8c9aa, L:/127.0.0.1:56705 - R:localhost/127.0.0.1:47609]
18:04:07.274 [Forwarding screenshot on session 711116383f3ba6fbb7619710c6ec8dce to remote] DEBUG org.asynchttpclient.netty.request.NettyRequestSender - Using pooled Channel '[id: 0x37a8c9aa, L:/127.0.0.1:56705 - R:localhost/127.0.0.1:47609]' for 'GET' to 'http://localhost:47609/session/711116383f3ba6fbb7619710c6ec8dce/screenshot'
18:04:07.274 [Forwarding screenshot on session 711116383f3ba6fbb7619710c6ec8dce to remote] DEBUG org.asynchttpclient.netty.request.NettyRequestSender - Using open Channel [id: 0x37a8c9aa, L:/127.0.0.1:56705 - R:localhost/127.0.0.1:47609] for GET '/session/711116383f3ba6fbb7619710c6ec8dce/screenshot'
18:04:07.453 [AsyncHttpClient-1-4] DEBUG org.asynchttpclient.netty.handler.HttpHandler - 

Request DefaultFullHttpRequest(decodeResult: success, version: HTTP/1.1, content: EmptyByteBufBE)
GET /session/711116383f3ba6fbb7619710c6ec8dce/screenshot HTTP/1.1
User-Agent: selenium/4.8.1 (java windows)
Cache-Control: no-cache
Content-Type: application/json; charset=utf-8
host: localhost:47609
accept: */*

Response DefaultHttpResponse(decodeResult: success, version: HTTP/1.1)
HTTP/1.1 200 OK
Content-Length: 31164
Content-Type: application/json; charset=utf-8
cache-control: no-cache

18:04:07.454 [AsyncHttpClient-1-4] DEBUG org.asynchttpclient.netty.channel.ChannelManager - Adding key: http://localhost:47609 for channel [id: 0x37a8c9aa, L:/127.0.0.1:56705 - R:localhost/127.0.0.1:47609]
18:04:07.456 [main] DEBUG net.serenitybdd.core.photography.Darkroom - Send negative for processing for target\site\serenity\167b42ffec9d9c2734ff6213bc3e76410840fcb346fbbcde56fa92f6ce19188d.png
18:04:07.457 [main] DEBUG net.thucydides.core.steps.StepInterceptor - STEP DONE: click button login
18:04:07.457 [Darkroom Processing Line] DEBUG net.serenitybdd.core.photography.DarkroomProcessingLine - Processing screenshot image in /var/screenshots/screenshot-1838543458638245054
18:04:07.457 [Darkroom Processing Line] DEBUG net.serenitybdd.core.photography.DarkroomProcessingLine - Saving screenshot to target\site\serenity\167b42ffec9d9c2734ff6213bc3e76410840fcb346fbbcde56fa92f6ce19188d.png
18:04:07.462 [main] DEBUG net.thucydides.core.steps.StepInterceptor - STARTING STEP: LoginStep.userSuccessLogin - user can see product homepage
18:04:07.466 [Forwarding findElement on session 711116383f3ba6fbb7619710c6ec8dce to remote] DEBUG org.asynchttpclient.netty.request.NettyRequestSender - Using pooled Channel '[id: 0x37a8c9aa, L:/127.0.0.1:56705 - R:localhost/127.0.0.1:47609]' for 'POST' to 'http://localhost:47609/session/711116383f3ba6fbb7619710c6ec8dce/element'
18:04:07.466 [Forwarding findElement on session 711116383f3ba6fbb7619710c6ec8dce to remote] DEBUG org.asynchttpclient.netty.request.NettyRequestSender - Using open Channel [id: 0x37a8c9aa, L:/127.0.0.1:56705 - R:localhost/127.0.0.1:47609] for POST '/session/711116383f3ba6fbb7619710c6ec8dce/element'
18:04:07.480 [AsyncHttpClient-1-4] DEBUG org.asynchttpclient.netty.handler.HttpHandler - 

Request DefaultHttpRequest(decodeResult: success, version: HTTP/1.1)
POST /session/711116383f3ba6fbb7619710c6ec8dce/element HTTP/1.1
User-Agent: selenium/4.8.1 (java windows)
Content-Length: 75
Content-Type: application/json; charset=utf-8
host: localhost:47609
accept: */*

Response DefaultHttpResponse(decodeResult: success, version: HTTP/1.1)
HTTP/1.1 200 OK
Content-Length: 88
Content-Type: application/json; charset=utf-8
cache-control: no-cache

18:04:07.481 [AsyncHttpClient-1-4] DEBUG org.asynchttpclient.netty.channel.ChannelManager - Adding key: http://localhost:47609 for channel [id: 0x37a8c9aa, L:/127.0.0.1:56705 - R:localhost/127.0.0.1:47609]
18:04:07.485 [Forwarding isElementDisplayed on session 711116383f3ba6fbb7619710c6ec8dce to remote] DEBUG org.asynchttpclient.netty.request.NettyRequestSender - Using pooled Channel '[id: 0x37a8c9aa, L:/127.0.0.1:56705 - R:localhost/127.0.0.1:47609]' for 'POST' to 'http://localhost:47609/session/711116383f3ba6fbb7619710c6ec8dce/execute/sync'
18:04:07.485 [Forwarding isElementDisplayed on session 711116383f3ba6fbb7619710c6ec8dce to remote] DEBUG org.asynchttpclient.netty.request.NettyRequestSender - Using open Channel [id: 0x37a8c9aa, L:/127.0.0.1:56705 - R:localhost/127.0.0.1:47609] for POST '/session/711116383f3ba6fbb7619710c6ec8dce/execute/sync'
18:04:07.506 [AsyncHttpClient-1-4] DEBUG org.asynchttpclient.netty.handler.HttpHandler - 

Request DefaultHttpRequest(decodeResult: success, version: HTTP/1.1)
POST /session/711116383f3ba6fbb7619710c6ec8dce/execute/sync HTTP/1.1
User-Agent: selenium/4.8.1 (java windows)
Content-Length: 48807
Content-Type: application/json; charset=utf-8
host: localhost:47609
accept: */*

Response DefaultHttpResponse(decodeResult: success, version: HTTP/1.1)
HTTP/1.1 200 OK
Content-Length: 14
Content-Type: application/json; charset=utf-8
cache-control: no-cache

18:04:07.506 [AsyncHttpClient-1-4] DEBUG org.asynchttpclient.netty.channel.ChannelManager - Adding key: http://localhost:47609 for channel [id: 0x37a8c9aa, L:/127.0.0.1:56705 - R:localhost/127.0.0.1:47609]
18:04:07.512 [Forwarding getAlertText on session 711116383f3ba6fbb7619710c6ec8dce to remote] DEBUG org.asynchttpclient.netty.request.NettyRequestSender - Using pooled Channel '[id: 0x37a8c9aa, L:/127.0.0.1:56705 - R:localhost/127.0.0.1:47609]' for 'GET' to 'http://localhost:47609/session/711116383f3ba6fbb7619710c6ec8dce/alert/text'
18:04:07.512 [Forwarding getAlertText on session 711116383f3ba6fbb7619710c6ec8dce to remote] DEBUG org.asynchttpclient.netty.request.NettyRequestSender - Using open Channel [id: 0x37a8c9aa, L:/127.0.0.1:56705 - R:localhost/127.0.0.1:47609] for GET '/session/711116383f3ba6fbb7619710c6ec8dce/alert/text'
18:04:07.513 [AsyncHttpClient-1-4] DEBUG org.asynchttpclient.netty.handler.HttpHandler - 

Request DefaultFullHttpRequest(decodeResult: success, version: HTTP/1.1, content: EmptyByteBufBE)
GET /session/711116383f3ba6fbb7619710c6ec8dce/alert/text HTTP/1.1
User-Agent: selenium/4.8.1 (java windows)
Cache-Control: no-cache
Content-Type: application/json; charset=utf-8
host: localhost:47609
accept: */*

Response DefaultHttpResponse(decodeResult: success, version: HTTP/1.1)
HTTP/1.1 404 Not Found
Content-Length: 848
Content-Type: application/json; charset=utf-8
cache-control: no-cache

18:04:07.514 [AsyncHttpClient-1-4] DEBUG org.asynchttpclient.netty.channel.ChannelManager - Adding key: http://localhost:47609 for channel [id: 0x37a8c9aa, L:/127.0.0.1:56705 - R:localhost/127.0.0.1:47609]
18:04:07.515 [Forwarding getCurrentUrl on session 711116383f3ba6fbb7619710c6ec8dce to remote] DEBUG org.asynchttpclient.netty.request.NettyRequestSender - Using pooled Channel '[id: 0x37a8c9aa, L:/127.0.0.1:56705 - R:localhost/127.0.0.1:47609]' for 'GET' to 'http://localhost:47609/session/711116383f3ba6fbb7619710c6ec8dce/url'
18:04:07.515 [Forwarding getCurrentUrl on session 711116383f3ba6fbb7619710c6ec8dce to remote] DEBUG org.asynchttpclient.netty.request.NettyRequestSender - Using open Channel [id: 0x37a8c9aa, L:/127.0.0.1:56705 - R:localhost/127.0.0.1:47609] for GET '/session/711116383f3ba6fbb7619710c6ec8dce/url'
18:04:07.519 [AsyncHttpClient-1-4] DEBUG org.asynchttpclient.netty.handler.HttpHandler - 

Request DefaultFullHttpRequest(decodeResult: success, version: HTTP/1.1, content: EmptyByteBufBE)
GET /session/711116383f3ba6fbb7619710c6ec8dce/url HTTP/1.1
User-Agent: selenium/4.8.1 (java windows)
Cache-Control: no-cache
Content-Type: application/json; charset=utf-8
host: localhost:47609
accept: */*

Response DefaultHttpResponse(decodeResult: success, version: HTTP/1.1)
HTTP/1.1 200 OK
Content-Length: 51
Content-Type: application/json; charset=utf-8
cache-control: no-cache

18:04:07.519 [AsyncHttpClient-1-4] DEBUG org.asynchttpclient.netty.channel.ChannelManager - Adding key: http://localhost:47609 for channel [id: 0x37a8c9aa, L:/127.0.0.1:56705 - R:localhost/127.0.0.1:47609]
18:04:07.520 [Forwarding screenshot on session 711116383f3ba6fbb7619710c6ec8dce to remote] DEBUG org.asynchttpclient.netty.request.NettyRequestSender - Using pooled Channel '[id: 0x37a8c9aa, L:/127.0.0.1:56705 - R:localhost/127.0.0.1:47609]' for 'GET' to 'http://localhost:47609/session/711116383f3ba6fbb7619710c6ec8dce/screenshot'
18:04:07.520 [Forwarding screenshot on session 711116383f3ba6fbb7619710c6ec8dce to remote] DEBUG org.asynchttpclient.netty.request.NettyRequestSender - Using open Channel [id: 0x37a8c9aa, L:/127.0.0.1:56705 - R:localhost/127.0.0.1:47609] for GET '/session/711116383f3ba6fbb7619710c6ec8dce/screenshot'
18:04:07.689 [AsyncHttpClient-1-4] DEBUG org.asynchttpclient.netty.handler.HttpHandler - 

Request DefaultFullHttpRequest(decodeResult: success, version: HTTP/1.1, content: EmptyByteBufBE)
GET /session/711116383f3ba6fbb7619710c6ec8dce/screenshot HTTP/1.1
User-Agent: selenium/4.8.1 (java windows)
Cache-Control: no-cache
Content-Type: application/json; charset=utf-8
host: localhost:47609
accept: */*

Response DefaultHttpResponse(decodeResult: success, version: HTTP/1.1)
HTTP/1.1 200 OK
Content-Length: 30196
Content-Type: application/json; charset=utf-8
cache-control: no-cache

18:04:07.689 [AsyncHttpClient-1-4] DEBUG org.asynchttpclient.netty.channel.ChannelManager - Adding key: http://localhost:47609 for channel [id: 0x37a8c9aa, L:/127.0.0.1:56705 - R:localhost/127.0.0.1:47609]
18:04:07.690 [main] DEBUG net.serenitybdd.core.photography.Darkroom - Send negative for processing for target\site\serenity\8fee69f39d83a5f9835e2ed83f79858f559ddebfe5c8e4d5e341ff395514dc5c.png
18:04:07.691 [main] DEBUG net.thucydides.core.steps.StepInterceptor - STEP DONE: user can see product homepage
  &amp#27;[32mGiven &amp#27;[0m&amp#27;[32muser success login&amp#27;[0m                             &amp#27;[90m# starter.stepdefinition.LoginStep.userSuccessLogin()&amp#27;[0m
18:04:07.691 [Darkroom Processing Line] DEBUG net.serenitybdd.core.photography.DarkroomProcessingLine - Processing screenshot image in /var/screenshots/screenshot-4311219454993803529
18:04:07.691 [Darkroom Processing Line] DEBUG net.serenitybdd.core.photography.DarkroomProcessingLine - Saving screenshot to target\site\serenity\8fee69f39d83a5f9835e2ed83f79858f559ddebfe5c8e4d5e341ff395514dc5c.png
18:04:07.706 [main] DEBUG net.thucydides.core.steps.StepInterceptor - STARTING STEP: ProductStep.userClickButtonDetail - user click button Detail
18:04:07.708 [Forwarding findElement on session 711116383f3ba6fbb7619710c6ec8dce to remote] DEBUG org.asynchttpclient.netty.request.NettyRequestSender - Using pooled Channel '[id: 0x37a8c9aa, L:/127.0.0.1:56705 - R:localhost/127.0.0.1:47609]' for 'POST' to 'http://localhost:47609/session/711116383f3ba6fbb7619710c6ec8dce/element'
18:04:07.708 [Forwarding findElement on session 711116383f3ba6fbb7619710c6ec8dce to remote] DEBUG org.asynchttpclient.netty.request.NettyRequestSender - Using open Channel [id: 0x37a8c9aa, L:/127.0.0.1:56705 - R:localhost/127.0.0.1:47609] for POST '/session/711116383f3ba6fbb7619710c6ec8dce/element'
18:04:07.948 [AsyncHttpClient-1-1] DEBUG org.asynchttpclient.netty.channel.DefaultChannelPool - Entry count for : http://localhost:56707 : 1
18:04:09.049 [AsyncHttpClient-1-1] DEBUG org.asynchttpclient.netty.channel.DefaultChannelPool - Entry count for : http://localhost:56707 : 1
18:04:10.078 [AsyncHttpClient-1-4] DEBUG org.asynchttpclient.netty.handler.HttpHandler - 

Request DefaultHttpRequest(decodeResult: success, version: HTTP/1.1)
POST /session/711116383f3ba6fbb7619710c6ec8dce/element HTTP/1.1
User-Agent: selenium/4.8.1 (java windows)
Content-Length: 98
Content-Type: application/json; charset=utf-8
host: localhost:47609
accept: */*

Response DefaultHttpResponse(decodeResult: success, version: HTTP/1.1)
HTTP/1.1 200 OK
Content-Length: 88
Content-Type: application/json; charset=utf-8
cache-control: no-cache

18:04:10.078 [AsyncHttpClient-1-4] DEBUG org.asynchttpclient.netty.channel.ChannelManager - Adding key: http://localhost:47609 for channel [id: 0x37a8c9aa, L:/127.0.0.1:56705 - R:localhost/127.0.0.1:47609]
18:04:10.079 [Forwarding getElementTagName on session 711116383f3ba6fbb7619710c6ec8dce to remote] DEBUG org.asynchttpclient.netty.request.NettyRequestSender - Using pooled Channel '[id: 0x37a8c9aa, L:/127.0.0.1:56705 - R:localhost/127.0.0.1:47609]' for 'GET' to 'http://localhost:47609/session/711116383f3ba6fbb7619710c6ec8dce/element/71bac64e-eb93-4579-ace0-9ba3dd2ded47/name'
18:04:10.079 [Forwarding getElementTagName on session 711116383f3ba6fbb7619710c6ec8dce to remote] DEBUG org.asynchttpclient.netty.request.NettyRequestSender - Using open Channel [id: 0x37a8c9aa, L:/127.0.0.1:56705 - R:localhost/127.0.0.1:47609] for GET '/session/711116383f3ba6fbb7619710c6ec8dce/element/71bac64e-eb93-4579-ace0-9ba3dd2ded47/name'
18:04:10.084 [AsyncHttpClient-1-4] DEBUG org.asynchttpclient.netty.handler.HttpHandler - 

Request DefaultFullHttpRequest(decodeResult: success, version: HTTP/1.1, content: EmptyByteBufBE)
GET /session/711116383f3ba6fbb7619710c6ec8dce/element/71bac64e-eb93-4579-ace0-9ba3dd2ded47/name HTTP/1.1
User-Agent: selenium/4.8.1 (java windows)
Cache-Control: no-cache
Content-Type: application/json; charset=utf-8
host: localhost:47609
accept: */*

Response DefaultHttpResponse(decodeResult: success, version: HTTP/1.1)
HTTP/1.1 200 OK
Content-Length: 16
Content-Type: application/json; charset=utf-8
cache-control: no-cache

18:04:10.084 [AsyncHttpClient-1-4] DEBUG org.asynchttpclient.netty.channel.ChannelManager - Adding key: http://localhost:47609 for channel [id: 0x37a8c9aa, L:/127.0.0.1:56705 - R:localhost/127.0.0.1:47609]
18:04:10.086 [Forwarding getElementTagName on session 711116383f3ba6fbb7619710c6ec8dce to remote] DEBUG org.asynchttpclient.netty.request.NettyRequestSender - Using pooled Channel '[id: 0x37a8c9aa, L:/127.0.0.1:56705 - R:localhost/127.0.0.1:47609]' for 'GET' to 'http://localhost:47609/session/711116383f3ba6fbb7619710c6ec8dce/element/71bac64e-eb93-4579-ace0-9ba3dd2ded47/name'
18:04:10.086 [Forwarding getElementTagName on session 711116383f3ba6fbb7619710c6ec8dce to remote] DEBUG org.asynchttpclient.netty.request.NettyRequestSender - Using open Channel [id: 0x37a8c9aa, L:/127.0.0.1:56705 - R:localhost/127.0.0.1:47609] for GET '/session/711116383f3ba6fbb7619710c6ec8dce/element/71bac64e-eb93-4579-ace0-9ba3dd2ded47/name'
18:04:10.089 [AsyncHttpClient-1-4] DEBUG org.asynchttpclient.netty.handler.HttpHandler - 

Request DefaultFullHttpRequest(decodeResult: success, version: HTTP/1.1, content: EmptyByteBufBE)
GET /session/711116383f3ba6fbb7619710c6ec8dce/element/71bac64e-eb93-4579-ace0-9ba3dd2ded47/name HTTP/1.1
User-Agent: selenium/4.8.1 (java windows)
Cache-Control: no-cache
Content-Type: application/json; charset=utf-8
host: localhost:47609
accept: */*

Response DefaultHttpResponse(decodeResult: success, version: HTTP/1.1)
HTTP/1.1 200 OK
Content-Length: 16
Content-Type: application/json; charset=utf-8
cache-control: no-cache

18:04:10.089 [AsyncHttpClient-1-4] DEBUG org.asynchttpclient.netty.channel.ChannelManager - Adding key: http://localhost:47609 for channel [id: 0x37a8c9aa, L:/127.0.0.1:56705 - R:localhost/127.0.0.1:47609]
18:04:10.090 [Forwarding findElement on session 711116383f3ba6fbb7619710c6ec8dce to remote] DEBUG org.asynchttpclient.netty.request.NettyRequestSender - Using pooled Channel '[id: 0x37a8c9aa, L:/127.0.0.1:56705 - R:localhost/127.0.0.1:47609]' for 'POST' to 'http://localhost:47609/session/711116383f3ba6fbb7619710c6ec8dce/element'
18:04:10.090 [Forwarding findElement on session 711116383f3ba6fbb7619710c6ec8dce to remote] DEBUG org.asynchttpclient.netty.request.NettyRequestSender - Using open Channel [id: 0x37a8c9aa, L:/127.0.0.1:56705 - R:localhost/127.0.0.1:47609] for POST '/session/711116383f3ba6fbb7619710c6ec8dce/element'
18:04:10.101 [AsyncHttpClient-1-4] DEBUG org.asynchttpclient.netty.handler.HttpHandler - 

Request DefaultHttpRequest(decodeResult: success, version: HTTP/1.1)
POST /session/711116383f3ba6fbb7619710c6ec8dce/element HTTP/1.1
User-Agent: selenium/4.8.1 (java windows)
Content-Length: 98
Content-Type: application/json; charset=utf-8
host: localhost:47609
accept: */*

Response DefaultHttpResponse(decodeResult: success, version: HTTP/1.1)
HTTP/1.1 200 OK
Content-Length: 88
Content-Type: application/json; charset=utf-8
cache-control: no-cache

18:04:10.102 [AsyncHttpClient-1-4] DEBUG org.asynchttpclient.netty.channel.ChannelManager - Adding key: http://localhost:47609 for channel [id: 0x37a8c9aa, L:/127.0.0.1:56705 - R:localhost/127.0.0.1:47609]
18:04:10.102 [Forwarding clickElement on session 711116383f3ba6fbb7619710c6ec8dce to remote] DEBUG org.asynchttpclient.netty.request.NettyRequestSender - Using pooled Channel '[id: 0x37a8c9aa, L:/127.0.0.1:56705 - R:localhost/127.0.0.1:47609]' for 'POST' to 'http://localhost:47609/session/711116383f3ba6fbb7619710c6ec8dce/element/71bac64e-eb93-4579-ace0-9ba3dd2ded47/click'
18:04:10.102 [Forwarding clickElement on session 711116383f3ba6fbb7619710c6ec8dce to remote] DEBUG org.asynchttpclient.netty.request.NettyRequestSender - Using open Channel [id: 0x37a8c9aa, L:/127.0.0.1:56705 - R:localhost/127.0.0.1:47609] for POST '/session/711116383f3ba6fbb7619710c6ec8dce/element/71bac64e-eb93-4579-ace0-9ba3dd2ded47/click'
18:04:10.147 [AsyncHttpClient-1-1] DEBUG org.asynchttpclient.netty.channel.DefaultChannelPool - Entry count for : http://localhost:56707 : 1
18:04:10.185 [AsyncHttpClient-1-4] DEBUG org.asynchttpclient.netty.handler.HttpHandler - 

Request DefaultHttpRequest(decodeResult: success, version: HTTP/1.1)
POST /session/711116383f3ba6fbb7619710c6ec8dce/element/71bac64e-eb93-4579-ace0-9ba3dd2ded47/click HTTP/1.1
User-Agent: selenium/4.8.1 (java windows)
Content-Length: 50
Content-Type: application/json; charset=utf-8
host: localhost:47609
accept: */*

Response DefaultHttpResponse(decodeResult: success, version: HTTP/1.1)
HTTP/1.1 200 OK
Content-Length: 14
Content-Type: application/json; charset=utf-8
cache-control: no-cache

18:04:10.185 [AsyncHttpClient-1-4] DEBUG org.asynchttpclient.netty.channel.ChannelManager - Adding key: http://localhost:47609 for channel [id: 0x37a8c9aa, L:/127.0.0.1:56705 - R:localhost/127.0.0.1:47609]
18:04:10.192 [Forwarding getAlertText on session 711116383f3ba6fbb7619710c6ec8dce to remote] DEBUG org.asynchttpclient.netty.request.NettyRequestSender - Using pooled Channel '[id: 0x37a8c9aa, L:/127.0.0.1:56705 - R:localhost/127.0.0.1:47609]' for 'GET' to 'http://localhost:47609/session/711116383f3ba6fbb7619710c6ec8dce/alert/text'
18:04:10.192 [Forwarding getAlertText on session 711116383f3ba6fbb7619710c6ec8dce to remote] DEBUG org.asynchttpclient.netty.request.NettyRequestSender - Using open Channel [id: 0x37a8c9aa, L:/127.0.0.1:56705 - R:localhost/127.0.0.1:47609] for GET '/session/711116383f3ba6fbb7619710c6ec8dce/alert/text'
18:04:10.343 [AsyncHttpClient-1-4] DEBUG org.asynchttpclient.netty.handler.HttpHandler - 

Request DefaultFullHttpRequest(decodeResult: success, version: HTTP/1.1, content: EmptyByteBufBE)
GET /session/711116383f3ba6fbb7619710c6ec8dce/alert/text HTTP/1.1
User-Agent: selenium/4.8.1 (java windows)
Cache-Control: no-cache
Content-Type: application/json; charset=utf-8
host: localhost:47609
accept: */*

Response DefaultHttpResponse(decodeResult: success, version: HTTP/1.1)
HTTP/1.1 404 Not Found
Content-Length: 848
Content-Type: application/json; charset=utf-8
cache-control: no-cache

18:04:10.343 [AsyncHttpClient-1-4] DEBUG org.asynchttpclient.netty.channel.ChannelManager - Adding key: http://localhost:47609 for channel [id: 0x37a8c9aa, L:/127.0.0.1:56705 - R:localhost/127.0.0.1:47609]
18:04:10.344 [Forwarding getCurrentUrl on session 711116383f3ba6fbb7619710c6ec8dce to remote] DEBUG org.asynchttpclient.netty.request.NettyRequestSender - Using pooled Channel '[id: 0x37a8c9aa, L:/127.0.0.1:56705 - R:localhost/127.0.0.1:47609]' for 'GET' to 'http://localhost:47609/session/711116383f3ba6fbb7619710c6ec8dce/url'
18:04:10.344 [Forwarding getCurrentUrl on session 711116383f3ba6fbb7619710c6ec8dce to remote] DEBUG org.asynchttpclient.netty.request.NettyRequestSender - Using open Channel [id: 0x37a8c9aa, L:/127.0.0.1:56705 - R:localhost/127.0.0.1:47609] for GET '/session/711116383f3ba6fbb7619710c6ec8dce/url'
18:04:10.348 [AsyncHttpClient-1-4] DEBUG org.asynchttpclient.netty.handler.HttpHandler - 

Request DefaultFullHttpRequest(decodeResult: success, version: HTTP/1.1, content: EmptyByteBufBE)
GET /session/711116383f3ba6fbb7619710c6ec8dce/url HTTP/1.1
User-Agent: selenium/4.8.1 (java windows)
Cache-Control: no-cache
Content-Type: application/json; charset=utf-8
host: localhost:47609
accept: */*

Response DefaultHttpResponse(decodeResult: success, version: HTTP/1.1)
HTTP/1.1 200 OK
Content-Length: 55
Content-Type: application/json; charset=utf-8
cache-control: no-cache

18:04:10.349 [AsyncHttpClient-1-4] DEBUG org.asynchttpclient.netty.channel.ChannelManager - Adding key: http://localhost:47609 for channel [id: 0x37a8c9aa, L:/127.0.0.1:56705 - R:localhost/127.0.0.1:47609]
18:04:10.349 [Forwarding screenshot on session 711116383f3ba6fbb7619710c6ec8dce to remote] DEBUG org.asynchttpclient.netty.request.NettyRequestSender - Using pooled Channel '[id: 0x37a8c9aa, L:/127.0.0.1:56705 - R:localhost/127.0.0.1:47609]' for 'GET' to 'http://localhost:47609/session/711116383f3ba6fbb7619710c6ec8dce/screenshot'
18:04:10.349 [Forwarding screenshot on session 711116383f3ba6fbb7619710c6ec8dce to remote] DEBUG org.asynchttpclient.netty.request.NettyRequestSender - Using open Channel [id: 0x37a8c9aa, L:/127.0.0.1:56705 - R:localhost/127.0.0.1:47609] for GET '/session/711116383f3ba6fbb7619710c6ec8dce/screenshot'
18:04:10.437 [AsyncHttpClient-1-4] DEBUG org.asynchttpclient.netty.handler.HttpHandler - 

Request DefaultFullHttpRequest(decodeResult: success, version: HTTP/1.1, content: EmptyByteBufBE)
GET /session/711116383f3ba6fbb7619710c6ec8dce/screenshot HTTP/1.1
User-Agent: selenium/4.8.1 (java windows)
Cache-Control: no-cache
Content-Type: application/json; charset=utf-8
host: localhost:47609
accept: */*

Response DefaultHttpResponse(decodeResult: success, version: HTTP/1.1)
HTTP/1.1 200 OK
Content-Length: 14580
Content-Type: application/json; charset=utf-8
cache-control: no-cache

18:04:10.437 [AsyncHttpClient-1-4] DEBUG org.asynchttpclient.netty.channel.ChannelManager - Adding key: http://localhost:47609 for channel [id: 0x37a8c9aa, L:/127.0.0.1:56705 - R:localhost/127.0.0.1:47609]
18:04:10.438 [main] DEBUG net.serenitybdd.core.photography.Darkroom - Send negative for processing for target\site\serenity\7b0ab954c4649f922c4b596734f8e6a833e7531974c4825fa7dc6d4dcb7eadec.png
18:04:10.438 [main] DEBUG net.thucydides.core.steps.StepInterceptor - STEP DONE: user click button Detail
  &amp#27;[32mWhen &amp#27;[0m&amp#27;[32muser click button Detail&amp#27;[0m                        &amp#27;[90m# starter.stepdefinition.ProductStep.userClickButtonDetail()&amp#27;[0m
18:04:10.438 [Darkroom Processing Line] DEBUG net.serenitybdd.core.photography.DarkroomProcessingLine - Processing screenshot image in /var/screenshots/screenshot-5805657209238427447
18:04:10.438 [Darkroom Processing Line] DEBUG net.serenitybdd.core.photography.DarkroomProcessingLine - Saving screenshot to target\site\serenity\7b0ab954c4649f922c4b596734f8e6a833e7531974c4825fa7dc6d4dcb7eadec.png
18:04:10.446 [main] DEBUG net.thucydides.core.steps.StepInterceptor - STARTING STEP: ProductStep.userFillsProductRating - user fills product rating
18:04:10.449 [Forwarding findElement on session 711116383f3ba6fbb7619710c6ec8dce to remote] DEBUG org.asynchttpclient.netty.request.NettyRequestSender - Using pooled Channel '[id: 0x37a8c9aa, L:/127.0.0.1:56705 - R:localhost/127.0.0.1:47609]' for 'POST' to 'http://localhost:47609/session/711116383f3ba6fbb7619710c6ec8dce/element'
18:04:10.449 [Forwarding findElement on session 711116383f3ba6fbb7619710c6ec8dce to remote] DEBUG org.asynchttpclient.netty.request.NettyRequestSender - Using open Channel [id: 0x37a8c9aa, L:/127.0.0.1:56705 - R:localhost/127.0.0.1:47609] for POST '/session/711116383f3ba6fbb7619710c6ec8dce/element'
18:04:10.653 [AsyncHttpClient-1-4] DEBUG org.asynchttpclient.netty.handler.HttpHandler - 

Request DefaultHttpRequest(decodeResult: success, version: HTTP/1.1)
POST /session/711116383f3ba6fbb7619710c6ec8dce/element HTTP/1.1
User-Agent: selenium/4.8.1 (java windows)
Content-Length: 84
Content-Type: application/json; charset=utf-8
host: localhost:47609
accept: */*

Response DefaultHttpResponse(decodeResult: success, version: HTTP/1.1)
HTTP/1.1 200 OK
Content-Length: 88
Content-Type: application/json; charset=utf-8
cache-control: no-cache

18:04:10.653 [AsyncHttpClient-1-4] DEBUG org.asynchttpclient.netty.channel.ChannelManager - Adding key: http://localhost:47609 for channel [id: 0x37a8c9aa, L:/127.0.0.1:56705 - R:localhost/127.0.0.1:47609]
18:04:10.653 [Forwarding getElementTagName on session 711116383f3ba6fbb7619710c6ec8dce to remote] DEBUG org.asynchttpclient.netty.request.NettyRequestSender - Using pooled Channel '[id: 0x37a8c9aa, L:/127.0.0.1:56705 - R:localhost/127.0.0.1:47609]' for 'GET' to 'http://localhost:47609/session/711116383f3ba6fbb7619710c6ec8dce/element/5d63a75b-dbeb-4a2d-9737-2dca32009226/name'
18:04:10.654 [Forwarding getElementTagName on session 711116383f3ba6fbb7619710c6ec8dce to remote] DEBUG org.asynchttpclient.netty.request.NettyRequestSender - Using open Channel [id: 0x37a8c9aa, L:/127.0.0.1:56705 - R:localhost/127.0.0.1:47609] for GET '/session/711116383f3ba6fbb7619710c6ec8dce/element/5d63a75b-dbeb-4a2d-9737-2dca32009226/name'
18:04:10.658 [AsyncHttpClient-1-4] DEBUG org.asynchttpclient.netty.handler.HttpHandler - 

Request DefaultFullHttpRequest(decodeResult: success, version: HTTP/1.1, content: EmptyByteBufBE)
GET /session/711116383f3ba6fbb7619710c6ec8dce/element/5d63a75b-dbeb-4a2d-9737-2dca32009226/name HTTP/1.1
User-Agent: selenium/4.8.1 (java windows)
Cache-Control: no-cache
Content-Type: application/json; charset=utf-8
host: localhost:47609
accept: */*

Response DefaultHttpResponse(decodeResult: success, version: HTTP/1.1)
HTTP/1.1 200 OK
Content-Length: 18
Content-Type: application/json; charset=utf-8
cache-control: no-cache

18:04:10.658 [AsyncHttpClient-1-4] DEBUG org.asynchttpclient.netty.channel.ChannelManager - Adding key: http://localhost:47609 for channel [id: 0x37a8c9aa, L:/127.0.0.1:56705 - R:localhost/127.0.0.1:47609]
18:04:10.659 [Forwarding getElementTagName on session 711116383f3ba6fbb7619710c6ec8dce to remote] DEBUG org.asynchttpclient.netty.request.NettyRequestSender - Using pooled Channel '[id: 0x37a8c9aa, L:/127.0.0.1:56705 - R:localhost/127.0.0.1:47609]' for 'GET' to 'http://localhost:47609/session/711116383f3ba6fbb7619710c6ec8dce/element/5d63a75b-dbeb-4a2d-9737-2dca32009226/name'
18:04:10.659 [Forwarding getElementTagName on session 711116383f3ba6fbb7619710c6ec8dce to remote] DEBUG org.asynchttpclient.netty.request.NettyRequestSender - Using open Channel [id: 0x37a8c9aa, L:/127.0.0.1:56705 - R:localhost/127.0.0.1:47609] for GET '/session/711116383f3ba6fbb7619710c6ec8dce/element/5d63a75b-dbeb-4a2d-9737-2dca32009226/name'
18:04:10.662 [AsyncHttpClient-1-4] DEBUG org.asynchttpclient.netty.handler.HttpHandler - 

Request DefaultFullHttpRequest(decodeResult: success, version: HTTP/1.1, content: EmptyByteBufBE)
GET /session/711116383f3ba6fbb7619710c6ec8dce/element/5d63a75b-dbeb-4a2d-9737-2dca32009226/name HTTP/1.1
User-Agent: selenium/4.8.1 (java windows)
Cache-Control: no-cache
Content-Type: application/json; charset=utf-8
host: localhost:47609
accept: */*

Response DefaultHttpResponse(decodeResult: success, version: HTTP/1.1)
HTTP/1.1 200 OK
Content-Length: 18
Content-Type: application/json; charset=utf-8
cache-control: no-cache

18:04:10.662 [AsyncHttpClient-1-4] DEBUG org.asynchttpclient.netty.channel.ChannelManager - Adding key: http://localhost:47609 for channel [id: 0x37a8c9aa, L:/127.0.0.1:56705 - R:localhost/127.0.0.1:47609]
18:04:10.668 [Forwarding isElementEnabled on session 711116383f3ba6fbb7619710c6ec8dce to remote] DEBUG org.asynchttpclient.netty.request.NettyRequestSender - Using pooled Channel '[id: 0x37a8c9aa, L:/127.0.0.1:56705 - R:localhost/127.0.0.1:47609]' for 'GET' to 'http://localhost:47609/session/711116383f3ba6fbb7619710c6ec8dce/element/5d63a75b-dbeb-4a2d-9737-2dca32009226/enabled'
18:04:10.668 [Forwarding isElementEnabled on session 711116383f3ba6fbb7619710c6ec8dce to remote] DEBUG org.asynchttpclient.netty.request.NettyRequestSender - Using open Channel [id: 0x37a8c9aa, L:/127.0.0.1:56705 - R:localhost/127.0.0.1:47609] for GET '/session/711116383f3ba6fbb7619710c6ec8dce/element/5d63a75b-dbeb-4a2d-9737-2dca32009226/enabled'
18:04:10.679 [AsyncHttpClient-1-4] DEBUG org.asynchttpclient.netty.handler.HttpHandler - 

Request DefaultFullHttpRequest(decodeResult: success, version: HTTP/1.1, content: EmptyByteBufBE)
GET /session/711116383f3ba6fbb7619710c6ec8dce/element/5d63a75b-dbeb-4a2d-9737-2dca32009226/enabled HTTP/1.1
User-Agent: selenium/4.8.1 (java windows)
Cache-Control: no-cache
Content-Type: application/json; charset=utf-8
host: localhost:47609
accept: */*

Response DefaultHttpResponse(decodeResult: success, version: HTTP/1.1)
HTTP/1.1 200 OK
Content-Length: 14
Content-Type: application/json; charset=utf-8
cache-control: no-cache

18:04:10.679 [AsyncHttpClient-1-4] DEBUG org.asynchttpclient.netty.channel.ChannelManager - Adding key: http://localhost:47609 for channel [id: 0x37a8c9aa, L:/127.0.0.1:56705 - R:localhost/127.0.0.1:47609]
18:04:10.682 [Forwarding isElementEnabled on session 711116383f3ba6fbb7619710c6ec8dce to remote] DEBUG org.asynchttpclient.netty.request.NettyRequestSender - Using pooled Channel '[id: 0x37a8c9aa, L:/127.0.0.1:56705 - R:localhost/127.0.0.1:47609]' for 'GET' to 'http://localhost:47609/session/711116383f3ba6fbb7619710c6ec8dce/element/5d63a75b-dbeb-4a2d-9737-2dca32009226/enabled'
18:04:10.682 [Forwarding isElementEnabled on session 711116383f3ba6fbb7619710c6ec8dce to remote] DEBUG org.asynchttpclient.netty.request.NettyRequestSender - Using open Channel [id: 0x37a8c9aa, L:/127.0.0.1:56705 - R:localhost/127.0.0.1:47609] for GET '/session/711116383f3ba6fbb7619710c6ec8dce/element/5d63a75b-dbeb-4a2d-9737-2dca32009226/enabled'
18:04:10.689 [AsyncHttpClient-1-4] DEBUG org.asynchttpclient.netty.handler.HttpHandler - 

Request DefaultFullHttpRequest(decodeResult: success, version: HTTP/1.1, content: EmptyByteBufBE)
GET /session/711116383f3ba6fbb7619710c6ec8dce/element/5d63a75b-dbeb-4a2d-9737-2dca32009226/enabled HTTP/1.1
User-Agent: selenium/4.8.1 (java windows)
Cache-Control: no-cache
Content-Type: application/json; charset=utf-8
host: localhost:47609
accept: */*

Response DefaultHttpResponse(decodeResult: success, version: HTTP/1.1)
HTTP/1.1 200 OK
Content-Length: 14
Content-Type: application/json; charset=utf-8
cache-control: no-cache

18:04:10.690 [AsyncHttpClient-1-4] DEBUG org.asynchttpclient.netty.channel.ChannelManager - Adding key: http://localhost:47609 for channel [id: 0x37a8c9aa, L:/127.0.0.1:56705 - R:localhost/127.0.0.1:47609]
18:04:10.693 [Forwarding findElement on session 711116383f3ba6fbb7619710c6ec8dce to remote] DEBUG org.asynchttpclient.netty.request.NettyRequestSender - Using pooled Channel '[id: 0x37a8c9aa, L:/127.0.0.1:56705 - R:localhost/127.0.0.1:47609]' for 'POST' to 'http://localhost:47609/session/711116383f3ba6fbb7619710c6ec8dce/element'
18:04:10.693 [Forwarding findElement on session 711116383f3ba6fbb7619710c6ec8dce to remote] DEBUG org.asynchttpclient.netty.request.NettyRequestSender - Using open Channel [id: 0x37a8c9aa, L:/127.0.0.1:56705 - R:localhost/127.0.0.1:47609] for POST '/session/711116383f3ba6fbb7619710c6ec8dce/element'
18:04:10.702 [AsyncHttpClient-1-4] DEBUG org.asynchttpclient.netty.handler.HttpHandler - 

Request DefaultHttpRequest(decodeResult: success, version: HTTP/1.1)
POST /session/711116383f3ba6fbb7619710c6ec8dce/element HTTP/1.1
User-Agent: selenium/4.8.1 (java windows)
Content-Length: 84
Content-Type: application/json; charset=utf-8
host: localhost:47609
accept: */*

Response DefaultHttpResponse(decodeResult: success, version: HTTP/1.1)
HTTP/1.1 200 OK
Content-Length: 88
Content-Type: application/json; charset=utf-8
cache-control: no-cache

18:04:10.702 [AsyncHttpClient-1-4] DEBUG org.asynchttpclient.netty.channel.ChannelManager - Adding key: http://localhost:47609 for channel [id: 0x37a8c9aa, L:/127.0.0.1:56705 - R:localhost/127.0.0.1:47609]
18:04:10.703 [Forwarding clickElement on session 711116383f3ba6fbb7619710c6ec8dce to remote] DEBUG org.asynchttpclient.netty.request.NettyRequestSender - Using pooled Channel '[id: 0x37a8c9aa, L:/127.0.0.1:56705 - R:localhost/127.0.0.1:47609]' for 'POST' to 'http://localhost:47609/session/711116383f3ba6fbb7619710c6ec8dce/element/5d63a75b-dbeb-4a2d-9737-2dca32009226/click'
18:04:10.703 [Forwarding clickElement on session 711116383f3ba6fbb7619710c6ec8dce to remote] DEBUG org.asynchttpclient.netty.request.NettyRequestSender - Using open Channel [id: 0x37a8c9aa, L:/127.0.0.1:56705 - R:localhost/127.0.0.1:47609] for POST '/session/711116383f3ba6fbb7619710c6ec8dce/element/5d63a75b-dbeb-4a2d-9737-2dca32009226/click'
18:04:10.745 [AsyncHttpClient-1-4] DEBUG org.asynchttpclient.netty.handler.HttpHandler - 

Request DefaultHttpRequest(decodeResult: success, version: HTTP/1.1)
POST /session/711116383f3ba6fbb7619710c6ec8dce/element/5d63a75b-dbeb-4a2d-9737-2dca32009226/click HTTP/1.1
User-Agent: selenium/4.8.1 (java windows)
Content-Length: 50
Content-Type: application/json; charset=utf-8
host: localhost:47609
accept: */*

Response DefaultHttpResponse(decodeResult: success, version: HTTP/1.1)
HTTP/1.1 200 OK
Content-Length: 14
Content-Type: application/json; charset=utf-8
cache-control: no-cache

18:04:10.745 [AsyncHttpClient-1-4] DEBUG org.asynchttpclient.netty.channel.ChannelManager - Adding key: http://localhost:47609 for channel [id: 0x37a8c9aa, L:/127.0.0.1:56705 - R:localhost/127.0.0.1:47609]
18:04:10.753 [Forwarding getAlertText on session 711116383f3ba6fbb7619710c6ec8dce to remote] DEBUG org.asynchttpclient.netty.request.NettyRequestSender - Using pooled Channel '[id: 0x37a8c9aa, L:/127.0.0.1:56705 - R:localhost/127.0.0.1:47609]' for 'GET' to 'http://localhost:47609/session/711116383f3ba6fbb7619710c6ec8dce/alert/text'
18:04:10.753 [Forwarding getAlertText on session 711116383f3ba6fbb7619710c6ec8dce to remote] DEBUG org.asynchttpclient.netty.request.NettyRequestSender - Using open Channel [id: 0x37a8c9aa, L:/127.0.0.1:56705 - R:localhost/127.0.0.1:47609] for GET '/session/711116383f3ba6fbb7619710c6ec8dce/alert/text'
18:04:10.756 [AsyncHttpClient-1-4] DEBUG org.asynchttpclient.netty.handler.HttpHandler - 

Request DefaultFullHttpRequest(decodeResult: success, version: HTTP/1.1, content: EmptyByteBufBE)
GET /session/711116383f3ba6fbb7619710c6ec8dce/alert/text HTTP/1.1
User-Agent: selenium/4.8.1 (java windows)
Cache-Control: no-cache
Content-Type: application/json; charset=utf-8
host: localhost:47609
accept: */*

Response DefaultHttpResponse(decodeResult: success, version: HTTP/1.1)
HTTP/1.1 404 Not Found
Content-Length: 848
Content-Type: application/json; charset=utf-8
cache-control: no-cache

18:04:10.756 [AsyncHttpClient-1-4] DEBUG org.asynchttpclient.netty.channel.ChannelManager - Adding key: http://localhost:47609 for channel [id: 0x37a8c9aa, L:/127.0.0.1:56705 - R:localhost/127.0.0.1:47609]
18:04:10.758 [Forwarding getCurrentUrl on session 711116383f3ba6fbb7619710c6ec8dce to remote] DEBUG org.asynchttpclient.netty.request.NettyRequestSender - Using pooled Channel '[id: 0x37a8c9aa, L:/127.0.0.1:56705 - R:localhost/127.0.0.1:47609]' for 'GET' to 'http://localhost:47609/session/711116383f3ba6fbb7619710c6ec8dce/url'
18:04:10.758 [Forwarding getCurrentUrl on session 711116383f3ba6fbb7619710c6ec8dce to remote] DEBUG org.asynchttpclient.netty.request.NettyRequestSender - Using open Channel [id: 0x37a8c9aa, L:/127.0.0.1:56705 - R:localhost/127.0.0.1:47609] for GET '/session/711116383f3ba6fbb7619710c6ec8dce/url'
18:04:10.761 [AsyncHttpClient-1-4] DEBUG org.asynchttpclient.netty.handler.HttpHandler - 

Request DefaultFullHttpRequest(decodeResult: success, version: HTTP/1.1, content: EmptyByteBufBE)
GET /session/711116383f3ba6fbb7619710c6ec8dce/url HTTP/1.1
User-Agent: selenium/4.8.1 (java windows)
Cache-Control: no-cache
Content-Type: application/json; charset=utf-8
host: localhost:47609
accept: */*

Response DefaultHttpResponse(decodeResult: success, version: HTTP/1.1)
HTTP/1.1 200 OK
Content-Length: 55
Content-Type: application/json; charset=utf-8
cache-control: no-cache

18:04:10.761 [AsyncHttpClient-1-4] DEBUG org.asynchttpclient.netty.channel.ChannelManager - Adding key: http://localhost:47609 for channel [id: 0x37a8c9aa, L:/127.0.0.1:56705 - R:localhost/127.0.0.1:47609]
18:04:10.761 [Forwarding screenshot on session 711116383f3ba6fbb7619710c6ec8dce to remote] DEBUG org.asynchttpclient.netty.request.NettyRequestSender - Using pooled Channel '[id: 0x37a8c9aa, L:/127.0.0.1:56705 - R:localhost/127.0.0.1:47609]' for 'GET' to 'http://localhost:47609/session/711116383f3ba6fbb7619710c6ec8dce/screenshot'
18:04:10.761 [Forwarding screenshot on session 711116383f3ba6fbb7619710c6ec8dce to remote] DEBUG org.asynchttpclient.netty.request.NettyRequestSender - Using open Channel [id: 0x37a8c9aa, L:/127.0.0.1:56705 - R:localhost/127.0.0.1:47609] for GET '/session/711116383f3ba6fbb7619710c6ec8dce/screenshot'
18:04:10.838 [AsyncHttpClient-1-4] DEBUG org.asynchttpclient.netty.handler.HttpHandler - 

Request DefaultFullHttpRequest(decodeResult: success, version: HTTP/1.1, content: EmptyByteBufBE)
GET /session/711116383f3ba6fbb7619710c6ec8dce/screenshot HTTP/1.1
User-Agent: selenium/4.8.1 (java windows)
Cache-Control: no-cache
Content-Type: application/json; charset=utf-8
host: localhost:47609
accept: */*

Response DefaultHttpResponse(decodeResult: success, version: HTTP/1.1)
HTTP/1.1 200 OK
Content-Length: 14572
Content-Type: application/json; charset=utf-8
cache-control: no-cache

18:04:10.838 [AsyncHttpClient-1-4] DEBUG org.asynchttpclient.netty.channel.ChannelManager - Adding key: http://localhost:47609 for channel [id: 0x37a8c9aa, L:/127.0.0.1:56705 - R:localhost/127.0.0.1:47609]
18:04:10.840 [main] DEBUG net.serenitybdd.core.photography.Darkroom - Send negative for processing for target\site\serenity\fbedbe04595161da247033c4ce28ab74e878cdc66f690a7838f5c6a7ca51c9a8.png
18:04:10.840 [main] DEBUG net.thucydides.core.steps.StepInterceptor - STEP DONE: user fills product rating
  &amp#27;[32mAnd &amp#27;[0m&amp#27;[32muser fills product rating&amp#27;[0m                        &amp#27;[90m# starter.stepdefinition.ProductStep.userFillsProductRating()&amp#27;[0m
18:04:10.840 [Darkroom Processing Line] DEBUG net.serenitybdd.core.photography.DarkroomProcessingLine - Processing screenshot image in /var/screenshots/screenshot-6398926128339711552
18:04:10.840 [Darkroom Processing Line] DEBUG net.serenitybdd.core.photography.DarkroomProcessingLine - Saving screenshot to target\site\serenity\fbedbe04595161da247033c4ce28ab74e878cdc66f690a7838f5c6a7ca51c9a8.png
18:04:10.849 [main] DEBUG net.thucydides.core.steps.StepInterceptor - STARTING STEP: ProductStep.userSuccessAddAProductRating - user success add a product rating
18:04:10.850 [Forwarding findElement on session 711116383f3ba6fbb7619710c6ec8dce to remote] DEBUG org.asynchttpclient.netty.request.NettyRequestSender - Using pooled Channel '[id: 0x37a8c9aa, L:/127.0.0.1:56705 - R:localhost/127.0.0.1:47609]' for 'POST' to 'http://localhost:47609/session/711116383f3ba6fbb7619710c6ec8dce/element'
18:04:10.850 [Forwarding findElement on session 711116383f3ba6fbb7619710c6ec8dce to remote] DEBUG org.asynchttpclient.netty.request.NettyRequestSender - Using open Channel [id: 0x37a8c9aa, L:/127.0.0.1:56705 - R:localhost/127.0.0.1:47609] for POST '/session/711116383f3ba6fbb7619710c6ec8dce/element'
18:04:11.048 [AsyncHttpClient-1-4] DEBUG org.asynchttpclient.netty.handler.HttpHandler - 

Request DefaultHttpRequest(decodeResult: success, version: HTTP/1.1)
POST /session/711116383f3ba6fbb7619710c6ec8dce/element HTTP/1.1
User-Agent: selenium/4.8.1 (java windows)
Content-Length: 87
Content-Type: application/json; charset=utf-8
host: localhost:47609
accept: */*

Response DefaultHttpResponse(decodeResult: success, version: HTTP/1.1)
HTTP/1.1 200 OK
Content-Length: 88
Content-Type: application/json; charset=utf-8
cache-control: no-cache

18:04:11.048 [AsyncHttpClient-1-4] DEBUG org.asynchttpclient.netty.channel.ChannelManager - Adding key: http://localhost:47609 for channel [id: 0x37a8c9aa, L:/127.0.0.1:56705 - R:localhost/127.0.0.1:47609]
18:04:11.050 [Forwarding isElementDisplayed on session 711116383f3ba6fbb7619710c6ec8dce to remote] DEBUG org.asynchttpclient.netty.request.NettyRequestSender - Using pooled Channel '[id: 0x37a8c9aa, L:/127.0.0.1:56705 - R:localhost/127.0.0.1:47609]' for 'POST' to 'http://localhost:47609/session/711116383f3ba6fbb7619710c6ec8dce/execute/sync'
18:04:11.050 [Forwarding isElementDisplayed on session 711116383f3ba6fbb7619710c6ec8dce to remote] DEBUG org.asynchttpclient.netty.request.NettyRequestSender - Using open Channel [id: 0x37a8c9aa, L:/127.0.0.1:56705 - R:localhost/127.0.0.1:47609] for POST '/session/711116383f3ba6fbb7619710c6ec8dce/execute/sync'
18:04:11.060 [AsyncHttpClient-1-4] DEBUG org.asynchttpclient.netty.handler.HttpHandler - 

Request DefaultHttpRequest(decodeResult: success, version: HTTP/1.1)
POST /session/711116383f3ba6fbb7619710c6ec8dce/execute/sync HTTP/1.1
User-Agent: selenium/4.8.1 (java windows)
Content-Length: 48807
Content-Type: application/json; charset=utf-8
host: localhost:47609
accept: */*

Response DefaultHttpResponse(decodeResult: success, version: HTTP/1.1)
HTTP/1.1 200 OK
Content-Length: 14
Content-Type: application/json; charset=utf-8
cache-control: no-cache

18:04:11.060 [AsyncHttpClient-1-4] DEBUG org.asynchttpclient.netty.channel.ChannelManager - Adding key: http://localhost:47609 for channel [id: 0x37a8c9aa, L:/127.0.0.1:56705 - R:localhost/127.0.0.1:47609]
18:04:11.063 [Forwarding getAlertText on session 711116383f3ba6fbb7619710c6ec8dce to remote] DEBUG org.asynchttpclient.netty.request.NettyRequestSender - Using pooled Channel '[id: 0x37a8c9aa, L:/127.0.0.1:56705 - R:localhost/127.0.0.1:47609]' for 'GET' to 'http://localhost:47609/session/711116383f3ba6fbb7619710c6ec8dce/alert/text'
18:04:11.063 [Forwarding getAlertText on session 711116383f3ba6fbb7619710c6ec8dce to remote] DEBUG org.asynchttpclient.netty.request.NettyRequestSender - Using open Channel [id: 0x37a8c9aa, L:/127.0.0.1:56705 - R:localhost/127.0.0.1:47609] for GET '/session/711116383f3ba6fbb7619710c6ec8dce/alert/text'
18:04:11.067 [AsyncHttpClient-1-4] DEBUG org.asynchttpclient.netty.handler.HttpHandler - 

Request DefaultFullHttpRequest(decodeResult: success, version: HTTP/1.1, content: EmptyByteBufBE)
GET /session/711116383f3ba6fbb7619710c6ec8dce/alert/text HTTP/1.1
User-Agent: selenium/4.8.1 (java windows)
Cache-Control: no-cache
Content-Type: application/json; charset=utf-8
host: localhost:47609
accept: */*

Response DefaultHttpResponse(decodeResult: success, version: HTTP/1.1)
HTTP/1.1 404 Not Found
Content-Length: 848
Content-Type: application/json; charset=utf-8
cache-control: no-cache

18:04:11.067 [AsyncHttpClient-1-4] DEBUG org.asynchttpclient.netty.channel.ChannelManager - Adding key: http://localhost:47609 for channel [id: 0x37a8c9aa, L:/127.0.0.1:56705 - R:localhost/127.0.0.1:47609]
18:04:11.067 [Forwarding getCurrentUrl on session 711116383f3ba6fbb7619710c6ec8dce to remote] DEBUG org.asynchttpclient.netty.request.NettyRequestSender - Using pooled Channel '[id: 0x37a8c9aa, L:/127.0.0.1:56705 - R:localhost/127.0.0.1:47609]' for 'GET' to 'http://localhost:47609/session/711116383f3ba6fbb7619710c6ec8dce/url'
18:04:11.067 [Forwarding getCurrentUrl on session 711116383f3ba6fbb7619710c6ec8dce to remote] DEBUG org.asynchttpclient.netty.request.NettyRequestSender - Using open Channel [id: 0x37a8c9aa, L:/127.0.0.1:56705 - R:localhost/127.0.0.1:47609] for GET '/session/711116383f3ba6fbb7619710c6ec8dce/url'
18:04:11.070 [AsyncHttpClient-1-4] DEBUG org.asynchttpclient.netty.handler.HttpHandler - 

Request DefaultFullHttpRequest(decodeResult: success, version: HTTP/1.1, content: EmptyByteBufBE)
GET /session/711116383f3ba6fbb7619710c6ec8dce/url HTTP/1.1
User-Agent: selenium/4.8.1 (java windows)
Cache-Control: no-cache
Content-Type: application/json; charset=utf-8
host: localhost:47609
accept: */*

Response DefaultHttpResponse(decodeResult: success, version: HTTP/1.1)
HTTP/1.1 200 OK
Content-Length: 55
Content-Type: application/json; charset=utf-8
cache-control: no-cache

18:04:11.070 [AsyncHttpClient-1-4] DEBUG org.asynchttpclient.netty.channel.ChannelManager - Adding key: http://localhost:47609 for channel [id: 0x37a8c9aa, L:/127.0.0.1:56705 - R:localhost/127.0.0.1:47609]
18:04:11.071 [Forwarding screenshot on session 711116383f3ba6fbb7619710c6ec8dce to remote] DEBUG org.asynchttpclient.netty.request.NettyRequestSender - Using pooled Channel '[id: 0x37a8c9aa, L:/127.0.0.1:56705 - R:localhost/127.0.0.1:47609]' for 'GET' to 'http://localhost:47609/session/711116383f3ba6fbb7619710c6ec8dce/screenshot'
18:04:11.071 [Forwarding screenshot on session 711116383f3ba6fbb7619710c6ec8dce to remote] DEBUG org.asynchttpclient.netty.request.NettyRequestSender - Using open Channel [id: 0x37a8c9aa, L:/127.0.0.1:56705 - R:localhost/127.0.0.1:47609] for GET '/session/711116383f3ba6fbb7619710c6ec8dce/screenshot'
18:04:11.186 [AsyncHttpClient-1-4] DEBUG org.asynchttpclient.netty.handler.HttpHandler - 

Request DefaultFullHttpRequest(decodeResult: success, version: HTTP/1.1, content: EmptyByteBufBE)
GET /session/711116383f3ba6fbb7619710c6ec8dce/screenshot HTTP/1.1
User-Agent: selenium/4.8.1 (java windows)
Cache-Control: no-cache
Content-Type: application/json; charset=utf-8
host: localhost:47609
accept: */*

Response DefaultHttpResponse(decodeResult: success, version: HTTP/1.1)
HTTP/1.1 200 OK
Content-Length: 23128
Content-Type: application/json; charset=utf-8
cache-control: no-cache

18:04:11.187 [AsyncHttpClient-1-4] DEBUG org.asynchttpclient.netty.channel.ChannelManager - Adding key: http://localhost:47609 for channel [id: 0x37a8c9aa, L:/127.0.0.1:56705 - R:localhost/127.0.0.1:47609]
18:04:11.188 [main] DEBUG net.serenitybdd.core.photography.Darkroom - Send negative for processing for target\site\serenity\4c4810eb427df428ac2bc4afe7e76d4a0fc0965a1293742832c9a370c76b1dab.png
18:04:11.188 [main] DEBUG net.thucydides.core.steps.StepInterceptor - STEP DONE: user success add a product rating
  &amp#27;[32mThen &amp#27;[0m&amp#27;[32muser success add a product rating&amp#27;[0m               &amp#27;[90m# starter.stepdefinition.ProductStep.userSuccessAddAProductRating()&amp#27;[0m
18:04:11.188 [Darkroom Processing Line] DEBUG net.serenitybdd.core.photography.DarkroomProcessingLine - Processing screenshot image in /var/screenshots/screenshot-2777037842928755197
18:04:11.188 [Darkroom Processing Line] DEBUG net.serenitybdd.core.photography.DarkroomProcessingLine - Saving screenshot to target\site\serenity\4c4810eb427df428ac2bc4afe7e76d4a0fc0965a1293742832c9a370c76b1dab.png
18:04:11.193 [main] INFO  - 
  _____   ___   ___   _____     ___     _     ___   ___   ___   ___  
 |_   _| | __| / __| |_   _|   | _ \   /_\   / __| / __| | __| |   \ 
   | |   | _|  \__ \   | |     |  _/  / _ \  \__ \ \__ \ | _|  | |) |
   |_|   |___| |___/   |_|     |_|   /_/ \_\ |___/ |___/ |___| |___/ 

As a user, I want to give rating the product
----------------------------------------------------------------------
18:04:11.194 [AsyncHttpClient-1-6] DEBUG org.asynchttpclient.netty.handler.WebSocketHandler - Channel Closed: [id: 0x2e0657b1, L:/127.0.0.1:56713 ! R:localhost/127.0.0.1:56707] with attribute NettyResponseFuture{currentRetry=0,
	isDone=1,
	isCancelled=0,
	asyncHandler=org.asynchttpclient.ws.WebSocketUpgradeHandler@63dbcce,
	nettyRequest=org.asynchttpclient.netty.request.NettyRequest@812389a,
	future=java.util.concurrent.CompletableFuture@3815bee8[Completed normally],
	uri=ws://localhost:56707/devtools/browser/20183993-00ef-4adf-b40a-a060feb552c5,
	keepAlive=true,
	redirectCount=0,
	timeoutsHolder=null,
	inAuth=0,
	touch=1683543844537}
18:04:11.194 [AsyncHttpClient-1-6] DEBUG org.asynchttpclient.netty.channel.ChannelManager - Closing Channel [id: 0x2e0657b1, L:/127.0.0.1:56713 ! R:localhost/127.0.0.1:56707] 
18:04:11.194 [Driver Command Executor] DEBUG org.asynchttpclient.netty.request.NettyRequestSender - Using pooled Channel '[id: 0x37a8c9aa, L:/127.0.0.1:56705 - R:localhost/127.0.0.1:47609]' for 'DELETE' to 'http://localhost:47609/session/711116383f3ba6fbb7619710c6ec8dce'
18:04:11.194 [Driver Command Executor] DEBUG org.asynchttpclient.netty.request.NettyRequestSender - Using open Channel [id: 0x37a8c9aa, L:/127.0.0.1:56705 - R:localhost/127.0.0.1:47609] for DELETE '/session/711116383f3ba6fbb7619710c6ec8dce'
18:04:11.237 [AsyncHttpClient-1-5] DEBUG org.asynchttpclient.netty.handler.HttpHandler - Unexpected I/O exception on channel [id: 0xf676a60c, L:/127.0.0.1:56712 - R:localhost/127.0.0.1:56707]
java.io.IOException: An existing connection was forcibly closed by the remote host
	at sun.nio.ch.SocketDispatcher.read0(Native Method)
	at sun.nio.ch.SocketDispatcher.read(SocketDispatcher.java:43)
	at sun.nio.ch.IOUtil.readIntoNativeBuffer(IOUtil.java:223)
	at sun.nio.ch.IOUtil.read(IOUtil.java:192)
	at sun.nio.ch.SocketChannelImpl.read(SocketChannelImpl.java:378)
	at io.netty.buffer.PooledByteBuf.setBytes(PooledByteBuf.java:259)
	at io.netty.buffer.AbstractByteBuf.writeBytes(AbstractByteBuf.java:1132)
	at io.netty.channel.socket.nio.NioSocketChannel.doReadBytes(NioSocketChannel.java:357)
	at io.netty.channel.nio.AbstractNioByteChannel$NioByteUnsafe.read(AbstractNioByteChannel.java:151)
	at io.netty.channel.nio.NioEventLoop.processSelectedKey(NioEventLoop.java:788)
	at io.netty.channel.nio.NioEventLoop.processSelectedKeysOptimized(NioEventLoop.java:724)
	at io.netty.channel.nio.NioEventLoop.processSelectedKeys(NioEventLoop.java:650)
	at io.netty.channel.nio.NioEventLoop.run(NioEventLoop.java:562)
	at io.netty.util.concurrent.SingleThreadEventExecutor$4.run(SingleThreadEventExecutor.java:997)
	at io.netty.util.internal.ThreadExecutorMap$2.run(ThreadExecutorMap.java:74)
	at io.netty.util.concurrent.FastThreadLocalRunnable.run(FastThreadLocalRunnable.java:30)
	at java.lang.Thread.run(Thread.java:748)
18:04:11.238 [AsyncHttpClient-1-5] DEBUG org.asynchttpclient.netty.channel.ChannelManager - Closing Channel [id: 0xf676a60c, L:/127.0.0.1:56712 - R:localhost/127.0.0.1:56707] 
18:04:11.238 [AsyncHttpClient-1-5] DEBUG org.asynchttpclient.netty.handler.HttpHandler - Channel Closed: [id: 0xf676a60c, L:/127.0.0.1:56712 ! R:localhost/127.0.0.1:56707] with attribute DISCARD
18:04:11.249 [AsyncHttpClient-1-1] DEBUG org.asynchttpclient.netty.channel.DefaultChannelPool - Entry count for : http://localhost:56707 : 1
18:04:11.249 [AsyncHttpClient-1-1] DEBUG org.asynchttpclient.netty.channel.DefaultChannelPool - Adding Candidate expired Channel [id: 0xf676a60c, L:/127.0.0.1:56712 ! R:localhost/127.0.0.1:56707] isIdleTimeoutExpired=false isRemotelyClosed=true isTtlExpired=false
18:04:11.250 [AsyncHttpClient-1-1] DEBUG org.asynchttpclient.netty.channel.DefaultChannelPool - Closing Idle Channel [id: 0xf676a60c, L:/127.0.0.1:56712 ! R:localhost/127.0.0.1:56707]
18:04:11.250 [AsyncHttpClient-1-1] DEBUG org.asynchttpclient.netty.channel.DefaultChannelPool - Closed 1 connections out of 1 in 1 ms
18:04:11.285 [AsyncHttpClient-1-4] DEBUG org.asynchttpclient.netty.handler.HttpHandler - 

Request DefaultFullHttpRequest(decodeResult: success, version: HTTP/1.1, content: EmptyByteBufBE)
DELETE /session/711116383f3ba6fbb7619710c6ec8dce HTTP/1.1
User-Agent: selenium/4.8.1 (java windows)
Content-Type: application/json; charset=utf-8
host: localhost:47609
accept: */*

Response DefaultHttpResponse(decodeResult: success, version: HTTP/1.1)
HTTP/1.1 200 OK
Content-Length: 14
Content-Type: application/json; charset=utf-8
cache-control: no-cache

18:04:11.285 [AsyncHttpClient-1-4] DEBUG org.asynchttpclient.netty.channel.ChannelManager - Adding key: http://localhost:47609 for channel [id: 0x37a8c9aa, L:/127.0.0.1:56705 - R:localhost/127.0.0.1:47609]
18:04:11.374 [AsyncHttpClient-1-4] DEBUG org.asynchttpclient.netty.handler.HttpHandler - Channel Closed: [id: 0x37a8c9aa, L:/127.0.0.1:56705 ! R:localhost/127.0.0.1:47609] with attribute DISCARD
]]></system-out>
    <system-err><![CDATA[Starting ChromeDriver 112.0.5615.49 (bd2a7bcb881c11e8cfe3078709382934e3916914-refs/branch-heads/5615@{#936}) on port 47609
Only local connections are allowed.
Please see https://chromedriver.chromium.org/security-considerations for suggestions on keeping ChromeDriver safe.
ChromeDriver was started successfully.
May 08, 2023 6:04:04 PM org.openqa.selenium.devtools.CdpVersionFinder findNearestMatch
WARNING: Unable to find an exact match for CDP version 112, so returning the closest version found: 110
]]></system-err>
  </testcase>
  <testcase name="As a user, I want to search for products by categories" classname="Product - As a user I want to buying a product So that I have to select product" time="10.182">
    <system-out><![CDATA[
@TC_Product_004
Scenario: As a user, I want to search for products by categories &amp#27;[90m# src/test/resources/features/Product.feature:23&amp#27;[0m
18:04:12.051 [main] DEBUG io.cucumber.core.plugin.SerenityReporter - Running feature from file:///C:/Users/user/IdeaProjects/QE_Devi%20Agustin%20Utari_Mini_Project/Web_Automation_AltaShop/src/test/resources/features/Product.feature
18:04:12.054 [main] INFO  - 
  _____   ___   ___   _____     ___   _____     _     ___   _____   ___   ___  
 |_   _| | __| / __| |_   _|   / __| |_   _|   /_\   | _ \ |_   _| | __| |   \ 
   | |   | _|  \__ \   | |     \__ \   | |    / _ \  |   /   | |   | _|  | |) |
   |_|   |___| |___/   |_|     |___/   |_|   /_/ \_\ |_|_\   |_|   |___| |___/ 

As a user, I want to search for products by categories(product---as-a-user-i-want-to-buying-a-product-so-that-i-have-to-select-product;as-a-user--i-want-to-search-for-products-by-categories)
--------------------------------------------------------------------------------
18:04:12.341 [main] DEBUG net.thucydides.core.steps.StepInterceptor - STARTING STEP: LoginStep.userSuccessLogin - user on login page
18:04:12.360 [AsyncHttpClient-1-1] DEBUG org.asynchttpclient.netty.channel.DefaultChannelPool - Entry count for : http://localhost:47609 : 1
18:04:12.360 [AsyncHttpClient-1-1] DEBUG org.asynchttpclient.netty.channel.DefaultChannelPool - Adding Candidate expired Channel [id: 0x37a8c9aa, L:/127.0.0.1:56705 ! R:localhost/127.0.0.1:47609] isIdleTimeoutExpired=false isRemotelyClosed=true isTtlExpired=false
18:04:12.360 [AsyncHttpClient-1-1] DEBUG org.asynchttpclient.netty.channel.DefaultChannelPool - Closing Idle Channel [id: 0x37a8c9aa, L:/127.0.0.1:56705 ! R:localhost/127.0.0.1:47609]
18:04:12.361 [AsyncHttpClient-1-1] DEBUG org.asynchttpclient.netty.channel.DefaultChannelPool - Closed 1 connections out of 1 in 1 ms
18:04:12.648 [main] INFO net.serenitybdd.core.webdriver.driverproviders.ChromeDriverProvider - Starting Chrome driver instance with capabilities:
18:04:12.649 [main] INFO net.serenitybdd.core.webdriver.driverproviders.ChromeDriverProvider - Capabilities {acceptInsecureCerts: true, browserName: chrome, goog:chromeOptions: {args: [remote-allow-origins=*, test-type, no-sandbox, ignore-certificate-errors, start-maximized, incognito, disable-infobars, disable-gpu, disable-default-apps, disable-popup-blocking, remote-allow-origins=*, test-type, no-sandbox, ignore-certificate-errors, start-maximized, incognito, disable-infobars, disable-gpu, disable-default-apps, disable-popup-blocking, remote-allow-origins=*], extensions: []}}
18:04:13.305 [AsyncHttpClient-1-7] DEBUG org.asynchttpclient.netty.channel.NettyConnectListener - Using new Channel '[id: 0xea74149d, L:/127.0.0.1:56738 - R:localhost/127.0.0.1:32470]' for 'POST' to '/session'
18:04:14.289 [AsyncHttpClient-1-7] DEBUG org.asynchttpclient.netty.handler.HttpHandler - 

Request DefaultHttpRequest(decodeResult: success, version: HTTP/1.1)
POST /session HTTP/1.1
User-Agent: selenium/4.8.1 (java windows)
Content-Length: 1701
Content-Type: application/json; charset=utf-8
host: localhost:32470
accept: */*

Response DefaultHttpResponse(decodeResult: success, version: HTTP/1.1)
HTTP/1.1 200 OK
Content-Length: 844
Content-Type: application/json; charset=utf-8
cache-control: no-cache

18:04:14.289 [AsyncHttpClient-1-7] DEBUG org.asynchttpclient.netty.channel.ChannelManager - Adding key: http://localhost:32470 for channel [id: 0xea74149d, L:/127.0.0.1:56738 - R:localhost/127.0.0.1:32470]
18:04:14.300 [AsyncHttpClient-1-8] DEBUG org.asynchttpclient.netty.channel.NettyConnectListener - Using new Channel '[id: 0xb159c067, L:/127.0.0.1:56744 - R:localhost/127.0.0.1:56739]' for 'GET' to '/json/version'
18:04:14.301 [AsyncHttpClient-1-8] DEBUG org.asynchttpclient.netty.handler.HttpHandler - 

Request DefaultFullHttpRequest(decodeResult: success, version: HTTP/1.1, content: EmptyByteBufBE)
GET /json/version HTTP/1.1
User-Agent: selenium/4.8.1 (java windows)
host: localhost:56739
accept: */*

Response DefaultHttpResponse(decodeResult: success, version: HTTP/1.1)
HTTP/1.1 200 OK
Content-Security-Policy: frame-ancestors 'none'
Content-Length: 424
Content-Type: application/json; charset=UTF-8

18:04:14.301 [AsyncHttpClient-1-8] DEBUG org.asynchttpclient.netty.channel.ChannelManager - Adding key: http://localhost:56739 for channel [id: 0xb159c067, L:/127.0.0.1:56744 - R:localhost/127.0.0.1:56739]
18:04:14.304 [AsyncHttpClient-1-9] DEBUG org.asynchttpclient.netty.channel.NettyConnectListener - Using new Channel '[id: 0x1c3e136c, L:/127.0.0.1:56745 - R:localhost/127.0.0.1:56739]' for 'GET' to '/devtools/browser/c355e7e5-4cfe-4693-995a-79d21c872e33'
18:04:14.305 [AsyncHttpClient-1-9] DEBUG org.asynchttpclient.netty.handler.WebSocketHandler - 

Request DefaultFullHttpRequest(decodeResult: success, version: HTTP/1.1, content: EmptyByteBufBE)
GET /devtools/browser/c355e7e5-4cfe-4693-995a-79d21c872e33 HTTP/1.1
upgrade: websocket
connection: upgrade
sec-websocket-key: FYEPOS8QMkmuxeCmR/Q4xw==
sec-websocket-version: 13
origin: http://localhost:56739
host: localhost:56739
accept: */*
user-agent: AHC/2.1

Response DefaultHttpResponse(decodeResult: success, version: HTTP/1.1)
HTTP/1.1 101 WebSocket Protocol Handshake
Upgrade: WebSocket
Connection: Upgrade
Sec-WebSocket-Accept: j75th476t7oG/uhFmNO6E3IELTg=

18:04:14.315 [Forwarding get on session d27eac33adc4342943a33f63ef008fbb to remote] DEBUG org.asynchttpclient.netty.request.NettyRequestSender - Using pooled Channel '[id: 0xea74149d, L:/127.0.0.1:56738 - R:localhost/127.0.0.1:32470]' for 'POST' to 'http://localhost:32470/session/d27eac33adc4342943a33f63ef008fbb/url'
18:04:14.315 [Forwarding get on session d27eac33adc4342943a33f63ef008fbb to remote] DEBUG org.asynchttpclient.netty.request.NettyRequestSender - Using open Channel [id: 0xea74149d, L:/127.0.0.1:56738 - R:localhost/127.0.0.1:32470] for POST '/session/d27eac33adc4342943a33f63ef008fbb/url'
18:04:14.562 [AsyncHttpClient-1-1] DEBUG org.asynchttpclient.netty.channel.DefaultChannelPool - Entry count for : http://localhost:56739 : 1
18:04:15.284 [AsyncHttpClient-1-7] DEBUG org.asynchttpclient.netty.handler.HttpHandler - 

Request DefaultHttpRequest(decodeResult: success, version: HTTP/1.1)
POST /session/d27eac33adc4342943a33f63ef008fbb/url HTTP/1.1
User-Agent: selenium/4.8.1 (java windows)
Content-Length: 74
Content-Type: application/json; charset=utf-8
host: localhost:32470
accept: */*

Response DefaultHttpResponse(decodeResult: success, version: HTTP/1.1)
HTTP/1.1 200 OK
Content-Length: 14
Content-Type: application/json; charset=utf-8
cache-control: no-cache

18:04:15.284 [AsyncHttpClient-1-7] DEBUG org.asynchttpclient.netty.channel.ChannelManager - Adding key: http://localhost:32470 for channel [id: 0xea74149d, L:/127.0.0.1:56738 - R:localhost/127.0.0.1:32470]
18:04:15.285 [Forwarding setTimeout on session d27eac33adc4342943a33f63ef008fbb to remote] DEBUG org.asynchttpclient.netty.request.NettyRequestSender - Using pooled Channel '[id: 0xea74149d, L:/127.0.0.1:56738 - R:localhost/127.0.0.1:32470]' for 'POST' to 'http://localhost:32470/session/d27eac33adc4342943a33f63ef008fbb/timeouts'
18:04:15.286 [Forwarding setTimeout on session d27eac33adc4342943a33f63ef008fbb to remote] DEBUG org.asynchttpclient.netty.request.NettyRequestSender - Using open Channel [id: 0xea74149d, L:/127.0.0.1:56738 - R:localhost/127.0.0.1:32470] for POST '/session/d27eac33adc4342943a33f63ef008fbb/timeouts'
18:04:15.288 [AsyncHttpClient-1-7] DEBUG org.asynchttpclient.netty.handler.HttpHandler - 

Request DefaultHttpRequest(decodeResult: success, version: HTTP/1.1)
POST /session/d27eac33adc4342943a33f63ef008fbb/timeouts HTTP/1.1
User-Agent: selenium/4.8.1 (java windows)
Content-Length: 22
Content-Type: application/json; charset=utf-8
host: localhost:32470
accept: */*

Response DefaultHttpResponse(decodeResult: success, version: HTTP/1.1)
HTTP/1.1 200 OK
Content-Length: 14
Content-Type: application/json; charset=utf-8
cache-control: no-cache

18:04:15.288 [AsyncHttpClient-1-7] DEBUG org.asynchttpclient.netty.channel.ChannelManager - Adding key: http://localhost:32470 for channel [id: 0xea74149d, L:/127.0.0.1:56738 - R:localhost/127.0.0.1:32470]
18:04:15.299 [Forwarding findElement on session d27eac33adc4342943a33f63ef008fbb to remote] DEBUG org.asynchttpclient.netty.request.NettyRequestSender - Using pooled Channel '[id: 0xea74149d, L:/127.0.0.1:56738 - R:localhost/127.0.0.1:32470]' for 'POST' to 'http://localhost:32470/session/d27eac33adc4342943a33f63ef008fbb/element'
18:04:15.299 [Forwarding findElement on session d27eac33adc4342943a33f63ef008fbb to remote] DEBUG org.asynchttpclient.netty.request.NettyRequestSender - Using open Channel [id: 0xea74149d, L:/127.0.0.1:56738 - R:localhost/127.0.0.1:32470] for POST '/session/d27eac33adc4342943a33f63ef008fbb/element'
18:04:15.318 [AsyncHttpClient-1-7] DEBUG org.asynchttpclient.netty.handler.HttpHandler - 

Request DefaultHttpRequest(decodeResult: success, version: HTTP/1.1)
POST /session/d27eac33adc4342943a33f63ef008fbb/element HTTP/1.1
User-Agent: selenium/4.8.1 (java windows)
Content-Length: 69
Content-Type: application/json; charset=utf-8
host: localhost:32470
accept: */*

Response DefaultHttpResponse(decodeResult: success, version: HTTP/1.1)
HTTP/1.1 200 OK
Content-Length: 88
Content-Type: application/json; charset=utf-8
cache-control: no-cache

18:04:15.318 [AsyncHttpClient-1-7] DEBUG org.asynchttpclient.netty.channel.ChannelManager - Adding key: http://localhost:32470 for channel [id: 0xea74149d, L:/127.0.0.1:56738 - R:localhost/127.0.0.1:32470]
18:04:15.322 [Forwarding isElementDisplayed on session d27eac33adc4342943a33f63ef008fbb to remote] DEBUG org.asynchttpclient.netty.request.NettyRequestSender - Using pooled Channel '[id: 0xea74149d, L:/127.0.0.1:56738 - R:localhost/127.0.0.1:32470]' for 'POST' to 'http://localhost:32470/session/d27eac33adc4342943a33f63ef008fbb/execute/sync'
18:04:15.322 [Forwarding isElementDisplayed on session d27eac33adc4342943a33f63ef008fbb to remote] DEBUG org.asynchttpclient.netty.request.NettyRequestSender - Using open Channel [id: 0xea74149d, L:/127.0.0.1:56738 - R:localhost/127.0.0.1:32470] for POST '/session/d27eac33adc4342943a33f63ef008fbb/execute/sync'
18:04:15.342 [AsyncHttpClient-1-7] DEBUG org.asynchttpclient.netty.handler.HttpHandler - 

Request DefaultHttpRequest(decodeResult: success, version: HTTP/1.1)
POST /session/d27eac33adc4342943a33f63ef008fbb/execute/sync HTTP/1.1
User-Agent: selenium/4.8.1 (java windows)
Content-Length: 48807
Content-Type: application/json; charset=utf-8
host: localhost:32470
accept: */*

Response DefaultHttpResponse(decodeResult: success, version: HTTP/1.1)
HTTP/1.1 200 OK
Content-Length: 14
Content-Type: application/json; charset=utf-8
cache-control: no-cache

18:04:15.342 [AsyncHttpClient-1-7] DEBUG org.asynchttpclient.netty.channel.ChannelManager - Adding key: http://localhost:32470 for channel [id: 0xea74149d, L:/127.0.0.1:56738 - R:localhost/127.0.0.1:32470]
18:04:15.349 [Forwarding getAlertText on session d27eac33adc4342943a33f63ef008fbb to remote] DEBUG org.asynchttpclient.netty.request.NettyRequestSender - Using pooled Channel '[id: 0xea74149d, L:/127.0.0.1:56738 - R:localhost/127.0.0.1:32470]' for 'GET' to 'http://localhost:32470/session/d27eac33adc4342943a33f63ef008fbb/alert/text'
18:04:15.349 [Forwarding getAlertText on session d27eac33adc4342943a33f63ef008fbb to remote] DEBUG org.asynchttpclient.netty.request.NettyRequestSender - Using open Channel [id: 0xea74149d, L:/127.0.0.1:56738 - R:localhost/127.0.0.1:32470] for GET '/session/d27eac33adc4342943a33f63ef008fbb/alert/text'
18:04:15.351 [AsyncHttpClient-1-7] DEBUG org.asynchttpclient.netty.handler.HttpHandler - 

Request DefaultFullHttpRequest(decodeResult: success, version: HTTP/1.1, content: EmptyByteBufBE)
GET /session/d27eac33adc4342943a33f63ef008fbb/alert/text HTTP/1.1
User-Agent: selenium/4.8.1 (java windows)
Cache-Control: no-cache
Content-Type: application/json; charset=utf-8
host: localhost:32470
accept: */*

Response DefaultHttpResponse(decodeResult: success, version: HTTP/1.1)
HTTP/1.1 404 Not Found
Content-Length: 848
Content-Type: application/json; charset=utf-8
cache-control: no-cache

18:04:15.351 [AsyncHttpClient-1-7] DEBUG org.asynchttpclient.netty.channel.ChannelManager - Adding key: http://localhost:32470 for channel [id: 0xea74149d, L:/127.0.0.1:56738 - R:localhost/127.0.0.1:32470]
18:04:15.353 [Forwarding getCurrentUrl on session d27eac33adc4342943a33f63ef008fbb to remote] DEBUG org.asynchttpclient.netty.request.NettyRequestSender - Using pooled Channel '[id: 0xea74149d, L:/127.0.0.1:56738 - R:localhost/127.0.0.1:32470]' for 'GET' to 'http://localhost:32470/session/d27eac33adc4342943a33f63ef008fbb/url'
18:04:15.353 [Forwarding getCurrentUrl on session d27eac33adc4342943a33f63ef008fbb to remote] DEBUG org.asynchttpclient.netty.request.NettyRequestSender - Using open Channel [id: 0xea74149d, L:/127.0.0.1:56738 - R:localhost/127.0.0.1:32470] for GET '/session/d27eac33adc4342943a33f63ef008fbb/url'
18:04:15.360 [AsyncHttpClient-1-7] DEBUG org.asynchttpclient.netty.handler.HttpHandler - 

Request DefaultFullHttpRequest(decodeResult: success, version: HTTP/1.1, content: EmptyByteBufBE)
GET /session/d27eac33adc4342943a33f63ef008fbb/url HTTP/1.1
User-Agent: selenium/4.8.1 (java windows)
Cache-Control: no-cache
Content-Type: application/json; charset=utf-8
host: localhost:32470
accept: */*

Response DefaultHttpResponse(decodeResult: success, version: HTTP/1.1)
HTTP/1.1 200 OK
Content-Length: 51
Content-Type: application/json; charset=utf-8
cache-control: no-cache

18:04:15.360 [AsyncHttpClient-1-7] DEBUG org.asynchttpclient.netty.channel.ChannelManager - Adding key: http://localhost:32470 for channel [id: 0xea74149d, L:/127.0.0.1:56738 - R:localhost/127.0.0.1:32470]
18:04:15.361 [Forwarding screenshot on session d27eac33adc4342943a33f63ef008fbb to remote] DEBUG org.asynchttpclient.netty.request.NettyRequestSender - Using pooled Channel '[id: 0xea74149d, L:/127.0.0.1:56738 - R:localhost/127.0.0.1:32470]' for 'GET' to 'http://localhost:32470/session/d27eac33adc4342943a33f63ef008fbb/screenshot'
18:04:15.361 [Forwarding screenshot on session d27eac33adc4342943a33f63ef008fbb to remote] DEBUG org.asynchttpclient.netty.request.NettyRequestSender - Using open Channel [id: 0xea74149d, L:/127.0.0.1:56738 - R:localhost/127.0.0.1:32470] for GET '/session/d27eac33adc4342943a33f63ef008fbb/screenshot'
18:04:15.492 [AsyncHttpClient-1-7] DEBUG org.asynchttpclient.netty.handler.HttpHandler - 

Request DefaultFullHttpRequest(decodeResult: success, version: HTTP/1.1, content: EmptyByteBufBE)
GET /session/d27eac33adc4342943a33f63ef008fbb/screenshot HTTP/1.1
User-Agent: selenium/4.8.1 (java windows)
Cache-Control: no-cache
Content-Type: application/json; charset=utf-8
host: localhost:32470
accept: */*

Response DefaultHttpResponse(decodeResult: success, version: HTTP/1.1)
HTTP/1.1 200 OK
Content-Length: 25060
Content-Type: application/json; charset=utf-8
cache-control: no-cache

18:04:15.492 [AsyncHttpClient-1-7] DEBUG org.asynchttpclient.netty.channel.ChannelManager - Adding key: http://localhost:32470 for channel [id: 0xea74149d, L:/127.0.0.1:56738 - R:localhost/127.0.0.1:32470]
18:04:15.494 [main] DEBUG net.serenitybdd.core.photography.Darkroom - Send negative for processing for target\site\serenity\1db263dd5c04c8fe15e82ee6420144d4e1e7b9826b9315cfd7ec5b5d0da76045.png
18:04:15.495 [main] DEBUG net.thucydides.core.steps.StepInterceptor - STEP DONE: user on login page
18:04:15.499 [main] DEBUG net.thucydides.core.steps.StepInterceptor - STARTING STEP: LoginStep.userSuccessLogin - user input valid email
18:04:15.502 [Forwarding findElement on session d27eac33adc4342943a33f63ef008fbb to remote] DEBUG org.asynchttpclient.netty.request.NettyRequestSender - Using pooled Channel '[id: 0xea74149d, L:/127.0.0.1:56738 - R:localhost/127.0.0.1:32470]' for 'POST' to 'http://localhost:32470/session/d27eac33adc4342943a33f63ef008fbb/element'
18:04:15.502 [Forwarding findElement on session d27eac33adc4342943a33f63ef008fbb to remote] DEBUG org.asynchttpclient.netty.request.NettyRequestSender - Using open Channel [id: 0xea74149d, L:/127.0.0.1:56738 - R:localhost/127.0.0.1:32470] for POST '/session/d27eac33adc4342943a33f63ef008fbb/element'
18:04:15.517 [AsyncHttpClient-1-7] DEBUG org.asynchttpclient.netty.handler.HttpHandler - 

Request DefaultHttpRequest(decodeResult: success, version: HTTP/1.1)
POST /session/d27eac33adc4342943a33f63ef008fbb/element HTTP/1.1
User-Agent: selenium/4.8.1 (java windows)
Content-Length: 55
Content-Type: application/json; charset=utf-8
host: localhost:32470
accept: */*

Response DefaultHttpResponse(decodeResult: success, version: HTTP/1.1)
HTTP/1.1 200 OK
Content-Length: 88
Content-Type: application/json; charset=utf-8
cache-control: no-cache

18:04:15.517 [AsyncHttpClient-1-7] DEBUG org.asynchttpclient.netty.channel.ChannelManager - Adding key: http://localhost:32470 for channel [id: 0xea74149d, L:/127.0.0.1:56738 - R:localhost/127.0.0.1:32470]
18:04:15.518 [Forwarding clearElement on session d27eac33adc4342943a33f63ef008fbb to remote] DEBUG org.asynchttpclient.netty.request.NettyRequestSender - Using pooled Channel '[id: 0xea74149d, L:/127.0.0.1:56738 - R:localhost/127.0.0.1:32470]' for 'POST' to 'http://localhost:32470/session/d27eac33adc4342943a33f63ef008fbb/element/6e8dd3da-0f1f-4ebb-b1ec-5c695e334a23/clear'
18:04:15.518 [Forwarding clearElement on session d27eac33adc4342943a33f63ef008fbb to remote] DEBUG org.asynchttpclient.netty.request.NettyRequestSender - Using open Channel [id: 0xea74149d, L:/127.0.0.1:56738 - R:localhost/127.0.0.1:32470] for POST '/session/d27eac33adc4342943a33f63ef008fbb/element/6e8dd3da-0f1f-4ebb-b1ec-5c695e334a23/clear'
18:04:15.566 [AsyncHttpClient-1-7] DEBUG org.asynchttpclient.netty.handler.HttpHandler - 

Request DefaultHttpRequest(decodeResult: success, version: HTTP/1.1)
POST /session/d27eac33adc4342943a33f63ef008fbb/element/6e8dd3da-0f1f-4ebb-b1ec-5c695e334a23/clear HTTP/1.1
User-Agent: selenium/4.8.1 (java windows)
Content-Length: 50
Content-Type: application/json; charset=utf-8
host: localhost:32470
accept: */*

Response DefaultHttpResponse(decodeResult: success, version: HTTP/1.1)
HTTP/1.1 200 OK
Content-Length: 14
Content-Type: application/json; charset=utf-8
cache-control: no-cache

18:04:15.566 [AsyncHttpClient-1-7] DEBUG org.asynchttpclient.netty.channel.ChannelManager - Adding key: http://localhost:32470 for channel [id: 0xea74149d, L:/127.0.0.1:56738 - R:localhost/127.0.0.1:32470]
18:04:15.568 [Forwarding sendKeysToElement on session d27eac33adc4342943a33f63ef008fbb to remote] DEBUG org.asynchttpclient.netty.request.NettyRequestSender - Using pooled Channel '[id: 0xea74149d, L:/127.0.0.1:56738 - R:localhost/127.0.0.1:32470]' for 'POST' to 'http://localhost:32470/session/d27eac33adc4342943a33f63ef008fbb/element/6e8dd3da-0f1f-4ebb-b1ec-5c695e334a23/value'
18:04:15.568 [Forwarding sendKeysToElement on session d27eac33adc4342943a33f63ef008fbb to remote] DEBUG org.asynchttpclient.netty.request.NettyRequestSender - Using open Channel [id: 0xea74149d, L:/127.0.0.1:56738 - R:localhost/127.0.0.1:32470] for POST '/session/d27eac33adc4342943a33f63ef008fbb/element/6e8dd3da-0f1f-4ebb-b1ec-5c695e334a23/value'
18:04:15.680 [AsyncHttpClient-1-1] DEBUG org.asynchttpclient.netty.channel.DefaultChannelPool - Entry count for : http://localhost:56739 : 1
18:04:15.825 [AsyncHttpClient-1-7] DEBUG org.asynchttpclient.netty.handler.HttpHandler - 

Request DefaultHttpRequest(decodeResult: success, version: HTTP/1.1)
POST /session/d27eac33adc4342943a33f63ef008fbb/element/6e8dd3da-0f1f-4ebb-b1ec-5c695e334a23/value HTTP/1.1
User-Agent: selenium/4.8.1 (java windows)
Content-Length: 271
Content-Type: application/json; charset=utf-8
host: localhost:32470
accept: */*

Response DefaultHttpResponse(decodeResult: success, version: HTTP/1.1)
HTTP/1.1 200 OK
Content-Length: 14
Content-Type: application/json; charset=utf-8
cache-control: no-cache

18:04:15.825 [AsyncHttpClient-1-7] DEBUG org.asynchttpclient.netty.channel.ChannelManager - Adding key: http://localhost:32470 for channel [id: 0xea74149d, L:/127.0.0.1:56738 - R:localhost/127.0.0.1:32470]
18:04:15.857 [Forwarding getAlertText on session d27eac33adc4342943a33f63ef008fbb to remote] DEBUG org.asynchttpclient.netty.request.NettyRequestSender - Using pooled Channel '[id: 0xea74149d, L:/127.0.0.1:56738 - R:localhost/127.0.0.1:32470]' for 'GET' to 'http://localhost:32470/session/d27eac33adc4342943a33f63ef008fbb/alert/text'
18:04:15.857 [Forwarding getAlertText on session d27eac33adc4342943a33f63ef008fbb to remote] DEBUG org.asynchttpclient.netty.request.NettyRequestSender - Using open Channel [id: 0xea74149d, L:/127.0.0.1:56738 - R:localhost/127.0.0.1:32470] for GET '/session/d27eac33adc4342943a33f63ef008fbb/alert/text'
18:04:15.907 [AsyncHttpClient-1-7] DEBUG org.asynchttpclient.netty.handler.HttpHandler - 

Request DefaultFullHttpRequest(decodeResult: success, version: HTTP/1.1, content: EmptyByteBufBE)
GET /session/d27eac33adc4342943a33f63ef008fbb/alert/text HTTP/1.1
User-Agent: selenium/4.8.1 (java windows)
Cache-Control: no-cache
Content-Type: application/json; charset=utf-8
host: localhost:32470
accept: */*

Response DefaultHttpResponse(decodeResult: success, version: HTTP/1.1)
HTTP/1.1 404 Not Found
Content-Length: 848
Content-Type: application/json; charset=utf-8
cache-control: no-cache

18:04:15.907 [AsyncHttpClient-1-7] DEBUG org.asynchttpclient.netty.channel.ChannelManager - Adding key: http://localhost:32470 for channel [id: 0xea74149d, L:/127.0.0.1:56738 - R:localhost/127.0.0.1:32470]
18:04:15.908 [Forwarding getCurrentUrl on session d27eac33adc4342943a33f63ef008fbb to remote] DEBUG org.asynchttpclient.netty.request.NettyRequestSender - Using pooled Channel '[id: 0xea74149d, L:/127.0.0.1:56738 - R:localhost/127.0.0.1:32470]' for 'GET' to 'http://localhost:32470/session/d27eac33adc4342943a33f63ef008fbb/url'
18:04:15.908 [Forwarding getCurrentUrl on session d27eac33adc4342943a33f63ef008fbb to remote] DEBUG org.asynchttpclient.netty.request.NettyRequestSender - Using open Channel [id: 0xea74149d, L:/127.0.0.1:56738 - R:localhost/127.0.0.1:32470] for GET '/session/d27eac33adc4342943a33f63ef008fbb/url'
18:04:15.937 [AsyncHttpClient-1-7] DEBUG org.asynchttpclient.netty.handler.HttpHandler - 

Request DefaultFullHttpRequest(decodeResult: success, version: HTTP/1.1, content: EmptyByteBufBE)
GET /session/d27eac33adc4342943a33f63ef008fbb/url HTTP/1.1
User-Agent: selenium/4.8.1 (java windows)
Cache-Control: no-cache
Content-Type: application/json; charset=utf-8
host: localhost:32470
accept: */*

Response DefaultHttpResponse(decodeResult: success, version: HTTP/1.1)
HTTP/1.1 200 OK
Content-Length: 51
Content-Type: application/json; charset=utf-8
cache-control: no-cache

18:04:15.937 [AsyncHttpClient-1-7] DEBUG org.asynchttpclient.netty.channel.ChannelManager - Adding key: http://localhost:32470 for channel [id: 0xea74149d, L:/127.0.0.1:56738 - R:localhost/127.0.0.1:32470]
18:04:15.937 [Forwarding screenshot on session d27eac33adc4342943a33f63ef008fbb to remote] DEBUG org.asynchttpclient.netty.request.NettyRequestSender - Using pooled Channel '[id: 0xea74149d, L:/127.0.0.1:56738 - R:localhost/127.0.0.1:32470]' for 'GET' to 'http://localhost:32470/session/d27eac33adc4342943a33f63ef008fbb/screenshot'
18:04:15.937 [Forwarding screenshot on session d27eac33adc4342943a33f63ef008fbb to remote] DEBUG org.asynchttpclient.netty.request.NettyRequestSender - Using open Channel [id: 0xea74149d, L:/127.0.0.1:56738 - R:localhost/127.0.0.1:32470] for GET '/session/d27eac33adc4342943a33f63ef008fbb/screenshot'
18:04:16.139 [AsyncHttpClient-1-7] DEBUG org.asynchttpclient.netty.handler.HttpHandler - 

Request DefaultFullHttpRequest(decodeResult: success, version: HTTP/1.1, content: EmptyByteBufBE)
GET /session/d27eac33adc4342943a33f63ef008fbb/screenshot HTTP/1.1
User-Agent: selenium/4.8.1 (java windows)
Cache-Control: no-cache
Content-Type: application/json; charset=utf-8
host: localhost:32470
accept: */*

Response DefaultHttpResponse(decodeResult: success, version: HTTP/1.1)
HTTP/1.1 200 OK
Content-Length: 29696
Content-Type: application/json; charset=utf-8
cache-control: no-cache

18:04:16.140 [AsyncHttpClient-1-7] DEBUG org.asynchttpclient.netty.channel.ChannelManager - Adding key: http://localhost:32470 for channel [id: 0xea74149d, L:/127.0.0.1:56738 - R:localhost/127.0.0.1:32470]
18:04:16.142 [main] DEBUG net.serenitybdd.core.photography.Darkroom - Send negative for processing for target\site\serenity\d8a286458bb96aa36039a5dae48049b0dcc4f987f313f80bc64d5d5273d6909d.png
18:04:16.142 [main] DEBUG net.thucydides.core.steps.StepInterceptor - STEP DONE: user input valid email
18:04:16.142 [Darkroom Processing Line] DEBUG net.serenitybdd.core.photography.DarkroomProcessingLine - Processing screenshot image in /var/screenshots/screenshot-3932926406365446380
18:04:16.142 [Darkroom Processing Line] DEBUG net.serenitybdd.core.photography.DarkroomProcessingLine - Saving screenshot to target\site\serenity\d8a286458bb96aa36039a5dae48049b0dcc4f987f313f80bc64d5d5273d6909d.png
18:04:16.146 [main] DEBUG net.thucydides.core.steps.StepInterceptor - STARTING STEP: LoginStep.userSuccessLogin - user input valid password
18:04:16.149 [Forwarding findElement on session d27eac33adc4342943a33f63ef008fbb to remote] DEBUG org.asynchttpclient.netty.request.NettyRequestSender - Using pooled Channel '[id: 0xea74149d, L:/127.0.0.1:56738 - R:localhost/127.0.0.1:32470]' for 'POST' to 'http://localhost:32470/session/d27eac33adc4342943a33f63ef008fbb/element'
18:04:16.149 [Forwarding findElement on session d27eac33adc4342943a33f63ef008fbb to remote] DEBUG org.asynchttpclient.netty.request.NettyRequestSender - Using open Channel [id: 0xea74149d, L:/127.0.0.1:56738 - R:localhost/127.0.0.1:32470] for POST '/session/d27eac33adc4342943a33f63ef008fbb/element'
18:04:16.175 [AsyncHttpClient-1-7] DEBUG org.asynchttpclient.netty.handler.HttpHandler - 

Request DefaultHttpRequest(decodeResult: success, version: HTTP/1.1)
POST /session/d27eac33adc4342943a33f63ef008fbb/element HTTP/1.1
User-Agent: selenium/4.8.1 (java windows)
Content-Length: 55
Content-Type: application/json; charset=utf-8
host: localhost:32470
accept: */*

Response DefaultHttpResponse(decodeResult: success, version: HTTP/1.1)
HTTP/1.1 200 OK
Content-Length: 88
Content-Type: application/json; charset=utf-8
cache-control: no-cache

18:04:16.175 [AsyncHttpClient-1-7] DEBUG org.asynchttpclient.netty.channel.ChannelManager - Adding key: http://localhost:32470 for channel [id: 0xea74149d, L:/127.0.0.1:56738 - R:localhost/127.0.0.1:32470]
18:04:16.176 [Forwarding clearElement on session d27eac33adc4342943a33f63ef008fbb to remote] DEBUG org.asynchttpclient.netty.request.NettyRequestSender - Using pooled Channel '[id: 0xea74149d, L:/127.0.0.1:56738 - R:localhost/127.0.0.1:32470]' for 'POST' to 'http://localhost:32470/session/d27eac33adc4342943a33f63ef008fbb/element/0c5b38f5-f71a-4bd3-a146-b5aba64ea2fc/clear'
18:04:16.176 [Forwarding clearElement on session d27eac33adc4342943a33f63ef008fbb to remote] DEBUG org.asynchttpclient.netty.request.NettyRequestSender - Using open Channel [id: 0xea74149d, L:/127.0.0.1:56738 - R:localhost/127.0.0.1:32470] for POST '/session/d27eac33adc4342943a33f63ef008fbb/element/0c5b38f5-f71a-4bd3-a146-b5aba64ea2fc/clear'
18:04:16.223 [AsyncHttpClient-1-7] DEBUG org.asynchttpclient.netty.handler.HttpHandler - 

Request DefaultHttpRequest(decodeResult: success, version: HTTP/1.1)
POST /session/d27eac33adc4342943a33f63ef008fbb/element/0c5b38f5-f71a-4bd3-a146-b5aba64ea2fc/clear HTTP/1.1
User-Agent: selenium/4.8.1 (java windows)
Content-Length: 50
Content-Type: application/json; charset=utf-8
host: localhost:32470
accept: */*

Response DefaultHttpResponse(decodeResult: success, version: HTTP/1.1)
HTTP/1.1 200 OK
Content-Length: 14
Content-Type: application/json; charset=utf-8
cache-control: no-cache

18:04:16.223 [AsyncHttpClient-1-7] DEBUG org.asynchttpclient.netty.channel.ChannelManager - Adding key: http://localhost:32470 for channel [id: 0xea74149d, L:/127.0.0.1:56738 - R:localhost/127.0.0.1:32470]
18:04:16.225 [Forwarding sendKeysToElement on session d27eac33adc4342943a33f63ef008fbb to remote] DEBUG org.asynchttpclient.netty.request.NettyRequestSender - Using pooled Channel '[id: 0xea74149d, L:/127.0.0.1:56738 - R:localhost/127.0.0.1:32470]' for 'POST' to 'http://localhost:32470/session/d27eac33adc4342943a33f63ef008fbb/element/0c5b38f5-f71a-4bd3-a146-b5aba64ea2fc/value'
18:04:16.225 [Forwarding sendKeysToElement on session d27eac33adc4342943a33f63ef008fbb to remote] DEBUG org.asynchttpclient.netty.request.NettyRequestSender - Using open Channel [id: 0xea74149d, L:/127.0.0.1:56738 - R:localhost/127.0.0.1:32470] for POST '/session/d27eac33adc4342943a33f63ef008fbb/element/0c5b38f5-f71a-4bd3-a146-b5aba64ea2fc/value'
18:04:16.343 [AsyncHttpClient-1-7] DEBUG org.asynchttpclient.netty.handler.HttpHandler - 

Request DefaultHttpRequest(decodeResult: success, version: HTTP/1.1)
POST /session/d27eac33adc4342943a33f63ef008fbb/element/0c5b38f5-f71a-4bd3-a146-b5aba64ea2fc/value HTTP/1.1
User-Agent: selenium/4.8.1 (java windows)
Content-Length: 161
Content-Type: application/json; charset=utf-8
host: localhost:32470
accept: */*

Response DefaultHttpResponse(decodeResult: success, version: HTTP/1.1)
HTTP/1.1 200 OK
Content-Length: 14
Content-Type: application/json; charset=utf-8
cache-control: no-cache

18:04:16.344 [AsyncHttpClient-1-7] DEBUG org.asynchttpclient.netty.channel.ChannelManager - Adding key: http://localhost:32470 for channel [id: 0xea74149d, L:/127.0.0.1:56738 - R:localhost/127.0.0.1:32470]
18:04:16.353 [Forwarding getAlertText on session d27eac33adc4342943a33f63ef008fbb to remote] DEBUG org.asynchttpclient.netty.request.NettyRequestSender - Using pooled Channel '[id: 0xea74149d, L:/127.0.0.1:56738 - R:localhost/127.0.0.1:32470]' for 'GET' to 'http://localhost:32470/session/d27eac33adc4342943a33f63ef008fbb/alert/text'
18:04:16.353 [Forwarding getAlertText on session d27eac33adc4342943a33f63ef008fbb to remote] DEBUG org.asynchttpclient.netty.request.NettyRequestSender - Using open Channel [id: 0xea74149d, L:/127.0.0.1:56738 - R:localhost/127.0.0.1:32470] for GET '/session/d27eac33adc4342943a33f63ef008fbb/alert/text'
18:04:16.355 [AsyncHttpClient-1-7] DEBUG org.asynchttpclient.netty.handler.HttpHandler - 

Request DefaultFullHttpRequest(decodeResult: success, version: HTTP/1.1, content: EmptyByteBufBE)
GET /session/d27eac33adc4342943a33f63ef008fbb/alert/text HTTP/1.1
User-Agent: selenium/4.8.1 (java windows)
Cache-Control: no-cache
Content-Type: application/json; charset=utf-8
host: localhost:32470
accept: */*

Response DefaultHttpResponse(decodeResult: success, version: HTTP/1.1)
HTTP/1.1 404 Not Found
Content-Length: 848
Content-Type: application/json; charset=utf-8
cache-control: no-cache

18:04:16.355 [AsyncHttpClient-1-7] DEBUG org.asynchttpclient.netty.channel.ChannelManager - Adding key: http://localhost:32470 for channel [id: 0xea74149d, L:/127.0.0.1:56738 - R:localhost/127.0.0.1:32470]
18:04:16.356 [Forwarding getCurrentUrl on session d27eac33adc4342943a33f63ef008fbb to remote] DEBUG org.asynchttpclient.netty.request.NettyRequestSender - Using pooled Channel '[id: 0xea74149d, L:/127.0.0.1:56738 - R:localhost/127.0.0.1:32470]' for 'GET' to 'http://localhost:32470/session/d27eac33adc4342943a33f63ef008fbb/url'
18:04:16.356 [Forwarding getCurrentUrl on session d27eac33adc4342943a33f63ef008fbb to remote] DEBUG org.asynchttpclient.netty.request.NettyRequestSender - Using open Channel [id: 0xea74149d, L:/127.0.0.1:56738 - R:localhost/127.0.0.1:32470] for GET '/session/d27eac33adc4342943a33f63ef008fbb/url'
18:04:16.360 [AsyncHttpClient-1-7] DEBUG org.asynchttpclient.netty.handler.HttpHandler - 

Request DefaultFullHttpRequest(decodeResult: success, version: HTTP/1.1, content: EmptyByteBufBE)
GET /session/d27eac33adc4342943a33f63ef008fbb/url HTTP/1.1
User-Agent: selenium/4.8.1 (java windows)
Cache-Control: no-cache
Content-Type: application/json; charset=utf-8
host: localhost:32470
accept: */*

Response DefaultHttpResponse(decodeResult: success, version: HTTP/1.1)
HTTP/1.1 200 OK
Content-Length: 51
Content-Type: application/json; charset=utf-8
cache-control: no-cache

18:04:16.360 [AsyncHttpClient-1-7] DEBUG org.asynchttpclient.netty.channel.ChannelManager - Adding key: http://localhost:32470 for channel [id: 0xea74149d, L:/127.0.0.1:56738 - R:localhost/127.0.0.1:32470]
18:04:16.360 [Forwarding screenshot on session d27eac33adc4342943a33f63ef008fbb to remote] DEBUG org.asynchttpclient.netty.request.NettyRequestSender - Using pooled Channel '[id: 0xea74149d, L:/127.0.0.1:56738 - R:localhost/127.0.0.1:32470]' for 'GET' to 'http://localhost:32470/session/d27eac33adc4342943a33f63ef008fbb/screenshot'
18:04:16.360 [Forwarding screenshot on session d27eac33adc4342943a33f63ef008fbb to remote] DEBUG org.asynchttpclient.netty.request.NettyRequestSender - Using open Channel [id: 0xea74149d, L:/127.0.0.1:56738 - R:localhost/127.0.0.1:32470] for GET '/session/d27eac33adc4342943a33f63ef008fbb/screenshot'
18:04:16.501 [AsyncHttpClient-1-7] DEBUG org.asynchttpclient.netty.handler.HttpHandler - 

Request DefaultFullHttpRequest(decodeResult: success, version: HTTP/1.1, content: EmptyByteBufBE)
GET /session/d27eac33adc4342943a33f63ef008fbb/screenshot HTTP/1.1
User-Agent: selenium/4.8.1 (java windows)
Cache-Control: no-cache
Content-Type: application/json; charset=utf-8
host: localhost:32470
accept: */*

Response DefaultHttpResponse(decodeResult: success, version: HTTP/1.1)
HTTP/1.1 200 OK
Content-Length: 31552
Content-Type: application/json; charset=utf-8
cache-control: no-cache

18:04:16.502 [AsyncHttpClient-1-7] DEBUG org.asynchttpclient.netty.channel.ChannelManager - Adding key: http://localhost:32470 for channel [id: 0xea74149d, L:/127.0.0.1:56738 - R:localhost/127.0.0.1:32470]
18:04:16.504 [main] DEBUG net.serenitybdd.core.photography.Darkroom - Send negative for processing for target\site\serenity\1eae75c8544d8cecc44e4595d088a1e1af40b787510440711e35558c92161153.png
18:04:16.504 [main] DEBUG net.thucydides.core.steps.StepInterceptor - STEP DONE: user input valid password
18:04:16.504 [Darkroom Processing Line] DEBUG net.serenitybdd.core.photography.DarkroomProcessingLine - Processing screenshot image in /var/screenshots/screenshot-886146632181455447
18:04:16.504 [Darkroom Processing Line] DEBUG net.serenitybdd.core.photography.DarkroomProcessingLine - Saving screenshot to target\site\serenity\1eae75c8544d8cecc44e4595d088a1e1af40b787510440711e35558c92161153.png
18:04:16.509 [main] DEBUG net.thucydides.core.steps.StepInterceptor - STARTING STEP: LoginStep.userSuccessLogin - click button login
18:04:16.515 [Forwarding findElement on session d27eac33adc4342943a33f63ef008fbb to remote] DEBUG org.asynchttpclient.netty.request.NettyRequestSender - Using pooled Channel '[id: 0xea74149d, L:/127.0.0.1:56738 - R:localhost/127.0.0.1:32470]' for 'POST' to 'http://localhost:32470/session/d27eac33adc4342943a33f63ef008fbb/element'
18:04:16.515 [Forwarding findElement on session d27eac33adc4342943a33f63ef008fbb to remote] DEBUG org.asynchttpclient.netty.request.NettyRequestSender - Using open Channel [id: 0xea74149d, L:/127.0.0.1:56738 - R:localhost/127.0.0.1:32470] for POST '/session/d27eac33adc4342943a33f63ef008fbb/element'
18:04:16.525 [AsyncHttpClient-1-7] DEBUG org.asynchttpclient.netty.handler.HttpHandler - 

Request DefaultHttpRequest(decodeResult: success, version: HTTP/1.1)
POST /session/d27eac33adc4342943a33f63ef008fbb/element HTTP/1.1
User-Agent: selenium/4.8.1 (java windows)
Content-Length: 69
Content-Type: application/json; charset=utf-8
host: localhost:32470
accept: */*

Response DefaultHttpResponse(decodeResult: success, version: HTTP/1.1)
HTTP/1.1 200 OK
Content-Length: 88
Content-Type: application/json; charset=utf-8
cache-control: no-cache

18:04:16.525 [AsyncHttpClient-1-7] DEBUG org.asynchttpclient.netty.channel.ChannelManager - Adding key: http://localhost:32470 for channel [id: 0xea74149d, L:/127.0.0.1:56738 - R:localhost/127.0.0.1:32470]
18:04:16.527 [Forwarding getElementTagName on session d27eac33adc4342943a33f63ef008fbb to remote] DEBUG org.asynchttpclient.netty.request.NettyRequestSender - Using pooled Channel '[id: 0xea74149d, L:/127.0.0.1:56738 - R:localhost/127.0.0.1:32470]' for 'GET' to 'http://localhost:32470/session/d27eac33adc4342943a33f63ef008fbb/element/b8ba9b7a-fdb9-4f7f-9f77-ab86934911c2/name'
18:04:16.527 [Forwarding getElementTagName on session d27eac33adc4342943a33f63ef008fbb to remote] DEBUG org.asynchttpclient.netty.request.NettyRequestSender - Using open Channel [id: 0xea74149d, L:/127.0.0.1:56738 - R:localhost/127.0.0.1:32470] for GET '/session/d27eac33adc4342943a33f63ef008fbb/element/b8ba9b7a-fdb9-4f7f-9f77-ab86934911c2/name'
18:04:16.538 [AsyncHttpClient-1-7] DEBUG org.asynchttpclient.netty.handler.HttpHandler - 

Request DefaultFullHttpRequest(decodeResult: success, version: HTTP/1.1, content: EmptyByteBufBE)
GET /session/d27eac33adc4342943a33f63ef008fbb/element/b8ba9b7a-fdb9-4f7f-9f77-ab86934911c2/name HTTP/1.1
User-Agent: selenium/4.8.1 (java windows)
Cache-Control: no-cache
Content-Type: application/json; charset=utf-8
host: localhost:32470
accept: */*

Response DefaultHttpResponse(decodeResult: success, version: HTTP/1.1)
HTTP/1.1 200 OK
Content-Length: 16
Content-Type: application/json; charset=utf-8
cache-control: no-cache

18:04:16.538 [AsyncHttpClient-1-7] DEBUG org.asynchttpclient.netty.channel.ChannelManager - Adding key: http://localhost:32470 for channel [id: 0xea74149d, L:/127.0.0.1:56738 - R:localhost/127.0.0.1:32470]
18:04:16.539 [Forwarding getElementTagName on session d27eac33adc4342943a33f63ef008fbb to remote] DEBUG org.asynchttpclient.netty.request.NettyRequestSender - Using pooled Channel '[id: 0xea74149d, L:/127.0.0.1:56738 - R:localhost/127.0.0.1:32470]' for 'GET' to 'http://localhost:32470/session/d27eac33adc4342943a33f63ef008fbb/element/b8ba9b7a-fdb9-4f7f-9f77-ab86934911c2/name'
18:04:16.539 [Forwarding getElementTagName on session d27eac33adc4342943a33f63ef008fbb to remote] DEBUG org.asynchttpclient.netty.request.NettyRequestSender - Using open Channel [id: 0xea74149d, L:/127.0.0.1:56738 - R:localhost/127.0.0.1:32470] for GET '/session/d27eac33adc4342943a33f63ef008fbb/element/b8ba9b7a-fdb9-4f7f-9f77-ab86934911c2/name'
18:04:16.543 [AsyncHttpClient-1-7] DEBUG org.asynchttpclient.netty.handler.HttpHandler - 

Request DefaultFullHttpRequest(decodeResult: success, version: HTTP/1.1, content: EmptyByteBufBE)
GET /session/d27eac33adc4342943a33f63ef008fbb/element/b8ba9b7a-fdb9-4f7f-9f77-ab86934911c2/name HTTP/1.1
User-Agent: selenium/4.8.1 (java windows)
Cache-Control: no-cache
Content-Type: application/json; charset=utf-8
host: localhost:32470
accept: */*

Response DefaultHttpResponse(decodeResult: success, version: HTTP/1.1)
HTTP/1.1 200 OK
Content-Length: 16
Content-Type: application/json; charset=utf-8
cache-control: no-cache

18:04:16.543 [AsyncHttpClient-1-7] DEBUG org.asynchttpclient.netty.channel.ChannelManager - Adding key: http://localhost:32470 for channel [id: 0xea74149d, L:/127.0.0.1:56738 - R:localhost/127.0.0.1:32470]
18:04:16.545 [Forwarding findElement on session d27eac33adc4342943a33f63ef008fbb to remote] DEBUG org.asynchttpclient.netty.request.NettyRequestSender - Using pooled Channel '[id: 0xea74149d, L:/127.0.0.1:56738 - R:localhost/127.0.0.1:32470]' for 'POST' to 'http://localhost:32470/session/d27eac33adc4342943a33f63ef008fbb/element'
18:04:16.545 [Forwarding findElement on session d27eac33adc4342943a33f63ef008fbb to remote] DEBUG org.asynchttpclient.netty.request.NettyRequestSender - Using open Channel [id: 0xea74149d, L:/127.0.0.1:56738 - R:localhost/127.0.0.1:32470] for POST '/session/d27eac33adc4342943a33f63ef008fbb/element'
18:04:16.558 [AsyncHttpClient-1-7] DEBUG org.asynchttpclient.netty.handler.HttpHandler - 

Request DefaultHttpRequest(decodeResult: success, version: HTTP/1.1)
POST /session/d27eac33adc4342943a33f63ef008fbb/element HTTP/1.1
User-Agent: selenium/4.8.1 (java windows)
Content-Length: 69
Content-Type: application/json; charset=utf-8
host: localhost:32470
accept: */*

Response DefaultHttpResponse(decodeResult: success, version: HTTP/1.1)
HTTP/1.1 200 OK
Content-Length: 88
Content-Type: application/json; charset=utf-8
cache-control: no-cache

18:04:16.558 [AsyncHttpClient-1-7] DEBUG org.asynchttpclient.netty.channel.ChannelManager - Adding key: http://localhost:32470 for channel [id: 0xea74149d, L:/127.0.0.1:56738 - R:localhost/127.0.0.1:32470]
18:04:16.559 [Forwarding clickElement on session d27eac33adc4342943a33f63ef008fbb to remote] DEBUG org.asynchttpclient.netty.request.NettyRequestSender - Using pooled Channel '[id: 0xea74149d, L:/127.0.0.1:56738 - R:localhost/127.0.0.1:32470]' for 'POST' to 'http://localhost:32470/session/d27eac33adc4342943a33f63ef008fbb/element/b8ba9b7a-fdb9-4f7f-9f77-ab86934911c2/click'
18:04:16.559 [Forwarding clickElement on session d27eac33adc4342943a33f63ef008fbb to remote] DEBUG org.asynchttpclient.netty.request.NettyRequestSender - Using open Channel [id: 0xea74149d, L:/127.0.0.1:56738 - R:localhost/127.0.0.1:32470] for POST '/session/d27eac33adc4342943a33f63ef008fbb/element/b8ba9b7a-fdb9-4f7f-9f77-ab86934911c2/click'
18:04:16.638 [AsyncHttpClient-1-7] DEBUG org.asynchttpclient.netty.handler.HttpHandler - 

Request DefaultHttpRequest(decodeResult: success, version: HTTP/1.1)
POST /session/d27eac33adc4342943a33f63ef008fbb/element/b8ba9b7a-fdb9-4f7f-9f77-ab86934911c2/click HTTP/1.1
User-Agent: selenium/4.8.1 (java windows)
Content-Length: 50
Content-Type: application/json; charset=utf-8
host: localhost:32470
accept: */*

Response DefaultHttpResponse(decodeResult: success, version: HTTP/1.1)
HTTP/1.1 200 OK
Content-Length: 14
Content-Type: application/json; charset=utf-8
cache-control: no-cache

18:04:16.638 [AsyncHttpClient-1-7] DEBUG org.asynchttpclient.netty.channel.ChannelManager - Adding key: http://localhost:32470 for channel [id: 0xea74149d, L:/127.0.0.1:56738 - R:localhost/127.0.0.1:32470]
18:04:16.647 [Forwarding getAlertText on session d27eac33adc4342943a33f63ef008fbb to remote] DEBUG org.asynchttpclient.netty.request.NettyRequestSender - Using pooled Channel '[id: 0xea74149d, L:/127.0.0.1:56738 - R:localhost/127.0.0.1:32470]' for 'GET' to 'http://localhost:32470/session/d27eac33adc4342943a33f63ef008fbb/alert/text'
18:04:16.647 [Forwarding getAlertText on session d27eac33adc4342943a33f63ef008fbb to remote] DEBUG org.asynchttpclient.netty.request.NettyRequestSender - Using open Channel [id: 0xea74149d, L:/127.0.0.1:56738 - R:localhost/127.0.0.1:32470] for GET '/session/d27eac33adc4342943a33f63ef008fbb/alert/text'
18:04:16.651 [AsyncHttpClient-1-7] DEBUG org.asynchttpclient.netty.handler.HttpHandler - 

Request DefaultFullHttpRequest(decodeResult: success, version: HTTP/1.1, content: EmptyByteBufBE)
GET /session/d27eac33adc4342943a33f63ef008fbb/alert/text HTTP/1.1
User-Agent: selenium/4.8.1 (java windows)
Cache-Control: no-cache
Content-Type: application/json; charset=utf-8
host: localhost:32470
accept: */*

Response DefaultHttpResponse(decodeResult: success, version: HTTP/1.1)
HTTP/1.1 404 Not Found
Content-Length: 848
Content-Type: application/json; charset=utf-8
cache-control: no-cache

18:04:16.652 [AsyncHttpClient-1-7] DEBUG org.asynchttpclient.netty.channel.ChannelManager - Adding key: http://localhost:32470 for channel [id: 0xea74149d, L:/127.0.0.1:56738 - R:localhost/127.0.0.1:32470]
18:04:16.653 [Forwarding getCurrentUrl on session d27eac33adc4342943a33f63ef008fbb to remote] DEBUG org.asynchttpclient.netty.request.NettyRequestSender - Using pooled Channel '[id: 0xea74149d, L:/127.0.0.1:56738 - R:localhost/127.0.0.1:32470]' for 'GET' to 'http://localhost:32470/session/d27eac33adc4342943a33f63ef008fbb/url'
18:04:16.653 [Forwarding getCurrentUrl on session d27eac33adc4342943a33f63ef008fbb to remote] DEBUG org.asynchttpclient.netty.request.NettyRequestSender - Using open Channel [id: 0xea74149d, L:/127.0.0.1:56738 - R:localhost/127.0.0.1:32470] for GET '/session/d27eac33adc4342943a33f63ef008fbb/url'
18:04:16.656 [AsyncHttpClient-1-7] DEBUG org.asynchttpclient.netty.handler.HttpHandler - 

Request DefaultFullHttpRequest(decodeResult: success, version: HTTP/1.1, content: EmptyByteBufBE)
GET /session/d27eac33adc4342943a33f63ef008fbb/url HTTP/1.1
User-Agent: selenium/4.8.1 (java windows)
Cache-Control: no-cache
Content-Type: application/json; charset=utf-8
host: localhost:32470
accept: */*

Response DefaultHttpResponse(decodeResult: success, version: HTTP/1.1)
HTTP/1.1 200 OK
Content-Length: 51
Content-Type: application/json; charset=utf-8
cache-control: no-cache

18:04:16.656 [AsyncHttpClient-1-7] DEBUG org.asynchttpclient.netty.channel.ChannelManager - Adding key: http://localhost:32470 for channel [id: 0xea74149d, L:/127.0.0.1:56738 - R:localhost/127.0.0.1:32470]
18:04:16.657 [Forwarding screenshot on session d27eac33adc4342943a33f63ef008fbb to remote] DEBUG org.asynchttpclient.netty.request.NettyRequestSender - Using pooled Channel '[id: 0xea74149d, L:/127.0.0.1:56738 - R:localhost/127.0.0.1:32470]' for 'GET' to 'http://localhost:32470/session/d27eac33adc4342943a33f63ef008fbb/screenshot'
18:04:16.657 [Forwarding screenshot on session d27eac33adc4342943a33f63ef008fbb to remote] DEBUG org.asynchttpclient.netty.request.NettyRequestSender - Using open Channel [id: 0xea74149d, L:/127.0.0.1:56738 - R:localhost/127.0.0.1:32470] for GET '/session/d27eac33adc4342943a33f63ef008fbb/screenshot'
18:04:16.753 [AsyncHttpClient-1-1] DEBUG org.asynchttpclient.netty.channel.DefaultChannelPool - Entry count for : http://localhost:56739 : 1
18:04:16.821 [AsyncHttpClient-1-7] DEBUG org.asynchttpclient.netty.handler.HttpHandler - 

Request DefaultFullHttpRequest(decodeResult: success, version: HTTP/1.1, content: EmptyByteBufBE)
GET /session/d27eac33adc4342943a33f63ef008fbb/screenshot HTTP/1.1
User-Agent: selenium/4.8.1 (java windows)
Cache-Control: no-cache
Content-Type: application/json; charset=utf-8
host: localhost:32470
accept: */*

Response DefaultHttpResponse(decodeResult: success, version: HTTP/1.1)
HTTP/1.1 200 OK
Content-Length: 31092
Content-Type: application/json; charset=utf-8
cache-control: no-cache

18:04:16.821 [AsyncHttpClient-1-7] DEBUG org.asynchttpclient.netty.channel.ChannelManager - Adding key: http://localhost:32470 for channel [id: 0xea74149d, L:/127.0.0.1:56738 - R:localhost/127.0.0.1:32470]
18:04:16.824 [main] DEBUG net.serenitybdd.core.photography.Darkroom - Send negative for processing for target\site\serenity\12d3acce2b30384a1528295477e214dbc071f144b706c850d4e1002e390cb0db.png
18:04:16.824 [main] DEBUG net.thucydides.core.steps.StepInterceptor - STEP DONE: click button login
18:04:16.824 [Darkroom Processing Line] DEBUG net.serenitybdd.core.photography.DarkroomProcessingLine - Processing screenshot image in /var/screenshots/screenshot-4073328949986940779
18:04:16.824 [Darkroom Processing Line] DEBUG net.serenitybdd.core.photography.DarkroomProcessingLine - Saving screenshot to target\site\serenity\12d3acce2b30384a1528295477e214dbc071f144b706c850d4e1002e390cb0db.png
18:04:16.828 [main] DEBUG net.thucydides.core.steps.StepInterceptor - STARTING STEP: LoginStep.userSuccessLogin - user can see product homepage
18:04:16.832 [Forwarding findElement on session d27eac33adc4342943a33f63ef008fbb to remote] DEBUG org.asynchttpclient.netty.request.NettyRequestSender - Using pooled Channel '[id: 0xea74149d, L:/127.0.0.1:56738 - R:localhost/127.0.0.1:32470]' for 'POST' to 'http://localhost:32470/session/d27eac33adc4342943a33f63ef008fbb/element'
18:04:16.832 [Forwarding findElement on session d27eac33adc4342943a33f63ef008fbb to remote] DEBUG org.asynchttpclient.netty.request.NettyRequestSender - Using open Channel [id: 0xea74149d, L:/127.0.0.1:56738 - R:localhost/127.0.0.1:32470] for POST '/session/d27eac33adc4342943a33f63ef008fbb/element'
18:04:16.850 [AsyncHttpClient-1-7] DEBUG org.asynchttpclient.netty.handler.HttpHandler - 

Request DefaultHttpRequest(decodeResult: success, version: HTTP/1.1)
POST /session/d27eac33adc4342943a33f63ef008fbb/element HTTP/1.1
User-Agent: selenium/4.8.1 (java windows)
Content-Length: 75
Content-Type: application/json; charset=utf-8
host: localhost:32470
accept: */*

Response DefaultHttpResponse(decodeResult: success, version: HTTP/1.1)
HTTP/1.1 200 OK
Content-Length: 88
Content-Type: application/json; charset=utf-8
cache-control: no-cache

18:04:16.850 [AsyncHttpClient-1-7] DEBUG org.asynchttpclient.netty.channel.ChannelManager - Adding key: http://localhost:32470 for channel [id: 0xea74149d, L:/127.0.0.1:56738 - R:localhost/127.0.0.1:32470]
18:04:16.853 [Forwarding isElementDisplayed on session d27eac33adc4342943a33f63ef008fbb to remote] DEBUG org.asynchttpclient.netty.request.NettyRequestSender - Using pooled Channel '[id: 0xea74149d, L:/127.0.0.1:56738 - R:localhost/127.0.0.1:32470]' for 'POST' to 'http://localhost:32470/session/d27eac33adc4342943a33f63ef008fbb/execute/sync'
18:04:16.853 [Forwarding isElementDisplayed on session d27eac33adc4342943a33f63ef008fbb to remote] DEBUG org.asynchttpclient.netty.request.NettyRequestSender - Using open Channel [id: 0xea74149d, L:/127.0.0.1:56738 - R:localhost/127.0.0.1:32470] for POST '/session/d27eac33adc4342943a33f63ef008fbb/execute/sync'
18:04:16.968 [AsyncHttpClient-1-7] DEBUG org.asynchttpclient.netty.handler.HttpHandler - 

Request DefaultHttpRequest(decodeResult: success, version: HTTP/1.1)
POST /session/d27eac33adc4342943a33f63ef008fbb/execute/sync HTTP/1.1
User-Agent: selenium/4.8.1 (java windows)
Content-Length: 48807
Content-Type: application/json; charset=utf-8
host: localhost:32470
accept: */*

Response DefaultHttpResponse(decodeResult: success, version: HTTP/1.1)
HTTP/1.1 200 OK
Content-Length: 14
Content-Type: application/json; charset=utf-8
cache-control: no-cache

18:04:16.968 [AsyncHttpClient-1-7] DEBUG org.asynchttpclient.netty.channel.ChannelManager - Adding key: http://localhost:32470 for channel [id: 0xea74149d, L:/127.0.0.1:56738 - R:localhost/127.0.0.1:32470]
18:04:16.975 [Forwarding getAlertText on session d27eac33adc4342943a33f63ef008fbb to remote] DEBUG org.asynchttpclient.netty.request.NettyRequestSender - Using pooled Channel '[id: 0xea74149d, L:/127.0.0.1:56738 - R:localhost/127.0.0.1:32470]' for 'GET' to 'http://localhost:32470/session/d27eac33adc4342943a33f63ef008fbb/alert/text'
18:04:16.975 [Forwarding getAlertText on session d27eac33adc4342943a33f63ef008fbb to remote] DEBUG org.asynchttpclient.netty.request.NettyRequestSender - Using open Channel [id: 0xea74149d, L:/127.0.0.1:56738 - R:localhost/127.0.0.1:32470] for GET '/session/d27eac33adc4342943a33f63ef008fbb/alert/text'
18:04:16.983 [AsyncHttpClient-1-7] DEBUG org.asynchttpclient.netty.handler.HttpHandler - 

Request DefaultFullHttpRequest(decodeResult: success, version: HTTP/1.1, content: EmptyByteBufBE)
GET /session/d27eac33adc4342943a33f63ef008fbb/alert/text HTTP/1.1
User-Agent: selenium/4.8.1 (java windows)
Cache-Control: no-cache
Content-Type: application/json; charset=utf-8
host: localhost:32470
accept: */*

Response DefaultHttpResponse(decodeResult: success, version: HTTP/1.1)
HTTP/1.1 404 Not Found
Content-Length: 848
Content-Type: application/json; charset=utf-8
cache-control: no-cache

18:04:16.983 [AsyncHttpClient-1-7] DEBUG org.asynchttpclient.netty.channel.ChannelManager - Adding key: http://localhost:32470 for channel [id: 0xea74149d, L:/127.0.0.1:56738 - R:localhost/127.0.0.1:32470]
18:04:16.984 [Forwarding getCurrentUrl on session d27eac33adc4342943a33f63ef008fbb to remote] DEBUG org.asynchttpclient.netty.request.NettyRequestSender - Using pooled Channel '[id: 0xea74149d, L:/127.0.0.1:56738 - R:localhost/127.0.0.1:32470]' for 'GET' to 'http://localhost:32470/session/d27eac33adc4342943a33f63ef008fbb/url'
18:04:16.984 [Forwarding getCurrentUrl on session d27eac33adc4342943a33f63ef008fbb to remote] DEBUG org.asynchttpclient.netty.request.NettyRequestSender - Using open Channel [id: 0xea74149d, L:/127.0.0.1:56738 - R:localhost/127.0.0.1:32470] for GET '/session/d27eac33adc4342943a33f63ef008fbb/url'
18:04:16.989 [AsyncHttpClient-1-7] DEBUG org.asynchttpclient.netty.handler.HttpHandler - 

Request DefaultFullHttpRequest(decodeResult: success, version: HTTP/1.1, content: EmptyByteBufBE)
GET /session/d27eac33adc4342943a33f63ef008fbb/url HTTP/1.1
User-Agent: selenium/4.8.1 (java windows)
Cache-Control: no-cache
Content-Type: application/json; charset=utf-8
host: localhost:32470
accept: */*

Response DefaultHttpResponse(decodeResult: success, version: HTTP/1.1)
HTTP/1.1 200 OK
Content-Length: 51
Content-Type: application/json; charset=utf-8
cache-control: no-cache

18:04:16.989 [AsyncHttpClient-1-7] DEBUG org.asynchttpclient.netty.channel.ChannelManager - Adding key: http://localhost:32470 for channel [id: 0xea74149d, L:/127.0.0.1:56738 - R:localhost/127.0.0.1:32470]
18:04:16.990 [Forwarding screenshot on session d27eac33adc4342943a33f63ef008fbb to remote] DEBUG org.asynchttpclient.netty.request.NettyRequestSender - Using pooled Channel '[id: 0xea74149d, L:/127.0.0.1:56738 - R:localhost/127.0.0.1:32470]' for 'GET' to 'http://localhost:32470/session/d27eac33adc4342943a33f63ef008fbb/screenshot'
18:04:16.990 [Forwarding screenshot on session d27eac33adc4342943a33f63ef008fbb to remote] DEBUG org.asynchttpclient.netty.request.NettyRequestSender - Using open Channel [id: 0xea74149d, L:/127.0.0.1:56738 - R:localhost/127.0.0.1:32470] for GET '/session/d27eac33adc4342943a33f63ef008fbb/screenshot'
18:04:17.201 [AsyncHttpClient-1-7] DEBUG org.asynchttpclient.netty.handler.HttpHandler - 

Request DefaultFullHttpRequest(decodeResult: success, version: HTTP/1.1, content: EmptyByteBufBE)
GET /session/d27eac33adc4342943a33f63ef008fbb/screenshot HTTP/1.1
User-Agent: selenium/4.8.1 (java windows)
Cache-Control: no-cache
Content-Type: application/json; charset=utf-8
host: localhost:32470
accept: */*

Response DefaultHttpResponse(decodeResult: success, version: HTTP/1.1)
HTTP/1.1 200 OK
Content-Length: 30160
Content-Type: application/json; charset=utf-8
cache-control: no-cache

18:04:17.202 [AsyncHttpClient-1-7] DEBUG org.asynchttpclient.netty.channel.ChannelManager - Adding key: http://localhost:32470 for channel [id: 0xea74149d, L:/127.0.0.1:56738 - R:localhost/127.0.0.1:32470]
18:04:17.204 [main] DEBUG net.serenitybdd.core.photography.Darkroom - Send negative for processing for target\site\serenity\d13befc024014a4645c378c481f712a4b31942e684b34fdfdc68c4e17d8f3288.png
18:04:17.205 [Darkroom Processing Line] DEBUG net.serenitybdd.core.photography.DarkroomProcessingLine - Processing screenshot image in /var/screenshots/screenshot-5057086177900413705
18:04:17.205 [Darkroom Processing Line] DEBUG net.serenitybdd.core.photography.DarkroomProcessingLine - Saving screenshot to target\site\serenity\d13befc024014a4645c378c481f712a4b31942e684b34fdfdc68c4e17d8f3288.png
18:04:17.205 [main] DEBUG net.thucydides.core.steps.StepInterceptor - STEP DONE: user can see product homepage
  &amp#27;[32mGiven &amp#27;[0m&amp#27;[32muser success login&amp#27;[0m                                       &amp#27;[90m# starter.stepdefinition.LoginStep.userSuccessLogin()&amp#27;[0m
18:04:17.238 [main] DEBUG net.thucydides.core.steps.StepInterceptor - STARTING STEP: ProductStep.userClicksADropdownCategory - user clicks a dropdown category
18:04:17.290 [Forwarding findElement on session d27eac33adc4342943a33f63ef008fbb to remote] DEBUG org.asynchttpclient.netty.request.NettyRequestSender - Using pooled Channel '[id: 0xea74149d, L:/127.0.0.1:56738 - R:localhost/127.0.0.1:32470]' for 'POST' to 'http://localhost:32470/session/d27eac33adc4342943a33f63ef008fbb/element'
18:04:17.290 [Forwarding findElement on session d27eac33adc4342943a33f63ef008fbb to remote] DEBUG org.asynchttpclient.netty.request.NettyRequestSender - Using open Channel [id: 0xea74149d, L:/127.0.0.1:56738 - R:localhost/127.0.0.1:32470] for POST '/session/d27eac33adc4342943a33f63ef008fbb/element'
18:04:17.311 [AsyncHttpClient-1-7] DEBUG org.asynchttpclient.netty.handler.HttpHandler - 

Request DefaultHttpRequest(decodeResult: success, version: HTTP/1.1)
POST /session/d27eac33adc4342943a33f63ef008fbb/element HTTP/1.1
User-Agent: selenium/4.8.1 (java windows)
Content-Length: 83
Content-Type: application/json; charset=utf-8
host: localhost:32470
accept: */*

Response DefaultHttpResponse(decodeResult: success, version: HTTP/1.1)
HTTP/1.1 200 OK
Content-Length: 88
Content-Type: application/json; charset=utf-8
cache-control: no-cache

18:04:17.311 [AsyncHttpClient-1-7] DEBUG org.asynchttpclient.netty.channel.ChannelManager - Adding key: http://localhost:32470 for channel [id: 0xea74149d, L:/127.0.0.1:56738 - R:localhost/127.0.0.1:32470]
18:04:17.314 [Forwarding getElementTagName on session d27eac33adc4342943a33f63ef008fbb to remote] DEBUG org.asynchttpclient.netty.request.NettyRequestSender - Using pooled Channel '[id: 0xea74149d, L:/127.0.0.1:56738 - R:localhost/127.0.0.1:32470]' for 'GET' to 'http://localhost:32470/session/d27eac33adc4342943a33f63ef008fbb/element/91e7261a-c766-46d1-8a44-904486e0f96f/name'
18:04:17.314 [Forwarding getElementTagName on session d27eac33adc4342943a33f63ef008fbb to remote] DEBUG org.asynchttpclient.netty.request.NettyRequestSender - Using open Channel [id: 0xea74149d, L:/127.0.0.1:56738 - R:localhost/127.0.0.1:32470] for GET '/session/d27eac33adc4342943a33f63ef008fbb/element/91e7261a-c766-46d1-8a44-904486e0f96f/name'
18:04:17.320 [AsyncHttpClient-1-7] DEBUG org.asynchttpclient.netty.handler.HttpHandler - 

Request DefaultFullHttpRequest(decodeResult: success, version: HTTP/1.1, content: EmptyByteBufBE)
GET /session/d27eac33adc4342943a33f63ef008fbb/element/91e7261a-c766-46d1-8a44-904486e0f96f/name HTTP/1.1
User-Agent: selenium/4.8.1 (java windows)
Cache-Control: no-cache
Content-Type: application/json; charset=utf-8
host: localhost:32470
accept: */*

Response DefaultHttpResponse(decodeResult: success, version: HTTP/1.1)
HTTP/1.1 200 OK
Content-Length: 15
Content-Type: application/json; charset=utf-8
cache-control: no-cache

18:04:17.320 [AsyncHttpClient-1-7] DEBUG org.asynchttpclient.netty.channel.ChannelManager - Adding key: http://localhost:32470 for channel [id: 0xea74149d, L:/127.0.0.1:56738 - R:localhost/127.0.0.1:32470]
18:04:17.321 [Forwarding getElementTagName on session d27eac33adc4342943a33f63ef008fbb to remote] DEBUG org.asynchttpclient.netty.request.NettyRequestSender - Using pooled Channel '[id: 0xea74149d, L:/127.0.0.1:56738 - R:localhost/127.0.0.1:32470]' for 'GET' to 'http://localhost:32470/session/d27eac33adc4342943a33f63ef008fbb/element/91e7261a-c766-46d1-8a44-904486e0f96f/name'
18:04:17.321 [Forwarding getElementTagName on session d27eac33adc4342943a33f63ef008fbb to remote] DEBUG org.asynchttpclient.netty.request.NettyRequestSender - Using open Channel [id: 0xea74149d, L:/127.0.0.1:56738 - R:localhost/127.0.0.1:32470] for GET '/session/d27eac33adc4342943a33f63ef008fbb/element/91e7261a-c766-46d1-8a44-904486e0f96f/name'
18:04:17.327 [AsyncHttpClient-1-7] DEBUG org.asynchttpclient.netty.handler.HttpHandler - 

Request DefaultFullHttpRequest(decodeResult: success, version: HTTP/1.1, content: EmptyByteBufBE)
GET /session/d27eac33adc4342943a33f63ef008fbb/element/91e7261a-c766-46d1-8a44-904486e0f96f/name HTTP/1.1
User-Agent: selenium/4.8.1 (java windows)
Cache-Control: no-cache
Content-Type: application/json; charset=utf-8
host: localhost:32470
accept: */*

Response DefaultHttpResponse(decodeResult: success, version: HTTP/1.1)
HTTP/1.1 200 OK
Content-Length: 15
Content-Type: application/json; charset=utf-8
cache-control: no-cache

18:04:17.328 [AsyncHttpClient-1-7] DEBUG org.asynchttpclient.netty.channel.ChannelManager - Adding key: http://localhost:32470 for channel [id: 0xea74149d, L:/127.0.0.1:56738 - R:localhost/127.0.0.1:32470]
18:04:17.329 [Forwarding findElement on session d27eac33adc4342943a33f63ef008fbb to remote] DEBUG org.asynchttpclient.netty.request.NettyRequestSender - Using pooled Channel '[id: 0xea74149d, L:/127.0.0.1:56738 - R:localhost/127.0.0.1:32470]' for 'POST' to 'http://localhost:32470/session/d27eac33adc4342943a33f63ef008fbb/element'
18:04:17.330 [Forwarding findElement on session d27eac33adc4342943a33f63ef008fbb to remote] DEBUG org.asynchttpclient.netty.request.NettyRequestSender - Using open Channel [id: 0xea74149d, L:/127.0.0.1:56738 - R:localhost/127.0.0.1:32470] for POST '/session/d27eac33adc4342943a33f63ef008fbb/element'
18:04:17.344 [AsyncHttpClient-1-7] DEBUG org.asynchttpclient.netty.handler.HttpHandler - 

Request DefaultHttpRequest(decodeResult: success, version: HTTP/1.1)
POST /session/d27eac33adc4342943a33f63ef008fbb/element HTTP/1.1
User-Agent: selenium/4.8.1 (java windows)
Content-Length: 83
Content-Type: application/json; charset=utf-8
host: localhost:32470
accept: */*

Response DefaultHttpResponse(decodeResult: success, version: HTTP/1.1)
HTTP/1.1 200 OK
Content-Length: 88
Content-Type: application/json; charset=utf-8
cache-control: no-cache

18:04:17.344 [AsyncHttpClient-1-7] DEBUG org.asynchttpclient.netty.channel.ChannelManager - Adding key: http://localhost:32470 for channel [id: 0xea74149d, L:/127.0.0.1:56738 - R:localhost/127.0.0.1:32470]
18:04:17.345 [Forwarding clickElement on session d27eac33adc4342943a33f63ef008fbb to remote] DEBUG org.asynchttpclient.netty.request.NettyRequestSender - Using pooled Channel '[id: 0xea74149d, L:/127.0.0.1:56738 - R:localhost/127.0.0.1:32470]' for 'POST' to 'http://localhost:32470/session/d27eac33adc4342943a33f63ef008fbb/element/91e7261a-c766-46d1-8a44-904486e0f96f/click'
18:04:17.345 [Forwarding clickElement on session d27eac33adc4342943a33f63ef008fbb to remote] DEBUG org.asynchttpclient.netty.request.NettyRequestSender - Using open Channel [id: 0xea74149d, L:/127.0.0.1:56738 - R:localhost/127.0.0.1:32470] for POST '/session/d27eac33adc4342943a33f63ef008fbb/element/91e7261a-c766-46d1-8a44-904486e0f96f/click'
18:04:17.892 [AsyncHttpClient-1-1] DEBUG org.asynchttpclient.netty.channel.DefaultChannelPool - Entry count for : http://localhost:56739 : 1
18:04:18.950 [AsyncHttpClient-1-1] DEBUG org.asynchttpclient.netty.channel.DefaultChannelPool - Entry count for : http://localhost:56739 : 1
18:04:20.050 [AsyncHttpClient-1-1] DEBUG org.asynchttpclient.netty.channel.DefaultChannelPool - Entry count for : http://localhost:56739 : 1
18:04:20.688 [AsyncHttpClient-1-7] DEBUG org.asynchttpclient.netty.handler.HttpHandler - 

Request DefaultHttpRequest(decodeResult: success, version: HTTP/1.1)
POST /session/d27eac33adc4342943a33f63ef008fbb/element/91e7261a-c766-46d1-8a44-904486e0f96f/click HTTP/1.1
User-Agent: selenium/4.8.1 (java windows)
Content-Length: 50
Content-Type: application/json; charset=utf-8
host: localhost:32470
accept: */*

Response DefaultHttpResponse(decodeResult: success, version: HTTP/1.1)
HTTP/1.1 200 OK
Content-Length: 14
Content-Type: application/json; charset=utf-8
cache-control: no-cache

18:04:20.688 [AsyncHttpClient-1-7] DEBUG org.asynchttpclient.netty.channel.ChannelManager - Adding key: http://localhost:32470 for channel [id: 0xea74149d, L:/127.0.0.1:56738 - R:localhost/127.0.0.1:32470]
18:04:20.698 [Forwarding getAlertText on session d27eac33adc4342943a33f63ef008fbb to remote] DEBUG org.asynchttpclient.netty.request.NettyRequestSender - Using pooled Channel '[id: 0xea74149d, L:/127.0.0.1:56738 - R:localhost/127.0.0.1:32470]' for 'GET' to 'http://localhost:32470/session/d27eac33adc4342943a33f63ef008fbb/alert/text'
18:04:20.698 [Forwarding getAlertText on session d27eac33adc4342943a33f63ef008fbb to remote] DEBUG org.asynchttpclient.netty.request.NettyRequestSender - Using open Channel [id: 0xea74149d, L:/127.0.0.1:56738 - R:localhost/127.0.0.1:32470] for GET '/session/d27eac33adc4342943a33f63ef008fbb/alert/text'
18:04:20.720 [AsyncHttpClient-1-7] DEBUG org.asynchttpclient.netty.handler.HttpHandler - 

Request DefaultFullHttpRequest(decodeResult: success, version: HTTP/1.1, content: EmptyByteBufBE)
GET /session/d27eac33adc4342943a33f63ef008fbb/alert/text HTTP/1.1
User-Agent: selenium/4.8.1 (java windows)
Cache-Control: no-cache
Content-Type: application/json; charset=utf-8
host: localhost:32470
accept: */*

Response DefaultHttpResponse(decodeResult: success, version: HTTP/1.1)
HTTP/1.1 404 Not Found
Content-Length: 848
Content-Type: application/json; charset=utf-8
cache-control: no-cache

18:04:20.720 [AsyncHttpClient-1-7] DEBUG org.asynchttpclient.netty.channel.ChannelManager - Adding key: http://localhost:32470 for channel [id: 0xea74149d, L:/127.0.0.1:56738 - R:localhost/127.0.0.1:32470]
18:04:20.723 [Forwarding getCurrentUrl on session d27eac33adc4342943a33f63ef008fbb to remote] DEBUG org.asynchttpclient.netty.request.NettyRequestSender - Using pooled Channel '[id: 0xea74149d, L:/127.0.0.1:56738 - R:localhost/127.0.0.1:32470]' for 'GET' to 'http://localhost:32470/session/d27eac33adc4342943a33f63ef008fbb/url'
18:04:20.723 [Forwarding getCurrentUrl on session d27eac33adc4342943a33f63ef008fbb to remote] DEBUG org.asynchttpclient.netty.request.NettyRequestSender - Using open Channel [id: 0xea74149d, L:/127.0.0.1:56738 - R:localhost/127.0.0.1:32470] for GET '/session/d27eac33adc4342943a33f63ef008fbb/url'
18:04:20.734 [AsyncHttpClient-1-7] DEBUG org.asynchttpclient.netty.handler.HttpHandler - 

Request DefaultFullHttpRequest(decodeResult: success, version: HTTP/1.1, content: EmptyByteBufBE)
GET /session/d27eac33adc4342943a33f63ef008fbb/url HTTP/1.1
User-Agent: selenium/4.8.1 (java windows)
Cache-Control: no-cache
Content-Type: application/json; charset=utf-8
host: localhost:32470
accept: */*

Response DefaultHttpResponse(decodeResult: success, version: HTTP/1.1)
HTTP/1.1 200 OK
Content-Length: 41
Content-Type: application/json; charset=utf-8
cache-control: no-cache

18:04:20.734 [AsyncHttpClient-1-7] DEBUG org.asynchttpclient.netty.channel.ChannelManager - Adding key: http://localhost:32470 for channel [id: 0xea74149d, L:/127.0.0.1:56738 - R:localhost/127.0.0.1:32470]
18:04:20.735 [Forwarding screenshot on session d27eac33adc4342943a33f63ef008fbb to remote] DEBUG org.asynchttpclient.netty.request.NettyRequestSender - Using pooled Channel '[id: 0xea74149d, L:/127.0.0.1:56738 - R:localhost/127.0.0.1:32470]' for 'GET' to 'http://localhost:32470/session/d27eac33adc4342943a33f63ef008fbb/screenshot'
18:04:20.735 [Forwarding screenshot on session d27eac33adc4342943a33f63ef008fbb to remote] DEBUG org.asynchttpclient.netty.request.NettyRequestSender - Using open Channel [id: 0xea74149d, L:/127.0.0.1:56738 - R:localhost/127.0.0.1:32470] for GET '/session/d27eac33adc4342943a33f63ef008fbb/screenshot'
18:04:20.860 [AsyncHttpClient-1-7] DEBUG org.asynchttpclient.netty.handler.HttpHandler - 

Request DefaultFullHttpRequest(decodeResult: success, version: HTTP/1.1, content: EmptyByteBufBE)
GET /session/d27eac33adc4342943a33f63ef008fbb/screenshot HTTP/1.1
User-Agent: selenium/4.8.1 (java windows)
Cache-Control: no-cache
Content-Type: application/json; charset=utf-8
host: localhost:32470
accept: */*

Response DefaultHttpResponse(decodeResult: success, version: HTTP/1.1)
HTTP/1.1 200 OK
Content-Length: 113640
Content-Type: application/json; charset=utf-8
cache-control: no-cache

18:04:20.860 [AsyncHttpClient-1-7] DEBUG org.asynchttpclient.netty.channel.ChannelManager - Adding key: http://localhost:32470 for channel [id: 0xea74149d, L:/127.0.0.1:56738 - R:localhost/127.0.0.1:32470]
18:04:20.865 [main] DEBUG net.serenitybdd.core.photography.Darkroom - Send negative for processing for target\site\serenity\40a4f426941cd4f537d26d57449ec9816a656b0632daee57446ebd00e3c538ff.png
18:04:20.866 [main] DEBUG net.thucydides.core.steps.StepInterceptor - STEP DONE: user clicks a dropdown category
  &amp#27;[32mWhen &amp#27;[0m&amp#27;[32muser clicks a dropdown category&amp#27;[0m                           &amp#27;[90m# starter.stepdefinition.ProductStep.userClicksADropdownCategory()&amp#27;[0m
18:04:20.866 [Darkroom Processing Line] DEBUG net.serenitybdd.core.photography.DarkroomProcessingLine - Processing screenshot image in /var/screenshots/screenshot-6226242737556508994
18:04:20.866 [Darkroom Processing Line] DEBUG net.serenitybdd.core.photography.DarkroomProcessingLine - Saving screenshot to target\site\serenity\40a4f426941cd4f537d26d57449ec9816a656b0632daee57446ebd00e3c538ff.png
18:04:20.875 [main] DEBUG net.thucydides.core.steps.StepInterceptor - STARTING STEP: ProductStep.userClicksOneOfTheCategories - user clicks one of the categories
18:04:20.877 [Forwarding findElement on session d27eac33adc4342943a33f63ef008fbb to remote] DEBUG org.asynchttpclient.netty.request.NettyRequestSender - Using pooled Channel '[id: 0xea74149d, L:/127.0.0.1:56738 - R:localhost/127.0.0.1:32470]' for 'POST' to 'http://localhost:32470/session/d27eac33adc4342943a33f63ef008fbb/element'
18:04:20.877 [Forwarding findElement on session d27eac33adc4342943a33f63ef008fbb to remote] DEBUG org.asynchttpclient.netty.request.NettyRequestSender - Using open Channel [id: 0xea74149d, L:/127.0.0.1:56738 - R:localhost/127.0.0.1:32470] for POST '/session/d27eac33adc4342943a33f63ef008fbb/element'
18:04:20.896 [AsyncHttpClient-1-7] DEBUG org.asynchttpclient.netty.handler.HttpHandler - 

Request DefaultHttpRequest(decodeResult: success, version: HTTP/1.1)
POST /session/d27eac33adc4342943a33f63ef008fbb/element HTTP/1.1
User-Agent: selenium/4.8.1 (java windows)
Content-Length: 81
Content-Type: application/json; charset=utf-8
host: localhost:32470
accept: */*

Response DefaultHttpResponse(decodeResult: success, version: HTTP/1.1)
HTTP/1.1 200 OK
Content-Length: 88
Content-Type: application/json; charset=utf-8
cache-control: no-cache

18:04:20.896 [AsyncHttpClient-1-7] DEBUG org.asynchttpclient.netty.channel.ChannelManager - Adding key: http://localhost:32470 for channel [id: 0xea74149d, L:/127.0.0.1:56738 - R:localhost/127.0.0.1:32470]
18:04:20.898 [Forwarding getElementTagName on session d27eac33adc4342943a33f63ef008fbb to remote] DEBUG org.asynchttpclient.netty.request.NettyRequestSender - Using pooled Channel '[id: 0xea74149d, L:/127.0.0.1:56738 - R:localhost/127.0.0.1:32470]' for 'GET' to 'http://localhost:32470/session/d27eac33adc4342943a33f63ef008fbb/element/e37d796a-13c4-48bd-a12c-64e7c8e8a149/name'
18:04:20.898 [Forwarding getElementTagName on session d27eac33adc4342943a33f63ef008fbb to remote] DEBUG org.asynchttpclient.netty.request.NettyRequestSender - Using open Channel [id: 0xea74149d, L:/127.0.0.1:56738 - R:localhost/127.0.0.1:32470] for GET '/session/d27eac33adc4342943a33f63ef008fbb/element/e37d796a-13c4-48bd-a12c-64e7c8e8a149/name'
18:04:20.903 [AsyncHttpClient-1-7] DEBUG org.asynchttpclient.netty.handler.HttpHandler - 

Request DefaultFullHttpRequest(decodeResult: success, version: HTTP/1.1, content: EmptyByteBufBE)
GET /session/d27eac33adc4342943a33f63ef008fbb/element/e37d796a-13c4-48bd-a12c-64e7c8e8a149/name HTTP/1.1
User-Agent: selenium/4.8.1 (java windows)
Cache-Control: no-cache
Content-Type: application/json; charset=utf-8
host: localhost:32470
accept: */*

Response DefaultHttpResponse(decodeResult: success, version: HTTP/1.1)
HTTP/1.1 200 OK
Content-Length: 15
Content-Type: application/json; charset=utf-8
cache-control: no-cache

18:04:20.903 [AsyncHttpClient-1-7] DEBUG org.asynchttpclient.netty.channel.ChannelManager - Adding key: http://localhost:32470 for channel [id: 0xea74149d, L:/127.0.0.1:56738 - R:localhost/127.0.0.1:32470]
18:04:20.904 [Forwarding getElementTagName on session d27eac33adc4342943a33f63ef008fbb to remote] DEBUG org.asynchttpclient.netty.request.NettyRequestSender - Using pooled Channel '[id: 0xea74149d, L:/127.0.0.1:56738 - R:localhost/127.0.0.1:32470]' for 'GET' to 'http://localhost:32470/session/d27eac33adc4342943a33f63ef008fbb/element/e37d796a-13c4-48bd-a12c-64e7c8e8a149/name'
18:04:20.904 [Forwarding getElementTagName on session d27eac33adc4342943a33f63ef008fbb to remote] DEBUG org.asynchttpclient.netty.request.NettyRequestSender - Using open Channel [id: 0xea74149d, L:/127.0.0.1:56738 - R:localhost/127.0.0.1:32470] for GET '/session/d27eac33adc4342943a33f63ef008fbb/element/e37d796a-13c4-48bd-a12c-64e7c8e8a149/name'
18:04:20.908 [AsyncHttpClient-1-7] DEBUG org.asynchttpclient.netty.handler.HttpHandler - 

Request DefaultFullHttpRequest(decodeResult: success, version: HTTP/1.1, content: EmptyByteBufBE)
GET /session/d27eac33adc4342943a33f63ef008fbb/element/e37d796a-13c4-48bd-a12c-64e7c8e8a149/name HTTP/1.1
User-Agent: selenium/4.8.1 (java windows)
Cache-Control: no-cache
Content-Type: application/json; charset=utf-8
host: localhost:32470
accept: */*

Response DefaultHttpResponse(decodeResult: success, version: HTTP/1.1)
HTTP/1.1 200 OK
Content-Length: 15
Content-Type: application/json; charset=utf-8
cache-control: no-cache

18:04:20.908 [AsyncHttpClient-1-7] DEBUG org.asynchttpclient.netty.channel.ChannelManager - Adding key: http://localhost:32470 for channel [id: 0xea74149d, L:/127.0.0.1:56738 - R:localhost/127.0.0.1:32470]
18:04:20.909 [Forwarding findElement on session d27eac33adc4342943a33f63ef008fbb to remote] DEBUG org.asynchttpclient.netty.request.NettyRequestSender - Using pooled Channel '[id: 0xea74149d, L:/127.0.0.1:56738 - R:localhost/127.0.0.1:32470]' for 'POST' to 'http://localhost:32470/session/d27eac33adc4342943a33f63ef008fbb/element'
18:04:20.909 [Forwarding findElement on session d27eac33adc4342943a33f63ef008fbb to remote] DEBUG org.asynchttpclient.netty.request.NettyRequestSender - Using open Channel [id: 0xea74149d, L:/127.0.0.1:56738 - R:localhost/127.0.0.1:32470] for POST '/session/d27eac33adc4342943a33f63ef008fbb/element'
18:04:20.932 [AsyncHttpClient-1-7] DEBUG org.asynchttpclient.netty.handler.HttpHandler - 

Request DefaultHttpRequest(decodeResult: success, version: HTTP/1.1)
POST /session/d27eac33adc4342943a33f63ef008fbb/element HTTP/1.1
User-Agent: selenium/4.8.1 (java windows)
Content-Length: 81
Content-Type: application/json; charset=utf-8
host: localhost:32470
accept: */*

Response DefaultHttpResponse(decodeResult: success, version: HTTP/1.1)
HTTP/1.1 200 OK
Content-Length: 88
Content-Type: application/json; charset=utf-8
cache-control: no-cache

18:04:20.932 [AsyncHttpClient-1-7] DEBUG org.asynchttpclient.netty.channel.ChannelManager - Adding key: http://localhost:32470 for channel [id: 0xea74149d, L:/127.0.0.1:56738 - R:localhost/127.0.0.1:32470]
18:04:20.933 [Forwarding clickElement on session d27eac33adc4342943a33f63ef008fbb to remote] DEBUG org.asynchttpclient.netty.request.NettyRequestSender - Using pooled Channel '[id: 0xea74149d, L:/127.0.0.1:56738 - R:localhost/127.0.0.1:32470]' for 'POST' to 'http://localhost:32470/session/d27eac33adc4342943a33f63ef008fbb/element/e37d796a-13c4-48bd-a12c-64e7c8e8a149/click'
18:04:20.934 [Forwarding clickElement on session d27eac33adc4342943a33f63ef008fbb to remote] DEBUG org.asynchttpclient.netty.request.NettyRequestSender - Using open Channel [id: 0xea74149d, L:/127.0.0.1:56738 - R:localhost/127.0.0.1:32470] for POST '/session/d27eac33adc4342943a33f63ef008fbb/element/e37d796a-13c4-48bd-a12c-64e7c8e8a149/click'
18:04:21.147 [AsyncHttpClient-1-1] DEBUG org.asynchttpclient.netty.channel.DefaultChannelPool - Entry count for : http://localhost:56739 : 1
18:04:21.159 [AsyncHttpClient-1-7] DEBUG org.asynchttpclient.netty.handler.HttpHandler - 

Request DefaultHttpRequest(decodeResult: success, version: HTTP/1.1)
POST /session/d27eac33adc4342943a33f63ef008fbb/element/e37d796a-13c4-48bd-a12c-64e7c8e8a149/click HTTP/1.1
User-Agent: selenium/4.8.1 (java windows)
Content-Length: 50
Content-Type: application/json; charset=utf-8
host: localhost:32470
accept: */*

Response DefaultHttpResponse(decodeResult: success, version: HTTP/1.1)
HTTP/1.1 200 OK
Content-Length: 14
Content-Type: application/json; charset=utf-8
cache-control: no-cache

18:04:21.160 [AsyncHttpClient-1-7] DEBUG org.asynchttpclient.netty.channel.ChannelManager - Adding key: http://localhost:32470 for channel [id: 0xea74149d, L:/127.0.0.1:56738 - R:localhost/127.0.0.1:32470]
18:04:21.166 [Forwarding getAlertText on session d27eac33adc4342943a33f63ef008fbb to remote] DEBUG org.asynchttpclient.netty.request.NettyRequestSender - Using pooled Channel '[id: 0xea74149d, L:/127.0.0.1:56738 - R:localhost/127.0.0.1:32470]' for 'GET' to 'http://localhost:32470/session/d27eac33adc4342943a33f63ef008fbb/alert/text'
18:04:21.166 [Forwarding getAlertText on session d27eac33adc4342943a33f63ef008fbb to remote] DEBUG org.asynchttpclient.netty.request.NettyRequestSender - Using open Channel [id: 0xea74149d, L:/127.0.0.1:56738 - R:localhost/127.0.0.1:32470] for GET '/session/d27eac33adc4342943a33f63ef008fbb/alert/text'
18:04:21.170 [AsyncHttpClient-1-7] DEBUG org.asynchttpclient.netty.handler.HttpHandler - 

Request DefaultFullHttpRequest(decodeResult: success, version: HTTP/1.1, content: EmptyByteBufBE)
GET /session/d27eac33adc4342943a33f63ef008fbb/alert/text HTTP/1.1
User-Agent: selenium/4.8.1 (java windows)
Cache-Control: no-cache
Content-Type: application/json; charset=utf-8
host: localhost:32470
accept: */*

Response DefaultHttpResponse(decodeResult: success, version: HTTP/1.1)
HTTP/1.1 404 Not Found
Content-Length: 848
Content-Type: application/json; charset=utf-8
cache-control: no-cache

18:04:21.170 [AsyncHttpClient-1-7] DEBUG org.asynchttpclient.netty.channel.ChannelManager - Adding key: http://localhost:32470 for channel [id: 0xea74149d, L:/127.0.0.1:56738 - R:localhost/127.0.0.1:32470]
18:04:21.172 [Forwarding getCurrentUrl on session d27eac33adc4342943a33f63ef008fbb to remote] DEBUG org.asynchttpclient.netty.request.NettyRequestSender - Using pooled Channel '[id: 0xea74149d, L:/127.0.0.1:56738 - R:localhost/127.0.0.1:32470]' for 'GET' to 'http://localhost:32470/session/d27eac33adc4342943a33f63ef008fbb/url'
18:04:21.172 [Forwarding getCurrentUrl on session d27eac33adc4342943a33f63ef008fbb to remote] DEBUG org.asynchttpclient.netty.request.NettyRequestSender - Using open Channel [id: 0xea74149d, L:/127.0.0.1:56738 - R:localhost/127.0.0.1:32470] for GET '/session/d27eac33adc4342943a33f63ef008fbb/url'
18:04:21.181 [AsyncHttpClient-1-7] DEBUG org.asynchttpclient.netty.handler.HttpHandler - 

Request DefaultFullHttpRequest(decodeResult: success, version: HTTP/1.1, content: EmptyByteBufBE)
GET /session/d27eac33adc4342943a33f63ef008fbb/url HTTP/1.1
User-Agent: selenium/4.8.1 (java windows)
Cache-Control: no-cache
Content-Type: application/json; charset=utf-8
host: localhost:32470
accept: */*

Response DefaultHttpResponse(decodeResult: success, version: HTTP/1.1)
HTTP/1.1 200 OK
Content-Length: 41
Content-Type: application/json; charset=utf-8
cache-control: no-cache

18:04:21.181 [AsyncHttpClient-1-7] DEBUG org.asynchttpclient.netty.channel.ChannelManager - Adding key: http://localhost:32470 for channel [id: 0xea74149d, L:/127.0.0.1:56738 - R:localhost/127.0.0.1:32470]
18:04:21.181 [Forwarding screenshot on session d27eac33adc4342943a33f63ef008fbb to remote] DEBUG org.asynchttpclient.netty.request.NettyRequestSender - Using pooled Channel '[id: 0xea74149d, L:/127.0.0.1:56738 - R:localhost/127.0.0.1:32470]' for 'GET' to 'http://localhost:32470/session/d27eac33adc4342943a33f63ef008fbb/screenshot'
18:04:21.181 [Forwarding screenshot on session d27eac33adc4342943a33f63ef008fbb to remote] DEBUG org.asynchttpclient.netty.request.NettyRequestSender - Using open Channel [id: 0xea74149d, L:/127.0.0.1:56738 - R:localhost/127.0.0.1:32470] for GET '/session/d27eac33adc4342943a33f63ef008fbb/screenshot'
18:04:21.334 [AsyncHttpClient-1-7] DEBUG org.asynchttpclient.netty.handler.HttpHandler - 

Request DefaultFullHttpRequest(decodeResult: success, version: HTTP/1.1, content: EmptyByteBufBE)
GET /session/d27eac33adc4342943a33f63ef008fbb/screenshot HTTP/1.1
User-Agent: selenium/4.8.1 (java windows)
Cache-Control: no-cache
Content-Type: application/json; charset=utf-8
host: localhost:32470
accept: */*

Response DefaultHttpResponse(decodeResult: success, version: HTTP/1.1)
HTTP/1.1 200 OK
Content-Length: 37916
Content-Type: application/json; charset=utf-8
cache-control: no-cache

18:04:21.334 [AsyncHttpClient-1-7] DEBUG org.asynchttpclient.netty.channel.ChannelManager - Adding key: http://localhost:32470 for channel [id: 0xea74149d, L:/127.0.0.1:56738 - R:localhost/127.0.0.1:32470]
18:04:21.336 [main] DEBUG net.serenitybdd.core.photography.Darkroom - Send negative for processing for target\site\serenity\27dedd701eee7d922e3d8b236f9cd4a732e1c0b55c85c0ff542b457a24dbbe61.png
18:04:21.337 [main] DEBUG net.thucydides.core.steps.StepInterceptor - STEP DONE: user clicks one of the categories
  &amp#27;[32mAnd &amp#27;[0m&amp#27;[32muser clicks one of the categories&amp#27;[0m                          &amp#27;[90m# starter.stepdefinition.ProductStep.userClicksOneOfTheCategories()&amp#27;[0m
18:04:21.337 [Darkroom Processing Line] DEBUG net.serenitybdd.core.photography.DarkroomProcessingLine - Processing screenshot image in /var/screenshots/screenshot-8486488805516511288
18:04:21.337 [Darkroom Processing Line] DEBUG net.serenitybdd.core.photography.DarkroomProcessingLine - Saving screenshot to target\site\serenity\27dedd701eee7d922e3d8b236f9cd4a732e1c0b55c85c0ff542b457a24dbbe61.png
18:04:21.345 [main] DEBUG net.thucydides.core.steps.StepInterceptor - STARTING STEP: ProductStep.userCanSeeMessage - user can see message
18:04:21.348 [Forwarding findElement on session d27eac33adc4342943a33f63ef008fbb to remote] DEBUG org.asynchttpclient.netty.request.NettyRequestSender - Using pooled Channel '[id: 0xea74149d, L:/127.0.0.1:56738 - R:localhost/127.0.0.1:32470]' for 'POST' to 'http://localhost:32470/session/d27eac33adc4342943a33f63ef008fbb/element'
18:04:21.348 [Forwarding findElement on session d27eac33adc4342943a33f63ef008fbb to remote] DEBUG org.asynchttpclient.netty.request.NettyRequestSender - Using open Channel [id: 0xea74149d, L:/127.0.0.1:56738 - R:localhost/127.0.0.1:32470] for POST '/session/d27eac33adc4342943a33f63ef008fbb/element'
18:04:21.358 [AsyncHttpClient-1-7] DEBUG org.asynchttpclient.netty.handler.HttpHandler - 

Request DefaultHttpRequest(decodeResult: success, version: HTTP/1.1)
POST /session/d27eac33adc4342943a33f63ef008fbb/element HTTP/1.1
User-Agent: selenium/4.8.1 (java windows)
Content-Length: 69
Content-Type: application/json; charset=utf-8
host: localhost:32470
accept: */*

Response DefaultHttpResponse(decodeResult: success, version: HTTP/1.1)
HTTP/1.1 200 OK
Content-Length: 88
Content-Type: application/json; charset=utf-8
cache-control: no-cache

18:04:21.358 [AsyncHttpClient-1-7] DEBUG org.asynchttpclient.netty.channel.ChannelManager - Adding key: http://localhost:32470 for channel [id: 0xea74149d, L:/127.0.0.1:56738 - R:localhost/127.0.0.1:32470]
18:04:21.361 [Forwarding isElementDisplayed on session d27eac33adc4342943a33f63ef008fbb to remote] DEBUG org.asynchttpclient.netty.request.NettyRequestSender - Using pooled Channel '[id: 0xea74149d, L:/127.0.0.1:56738 - R:localhost/127.0.0.1:32470]' for 'POST' to 'http://localhost:32470/session/d27eac33adc4342943a33f63ef008fbb/execute/sync'
18:04:21.361 [Forwarding isElementDisplayed on session d27eac33adc4342943a33f63ef008fbb to remote] DEBUG org.asynchttpclient.netty.request.NettyRequestSender - Using open Channel [id: 0xea74149d, L:/127.0.0.1:56738 - R:localhost/127.0.0.1:32470] for POST '/session/d27eac33adc4342943a33f63ef008fbb/execute/sync'
18:04:21.372 [AsyncHttpClient-1-7] DEBUG org.asynchttpclient.netty.handler.HttpHandler - 

Request DefaultHttpRequest(decodeResult: success, version: HTTP/1.1)
POST /session/d27eac33adc4342943a33f63ef008fbb/execute/sync HTTP/1.1
User-Agent: selenium/4.8.1 (java windows)
Content-Length: 48807
Content-Type: application/json; charset=utf-8
host: localhost:32470
accept: */*

Response DefaultHttpResponse(decodeResult: success, version: HTTP/1.1)
HTTP/1.1 200 OK
Content-Length: 14
Content-Type: application/json; charset=utf-8
cache-control: no-cache

18:04:21.372 [AsyncHttpClient-1-7] DEBUG org.asynchttpclient.netty.channel.ChannelManager - Adding key: http://localhost:32470 for channel [id: 0xea74149d, L:/127.0.0.1:56738 - R:localhost/127.0.0.1:32470]
18:04:21.375 [main] DEBUG net.thucydides.core.steps.StepInterceptor - STEP DONE: user can see message
  &amp#27;[32mThen &amp#27;[0m&amp#27;[32muser can see message &amp#27;[0m&amp#27;[32m&amp#27;[1m"Products is empty!"&amp#27;[0m                 &amp#27;[90m# starter.stepdefinition.ProductStep.userCanSeeMessage(java.lang.String)&amp#27;[0m
18:04:21.381 [main] INFO  - 
  _____   ___   ___   _____     ___     _     ___   ___   ___   ___  
 |_   _| | __| / __| |_   _|   | _ \   /_\   / __| / __| | __| |   \ 
   | |   | _|  \__ \   | |     |  _/  / _ \  \__ \ \__ \ | _|  | |) |
   |_|   |___| |___/   |_|     |_|   /_/ \_\ |___/ |___/ |___| |___/ 

As a user, I want to search for products by categories
----------------------------------------------------------------------
18:04:21.383 [AsyncHttpClient-1-9] DEBUG org.asynchttpclient.netty.handler.WebSocketHandler - Channel Closed: [id: 0x1c3e136c, L:/127.0.0.1:56745 ! R:localhost/127.0.0.1:56739] with attribute NettyResponseFuture{currentRetry=0,
	isDone=1,
	isCancelled=0,
	asyncHandler=org.asynchttpclient.ws.WebSocketUpgradeHandler@56546275,
	nettyRequest=org.asynchttpclient.netty.request.NettyRequest@6fc28d13,
	future=java.util.concurrent.CompletableFuture@45f16289[Completed normally],
	uri=ws://localhost:56739/devtools/browser/c355e7e5-4cfe-4693-995a-79d21c872e33,
	keepAlive=true,
	redirectCount=0,
	timeoutsHolder=null,
	inAuth=0,
	touch=1683543854305}
18:04:21.383 [AsyncHttpClient-1-9] DEBUG org.asynchttpclient.netty.channel.ChannelManager - Closing Channel [id: 0x1c3e136c, L:/127.0.0.1:56745 ! R:localhost/127.0.0.1:56739] 
18:04:21.384 [Driver Command Executor] DEBUG org.asynchttpclient.netty.request.NettyRequestSender - Using pooled Channel '[id: 0xea74149d, L:/127.0.0.1:56738 - R:localhost/127.0.0.1:32470]' for 'DELETE' to 'http://localhost:32470/session/d27eac33adc4342943a33f63ef008fbb'
18:04:21.384 [Driver Command Executor] DEBUG org.asynchttpclient.netty.request.NettyRequestSender - Using open Channel [id: 0xea74149d, L:/127.0.0.1:56738 - R:localhost/127.0.0.1:32470] for DELETE '/session/d27eac33adc4342943a33f63ef008fbb'
18:04:21.434 [AsyncHttpClient-1-8] DEBUG org.asynchttpclient.netty.handler.HttpHandler - Unexpected I/O exception on channel [id: 0xb159c067, L:/127.0.0.1:56744 - R:localhost/127.0.0.1:56739]
java.io.IOException: An existing connection was forcibly closed by the remote host
	at sun.nio.ch.SocketDispatcher.read0(Native Method)
	at sun.nio.ch.SocketDispatcher.read(SocketDispatcher.java:43)
	at sun.nio.ch.IOUtil.readIntoNativeBuffer(IOUtil.java:223)
	at sun.nio.ch.IOUtil.read(IOUtil.java:192)
	at sun.nio.ch.SocketChannelImpl.read(SocketChannelImpl.java:378)
	at io.netty.buffer.PooledByteBuf.setBytes(PooledByteBuf.java:259)
	at io.netty.buffer.AbstractByteBuf.writeBytes(AbstractByteBuf.java:1132)
	at io.netty.channel.socket.nio.NioSocketChannel.doReadBytes(NioSocketChannel.java:357)
	at io.netty.channel.nio.AbstractNioByteChannel$NioByteUnsafe.read(AbstractNioByteChannel.java:151)
	at io.netty.channel.nio.NioEventLoop.processSelectedKey(NioEventLoop.java:788)
	at io.netty.channel.nio.NioEventLoop.processSelectedKeysOptimized(NioEventLoop.java:724)
	at io.netty.channel.nio.NioEventLoop.processSelectedKeys(NioEventLoop.java:650)
	at io.netty.channel.nio.NioEventLoop.run(NioEventLoop.java:562)
	at io.netty.util.concurrent.SingleThreadEventExecutor$4.run(SingleThreadEventExecutor.java:997)
	at io.netty.util.internal.ThreadExecutorMap$2.run(ThreadExecutorMap.java:74)
	at io.netty.util.concurrent.FastThreadLocalRunnable.run(FastThreadLocalRunnable.java:30)
	at java.lang.Thread.run(Thread.java:748)
18:04:21.434 [AsyncHttpClient-1-8] DEBUG org.asynchttpclient.netty.channel.ChannelManager - Closing Channel [id: 0xb159c067, L:/127.0.0.1:56744 - R:localhost/127.0.0.1:56739] 
18:04:21.435 [AsyncHttpClient-1-8] DEBUG org.asynchttpclient.netty.handler.HttpHandler - Channel Closed: [id: 0xb159c067, L:/127.0.0.1:56744 ! R:localhost/127.0.0.1:56739] with attribute DISCARD
18:04:21.462 [AsyncHttpClient-1-7] DEBUG org.asynchttpclient.netty.handler.HttpHandler - 

Request DefaultFullHttpRequest(decodeResult: success, version: HTTP/1.1, content: EmptyByteBufBE)
DELETE /session/d27eac33adc4342943a33f63ef008fbb HTTP/1.1
User-Agent: selenium/4.8.1 (java windows)
Content-Type: application/json; charset=utf-8
host: localhost:32470
accept: */*

Response DefaultHttpResponse(decodeResult: success, version: HTTP/1.1)
HTTP/1.1 200 OK
Content-Length: 14
Content-Type: application/json; charset=utf-8
cache-control: no-cache

18:04:21.462 [AsyncHttpClient-1-7] DEBUG org.asynchttpclient.netty.channel.ChannelManager - Adding key: http://localhost:32470 for channel [id: 0xea74149d, L:/127.0.0.1:56738 - R:localhost/127.0.0.1:32470]
18:04:21.568 [AsyncHttpClient-1-7] DEBUG org.asynchttpclient.netty.handler.HttpHandler - Channel Closed: [id: 0xea74149d, L:/127.0.0.1:56738 ! R:localhost/127.0.0.1:32470] with attribute DISCARD
]]></system-out>
    <system-err><![CDATA[Starting ChromeDriver 112.0.5615.49 (bd2a7bcb881c11e8cfe3078709382934e3916914-refs/branch-heads/5615@{#936}) on port 32470
Only local connections are allowed.
Please see https://chromedriver.chromium.org/security-considerations for suggestions on keeping ChromeDriver safe.
ChromeDriver was started successfully.
May 08, 2023 6:04:14 PM org.openqa.selenium.devtools.CdpVersionFinder findNearestMatch
WARNING: Unable to find an exact match for CDP version 112, so returning the closest version found: 110
]]></system-err>
  </testcase>
  <testcase name="As a user, I register with valid data" classname="Register - As a user I want to login So that I have to register account" time="7.346">
    <system-out><![CDATA[18:04:22.087 [main] DEBUG io.cucumber.core.plugin.SerenityReporter - Running feature from file:///C:/Users/user/IdeaProjects/QE_Devi%20Agustin%20Utari_Mini_Project/Web_Automation_AltaShop/src/test/resources/features/Register.feature
18:04:22.090 [main] DEBUG net.thucydides.core.steps.StepEventBus - Test suite started for story net.thucydides.core.model.Story@1ed4c400
18:04:22.090 [main] INFO  - Test Suite Started: Register - As a user I want to login So that I have to register account

@TC_Register_001
Scenario: As a user, I register with valid data &amp#27;[90m# src/test/resources/features/Register.feature:4&amp#27;[0m
18:04:22.094 [main] DEBUG io.cucumber.core.plugin.SerenityReporter - Running feature from file:///C:/Users/user/IdeaProjects/QE_Devi%20Agustin%20Utari_Mini_Project/Web_Automation_AltaShop/src/test/resources/features/Register.feature
18:04:22.097 [main] INFO  - 
  _____   ___   ___   _____     ___   _____     _     ___   _____   ___   ___  
 |_   _| | __| / __| |_   _|   / __| |_   _|   /_\   | _ \ |_   _| | __| |   \ 
   | |   | _|  \__ \   | |     \__ \   | |    / _ \  |   /   | |   | _|  | |) |
   |_|   |___| |___/   |_|     |___/   |_|   /_/ \_\ |_|_\   |_|   |___| |___/ 

As a user, I register with valid data(register---as-a-user-i-want-to-login-so-that-i-have-to-register-account;as-a-user--i-register-with-valid-data)
--------------------------------------------------------------------------------
18:04:22.456 [main] DEBUG net.thucydides.core.steps.StepInterceptor - STARTING STEP: RegisterStep.userOnLoginHomepage - user on login homepage
18:04:22.522 [AsyncHttpClient-1-1] DEBUG org.asynchttpclient.netty.channel.DefaultChannelPool - Entry count for : http://localhost:32470 : 1
18:04:22.523 [AsyncHttpClient-1-1] DEBUG org.asynchttpclient.netty.channel.DefaultChannelPool - Entry count for : http://localhost:56739 : 1
18:04:22.523 [AsyncHttpClient-1-1] DEBUG org.asynchttpclient.netty.channel.DefaultChannelPool - Adding Candidate expired Channel [id: 0xea74149d, L:/127.0.0.1:56738 ! R:localhost/127.0.0.1:32470] isIdleTimeoutExpired=false isRemotelyClosed=true isTtlExpired=false
18:04:22.523 [AsyncHttpClient-1-1] DEBUG org.asynchttpclient.netty.channel.DefaultChannelPool - Closing Idle Channel [id: 0xea74149d, L:/127.0.0.1:56738 ! R:localhost/127.0.0.1:32470]
18:04:22.523 [AsyncHttpClient-1-1] DEBUG org.asynchttpclient.netty.channel.DefaultChannelPool - Adding Candidate expired Channel [id: 0xb159c067, L:/127.0.0.1:56744 ! R:localhost/127.0.0.1:56739] isIdleTimeoutExpired=false isRemotelyClosed=true isTtlExpired=false
18:04:22.523 [AsyncHttpClient-1-1] DEBUG org.asynchttpclient.netty.channel.DefaultChannelPool - Closing Idle Channel [id: 0xb159c067, L:/127.0.0.1:56744 ! R:localhost/127.0.0.1:56739]
18:04:22.523 [AsyncHttpClient-1-1] DEBUG org.asynchttpclient.netty.channel.DefaultChannelPool - Closed 2 connections out of 2 in 0 ms
18:04:23.921 [main] INFO net.serenitybdd.core.webdriver.driverproviders.ChromeDriverProvider - Starting Chrome driver instance with capabilities:
18:04:23.921 [main] INFO net.serenitybdd.core.webdriver.driverproviders.ChromeDriverProvider - Capabilities {acceptInsecureCerts: true, browserName: chrome, goog:chromeOptions: {args: [remote-allow-origins=*, test-type, no-sandbox, ignore-certificate-errors, start-maximized, incognito, disable-infobars, disable-gpu, disable-default-apps, disable-popup-blocking, remote-allow-origins=*, test-type, no-sandbox, ignore-certificate-errors, start-maximized, incognito, disable-infobars, disable-gpu, disable-default-apps, disable-popup-blocking, remote-allow-origins=*], extensions: []}}
18:04:24.591 [AsyncHttpClient-1-2] DEBUG org.asynchttpclient.netty.channel.NettyConnectListener - Using new Channel '[id: 0x5ee68059, L:/127.0.0.1:56765 - R:localhost/127.0.0.1:21508]' for 'POST' to '/session'
18:04:25.498 [AsyncHttpClient-1-2] DEBUG org.asynchttpclient.netty.handler.HttpHandler - 

Request DefaultHttpRequest(decodeResult: success, version: HTTP/1.1)
POST /session HTTP/1.1
User-Agent: selenium/4.8.1 (java windows)
Content-Length: 1701
Content-Type: application/json; charset=utf-8
host: localhost:21508
accept: */*

Response DefaultHttpResponse(decodeResult: success, version: HTTP/1.1)
HTTP/1.1 200 OK
Content-Length: 843
Content-Type: application/json; charset=utf-8
cache-control: no-cache

18:04:25.498 [AsyncHttpClient-1-2] DEBUG org.asynchttpclient.netty.channel.ChannelManager - Adding key: http://localhost:21508 for channel [id: 0x5ee68059, L:/127.0.0.1:56765 - R:localhost/127.0.0.1:21508]
18:04:25.503 [AsyncHttpClient-1-3] DEBUG org.asynchttpclient.netty.channel.NettyConnectListener - Using new Channel '[id: 0xdb687b8f, L:/127.0.0.1:56771 - R:localhost/127.0.0.1:56766]' for 'GET' to '/json/version'
18:04:25.503 [AsyncHttpClient-1-3] DEBUG org.asynchttpclient.netty.handler.HttpHandler - 

Request DefaultFullHttpRequest(decodeResult: success, version: HTTP/1.1, content: EmptyByteBufBE)
GET /json/version HTTP/1.1
User-Agent: selenium/4.8.1 (java windows)
host: localhost:56766
accept: */*

Response DefaultHttpResponse(decodeResult: success, version: HTTP/1.1)
HTTP/1.1 200 OK
Content-Security-Policy: frame-ancestors 'none'
Content-Length: 424
Content-Type: application/json; charset=UTF-8

18:04:25.503 [AsyncHttpClient-1-3] DEBUG org.asynchttpclient.netty.channel.ChannelManager - Adding key: http://localhost:56766 for channel [id: 0xdb687b8f, L:/127.0.0.1:56771 - R:localhost/127.0.0.1:56766]
18:04:25.505 [AsyncHttpClient-1-4] DEBUG org.asynchttpclient.netty.channel.NettyConnectListener - Using new Channel '[id: 0xa661c5e5, L:/127.0.0.1:56772 - R:localhost/127.0.0.1:56766]' for 'GET' to '/devtools/browser/d115304d-5e55-4046-92e0-3cd1bbd32106'
18:04:25.505 [AsyncHttpClient-1-4] DEBUG org.asynchttpclient.netty.handler.WebSocketHandler - 

Request DefaultFullHttpRequest(decodeResult: success, version: HTTP/1.1, content: EmptyByteBufBE)
GET /devtools/browser/d115304d-5e55-4046-92e0-3cd1bbd32106 HTTP/1.1
upgrade: websocket
connection: upgrade
sec-websocket-key: 59pzs1+PZT5OX4whO0BM8Q==
sec-websocket-version: 13
origin: http://localhost:56766
host: localhost:56766
accept: */*
user-agent: AHC/2.1

Response DefaultHttpResponse(decodeResult: success, version: HTTP/1.1)
HTTP/1.1 101 WebSocket Protocol Handshake
Upgrade: WebSocket
Connection: Upgrade
Sec-WebSocket-Accept: s7c+YHpO63SLNGw3c5Di3vhztJo=

18:04:25.508 [Forwarding get on session 8a93b60a849e514585b62f5279dc6619 to remote] DEBUG org.asynchttpclient.netty.request.NettyRequestSender - Using pooled Channel '[id: 0x5ee68059, L:/127.0.0.1:56765 - R:localhost/127.0.0.1:21508]' for 'POST' to 'http://localhost:21508/session/8a93b60a849e514585b62f5279dc6619/url'
18:04:25.509 [Forwarding get on session 8a93b60a849e514585b62f5279dc6619 to remote] DEBUG org.asynchttpclient.netty.request.NettyRequestSender - Using open Channel [id: 0x5ee68059, L:/127.0.0.1:56765 - R:localhost/127.0.0.1:21508] for POST '/session/8a93b60a849e514585b62f5279dc6619/url'
18:04:26.049 [AsyncHttpClient-1-1] DEBUG org.asynchttpclient.netty.channel.DefaultChannelPool - Entry count for : http://localhost:56766 : 1
18:04:26.780 [AsyncHttpClient-1-2] DEBUG org.asynchttpclient.netty.handler.HttpHandler - 

Request DefaultHttpRequest(decodeResult: success, version: HTTP/1.1)
POST /session/8a93b60a849e514585b62f5279dc6619/url HTTP/1.1
User-Agent: selenium/4.8.1 (java windows)
Content-Length: 74
Content-Type: application/json; charset=utf-8
host: localhost:21508
accept: */*

Response DefaultHttpResponse(decodeResult: success, version: HTTP/1.1)
HTTP/1.1 200 OK
Content-Length: 14
Content-Type: application/json; charset=utf-8
cache-control: no-cache

18:04:26.780 [AsyncHttpClient-1-2] DEBUG org.asynchttpclient.netty.channel.ChannelManager - Adding key: http://localhost:21508 for channel [id: 0x5ee68059, L:/127.0.0.1:56765 - R:localhost/127.0.0.1:21508]
18:04:26.782 [Forwarding setTimeout on session 8a93b60a849e514585b62f5279dc6619 to remote] DEBUG org.asynchttpclient.netty.request.NettyRequestSender - Using pooled Channel '[id: 0x5ee68059, L:/127.0.0.1:56765 - R:localhost/127.0.0.1:21508]' for 'POST' to 'http://localhost:21508/session/8a93b60a849e514585b62f5279dc6619/timeouts'
18:04:26.782 [Forwarding setTimeout on session 8a93b60a849e514585b62f5279dc6619 to remote] DEBUG org.asynchttpclient.netty.request.NettyRequestSender - Using open Channel [id: 0x5ee68059, L:/127.0.0.1:56765 - R:localhost/127.0.0.1:21508] for POST '/session/8a93b60a849e514585b62f5279dc6619/timeouts'
18:04:26.791 [AsyncHttpClient-1-2] DEBUG org.asynchttpclient.netty.handler.HttpHandler - 

Request DefaultHttpRequest(decodeResult: success, version: HTTP/1.1)
POST /session/8a93b60a849e514585b62f5279dc6619/timeouts HTTP/1.1
User-Agent: selenium/4.8.1 (java windows)
Content-Length: 22
Content-Type: application/json; charset=utf-8
host: localhost:21508
accept: */*

Response DefaultHttpResponse(decodeResult: success, version: HTTP/1.1)
HTTP/1.1 200 OK
Content-Length: 14
Content-Type: application/json; charset=utf-8
cache-control: no-cache

18:04:26.791 [AsyncHttpClient-1-2] DEBUG org.asynchttpclient.netty.channel.ChannelManager - Adding key: http://localhost:21508 for channel [id: 0x5ee68059, L:/127.0.0.1:56765 - R:localhost/127.0.0.1:21508]
18:04:26.800 [Forwarding findElement on session 8a93b60a849e514585b62f5279dc6619 to remote] DEBUG org.asynchttpclient.netty.request.NettyRequestSender - Using pooled Channel '[id: 0x5ee68059, L:/127.0.0.1:56765 - R:localhost/127.0.0.1:21508]' for 'POST' to 'http://localhost:21508/session/8a93b60a849e514585b62f5279dc6619/element'
18:04:26.800 [Forwarding findElement on session 8a93b60a849e514585b62f5279dc6619 to remote] DEBUG org.asynchttpclient.netty.request.NettyRequestSender - Using open Channel [id: 0x5ee68059, L:/127.0.0.1:56765 - R:localhost/127.0.0.1:21508] for POST '/session/8a93b60a849e514585b62f5279dc6619/element'
18:04:26.819 [AsyncHttpClient-1-2] DEBUG org.asynchttpclient.netty.handler.HttpHandler - 

Request DefaultHttpRequest(decodeResult: success, version: HTTP/1.1)
POST /session/8a93b60a849e514585b62f5279dc6619/element HTTP/1.1
User-Agent: selenium/4.8.1 (java windows)
Content-Length: 69
Content-Type: application/json; charset=utf-8
host: localhost:21508
accept: */*

Response DefaultHttpResponse(decodeResult: success, version: HTTP/1.1)
HTTP/1.1 200 OK
Content-Length: 88
Content-Type: application/json; charset=utf-8
cache-control: no-cache

18:04:26.819 [AsyncHttpClient-1-2] DEBUG org.asynchttpclient.netty.channel.ChannelManager - Adding key: http://localhost:21508 for channel [id: 0x5ee68059, L:/127.0.0.1:56765 - R:localhost/127.0.0.1:21508]
18:04:26.824 [Forwarding isElementDisplayed on session 8a93b60a849e514585b62f5279dc6619 to remote] DEBUG org.asynchttpclient.netty.request.NettyRequestSender - Using pooled Channel '[id: 0x5ee68059, L:/127.0.0.1:56765 - R:localhost/127.0.0.1:21508]' for 'POST' to 'http://localhost:21508/session/8a93b60a849e514585b62f5279dc6619/execute/sync'
18:04:26.824 [Forwarding isElementDisplayed on session 8a93b60a849e514585b62f5279dc6619 to remote] DEBUG org.asynchttpclient.netty.request.NettyRequestSender - Using open Channel [id: 0x5ee68059, L:/127.0.0.1:56765 - R:localhost/127.0.0.1:21508] for POST '/session/8a93b60a849e514585b62f5279dc6619/execute/sync'
18:04:26.844 [AsyncHttpClient-1-2] DEBUG org.asynchttpclient.netty.handler.HttpHandler - 

Request DefaultHttpRequest(decodeResult: success, version: HTTP/1.1)
POST /session/8a93b60a849e514585b62f5279dc6619/execute/sync HTTP/1.1
User-Agent: selenium/4.8.1 (java windows)
Content-Length: 48807
Content-Type: application/json; charset=utf-8
host: localhost:21508
accept: */*

Response DefaultHttpResponse(decodeResult: success, version: HTTP/1.1)
HTTP/1.1 200 OK
Content-Length: 14
Content-Type: application/json; charset=utf-8
cache-control: no-cache

18:04:26.844 [AsyncHttpClient-1-2] DEBUG org.asynchttpclient.netty.channel.ChannelManager - Adding key: http://localhost:21508 for channel [id: 0x5ee68059, L:/127.0.0.1:56765 - R:localhost/127.0.0.1:21508]
18:04:26.850 [main] DEBUG net.serenitybdd.core.photography.Darkroom - Opening darkroom
18:04:26.851 [Darkroom Processing Line] DEBUG net.serenitybdd.core.photography.DarkroomProcessingLine - Darkroom processing line starting up
18:04:26.852 [Forwarding getAlertText on session 8a93b60a849e514585b62f5279dc6619 to remote] DEBUG org.asynchttpclient.netty.request.NettyRequestSender - Using pooled Channel '[id: 0x5ee68059, L:/127.0.0.1:56765 - R:localhost/127.0.0.1:21508]' for 'GET' to 'http://localhost:21508/session/8a93b60a849e514585b62f5279dc6619/alert/text'
18:04:26.852 [Forwarding getAlertText on session 8a93b60a849e514585b62f5279dc6619 to remote] DEBUG org.asynchttpclient.netty.request.NettyRequestSender - Using open Channel [id: 0x5ee68059, L:/127.0.0.1:56765 - R:localhost/127.0.0.1:21508] for GET '/session/8a93b60a849e514585b62f5279dc6619/alert/text'
18:04:26.854 [AsyncHttpClient-1-2] DEBUG org.asynchttpclient.netty.handler.HttpHandler - 

Request DefaultFullHttpRequest(decodeResult: success, version: HTTP/1.1, content: EmptyByteBufBE)
GET /session/8a93b60a849e514585b62f5279dc6619/alert/text HTTP/1.1
User-Agent: selenium/4.8.1 (java windows)
Cache-Control: no-cache
Content-Type: application/json; charset=utf-8
host: localhost:21508
accept: */*

Response DefaultHttpResponse(decodeResult: success, version: HTTP/1.1)
HTTP/1.1 404 Not Found
Content-Length: 848
Content-Type: application/json; charset=utf-8
cache-control: no-cache

18:04:26.854 [AsyncHttpClient-1-2] DEBUG org.asynchttpclient.netty.channel.ChannelManager - Adding key: http://localhost:21508 for channel [id: 0x5ee68059, L:/127.0.0.1:56765 - R:localhost/127.0.0.1:21508]
18:04:26.855 [Forwarding getCurrentUrl on session 8a93b60a849e514585b62f5279dc6619 to remote] DEBUG org.asynchttpclient.netty.request.NettyRequestSender - Using pooled Channel '[id: 0x5ee68059, L:/127.0.0.1:56765 - R:localhost/127.0.0.1:21508]' for 'GET' to 'http://localhost:21508/session/8a93b60a849e514585b62f5279dc6619/url'
18:04:26.855 [Forwarding getCurrentUrl on session 8a93b60a849e514585b62f5279dc6619 to remote] DEBUG org.asynchttpclient.netty.request.NettyRequestSender - Using open Channel [id: 0x5ee68059, L:/127.0.0.1:56765 - R:localhost/127.0.0.1:21508] for GET '/session/8a93b60a849e514585b62f5279dc6619/url'
18:04:26.859 [AsyncHttpClient-1-2] DEBUG org.asynchttpclient.netty.handler.HttpHandler - 

Request DefaultFullHttpRequest(decodeResult: success, version: HTTP/1.1, content: EmptyByteBufBE)
GET /session/8a93b60a849e514585b62f5279dc6619/url HTTP/1.1
User-Agent: selenium/4.8.1 (java windows)
Cache-Control: no-cache
Content-Type: application/json; charset=utf-8
host: localhost:21508
accept: */*

Response DefaultHttpResponse(decodeResult: success, version: HTTP/1.1)
HTTP/1.1 200 OK
Content-Length: 51
Content-Type: application/json; charset=utf-8
cache-control: no-cache

18:04:26.860 [AsyncHttpClient-1-2] DEBUG org.asynchttpclient.netty.channel.ChannelManager - Adding key: http://localhost:21508 for channel [id: 0x5ee68059, L:/127.0.0.1:56765 - R:localhost/127.0.0.1:21508]
18:04:26.860 [Forwarding screenshot on session 8a93b60a849e514585b62f5279dc6619 to remote] DEBUG org.asynchttpclient.netty.request.NettyRequestSender - Using pooled Channel '[id: 0x5ee68059, L:/127.0.0.1:56765 - R:localhost/127.0.0.1:21508]' for 'GET' to 'http://localhost:21508/session/8a93b60a849e514585b62f5279dc6619/screenshot'
18:04:26.860 [Forwarding screenshot on session 8a93b60a849e514585b62f5279dc6619 to remote] DEBUG org.asynchttpclient.netty.request.NettyRequestSender - Using open Channel [id: 0x5ee68059, L:/127.0.0.1:56765 - R:localhost/127.0.0.1:21508] for GET '/session/8a93b60a849e514585b62f5279dc6619/screenshot'
18:04:26.980 [AsyncHttpClient-1-2] DEBUG org.asynchttpclient.netty.handler.HttpHandler - 

Request DefaultFullHttpRequest(decodeResult: success, version: HTTP/1.1, content: EmptyByteBufBE)
GET /session/8a93b60a849e514585b62f5279dc6619/screenshot HTTP/1.1
User-Agent: selenium/4.8.1 (java windows)
Cache-Control: no-cache
Content-Type: application/json; charset=utf-8
host: localhost:21508
accept: */*

Response DefaultHttpResponse(decodeResult: success, version: HTTP/1.1)
HTTP/1.1 200 OK
Content-Length: 25060
Content-Type: application/json; charset=utf-8
cache-control: no-cache

18:04:26.981 [AsyncHttpClient-1-2] DEBUG org.asynchttpclient.netty.channel.ChannelManager - Adding key: http://localhost:21508 for channel [id: 0x5ee68059, L:/127.0.0.1:56765 - R:localhost/127.0.0.1:21508]
18:04:26.983 [main] DEBUG net.serenitybdd.core.photography.Darkroom - Send negative for processing for target\site\serenity\1db263dd5c04c8fe15e82ee6420144d4e1e7b9826b9315cfd7ec5b5d0da76045.png
18:04:26.983 [main] DEBUG net.thucydides.core.steps.StepInterceptor - STEP DONE: user on login homepage
  &amp#27;[32mGiven &amp#27;[0m&amp#27;[32muser on login homepage&amp#27;[0m                  &amp#27;[90m# starter.stepdefinition.RegisterStep.userOnLoginHomepage()&amp#27;[0m
18:04:26.998 [main] DEBUG net.thucydides.core.steps.StepInterceptor - STARTING STEP: RegisterStep.userClickRegister - user click register
18:04:27.002 [Forwarding findElement on session 8a93b60a849e514585b62f5279dc6619 to remote] DEBUG org.asynchttpclient.netty.request.NettyRequestSender - Using pooled Channel '[id: 0x5ee68059, L:/127.0.0.1:56765 - R:localhost/127.0.0.1:21508]' for 'POST' to 'http://localhost:21508/session/8a93b60a849e514585b62f5279dc6619/element'
18:04:27.002 [Forwarding findElement on session 8a93b60a849e514585b62f5279dc6619 to remote] DEBUG org.asynchttpclient.netty.request.NettyRequestSender - Using open Channel [id: 0x5ee68059, L:/127.0.0.1:56765 - R:localhost/127.0.0.1:21508] for POST '/session/8a93b60a849e514585b62f5279dc6619/element'
18:04:27.018 [AsyncHttpClient-1-2] DEBUG org.asynchttpclient.netty.handler.HttpHandler - 

Request DefaultHttpRequest(decodeResult: success, version: HTTP/1.1)
POST /session/8a93b60a849e514585b62f5279dc6619/element HTTP/1.1
User-Agent: selenium/4.8.1 (java windows)
Content-Length: 84
Content-Type: application/json; charset=utf-8
host: localhost:21508
accept: */*

Response DefaultHttpResponse(decodeResult: success, version: HTTP/1.1)
HTTP/1.1 200 OK
Content-Length: 88
Content-Type: application/json; charset=utf-8
cache-control: no-cache

18:04:27.018 [AsyncHttpClient-1-2] DEBUG org.asynchttpclient.netty.channel.ChannelManager - Adding key: http://localhost:21508 for channel [id: 0x5ee68059, L:/127.0.0.1:56765 - R:localhost/127.0.0.1:21508]
18:04:27.020 [Forwarding getElementTagName on session 8a93b60a849e514585b62f5279dc6619 to remote] DEBUG org.asynchttpclient.netty.request.NettyRequestSender - Using pooled Channel '[id: 0x5ee68059, L:/127.0.0.1:56765 - R:localhost/127.0.0.1:21508]' for 'GET' to 'http://localhost:21508/session/8a93b60a849e514585b62f5279dc6619/element/4c5b8901-cfca-40c4-aee4-c2862ef08e6c/name'
18:04:27.020 [Forwarding getElementTagName on session 8a93b60a849e514585b62f5279dc6619 to remote] DEBUG org.asynchttpclient.netty.request.NettyRequestSender - Using open Channel [id: 0x5ee68059, L:/127.0.0.1:56765 - R:localhost/127.0.0.1:21508] for GET '/session/8a93b60a849e514585b62f5279dc6619/element/4c5b8901-cfca-40c4-aee4-c2862ef08e6c/name'
18:04:27.024 [AsyncHttpClient-1-2] DEBUG org.asynchttpclient.netty.handler.HttpHandler - 

Request DefaultFullHttpRequest(decodeResult: success, version: HTTP/1.1, content: EmptyByteBufBE)
GET /session/8a93b60a849e514585b62f5279dc6619/element/4c5b8901-cfca-40c4-aee4-c2862ef08e6c/name HTTP/1.1
User-Agent: selenium/4.8.1 (java windows)
Cache-Control: no-cache
Content-Type: application/json; charset=utf-8
host: localhost:21508
accept: */*

Response DefaultHttpResponse(decodeResult: success, version: HTTP/1.1)
HTTP/1.1 200 OK
Content-Length: 13
Content-Type: application/json; charset=utf-8
cache-control: no-cache

18:04:27.034 [AsyncHttpClient-1-2] DEBUG org.asynchttpclient.netty.channel.ChannelManager - Adding key: http://localhost:21508 for channel [id: 0x5ee68059, L:/127.0.0.1:56765 - R:localhost/127.0.0.1:21508]
18:04:27.036 [Forwarding getElementTagName on session 8a93b60a849e514585b62f5279dc6619 to remote] DEBUG org.asynchttpclient.netty.request.NettyRequestSender - Using pooled Channel '[id: 0x5ee68059, L:/127.0.0.1:56765 - R:localhost/127.0.0.1:21508]' for 'GET' to 'http://localhost:21508/session/8a93b60a849e514585b62f5279dc6619/element/4c5b8901-cfca-40c4-aee4-c2862ef08e6c/name'
18:04:27.036 [Forwarding getElementTagName on session 8a93b60a849e514585b62f5279dc6619 to remote] DEBUG org.asynchttpclient.netty.request.NettyRequestSender - Using open Channel [id: 0x5ee68059, L:/127.0.0.1:56765 - R:localhost/127.0.0.1:21508] for GET '/session/8a93b60a849e514585b62f5279dc6619/element/4c5b8901-cfca-40c4-aee4-c2862ef08e6c/name'
18:04:27.041 [AsyncHttpClient-1-2] DEBUG org.asynchttpclient.netty.handler.HttpHandler - 

Request DefaultFullHttpRequest(decodeResult: success, version: HTTP/1.1, content: EmptyByteBufBE)
GET /session/8a93b60a849e514585b62f5279dc6619/element/4c5b8901-cfca-40c4-aee4-c2862ef08e6c/name HTTP/1.1
User-Agent: selenium/4.8.1 (java windows)
Cache-Control: no-cache
Content-Type: application/json; charset=utf-8
host: localhost:21508
accept: */*

Response DefaultHttpResponse(decodeResult: success, version: HTTP/1.1)
HTTP/1.1 200 OK
Content-Length: 13
Content-Type: application/json; charset=utf-8
cache-control: no-cache

18:04:27.041 [AsyncHttpClient-1-2] DEBUG org.asynchttpclient.netty.channel.ChannelManager - Adding key: http://localhost:21508 for channel [id: 0x5ee68059, L:/127.0.0.1:56765 - R:localhost/127.0.0.1:21508]
18:04:27.043 [Forwarding findElement on session 8a93b60a849e514585b62f5279dc6619 to remote] DEBUG org.asynchttpclient.netty.request.NettyRequestSender - Using pooled Channel '[id: 0x5ee68059, L:/127.0.0.1:56765 - R:localhost/127.0.0.1:21508]' for 'POST' to 'http://localhost:21508/session/8a93b60a849e514585b62f5279dc6619/element'
18:04:27.043 [Forwarding findElement on session 8a93b60a849e514585b62f5279dc6619 to remote] DEBUG org.asynchttpclient.netty.request.NettyRequestSender - Using open Channel [id: 0x5ee68059, L:/127.0.0.1:56765 - R:localhost/127.0.0.1:21508] for POST '/session/8a93b60a849e514585b62f5279dc6619/element'
18:04:27.051 [AsyncHttpClient-1-2] DEBUG org.asynchttpclient.netty.handler.HttpHandler - 

Request DefaultHttpRequest(decodeResult: success, version: HTTP/1.1)
POST /session/8a93b60a849e514585b62f5279dc6619/element HTTP/1.1
User-Agent: selenium/4.8.1 (java windows)
Content-Length: 84
Content-Type: application/json; charset=utf-8
host: localhost:21508
accept: */*

Response DefaultHttpResponse(decodeResult: success, version: HTTP/1.1)
HTTP/1.1 200 OK
Content-Length: 88
Content-Type: application/json; charset=utf-8
cache-control: no-cache

18:04:27.052 [AsyncHttpClient-1-2] DEBUG org.asynchttpclient.netty.channel.ChannelManager - Adding key: http://localhost:21508 for channel [id: 0x5ee68059, L:/127.0.0.1:56765 - R:localhost/127.0.0.1:21508]
18:04:27.053 [Forwarding clickElement on session 8a93b60a849e514585b62f5279dc6619 to remote] DEBUG org.asynchttpclient.netty.request.NettyRequestSender - Using pooled Channel '[id: 0x5ee68059, L:/127.0.0.1:56765 - R:localhost/127.0.0.1:21508]' for 'POST' to 'http://localhost:21508/session/8a93b60a849e514585b62f5279dc6619/element/4c5b8901-cfca-40c4-aee4-c2862ef08e6c/click'
18:04:27.053 [Forwarding clickElement on session 8a93b60a849e514585b62f5279dc6619 to remote] DEBUG org.asynchttpclient.netty.request.NettyRequestSender - Using open Channel [id: 0x5ee68059, L:/127.0.0.1:56765 - R:localhost/127.0.0.1:21508] for POST '/session/8a93b60a849e514585b62f5279dc6619/element/4c5b8901-cfca-40c4-aee4-c2862ef08e6c/click'
18:04:27.104 [AsyncHttpClient-1-2] DEBUG org.asynchttpclient.netty.handler.HttpHandler - 

Request DefaultHttpRequest(decodeResult: success, version: HTTP/1.1)
POST /session/8a93b60a849e514585b62f5279dc6619/element/4c5b8901-cfca-40c4-aee4-c2862ef08e6c/click HTTP/1.1
User-Agent: selenium/4.8.1 (java windows)
Content-Length: 50
Content-Type: application/json; charset=utf-8
host: localhost:21508
accept: */*

Response DefaultHttpResponse(decodeResult: success, version: HTTP/1.1)
HTTP/1.1 200 OK
Content-Length: 14
Content-Type: application/json; charset=utf-8
cache-control: no-cache

18:04:27.104 [AsyncHttpClient-1-2] DEBUG org.asynchttpclient.netty.channel.ChannelManager - Adding key: http://localhost:21508 for channel [id: 0x5ee68059, L:/127.0.0.1:56765 - R:localhost/127.0.0.1:21508]
18:04:27.118 [Forwarding getAlertText on session 8a93b60a849e514585b62f5279dc6619 to remote] DEBUG org.asynchttpclient.netty.request.NettyRequestSender - Using pooled Channel '[id: 0x5ee68059, L:/127.0.0.1:56765 - R:localhost/127.0.0.1:21508]' for 'GET' to 'http://localhost:21508/session/8a93b60a849e514585b62f5279dc6619/alert/text'
18:04:27.118 [Forwarding getAlertText on session 8a93b60a849e514585b62f5279dc6619 to remote] DEBUG org.asynchttpclient.netty.request.NettyRequestSender - Using open Channel [id: 0x5ee68059, L:/127.0.0.1:56765 - R:localhost/127.0.0.1:21508] for GET '/session/8a93b60a849e514585b62f5279dc6619/alert/text'
18:04:27.135 [AsyncHttpClient-1-2] DEBUG org.asynchttpclient.netty.handler.HttpHandler - 

Request DefaultFullHttpRequest(decodeResult: success, version: HTTP/1.1, content: EmptyByteBufBE)
GET /session/8a93b60a849e514585b62f5279dc6619/alert/text HTTP/1.1
User-Agent: selenium/4.8.1 (java windows)
Cache-Control: no-cache
Content-Type: application/json; charset=utf-8
host: localhost:21508
accept: */*

Response DefaultHttpResponse(decodeResult: success, version: HTTP/1.1)
HTTP/1.1 404 Not Found
Content-Length: 848
Content-Type: application/json; charset=utf-8
cache-control: no-cache

18:04:27.135 [AsyncHttpClient-1-2] DEBUG org.asynchttpclient.netty.channel.ChannelManager - Adding key: http://localhost:21508 for channel [id: 0x5ee68059, L:/127.0.0.1:56765 - R:localhost/127.0.0.1:21508]
18:04:27.136 [Forwarding getCurrentUrl on session 8a93b60a849e514585b62f5279dc6619 to remote] DEBUG org.asynchttpclient.netty.request.NettyRequestSender - Using pooled Channel '[id: 0x5ee68059, L:/127.0.0.1:56765 - R:localhost/127.0.0.1:21508]' for 'GET' to 'http://localhost:21508/session/8a93b60a849e514585b62f5279dc6619/url'
18:04:27.136 [Forwarding getCurrentUrl on session 8a93b60a849e514585b62f5279dc6619 to remote] DEBUG org.asynchttpclient.netty.request.NettyRequestSender - Using open Channel [id: 0x5ee68059, L:/127.0.0.1:56765 - R:localhost/127.0.0.1:21508] for GET '/session/8a93b60a849e514585b62f5279dc6619/url'
18:04:27.151 [AsyncHttpClient-1-1] DEBUG org.asynchttpclient.netty.channel.DefaultChannelPool - Entry count for : http://localhost:56766 : 1
18:04:27.158 [AsyncHttpClient-1-2] DEBUG org.asynchttpclient.netty.handler.HttpHandler - 

Request DefaultFullHttpRequest(decodeResult: success, version: HTTP/1.1, content: EmptyByteBufBE)
GET /session/8a93b60a849e514585b62f5279dc6619/url HTTP/1.1
User-Agent: selenium/4.8.1 (java windows)
Cache-Control: no-cache
Content-Type: application/json; charset=utf-8
host: localhost:21508
accept: */*

Response DefaultHttpResponse(decodeResult: success, version: HTTP/1.1)
HTTP/1.1 200 OK
Content-Length: 54
Content-Type: application/json; charset=utf-8
cache-control: no-cache

18:04:27.159 [AsyncHttpClient-1-2] DEBUG org.asynchttpclient.netty.channel.ChannelManager - Adding key: http://localhost:21508 for channel [id: 0x5ee68059, L:/127.0.0.1:56765 - R:localhost/127.0.0.1:21508]
18:04:27.160 [Forwarding screenshot on session 8a93b60a849e514585b62f5279dc6619 to remote] DEBUG org.asynchttpclient.netty.request.NettyRequestSender - Using pooled Channel '[id: 0x5ee68059, L:/127.0.0.1:56765 - R:localhost/127.0.0.1:21508]' for 'GET' to 'http://localhost:21508/session/8a93b60a849e514585b62f5279dc6619/screenshot'
18:04:27.160 [Forwarding screenshot on session 8a93b60a849e514585b62f5279dc6619 to remote] DEBUG org.asynchttpclient.netty.request.NettyRequestSender - Using open Channel [id: 0x5ee68059, L:/127.0.0.1:56765 - R:localhost/127.0.0.1:21508] for GET '/session/8a93b60a849e514585b62f5279dc6619/screenshot'
18:04:27.325 [AsyncHttpClient-1-2] DEBUG org.asynchttpclient.netty.handler.HttpHandler - 

Request DefaultFullHttpRequest(decodeResult: success, version: HTTP/1.1, content: EmptyByteBufBE)
GET /session/8a93b60a849e514585b62f5279dc6619/screenshot HTTP/1.1
User-Agent: selenium/4.8.1 (java windows)
Cache-Control: no-cache
Content-Type: application/json; charset=utf-8
host: localhost:21508
accept: */*

Response DefaultHttpResponse(decodeResult: success, version: HTTP/1.1)
HTTP/1.1 200 OK
Content-Length: 29736
Content-Type: application/json; charset=utf-8
cache-control: no-cache

18:04:27.325 [AsyncHttpClient-1-2] DEBUG org.asynchttpclient.netty.channel.ChannelManager - Adding key: http://localhost:21508 for channel [id: 0x5ee68059, L:/127.0.0.1:56765 - R:localhost/127.0.0.1:21508]
18:04:27.328 [main] DEBUG net.serenitybdd.core.photography.Darkroom - Send negative for processing for target\site\serenity\4483762c880586e376db97ee87af78ecdfed1b519253aeada9d8e70d529c0abc.png
18:04:27.328 [main] DEBUG net.thucydides.core.steps.StepInterceptor - STEP DONE: user click register
  &amp#27;[32mAnd &amp#27;[0m&amp#27;[32muser click register&amp#27;[0m                       &amp#27;[90m# starter.stepdefinition.RegisterStep.userClickRegister()&amp#27;[0m
18:04:27.328 [Darkroom Processing Line] DEBUG net.serenitybdd.core.photography.DarkroomProcessingLine - Processing screenshot image in /var/screenshots/screenshot-6741181169851719369
18:04:27.328 [Darkroom Processing Line] DEBUG net.serenitybdd.core.photography.DarkroomProcessingLine - Saving screenshot to target\site\serenity\4483762c880586e376db97ee87af78ecdfed1b519253aeada9d8e70d529c0abc.png
18:04:27.341 [main] DEBUG net.thucydides.core.steps.StepInterceptor - STARTING STEP: RegisterStep.userInputfullname - user input full name
18:04:27.344 [Forwarding findElement on session 8a93b60a849e514585b62f5279dc6619 to remote] DEBUG org.asynchttpclient.netty.request.NettyRequestSender - Using pooled Channel '[id: 0x5ee68059, L:/127.0.0.1:56765 - R:localhost/127.0.0.1:21508]' for 'POST' to 'http://localhost:21508/session/8a93b60a849e514585b62f5279dc6619/element'
18:04:27.344 [Forwarding findElement on session 8a93b60a849e514585b62f5279dc6619 to remote] DEBUG org.asynchttpclient.netty.request.NettyRequestSender - Using open Channel [id: 0x5ee68059, L:/127.0.0.1:56765 - R:localhost/127.0.0.1:21508] for POST '/session/8a93b60a849e514585b62f5279dc6619/element'
18:04:27.356 [AsyncHttpClient-1-2] DEBUG org.asynchttpclient.netty.handler.HttpHandler - 

Request DefaultHttpRequest(decodeResult: success, version: HTTP/1.1)
POST /session/8a93b60a849e514585b62f5279dc6619/element HTTP/1.1
User-Agent: selenium/4.8.1 (java windows)
Content-Length: 55
Content-Type: application/json; charset=utf-8
host: localhost:21508
accept: */*

Response DefaultHttpResponse(decodeResult: success, version: HTTP/1.1)
HTTP/1.1 200 OK
Content-Length: 88
Content-Type: application/json; charset=utf-8
cache-control: no-cache

18:04:27.357 [AsyncHttpClient-1-2] DEBUG org.asynchttpclient.netty.channel.ChannelManager - Adding key: http://localhost:21508 for channel [id: 0x5ee68059, L:/127.0.0.1:56765 - R:localhost/127.0.0.1:21508]
18:04:27.358 [Forwarding clearElement on session 8a93b60a849e514585b62f5279dc6619 to remote] DEBUG org.asynchttpclient.netty.request.NettyRequestSender - Using pooled Channel '[id: 0x5ee68059, L:/127.0.0.1:56765 - R:localhost/127.0.0.1:21508]' for 'POST' to 'http://localhost:21508/session/8a93b60a849e514585b62f5279dc6619/element/8b80f970-8827-4885-9d51-19cd4f87cfcc/clear'
18:04:27.358 [Forwarding clearElement on session 8a93b60a849e514585b62f5279dc6619 to remote] DEBUG org.asynchttpclient.netty.request.NettyRequestSender - Using open Channel [id: 0x5ee68059, L:/127.0.0.1:56765 - R:localhost/127.0.0.1:21508] for POST '/session/8a93b60a849e514585b62f5279dc6619/element/8b80f970-8827-4885-9d51-19cd4f87cfcc/clear'
18:04:27.410 [AsyncHttpClient-1-2] DEBUG org.asynchttpclient.netty.handler.HttpHandler - 

Request DefaultHttpRequest(decodeResult: success, version: HTTP/1.1)
POST /session/8a93b60a849e514585b62f5279dc6619/element/8b80f970-8827-4885-9d51-19cd4f87cfcc/clear HTTP/1.1
User-Agent: selenium/4.8.1 (java windows)
Content-Length: 50
Content-Type: application/json; charset=utf-8
host: localhost:21508
accept: */*

Response DefaultHttpResponse(decodeResult: success, version: HTTP/1.1)
HTTP/1.1 200 OK
Content-Length: 14
Content-Type: application/json; charset=utf-8
cache-control: no-cache

18:04:27.410 [AsyncHttpClient-1-2] DEBUG org.asynchttpclient.netty.channel.ChannelManager - Adding key: http://localhost:21508 for channel [id: 0x5ee68059, L:/127.0.0.1:56765 - R:localhost/127.0.0.1:21508]
18:04:27.413 [Forwarding sendKeysToElement on session 8a93b60a849e514585b62f5279dc6619 to remote] DEBUG org.asynchttpclient.netty.request.NettyRequestSender - Using pooled Channel '[id: 0x5ee68059, L:/127.0.0.1:56765 - R:localhost/127.0.0.1:21508]' for 'POST' to 'http://localhost:21508/session/8a93b60a849e514585b62f5279dc6619/element/8b80f970-8827-4885-9d51-19cd4f87cfcc/value'
18:04:27.413 [Forwarding sendKeysToElement on session 8a93b60a849e514585b62f5279dc6619 to remote] DEBUG org.asynchttpclient.netty.request.NettyRequestSender - Using open Channel [id: 0x5ee68059, L:/127.0.0.1:56765 - R:localhost/127.0.0.1:21508] for POST '/session/8a93b60a849e514585b62f5279dc6619/element/8b80f970-8827-4885-9d51-19cd4f87cfcc/value'
18:04:27.619 [AsyncHttpClient-1-2] DEBUG org.asynchttpclient.netty.handler.HttpHandler - 

Request DefaultHttpRequest(decodeResult: success, version: HTTP/1.1)
POST /session/8a93b60a849e514585b62f5279dc6619/element/8b80f970-8827-4885-9d51-19cd4f87cfcc/value HTTP/1.1
User-Agent: selenium/4.8.1 (java windows)
Content-Length: 261
Content-Type: application/json; charset=utf-8
host: localhost:21508
accept: */*

Response DefaultHttpResponse(decodeResult: success, version: HTTP/1.1)
HTTP/1.1 200 OK
Content-Length: 14
Content-Type: application/json; charset=utf-8
cache-control: no-cache

18:04:27.619 [AsyncHttpClient-1-2] DEBUG org.asynchttpclient.netty.channel.ChannelManager - Adding key: http://localhost:21508 for channel [id: 0x5ee68059, L:/127.0.0.1:56765 - R:localhost/127.0.0.1:21508]
18:04:27.626 [Forwarding getAlertText on session 8a93b60a849e514585b62f5279dc6619 to remote] DEBUG org.asynchttpclient.netty.request.NettyRequestSender - Using pooled Channel '[id: 0x5ee68059, L:/127.0.0.1:56765 - R:localhost/127.0.0.1:21508]' for 'GET' to 'http://localhost:21508/session/8a93b60a849e514585b62f5279dc6619/alert/text'
18:04:27.626 [Forwarding getAlertText on session 8a93b60a849e514585b62f5279dc6619 to remote] DEBUG org.asynchttpclient.netty.request.NettyRequestSender - Using open Channel [id: 0x5ee68059, L:/127.0.0.1:56765 - R:localhost/127.0.0.1:21508] for GET '/session/8a93b60a849e514585b62f5279dc6619/alert/text'
18:04:27.628 [AsyncHttpClient-1-2] DEBUG org.asynchttpclient.netty.handler.HttpHandler - 

Request DefaultFullHttpRequest(decodeResult: success, version: HTTP/1.1, content: EmptyByteBufBE)
GET /session/8a93b60a849e514585b62f5279dc6619/alert/text HTTP/1.1
User-Agent: selenium/4.8.1 (java windows)
Cache-Control: no-cache
Content-Type: application/json; charset=utf-8
host: localhost:21508
accept: */*

Response DefaultHttpResponse(decodeResult: success, version: HTTP/1.1)
HTTP/1.1 404 Not Found
Content-Length: 848
Content-Type: application/json; charset=utf-8
cache-control: no-cache

18:04:27.628 [AsyncHttpClient-1-2] DEBUG org.asynchttpclient.netty.channel.ChannelManager - Adding key: http://localhost:21508 for channel [id: 0x5ee68059, L:/127.0.0.1:56765 - R:localhost/127.0.0.1:21508]
18:04:27.630 [Forwarding getCurrentUrl on session 8a93b60a849e514585b62f5279dc6619 to remote] DEBUG org.asynchttpclient.netty.request.NettyRequestSender - Using pooled Channel '[id: 0x5ee68059, L:/127.0.0.1:56765 - R:localhost/127.0.0.1:21508]' for 'GET' to 'http://localhost:21508/session/8a93b60a849e514585b62f5279dc6619/url'
18:04:27.630 [Forwarding getCurrentUrl on session 8a93b60a849e514585b62f5279dc6619 to remote] DEBUG org.asynchttpclient.netty.request.NettyRequestSender - Using open Channel [id: 0x5ee68059, L:/127.0.0.1:56765 - R:localhost/127.0.0.1:21508] for GET '/session/8a93b60a849e514585b62f5279dc6619/url'
18:04:27.635 [AsyncHttpClient-1-2] DEBUG org.asynchttpclient.netty.handler.HttpHandler - 

Request DefaultFullHttpRequest(decodeResult: success, version: HTTP/1.1, content: EmptyByteBufBE)
GET /session/8a93b60a849e514585b62f5279dc6619/url HTTP/1.1
User-Agent: selenium/4.8.1 (java windows)
Cache-Control: no-cache
Content-Type: application/json; charset=utf-8
host: localhost:21508
accept: */*

Response DefaultHttpResponse(decodeResult: success, version: HTTP/1.1)
HTTP/1.1 200 OK
Content-Length: 54
Content-Type: application/json; charset=utf-8
cache-control: no-cache

18:04:27.635 [AsyncHttpClient-1-2] DEBUG org.asynchttpclient.netty.channel.ChannelManager - Adding key: http://localhost:21508 for channel [id: 0x5ee68059, L:/127.0.0.1:56765 - R:localhost/127.0.0.1:21508]
18:04:27.636 [Forwarding screenshot on session 8a93b60a849e514585b62f5279dc6619 to remote] DEBUG org.asynchttpclient.netty.request.NettyRequestSender - Using pooled Channel '[id: 0x5ee68059, L:/127.0.0.1:56765 - R:localhost/127.0.0.1:21508]' for 'GET' to 'http://localhost:21508/session/8a93b60a849e514585b62f5279dc6619/screenshot'
18:04:27.636 [Forwarding screenshot on session 8a93b60a849e514585b62f5279dc6619 to remote] DEBUG org.asynchttpclient.netty.request.NettyRequestSender - Using open Channel [id: 0x5ee68059, L:/127.0.0.1:56765 - R:localhost/127.0.0.1:21508] for GET '/session/8a93b60a849e514585b62f5279dc6619/screenshot'
18:04:27.754 [AsyncHttpClient-1-2] DEBUG org.asynchttpclient.netty.handler.HttpHandler - 

Request DefaultFullHttpRequest(decodeResult: success, version: HTTP/1.1, content: EmptyByteBufBE)
GET /session/8a93b60a849e514585b62f5279dc6619/screenshot HTTP/1.1
User-Agent: selenium/4.8.1 (java windows)
Cache-Control: no-cache
Content-Type: application/json; charset=utf-8
host: localhost:21508
accept: */*

Response DefaultHttpResponse(decodeResult: success, version: HTTP/1.1)
HTTP/1.1 200 OK
Content-Length: 32756
Content-Type: application/json; charset=utf-8
cache-control: no-cache

18:04:27.754 [AsyncHttpClient-1-2] DEBUG org.asynchttpclient.netty.channel.ChannelManager - Adding key: http://localhost:21508 for channel [id: 0x5ee68059, L:/127.0.0.1:56765 - R:localhost/127.0.0.1:21508]
18:04:27.755 [main] DEBUG net.serenitybdd.core.photography.Darkroom - Send negative for processing for target\site\serenity\b33b893e8a75d47a41abc3e4e5a794720ffd27f4c44e1823c7dba69954b86c0d.png
18:04:27.755 [main] DEBUG net.thucydides.core.steps.StepInterceptor - STEP DONE: user input full name
  &amp#27;[32mWhen &amp#27;[0m&amp#27;[32muser input full name&amp#27;[0m                     &amp#27;[90m# starter.stepdefinition.RegisterStep.userInputfullname()&amp#27;[0m
18:04:27.756 [Darkroom Processing Line] DEBUG net.serenitybdd.core.photography.DarkroomProcessingLine - Processing screenshot image in /var/screenshots/screenshot-3443707763077883582
18:04:27.756 [Darkroom Processing Line] DEBUG net.serenitybdd.core.photography.DarkroomProcessingLine - Saving screenshot to target\site\serenity\b33b893e8a75d47a41abc3e4e5a794720ffd27f4c44e1823c7dba69954b86c0d.png
18:04:27.764 [main] DEBUG net.thucydides.core.steps.StepInterceptor - STARTING STEP: RegisterStep.userInputEmail - user input email
18:04:27.766 [Forwarding findElement on session 8a93b60a849e514585b62f5279dc6619 to remote] DEBUG org.asynchttpclient.netty.request.NettyRequestSender - Using pooled Channel '[id: 0x5ee68059, L:/127.0.0.1:56765 - R:localhost/127.0.0.1:21508]' for 'POST' to 'http://localhost:21508/session/8a93b60a849e514585b62f5279dc6619/element'
18:04:27.766 [Forwarding findElement on session 8a93b60a849e514585b62f5279dc6619 to remote] DEBUG org.asynchttpclient.netty.request.NettyRequestSender - Using open Channel [id: 0x5ee68059, L:/127.0.0.1:56765 - R:localhost/127.0.0.1:21508] for POST '/session/8a93b60a849e514585b62f5279dc6619/element'
18:04:27.776 [AsyncHttpClient-1-2] DEBUG org.asynchttpclient.netty.handler.HttpHandler - 

Request DefaultHttpRequest(decodeResult: success, version: HTTP/1.1)
POST /session/8a93b60a849e514585b62f5279dc6619/element HTTP/1.1
User-Agent: selenium/4.8.1 (java windows)
Content-Length: 55
Content-Type: application/json; charset=utf-8
host: localhost:21508
accept: */*

Response DefaultHttpResponse(decodeResult: success, version: HTTP/1.1)
HTTP/1.1 200 OK
Content-Length: 88
Content-Type: application/json; charset=utf-8
cache-control: no-cache

18:04:27.776 [AsyncHttpClient-1-2] DEBUG org.asynchttpclient.netty.channel.ChannelManager - Adding key: http://localhost:21508 for channel [id: 0x5ee68059, L:/127.0.0.1:56765 - R:localhost/127.0.0.1:21508]
18:04:27.776 [Forwarding clearElement on session 8a93b60a849e514585b62f5279dc6619 to remote] DEBUG org.asynchttpclient.netty.request.NettyRequestSender - Using pooled Channel '[id: 0x5ee68059, L:/127.0.0.1:56765 - R:localhost/127.0.0.1:21508]' for 'POST' to 'http://localhost:21508/session/8a93b60a849e514585b62f5279dc6619/element/57d8747f-312b-4cb5-bae3-c45f7afff615/clear'
18:04:27.776 [Forwarding clearElement on session 8a93b60a849e514585b62f5279dc6619 to remote] DEBUG org.asynchttpclient.netty.request.NettyRequestSender - Using open Channel [id: 0x5ee68059, L:/127.0.0.1:56765 - R:localhost/127.0.0.1:21508] for POST '/session/8a93b60a849e514585b62f5279dc6619/element/57d8747f-312b-4cb5-bae3-c45f7afff615/clear'
18:04:27.808 [AsyncHttpClient-1-2] DEBUG org.asynchttpclient.netty.handler.HttpHandler - 

Request DefaultHttpRequest(decodeResult: success, version: HTTP/1.1)
POST /session/8a93b60a849e514585b62f5279dc6619/element/57d8747f-312b-4cb5-bae3-c45f7afff615/clear HTTP/1.1
User-Agent: selenium/4.8.1 (java windows)
Content-Length: 50
Content-Type: application/json; charset=utf-8
host: localhost:21508
accept: */*

Response DefaultHttpResponse(decodeResult: success, version: HTTP/1.1)
HTTP/1.1 200 OK
Content-Length: 14
Content-Type: application/json; charset=utf-8
cache-control: no-cache

18:04:27.808 [AsyncHttpClient-1-2] DEBUG org.asynchttpclient.netty.channel.ChannelManager - Adding key: http://localhost:21508 for channel [id: 0x5ee68059, L:/127.0.0.1:56765 - R:localhost/127.0.0.1:21508]
18:04:27.809 [Forwarding sendKeysToElement on session 8a93b60a849e514585b62f5279dc6619 to remote] DEBUG org.asynchttpclient.netty.request.NettyRequestSender - Using pooled Channel '[id: 0x5ee68059, L:/127.0.0.1:56765 - R:localhost/127.0.0.1:21508]' for 'POST' to 'http://localhost:21508/session/8a93b60a849e514585b62f5279dc6619/element/57d8747f-312b-4cb5-bae3-c45f7afff615/value'
18:04:27.809 [Forwarding sendKeysToElement on session 8a93b60a849e514585b62f5279dc6619 to remote] DEBUG org.asynchttpclient.netty.request.NettyRequestSender - Using open Channel [id: 0x5ee68059, L:/127.0.0.1:56765 - R:localhost/127.0.0.1:21508] for POST '/session/8a93b60a849e514585b62f5279dc6619/element/57d8747f-312b-4cb5-bae3-c45f7afff615/value'
18:04:27.935 [AsyncHttpClient-1-2] DEBUG org.asynchttpclient.netty.handler.HttpHandler - 

Request DefaultHttpRequest(decodeResult: success, version: HTTP/1.1)
POST /session/8a93b60a849e514585b62f5279dc6619/element/57d8747f-312b-4cb5-bae3-c45f7afff615/value HTTP/1.1
User-Agent: selenium/4.8.1 (java windows)
Content-Length: 271
Content-Type: application/json; charset=utf-8
host: localhost:21508
accept: */*

Response DefaultHttpResponse(decodeResult: success, version: HTTP/1.1)
HTTP/1.1 200 OK
Content-Length: 14
Content-Type: application/json; charset=utf-8
cache-control: no-cache

18:04:27.935 [AsyncHttpClient-1-2] DEBUG org.asynchttpclient.netty.channel.ChannelManager - Adding key: http://localhost:21508 for channel [id: 0x5ee68059, L:/127.0.0.1:56765 - R:localhost/127.0.0.1:21508]
18:04:27.940 [Forwarding getAlertText on session 8a93b60a849e514585b62f5279dc6619 to remote] DEBUG org.asynchttpclient.netty.request.NettyRequestSender - Using pooled Channel '[id: 0x5ee68059, L:/127.0.0.1:56765 - R:localhost/127.0.0.1:21508]' for 'GET' to 'http://localhost:21508/session/8a93b60a849e514585b62f5279dc6619/alert/text'
18:04:27.940 [Forwarding getAlertText on session 8a93b60a849e514585b62f5279dc6619 to remote] DEBUG org.asynchttpclient.netty.request.NettyRequestSender - Using open Channel [id: 0x5ee68059, L:/127.0.0.1:56765 - R:localhost/127.0.0.1:21508] for GET '/session/8a93b60a849e514585b62f5279dc6619/alert/text'
18:04:27.942 [AsyncHttpClient-1-2] DEBUG org.asynchttpclient.netty.handler.HttpHandler - 

Request DefaultFullHttpRequest(decodeResult: success, version: HTTP/1.1, content: EmptyByteBufBE)
GET /session/8a93b60a849e514585b62f5279dc6619/alert/text HTTP/1.1
User-Agent: selenium/4.8.1 (java windows)
Cache-Control: no-cache
Content-Type: application/json; charset=utf-8
host: localhost:21508
accept: */*

Response DefaultHttpResponse(decodeResult: success, version: HTTP/1.1)
HTTP/1.1 404 Not Found
Content-Length: 848
Content-Type: application/json; charset=utf-8
cache-control: no-cache

18:04:27.942 [AsyncHttpClient-1-2] DEBUG org.asynchttpclient.netty.channel.ChannelManager - Adding key: http://localhost:21508 for channel [id: 0x5ee68059, L:/127.0.0.1:56765 - R:localhost/127.0.0.1:21508]
18:04:27.943 [Forwarding getCurrentUrl on session 8a93b60a849e514585b62f5279dc6619 to remote] DEBUG org.asynchttpclient.netty.request.NettyRequestSender - Using pooled Channel '[id: 0x5ee68059, L:/127.0.0.1:56765 - R:localhost/127.0.0.1:21508]' for 'GET' to 'http://localhost:21508/session/8a93b60a849e514585b62f5279dc6619/url'
18:04:27.943 [Forwarding getCurrentUrl on session 8a93b60a849e514585b62f5279dc6619 to remote] DEBUG org.asynchttpclient.netty.request.NettyRequestSender - Using open Channel [id: 0x5ee68059, L:/127.0.0.1:56765 - R:localhost/127.0.0.1:21508] for GET '/session/8a93b60a849e514585b62f5279dc6619/url'
18:04:27.946 [AsyncHttpClient-1-2] DEBUG org.asynchttpclient.netty.handler.HttpHandler - 

Request DefaultFullHttpRequest(decodeResult: success, version: HTTP/1.1, content: EmptyByteBufBE)
GET /session/8a93b60a849e514585b62f5279dc6619/url HTTP/1.1
User-Agent: selenium/4.8.1 (java windows)
Cache-Control: no-cache
Content-Type: application/json; charset=utf-8
host: localhost:21508
accept: */*

Response DefaultHttpResponse(decodeResult: success, version: HTTP/1.1)
HTTP/1.1 200 OK
Content-Length: 54
Content-Type: application/json; charset=utf-8
cache-control: no-cache

18:04:27.946 [AsyncHttpClient-1-2] DEBUG org.asynchttpclient.netty.channel.ChannelManager - Adding key: http://localhost:21508 for channel [id: 0x5ee68059, L:/127.0.0.1:56765 - R:localhost/127.0.0.1:21508]
18:04:27.947 [Forwarding screenshot on session 8a93b60a849e514585b62f5279dc6619 to remote] DEBUG org.asynchttpclient.netty.request.NettyRequestSender - Using pooled Channel '[id: 0x5ee68059, L:/127.0.0.1:56765 - R:localhost/127.0.0.1:21508]' for 'GET' to 'http://localhost:21508/session/8a93b60a849e514585b62f5279dc6619/screenshot'
18:04:27.947 [Forwarding screenshot on session 8a93b60a849e514585b62f5279dc6619 to remote] DEBUG org.asynchttpclient.netty.request.NettyRequestSender - Using open Channel [id: 0x5ee68059, L:/127.0.0.1:56765 - R:localhost/127.0.0.1:21508] for GET '/session/8a93b60a849e514585b62f5279dc6619/screenshot'
18:04:28.070 [AsyncHttpClient-1-2] DEBUG org.asynchttpclient.netty.handler.HttpHandler - 

Request DefaultFullHttpRequest(decodeResult: success, version: HTTP/1.1, content: EmptyByteBufBE)
GET /session/8a93b60a849e514585b62f5279dc6619/screenshot HTTP/1.1
User-Agent: selenium/4.8.1 (java windows)
Cache-Control: no-cache
Content-Type: application/json; charset=utf-8
host: localhost:21508
accept: */*

Response DefaultHttpResponse(decodeResult: success, version: HTTP/1.1)
HTTP/1.1 200 OK
Content-Length: 36972
Content-Type: application/json; charset=utf-8
cache-control: no-cache

18:04:28.071 [AsyncHttpClient-1-2] DEBUG org.asynchttpclient.netty.channel.ChannelManager - Adding key: http://localhost:21508 for channel [id: 0x5ee68059, L:/127.0.0.1:56765 - R:localhost/127.0.0.1:21508]
18:04:28.072 [main] DEBUG net.serenitybdd.core.photography.Darkroom - Send negative for processing for target\site\serenity\c47bb550d8d9cca5494c8a9cb4d13996b3ec670e7319b2fab80261c1f6da255e.png
18:04:28.073 [main] DEBUG net.thucydides.core.steps.StepInterceptor - STEP DONE: user input email
  &amp#27;[32mAnd &amp#27;[0m&amp#27;[32muser input email&amp#27;[0m                          &amp#27;[90m# starter.stepdefinition.RegisterStep.userInputEmail()&amp#27;[0m
18:04:28.073 [Darkroom Processing Line] DEBUG net.serenitybdd.core.photography.DarkroomProcessingLine - Processing screenshot image in /var/screenshots/screenshot-4755048624662587891
18:04:28.073 [Darkroom Processing Line] DEBUG net.serenitybdd.core.photography.DarkroomProcessingLine - Saving screenshot to target\site\serenity\c47bb550d8d9cca5494c8a9cb4d13996b3ec670e7319b2fab80261c1f6da255e.png
18:04:28.081 [main] DEBUG net.thucydides.core.steps.StepInterceptor - STARTING STEP: RegisterStep.userInputPassword - user input password
18:04:28.084 [Forwarding findElement on session 8a93b60a849e514585b62f5279dc6619 to remote] DEBUG org.asynchttpclient.netty.request.NettyRequestSender - Using pooled Channel '[id: 0x5ee68059, L:/127.0.0.1:56765 - R:localhost/127.0.0.1:21508]' for 'POST' to 'http://localhost:21508/session/8a93b60a849e514585b62f5279dc6619/element'
18:04:28.084 [Forwarding findElement on session 8a93b60a849e514585b62f5279dc6619 to remote] DEBUG org.asynchttpclient.netty.request.NettyRequestSender - Using open Channel [id: 0x5ee68059, L:/127.0.0.1:56765 - R:localhost/127.0.0.1:21508] for POST '/session/8a93b60a849e514585b62f5279dc6619/element'
18:04:28.094 [AsyncHttpClient-1-2] DEBUG org.asynchttpclient.netty.handler.HttpHandler - 

Request DefaultHttpRequest(decodeResult: success, version: HTTP/1.1)
POST /session/8a93b60a849e514585b62f5279dc6619/element HTTP/1.1
User-Agent: selenium/4.8.1 (java windows)
Content-Length: 55
Content-Type: application/json; charset=utf-8
host: localhost:21508
accept: */*

Response DefaultHttpResponse(decodeResult: success, version: HTTP/1.1)
HTTP/1.1 200 OK
Content-Length: 88
Content-Type: application/json; charset=utf-8
cache-control: no-cache

18:04:28.094 [AsyncHttpClient-1-2] DEBUG org.asynchttpclient.netty.channel.ChannelManager - Adding key: http://localhost:21508 for channel [id: 0x5ee68059, L:/127.0.0.1:56765 - R:localhost/127.0.0.1:21508]
18:04:28.094 [Forwarding clearElement on session 8a93b60a849e514585b62f5279dc6619 to remote] DEBUG org.asynchttpclient.netty.request.NettyRequestSender - Using pooled Channel '[id: 0x5ee68059, L:/127.0.0.1:56765 - R:localhost/127.0.0.1:21508]' for 'POST' to 'http://localhost:21508/session/8a93b60a849e514585b62f5279dc6619/element/4492b102-5fd4-457d-bdfb-be0519cc6bc9/clear'
18:04:28.094 [Forwarding clearElement on session 8a93b60a849e514585b62f5279dc6619 to remote] DEBUG org.asynchttpclient.netty.request.NettyRequestSender - Using open Channel [id: 0x5ee68059, L:/127.0.0.1:56765 - R:localhost/127.0.0.1:21508] for POST '/session/8a93b60a849e514585b62f5279dc6619/element/4492b102-5fd4-457d-bdfb-be0519cc6bc9/clear'
18:04:28.126 [AsyncHttpClient-1-2] DEBUG org.asynchttpclient.netty.handler.HttpHandler - 

Request DefaultHttpRequest(decodeResult: success, version: HTTP/1.1)
POST /session/8a93b60a849e514585b62f5279dc6619/element/4492b102-5fd4-457d-bdfb-be0519cc6bc9/clear HTTP/1.1
User-Agent: selenium/4.8.1 (java windows)
Content-Length: 50
Content-Type: application/json; charset=utf-8
host: localhost:21508
accept: */*

Response DefaultHttpResponse(decodeResult: success, version: HTTP/1.1)
HTTP/1.1 200 OK
Content-Length: 14
Content-Type: application/json; charset=utf-8
cache-control: no-cache

18:04:28.126 [AsyncHttpClient-1-2] DEBUG org.asynchttpclient.netty.channel.ChannelManager - Adding key: http://localhost:21508 for channel [id: 0x5ee68059, L:/127.0.0.1:56765 - R:localhost/127.0.0.1:21508]
18:04:28.127 [Forwarding sendKeysToElement on session 8a93b60a849e514585b62f5279dc6619 to remote] DEBUG org.asynchttpclient.netty.request.NettyRequestSender - Using pooled Channel '[id: 0x5ee68059, L:/127.0.0.1:56765 - R:localhost/127.0.0.1:21508]' for 'POST' to 'http://localhost:21508/session/8a93b60a849e514585b62f5279dc6619/element/4492b102-5fd4-457d-bdfb-be0519cc6bc9/value'
18:04:28.127 [Forwarding sendKeysToElement on session 8a93b60a849e514585b62f5279dc6619 to remote] DEBUG org.asynchttpclient.netty.request.NettyRequestSender - Using open Channel [id: 0x5ee68059, L:/127.0.0.1:56765 - R:localhost/127.0.0.1:21508] for POST '/session/8a93b60a849e514585b62f5279dc6619/element/4492b102-5fd4-457d-bdfb-be0519cc6bc9/value'
18:04:28.201 [AsyncHttpClient-1-2] DEBUG org.asynchttpclient.netty.handler.HttpHandler - 

Request DefaultHttpRequest(decodeResult: success, version: HTTP/1.1)
POST /session/8a93b60a849e514585b62f5279dc6619/element/4492b102-5fd4-457d-bdfb-be0519cc6bc9/value HTTP/1.1
User-Agent: selenium/4.8.1 (java windows)
Content-Length: 161
Content-Type: application/json; charset=utf-8
host: localhost:21508
accept: */*

Response DefaultHttpResponse(decodeResult: success, version: HTTP/1.1)
HTTP/1.1 200 OK
Content-Length: 14
Content-Type: application/json; charset=utf-8
cache-control: no-cache

18:04:28.201 [AsyncHttpClient-1-2] DEBUG org.asynchttpclient.netty.channel.ChannelManager - Adding key: http://localhost:21508 for channel [id: 0x5ee68059, L:/127.0.0.1:56765 - R:localhost/127.0.0.1:21508]
18:04:28.209 [Forwarding getAlertText on session 8a93b60a849e514585b62f5279dc6619 to remote] DEBUG org.asynchttpclient.netty.request.NettyRequestSender - Using pooled Channel '[id: 0x5ee68059, L:/127.0.0.1:56765 - R:localhost/127.0.0.1:21508]' for 'GET' to 'http://localhost:21508/session/8a93b60a849e514585b62f5279dc6619/alert/text'
18:04:28.209 [Forwarding getAlertText on session 8a93b60a849e514585b62f5279dc6619 to remote] DEBUG org.asynchttpclient.netty.request.NettyRequestSender - Using open Channel [id: 0x5ee68059, L:/127.0.0.1:56765 - R:localhost/127.0.0.1:21508] for GET '/session/8a93b60a849e514585b62f5279dc6619/alert/text'
18:04:28.210 [AsyncHttpClient-1-2] DEBUG org.asynchttpclient.netty.handler.HttpHandler - 

Request DefaultFullHttpRequest(decodeResult: success, version: HTTP/1.1, content: EmptyByteBufBE)
GET /session/8a93b60a849e514585b62f5279dc6619/alert/text HTTP/1.1
User-Agent: selenium/4.8.1 (java windows)
Cache-Control: no-cache
Content-Type: application/json; charset=utf-8
host: localhost:21508
accept: */*

Response DefaultHttpResponse(decodeResult: success, version: HTTP/1.1)
HTTP/1.1 404 Not Found
Content-Length: 848
Content-Type: application/json; charset=utf-8
cache-control: no-cache

18:04:28.210 [AsyncHttpClient-1-2] DEBUG org.asynchttpclient.netty.channel.ChannelManager - Adding key: http://localhost:21508 for channel [id: 0x5ee68059, L:/127.0.0.1:56765 - R:localhost/127.0.0.1:21508]
18:04:28.211 [Forwarding getCurrentUrl on session 8a93b60a849e514585b62f5279dc6619 to remote] DEBUG org.asynchttpclient.netty.request.NettyRequestSender - Using pooled Channel '[id: 0x5ee68059, L:/127.0.0.1:56765 - R:localhost/127.0.0.1:21508]' for 'GET' to 'http://localhost:21508/session/8a93b60a849e514585b62f5279dc6619/url'
18:04:28.211 [Forwarding getCurrentUrl on session 8a93b60a849e514585b62f5279dc6619 to remote] DEBUG org.asynchttpclient.netty.request.NettyRequestSender - Using open Channel [id: 0x5ee68059, L:/127.0.0.1:56765 - R:localhost/127.0.0.1:21508] for GET '/session/8a93b60a849e514585b62f5279dc6619/url'
18:04:28.217 [AsyncHttpClient-1-2] DEBUG org.asynchttpclient.netty.handler.HttpHandler - 

Request DefaultFullHttpRequest(decodeResult: success, version: HTTP/1.1, content: EmptyByteBufBE)
GET /session/8a93b60a849e514585b62f5279dc6619/url HTTP/1.1
User-Agent: selenium/4.8.1 (java windows)
Cache-Control: no-cache
Content-Type: application/json; charset=utf-8
host: localhost:21508
accept: */*

Response DefaultHttpResponse(decodeResult: success, version: HTTP/1.1)
HTTP/1.1 200 OK
Content-Length: 54
Content-Type: application/json; charset=utf-8
cache-control: no-cache

18:04:28.217 [AsyncHttpClient-1-2] DEBUG org.asynchttpclient.netty.channel.ChannelManager - Adding key: http://localhost:21508 for channel [id: 0x5ee68059, L:/127.0.0.1:56765 - R:localhost/127.0.0.1:21508]
18:04:28.217 [Forwarding screenshot on session 8a93b60a849e514585b62f5279dc6619 to remote] DEBUG org.asynchttpclient.netty.request.NettyRequestSender - Using pooled Channel '[id: 0x5ee68059, L:/127.0.0.1:56765 - R:localhost/127.0.0.1:21508]' for 'GET' to 'http://localhost:21508/session/8a93b60a849e514585b62f5279dc6619/screenshot'
18:04:28.217 [Forwarding screenshot on session 8a93b60a849e514585b62f5279dc6619 to remote] DEBUG org.asynchttpclient.netty.request.NettyRequestSender - Using open Channel [id: 0x5ee68059, L:/127.0.0.1:56765 - R:localhost/127.0.0.1:21508] for GET '/session/8a93b60a849e514585b62f5279dc6619/screenshot'
18:04:28.247 [AsyncHttpClient-1-1] DEBUG org.asynchttpclient.netty.channel.DefaultChannelPool - Entry count for : http://localhost:56766 : 1
18:04:28.319 [AsyncHttpClient-1-2] DEBUG org.asynchttpclient.netty.handler.HttpHandler - 

Request DefaultFullHttpRequest(decodeResult: success, version: HTTP/1.1, content: EmptyByteBufBE)
GET /session/8a93b60a849e514585b62f5279dc6619/screenshot HTTP/1.1
User-Agent: selenium/4.8.1 (java windows)
Cache-Control: no-cache
Content-Type: application/json; charset=utf-8
host: localhost:21508
accept: */*

Response DefaultHttpResponse(decodeResult: success, version: HTTP/1.1)
HTTP/1.1 200 OK
Content-Length: 38556
Content-Type: application/json; charset=utf-8
cache-control: no-cache

18:04:28.320 [AsyncHttpClient-1-2] DEBUG org.asynchttpclient.netty.channel.ChannelManager - Adding key: http://localhost:21508 for channel [id: 0x5ee68059, L:/127.0.0.1:56765 - R:localhost/127.0.0.1:21508]
18:04:28.321 [main] DEBUG net.serenitybdd.core.photography.Darkroom - Send negative for processing for target\site\serenity\c80dba056de3572f63010b404f69ee6825368125549fcfdcc67e2a936767b111.png
18:04:28.321 [main] DEBUG net.thucydides.core.steps.StepInterceptor - STEP DONE: user input password
  &amp#27;[32mAnd &amp#27;[0m&amp#27;[32muser input password&amp#27;[0m                       &amp#27;[90m# starter.stepdefinition.RegisterStep.userInputPassword()&amp#27;[0m
18:04:28.322 [Darkroom Processing Line] DEBUG net.serenitybdd.core.photography.DarkroomProcessingLine - Processing screenshot image in /var/screenshots/screenshot-2134801943057455673
18:04:28.322 [Darkroom Processing Line] DEBUG net.serenitybdd.core.photography.DarkroomProcessingLine - Saving screenshot to target\site\serenity\c80dba056de3572f63010b404f69ee6825368125549fcfdcc67e2a936767b111.png
18:04:28.330 [main] DEBUG net.thucydides.core.steps.StepInterceptor - STARTING STEP: RegisterStep.userClickButtonRegister - user click button register
18:04:28.333 [Forwarding findElement on session 8a93b60a849e514585b62f5279dc6619 to remote] DEBUG org.asynchttpclient.netty.request.NettyRequestSender - Using pooled Channel '[id: 0x5ee68059, L:/127.0.0.1:56765 - R:localhost/127.0.0.1:21508]' for 'POST' to 'http://localhost:21508/session/8a93b60a849e514585b62f5279dc6619/element'
18:04:28.333 [Forwarding findElement on session 8a93b60a849e514585b62f5279dc6619 to remote] DEBUG org.asynchttpclient.netty.request.NettyRequestSender - Using open Channel [id: 0x5ee68059, L:/127.0.0.1:56765 - R:localhost/127.0.0.1:21508] for POST '/session/8a93b60a849e514585b62f5279dc6619/element'
18:04:28.343 [AsyncHttpClient-1-2] DEBUG org.asynchttpclient.netty.handler.HttpHandler - 

Request DefaultHttpRequest(decodeResult: success, version: HTTP/1.1)
POST /session/8a93b60a849e514585b62f5279dc6619/element HTTP/1.1
User-Agent: selenium/4.8.1 (java windows)
Content-Length: 141
Content-Type: application/json; charset=utf-8
host: localhost:21508
accept: */*

Response DefaultHttpResponse(decodeResult: success, version: HTTP/1.1)
HTTP/1.1 200 OK
Content-Length: 88
Content-Type: application/json; charset=utf-8
cache-control: no-cache

18:04:28.343 [AsyncHttpClient-1-2] DEBUG org.asynchttpclient.netty.channel.ChannelManager - Adding key: http://localhost:21508 for channel [id: 0x5ee68059, L:/127.0.0.1:56765 - R:localhost/127.0.0.1:21508]
18:04:28.344 [Forwarding getElementTagName on session 8a93b60a849e514585b62f5279dc6619 to remote] DEBUG org.asynchttpclient.netty.request.NettyRequestSender - Using pooled Channel '[id: 0x5ee68059, L:/127.0.0.1:56765 - R:localhost/127.0.0.1:21508]' for 'GET' to 'http://localhost:21508/session/8a93b60a849e514585b62f5279dc6619/element/42effd89-a080-4f08-ad54-e44c78d0bcd2/name'
18:04:28.344 [Forwarding getElementTagName on session 8a93b60a849e514585b62f5279dc6619 to remote] DEBUG org.asynchttpclient.netty.request.NettyRequestSender - Using open Channel [id: 0x5ee68059, L:/127.0.0.1:56765 - R:localhost/127.0.0.1:21508] for GET '/session/8a93b60a849e514585b62f5279dc6619/element/42effd89-a080-4f08-ad54-e44c78d0bcd2/name'
18:04:28.350 [AsyncHttpClient-1-2] DEBUG org.asynchttpclient.netty.handler.HttpHandler - 

Request DefaultFullHttpRequest(decodeResult: success, version: HTTP/1.1, content: EmptyByteBufBE)
GET /session/8a93b60a849e514585b62f5279dc6619/element/42effd89-a080-4f08-ad54-e44c78d0bcd2/name HTTP/1.1
User-Agent: selenium/4.8.1 (java windows)
Cache-Control: no-cache
Content-Type: application/json; charset=utf-8
host: localhost:21508
accept: */*

Response DefaultHttpResponse(decodeResult: success, version: HTTP/1.1)
HTTP/1.1 200 OK
Content-Length: 18
Content-Type: application/json; charset=utf-8
cache-control: no-cache

18:04:28.350 [AsyncHttpClient-1-2] DEBUG org.asynchttpclient.netty.channel.ChannelManager - Adding key: http://localhost:21508 for channel [id: 0x5ee68059, L:/127.0.0.1:56765 - R:localhost/127.0.0.1:21508]
18:04:28.351 [Forwarding getElementTagName on session 8a93b60a849e514585b62f5279dc6619 to remote] DEBUG org.asynchttpclient.netty.request.NettyRequestSender - Using pooled Channel '[id: 0x5ee68059, L:/127.0.0.1:56765 - R:localhost/127.0.0.1:21508]' for 'GET' to 'http://localhost:21508/session/8a93b60a849e514585b62f5279dc6619/element/42effd89-a080-4f08-ad54-e44c78d0bcd2/name'
18:04:28.351 [Forwarding getElementTagName on session 8a93b60a849e514585b62f5279dc6619 to remote] DEBUG org.asynchttpclient.netty.request.NettyRequestSender - Using open Channel [id: 0x5ee68059, L:/127.0.0.1:56765 - R:localhost/127.0.0.1:21508] for GET '/session/8a93b60a849e514585b62f5279dc6619/element/42effd89-a080-4f08-ad54-e44c78d0bcd2/name'
18:04:28.355 [AsyncHttpClient-1-2] DEBUG org.asynchttpclient.netty.handler.HttpHandler - 

Request DefaultFullHttpRequest(decodeResult: success, version: HTTP/1.1, content: EmptyByteBufBE)
GET /session/8a93b60a849e514585b62f5279dc6619/element/42effd89-a080-4f08-ad54-e44c78d0bcd2/name HTTP/1.1
User-Agent: selenium/4.8.1 (java windows)
Cache-Control: no-cache
Content-Type: application/json; charset=utf-8
host: localhost:21508
accept: */*

Response DefaultHttpResponse(decodeResult: success, version: HTTP/1.1)
HTTP/1.1 200 OK
Content-Length: 18
Content-Type: application/json; charset=utf-8
cache-control: no-cache

18:04:28.355 [AsyncHttpClient-1-2] DEBUG org.asynchttpclient.netty.channel.ChannelManager - Adding key: http://localhost:21508 for channel [id: 0x5ee68059, L:/127.0.0.1:56765 - R:localhost/127.0.0.1:21508]
18:04:28.356 [Forwarding isElementEnabled on session 8a93b60a849e514585b62f5279dc6619 to remote] DEBUG org.asynchttpclient.netty.request.NettyRequestSender - Using pooled Channel '[id: 0x5ee68059, L:/127.0.0.1:56765 - R:localhost/127.0.0.1:21508]' for 'GET' to 'http://localhost:21508/session/8a93b60a849e514585b62f5279dc6619/element/42effd89-a080-4f08-ad54-e44c78d0bcd2/enabled'
18:04:28.356 [Forwarding isElementEnabled on session 8a93b60a849e514585b62f5279dc6619 to remote] DEBUG org.asynchttpclient.netty.request.NettyRequestSender - Using open Channel [id: 0x5ee68059, L:/127.0.0.1:56765 - R:localhost/127.0.0.1:21508] for GET '/session/8a93b60a849e514585b62f5279dc6619/element/42effd89-a080-4f08-ad54-e44c78d0bcd2/enabled'
18:04:28.366 [AsyncHttpClient-1-2] DEBUG org.asynchttpclient.netty.handler.HttpHandler - 

Request DefaultFullHttpRequest(decodeResult: success, version: HTTP/1.1, content: EmptyByteBufBE)
GET /session/8a93b60a849e514585b62f5279dc6619/element/42effd89-a080-4f08-ad54-e44c78d0bcd2/enabled HTTP/1.1
User-Agent: selenium/4.8.1 (java windows)
Cache-Control: no-cache
Content-Type: application/json; charset=utf-8
host: localhost:21508
accept: */*

Response DefaultHttpResponse(decodeResult: success, version: HTTP/1.1)
HTTP/1.1 200 OK
Content-Length: 14
Content-Type: application/json; charset=utf-8
cache-control: no-cache

18:04:28.366 [AsyncHttpClient-1-2] DEBUG org.asynchttpclient.netty.channel.ChannelManager - Adding key: http://localhost:21508 for channel [id: 0x5ee68059, L:/127.0.0.1:56765 - R:localhost/127.0.0.1:21508]
18:04:28.367 [Forwarding isElementEnabled on session 8a93b60a849e514585b62f5279dc6619 to remote] DEBUG org.asynchttpclient.netty.request.NettyRequestSender - Using pooled Channel '[id: 0x5ee68059, L:/127.0.0.1:56765 - R:localhost/127.0.0.1:21508]' for 'GET' to 'http://localhost:21508/session/8a93b60a849e514585b62f5279dc6619/element/42effd89-a080-4f08-ad54-e44c78d0bcd2/enabled'
18:04:28.367 [Forwarding isElementEnabled on session 8a93b60a849e514585b62f5279dc6619 to remote] DEBUG org.asynchttpclient.netty.request.NettyRequestSender - Using open Channel [id: 0x5ee68059, L:/127.0.0.1:56765 - R:localhost/127.0.0.1:21508] for GET '/session/8a93b60a849e514585b62f5279dc6619/element/42effd89-a080-4f08-ad54-e44c78d0bcd2/enabled'
18:04:28.373 [AsyncHttpClient-1-2] DEBUG org.asynchttpclient.netty.handler.HttpHandler - 

Request DefaultFullHttpRequest(decodeResult: success, version: HTTP/1.1, content: EmptyByteBufBE)
GET /session/8a93b60a849e514585b62f5279dc6619/element/42effd89-a080-4f08-ad54-e44c78d0bcd2/enabled HTTP/1.1
User-Agent: selenium/4.8.1 (java windows)
Cache-Control: no-cache
Content-Type: application/json; charset=utf-8
host: localhost:21508
accept: */*

Response DefaultHttpResponse(decodeResult: success, version: HTTP/1.1)
HTTP/1.1 200 OK
Content-Length: 14
Content-Type: application/json; charset=utf-8
cache-control: no-cache

18:04:28.373 [AsyncHttpClient-1-2] DEBUG org.asynchttpclient.netty.channel.ChannelManager - Adding key: http://localhost:21508 for channel [id: 0x5ee68059, L:/127.0.0.1:56765 - R:localhost/127.0.0.1:21508]
18:04:28.374 [Forwarding findElement on session 8a93b60a849e514585b62f5279dc6619 to remote] DEBUG org.asynchttpclient.netty.request.NettyRequestSender - Using pooled Channel '[id: 0x5ee68059, L:/127.0.0.1:56765 - R:localhost/127.0.0.1:21508]' for 'POST' to 'http://localhost:21508/session/8a93b60a849e514585b62f5279dc6619/element'
18:04:28.375 [Forwarding findElement on session 8a93b60a849e514585b62f5279dc6619 to remote] DEBUG org.asynchttpclient.netty.request.NettyRequestSender - Using open Channel [id: 0x5ee68059, L:/127.0.0.1:56765 - R:localhost/127.0.0.1:21508] for POST '/session/8a93b60a849e514585b62f5279dc6619/element'
18:04:28.384 [AsyncHttpClient-1-2] DEBUG org.asynchttpclient.netty.handler.HttpHandler - 

Request DefaultHttpRequest(decodeResult: success, version: HTTP/1.1)
POST /session/8a93b60a849e514585b62f5279dc6619/element HTTP/1.1
User-Agent: selenium/4.8.1 (java windows)
Content-Length: 141
Content-Type: application/json; charset=utf-8
host: localhost:21508
accept: */*

Response DefaultHttpResponse(decodeResult: success, version: HTTP/1.1)
HTTP/1.1 200 OK
Content-Length: 88
Content-Type: application/json; charset=utf-8
cache-control: no-cache

18:04:28.384 [AsyncHttpClient-1-2] DEBUG org.asynchttpclient.netty.channel.ChannelManager - Adding key: http://localhost:21508 for channel [id: 0x5ee68059, L:/127.0.0.1:56765 - R:localhost/127.0.0.1:21508]
18:04:28.384 [Forwarding clickElement on session 8a93b60a849e514585b62f5279dc6619 to remote] DEBUG org.asynchttpclient.netty.request.NettyRequestSender - Using pooled Channel '[id: 0x5ee68059, L:/127.0.0.1:56765 - R:localhost/127.0.0.1:21508]' for 'POST' to 'http://localhost:21508/session/8a93b60a849e514585b62f5279dc6619/element/42effd89-a080-4f08-ad54-e44c78d0bcd2/click'
18:04:28.384 [Forwarding clickElement on session 8a93b60a849e514585b62f5279dc6619 to remote] DEBUG org.asynchttpclient.netty.request.NettyRequestSender - Using open Channel [id: 0x5ee68059, L:/127.0.0.1:56765 - R:localhost/127.0.0.1:21508] for POST '/session/8a93b60a849e514585b62f5279dc6619/element/42effd89-a080-4f08-ad54-e44c78d0bcd2/click'
18:04:28.427 [AsyncHttpClient-1-2] DEBUG org.asynchttpclient.netty.handler.HttpHandler - 

Request DefaultHttpRequest(decodeResult: success, version: HTTP/1.1)
POST /session/8a93b60a849e514585b62f5279dc6619/element/42effd89-a080-4f08-ad54-e44c78d0bcd2/click HTTP/1.1
User-Agent: selenium/4.8.1 (java windows)
Content-Length: 50
Content-Type: application/json; charset=utf-8
host: localhost:21508
accept: */*

Response DefaultHttpResponse(decodeResult: success, version: HTTP/1.1)
HTTP/1.1 200 OK
Content-Length: 14
Content-Type: application/json; charset=utf-8
cache-control: no-cache

18:04:28.427 [AsyncHttpClient-1-2] DEBUG org.asynchttpclient.netty.channel.ChannelManager - Adding key: http://localhost:21508 for channel [id: 0x5ee68059, L:/127.0.0.1:56765 - R:localhost/127.0.0.1:21508]
18:04:28.433 [Forwarding getAlertText on session 8a93b60a849e514585b62f5279dc6619 to remote] DEBUG org.asynchttpclient.netty.request.NettyRequestSender - Using pooled Channel '[id: 0x5ee68059, L:/127.0.0.1:56765 - R:localhost/127.0.0.1:21508]' for 'GET' to 'http://localhost:21508/session/8a93b60a849e514585b62f5279dc6619/alert/text'
18:04:28.433 [Forwarding getAlertText on session 8a93b60a849e514585b62f5279dc6619 to remote] DEBUG org.asynchttpclient.netty.request.NettyRequestSender - Using open Channel [id: 0x5ee68059, L:/127.0.0.1:56765 - R:localhost/127.0.0.1:21508] for GET '/session/8a93b60a849e514585b62f5279dc6619/alert/text'
18:04:28.435 [AsyncHttpClient-1-2] DEBUG org.asynchttpclient.netty.handler.HttpHandler - 

Request DefaultFullHttpRequest(decodeResult: success, version: HTTP/1.1, content: EmptyByteBufBE)
GET /session/8a93b60a849e514585b62f5279dc6619/alert/text HTTP/1.1
User-Agent: selenium/4.8.1 (java windows)
Cache-Control: no-cache
Content-Type: application/json; charset=utf-8
host: localhost:21508
accept: */*

Response DefaultHttpResponse(decodeResult: success, version: HTTP/1.1)
HTTP/1.1 404 Not Found
Content-Length: 848
Content-Type: application/json; charset=utf-8
cache-control: no-cache

18:04:28.435 [AsyncHttpClient-1-2] DEBUG org.asynchttpclient.netty.channel.ChannelManager - Adding key: http://localhost:21508 for channel [id: 0x5ee68059, L:/127.0.0.1:56765 - R:localhost/127.0.0.1:21508]
18:04:28.435 [Forwarding getCurrentUrl on session 8a93b60a849e514585b62f5279dc6619 to remote] DEBUG org.asynchttpclient.netty.request.NettyRequestSender - Using pooled Channel '[id: 0x5ee68059, L:/127.0.0.1:56765 - R:localhost/127.0.0.1:21508]' for 'GET' to 'http://localhost:21508/session/8a93b60a849e514585b62f5279dc6619/url'
18:04:28.435 [Forwarding getCurrentUrl on session 8a93b60a849e514585b62f5279dc6619 to remote] DEBUG org.asynchttpclient.netty.request.NettyRequestSender - Using open Channel [id: 0x5ee68059, L:/127.0.0.1:56765 - R:localhost/127.0.0.1:21508] for GET '/session/8a93b60a849e514585b62f5279dc6619/url'
18:04:28.439 [AsyncHttpClient-1-2] DEBUG org.asynchttpclient.netty.handler.HttpHandler - 

Request DefaultFullHttpRequest(decodeResult: success, version: HTTP/1.1, content: EmptyByteBufBE)
GET /session/8a93b60a849e514585b62f5279dc6619/url HTTP/1.1
User-Agent: selenium/4.8.1 (java windows)
Cache-Control: no-cache
Content-Type: application/json; charset=utf-8
host: localhost:21508
accept: */*

Response DefaultHttpResponse(decodeResult: success, version: HTTP/1.1)
HTTP/1.1 200 OK
Content-Length: 54
Content-Type: application/json; charset=utf-8
cache-control: no-cache

18:04:28.439 [AsyncHttpClient-1-2] DEBUG org.asynchttpclient.netty.channel.ChannelManager - Adding key: http://localhost:21508 for channel [id: 0x5ee68059, L:/127.0.0.1:56765 - R:localhost/127.0.0.1:21508]
18:04:28.439 [Forwarding screenshot on session 8a93b60a849e514585b62f5279dc6619 to remote] DEBUG org.asynchttpclient.netty.request.NettyRequestSender - Using pooled Channel '[id: 0x5ee68059, L:/127.0.0.1:56765 - R:localhost/127.0.0.1:21508]' for 'GET' to 'http://localhost:21508/session/8a93b60a849e514585b62f5279dc6619/screenshot'
18:04:28.439 [Forwarding screenshot on session 8a93b60a849e514585b62f5279dc6619 to remote] DEBUG org.asynchttpclient.netty.request.NettyRequestSender - Using open Channel [id: 0x5ee68059, L:/127.0.0.1:56765 - R:localhost/127.0.0.1:21508] for GET '/session/8a93b60a849e514585b62f5279dc6619/screenshot'
18:04:28.535 [AsyncHttpClient-1-2] DEBUG org.asynchttpclient.netty.handler.HttpHandler - 

Request DefaultFullHttpRequest(decodeResult: success, version: HTTP/1.1, content: EmptyByteBufBE)
GET /session/8a93b60a849e514585b62f5279dc6619/screenshot HTTP/1.1
User-Agent: selenium/4.8.1 (java windows)
Cache-Control: no-cache
Content-Type: application/json; charset=utf-8
host: localhost:21508
accept: */*

Response DefaultHttpResponse(decodeResult: success, version: HTTP/1.1)
HTTP/1.1 200 OK
Content-Length: 38240
Content-Type: application/json; charset=utf-8
cache-control: no-cache

18:04:28.535 [AsyncHttpClient-1-2] DEBUG org.asynchttpclient.netty.channel.ChannelManager - Adding key: http://localhost:21508 for channel [id: 0x5ee68059, L:/127.0.0.1:56765 - R:localhost/127.0.0.1:21508]
18:04:28.537 [main] DEBUG net.serenitybdd.core.photography.Darkroom - Send negative for processing for target\site\serenity\5693322de79c9cbf0f5ed2946d59a8a0ac6e548a96637608b5301257f231ae8b.png
18:04:28.537 [main] DEBUG net.thucydides.core.steps.StepInterceptor - STEP DONE: user click button register
  &amp#27;[32mAnd &amp#27;[0m&amp#27;[32muser click button register&amp#27;[0m                &amp#27;[90m# starter.stepdefinition.RegisterStep.userClickButtonRegister()&amp#27;[0m
18:04:28.537 [Darkroom Processing Line] DEBUG net.serenitybdd.core.photography.DarkroomProcessingLine - Processing screenshot image in /var/screenshots/screenshot-2098955278053603719
18:04:28.537 [Darkroom Processing Line] DEBUG net.serenitybdd.core.photography.DarkroomProcessingLine - Saving screenshot to target\site\serenity\5693322de79c9cbf0f5ed2946d59a8a0ac6e548a96637608b5301257f231ae8b.png
18:04:28.549 [main] DEBUG net.thucydides.core.steps.StepInterceptor - STARTING STEP: RegisterStep.userSeeLoginHomepage - user see login homepage
18:04:28.551 [Forwarding findElement on session 8a93b60a849e514585b62f5279dc6619 to remote] DEBUG org.asynchttpclient.netty.request.NettyRequestSender - Using pooled Channel '[id: 0x5ee68059, L:/127.0.0.1:56765 - R:localhost/127.0.0.1:21508]' for 'POST' to 'http://localhost:21508/session/8a93b60a849e514585b62f5279dc6619/element'
18:04:28.551 [Forwarding findElement on session 8a93b60a849e514585b62f5279dc6619 to remote] DEBUG org.asynchttpclient.netty.request.NettyRequestSender - Using open Channel [id: 0x5ee68059, L:/127.0.0.1:56765 - R:localhost/127.0.0.1:21508] for POST '/session/8a93b60a849e514585b62f5279dc6619/element'
18:04:28.568 [AsyncHttpClient-1-2] DEBUG org.asynchttpclient.netty.handler.HttpHandler - 

Request DefaultHttpRequest(decodeResult: success, version: HTTP/1.1)
POST /session/8a93b60a849e514585b62f5279dc6619/element HTTP/1.1
User-Agent: selenium/4.8.1 (java windows)
Content-Length: 90
Content-Type: application/json; charset=utf-8
host: localhost:21508
accept: */*

Response DefaultHttpResponse(decodeResult: success, version: HTTP/1.1)
HTTP/1.1 200 OK
Content-Length: 88
Content-Type: application/json; charset=utf-8
cache-control: no-cache

18:04:28.568 [AsyncHttpClient-1-2] DEBUG org.asynchttpclient.netty.channel.ChannelManager - Adding key: http://localhost:21508 for channel [id: 0x5ee68059, L:/127.0.0.1:56765 - R:localhost/127.0.0.1:21508]
18:04:28.571 [Forwarding isElementDisplayed on session 8a93b60a849e514585b62f5279dc6619 to remote] DEBUG org.asynchttpclient.netty.request.NettyRequestSender - Using pooled Channel '[id: 0x5ee68059, L:/127.0.0.1:56765 - R:localhost/127.0.0.1:21508]' for 'POST' to 'http://localhost:21508/session/8a93b60a849e514585b62f5279dc6619/execute/sync'
18:04:28.571 [Forwarding isElementDisplayed on session 8a93b60a849e514585b62f5279dc6619 to remote] DEBUG org.asynchttpclient.netty.request.NettyRequestSender - Using open Channel [id: 0x5ee68059, L:/127.0.0.1:56765 - R:localhost/127.0.0.1:21508] for POST '/session/8a93b60a849e514585b62f5279dc6619/execute/sync'
18:04:28.592 [AsyncHttpClient-1-2] DEBUG org.asynchttpclient.netty.handler.HttpHandler - 

Request DefaultHttpRequest(decodeResult: success, version: HTTP/1.1)
POST /session/8a93b60a849e514585b62f5279dc6619/execute/sync HTTP/1.1
User-Agent: selenium/4.8.1 (java windows)
Content-Length: 48807
Content-Type: application/json; charset=utf-8
host: localhost:21508
accept: */*

Response DefaultHttpResponse(decodeResult: success, version: HTTP/1.1)
HTTP/1.1 200 OK
Content-Length: 14
Content-Type: application/json; charset=utf-8
cache-control: no-cache

18:04:28.592 [AsyncHttpClient-1-2] DEBUG org.asynchttpclient.netty.channel.ChannelManager - Adding key: http://localhost:21508 for channel [id: 0x5ee68059, L:/127.0.0.1:56765 - R:localhost/127.0.0.1:21508]
18:04:28.599 [Forwarding getAlertText on session 8a93b60a849e514585b62f5279dc6619 to remote] DEBUG org.asynchttpclient.netty.request.NettyRequestSender - Using pooled Channel '[id: 0x5ee68059, L:/127.0.0.1:56765 - R:localhost/127.0.0.1:21508]' for 'GET' to 'http://localhost:21508/session/8a93b60a849e514585b62f5279dc6619/alert/text'
18:04:28.599 [Forwarding getAlertText on session 8a93b60a849e514585b62f5279dc6619 to remote] DEBUG org.asynchttpclient.netty.request.NettyRequestSender - Using open Channel [id: 0x5ee68059, L:/127.0.0.1:56765 - R:localhost/127.0.0.1:21508] for GET '/session/8a93b60a849e514585b62f5279dc6619/alert/text'
18:04:28.601 [AsyncHttpClient-1-2] DEBUG org.asynchttpclient.netty.handler.HttpHandler - 

Request DefaultFullHttpRequest(decodeResult: success, version: HTTP/1.1, content: EmptyByteBufBE)
GET /session/8a93b60a849e514585b62f5279dc6619/alert/text HTTP/1.1
User-Agent: selenium/4.8.1 (java windows)
Cache-Control: no-cache
Content-Type: application/json; charset=utf-8
host: localhost:21508
accept: */*

Response DefaultHttpResponse(decodeResult: success, version: HTTP/1.1)
HTTP/1.1 404 Not Found
Content-Length: 848
Content-Type: application/json; charset=utf-8
cache-control: no-cache

18:04:28.601 [AsyncHttpClient-1-2] DEBUG org.asynchttpclient.netty.channel.ChannelManager - Adding key: http://localhost:21508 for channel [id: 0x5ee68059, L:/127.0.0.1:56765 - R:localhost/127.0.0.1:21508]
18:04:28.602 [Forwarding getCurrentUrl on session 8a93b60a849e514585b62f5279dc6619 to remote] DEBUG org.asynchttpclient.netty.request.NettyRequestSender - Using pooled Channel '[id: 0x5ee68059, L:/127.0.0.1:56765 - R:localhost/127.0.0.1:21508]' for 'GET' to 'http://localhost:21508/session/8a93b60a849e514585b62f5279dc6619/url'
18:04:28.602 [Forwarding getCurrentUrl on session 8a93b60a849e514585b62f5279dc6619 to remote] DEBUG org.asynchttpclient.netty.request.NettyRequestSender - Using open Channel [id: 0x5ee68059, L:/127.0.0.1:56765 - R:localhost/127.0.0.1:21508] for GET '/session/8a93b60a849e514585b62f5279dc6619/url'
18:04:28.605 [AsyncHttpClient-1-2] DEBUG org.asynchttpclient.netty.handler.HttpHandler - 

Request DefaultFullHttpRequest(decodeResult: success, version: HTTP/1.1, content: EmptyByteBufBE)
GET /session/8a93b60a849e514585b62f5279dc6619/url HTTP/1.1
User-Agent: selenium/4.8.1 (java windows)
Cache-Control: no-cache
Content-Type: application/json; charset=utf-8
host: localhost:21508
accept: */*

Response DefaultHttpResponse(decodeResult: success, version: HTTP/1.1)
HTTP/1.1 200 OK
Content-Length: 54
Content-Type: application/json; charset=utf-8
cache-control: no-cache

18:04:28.605 [AsyncHttpClient-1-2] DEBUG org.asynchttpclient.netty.channel.ChannelManager - Adding key: http://localhost:21508 for channel [id: 0x5ee68059, L:/127.0.0.1:56765 - R:localhost/127.0.0.1:21508]
18:04:28.605 [Forwarding screenshot on session 8a93b60a849e514585b62f5279dc6619 to remote] DEBUG org.asynchttpclient.netty.request.NettyRequestSender - Using pooled Channel '[id: 0x5ee68059, L:/127.0.0.1:56765 - R:localhost/127.0.0.1:21508]' for 'GET' to 'http://localhost:21508/session/8a93b60a849e514585b62f5279dc6619/screenshot'
18:04:28.605 [Forwarding screenshot on session 8a93b60a849e514585b62f5279dc6619 to remote] DEBUG org.asynchttpclient.netty.request.NettyRequestSender - Using open Channel [id: 0x5ee68059, L:/127.0.0.1:56765 - R:localhost/127.0.0.1:21508] for GET '/session/8a93b60a849e514585b62f5279dc6619/screenshot'
18:04:28.740 [AsyncHttpClient-1-2] DEBUG org.asynchttpclient.netty.handler.HttpHandler - 

Request DefaultFullHttpRequest(decodeResult: success, version: HTTP/1.1, content: EmptyByteBufBE)
GET /session/8a93b60a849e514585b62f5279dc6619/screenshot HTTP/1.1
User-Agent: selenium/4.8.1 (java windows)
Cache-Control: no-cache
Content-Type: application/json; charset=utf-8
host: localhost:21508
accept: */*

Response DefaultHttpResponse(decodeResult: success, version: HTTP/1.1)
HTTP/1.1 200 OK
Content-Length: 37296
Content-Type: application/json; charset=utf-8
cache-control: no-cache

18:04:28.740 [AsyncHttpClient-1-2] DEBUG org.asynchttpclient.netty.channel.ChannelManager - Adding key: http://localhost:21508 for channel [id: 0x5ee68059, L:/127.0.0.1:56765 - R:localhost/127.0.0.1:21508]
18:04:28.742 [main] DEBUG net.serenitybdd.core.photography.Darkroom - Send negative for processing for target\site\serenity\2b40da8493db7c5d991275687745f58557341b527432c98a0107dbafcf5b4bca.png
18:04:28.742 [main] DEBUG net.thucydides.core.steps.StepInterceptor - STEP DONE: user see login homepage
  &amp#27;[32mThen &amp#27;[0m&amp#27;[32muser see login homepage&amp#27;[0m                  &amp#27;[90m# starter.stepdefinition.RegisterStep.userSeeLoginHomepage()&amp#27;[0m
18:04:28.742 [Darkroom Processing Line] DEBUG net.serenitybdd.core.photography.DarkroomProcessingLine - Processing screenshot image in /var/screenshots/screenshot-2669274625078886560
18:04:28.742 [Darkroom Processing Line] DEBUG net.serenitybdd.core.photography.DarkroomProcessingLine - Saving screenshot to target\site\serenity\2b40da8493db7c5d991275687745f58557341b527432c98a0107dbafcf5b4bca.png
18:04:28.748 [main] INFO  - 
  _____   ___   ___   _____     ___     _     ___   ___   ___   ___  
 |_   _| | __| / __| |_   _|   | _ \   /_\   / __| / __| | __| |   \ 
   | |   | _|  \__ \   | |     |  _/  / _ \  \__ \ \__ \ | _|  | |) |
   |_|   |___| |___/   |_|     |_|   /_/ \_\ |___/ |___/ |___| |___/ 

As a user, I register with valid data
----------------------------------------------------------------------
18:04:28.749 [AsyncHttpClient-1-4] DEBUG org.asynchttpclient.netty.handler.WebSocketHandler - Channel Closed: [id: 0xa661c5e5, L:/127.0.0.1:56772 ! R:localhost/127.0.0.1:56766] with attribute NettyResponseFuture{currentRetry=0,
	isDone=1,
	isCancelled=0,
	asyncHandler=org.asynchttpclient.ws.WebSocketUpgradeHandler@2384e1cc,
	nettyRequest=org.asynchttpclient.netty.request.NettyRequest@5564dc7a,
	future=java.util.concurrent.CompletableFuture@162e38a8[Completed normally],
	uri=ws://localhost:56766/devtools/browser/d115304d-5e55-4046-92e0-3cd1bbd32106,
	keepAlive=true,
	redirectCount=0,
	timeoutsHolder=null,
	inAuth=0,
	touch=1683543865506}
18:04:28.749 [AsyncHttpClient-1-4] DEBUG org.asynchttpclient.netty.channel.ChannelManager - Closing Channel [id: 0xa661c5e5, L:/127.0.0.1:56772 ! R:localhost/127.0.0.1:56766] 
18:04:28.749 [Driver Command Executor] DEBUG org.asynchttpclient.netty.request.NettyRequestSender - Using pooled Channel '[id: 0x5ee68059, L:/127.0.0.1:56765 - R:localhost/127.0.0.1:21508]' for 'DELETE' to 'http://localhost:21508/session/8a93b60a849e514585b62f5279dc6619'
18:04:28.749 [Driver Command Executor] DEBUG org.asynchttpclient.netty.request.NettyRequestSender - Using open Channel [id: 0x5ee68059, L:/127.0.0.1:56765 - R:localhost/127.0.0.1:21508] for DELETE '/session/8a93b60a849e514585b62f5279dc6619'
18:04:28.789 [AsyncHttpClient-1-3] DEBUG org.asynchttpclient.netty.handler.HttpHandler - Unexpected I/O exception on channel [id: 0xdb687b8f, L:/127.0.0.1:56771 - R:localhost/127.0.0.1:56766]
java.io.IOException: An existing connection was forcibly closed by the remote host
	at sun.nio.ch.SocketDispatcher.read0(Native Method)
	at sun.nio.ch.SocketDispatcher.read(SocketDispatcher.java:43)
	at sun.nio.ch.IOUtil.readIntoNativeBuffer(IOUtil.java:223)
	at sun.nio.ch.IOUtil.read(IOUtil.java:192)
	at sun.nio.ch.SocketChannelImpl.read(SocketChannelImpl.java:378)
	at io.netty.buffer.PooledByteBuf.setBytes(PooledByteBuf.java:259)
	at io.netty.buffer.AbstractByteBuf.writeBytes(AbstractByteBuf.java:1132)
	at io.netty.channel.socket.nio.NioSocketChannel.doReadBytes(NioSocketChannel.java:357)
	at io.netty.channel.nio.AbstractNioByteChannel$NioByteUnsafe.read(AbstractNioByteChannel.java:151)
	at io.netty.channel.nio.NioEventLoop.processSelectedKey(NioEventLoop.java:788)
	at io.netty.channel.nio.NioEventLoop.processSelectedKeysOptimized(NioEventLoop.java:724)
	at io.netty.channel.nio.NioEventLoop.processSelectedKeys(NioEventLoop.java:650)
	at io.netty.channel.nio.NioEventLoop.run(NioEventLoop.java:562)
	at io.netty.util.concurrent.SingleThreadEventExecutor$4.run(SingleThreadEventExecutor.java:997)
	at io.netty.util.internal.ThreadExecutorMap$2.run(ThreadExecutorMap.java:74)
	at io.netty.util.concurrent.FastThreadLocalRunnable.run(FastThreadLocalRunnable.java:30)
	at java.lang.Thread.run(Thread.java:748)
18:04:28.789 [AsyncHttpClient-1-3] DEBUG org.asynchttpclient.netty.channel.ChannelManager - Closing Channel [id: 0xdb687b8f, L:/127.0.0.1:56771 - R:localhost/127.0.0.1:56766] 
18:04:28.789 [AsyncHttpClient-1-3] DEBUG org.asynchttpclient.netty.handler.HttpHandler - Channel Closed: [id: 0xdb687b8f, L:/127.0.0.1:56771 ! R:localhost/127.0.0.1:56766] with attribute DISCARD
18:04:28.826 [AsyncHttpClient-1-2] DEBUG org.asynchttpclient.netty.handler.HttpHandler - 

Request DefaultFullHttpRequest(decodeResult: success, version: HTTP/1.1, content: EmptyByteBufBE)
DELETE /session/8a93b60a849e514585b62f5279dc6619 HTTP/1.1
User-Agent: selenium/4.8.1 (java windows)
Content-Type: application/json; charset=utf-8
host: localhost:21508
accept: */*

Response DefaultHttpResponse(decodeResult: success, version: HTTP/1.1)
HTTP/1.1 200 OK
Content-Length: 14
Content-Type: application/json; charset=utf-8
cache-control: no-cache

18:04:28.827 [AsyncHttpClient-1-2] DEBUG org.asynchttpclient.netty.channel.ChannelManager - Adding key: http://localhost:21508 for channel [id: 0x5ee68059, L:/127.0.0.1:56765 - R:localhost/127.0.0.1:21508]
18:04:28.919 [AsyncHttpClient-1-2] DEBUG org.asynchttpclient.netty.handler.HttpHandler - Channel Closed: [id: 0x5ee68059, L:/127.0.0.1:56765 ! R:localhost/127.0.0.1:21508] with attribute DISCARD
18:04:29.347 [AsyncHttpClient-1-1] DEBUG org.asynchttpclient.netty.channel.DefaultChannelPool - Entry count for : http://localhost:56766 : 1
18:04:29.347 [AsyncHttpClient-1-1] DEBUG org.asynchttpclient.netty.channel.DefaultChannelPool - Entry count for : http://localhost:21508 : 1
18:04:29.347 [AsyncHttpClient-1-1] DEBUG org.asynchttpclient.netty.channel.DefaultChannelPool - Adding Candidate expired Channel [id: 0xdb687b8f, L:/127.0.0.1:56771 ! R:localhost/127.0.0.1:56766] isIdleTimeoutExpired=false isRemotelyClosed=true isTtlExpired=false
18:04:29.347 [AsyncHttpClient-1-1] DEBUG org.asynchttpclient.netty.channel.DefaultChannelPool - Closing Idle Channel [id: 0xdb687b8f, L:/127.0.0.1:56771 ! R:localhost/127.0.0.1:56766]
18:04:29.347 [AsyncHttpClient-1-1] DEBUG org.asynchttpclient.netty.channel.DefaultChannelPool - Adding Candidate expired Channel [id: 0x5ee68059, L:/127.0.0.1:56765 ! R:localhost/127.0.0.1:21508] isIdleTimeoutExpired=false isRemotelyClosed=true isTtlExpired=false
18:04:29.347 [AsyncHttpClient-1-1] DEBUG org.asynchttpclient.netty.channel.DefaultChannelPool - Closing Idle Channel [id: 0x5ee68059, L:/127.0.0.1:56765 ! R:localhost/127.0.0.1:21508]
18:04:29.347 [AsyncHttpClient-1-1] DEBUG org.asynchttpclient.netty.channel.DefaultChannelPool - Closed 2 connections out of 2 in 0 ms
]]></system-out>
    <system-err><![CDATA[Starting ChromeDriver 112.0.5615.49 (bd2a7bcb881c11e8cfe3078709382934e3916914-refs/branch-heads/5615@{#936}) on port 21508
Only local connections are allowed.
Please see https://chromedriver.chromium.org/security-considerations for suggestions on keeping ChromeDriver safe.
ChromeDriver was started successfully.
May 08, 2023 6:04:25 PM org.openqa.selenium.devtools.CdpVersionFinder findNearestMatch
WARNING: Unable to find an exact match for CDP version 112, so returning the closest version found: 110
]]></system-err>
  </testcase>
  <testcase name="As a user, I register with registered email" classname="Register - As a user I want to login So that I have to register account" time="7.527">
    <system-out><![CDATA[
@TC_Register_002
Scenario: As a user, I register with registered email &amp#27;[90m# src/test/resources/features/Register.feature:15&amp#27;[0m
18:04:29.440 [main] DEBUG io.cucumber.core.plugin.SerenityReporter - Running feature from file:///C:/Users/user/IdeaProjects/QE_Devi%20Agustin%20Utari_Mini_Project/Web_Automation_AltaShop/src/test/resources/features/Register.feature
18:04:29.692 [main] INFO  - 
  _____   ___   ___   _____     ___   _____     _     ___   _____   ___   ___  
 |_   _| | __| / __| |_   _|   / __| |_   _|   /_\   | _ \ |_   _| | __| |   \ 
   | |   | _|  \__ \   | |     \__ \   | |    / _ \  |   /   | |   | _|  | |) |
   |_|   |___| |___/   |_|     |___/   |_|   /_/ \_\ |_|_\   |_|   |___| |___/ 

As a user, I register with registered email(register---as-a-user-i-want-to-login-so-that-i-have-to-register-account;as-a-user--i-register-with-registered-email)
--------------------------------------------------------------------------------
18:04:29.779 [main] DEBUG net.thucydides.core.steps.StepInterceptor - STARTING STEP: RegisterStep.userOnLoginHomepage - user on login homepage
18:04:30.196 [main] INFO net.serenitybdd.core.webdriver.driverproviders.ChromeDriverProvider - Starting Chrome driver instance with capabilities:
18:04:30.197 [main] INFO net.serenitybdd.core.webdriver.driverproviders.ChromeDriverProvider - Capabilities {acceptInsecureCerts: true, browserName: chrome, goog:chromeOptions: {args: [remote-allow-origins=*, test-type, no-sandbox, ignore-certificate-errors, start-maximized, incognito, disable-infobars, disable-gpu, disable-default-apps, disable-popup-blocking, remote-allow-origins=*, test-type, no-sandbox, ignore-certificate-errors, start-maximized, incognito, disable-infobars, disable-gpu, disable-default-apps, disable-popup-blocking, remote-allow-origins=*], extensions: []}}
18:04:30.911 [AsyncHttpClient-1-5] DEBUG org.asynchttpclient.netty.channel.NettyConnectListener - Using new Channel '[id: 0xb67de59c, L:/127.0.0.1:56790 - R:localhost/127.0.0.1:19484]' for 'POST' to '/session'
18:04:31.781 [AsyncHttpClient-1-5] DEBUG org.asynchttpclient.netty.handler.HttpHandler - 

Request DefaultHttpRequest(decodeResult: success, version: HTTP/1.1)
POST /session HTTP/1.1
User-Agent: selenium/4.8.1 (java windows)
Content-Length: 1701
Content-Type: application/json; charset=utf-8
host: localhost:19484
accept: */*

Response DefaultHttpResponse(decodeResult: success, version: HTTP/1.1)
HTTP/1.1 200 OK
Content-Length: 842
Content-Type: application/json; charset=utf-8
cache-control: no-cache

18:04:31.781 [AsyncHttpClient-1-5] DEBUG org.asynchttpclient.netty.channel.ChannelManager - Adding key: http://localhost:19484 for channel [id: 0xb67de59c, L:/127.0.0.1:56790 - R:localhost/127.0.0.1:19484]
18:04:31.796 [AsyncHttpClient-1-6] DEBUG org.asynchttpclient.netty.channel.NettyConnectListener - Using new Channel '[id: 0xd4966166, L:/127.0.0.1:56796 - R:localhost/127.0.0.1:56791]' for 'GET' to '/json/version'
18:04:31.797 [AsyncHttpClient-1-6] DEBUG org.asynchttpclient.netty.handler.HttpHandler - 

Request DefaultFullHttpRequest(decodeResult: success, version: HTTP/1.1, content: EmptyByteBufBE)
GET /json/version HTTP/1.1
User-Agent: selenium/4.8.1 (java windows)
host: localhost:56791
accept: */*

Response DefaultHttpResponse(decodeResult: success, version: HTTP/1.1)
HTTP/1.1 200 OK
Content-Security-Policy: frame-ancestors 'none'
Content-Length: 424
Content-Type: application/json; charset=UTF-8

18:04:31.797 [AsyncHttpClient-1-6] DEBUG org.asynchttpclient.netty.channel.ChannelManager - Adding key: http://localhost:56791 for channel [id: 0xd4966166, L:/127.0.0.1:56796 - R:localhost/127.0.0.1:56791]
18:04:31.800 [AsyncHttpClient-1-7] DEBUG org.asynchttpclient.netty.channel.NettyConnectListener - Using new Channel '[id: 0x0a97a375, L:/127.0.0.1:56797 - R:localhost/127.0.0.1:56791]' for 'GET' to '/devtools/browser/c0749697-37d3-4af3-a219-92a192cdf346'
18:04:31.801 [AsyncHttpClient-1-7] DEBUG org.asynchttpclient.netty.handler.WebSocketHandler - 

Request DefaultFullHttpRequest(decodeResult: success, version: HTTP/1.1, content: EmptyByteBufBE)
GET /devtools/browser/c0749697-37d3-4af3-a219-92a192cdf346 HTTP/1.1
upgrade: websocket
connection: upgrade
sec-websocket-key: TcWOrarkHFqJykFiuMOoog==
sec-websocket-version: 13
origin: http://localhost:56791
host: localhost:56791
accept: */*
user-agent: AHC/2.1

Response DefaultHttpResponse(decodeResult: success, version: HTTP/1.1)
HTTP/1.1 101 WebSocket Protocol Handshake
Upgrade: WebSocket
Connection: Upgrade
Sec-WebSocket-Accept: WqHIBvWEGFh4O5CT94ot51o9ZhU=

18:04:31.804 [Forwarding get on session 31296efbf6b140567cc1f22c2c1ddb2f to remote] DEBUG org.asynchttpclient.netty.request.NettyRequestSender - Using pooled Channel '[id: 0xb67de59c, L:/127.0.0.1:56790 - R:localhost/127.0.0.1:19484]' for 'POST' to 'http://localhost:19484/session/31296efbf6b140567cc1f22c2c1ddb2f/url'
18:04:31.804 [Forwarding get on session 31296efbf6b140567cc1f22c2c1ddb2f to remote] DEBUG org.asynchttpclient.netty.request.NettyRequestSender - Using open Channel [id: 0xb67de59c, L:/127.0.0.1:56790 - R:localhost/127.0.0.1:19484] for POST '/session/31296efbf6b140567cc1f22c2c1ddb2f/url'
18:04:32.652 [AsyncHttpClient-1-1] DEBUG org.asynchttpclient.netty.channel.DefaultChannelPool - Entry count for : http://localhost:56791 : 1
18:04:33.477 [AsyncHttpClient-1-5] DEBUG org.asynchttpclient.netty.handler.HttpHandler - 

Request DefaultHttpRequest(decodeResult: success, version: HTTP/1.1)
POST /session/31296efbf6b140567cc1f22c2c1ddb2f/url HTTP/1.1
User-Agent: selenium/4.8.1 (java windows)
Content-Length: 74
Content-Type: application/json; charset=utf-8
host: localhost:19484
accept: */*

Response DefaultHttpResponse(decodeResult: success, version: HTTP/1.1)
HTTP/1.1 200 OK
Content-Length: 14
Content-Type: application/json; charset=utf-8
cache-control: no-cache

18:04:33.477 [AsyncHttpClient-1-5] DEBUG org.asynchttpclient.netty.channel.ChannelManager - Adding key: http://localhost:19484 for channel [id: 0xb67de59c, L:/127.0.0.1:56790 - R:localhost/127.0.0.1:19484]
18:04:33.478 [Forwarding setTimeout on session 31296efbf6b140567cc1f22c2c1ddb2f to remote] DEBUG org.asynchttpclient.netty.request.NettyRequestSender - Using pooled Channel '[id: 0xb67de59c, L:/127.0.0.1:56790 - R:localhost/127.0.0.1:19484]' for 'POST' to 'http://localhost:19484/session/31296efbf6b140567cc1f22c2c1ddb2f/timeouts'
18:04:33.479 [Forwarding setTimeout on session 31296efbf6b140567cc1f22c2c1ddb2f to remote] DEBUG org.asynchttpclient.netty.request.NettyRequestSender - Using open Channel [id: 0xb67de59c, L:/127.0.0.1:56790 - R:localhost/127.0.0.1:19484] for POST '/session/31296efbf6b140567cc1f22c2c1ddb2f/timeouts'
18:04:33.480 [AsyncHttpClient-1-5] DEBUG org.asynchttpclient.netty.handler.HttpHandler - 

Request DefaultHttpRequest(decodeResult: success, version: HTTP/1.1)
POST /session/31296efbf6b140567cc1f22c2c1ddb2f/timeouts HTTP/1.1
User-Agent: selenium/4.8.1 (java windows)
Content-Length: 22
Content-Type: application/json; charset=utf-8
host: localhost:19484
accept: */*

Response DefaultHttpResponse(decodeResult: success, version: HTTP/1.1)
HTTP/1.1 200 OK
Content-Length: 14
Content-Type: application/json; charset=utf-8
cache-control: no-cache

18:04:33.480 [AsyncHttpClient-1-5] DEBUG org.asynchttpclient.netty.channel.ChannelManager - Adding key: http://localhost:19484 for channel [id: 0xb67de59c, L:/127.0.0.1:56790 - R:localhost/127.0.0.1:19484]
18:04:33.490 [Forwarding findElement on session 31296efbf6b140567cc1f22c2c1ddb2f to remote] DEBUG org.asynchttpclient.netty.request.NettyRequestSender - Using pooled Channel '[id: 0xb67de59c, L:/127.0.0.1:56790 - R:localhost/127.0.0.1:19484]' for 'POST' to 'http://localhost:19484/session/31296efbf6b140567cc1f22c2c1ddb2f/element'
18:04:33.490 [Forwarding findElement on session 31296efbf6b140567cc1f22c2c1ddb2f to remote] DEBUG org.asynchttpclient.netty.request.NettyRequestSender - Using open Channel [id: 0xb67de59c, L:/127.0.0.1:56790 - R:localhost/127.0.0.1:19484] for POST '/session/31296efbf6b140567cc1f22c2c1ddb2f/element'
18:04:33.509 [AsyncHttpClient-1-5] DEBUG org.asynchttpclient.netty.handler.HttpHandler - 

Request DefaultHttpRequest(decodeResult: success, version: HTTP/1.1)
POST /session/31296efbf6b140567cc1f22c2c1ddb2f/element HTTP/1.1
User-Agent: selenium/4.8.1 (java windows)
Content-Length: 69
Content-Type: application/json; charset=utf-8
host: localhost:19484
accept: */*

Response DefaultHttpResponse(decodeResult: success, version: HTTP/1.1)
HTTP/1.1 200 OK
Content-Length: 88
Content-Type: application/json; charset=utf-8
cache-control: no-cache

18:04:33.509 [AsyncHttpClient-1-5] DEBUG org.asynchttpclient.netty.channel.ChannelManager - Adding key: http://localhost:19484 for channel [id: 0xb67de59c, L:/127.0.0.1:56790 - R:localhost/127.0.0.1:19484]
18:04:33.514 [Forwarding isElementDisplayed on session 31296efbf6b140567cc1f22c2c1ddb2f to remote] DEBUG org.asynchttpclient.netty.request.NettyRequestSender - Using pooled Channel '[id: 0xb67de59c, L:/127.0.0.1:56790 - R:localhost/127.0.0.1:19484]' for 'POST' to 'http://localhost:19484/session/31296efbf6b140567cc1f22c2c1ddb2f/execute/sync'
18:04:33.514 [Forwarding isElementDisplayed on session 31296efbf6b140567cc1f22c2c1ddb2f to remote] DEBUG org.asynchttpclient.netty.request.NettyRequestSender - Using open Channel [id: 0xb67de59c, L:/127.0.0.1:56790 - R:localhost/127.0.0.1:19484] for POST '/session/31296efbf6b140567cc1f22c2c1ddb2f/execute/sync'
18:04:33.532 [AsyncHttpClient-1-5] DEBUG org.asynchttpclient.netty.handler.HttpHandler - 

Request DefaultHttpRequest(decodeResult: success, version: HTTP/1.1)
POST /session/31296efbf6b140567cc1f22c2c1ddb2f/execute/sync HTTP/1.1
User-Agent: selenium/4.8.1 (java windows)
Content-Length: 48807
Content-Type: application/json; charset=utf-8
host: localhost:19484
accept: */*

Response DefaultHttpResponse(decodeResult: success, version: HTTP/1.1)
HTTP/1.1 200 OK
Content-Length: 14
Content-Type: application/json; charset=utf-8
cache-control: no-cache

18:04:33.532 [AsyncHttpClient-1-5] DEBUG org.asynchttpclient.netty.channel.ChannelManager - Adding key: http://localhost:19484 for channel [id: 0xb67de59c, L:/127.0.0.1:56790 - R:localhost/127.0.0.1:19484]
18:04:33.540 [Forwarding getAlertText on session 31296efbf6b140567cc1f22c2c1ddb2f to remote] DEBUG org.asynchttpclient.netty.request.NettyRequestSender - Using pooled Channel '[id: 0xb67de59c, L:/127.0.0.1:56790 - R:localhost/127.0.0.1:19484]' for 'GET' to 'http://localhost:19484/session/31296efbf6b140567cc1f22c2c1ddb2f/alert/text'
18:04:33.540 [Forwarding getAlertText on session 31296efbf6b140567cc1f22c2c1ddb2f to remote] DEBUG org.asynchttpclient.netty.request.NettyRequestSender - Using open Channel [id: 0xb67de59c, L:/127.0.0.1:56790 - R:localhost/127.0.0.1:19484] for GET '/session/31296efbf6b140567cc1f22c2c1ddb2f/alert/text'
18:04:33.542 [AsyncHttpClient-1-5] DEBUG org.asynchttpclient.netty.handler.HttpHandler - 

Request DefaultFullHttpRequest(decodeResult: success, version: HTTP/1.1, content: EmptyByteBufBE)
GET /session/31296efbf6b140567cc1f22c2c1ddb2f/alert/text HTTP/1.1
User-Agent: selenium/4.8.1 (java windows)
Cache-Control: no-cache
Content-Type: application/json; charset=utf-8
host: localhost:19484
accept: */*

Response DefaultHttpResponse(decodeResult: success, version: HTTP/1.1)
HTTP/1.1 404 Not Found
Content-Length: 848
Content-Type: application/json; charset=utf-8
cache-control: no-cache

18:04:33.542 [AsyncHttpClient-1-5] DEBUG org.asynchttpclient.netty.channel.ChannelManager - Adding key: http://localhost:19484 for channel [id: 0xb67de59c, L:/127.0.0.1:56790 - R:localhost/127.0.0.1:19484]
18:04:33.543 [Forwarding getCurrentUrl on session 31296efbf6b140567cc1f22c2c1ddb2f to remote] DEBUG org.asynchttpclient.netty.request.NettyRequestSender - Using pooled Channel '[id: 0xb67de59c, L:/127.0.0.1:56790 - R:localhost/127.0.0.1:19484]' for 'GET' to 'http://localhost:19484/session/31296efbf6b140567cc1f22c2c1ddb2f/url'
18:04:33.543 [Forwarding getCurrentUrl on session 31296efbf6b140567cc1f22c2c1ddb2f to remote] DEBUG org.asynchttpclient.netty.request.NettyRequestSender - Using open Channel [id: 0xb67de59c, L:/127.0.0.1:56790 - R:localhost/127.0.0.1:19484] for GET '/session/31296efbf6b140567cc1f22c2c1ddb2f/url'
18:04:33.548 [AsyncHttpClient-1-5] DEBUG org.asynchttpclient.netty.handler.HttpHandler - 

Request DefaultFullHttpRequest(decodeResult: success, version: HTTP/1.1, content: EmptyByteBufBE)
GET /session/31296efbf6b140567cc1f22c2c1ddb2f/url HTTP/1.1
User-Agent: selenium/4.8.1 (java windows)
Cache-Control: no-cache
Content-Type: application/json; charset=utf-8
host: localhost:19484
accept: */*

Response DefaultHttpResponse(decodeResult: success, version: HTTP/1.1)
HTTP/1.1 200 OK
Content-Length: 51
Content-Type: application/json; charset=utf-8
cache-control: no-cache

18:04:33.548 [AsyncHttpClient-1-5] DEBUG org.asynchttpclient.netty.channel.ChannelManager - Adding key: http://localhost:19484 for channel [id: 0xb67de59c, L:/127.0.0.1:56790 - R:localhost/127.0.0.1:19484]
18:04:33.549 [Forwarding screenshot on session 31296efbf6b140567cc1f22c2c1ddb2f to remote] DEBUG org.asynchttpclient.netty.request.NettyRequestSender - Using pooled Channel '[id: 0xb67de59c, L:/127.0.0.1:56790 - R:localhost/127.0.0.1:19484]' for 'GET' to 'http://localhost:19484/session/31296efbf6b140567cc1f22c2c1ddb2f/screenshot'
18:04:33.549 [Forwarding screenshot on session 31296efbf6b140567cc1f22c2c1ddb2f to remote] DEBUG org.asynchttpclient.netty.request.NettyRequestSender - Using open Channel [id: 0xb67de59c, L:/127.0.0.1:56790 - R:localhost/127.0.0.1:19484] for GET '/session/31296efbf6b140567cc1f22c2c1ddb2f/screenshot'
18:04:33.661 [AsyncHttpClient-1-5] DEBUG org.asynchttpclient.netty.handler.HttpHandler - 

Request DefaultFullHttpRequest(decodeResult: success, version: HTTP/1.1, content: EmptyByteBufBE)
GET /session/31296efbf6b140567cc1f22c2c1ddb2f/screenshot HTTP/1.1
User-Agent: selenium/4.8.1 (java windows)
Cache-Control: no-cache
Content-Type: application/json; charset=utf-8
host: localhost:19484
accept: */*

Response DefaultHttpResponse(decodeResult: success, version: HTTP/1.1)
HTTP/1.1 200 OK
Content-Length: 25060
Content-Type: application/json; charset=utf-8
cache-control: no-cache

18:04:33.661 [AsyncHttpClient-1-5] DEBUG org.asynchttpclient.netty.channel.ChannelManager - Adding key: http://localhost:19484 for channel [id: 0xb67de59c, L:/127.0.0.1:56790 - R:localhost/127.0.0.1:19484]
18:04:33.663 [main] DEBUG net.serenitybdd.core.photography.Darkroom - Send negative for processing for target\site\serenity\1db263dd5c04c8fe15e82ee6420144d4e1e7b9826b9315cfd7ec5b5d0da76045.png
18:04:33.663 [main] DEBUG net.thucydides.core.steps.StepInterceptor - STEP DONE: user on login homepage
  &amp#27;[32mGiven &amp#27;[0m&amp#27;[32muser on login homepage&amp#27;[0m                        &amp#27;[90m# starter.stepdefinition.RegisterStep.userOnLoginHomepage()&amp#27;[0m
18:04:33.676 [main] DEBUG net.thucydides.core.steps.StepInterceptor - STARTING STEP: RegisterStep.userClickRegister - user click register
18:04:33.681 [Forwarding findElement on session 31296efbf6b140567cc1f22c2c1ddb2f to remote] DEBUG org.asynchttpclient.netty.request.NettyRequestSender - Using pooled Channel '[id: 0xb67de59c, L:/127.0.0.1:56790 - R:localhost/127.0.0.1:19484]' for 'POST' to 'http://localhost:19484/session/31296efbf6b140567cc1f22c2c1ddb2f/element'
18:04:33.681 [Forwarding findElement on session 31296efbf6b140567cc1f22c2c1ddb2f to remote] DEBUG org.asynchttpclient.netty.request.NettyRequestSender - Using open Channel [id: 0xb67de59c, L:/127.0.0.1:56790 - R:localhost/127.0.0.1:19484] for POST '/session/31296efbf6b140567cc1f22c2c1ddb2f/element'
18:04:33.698 [AsyncHttpClient-1-5] DEBUG org.asynchttpclient.netty.handler.HttpHandler - 

Request DefaultHttpRequest(decodeResult: success, version: HTTP/1.1)
POST /session/31296efbf6b140567cc1f22c2c1ddb2f/element HTTP/1.1
User-Agent: selenium/4.8.1 (java windows)
Content-Length: 84
Content-Type: application/json; charset=utf-8
host: localhost:19484
accept: */*

Response DefaultHttpResponse(decodeResult: success, version: HTTP/1.1)
HTTP/1.1 200 OK
Content-Length: 88
Content-Type: application/json; charset=utf-8
cache-control: no-cache

18:04:33.698 [AsyncHttpClient-1-5] DEBUG org.asynchttpclient.netty.channel.ChannelManager - Adding key: http://localhost:19484 for channel [id: 0xb67de59c, L:/127.0.0.1:56790 - R:localhost/127.0.0.1:19484]
18:04:33.699 [Forwarding getElementTagName on session 31296efbf6b140567cc1f22c2c1ddb2f to remote] DEBUG org.asynchttpclient.netty.request.NettyRequestSender - Using pooled Channel '[id: 0xb67de59c, L:/127.0.0.1:56790 - R:localhost/127.0.0.1:19484]' for 'GET' to 'http://localhost:19484/session/31296efbf6b140567cc1f22c2c1ddb2f/element/e5fea277-3017-4aca-ae40-994166181280/name'
18:04:33.699 [Forwarding getElementTagName on session 31296efbf6b140567cc1f22c2c1ddb2f to remote] DEBUG org.asynchttpclient.netty.request.NettyRequestSender - Using open Channel [id: 0xb67de59c, L:/127.0.0.1:56790 - R:localhost/127.0.0.1:19484] for GET '/session/31296efbf6b140567cc1f22c2c1ddb2f/element/e5fea277-3017-4aca-ae40-994166181280/name'
18:04:33.703 [AsyncHttpClient-1-5] DEBUG org.asynchttpclient.netty.handler.HttpHandler - 

Request DefaultFullHttpRequest(decodeResult: success, version: HTTP/1.1, content: EmptyByteBufBE)
GET /session/31296efbf6b140567cc1f22c2c1ddb2f/element/e5fea277-3017-4aca-ae40-994166181280/name HTTP/1.1
User-Agent: selenium/4.8.1 (java windows)
Cache-Control: no-cache
Content-Type: application/json; charset=utf-8
host: localhost:19484
accept: */*

Response DefaultHttpResponse(decodeResult: success, version: HTTP/1.1)
HTTP/1.1 200 OK
Content-Length: 13
Content-Type: application/json; charset=utf-8
cache-control: no-cache

18:04:33.704 [AsyncHttpClient-1-5] DEBUG org.asynchttpclient.netty.channel.ChannelManager - Adding key: http://localhost:19484 for channel [id: 0xb67de59c, L:/127.0.0.1:56790 - R:localhost/127.0.0.1:19484]
18:04:33.705 [Forwarding getElementTagName on session 31296efbf6b140567cc1f22c2c1ddb2f to remote] DEBUG org.asynchttpclient.netty.request.NettyRequestSender - Using pooled Channel '[id: 0xb67de59c, L:/127.0.0.1:56790 - R:localhost/127.0.0.1:19484]' for 'GET' to 'http://localhost:19484/session/31296efbf6b140567cc1f22c2c1ddb2f/element/e5fea277-3017-4aca-ae40-994166181280/name'
18:04:33.705 [Forwarding getElementTagName on session 31296efbf6b140567cc1f22c2c1ddb2f to remote] DEBUG org.asynchttpclient.netty.request.NettyRequestSender - Using open Channel [id: 0xb67de59c, L:/127.0.0.1:56790 - R:localhost/127.0.0.1:19484] for GET '/session/31296efbf6b140567cc1f22c2c1ddb2f/element/e5fea277-3017-4aca-ae40-994166181280/name'
18:04:33.708 [AsyncHttpClient-1-5] DEBUG org.asynchttpclient.netty.handler.HttpHandler - 

Request DefaultFullHttpRequest(decodeResult: success, version: HTTP/1.1, content: EmptyByteBufBE)
GET /session/31296efbf6b140567cc1f22c2c1ddb2f/element/e5fea277-3017-4aca-ae40-994166181280/name HTTP/1.1
User-Agent: selenium/4.8.1 (java windows)
Cache-Control: no-cache
Content-Type: application/json; charset=utf-8
host: localhost:19484
accept: */*

Response DefaultHttpResponse(decodeResult: success, version: HTTP/1.1)
HTTP/1.1 200 OK
Content-Length: 13
Content-Type: application/json; charset=utf-8
cache-control: no-cache

18:04:33.708 [AsyncHttpClient-1-5] DEBUG org.asynchttpclient.netty.channel.ChannelManager - Adding key: http://localhost:19484 for channel [id: 0xb67de59c, L:/127.0.0.1:56790 - R:localhost/127.0.0.1:19484]
18:04:33.710 [Forwarding findElement on session 31296efbf6b140567cc1f22c2c1ddb2f to remote] DEBUG org.asynchttpclient.netty.request.NettyRequestSender - Using pooled Channel '[id: 0xb67de59c, L:/127.0.0.1:56790 - R:localhost/127.0.0.1:19484]' for 'POST' to 'http://localhost:19484/session/31296efbf6b140567cc1f22c2c1ddb2f/element'
18:04:33.710 [Forwarding findElement on session 31296efbf6b140567cc1f22c2c1ddb2f to remote] DEBUG org.asynchttpclient.netty.request.NettyRequestSender - Using open Channel [id: 0xb67de59c, L:/127.0.0.1:56790 - R:localhost/127.0.0.1:19484] for POST '/session/31296efbf6b140567cc1f22c2c1ddb2f/element'
18:04:33.718 [AsyncHttpClient-1-5] DEBUG org.asynchttpclient.netty.handler.HttpHandler - 

Request DefaultHttpRequest(decodeResult: success, version: HTTP/1.1)
POST /session/31296efbf6b140567cc1f22c2c1ddb2f/element HTTP/1.1
User-Agent: selenium/4.8.1 (java windows)
Content-Length: 84
Content-Type: application/json; charset=utf-8
host: localhost:19484
accept: */*

Response DefaultHttpResponse(decodeResult: success, version: HTTP/1.1)
HTTP/1.1 200 OK
Content-Length: 88
Content-Type: application/json; charset=utf-8
cache-control: no-cache

18:04:33.719 [AsyncHttpClient-1-5] DEBUG org.asynchttpclient.netty.channel.ChannelManager - Adding key: http://localhost:19484 for channel [id: 0xb67de59c, L:/127.0.0.1:56790 - R:localhost/127.0.0.1:19484]
18:04:33.720 [Forwarding clickElement on session 31296efbf6b140567cc1f22c2c1ddb2f to remote] DEBUG org.asynchttpclient.netty.request.NettyRequestSender - Using pooled Channel '[id: 0xb67de59c, L:/127.0.0.1:56790 - R:localhost/127.0.0.1:19484]' for 'POST' to 'http://localhost:19484/session/31296efbf6b140567cc1f22c2c1ddb2f/element/e5fea277-3017-4aca-ae40-994166181280/click'
18:04:33.720 [Forwarding clickElement on session 31296efbf6b140567cc1f22c2c1ddb2f to remote] DEBUG org.asynchttpclient.netty.request.NettyRequestSender - Using open Channel [id: 0xb67de59c, L:/127.0.0.1:56790 - R:localhost/127.0.0.1:19484] for POST '/session/31296efbf6b140567cc1f22c2c1ddb2f/element/e5fea277-3017-4aca-ae40-994166181280/click'
18:04:33.747 [AsyncHttpClient-1-1] DEBUG org.asynchttpclient.netty.channel.DefaultChannelPool - Entry count for : http://localhost:56791 : 1
18:04:33.771 [AsyncHttpClient-1-5] DEBUG org.asynchttpclient.netty.handler.HttpHandler - 

Request DefaultHttpRequest(decodeResult: success, version: HTTP/1.1)
POST /session/31296efbf6b140567cc1f22c2c1ddb2f/element/e5fea277-3017-4aca-ae40-994166181280/click HTTP/1.1
User-Agent: selenium/4.8.1 (java windows)
Content-Length: 50
Content-Type: application/json; charset=utf-8
host: localhost:19484
accept: */*

Response DefaultHttpResponse(decodeResult: success, version: HTTP/1.1)
HTTP/1.1 200 OK
Content-Length: 14
Content-Type: application/json; charset=utf-8
cache-control: no-cache

18:04:33.771 [AsyncHttpClient-1-5] DEBUG org.asynchttpclient.netty.channel.ChannelManager - Adding key: http://localhost:19484 for channel [id: 0xb67de59c, L:/127.0.0.1:56790 - R:localhost/127.0.0.1:19484]
18:04:33.784 [Forwarding getAlertText on session 31296efbf6b140567cc1f22c2c1ddb2f to remote] DEBUG org.asynchttpclient.netty.request.NettyRequestSender - Using pooled Channel '[id: 0xb67de59c, L:/127.0.0.1:56790 - R:localhost/127.0.0.1:19484]' for 'GET' to 'http://localhost:19484/session/31296efbf6b140567cc1f22c2c1ddb2f/alert/text'
18:04:33.784 [Forwarding getAlertText on session 31296efbf6b140567cc1f22c2c1ddb2f to remote] DEBUG org.asynchttpclient.netty.request.NettyRequestSender - Using open Channel [id: 0xb67de59c, L:/127.0.0.1:56790 - R:localhost/127.0.0.1:19484] for GET '/session/31296efbf6b140567cc1f22c2c1ddb2f/alert/text'
18:04:33.814 [AsyncHttpClient-1-5] DEBUG org.asynchttpclient.netty.handler.HttpHandler - 

Request DefaultFullHttpRequest(decodeResult: success, version: HTTP/1.1, content: EmptyByteBufBE)
GET /session/31296efbf6b140567cc1f22c2c1ddb2f/alert/text HTTP/1.1
User-Agent: selenium/4.8.1 (java windows)
Cache-Control: no-cache
Content-Type: application/json; charset=utf-8
host: localhost:19484
accept: */*

Response DefaultHttpResponse(decodeResult: success, version: HTTP/1.1)
HTTP/1.1 404 Not Found
Content-Length: 848
Content-Type: application/json; charset=utf-8
cache-control: no-cache

18:04:33.814 [AsyncHttpClient-1-5] DEBUG org.asynchttpclient.netty.channel.ChannelManager - Adding key: http://localhost:19484 for channel [id: 0xb67de59c, L:/127.0.0.1:56790 - R:localhost/127.0.0.1:19484]
18:04:33.815 [Forwarding getCurrentUrl on session 31296efbf6b140567cc1f22c2c1ddb2f to remote] DEBUG org.asynchttpclient.netty.request.NettyRequestSender - Using pooled Channel '[id: 0xb67de59c, L:/127.0.0.1:56790 - R:localhost/127.0.0.1:19484]' for 'GET' to 'http://localhost:19484/session/31296efbf6b140567cc1f22c2c1ddb2f/url'
18:04:33.815 [Forwarding getCurrentUrl on session 31296efbf6b140567cc1f22c2c1ddb2f to remote] DEBUG org.asynchttpclient.netty.request.NettyRequestSender - Using open Channel [id: 0xb67de59c, L:/127.0.0.1:56790 - R:localhost/127.0.0.1:19484] for GET '/session/31296efbf6b140567cc1f22c2c1ddb2f/url'
18:04:33.823 [AsyncHttpClient-1-5] DEBUG org.asynchttpclient.netty.handler.HttpHandler - 

Request DefaultFullHttpRequest(decodeResult: success, version: HTTP/1.1, content: EmptyByteBufBE)
GET /session/31296efbf6b140567cc1f22c2c1ddb2f/url HTTP/1.1
User-Agent: selenium/4.8.1 (java windows)
Cache-Control: no-cache
Content-Type: application/json; charset=utf-8
host: localhost:19484
accept: */*

Response DefaultHttpResponse(decodeResult: success, version: HTTP/1.1)
HTTP/1.1 200 OK
Content-Length: 54
Content-Type: application/json; charset=utf-8
cache-control: no-cache

18:04:33.823 [AsyncHttpClient-1-5] DEBUG org.asynchttpclient.netty.channel.ChannelManager - Adding key: http://localhost:19484 for channel [id: 0xb67de59c, L:/127.0.0.1:56790 - R:localhost/127.0.0.1:19484]
18:04:33.824 [Forwarding screenshot on session 31296efbf6b140567cc1f22c2c1ddb2f to remote] DEBUG org.asynchttpclient.netty.request.NettyRequestSender - Using pooled Channel '[id: 0xb67de59c, L:/127.0.0.1:56790 - R:localhost/127.0.0.1:19484]' for 'GET' to 'http://localhost:19484/session/31296efbf6b140567cc1f22c2c1ddb2f/screenshot'
18:04:33.824 [Forwarding screenshot on session 31296efbf6b140567cc1f22c2c1ddb2f to remote] DEBUG org.asynchttpclient.netty.request.NettyRequestSender - Using open Channel [id: 0xb67de59c, L:/127.0.0.1:56790 - R:localhost/127.0.0.1:19484] for GET '/session/31296efbf6b140567cc1f22c2c1ddb2f/screenshot'
18:04:34.024 [AsyncHttpClient-1-5] DEBUG org.asynchttpclient.netty.handler.HttpHandler - 

Request DefaultFullHttpRequest(decodeResult: success, version: HTTP/1.1, content: EmptyByteBufBE)
GET /session/31296efbf6b140567cc1f22c2c1ddb2f/screenshot HTTP/1.1
User-Agent: selenium/4.8.1 (java windows)
Cache-Control: no-cache
Content-Type: application/json; charset=utf-8
host: localhost:19484
accept: */*

Response DefaultHttpResponse(decodeResult: success, version: HTTP/1.1)
HTTP/1.1 200 OK
Content-Length: 29736
Content-Type: application/json; charset=utf-8
cache-control: no-cache

18:04:34.024 [AsyncHttpClient-1-5] DEBUG org.asynchttpclient.netty.channel.ChannelManager - Adding key: http://localhost:19484 for channel [id: 0xb67de59c, L:/127.0.0.1:56790 - R:localhost/127.0.0.1:19484]
18:04:34.026 [main] DEBUG net.serenitybdd.core.photography.Darkroom - Send negative for processing for target\site\serenity\4483762c880586e376db97ee87af78ecdfed1b519253aeada9d8e70d529c0abc.png
18:04:34.027 [main] DEBUG net.thucydides.core.steps.StepInterceptor - STEP DONE: user click register
  &amp#27;[32mAnd &amp#27;[0m&amp#27;[32muser click register&amp#27;[0m                             &amp#27;[90m# starter.stepdefinition.RegisterStep.userClickRegister()&amp#27;[0m
18:04:34.042 [main] DEBUG net.thucydides.core.steps.StepInterceptor - STARTING STEP: RegisterStep.userInputFullName - user input Full Name
18:04:34.047 [Forwarding findElement on session 31296efbf6b140567cc1f22c2c1ddb2f to remote] DEBUG org.asynchttpclient.netty.request.NettyRequestSender - Using pooled Channel '[id: 0xb67de59c, L:/127.0.0.1:56790 - R:localhost/127.0.0.1:19484]' for 'POST' to 'http://localhost:19484/session/31296efbf6b140567cc1f22c2c1ddb2f/element'
18:04:34.047 [Forwarding findElement on session 31296efbf6b140567cc1f22c2c1ddb2f to remote] DEBUG org.asynchttpclient.netty.request.NettyRequestSender - Using open Channel [id: 0xb67de59c, L:/127.0.0.1:56790 - R:localhost/127.0.0.1:19484] for POST '/session/31296efbf6b140567cc1f22c2c1ddb2f/element'
18:04:34.097 [AsyncHttpClient-1-5] DEBUG org.asynchttpclient.netty.handler.HttpHandler - 

Request DefaultHttpRequest(decodeResult: success, version: HTTP/1.1)
POST /session/31296efbf6b140567cc1f22c2c1ddb2f/element HTTP/1.1
User-Agent: selenium/4.8.1 (java windows)
Content-Length: 55
Content-Type: application/json; charset=utf-8
host: localhost:19484
accept: */*

Response DefaultHttpResponse(decodeResult: success, version: HTTP/1.1)
HTTP/1.1 200 OK
Content-Length: 88
Content-Type: application/json; charset=utf-8
cache-control: no-cache

18:04:34.097 [AsyncHttpClient-1-5] DEBUG org.asynchttpclient.netty.channel.ChannelManager - Adding key: http://localhost:19484 for channel [id: 0xb67de59c, L:/127.0.0.1:56790 - R:localhost/127.0.0.1:19484]
18:04:34.098 [Forwarding clearElement on session 31296efbf6b140567cc1f22c2c1ddb2f to remote] DEBUG org.asynchttpclient.netty.request.NettyRequestSender - Using pooled Channel '[id: 0xb67de59c, L:/127.0.0.1:56790 - R:localhost/127.0.0.1:19484]' for 'POST' to 'http://localhost:19484/session/31296efbf6b140567cc1f22c2c1ddb2f/element/a683de00-9968-4dfe-94db-127f04ec2345/clear'
18:04:34.098 [Forwarding clearElement on session 31296efbf6b140567cc1f22c2c1ddb2f to remote] DEBUG org.asynchttpclient.netty.request.NettyRequestSender - Using open Channel [id: 0xb67de59c, L:/127.0.0.1:56790 - R:localhost/127.0.0.1:19484] for POST '/session/31296efbf6b140567cc1f22c2c1ddb2f/element/a683de00-9968-4dfe-94db-127f04ec2345/clear'
18:04:34.199 [AsyncHttpClient-1-5] DEBUG org.asynchttpclient.netty.handler.HttpHandler - 

Request DefaultHttpRequest(decodeResult: success, version: HTTP/1.1)
POST /session/31296efbf6b140567cc1f22c2c1ddb2f/element/a683de00-9968-4dfe-94db-127f04ec2345/clear HTTP/1.1
User-Agent: selenium/4.8.1 (java windows)
Content-Length: 50
Content-Type: application/json; charset=utf-8
host: localhost:19484
accept: */*

Response DefaultHttpResponse(decodeResult: success, version: HTTP/1.1)
HTTP/1.1 200 OK
Content-Length: 14
Content-Type: application/json; charset=utf-8
cache-control: no-cache

18:04:34.199 [AsyncHttpClient-1-5] DEBUG org.asynchttpclient.netty.channel.ChannelManager - Adding key: http://localhost:19484 for channel [id: 0xb67de59c, L:/127.0.0.1:56790 - R:localhost/127.0.0.1:19484]
18:04:34.201 [Forwarding sendKeysToElement on session 31296efbf6b140567cc1f22c2c1ddb2f to remote] DEBUG org.asynchttpclient.netty.request.NettyRequestSender - Using pooled Channel '[id: 0xb67de59c, L:/127.0.0.1:56790 - R:localhost/127.0.0.1:19484]' for 'POST' to 'http://localhost:19484/session/31296efbf6b140567cc1f22c2c1ddb2f/element/a683de00-9968-4dfe-94db-127f04ec2345/value'
18:04:34.201 [Forwarding sendKeysToElement on session 31296efbf6b140567cc1f22c2c1ddb2f to remote] DEBUG org.asynchttpclient.netty.request.NettyRequestSender - Using open Channel [id: 0xb67de59c, L:/127.0.0.1:56790 - R:localhost/127.0.0.1:19484] for POST '/session/31296efbf6b140567cc1f22c2c1ddb2f/element/a683de00-9968-4dfe-94db-127f04ec2345/value'
18:04:34.340 [AsyncHttpClient-1-5] DEBUG org.asynchttpclient.netty.handler.HttpHandler - 

Request DefaultHttpRequest(decodeResult: success, version: HTTP/1.1)
POST /session/31296efbf6b140567cc1f22c2c1ddb2f/element/a683de00-9968-4dfe-94db-127f04ec2345/value HTTP/1.1
User-Agent: selenium/4.8.1 (java windows)
Content-Length: 131
Content-Type: application/json; charset=utf-8
host: localhost:19484
accept: */*

Response DefaultHttpResponse(decodeResult: success, version: HTTP/1.1)
HTTP/1.1 200 OK
Content-Length: 14
Content-Type: application/json; charset=utf-8
cache-control: no-cache

18:04:34.340 [AsyncHttpClient-1-5] DEBUG org.asynchttpclient.netty.channel.ChannelManager - Adding key: http://localhost:19484 for channel [id: 0xb67de59c, L:/127.0.0.1:56790 - R:localhost/127.0.0.1:19484]
18:04:34.350 [Forwarding getAlertText on session 31296efbf6b140567cc1f22c2c1ddb2f to remote] DEBUG org.asynchttpclient.netty.request.NettyRequestSender - Using pooled Channel '[id: 0xb67de59c, L:/127.0.0.1:56790 - R:localhost/127.0.0.1:19484]' for 'GET' to 'http://localhost:19484/session/31296efbf6b140567cc1f22c2c1ddb2f/alert/text'
18:04:34.351 [Forwarding getAlertText on session 31296efbf6b140567cc1f22c2c1ddb2f to remote] DEBUG org.asynchttpclient.netty.request.NettyRequestSender - Using open Channel [id: 0xb67de59c, L:/127.0.0.1:56790 - R:localhost/127.0.0.1:19484] for GET '/session/31296efbf6b140567cc1f22c2c1ddb2f/alert/text'
18:04:34.352 [AsyncHttpClient-1-5] DEBUG org.asynchttpclient.netty.handler.HttpHandler - 

Request DefaultFullHttpRequest(decodeResult: success, version: HTTP/1.1, content: EmptyByteBufBE)
GET /session/31296efbf6b140567cc1f22c2c1ddb2f/alert/text HTTP/1.1
User-Agent: selenium/4.8.1 (java windows)
Cache-Control: no-cache
Content-Type: application/json; charset=utf-8
host: localhost:19484
accept: */*

Response DefaultHttpResponse(decodeResult: success, version: HTTP/1.1)
HTTP/1.1 404 Not Found
Content-Length: 848
Content-Type: application/json; charset=utf-8
cache-control: no-cache

18:04:34.352 [AsyncHttpClient-1-5] DEBUG org.asynchttpclient.netty.channel.ChannelManager - Adding key: http://localhost:19484 for channel [id: 0xb67de59c, L:/127.0.0.1:56790 - R:localhost/127.0.0.1:19484]
18:04:34.353 [Forwarding getCurrentUrl on session 31296efbf6b140567cc1f22c2c1ddb2f to remote] DEBUG org.asynchttpclient.netty.request.NettyRequestSender - Using pooled Channel '[id: 0xb67de59c, L:/127.0.0.1:56790 - R:localhost/127.0.0.1:19484]' for 'GET' to 'http://localhost:19484/session/31296efbf6b140567cc1f22c2c1ddb2f/url'
18:04:34.353 [Forwarding getCurrentUrl on session 31296efbf6b140567cc1f22c2c1ddb2f to remote] DEBUG org.asynchttpclient.netty.request.NettyRequestSender - Using open Channel [id: 0xb67de59c, L:/127.0.0.1:56790 - R:localhost/127.0.0.1:19484] for GET '/session/31296efbf6b140567cc1f22c2c1ddb2f/url'
18:04:34.357 [AsyncHttpClient-1-5] DEBUG org.asynchttpclient.netty.handler.HttpHandler - 

Request DefaultFullHttpRequest(decodeResult: success, version: HTTP/1.1, content: EmptyByteBufBE)
GET /session/31296efbf6b140567cc1f22c2c1ddb2f/url HTTP/1.1
User-Agent: selenium/4.8.1 (java windows)
Cache-Control: no-cache
Content-Type: application/json; charset=utf-8
host: localhost:19484
accept: */*

Response DefaultHttpResponse(decodeResult: success, version: HTTP/1.1)
HTTP/1.1 200 OK
Content-Length: 54
Content-Type: application/json; charset=utf-8
cache-control: no-cache

18:04:34.358 [AsyncHttpClient-1-5] DEBUG org.asynchttpclient.netty.channel.ChannelManager - Adding key: http://localhost:19484 for channel [id: 0xb67de59c, L:/127.0.0.1:56790 - R:localhost/127.0.0.1:19484]
18:04:34.358 [Forwarding screenshot on session 31296efbf6b140567cc1f22c2c1ddb2f to remote] DEBUG org.asynchttpclient.netty.request.NettyRequestSender - Using pooled Channel '[id: 0xb67de59c, L:/127.0.0.1:56790 - R:localhost/127.0.0.1:19484]' for 'GET' to 'http://localhost:19484/session/31296efbf6b140567cc1f22c2c1ddb2f/screenshot'
18:04:34.358 [Forwarding screenshot on session 31296efbf6b140567cc1f22c2c1ddb2f to remote] DEBUG org.asynchttpclient.netty.request.NettyRequestSender - Using open Channel [id: 0xb67de59c, L:/127.0.0.1:56790 - R:localhost/127.0.0.1:19484] for GET '/session/31296efbf6b140567cc1f22c2c1ddb2f/screenshot'
18:04:34.495 [AsyncHttpClient-1-5] DEBUG org.asynchttpclient.netty.handler.HttpHandler - 

Request DefaultFullHttpRequest(decodeResult: success, version: HTTP/1.1, content: EmptyByteBufBE)
GET /session/31296efbf6b140567cc1f22c2c1ddb2f/screenshot HTTP/1.1
User-Agent: selenium/4.8.1 (java windows)
Cache-Control: no-cache
Content-Type: application/json; charset=utf-8
host: localhost:19484
accept: */*

Response DefaultHttpResponse(decodeResult: success, version: HTTP/1.1)
HTTP/1.1 200 OK
Content-Length: 30548
Content-Type: application/json; charset=utf-8
cache-control: no-cache

18:04:34.495 [AsyncHttpClient-1-5] DEBUG org.asynchttpclient.netty.channel.ChannelManager - Adding key: http://localhost:19484 for channel [id: 0xb67de59c, L:/127.0.0.1:56790 - R:localhost/127.0.0.1:19484]
18:04:34.497 [main] DEBUG net.serenitybdd.core.photography.Darkroom - Send negative for processing for target\site\serenity\6cf5f9ee6f6298c11b5c86d5549534148039079f78c186076312b2f72a14972d.png
18:04:34.498 [main] DEBUG net.thucydides.core.steps.StepInterceptor - STEP DONE: user input Full Name
  &amp#27;[32mWhen &amp#27;[0m&amp#27;[32muser input Full Name&amp#27;[0m                           &amp#27;[90m# starter.stepdefinition.RegisterStep.userInputFullName()&amp#27;[0m
18:04:34.498 [Darkroom Processing Line] DEBUG net.serenitybdd.core.photography.DarkroomProcessingLine - Processing screenshot image in /var/screenshots/screenshot-4022769150207026516
18:04:34.498 [Darkroom Processing Line] DEBUG net.serenitybdd.core.photography.DarkroomProcessingLine - Saving screenshot to target\site\serenity\6cf5f9ee6f6298c11b5c86d5549534148039079f78c186076312b2f72a14972d.png
18:04:34.510 [main] DEBUG net.thucydides.core.steps.StepInterceptor - STARTING STEP: RegisterStep.userInputEmail - user input email
18:04:34.514 [Forwarding findElement on session 31296efbf6b140567cc1f22c2c1ddb2f to remote] DEBUG org.asynchttpclient.netty.request.NettyRequestSender - Using pooled Channel '[id: 0xb67de59c, L:/127.0.0.1:56790 - R:localhost/127.0.0.1:19484]' for 'POST' to 'http://localhost:19484/session/31296efbf6b140567cc1f22c2c1ddb2f/element'
18:04:34.514 [Forwarding findElement on session 31296efbf6b140567cc1f22c2c1ddb2f to remote] DEBUG org.asynchttpclient.netty.request.NettyRequestSender - Using open Channel [id: 0xb67de59c, L:/127.0.0.1:56790 - R:localhost/127.0.0.1:19484] for POST '/session/31296efbf6b140567cc1f22c2c1ddb2f/element'
18:04:34.539 [AsyncHttpClient-1-5] DEBUG org.asynchttpclient.netty.handler.HttpHandler - 

Request DefaultHttpRequest(decodeResult: success, version: HTTP/1.1)
POST /session/31296efbf6b140567cc1f22c2c1ddb2f/element HTTP/1.1
User-Agent: selenium/4.8.1 (java windows)
Content-Length: 55
Content-Type: application/json; charset=utf-8
host: localhost:19484
accept: */*

Response DefaultHttpResponse(decodeResult: success, version: HTTP/1.1)
HTTP/1.1 200 OK
Content-Length: 88
Content-Type: application/json; charset=utf-8
cache-control: no-cache

18:04:34.539 [AsyncHttpClient-1-5] DEBUG org.asynchttpclient.netty.channel.ChannelManager - Adding key: http://localhost:19484 for channel [id: 0xb67de59c, L:/127.0.0.1:56790 - R:localhost/127.0.0.1:19484]
18:04:34.540 [Forwarding clearElement on session 31296efbf6b140567cc1f22c2c1ddb2f to remote] DEBUG org.asynchttpclient.netty.request.NettyRequestSender - Using pooled Channel '[id: 0xb67de59c, L:/127.0.0.1:56790 - R:localhost/127.0.0.1:19484]' for 'POST' to 'http://localhost:19484/session/31296efbf6b140567cc1f22c2c1ddb2f/element/c6cfd027-ab66-471a-92ce-f69ad9526824/clear'
18:04:34.540 [Forwarding clearElement on session 31296efbf6b140567cc1f22c2c1ddb2f to remote] DEBUG org.asynchttpclient.netty.request.NettyRequestSender - Using open Channel [id: 0xb67de59c, L:/127.0.0.1:56790 - R:localhost/127.0.0.1:19484] for POST '/session/31296efbf6b140567cc1f22c2c1ddb2f/element/c6cfd027-ab66-471a-92ce-f69ad9526824/clear'
18:04:34.591 [AsyncHttpClient-1-5] DEBUG org.asynchttpclient.netty.handler.HttpHandler - 

Request DefaultHttpRequest(decodeResult: success, version: HTTP/1.1)
POST /session/31296efbf6b140567cc1f22c2c1ddb2f/element/c6cfd027-ab66-471a-92ce-f69ad9526824/clear HTTP/1.1
User-Agent: selenium/4.8.1 (java windows)
Content-Length: 50
Content-Type: application/json; charset=utf-8
host: localhost:19484
accept: */*

Response DefaultHttpResponse(decodeResult: success, version: HTTP/1.1)
HTTP/1.1 200 OK
Content-Length: 14
Content-Type: application/json; charset=utf-8
cache-control: no-cache

18:04:34.591 [AsyncHttpClient-1-5] DEBUG org.asynchttpclient.netty.channel.ChannelManager - Adding key: http://localhost:19484 for channel [id: 0xb67de59c, L:/127.0.0.1:56790 - R:localhost/127.0.0.1:19484]
18:04:34.593 [Forwarding sendKeysToElement on session 31296efbf6b140567cc1f22c2c1ddb2f to remote] DEBUG org.asynchttpclient.netty.request.NettyRequestSender - Using pooled Channel '[id: 0xb67de59c, L:/127.0.0.1:56790 - R:localhost/127.0.0.1:19484]' for 'POST' to 'http://localhost:19484/session/31296efbf6b140567cc1f22c2c1ddb2f/element/c6cfd027-ab66-471a-92ce-f69ad9526824/value'
18:04:34.593 [Forwarding sendKeysToElement on session 31296efbf6b140567cc1f22c2c1ddb2f to remote] DEBUG org.asynchttpclient.netty.request.NettyRequestSender - Using open Channel [id: 0xb67de59c, L:/127.0.0.1:56790 - R:localhost/127.0.0.1:19484] for POST '/session/31296efbf6b140567cc1f22c2c1ddb2f/element/c6cfd027-ab66-471a-92ce-f69ad9526824/value'
18:04:34.779 [AsyncHttpClient-1-5] DEBUG org.asynchttpclient.netty.handler.HttpHandler - 

Request DefaultHttpRequest(decodeResult: success, version: HTTP/1.1)
POST /session/31296efbf6b140567cc1f22c2c1ddb2f/element/c6cfd027-ab66-471a-92ce-f69ad9526824/value HTTP/1.1
User-Agent: selenium/4.8.1 (java windows)
Content-Length: 271
Content-Type: application/json; charset=utf-8
host: localhost:19484
accept: */*

Response DefaultHttpResponse(decodeResult: success, version: HTTP/1.1)
HTTP/1.1 200 OK
Content-Length: 14
Content-Type: application/json; charset=utf-8
cache-control: no-cache

18:04:34.779 [AsyncHttpClient-1-5] DEBUG org.asynchttpclient.netty.channel.ChannelManager - Adding key: http://localhost:19484 for channel [id: 0xb67de59c, L:/127.0.0.1:56790 - R:localhost/127.0.0.1:19484]
18:04:34.789 [Forwarding getAlertText on session 31296efbf6b140567cc1f22c2c1ddb2f to remote] DEBUG org.asynchttpclient.netty.request.NettyRequestSender - Using pooled Channel '[id: 0xb67de59c, L:/127.0.0.1:56790 - R:localhost/127.0.0.1:19484]' for 'GET' to 'http://localhost:19484/session/31296efbf6b140567cc1f22c2c1ddb2f/alert/text'
18:04:34.789 [Forwarding getAlertText on session 31296efbf6b140567cc1f22c2c1ddb2f to remote] DEBUG org.asynchttpclient.netty.request.NettyRequestSender - Using open Channel [id: 0xb67de59c, L:/127.0.0.1:56790 - R:localhost/127.0.0.1:19484] for GET '/session/31296efbf6b140567cc1f22c2c1ddb2f/alert/text'
18:04:34.792 [AsyncHttpClient-1-5] DEBUG org.asynchttpclient.netty.handler.HttpHandler - 

Request DefaultFullHttpRequest(decodeResult: success, version: HTTP/1.1, content: EmptyByteBufBE)
GET /session/31296efbf6b140567cc1f22c2c1ddb2f/alert/text HTTP/1.1
User-Agent: selenium/4.8.1 (java windows)
Cache-Control: no-cache
Content-Type: application/json; charset=utf-8
host: localhost:19484
accept: */*

Response DefaultHttpResponse(decodeResult: success, version: HTTP/1.1)
HTTP/1.1 404 Not Found
Content-Length: 848
Content-Type: application/json; charset=utf-8
cache-control: no-cache

18:04:34.792 [AsyncHttpClient-1-5] DEBUG org.asynchttpclient.netty.channel.ChannelManager - Adding key: http://localhost:19484 for channel [id: 0xb67de59c, L:/127.0.0.1:56790 - R:localhost/127.0.0.1:19484]
18:04:34.794 [Forwarding getCurrentUrl on session 31296efbf6b140567cc1f22c2c1ddb2f to remote] DEBUG org.asynchttpclient.netty.request.NettyRequestSender - Using pooled Channel '[id: 0xb67de59c, L:/127.0.0.1:56790 - R:localhost/127.0.0.1:19484]' for 'GET' to 'http://localhost:19484/session/31296efbf6b140567cc1f22c2c1ddb2f/url'
18:04:34.794 [Forwarding getCurrentUrl on session 31296efbf6b140567cc1f22c2c1ddb2f to remote] DEBUG org.asynchttpclient.netty.request.NettyRequestSender - Using open Channel [id: 0xb67de59c, L:/127.0.0.1:56790 - R:localhost/127.0.0.1:19484] for GET '/session/31296efbf6b140567cc1f22c2c1ddb2f/url'
18:04:34.800 [AsyncHttpClient-1-5] DEBUG org.asynchttpclient.netty.handler.HttpHandler - 

Request DefaultFullHttpRequest(decodeResult: success, version: HTTP/1.1, content: EmptyByteBufBE)
GET /session/31296efbf6b140567cc1f22c2c1ddb2f/url HTTP/1.1
User-Agent: selenium/4.8.1 (java windows)
Cache-Control: no-cache
Content-Type: application/json; charset=utf-8
host: localhost:19484
accept: */*

Response DefaultHttpResponse(decodeResult: success, version: HTTP/1.1)
HTTP/1.1 200 OK
Content-Length: 54
Content-Type: application/json; charset=utf-8
cache-control: no-cache

18:04:34.801 [AsyncHttpClient-1-5] DEBUG org.asynchttpclient.netty.channel.ChannelManager - Adding key: http://localhost:19484 for channel [id: 0xb67de59c, L:/127.0.0.1:56790 - R:localhost/127.0.0.1:19484]
18:04:34.801 [Forwarding screenshot on session 31296efbf6b140567cc1f22c2c1ddb2f to remote] DEBUG org.asynchttpclient.netty.request.NettyRequestSender - Using pooled Channel '[id: 0xb67de59c, L:/127.0.0.1:56790 - R:localhost/127.0.0.1:19484]' for 'GET' to 'http://localhost:19484/session/31296efbf6b140567cc1f22c2c1ddb2f/screenshot'
18:04:34.801 [Forwarding screenshot on session 31296efbf6b140567cc1f22c2c1ddb2f to remote] DEBUG org.asynchttpclient.netty.request.NettyRequestSender - Using open Channel [id: 0xb67de59c, L:/127.0.0.1:56790 - R:localhost/127.0.0.1:19484] for GET '/session/31296efbf6b140567cc1f22c2c1ddb2f/screenshot'
18:04:34.857 [AsyncHttpClient-1-1] DEBUG org.asynchttpclient.netty.channel.DefaultChannelPool - Entry count for : http://localhost:56791 : 1
18:04:34.950 [AsyncHttpClient-1-5] DEBUG org.asynchttpclient.netty.handler.HttpHandler - 

Request DefaultFullHttpRequest(decodeResult: success, version: HTTP/1.1, content: EmptyByteBufBE)
GET /session/31296efbf6b140567cc1f22c2c1ddb2f/screenshot HTTP/1.1
User-Agent: selenium/4.8.1 (java windows)
Cache-Control: no-cache
Content-Type: application/json; charset=utf-8
host: localhost:19484
accept: */*

Response DefaultHttpResponse(decodeResult: success, version: HTTP/1.1)
HTTP/1.1 200 OK
Content-Length: 34336
Content-Type: application/json; charset=utf-8
cache-control: no-cache

18:04:34.950 [AsyncHttpClient-1-5] DEBUG org.asynchttpclient.netty.channel.ChannelManager - Adding key: http://localhost:19484 for channel [id: 0xb67de59c, L:/127.0.0.1:56790 - R:localhost/127.0.0.1:19484]
18:04:34.953 [main] DEBUG net.serenitybdd.core.photography.Darkroom - Send negative for processing for target\site\serenity\35717613bc961956de8129dcd71963a39992d24166bbf952bdc297b269fbfa22.png
18:04:34.953 [main] DEBUG net.thucydides.core.steps.StepInterceptor - STEP DONE: user input email
  &amp#27;[32mAnd &amp#27;[0m&amp#27;[32muser input email&amp#27;[0m                                &amp#27;[90m# starter.stepdefinition.RegisterStep.userInputEmail()&amp#27;[0m
18:04:34.953 [Darkroom Processing Line] DEBUG net.serenitybdd.core.photography.DarkroomProcessingLine - Processing screenshot image in /var/screenshots/screenshot-1063410906869635626
18:04:34.954 [Darkroom Processing Line] DEBUG net.serenitybdd.core.photography.DarkroomProcessingLine - Saving screenshot to target\site\serenity\35717613bc961956de8129dcd71963a39992d24166bbf952bdc297b269fbfa22.png
18:04:34.969 [main] DEBUG net.thucydides.core.steps.StepInterceptor - STARTING STEP: RegisterStep.userInputPassword - user input password
18:04:34.972 [Forwarding findElement on session 31296efbf6b140567cc1f22c2c1ddb2f to remote] DEBUG org.asynchttpclient.netty.request.NettyRequestSender - Using pooled Channel '[id: 0xb67de59c, L:/127.0.0.1:56790 - R:localhost/127.0.0.1:19484]' for 'POST' to 'http://localhost:19484/session/31296efbf6b140567cc1f22c2c1ddb2f/element'
18:04:34.972 [Forwarding findElement on session 31296efbf6b140567cc1f22c2c1ddb2f to remote] DEBUG org.asynchttpclient.netty.request.NettyRequestSender - Using open Channel [id: 0xb67de59c, L:/127.0.0.1:56790 - R:localhost/127.0.0.1:19484] for POST '/session/31296efbf6b140567cc1f22c2c1ddb2f/element'
18:04:34.988 [AsyncHttpClient-1-5] DEBUG org.asynchttpclient.netty.handler.HttpHandler - 

Request DefaultHttpRequest(decodeResult: success, version: HTTP/1.1)
POST /session/31296efbf6b140567cc1f22c2c1ddb2f/element HTTP/1.1
User-Agent: selenium/4.8.1 (java windows)
Content-Length: 55
Content-Type: application/json; charset=utf-8
host: localhost:19484
accept: */*

Response DefaultHttpResponse(decodeResult: success, version: HTTP/1.1)
HTTP/1.1 200 OK
Content-Length: 88
Content-Type: application/json; charset=utf-8
cache-control: no-cache

18:04:34.989 [AsyncHttpClient-1-5] DEBUG org.asynchttpclient.netty.channel.ChannelManager - Adding key: http://localhost:19484 for channel [id: 0xb67de59c, L:/127.0.0.1:56790 - R:localhost/127.0.0.1:19484]
18:04:34.990 [Forwarding clearElement on session 31296efbf6b140567cc1f22c2c1ddb2f to remote] DEBUG org.asynchttpclient.netty.request.NettyRequestSender - Using pooled Channel '[id: 0xb67de59c, L:/127.0.0.1:56790 - R:localhost/127.0.0.1:19484]' for 'POST' to 'http://localhost:19484/session/31296efbf6b140567cc1f22c2c1ddb2f/element/14bfcb17-1314-43e6-a735-1cde618a1e17/clear'
18:04:34.990 [Forwarding clearElement on session 31296efbf6b140567cc1f22c2c1ddb2f to remote] DEBUG org.asynchttpclient.netty.request.NettyRequestSender - Using open Channel [id: 0xb67de59c, L:/127.0.0.1:56790 - R:localhost/127.0.0.1:19484] for POST '/session/31296efbf6b140567cc1f22c2c1ddb2f/element/14bfcb17-1314-43e6-a735-1cde618a1e17/clear'
18:04:35.041 [AsyncHttpClient-1-5] DEBUG org.asynchttpclient.netty.handler.HttpHandler - 

Request DefaultHttpRequest(decodeResult: success, version: HTTP/1.1)
POST /session/31296efbf6b140567cc1f22c2c1ddb2f/element/14bfcb17-1314-43e6-a735-1cde618a1e17/clear HTTP/1.1
User-Agent: selenium/4.8.1 (java windows)
Content-Length: 50
Content-Type: application/json; charset=utf-8
host: localhost:19484
accept: */*

Response DefaultHttpResponse(decodeResult: success, version: HTTP/1.1)
HTTP/1.1 200 OK
Content-Length: 14
Content-Type: application/json; charset=utf-8
cache-control: no-cache

18:04:35.041 [AsyncHttpClient-1-5] DEBUG org.asynchttpclient.netty.channel.ChannelManager - Adding key: http://localhost:19484 for channel [id: 0xb67de59c, L:/127.0.0.1:56790 - R:localhost/127.0.0.1:19484]
18:04:35.043 [Forwarding sendKeysToElement on session 31296efbf6b140567cc1f22c2c1ddb2f to remote] DEBUG org.asynchttpclient.netty.request.NettyRequestSender - Using pooled Channel '[id: 0xb67de59c, L:/127.0.0.1:56790 - R:localhost/127.0.0.1:19484]' for 'POST' to 'http://localhost:19484/session/31296efbf6b140567cc1f22c2c1ddb2f/element/14bfcb17-1314-43e6-a735-1cde618a1e17/value'
18:04:35.043 [Forwarding sendKeysToElement on session 31296efbf6b140567cc1f22c2c1ddb2f to remote] DEBUG org.asynchttpclient.netty.request.NettyRequestSender - Using open Channel [id: 0xb67de59c, L:/127.0.0.1:56790 - R:localhost/127.0.0.1:19484] for POST '/session/31296efbf6b140567cc1f22c2c1ddb2f/element/14bfcb17-1314-43e6-a735-1cde618a1e17/value'
18:04:35.149 [AsyncHttpClient-1-5] DEBUG org.asynchttpclient.netty.handler.HttpHandler - 

Request DefaultHttpRequest(decodeResult: success, version: HTTP/1.1)
POST /session/31296efbf6b140567cc1f22c2c1ddb2f/element/14bfcb17-1314-43e6-a735-1cde618a1e17/value HTTP/1.1
User-Agent: selenium/4.8.1 (java windows)
Content-Length: 161
Content-Type: application/json; charset=utf-8
host: localhost:19484
accept: */*

Response DefaultHttpResponse(decodeResult: success, version: HTTP/1.1)
HTTP/1.1 200 OK
Content-Length: 14
Content-Type: application/json; charset=utf-8
cache-control: no-cache

18:04:35.149 [AsyncHttpClient-1-5] DEBUG org.asynchttpclient.netty.channel.ChannelManager - Adding key: http://localhost:19484 for channel [id: 0xb67de59c, L:/127.0.0.1:56790 - R:localhost/127.0.0.1:19484]
18:04:35.158 [Forwarding getAlertText on session 31296efbf6b140567cc1f22c2c1ddb2f to remote] DEBUG org.asynchttpclient.netty.request.NettyRequestSender - Using pooled Channel '[id: 0xb67de59c, L:/127.0.0.1:56790 - R:localhost/127.0.0.1:19484]' for 'GET' to 'http://localhost:19484/session/31296efbf6b140567cc1f22c2c1ddb2f/alert/text'
18:04:35.158 [Forwarding getAlertText on session 31296efbf6b140567cc1f22c2c1ddb2f to remote] DEBUG org.asynchttpclient.netty.request.NettyRequestSender - Using open Channel [id: 0xb67de59c, L:/127.0.0.1:56790 - R:localhost/127.0.0.1:19484] for GET '/session/31296efbf6b140567cc1f22c2c1ddb2f/alert/text'
18:04:35.159 [AsyncHttpClient-1-5] DEBUG org.asynchttpclient.netty.handler.HttpHandler - 

Request DefaultFullHttpRequest(decodeResult: success, version: HTTP/1.1, content: EmptyByteBufBE)
GET /session/31296efbf6b140567cc1f22c2c1ddb2f/alert/text HTTP/1.1
User-Agent: selenium/4.8.1 (java windows)
Cache-Control: no-cache
Content-Type: application/json; charset=utf-8
host: localhost:19484
accept: */*

Response DefaultHttpResponse(decodeResult: success, version: HTTP/1.1)
HTTP/1.1 404 Not Found
Content-Length: 848
Content-Type: application/json; charset=utf-8
cache-control: no-cache

18:04:35.160 [AsyncHttpClient-1-5] DEBUG org.asynchttpclient.netty.channel.ChannelManager - Adding key: http://localhost:19484 for channel [id: 0xb67de59c, L:/127.0.0.1:56790 - R:localhost/127.0.0.1:19484]
18:04:35.160 [Forwarding getCurrentUrl on session 31296efbf6b140567cc1f22c2c1ddb2f to remote] DEBUG org.asynchttpclient.netty.request.NettyRequestSender - Using pooled Channel '[id: 0xb67de59c, L:/127.0.0.1:56790 - R:localhost/127.0.0.1:19484]' for 'GET' to 'http://localhost:19484/session/31296efbf6b140567cc1f22c2c1ddb2f/url'
18:04:35.160 [Forwarding getCurrentUrl on session 31296efbf6b140567cc1f22c2c1ddb2f to remote] DEBUG org.asynchttpclient.netty.request.NettyRequestSender - Using open Channel [id: 0xb67de59c, L:/127.0.0.1:56790 - R:localhost/127.0.0.1:19484] for GET '/session/31296efbf6b140567cc1f22c2c1ddb2f/url'
18:04:35.167 [AsyncHttpClient-1-5] DEBUG org.asynchttpclient.netty.handler.HttpHandler - 

Request DefaultFullHttpRequest(decodeResult: success, version: HTTP/1.1, content: EmptyByteBufBE)
GET /session/31296efbf6b140567cc1f22c2c1ddb2f/url HTTP/1.1
User-Agent: selenium/4.8.1 (java windows)
Cache-Control: no-cache
Content-Type: application/json; charset=utf-8
host: localhost:19484
accept: */*

Response DefaultHttpResponse(decodeResult: success, version: HTTP/1.1)
HTTP/1.1 200 OK
Content-Length: 54
Content-Type: application/json; charset=utf-8
cache-control: no-cache

18:04:35.167 [AsyncHttpClient-1-5] DEBUG org.asynchttpclient.netty.channel.ChannelManager - Adding key: http://localhost:19484 for channel [id: 0xb67de59c, L:/127.0.0.1:56790 - R:localhost/127.0.0.1:19484]
18:04:35.168 [Forwarding screenshot on session 31296efbf6b140567cc1f22c2c1ddb2f to remote] DEBUG org.asynchttpclient.netty.request.NettyRequestSender - Using pooled Channel '[id: 0xb67de59c, L:/127.0.0.1:56790 - R:localhost/127.0.0.1:19484]' for 'GET' to 'http://localhost:19484/session/31296efbf6b140567cc1f22c2c1ddb2f/screenshot'
18:04:35.168 [Forwarding screenshot on session 31296efbf6b140567cc1f22c2c1ddb2f to remote] DEBUG org.asynchttpclient.netty.request.NettyRequestSender - Using open Channel [id: 0xb67de59c, L:/127.0.0.1:56790 - R:localhost/127.0.0.1:19484] for GET '/session/31296efbf6b140567cc1f22c2c1ddb2f/screenshot'
18:04:35.272 [AsyncHttpClient-1-5] DEBUG org.asynchttpclient.netty.handler.HttpHandler - 

Request DefaultFullHttpRequest(decodeResult: success, version: HTTP/1.1, content: EmptyByteBufBE)
GET /session/31296efbf6b140567cc1f22c2c1ddb2f/screenshot HTTP/1.1
User-Agent: selenium/4.8.1 (java windows)
Cache-Control: no-cache
Content-Type: application/json; charset=utf-8
host: localhost:19484
accept: */*

Response DefaultHttpResponse(decodeResult: success, version: HTTP/1.1)
HTTP/1.1 200 OK
Content-Length: 35980
Content-Type: application/json; charset=utf-8
cache-control: no-cache

18:04:35.272 [AsyncHttpClient-1-5] DEBUG org.asynchttpclient.netty.channel.ChannelManager - Adding key: http://localhost:19484 for channel [id: 0xb67de59c, L:/127.0.0.1:56790 - R:localhost/127.0.0.1:19484]
18:04:35.274 [main] DEBUG net.serenitybdd.core.photography.Darkroom - Send negative for processing for target\site\serenity\3ba80cde499b3630869966e587165942f6670f11ec97d5cd1b2ddf516daae6ae.png
18:04:35.274 [main] DEBUG net.thucydides.core.steps.StepInterceptor - STEP DONE: user input password
  &amp#27;[32mAnd &amp#27;[0m&amp#27;[32muser input password&amp#27;[0m                             &amp#27;[90m# starter.stepdefinition.RegisterStep.userInputPassword()&amp#27;[0m
18:04:35.274 [Darkroom Processing Line] DEBUG net.serenitybdd.core.photography.DarkroomProcessingLine - Processing screenshot image in /var/screenshots/screenshot-2787677610523489403
18:04:35.274 [Darkroom Processing Line] DEBUG net.serenitybdd.core.photography.DarkroomProcessingLine - Saving screenshot to target\site\serenity\3ba80cde499b3630869966e587165942f6670f11ec97d5cd1b2ddf516daae6ae.png
18:04:35.284 [main] DEBUG net.thucydides.core.steps.StepInterceptor - STARTING STEP: RegisterStep.userClickButtonRegister - user click button register
18:04:35.287 [Forwarding findElement on session 31296efbf6b140567cc1f22c2c1ddb2f to remote] DEBUG org.asynchttpclient.netty.request.NettyRequestSender - Using pooled Channel '[id: 0xb67de59c, L:/127.0.0.1:56790 - R:localhost/127.0.0.1:19484]' for 'POST' to 'http://localhost:19484/session/31296efbf6b140567cc1f22c2c1ddb2f/element'
18:04:35.287 [Forwarding findElement on session 31296efbf6b140567cc1f22c2c1ddb2f to remote] DEBUG org.asynchttpclient.netty.request.NettyRequestSender - Using open Channel [id: 0xb67de59c, L:/127.0.0.1:56790 - R:localhost/127.0.0.1:19484] for POST '/session/31296efbf6b140567cc1f22c2c1ddb2f/element'
18:04:35.298 [AsyncHttpClient-1-5] DEBUG org.asynchttpclient.netty.handler.HttpHandler - 

Request DefaultHttpRequest(decodeResult: success, version: HTTP/1.1)
POST /session/31296efbf6b140567cc1f22c2c1ddb2f/element HTTP/1.1
User-Agent: selenium/4.8.1 (java windows)
Content-Length: 141
Content-Type: application/json; charset=utf-8
host: localhost:19484
accept: */*

Response DefaultHttpResponse(decodeResult: success, version: HTTP/1.1)
HTTP/1.1 200 OK
Content-Length: 88
Content-Type: application/json; charset=utf-8
cache-control: no-cache

18:04:35.298 [AsyncHttpClient-1-5] DEBUG org.asynchttpclient.netty.channel.ChannelManager - Adding key: http://localhost:19484 for channel [id: 0xb67de59c, L:/127.0.0.1:56790 - R:localhost/127.0.0.1:19484]
18:04:35.299 [Forwarding getElementTagName on session 31296efbf6b140567cc1f22c2c1ddb2f to remote] DEBUG org.asynchttpclient.netty.request.NettyRequestSender - Using pooled Channel '[id: 0xb67de59c, L:/127.0.0.1:56790 - R:localhost/127.0.0.1:19484]' for 'GET' to 'http://localhost:19484/session/31296efbf6b140567cc1f22c2c1ddb2f/element/49995728-494f-4e45-8bc1-2a92ca2f1ed8/name'
18:04:35.299 [Forwarding getElementTagName on session 31296efbf6b140567cc1f22c2c1ddb2f to remote] DEBUG org.asynchttpclient.netty.request.NettyRequestSender - Using open Channel [id: 0xb67de59c, L:/127.0.0.1:56790 - R:localhost/127.0.0.1:19484] for GET '/session/31296efbf6b140567cc1f22c2c1ddb2f/element/49995728-494f-4e45-8bc1-2a92ca2f1ed8/name'
18:04:35.303 [AsyncHttpClient-1-5] DEBUG org.asynchttpclient.netty.handler.HttpHandler - 

Request DefaultFullHttpRequest(decodeResult: success, version: HTTP/1.1, content: EmptyByteBufBE)
GET /session/31296efbf6b140567cc1f22c2c1ddb2f/element/49995728-494f-4e45-8bc1-2a92ca2f1ed8/name HTTP/1.1
User-Agent: selenium/4.8.1 (java windows)
Cache-Control: no-cache
Content-Type: application/json; charset=utf-8
host: localhost:19484
accept: */*

Response DefaultHttpResponse(decodeResult: success, version: HTTP/1.1)
HTTP/1.1 200 OK
Content-Length: 18
Content-Type: application/json; charset=utf-8
cache-control: no-cache

18:04:35.303 [AsyncHttpClient-1-5] DEBUG org.asynchttpclient.netty.channel.ChannelManager - Adding key: http://localhost:19484 for channel [id: 0xb67de59c, L:/127.0.0.1:56790 - R:localhost/127.0.0.1:19484]
18:04:35.304 [Forwarding getElementTagName on session 31296efbf6b140567cc1f22c2c1ddb2f to remote] DEBUG org.asynchttpclient.netty.request.NettyRequestSender - Using pooled Channel '[id: 0xb67de59c, L:/127.0.0.1:56790 - R:localhost/127.0.0.1:19484]' for 'GET' to 'http://localhost:19484/session/31296efbf6b140567cc1f22c2c1ddb2f/element/49995728-494f-4e45-8bc1-2a92ca2f1ed8/name'
18:04:35.304 [Forwarding getElementTagName on session 31296efbf6b140567cc1f22c2c1ddb2f to remote] DEBUG org.asynchttpclient.netty.request.NettyRequestSender - Using open Channel [id: 0xb67de59c, L:/127.0.0.1:56790 - R:localhost/127.0.0.1:19484] for GET '/session/31296efbf6b140567cc1f22c2c1ddb2f/element/49995728-494f-4e45-8bc1-2a92ca2f1ed8/name'
18:04:35.306 [AsyncHttpClient-1-5] DEBUG org.asynchttpclient.netty.handler.HttpHandler - 

Request DefaultFullHttpRequest(decodeResult: success, version: HTTP/1.1, content: EmptyByteBufBE)
GET /session/31296efbf6b140567cc1f22c2c1ddb2f/element/49995728-494f-4e45-8bc1-2a92ca2f1ed8/name HTTP/1.1
User-Agent: selenium/4.8.1 (java windows)
Cache-Control: no-cache
Content-Type: application/json; charset=utf-8
host: localhost:19484
accept: */*

Response DefaultHttpResponse(decodeResult: success, version: HTTP/1.1)
HTTP/1.1 200 OK
Content-Length: 18
Content-Type: application/json; charset=utf-8
cache-control: no-cache

18:04:35.306 [AsyncHttpClient-1-5] DEBUG org.asynchttpclient.netty.channel.ChannelManager - Adding key: http://localhost:19484 for channel [id: 0xb67de59c, L:/127.0.0.1:56790 - R:localhost/127.0.0.1:19484]
18:04:35.308 [Forwarding isElementEnabled on session 31296efbf6b140567cc1f22c2c1ddb2f to remote] DEBUG org.asynchttpclient.netty.request.NettyRequestSender - Using pooled Channel '[id: 0xb67de59c, L:/127.0.0.1:56790 - R:localhost/127.0.0.1:19484]' for 'GET' to 'http://localhost:19484/session/31296efbf6b140567cc1f22c2c1ddb2f/element/49995728-494f-4e45-8bc1-2a92ca2f1ed8/enabled'
18:04:35.308 [Forwarding isElementEnabled on session 31296efbf6b140567cc1f22c2c1ddb2f to remote] DEBUG org.asynchttpclient.netty.request.NettyRequestSender - Using open Channel [id: 0xb67de59c, L:/127.0.0.1:56790 - R:localhost/127.0.0.1:19484] for GET '/session/31296efbf6b140567cc1f22c2c1ddb2f/element/49995728-494f-4e45-8bc1-2a92ca2f1ed8/enabled'
18:04:35.317 [AsyncHttpClient-1-5] DEBUG org.asynchttpclient.netty.handler.HttpHandler - 

Request DefaultFullHttpRequest(decodeResult: success, version: HTTP/1.1, content: EmptyByteBufBE)
GET /session/31296efbf6b140567cc1f22c2c1ddb2f/element/49995728-494f-4e45-8bc1-2a92ca2f1ed8/enabled HTTP/1.1
User-Agent: selenium/4.8.1 (java windows)
Cache-Control: no-cache
Content-Type: application/json; charset=utf-8
host: localhost:19484
accept: */*

Response DefaultHttpResponse(decodeResult: success, version: HTTP/1.1)
HTTP/1.1 200 OK
Content-Length: 14
Content-Type: application/json; charset=utf-8
cache-control: no-cache

18:04:35.317 [AsyncHttpClient-1-5] DEBUG org.asynchttpclient.netty.channel.ChannelManager - Adding key: http://localhost:19484 for channel [id: 0xb67de59c, L:/127.0.0.1:56790 - R:localhost/127.0.0.1:19484]
18:04:35.318 [Forwarding isElementEnabled on session 31296efbf6b140567cc1f22c2c1ddb2f to remote] DEBUG org.asynchttpclient.netty.request.NettyRequestSender - Using pooled Channel '[id: 0xb67de59c, L:/127.0.0.1:56790 - R:localhost/127.0.0.1:19484]' for 'GET' to 'http://localhost:19484/session/31296efbf6b140567cc1f22c2c1ddb2f/element/49995728-494f-4e45-8bc1-2a92ca2f1ed8/enabled'
18:04:35.318 [Forwarding isElementEnabled on session 31296efbf6b140567cc1f22c2c1ddb2f to remote] DEBUG org.asynchttpclient.netty.request.NettyRequestSender - Using open Channel [id: 0xb67de59c, L:/127.0.0.1:56790 - R:localhost/127.0.0.1:19484] for GET '/session/31296efbf6b140567cc1f22c2c1ddb2f/element/49995728-494f-4e45-8bc1-2a92ca2f1ed8/enabled'
18:04:35.324 [AsyncHttpClient-1-5] DEBUG org.asynchttpclient.netty.handler.HttpHandler - 

Request DefaultFullHttpRequest(decodeResult: success, version: HTTP/1.1, content: EmptyByteBufBE)
GET /session/31296efbf6b140567cc1f22c2c1ddb2f/element/49995728-494f-4e45-8bc1-2a92ca2f1ed8/enabled HTTP/1.1
User-Agent: selenium/4.8.1 (java windows)
Cache-Control: no-cache
Content-Type: application/json; charset=utf-8
host: localhost:19484
accept: */*

Response DefaultHttpResponse(decodeResult: success, version: HTTP/1.1)
HTTP/1.1 200 OK
Content-Length: 14
Content-Type: application/json; charset=utf-8
cache-control: no-cache

18:04:35.324 [AsyncHttpClient-1-5] DEBUG org.asynchttpclient.netty.channel.ChannelManager - Adding key: http://localhost:19484 for channel [id: 0xb67de59c, L:/127.0.0.1:56790 - R:localhost/127.0.0.1:19484]
18:04:35.325 [Forwarding findElement on session 31296efbf6b140567cc1f22c2c1ddb2f to remote] DEBUG org.asynchttpclient.netty.request.NettyRequestSender - Using pooled Channel '[id: 0xb67de59c, L:/127.0.0.1:56790 - R:localhost/127.0.0.1:19484]' for 'POST' to 'http://localhost:19484/session/31296efbf6b140567cc1f22c2c1ddb2f/element'
18:04:35.325 [Forwarding findElement on session 31296efbf6b140567cc1f22c2c1ddb2f to remote] DEBUG org.asynchttpclient.netty.request.NettyRequestSender - Using open Channel [id: 0xb67de59c, L:/127.0.0.1:56790 - R:localhost/127.0.0.1:19484] for POST '/session/31296efbf6b140567cc1f22c2c1ddb2f/element'
18:04:35.333 [AsyncHttpClient-1-5] DEBUG org.asynchttpclient.netty.handler.HttpHandler - 

Request DefaultHttpRequest(decodeResult: success, version: HTTP/1.1)
POST /session/31296efbf6b140567cc1f22c2c1ddb2f/element HTTP/1.1
User-Agent: selenium/4.8.1 (java windows)
Content-Length: 141
Content-Type: application/json; charset=utf-8
host: localhost:19484
accept: */*

Response DefaultHttpResponse(decodeResult: success, version: HTTP/1.1)
HTTP/1.1 200 OK
Content-Length: 88
Content-Type: application/json; charset=utf-8
cache-control: no-cache

18:04:35.333 [AsyncHttpClient-1-5] DEBUG org.asynchttpclient.netty.channel.ChannelManager - Adding key: http://localhost:19484 for channel [id: 0xb67de59c, L:/127.0.0.1:56790 - R:localhost/127.0.0.1:19484]
18:04:35.333 [Forwarding clickElement on session 31296efbf6b140567cc1f22c2c1ddb2f to remote] DEBUG org.asynchttpclient.netty.request.NettyRequestSender - Using pooled Channel '[id: 0xb67de59c, L:/127.0.0.1:56790 - R:localhost/127.0.0.1:19484]' for 'POST' to 'http://localhost:19484/session/31296efbf6b140567cc1f22c2c1ddb2f/element/49995728-494f-4e45-8bc1-2a92ca2f1ed8/click'
18:04:35.333 [Forwarding clickElement on session 31296efbf6b140567cc1f22c2c1ddb2f to remote] DEBUG org.asynchttpclient.netty.request.NettyRequestSender - Using open Channel [id: 0xb67de59c, L:/127.0.0.1:56790 - R:localhost/127.0.0.1:19484] for POST '/session/31296efbf6b140567cc1f22c2c1ddb2f/element/49995728-494f-4e45-8bc1-2a92ca2f1ed8/click'
18:04:35.376 [AsyncHttpClient-1-5] DEBUG org.asynchttpclient.netty.handler.HttpHandler - 

Request DefaultHttpRequest(decodeResult: success, version: HTTP/1.1)
POST /session/31296efbf6b140567cc1f22c2c1ddb2f/element/49995728-494f-4e45-8bc1-2a92ca2f1ed8/click HTTP/1.1
User-Agent: selenium/4.8.1 (java windows)
Content-Length: 50
Content-Type: application/json; charset=utf-8
host: localhost:19484
accept: */*

Response DefaultHttpResponse(decodeResult: success, version: HTTP/1.1)
HTTP/1.1 200 OK
Content-Length: 14
Content-Type: application/json; charset=utf-8
cache-control: no-cache

18:04:35.376 [AsyncHttpClient-1-5] DEBUG org.asynchttpclient.netty.channel.ChannelManager - Adding key: http://localhost:19484 for channel [id: 0xb67de59c, L:/127.0.0.1:56790 - R:localhost/127.0.0.1:19484]
18:04:35.382 [Forwarding getAlertText on session 31296efbf6b140567cc1f22c2c1ddb2f to remote] DEBUG org.asynchttpclient.netty.request.NettyRequestSender - Using pooled Channel '[id: 0xb67de59c, L:/127.0.0.1:56790 - R:localhost/127.0.0.1:19484]' for 'GET' to 'http://localhost:19484/session/31296efbf6b140567cc1f22c2c1ddb2f/alert/text'
18:04:35.382 [Forwarding getAlertText on session 31296efbf6b140567cc1f22c2c1ddb2f to remote] DEBUG org.asynchttpclient.netty.request.NettyRequestSender - Using open Channel [id: 0xb67de59c, L:/127.0.0.1:56790 - R:localhost/127.0.0.1:19484] for GET '/session/31296efbf6b140567cc1f22c2c1ddb2f/alert/text'
18:04:35.384 [AsyncHttpClient-1-5] DEBUG org.asynchttpclient.netty.handler.HttpHandler - 

Request DefaultFullHttpRequest(decodeResult: success, version: HTTP/1.1, content: EmptyByteBufBE)
GET /session/31296efbf6b140567cc1f22c2c1ddb2f/alert/text HTTP/1.1
User-Agent: selenium/4.8.1 (java windows)
Cache-Control: no-cache
Content-Type: application/json; charset=utf-8
host: localhost:19484
accept: */*

Response DefaultHttpResponse(decodeResult: success, version: HTTP/1.1)
HTTP/1.1 404 Not Found
Content-Length: 848
Content-Type: application/json; charset=utf-8
cache-control: no-cache

18:04:35.384 [AsyncHttpClient-1-5] DEBUG org.asynchttpclient.netty.channel.ChannelManager - Adding key: http://localhost:19484 for channel [id: 0xb67de59c, L:/127.0.0.1:56790 - R:localhost/127.0.0.1:19484]
18:04:35.385 [Forwarding getCurrentUrl on session 31296efbf6b140567cc1f22c2c1ddb2f to remote] DEBUG org.asynchttpclient.netty.request.NettyRequestSender - Using pooled Channel '[id: 0xb67de59c, L:/127.0.0.1:56790 - R:localhost/127.0.0.1:19484]' for 'GET' to 'http://localhost:19484/session/31296efbf6b140567cc1f22c2c1ddb2f/url'
18:04:35.385 [Forwarding getCurrentUrl on session 31296efbf6b140567cc1f22c2c1ddb2f to remote] DEBUG org.asynchttpclient.netty.request.NettyRequestSender - Using open Channel [id: 0xb67de59c, L:/127.0.0.1:56790 - R:localhost/127.0.0.1:19484] for GET '/session/31296efbf6b140567cc1f22c2c1ddb2f/url'
18:04:35.388 [AsyncHttpClient-1-5] DEBUG org.asynchttpclient.netty.handler.HttpHandler - 

Request DefaultFullHttpRequest(decodeResult: success, version: HTTP/1.1, content: EmptyByteBufBE)
GET /session/31296efbf6b140567cc1f22c2c1ddb2f/url HTTP/1.1
User-Agent: selenium/4.8.1 (java windows)
Cache-Control: no-cache
Content-Type: application/json; charset=utf-8
host: localhost:19484
accept: */*

Response DefaultHttpResponse(decodeResult: success, version: HTTP/1.1)
HTTP/1.1 200 OK
Content-Length: 54
Content-Type: application/json; charset=utf-8
cache-control: no-cache

18:04:35.388 [AsyncHttpClient-1-5] DEBUG org.asynchttpclient.netty.channel.ChannelManager - Adding key: http://localhost:19484 for channel [id: 0xb67de59c, L:/127.0.0.1:56790 - R:localhost/127.0.0.1:19484]
18:04:35.388 [Forwarding screenshot on session 31296efbf6b140567cc1f22c2c1ddb2f to remote] DEBUG org.asynchttpclient.netty.request.NettyRequestSender - Using pooled Channel '[id: 0xb67de59c, L:/127.0.0.1:56790 - R:localhost/127.0.0.1:19484]' for 'GET' to 'http://localhost:19484/session/31296efbf6b140567cc1f22c2c1ddb2f/screenshot'
18:04:35.388 [Forwarding screenshot on session 31296efbf6b140567cc1f22c2c1ddb2f to remote] DEBUG org.asynchttpclient.netty.request.NettyRequestSender - Using open Channel [id: 0xb67de59c, L:/127.0.0.1:56790 - R:localhost/127.0.0.1:19484] for GET '/session/31296efbf6b140567cc1f22c2c1ddb2f/screenshot'
18:04:35.486 [AsyncHttpClient-1-5] DEBUG org.asynchttpclient.netty.handler.HttpHandler - 

Request DefaultFullHttpRequest(decodeResult: success, version: HTTP/1.1, content: EmptyByteBufBE)
GET /session/31296efbf6b140567cc1f22c2c1ddb2f/screenshot HTTP/1.1
User-Agent: selenium/4.8.1 (java windows)
Cache-Control: no-cache
Content-Type: application/json; charset=utf-8
host: localhost:19484
accept: */*

Response DefaultHttpResponse(decodeResult: success, version: HTTP/1.1)
HTTP/1.1 200 OK
Content-Length: 35524
Content-Type: application/json; charset=utf-8
cache-control: no-cache

18:04:35.486 [AsyncHttpClient-1-5] DEBUG org.asynchttpclient.netty.channel.ChannelManager - Adding key: http://localhost:19484 for channel [id: 0xb67de59c, L:/127.0.0.1:56790 - R:localhost/127.0.0.1:19484]
18:04:35.488 [main] DEBUG net.serenitybdd.core.photography.Darkroom - Send negative for processing for target\site\serenity\0c89348c4d50225d06783aea1276c84e1b3b79d3a3122832c5ae4914125389e1.png
18:04:35.489 [main] DEBUG net.thucydides.core.steps.StepInterceptor - STEP DONE: user click button register
  &amp#27;[32mAnd &amp#27;[0m&amp#27;[32muser click button register&amp#27;[0m                      &amp#27;[90m# starter.stepdefinition.RegisterStep.userClickButtonRegister()&amp#27;[0m
18:04:35.489 [Darkroom Processing Line] DEBUG net.serenitybdd.core.photography.DarkroomProcessingLine - Processing screenshot image in /var/screenshots/screenshot-7994603835727042015
18:04:35.489 [Darkroom Processing Line] DEBUG net.serenitybdd.core.photography.DarkroomProcessingLine - Saving screenshot to target\site\serenity\0c89348c4d50225d06783aea1276c84e1b3b79d3a3122832c5ae4914125389e1.png
18:04:35.498 [main] DEBUG net.thucydides.core.steps.StepInterceptor - STARTING STEP: RegisterStep.userCanSeeErrorMessage - user can see error message
18:04:35.499 [Forwarding findElement on session 31296efbf6b140567cc1f22c2c1ddb2f to remote] DEBUG org.asynchttpclient.netty.request.NettyRequestSender - Using pooled Channel '[id: 0xb67de59c, L:/127.0.0.1:56790 - R:localhost/127.0.0.1:19484]' for 'POST' to 'http://localhost:19484/session/31296efbf6b140567cc1f22c2c1ddb2f/element'
18:04:35.499 [Forwarding findElement on session 31296efbf6b140567cc1f22c2c1ddb2f to remote] DEBUG org.asynchttpclient.netty.request.NettyRequestSender - Using open Channel [id: 0xb67de59c, L:/127.0.0.1:56790 - R:localhost/127.0.0.1:19484] for POST '/session/31296efbf6b140567cc1f22c2c1ddb2f/element'
18:04:35.757 [AsyncHttpClient-1-5] DEBUG org.asynchttpclient.netty.handler.HttpHandler - 

Request DefaultHttpRequest(decodeResult: success, version: HTTP/1.1)
POST /session/31296efbf6b140567cc1f22c2c1ddb2f/element HTTP/1.1
User-Agent: selenium/4.8.1 (java windows)
Content-Length: 67
Content-Type: application/json; charset=utf-8
host: localhost:19484
accept: */*

Response DefaultHttpResponse(decodeResult: success, version: HTTP/1.1)
HTTP/1.1 200 OK
Content-Length: 88
Content-Type: application/json; charset=utf-8
cache-control: no-cache

18:04:35.757 [AsyncHttpClient-1-5] DEBUG org.asynchttpclient.netty.channel.ChannelManager - Adding key: http://localhost:19484 for channel [id: 0xb67de59c, L:/127.0.0.1:56790 - R:localhost/127.0.0.1:19484]
18:04:35.761 [Forwarding isElementDisplayed on session 31296efbf6b140567cc1f22c2c1ddb2f to remote] DEBUG org.asynchttpclient.netty.request.NettyRequestSender - Using pooled Channel '[id: 0xb67de59c, L:/127.0.0.1:56790 - R:localhost/127.0.0.1:19484]' for 'POST' to 'http://localhost:19484/session/31296efbf6b140567cc1f22c2c1ddb2f/execute/sync'
18:04:35.761 [Forwarding isElementDisplayed on session 31296efbf6b140567cc1f22c2c1ddb2f to remote] DEBUG org.asynchttpclient.netty.request.NettyRequestSender - Using open Channel [id: 0xb67de59c, L:/127.0.0.1:56790 - R:localhost/127.0.0.1:19484] for POST '/session/31296efbf6b140567cc1f22c2c1ddb2f/execute/sync'
18:04:35.779 [AsyncHttpClient-1-5] DEBUG org.asynchttpclient.netty.handler.HttpHandler - 

Request DefaultHttpRequest(decodeResult: success, version: HTTP/1.1)
POST /session/31296efbf6b140567cc1f22c2c1ddb2f/execute/sync HTTP/1.1
User-Agent: selenium/4.8.1 (java windows)
Content-Length: 48807
Content-Type: application/json; charset=utf-8
host: localhost:19484
accept: */*

Response DefaultHttpResponse(decodeResult: success, version: HTTP/1.1)
HTTP/1.1 200 OK
Content-Length: 14
Content-Type: application/json; charset=utf-8
cache-control: no-cache

18:04:35.779 [AsyncHttpClient-1-5] DEBUG org.asynchttpclient.netty.channel.ChannelManager - Adding key: http://localhost:19484 for channel [id: 0xb67de59c, L:/127.0.0.1:56790 - R:localhost/127.0.0.1:19484]
18:04:35.785 [Forwarding getAlertText on session 31296efbf6b140567cc1f22c2c1ddb2f to remote] DEBUG org.asynchttpclient.netty.request.NettyRequestSender - Using pooled Channel '[id: 0xb67de59c, L:/127.0.0.1:56790 - R:localhost/127.0.0.1:19484]' for 'GET' to 'http://localhost:19484/session/31296efbf6b140567cc1f22c2c1ddb2f/alert/text'
18:04:35.785 [Forwarding getAlertText on session 31296efbf6b140567cc1f22c2c1ddb2f to remote] DEBUG org.asynchttpclient.netty.request.NettyRequestSender - Using open Channel [id: 0xb67de59c, L:/127.0.0.1:56790 - R:localhost/127.0.0.1:19484] for GET '/session/31296efbf6b140567cc1f22c2c1ddb2f/alert/text'
18:04:35.786 [AsyncHttpClient-1-5] DEBUG org.asynchttpclient.netty.handler.HttpHandler - 

Request DefaultFullHttpRequest(decodeResult: success, version: HTTP/1.1, content: EmptyByteBufBE)
GET /session/31296efbf6b140567cc1f22c2c1ddb2f/alert/text HTTP/1.1
User-Agent: selenium/4.8.1 (java windows)
Cache-Control: no-cache
Content-Type: application/json; charset=utf-8
host: localhost:19484
accept: */*

Response DefaultHttpResponse(decodeResult: success, version: HTTP/1.1)
HTTP/1.1 404 Not Found
Content-Length: 848
Content-Type: application/json; charset=utf-8
cache-control: no-cache

18:04:35.786 [AsyncHttpClient-1-5] DEBUG org.asynchttpclient.netty.channel.ChannelManager - Adding key: http://localhost:19484 for channel [id: 0xb67de59c, L:/127.0.0.1:56790 - R:localhost/127.0.0.1:19484]
18:04:35.787 [Forwarding getCurrentUrl on session 31296efbf6b140567cc1f22c2c1ddb2f to remote] DEBUG org.asynchttpclient.netty.request.NettyRequestSender - Using pooled Channel '[id: 0xb67de59c, L:/127.0.0.1:56790 - R:localhost/127.0.0.1:19484]' for 'GET' to 'http://localhost:19484/session/31296efbf6b140567cc1f22c2c1ddb2f/url'
18:04:35.787 [Forwarding getCurrentUrl on session 31296efbf6b140567cc1f22c2c1ddb2f to remote] DEBUG org.asynchttpclient.netty.request.NettyRequestSender - Using open Channel [id: 0xb67de59c, L:/127.0.0.1:56790 - R:localhost/127.0.0.1:19484] for GET '/session/31296efbf6b140567cc1f22c2c1ddb2f/url'
18:04:35.790 [AsyncHttpClient-1-5] DEBUG org.asynchttpclient.netty.handler.HttpHandler - 

Request DefaultFullHttpRequest(decodeResult: success, version: HTTP/1.1, content: EmptyByteBufBE)
GET /session/31296efbf6b140567cc1f22c2c1ddb2f/url HTTP/1.1
User-Agent: selenium/4.8.1 (java windows)
Cache-Control: no-cache
Content-Type: application/json; charset=utf-8
host: localhost:19484
accept: */*

Response DefaultHttpResponse(decodeResult: success, version: HTTP/1.1)
HTTP/1.1 200 OK
Content-Length: 54
Content-Type: application/json; charset=utf-8
cache-control: no-cache

18:04:35.790 [AsyncHttpClient-1-5] DEBUG org.asynchttpclient.netty.channel.ChannelManager - Adding key: http://localhost:19484 for channel [id: 0xb67de59c, L:/127.0.0.1:56790 - R:localhost/127.0.0.1:19484]
18:04:35.791 [Forwarding screenshot on session 31296efbf6b140567cc1f22c2c1ddb2f to remote] DEBUG org.asynchttpclient.netty.request.NettyRequestSender - Using pooled Channel '[id: 0xb67de59c, L:/127.0.0.1:56790 - R:localhost/127.0.0.1:19484]' for 'GET' to 'http://localhost:19484/session/31296efbf6b140567cc1f22c2c1ddb2f/screenshot'
18:04:35.791 [Forwarding screenshot on session 31296efbf6b140567cc1f22c2c1ddb2f to remote] DEBUG org.asynchttpclient.netty.request.NettyRequestSender - Using open Channel [id: 0xb67de59c, L:/127.0.0.1:56790 - R:localhost/127.0.0.1:19484] for GET '/session/31296efbf6b140567cc1f22c2c1ddb2f/screenshot'
18:04:35.869 [AsyncHttpClient-1-5] DEBUG org.asynchttpclient.netty.handler.HttpHandler - 

Request DefaultFullHttpRequest(decodeResult: success, version: HTTP/1.1, content: EmptyByteBufBE)
GET /session/31296efbf6b140567cc1f22c2c1ddb2f/screenshot HTTP/1.1
User-Agent: selenium/4.8.1 (java windows)
Cache-Control: no-cache
Content-Type: application/json; charset=utf-8
host: localhost:19484
accept: */*

Response DefaultHttpResponse(decodeResult: success, version: HTTP/1.1)
HTTP/1.1 200 OK
Content-Length: 36656
Content-Type: application/json; charset=utf-8
cache-control: no-cache

18:04:35.869 [AsyncHttpClient-1-5] DEBUG org.asynchttpclient.netty.channel.ChannelManager - Adding key: http://localhost:19484 for channel [id: 0xb67de59c, L:/127.0.0.1:56790 - R:localhost/127.0.0.1:19484]
18:04:35.871 [main] DEBUG net.serenitybdd.core.photography.Darkroom - Send negative for processing for target\site\serenity\9070438a98646cf683b05d297396d30540a6ad08ac5f6312a0cd400c54a1aa2d.png
18:04:35.871 [main] DEBUG net.thucydides.core.steps.StepInterceptor - STEP DONE: user can see error message
  &amp#27;[32mThen &amp#27;[0m&amp#27;[32muser can see error message&amp#27;[0m                     &amp#27;[90m# starter.stepdefinition.RegisterStep.userCanSeeErrorMessage()&amp#27;[0m
18:04:35.871 [Darkroom Processing Line] DEBUG net.serenitybdd.core.photography.DarkroomProcessingLine - Processing screenshot image in /var/screenshots/screenshot-5600223416646719341
18:04:35.871 [Darkroom Processing Line] DEBUG net.serenitybdd.core.photography.DarkroomProcessingLine - Saving screenshot to target\site\serenity\9070438a98646cf683b05d297396d30540a6ad08ac5f6312a0cd400c54a1aa2d.png
18:04:35.875 [main] INFO  - 
  _____   ___   ___   _____     ___     _     ___   ___   ___   ___  
 |_   _| | __| / __| |_   _|   | _ \   /_\   / __| / __| | __| |   \ 
   | |   | _|  \__ \   | |     |  _/  / _ \  \__ \ \__ \ | _|  | |) |
   |_|   |___| |___/   |_|     |_|   /_/ \_\ |___/ |___/ |___| |___/ 

As a user, I register with registered email
----------------------------------------------------------------------
18:04:35.876 [AsyncHttpClient-1-7] DEBUG org.asynchttpclient.netty.handler.WebSocketHandler - Channel Closed: [id: 0x0a97a375, L:/127.0.0.1:56797 ! R:localhost/127.0.0.1:56791] with attribute NettyResponseFuture{currentRetry=0,
	isDone=1,
	isCancelled=0,
	asyncHandler=org.asynchttpclient.ws.WebSocketUpgradeHandler@14af5b02,
	nettyRequest=org.asynchttpclient.netty.request.NettyRequest@17de7b49,
	future=java.util.concurrent.CompletableFuture@315fe2fe[Completed normally],
	uri=ws://localhost:56791/devtools/browser/c0749697-37d3-4af3-a219-92a192cdf346,
	keepAlive=true,
	redirectCount=0,
	timeoutsHolder=null,
	inAuth=0,
	touch=1683543871801}
18:04:35.876 [Driver Command Executor] DEBUG org.asynchttpclient.netty.request.NettyRequestSender - Using pooled Channel '[id: 0xb67de59c, L:/127.0.0.1:56790 - R:localhost/127.0.0.1:19484]' for 'DELETE' to 'http://localhost:19484/session/31296efbf6b140567cc1f22c2c1ddb2f'
18:04:35.876 [AsyncHttpClient-1-7] DEBUG org.asynchttpclient.netty.channel.ChannelManager - Closing Channel [id: 0x0a97a375, L:/127.0.0.1:56797 ! R:localhost/127.0.0.1:56791] 
18:04:35.876 [Driver Command Executor] DEBUG org.asynchttpclient.netty.request.NettyRequestSender - Using open Channel [id: 0xb67de59c, L:/127.0.0.1:56790 - R:localhost/127.0.0.1:19484] for DELETE '/session/31296efbf6b140567cc1f22c2c1ddb2f'
18:04:35.918 [AsyncHttpClient-1-6] DEBUG org.asynchttpclient.netty.handler.HttpHandler - Unexpected I/O exception on channel [id: 0xd4966166, L:/127.0.0.1:56796 - R:localhost/127.0.0.1:56791]
java.io.IOException: An existing connection was forcibly closed by the remote host
	at sun.nio.ch.SocketDispatcher.read0(Native Method)
	at sun.nio.ch.SocketDispatcher.read(SocketDispatcher.java:43)
	at sun.nio.ch.IOUtil.readIntoNativeBuffer(IOUtil.java:223)
	at sun.nio.ch.IOUtil.read(IOUtil.java:192)
	at sun.nio.ch.SocketChannelImpl.read(SocketChannelImpl.java:378)
	at io.netty.buffer.PooledByteBuf.setBytes(PooledByteBuf.java:259)
	at io.netty.buffer.AbstractByteBuf.writeBytes(AbstractByteBuf.java:1132)
	at io.netty.channel.socket.nio.NioSocketChannel.doReadBytes(NioSocketChannel.java:357)
	at io.netty.channel.nio.AbstractNioByteChannel$NioByteUnsafe.read(AbstractNioByteChannel.java:151)
	at io.netty.channel.nio.NioEventLoop.processSelectedKey(NioEventLoop.java:788)
	at io.netty.channel.nio.NioEventLoop.processSelectedKeysOptimized(NioEventLoop.java:724)
	at io.netty.channel.nio.NioEventLoop.processSelectedKeys(NioEventLoop.java:650)
	at io.netty.channel.nio.NioEventLoop.run(NioEventLoop.java:562)
	at io.netty.util.concurrent.SingleThreadEventExecutor$4.run(SingleThreadEventExecutor.java:997)
	at io.netty.util.internal.ThreadExecutorMap$2.run(ThreadExecutorMap.java:74)
	at io.netty.util.concurrent.FastThreadLocalRunnable.run(FastThreadLocalRunnable.java:30)
	at java.lang.Thread.run(Thread.java:748)
18:04:35.918 [AsyncHttpClient-1-6] DEBUG org.asynchttpclient.netty.channel.ChannelManager - Closing Channel [id: 0xd4966166, L:/127.0.0.1:56796 - R:localhost/127.0.0.1:56791] 
18:04:35.918 [AsyncHttpClient-1-6] DEBUG org.asynchttpclient.netty.handler.HttpHandler - Channel Closed: [id: 0xd4966166, L:/127.0.0.1:56796 ! R:localhost/127.0.0.1:56791] with attribute DISCARD
18:04:35.956 [AsyncHttpClient-1-1] DEBUG org.asynchttpclient.netty.channel.DefaultChannelPool - Entry count for : http://localhost:56791 : 1
18:04:35.956 [AsyncHttpClient-1-1] DEBUG org.asynchttpclient.netty.channel.DefaultChannelPool - Adding Candidate expired Channel [id: 0xd4966166, L:/127.0.0.1:56796 ! R:localhost/127.0.0.1:56791] isIdleTimeoutExpired=false isRemotelyClosed=true isTtlExpired=false
18:04:35.956 [AsyncHttpClient-1-1] DEBUG org.asynchttpclient.netty.channel.DefaultChannelPool - Closing Idle Channel [id: 0xd4966166, L:/127.0.0.1:56796 ! R:localhost/127.0.0.1:56791]
18:04:35.956 [AsyncHttpClient-1-1] DEBUG org.asynchttpclient.netty.channel.DefaultChannelPool - Closed 1 connections out of 1 in 0 ms
18:04:35.965 [AsyncHttpClient-1-5] DEBUG org.asynchttpclient.netty.handler.HttpHandler - 

Request DefaultFullHttpRequest(decodeResult: success, version: HTTP/1.1, content: EmptyByteBufBE)
DELETE /session/31296efbf6b140567cc1f22c2c1ddb2f HTTP/1.1
User-Agent: selenium/4.8.1 (java windows)
Content-Type: application/json; charset=utf-8
host: localhost:19484
accept: */*

Response DefaultHttpResponse(decodeResult: success, version: HTTP/1.1)
HTTP/1.1 200 OK
Content-Length: 14
Content-Type: application/json; charset=utf-8
cache-control: no-cache

18:04:35.965 [AsyncHttpClient-1-5] DEBUG org.asynchttpclient.netty.channel.ChannelManager - Adding key: http://localhost:19484 for channel [id: 0xb67de59c, L:/127.0.0.1:56790 - R:localhost/127.0.0.1:19484]
18:04:36.052 [AsyncHttpClient-1-5] DEBUG org.asynchttpclient.netty.handler.HttpHandler - Channel Closed: [id: 0xb67de59c, L:/127.0.0.1:56790 ! R:localhost/127.0.0.1:19484] with attribute DISCARD
]]></system-out>
    <system-err><![CDATA[Starting ChromeDriver 112.0.5615.49 (bd2a7bcb881c11e8cfe3078709382934e3916914-refs/branch-heads/5615@{#936}) on port 19484
Only local connections are allowed.
Please see https://chromedriver.chromium.org/security-considerations for suggestions on keeping ChromeDriver safe.
ChromeDriver was started successfully.
May 08, 2023 6:04:31 PM org.openqa.selenium.devtools.CdpVersionFinder findNearestMatch
WARNING: Unable to find an exact match for CDP version 112, so returning the closest version found: 110
]]></system-err>
  </testcase>
  <testcase name="As a user, I register with a weak password" classname="Register - As a user I want to login So that I have to register account" time="7.833">
    <system-out><![CDATA[
@TC_Register_003
Scenario: As a user, I register with a weak password &amp#27;[90m# src/test/resources/features/Register.feature:25&amp#27;[0m
18:04:36.969 [main] DEBUG io.cucumber.core.plugin.SerenityReporter - Running feature from file:///C:/Users/user/IdeaProjects/QE_Devi%20Agustin%20Utari_Mini_Project/Web_Automation_AltaShop/src/test/resources/features/Register.feature
18:04:36.973 [main] INFO  - 
  _____   ___   ___   _____     ___   _____     _     ___   _____   ___   ___  
 |_   _| | __| / __| |_   _|   / __| |_   _|   /_\   | _ \ |_   _| | __| |   \ 
   | |   | _|  \__ \   | |     \__ \   | |    / _ \  |   /   | |   | _|  | |) |
   |_|   |___| |___/   |_|     |___/   |_|   /_/ \_\ |_|_\   |_|   |___| |___/ 

As a user, I register with a weak password(register---as-a-user-i-want-to-login-so-that-i-have-to-register-account;as-a-user--i-register-with-a-weak-password)
--------------------------------------------------------------------------------
18:04:36.997 [main] DEBUG net.thucydides.core.steps.StepInterceptor - STARTING STEP: RegisterStep.userOnLoginHomepage - user on login homepage
18:04:37.281 [AsyncHttpClient-1-1] DEBUG org.asynchttpclient.netty.channel.DefaultChannelPool - Entry count for : http://localhost:19484 : 1
18:04:37.282 [AsyncHttpClient-1-1] DEBUG org.asynchttpclient.netty.channel.DefaultChannelPool - Adding Candidate expired Channel [id: 0xb67de59c, L:/127.0.0.1:56790 ! R:localhost/127.0.0.1:19484] isIdleTimeoutExpired=false isRemotelyClosed=true isTtlExpired=false
18:04:37.282 [AsyncHttpClient-1-1] DEBUG org.asynchttpclient.netty.channel.DefaultChannelPool - Closing Idle Channel [id: 0xb67de59c, L:/127.0.0.1:56790 ! R:localhost/127.0.0.1:19484]
18:04:37.283 [AsyncHttpClient-1-1] DEBUG org.asynchttpclient.netty.channel.DefaultChannelPool - Closed 1 connections out of 1 in 1 ms
18:04:38.073 [main] INFO net.serenitybdd.core.webdriver.driverproviders.ChromeDriverProvider - Starting Chrome driver instance with capabilities:
18:04:38.073 [main] INFO net.serenitybdd.core.webdriver.driverproviders.ChromeDriverProvider - Capabilities {acceptInsecureCerts: true, browserName: chrome, goog:chromeOptions: {args: [remote-allow-origins=*, test-type, no-sandbox, ignore-certificate-errors, start-maximized, incognito, disable-infobars, disable-gpu, disable-default-apps, disable-popup-blocking, remote-allow-origins=*, test-type, no-sandbox, ignore-certificate-errors, start-maximized, incognito, disable-infobars, disable-gpu, disable-default-apps, disable-popup-blocking, remote-allow-origins=*], extensions: []}}
18:04:38.778 [AsyncHttpClient-1-8] DEBUG org.asynchttpclient.netty.channel.NettyConnectListener - Using new Channel '[id: 0x29ebccad, L:/127.0.0.1:56816 - R:localhost/127.0.0.1:41866]' for 'POST' to '/session'
18:04:39.578 [AsyncHttpClient-1-8] DEBUG org.asynchttpclient.netty.handler.HttpHandler - 

Request DefaultHttpRequest(decodeResult: success, version: HTTP/1.1)
POST /session HTTP/1.1
User-Agent: selenium/4.8.1 (java windows)
Content-Length: 1701
Content-Type: application/json; charset=utf-8
host: localhost:41866
accept: */*

Response DefaultHttpResponse(decodeResult: success, version: HTTP/1.1)
HTTP/1.1 200 OK
Content-Length: 843
Content-Type: application/json; charset=utf-8
cache-control: no-cache

18:04:39.578 [AsyncHttpClient-1-8] DEBUG org.asynchttpclient.netty.channel.ChannelManager - Adding key: http://localhost:41866 for channel [id: 0x29ebccad, L:/127.0.0.1:56816 - R:localhost/127.0.0.1:41866]
18:04:39.585 [AsyncHttpClient-1-9] DEBUG org.asynchttpclient.netty.channel.NettyConnectListener - Using new Channel '[id: 0xe77c3786, L:/127.0.0.1:56824 - R:localhost/127.0.0.1:56817]' for 'GET' to '/json/version'
18:04:39.585 [AsyncHttpClient-1-9] DEBUG org.asynchttpclient.netty.handler.HttpHandler - 

Request DefaultFullHttpRequest(decodeResult: success, version: HTTP/1.1, content: EmptyByteBufBE)
GET /json/version HTTP/1.1
User-Agent: selenium/4.8.1 (java windows)
host: localhost:56817
accept: */*

Response DefaultHttpResponse(decodeResult: success, version: HTTP/1.1)
HTTP/1.1 200 OK
Content-Security-Policy: frame-ancestors 'none'
Content-Length: 424
Content-Type: application/json; charset=UTF-8

18:04:39.585 [AsyncHttpClient-1-9] DEBUG org.asynchttpclient.netty.channel.ChannelManager - Adding key: http://localhost:56817 for channel [id: 0xe77c3786, L:/127.0.0.1:56824 - R:localhost/127.0.0.1:56817]
18:04:39.587 [AsyncHttpClient-1-2] DEBUG org.asynchttpclient.netty.channel.NettyConnectListener - Using new Channel '[id: 0xe4316010, L:/127.0.0.1:56825 - R:localhost/127.0.0.1:56817]' for 'GET' to '/devtools/browser/2764b585-1e2f-4c0a-9741-f3a7782a2d07'
18:04:39.587 [AsyncHttpClient-1-2] DEBUG org.asynchttpclient.netty.handler.WebSocketHandler - 

Request DefaultFullHttpRequest(decodeResult: success, version: HTTP/1.1, content: EmptyByteBufBE)
GET /devtools/browser/2764b585-1e2f-4c0a-9741-f3a7782a2d07 HTTP/1.1
upgrade: websocket
connection: upgrade
sec-websocket-key: s/RbhWr7nUDuESy8VtxoNQ==
sec-websocket-version: 13
origin: http://localhost:56817
host: localhost:56817
accept: */*
user-agent: AHC/2.1

Response DefaultHttpResponse(decodeResult: success, version: HTTP/1.1)
HTTP/1.1 101 WebSocket Protocol Handshake
Upgrade: WebSocket
Connection: Upgrade
Sec-WebSocket-Accept: eFsS3vvUE45GOoft4gj6YLcjVvo=

18:04:39.590 [Forwarding get on session 1a8de7cbe08be610e7420638d942535b to remote] DEBUG org.asynchttpclient.netty.request.NettyRequestSender - Using pooled Channel '[id: 0x29ebccad, L:/127.0.0.1:56816 - R:localhost/127.0.0.1:41866]' for 'POST' to 'http://localhost:41866/session/1a8de7cbe08be610e7420638d942535b/url'
18:04:39.590 [Forwarding get on session 1a8de7cbe08be610e7420638d942535b to remote] DEBUG org.asynchttpclient.netty.request.NettyRequestSender - Using open Channel [id: 0x29ebccad, L:/127.0.0.1:56816 - R:localhost/127.0.0.1:41866] for POST '/session/1a8de7cbe08be610e7420638d942535b/url'
18:04:40.525 [AsyncHttpClient-1-8] DEBUG org.asynchttpclient.netty.handler.HttpHandler - 

Request DefaultHttpRequest(decodeResult: success, version: HTTP/1.1)
POST /session/1a8de7cbe08be610e7420638d942535b/url HTTP/1.1
User-Agent: selenium/4.8.1 (java windows)
Content-Length: 74
Content-Type: application/json; charset=utf-8
host: localhost:41866
accept: */*

Response DefaultHttpResponse(decodeResult: success, version: HTTP/1.1)
HTTP/1.1 200 OK
Content-Length: 14
Content-Type: application/json; charset=utf-8
cache-control: no-cache

18:04:40.526 [AsyncHttpClient-1-8] DEBUG org.asynchttpclient.netty.channel.ChannelManager - Adding key: http://localhost:41866 for channel [id: 0x29ebccad, L:/127.0.0.1:56816 - R:localhost/127.0.0.1:41866]
18:04:40.533 [Forwarding setTimeout on session 1a8de7cbe08be610e7420638d942535b to remote] DEBUG org.asynchttpclient.netty.request.NettyRequestSender - Using pooled Channel '[id: 0x29ebccad, L:/127.0.0.1:56816 - R:localhost/127.0.0.1:41866]' for 'POST' to 'http://localhost:41866/session/1a8de7cbe08be610e7420638d942535b/timeouts'
18:04:40.533 [Forwarding setTimeout on session 1a8de7cbe08be610e7420638d942535b to remote] DEBUG org.asynchttpclient.netty.request.NettyRequestSender - Using open Channel [id: 0x29ebccad, L:/127.0.0.1:56816 - R:localhost/127.0.0.1:41866] for POST '/session/1a8de7cbe08be610e7420638d942535b/timeouts'
18:04:40.536 [AsyncHttpClient-1-8] DEBUG org.asynchttpclient.netty.handler.HttpHandler - 

Request DefaultHttpRequest(decodeResult: success, version: HTTP/1.1)
POST /session/1a8de7cbe08be610e7420638d942535b/timeouts HTTP/1.1
User-Agent: selenium/4.8.1 (java windows)
Content-Length: 22
Content-Type: application/json; charset=utf-8
host: localhost:41866
accept: */*

Response DefaultHttpResponse(decodeResult: success, version: HTTP/1.1)
HTTP/1.1 200 OK
Content-Length: 14
Content-Type: application/json; charset=utf-8
cache-control: no-cache

18:04:40.536 [AsyncHttpClient-1-8] DEBUG org.asynchttpclient.netty.channel.ChannelManager - Adding key: http://localhost:41866 for channel [id: 0x29ebccad, L:/127.0.0.1:56816 - R:localhost/127.0.0.1:41866]
18:04:40.547 [Forwarding findElement on session 1a8de7cbe08be610e7420638d942535b to remote] DEBUG org.asynchttpclient.netty.request.NettyRequestSender - Using pooled Channel '[id: 0x29ebccad, L:/127.0.0.1:56816 - R:localhost/127.0.0.1:41866]' for 'POST' to 'http://localhost:41866/session/1a8de7cbe08be610e7420638d942535b/element'
18:04:40.547 [AsyncHttpClient-1-1] DEBUG org.asynchttpclient.netty.channel.DefaultChannelPool - Entry count for : http://localhost:56817 : 1
18:04:40.547 [Forwarding findElement on session 1a8de7cbe08be610e7420638d942535b to remote] DEBUG org.asynchttpclient.netty.request.NettyRequestSender - Using open Channel [id: 0x29ebccad, L:/127.0.0.1:56816 - R:localhost/127.0.0.1:41866] for POST '/session/1a8de7cbe08be610e7420638d942535b/element'
18:04:40.564 [AsyncHttpClient-1-8] DEBUG org.asynchttpclient.netty.handler.HttpHandler - 

Request DefaultHttpRequest(decodeResult: success, version: HTTP/1.1)
POST /session/1a8de7cbe08be610e7420638d942535b/element HTTP/1.1
User-Agent: selenium/4.8.1 (java windows)
Content-Length: 69
Content-Type: application/json; charset=utf-8
host: localhost:41866
accept: */*

Response DefaultHttpResponse(decodeResult: success, version: HTTP/1.1)
HTTP/1.1 200 OK
Content-Length: 88
Content-Type: application/json; charset=utf-8
cache-control: no-cache

18:04:40.564 [AsyncHttpClient-1-8] DEBUG org.asynchttpclient.netty.channel.ChannelManager - Adding key: http://localhost:41866 for channel [id: 0x29ebccad, L:/127.0.0.1:56816 - R:localhost/127.0.0.1:41866]
18:04:40.568 [Forwarding isElementDisplayed on session 1a8de7cbe08be610e7420638d942535b to remote] DEBUG org.asynchttpclient.netty.request.NettyRequestSender - Using pooled Channel '[id: 0x29ebccad, L:/127.0.0.1:56816 - R:localhost/127.0.0.1:41866]' for 'POST' to 'http://localhost:41866/session/1a8de7cbe08be610e7420638d942535b/execute/sync'
18:04:40.569 [Forwarding isElementDisplayed on session 1a8de7cbe08be610e7420638d942535b to remote] DEBUG org.asynchttpclient.netty.request.NettyRequestSender - Using open Channel [id: 0x29ebccad, L:/127.0.0.1:56816 - R:localhost/127.0.0.1:41866] for POST '/session/1a8de7cbe08be610e7420638d942535b/execute/sync'
18:04:40.591 [AsyncHttpClient-1-8] DEBUG org.asynchttpclient.netty.handler.HttpHandler - 

Request DefaultHttpRequest(decodeResult: success, version: HTTP/1.1)
POST /session/1a8de7cbe08be610e7420638d942535b/execute/sync HTTP/1.1
User-Agent: selenium/4.8.1 (java windows)
Content-Length: 48807
Content-Type: application/json; charset=utf-8
host: localhost:41866
accept: */*

Response DefaultHttpResponse(decodeResult: success, version: HTTP/1.1)
HTTP/1.1 200 OK
Content-Length: 14
Content-Type: application/json; charset=utf-8
cache-control: no-cache

18:04:40.591 [AsyncHttpClient-1-8] DEBUG org.asynchttpclient.netty.channel.ChannelManager - Adding key: http://localhost:41866 for channel [id: 0x29ebccad, L:/127.0.0.1:56816 - R:localhost/127.0.0.1:41866]
18:04:40.600 [Forwarding getAlertText on session 1a8de7cbe08be610e7420638d942535b to remote] DEBUG org.asynchttpclient.netty.request.NettyRequestSender - Using pooled Channel '[id: 0x29ebccad, L:/127.0.0.1:56816 - R:localhost/127.0.0.1:41866]' for 'GET' to 'http://localhost:41866/session/1a8de7cbe08be610e7420638d942535b/alert/text'
18:04:40.600 [Forwarding getAlertText on session 1a8de7cbe08be610e7420638d942535b to remote] DEBUG org.asynchttpclient.netty.request.NettyRequestSender - Using open Channel [id: 0x29ebccad, L:/127.0.0.1:56816 - R:localhost/127.0.0.1:41866] for GET '/session/1a8de7cbe08be610e7420638d942535b/alert/text'
18:04:40.602 [AsyncHttpClient-1-8] DEBUG org.asynchttpclient.netty.handler.HttpHandler - 

Request DefaultFullHttpRequest(decodeResult: success, version: HTTP/1.1, content: EmptyByteBufBE)
GET /session/1a8de7cbe08be610e7420638d942535b/alert/text HTTP/1.1
User-Agent: selenium/4.8.1 (java windows)
Cache-Control: no-cache
Content-Type: application/json; charset=utf-8
host: localhost:41866
accept: */*

Response DefaultHttpResponse(decodeResult: success, version: HTTP/1.1)
HTTP/1.1 404 Not Found
Content-Length: 848
Content-Type: application/json; charset=utf-8
cache-control: no-cache

18:04:40.602 [AsyncHttpClient-1-8] DEBUG org.asynchttpclient.netty.channel.ChannelManager - Adding key: http://localhost:41866 for channel [id: 0x29ebccad, L:/127.0.0.1:56816 - R:localhost/127.0.0.1:41866]
18:04:40.603 [Forwarding getCurrentUrl on session 1a8de7cbe08be610e7420638d942535b to remote] DEBUG org.asynchttpclient.netty.request.NettyRequestSender - Using pooled Channel '[id: 0x29ebccad, L:/127.0.0.1:56816 - R:localhost/127.0.0.1:41866]' for 'GET' to 'http://localhost:41866/session/1a8de7cbe08be610e7420638d942535b/url'
18:04:40.603 [Forwarding getCurrentUrl on session 1a8de7cbe08be610e7420638d942535b to remote] DEBUG org.asynchttpclient.netty.request.NettyRequestSender - Using open Channel [id: 0x29ebccad, L:/127.0.0.1:56816 - R:localhost/127.0.0.1:41866] for GET '/session/1a8de7cbe08be610e7420638d942535b/url'
18:04:40.608 [AsyncHttpClient-1-8] DEBUG org.asynchttpclient.netty.handler.HttpHandler - 

Request DefaultFullHttpRequest(decodeResult: success, version: HTTP/1.1, content: EmptyByteBufBE)
GET /session/1a8de7cbe08be610e7420638d942535b/url HTTP/1.1
User-Agent: selenium/4.8.1 (java windows)
Cache-Control: no-cache
Content-Type: application/json; charset=utf-8
host: localhost:41866
accept: */*

Response DefaultHttpResponse(decodeResult: success, version: HTTP/1.1)
HTTP/1.1 200 OK
Content-Length: 51
Content-Type: application/json; charset=utf-8
cache-control: no-cache

18:04:40.609 [AsyncHttpClient-1-8] DEBUG org.asynchttpclient.netty.channel.ChannelManager - Adding key: http://localhost:41866 for channel [id: 0x29ebccad, L:/127.0.0.1:56816 - R:localhost/127.0.0.1:41866]
18:04:40.609 [Forwarding screenshot on session 1a8de7cbe08be610e7420638d942535b to remote] DEBUG org.asynchttpclient.netty.request.NettyRequestSender - Using pooled Channel '[id: 0x29ebccad, L:/127.0.0.1:56816 - R:localhost/127.0.0.1:41866]' for 'GET' to 'http://localhost:41866/session/1a8de7cbe08be610e7420638d942535b/screenshot'
18:04:40.609 [Forwarding screenshot on session 1a8de7cbe08be610e7420638d942535b to remote] DEBUG org.asynchttpclient.netty.request.NettyRequestSender - Using open Channel [id: 0x29ebccad, L:/127.0.0.1:56816 - R:localhost/127.0.0.1:41866] for GET '/session/1a8de7cbe08be610e7420638d942535b/screenshot'
18:04:40.824 [AsyncHttpClient-1-8] DEBUG org.asynchttpclient.netty.handler.HttpHandler - 

Request DefaultFullHttpRequest(decodeResult: success, version: HTTP/1.1, content: EmptyByteBufBE)
GET /session/1a8de7cbe08be610e7420638d942535b/screenshot HTTP/1.1
User-Agent: selenium/4.8.1 (java windows)
Cache-Control: no-cache
Content-Type: application/json; charset=utf-8
host: localhost:41866
accept: */*

Response DefaultHttpResponse(decodeResult: success, version: HTTP/1.1)
HTTP/1.1 200 OK
Content-Length: 25060
Content-Type: application/json; charset=utf-8
cache-control: no-cache

18:04:40.824 [AsyncHttpClient-1-8] DEBUG org.asynchttpclient.netty.channel.ChannelManager - Adding key: http://localhost:41866 for channel [id: 0x29ebccad, L:/127.0.0.1:56816 - R:localhost/127.0.0.1:41866]
18:04:40.826 [main] DEBUG net.serenitybdd.core.photography.Darkroom - Send negative for processing for target\site\serenity\1db263dd5c04c8fe15e82ee6420144d4e1e7b9826b9315cfd7ec5b5d0da76045.png
18:04:40.827 [main] DEBUG net.thucydides.core.steps.StepInterceptor - STEP DONE: user on login homepage
  &amp#27;[32mGiven &amp#27;[0m&amp#27;[32muser on login homepage&amp#27;[0m                       &amp#27;[90m# starter.stepdefinition.RegisterStep.userOnLoginHomepage()&amp#27;[0m
18:04:40.841 [main] DEBUG net.thucydides.core.steps.StepInterceptor - STARTING STEP: RegisterStep.userClickRegister - user click register
18:04:40.845 [Forwarding findElement on session 1a8de7cbe08be610e7420638d942535b to remote] DEBUG org.asynchttpclient.netty.request.NettyRequestSender - Using pooled Channel '[id: 0x29ebccad, L:/127.0.0.1:56816 - R:localhost/127.0.0.1:41866]' for 'POST' to 'http://localhost:41866/session/1a8de7cbe08be610e7420638d942535b/element'
18:04:40.846 [Forwarding findElement on session 1a8de7cbe08be610e7420638d942535b to remote] DEBUG org.asynchttpclient.netty.request.NettyRequestSender - Using open Channel [id: 0x29ebccad, L:/127.0.0.1:56816 - R:localhost/127.0.0.1:41866] for POST '/session/1a8de7cbe08be610e7420638d942535b/element'
18:04:40.882 [AsyncHttpClient-1-8] DEBUG org.asynchttpclient.netty.handler.HttpHandler - 

Request DefaultHttpRequest(decodeResult: success, version: HTTP/1.1)
POST /session/1a8de7cbe08be610e7420638d942535b/element HTTP/1.1
User-Agent: selenium/4.8.1 (java windows)
Content-Length: 84
Content-Type: application/json; charset=utf-8
host: localhost:41866
accept: */*

Response DefaultHttpResponse(decodeResult: success, version: HTTP/1.1)
HTTP/1.1 200 OK
Content-Length: 88
Content-Type: application/json; charset=utf-8
cache-control: no-cache

18:04:40.882 [AsyncHttpClient-1-8] DEBUG org.asynchttpclient.netty.channel.ChannelManager - Adding key: http://localhost:41866 for channel [id: 0x29ebccad, L:/127.0.0.1:56816 - R:localhost/127.0.0.1:41866]
18:04:40.883 [Forwarding getElementTagName on session 1a8de7cbe08be610e7420638d942535b to remote] DEBUG org.asynchttpclient.netty.request.NettyRequestSender - Using pooled Channel '[id: 0x29ebccad, L:/127.0.0.1:56816 - R:localhost/127.0.0.1:41866]' for 'GET' to 'http://localhost:41866/session/1a8de7cbe08be610e7420638d942535b/element/fa056e69-9e66-469b-9618-6150405ac3bb/name'
18:04:40.883 [Forwarding getElementTagName on session 1a8de7cbe08be610e7420638d942535b to remote] DEBUG org.asynchttpclient.netty.request.NettyRequestSender - Using open Channel [id: 0x29ebccad, L:/127.0.0.1:56816 - R:localhost/127.0.0.1:41866] for GET '/session/1a8de7cbe08be610e7420638d942535b/element/fa056e69-9e66-469b-9618-6150405ac3bb/name'
18:04:40.888 [AsyncHttpClient-1-8] DEBUG org.asynchttpclient.netty.handler.HttpHandler - 

Request DefaultFullHttpRequest(decodeResult: success, version: HTTP/1.1, content: EmptyByteBufBE)
GET /session/1a8de7cbe08be610e7420638d942535b/element/fa056e69-9e66-469b-9618-6150405ac3bb/name HTTP/1.1
User-Agent: selenium/4.8.1 (java windows)
Cache-Control: no-cache
Content-Type: application/json; charset=utf-8
host: localhost:41866
accept: */*

Response DefaultHttpResponse(decodeResult: success, version: HTTP/1.1)
HTTP/1.1 200 OK
Content-Length: 13
Content-Type: application/json; charset=utf-8
cache-control: no-cache

18:04:40.888 [AsyncHttpClient-1-8] DEBUG org.asynchttpclient.netty.channel.ChannelManager - Adding key: http://localhost:41866 for channel [id: 0x29ebccad, L:/127.0.0.1:56816 - R:localhost/127.0.0.1:41866]
18:04:40.890 [Forwarding getElementTagName on session 1a8de7cbe08be610e7420638d942535b to remote] DEBUG org.asynchttpclient.netty.request.NettyRequestSender - Using pooled Channel '[id: 0x29ebccad, L:/127.0.0.1:56816 - R:localhost/127.0.0.1:41866]' for 'GET' to 'http://localhost:41866/session/1a8de7cbe08be610e7420638d942535b/element/fa056e69-9e66-469b-9618-6150405ac3bb/name'
18:04:40.890 [Forwarding getElementTagName on session 1a8de7cbe08be610e7420638d942535b to remote] DEBUG org.asynchttpclient.netty.request.NettyRequestSender - Using open Channel [id: 0x29ebccad, L:/127.0.0.1:56816 - R:localhost/127.0.0.1:41866] for GET '/session/1a8de7cbe08be610e7420638d942535b/element/fa056e69-9e66-469b-9618-6150405ac3bb/name'
18:04:40.898 [AsyncHttpClient-1-8] DEBUG org.asynchttpclient.netty.handler.HttpHandler - 

Request DefaultFullHttpRequest(decodeResult: success, version: HTTP/1.1, content: EmptyByteBufBE)
GET /session/1a8de7cbe08be610e7420638d942535b/element/fa056e69-9e66-469b-9618-6150405ac3bb/name HTTP/1.1
User-Agent: selenium/4.8.1 (java windows)
Cache-Control: no-cache
Content-Type: application/json; charset=utf-8
host: localhost:41866
accept: */*

Response DefaultHttpResponse(decodeResult: success, version: HTTP/1.1)
HTTP/1.1 200 OK
Content-Length: 13
Content-Type: application/json; charset=utf-8
cache-control: no-cache

18:04:40.898 [AsyncHttpClient-1-8] DEBUG org.asynchttpclient.netty.channel.ChannelManager - Adding key: http://localhost:41866 for channel [id: 0x29ebccad, L:/127.0.0.1:56816 - R:localhost/127.0.0.1:41866]
18:04:40.900 [Forwarding findElement on session 1a8de7cbe08be610e7420638d942535b to remote] DEBUG org.asynchttpclient.netty.request.NettyRequestSender - Using pooled Channel '[id: 0x29ebccad, L:/127.0.0.1:56816 - R:localhost/127.0.0.1:41866]' for 'POST' to 'http://localhost:41866/session/1a8de7cbe08be610e7420638d942535b/element'
18:04:40.900 [Forwarding findElement on session 1a8de7cbe08be610e7420638d942535b to remote] DEBUG org.asynchttpclient.netty.request.NettyRequestSender - Using open Channel [id: 0x29ebccad, L:/127.0.0.1:56816 - R:localhost/127.0.0.1:41866] for POST '/session/1a8de7cbe08be610e7420638d942535b/element'
18:04:40.913 [AsyncHttpClient-1-8] DEBUG org.asynchttpclient.netty.handler.HttpHandler - 

Request DefaultHttpRequest(decodeResult: success, version: HTTP/1.1)
POST /session/1a8de7cbe08be610e7420638d942535b/element HTTP/1.1
User-Agent: selenium/4.8.1 (java windows)
Content-Length: 84
Content-Type: application/json; charset=utf-8
host: localhost:41866
accept: */*

Response DefaultHttpResponse(decodeResult: success, version: HTTP/1.1)
HTTP/1.1 200 OK
Content-Length: 88
Content-Type: application/json; charset=utf-8
cache-control: no-cache

18:04:40.913 [AsyncHttpClient-1-8] DEBUG org.asynchttpclient.netty.channel.ChannelManager - Adding key: http://localhost:41866 for channel [id: 0x29ebccad, L:/127.0.0.1:56816 - R:localhost/127.0.0.1:41866]
18:04:40.914 [Forwarding clickElement on session 1a8de7cbe08be610e7420638d942535b to remote] DEBUG org.asynchttpclient.netty.request.NettyRequestSender - Using pooled Channel '[id: 0x29ebccad, L:/127.0.0.1:56816 - R:localhost/127.0.0.1:41866]' for 'POST' to 'http://localhost:41866/session/1a8de7cbe08be610e7420638d942535b/element/fa056e69-9e66-469b-9618-6150405ac3bb/click'
18:04:40.914 [Forwarding clickElement on session 1a8de7cbe08be610e7420638d942535b to remote] DEBUG org.asynchttpclient.netty.request.NettyRequestSender - Using open Channel [id: 0x29ebccad, L:/127.0.0.1:56816 - R:localhost/127.0.0.1:41866] for POST '/session/1a8de7cbe08be610e7420638d942535b/element/fa056e69-9e66-469b-9618-6150405ac3bb/click'
18:04:41.007 [AsyncHttpClient-1-8] DEBUG org.asynchttpclient.netty.handler.HttpHandler - 

Request DefaultHttpRequest(decodeResult: success, version: HTTP/1.1)
POST /session/1a8de7cbe08be610e7420638d942535b/element/fa056e69-9e66-469b-9618-6150405ac3bb/click HTTP/1.1
User-Agent: selenium/4.8.1 (java windows)
Content-Length: 50
Content-Type: application/json; charset=utf-8
host: localhost:41866
accept: */*

Response DefaultHttpResponse(decodeResult: success, version: HTTP/1.1)
HTTP/1.1 200 OK
Content-Length: 14
Content-Type: application/json; charset=utf-8
cache-control: no-cache

18:04:41.007 [AsyncHttpClient-1-8] DEBUG org.asynchttpclient.netty.channel.ChannelManager - Adding key: http://localhost:41866 for channel [id: 0x29ebccad, L:/127.0.0.1:56816 - R:localhost/127.0.0.1:41866]
18:04:41.016 [Forwarding getAlertText on session 1a8de7cbe08be610e7420638d942535b to remote] DEBUG org.asynchttpclient.netty.request.NettyRequestSender - Using pooled Channel '[id: 0x29ebccad, L:/127.0.0.1:56816 - R:localhost/127.0.0.1:41866]' for 'GET' to 'http://localhost:41866/session/1a8de7cbe08be610e7420638d942535b/alert/text'
18:04:41.016 [Forwarding getAlertText on session 1a8de7cbe08be610e7420638d942535b to remote] DEBUG org.asynchttpclient.netty.request.NettyRequestSender - Using open Channel [id: 0x29ebccad, L:/127.0.0.1:56816 - R:localhost/127.0.0.1:41866] for GET '/session/1a8de7cbe08be610e7420638d942535b/alert/text'
18:04:41.021 [AsyncHttpClient-1-8] DEBUG org.asynchttpclient.netty.handler.HttpHandler - 

Request DefaultFullHttpRequest(decodeResult: success, version: HTTP/1.1, content: EmptyByteBufBE)
GET /session/1a8de7cbe08be610e7420638d942535b/alert/text HTTP/1.1
User-Agent: selenium/4.8.1 (java windows)
Cache-Control: no-cache
Content-Type: application/json; charset=utf-8
host: localhost:41866
accept: */*

Response DefaultHttpResponse(decodeResult: success, version: HTTP/1.1)
HTTP/1.1 404 Not Found
Content-Length: 848
Content-Type: application/json; charset=utf-8
cache-control: no-cache

18:04:41.021 [AsyncHttpClient-1-8] DEBUG org.asynchttpclient.netty.channel.ChannelManager - Adding key: http://localhost:41866 for channel [id: 0x29ebccad, L:/127.0.0.1:56816 - R:localhost/127.0.0.1:41866]
18:04:41.023 [Forwarding getCurrentUrl on session 1a8de7cbe08be610e7420638d942535b to remote] DEBUG org.asynchttpclient.netty.request.NettyRequestSender - Using pooled Channel '[id: 0x29ebccad, L:/127.0.0.1:56816 - R:localhost/127.0.0.1:41866]' for 'GET' to 'http://localhost:41866/session/1a8de7cbe08be610e7420638d942535b/url'
18:04:41.023 [Forwarding getCurrentUrl on session 1a8de7cbe08be610e7420638d942535b to remote] DEBUG org.asynchttpclient.netty.request.NettyRequestSender - Using open Channel [id: 0x29ebccad, L:/127.0.0.1:56816 - R:localhost/127.0.0.1:41866] for GET '/session/1a8de7cbe08be610e7420638d942535b/url'
18:04:41.038 [AsyncHttpClient-1-8] DEBUG org.asynchttpclient.netty.handler.HttpHandler - 

Request DefaultFullHttpRequest(decodeResult: success, version: HTTP/1.1, content: EmptyByteBufBE)
GET /session/1a8de7cbe08be610e7420638d942535b/url HTTP/1.1
User-Agent: selenium/4.8.1 (java windows)
Cache-Control: no-cache
Content-Type: application/json; charset=utf-8
host: localhost:41866
accept: */*

Response DefaultHttpResponse(decodeResult: success, version: HTTP/1.1)
HTTP/1.1 200 OK
Content-Length: 54
Content-Type: application/json; charset=utf-8
cache-control: no-cache

18:04:41.038 [AsyncHttpClient-1-8] DEBUG org.asynchttpclient.netty.channel.ChannelManager - Adding key: http://localhost:41866 for channel [id: 0x29ebccad, L:/127.0.0.1:56816 - R:localhost/127.0.0.1:41866]
18:04:41.038 [Forwarding screenshot on session 1a8de7cbe08be610e7420638d942535b to remote] DEBUG org.asynchttpclient.netty.request.NettyRequestSender - Using pooled Channel '[id: 0x29ebccad, L:/127.0.0.1:56816 - R:localhost/127.0.0.1:41866]' for 'GET' to 'http://localhost:41866/session/1a8de7cbe08be610e7420638d942535b/screenshot'
18:04:41.039 [Forwarding screenshot on session 1a8de7cbe08be610e7420638d942535b to remote] DEBUG org.asynchttpclient.netty.request.NettyRequestSender - Using open Channel [id: 0x29ebccad, L:/127.0.0.1:56816 - R:localhost/127.0.0.1:41866] for GET '/session/1a8de7cbe08be610e7420638d942535b/screenshot'
18:04:41.181 [AsyncHttpClient-1-8] DEBUG org.asynchttpclient.netty.handler.HttpHandler - 

Request DefaultFullHttpRequest(decodeResult: success, version: HTTP/1.1, content: EmptyByteBufBE)
GET /session/1a8de7cbe08be610e7420638d942535b/screenshot HTTP/1.1
User-Agent: selenium/4.8.1 (java windows)
Cache-Control: no-cache
Content-Type: application/json; charset=utf-8
host: localhost:41866
accept: */*

Response DefaultHttpResponse(decodeResult: success, version: HTTP/1.1)
HTTP/1.1 200 OK
Content-Length: 29736
Content-Type: application/json; charset=utf-8
cache-control: no-cache

18:04:41.181 [AsyncHttpClient-1-8] DEBUG org.asynchttpclient.netty.channel.ChannelManager - Adding key: http://localhost:41866 for channel [id: 0x29ebccad, L:/127.0.0.1:56816 - R:localhost/127.0.0.1:41866]
18:04:41.183 [main] DEBUG net.serenitybdd.core.photography.Darkroom - Send negative for processing for target\site\serenity\4483762c880586e376db97ee87af78ecdfed1b519253aeada9d8e70d529c0abc.png
18:04:41.184 [main] DEBUG net.thucydides.core.steps.StepInterceptor - STEP DONE: user click register
  &amp#27;[32mAnd &amp#27;[0m&amp#27;[32muser click register&amp#27;[0m                            &amp#27;[90m# starter.stepdefinition.RegisterStep.userClickRegister()&amp#27;[0m
18:04:41.197 [main] DEBUG net.thucydides.core.steps.StepInterceptor - STARTING STEP: RegisterStep.userInputfullname - user input full name
18:04:41.201 [Forwarding findElement on session 1a8de7cbe08be610e7420638d942535b to remote] DEBUG org.asynchttpclient.netty.request.NettyRequestSender - Using pooled Channel '[id: 0x29ebccad, L:/127.0.0.1:56816 - R:localhost/127.0.0.1:41866]' for 'POST' to 'http://localhost:41866/session/1a8de7cbe08be610e7420638d942535b/element'
18:04:41.201 [Forwarding findElement on session 1a8de7cbe08be610e7420638d942535b to remote] DEBUG org.asynchttpclient.netty.request.NettyRequestSender - Using open Channel [id: 0x29ebccad, L:/127.0.0.1:56816 - R:localhost/127.0.0.1:41866] for POST '/session/1a8de7cbe08be610e7420638d942535b/element'
18:04:41.217 [AsyncHttpClient-1-8] DEBUG org.asynchttpclient.netty.handler.HttpHandler - 

Request DefaultHttpRequest(decodeResult: success, version: HTTP/1.1)
POST /session/1a8de7cbe08be610e7420638d942535b/element HTTP/1.1
User-Agent: selenium/4.8.1 (java windows)
Content-Length: 55
Content-Type: application/json; charset=utf-8
host: localhost:41866
accept: */*

Response DefaultHttpResponse(decodeResult: success, version: HTTP/1.1)
HTTP/1.1 200 OK
Content-Length: 88
Content-Type: application/json; charset=utf-8
cache-control: no-cache

18:04:41.217 [AsyncHttpClient-1-8] DEBUG org.asynchttpclient.netty.channel.ChannelManager - Adding key: http://localhost:41866 for channel [id: 0x29ebccad, L:/127.0.0.1:56816 - R:localhost/127.0.0.1:41866]
18:04:41.218 [Forwarding clearElement on session 1a8de7cbe08be610e7420638d942535b to remote] DEBUG org.asynchttpclient.netty.request.NettyRequestSender - Using pooled Channel '[id: 0x29ebccad, L:/127.0.0.1:56816 - R:localhost/127.0.0.1:41866]' for 'POST' to 'http://localhost:41866/session/1a8de7cbe08be610e7420638d942535b/element/034d1d85-1181-4715-89c5-0f92886b294d/clear'
18:04:41.218 [Forwarding clearElement on session 1a8de7cbe08be610e7420638d942535b to remote] DEBUG org.asynchttpclient.netty.request.NettyRequestSender - Using open Channel [id: 0x29ebccad, L:/127.0.0.1:56816 - R:localhost/127.0.0.1:41866] for POST '/session/1a8de7cbe08be610e7420638d942535b/element/034d1d85-1181-4715-89c5-0f92886b294d/clear'
18:04:41.272 [AsyncHttpClient-1-8] DEBUG org.asynchttpclient.netty.handler.HttpHandler - 

Request DefaultHttpRequest(decodeResult: success, version: HTTP/1.1)
POST /session/1a8de7cbe08be610e7420638d942535b/element/034d1d85-1181-4715-89c5-0f92886b294d/clear HTTP/1.1
User-Agent: selenium/4.8.1 (java windows)
Content-Length: 50
Content-Type: application/json; charset=utf-8
host: localhost:41866
accept: */*

Response DefaultHttpResponse(decodeResult: success, version: HTTP/1.1)
HTTP/1.1 200 OK
Content-Length: 14
Content-Type: application/json; charset=utf-8
cache-control: no-cache

18:04:41.272 [AsyncHttpClient-1-8] DEBUG org.asynchttpclient.netty.channel.ChannelManager - Adding key: http://localhost:41866 for channel [id: 0x29ebccad, L:/127.0.0.1:56816 - R:localhost/127.0.0.1:41866]
18:04:41.274 [Forwarding sendKeysToElement on session 1a8de7cbe08be610e7420638d942535b to remote] DEBUG org.asynchttpclient.netty.request.NettyRequestSender - Using pooled Channel '[id: 0x29ebccad, L:/127.0.0.1:56816 - R:localhost/127.0.0.1:41866]' for 'POST' to 'http://localhost:41866/session/1a8de7cbe08be610e7420638d942535b/element/034d1d85-1181-4715-89c5-0f92886b294d/value'
18:04:41.274 [Forwarding sendKeysToElement on session 1a8de7cbe08be610e7420638d942535b to remote] DEBUG org.asynchttpclient.netty.request.NettyRequestSender - Using open Channel [id: 0x29ebccad, L:/127.0.0.1:56816 - R:localhost/127.0.0.1:41866] for POST '/session/1a8de7cbe08be610e7420638d942535b/element/034d1d85-1181-4715-89c5-0f92886b294d/value'
18:04:41.472 [AsyncHttpClient-1-8] DEBUG org.asynchttpclient.netty.handler.HttpHandler - 

Request DefaultHttpRequest(decodeResult: success, version: HTTP/1.1)
POST /session/1a8de7cbe08be610e7420638d942535b/element/034d1d85-1181-4715-89c5-0f92886b294d/value HTTP/1.1
User-Agent: selenium/4.8.1 (java windows)
Content-Length: 261
Content-Type: application/json; charset=utf-8
host: localhost:41866
accept: */*

Response DefaultHttpResponse(decodeResult: success, version: HTTP/1.1)
HTTP/1.1 200 OK
Content-Length: 14
Content-Type: application/json; charset=utf-8
cache-control: no-cache

18:04:41.472 [AsyncHttpClient-1-8] DEBUG org.asynchttpclient.netty.channel.ChannelManager - Adding key: http://localhost:41866 for channel [id: 0x29ebccad, L:/127.0.0.1:56816 - R:localhost/127.0.0.1:41866]
18:04:41.484 [Forwarding getAlertText on session 1a8de7cbe08be610e7420638d942535b to remote] DEBUG org.asynchttpclient.netty.request.NettyRequestSender - Using pooled Channel '[id: 0x29ebccad, L:/127.0.0.1:56816 - R:localhost/127.0.0.1:41866]' for 'GET' to 'http://localhost:41866/session/1a8de7cbe08be610e7420638d942535b/alert/text'
18:04:41.484 [Forwarding getAlertText on session 1a8de7cbe08be610e7420638d942535b to remote] DEBUG org.asynchttpclient.netty.request.NettyRequestSender - Using open Channel [id: 0x29ebccad, L:/127.0.0.1:56816 - R:localhost/127.0.0.1:41866] for GET '/session/1a8de7cbe08be610e7420638d942535b/alert/text'
18:04:41.486 [AsyncHttpClient-1-8] DEBUG org.asynchttpclient.netty.handler.HttpHandler - 

Request DefaultFullHttpRequest(decodeResult: success, version: HTTP/1.1, content: EmptyByteBufBE)
GET /session/1a8de7cbe08be610e7420638d942535b/alert/text HTTP/1.1
User-Agent: selenium/4.8.1 (java windows)
Cache-Control: no-cache
Content-Type: application/json; charset=utf-8
host: localhost:41866
accept: */*

Response DefaultHttpResponse(decodeResult: success, version: HTTP/1.1)
HTTP/1.1 404 Not Found
Content-Length: 848
Content-Type: application/json; charset=utf-8
cache-control: no-cache

18:04:41.486 [AsyncHttpClient-1-8] DEBUG org.asynchttpclient.netty.channel.ChannelManager - Adding key: http://localhost:41866 for channel [id: 0x29ebccad, L:/127.0.0.1:56816 - R:localhost/127.0.0.1:41866]
18:04:41.487 [Forwarding getCurrentUrl on session 1a8de7cbe08be610e7420638d942535b to remote] DEBUG org.asynchttpclient.netty.request.NettyRequestSender - Using pooled Channel '[id: 0x29ebccad, L:/127.0.0.1:56816 - R:localhost/127.0.0.1:41866]' for 'GET' to 'http://localhost:41866/session/1a8de7cbe08be610e7420638d942535b/url'
18:04:41.487 [Forwarding getCurrentUrl on session 1a8de7cbe08be610e7420638d942535b to remote] DEBUG org.asynchttpclient.netty.request.NettyRequestSender - Using open Channel [id: 0x29ebccad, L:/127.0.0.1:56816 - R:localhost/127.0.0.1:41866] for GET '/session/1a8de7cbe08be610e7420638d942535b/url'
18:04:41.491 [AsyncHttpClient-1-8] DEBUG org.asynchttpclient.netty.handler.HttpHandler - 

Request DefaultFullHttpRequest(decodeResult: success, version: HTTP/1.1, content: EmptyByteBufBE)
GET /session/1a8de7cbe08be610e7420638d942535b/url HTTP/1.1
User-Agent: selenium/4.8.1 (java windows)
Cache-Control: no-cache
Content-Type: application/json; charset=utf-8
host: localhost:41866
accept: */*

Response DefaultHttpResponse(decodeResult: success, version: HTTP/1.1)
HTTP/1.1 200 OK
Content-Length: 54
Content-Type: application/json; charset=utf-8
cache-control: no-cache

18:04:41.491 [AsyncHttpClient-1-8] DEBUG org.asynchttpclient.netty.channel.ChannelManager - Adding key: http://localhost:41866 for channel [id: 0x29ebccad, L:/127.0.0.1:56816 - R:localhost/127.0.0.1:41866]
18:04:41.498 [Forwarding screenshot on session 1a8de7cbe08be610e7420638d942535b to remote] DEBUG org.asynchttpclient.netty.request.NettyRequestSender - Using pooled Channel '[id: 0x29ebccad, L:/127.0.0.1:56816 - R:localhost/127.0.0.1:41866]' for 'GET' to 'http://localhost:41866/session/1a8de7cbe08be610e7420638d942535b/screenshot'
18:04:41.498 [Forwarding screenshot on session 1a8de7cbe08be610e7420638d942535b to remote] DEBUG org.asynchttpclient.netty.request.NettyRequestSender - Using open Channel [id: 0x29ebccad, L:/127.0.0.1:56816 - R:localhost/127.0.0.1:41866] for GET '/session/1a8de7cbe08be610e7420638d942535b/screenshot'
18:04:41.650 [AsyncHttpClient-1-8] DEBUG org.asynchttpclient.netty.handler.HttpHandler - 

Request DefaultFullHttpRequest(decodeResult: success, version: HTTP/1.1, content: EmptyByteBufBE)
GET /session/1a8de7cbe08be610e7420638d942535b/screenshot HTTP/1.1
User-Agent: selenium/4.8.1 (java windows)
Cache-Control: no-cache
Content-Type: application/json; charset=utf-8
host: localhost:41866
accept: */*

Response DefaultHttpResponse(decodeResult: success, version: HTTP/1.1)
HTTP/1.1 200 OK
Content-Length: 32848
Content-Type: application/json; charset=utf-8
cache-control: no-cache

18:04:41.651 [AsyncHttpClient-1-8] DEBUG org.asynchttpclient.netty.channel.ChannelManager - Adding key: http://localhost:41866 for channel [id: 0x29ebccad, L:/127.0.0.1:56816 - R:localhost/127.0.0.1:41866]
18:04:41.653 [main] DEBUG net.serenitybdd.core.photography.Darkroom - Send negative for processing for target\site\serenity\abf04bb737aff142ef66be5ca8a5a2c030a75f1a634f5fd781386109c7fe8abb.png
18:04:41.653 [main] DEBUG net.thucydides.core.steps.StepInterceptor - STEP DONE: user input full name
  &amp#27;[32mWhen &amp#27;[0m&amp#27;[32muser input full name&amp#27;[0m                          &amp#27;[90m# starter.stepdefinition.RegisterStep.userInputfullname()&amp#27;[0m
18:04:41.654 [Darkroom Processing Line] DEBUG net.serenitybdd.core.photography.DarkroomProcessingLine - Processing screenshot image in /var/screenshots/screenshot-472677284075697194
18:04:41.654 [Darkroom Processing Line] DEBUG net.serenitybdd.core.photography.DarkroomProcessingLine - Saving screenshot to target\site\serenity\abf04bb737aff142ef66be5ca8a5a2c030a75f1a634f5fd781386109c7fe8abb.png
18:04:41.657 [AsyncHttpClient-1-1] DEBUG org.asynchttpclient.netty.channel.DefaultChannelPool - Entry count for : http://localhost:41866 : 1
18:04:41.657 [AsyncHttpClient-1-1] DEBUG org.asynchttpclient.netty.channel.DefaultChannelPool - Entry count for : http://localhost:56817 : 1
18:04:41.667 [main] DEBUG net.thucydides.core.steps.StepInterceptor - STARTING STEP: RegisterStep.userInputEmail - user input email
18:04:41.670 [Forwarding findElement on session 1a8de7cbe08be610e7420638d942535b to remote] DEBUG org.asynchttpclient.netty.request.NettyRequestSender - Using pooled Channel '[id: 0x29ebccad, L:/127.0.0.1:56816 - R:localhost/127.0.0.1:41866]' for 'POST' to 'http://localhost:41866/session/1a8de7cbe08be610e7420638d942535b/element'
18:04:41.670 [Forwarding findElement on session 1a8de7cbe08be610e7420638d942535b to remote] DEBUG org.asynchttpclient.netty.request.NettyRequestSender - Using open Channel [id: 0x29ebccad, L:/127.0.0.1:56816 - R:localhost/127.0.0.1:41866] for POST '/session/1a8de7cbe08be610e7420638d942535b/element'
18:04:41.687 [AsyncHttpClient-1-8] DEBUG org.asynchttpclient.netty.handler.HttpHandler - 

Request DefaultHttpRequest(decodeResult: success, version: HTTP/1.1)
POST /session/1a8de7cbe08be610e7420638d942535b/element HTTP/1.1
User-Agent: selenium/4.8.1 (java windows)
Content-Length: 55
Content-Type: application/json; charset=utf-8
host: localhost:41866
accept: */*

Response DefaultHttpResponse(decodeResult: success, version: HTTP/1.1)
HTTP/1.1 200 OK
Content-Length: 88
Content-Type: application/json; charset=utf-8
cache-control: no-cache

18:04:41.687 [AsyncHttpClient-1-8] DEBUG org.asynchttpclient.netty.channel.ChannelManager - Adding key: http://localhost:41866 for channel [id: 0x29ebccad, L:/127.0.0.1:56816 - R:localhost/127.0.0.1:41866]
18:04:41.688 [Forwarding clearElement on session 1a8de7cbe08be610e7420638d942535b to remote] DEBUG org.asynchttpclient.netty.request.NettyRequestSender - Using pooled Channel '[id: 0x29ebccad, L:/127.0.0.1:56816 - R:localhost/127.0.0.1:41866]' for 'POST' to 'http://localhost:41866/session/1a8de7cbe08be610e7420638d942535b/element/97a68e5b-7d6a-4fa5-860f-e08e8044b056/clear'
18:04:41.688 [Forwarding clearElement on session 1a8de7cbe08be610e7420638d942535b to remote] DEBUG org.asynchttpclient.netty.request.NettyRequestSender - Using open Channel [id: 0x29ebccad, L:/127.0.0.1:56816 - R:localhost/127.0.0.1:41866] for POST '/session/1a8de7cbe08be610e7420638d942535b/element/97a68e5b-7d6a-4fa5-860f-e08e8044b056/clear'
18:04:41.737 [AsyncHttpClient-1-8] DEBUG org.asynchttpclient.netty.handler.HttpHandler - 

Request DefaultHttpRequest(decodeResult: success, version: HTTP/1.1)
POST /session/1a8de7cbe08be610e7420638d942535b/element/97a68e5b-7d6a-4fa5-860f-e08e8044b056/clear HTTP/1.1
User-Agent: selenium/4.8.1 (java windows)
Content-Length: 50
Content-Type: application/json; charset=utf-8
host: localhost:41866
accept: */*

Response DefaultHttpResponse(decodeResult: success, version: HTTP/1.1)
HTTP/1.1 200 OK
Content-Length: 14
Content-Type: application/json; charset=utf-8
cache-control: no-cache

18:04:41.737 [AsyncHttpClient-1-8] DEBUG org.asynchttpclient.netty.channel.ChannelManager - Adding key: http://localhost:41866 for channel [id: 0x29ebccad, L:/127.0.0.1:56816 - R:localhost/127.0.0.1:41866]
18:04:41.739 [Forwarding sendKeysToElement on session 1a8de7cbe08be610e7420638d942535b to remote] DEBUG org.asynchttpclient.netty.request.NettyRequestSender - Using pooled Channel '[id: 0x29ebccad, L:/127.0.0.1:56816 - R:localhost/127.0.0.1:41866]' for 'POST' to 'http://localhost:41866/session/1a8de7cbe08be610e7420638d942535b/element/97a68e5b-7d6a-4fa5-860f-e08e8044b056/value'
18:04:41.739 [Forwarding sendKeysToElement on session 1a8de7cbe08be610e7420638d942535b to remote] DEBUG org.asynchttpclient.netty.request.NettyRequestSender - Using open Channel [id: 0x29ebccad, L:/127.0.0.1:56816 - R:localhost/127.0.0.1:41866] for POST '/session/1a8de7cbe08be610e7420638d942535b/element/97a68e5b-7d6a-4fa5-860f-e08e8044b056/value'
18:04:41.910 [AsyncHttpClient-1-8] DEBUG org.asynchttpclient.netty.handler.HttpHandler - 

Request DefaultHttpRequest(decodeResult: success, version: HTTP/1.1)
POST /session/1a8de7cbe08be610e7420638d942535b/element/97a68e5b-7d6a-4fa5-860f-e08e8044b056/value HTTP/1.1
User-Agent: selenium/4.8.1 (java windows)
Content-Length: 271
Content-Type: application/json; charset=utf-8
host: localhost:41866
accept: */*

Response DefaultHttpResponse(decodeResult: success, version: HTTP/1.1)
HTTP/1.1 200 OK
Content-Length: 14
Content-Type: application/json; charset=utf-8
cache-control: no-cache

18:04:41.911 [AsyncHttpClient-1-8] DEBUG org.asynchttpclient.netty.channel.ChannelManager - Adding key: http://localhost:41866 for channel [id: 0x29ebccad, L:/127.0.0.1:56816 - R:localhost/127.0.0.1:41866]
18:04:41.921 [Forwarding getAlertText on session 1a8de7cbe08be610e7420638d942535b to remote] DEBUG org.asynchttpclient.netty.request.NettyRequestSender - Using pooled Channel '[id: 0x29ebccad, L:/127.0.0.1:56816 - R:localhost/127.0.0.1:41866]' for 'GET' to 'http://localhost:41866/session/1a8de7cbe08be610e7420638d942535b/alert/text'
18:04:41.921 [Forwarding getAlertText on session 1a8de7cbe08be610e7420638d942535b to remote] DEBUG org.asynchttpclient.netty.request.NettyRequestSender - Using open Channel [id: 0x29ebccad, L:/127.0.0.1:56816 - R:localhost/127.0.0.1:41866] for GET '/session/1a8de7cbe08be610e7420638d942535b/alert/text'
18:04:41.924 [AsyncHttpClient-1-8] DEBUG org.asynchttpclient.netty.handler.HttpHandler - 

Request DefaultFullHttpRequest(decodeResult: success, version: HTTP/1.1, content: EmptyByteBufBE)
GET /session/1a8de7cbe08be610e7420638d942535b/alert/text HTTP/1.1
User-Agent: selenium/4.8.1 (java windows)
Cache-Control: no-cache
Content-Type: application/json; charset=utf-8
host: localhost:41866
accept: */*

Response DefaultHttpResponse(decodeResult: success, version: HTTP/1.1)
HTTP/1.1 404 Not Found
Content-Length: 848
Content-Type: application/json; charset=utf-8
cache-control: no-cache

18:04:41.924 [AsyncHttpClient-1-8] DEBUG org.asynchttpclient.netty.channel.ChannelManager - Adding key: http://localhost:41866 for channel [id: 0x29ebccad, L:/127.0.0.1:56816 - R:localhost/127.0.0.1:41866]
18:04:41.925 [Forwarding getCurrentUrl on session 1a8de7cbe08be610e7420638d942535b to remote] DEBUG org.asynchttpclient.netty.request.NettyRequestSender - Using pooled Channel '[id: 0x29ebccad, L:/127.0.0.1:56816 - R:localhost/127.0.0.1:41866]' for 'GET' to 'http://localhost:41866/session/1a8de7cbe08be610e7420638d942535b/url'
18:04:41.925 [Forwarding getCurrentUrl on session 1a8de7cbe08be610e7420638d942535b to remote] DEBUG org.asynchttpclient.netty.request.NettyRequestSender - Using open Channel [id: 0x29ebccad, L:/127.0.0.1:56816 - R:localhost/127.0.0.1:41866] for GET '/session/1a8de7cbe08be610e7420638d942535b/url'
18:04:41.933 [AsyncHttpClient-1-8] DEBUG org.asynchttpclient.netty.handler.HttpHandler - 

Request DefaultFullHttpRequest(decodeResult: success, version: HTTP/1.1, content: EmptyByteBufBE)
GET /session/1a8de7cbe08be610e7420638d942535b/url HTTP/1.1
User-Agent: selenium/4.8.1 (java windows)
Cache-Control: no-cache
Content-Type: application/json; charset=utf-8
host: localhost:41866
accept: */*

Response DefaultHttpResponse(decodeResult: success, version: HTTP/1.1)
HTTP/1.1 200 OK
Content-Length: 54
Content-Type: application/json; charset=utf-8
cache-control: no-cache

18:04:41.934 [AsyncHttpClient-1-8] DEBUG org.asynchttpclient.netty.channel.ChannelManager - Adding key: http://localhost:41866 for channel [id: 0x29ebccad, L:/127.0.0.1:56816 - R:localhost/127.0.0.1:41866]
18:04:41.934 [Forwarding screenshot on session 1a8de7cbe08be610e7420638d942535b to remote] DEBUG org.asynchttpclient.netty.request.NettyRequestSender - Using pooled Channel '[id: 0x29ebccad, L:/127.0.0.1:56816 - R:localhost/127.0.0.1:41866]' for 'GET' to 'http://localhost:41866/session/1a8de7cbe08be610e7420638d942535b/screenshot'
18:04:41.934 [Forwarding screenshot on session 1a8de7cbe08be610e7420638d942535b to remote] DEBUG org.asynchttpclient.netty.request.NettyRequestSender - Using open Channel [id: 0x29ebccad, L:/127.0.0.1:56816 - R:localhost/127.0.0.1:41866] for GET '/session/1a8de7cbe08be610e7420638d942535b/screenshot'
18:04:42.100 [AsyncHttpClient-1-8] DEBUG org.asynchttpclient.netty.handler.HttpHandler - 

Request DefaultFullHttpRequest(decodeResult: success, version: HTTP/1.1, content: EmptyByteBufBE)
GET /session/1a8de7cbe08be610e7420638d942535b/screenshot HTTP/1.1
User-Agent: selenium/4.8.1 (java windows)
Cache-Control: no-cache
Content-Type: application/json; charset=utf-8
host: localhost:41866
accept: */*

Response DefaultHttpResponse(decodeResult: success, version: HTTP/1.1)
HTTP/1.1 200 OK
Content-Length: 37124
Content-Type: application/json; charset=utf-8
cache-control: no-cache

18:04:42.100 [AsyncHttpClient-1-8] DEBUG org.asynchttpclient.netty.channel.ChannelManager - Adding key: http://localhost:41866 for channel [id: 0x29ebccad, L:/127.0.0.1:56816 - R:localhost/127.0.0.1:41866]
18:04:42.103 [main] DEBUG net.serenitybdd.core.photography.Darkroom - Send negative for processing for target\site\serenity\1c64f5ea4640d95ee361845ff7f41e456e80729d3ce6195e08e6af47dd82bd91.png
18:04:42.103 [main] DEBUG net.thucydides.core.steps.StepInterceptor - STEP DONE: user input email
  &amp#27;[32mAnd &amp#27;[0m&amp#27;[32muser input email&amp#27;[0m                               &amp#27;[90m# starter.stepdefinition.RegisterStep.userInputEmail()&amp#27;[0m
18:04:42.103 [Darkroom Processing Line] DEBUG net.serenitybdd.core.photography.DarkroomProcessingLine - Processing screenshot image in /var/screenshots/screenshot-7244717818912829293
18:04:42.103 [Darkroom Processing Line] DEBUG net.serenitybdd.core.photography.DarkroomProcessingLine - Saving screenshot to target\site\serenity\1c64f5ea4640d95ee361845ff7f41e456e80729d3ce6195e08e6af47dd82bd91.png
18:04:42.117 [main] DEBUG net.thucydides.core.steps.StepInterceptor - STARTING STEP: RegisterStep.userInputPassword - user input password
18:04:42.121 [Forwarding findElement on session 1a8de7cbe08be610e7420638d942535b to remote] DEBUG org.asynchttpclient.netty.request.NettyRequestSender - Using pooled Channel '[id: 0x29ebccad, L:/127.0.0.1:56816 - R:localhost/127.0.0.1:41866]' for 'POST' to 'http://localhost:41866/session/1a8de7cbe08be610e7420638d942535b/element'
18:04:42.121 [Forwarding findElement on session 1a8de7cbe08be610e7420638d942535b to remote] DEBUG org.asynchttpclient.netty.request.NettyRequestSender - Using open Channel [id: 0x29ebccad, L:/127.0.0.1:56816 - R:localhost/127.0.0.1:41866] for POST '/session/1a8de7cbe08be610e7420638d942535b/element'
18:04:42.139 [AsyncHttpClient-1-8] DEBUG org.asynchttpclient.netty.handler.HttpHandler - 

Request DefaultHttpRequest(decodeResult: success, version: HTTP/1.1)
POST /session/1a8de7cbe08be610e7420638d942535b/element HTTP/1.1
User-Agent: selenium/4.8.1 (java windows)
Content-Length: 55
Content-Type: application/json; charset=utf-8
host: localhost:41866
accept: */*

Response DefaultHttpResponse(decodeResult: success, version: HTTP/1.1)
HTTP/1.1 200 OK
Content-Length: 88
Content-Type: application/json; charset=utf-8
cache-control: no-cache

18:04:42.139 [AsyncHttpClient-1-8] DEBUG org.asynchttpclient.netty.channel.ChannelManager - Adding key: http://localhost:41866 for channel [id: 0x29ebccad, L:/127.0.0.1:56816 - R:localhost/127.0.0.1:41866]
18:04:42.140 [Forwarding clearElement on session 1a8de7cbe08be610e7420638d942535b to remote] DEBUG org.asynchttpclient.netty.request.NettyRequestSender - Using pooled Channel '[id: 0x29ebccad, L:/127.0.0.1:56816 - R:localhost/127.0.0.1:41866]' for 'POST' to 'http://localhost:41866/session/1a8de7cbe08be610e7420638d942535b/element/46c5ea7a-7d77-4c07-97da-a8b828137b9c/clear'
18:04:42.140 [Forwarding clearElement on session 1a8de7cbe08be610e7420638d942535b to remote] DEBUG org.asynchttpclient.netty.request.NettyRequestSender - Using open Channel [id: 0x29ebccad, L:/127.0.0.1:56816 - R:localhost/127.0.0.1:41866] for POST '/session/1a8de7cbe08be610e7420638d942535b/element/46c5ea7a-7d77-4c07-97da-a8b828137b9c/clear'
18:04:42.194 [AsyncHttpClient-1-8] DEBUG org.asynchttpclient.netty.handler.HttpHandler - 

Request DefaultHttpRequest(decodeResult: success, version: HTTP/1.1)
POST /session/1a8de7cbe08be610e7420638d942535b/element/46c5ea7a-7d77-4c07-97da-a8b828137b9c/clear HTTP/1.1
User-Agent: selenium/4.8.1 (java windows)
Content-Length: 50
Content-Type: application/json; charset=utf-8
host: localhost:41866
accept: */*

Response DefaultHttpResponse(decodeResult: success, version: HTTP/1.1)
HTTP/1.1 200 OK
Content-Length: 14
Content-Type: application/json; charset=utf-8
cache-control: no-cache

18:04:42.194 [AsyncHttpClient-1-8] DEBUG org.asynchttpclient.netty.channel.ChannelManager - Adding key: http://localhost:41866 for channel [id: 0x29ebccad, L:/127.0.0.1:56816 - R:localhost/127.0.0.1:41866]
18:04:42.196 [Forwarding sendKeysToElement on session 1a8de7cbe08be610e7420638d942535b to remote] DEBUG org.asynchttpclient.netty.request.NettyRequestSender - Using pooled Channel '[id: 0x29ebccad, L:/127.0.0.1:56816 - R:localhost/127.0.0.1:41866]' for 'POST' to 'http://localhost:41866/session/1a8de7cbe08be610e7420638d942535b/element/46c5ea7a-7d77-4c07-97da-a8b828137b9c/value'
18:04:42.196 [Forwarding sendKeysToElement on session 1a8de7cbe08be610e7420638d942535b to remote] DEBUG org.asynchttpclient.netty.request.NettyRequestSender - Using open Channel [id: 0x29ebccad, L:/127.0.0.1:56816 - R:localhost/127.0.0.1:41866] for POST '/session/1a8de7cbe08be610e7420638d942535b/element/46c5ea7a-7d77-4c07-97da-a8b828137b9c/value'
18:04:42.311 [AsyncHttpClient-1-8] DEBUG org.asynchttpclient.netty.handler.HttpHandler - 

Request DefaultHttpRequest(decodeResult: success, version: HTTP/1.1)
POST /session/1a8de7cbe08be610e7420638d942535b/element/46c5ea7a-7d77-4c07-97da-a8b828137b9c/value HTTP/1.1
User-Agent: selenium/4.8.1 (java windows)
Content-Length: 161
Content-Type: application/json; charset=utf-8
host: localhost:41866
accept: */*

Response DefaultHttpResponse(decodeResult: success, version: HTTP/1.1)
HTTP/1.1 200 OK
Content-Length: 14
Content-Type: application/json; charset=utf-8
cache-control: no-cache

18:04:42.311 [AsyncHttpClient-1-8] DEBUG org.asynchttpclient.netty.channel.ChannelManager - Adding key: http://localhost:41866 for channel [id: 0x29ebccad, L:/127.0.0.1:56816 - R:localhost/127.0.0.1:41866]
18:04:42.321 [Forwarding getAlertText on session 1a8de7cbe08be610e7420638d942535b to remote] DEBUG org.asynchttpclient.netty.request.NettyRequestSender - Using pooled Channel '[id: 0x29ebccad, L:/127.0.0.1:56816 - R:localhost/127.0.0.1:41866]' for 'GET' to 'http://localhost:41866/session/1a8de7cbe08be610e7420638d942535b/alert/text'
18:04:42.321 [Forwarding getAlertText on session 1a8de7cbe08be610e7420638d942535b to remote] DEBUG org.asynchttpclient.netty.request.NettyRequestSender - Using open Channel [id: 0x29ebccad, L:/127.0.0.1:56816 - R:localhost/127.0.0.1:41866] for GET '/session/1a8de7cbe08be610e7420638d942535b/alert/text'
18:04:42.322 [AsyncHttpClient-1-8] DEBUG org.asynchttpclient.netty.handler.HttpHandler - 

Request DefaultFullHttpRequest(decodeResult: success, version: HTTP/1.1, content: EmptyByteBufBE)
GET /session/1a8de7cbe08be610e7420638d942535b/alert/text HTTP/1.1
User-Agent: selenium/4.8.1 (java windows)
Cache-Control: no-cache
Content-Type: application/json; charset=utf-8
host: localhost:41866
accept: */*

Response DefaultHttpResponse(decodeResult: success, version: HTTP/1.1)
HTTP/1.1 404 Not Found
Content-Length: 848
Content-Type: application/json; charset=utf-8
cache-control: no-cache

18:04:42.322 [AsyncHttpClient-1-8] DEBUG org.asynchttpclient.netty.channel.ChannelManager - Adding key: http://localhost:41866 for channel [id: 0x29ebccad, L:/127.0.0.1:56816 - R:localhost/127.0.0.1:41866]
18:04:42.323 [Forwarding getCurrentUrl on session 1a8de7cbe08be610e7420638d942535b to remote] DEBUG org.asynchttpclient.netty.request.NettyRequestSender - Using pooled Channel '[id: 0x29ebccad, L:/127.0.0.1:56816 - R:localhost/127.0.0.1:41866]' for 'GET' to 'http://localhost:41866/session/1a8de7cbe08be610e7420638d942535b/url'
18:04:42.323 [Forwarding getCurrentUrl on session 1a8de7cbe08be610e7420638d942535b to remote] DEBUG org.asynchttpclient.netty.request.NettyRequestSender - Using open Channel [id: 0x29ebccad, L:/127.0.0.1:56816 - R:localhost/127.0.0.1:41866] for GET '/session/1a8de7cbe08be610e7420638d942535b/url'
18:04:42.330 [AsyncHttpClient-1-8] DEBUG org.asynchttpclient.netty.handler.HttpHandler - 

Request DefaultFullHttpRequest(decodeResult: success, version: HTTP/1.1, content: EmptyByteBufBE)
GET /session/1a8de7cbe08be610e7420638d942535b/url HTTP/1.1
User-Agent: selenium/4.8.1 (java windows)
Cache-Control: no-cache
Content-Type: application/json; charset=utf-8
host: localhost:41866
accept: */*

Response DefaultHttpResponse(decodeResult: success, version: HTTP/1.1)
HTTP/1.1 200 OK
Content-Length: 54
Content-Type: application/json; charset=utf-8
cache-control: no-cache

18:04:42.331 [AsyncHttpClient-1-8] DEBUG org.asynchttpclient.netty.channel.ChannelManager - Adding key: http://localhost:41866 for channel [id: 0x29ebccad, L:/127.0.0.1:56816 - R:localhost/127.0.0.1:41866]
18:04:42.331 [Forwarding screenshot on session 1a8de7cbe08be610e7420638d942535b to remote] DEBUG org.asynchttpclient.netty.request.NettyRequestSender - Using pooled Channel '[id: 0x29ebccad, L:/127.0.0.1:56816 - R:localhost/127.0.0.1:41866]' for 'GET' to 'http://localhost:41866/session/1a8de7cbe08be610e7420638d942535b/screenshot'
18:04:42.331 [Forwarding screenshot on session 1a8de7cbe08be610e7420638d942535b to remote] DEBUG org.asynchttpclient.netty.request.NettyRequestSender - Using open Channel [id: 0x29ebccad, L:/127.0.0.1:56816 - R:localhost/127.0.0.1:41866] for GET '/session/1a8de7cbe08be610e7420638d942535b/screenshot'
18:04:42.532 [AsyncHttpClient-1-8] DEBUG org.asynchttpclient.netty.handler.HttpHandler - 

Request DefaultFullHttpRequest(decodeResult: success, version: HTTP/1.1, content: EmptyByteBufBE)
GET /session/1a8de7cbe08be610e7420638d942535b/screenshot HTTP/1.1
User-Agent: selenium/4.8.1 (java windows)
Cache-Control: no-cache
Content-Type: application/json; charset=utf-8
host: localhost:41866
accept: */*

Response DefaultHttpResponse(decodeResult: success, version: HTTP/1.1)
HTTP/1.1 200 OK
Content-Length: 38484
Content-Type: application/json; charset=utf-8
cache-control: no-cache

18:04:42.532 [AsyncHttpClient-1-8] DEBUG org.asynchttpclient.netty.channel.ChannelManager - Adding key: http://localhost:41866 for channel [id: 0x29ebccad, L:/127.0.0.1:56816 - R:localhost/127.0.0.1:41866]
18:04:42.535 [main] DEBUG net.serenitybdd.core.photography.Darkroom - Send negative for processing for target\site\serenity\2071ae66f64561c324c4a247e73566a5054eb27b0be57356cd182ac91cc6af76.png
18:04:42.536 [main] DEBUG net.thucydides.core.steps.StepInterceptor - STEP DONE: user input password
  &amp#27;[32mAnd &amp#27;[0m&amp#27;[32muser input password&amp#27;[0m                            &amp#27;[90m# starter.stepdefinition.RegisterStep.userInputPassword()&amp#27;[0m
18:04:42.536 [Darkroom Processing Line] DEBUG net.serenitybdd.core.photography.DarkroomProcessingLine - Processing screenshot image in /var/screenshots/screenshot-2451600098446193655
18:04:42.536 [Darkroom Processing Line] DEBUG net.serenitybdd.core.photography.DarkroomProcessingLine - Saving screenshot to target\site\serenity\2071ae66f64561c324c4a247e73566a5054eb27b0be57356cd182ac91cc6af76.png
18:04:42.549 [main] DEBUG net.thucydides.core.steps.StepInterceptor - STARTING STEP: RegisterStep.userClickButtonRegister - user click button register
18:04:42.553 [Forwarding findElement on session 1a8de7cbe08be610e7420638d942535b to remote] DEBUG org.asynchttpclient.netty.request.NettyRequestSender - Using pooled Channel '[id: 0x29ebccad, L:/127.0.0.1:56816 - R:localhost/127.0.0.1:41866]' for 'POST' to 'http://localhost:41866/session/1a8de7cbe08be610e7420638d942535b/element'
18:04:42.553 [Forwarding findElement on session 1a8de7cbe08be610e7420638d942535b to remote] DEBUG org.asynchttpclient.netty.request.NettyRequestSender - Using open Channel [id: 0x29ebccad, L:/127.0.0.1:56816 - R:localhost/127.0.0.1:41866] for POST '/session/1a8de7cbe08be610e7420638d942535b/element'
18:04:42.573 [AsyncHttpClient-1-8] DEBUG org.asynchttpclient.netty.handler.HttpHandler - 

Request DefaultHttpRequest(decodeResult: success, version: HTTP/1.1)
POST /session/1a8de7cbe08be610e7420638d942535b/element HTTP/1.1
User-Agent: selenium/4.8.1 (java windows)
Content-Length: 141
Content-Type: application/json; charset=utf-8
host: localhost:41866
accept: */*

Response DefaultHttpResponse(decodeResult: success, version: HTTP/1.1)
HTTP/1.1 200 OK
Content-Length: 88
Content-Type: application/json; charset=utf-8
cache-control: no-cache

18:04:42.573 [AsyncHttpClient-1-8] DEBUG org.asynchttpclient.netty.channel.ChannelManager - Adding key: http://localhost:41866 for channel [id: 0x29ebccad, L:/127.0.0.1:56816 - R:localhost/127.0.0.1:41866]
18:04:42.574 [Forwarding getElementTagName on session 1a8de7cbe08be610e7420638d942535b to remote] DEBUG org.asynchttpclient.netty.request.NettyRequestSender - Using pooled Channel '[id: 0x29ebccad, L:/127.0.0.1:56816 - R:localhost/127.0.0.1:41866]' for 'GET' to 'http://localhost:41866/session/1a8de7cbe08be610e7420638d942535b/element/790eb39e-4bb2-4820-b65e-3579a2bc8bf1/name'
18:04:42.574 [Forwarding getElementTagName on session 1a8de7cbe08be610e7420638d942535b to remote] DEBUG org.asynchttpclient.netty.request.NettyRequestSender - Using open Channel [id: 0x29ebccad, L:/127.0.0.1:56816 - R:localhost/127.0.0.1:41866] for GET '/session/1a8de7cbe08be610e7420638d942535b/element/790eb39e-4bb2-4820-b65e-3579a2bc8bf1/name'
18:04:42.583 [AsyncHttpClient-1-8] DEBUG org.asynchttpclient.netty.handler.HttpHandler - 

Request DefaultFullHttpRequest(decodeResult: success, version: HTTP/1.1, content: EmptyByteBufBE)
GET /session/1a8de7cbe08be610e7420638d942535b/element/790eb39e-4bb2-4820-b65e-3579a2bc8bf1/name HTTP/1.1
User-Agent: selenium/4.8.1 (java windows)
Cache-Control: no-cache
Content-Type: application/json; charset=utf-8
host: localhost:41866
accept: */*

Response DefaultHttpResponse(decodeResult: success, version: HTTP/1.1)
HTTP/1.1 200 OK
Content-Length: 18
Content-Type: application/json; charset=utf-8
cache-control: no-cache

18:04:42.583 [AsyncHttpClient-1-8] DEBUG org.asynchttpclient.netty.channel.ChannelManager - Adding key: http://localhost:41866 for channel [id: 0x29ebccad, L:/127.0.0.1:56816 - R:localhost/127.0.0.1:41866]
18:04:42.584 [Forwarding getElementTagName on session 1a8de7cbe08be610e7420638d942535b to remote] DEBUG org.asynchttpclient.netty.request.NettyRequestSender - Using pooled Channel '[id: 0x29ebccad, L:/127.0.0.1:56816 - R:localhost/127.0.0.1:41866]' for 'GET' to 'http://localhost:41866/session/1a8de7cbe08be610e7420638d942535b/element/790eb39e-4bb2-4820-b65e-3579a2bc8bf1/name'
18:04:42.584 [Forwarding getElementTagName on session 1a8de7cbe08be610e7420638d942535b to remote] DEBUG org.asynchttpclient.netty.request.NettyRequestSender - Using open Channel [id: 0x29ebccad, L:/127.0.0.1:56816 - R:localhost/127.0.0.1:41866] for GET '/session/1a8de7cbe08be610e7420638d942535b/element/790eb39e-4bb2-4820-b65e-3579a2bc8bf1/name'
18:04:42.589 [AsyncHttpClient-1-8] DEBUG org.asynchttpclient.netty.handler.HttpHandler - 

Request DefaultFullHttpRequest(decodeResult: success, version: HTTP/1.1, content: EmptyByteBufBE)
GET /session/1a8de7cbe08be610e7420638d942535b/element/790eb39e-4bb2-4820-b65e-3579a2bc8bf1/name HTTP/1.1
User-Agent: selenium/4.8.1 (java windows)
Cache-Control: no-cache
Content-Type: application/json; charset=utf-8
host: localhost:41866
accept: */*

Response DefaultHttpResponse(decodeResult: success, version: HTTP/1.1)
HTTP/1.1 200 OK
Content-Length: 18
Content-Type: application/json; charset=utf-8
cache-control: no-cache

18:04:42.589 [AsyncHttpClient-1-8] DEBUG org.asynchttpclient.netty.channel.ChannelManager - Adding key: http://localhost:41866 for channel [id: 0x29ebccad, L:/127.0.0.1:56816 - R:localhost/127.0.0.1:41866]
18:04:42.592 [Forwarding isElementEnabled on session 1a8de7cbe08be610e7420638d942535b to remote] DEBUG org.asynchttpclient.netty.request.NettyRequestSender - Using pooled Channel '[id: 0x29ebccad, L:/127.0.0.1:56816 - R:localhost/127.0.0.1:41866]' for 'GET' to 'http://localhost:41866/session/1a8de7cbe08be610e7420638d942535b/element/790eb39e-4bb2-4820-b65e-3579a2bc8bf1/enabled'
18:04:42.592 [Forwarding isElementEnabled on session 1a8de7cbe08be610e7420638d942535b to remote] DEBUG org.asynchttpclient.netty.request.NettyRequestSender - Using open Channel [id: 0x29ebccad, L:/127.0.0.1:56816 - R:localhost/127.0.0.1:41866] for GET '/session/1a8de7cbe08be610e7420638d942535b/element/790eb39e-4bb2-4820-b65e-3579a2bc8bf1/enabled'
18:04:42.608 [AsyncHttpClient-1-8] DEBUG org.asynchttpclient.netty.handler.HttpHandler - 

Request DefaultFullHttpRequest(decodeResult: success, version: HTTP/1.1, content: EmptyByteBufBE)
GET /session/1a8de7cbe08be610e7420638d942535b/element/790eb39e-4bb2-4820-b65e-3579a2bc8bf1/enabled HTTP/1.1
User-Agent: selenium/4.8.1 (java windows)
Cache-Control: no-cache
Content-Type: application/json; charset=utf-8
host: localhost:41866
accept: */*

Response DefaultHttpResponse(decodeResult: success, version: HTTP/1.1)
HTTP/1.1 200 OK
Content-Length: 14
Content-Type: application/json; charset=utf-8
cache-control: no-cache

18:04:42.608 [AsyncHttpClient-1-8] DEBUG org.asynchttpclient.netty.channel.ChannelManager - Adding key: http://localhost:41866 for channel [id: 0x29ebccad, L:/127.0.0.1:56816 - R:localhost/127.0.0.1:41866]
18:04:42.609 [Forwarding isElementEnabled on session 1a8de7cbe08be610e7420638d942535b to remote] DEBUG org.asynchttpclient.netty.request.NettyRequestSender - Using pooled Channel '[id: 0x29ebccad, L:/127.0.0.1:56816 - R:localhost/127.0.0.1:41866]' for 'GET' to 'http://localhost:41866/session/1a8de7cbe08be610e7420638d942535b/element/790eb39e-4bb2-4820-b65e-3579a2bc8bf1/enabled'
18:04:42.609 [Forwarding isElementEnabled on session 1a8de7cbe08be610e7420638d942535b to remote] DEBUG org.asynchttpclient.netty.request.NettyRequestSender - Using open Channel [id: 0x29ebccad, L:/127.0.0.1:56816 - R:localhost/127.0.0.1:41866] for GET '/session/1a8de7cbe08be610e7420638d942535b/element/790eb39e-4bb2-4820-b65e-3579a2bc8bf1/enabled'
18:04:42.618 [AsyncHttpClient-1-8] DEBUG org.asynchttpclient.netty.handler.HttpHandler - 

Request DefaultFullHttpRequest(decodeResult: success, version: HTTP/1.1, content: EmptyByteBufBE)
GET /session/1a8de7cbe08be610e7420638d942535b/element/790eb39e-4bb2-4820-b65e-3579a2bc8bf1/enabled HTTP/1.1
User-Agent: selenium/4.8.1 (java windows)
Cache-Control: no-cache
Content-Type: application/json; charset=utf-8
host: localhost:41866
accept: */*

Response DefaultHttpResponse(decodeResult: success, version: HTTP/1.1)
HTTP/1.1 200 OK
Content-Length: 14
Content-Type: application/json; charset=utf-8
cache-control: no-cache

18:04:42.618 [AsyncHttpClient-1-8] DEBUG org.asynchttpclient.netty.channel.ChannelManager - Adding key: http://localhost:41866 for channel [id: 0x29ebccad, L:/127.0.0.1:56816 - R:localhost/127.0.0.1:41866]
18:04:42.620 [Forwarding findElement on session 1a8de7cbe08be610e7420638d942535b to remote] DEBUG org.asynchttpclient.netty.request.NettyRequestSender - Using pooled Channel '[id: 0x29ebccad, L:/127.0.0.1:56816 - R:localhost/127.0.0.1:41866]' for 'POST' to 'http://localhost:41866/session/1a8de7cbe08be610e7420638d942535b/element'
18:04:42.620 [Forwarding findElement on session 1a8de7cbe08be610e7420638d942535b to remote] DEBUG org.asynchttpclient.netty.request.NettyRequestSender - Using open Channel [id: 0x29ebccad, L:/127.0.0.1:56816 - R:localhost/127.0.0.1:41866] for POST '/session/1a8de7cbe08be610e7420638d942535b/element'
18:04:42.629 [AsyncHttpClient-1-8] DEBUG org.asynchttpclient.netty.handler.HttpHandler - 

Request DefaultHttpRequest(decodeResult: success, version: HTTP/1.1)
POST /session/1a8de7cbe08be610e7420638d942535b/element HTTP/1.1
User-Agent: selenium/4.8.1 (java windows)
Content-Length: 141
Content-Type: application/json; charset=utf-8
host: localhost:41866
accept: */*

Response DefaultHttpResponse(decodeResult: success, version: HTTP/1.1)
HTTP/1.1 200 OK
Content-Length: 88
Content-Type: application/json; charset=utf-8
cache-control: no-cache

18:04:42.629 [AsyncHttpClient-1-8] DEBUG org.asynchttpclient.netty.channel.ChannelManager - Adding key: http://localhost:41866 for channel [id: 0x29ebccad, L:/127.0.0.1:56816 - R:localhost/127.0.0.1:41866]
18:04:42.630 [Forwarding clickElement on session 1a8de7cbe08be610e7420638d942535b to remote] DEBUG org.asynchttpclient.netty.request.NettyRequestSender - Using pooled Channel '[id: 0x29ebccad, L:/127.0.0.1:56816 - R:localhost/127.0.0.1:41866]' for 'POST' to 'http://localhost:41866/session/1a8de7cbe08be610e7420638d942535b/element/790eb39e-4bb2-4820-b65e-3579a2bc8bf1/click'
18:04:42.630 [Forwarding clickElement on session 1a8de7cbe08be610e7420638d942535b to remote] DEBUG org.asynchttpclient.netty.request.NettyRequestSender - Using open Channel [id: 0x29ebccad, L:/127.0.0.1:56816 - R:localhost/127.0.0.1:41866] for POST '/session/1a8de7cbe08be610e7420638d942535b/element/790eb39e-4bb2-4820-b65e-3579a2bc8bf1/click'
18:04:42.703 [AsyncHttpClient-1-8] DEBUG org.asynchttpclient.netty.handler.HttpHandler - 

Request DefaultHttpRequest(decodeResult: success, version: HTTP/1.1)
POST /session/1a8de7cbe08be610e7420638d942535b/element/790eb39e-4bb2-4820-b65e-3579a2bc8bf1/click HTTP/1.1
User-Agent: selenium/4.8.1 (java windows)
Content-Length: 50
Content-Type: application/json; charset=utf-8
host: localhost:41866
accept: */*

Response DefaultHttpResponse(decodeResult: success, version: HTTP/1.1)
HTTP/1.1 200 OK
Content-Length: 14
Content-Type: application/json; charset=utf-8
cache-control: no-cache

18:04:42.703 [AsyncHttpClient-1-8] DEBUG org.asynchttpclient.netty.channel.ChannelManager - Adding key: http://localhost:41866 for channel [id: 0x29ebccad, L:/127.0.0.1:56816 - R:localhost/127.0.0.1:41866]
18:04:42.713 [Forwarding getAlertText on session 1a8de7cbe08be610e7420638d942535b to remote] DEBUG org.asynchttpclient.netty.request.NettyRequestSender - Using pooled Channel '[id: 0x29ebccad, L:/127.0.0.1:56816 - R:localhost/127.0.0.1:41866]' for 'GET' to 'http://localhost:41866/session/1a8de7cbe08be610e7420638d942535b/alert/text'
18:04:42.713 [Forwarding getAlertText on session 1a8de7cbe08be610e7420638d942535b to remote] DEBUG org.asynchttpclient.netty.request.NettyRequestSender - Using open Channel [id: 0x29ebccad, L:/127.0.0.1:56816 - R:localhost/127.0.0.1:41866] for GET '/session/1a8de7cbe08be610e7420638d942535b/alert/text'
18:04:42.716 [AsyncHttpClient-1-8] DEBUG org.asynchttpclient.netty.handler.HttpHandler - 

Request DefaultFullHttpRequest(decodeResult: success, version: HTTP/1.1, content: EmptyByteBufBE)
GET /session/1a8de7cbe08be610e7420638d942535b/alert/text HTTP/1.1
User-Agent: selenium/4.8.1 (java windows)
Cache-Control: no-cache
Content-Type: application/json; charset=utf-8
host: localhost:41866
accept: */*

Response DefaultHttpResponse(decodeResult: success, version: HTTP/1.1)
HTTP/1.1 404 Not Found
Content-Length: 848
Content-Type: application/json; charset=utf-8
cache-control: no-cache

18:04:42.716 [AsyncHttpClient-1-8] DEBUG org.asynchttpclient.netty.channel.ChannelManager - Adding key: http://localhost:41866 for channel [id: 0x29ebccad, L:/127.0.0.1:56816 - R:localhost/127.0.0.1:41866]
18:04:42.717 [Forwarding getCurrentUrl on session 1a8de7cbe08be610e7420638d942535b to remote] DEBUG org.asynchttpclient.netty.request.NettyRequestSender - Using pooled Channel '[id: 0x29ebccad, L:/127.0.0.1:56816 - R:localhost/127.0.0.1:41866]' for 'GET' to 'http://localhost:41866/session/1a8de7cbe08be610e7420638d942535b/url'
18:04:42.717 [Forwarding getCurrentUrl on session 1a8de7cbe08be610e7420638d942535b to remote] DEBUG org.asynchttpclient.netty.request.NettyRequestSender - Using open Channel [id: 0x29ebccad, L:/127.0.0.1:56816 - R:localhost/127.0.0.1:41866] for GET '/session/1a8de7cbe08be610e7420638d942535b/url'
18:04:42.723 [AsyncHttpClient-1-8] DEBUG org.asynchttpclient.netty.handler.HttpHandler - 

Request DefaultFullHttpRequest(decodeResult: success, version: HTTP/1.1, content: EmptyByteBufBE)
GET /session/1a8de7cbe08be610e7420638d942535b/url HTTP/1.1
User-Agent: selenium/4.8.1 (java windows)
Cache-Control: no-cache
Content-Type: application/json; charset=utf-8
host: localhost:41866
accept: */*

Response DefaultHttpResponse(decodeResult: success, version: HTTP/1.1)
HTTP/1.1 200 OK
Content-Length: 54
Content-Type: application/json; charset=utf-8
cache-control: no-cache

18:04:42.723 [AsyncHttpClient-1-8] DEBUG org.asynchttpclient.netty.channel.ChannelManager - Adding key: http://localhost:41866 for channel [id: 0x29ebccad, L:/127.0.0.1:56816 - R:localhost/127.0.0.1:41866]
18:04:42.723 [Forwarding screenshot on session 1a8de7cbe08be610e7420638d942535b to remote] DEBUG org.asynchttpclient.netty.request.NettyRequestSender - Using pooled Channel '[id: 0x29ebccad, L:/127.0.0.1:56816 - R:localhost/127.0.0.1:41866]' for 'GET' to 'http://localhost:41866/session/1a8de7cbe08be610e7420638d942535b/screenshot'
18:04:42.723 [Forwarding screenshot on session 1a8de7cbe08be610e7420638d942535b to remote] DEBUG org.asynchttpclient.netty.request.NettyRequestSender - Using open Channel [id: 0x29ebccad, L:/127.0.0.1:56816 - R:localhost/127.0.0.1:41866] for GET '/session/1a8de7cbe08be610e7420638d942535b/screenshot'
18:04:42.758 [AsyncHttpClient-1-1] DEBUG org.asynchttpclient.netty.channel.DefaultChannelPool - Entry count for : http://localhost:56817 : 1
18:04:42.877 [AsyncHttpClient-1-8] DEBUG org.asynchttpclient.netty.handler.HttpHandler - 

Request DefaultFullHttpRequest(decodeResult: success, version: HTTP/1.1, content: EmptyByteBufBE)
GET /session/1a8de7cbe08be610e7420638d942535b/screenshot HTTP/1.1
User-Agent: selenium/4.8.1 (java windows)
Cache-Control: no-cache
Content-Type: application/json; charset=utf-8
host: localhost:41866
accept: */*

Response DefaultHttpResponse(decodeResult: success, version: HTTP/1.1)
HTTP/1.1 200 OK
Content-Length: 38172
Content-Type: application/json; charset=utf-8
cache-control: no-cache

18:04:42.878 [AsyncHttpClient-1-8] DEBUG org.asynchttpclient.netty.channel.ChannelManager - Adding key: http://localhost:41866 for channel [id: 0x29ebccad, L:/127.0.0.1:56816 - R:localhost/127.0.0.1:41866]
18:04:42.881 [main] DEBUG net.serenitybdd.core.photography.Darkroom - Send negative for processing for target\site\serenity\77ab20dd8175e8fc94be5308bb3c314ae25660353c155bc7aaa4027c2dbb0f6a.png
18:04:42.881 [main] DEBUG net.thucydides.core.steps.StepInterceptor - STEP DONE: user click button register
  &amp#27;[32mAnd &amp#27;[0m&amp#27;[32muser click button register&amp#27;[0m                     &amp#27;[90m# starter.stepdefinition.RegisterStep.userClickButtonRegister()&amp#27;[0m
18:04:42.881 [Darkroom Processing Line] DEBUG net.serenitybdd.core.photography.DarkroomProcessingLine - Processing screenshot image in /var/screenshots/screenshot-7273651627378408537
18:04:42.881 [Darkroom Processing Line] DEBUG net.serenitybdd.core.photography.DarkroomProcessingLine - Saving screenshot to target\site\serenity\77ab20dd8175e8fc94be5308bb3c314ae25660353c155bc7aaa4027c2dbb0f6a.png
18:04:42.895 [main] DEBUG net.thucydides.core.steps.StepInterceptor - STARTING STEP: RegisterStep.userSeeLoginHomepage - user see login homepage
18:04:42.898 [Forwarding findElement on session 1a8de7cbe08be610e7420638d942535b to remote] DEBUG org.asynchttpclient.netty.request.NettyRequestSender - Using pooled Channel '[id: 0x29ebccad, L:/127.0.0.1:56816 - R:localhost/127.0.0.1:41866]' for 'POST' to 'http://localhost:41866/session/1a8de7cbe08be610e7420638d942535b/element'
18:04:42.898 [Forwarding findElement on session 1a8de7cbe08be610e7420638d942535b to remote] DEBUG org.asynchttpclient.netty.request.NettyRequestSender - Using open Channel [id: 0x29ebccad, L:/127.0.0.1:56816 - R:localhost/127.0.0.1:41866] for POST '/session/1a8de7cbe08be610e7420638d942535b/element'
18:04:42.950 [AsyncHttpClient-1-8] DEBUG org.asynchttpclient.netty.handler.HttpHandler - 

Request DefaultHttpRequest(decodeResult: success, version: HTTP/1.1)
POST /session/1a8de7cbe08be610e7420638d942535b/element HTTP/1.1
User-Agent: selenium/4.8.1 (java windows)
Content-Length: 90
Content-Type: application/json; charset=utf-8
host: localhost:41866
accept: */*

Response DefaultHttpResponse(decodeResult: success, version: HTTP/1.1)
HTTP/1.1 200 OK
Content-Length: 88
Content-Type: application/json; charset=utf-8
cache-control: no-cache

18:04:42.950 [AsyncHttpClient-1-8] DEBUG org.asynchttpclient.netty.channel.ChannelManager - Adding key: http://localhost:41866 for channel [id: 0x29ebccad, L:/127.0.0.1:56816 - R:localhost/127.0.0.1:41866]
18:04:42.953 [Forwarding isElementDisplayed on session 1a8de7cbe08be610e7420638d942535b to remote] DEBUG org.asynchttpclient.netty.request.NettyRequestSender - Using pooled Channel '[id: 0x29ebccad, L:/127.0.0.1:56816 - R:localhost/127.0.0.1:41866]' for 'POST' to 'http://localhost:41866/session/1a8de7cbe08be610e7420638d942535b/execute/sync'
18:04:42.953 [Forwarding isElementDisplayed on session 1a8de7cbe08be610e7420638d942535b to remote] DEBUG org.asynchttpclient.netty.request.NettyRequestSender - Using open Channel [id: 0x29ebccad, L:/127.0.0.1:56816 - R:localhost/127.0.0.1:41866] for POST '/session/1a8de7cbe08be610e7420638d942535b/execute/sync'
18:04:43.015 [AsyncHttpClient-1-8] DEBUG org.asynchttpclient.netty.handler.HttpHandler - 

Request DefaultHttpRequest(decodeResult: success, version: HTTP/1.1)
POST /session/1a8de7cbe08be610e7420638d942535b/execute/sync HTTP/1.1
User-Agent: selenium/4.8.1 (java windows)
Content-Length: 48807
Content-Type: application/json; charset=utf-8
host: localhost:41866
accept: */*

Response DefaultHttpResponse(decodeResult: success, version: HTTP/1.1)
HTTP/1.1 200 OK
Content-Length: 14
Content-Type: application/json; charset=utf-8
cache-control: no-cache

18:04:43.029 [AsyncHttpClient-1-8] DEBUG org.asynchttpclient.netty.channel.ChannelManager - Adding key: http://localhost:41866 for channel [id: 0x29ebccad, L:/127.0.0.1:56816 - R:localhost/127.0.0.1:41866]
18:04:43.036 [Forwarding getAlertText on session 1a8de7cbe08be610e7420638d942535b to remote] DEBUG org.asynchttpclient.netty.request.NettyRequestSender - Using pooled Channel '[id: 0x29ebccad, L:/127.0.0.1:56816 - R:localhost/127.0.0.1:41866]' for 'GET' to 'http://localhost:41866/session/1a8de7cbe08be610e7420638d942535b/alert/text'
18:04:43.036 [Forwarding getAlertText on session 1a8de7cbe08be610e7420638d942535b to remote] DEBUG org.asynchttpclient.netty.request.NettyRequestSender - Using open Channel [id: 0x29ebccad, L:/127.0.0.1:56816 - R:localhost/127.0.0.1:41866] for GET '/session/1a8de7cbe08be610e7420638d942535b/alert/text'
18:04:43.071 [AsyncHttpClient-1-8] DEBUG org.asynchttpclient.netty.handler.HttpHandler - 

Request DefaultFullHttpRequest(decodeResult: success, version: HTTP/1.1, content: EmptyByteBufBE)
GET /session/1a8de7cbe08be610e7420638d942535b/alert/text HTTP/1.1
User-Agent: selenium/4.8.1 (java windows)
Cache-Control: no-cache
Content-Type: application/json; charset=utf-8
host: localhost:41866
accept: */*

Response DefaultHttpResponse(decodeResult: success, version: HTTP/1.1)
HTTP/1.1 404 Not Found
Content-Length: 848
Content-Type: application/json; charset=utf-8
cache-control: no-cache

18:04:43.071 [AsyncHttpClient-1-8] DEBUG org.asynchttpclient.netty.channel.ChannelManager - Adding key: http://localhost:41866 for channel [id: 0x29ebccad, L:/127.0.0.1:56816 - R:localhost/127.0.0.1:41866]
18:04:43.072 [Forwarding getCurrentUrl on session 1a8de7cbe08be610e7420638d942535b to remote] DEBUG org.asynchttpclient.netty.request.NettyRequestSender - Using pooled Channel '[id: 0x29ebccad, L:/127.0.0.1:56816 - R:localhost/127.0.0.1:41866]' for 'GET' to 'http://localhost:41866/session/1a8de7cbe08be610e7420638d942535b/url'
18:04:43.072 [Forwarding getCurrentUrl on session 1a8de7cbe08be610e7420638d942535b to remote] DEBUG org.asynchttpclient.netty.request.NettyRequestSender - Using open Channel [id: 0x29ebccad, L:/127.0.0.1:56816 - R:localhost/127.0.0.1:41866] for GET '/session/1a8de7cbe08be610e7420638d942535b/url'
18:04:43.080 [AsyncHttpClient-1-8] DEBUG org.asynchttpclient.netty.handler.HttpHandler - 

Request DefaultFullHttpRequest(decodeResult: success, version: HTTP/1.1, content: EmptyByteBufBE)
GET /session/1a8de7cbe08be610e7420638d942535b/url HTTP/1.1
User-Agent: selenium/4.8.1 (java windows)
Cache-Control: no-cache
Content-Type: application/json; charset=utf-8
host: localhost:41866
accept: */*

Response DefaultHttpResponse(decodeResult: success, version: HTTP/1.1)
HTTP/1.1 200 OK
Content-Length: 54
Content-Type: application/json; charset=utf-8
cache-control: no-cache

18:04:43.080 [AsyncHttpClient-1-8] DEBUG org.asynchttpclient.netty.channel.ChannelManager - Adding key: http://localhost:41866 for channel [id: 0x29ebccad, L:/127.0.0.1:56816 - R:localhost/127.0.0.1:41866]
18:04:43.081 [Forwarding screenshot on session 1a8de7cbe08be610e7420638d942535b to remote] DEBUG org.asynchttpclient.netty.request.NettyRequestSender - Using pooled Channel '[id: 0x29ebccad, L:/127.0.0.1:56816 - R:localhost/127.0.0.1:41866]' for 'GET' to 'http://localhost:41866/session/1a8de7cbe08be610e7420638d942535b/screenshot'
18:04:43.081 [Forwarding screenshot on session 1a8de7cbe08be610e7420638d942535b to remote] DEBUG org.asynchttpclient.netty.request.NettyRequestSender - Using open Channel [id: 0x29ebccad, L:/127.0.0.1:56816 - R:localhost/127.0.0.1:41866] for GET '/session/1a8de7cbe08be610e7420638d942535b/screenshot'
18:04:43.233 [AsyncHttpClient-1-8] DEBUG org.asynchttpclient.netty.handler.HttpHandler - 

Request DefaultFullHttpRequest(decodeResult: success, version: HTTP/1.1, content: EmptyByteBufBE)
GET /session/1a8de7cbe08be610e7420638d942535b/screenshot HTTP/1.1
User-Agent: selenium/4.8.1 (java windows)
Cache-Control: no-cache
Content-Type: application/json; charset=utf-8
host: localhost:41866
accept: */*

Response DefaultHttpResponse(decodeResult: success, version: HTTP/1.1)
HTTP/1.1 200 OK
Content-Length: 39208
Content-Type: application/json; charset=utf-8
cache-control: no-cache

18:04:43.234 [AsyncHttpClient-1-8] DEBUG org.asynchttpclient.netty.channel.ChannelManager - Adding key: http://localhost:41866 for channel [id: 0x29ebccad, L:/127.0.0.1:56816 - R:localhost/127.0.0.1:41866]
18:04:43.237 [main] DEBUG net.serenitybdd.core.photography.Darkroom - Send negative for processing for target\site\serenity\9a4adf511a6a0204f3deac4e926a0c05213347b358ecbab70c652b15678917c6.png
18:04:43.237 [main] DEBUG net.thucydides.core.steps.StepInterceptor - STEP DONE: user see login homepage
  &amp#27;[32mThen &amp#27;[0m&amp#27;[32muser see login homepage&amp#27;[0m                       &amp#27;[90m# starter.stepdefinition.RegisterStep.userSeeLoginHomepage()&amp#27;[0m
18:04:43.237 [Darkroom Processing Line] DEBUG net.serenitybdd.core.photography.DarkroomProcessingLine - Processing screenshot image in /var/screenshots/screenshot-2720445011754714671
18:04:43.237 [Darkroom Processing Line] DEBUG net.serenitybdd.core.photography.DarkroomProcessingLine - Saving screenshot to target\site\serenity\9a4adf511a6a0204f3deac4e926a0c05213347b358ecbab70c652b15678917c6.png
18:04:43.245 [main] INFO  - 
  _____   ___   ___   _____     ___     _     ___   ___   ___   ___  
 |_   _| | __| / __| |_   _|   | _ \   /_\   / __| / __| | __| |   \ 
   | |   | _|  \__ \   | |     |  _/  / _ \  \__ \ \__ \ | _|  | |) |
   |_|   |___| |___/   |_|     |_|   /_/ \_\ |___/ |___/ |___| |___/ 

As a user, I register with a weak password
----------------------------------------------------------------------
18:04:43.246 [AsyncHttpClient-1-2] DEBUG org.asynchttpclient.netty.handler.WebSocketHandler - Channel Closed: [id: 0xe4316010, L:/127.0.0.1:56825 ! R:localhost/127.0.0.1:56817] with attribute NettyResponseFuture{currentRetry=0,
	isDone=1,
	isCancelled=0,
	asyncHandler=org.asynchttpclient.ws.WebSocketUpgradeHandler@2fa1e95d,
	nettyRequest=org.asynchttpclient.netty.request.NettyRequest@5d6e3291,
	future=java.util.concurrent.CompletableFuture@125b4190[Completed normally],
	uri=ws://localhost:56817/devtools/browser/2764b585-1e2f-4c0a-9741-f3a7782a2d07,
	keepAlive=true,
	redirectCount=0,
	timeoutsHolder=null,
	inAuth=0,
	touch=1683543879588}
18:04:43.247 [AsyncHttpClient-1-2] DEBUG org.asynchttpclient.netty.channel.ChannelManager - Closing Channel [id: 0xe4316010, L:/127.0.0.1:56825 ! R:localhost/127.0.0.1:56817] 
18:04:43.247 [Driver Command Executor] DEBUG org.asynchttpclient.netty.request.NettyRequestSender - Using pooled Channel '[id: 0x29ebccad, L:/127.0.0.1:56816 - R:localhost/127.0.0.1:41866]' for 'DELETE' to 'http://localhost:41866/session/1a8de7cbe08be610e7420638d942535b'
18:04:43.247 [Driver Command Executor] DEBUG org.asynchttpclient.netty.request.NettyRequestSender - Using open Channel [id: 0x29ebccad, L:/127.0.0.1:56816 - R:localhost/127.0.0.1:41866] for DELETE '/session/1a8de7cbe08be610e7420638d942535b'
18:04:43.663 [AsyncHttpClient-1-9] DEBUG org.asynchttpclient.netty.handler.HttpHandler - Unexpected I/O exception on channel [id: 0xe77c3786, L:/127.0.0.1:56824 - R:localhost/127.0.0.1:56817]
java.io.IOException: An existing connection was forcibly closed by the remote host
	at sun.nio.ch.SocketDispatcher.read0(Native Method)
	at sun.nio.ch.SocketDispatcher.read(SocketDispatcher.java:43)
	at sun.nio.ch.IOUtil.readIntoNativeBuffer(IOUtil.java:223)
	at sun.nio.ch.IOUtil.read(IOUtil.java:192)
	at sun.nio.ch.SocketChannelImpl.read(SocketChannelImpl.java:378)
	at io.netty.buffer.PooledByteBuf.setBytes(PooledByteBuf.java:259)
	at io.netty.buffer.AbstractByteBuf.writeBytes(AbstractByteBuf.java:1132)
	at io.netty.channel.socket.nio.NioSocketChannel.doReadBytes(NioSocketChannel.java:357)
	at io.netty.channel.nio.AbstractNioByteChannel$NioByteUnsafe.read(AbstractNioByteChannel.java:151)
	at io.netty.channel.nio.NioEventLoop.processSelectedKey(NioEventLoop.java:788)
	at io.netty.channel.nio.NioEventLoop.processSelectedKeysOptimized(NioEventLoop.java:724)
	at io.netty.channel.nio.NioEventLoop.processSelectedKeys(NioEventLoop.java:650)
	at io.netty.channel.nio.NioEventLoop.run(NioEventLoop.java:562)
	at io.netty.util.concurrent.SingleThreadEventExecutor$4.run(SingleThreadEventExecutor.java:997)
	at io.netty.util.internal.ThreadExecutorMap$2.run(ThreadExecutorMap.java:74)
	at io.netty.util.concurrent.FastThreadLocalRunnable.run(FastThreadLocalRunnable.java:30)
	at java.lang.Thread.run(Thread.java:748)
18:04:43.663 [AsyncHttpClient-1-9] DEBUG org.asynchttpclient.netty.channel.ChannelManager - Closing Channel [id: 0xe77c3786, L:/127.0.0.1:56824 - R:localhost/127.0.0.1:56817] 
18:04:43.664 [AsyncHttpClient-1-9] DEBUG org.asynchttpclient.netty.handler.HttpHandler - Channel Closed: [id: 0xe77c3786, L:/127.0.0.1:56824 ! R:localhost/127.0.0.1:56817] with attribute DISCARD
18:04:43.716 [AsyncHttpClient-1-8] DEBUG org.asynchttpclient.netty.handler.HttpHandler - 

Request DefaultFullHttpRequest(decodeResult: success, version: HTTP/1.1, content: EmptyByteBufBE)
DELETE /session/1a8de7cbe08be610e7420638d942535b HTTP/1.1
User-Agent: selenium/4.8.1 (java windows)
Content-Type: application/json; charset=utf-8
host: localhost:41866
accept: */*

Response DefaultHttpResponse(decodeResult: success, version: HTTP/1.1)
HTTP/1.1 200 OK
Content-Length: 14
Content-Type: application/json; charset=utf-8
cache-control: no-cache

18:04:43.716 [AsyncHttpClient-1-8] DEBUG org.asynchttpclient.netty.channel.ChannelManager - Adding key: http://localhost:41866 for channel [id: 0x29ebccad, L:/127.0.0.1:56816 - R:localhost/127.0.0.1:41866]
18:04:43.854 [AsyncHttpClient-1-1] DEBUG org.asynchttpclient.netty.channel.DefaultChannelPool - Entry count for : http://localhost:41866 : 1
18:04:43.854 [AsyncHttpClient-1-1] DEBUG org.asynchttpclient.netty.channel.DefaultChannelPool - Entry count for : http://localhost:56817 : 1
18:04:43.854 [AsyncHttpClient-1-1] DEBUG org.asynchttpclient.netty.channel.DefaultChannelPool - Adding Candidate expired Channel [id: 0xe77c3786, L:/127.0.0.1:56824 ! R:localhost/127.0.0.1:56817] isIdleTimeoutExpired=false isRemotelyClosed=true isTtlExpired=false
18:04:43.855 [AsyncHttpClient-1-1] DEBUG org.asynchttpclient.netty.channel.DefaultChannelPool - Closing Idle Channel [id: 0xe77c3786, L:/127.0.0.1:56824 ! R:localhost/127.0.0.1:56817]
18:04:43.855 [AsyncHttpClient-1-1] DEBUG org.asynchttpclient.netty.channel.DefaultChannelPool - Closed 1 connections out of 2 in 1 ms
18:04:43.945 [AsyncHttpClient-1-8] DEBUG org.asynchttpclient.netty.handler.HttpHandler - Channel Closed: [id: 0x29ebccad, L:/127.0.0.1:56816 ! R:localhost/127.0.0.1:41866] with attribute DISCARD
]]></system-out>
    <system-err><![CDATA[Starting ChromeDriver 112.0.5615.49 (bd2a7bcb881c11e8cfe3078709382934e3916914-refs/branch-heads/5615@{#936}) on port 41866
Only local connections are allowed.
Please see https://chromedriver.chromium.org/security-considerations for suggestions on keeping ChromeDriver safe.
ChromeDriver was started successfully.
May 08, 2023 6:04:39 PM org.openqa.selenium.devtools.CdpVersionFinder findNearestMatch
WARNING: Unable to find an exact match for CDP version 112, so returning the closest version found: 110
]]></system-err>
  </testcase>
  <testcase name="As a user, I register without filling name or email or password field" classname="Register - As a user I want to login So that I have to register account" time="6.952">
    <system-out><![CDATA[
@TC_Register_004
Scenario: As a user, I register without filling name or email or password field &amp#27;[90m# src/test/resources/features/Register.feature:35&amp#27;[0m
18:04:44.802 [main] DEBUG io.cucumber.core.plugin.SerenityReporter - Running feature from file:///C:/Users/user/IdeaProjects/QE_Devi%20Agustin%20Utari_Mini_Project/Web_Automation_AltaShop/src/test/resources/features/Register.feature
18:04:44.805 [main] INFO  - 
  _____   ___   ___   _____     ___   _____     _     ___   _____   ___   ___  
 |_   _| | __| / __| |_   _|   / __| |_   _|   /_\   | _ \ |_   _| | __| |   \ 
   | |   | _|  \__ \   | |     \__ \   | |    / _ \  |   /   | |   | _|  | |) |
   |_|   |___| |___/   |_|     |___/   |_|   /_/ \_\ |_|_\   |_|   |___| |___/ 

As a user, I register without filling name or email or password field(register---as-a-user-i-want-to-login-so-that-i-have-to-register-account;as-a-user--i-register-without-filling-name-or-email-or-password-field)
--------------------------------------------------------------------------------
18:04:44.829 [main] DEBUG net.thucydides.core.steps.StepInterceptor - STARTING STEP: RegisterStep.userOnLoginHomepage - user on login homepage
18:04:44.964 [AsyncHttpClient-1-1] DEBUG org.asynchttpclient.netty.channel.DefaultChannelPool - Entry count for : http://localhost:41866 : 1
18:04:44.965 [AsyncHttpClient-1-1] DEBUG org.asynchttpclient.netty.channel.DefaultChannelPool - Adding Candidate expired Channel [id: 0x29ebccad, L:/127.0.0.1:56816 ! R:localhost/127.0.0.1:41866] isIdleTimeoutExpired=false isRemotelyClosed=true isTtlExpired=false
18:04:44.965 [AsyncHttpClient-1-1] DEBUG org.asynchttpclient.netty.channel.DefaultChannelPool - Closing Idle Channel [id: 0x29ebccad, L:/127.0.0.1:56816 ! R:localhost/127.0.0.1:41866]
18:04:44.965 [AsyncHttpClient-1-1] DEBUG org.asynchttpclient.netty.channel.DefaultChannelPool - Closed 1 connections out of 1 in 1 ms
18:04:45.408 [main] INFO net.serenitybdd.core.webdriver.driverproviders.ChromeDriverProvider - Starting Chrome driver instance with capabilities:
18:04:45.408 [main] INFO net.serenitybdd.core.webdriver.driverproviders.ChromeDriverProvider - Capabilities {acceptInsecureCerts: true, browserName: chrome, goog:chromeOptions: {args: [remote-allow-origins=*, test-type, no-sandbox, ignore-certificate-errors, start-maximized, incognito, disable-infobars, disable-gpu, disable-default-apps, disable-popup-blocking, remote-allow-origins=*, test-type, no-sandbox, ignore-certificate-errors, start-maximized, incognito, disable-infobars, disable-gpu, disable-default-apps, disable-popup-blocking, remote-allow-origins=*], extensions: []}}
18:04:46.136 [AsyncHttpClient-1-3] DEBUG org.asynchttpclient.netty.channel.NettyConnectListener - Using new Channel '[id: 0xeddfa30b, L:/127.0.0.1:56845 - R:localhost/127.0.0.1:33499]' for 'POST' to '/session'
18:04:46.938 [AsyncHttpClient-1-3] DEBUG org.asynchttpclient.netty.handler.HttpHandler - 

Request DefaultHttpRequest(decodeResult: success, version: HTTP/1.1)
POST /session HTTP/1.1
User-Agent: selenium/4.8.1 (java windows)
Content-Length: 1701
Content-Type: application/json; charset=utf-8
host: localhost:33499
accept: */*

Response DefaultHttpResponse(decodeResult: success, version: HTTP/1.1)
HTTP/1.1 200 OK
Content-Length: 842
Content-Type: application/json; charset=utf-8
cache-control: no-cache

18:04:46.938 [AsyncHttpClient-1-3] DEBUG org.asynchttpclient.netty.channel.ChannelManager - Adding key: http://localhost:33499 for channel [id: 0xeddfa30b, L:/127.0.0.1:56845 - R:localhost/127.0.0.1:33499]
18:04:46.946 [AsyncHttpClient-1-4] DEBUG org.asynchttpclient.netty.channel.NettyConnectListener - Using new Channel '[id: 0xedab26cd, L:/127.0.0.1:56851 - R:localhost/127.0.0.1:56846]' for 'GET' to '/json/version'
18:04:46.947 [AsyncHttpClient-1-4] DEBUG org.asynchttpclient.netty.handler.HttpHandler - 

Request DefaultFullHttpRequest(decodeResult: success, version: HTTP/1.1, content: EmptyByteBufBE)
GET /json/version HTTP/1.1
User-Agent: selenium/4.8.1 (java windows)
host: localhost:56846
accept: */*

Response DefaultHttpResponse(decodeResult: success, version: HTTP/1.1)
HTTP/1.1 200 OK
Content-Security-Policy: frame-ancestors 'none'
Content-Length: 424
Content-Type: application/json; charset=UTF-8

18:04:46.947 [AsyncHttpClient-1-4] DEBUG org.asynchttpclient.netty.channel.ChannelManager - Adding key: http://localhost:56846 for channel [id: 0xedab26cd, L:/127.0.0.1:56851 - R:localhost/127.0.0.1:56846]
18:04:46.957 [AsyncHttpClient-1-5] DEBUG org.asynchttpclient.netty.channel.NettyConnectListener - Using new Channel '[id: 0xb30e09b8, L:/127.0.0.1:56852 - R:localhost/127.0.0.1:56846]' for 'GET' to '/devtools/browser/9a3ceea5-3773-48b3-ade6-e758d5fcc973'
18:04:46.958 [AsyncHttpClient-1-5] DEBUG org.asynchttpclient.netty.handler.WebSocketHandler - 

Request DefaultFullHttpRequest(decodeResult: success, version: HTTP/1.1, content: EmptyByteBufBE)
GET /devtools/browser/9a3ceea5-3773-48b3-ade6-e758d5fcc973 HTTP/1.1
upgrade: websocket
connection: upgrade
sec-websocket-key: Jns53Pk0DozmVFmiyCwaiQ==
sec-websocket-version: 13
origin: http://localhost:56846
host: localhost:56846
accept: */*
user-agent: AHC/2.1

Response DefaultHttpResponse(decodeResult: success, version: HTTP/1.1)
HTTP/1.1 101 WebSocket Protocol Handshake
Upgrade: WebSocket
Connection: Upgrade
Sec-WebSocket-Accept: uPea3oE5lLAdpMtnXOyjKnEpyWQ=

18:04:46.966 [Forwarding get on session 558f62453a05f0b3866b0b246c069157 to remote] DEBUG org.asynchttpclient.netty.request.NettyRequestSender - Using pooled Channel '[id: 0xeddfa30b, L:/127.0.0.1:56845 - R:localhost/127.0.0.1:33499]' for 'POST' to 'http://localhost:33499/session/558f62453a05f0b3866b0b246c069157/url'
18:04:46.966 [Forwarding get on session 558f62453a05f0b3866b0b246c069157 to remote] DEBUG org.asynchttpclient.netty.request.NettyRequestSender - Using open Channel [id: 0xeddfa30b, L:/127.0.0.1:56845 - R:localhost/127.0.0.1:33499] for POST '/session/558f62453a05f0b3866b0b246c069157/url'
18:04:47.246 [AsyncHttpClient-1-1] DEBUG org.asynchttpclient.netty.channel.DefaultChannelPool - Entry count for : http://localhost:56846 : 1
18:04:48.207 [AsyncHttpClient-1-3] DEBUG org.asynchttpclient.netty.handler.HttpHandler - 

Request DefaultHttpRequest(decodeResult: success, version: HTTP/1.1)
POST /session/558f62453a05f0b3866b0b246c069157/url HTTP/1.1
User-Agent: selenium/4.8.1 (java windows)
Content-Length: 74
Content-Type: application/json; charset=utf-8
host: localhost:33499
accept: */*

Response DefaultHttpResponse(decodeResult: success, version: HTTP/1.1)
HTTP/1.1 200 OK
Content-Length: 14
Content-Type: application/json; charset=utf-8
cache-control: no-cache

18:04:48.207 [AsyncHttpClient-1-3] DEBUG org.asynchttpclient.netty.channel.ChannelManager - Adding key: http://localhost:33499 for channel [id: 0xeddfa30b, L:/127.0.0.1:56845 - R:localhost/127.0.0.1:33499]
18:04:48.208 [Forwarding setTimeout on session 558f62453a05f0b3866b0b246c069157 to remote] DEBUG org.asynchttpclient.netty.request.NettyRequestSender - Using pooled Channel '[id: 0xeddfa30b, L:/127.0.0.1:56845 - R:localhost/127.0.0.1:33499]' for 'POST' to 'http://localhost:33499/session/558f62453a05f0b3866b0b246c069157/timeouts'
18:04:48.208 [Forwarding setTimeout on session 558f62453a05f0b3866b0b246c069157 to remote] DEBUG org.asynchttpclient.netty.request.NettyRequestSender - Using open Channel [id: 0xeddfa30b, L:/127.0.0.1:56845 - R:localhost/127.0.0.1:33499] for POST '/session/558f62453a05f0b3866b0b246c069157/timeouts'
18:04:48.212 [AsyncHttpClient-1-3] DEBUG org.asynchttpclient.netty.handler.HttpHandler - 

Request DefaultHttpRequest(decodeResult: success, version: HTTP/1.1)
POST /session/558f62453a05f0b3866b0b246c069157/timeouts HTTP/1.1
User-Agent: selenium/4.8.1 (java windows)
Content-Length: 22
Content-Type: application/json; charset=utf-8
host: localhost:33499
accept: */*

Response DefaultHttpResponse(decodeResult: success, version: HTTP/1.1)
HTTP/1.1 200 OK
Content-Length: 14
Content-Type: application/json; charset=utf-8
cache-control: no-cache

18:04:48.212 [AsyncHttpClient-1-3] DEBUG org.asynchttpclient.netty.channel.ChannelManager - Adding key: http://localhost:33499 for channel [id: 0xeddfa30b, L:/127.0.0.1:56845 - R:localhost/127.0.0.1:33499]
18:04:48.220 [Forwarding findElement on session 558f62453a05f0b3866b0b246c069157 to remote] DEBUG org.asynchttpclient.netty.request.NettyRequestSender - Using pooled Channel '[id: 0xeddfa30b, L:/127.0.0.1:56845 - R:localhost/127.0.0.1:33499]' for 'POST' to 'http://localhost:33499/session/558f62453a05f0b3866b0b246c069157/element'
18:04:48.220 [Forwarding findElement on session 558f62453a05f0b3866b0b246c069157 to remote] DEBUG org.asynchttpclient.netty.request.NettyRequestSender - Using open Channel [id: 0xeddfa30b, L:/127.0.0.1:56845 - R:localhost/127.0.0.1:33499] for POST '/session/558f62453a05f0b3866b0b246c069157/element'
18:04:48.278 [AsyncHttpClient-1-1] DEBUG org.asynchttpclient.netty.channel.DefaultChannelPool - Entry count for : http://localhost:56846 : 1
18:04:48.297 [AsyncHttpClient-1-3] DEBUG org.asynchttpclient.netty.handler.HttpHandler - 

Request DefaultHttpRequest(decodeResult: success, version: HTTP/1.1)
POST /session/558f62453a05f0b3866b0b246c069157/element HTTP/1.1
User-Agent: selenium/4.8.1 (java windows)
Content-Length: 69
Content-Type: application/json; charset=utf-8
host: localhost:33499
accept: */*

Response DefaultHttpResponse(decodeResult: success, version: HTTP/1.1)
HTTP/1.1 200 OK
Content-Length: 88
Content-Type: application/json; charset=utf-8
cache-control: no-cache

18:04:48.297 [AsyncHttpClient-1-3] DEBUG org.asynchttpclient.netty.channel.ChannelManager - Adding key: http://localhost:33499 for channel [id: 0xeddfa30b, L:/127.0.0.1:56845 - R:localhost/127.0.0.1:33499]
18:04:48.301 [Forwarding isElementDisplayed on session 558f62453a05f0b3866b0b246c069157 to remote] DEBUG org.asynchttpclient.netty.request.NettyRequestSender - Using pooled Channel '[id: 0xeddfa30b, L:/127.0.0.1:56845 - R:localhost/127.0.0.1:33499]' for 'POST' to 'http://localhost:33499/session/558f62453a05f0b3866b0b246c069157/execute/sync'
18:04:48.301 [Forwarding isElementDisplayed on session 558f62453a05f0b3866b0b246c069157 to remote] DEBUG org.asynchttpclient.netty.request.NettyRequestSender - Using open Channel [id: 0xeddfa30b, L:/127.0.0.1:56845 - R:localhost/127.0.0.1:33499] for POST '/session/558f62453a05f0b3866b0b246c069157/execute/sync'
18:04:48.348 [AsyncHttpClient-1-3] DEBUG org.asynchttpclient.netty.handler.HttpHandler - 

Request DefaultHttpRequest(decodeResult: success, version: HTTP/1.1)
POST /session/558f62453a05f0b3866b0b246c069157/execute/sync HTTP/1.1
User-Agent: selenium/4.8.1 (java windows)
Content-Length: 48807
Content-Type: application/json; charset=utf-8
host: localhost:33499
accept: */*

Response DefaultHttpResponse(decodeResult: success, version: HTTP/1.1)
HTTP/1.1 200 OK
Content-Length: 14
Content-Type: application/json; charset=utf-8
cache-control: no-cache

18:04:48.348 [AsyncHttpClient-1-3] DEBUG org.asynchttpclient.netty.channel.ChannelManager - Adding key: http://localhost:33499 for channel [id: 0xeddfa30b, L:/127.0.0.1:56845 - R:localhost/127.0.0.1:33499]
18:04:48.355 [Forwarding getAlertText on session 558f62453a05f0b3866b0b246c069157 to remote] DEBUG org.asynchttpclient.netty.request.NettyRequestSender - Using pooled Channel '[id: 0xeddfa30b, L:/127.0.0.1:56845 - R:localhost/127.0.0.1:33499]' for 'GET' to 'http://localhost:33499/session/558f62453a05f0b3866b0b246c069157/alert/text'
18:04:48.355 [Forwarding getAlertText on session 558f62453a05f0b3866b0b246c069157 to remote] DEBUG org.asynchttpclient.netty.request.NettyRequestSender - Using open Channel [id: 0xeddfa30b, L:/127.0.0.1:56845 - R:localhost/127.0.0.1:33499] for GET '/session/558f62453a05f0b3866b0b246c069157/alert/text'
18:04:48.358 [AsyncHttpClient-1-3] DEBUG org.asynchttpclient.netty.handler.HttpHandler - 

Request DefaultFullHttpRequest(decodeResult: success, version: HTTP/1.1, content: EmptyByteBufBE)
GET /session/558f62453a05f0b3866b0b246c069157/alert/text HTTP/1.1
User-Agent: selenium/4.8.1 (java windows)
Cache-Control: no-cache
Content-Type: application/json; charset=utf-8
host: localhost:33499
accept: */*

Response DefaultHttpResponse(decodeResult: success, version: HTTP/1.1)
HTTP/1.1 404 Not Found
Content-Length: 848
Content-Type: application/json; charset=utf-8
cache-control: no-cache

18:04:48.358 [AsyncHttpClient-1-3] DEBUG org.asynchttpclient.netty.channel.ChannelManager - Adding key: http://localhost:33499 for channel [id: 0xeddfa30b, L:/127.0.0.1:56845 - R:localhost/127.0.0.1:33499]
18:04:48.359 [Forwarding getCurrentUrl on session 558f62453a05f0b3866b0b246c069157 to remote] DEBUG org.asynchttpclient.netty.request.NettyRequestSender - Using pooled Channel '[id: 0xeddfa30b, L:/127.0.0.1:56845 - R:localhost/127.0.0.1:33499]' for 'GET' to 'http://localhost:33499/session/558f62453a05f0b3866b0b246c069157/url'
18:04:48.359 [Forwarding getCurrentUrl on session 558f62453a05f0b3866b0b246c069157 to remote] DEBUG org.asynchttpclient.netty.request.NettyRequestSender - Using open Channel [id: 0xeddfa30b, L:/127.0.0.1:56845 - R:localhost/127.0.0.1:33499] for GET '/session/558f62453a05f0b3866b0b246c069157/url'
18:04:48.371 [AsyncHttpClient-1-3] DEBUG org.asynchttpclient.netty.handler.HttpHandler - 

Request DefaultFullHttpRequest(decodeResult: success, version: HTTP/1.1, content: EmptyByteBufBE)
GET /session/558f62453a05f0b3866b0b246c069157/url HTTP/1.1
User-Agent: selenium/4.8.1 (java windows)
Cache-Control: no-cache
Content-Type: application/json; charset=utf-8
host: localhost:33499
accept: */*

Response DefaultHttpResponse(decodeResult: success, version: HTTP/1.1)
HTTP/1.1 200 OK
Content-Length: 51
Content-Type: application/json; charset=utf-8
cache-control: no-cache

18:04:48.371 [AsyncHttpClient-1-3] DEBUG org.asynchttpclient.netty.channel.ChannelManager - Adding key: http://localhost:33499 for channel [id: 0xeddfa30b, L:/127.0.0.1:56845 - R:localhost/127.0.0.1:33499]
18:04:48.372 [Forwarding screenshot on session 558f62453a05f0b3866b0b246c069157 to remote] DEBUG org.asynchttpclient.netty.request.NettyRequestSender - Using pooled Channel '[id: 0xeddfa30b, L:/127.0.0.1:56845 - R:localhost/127.0.0.1:33499]' for 'GET' to 'http://localhost:33499/session/558f62453a05f0b3866b0b246c069157/screenshot'
18:04:48.372 [Forwarding screenshot on session 558f62453a05f0b3866b0b246c069157 to remote] DEBUG org.asynchttpclient.netty.request.NettyRequestSender - Using open Channel [id: 0xeddfa30b, L:/127.0.0.1:56845 - R:localhost/127.0.0.1:33499] for GET '/session/558f62453a05f0b3866b0b246c069157/screenshot'
18:04:48.497 [AsyncHttpClient-1-3] DEBUG org.asynchttpclient.netty.handler.HttpHandler - 

Request DefaultFullHttpRequest(decodeResult: success, version: HTTP/1.1, content: EmptyByteBufBE)
GET /session/558f62453a05f0b3866b0b246c069157/screenshot HTTP/1.1
User-Agent: selenium/4.8.1 (java windows)
Cache-Control: no-cache
Content-Type: application/json; charset=utf-8
host: localhost:33499
accept: */*

Response DefaultHttpResponse(decodeResult: success, version: HTTP/1.1)
HTTP/1.1 200 OK
Content-Length: 25060
Content-Type: application/json; charset=utf-8
cache-control: no-cache

18:04:48.497 [AsyncHttpClient-1-3] DEBUG org.asynchttpclient.netty.channel.ChannelManager - Adding key: http://localhost:33499 for channel [id: 0xeddfa30b, L:/127.0.0.1:56845 - R:localhost/127.0.0.1:33499]
18:04:48.500 [main] DEBUG net.serenitybdd.core.photography.Darkroom - Send negative for processing for target\site\serenity\1db263dd5c04c8fe15e82ee6420144d4e1e7b9826b9315cfd7ec5b5d0da76045.png
18:04:48.500 [main] DEBUG net.thucydides.core.steps.StepInterceptor - STEP DONE: user on login homepage
  &amp#27;[32mGiven &amp#27;[0m&amp#27;[32muser on login homepage&amp#27;[0m                                                  &amp#27;[90m# starter.stepdefinition.RegisterStep.userOnLoginHomepage()&amp#27;[0m
18:04:48.512 [main] DEBUG net.thucydides.core.steps.StepInterceptor - STARTING STEP: RegisterStep.userClickRegister - user click register
18:04:48.516 [Forwarding findElement on session 558f62453a05f0b3866b0b246c069157 to remote] DEBUG org.asynchttpclient.netty.request.NettyRequestSender - Using pooled Channel '[id: 0xeddfa30b, L:/127.0.0.1:56845 - R:localhost/127.0.0.1:33499]' for 'POST' to 'http://localhost:33499/session/558f62453a05f0b3866b0b246c069157/element'
18:04:48.516 [Forwarding findElement on session 558f62453a05f0b3866b0b246c069157 to remote] DEBUG org.asynchttpclient.netty.request.NettyRequestSender - Using open Channel [id: 0xeddfa30b, L:/127.0.0.1:56845 - R:localhost/127.0.0.1:33499] for POST '/session/558f62453a05f0b3866b0b246c069157/element'
18:04:48.531 [AsyncHttpClient-1-3] DEBUG org.asynchttpclient.netty.handler.HttpHandler - 

Request DefaultHttpRequest(decodeResult: success, version: HTTP/1.1)
POST /session/558f62453a05f0b3866b0b246c069157/element HTTP/1.1
User-Agent: selenium/4.8.1 (java windows)
Content-Length: 84
Content-Type: application/json; charset=utf-8
host: localhost:33499
accept: */*

Response DefaultHttpResponse(decodeResult: success, version: HTTP/1.1)
HTTP/1.1 200 OK
Content-Length: 88
Content-Type: application/json; charset=utf-8
cache-control: no-cache

18:04:48.532 [AsyncHttpClient-1-3] DEBUG org.asynchttpclient.netty.channel.ChannelManager - Adding key: http://localhost:33499 for channel [id: 0xeddfa30b, L:/127.0.0.1:56845 - R:localhost/127.0.0.1:33499]
18:04:48.533 [Forwarding getElementTagName on session 558f62453a05f0b3866b0b246c069157 to remote] DEBUG org.asynchttpclient.netty.request.NettyRequestSender - Using pooled Channel '[id: 0xeddfa30b, L:/127.0.0.1:56845 - R:localhost/127.0.0.1:33499]' for 'GET' to 'http://localhost:33499/session/558f62453a05f0b3866b0b246c069157/element/be89f9c0-488a-4d2a-a5b1-084f55fa27be/name'
18:04:48.533 [Forwarding getElementTagName on session 558f62453a05f0b3866b0b246c069157 to remote] DEBUG org.asynchttpclient.netty.request.NettyRequestSender - Using open Channel [id: 0xeddfa30b, L:/127.0.0.1:56845 - R:localhost/127.0.0.1:33499] for GET '/session/558f62453a05f0b3866b0b246c069157/element/be89f9c0-488a-4d2a-a5b1-084f55fa27be/name'
18:04:48.539 [AsyncHttpClient-1-3] DEBUG org.asynchttpclient.netty.handler.HttpHandler - 

Request DefaultFullHttpRequest(decodeResult: success, version: HTTP/1.1, content: EmptyByteBufBE)
GET /session/558f62453a05f0b3866b0b246c069157/element/be89f9c0-488a-4d2a-a5b1-084f55fa27be/name HTTP/1.1
User-Agent: selenium/4.8.1 (java windows)
Cache-Control: no-cache
Content-Type: application/json; charset=utf-8
host: localhost:33499
accept: */*

Response DefaultHttpResponse(decodeResult: success, version: HTTP/1.1)
HTTP/1.1 200 OK
Content-Length: 13
Content-Type: application/json; charset=utf-8
cache-control: no-cache

18:04:48.539 [AsyncHttpClient-1-3] DEBUG org.asynchttpclient.netty.channel.ChannelManager - Adding key: http://localhost:33499 for channel [id: 0xeddfa30b, L:/127.0.0.1:56845 - R:localhost/127.0.0.1:33499]
18:04:48.540 [Forwarding getElementTagName on session 558f62453a05f0b3866b0b246c069157 to remote] DEBUG org.asynchttpclient.netty.request.NettyRequestSender - Using pooled Channel '[id: 0xeddfa30b, L:/127.0.0.1:56845 - R:localhost/127.0.0.1:33499]' for 'GET' to 'http://localhost:33499/session/558f62453a05f0b3866b0b246c069157/element/be89f9c0-488a-4d2a-a5b1-084f55fa27be/name'
18:04:48.540 [Forwarding getElementTagName on session 558f62453a05f0b3866b0b246c069157 to remote] DEBUG org.asynchttpclient.netty.request.NettyRequestSender - Using open Channel [id: 0xeddfa30b, L:/127.0.0.1:56845 - R:localhost/127.0.0.1:33499] for GET '/session/558f62453a05f0b3866b0b246c069157/element/be89f9c0-488a-4d2a-a5b1-084f55fa27be/name'
18:04:48.544 [AsyncHttpClient-1-3] DEBUG org.asynchttpclient.netty.handler.HttpHandler - 

Request DefaultFullHttpRequest(decodeResult: success, version: HTTP/1.1, content: EmptyByteBufBE)
GET /session/558f62453a05f0b3866b0b246c069157/element/be89f9c0-488a-4d2a-a5b1-084f55fa27be/name HTTP/1.1
User-Agent: selenium/4.8.1 (java windows)
Cache-Control: no-cache
Content-Type: application/json; charset=utf-8
host: localhost:33499
accept: */*

Response DefaultHttpResponse(decodeResult: success, version: HTTP/1.1)
HTTP/1.1 200 OK
Content-Length: 13
Content-Type: application/json; charset=utf-8
cache-control: no-cache

18:04:48.544 [AsyncHttpClient-1-3] DEBUG org.asynchttpclient.netty.channel.ChannelManager - Adding key: http://localhost:33499 for channel [id: 0xeddfa30b, L:/127.0.0.1:56845 - R:localhost/127.0.0.1:33499]
18:04:48.546 [Forwarding findElement on session 558f62453a05f0b3866b0b246c069157 to remote] DEBUG org.asynchttpclient.netty.request.NettyRequestSender - Using pooled Channel '[id: 0xeddfa30b, L:/127.0.0.1:56845 - R:localhost/127.0.0.1:33499]' for 'POST' to 'http://localhost:33499/session/558f62453a05f0b3866b0b246c069157/element'
18:04:48.546 [Forwarding findElement on session 558f62453a05f0b3866b0b246c069157 to remote] DEBUG org.asynchttpclient.netty.request.NettyRequestSender - Using open Channel [id: 0xeddfa30b, L:/127.0.0.1:56845 - R:localhost/127.0.0.1:33499] for POST '/session/558f62453a05f0b3866b0b246c069157/element'
18:04:48.555 [AsyncHttpClient-1-3] DEBUG org.asynchttpclient.netty.handler.HttpHandler - 

Request DefaultHttpRequest(decodeResult: success, version: HTTP/1.1)
POST /session/558f62453a05f0b3866b0b246c069157/element HTTP/1.1
User-Agent: selenium/4.8.1 (java windows)
Content-Length: 84
Content-Type: application/json; charset=utf-8
host: localhost:33499
accept: */*

Response DefaultHttpResponse(decodeResult: success, version: HTTP/1.1)
HTTP/1.1 200 OK
Content-Length: 88
Content-Type: application/json; charset=utf-8
cache-control: no-cache

18:04:48.555 [AsyncHttpClient-1-3] DEBUG org.asynchttpclient.netty.channel.ChannelManager - Adding key: http://localhost:33499 for channel [id: 0xeddfa30b, L:/127.0.0.1:56845 - R:localhost/127.0.0.1:33499]
18:04:48.556 [Forwarding clickElement on session 558f62453a05f0b3866b0b246c069157 to remote] DEBUG org.asynchttpclient.netty.request.NettyRequestSender - Using pooled Channel '[id: 0xeddfa30b, L:/127.0.0.1:56845 - R:localhost/127.0.0.1:33499]' for 'POST' to 'http://localhost:33499/session/558f62453a05f0b3866b0b246c069157/element/be89f9c0-488a-4d2a-a5b1-084f55fa27be/click'
18:04:48.556 [Forwarding clickElement on session 558f62453a05f0b3866b0b246c069157 to remote] DEBUG org.asynchttpclient.netty.request.NettyRequestSender - Using open Channel [id: 0xeddfa30b, L:/127.0.0.1:56845 - R:localhost/127.0.0.1:33499] for POST '/session/558f62453a05f0b3866b0b246c069157/element/be89f9c0-488a-4d2a-a5b1-084f55fa27be/click'
18:04:48.609 [AsyncHttpClient-1-3] DEBUG org.asynchttpclient.netty.handler.HttpHandler - 

Request DefaultHttpRequest(decodeResult: success, version: HTTP/1.1)
POST /session/558f62453a05f0b3866b0b246c069157/element/be89f9c0-488a-4d2a-a5b1-084f55fa27be/click HTTP/1.1
User-Agent: selenium/4.8.1 (java windows)
Content-Length: 50
Content-Type: application/json; charset=utf-8
host: localhost:33499
accept: */*

Response DefaultHttpResponse(decodeResult: success, version: HTTP/1.1)
HTTP/1.1 200 OK
Content-Length: 14
Content-Type: application/json; charset=utf-8
cache-control: no-cache

18:04:48.609 [AsyncHttpClient-1-3] DEBUG org.asynchttpclient.netty.channel.ChannelManager - Adding key: http://localhost:33499 for channel [id: 0xeddfa30b, L:/127.0.0.1:56845 - R:localhost/127.0.0.1:33499]
18:04:48.620 [Forwarding getAlertText on session 558f62453a05f0b3866b0b246c069157 to remote] DEBUG org.asynchttpclient.netty.request.NettyRequestSender - Using pooled Channel '[id: 0xeddfa30b, L:/127.0.0.1:56845 - R:localhost/127.0.0.1:33499]' for 'GET' to 'http://localhost:33499/session/558f62453a05f0b3866b0b246c069157/alert/text'
18:04:48.621 [Forwarding getAlertText on session 558f62453a05f0b3866b0b246c069157 to remote] DEBUG org.asynchttpclient.netty.request.NettyRequestSender - Using open Channel [id: 0xeddfa30b, L:/127.0.0.1:56845 - R:localhost/127.0.0.1:33499] for GET '/session/558f62453a05f0b3866b0b246c069157/alert/text'
18:04:48.640 [AsyncHttpClient-1-3] DEBUG org.asynchttpclient.netty.handler.HttpHandler - 

Request DefaultFullHttpRequest(decodeResult: success, version: HTTP/1.1, content: EmptyByteBufBE)
GET /session/558f62453a05f0b3866b0b246c069157/alert/text HTTP/1.1
User-Agent: selenium/4.8.1 (java windows)
Cache-Control: no-cache
Content-Type: application/json; charset=utf-8
host: localhost:33499
accept: */*

Response DefaultHttpResponse(decodeResult: success, version: HTTP/1.1)
HTTP/1.1 404 Not Found
Content-Length: 848
Content-Type: application/json; charset=utf-8
cache-control: no-cache

18:04:48.640 [AsyncHttpClient-1-3] DEBUG org.asynchttpclient.netty.channel.ChannelManager - Adding key: http://localhost:33499 for channel [id: 0xeddfa30b, L:/127.0.0.1:56845 - R:localhost/127.0.0.1:33499]
18:04:48.641 [Forwarding getCurrentUrl on session 558f62453a05f0b3866b0b246c069157 to remote] DEBUG org.asynchttpclient.netty.request.NettyRequestSender - Using pooled Channel '[id: 0xeddfa30b, L:/127.0.0.1:56845 - R:localhost/127.0.0.1:33499]' for 'GET' to 'http://localhost:33499/session/558f62453a05f0b3866b0b246c069157/url'
18:04:48.641 [Forwarding getCurrentUrl on session 558f62453a05f0b3866b0b246c069157 to remote] DEBUG org.asynchttpclient.netty.request.NettyRequestSender - Using open Channel [id: 0xeddfa30b, L:/127.0.0.1:56845 - R:localhost/127.0.0.1:33499] for GET '/session/558f62453a05f0b3866b0b246c069157/url'
18:04:48.653 [AsyncHttpClient-1-3] DEBUG org.asynchttpclient.netty.handler.HttpHandler - 

Request DefaultFullHttpRequest(decodeResult: success, version: HTTP/1.1, content: EmptyByteBufBE)
GET /session/558f62453a05f0b3866b0b246c069157/url HTTP/1.1
User-Agent: selenium/4.8.1 (java windows)
Cache-Control: no-cache
Content-Type: application/json; charset=utf-8
host: localhost:33499
accept: */*

Response DefaultHttpResponse(decodeResult: success, version: HTTP/1.1)
HTTP/1.1 200 OK
Content-Length: 54
Content-Type: application/json; charset=utf-8
cache-control: no-cache

18:04:48.653 [AsyncHttpClient-1-3] DEBUG org.asynchttpclient.netty.channel.ChannelManager - Adding key: http://localhost:33499 for channel [id: 0xeddfa30b, L:/127.0.0.1:56845 - R:localhost/127.0.0.1:33499]
18:04:48.654 [Forwarding screenshot on session 558f62453a05f0b3866b0b246c069157 to remote] DEBUG org.asynchttpclient.netty.request.NettyRequestSender - Using pooled Channel '[id: 0xeddfa30b, L:/127.0.0.1:56845 - R:localhost/127.0.0.1:33499]' for 'GET' to 'http://localhost:33499/session/558f62453a05f0b3866b0b246c069157/screenshot'
18:04:48.654 [Forwarding screenshot on session 558f62453a05f0b3866b0b246c069157 to remote] DEBUG org.asynchttpclient.netty.request.NettyRequestSender - Using open Channel [id: 0xeddfa30b, L:/127.0.0.1:56845 - R:localhost/127.0.0.1:33499] for GET '/session/558f62453a05f0b3866b0b246c069157/screenshot'
18:04:48.782 [AsyncHttpClient-1-3] DEBUG org.asynchttpclient.netty.handler.HttpHandler - 

Request DefaultFullHttpRequest(decodeResult: success, version: HTTP/1.1, content: EmptyByteBufBE)
GET /session/558f62453a05f0b3866b0b246c069157/screenshot HTTP/1.1
User-Agent: selenium/4.8.1 (java windows)
Cache-Control: no-cache
Content-Type: application/json; charset=utf-8
host: localhost:33499
accept: */*

Response DefaultHttpResponse(decodeResult: success, version: HTTP/1.1)
HTTP/1.1 200 OK
Content-Length: 29812
Content-Type: application/json; charset=utf-8
cache-control: no-cache

18:04:48.782 [AsyncHttpClient-1-3] DEBUG org.asynchttpclient.netty.channel.ChannelManager - Adding key: http://localhost:33499 for channel [id: 0xeddfa30b, L:/127.0.0.1:56845 - R:localhost/127.0.0.1:33499]
18:04:48.784 [main] DEBUG net.serenitybdd.core.photography.Darkroom - Send negative for processing for target\site\serenity\dc691df6bc45ac7ee85f2038bc160acfdeabaa5f159ef30e6301de43706d82fa.png
18:04:48.785 [main] DEBUG net.thucydides.core.steps.StepInterceptor - STEP DONE: user click register
  &amp#27;[32mAnd &amp#27;[0m&amp#27;[32muser click register&amp#27;[0m                                                       &amp#27;[90m# starter.stepdefinition.RegisterStep.userClickRegister()&amp#27;[0m
18:04:48.785 [Darkroom Processing Line] DEBUG net.serenitybdd.core.photography.DarkroomProcessingLine - Processing screenshot image in /var/screenshots/screenshot-8297135588158490072
18:04:48.785 [Darkroom Processing Line] DEBUG net.serenitybdd.core.photography.DarkroomProcessingLine - Saving screenshot to target\site\serenity\dc691df6bc45ac7ee85f2038bc160acfdeabaa5f159ef30e6301de43706d82fa.png
18:04:48.798 [main] DEBUG net.thucydides.core.steps.StepInterceptor - STARTING STEP: RegisterStep.userInputfullname - user input full name
18:04:48.801 [Forwarding findElement on session 558f62453a05f0b3866b0b246c069157 to remote] DEBUG org.asynchttpclient.netty.request.NettyRequestSender - Using pooled Channel '[id: 0xeddfa30b, L:/127.0.0.1:56845 - R:localhost/127.0.0.1:33499]' for 'POST' to 'http://localhost:33499/session/558f62453a05f0b3866b0b246c069157/element'
18:04:48.801 [Forwarding findElement on session 558f62453a05f0b3866b0b246c069157 to remote] DEBUG org.asynchttpclient.netty.request.NettyRequestSender - Using open Channel [id: 0xeddfa30b, L:/127.0.0.1:56845 - R:localhost/127.0.0.1:33499] for POST '/session/558f62453a05f0b3866b0b246c069157/element'
18:04:48.818 [AsyncHttpClient-1-3] DEBUG org.asynchttpclient.netty.handler.HttpHandler - 

Request DefaultHttpRequest(decodeResult: success, version: HTTP/1.1)
POST /session/558f62453a05f0b3866b0b246c069157/element HTTP/1.1
User-Agent: selenium/4.8.1 (java windows)
Content-Length: 55
Content-Type: application/json; charset=utf-8
host: localhost:33499
accept: */*

Response DefaultHttpResponse(decodeResult: success, version: HTTP/1.1)
HTTP/1.1 200 OK
Content-Length: 88
Content-Type: application/json; charset=utf-8
cache-control: no-cache

18:04:48.818 [AsyncHttpClient-1-3] DEBUG org.asynchttpclient.netty.channel.ChannelManager - Adding key: http://localhost:33499 for channel [id: 0xeddfa30b, L:/127.0.0.1:56845 - R:localhost/127.0.0.1:33499]
18:04:48.819 [Forwarding clearElement on session 558f62453a05f0b3866b0b246c069157 to remote] DEBUG org.asynchttpclient.netty.request.NettyRequestSender - Using pooled Channel '[id: 0xeddfa30b, L:/127.0.0.1:56845 - R:localhost/127.0.0.1:33499]' for 'POST' to 'http://localhost:33499/session/558f62453a05f0b3866b0b246c069157/element/e33f719c-b08e-452d-89e0-8413a0e4c6ef/clear'
18:04:48.819 [Forwarding clearElement on session 558f62453a05f0b3866b0b246c069157 to remote] DEBUG org.asynchttpclient.netty.request.NettyRequestSender - Using open Channel [id: 0xeddfa30b, L:/127.0.0.1:56845 - R:localhost/127.0.0.1:33499] for POST '/session/558f62453a05f0b3866b0b246c069157/element/e33f719c-b08e-452d-89e0-8413a0e4c6ef/clear'
18:04:48.874 [AsyncHttpClient-1-3] DEBUG org.asynchttpclient.netty.handler.HttpHandler - 

Request DefaultHttpRequest(decodeResult: success, version: HTTP/1.1)
POST /session/558f62453a05f0b3866b0b246c069157/element/e33f719c-b08e-452d-89e0-8413a0e4c6ef/clear HTTP/1.1
User-Agent: selenium/4.8.1 (java windows)
Content-Length: 50
Content-Type: application/json; charset=utf-8
host: localhost:33499
accept: */*

Response DefaultHttpResponse(decodeResult: success, version: HTTP/1.1)
HTTP/1.1 200 OK
Content-Length: 14
Content-Type: application/json; charset=utf-8
cache-control: no-cache

18:04:48.874 [AsyncHttpClient-1-3] DEBUG org.asynchttpclient.netty.channel.ChannelManager - Adding key: http://localhost:33499 for channel [id: 0xeddfa30b, L:/127.0.0.1:56845 - R:localhost/127.0.0.1:33499]
18:04:48.877 [Forwarding sendKeysToElement on session 558f62453a05f0b3866b0b246c069157 to remote] DEBUG org.asynchttpclient.netty.request.NettyRequestSender - Using pooled Channel '[id: 0xeddfa30b, L:/127.0.0.1:56845 - R:localhost/127.0.0.1:33499]' for 'POST' to 'http://localhost:33499/session/558f62453a05f0b3866b0b246c069157/element/e33f719c-b08e-452d-89e0-8413a0e4c6ef/value'
18:04:48.877 [Forwarding sendKeysToElement on session 558f62453a05f0b3866b0b246c069157 to remote] DEBUG org.asynchttpclient.netty.request.NettyRequestSender - Using open Channel [id: 0xeddfa30b, L:/127.0.0.1:56845 - R:localhost/127.0.0.1:33499] for POST '/session/558f62453a05f0b3866b0b246c069157/element/e33f719c-b08e-452d-89e0-8413a0e4c6ef/value'
18:04:49.134 [AsyncHttpClient-1-3] DEBUG org.asynchttpclient.netty.handler.HttpHandler - 

Request DefaultHttpRequest(decodeResult: success, version: HTTP/1.1)
POST /session/558f62453a05f0b3866b0b246c069157/element/e33f719c-b08e-452d-89e0-8413a0e4c6ef/value HTTP/1.1
User-Agent: selenium/4.8.1 (java windows)
Content-Length: 261
Content-Type: application/json; charset=utf-8
host: localhost:33499
accept: */*

Response DefaultHttpResponse(decodeResult: success, version: HTTP/1.1)
HTTP/1.1 200 OK
Content-Length: 14
Content-Type: application/json; charset=utf-8
cache-control: no-cache

18:04:49.134 [AsyncHttpClient-1-3] DEBUG org.asynchttpclient.netty.channel.ChannelManager - Adding key: http://localhost:33499 for channel [id: 0xeddfa30b, L:/127.0.0.1:56845 - R:localhost/127.0.0.1:33499]
18:04:49.142 [Forwarding getAlertText on session 558f62453a05f0b3866b0b246c069157 to remote] DEBUG org.asynchttpclient.netty.request.NettyRequestSender - Using pooled Channel '[id: 0xeddfa30b, L:/127.0.0.1:56845 - R:localhost/127.0.0.1:33499]' for 'GET' to 'http://localhost:33499/session/558f62453a05f0b3866b0b246c069157/alert/text'
18:04:49.142 [Forwarding getAlertText on session 558f62453a05f0b3866b0b246c069157 to remote] DEBUG org.asynchttpclient.netty.request.NettyRequestSender - Using open Channel [id: 0xeddfa30b, L:/127.0.0.1:56845 - R:localhost/127.0.0.1:33499] for GET '/session/558f62453a05f0b3866b0b246c069157/alert/text'
18:04:49.145 [AsyncHttpClient-1-3] DEBUG org.asynchttpclient.netty.handler.HttpHandler - 

Request DefaultFullHttpRequest(decodeResult: success, version: HTTP/1.1, content: EmptyByteBufBE)
GET /session/558f62453a05f0b3866b0b246c069157/alert/text HTTP/1.1
User-Agent: selenium/4.8.1 (java windows)
Cache-Control: no-cache
Content-Type: application/json; charset=utf-8
host: localhost:33499
accept: */*

Response DefaultHttpResponse(decodeResult: success, version: HTTP/1.1)
HTTP/1.1 404 Not Found
Content-Length: 848
Content-Type: application/json; charset=utf-8
cache-control: no-cache

18:04:49.145 [AsyncHttpClient-1-3] DEBUG org.asynchttpclient.netty.channel.ChannelManager - Adding key: http://localhost:33499 for channel [id: 0xeddfa30b, L:/127.0.0.1:56845 - R:localhost/127.0.0.1:33499]
18:04:49.146 [Forwarding getCurrentUrl on session 558f62453a05f0b3866b0b246c069157 to remote] DEBUG org.asynchttpclient.netty.request.NettyRequestSender - Using pooled Channel '[id: 0xeddfa30b, L:/127.0.0.1:56845 - R:localhost/127.0.0.1:33499]' for 'GET' to 'http://localhost:33499/session/558f62453a05f0b3866b0b246c069157/url'
18:04:49.147 [Forwarding getCurrentUrl on session 558f62453a05f0b3866b0b246c069157 to remote] DEBUG org.asynchttpclient.netty.request.NettyRequestSender - Using open Channel [id: 0xeddfa30b, L:/127.0.0.1:56845 - R:localhost/127.0.0.1:33499] for GET '/session/558f62453a05f0b3866b0b246c069157/url'
18:04:49.151 [AsyncHttpClient-1-3] DEBUG org.asynchttpclient.netty.handler.HttpHandler - 

Request DefaultFullHttpRequest(decodeResult: success, version: HTTP/1.1, content: EmptyByteBufBE)
GET /session/558f62453a05f0b3866b0b246c069157/url HTTP/1.1
User-Agent: selenium/4.8.1 (java windows)
Cache-Control: no-cache
Content-Type: application/json; charset=utf-8
host: localhost:33499
accept: */*

Response DefaultHttpResponse(decodeResult: success, version: HTTP/1.1)
HTTP/1.1 200 OK
Content-Length: 54
Content-Type: application/json; charset=utf-8
cache-control: no-cache

18:04:49.151 [AsyncHttpClient-1-3] DEBUG org.asynchttpclient.netty.channel.ChannelManager - Adding key: http://localhost:33499 for channel [id: 0xeddfa30b, L:/127.0.0.1:56845 - R:localhost/127.0.0.1:33499]
18:04:49.151 [Forwarding screenshot on session 558f62453a05f0b3866b0b246c069157 to remote] DEBUG org.asynchttpclient.netty.request.NettyRequestSender - Using pooled Channel '[id: 0xeddfa30b, L:/127.0.0.1:56845 - R:localhost/127.0.0.1:33499]' for 'GET' to 'http://localhost:33499/session/558f62453a05f0b3866b0b246c069157/screenshot'
18:04:49.151 [Forwarding screenshot on session 558f62453a05f0b3866b0b246c069157 to remote] DEBUG org.asynchttpclient.netty.request.NettyRequestSender - Using open Channel [id: 0xeddfa30b, L:/127.0.0.1:56845 - R:localhost/127.0.0.1:33499] for GET '/session/558f62453a05f0b3866b0b246c069157/screenshot'
18:04:49.317 [AsyncHttpClient-1-3] DEBUG org.asynchttpclient.netty.handler.HttpHandler - 

Request DefaultFullHttpRequest(decodeResult: success, version: HTTP/1.1, content: EmptyByteBufBE)
GET /session/558f62453a05f0b3866b0b246c069157/screenshot HTTP/1.1
User-Agent: selenium/4.8.1 (java windows)
Cache-Control: no-cache
Content-Type: application/json; charset=utf-8
host: localhost:33499
accept: */*

Response DefaultHttpResponse(decodeResult: success, version: HTTP/1.1)
HTTP/1.1 200 OK
Content-Length: 32776
Content-Type: application/json; charset=utf-8
cache-control: no-cache

18:04:49.318 [AsyncHttpClient-1-3] DEBUG org.asynchttpclient.netty.channel.ChannelManager - Adding key: http://localhost:33499 for channel [id: 0xeddfa30b, L:/127.0.0.1:56845 - R:localhost/127.0.0.1:33499]
18:04:49.320 [main] DEBUG net.serenitybdd.core.photography.Darkroom - Send negative for processing for target\site\serenity\8a7cd146158356819ab8c24b1104122c40545ca61fc92dc74494597c5dcbb1f2.png
18:04:49.321 [main] DEBUG net.thucydides.core.steps.StepInterceptor - STEP DONE: user input full name
  &amp#27;[32mWhen &amp#27;[0m&amp#27;[32muser input full name&amp#27;[0m                                                     &amp#27;[90m# starter.stepdefinition.RegisterStep.userInputfullname()&amp#27;[0m
18:04:49.321 [Darkroom Processing Line] DEBUG net.serenitybdd.core.photography.DarkroomProcessingLine - Processing screenshot image in /var/screenshots/screenshot-7249962743694285811
18:04:49.321 [Darkroom Processing Line] DEBUG net.serenitybdd.core.photography.DarkroomProcessingLine - Saving screenshot to target\site\serenity\8a7cd146158356819ab8c24b1104122c40545ca61fc92dc74494597c5dcbb1f2.png
18:04:49.334 [main] DEBUG net.thucydides.core.steps.StepInterceptor - STARTING STEP: RegisterStep.userInputPassword - user input password
18:04:49.337 [Forwarding findElement on session 558f62453a05f0b3866b0b246c069157 to remote] DEBUG org.asynchttpclient.netty.request.NettyRequestSender - Using pooled Channel '[id: 0xeddfa30b, L:/127.0.0.1:56845 - R:localhost/127.0.0.1:33499]' for 'POST' to 'http://localhost:33499/session/558f62453a05f0b3866b0b246c069157/element'
18:04:49.337 [Forwarding findElement on session 558f62453a05f0b3866b0b246c069157 to remote] DEBUG org.asynchttpclient.netty.request.NettyRequestSender - Using open Channel [id: 0xeddfa30b, L:/127.0.0.1:56845 - R:localhost/127.0.0.1:33499] for POST '/session/558f62453a05f0b3866b0b246c069157/element'
18:04:49.354 [AsyncHttpClient-1-3] DEBUG org.asynchttpclient.netty.handler.HttpHandler - 

Request DefaultHttpRequest(decodeResult: success, version: HTTP/1.1)
POST /session/558f62453a05f0b3866b0b246c069157/element HTTP/1.1
User-Agent: selenium/4.8.1 (java windows)
Content-Length: 55
Content-Type: application/json; charset=utf-8
host: localhost:33499
accept: */*

Response DefaultHttpResponse(decodeResult: success, version: HTTP/1.1)
HTTP/1.1 200 OK
Content-Length: 88
Content-Type: application/json; charset=utf-8
cache-control: no-cache

18:04:49.354 [AsyncHttpClient-1-3] DEBUG org.asynchttpclient.netty.channel.ChannelManager - Adding key: http://localhost:33499 for channel [id: 0xeddfa30b, L:/127.0.0.1:56845 - R:localhost/127.0.0.1:33499]
18:04:49.355 [Forwarding clearElement on session 558f62453a05f0b3866b0b246c069157 to remote] DEBUG org.asynchttpclient.netty.request.NettyRequestSender - Using pooled Channel '[id: 0xeddfa30b, L:/127.0.0.1:56845 - R:localhost/127.0.0.1:33499]' for 'POST' to 'http://localhost:33499/session/558f62453a05f0b3866b0b246c069157/element/3b86191c-bef7-43e2-8006-a033320e76d6/clear'
18:04:49.355 [Forwarding clearElement on session 558f62453a05f0b3866b0b246c069157 to remote] DEBUG org.asynchttpclient.netty.request.NettyRequestSender - Using open Channel [id: 0xeddfa30b, L:/127.0.0.1:56845 - R:localhost/127.0.0.1:33499] for POST '/session/558f62453a05f0b3866b0b246c069157/element/3b86191c-bef7-43e2-8006-a033320e76d6/clear'
18:04:49.362 [AsyncHttpClient-1-1] DEBUG org.asynchttpclient.netty.channel.DefaultChannelPool - Entry count for : http://localhost:56846 : 1
18:04:49.406 [AsyncHttpClient-1-3] DEBUG org.asynchttpclient.netty.handler.HttpHandler - 

Request DefaultHttpRequest(decodeResult: success, version: HTTP/1.1)
POST /session/558f62453a05f0b3866b0b246c069157/element/3b86191c-bef7-43e2-8006-a033320e76d6/clear HTTP/1.1
User-Agent: selenium/4.8.1 (java windows)
Content-Length: 50
Content-Type: application/json; charset=utf-8
host: localhost:33499
accept: */*

Response DefaultHttpResponse(decodeResult: success, version: HTTP/1.1)
HTTP/1.1 200 OK
Content-Length: 14
Content-Type: application/json; charset=utf-8
cache-control: no-cache

18:04:49.406 [AsyncHttpClient-1-3] DEBUG org.asynchttpclient.netty.channel.ChannelManager - Adding key: http://localhost:33499 for channel [id: 0xeddfa30b, L:/127.0.0.1:56845 - R:localhost/127.0.0.1:33499]
18:04:49.408 [Forwarding sendKeysToElement on session 558f62453a05f0b3866b0b246c069157 to remote] DEBUG org.asynchttpclient.netty.request.NettyRequestSender - Using pooled Channel '[id: 0xeddfa30b, L:/127.0.0.1:56845 - R:localhost/127.0.0.1:33499]' for 'POST' to 'http://localhost:33499/session/558f62453a05f0b3866b0b246c069157/element/3b86191c-bef7-43e2-8006-a033320e76d6/value'
18:04:49.408 [Forwarding sendKeysToElement on session 558f62453a05f0b3866b0b246c069157 to remote] DEBUG org.asynchttpclient.netty.request.NettyRequestSender - Using open Channel [id: 0xeddfa30b, L:/127.0.0.1:56845 - R:localhost/127.0.0.1:33499] for POST '/session/558f62453a05f0b3866b0b246c069157/element/3b86191c-bef7-43e2-8006-a033320e76d6/value'
18:04:49.545 [AsyncHttpClient-1-3] DEBUG org.asynchttpclient.netty.handler.HttpHandler - 

Request DefaultHttpRequest(decodeResult: success, version: HTTP/1.1)
POST /session/558f62453a05f0b3866b0b246c069157/element/3b86191c-bef7-43e2-8006-a033320e76d6/value HTTP/1.1
User-Agent: selenium/4.8.1 (java windows)
Content-Length: 161
Content-Type: application/json; charset=utf-8
host: localhost:33499
accept: */*

Response DefaultHttpResponse(decodeResult: success, version: HTTP/1.1)
HTTP/1.1 200 OK
Content-Length: 14
Content-Type: application/json; charset=utf-8
cache-control: no-cache

18:04:49.545 [AsyncHttpClient-1-3] DEBUG org.asynchttpclient.netty.channel.ChannelManager - Adding key: http://localhost:33499 for channel [id: 0xeddfa30b, L:/127.0.0.1:56845 - R:localhost/127.0.0.1:33499]
18:04:49.556 [Forwarding getAlertText on session 558f62453a05f0b3866b0b246c069157 to remote] DEBUG org.asynchttpclient.netty.request.NettyRequestSender - Using pooled Channel '[id: 0xeddfa30b, L:/127.0.0.1:56845 - R:localhost/127.0.0.1:33499]' for 'GET' to 'http://localhost:33499/session/558f62453a05f0b3866b0b246c069157/alert/text'
18:04:49.556 [Forwarding getAlertText on session 558f62453a05f0b3866b0b246c069157 to remote] DEBUG org.asynchttpclient.netty.request.NettyRequestSender - Using open Channel [id: 0xeddfa30b, L:/127.0.0.1:56845 - R:localhost/127.0.0.1:33499] for GET '/session/558f62453a05f0b3866b0b246c069157/alert/text'
18:04:49.558 [AsyncHttpClient-1-3] DEBUG org.asynchttpclient.netty.handler.HttpHandler - 

Request DefaultFullHttpRequest(decodeResult: success, version: HTTP/1.1, content: EmptyByteBufBE)
GET /session/558f62453a05f0b3866b0b246c069157/alert/text HTTP/1.1
User-Agent: selenium/4.8.1 (java windows)
Cache-Control: no-cache
Content-Type: application/json; charset=utf-8
host: localhost:33499
accept: */*

Response DefaultHttpResponse(decodeResult: success, version: HTTP/1.1)
HTTP/1.1 404 Not Found
Content-Length: 848
Content-Type: application/json; charset=utf-8
cache-control: no-cache

18:04:49.558 [AsyncHttpClient-1-3] DEBUG org.asynchttpclient.netty.channel.ChannelManager - Adding key: http://localhost:33499 for channel [id: 0xeddfa30b, L:/127.0.0.1:56845 - R:localhost/127.0.0.1:33499]
18:04:49.559 [Forwarding getCurrentUrl on session 558f62453a05f0b3866b0b246c069157 to remote] DEBUG org.asynchttpclient.netty.request.NettyRequestSender - Using pooled Channel '[id: 0xeddfa30b, L:/127.0.0.1:56845 - R:localhost/127.0.0.1:33499]' for 'GET' to 'http://localhost:33499/session/558f62453a05f0b3866b0b246c069157/url'
18:04:49.559 [Forwarding getCurrentUrl on session 558f62453a05f0b3866b0b246c069157 to remote] DEBUG org.asynchttpclient.netty.request.NettyRequestSender - Using open Channel [id: 0xeddfa30b, L:/127.0.0.1:56845 - R:localhost/127.0.0.1:33499] for GET '/session/558f62453a05f0b3866b0b246c069157/url'
18:04:49.566 [AsyncHttpClient-1-3] DEBUG org.asynchttpclient.netty.handler.HttpHandler - 

Request DefaultFullHttpRequest(decodeResult: success, version: HTTP/1.1, content: EmptyByteBufBE)
GET /session/558f62453a05f0b3866b0b246c069157/url HTTP/1.1
User-Agent: selenium/4.8.1 (java windows)
Cache-Control: no-cache
Content-Type: application/json; charset=utf-8
host: localhost:33499
accept: */*

Response DefaultHttpResponse(decodeResult: success, version: HTTP/1.1)
HTTP/1.1 200 OK
Content-Length: 54
Content-Type: application/json; charset=utf-8
cache-control: no-cache

18:04:49.566 [AsyncHttpClient-1-3] DEBUG org.asynchttpclient.netty.channel.ChannelManager - Adding key: http://localhost:33499 for channel [id: 0xeddfa30b, L:/127.0.0.1:56845 - R:localhost/127.0.0.1:33499]
18:04:49.567 [Forwarding screenshot on session 558f62453a05f0b3866b0b246c069157 to remote] DEBUG org.asynchttpclient.netty.request.NettyRequestSender - Using pooled Channel '[id: 0xeddfa30b, L:/127.0.0.1:56845 - R:localhost/127.0.0.1:33499]' for 'GET' to 'http://localhost:33499/session/558f62453a05f0b3866b0b246c069157/screenshot'
18:04:49.567 [Forwarding screenshot on session 558f62453a05f0b3866b0b246c069157 to remote] DEBUG org.asynchttpclient.netty.request.NettyRequestSender - Using open Channel [id: 0xeddfa30b, L:/127.0.0.1:56845 - R:localhost/127.0.0.1:33499] for GET '/session/558f62453a05f0b3866b0b246c069157/screenshot'
18:04:49.735 [AsyncHttpClient-1-3] DEBUG org.asynchttpclient.netty.handler.HttpHandler - 

Request DefaultFullHttpRequest(decodeResult: success, version: HTTP/1.1, content: EmptyByteBufBE)
GET /session/558f62453a05f0b3866b0b246c069157/screenshot HTTP/1.1
User-Agent: selenium/4.8.1 (java windows)
Cache-Control: no-cache
Content-Type: application/json; charset=utf-8
host: localhost:33499
accept: */*

Response DefaultHttpResponse(decodeResult: success, version: HTTP/1.1)
HTTP/1.1 200 OK
Content-Length: 34400
Content-Type: application/json; charset=utf-8
cache-control: no-cache

18:04:49.736 [AsyncHttpClient-1-3] DEBUG org.asynchttpclient.netty.channel.ChannelManager - Adding key: http://localhost:33499 for channel [id: 0xeddfa30b, L:/127.0.0.1:56845 - R:localhost/127.0.0.1:33499]
18:04:49.739 [main] DEBUG net.serenitybdd.core.photography.Darkroom - Send negative for processing for target\site\serenity\a13776884da51f8cb813ac463ffcab9d4e1d6ad5acfc753c02a16db983ae2496.png
18:04:49.739 [main] DEBUG net.thucydides.core.steps.StepInterceptor - STEP DONE: user input password
  &amp#27;[32mAnd &amp#27;[0m&amp#27;[32muser input password&amp#27;[0m                                                       &amp#27;[90m# starter.stepdefinition.RegisterStep.userInputPassword()&amp#27;[0m
18:04:49.739 [Darkroom Processing Line] DEBUG net.serenitybdd.core.photography.DarkroomProcessingLine - Processing screenshot image in /var/screenshots/screenshot-3531984730582274799
18:04:49.739 [Darkroom Processing Line] DEBUG net.serenitybdd.core.photography.DarkroomProcessingLine - Saving screenshot to target\site\serenity\a13776884da51f8cb813ac463ffcab9d4e1d6ad5acfc753c02a16db983ae2496.png
18:04:49.753 [main] DEBUG net.thucydides.core.steps.StepInterceptor - STARTING STEP: RegisterStep.userClickButtonRegister - user click button register
18:04:49.757 [Forwarding findElement on session 558f62453a05f0b3866b0b246c069157 to remote] DEBUG org.asynchttpclient.netty.request.NettyRequestSender - Using pooled Channel '[id: 0xeddfa30b, L:/127.0.0.1:56845 - R:localhost/127.0.0.1:33499]' for 'POST' to 'http://localhost:33499/session/558f62453a05f0b3866b0b246c069157/element'
18:04:49.757 [Forwarding findElement on session 558f62453a05f0b3866b0b246c069157 to remote] DEBUG org.asynchttpclient.netty.request.NettyRequestSender - Using open Channel [id: 0xeddfa30b, L:/127.0.0.1:56845 - R:localhost/127.0.0.1:33499] for POST '/session/558f62453a05f0b3866b0b246c069157/element'
18:04:49.773 [AsyncHttpClient-1-3] DEBUG org.asynchttpclient.netty.handler.HttpHandler - 

Request DefaultHttpRequest(decodeResult: success, version: HTTP/1.1)
POST /session/558f62453a05f0b3866b0b246c069157/element HTTP/1.1
User-Agent: selenium/4.8.1 (java windows)
Content-Length: 141
Content-Type: application/json; charset=utf-8
host: localhost:33499
accept: */*

Response DefaultHttpResponse(decodeResult: success, version: HTTP/1.1)
HTTP/1.1 200 OK
Content-Length: 88
Content-Type: application/json; charset=utf-8
cache-control: no-cache

18:04:49.774 [AsyncHttpClient-1-3] DEBUG org.asynchttpclient.netty.channel.ChannelManager - Adding key: http://localhost:33499 for channel [id: 0xeddfa30b, L:/127.0.0.1:56845 - R:localhost/127.0.0.1:33499]
18:04:49.775 [Forwarding getElementTagName on session 558f62453a05f0b3866b0b246c069157 to remote] DEBUG org.asynchttpclient.netty.request.NettyRequestSender - Using pooled Channel '[id: 0xeddfa30b, L:/127.0.0.1:56845 - R:localhost/127.0.0.1:33499]' for 'GET' to 'http://localhost:33499/session/558f62453a05f0b3866b0b246c069157/element/8bae1772-68ff-40d0-b746-1707f3ba568f/name'
18:04:49.775 [Forwarding getElementTagName on session 558f62453a05f0b3866b0b246c069157 to remote] DEBUG org.asynchttpclient.netty.request.NettyRequestSender - Using open Channel [id: 0xeddfa30b, L:/127.0.0.1:56845 - R:localhost/127.0.0.1:33499] for GET '/session/558f62453a05f0b3866b0b246c069157/element/8bae1772-68ff-40d0-b746-1707f3ba568f/name'
18:04:49.783 [AsyncHttpClient-1-3] DEBUG org.asynchttpclient.netty.handler.HttpHandler - 

Request DefaultFullHttpRequest(decodeResult: success, version: HTTP/1.1, content: EmptyByteBufBE)
GET /session/558f62453a05f0b3866b0b246c069157/element/8bae1772-68ff-40d0-b746-1707f3ba568f/name HTTP/1.1
User-Agent: selenium/4.8.1 (java windows)
Cache-Control: no-cache
Content-Type: application/json; charset=utf-8
host: localhost:33499
accept: */*

Response DefaultHttpResponse(decodeResult: success, version: HTTP/1.1)
HTTP/1.1 200 OK
Content-Length: 18
Content-Type: application/json; charset=utf-8
cache-control: no-cache

18:04:49.783 [AsyncHttpClient-1-3] DEBUG org.asynchttpclient.netty.channel.ChannelManager - Adding key: http://localhost:33499 for channel [id: 0xeddfa30b, L:/127.0.0.1:56845 - R:localhost/127.0.0.1:33499]
18:04:49.784 [Forwarding getElementTagName on session 558f62453a05f0b3866b0b246c069157 to remote] DEBUG org.asynchttpclient.netty.request.NettyRequestSender - Using pooled Channel '[id: 0xeddfa30b, L:/127.0.0.1:56845 - R:localhost/127.0.0.1:33499]' for 'GET' to 'http://localhost:33499/session/558f62453a05f0b3866b0b246c069157/element/8bae1772-68ff-40d0-b746-1707f3ba568f/name'
18:04:49.784 [Forwarding getElementTagName on session 558f62453a05f0b3866b0b246c069157 to remote] DEBUG org.asynchttpclient.netty.request.NettyRequestSender - Using open Channel [id: 0xeddfa30b, L:/127.0.0.1:56845 - R:localhost/127.0.0.1:33499] for GET '/session/558f62453a05f0b3866b0b246c069157/element/8bae1772-68ff-40d0-b746-1707f3ba568f/name'
18:04:49.788 [AsyncHttpClient-1-3] DEBUG org.asynchttpclient.netty.handler.HttpHandler - 

Request DefaultFullHttpRequest(decodeResult: success, version: HTTP/1.1, content: EmptyByteBufBE)
GET /session/558f62453a05f0b3866b0b246c069157/element/8bae1772-68ff-40d0-b746-1707f3ba568f/name HTTP/1.1
User-Agent: selenium/4.8.1 (java windows)
Cache-Control: no-cache
Content-Type: application/json; charset=utf-8
host: localhost:33499
accept: */*

Response DefaultHttpResponse(decodeResult: success, version: HTTP/1.1)
HTTP/1.1 200 OK
Content-Length: 18
Content-Type: application/json; charset=utf-8
cache-control: no-cache

18:04:49.788 [AsyncHttpClient-1-3] DEBUG org.asynchttpclient.netty.channel.ChannelManager - Adding key: http://localhost:33499 for channel [id: 0xeddfa30b, L:/127.0.0.1:56845 - R:localhost/127.0.0.1:33499]
18:04:49.790 [Forwarding isElementEnabled on session 558f62453a05f0b3866b0b246c069157 to remote] DEBUG org.asynchttpclient.netty.request.NettyRequestSender - Using pooled Channel '[id: 0xeddfa30b, L:/127.0.0.1:56845 - R:localhost/127.0.0.1:33499]' for 'GET' to 'http://localhost:33499/session/558f62453a05f0b3866b0b246c069157/element/8bae1772-68ff-40d0-b746-1707f3ba568f/enabled'
18:04:49.790 [Forwarding isElementEnabled on session 558f62453a05f0b3866b0b246c069157 to remote] DEBUG org.asynchttpclient.netty.request.NettyRequestSender - Using open Channel [id: 0xeddfa30b, L:/127.0.0.1:56845 - R:localhost/127.0.0.1:33499] for GET '/session/558f62453a05f0b3866b0b246c069157/element/8bae1772-68ff-40d0-b746-1707f3ba568f/enabled'
18:04:49.802 [AsyncHttpClient-1-3] DEBUG org.asynchttpclient.netty.handler.HttpHandler - 

Request DefaultFullHttpRequest(decodeResult: success, version: HTTP/1.1, content: EmptyByteBufBE)
GET /session/558f62453a05f0b3866b0b246c069157/element/8bae1772-68ff-40d0-b746-1707f3ba568f/enabled HTTP/1.1
User-Agent: selenium/4.8.1 (java windows)
Cache-Control: no-cache
Content-Type: application/json; charset=utf-8
host: localhost:33499
accept: */*

Response DefaultHttpResponse(decodeResult: success, version: HTTP/1.1)
HTTP/1.1 200 OK
Content-Length: 14
Content-Type: application/json; charset=utf-8
cache-control: no-cache

18:04:49.802 [AsyncHttpClient-1-3] DEBUG org.asynchttpclient.netty.channel.ChannelManager - Adding key: http://localhost:33499 for channel [id: 0xeddfa30b, L:/127.0.0.1:56845 - R:localhost/127.0.0.1:33499]
18:04:49.803 [Forwarding isElementEnabled on session 558f62453a05f0b3866b0b246c069157 to remote] DEBUG org.asynchttpclient.netty.request.NettyRequestSender - Using pooled Channel '[id: 0xeddfa30b, L:/127.0.0.1:56845 - R:localhost/127.0.0.1:33499]' for 'GET' to 'http://localhost:33499/session/558f62453a05f0b3866b0b246c069157/element/8bae1772-68ff-40d0-b746-1707f3ba568f/enabled'
18:04:49.803 [Forwarding isElementEnabled on session 558f62453a05f0b3866b0b246c069157 to remote] DEBUG org.asynchttpclient.netty.request.NettyRequestSender - Using open Channel [id: 0xeddfa30b, L:/127.0.0.1:56845 - R:localhost/127.0.0.1:33499] for GET '/session/558f62453a05f0b3866b0b246c069157/element/8bae1772-68ff-40d0-b746-1707f3ba568f/enabled'
18:04:49.813 [AsyncHttpClient-1-3] DEBUG org.asynchttpclient.netty.handler.HttpHandler - 

Request DefaultFullHttpRequest(decodeResult: success, version: HTTP/1.1, content: EmptyByteBufBE)
GET /session/558f62453a05f0b3866b0b246c069157/element/8bae1772-68ff-40d0-b746-1707f3ba568f/enabled HTTP/1.1
User-Agent: selenium/4.8.1 (java windows)
Cache-Control: no-cache
Content-Type: application/json; charset=utf-8
host: localhost:33499
accept: */*

Response DefaultHttpResponse(decodeResult: success, version: HTTP/1.1)
HTTP/1.1 200 OK
Content-Length: 14
Content-Type: application/json; charset=utf-8
cache-control: no-cache

18:04:49.813 [AsyncHttpClient-1-3] DEBUG org.asynchttpclient.netty.channel.ChannelManager - Adding key: http://localhost:33499 for channel [id: 0xeddfa30b, L:/127.0.0.1:56845 - R:localhost/127.0.0.1:33499]
18:04:49.815 [Forwarding findElement on session 558f62453a05f0b3866b0b246c069157 to remote] DEBUG org.asynchttpclient.netty.request.NettyRequestSender - Using pooled Channel '[id: 0xeddfa30b, L:/127.0.0.1:56845 - R:localhost/127.0.0.1:33499]' for 'POST' to 'http://localhost:33499/session/558f62453a05f0b3866b0b246c069157/element'
18:04:49.815 [Forwarding findElement on session 558f62453a05f0b3866b0b246c069157 to remote] DEBUG org.asynchttpclient.netty.request.NettyRequestSender - Using open Channel [id: 0xeddfa30b, L:/127.0.0.1:56845 - R:localhost/127.0.0.1:33499] for POST '/session/558f62453a05f0b3866b0b246c069157/element'
18:04:49.823 [AsyncHttpClient-1-3] DEBUG org.asynchttpclient.netty.handler.HttpHandler - 

Request DefaultHttpRequest(decodeResult: success, version: HTTP/1.1)
POST /session/558f62453a05f0b3866b0b246c069157/element HTTP/1.1
User-Agent: selenium/4.8.1 (java windows)
Content-Length: 141
Content-Type: application/json; charset=utf-8
host: localhost:33499
accept: */*

Response DefaultHttpResponse(decodeResult: success, version: HTTP/1.1)
HTTP/1.1 200 OK
Content-Length: 88
Content-Type: application/json; charset=utf-8
cache-control: no-cache

18:04:49.824 [AsyncHttpClient-1-3] DEBUG org.asynchttpclient.netty.channel.ChannelManager - Adding key: http://localhost:33499 for channel [id: 0xeddfa30b, L:/127.0.0.1:56845 - R:localhost/127.0.0.1:33499]
18:04:49.824 [Forwarding clickElement on session 558f62453a05f0b3866b0b246c069157 to remote] DEBUG org.asynchttpclient.netty.request.NettyRequestSender - Using pooled Channel '[id: 0xeddfa30b, L:/127.0.0.1:56845 - R:localhost/127.0.0.1:33499]' for 'POST' to 'http://localhost:33499/session/558f62453a05f0b3866b0b246c069157/element/8bae1772-68ff-40d0-b746-1707f3ba568f/click'
18:04:49.825 [Forwarding clickElement on session 558f62453a05f0b3866b0b246c069157 to remote] DEBUG org.asynchttpclient.netty.request.NettyRequestSender - Using open Channel [id: 0xeddfa30b, L:/127.0.0.1:56845 - R:localhost/127.0.0.1:33499] for POST '/session/558f62453a05f0b3866b0b246c069157/element/8bae1772-68ff-40d0-b746-1707f3ba568f/click'
18:04:49.897 [AsyncHttpClient-1-3] DEBUG org.asynchttpclient.netty.handler.HttpHandler - 

Request DefaultHttpRequest(decodeResult: success, version: HTTP/1.1)
POST /session/558f62453a05f0b3866b0b246c069157/element/8bae1772-68ff-40d0-b746-1707f3ba568f/click HTTP/1.1
User-Agent: selenium/4.8.1 (java windows)
Content-Length: 50
Content-Type: application/json; charset=utf-8
host: localhost:33499
accept: */*

Response DefaultHttpResponse(decodeResult: success, version: HTTP/1.1)
HTTP/1.1 200 OK
Content-Length: 14
Content-Type: application/json; charset=utf-8
cache-control: no-cache

18:04:49.897 [AsyncHttpClient-1-3] DEBUG org.asynchttpclient.netty.channel.ChannelManager - Adding key: http://localhost:33499 for channel [id: 0xeddfa30b, L:/127.0.0.1:56845 - R:localhost/127.0.0.1:33499]
18:04:49.905 [Forwarding getAlertText on session 558f62453a05f0b3866b0b246c069157 to remote] DEBUG org.asynchttpclient.netty.request.NettyRequestSender - Using pooled Channel '[id: 0xeddfa30b, L:/127.0.0.1:56845 - R:localhost/127.0.0.1:33499]' for 'GET' to 'http://localhost:33499/session/558f62453a05f0b3866b0b246c069157/alert/text'
18:04:49.905 [Forwarding getAlertText on session 558f62453a05f0b3866b0b246c069157 to remote] DEBUG org.asynchttpclient.netty.request.NettyRequestSender - Using open Channel [id: 0xeddfa30b, L:/127.0.0.1:56845 - R:localhost/127.0.0.1:33499] for GET '/session/558f62453a05f0b3866b0b246c069157/alert/text'
18:04:49.907 [AsyncHttpClient-1-3] DEBUG org.asynchttpclient.netty.handler.HttpHandler - 

Request DefaultFullHttpRequest(decodeResult: success, version: HTTP/1.1, content: EmptyByteBufBE)
GET /session/558f62453a05f0b3866b0b246c069157/alert/text HTTP/1.1
User-Agent: selenium/4.8.1 (java windows)
Cache-Control: no-cache
Content-Type: application/json; charset=utf-8
host: localhost:33499
accept: */*

Response DefaultHttpResponse(decodeResult: success, version: HTTP/1.1)
HTTP/1.1 404 Not Found
Content-Length: 848
Content-Type: application/json; charset=utf-8
cache-control: no-cache

18:04:49.907 [AsyncHttpClient-1-3] DEBUG org.asynchttpclient.netty.channel.ChannelManager - Adding key: http://localhost:33499 for channel [id: 0xeddfa30b, L:/127.0.0.1:56845 - R:localhost/127.0.0.1:33499]
18:04:49.909 [Forwarding getCurrentUrl on session 558f62453a05f0b3866b0b246c069157 to remote] DEBUG org.asynchttpclient.netty.request.NettyRequestSender - Using pooled Channel '[id: 0xeddfa30b, L:/127.0.0.1:56845 - R:localhost/127.0.0.1:33499]' for 'GET' to 'http://localhost:33499/session/558f62453a05f0b3866b0b246c069157/url'
18:04:49.909 [Forwarding getCurrentUrl on session 558f62453a05f0b3866b0b246c069157 to remote] DEBUG org.asynchttpclient.netty.request.NettyRequestSender - Using open Channel [id: 0xeddfa30b, L:/127.0.0.1:56845 - R:localhost/127.0.0.1:33499] for GET '/session/558f62453a05f0b3866b0b246c069157/url'
18:04:49.916 [AsyncHttpClient-1-3] DEBUG org.asynchttpclient.netty.handler.HttpHandler - 

Request DefaultFullHttpRequest(decodeResult: success, version: HTTP/1.1, content: EmptyByteBufBE)
GET /session/558f62453a05f0b3866b0b246c069157/url HTTP/1.1
User-Agent: selenium/4.8.1 (java windows)
Cache-Control: no-cache
Content-Type: application/json; charset=utf-8
host: localhost:33499
accept: */*

Response DefaultHttpResponse(decodeResult: success, version: HTTP/1.1)
HTTP/1.1 200 OK
Content-Length: 54
Content-Type: application/json; charset=utf-8
cache-control: no-cache

18:04:49.916 [AsyncHttpClient-1-3] DEBUG org.asynchttpclient.netty.channel.ChannelManager - Adding key: http://localhost:33499 for channel [id: 0xeddfa30b, L:/127.0.0.1:56845 - R:localhost/127.0.0.1:33499]
18:04:49.917 [Forwarding screenshot on session 558f62453a05f0b3866b0b246c069157 to remote] DEBUG org.asynchttpclient.netty.request.NettyRequestSender - Using pooled Channel '[id: 0xeddfa30b, L:/127.0.0.1:56845 - R:localhost/127.0.0.1:33499]' for 'GET' to 'http://localhost:33499/session/558f62453a05f0b3866b0b246c069157/screenshot'
18:04:49.917 [Forwarding screenshot on session 558f62453a05f0b3866b0b246c069157 to remote] DEBUG org.asynchttpclient.netty.request.NettyRequestSender - Using open Channel [id: 0xeddfa30b, L:/127.0.0.1:56845 - R:localhost/127.0.0.1:33499] for GET '/session/558f62453a05f0b3866b0b246c069157/screenshot'
18:04:50.064 [AsyncHttpClient-1-3] DEBUG org.asynchttpclient.netty.handler.HttpHandler - 

Request DefaultFullHttpRequest(decodeResult: success, version: HTTP/1.1, content: EmptyByteBufBE)
GET /session/558f62453a05f0b3866b0b246c069157/screenshot HTTP/1.1
User-Agent: selenium/4.8.1 (java windows)
Cache-Control: no-cache
Content-Type: application/json; charset=utf-8
host: localhost:33499
accept: */*

Response DefaultHttpResponse(decodeResult: success, version: HTTP/1.1)
HTTP/1.1 200 OK
Content-Length: 33776
Content-Type: application/json; charset=utf-8
cache-control: no-cache

18:04:50.064 [AsyncHttpClient-1-3] DEBUG org.asynchttpclient.netty.channel.ChannelManager - Adding key: http://localhost:33499 for channel [id: 0xeddfa30b, L:/127.0.0.1:56845 - R:localhost/127.0.0.1:33499]
18:04:50.067 [main] DEBUG net.serenitybdd.core.photography.Darkroom - Send negative for processing for target\site\serenity\8fddc0ac04dbb9f4896486d45aa0ac5cc0167f0dff6e5407670994775633d854.png
18:04:50.067 [main] DEBUG net.thucydides.core.steps.StepInterceptor - STEP DONE: user click button register
  &amp#27;[32mAnd &amp#27;[0m&amp#27;[32muser click button register&amp#27;[0m                                                &amp#27;[90m# starter.stepdefinition.RegisterStep.userClickButtonRegister()&amp#27;[0m
18:04:50.068 [Darkroom Processing Line] DEBUG net.serenitybdd.core.photography.DarkroomProcessingLine - Processing screenshot image in /var/screenshots/screenshot-4858748658081114054
18:04:50.068 [Darkroom Processing Line] DEBUG net.serenitybdd.core.photography.DarkroomProcessingLine - Saving screenshot to target\site\serenity\8fddc0ac04dbb9f4896486d45aa0ac5cc0167f0dff6e5407670994775633d854.png
18:04:50.081 [main] DEBUG net.thucydides.core.steps.StepInterceptor - STARTING STEP: RegisterStep.userCanSeeErrorMessage - user can see error message
18:04:50.084 [Forwarding findElement on session 558f62453a05f0b3866b0b246c069157 to remote] DEBUG org.asynchttpclient.netty.request.NettyRequestSender - Using pooled Channel '[id: 0xeddfa30b, L:/127.0.0.1:56845 - R:localhost/127.0.0.1:33499]' for 'POST' to 'http://localhost:33499/session/558f62453a05f0b3866b0b246c069157/element'
18:04:50.084 [Forwarding findElement on session 558f62453a05f0b3866b0b246c069157 to remote] DEBUG org.asynchttpclient.netty.request.NettyRequestSender - Using open Channel [id: 0xeddfa30b, L:/127.0.0.1:56845 - R:localhost/127.0.0.1:33499] for POST '/session/558f62453a05f0b3866b0b246c069157/element'
18:04:50.229 [AsyncHttpClient-1-3] DEBUG org.asynchttpclient.netty.handler.HttpHandler - 

Request DefaultHttpRequest(decodeResult: success, version: HTTP/1.1)
POST /session/558f62453a05f0b3866b0b246c069157/element HTTP/1.1
User-Agent: selenium/4.8.1 (java windows)
Content-Length: 67
Content-Type: application/json; charset=utf-8
host: localhost:33499
accept: */*

Response DefaultHttpResponse(decodeResult: success, version: HTTP/1.1)
HTTP/1.1 200 OK
Content-Length: 88
Content-Type: application/json; charset=utf-8
cache-control: no-cache

18:04:50.229 [AsyncHttpClient-1-3] DEBUG org.asynchttpclient.netty.channel.ChannelManager - Adding key: http://localhost:33499 for channel [id: 0xeddfa30b, L:/127.0.0.1:56845 - R:localhost/127.0.0.1:33499]
18:04:50.232 [Forwarding isElementDisplayed on session 558f62453a05f0b3866b0b246c069157 to remote] DEBUG org.asynchttpclient.netty.request.NettyRequestSender - Using pooled Channel '[id: 0xeddfa30b, L:/127.0.0.1:56845 - R:localhost/127.0.0.1:33499]' for 'POST' to 'http://localhost:33499/session/558f62453a05f0b3866b0b246c069157/execute/sync'
18:04:50.232 [Forwarding isElementDisplayed on session 558f62453a05f0b3866b0b246c069157 to remote] DEBUG org.asynchttpclient.netty.request.NettyRequestSender - Using open Channel [id: 0xeddfa30b, L:/127.0.0.1:56845 - R:localhost/127.0.0.1:33499] for POST '/session/558f62453a05f0b3866b0b246c069157/execute/sync'
18:04:50.253 [AsyncHttpClient-1-3] DEBUG org.asynchttpclient.netty.handler.HttpHandler - 

Request DefaultHttpRequest(decodeResult: success, version: HTTP/1.1)
POST /session/558f62453a05f0b3866b0b246c069157/execute/sync HTTP/1.1
User-Agent: selenium/4.8.1 (java windows)
Content-Length: 48807
Content-Type: application/json; charset=utf-8
host: localhost:33499
accept: */*

Response DefaultHttpResponse(decodeResult: success, version: HTTP/1.1)
HTTP/1.1 200 OK
Content-Length: 14
Content-Type: application/json; charset=utf-8
cache-control: no-cache

18:04:50.253 [AsyncHttpClient-1-3] DEBUG org.asynchttpclient.netty.channel.ChannelManager - Adding key: http://localhost:33499 for channel [id: 0xeddfa30b, L:/127.0.0.1:56845 - R:localhost/127.0.0.1:33499]
18:04:50.262 [Forwarding getAlertText on session 558f62453a05f0b3866b0b246c069157 to remote] DEBUG org.asynchttpclient.netty.request.NettyRequestSender - Using pooled Channel '[id: 0xeddfa30b, L:/127.0.0.1:56845 - R:localhost/127.0.0.1:33499]' for 'GET' to 'http://localhost:33499/session/558f62453a05f0b3866b0b246c069157/alert/text'
18:04:50.262 [Forwarding getAlertText on session 558f62453a05f0b3866b0b246c069157 to remote] DEBUG org.asynchttpclient.netty.request.NettyRequestSender - Using open Channel [id: 0xeddfa30b, L:/127.0.0.1:56845 - R:localhost/127.0.0.1:33499] for GET '/session/558f62453a05f0b3866b0b246c069157/alert/text'
18:04:50.263 [AsyncHttpClient-1-3] DEBUG org.asynchttpclient.netty.handler.HttpHandler - 

Request DefaultFullHttpRequest(decodeResult: success, version: HTTP/1.1, content: EmptyByteBufBE)
GET /session/558f62453a05f0b3866b0b246c069157/alert/text HTTP/1.1
User-Agent: selenium/4.8.1 (java windows)
Cache-Control: no-cache
Content-Type: application/json; charset=utf-8
host: localhost:33499
accept: */*

Response DefaultHttpResponse(decodeResult: success, version: HTTP/1.1)
HTTP/1.1 404 Not Found
Content-Length: 848
Content-Type: application/json; charset=utf-8
cache-control: no-cache

18:04:50.263 [AsyncHttpClient-1-3] DEBUG org.asynchttpclient.netty.channel.ChannelManager - Adding key: http://localhost:33499 for channel [id: 0xeddfa30b, L:/127.0.0.1:56845 - R:localhost/127.0.0.1:33499]
18:04:50.264 [Forwarding getCurrentUrl on session 558f62453a05f0b3866b0b246c069157 to remote] DEBUG org.asynchttpclient.netty.request.NettyRequestSender - Using pooled Channel '[id: 0xeddfa30b, L:/127.0.0.1:56845 - R:localhost/127.0.0.1:33499]' for 'GET' to 'http://localhost:33499/session/558f62453a05f0b3866b0b246c069157/url'
18:04:50.264 [Forwarding getCurrentUrl on session 558f62453a05f0b3866b0b246c069157 to remote] DEBUG org.asynchttpclient.netty.request.NettyRequestSender - Using open Channel [id: 0xeddfa30b, L:/127.0.0.1:56845 - R:localhost/127.0.0.1:33499] for GET '/session/558f62453a05f0b3866b0b246c069157/url'
18:04:50.268 [AsyncHttpClient-1-3] DEBUG org.asynchttpclient.netty.handler.HttpHandler - 

Request DefaultFullHttpRequest(decodeResult: success, version: HTTP/1.1, content: EmptyByteBufBE)
GET /session/558f62453a05f0b3866b0b246c069157/url HTTP/1.1
User-Agent: selenium/4.8.1 (java windows)
Cache-Control: no-cache
Content-Type: application/json; charset=utf-8
host: localhost:33499
accept: */*

Response DefaultHttpResponse(decodeResult: success, version: HTTP/1.1)
HTTP/1.1 200 OK
Content-Length: 54
Content-Type: application/json; charset=utf-8
cache-control: no-cache

18:04:50.268 [AsyncHttpClient-1-3] DEBUG org.asynchttpclient.netty.channel.ChannelManager - Adding key: http://localhost:33499 for channel [id: 0xeddfa30b, L:/127.0.0.1:56845 - R:localhost/127.0.0.1:33499]
18:04:50.269 [Forwarding screenshot on session 558f62453a05f0b3866b0b246c069157 to remote] DEBUG org.asynchttpclient.netty.request.NettyRequestSender - Using pooled Channel '[id: 0xeddfa30b, L:/127.0.0.1:56845 - R:localhost/127.0.0.1:33499]' for 'GET' to 'http://localhost:33499/session/558f62453a05f0b3866b0b246c069157/screenshot'
18:04:50.269 [Forwarding screenshot on session 558f62453a05f0b3866b0b246c069157 to remote] DEBUG org.asynchttpclient.netty.request.NettyRequestSender - Using open Channel [id: 0xeddfa30b, L:/127.0.0.1:56845 - R:localhost/127.0.0.1:33499] for GET '/session/558f62453a05f0b3866b0b246c069157/screenshot'
18:04:50.410 [AsyncHttpClient-1-3] DEBUG org.asynchttpclient.netty.handler.HttpHandler - 

Request DefaultFullHttpRequest(decodeResult: success, version: HTTP/1.1, content: EmptyByteBufBE)
GET /session/558f62453a05f0b3866b0b246c069157/screenshot HTTP/1.1
User-Agent: selenium/4.8.1 (java windows)
Cache-Control: no-cache
Content-Type: application/json; charset=utf-8
host: localhost:33499
accept: */*

Response DefaultHttpResponse(decodeResult: success, version: HTTP/1.1)
HTTP/1.1 200 OK
Content-Length: 34800
Content-Type: application/json; charset=utf-8
cache-control: no-cache

18:04:50.410 [AsyncHttpClient-1-3] DEBUG org.asynchttpclient.netty.channel.ChannelManager - Adding key: http://localhost:33499 for channel [id: 0xeddfa30b, L:/127.0.0.1:56845 - R:localhost/127.0.0.1:33499]
18:04:50.413 [main] DEBUG net.serenitybdd.core.photography.Darkroom - Send negative for processing for target\site\serenity\f622a8d8804d6e59115c05ea91668ba168042d02ad98af1b7de6e296dc9c7b4a.png
18:04:50.414 [main] DEBUG net.thucydides.core.steps.StepInterceptor - STEP DONE: user can see error message
  &amp#27;[32mThen &amp#27;[0m&amp#27;[32muser can see error message&amp#27;[0m                                               &amp#27;[90m# starter.stepdefinition.RegisterStep.userCanSeeErrorMessage()&amp#27;[0m
18:04:50.414 [Darkroom Processing Line] DEBUG net.serenitybdd.core.photography.DarkroomProcessingLine - Processing screenshot image in /var/screenshots/screenshot-3566801681555489159
18:04:50.414 [Darkroom Processing Line] DEBUG net.serenitybdd.core.photography.DarkroomProcessingLine - Saving screenshot to target\site\serenity\f622a8d8804d6e59115c05ea91668ba168042d02ad98af1b7de6e296dc9c7b4a.png
18:04:50.432 [main] INFO  - 
  _____   ___   ___   _____     ___     _     ___   ___   ___   ___  
 |_   _| | __| / __| |_   _|   | _ \   /_\   / __| / __| | __| |   \ 
   | |   | _|  \__ \   | |     |  _/  / _ \  \__ \ \__ \ | _|  | |) |
   |_|   |___| |___/   |_|     |_|   /_/ \_\ |___/ |___/ |___| |___/ 

As a user, I register without filling name or email or password field
----------------------------------------------------------------------
18:04:50.433 [AsyncHttpClient-1-5] DEBUG org.asynchttpclient.netty.handler.WebSocketHandler - Channel Closed: [id: 0xb30e09b8, L:/127.0.0.1:56852 ! R:localhost/127.0.0.1:56846] with attribute NettyResponseFuture{currentRetry=0,
	isDone=1,
	isCancelled=0,
	asyncHandler=org.asynchttpclient.ws.WebSocketUpgradeHandler@409097ca,
	nettyRequest=org.asynchttpclient.netty.request.NettyRequest@1ea5ef52,
	future=java.util.concurrent.CompletableFuture@13c93b5d[Completed normally],
	uri=ws://localhost:56846/devtools/browser/9a3ceea5-3773-48b3-ade6-e758d5fcc973,
	keepAlive=true,
	redirectCount=0,
	timeoutsHolder=null,
	inAuth=0,
	touch=1683543886958}
18:04:50.433 [AsyncHttpClient-1-5] DEBUG org.asynchttpclient.netty.channel.ChannelManager - Closing Channel [id: 0xb30e09b8, L:/127.0.0.1:56852 ! R:localhost/127.0.0.1:56846] 
18:04:50.433 [Driver Command Executor] DEBUG org.asynchttpclient.netty.request.NettyRequestSender - Using pooled Channel '[id: 0xeddfa30b, L:/127.0.0.1:56845 - R:localhost/127.0.0.1:33499]' for 'DELETE' to 'http://localhost:33499/session/558f62453a05f0b3866b0b246c069157'
18:04:50.433 [Driver Command Executor] DEBUG org.asynchttpclient.netty.request.NettyRequestSender - Using open Channel [id: 0xeddfa30b, L:/127.0.0.1:56845 - R:localhost/127.0.0.1:33499] for DELETE '/session/558f62453a05f0b3866b0b246c069157'
18:04:50.464 [AsyncHttpClient-1-1] DEBUG org.asynchttpclient.netty.channel.DefaultChannelPool - Entry count for : http://localhost:56846 : 1
18:04:50.683 [AsyncHttpClient-1-4] DEBUG org.asynchttpclient.netty.handler.HttpHandler - Unexpected I/O exception on channel [id: 0xedab26cd, L:/127.0.0.1:56851 - R:localhost/127.0.0.1:56846]
java.io.IOException: An existing connection was forcibly closed by the remote host
	at sun.nio.ch.SocketDispatcher.read0(Native Method)
	at sun.nio.ch.SocketDispatcher.read(SocketDispatcher.java:43)
	at sun.nio.ch.IOUtil.readIntoNativeBuffer(IOUtil.java:223)
	at sun.nio.ch.IOUtil.read(IOUtil.java:192)
	at sun.nio.ch.SocketChannelImpl.read(SocketChannelImpl.java:378)
	at io.netty.buffer.PooledByteBuf.setBytes(PooledByteBuf.java:259)
	at io.netty.buffer.AbstractByteBuf.writeBytes(AbstractByteBuf.java:1132)
	at io.netty.channel.socket.nio.NioSocketChannel.doReadBytes(NioSocketChannel.java:357)
	at io.netty.channel.nio.AbstractNioByteChannel$NioByteUnsafe.read(AbstractNioByteChannel.java:151)
	at io.netty.channel.nio.NioEventLoop.processSelectedKey(NioEventLoop.java:788)
	at io.netty.channel.nio.NioEventLoop.processSelectedKeysOptimized(NioEventLoop.java:724)
	at io.netty.channel.nio.NioEventLoop.processSelectedKeys(NioEventLoop.java:650)
	at io.netty.channel.nio.NioEventLoop.run(NioEventLoop.java:562)
	at io.netty.util.concurrent.SingleThreadEventExecutor$4.run(SingleThreadEventExecutor.java:997)
	at io.netty.util.internal.ThreadExecutorMap$2.run(ThreadExecutorMap.java:74)
	at io.netty.util.concurrent.FastThreadLocalRunnable.run(FastThreadLocalRunnable.java:30)
	at java.lang.Thread.run(Thread.java:748)
18:04:50.683 [AsyncHttpClient-1-4] DEBUG org.asynchttpclient.netty.channel.ChannelManager - Closing Channel [id: 0xedab26cd, L:/127.0.0.1:56851 - R:localhost/127.0.0.1:56846] 
18:04:50.683 [AsyncHttpClient-1-4] DEBUG org.asynchttpclient.netty.handler.HttpHandler - Channel Closed: [id: 0xedab26cd, L:/127.0.0.1:56851 ! R:localhost/127.0.0.1:56846] with attribute DISCARD
18:04:50.710 [AsyncHttpClient-1-3] DEBUG org.asynchttpclient.netty.handler.HttpHandler - 

Request DefaultFullHttpRequest(decodeResult: success, version: HTTP/1.1, content: EmptyByteBufBE)
DELETE /session/558f62453a05f0b3866b0b246c069157 HTTP/1.1
User-Agent: selenium/4.8.1 (java windows)
Content-Type: application/json; charset=utf-8
host: localhost:33499
accept: */*

Response DefaultHttpResponse(decodeResult: success, version: HTTP/1.1)
HTTP/1.1 200 OK
Content-Length: 14
Content-Type: application/json; charset=utf-8
cache-control: no-cache

18:04:50.710 [AsyncHttpClient-1-3] DEBUG org.asynchttpclient.netty.channel.ChannelManager - Adding key: http://localhost:33499 for channel [id: 0xeddfa30b, L:/127.0.0.1:56845 - R:localhost/127.0.0.1:33499]
18:04:50.841 [AsyncHttpClient-1-3] DEBUG org.asynchttpclient.netty.handler.HttpHandler - Channel Closed: [id: 0xeddfa30b, L:/127.0.0.1:56845 ! R:localhost/127.0.0.1:33499] with attribute DISCARD
]]></system-out>
    <system-err><![CDATA[Starting ChromeDriver 112.0.5615.49 (bd2a7bcb881c11e8cfe3078709382934e3916914-refs/branch-heads/5615@{#936}) on port 33499
Only local connections are allowed.
Please see https://chromedriver.chromium.org/security-considerations for suggestions on keeping ChromeDriver safe.
ChromeDriver was started successfully.
May 08, 2023 6:04:46 PM org.openqa.selenium.devtools.CdpVersionFinder findNearestMatch
WARNING: Unable to find an exact match for CDP version 112, so returning the closest version found: 110
]]></system-err>
  </testcase>
</testsuite>