<?xml version="1.0" encoding="UTF-8"?>
<testsuite xmlns:xsi="http://www.w3.org/2001/XMLSchema-instance" xsi:noNamespaceSchemaLocation="https://maven.apache.org/surefire/maven-failsafe-plugin/xsd/failsafe-test-report-3.0.xsd" version="3.0" name="starter.CucumberTestSuite" time="154.387" tests="18" errors="0" skipped="0" failures="0">
  <properties>
    <property name="sun.desktop" value="windows"/>
    <property name="awt.toolkit" value="sun.awt.windows.WToolkit"/>
    <property name="file.encoding.pkg" value="sun.io"/>
    <property name="java.specification.version" value="1.8"/>
    <property name="webdriver.chrome.driver" value="C:\Users\user\.cache\selenium\chromedriver\win32\112.0.5615.49\chromedriver.exe"/>
    <property name="sun.cpu.isalist" value="amd64"/>
    <property name="sun.jnu.encoding" value="Cp1252"/>
    <property name="java.class.path" value="C:\Users\user\Downloads\QE_Devi-Agustin-Utari\Mini Project\Source_Mini_Project\Web_Automation_AltaShop\target\test-classes;C:\Users\user\Downloads\QE_Devi-Agustin-Utari\Mini Project\Source_Mini_Project\Web_Automation_AltaShop\target\Web_Automation-1.0-SNAPSHOT.jar;C:\Users\user\.m2\repository\net\serenity-bdd\serenity-core\3.6.21\serenity-core-3.6.21.jar;C:\Users\user\.m2\repository\net\serenity-bdd\serenity-model\3.6.21\serenity-model-3.6.21.jar;C:\Users\user\.m2\repository\org\apache\commons\commons-text\1.10.0\commons-text-1.10.0.jar;C:\Users\user\.m2\repository\commons-net\commons-net\3.9.0\commons-net-3.9.0.jar;C:\Users\user\.m2\repository\com\google\guava\guava\31.1-jre\guava-31.1-jre.jar;C:\Users\user\.m2\repository\com\google\guava\failureaccess\1.0.1\failureaccess-1.0.1.jar;C:\Users\user\.m2\repository\com\google\guava\listenablefuture\9999.0-empty-to-avoid-conflict-with-guava\listenablefuture-9999.0-empty-to-avoid-conflict-with-guava.jar;C:\Users\user\.m2\repository\com\google\code\findbugs\jsr305\3.0.2\jsr305-3.0.2.jar;C:\Users\user\.m2\repository\org\checkerframework\checker-qual\3.12.0\checker-qual-3.12.0.jar;C:\Users\user\.m2\repository\com\google\errorprone\error_prone_annotations\2.11.0\error_prone_annotations-2.11.0.jar;C:\Users\user\.m2\repository\com\google\j2objc\j2objc-annotations\1.3\j2objc-annotations-1.3.jar;C:\Users\user\.m2\repository\com\google\inject\guice\5.1.0\guice-5.1.0.jar;C:\Users\user\.m2\repository\javax\inject\javax.inject\1\javax.inject-1.jar;C:\Users\user\.m2\repository\aopalliance\aopalliance\1.0\aopalliance-1.0.jar;C:\Users\user\.m2\repository\org\jsoup\jsoup\1.14.3\jsoup-1.14.3.jar;C:\Users\user\.m2\repository\com\thoughtworks\xstream\xstream\1.4.20\xstream-1.4.20.jar;C:\Users\user\.m2\repository\io\github\x-stream\mxparser\1.2.2\mxparser-1.2.2.jar;C:\Users\user\.m2\repository\xmlpull\xmlpull\1.1.3.1\xmlpull-1.1.3.1.jar;C:\Users\user\.m2\repository\com\typesafe\config\1.4.2\config-1.4.2.jar;C:\Users\user\.m2\repository\org\imgscalr\imgscalr-lib\4.2\imgscalr-lib-4.2.jar;C:\Users\user\.m2\repository\org\awaitility\awaitility\4.2.0\awaitility-4.2.0.jar;C:\Users\user\.m2\repository\org\freemarker\freemarker\2.3.31\freemarker-2.3.31.jar;C:\Users\user\.m2\repository\io\github\classgraph\classgraph\4.8.138\classgraph-4.8.138.jar;C:\Users\user\.m2\repository\net\sourceforge\jexcelapi\jxl\2.6.12\jxl-2.6.12.jar;C:\Users\user\.m2\repository\net\bytebuddy\byte-buddy-agent\1.14.2\byte-buddy-agent-1.14.2.jar;C:\Users\user\.m2\repository\org\objenesis\objenesis\3.3\objenesis-3.3.jar;C:\Users\user\.m2\repository\net\serenity-bdd\serenity-reports\3.6.21\serenity-reports-3.6.21.jar;C:\Users\user\.m2\repository\net\serenity-bdd\serenity-stats\3.6.21\serenity-stats-3.6.21.jar;C:\Users\user\.m2\repository\net\serenity-bdd\serenity-reports-configuration\3.6.21\serenity-reports-configuration-3.6.21.jar;C:\Users\user\.m2\repository\com\vladsch\flexmark\flexmark-all\0.62.2\flexmark-all-0.62.2.jar;C:\Users\user\.m2\repository\com\vladsch\flexmark\flexmark\0.62.2\flexmark-0.62.2.jar;C:\Users\user\.m2\repository\com\vladsch\flexmark\flexmark-ext-abbreviation\0.62.2\flexmark-ext-abbreviation-0.62.2.jar;C:\Users\user\.m2\repository\com\vladsch\flexmark\flexmark-util\0.62.2\flexmark-util-0.62.2.jar;C:\Users\user\.m2\repository\com\vladsch\flexmark\flexmark-ext-admonition\0.62.2\flexmark-ext-admonition-0.62.2.jar;C:\Users\user\.m2\repository\com\vladsch\flexmark\flexmark-ext-anchorlink\0.62.2\flexmark-ext-anchorlink-0.62.2.jar;C:\Users\user\.m2\repository\com\vladsch\flexmark\flexmark-ext-aside\0.62.2\flexmark-ext-aside-0.62.2.jar;C:\Users\user\.m2\repository\com\vladsch\flexmark\flexmark-ext-attributes\0.62.2\flexmark-ext-attributes-0.62.2.jar;C:\Users\user\.m2\repository\com\vladsch\flexmark\flexmark-ext-autolink\0.62.2\flexmark-ext-autolink-0.62.2.jar;C:\Users\user\.m2\repository\org\nibor\autolink\autolink\0.6.0\autolink-0.6.0.jar;C:\Users\user\.m2\repository\com\vladsch\flexmark\flexmark-ext-definition\0.62.2\flexmark-ext-definition-0.62.2.jar;C:\Users\user\.m2\repository\com\vladsch\flexmark\flexmark-ext-emoji\0.62.2\flexmark-ext-emoji-0.62.2.jar;C:\Users\user\.m2\repository\com\vladsch\flexmark\flexmark-ext-enumerated-reference\0.62.2\flexmark-ext-enumerated-reference-0.62.2.jar;C:\Users\user\.m2\repository\com\vladsch\flexmark\flexmark-ext-escaped-character\0.62.2\flexmark-ext-escaped-character-0.62.2.jar;C:\Users\user\.m2\repository\com\vladsch\flexmark\flexmark-ext-footnotes\0.62.2\flexmark-ext-footnotes-0.62.2.jar;C:\Users\user\.m2\repository\com\vladsch\flexmark\flexmark-ext-gfm-issues\0.62.2\flexmark-ext-gfm-issues-0.62.2.jar;C:\Users\user\.m2\repository\com\vladsch\flexmark\flexmark-ext-gfm-strikethrough\0.62.2\flexmark-ext-gfm-strikethrough-0.62.2.jar;C:\Users\user\.m2\repository\com\vladsch\flexmark\flexmark-ext-gfm-tasklist\0.62.2\flexmark-ext-gfm-tasklist-0.62.2.jar;C:\Users\user\.m2\repository\com\vladsch\flexmark\flexmark-ext-gfm-users\0.62.2\flexmark-ext-gfm-users-0.62.2.jar;C:\Users\user\.m2\repository\com\vladsch\flexmark\flexmark-ext-gitlab\0.62.2\flexmark-ext-gitlab-0.62.2.jar;C:\Users\user\.m2\repository\com\vladsch\flexmark\flexmark-ext-jekyll-front-matter\0.62.2\flexmark-ext-jekyll-front-matter-0.62.2.jar;C:\Users\user\.m2\repository\com\vladsch\flexmark\flexmark-ext-jekyll-tag\0.62.2\flexmark-ext-jekyll-tag-0.62.2.jar;C:\Users\user\.m2\repository\com\vladsch\flexmark\flexmark-ext-media-tags\0.62.2\flexmark-ext-media-tags-0.62.2.jar;C:\Users\user\.m2\repository\com\vladsch\flexmark\flexmark-ext-macros\0.62.2\flexmark-ext-macros-0.62.2.jar;C:\Users\user\.m2\repository\com\vladsch\flexmark\flexmark-ext-ins\0.62.2\flexmark-ext-ins-0.62.2.jar;C:\Users\user\.m2\repository\com\vladsch\flexmark\flexmark-ext-xwiki-macros\0.62.2\flexmark-ext-xwiki-macros-0.62.2.jar;C:\Users\user\.m2\repository\com\vladsch\flexmark\flexmark-ext-superscript\0.62.2\flexmark-ext-superscript-0.62.2.jar;C:\Users\user\.m2\repository\com\vladsch\flexmark\flexmark-ext-tables\0.62.2\flexmark-ext-tables-0.62.2.jar;C:\Users\user\.m2\repository\com\vladsch\flexmark\flexmark-ext-toc\0.62.2\flexmark-ext-toc-0.62.2.jar;C:\Users\user\.m2\repository\com\vladsch\flexmark\flexmark-ext-typographic\0.62.2\flexmark-ext-typographic-0.62.2.jar;C:\Users\user\.m2\repository\com\vladsch\flexmark\flexmark-ext-wikilink\0.62.2\flexmark-ext-wikilink-0.62.2.jar;C:\Users\user\.m2\repository\com\vladsch\flexmark\flexmark-ext-yaml-front-matter\0.62.2\flexmark-ext-yaml-front-matter-0.62.2.jar;C:\Users\user\.m2\repository\com\vladsch\flexmark\flexmark-ext-youtube-embedded\0.62.2\flexmark-ext-youtube-embedded-0.62.2.jar;C:\Users\user\.m2\repository\com\vladsch\flexmark\flexmark-html2md-converter\0.62.2\flexmark-html2md-converter-0.62.2.jar;C:\Users\user\.m2\repository\com\vladsch\flexmark\flexmark-jira-converter\0.62.2\flexmark-jira-converter-0.62.2.jar;C:\Users\user\.m2\repository\com\vladsch\flexmark\flexmark-pdf-converter\0.62.2\flexmark-pdf-converter-0.62.2.jar;C:\Users\user\.m2\repository\com\openhtmltopdf\openhtmltopdf-core\1.0.0\openhtmltopdf-core-1.0.0.jar;C:\Users\user\.m2\repository\com\openhtmltopdf\openhtmltopdf-pdfbox\1.0.0\openhtmltopdf-pdfbox-1.0.0.jar;C:\Users\user\.m2\repository\org\apache\pdfbox\pdfbox\2.0.16\pdfbox-2.0.16.jar;C:\Users\user\.m2\repository\org\apache\pdfbox\fontbox\2.0.16\fontbox-2.0.16.jar;C:\Users\user\.m2\repository\org\apache\pdfbox\xmpbox\2.0.16\xmpbox-2.0.16.jar;C:\Users\user\.m2\repository\de\rototor\pdfbox\graphics2d\0.24\graphics2d-0.24.jar;C:\Users\user\.m2\repository\com\openhtmltopdf\openhtmltopdf-rtl-support\1.0.0\openhtmltopdf-rtl-support-1.0.0.jar;C:\Users\user\.m2\repository\com\openhtmltopdf\openhtmltopdf-jsoup-dom-converter\1.0.0\openhtmltopdf-jsoup-dom-converter-1.0.0.jar;C:\Users\user\.m2\repository\com\vladsch\flexmark\flexmark-profile-pegdown\0.62.2\flexmark-profile-pegdown-0.62.2.jar;C:\Users\user\.m2\repository\com\vladsch\flexmark\flexmark-util-ast\0.62.2\flexmark-util-ast-0.62.2.jar;C:\Users\user\.m2\repository\com\vladsch\flexmark\flexmark-util-builder\0.62.2\flexmark-util-builder-0.62.2.jar;C:\Users\user\.m2\repository\com\vladsch\flexmark\flexmark-util-collection\0.62.2\flexmark-util-collection-0.62.2.jar;C:\Users\user\.m2\repository\com\vladsch\flexmark\flexmark-util-data\0.62.2\flexmark-util-data-0.62.2.jar;C:\Users\user\.m2\repository\com\vladsch\flexmark\flexmark-util-dependency\0.62.2\flexmark-util-dependency-0.62.2.jar;C:\Users\user\.m2\repository\com\vladsch\flexmark\flexmark-util-format\0.62.2\flexmark-util-format-0.62.2.jar;C:\Users\user\.m2\repository\com\vladsch\flexmark\flexmark-util-html\0.62.2\flexmark-util-html-0.62.2.jar;C:\Users\user\.m2\repository\com\vladsch\flexmark\flexmark-util-misc\0.62.2\flexmark-util-misc-0.62.2.jar;C:\Users\user\.m2\repository\com\vladsch\flexmark\flexmark-util-options\0.62.2\flexmark-util-options-0.62.2.jar;C:\Users\user\.m2\repository\com\vladsch\flexmark\flexmark-util-sequence\0.62.2\flexmark-util-sequence-0.62.2.jar;C:\Users\user\.m2\repository\com\vladsch\flexmark\flexmark-util-visitor\0.62.2\flexmark-util-visitor-0.62.2.jar;C:\Users\user\.m2\repository\com\vladsch\flexmark\flexmark-youtrack-converter\0.62.2\flexmark-youtrack-converter-0.62.2.jar;C:\Users\user\.m2\repository\com\ibm\icu\icu4j\72.1\icu4j-72.1.jar;C:\Users\user\.m2\repository\es\nitaur\markdown\txtmark\0.16\txtmark-0.16.jar;C:\Users\user\.m2\repository\net\serenity-bdd\serenity-report-resources\3.6.21\serenity-report-resources-3.6.21.jar;C:\Users\user\.m2\repository\com\google\code\gson\gson\2.10.1\gson-2.10.1.jar;C:\Users\user\.m2\repository\com\fasterxml\jackson\core\jackson-core\2.15.0-rc1\jackson-core-2.15.0-rc1.jar;C:\Users\user\.m2\repository\com\fasterxml\jackson\core\jackson-databind\2.15.0-rc1\jackson-databind-2.15.0-rc1.jar;C:\Users\user\.m2\repository\com\fasterxml\jackson\core\jackson-annotations\2.15.0-rc1\jackson-annotations-2.15.0-rc1.jar;C:\Users\user\.m2\repository\commons-codec\commons-codec\1.15\commons-codec-1.15.jar;C:\Users\user\.m2\repository\commons-io\commons-io\2.11.0\commons-io-2.11.0.jar;C:\Users\user\.m2\repository\org\apache\httpcomponents\httpclient\4.5.13\httpclient-4.5.13.jar;C:\Users\user\.m2\repository\org\apache\httpcomponents\httpcore\4.4.13\httpcore-4.4.13.jar;C:\Users\user\.m2\repository\commons-logging\commons-logging\1.2\commons-logging-1.2.jar;C:\Users\user\.m2\repository\org\seleniumhq\selenium\selenium-java\4.8.1\selenium-java-4.8.1.jar;C:\Users\user\.m2\repository\org\seleniumhq\selenium\selenium-devtools-v108\4.8.1\selenium-devtools-v108-4.8.1.jar;C:\Users\user\.m2\repository\org\seleniumhq\selenium\selenium-devtools-v109\4.8.1\selenium-devtools-v109-4.8.1.jar;C:\Users\user\.m2\repository\org\seleniumhq\selenium\selenium-devtools-v110\4.8.1\selenium-devtools-v110-4.8.1.jar;C:\Users\user\.m2\repository\org\seleniumhq\selenium\selenium-devtools-v85\4.8.1\selenium-devtools-v85-4.8.1.jar;C:\Users\user\.m2\repository\org\seleniumhq\selenium\selenium-remote-driver\4.8.1\selenium-remote-driver-4.8.1.jar;C:\Users\user\.m2\repository\com\beust\jcommander\1.82\jcommander-1.82.jar;C:\Users\user\.m2\repository\io\netty\netty-buffer\4.1.87.Final\netty-buffer-4.1.87.Final.jar;C:\Users\user\.m2\repository\io\netty\netty-codec-http\4.1.87.Final\netty-codec-http-4.1.87.Final.jar;C:\Users\user\.m2\repository\io\netty\netty-codec\4.1.87.Final\netty-codec-4.1.87.Final.jar;C:\Users\user\.m2\repository\io\netty\netty-handler\4.1.87.Final\netty-handler-4.1.87.Final.jar;C:\Users\user\.m2\repository\io\netty\netty-common\4.1.87.Final\netty-common-4.1.87.Final.jar;C:\Users\user\.m2\repository\io\netty\netty-transport-classes-epoll\4.1.87.Final\netty-transport-classes-epoll-4.1.87.Final.jar;C:\Users\user\.m2\repository\io\netty\netty-transport-classes-kqueue\4.1.87.Final\netty-transport-classes-kqueue-4.1.87.Final.jar;C:\Users\user\.m2\repository\io\netty\netty-transport-native-epoll\4.1.87.Final\netty-transport-native-epoll-4.1.87.Final.jar;C:\Users\user\.m2\repository\io\netty\netty-transport-native-kqueue\4.1.87.Final\netty-transport-native-kqueue-4.1.87.Final.jar;C:\Users\user\.m2\repository\io\netty\netty-transport-native-unix-common\4.1.87.Final\netty-transport-native-unix-common-4.1.87.Final.jar;C:\Users\user\.m2\repository\io\netty\netty-transport\4.1.87.Final\netty-transport-4.1.87.Final.jar;C:\Users\user\.m2\repository\io\netty\netty-resolver\4.1.87.Final\netty-resolver-4.1.87.Final.jar;C:\Users\user\.m2\repository\io\opentelemetry\opentelemetry-api\1.22.0\opentelemetry-api-1.22.0.jar;C:\Users\user\.m2\repository\io\opentelemetry\opentelemetry-context\1.22.0\opentelemetry-context-1.22.0.jar;C:\Users\user\.m2\repository\io\opentelemetry\opentelemetry-exporter-logging\1.22.0\opentelemetry-exporter-logging-1.22.0.jar;C:\Users\user\.m2\repository\io\opentelemetry\opentelemetry-sdk-metrics\1.22.0\opentelemetry-sdk-metrics-1.22.0.jar;C:\Users\user\.m2\repository\io\opentelemetry\opentelemetry-sdk-logs\1.22.0-alpha\opentelemetry-sdk-logs-1.22.0-alpha.jar;C:\Users\user\.m2\repository\io\opentelemetry\opentelemetry-api-logs\1.22.0-alpha\opentelemetry-api-logs-1.22.0-alpha.jar;C:\Users\user\.m2\repository\io\opentelemetry\opentelemetry-sdk-common\1.22.0\opentelemetry-sdk-common-1.22.0.jar;C:\Users\user\.m2\repository\io\opentelemetry\opentelemetry-sdk-extension-autoconfigure-spi\1.22.0\opentelemetry-sdk-extension-autoconfigure-spi-1.22.0.jar;C:\Users\user\.m2\repository\io\opentelemetry\opentelemetry-sdk-extension-autoconfigure\1.22.0-alpha\opentelemetry-sdk-extension-autoconfigure-1.22.0-alpha.jar;C:\Users\user\.m2\repository\io\opentelemetry\opentelemetry-sdk-trace\1.22.0\opentelemetry-sdk-trace-1.22.0.jar;C:\Users\user\.m2\repository\io\opentelemetry\opentelemetry-sdk\1.22.0\opentelemetry-sdk-1.22.0.jar;C:\Users\user\.m2\repository\io\opentelemetry\opentelemetry-semconv\1.22.0-alpha\opentelemetry-semconv-1.22.0-alpha.jar;C:\Users\user\.m2\repository\io\ous\jtoml\2.0.0\jtoml-2.0.0.jar;C:\Users\user\.m2\repository\org\apache\commons\commons-exec\1.3\commons-exec-1.3.jar;C:\Users\user\.m2\repository\org\asynchttpclient\async-http-client\2.12.3\async-http-client-2.12.3.jar;C:\Users\user\.m2\repository\org\asynchttpclient\async-http-client-netty-utils\2.12.3\async-http-client-netty-utils-2.12.3.jar;C:\Users\user\.m2\repository\io\netty\netty-codec-socks\4.1.60.Final\netty-codec-socks-4.1.60.Final.jar;C:\Users\user\.m2\repository\io\netty\netty-handler-proxy\4.1.60.Final\netty-handler-proxy-4.1.60.Final.jar;C:\Users\user\.m2\repository\io\netty\netty-transport-native-epoll\4.1.60.Final\netty-transport-native-epoll-4.1.60.Final-linux-x86_64.jar;C:\Users\user\.m2\repository\io\netty\netty-transport-native-kqueue\4.1.60.Final\netty-transport-native-kqueue-4.1.60.Final-osx-x86_64.jar;C:\Users\user\.m2\repository\org\reactivestreams\reactive-streams\1.0.3\reactive-streams-1.0.3.jar;C:\Users\user\.m2\repository\com\typesafe\netty\netty-reactive-streams\2.0.4\netty-reactive-streams-2.0.4.jar;C:\Users\user\.m2\repository\org\seleniumhq\selenium\selenium-manager\4.8.1\selenium-manager-4.8.1.jar;C:\Users\user\.m2\repository\org\seleniumhq\selenium\selenium-safari-driver\4.8.1\selenium-safari-driver-4.8.1.jar;C:\Users\user\.m2\repository\org\seleniumhq\selenium\selenium-api\4.8.1\selenium-api-4.8.1.jar;C:\Users\user\.m2\repository\org\seleniumhq\selenium\selenium-support\4.8.1\selenium-support-4.8.1.jar;C:\Users\user\.m2\repository\com\google\auto\service\auto-service-annotations\1.0.1\auto-service-annotations-1.0.1.jar;C:\Users\user\.m2\repository\com\google\auto\service\auto-service\1.0.1\auto-service-1.0.1.jar;C:\Users\user\.m2\repository\com\google\auto\auto-common\1.2\auto-common-1.2.jar;C:\Users\user\.m2\repository\org\seleniumhq\selenium\selenium-json\4.8.1\selenium-json-4.8.1.jar;C:\Users\user\.m2\repository\org\seleniumhq\selenium\selenium-chrome-driver\4.8.1\selenium-chrome-driver-4.8.1.jar;C:\Users\user\.m2\repository\org\seleniumhq\selenium\selenium-chromium-driver\4.8.1\selenium-chromium-driver-4.8.1.jar;C:\Users\user\.m2\repository\org\seleniumhq\selenium\selenium-firefox-driver\4.8.1\selenium-firefox-driver-4.8.1.jar;C:\Users\user\.m2\repository\org\seleniumhq\selenium\selenium-http\4.8.1\selenium-http-4.8.1.jar;C:\Users\user\.m2\repository\dev\failsafe\failsafe\3.3.0\failsafe-3.3.0.jar;C:\Users\user\.m2\repository\org\seleniumhq\selenium\selenium-edge-driver\4.8.1\selenium-edge-driver-4.8.1.jar;C:\Users\user\.m2\repository\org\seleniumhq\selenium\selenium-ie-driver\4.8.1\selenium-ie-driver-4.8.1.jar;C:\Users\user\.m2\repository\org\projectlombok\lombok\1.18.20\lombok-1.18.20.jar;C:\Users\user\.m2\repository\io\appium\java-client\8.3.0\java-client-8.3.0.jar;C:\Users\user\.m2\repository\commons-validator\commons-validator\1.7\commons-validator-1.7.jar;C:\Users\user\.m2\repository\commons-digester\commons-digester\2.1\commons-digester-2.1.jar;C:\Users\user\.m2\repository\org\apache\groovy\groovy\4.0.10\groovy-4.0.10.jar;C:\Users\user\.m2\repository\net\sf\opencsv\opencsv\2.0\opencsv-2.0.jar;C:\Users\user\.m2\repository\commons-beanutils\commons-beanutils\1.9.4\commons-beanutils-1.9.4.jar;C:\Users\user\.m2\repository\org\apache\commons\commons-lang3\3.12.0\commons-lang3-3.12.0.jar;C:\Users\user\.m2\repository\commons-collections\commons-collections\3.2.2\commons-collections-3.2.2.jar;C:\Users\user\.m2\repository\org\fluentlenium\fluentlenium-core\0.10.2\fluentlenium-core-0.10.2.jar;C:\Users\user\.m2\repository\io\github\bonigarcia\webdrivermanager\5.3.0\webdrivermanager-5.3.0.jar;C:\Users\user\.m2\repository\com\github\docker-java\docker-java\3.2.13\docker-java-3.2.13.jar;C:\Users\user\.m2\repository\com\github\docker-java\docker-java-core\3.2.13\docker-java-core-3.2.13.jar;C:\Users\user\.m2\repository\com\github\docker-java\docker-java-api\3.2.13\docker-java-api-3.2.13.jar;C:\Users\user\.m2\repository\org\apache\commons\commons-compress\1.21\commons-compress-1.21.jar;C:\Users\user\.m2\repository\org\bouncycastle\bcpkix-jdk15on\1.64\bcpkix-jdk15on-1.64.jar;C:\Users\user\.m2\repository\org\bouncycastle\bcprov-jdk15on\1.64\bcprov-jdk15on-1.64.jar;C:\Users\user\.m2\repository\org\slf4j\jcl-over-slf4j\1.7.30\jcl-over-slf4j-1.7.30.jar;C:\Users\user\.m2\repository\com\github\docker-java\docker-java-transport-httpclient5\3.2.13\docker-java-transport-httpclient5-3.2.13.jar;C:\Users\user\.m2\repository\com\github\docker-java\docker-java-transport\3.2.13\docker-java-transport-3.2.13.jar;C:\Users\user\.m2\repository\net\java\dev\jna\jna\5.8.0\jna-5.8.0.jar;C:\Users\user\.m2\repository\org\brotli\dec\0.1.2\dec-0.1.2.jar;C:\Users\user\.m2\repository\org\apache\httpcomponents\client5\httpclient5\5.1.3\httpclient5-5.1.3.jar;C:\Users\user\.m2\repository\org\apache\httpcomponents\core5\httpcore5\5.1.3\httpcore5-5.1.3.jar;C:\Users\user\.m2\repository\org\apache\httpcomponents\core5\httpcore5-h2\5.1.3\httpcore5-h2-5.1.3.jar;C:\Users\user\.m2\repository\com\jhlabs\filters\2.0.235\filters-2.0.235.jar;C:\Users\user\.m2\repository\com\paulhammant\ngwebdriver\1.1.6\ngwebdriver-1.1.6.jar;C:\Users\user\.m2\repository\joda-time\joda-time\2.12.2\joda-time-2.12.2.jar;C:\Users\user\.m2\repository\org\hamcrest\hamcrest\2.2\hamcrest-2.2.jar;C:\Users\user\.m2\repository\com\google\jimfs\jimfs\1.2\jimfs-1.2.jar;C:\Users\user\.m2\repository\org\mockito\mockito-core\3.3.3\mockito-core-3.3.3.jar;C:\Users\user\.m2\repository\javax\xml\bind\jaxb-api\2.3.1\jaxb-api-2.3.1.jar;C:\Users\user\.m2\repository\javax\activation\javax.activation-api\1.2.0\javax.activation-api-1.2.0.jar;C:\Users\user\.m2\repository\com\sun\xml\bind\jaxb-core\2.3.0.1\jaxb-core-2.3.0.1.jar;C:\Users\user\.m2\repository\com\sun\xml\bind\jaxb-impl\2.3.3\jaxb-impl-2.3.3.jar;C:\Users\user\.m2\repository\jakarta\xml\bind\jakarta.xml.bind-api\2.3.3\jakarta.xml.bind-api-2.3.3.jar;C:\Users\user\.m2\repository\com\sun\activation\jakarta.activation\1.2.2\jakarta.activation-1.2.2.jar;C:\Users\user\.m2\repository\javax\activation\activation\1.1.1\activation-1.1.1.jar;C:\Users\user\.m2\repository\net\serenity-bdd\serenity-cucumber\3.6.21\serenity-cucumber-3.6.21.jar;C:\Users\user\.m2\repository\io\cucumber\cucumber-core\7.11.0\cucumber-core-7.11.0.jar;C:\Users\user\.m2\repository\io\cucumber\cucumber-gherkin\7.11.0\cucumber-gherkin-7.11.0.jar;C:\Users\user\.m2\repository\io\cucumber\cucumber-gherkin-messages\7.11.0\cucumber-gherkin-messages-7.11.0.jar;C:\Users\user\.m2\repository\io\cucumber\gherkin\26.0.3\gherkin-26.0.3.jar;C:\Users\user\.m2\repository\io\cucumber\messages\21.0.1\messages-21.0.1.jar;C:\Users\user\.m2\repository\io\cucumber\tag-expressions\5.0.1\tag-expressions-5.0.1.jar;C:\Users\user\.m2\repository\io\cucumber\cucumber-expressions\16.1.1\cucumber-expressions-16.1.1.jar;C:\Users\user\.m2\repository\io\cucumber\datatable\7.11.0\datatable-7.11.0.jar;C:\Users\user\.m2\repository\io\cucumber\cucumber-plugin\7.11.0\cucumber-plugin-7.11.0.jar;C:\Users\user\.m2\repository\io\cucumber\docstring\7.11.0\docstring-7.11.0.jar;C:\Users\user\.m2\repository\io\cucumber\html-formatter\20.2.1\html-formatter-20.2.1.jar;C:\Users\user\.m2\repository\io\cucumber\junit-xml-formatter\0.1.0\junit-xml-formatter-0.1.0.jar;C:\Users\user\.m2\repository\io\cucumber\ci-environment\9.1.0\ci-environment-9.1.0.jar;C:\Users\user\.m2\repository\io\cucumber\cucumber-java\7.11.0\cucumber-java-7.11.0.jar;C:\Users\user\.m2\repository\io\cucumber\cucumber-junit\7.11.0\cucumber-junit-7.11.0.jar;C:\Users\user\.m2\repository\org\apache\commons\commons-csv\1.5\commons-csv-1.5.jar;C:\Users\user\.m2\repository\net\serenity-bdd\serenity-screenplay\3.6.21\serenity-screenplay-3.6.21.jar;C:\Users\user\.m2\repository\net\serenity-bdd\serenity-screenplay-webdriver\3.6.21\serenity-screenplay-webdriver-3.6.21.jar;C:\Users\user\.m2\repository\net\serenity-bdd\serenity-ensure\3.6.21\serenity-ensure-3.6.21.jar;C:\Users\user\.m2\repository\net\serenity-bdd\serenity-junit\3.6.21\serenity-junit-3.6.21.jar;C:\Users\user\.m2\repository\org\jetbrains\kotlin\kotlin-stdlib\1.8.10\kotlin-stdlib-1.8.10.jar;C:\Users\user\.m2\repository\org\jetbrains\kotlin\kotlin-stdlib-common\1.8.10\kotlin-stdlib-common-1.8.10.jar;C:\Users\user\.m2\repository\org\jetbrains\annotations\13.0\annotations-13.0.jar;C:\Users\user\.m2\repository\org\junit\platform\junit-platform-launcher\1.8.2\junit-platform-launcher-1.8.2.jar;C:\Users\user\.m2\repository\org\junit\platform\junit-platform-engine\1.8.2\junit-platform-engine-1.8.2.jar;C:\Users\user\.m2\repository\org\opentest4j\opentest4j\1.2.0\opentest4j-1.2.0.jar;C:\Users\user\.m2\repository\org\junit\platform\junit-platform-commons\1.8.2\junit-platform-commons-1.8.2.jar;C:\Users\user\.m2\repository\org\apiguardian\apiguardian-api\1.1.2\apiguardian-api-1.1.2.jar;C:\Users\user\.m2\repository\org\junit\jupiter\junit-jupiter-engine\5.8.2\junit-jupiter-engine-5.8.2.jar;C:\Users\user\.m2\repository\org\junit\jupiter\junit-jupiter-api\5.8.2\junit-jupiter-api-5.8.2.jar;C:\Users\user\.m2\repository\org\junit\vintage\junit-vintage-engine\5.8.2\junit-vintage-engine-5.8.2.jar;C:\Users\user\.m2\repository\junit\junit\4.13.2\junit-4.13.2.jar;C:\Users\user\.m2\repository\org\hamcrest\hamcrest-core\1.3\hamcrest-core-1.3.jar;C:\Users\user\.m2\repository\ch\qos\logback\logback-classic\1.2.10\logback-classic-1.2.10.jar;C:\Users\user\.m2\repository\ch\qos\logback\logback-core\1.2.10\logback-core-1.2.10.jar;C:\Users\user\.m2\repository\org\slf4j\slf4j-api\1.7.32\slf4j-api-1.7.32.jar;C:\Users\user\.m2\repository\org\assertj\assertj-core\3.23.1\assertj-core-3.23.1.jar;C:\Users\user\.m2\repository\net\bytebuddy\byte-buddy\1.12.10\byte-buddy-1.12.10.jar;"/>
    <property name="java.vm.vendor" value="Oracle Corporation"/>
    <property name="sun.arch.data.model" value="64"/>
    <property name="user.variant" value=""/>
    <property name="java.vendor.url" value="http://java.oracle.com/"/>
    <property name="user.timezone" value="Asia/Bangkok"/>
    <property name="java.vm.specification.version" value="1.8"/>
    <property name="os.name" value="Windows 10"/>
    <property name="user.country" value="US"/>
    <property name="sun.java.launcher" value="SUN_STANDARD"/>
    <property name="sun.boot.library.path" value="C:\Program Files\Java\jdk1.8.0_301\jre\bin"/>
    <property name="sun.java.command" value="C:\Users\user\AppData\Local\Temp\surefire4453401927429800709\surefirebooter701620551734781797.jar C:\Users\user\AppData\Local\Temp\surefire4453401927429800709 2023-05-03T16-02-54_725-jvmRun1 surefire4125926044312594995tmp surefire_02683163401034711852tmp"/>
    <property name="surefire.test.class.path" value="C:\Users\user\Downloads\QE_Devi-Agustin-Utari\Mini Project\Source_Mini_Project\Web_Automation_AltaShop\target\test-classes;C:\Users\user\Downloads\QE_Devi-Agustin-Utari\Mini Project\Source_Mini_Project\Web_Automation_AltaShop\target\Web_Automation-1.0-SNAPSHOT.jar;C:\Users\user\.m2\repository\net\serenity-bdd\serenity-core\3.6.21\serenity-core-3.6.21.jar;C:\Users\user\.m2\repository\net\serenity-bdd\serenity-model\3.6.21\serenity-model-3.6.21.jar;C:\Users\user\.m2\repository\org\apache\commons\commons-text\1.10.0\commons-text-1.10.0.jar;C:\Users\user\.m2\repository\commons-net\commons-net\3.9.0\commons-net-3.9.0.jar;C:\Users\user\.m2\repository\com\google\guava\guava\31.1-jre\guava-31.1-jre.jar;C:\Users\user\.m2\repository\com\google\guava\failureaccess\1.0.1\failureaccess-1.0.1.jar;C:\Users\user\.m2\repository\com\google\guava\listenablefuture\9999.0-empty-to-avoid-conflict-with-guava\listenablefuture-9999.0-empty-to-avoid-conflict-with-guava.jar;C:\Users\user\.m2\repository\com\google\code\findbugs\jsr305\3.0.2\jsr305-3.0.2.jar;C:\Users\user\.m2\repository\org\checkerframework\checker-qual\3.12.0\checker-qual-3.12.0.jar;C:\Users\user\.m2\repository\com\google\errorprone\error_prone_annotations\2.11.0\error_prone_annotations-2.11.0.jar;C:\Users\user\.m2\repository\com\google\j2objc\j2objc-annotations\1.3\j2objc-annotations-1.3.jar;C:\Users\user\.m2\repository\com\google\inject\guice\5.1.0\guice-5.1.0.jar;C:\Users\user\.m2\repository\javax\inject\javax.inject\1\javax.inject-1.jar;C:\Users\user\.m2\repository\aopalliance\aopalliance\1.0\aopalliance-1.0.jar;C:\Users\user\.m2\repository\org\jsoup\jsoup\1.14.3\jsoup-1.14.3.jar;C:\Users\user\.m2\repository\com\thoughtworks\xstream\xstream\1.4.20\xstream-1.4.20.jar;C:\Users\user\.m2\repository\io\github\x-stream\mxparser\1.2.2\mxparser-1.2.2.jar;C:\Users\user\.m2\repository\xmlpull\xmlpull\1.1.3.1\xmlpull-1.1.3.1.jar;C:\Users\user\.m2\repository\com\typesafe\config\1.4.2\config-1.4.2.jar;C:\Users\user\.m2\repository\org\imgscalr\imgscalr-lib\4.2\imgscalr-lib-4.2.jar;C:\Users\user\.m2\repository\org\awaitility\awaitility\4.2.0\awaitility-4.2.0.jar;C:\Users\user\.m2\repository\org\freemarker\freemarker\2.3.31\freemarker-2.3.31.jar;C:\Users\user\.m2\repository\io\github\classgraph\classgraph\4.8.138\classgraph-4.8.138.jar;C:\Users\user\.m2\repository\net\sourceforge\jexcelapi\jxl\2.6.12\jxl-2.6.12.jar;C:\Users\user\.m2\repository\net\bytebuddy\byte-buddy-agent\1.14.2\byte-buddy-agent-1.14.2.jar;C:\Users\user\.m2\repository\org\objenesis\objenesis\3.3\objenesis-3.3.jar;C:\Users\user\.m2\repository\net\serenity-bdd\serenity-reports\3.6.21\serenity-reports-3.6.21.jar;C:\Users\user\.m2\repository\net\serenity-bdd\serenity-stats\3.6.21\serenity-stats-3.6.21.jar;C:\Users\user\.m2\repository\net\serenity-bdd\serenity-reports-configuration\3.6.21\serenity-reports-configuration-3.6.21.jar;C:\Users\user\.m2\repository\com\vladsch\flexmark\flexmark-all\0.62.2\flexmark-all-0.62.2.jar;C:\Users\user\.m2\repository\com\vladsch\flexmark\flexmark\0.62.2\flexmark-0.62.2.jar;C:\Users\user\.m2\repository\com\vladsch\flexmark\flexmark-ext-abbreviation\0.62.2\flexmark-ext-abbreviation-0.62.2.jar;C:\Users\user\.m2\repository\com\vladsch\flexmark\flexmark-util\0.62.2\flexmark-util-0.62.2.jar;C:\Users\user\.m2\repository\com\vladsch\flexmark\flexmark-ext-admonition\0.62.2\flexmark-ext-admonition-0.62.2.jar;C:\Users\user\.m2\repository\com\vladsch\flexmark\flexmark-ext-anchorlink\0.62.2\flexmark-ext-anchorlink-0.62.2.jar;C:\Users\user\.m2\repository\com\vladsch\flexmark\flexmark-ext-aside\0.62.2\flexmark-ext-aside-0.62.2.jar;C:\Users\user\.m2\repository\com\vladsch\flexmark\flexmark-ext-attributes\0.62.2\flexmark-ext-attributes-0.62.2.jar;C:\Users\user\.m2\repository\com\vladsch\flexmark\flexmark-ext-autolink\0.62.2\flexmark-ext-autolink-0.62.2.jar;C:\Users\user\.m2\repository\org\nibor\autolink\autolink\0.6.0\autolink-0.6.0.jar;C:\Users\user\.m2\repository\com\vladsch\flexmark\flexmark-ext-definition\0.62.2\flexmark-ext-definition-0.62.2.jar;C:\Users\user\.m2\repository\com\vladsch\flexmark\flexmark-ext-emoji\0.62.2\flexmark-ext-emoji-0.62.2.jar;C:\Users\user\.m2\repository\com\vladsch\flexmark\flexmark-ext-enumerated-reference\0.62.2\flexmark-ext-enumerated-reference-0.62.2.jar;C:\Users\user\.m2\repository\com\vladsch\flexmark\flexmark-ext-escaped-character\0.62.2\flexmark-ext-escaped-character-0.62.2.jar;C:\Users\user\.m2\repository\com\vladsch\flexmark\flexmark-ext-footnotes\0.62.2\flexmark-ext-footnotes-0.62.2.jar;C:\Users\user\.m2\repository\com\vladsch\flexmark\flexmark-ext-gfm-issues\0.62.2\flexmark-ext-gfm-issues-0.62.2.jar;C:\Users\user\.m2\repository\com\vladsch\flexmark\flexmark-ext-gfm-strikethrough\0.62.2\flexmark-ext-gfm-strikethrough-0.62.2.jar;C:\Users\user\.m2\repository\com\vladsch\flexmark\flexmark-ext-gfm-tasklist\0.62.2\flexmark-ext-gfm-tasklist-0.62.2.jar;C:\Users\user\.m2\repository\com\vladsch\flexmark\flexmark-ext-gfm-users\0.62.2\flexmark-ext-gfm-users-0.62.2.jar;C:\Users\user\.m2\repository\com\vladsch\flexmark\flexmark-ext-gitlab\0.62.2\flexmark-ext-gitlab-0.62.2.jar;C:\Users\user\.m2\repository\com\vladsch\flexmark\flexmark-ext-jekyll-front-matter\0.62.2\flexmark-ext-jekyll-front-matter-0.62.2.jar;C:\Users\user\.m2\repository\com\vladsch\flexmark\flexmark-ext-jekyll-tag\0.62.2\flexmark-ext-jekyll-tag-0.62.2.jar;C:\Users\user\.m2\repository\com\vladsch\flexmark\flexmark-ext-media-tags\0.62.2\flexmark-ext-media-tags-0.62.2.jar;C:\Users\user\.m2\repository\com\vladsch\flexmark\flexmark-ext-macros\0.62.2\flexmark-ext-macros-0.62.2.jar;C:\Users\user\.m2\repository\com\vladsch\flexmark\flexmark-ext-ins\0.62.2\flexmark-ext-ins-0.62.2.jar;C:\Users\user\.m2\repository\com\vladsch\flexmark\flexmark-ext-xwiki-macros\0.62.2\flexmark-ext-xwiki-macros-0.62.2.jar;C:\Users\user\.m2\repository\com\vladsch\flexmark\flexmark-ext-superscript\0.62.2\flexmark-ext-superscript-0.62.2.jar;C:\Users\user\.m2\repository\com\vladsch\flexmark\flexmark-ext-tables\0.62.2\flexmark-ext-tables-0.62.2.jar;C:\Users\user\.m2\repository\com\vladsch\flexmark\flexmark-ext-toc\0.62.2\flexmark-ext-toc-0.62.2.jar;C:\Users\user\.m2\repository\com\vladsch\flexmark\flexmark-ext-typographic\0.62.2\flexmark-ext-typographic-0.62.2.jar;C:\Users\user\.m2\repository\com\vladsch\flexmark\flexmark-ext-wikilink\0.62.2\flexmark-ext-wikilink-0.62.2.jar;C:\Users\user\.m2\repository\com\vladsch\flexmark\flexmark-ext-yaml-front-matter\0.62.2\flexmark-ext-yaml-front-matter-0.62.2.jar;C:\Users\user\.m2\repository\com\vladsch\flexmark\flexmark-ext-youtube-embedded\0.62.2\flexmark-ext-youtube-embedded-0.62.2.jar;C:\Users\user\.m2\repository\com\vladsch\flexmark\flexmark-html2md-converter\0.62.2\flexmark-html2md-converter-0.62.2.jar;C:\Users\user\.m2\repository\com\vladsch\flexmark\flexmark-jira-converter\0.62.2\flexmark-jira-converter-0.62.2.jar;C:\Users\user\.m2\repository\com\vladsch\flexmark\flexmark-pdf-converter\0.62.2\flexmark-pdf-converter-0.62.2.jar;C:\Users\user\.m2\repository\com\openhtmltopdf\openhtmltopdf-core\1.0.0\openhtmltopdf-core-1.0.0.jar;C:\Users\user\.m2\repository\com\openhtmltopdf\openhtmltopdf-pdfbox\1.0.0\openhtmltopdf-pdfbox-1.0.0.jar;C:\Users\user\.m2\repository\org\apache\pdfbox\pdfbox\2.0.16\pdfbox-2.0.16.jar;C:\Users\user\.m2\repository\org\apache\pdfbox\fontbox\2.0.16\fontbox-2.0.16.jar;C:\Users\user\.m2\repository\org\apache\pdfbox\xmpbox\2.0.16\xmpbox-2.0.16.jar;C:\Users\user\.m2\repository\de\rototor\pdfbox\graphics2d\0.24\graphics2d-0.24.jar;C:\Users\user\.m2\repository\com\openhtmltopdf\openhtmltopdf-rtl-support\1.0.0\openhtmltopdf-rtl-support-1.0.0.jar;C:\Users\user\.m2\repository\com\openhtmltopdf\openhtmltopdf-jsoup-dom-converter\1.0.0\openhtmltopdf-jsoup-dom-converter-1.0.0.jar;C:\Users\user\.m2\repository\com\vladsch\flexmark\flexmark-profile-pegdown\0.62.2\flexmark-profile-pegdown-0.62.2.jar;C:\Users\user\.m2\repository\com\vladsch\flexmark\flexmark-util-ast\0.62.2\flexmark-util-ast-0.62.2.jar;C:\Users\user\.m2\repository\com\vladsch\flexmark\flexmark-util-builder\0.62.2\flexmark-util-builder-0.62.2.jar;C:\Users\user\.m2\repository\com\vladsch\flexmark\flexmark-util-collection\0.62.2\flexmark-util-collection-0.62.2.jar;C:\Users\user\.m2\repository\com\vladsch\flexmark\flexmark-util-data\0.62.2\flexmark-util-data-0.62.2.jar;C:\Users\user\.m2\repository\com\vladsch\flexmark\flexmark-util-dependency\0.62.2\flexmark-util-dependency-0.62.2.jar;C:\Users\user\.m2\repository\com\vladsch\flexmark\flexmark-util-format\0.62.2\flexmark-util-format-0.62.2.jar;C:\Users\user\.m2\repository\com\vladsch\flexmark\flexmark-util-html\0.62.2\flexmark-util-html-0.62.2.jar;C:\Users\user\.m2\repository\com\vladsch\flexmark\flexmark-util-misc\0.62.2\flexmark-util-misc-0.62.2.jar;C:\Users\user\.m2\repository\com\vladsch\flexmark\flexmark-util-options\0.62.2\flexmark-util-options-0.62.2.jar;C:\Users\user\.m2\repository\com\vladsch\flexmark\flexmark-util-sequence\0.62.2\flexmark-util-sequence-0.62.2.jar;C:\Users\user\.m2\repository\com\vladsch\flexmark\flexmark-util-visitor\0.62.2\flexmark-util-visitor-0.62.2.jar;C:\Users\user\.m2\repository\com\vladsch\flexmark\flexmark-youtrack-converter\0.62.2\flexmark-youtrack-converter-0.62.2.jar;C:\Users\user\.m2\repository\com\ibm\icu\icu4j\72.1\icu4j-72.1.jar;C:\Users\user\.m2\repository\es\nitaur\markdown\txtmark\0.16\txtmark-0.16.jar;C:\Users\user\.m2\repository\net\serenity-bdd\serenity-report-resources\3.6.21\serenity-report-resources-3.6.21.jar;C:\Users\user\.m2\repository\com\google\code\gson\gson\2.10.1\gson-2.10.1.jar;C:\Users\user\.m2\repository\com\fasterxml\jackson\core\jackson-core\2.15.0-rc1\jackson-core-2.15.0-rc1.jar;C:\Users\user\.m2\repository\com\fasterxml\jackson\core\jackson-databind\2.15.0-rc1\jackson-databind-2.15.0-rc1.jar;C:\Users\user\.m2\repository\com\fasterxml\jackson\core\jackson-annotations\2.15.0-rc1\jackson-annotations-2.15.0-rc1.jar;C:\Users\user\.m2\repository\commons-codec\commons-codec\1.15\commons-codec-1.15.jar;C:\Users\user\.m2\repository\commons-io\commons-io\2.11.0\commons-io-2.11.0.jar;C:\Users\user\.m2\repository\org\apache\httpcomponents\httpclient\4.5.13\httpclient-4.5.13.jar;C:\Users\user\.m2\repository\org\apache\httpcomponents\httpcore\4.4.13\httpcore-4.4.13.jar;C:\Users\user\.m2\repository\commons-logging\commons-logging\1.2\commons-logging-1.2.jar;C:\Users\user\.m2\repository\org\seleniumhq\selenium\selenium-java\4.8.1\selenium-java-4.8.1.jar;C:\Users\user\.m2\repository\org\seleniumhq\selenium\selenium-devtools-v108\4.8.1\selenium-devtools-v108-4.8.1.jar;C:\Users\user\.m2\repository\org\seleniumhq\selenium\selenium-devtools-v109\4.8.1\selenium-devtools-v109-4.8.1.jar;C:\Users\user\.m2\repository\org\seleniumhq\selenium\selenium-devtools-v110\4.8.1\selenium-devtools-v110-4.8.1.jar;C:\Users\user\.m2\repository\org\seleniumhq\selenium\selenium-devtools-v85\4.8.1\selenium-devtools-v85-4.8.1.jar;C:\Users\user\.m2\repository\org\seleniumhq\selenium\selenium-remote-driver\4.8.1\selenium-remote-driver-4.8.1.jar;C:\Users\user\.m2\repository\com\beust\jcommander\1.82\jcommander-1.82.jar;C:\Users\user\.m2\repository\io\netty\netty-buffer\4.1.87.Final\netty-buffer-4.1.87.Final.jar;C:\Users\user\.m2\repository\io\netty\netty-codec-http\4.1.87.Final\netty-codec-http-4.1.87.Final.jar;C:\Users\user\.m2\repository\io\netty\netty-codec\4.1.87.Final\netty-codec-4.1.87.Final.jar;C:\Users\user\.m2\repository\io\netty\netty-handler\4.1.87.Final\netty-handler-4.1.87.Final.jar;C:\Users\user\.m2\repository\io\netty\netty-common\4.1.87.Final\netty-common-4.1.87.Final.jar;C:\Users\user\.m2\repository\io\netty\netty-transport-classes-epoll\4.1.87.Final\netty-transport-classes-epoll-4.1.87.Final.jar;C:\Users\user\.m2\repository\io\netty\netty-transport-classes-kqueue\4.1.87.Final\netty-transport-classes-kqueue-4.1.87.Final.jar;C:\Users\user\.m2\repository\io\netty\netty-transport-native-epoll\4.1.87.Final\netty-transport-native-epoll-4.1.87.Final.jar;C:\Users\user\.m2\repository\io\netty\netty-transport-native-kqueue\4.1.87.Final\netty-transport-native-kqueue-4.1.87.Final.jar;C:\Users\user\.m2\repository\io\netty\netty-transport-native-unix-common\4.1.87.Final\netty-transport-native-unix-common-4.1.87.Final.jar;C:\Users\user\.m2\repository\io\netty\netty-transport\4.1.87.Final\netty-transport-4.1.87.Final.jar;C:\Users\user\.m2\repository\io\netty\netty-resolver\4.1.87.Final\netty-resolver-4.1.87.Final.jar;C:\Users\user\.m2\repository\io\opentelemetry\opentelemetry-api\1.22.0\opentelemetry-api-1.22.0.jar;C:\Users\user\.m2\repository\io\opentelemetry\opentelemetry-context\1.22.0\opentelemetry-context-1.22.0.jar;C:\Users\user\.m2\repository\io\opentelemetry\opentelemetry-exporter-logging\1.22.0\opentelemetry-exporter-logging-1.22.0.jar;C:\Users\user\.m2\repository\io\opentelemetry\opentelemetry-sdk-metrics\1.22.0\opentelemetry-sdk-metrics-1.22.0.jar;C:\Users\user\.m2\repository\io\opentelemetry\opentelemetry-sdk-logs\1.22.0-alpha\opentelemetry-sdk-logs-1.22.0-alpha.jar;C:\Users\user\.m2\repository\io\opentelemetry\opentelemetry-api-logs\1.22.0-alpha\opentelemetry-api-logs-1.22.0-alpha.jar;C:\Users\user\.m2\repository\io\opentelemetry\opentelemetry-sdk-common\1.22.0\opentelemetry-sdk-common-1.22.0.jar;C:\Users\user\.m2\repository\io\opentelemetry\opentelemetry-sdk-extension-autoconfigure-spi\1.22.0\opentelemetry-sdk-extension-autoconfigure-spi-1.22.0.jar;C:\Users\user\.m2\repository\io\opentelemetry\opentelemetry-sdk-extension-autoconfigure\1.22.0-alpha\opentelemetry-sdk-extension-autoconfigure-1.22.0-alpha.jar;C:\Users\user\.m2\repository\io\opentelemetry\opentelemetry-sdk-trace\1.22.0\opentelemetry-sdk-trace-1.22.0.jar;C:\Users\user\.m2\repository\io\opentelemetry\opentelemetry-sdk\1.22.0\opentelemetry-sdk-1.22.0.jar;C:\Users\user\.m2\repository\io\opentelemetry\opentelemetry-semconv\1.22.0-alpha\opentelemetry-semconv-1.22.0-alpha.jar;C:\Users\user\.m2\repository\io\ous\jtoml\2.0.0\jtoml-2.0.0.jar;C:\Users\user\.m2\repository\org\apache\commons\commons-exec\1.3\commons-exec-1.3.jar;C:\Users\user\.m2\repository\org\asynchttpclient\async-http-client\2.12.3\async-http-client-2.12.3.jar;C:\Users\user\.m2\repository\org\asynchttpclient\async-http-client-netty-utils\2.12.3\async-http-client-netty-utils-2.12.3.jar;C:\Users\user\.m2\repository\io\netty\netty-codec-socks\4.1.60.Final\netty-codec-socks-4.1.60.Final.jar;C:\Users\user\.m2\repository\io\netty\netty-handler-proxy\4.1.60.Final\netty-handler-proxy-4.1.60.Final.jar;C:\Users\user\.m2\repository\io\netty\netty-transport-native-epoll\4.1.60.Final\netty-transport-native-epoll-4.1.60.Final-linux-x86_64.jar;C:\Users\user\.m2\repository\io\netty\netty-transport-native-kqueue\4.1.60.Final\netty-transport-native-kqueue-4.1.60.Final-osx-x86_64.jar;C:\Users\user\.m2\repository\org\reactivestreams\reactive-streams\1.0.3\reactive-streams-1.0.3.jar;C:\Users\user\.m2\repository\com\typesafe\netty\netty-reactive-streams\2.0.4\netty-reactive-streams-2.0.4.jar;C:\Users\user\.m2\repository\org\seleniumhq\selenium\selenium-manager\4.8.1\selenium-manager-4.8.1.jar;C:\Users\user\.m2\repository\org\seleniumhq\selenium\selenium-safari-driver\4.8.1\selenium-safari-driver-4.8.1.jar;C:\Users\user\.m2\repository\org\seleniumhq\selenium\selenium-api\4.8.1\selenium-api-4.8.1.jar;C:\Users\user\.m2\repository\org\seleniumhq\selenium\selenium-support\4.8.1\selenium-support-4.8.1.jar;C:\Users\user\.m2\repository\com\google\auto\service\auto-service-annotations\1.0.1\auto-service-annotations-1.0.1.jar;C:\Users\user\.m2\repository\com\google\auto\service\auto-service\1.0.1\auto-service-1.0.1.jar;C:\Users\user\.m2\repository\com\google\auto\auto-common\1.2\auto-common-1.2.jar;C:\Users\user\.m2\repository\org\seleniumhq\selenium\selenium-json\4.8.1\selenium-json-4.8.1.jar;C:\Users\user\.m2\repository\org\seleniumhq\selenium\selenium-chrome-driver\4.8.1\selenium-chrome-driver-4.8.1.jar;C:\Users\user\.m2\repository\org\seleniumhq\selenium\selenium-chromium-driver\4.8.1\selenium-chromium-driver-4.8.1.jar;C:\Users\user\.m2\repository\org\seleniumhq\selenium\selenium-firefox-driver\4.8.1\selenium-firefox-driver-4.8.1.jar;C:\Users\user\.m2\repository\org\seleniumhq\selenium\selenium-http\4.8.1\selenium-http-4.8.1.jar;C:\Users\user\.m2\repository\dev\failsafe\failsafe\3.3.0\failsafe-3.3.0.jar;C:\Users\user\.m2\repository\org\seleniumhq\selenium\selenium-edge-driver\4.8.1\selenium-edge-driver-4.8.1.jar;C:\Users\user\.m2\repository\org\seleniumhq\selenium\selenium-ie-driver\4.8.1\selenium-ie-driver-4.8.1.jar;C:\Users\user\.m2\repository\org\projectlombok\lombok\1.18.20\lombok-1.18.20.jar;C:\Users\user\.m2\repository\io\appium\java-client\8.3.0\java-client-8.3.0.jar;C:\Users\user\.m2\repository\commons-validator\commons-validator\1.7\commons-validator-1.7.jar;C:\Users\user\.m2\repository\commons-digester\commons-digester\2.1\commons-digester-2.1.jar;C:\Users\user\.m2\repository\org\apache\groovy\groovy\4.0.10\groovy-4.0.10.jar;C:\Users\user\.m2\repository\net\sf\opencsv\opencsv\2.0\opencsv-2.0.jar;C:\Users\user\.m2\repository\commons-beanutils\commons-beanutils\1.9.4\commons-beanutils-1.9.4.jar;C:\Users\user\.m2\repository\org\apache\commons\commons-lang3\3.12.0\commons-lang3-3.12.0.jar;C:\Users\user\.m2\repository\commons-collections\commons-collections\3.2.2\commons-collections-3.2.2.jar;C:\Users\user\.m2\repository\org\fluentlenium\fluentlenium-core\0.10.2\fluentlenium-core-0.10.2.jar;C:\Users\user\.m2\repository\io\github\bonigarcia\webdrivermanager\5.3.0\webdrivermanager-5.3.0.jar;C:\Users\user\.m2\repository\com\github\docker-java\docker-java\3.2.13\docker-java-3.2.13.jar;C:\Users\user\.m2\repository\com\github\docker-java\docker-java-core\3.2.13\docker-java-core-3.2.13.jar;C:\Users\user\.m2\repository\com\github\docker-java\docker-java-api\3.2.13\docker-java-api-3.2.13.jar;C:\Users\user\.m2\repository\org\apache\commons\commons-compress\1.21\commons-compress-1.21.jar;C:\Users\user\.m2\repository\org\bouncycastle\bcpkix-jdk15on\1.64\bcpkix-jdk15on-1.64.jar;C:\Users\user\.m2\repository\org\bouncycastle\bcprov-jdk15on\1.64\bcprov-jdk15on-1.64.jar;C:\Users\user\.m2\repository\org\slf4j\jcl-over-slf4j\1.7.30\jcl-over-slf4j-1.7.30.jar;C:\Users\user\.m2\repository\com\github\docker-java\docker-java-transport-httpclient5\3.2.13\docker-java-transport-httpclient5-3.2.13.jar;C:\Users\user\.m2\repository\com\github\docker-java\docker-java-transport\3.2.13\docker-java-transport-3.2.13.jar;C:\Users\user\.m2\repository\net\java\dev\jna\jna\5.8.0\jna-5.8.0.jar;C:\Users\user\.m2\repository\org\brotli\dec\0.1.2\dec-0.1.2.jar;C:\Users\user\.m2\repository\org\apache\httpcomponents\client5\httpclient5\5.1.3\httpclient5-5.1.3.jar;C:\Users\user\.m2\repository\org\apache\httpcomponents\core5\httpcore5\5.1.3\httpcore5-5.1.3.jar;C:\Users\user\.m2\repository\org\apache\httpcomponents\core5\httpcore5-h2\5.1.3\httpcore5-h2-5.1.3.jar;C:\Users\user\.m2\repository\com\jhlabs\filters\2.0.235\filters-2.0.235.jar;C:\Users\user\.m2\repository\com\paulhammant\ngwebdriver\1.1.6\ngwebdriver-1.1.6.jar;C:\Users\user\.m2\repository\joda-time\joda-time\2.12.2\joda-time-2.12.2.jar;C:\Users\user\.m2\repository\org\hamcrest\hamcrest\2.2\hamcrest-2.2.jar;C:\Users\user\.m2\repository\com\google\jimfs\jimfs\1.2\jimfs-1.2.jar;C:\Users\user\.m2\repository\org\mockito\mockito-core\3.3.3\mockito-core-3.3.3.jar;C:\Users\user\.m2\repository\javax\xml\bind\jaxb-api\2.3.1\jaxb-api-2.3.1.jar;C:\Users\user\.m2\repository\javax\activation\javax.activation-api\1.2.0\javax.activation-api-1.2.0.jar;C:\Users\user\.m2\repository\com\sun\xml\bind\jaxb-core\2.3.0.1\jaxb-core-2.3.0.1.jar;C:\Users\user\.m2\repository\com\sun\xml\bind\jaxb-impl\2.3.3\jaxb-impl-2.3.3.jar;C:\Users\user\.m2\repository\jakarta\xml\bind\jakarta.xml.bind-api\2.3.3\jakarta.xml.bind-api-2.3.3.jar;C:\Users\user\.m2\repository\com\sun\activation\jakarta.activation\1.2.2\jakarta.activation-1.2.2.jar;C:\Users\user\.m2\repository\javax\activation\activation\1.1.1\activation-1.1.1.jar;C:\Users\user\.m2\repository\net\serenity-bdd\serenity-cucumber\3.6.21\serenity-cucumber-3.6.21.jar;C:\Users\user\.m2\repository\io\cucumber\cucumber-core\7.11.0\cucumber-core-7.11.0.jar;C:\Users\user\.m2\repository\io\cucumber\cucumber-gherkin\7.11.0\cucumber-gherkin-7.11.0.jar;C:\Users\user\.m2\repository\io\cucumber\cucumber-gherkin-messages\7.11.0\cucumber-gherkin-messages-7.11.0.jar;C:\Users\user\.m2\repository\io\cucumber\gherkin\26.0.3\gherkin-26.0.3.jar;C:\Users\user\.m2\repository\io\cucumber\messages\21.0.1\messages-21.0.1.jar;C:\Users\user\.m2\repository\io\cucumber\tag-expressions\5.0.1\tag-expressions-5.0.1.jar;C:\Users\user\.m2\repository\io\cucumber\cucumber-expressions\16.1.1\cucumber-expressions-16.1.1.jar;C:\Users\user\.m2\repository\io\cucumber\datatable\7.11.0\datatable-7.11.0.jar;C:\Users\user\.m2\repository\io\cucumber\cucumber-plugin\7.11.0\cucumber-plugin-7.11.0.jar;C:\Users\user\.m2\repository\io\cucumber\docstring\7.11.0\docstring-7.11.0.jar;C:\Users\user\.m2\repository\io\cucumber\html-formatter\20.2.1\html-formatter-20.2.1.jar;C:\Users\user\.m2\repository\io\cucumber\junit-xml-formatter\0.1.0\junit-xml-formatter-0.1.0.jar;C:\Users\user\.m2\repository\io\cucumber\ci-environment\9.1.0\ci-environment-9.1.0.jar;C:\Users\user\.m2\repository\io\cucumber\cucumber-java\7.11.0\cucumber-java-7.11.0.jar;C:\Users\user\.m2\repository\io\cucumber\cucumber-junit\7.11.0\cucumber-junit-7.11.0.jar;C:\Users\user\.m2\repository\org\apache\commons\commons-csv\1.5\commons-csv-1.5.jar;C:\Users\user\.m2\repository\net\serenity-bdd\serenity-screenplay\3.6.21\serenity-screenplay-3.6.21.jar;C:\Users\user\.m2\repository\net\serenity-bdd\serenity-screenplay-webdriver\3.6.21\serenity-screenplay-webdriver-3.6.21.jar;C:\Users\user\.m2\repository\net\serenity-bdd\serenity-ensure\3.6.21\serenity-ensure-3.6.21.jar;C:\Users\user\.m2\repository\net\serenity-bdd\serenity-junit\3.6.21\serenity-junit-3.6.21.jar;C:\Users\user\.m2\repository\org\jetbrains\kotlin\kotlin-stdlib\1.8.10\kotlin-stdlib-1.8.10.jar;C:\Users\user\.m2\repository\org\jetbrains\kotlin\kotlin-stdlib-common\1.8.10\kotlin-stdlib-common-1.8.10.jar;C:\Users\user\.m2\repository\org\jetbrains\annotations\13.0\annotations-13.0.jar;C:\Users\user\.m2\repository\org\junit\platform\junit-platform-launcher\1.8.2\junit-platform-launcher-1.8.2.jar;C:\Users\user\.m2\repository\org\junit\platform\junit-platform-engine\1.8.2\junit-platform-engine-1.8.2.jar;C:\Users\user\.m2\repository\org\opentest4j\opentest4j\1.2.0\opentest4j-1.2.0.jar;C:\Users\user\.m2\repository\org\junit\platform\junit-platform-commons\1.8.2\junit-platform-commons-1.8.2.jar;C:\Users\user\.m2\repository\org\apiguardian\apiguardian-api\1.1.2\apiguardian-api-1.1.2.jar;C:\Users\user\.m2\repository\org\junit\jupiter\junit-jupiter-engine\5.8.2\junit-jupiter-engine-5.8.2.jar;C:\Users\user\.m2\repository\org\junit\jupiter\junit-jupiter-api\5.8.2\junit-jupiter-api-5.8.2.jar;C:\Users\user\.m2\repository\org\junit\vintage\junit-vintage-engine\5.8.2\junit-vintage-engine-5.8.2.jar;C:\Users\user\.m2\repository\junit\junit\4.13.2\junit-4.13.2.jar;C:\Users\user\.m2\repository\org\hamcrest\hamcrest-core\1.3\hamcrest-core-1.3.jar;C:\Users\user\.m2\repository\ch\qos\logback\logback-classic\1.2.10\logback-classic-1.2.10.jar;C:\Users\user\.m2\repository\ch\qos\logback\logback-core\1.2.10\logback-core-1.2.10.jar;C:\Users\user\.m2\repository\org\slf4j\slf4j-api\1.7.32\slf4j-api-1.7.32.jar;C:\Users\user\.m2\repository\org\assertj\assertj-core\3.23.1\assertj-core-3.23.1.jar;C:\Users\user\.m2\repository\net\bytebuddy\byte-buddy\1.12.10\byte-buddy-1.12.10.jar;"/>
    <property name="sun.cpu.endian" value="little"/>
    <property name="user.home" value="C:\Users\user"/>
    <property name="user.language" value="en"/>
    <property name="java.specification.vendor" value="Oracle Corporation"/>
    <property name="java.home" value="C:\Program Files\Java\jdk1.8.0_301\jre"/>
    <property name="basedir" value="C:\Users\user\Downloads\QE_Devi-Agustin-Utari\Mini Project\Source_Mini_Project\Web_Automation_AltaShop"/>
    <property name="file.separator" value="\"/>
    <property name="line.separator" value="&#10;"/>
    <property name="java.vm.specification.vendor" value="Oracle Corporation"/>
    <property name="java.specification.name" value="Java Platform API Specification"/>
    <property name="java.awt.graphicsenv" value="sun.awt.Win32GraphicsEnvironment"/>
    <property name="surefire.real.class.path" value="C:\Users\user\AppData\Local\Temp\surefire4453401927429800709\surefirebooter701620551734781797.jar"/>
    <property name="sun.boot.class.path" value="C:\Program Files\Java\jdk1.8.0_301\jre\lib\resources.jar;C:\Program Files\Java\jdk1.8.0_301\jre\lib\rt.jar;C:\Program Files\Java\jdk1.8.0_301\jre\lib\sunrsasign.jar;C:\Program Files\Java\jdk1.8.0_301\jre\lib\jsse.jar;C:\Program Files\Java\jdk1.8.0_301\jre\lib\jce.jar;C:\Program Files\Java\jdk1.8.0_301\jre\lib\charsets.jar;C:\Program Files\Java\jdk1.8.0_301\jre\lib\jfr.jar;C:\Program Files\Java\jdk1.8.0_301\jre\classes"/>
    <property name="user.script" value=""/>
    <property name="java.protocol.handler.pkgs" value="com.google.common"/>
    <property name="sun.management.compiler" value="HotSpot 64-Bit Tiered Compilers"/>
    <property name="java.runtime.version" value="1.8.0_301-b09"/>
    <property name="user.name" value="user"/>
    <property name="path.separator" value=";"/>
    <property name="os.version" value="10.0"/>
    <property name="java.endorsed.dirs" value="C:\Program Files\Java\jdk1.8.0_301\jre\lib\endorsed"/>
    <property name="java.runtime.name" value="Java(TM) SE Runtime Environment"/>
    <property name="file.encoding" value="Cp1252"/>
    <property name="webdriver.base.url" value=""/>
    <property name="java.vm.name" value="Java HotSpot(TM) 64-Bit Server VM"/>
    <property name="localRepository" value="C:\Users\user\.m2\repository"/>
    <property name="java.vendor.url.bug" value="http://bugreport.sun.com/bugreport/"/>
    <property name="java.io.tmpdir" value="C:\Users\user\AppData\Local\Temp\"/>
    <property name="java.version" value="1.8.0_301"/>
    <property name="user.dir" value="C:\Users\user\Downloads\QE_Devi-Agustin-Utari\Mini Project\Source_Mini_Project\Web_Automation_AltaShop"/>
    <property name="os.arch" value="amd64"/>
    <property name="java.vm.specification.name" value="Java Virtual Machine Specification"/>
    <property name="java.awt.printerjob" value="sun.awt.windows.WPrinterJob"/>
    <property name="sun.os.patch.level" value=""/>
    <property name="java.library.path" value="C:\Program Files\Java\jdk1.8.0_301\jre\bin;C:\WINDOWS\Sun\Java\bin;C:\WINDOWS\system32;C:\WINDOWS;C:\Program Files (x86)\Common Files\Oracle\Java\javapath;C:\WINDOWS\system32;C:\WINDOWS;C:\WINDOWS\System32\Wbem;C:\WINDOWS\System32\WindowsPowerShell\v1.0\;C:\WINDOWS\System32\OpenSSH\;C:\Program Files\Git\cmd;C:\Program Files\nodejs\;C:\ProgramData\chocolatey\bin;C:\Program Files\Java\jdk1.8.0_301\bin;C:\Program Files\apache-maven-3.9.1\bin;C:\Users\user\AppData\Local\Android\Sdk;C:\Users\user\AppData\Local\Android\Sdk\platform-tools;C:\Users\user\AppData\Local\Microsoft\WindowsApps;;C:\Users\user\AppData\Local\Programs\Microsoft VS Code\bin;C:\Users\user\AppData\Roaming\npm;."/>
    <property name="java.vm.info" value="mixed mode"/>
    <property name="java.vendor" value="Oracle Corporation"/>
    <property name="java.vm.version" value="25.301-b09"/>
    <property name="java.ext.dirs" value="C:\Program Files\Java\jdk1.8.0_301\jre\lib\ext;C:\WINDOWS\Sun\Java\lib\ext"/>
    <property name="sun.io.unicode.encoding" value="UnicodeLittle"/>
    <property name="java.class.version" value="52.0"/>
  </properties>
  <testcase name="As a user, I want to add more product to the cart" classname="Cart - As a user I want to pay for the product So that I have to check the cart to pay" time="23.937">
    <system-out><![CDATA[16:03:03.586 [main] DEBUG io.cucumber.core.plugin.SerenityReporter - Running feature from file:///C:/Users/user/Downloads/QE_Devi-Agustin-Utari/Mini%20Project/Source_Mini_Project/Web_Automation_AltaShop/src/test/resources/features/Cart.feature
16:03:03.596 [main] DEBUG net.thucydides.core.steps.StepEventBus - Test suite started for story net.thucydides.core.model.Story@95883f30
16:03:03.597 [main] INFO  - Test Suite Started: Cart - As a user I want to pay for the product So that I have to check the cart to pay
16:03:03.597 [main] DEBUG io.cucumber.core.plugin.SerenityReporter - Running feature from file:///C:/Users/user/Downloads/QE_Devi-Agustin-Utari/Mini%20Project/Source_Mini_Project/Web_Automation_AltaShop/src/test/resources/features/Login.feature
16:03:03.605 [main] DEBUG net.thucydides.core.steps.StepEventBus - Test suite started for story net.thucydides.core.model.Story@589864a6
16:03:03.606 [main] INFO  - Test Suite Started: Login - As a user I want to buy some product So that I have to login
16:03:03.606 [main] DEBUG io.cucumber.core.plugin.SerenityReporter - Running feature from file:///C:/Users/user/Downloads/QE_Devi-Agustin-Utari/Mini%20Project/Source_Mini_Project/Web_Automation_AltaShop/src/test/resources/features/Product.feature
16:03:03.612 [main] DEBUG net.thucydides.core.steps.StepEventBus - Test suite started for story net.thucydides.core.model.Story@af0a1d2a
16:03:03.613 [main] INFO  - Test Suite Started: Product - As a user I want to buying a product So that I have to select product
16:03:03.613 [main] DEBUG io.cucumber.core.plugin.SerenityReporter - Running feature from file:///C:/Users/user/Downloads/QE_Devi-Agustin-Utari/Mini%20Project/Source_Mini_Project/Web_Automation_AltaShop/src/test/resources/features/Register.feature
16:03:03.621 [main] DEBUG net.thucydides.core.steps.StepEventBus - Test suite started for story net.thucydides.core.model.Story@1ed4c400
16:03:03.622 [main] INFO  - Test Suite Started: Register - As a user I want to login So that I have to register account
16:03:03.632 [main] DEBUG io.cucumber.core.plugin.SerenityReporter - Running feature from file:///C:/Users/user/Downloads/QE_Devi-Agustin-Utari/Mini%20Project/Source_Mini_Project/Web_Automation_AltaShop/src/test/resources/features/Cart.feature
16:03:03.638 [main] DEBUG net.thucydides.core.steps.StepEventBus - Test suite started for story net.thucydides.core.model.Story@95883f30
16:03:03.639 [main] INFO  - Test Suite Started: Cart - As a user I want to pay for the product So that I have to check the cart to pay

@TC_Cart_001
Scenario: As a user, I want to add more product to the cart &amp#27;[90m# src/test/resources/features/Cart.feature:4&amp#27;[0m
16:03:03.703 [main] DEBUG io.cucumber.core.plugin.SerenityReporter - Running feature from file:///C:/Users/user/Downloads/QE_Devi-Agustin-Utari/Mini%20Project/Source_Mini_Project/Web_Automation_AltaShop/src/test/resources/features/Cart.feature
16:03:03.941 [main] INFO  - 
  _____   ___   ___   _____     ___   _____     _     ___   _____   ___   ___  
 |_   _| | __| / __| |_   _|   / __| |_   _|   /_\   | _ \ |_   _| | __| |   \ 
   | |   | _|  \__ \   | |     \__ \   | |    / _ \  |   /   | |   | _|  | |) |
   |_|   |___| |___/   |_|     |___/   |_|   /_/ \_\ |_|_\   |_|   |___| |___/ 

As a user, I want to add more product to the cart(cart---as-a-user-i-want-to-pay-for-the-product-so-that-i-have-to-check-the-cart-to-pay;as-a-user--i-want-to-add-more-product-to-the-cart)
--------------------------------------------------------------------------------
16:03:04.042 [main] DEBUG net.thucydides.core.requirements.model.cucumber.CucumberParser - Loading feature C:\Users\user\Downloads\QE_Devi-Agustin-Utari\Mini Project\Source_Mini_Project\Web_Automation_AltaShop\src\test\resources\features\Cart.feature
16:03:04.085 [main] DEBUG net.thucydides.core.requirements.model.cucumber.CucumberParser - Loading feature C:\Users\user\Downloads\QE_Devi-Agustin-Utari\Mini Project\Source_Mini_Project\Web_Automation_AltaShop\src\test\resources\features\Login.feature
16:03:04.096 [main] DEBUG net.thucydides.core.requirements.model.cucumber.CucumberParser - Loading feature C:\Users\user\Downloads\QE_Devi-Agustin-Utari\Mini Project\Source_Mini_Project\Web_Automation_AltaShop\src\test\resources\features\Product.feature
16:03:04.105 [main] DEBUG net.thucydides.core.requirements.model.cucumber.CucumberParser - Loading feature C:\Users\user\Downloads\QE_Devi-Agustin-Utari\Mini Project\Source_Mini_Project\Web_Automation_AltaShop\src\test\resources\features\Register.feature
16:03:05.209 [main] DEBUG net.thucydides.core.steps.StepInterceptor - STARTING STEP: LoginStep.userSuccessLogin - user on login page
16:03:05.259 [main] INFO net.serenitybdd.core.webdriver.driverproviders.DriverProvider - Using WebDriverManager configuration for chrome
16:03:06.123 [main] DEBUG io.github.bonigarcia.wdm.cache.ResolutionCache - Resolution chrome=112 in cache (valid until 16:07:43 03/05/2023 ICT)
16:03:06.124 [main] DEBUG io.github.bonigarcia.wdm.cache.ResolutionCache - Resolution chrome112=112.0.5615.49 in cache (valid until 11:39:05 04/05/2023 ICT)
16:03:06.125 [main] INFO io.github.bonigarcia.wdm.WebDriverManager - Using chromedriver 112.0.5615.49 (resolved driver for Chrome 112)
16:03:06.142 [main] DEBUG io.github.bonigarcia.wdm.WebDriverManager - Driver chromedriver 112.0.5615.49 found in cache
16:03:06.143 [main] INFO io.github.bonigarcia.wdm.WebDriverManager - Exporting webdriver.chrome.driver as C:\Users\user\.cache\selenium\chromedriver\win32\112.0.5615.49\chromedriver.exe
16:03:06.243 [main] INFO net.serenitybdd.core.webdriver.driverproviders.ChromeDriverProvider - Starting Chrome driver instance with capabilities:
16:03:06.247 [main] INFO net.serenitybdd.core.webdriver.driverproviders.ChromeDriverProvider - Capabilities {acceptInsecureCerts: true, browserName: chrome, goog:chromeOptions: {args: [remote-allow-origins=*, test-type, no-sandbox, ignore-certificate-errors, start-maximized, incognito, disable-infobars, disable-gpu, disable-default-apps, disable-popup-blocking, remote-allow-origins=*, test-type, no-sandbox, ignore-certificate-errors, start-maximized, incognito, disable-infobars, disable-gpu, disable-default-apps, disable-popup-blocking, remote-allow-origins=*], extensions: []}}
16:03:06.495 [main] DEBUG io.netty.util.internal.logging.InternalLoggerFactory - Using SLF4J as the default logging framework
16:03:06.500 [main] DEBUG io.netty.util.ResourceLeakDetector - -Dio.netty.leakDetection.level: simple
16:03:06.500 [main] DEBUG io.netty.util.ResourceLeakDetector - -Dio.netty.leakDetection.targetRecords: 4
16:03:06.506 [main] DEBUG io.netty.util.ResourceLeakDetectorFactory - Loaded default ResourceLeakDetector: io.netty.util.ResourceLeakDetector@7df28f1
16:03:06.539 [main] DEBUG io.netty.util.internal.PlatformDependent0 - -Dio.netty.noUnsafe: false
16:03:06.539 [main] DEBUG io.netty.util.internal.PlatformDependent0 - Java version: 8
16:03:06.541 [main] DEBUG io.netty.util.internal.PlatformDependent0 - sun.misc.Unsafe.theUnsafe: available
16:03:06.542 [main] DEBUG io.netty.util.internal.PlatformDependent0 - sun.misc.Unsafe.copyMemory: available
16:03:06.543 [main] DEBUG io.netty.util.internal.PlatformDependent0 - sun.misc.Unsafe.storeFence: available
16:03:06.544 [main] DEBUG io.netty.util.internal.PlatformDependent0 - java.nio.Buffer.address: available
16:03:06.545 [main] DEBUG io.netty.util.internal.PlatformDependent0 - direct buffer constructor: available
16:03:06.548 [main] DEBUG io.netty.util.internal.PlatformDependent0 - java.nio.Bits.unaligned: available, true
16:03:06.548 [main] DEBUG io.netty.util.internal.PlatformDependent0 - jdk.internal.misc.Unsafe.allocateUninitializedArray(int): unavailable prior to Java9
16:03:06.548 [main] DEBUG io.netty.util.internal.PlatformDependent0 - java.nio.DirectByteBuffer.<init>(long, int): available
16:03:06.549 [main] DEBUG io.netty.util.internal.PlatformDependent - sun.misc.Unsafe: available
16:03:06.550 [main] DEBUG io.netty.util.internal.PlatformDependent - -Dio.netty.tmpdir: C:\Users\user\AppData\Local\Temp (java.io.tmpdir)
16:03:06.550 [main] DEBUG io.netty.util.internal.PlatformDependent - -Dio.netty.bitMode: 64 (sun.arch.data.model)
16:03:06.550 [main] DEBUG io.netty.util.internal.PlatformDependent - Platform: Windows
16:03:06.552 [main] DEBUG io.netty.util.internal.PlatformDependent - -Dio.netty.maxDirectMemory: 1838153728 bytes
16:03:06.552 [main] DEBUG io.netty.util.internal.PlatformDependent - -Dio.netty.uninitializedArrayAllocationThreshold: -1
16:03:06.554 [main] DEBUG io.netty.util.internal.CleanerJava6 - java.nio.ByteBuffer.cleaner(): available
16:03:06.554 [main] DEBUG io.netty.util.internal.PlatformDependent - -Dio.netty.noPreferDirect: false
16:03:06.570 [main] DEBUG io.netty.util.internal.PlatformDependent - org.jctools-core.MpscChunkedArrayQueue: available
16:03:06.599 [main] DEBUG io.netty.util.internal.InternalThreadLocalMap - -Dio.netty.threadLocalMap.stringBuilder.initialSize: 1024
16:03:06.599 [main] DEBUG io.netty.util.internal.InternalThreadLocalMap - -Dio.netty.threadLocalMap.stringBuilder.maxSize: 4096
16:03:06.636 [main] DEBUG io.netty.handler.ssl.JdkSslContext - Default protocols (JDK): [TLSv1.2] 
16:03:06.636 [main] DEBUG io.netty.handler.ssl.JdkSslContext - Default cipher suites (JDK): [TLS_ECDHE_ECDSA_WITH_AES_256_GCM_SHA384, TLS_ECDHE_ECDSA_WITH_AES_128_GCM_SHA256, TLS_ECDHE_RSA_WITH_AES_128_GCM_SHA256, TLS_ECDHE_RSA_WITH_AES_256_GCM_SHA384, TLS_ECDHE_RSA_WITH_AES_128_CBC_SHA, TLS_ECDHE_RSA_WITH_AES_256_CBC_SHA, TLS_RSA_WITH_AES_128_GCM_SHA256, TLS_RSA_WITH_AES_128_CBC_SHA, TLS_RSA_WITH_AES_256_CBC_SHA, TLS_AES_128_GCM_SHA256, TLS_AES_256_GCM_SHA384]
16:03:06.675 [main] DEBUG io.netty.channel.MultithreadEventLoopGroup - -Dio.netty.eventLoopThreads: 8
16:03:06.687 [main] DEBUG io.netty.channel.nio.NioEventLoop - -Dio.netty.noKeySetOptimization: false
16:03:06.687 [main] DEBUG io.netty.channel.nio.NioEventLoop - -Dio.netty.selectorAutoRebuildThreshold: 512
16:03:06.730 [main] DEBUG io.netty.buffer.PooledByteBufAllocator - -Dio.netty.allocator.numHeapArenas: 8
16:03:06.731 [main] DEBUG io.netty.buffer.PooledByteBufAllocator - -Dio.netty.allocator.numDirectArenas: 8
16:03:06.731 [main] DEBUG io.netty.buffer.PooledByteBufAllocator - -Dio.netty.allocator.pageSize: 8192
16:03:06.731 [main] DEBUG io.netty.buffer.PooledByteBufAllocator - -Dio.netty.allocator.maxOrder: 9
16:03:06.731 [main] DEBUG io.netty.buffer.PooledByteBufAllocator - -Dio.netty.allocator.chunkSize: 4194304
16:03:06.731 [main] DEBUG io.netty.buffer.PooledByteBufAllocator - -Dio.netty.allocator.smallCacheSize: 256
16:03:06.731 [main] DEBUG io.netty.buffer.PooledByteBufAllocator - -Dio.netty.allocator.normalCacheSize: 64
16:03:06.731 [main] DEBUG io.netty.buffer.PooledByteBufAllocator - -Dio.netty.allocator.maxCachedBufferCapacity: 32768
16:03:06.731 [main] DEBUG io.netty.buffer.PooledByteBufAllocator - -Dio.netty.allocator.cacheTrimInterval: 8192
16:03:06.732 [main] DEBUG io.netty.buffer.PooledByteBufAllocator - -Dio.netty.allocator.cacheTrimIntervalMillis: 0
16:03:06.732 [main] DEBUG io.netty.buffer.PooledByteBufAllocator - -Dio.netty.allocator.useCacheForAllThreads: false
16:03:06.732 [main] DEBUG io.netty.buffer.PooledByteBufAllocator - -Dio.netty.allocator.maxCachedByteBuffersPerChunk: 1023
16:03:06.745 [main] DEBUG io.netty.buffer.ByteBufUtil - -Dio.netty.allocator.type: pooled
16:03:06.745 [main] DEBUG io.netty.buffer.ByteBufUtil - -Dio.netty.threadLocalDirectBufferSize: 0
16:03:06.745 [main] DEBUG io.netty.buffer.ByteBufUtil - -Dio.netty.maxThreadLocalCharBufferSize: 16384
16:03:07.756 [Forwarding newSession on session null to remote] DEBUG io.netty.channel.DefaultChannelId - -Dio.netty.processId: 744 (auto-detected)
16:03:07.758 [Forwarding newSession on session null to remote] DEBUG io.netty.util.NetUtil - -Djava.net.preferIPv4Stack: false
16:03:07.758 [Forwarding newSession on session null to remote] DEBUG io.netty.util.NetUtil - -Djava.net.preferIPv6Addresses: false
16:03:07.961 [Forwarding newSession on session null to remote] DEBUG io.netty.util.NetUtilInitializations - Loopback interface: lo (Software Loopback Interface 1, 127.0.0.1)
16:03:07.962 [Forwarding newSession on session null to remote] DEBUG io.netty.util.NetUtil - Failed to get SOMAXCONN from sysctl and file \proc\sys\net\core\somaxconn. Default: 200
16:03:07.973 [Forwarding newSession on session null to remote] DEBUG io.netty.channel.DefaultChannelId - -Dio.netty.machineId: 48:45:20:ff:fe:37:b8:92 (auto-detected)
16:03:08.061 [AsyncHttpClient-1-2] DEBUG io.netty.buffer.AbstractByteBuf - -Dio.netty.buffer.checkAccessible: true
16:03:08.061 [AsyncHttpClient-1-2] DEBUG io.netty.buffer.AbstractByteBuf - -Dio.netty.buffer.checkBounds: true
16:03:08.061 [AsyncHttpClient-1-2] DEBUG io.netty.util.ResourceLeakDetectorFactory - Loaded default ResourceLeakDetector: io.netty.util.ResourceLeakDetector@36ad503b
16:03:08.087 [AsyncHttpClient-1-2] DEBUG org.asynchttpclient.netty.channel.NettyConnectListener - Using new Channel '[id: 0x1de9fc08, L:/127.0.0.1:63358 - R:localhost/127.0.0.1:29777]' for 'POST' to '/session'
16:03:08.113 [AsyncHttpClient-1-2] DEBUG io.netty.util.Recycler - -Dio.netty.recycler.maxCapacityPerThread: 4096
16:03:08.113 [AsyncHttpClient-1-2] DEBUG io.netty.util.Recycler - -Dio.netty.recycler.ratio: 8
16:03:08.113 [AsyncHttpClient-1-2] DEBUG io.netty.util.Recycler - -Dio.netty.recycler.chunkSize: 32
16:03:08.113 [AsyncHttpClient-1-2] DEBUG io.netty.util.Recycler - -Dio.netty.recycler.blocking: false
16:03:09.472 [AsyncHttpClient-1-2] DEBUG io.netty.handler.codec.compression.Brotli - brotli4j not in the classpath; Brotli support will be unavailable.
16:03:09.472 [AsyncHttpClient-1-2] DEBUG org.asynchttpclient.netty.handler.HttpHandler - 

Request DefaultHttpRequest(decodeResult: success, version: HTTP/1.1)
POST /session HTTP/1.1
User-Agent: selenium/4.8.1 (java windows)
Content-Length: 1701
Content-Type: application/json; charset=utf-8
host: localhost:29777
accept: */*

Response DefaultHttpResponse(decodeResult: success, version: HTTP/1.1)
HTTP/1.1 200 OK
Content-Length: 843
Content-Type: application/json; charset=utf-8
cache-control: no-cache

16:03:09.482 [AsyncHttpClient-1-2] DEBUG org.asynchttpclient.netty.channel.ChannelManager - Adding key: http://localhost:29777 for channel [id: 0x1de9fc08, L:/127.0.0.1:63358 - R:localhost/127.0.0.1:29777]
16:03:09.568 [AsyncHttpClient-1-3] DEBUG org.asynchttpclient.netty.channel.NettyConnectListener - Using new Channel '[id: 0x8acf754d, L:/127.0.0.1:63365 - R:localhost/127.0.0.1:63360]' for 'GET' to '/json/version'
16:03:09.571 [AsyncHttpClient-1-3] DEBUG org.asynchttpclient.netty.handler.HttpHandler - 

Request DefaultFullHttpRequest(decodeResult: success, version: HTTP/1.1, content: EmptyByteBufBE)
GET /json/version HTTP/1.1
User-Agent: selenium/4.8.1 (java windows)
host: localhost:63360
accept: */*

Response DefaultHttpResponse(decodeResult: success, version: HTTP/1.1)
HTTP/1.1 200 OK
Content-Security-Policy: frame-ancestors 'none'
Content-Length: 424
Content-Type: application/json; charset=UTF-8

16:03:09.571 [AsyncHttpClient-1-3] DEBUG org.asynchttpclient.netty.channel.ChannelManager - Adding key: http://localhost:63360 for channel [id: 0x8acf754d, L:/127.0.0.1:63365 - R:localhost/127.0.0.1:63360]
16:03:09.582 [main] DEBUG io.netty.util.internal.ThreadLocalRandom - -Dio.netty.initialSeedUniquifier: 0xfd393818b3ead2c9
16:03:09.587 [AsyncHttpClient-1-4] DEBUG org.asynchttpclient.netty.channel.NettyConnectListener - Using new Channel '[id: 0xce1100e1, L:/127.0.0.1:63366 - R:localhost/127.0.0.1:63360]' for 'GET' to '/devtools/browser/a3cdb049-d0c4-4820-a9d7-4c99b1a79dec'
16:03:09.589 [AsyncHttpClient-1-4] DEBUG org.asynchttpclient.netty.handler.WebSocketHandler - 

Request DefaultFullHttpRequest(decodeResult: success, version: HTTP/1.1, content: EmptyByteBufBE)
GET /devtools/browser/a3cdb049-d0c4-4820-a9d7-4c99b1a79dec HTTP/1.1
upgrade: websocket
connection: upgrade
sec-websocket-key: DBovncljCl1gHQUbjynnwA==
sec-websocket-version: 13
origin: http://localhost:63360
host: localhost:63360
accept: */*
user-agent: AHC/2.1

Response DefaultHttpResponse(decodeResult: success, version: HTTP/1.1)
HTTP/1.1 101 WebSocket Protocol Handshake
Upgrade: WebSocket
Connection: Upgrade
Sec-WebSocket-Accept: 2yn/ayhwHa6Rgsuu5Em0oc22/nM=

16:03:09.730 [Forwarding get on session 61aff5c0b9a985053e248351e5d8d40b to remote] DEBUG org.asynchttpclient.netty.request.NettyRequestSender - Using pooled Channel '[id: 0x1de9fc08, L:/127.0.0.1:63358 - R:localhost/127.0.0.1:29777]' for 'POST' to 'http://localhost:29777/session/61aff5c0b9a985053e248351e5d8d40b/url'
16:03:09.731 [Forwarding get on session 61aff5c0b9a985053e248351e5d8d40b to remote] DEBUG org.asynchttpclient.netty.request.NettyRequestSender - Using open Channel [id: 0x1de9fc08, L:/127.0.0.1:63358 - R:localhost/127.0.0.1:29777] for POST '/session/61aff5c0b9a985053e248351e5d8d40b/url'
16:03:09.877 [AsyncHttpClient-1-1] DEBUG org.asynchttpclient.netty.channel.DefaultChannelPool - Entry count for : http://localhost:63360 : 1
16:03:10.906 [AsyncHttpClient-1-2] DEBUG org.asynchttpclient.netty.handler.HttpHandler - 

Request DefaultHttpRequest(decodeResult: success, version: HTTP/1.1)
POST /session/61aff5c0b9a985053e248351e5d8d40b/url HTTP/1.1
User-Agent: selenium/4.8.1 (java windows)
Content-Length: 74
Content-Type: application/json; charset=utf-8
host: localhost:29777
accept: */*

Response DefaultHttpResponse(decodeResult: success, version: HTTP/1.1)
HTTP/1.1 200 OK
Content-Length: 14
Content-Type: application/json; charset=utf-8
cache-control: no-cache

16:03:10.906 [AsyncHttpClient-1-2] DEBUG org.asynchttpclient.netty.channel.ChannelManager - Adding key: http://localhost:29777 for channel [id: 0x1de9fc08, L:/127.0.0.1:63358 - R:localhost/127.0.0.1:29777]
16:03:10.917 [Forwarding setTimeout on session 61aff5c0b9a985053e248351e5d8d40b to remote] DEBUG org.asynchttpclient.netty.request.NettyRequestSender - Using pooled Channel '[id: 0x1de9fc08, L:/127.0.0.1:63358 - R:localhost/127.0.0.1:29777]' for 'POST' to 'http://localhost:29777/session/61aff5c0b9a985053e248351e5d8d40b/timeouts'
16:03:10.917 [Forwarding setTimeout on session 61aff5c0b9a985053e248351e5d8d40b to remote] DEBUG org.asynchttpclient.netty.request.NettyRequestSender - Using open Channel [id: 0x1de9fc08, L:/127.0.0.1:63358 - R:localhost/127.0.0.1:29777] for POST '/session/61aff5c0b9a985053e248351e5d8d40b/timeouts'
16:03:10.923 [AsyncHttpClient-1-2] DEBUG org.asynchttpclient.netty.handler.HttpHandler - 

Request DefaultHttpRequest(decodeResult: success, version: HTTP/1.1)
POST /session/61aff5c0b9a985053e248351e5d8d40b/timeouts HTTP/1.1
User-Agent: selenium/4.8.1 (java windows)
Content-Length: 22
Content-Type: application/json; charset=utf-8
host: localhost:29777
accept: */*

Response DefaultHttpResponse(decodeResult: success, version: HTTP/1.1)
HTTP/1.1 200 OK
Content-Length: 14
Content-Type: application/json; charset=utf-8
cache-control: no-cache

16:03:10.923 [AsyncHttpClient-1-2] DEBUG org.asynchttpclient.netty.channel.ChannelManager - Adding key: http://localhost:29777 for channel [id: 0x1de9fc08, L:/127.0.0.1:63358 - R:localhost/127.0.0.1:29777]
16:03:10.952 [Forwarding findElement on session 61aff5c0b9a985053e248351e5d8d40b to remote] DEBUG org.asynchttpclient.netty.request.NettyRequestSender - Using pooled Channel '[id: 0x1de9fc08, L:/127.0.0.1:63358 - R:localhost/127.0.0.1:29777]' for 'POST' to 'http://localhost:29777/session/61aff5c0b9a985053e248351e5d8d40b/element'
16:03:10.952 [Forwarding findElement on session 61aff5c0b9a985053e248351e5d8d40b to remote] DEBUG org.asynchttpclient.netty.request.NettyRequestSender - Using open Channel [id: 0x1de9fc08, L:/127.0.0.1:63358 - R:localhost/127.0.0.1:29777] for POST '/session/61aff5c0b9a985053e248351e5d8d40b/element'
16:03:10.965 [AsyncHttpClient-1-2] DEBUG org.asynchttpclient.netty.handler.HttpHandler - 

Request DefaultHttpRequest(decodeResult: success, version: HTTP/1.1)
POST /session/61aff5c0b9a985053e248351e5d8d40b/element HTTP/1.1
User-Agent: selenium/4.8.1 (java windows)
Content-Length: 69
Content-Type: application/json; charset=utf-8
host: localhost:29777
accept: */*

Response DefaultHttpResponse(decodeResult: success, version: HTTP/1.1)
HTTP/1.1 200 OK
Content-Length: 88
Content-Type: application/json; charset=utf-8
cache-control: no-cache

16:03:10.966 [AsyncHttpClient-1-2] DEBUG org.asynchttpclient.netty.channel.ChannelManager - Adding key: http://localhost:29777 for channel [id: 0x1de9fc08, L:/127.0.0.1:63358 - R:localhost/127.0.0.1:29777]
16:03:10.980 [AsyncHttpClient-1-1] DEBUG org.asynchttpclient.netty.channel.DefaultChannelPool - Entry count for : http://localhost:63360 : 1
16:03:10.980 [AsyncHttpClient-1-1] DEBUG org.asynchttpclient.netty.channel.DefaultChannelPool - Entry count for : http://localhost:29777 : 1
16:03:10.983 [Forwarding isElementDisplayed on session 61aff5c0b9a985053e248351e5d8d40b to remote] DEBUG org.asynchttpclient.netty.request.NettyRequestSender - Using pooled Channel '[id: 0x1de9fc08, L:/127.0.0.1:63358 - R:localhost/127.0.0.1:29777]' for 'POST' to 'http://localhost:29777/session/61aff5c0b9a985053e248351e5d8d40b/execute/sync'
16:03:10.983 [Forwarding isElementDisplayed on session 61aff5c0b9a985053e248351e5d8d40b to remote] DEBUG org.asynchttpclient.netty.request.NettyRequestSender - Using open Channel [id: 0x1de9fc08, L:/127.0.0.1:63358 - R:localhost/127.0.0.1:29777] for POST '/session/61aff5c0b9a985053e248351e5d8d40b/execute/sync'
16:03:11.007 [AsyncHttpClient-1-2] DEBUG org.asynchttpclient.netty.handler.HttpHandler - 

Request DefaultHttpRequest(decodeResult: success, version: HTTP/1.1)
POST /session/61aff5c0b9a985053e248351e5d8d40b/execute/sync HTTP/1.1
User-Agent: selenium/4.8.1 (java windows)
Content-Length: 48807
Content-Type: application/json; charset=utf-8
host: localhost:29777
accept: */*

Response DefaultHttpResponse(decodeResult: success, version: HTTP/1.1)
HTTP/1.1 200 OK
Content-Length: 14
Content-Type: application/json; charset=utf-8
cache-control: no-cache

16:03:11.007 [AsyncHttpClient-1-2] DEBUG org.asynchttpclient.netty.channel.ChannelManager - Adding key: http://localhost:29777 for channel [id: 0x1de9fc08, L:/127.0.0.1:63358 - R:localhost/127.0.0.1:29777]
16:03:11.034 [main] DEBUG net.serenitybdd.core.photography.Darkroom - Opening darkroom
16:03:11.036 [Darkroom Processing Line] DEBUG net.serenitybdd.core.photography.DarkroomProcessingLine - Darkroom processing line starting up
16:03:11.059 [Forwarding getAlertText on session 61aff5c0b9a985053e248351e5d8d40b to remote] DEBUG org.asynchttpclient.netty.request.NettyRequestSender - Using pooled Channel '[id: 0x1de9fc08, L:/127.0.0.1:63358 - R:localhost/127.0.0.1:29777]' for 'GET' to 'http://localhost:29777/session/61aff5c0b9a985053e248351e5d8d40b/alert/text'
16:03:11.059 [Forwarding getAlertText on session 61aff5c0b9a985053e248351e5d8d40b to remote] DEBUG org.asynchttpclient.netty.request.NettyRequestSender - Using open Channel [id: 0x1de9fc08, L:/127.0.0.1:63358 - R:localhost/127.0.0.1:29777] for GET '/session/61aff5c0b9a985053e248351e5d8d40b/alert/text'
16:03:11.062 [AsyncHttpClient-1-2] DEBUG org.asynchttpclient.netty.handler.HttpHandler - 

Request DefaultFullHttpRequest(decodeResult: success, version: HTTP/1.1, content: EmptyByteBufBE)
GET /session/61aff5c0b9a985053e248351e5d8d40b/alert/text HTTP/1.1
User-Agent: selenium/4.8.1 (java windows)
Cache-Control: no-cache
Content-Type: application/json; charset=utf-8
host: localhost:29777
accept: */*

Response DefaultHttpResponse(decodeResult: success, version: HTTP/1.1)
HTTP/1.1 404 Not Found
Content-Length: 848
Content-Type: application/json; charset=utf-8
cache-control: no-cache

16:03:11.062 [AsyncHttpClient-1-2] DEBUG org.asynchttpclient.netty.channel.ChannelManager - Adding key: http://localhost:29777 for channel [id: 0x1de9fc08, L:/127.0.0.1:63358 - R:localhost/127.0.0.1:29777]
16:03:11.073 [Forwarding getCurrentUrl on session 61aff5c0b9a985053e248351e5d8d40b to remote] DEBUG org.asynchttpclient.netty.request.NettyRequestSender - Using pooled Channel '[id: 0x1de9fc08, L:/127.0.0.1:63358 - R:localhost/127.0.0.1:29777]' for 'GET' to 'http://localhost:29777/session/61aff5c0b9a985053e248351e5d8d40b/url'
16:03:11.073 [Forwarding getCurrentUrl on session 61aff5c0b9a985053e248351e5d8d40b to remote] DEBUG org.asynchttpclient.netty.request.NettyRequestSender - Using open Channel [id: 0x1de9fc08, L:/127.0.0.1:63358 - R:localhost/127.0.0.1:29777] for GET '/session/61aff5c0b9a985053e248351e5d8d40b/url'
16:03:11.083 [AsyncHttpClient-1-2] DEBUG org.asynchttpclient.netty.handler.HttpHandler - 

Request DefaultFullHttpRequest(decodeResult: success, version: HTTP/1.1, content: EmptyByteBufBE)
GET /session/61aff5c0b9a985053e248351e5d8d40b/url HTTP/1.1
User-Agent: selenium/4.8.1 (java windows)
Cache-Control: no-cache
Content-Type: application/json; charset=utf-8
host: localhost:29777
accept: */*

Response DefaultHttpResponse(decodeResult: success, version: HTTP/1.1)
HTTP/1.1 200 OK
Content-Length: 51
Content-Type: application/json; charset=utf-8
cache-control: no-cache

16:03:11.083 [AsyncHttpClient-1-2] DEBUG org.asynchttpclient.netty.channel.ChannelManager - Adding key: http://localhost:29777 for channel [id: 0x1de9fc08, L:/127.0.0.1:63358 - R:localhost/127.0.0.1:29777]
16:03:11.090 [Forwarding screenshot on session 61aff5c0b9a985053e248351e5d8d40b to remote] DEBUG org.asynchttpclient.netty.request.NettyRequestSender - Using pooled Channel '[id: 0x1de9fc08, L:/127.0.0.1:63358 - R:localhost/127.0.0.1:29777]' for 'GET' to 'http://localhost:29777/session/61aff5c0b9a985053e248351e5d8d40b/screenshot'
16:03:11.090 [Forwarding screenshot on session 61aff5c0b9a985053e248351e5d8d40b to remote] DEBUG org.asynchttpclient.netty.request.NettyRequestSender - Using open Channel [id: 0x1de9fc08, L:/127.0.0.1:63358 - R:localhost/127.0.0.1:29777] for GET '/session/61aff5c0b9a985053e248351e5d8d40b/screenshot'
16:03:11.162 [AsyncHttpClient-1-2] DEBUG org.asynchttpclient.netty.handler.HttpHandler - 

Request DefaultFullHttpRequest(decodeResult: success, version: HTTP/1.1, content: EmptyByteBufBE)
GET /session/61aff5c0b9a985053e248351e5d8d40b/screenshot HTTP/1.1
User-Agent: selenium/4.8.1 (java windows)
Cache-Control: no-cache
Content-Type: application/json; charset=utf-8
host: localhost:29777
accept: */*

Response DefaultHttpResponse(decodeResult: success, version: HTTP/1.1)
HTTP/1.1 200 OK
Content-Length: 25060
Content-Type: application/json; charset=utf-8
cache-control: no-cache

16:03:11.162 [AsyncHttpClient-1-2] DEBUG org.asynchttpclient.netty.channel.ChannelManager - Adding key: http://localhost:29777 for channel [id: 0x1de9fc08, L:/127.0.0.1:63358 - R:localhost/127.0.0.1:29777]
16:03:11.245 [main] DEBUG net.serenitybdd.core.photography.Darkroom - Send negative for processing for target\site\serenity\1db263dd5c04c8fe15e82ee6420144d4e1e7b9826b9315cfd7ec5b5d0da76045.png
16:03:11.246 [Darkroom Processing Line] DEBUG net.serenitybdd.core.photography.DarkroomProcessingLine - Processing screenshot image in /var/screenshots/screenshot-381049840619209125
16:03:11.246 [Darkroom Processing Line] DEBUG net.serenitybdd.core.photography.DarkroomProcessingLine - Saving screenshot to target\site\serenity\1db263dd5c04c8fe15e82ee6420144d4e1e7b9826b9315cfd7ec5b5d0da76045.png
16:03:11.252 [main] DEBUG net.thucydides.core.steps.StepInterceptor - STEP DONE: user on login page
16:03:11.258 [main] DEBUG net.thucydides.core.steps.StepInterceptor - STARTING STEP: LoginStep.userSuccessLogin - user input valid email
16:03:11.264 [Forwarding findElement on session 61aff5c0b9a985053e248351e5d8d40b to remote] DEBUG org.asynchttpclient.netty.request.NettyRequestSender - Using pooled Channel '[id: 0x1de9fc08, L:/127.0.0.1:63358 - R:localhost/127.0.0.1:29777]' for 'POST' to 'http://localhost:29777/session/61aff5c0b9a985053e248351e5d8d40b/element'
16:03:11.264 [Forwarding findElement on session 61aff5c0b9a985053e248351e5d8d40b to remote] DEBUG org.asynchttpclient.netty.request.NettyRequestSender - Using open Channel [id: 0x1de9fc08, L:/127.0.0.1:63358 - R:localhost/127.0.0.1:29777] for POST '/session/61aff5c0b9a985053e248351e5d8d40b/element'
16:03:11.275 [AsyncHttpClient-1-2] DEBUG org.asynchttpclient.netty.handler.HttpHandler - 

Request DefaultHttpRequest(decodeResult: success, version: HTTP/1.1)
POST /session/61aff5c0b9a985053e248351e5d8d40b/element HTTP/1.1
User-Agent: selenium/4.8.1 (java windows)
Content-Length: 55
Content-Type: application/json; charset=utf-8
host: localhost:29777
accept: */*

Response DefaultHttpResponse(decodeResult: success, version: HTTP/1.1)
HTTP/1.1 200 OK
Content-Length: 88
Content-Type: application/json; charset=utf-8
cache-control: no-cache

16:03:11.275 [AsyncHttpClient-1-2] DEBUG org.asynchttpclient.netty.channel.ChannelManager - Adding key: http://localhost:29777 for channel [id: 0x1de9fc08, L:/127.0.0.1:63358 - R:localhost/127.0.0.1:29777]
16:03:11.278 [Forwarding clearElement on session 61aff5c0b9a985053e248351e5d8d40b to remote] DEBUG org.asynchttpclient.netty.request.NettyRequestSender - Using pooled Channel '[id: 0x1de9fc08, L:/127.0.0.1:63358 - R:localhost/127.0.0.1:29777]' for 'POST' to 'http://localhost:29777/session/61aff5c0b9a985053e248351e5d8d40b/element/d2817c69-e906-409f-9ac8-06e511cbda3d/clear'
16:03:11.278 [Forwarding clearElement on session 61aff5c0b9a985053e248351e5d8d40b to remote] DEBUG org.asynchttpclient.netty.request.NettyRequestSender - Using open Channel [id: 0x1de9fc08, L:/127.0.0.1:63358 - R:localhost/127.0.0.1:29777] for POST '/session/61aff5c0b9a985053e248351e5d8d40b/element/d2817c69-e906-409f-9ac8-06e511cbda3d/clear'
16:03:11.309 [AsyncHttpClient-1-2] DEBUG org.asynchttpclient.netty.handler.HttpHandler - 

Request DefaultHttpRequest(decodeResult: success, version: HTTP/1.1)
POST /session/61aff5c0b9a985053e248351e5d8d40b/element/d2817c69-e906-409f-9ac8-06e511cbda3d/clear HTTP/1.1
User-Agent: selenium/4.8.1 (java windows)
Content-Length: 50
Content-Type: application/json; charset=utf-8
host: localhost:29777
accept: */*

Response DefaultHttpResponse(decodeResult: success, version: HTTP/1.1)
HTTP/1.1 200 OK
Content-Length: 14
Content-Type: application/json; charset=utf-8
cache-control: no-cache

16:03:11.309 [AsyncHttpClient-1-2] DEBUG org.asynchttpclient.netty.channel.ChannelManager - Adding key: http://localhost:29777 for channel [id: 0x1de9fc08, L:/127.0.0.1:63358 - R:localhost/127.0.0.1:29777]
16:03:11.313 [Forwarding sendKeysToElement on session 61aff5c0b9a985053e248351e5d8d40b to remote] DEBUG org.asynchttpclient.netty.request.NettyRequestSender - Using pooled Channel '[id: 0x1de9fc08, L:/127.0.0.1:63358 - R:localhost/127.0.0.1:29777]' for 'POST' to 'http://localhost:29777/session/61aff5c0b9a985053e248351e5d8d40b/element/d2817c69-e906-409f-9ac8-06e511cbda3d/value'
16:03:11.313 [Forwarding sendKeysToElement on session 61aff5c0b9a985053e248351e5d8d40b to remote] DEBUG org.asynchttpclient.netty.request.NettyRequestSender - Using open Channel [id: 0x1de9fc08, L:/127.0.0.1:63358 - R:localhost/127.0.0.1:29777] for POST '/session/61aff5c0b9a985053e248351e5d8d40b/element/d2817c69-e906-409f-9ac8-06e511cbda3d/value'
16:03:11.531 [AsyncHttpClient-1-2] DEBUG org.asynchttpclient.netty.handler.HttpHandler - 

Request DefaultHttpRequest(decodeResult: success, version: HTTP/1.1)
POST /session/61aff5c0b9a985053e248351e5d8d40b/element/d2817c69-e906-409f-9ac8-06e511cbda3d/value HTTP/1.1
User-Agent: selenium/4.8.1 (java windows)
Content-Length: 231
Content-Type: application/json; charset=utf-8
host: localhost:29777
accept: */*

Response DefaultHttpResponse(decodeResult: success, version: HTTP/1.1)
HTTP/1.1 200 OK
Content-Length: 14
Content-Type: application/json; charset=utf-8
cache-control: no-cache

16:03:11.531 [AsyncHttpClient-1-2] DEBUG org.asynchttpclient.netty.channel.ChannelManager - Adding key: http://localhost:29777 for channel [id: 0x1de9fc08, L:/127.0.0.1:63358 - R:localhost/127.0.0.1:29777]
16:03:11.554 [Forwarding getAlertText on session 61aff5c0b9a985053e248351e5d8d40b to remote] DEBUG org.asynchttpclient.netty.request.NettyRequestSender - Using pooled Channel '[id: 0x1de9fc08, L:/127.0.0.1:63358 - R:localhost/127.0.0.1:29777]' for 'GET' to 'http://localhost:29777/session/61aff5c0b9a985053e248351e5d8d40b/alert/text'
16:03:11.554 [Forwarding getAlertText on session 61aff5c0b9a985053e248351e5d8d40b to remote] DEBUG org.asynchttpclient.netty.request.NettyRequestSender - Using open Channel [id: 0x1de9fc08, L:/127.0.0.1:63358 - R:localhost/127.0.0.1:29777] for GET '/session/61aff5c0b9a985053e248351e5d8d40b/alert/text'
16:03:11.556 [AsyncHttpClient-1-2] DEBUG org.asynchttpclient.netty.handler.HttpHandler - 

Request DefaultFullHttpRequest(decodeResult: success, version: HTTP/1.1, content: EmptyByteBufBE)
GET /session/61aff5c0b9a985053e248351e5d8d40b/alert/text HTTP/1.1
User-Agent: selenium/4.8.1 (java windows)
Cache-Control: no-cache
Content-Type: application/json; charset=utf-8
host: localhost:29777
accept: */*

Response DefaultHttpResponse(decodeResult: success, version: HTTP/1.1)
HTTP/1.1 404 Not Found
Content-Length: 848
Content-Type: application/json; charset=utf-8
cache-control: no-cache

16:03:11.557 [AsyncHttpClient-1-2] DEBUG org.asynchttpclient.netty.channel.ChannelManager - Adding key: http://localhost:29777 for channel [id: 0x1de9fc08, L:/127.0.0.1:63358 - R:localhost/127.0.0.1:29777]
16:03:11.560 [Forwarding getCurrentUrl on session 61aff5c0b9a985053e248351e5d8d40b to remote] DEBUG org.asynchttpclient.netty.request.NettyRequestSender - Using pooled Channel '[id: 0x1de9fc08, L:/127.0.0.1:63358 - R:localhost/127.0.0.1:29777]' for 'GET' to 'http://localhost:29777/session/61aff5c0b9a985053e248351e5d8d40b/url'
16:03:11.560 [Forwarding getCurrentUrl on session 61aff5c0b9a985053e248351e5d8d40b to remote] DEBUG org.asynchttpclient.netty.request.NettyRequestSender - Using open Channel [id: 0x1de9fc08, L:/127.0.0.1:63358 - R:localhost/127.0.0.1:29777] for GET '/session/61aff5c0b9a985053e248351e5d8d40b/url'
16:03:11.566 [AsyncHttpClient-1-2] DEBUG org.asynchttpclient.netty.handler.HttpHandler - 

Request DefaultFullHttpRequest(decodeResult: success, version: HTTP/1.1, content: EmptyByteBufBE)
GET /session/61aff5c0b9a985053e248351e5d8d40b/url HTTP/1.1
User-Agent: selenium/4.8.1 (java windows)
Cache-Control: no-cache
Content-Type: application/json; charset=utf-8
host: localhost:29777
accept: */*

Response DefaultHttpResponse(decodeResult: success, version: HTTP/1.1)
HTTP/1.1 200 OK
Content-Length: 51
Content-Type: application/json; charset=utf-8
cache-control: no-cache

16:03:11.566 [AsyncHttpClient-1-2] DEBUG org.asynchttpclient.netty.channel.ChannelManager - Adding key: http://localhost:29777 for channel [id: 0x1de9fc08, L:/127.0.0.1:63358 - R:localhost/127.0.0.1:29777]
16:03:11.569 [Forwarding screenshot on session 61aff5c0b9a985053e248351e5d8d40b to remote] DEBUG org.asynchttpclient.netty.request.NettyRequestSender - Using pooled Channel '[id: 0x1de9fc08, L:/127.0.0.1:63358 - R:localhost/127.0.0.1:29777]' for 'GET' to 'http://localhost:29777/session/61aff5c0b9a985053e248351e5d8d40b/screenshot'
16:03:11.569 [Forwarding screenshot on session 61aff5c0b9a985053e248351e5d8d40b to remote] DEBUG org.asynchttpclient.netty.request.NettyRequestSender - Using open Channel [id: 0x1de9fc08, L:/127.0.0.1:63358 - R:localhost/127.0.0.1:29777] for GET '/session/61aff5c0b9a985053e248351e5d8d40b/screenshot'
16:03:11.660 [AsyncHttpClient-1-2] DEBUG org.asynchttpclient.netty.handler.HttpHandler - 

Request DefaultFullHttpRequest(decodeResult: success, version: HTTP/1.1, content: EmptyByteBufBE)
GET /session/61aff5c0b9a985053e248351e5d8d40b/screenshot HTTP/1.1
User-Agent: selenium/4.8.1 (java windows)
Cache-Control: no-cache
Content-Type: application/json; charset=utf-8
host: localhost:29777
accept: */*

Response DefaultHttpResponse(decodeResult: success, version: HTTP/1.1)
HTTP/1.1 200 OK
Content-Length: 29320
Content-Type: application/json; charset=utf-8
cache-control: no-cache

16:03:11.660 [AsyncHttpClient-1-2] DEBUG org.asynchttpclient.netty.channel.ChannelManager - Adding key: http://localhost:29777 for channel [id: 0x1de9fc08, L:/127.0.0.1:63358 - R:localhost/127.0.0.1:29777]
16:03:11.663 [main] DEBUG net.serenitybdd.core.photography.Darkroom - Send negative for processing for target\site\serenity\4d8549af6eec23b057478ec86eb67e6386206c3006855adaf722707318ccafa8.png
16:03:11.666 [main] DEBUG net.thucydides.core.steps.StepInterceptor - STEP DONE: user input valid email
16:03:11.690 [Darkroom Processing Line] DEBUG net.serenitybdd.core.photography.DarkroomProcessingLine - Processing screenshot image in /var/screenshots/screenshot-9140518625920397020
16:03:11.695 [Darkroom Processing Line] DEBUG net.serenitybdd.core.photography.DarkroomProcessingLine - Saving screenshot to target\site\serenity\4d8549af6eec23b057478ec86eb67e6386206c3006855adaf722707318ccafa8.png
16:03:11.694 [main] DEBUG net.thucydides.core.steps.StepInterceptor - STARTING STEP: LoginStep.userSuccessLogin - user input valid password
16:03:11.703 [Forwarding findElement on session 61aff5c0b9a985053e248351e5d8d40b to remote] DEBUG org.asynchttpclient.netty.request.NettyRequestSender - Using pooled Channel '[id: 0x1de9fc08, L:/127.0.0.1:63358 - R:localhost/127.0.0.1:29777]' for 'POST' to 'http://localhost:29777/session/61aff5c0b9a985053e248351e5d8d40b/element'
16:03:11.703 [Forwarding findElement on session 61aff5c0b9a985053e248351e5d8d40b to remote] DEBUG org.asynchttpclient.netty.request.NettyRequestSender - Using open Channel [id: 0x1de9fc08, L:/127.0.0.1:63358 - R:localhost/127.0.0.1:29777] for POST '/session/61aff5c0b9a985053e248351e5d8d40b/element'
16:03:11.713 [AsyncHttpClient-1-2] DEBUG org.asynchttpclient.netty.handler.HttpHandler - 

Request DefaultHttpRequest(decodeResult: success, version: HTTP/1.1)
POST /session/61aff5c0b9a985053e248351e5d8d40b/element HTTP/1.1
User-Agent: selenium/4.8.1 (java windows)
Content-Length: 55
Content-Type: application/json; charset=utf-8
host: localhost:29777
accept: */*

Response DefaultHttpResponse(decodeResult: success, version: HTTP/1.1)
HTTP/1.1 200 OK
Content-Length: 88
Content-Type: application/json; charset=utf-8
cache-control: no-cache

16:03:11.714 [AsyncHttpClient-1-2] DEBUG org.asynchttpclient.netty.channel.ChannelManager - Adding key: http://localhost:29777 for channel [id: 0x1de9fc08, L:/127.0.0.1:63358 - R:localhost/127.0.0.1:29777]
16:03:11.717 [Forwarding clearElement on session 61aff5c0b9a985053e248351e5d8d40b to remote] DEBUG org.asynchttpclient.netty.request.NettyRequestSender - Using pooled Channel '[id: 0x1de9fc08, L:/127.0.0.1:63358 - R:localhost/127.0.0.1:29777]' for 'POST' to 'http://localhost:29777/session/61aff5c0b9a985053e248351e5d8d40b/element/71ebd77d-4ce2-4245-979a-b862f7f93436/clear'
16:03:11.717 [Forwarding clearElement on session 61aff5c0b9a985053e248351e5d8d40b to remote] DEBUG org.asynchttpclient.netty.request.NettyRequestSender - Using open Channel [id: 0x1de9fc08, L:/127.0.0.1:63358 - R:localhost/127.0.0.1:29777] for POST '/session/61aff5c0b9a985053e248351e5d8d40b/element/71ebd77d-4ce2-4245-979a-b862f7f93436/clear'
16:03:11.746 [AsyncHttpClient-1-2] DEBUG org.asynchttpclient.netty.handler.HttpHandler - 

Request DefaultHttpRequest(decodeResult: success, version: HTTP/1.1)
POST /session/61aff5c0b9a985053e248351e5d8d40b/element/71ebd77d-4ce2-4245-979a-b862f7f93436/clear HTTP/1.1
User-Agent: selenium/4.8.1 (java windows)
Content-Length: 50
Content-Type: application/json; charset=utf-8
host: localhost:29777
accept: */*

Response DefaultHttpResponse(decodeResult: success, version: HTTP/1.1)
HTTP/1.1 200 OK
Content-Length: 14
Content-Type: application/json; charset=utf-8
cache-control: no-cache

16:03:11.746 [AsyncHttpClient-1-2] DEBUG org.asynchttpclient.netty.channel.ChannelManager - Adding key: http://localhost:29777 for channel [id: 0x1de9fc08, L:/127.0.0.1:63358 - R:localhost/127.0.0.1:29777]
16:03:11.750 [Forwarding sendKeysToElement on session 61aff5c0b9a985053e248351e5d8d40b to remote] DEBUG org.asynchttpclient.netty.request.NettyRequestSender - Using pooled Channel '[id: 0x1de9fc08, L:/127.0.0.1:63358 - R:localhost/127.0.0.1:29777]' for 'POST' to 'http://localhost:29777/session/61aff5c0b9a985053e248351e5d8d40b/element/71ebd77d-4ce2-4245-979a-b862f7f93436/value'
16:03:11.750 [Forwarding sendKeysToElement on session 61aff5c0b9a985053e248351e5d8d40b to remote] DEBUG org.asynchttpclient.netty.request.NettyRequestSender - Using open Channel [id: 0x1de9fc08, L:/127.0.0.1:63358 - R:localhost/127.0.0.1:29777] for POST '/session/61aff5c0b9a985053e248351e5d8d40b/element/71ebd77d-4ce2-4245-979a-b862f7f93436/value'
16:03:11.839 [AsyncHttpClient-1-2] DEBUG org.asynchttpclient.netty.handler.HttpHandler - 

Request DefaultHttpRequest(decodeResult: success, version: HTTP/1.1)
POST /session/61aff5c0b9a985053e248351e5d8d40b/element/71ebd77d-4ce2-4245-979a-b862f7f93436/value HTTP/1.1
User-Agent: selenium/4.8.1 (java windows)
Content-Length: 161
Content-Type: application/json; charset=utf-8
host: localhost:29777
accept: */*

Response DefaultHttpResponse(decodeResult: success, version: HTTP/1.1)
HTTP/1.1 200 OK
Content-Length: 14
Content-Type: application/json; charset=utf-8
cache-control: no-cache

16:03:11.839 [AsyncHttpClient-1-2] DEBUG org.asynchttpclient.netty.channel.ChannelManager - Adding key: http://localhost:29777 for channel [id: 0x1de9fc08, L:/127.0.0.1:63358 - R:localhost/127.0.0.1:29777]
16:03:11.850 [Forwarding getAlertText on session 61aff5c0b9a985053e248351e5d8d40b to remote] DEBUG org.asynchttpclient.netty.request.NettyRequestSender - Using pooled Channel '[id: 0x1de9fc08, L:/127.0.0.1:63358 - R:localhost/127.0.0.1:29777]' for 'GET' to 'http://localhost:29777/session/61aff5c0b9a985053e248351e5d8d40b/alert/text'
16:03:11.851 [Forwarding getAlertText on session 61aff5c0b9a985053e248351e5d8d40b to remote] DEBUG org.asynchttpclient.netty.request.NettyRequestSender - Using open Channel [id: 0x1de9fc08, L:/127.0.0.1:63358 - R:localhost/127.0.0.1:29777] for GET '/session/61aff5c0b9a985053e248351e5d8d40b/alert/text'
16:03:11.855 [AsyncHttpClient-1-2] DEBUG org.asynchttpclient.netty.handler.HttpHandler - 

Request DefaultFullHttpRequest(decodeResult: success, version: HTTP/1.1, content: EmptyByteBufBE)
GET /session/61aff5c0b9a985053e248351e5d8d40b/alert/text HTTP/1.1
User-Agent: selenium/4.8.1 (java windows)
Cache-Control: no-cache
Content-Type: application/json; charset=utf-8
host: localhost:29777
accept: */*

Response DefaultHttpResponse(decodeResult: success, version: HTTP/1.1)
HTTP/1.1 404 Not Found
Content-Length: 848
Content-Type: application/json; charset=utf-8
cache-control: no-cache

16:03:11.855 [AsyncHttpClient-1-2] DEBUG org.asynchttpclient.netty.channel.ChannelManager - Adding key: http://localhost:29777 for channel [id: 0x1de9fc08, L:/127.0.0.1:63358 - R:localhost/127.0.0.1:29777]
16:03:11.857 [Forwarding getCurrentUrl on session 61aff5c0b9a985053e248351e5d8d40b to remote] DEBUG org.asynchttpclient.netty.request.NettyRequestSender - Using pooled Channel '[id: 0x1de9fc08, L:/127.0.0.1:63358 - R:localhost/127.0.0.1:29777]' for 'GET' to 'http://localhost:29777/session/61aff5c0b9a985053e248351e5d8d40b/url'
16:03:11.857 [Forwarding getCurrentUrl on session 61aff5c0b9a985053e248351e5d8d40b to remote] DEBUG org.asynchttpclient.netty.request.NettyRequestSender - Using open Channel [id: 0x1de9fc08, L:/127.0.0.1:63358 - R:localhost/127.0.0.1:29777] for GET '/session/61aff5c0b9a985053e248351e5d8d40b/url'
16:03:11.860 [AsyncHttpClient-1-2] DEBUG org.asynchttpclient.netty.handler.HttpHandler - 

Request DefaultFullHttpRequest(decodeResult: success, version: HTTP/1.1, content: EmptyByteBufBE)
GET /session/61aff5c0b9a985053e248351e5d8d40b/url HTTP/1.1
User-Agent: selenium/4.8.1 (java windows)
Cache-Control: no-cache
Content-Type: application/json; charset=utf-8
host: localhost:29777
accept: */*

Response DefaultHttpResponse(decodeResult: success, version: HTTP/1.1)
HTTP/1.1 200 OK
Content-Length: 51
Content-Type: application/json; charset=utf-8
cache-control: no-cache

16:03:11.860 [AsyncHttpClient-1-2] DEBUG org.asynchttpclient.netty.channel.ChannelManager - Adding key: http://localhost:29777 for channel [id: 0x1de9fc08, L:/127.0.0.1:63358 - R:localhost/127.0.0.1:29777]
16:03:11.861 [Forwarding screenshot on session 61aff5c0b9a985053e248351e5d8d40b to remote] DEBUG org.asynchttpclient.netty.request.NettyRequestSender - Using pooled Channel '[id: 0x1de9fc08, L:/127.0.0.1:63358 - R:localhost/127.0.0.1:29777]' for 'GET' to 'http://localhost:29777/session/61aff5c0b9a985053e248351e5d8d40b/screenshot'
16:03:11.862 [Forwarding screenshot on session 61aff5c0b9a985053e248351e5d8d40b to remote] DEBUG org.asynchttpclient.netty.request.NettyRequestSender - Using open Channel [id: 0x1de9fc08, L:/127.0.0.1:63358 - R:localhost/127.0.0.1:29777] for GET '/session/61aff5c0b9a985053e248351e5d8d40b/screenshot'
16:03:11.943 [AsyncHttpClient-1-2] DEBUG org.asynchttpclient.netty.handler.HttpHandler - 

Request DefaultFullHttpRequest(decodeResult: success, version: HTTP/1.1, content: EmptyByteBufBE)
GET /session/61aff5c0b9a985053e248351e5d8d40b/screenshot HTTP/1.1
User-Agent: selenium/4.8.1 (java windows)
Cache-Control: no-cache
Content-Type: application/json; charset=utf-8
host: localhost:29777
accept: */*

Response DefaultHttpResponse(decodeResult: success, version: HTTP/1.1)
HTTP/1.1 200 OK
Content-Length: 30824
Content-Type: application/json; charset=utf-8
cache-control: no-cache

16:03:11.944 [AsyncHttpClient-1-2] DEBUG org.asynchttpclient.netty.channel.ChannelManager - Adding key: http://localhost:29777 for channel [id: 0x1de9fc08, L:/127.0.0.1:63358 - R:localhost/127.0.0.1:29777]
16:03:11.946 [main] DEBUG net.serenitybdd.core.photography.Darkroom - Send negative for processing for target\site\serenity\a78fbff35afe2954fa1117112e01207f2d5185ce914788c4197e123f4cf447a4.png
16:03:12.086 [AsyncHttpClient-1-1] DEBUG org.asynchttpclient.netty.channel.DefaultChannelPool - Entry count for : http://localhost:63360 : 1
16:03:12.086 [AsyncHttpClient-1-1] DEBUG org.asynchttpclient.netty.channel.DefaultChannelPool - Entry count for : http://localhost:29777 : 1
16:03:13.177 [AsyncHttpClient-1-1] DEBUG org.asynchttpclient.netty.channel.DefaultChannelPool - Entry count for : http://localhost:63360 : 1
16:03:13.177 [AsyncHttpClient-1-1] DEBUG org.asynchttpclient.netty.channel.DefaultChannelPool - Entry count for : http://localhost:29777 : 1
16:03:14.277 [AsyncHttpClient-1-1] DEBUG org.asynchttpclient.netty.channel.DefaultChannelPool - Entry count for : http://localhost:63360 : 1
16:03:14.277 [AsyncHttpClient-1-1] DEBUG org.asynchttpclient.netty.channel.DefaultChannelPool - Entry count for : http://localhost:29777 : 1
16:03:15.377 [AsyncHttpClient-1-1] DEBUG org.asynchttpclient.netty.channel.DefaultChannelPool - Entry count for : http://localhost:63360 : 1
16:03:15.377 [AsyncHttpClient-1-1] DEBUG org.asynchttpclient.netty.channel.DefaultChannelPool - Entry count for : http://localhost:29777 : 1
16:03:16.478 [AsyncHttpClient-1-1] DEBUG org.asynchttpclient.netty.channel.DefaultChannelPool - Entry count for : http://localhost:63360 : 1
16:03:16.478 [AsyncHttpClient-1-1] DEBUG org.asynchttpclient.netty.channel.DefaultChannelPool - Entry count for : http://localhost:29777 : 1
16:03:17.579 [AsyncHttpClient-1-1] DEBUG org.asynchttpclient.netty.channel.DefaultChannelPool - Entry count for : http://localhost:63360 : 1
16:03:17.579 [AsyncHttpClient-1-1] DEBUG org.asynchttpclient.netty.channel.DefaultChannelPool - Entry count for : http://localhost:29777 : 1
16:03:18.677 [AsyncHttpClient-1-1] DEBUG org.asynchttpclient.netty.channel.DefaultChannelPool - Entry count for : http://localhost:63360 : 1
16:03:18.677 [AsyncHttpClient-1-1] DEBUG org.asynchttpclient.netty.channel.DefaultChannelPool - Entry count for : http://localhost:29777 : 1
16:03:19.777 [AsyncHttpClient-1-1] DEBUG org.asynchttpclient.netty.channel.DefaultChannelPool - Entry count for : http://localhost:63360 : 1
16:03:19.777 [AsyncHttpClient-1-1] DEBUG org.asynchttpclient.netty.channel.DefaultChannelPool - Entry count for : http://localhost:29777 : 1
16:03:20.878 [AsyncHttpClient-1-1] DEBUG org.asynchttpclient.netty.channel.DefaultChannelPool - Entry count for : http://localhost:63360 : 1
16:03:20.878 [AsyncHttpClient-1-1] DEBUG org.asynchttpclient.netty.channel.DefaultChannelPool - Entry count for : http://localhost:29777 : 1
16:03:21.026 [Darkroom Processing Line] DEBUG net.serenitybdd.core.photography.DarkroomProcessingLine - Processing screenshot image in /var/screenshots/screenshot-4207847832232356029
16:03:21.026 [main] DEBUG net.thucydides.core.steps.StepInterceptor - STEP DONE: user input valid password
16:03:21.026 [Darkroom Processing Line] DEBUG net.serenitybdd.core.photography.DarkroomProcessingLine - Saving screenshot to target\site\serenity\a78fbff35afe2954fa1117112e01207f2d5185ce914788c4197e123f4cf447a4.png
16:03:21.031 [main] DEBUG net.thucydides.core.steps.StepInterceptor - STARTING STEP: LoginStep.userSuccessLogin - click button login
16:03:21.039 [Forwarding findElement on session 61aff5c0b9a985053e248351e5d8d40b to remote] DEBUG org.asynchttpclient.netty.request.NettyRequestSender - Using pooled Channel '[id: 0x1de9fc08, L:/127.0.0.1:63358 - R:localhost/127.0.0.1:29777]' for 'POST' to 'http://localhost:29777/session/61aff5c0b9a985053e248351e5d8d40b/element'
16:03:21.039 [Forwarding findElement on session 61aff5c0b9a985053e248351e5d8d40b to remote] DEBUG org.asynchttpclient.netty.request.NettyRequestSender - Using open Channel [id: 0x1de9fc08, L:/127.0.0.1:63358 - R:localhost/127.0.0.1:29777] for POST '/session/61aff5c0b9a985053e248351e5d8d40b/element'
16:03:21.046 [AsyncHttpClient-1-2] DEBUG org.asynchttpclient.netty.handler.HttpHandler - 

Request DefaultHttpRequest(decodeResult: success, version: HTTP/1.1)
POST /session/61aff5c0b9a985053e248351e5d8d40b/element HTTP/1.1
User-Agent: selenium/4.8.1 (java windows)
Content-Length: 69
Content-Type: application/json; charset=utf-8
host: localhost:29777
accept: */*

Response DefaultHttpResponse(decodeResult: success, version: HTTP/1.1)
HTTP/1.1 200 OK
Content-Length: 88
Content-Type: application/json; charset=utf-8
cache-control: no-cache

16:03:21.047 [AsyncHttpClient-1-2] DEBUG org.asynchttpclient.netty.channel.ChannelManager - Adding key: http://localhost:29777 for channel [id: 0x1de9fc08, L:/127.0.0.1:63358 - R:localhost/127.0.0.1:29777]
16:03:21.049 [Forwarding getElementTagName on session 61aff5c0b9a985053e248351e5d8d40b to remote] DEBUG org.asynchttpclient.netty.request.NettyRequestSender - Using pooled Channel '[id: 0x1de9fc08, L:/127.0.0.1:63358 - R:localhost/127.0.0.1:29777]' for 'GET' to 'http://localhost:29777/session/61aff5c0b9a985053e248351e5d8d40b/element/671e50a2-2fb5-47d1-8443-38c660ac5d33/name'
16:03:21.049 [Forwarding getElementTagName on session 61aff5c0b9a985053e248351e5d8d40b to remote] DEBUG org.asynchttpclient.netty.request.NettyRequestSender - Using open Channel [id: 0x1de9fc08, L:/127.0.0.1:63358 - R:localhost/127.0.0.1:29777] for GET '/session/61aff5c0b9a985053e248351e5d8d40b/element/671e50a2-2fb5-47d1-8443-38c660ac5d33/name'
16:03:21.054 [AsyncHttpClient-1-2] DEBUG org.asynchttpclient.netty.handler.HttpHandler - 

Request DefaultFullHttpRequest(decodeResult: success, version: HTTP/1.1, content: EmptyByteBufBE)
GET /session/61aff5c0b9a985053e248351e5d8d40b/element/671e50a2-2fb5-47d1-8443-38c660ac5d33/name HTTP/1.1
User-Agent: selenium/4.8.1 (java windows)
Cache-Control: no-cache
Content-Type: application/json; charset=utf-8
host: localhost:29777
accept: */*

Response DefaultHttpResponse(decodeResult: success, version: HTTP/1.1)
HTTP/1.1 200 OK
Content-Length: 16
Content-Type: application/json; charset=utf-8
cache-control: no-cache

16:03:21.054 [AsyncHttpClient-1-2] DEBUG org.asynchttpclient.netty.channel.ChannelManager - Adding key: http://localhost:29777 for channel [id: 0x1de9fc08, L:/127.0.0.1:63358 - R:localhost/127.0.0.1:29777]
16:03:21.056 [Forwarding getElementTagName on session 61aff5c0b9a985053e248351e5d8d40b to remote] DEBUG org.asynchttpclient.netty.request.NettyRequestSender - Using pooled Channel '[id: 0x1de9fc08, L:/127.0.0.1:63358 - R:localhost/127.0.0.1:29777]' for 'GET' to 'http://localhost:29777/session/61aff5c0b9a985053e248351e5d8d40b/element/671e50a2-2fb5-47d1-8443-38c660ac5d33/name'
16:03:21.056 [Forwarding getElementTagName on session 61aff5c0b9a985053e248351e5d8d40b to remote] DEBUG org.asynchttpclient.netty.request.NettyRequestSender - Using open Channel [id: 0x1de9fc08, L:/127.0.0.1:63358 - R:localhost/127.0.0.1:29777] for GET '/session/61aff5c0b9a985053e248351e5d8d40b/element/671e50a2-2fb5-47d1-8443-38c660ac5d33/name'
16:03:21.060 [AsyncHttpClient-1-2] DEBUG org.asynchttpclient.netty.handler.HttpHandler - 

Request DefaultFullHttpRequest(decodeResult: success, version: HTTP/1.1, content: EmptyByteBufBE)
GET /session/61aff5c0b9a985053e248351e5d8d40b/element/671e50a2-2fb5-47d1-8443-38c660ac5d33/name HTTP/1.1
User-Agent: selenium/4.8.1 (java windows)
Cache-Control: no-cache
Content-Type: application/json; charset=utf-8
host: localhost:29777
accept: */*

Response DefaultHttpResponse(decodeResult: success, version: HTTP/1.1)
HTTP/1.1 200 OK
Content-Length: 16
Content-Type: application/json; charset=utf-8
cache-control: no-cache

16:03:21.061 [AsyncHttpClient-1-2] DEBUG org.asynchttpclient.netty.channel.ChannelManager - Adding key: http://localhost:29777 for channel [id: 0x1de9fc08, L:/127.0.0.1:63358 - R:localhost/127.0.0.1:29777]
16:03:21.066 [Forwarding findElement on session 61aff5c0b9a985053e248351e5d8d40b to remote] DEBUG org.asynchttpclient.netty.request.NettyRequestSender - Using pooled Channel '[id: 0x1de9fc08, L:/127.0.0.1:63358 - R:localhost/127.0.0.1:29777]' for 'POST' to 'http://localhost:29777/session/61aff5c0b9a985053e248351e5d8d40b/element'
16:03:21.067 [Forwarding findElement on session 61aff5c0b9a985053e248351e5d8d40b to remote] DEBUG org.asynchttpclient.netty.request.NettyRequestSender - Using open Channel [id: 0x1de9fc08, L:/127.0.0.1:63358 - R:localhost/127.0.0.1:29777] for POST '/session/61aff5c0b9a985053e248351e5d8d40b/element'
16:03:21.075 [AsyncHttpClient-1-2] DEBUG org.asynchttpclient.netty.handler.HttpHandler - 

Request DefaultHttpRequest(decodeResult: success, version: HTTP/1.1)
POST /session/61aff5c0b9a985053e248351e5d8d40b/element HTTP/1.1
User-Agent: selenium/4.8.1 (java windows)
Content-Length: 69
Content-Type: application/json; charset=utf-8
host: localhost:29777
accept: */*

Response DefaultHttpResponse(decodeResult: success, version: HTTP/1.1)
HTTP/1.1 200 OK
Content-Length: 88
Content-Type: application/json; charset=utf-8
cache-control: no-cache

16:03:21.075 [AsyncHttpClient-1-2] DEBUG org.asynchttpclient.netty.channel.ChannelManager - Adding key: http://localhost:29777 for channel [id: 0x1de9fc08, L:/127.0.0.1:63358 - R:localhost/127.0.0.1:29777]
16:03:21.077 [Forwarding clickElement on session 61aff5c0b9a985053e248351e5d8d40b to remote] DEBUG org.asynchttpclient.netty.request.NettyRequestSender - Using pooled Channel '[id: 0x1de9fc08, L:/127.0.0.1:63358 - R:localhost/127.0.0.1:29777]' for 'POST' to 'http://localhost:29777/session/61aff5c0b9a985053e248351e5d8d40b/element/671e50a2-2fb5-47d1-8443-38c660ac5d33/click'
16:03:21.077 [Forwarding clickElement on session 61aff5c0b9a985053e248351e5d8d40b to remote] DEBUG org.asynchttpclient.netty.request.NettyRequestSender - Using open Channel [id: 0x1de9fc08, L:/127.0.0.1:63358 - R:localhost/127.0.0.1:29777] for POST '/session/61aff5c0b9a985053e248351e5d8d40b/element/671e50a2-2fb5-47d1-8443-38c660ac5d33/click'
16:03:21.124 [AsyncHttpClient-1-2] DEBUG org.asynchttpclient.netty.handler.HttpHandler - 

Request DefaultHttpRequest(decodeResult: success, version: HTTP/1.1)
POST /session/61aff5c0b9a985053e248351e5d8d40b/element/671e50a2-2fb5-47d1-8443-38c660ac5d33/click HTTP/1.1
User-Agent: selenium/4.8.1 (java windows)
Content-Length: 50
Content-Type: application/json; charset=utf-8
host: localhost:29777
accept: */*

Response DefaultHttpResponse(decodeResult: success, version: HTTP/1.1)
HTTP/1.1 200 OK
Content-Length: 14
Content-Type: application/json; charset=utf-8
cache-control: no-cache

16:03:21.124 [AsyncHttpClient-1-2] DEBUG org.asynchttpclient.netty.channel.ChannelManager - Adding key: http://localhost:29777 for channel [id: 0x1de9fc08, L:/127.0.0.1:63358 - R:localhost/127.0.0.1:29777]
16:03:21.136 [Forwarding getAlertText on session 61aff5c0b9a985053e248351e5d8d40b to remote] DEBUG org.asynchttpclient.netty.request.NettyRequestSender - Using pooled Channel '[id: 0x1de9fc08, L:/127.0.0.1:63358 - R:localhost/127.0.0.1:29777]' for 'GET' to 'http://localhost:29777/session/61aff5c0b9a985053e248351e5d8d40b/alert/text'
16:03:21.136 [Forwarding getAlertText on session 61aff5c0b9a985053e248351e5d8d40b to remote] DEBUG org.asynchttpclient.netty.request.NettyRequestSender - Using open Channel [id: 0x1de9fc08, L:/127.0.0.1:63358 - R:localhost/127.0.0.1:29777] for GET '/session/61aff5c0b9a985053e248351e5d8d40b/alert/text'
16:03:21.138 [AsyncHttpClient-1-2] DEBUG org.asynchttpclient.netty.handler.HttpHandler - 

Request DefaultFullHttpRequest(decodeResult: success, version: HTTP/1.1, content: EmptyByteBufBE)
GET /session/61aff5c0b9a985053e248351e5d8d40b/alert/text HTTP/1.1
User-Agent: selenium/4.8.1 (java windows)
Cache-Control: no-cache
Content-Type: application/json; charset=utf-8
host: localhost:29777
accept: */*

Response DefaultHttpResponse(decodeResult: success, version: HTTP/1.1)
HTTP/1.1 404 Not Found
Content-Length: 848
Content-Type: application/json; charset=utf-8
cache-control: no-cache

16:03:21.138 [AsyncHttpClient-1-2] DEBUG org.asynchttpclient.netty.channel.ChannelManager - Adding key: http://localhost:29777 for channel [id: 0x1de9fc08, L:/127.0.0.1:63358 - R:localhost/127.0.0.1:29777]
16:03:21.140 [Forwarding getCurrentUrl on session 61aff5c0b9a985053e248351e5d8d40b to remote] DEBUG org.asynchttpclient.netty.request.NettyRequestSender - Using pooled Channel '[id: 0x1de9fc08, L:/127.0.0.1:63358 - R:localhost/127.0.0.1:29777]' for 'GET' to 'http://localhost:29777/session/61aff5c0b9a985053e248351e5d8d40b/url'
16:03:21.140 [Forwarding getCurrentUrl on session 61aff5c0b9a985053e248351e5d8d40b to remote] DEBUG org.asynchttpclient.netty.request.NettyRequestSender - Using open Channel [id: 0x1de9fc08, L:/127.0.0.1:63358 - R:localhost/127.0.0.1:29777] for GET '/session/61aff5c0b9a985053e248351e5d8d40b/url'
16:03:21.144 [AsyncHttpClient-1-2] DEBUG org.asynchttpclient.netty.handler.HttpHandler - 

Request DefaultFullHttpRequest(decodeResult: success, version: HTTP/1.1, content: EmptyByteBufBE)
GET /session/61aff5c0b9a985053e248351e5d8d40b/url HTTP/1.1
User-Agent: selenium/4.8.1 (java windows)
Cache-Control: no-cache
Content-Type: application/json; charset=utf-8
host: localhost:29777
accept: */*

Response DefaultHttpResponse(decodeResult: success, version: HTTP/1.1)
HTTP/1.1 200 OK
Content-Length: 51
Content-Type: application/json; charset=utf-8
cache-control: no-cache

16:03:21.145 [AsyncHttpClient-1-2] DEBUG org.asynchttpclient.netty.channel.ChannelManager - Adding key: http://localhost:29777 for channel [id: 0x1de9fc08, L:/127.0.0.1:63358 - R:localhost/127.0.0.1:29777]
16:03:21.146 [Forwarding screenshot on session 61aff5c0b9a985053e248351e5d8d40b to remote] DEBUG org.asynchttpclient.netty.request.NettyRequestSender - Using pooled Channel '[id: 0x1de9fc08, L:/127.0.0.1:63358 - R:localhost/127.0.0.1:29777]' for 'GET' to 'http://localhost:29777/session/61aff5c0b9a985053e248351e5d8d40b/screenshot'
16:03:21.146 [Forwarding screenshot on session 61aff5c0b9a985053e248351e5d8d40b to remote] DEBUG org.asynchttpclient.netty.request.NettyRequestSender - Using open Channel [id: 0x1de9fc08, L:/127.0.0.1:63358 - R:localhost/127.0.0.1:29777] for GET '/session/61aff5c0b9a985053e248351e5d8d40b/screenshot'
16:03:21.268 [AsyncHttpClient-1-2] DEBUG org.asynchttpclient.netty.handler.HttpHandler - 

Request DefaultFullHttpRequest(decodeResult: success, version: HTTP/1.1, content: EmptyByteBufBE)
GET /session/61aff5c0b9a985053e248351e5d8d40b/screenshot HTTP/1.1
User-Agent: selenium/4.8.1 (java windows)
Cache-Control: no-cache
Content-Type: application/json; charset=utf-8
host: localhost:29777
accept: */*

Response DefaultHttpResponse(decodeResult: success, version: HTTP/1.1)
HTTP/1.1 200 OK
Content-Length: 30468
Content-Type: application/json; charset=utf-8
cache-control: no-cache

16:03:21.269 [AsyncHttpClient-1-2] DEBUG org.asynchttpclient.netty.channel.ChannelManager - Adding key: http://localhost:29777 for channel [id: 0x1de9fc08, L:/127.0.0.1:63358 - R:localhost/127.0.0.1:29777]
16:03:21.272 [main] DEBUG net.serenitybdd.core.photography.Darkroom - Send negative for processing for target\site\serenity\fa6715c7b281e9d5a846a369e6f361ad85cd63f101a350f77bc1335ad70e47b9.png
16:03:21.272 [main] DEBUG net.thucydides.core.steps.StepInterceptor - STEP DONE: click button login
16:03:21.272 [Darkroom Processing Line] DEBUG net.serenitybdd.core.photography.DarkroomProcessingLine - Processing screenshot image in /var/screenshots/screenshot-8524586420115204849
16:03:21.272 [Darkroom Processing Line] DEBUG net.serenitybdd.core.photography.DarkroomProcessingLine - Saving screenshot to target\site\serenity\fa6715c7b281e9d5a846a369e6f361ad85cd63f101a350f77bc1335ad70e47b9.png
16:03:21.279 [main] DEBUG net.thucydides.core.steps.StepInterceptor - STARTING STEP: LoginStep.userSuccessLogin - user can see product homepage
16:03:21.284 [Forwarding findElement on session 61aff5c0b9a985053e248351e5d8d40b to remote] DEBUG org.asynchttpclient.netty.request.NettyRequestSender - Using pooled Channel '[id: 0x1de9fc08, L:/127.0.0.1:63358 - R:localhost/127.0.0.1:29777]' for 'POST' to 'http://localhost:29777/session/61aff5c0b9a985053e248351e5d8d40b/element'
16:03:21.284 [Forwarding findElement on session 61aff5c0b9a985053e248351e5d8d40b to remote] DEBUG org.asynchttpclient.netty.request.NettyRequestSender - Using open Channel [id: 0x1de9fc08, L:/127.0.0.1:63358 - R:localhost/127.0.0.1:29777] for POST '/session/61aff5c0b9a985053e248351e5d8d40b/element'
16:03:21.307 [AsyncHttpClient-1-2] DEBUG org.asynchttpclient.netty.handler.HttpHandler - 

Request DefaultHttpRequest(decodeResult: success, version: HTTP/1.1)
POST /session/61aff5c0b9a985053e248351e5d8d40b/element HTTP/1.1
User-Agent: selenium/4.8.1 (java windows)
Content-Length: 75
Content-Type: application/json; charset=utf-8
host: localhost:29777
accept: */*

Response DefaultHttpResponse(decodeResult: success, version: HTTP/1.1)
HTTP/1.1 200 OK
Content-Length: 88
Content-Type: application/json; charset=utf-8
cache-control: no-cache

16:03:21.307 [AsyncHttpClient-1-2] DEBUG org.asynchttpclient.netty.channel.ChannelManager - Adding key: http://localhost:29777 for channel [id: 0x1de9fc08, L:/127.0.0.1:63358 - R:localhost/127.0.0.1:29777]
16:03:21.316 [Forwarding isElementDisplayed on session 61aff5c0b9a985053e248351e5d8d40b to remote] DEBUG org.asynchttpclient.netty.request.NettyRequestSender - Using pooled Channel '[id: 0x1de9fc08, L:/127.0.0.1:63358 - R:localhost/127.0.0.1:29777]' for 'POST' to 'http://localhost:29777/session/61aff5c0b9a985053e248351e5d8d40b/execute/sync'
16:03:21.316 [Forwarding isElementDisplayed on session 61aff5c0b9a985053e248351e5d8d40b to remote] DEBUG org.asynchttpclient.netty.request.NettyRequestSender - Using open Channel [id: 0x1de9fc08, L:/127.0.0.1:63358 - R:localhost/127.0.0.1:29777] for POST '/session/61aff5c0b9a985053e248351e5d8d40b/execute/sync'
16:03:21.350 [AsyncHttpClient-1-2] DEBUG org.asynchttpclient.netty.handler.HttpHandler - 

Request DefaultHttpRequest(decodeResult: success, version: HTTP/1.1)
POST /session/61aff5c0b9a985053e248351e5d8d40b/execute/sync HTTP/1.1
User-Agent: selenium/4.8.1 (java windows)
Content-Length: 48807
Content-Type: application/json; charset=utf-8
host: localhost:29777
accept: */*

Response DefaultHttpResponse(decodeResult: success, version: HTTP/1.1)
HTTP/1.1 200 OK
Content-Length: 14
Content-Type: application/json; charset=utf-8
cache-control: no-cache

16:03:21.351 [AsyncHttpClient-1-2] DEBUG org.asynchttpclient.netty.channel.ChannelManager - Adding key: http://localhost:29777 for channel [id: 0x1de9fc08, L:/127.0.0.1:63358 - R:localhost/127.0.0.1:29777]
16:03:21.362 [Forwarding getAlertText on session 61aff5c0b9a985053e248351e5d8d40b to remote] DEBUG org.asynchttpclient.netty.request.NettyRequestSender - Using pooled Channel '[id: 0x1de9fc08, L:/127.0.0.1:63358 - R:localhost/127.0.0.1:29777]' for 'GET' to 'http://localhost:29777/session/61aff5c0b9a985053e248351e5d8d40b/alert/text'
16:03:21.362 [Forwarding getAlertText on session 61aff5c0b9a985053e248351e5d8d40b to remote] DEBUG org.asynchttpclient.netty.request.NettyRequestSender - Using open Channel [id: 0x1de9fc08, L:/127.0.0.1:63358 - R:localhost/127.0.0.1:29777] for GET '/session/61aff5c0b9a985053e248351e5d8d40b/alert/text'
16:03:21.371 [AsyncHttpClient-1-2] DEBUG org.asynchttpclient.netty.handler.HttpHandler - 

Request DefaultFullHttpRequest(decodeResult: success, version: HTTP/1.1, content: EmptyByteBufBE)
GET /session/61aff5c0b9a985053e248351e5d8d40b/alert/text HTTP/1.1
User-Agent: selenium/4.8.1 (java windows)
Cache-Control: no-cache
Content-Type: application/json; charset=utf-8
host: localhost:29777
accept: */*

Response DefaultHttpResponse(decodeResult: success, version: HTTP/1.1)
HTTP/1.1 404 Not Found
Content-Length: 848
Content-Type: application/json; charset=utf-8
cache-control: no-cache

16:03:21.371 [AsyncHttpClient-1-2] DEBUG org.asynchttpclient.netty.channel.ChannelManager - Adding key: http://localhost:29777 for channel [id: 0x1de9fc08, L:/127.0.0.1:63358 - R:localhost/127.0.0.1:29777]
16:03:21.374 [Forwarding getCurrentUrl on session 61aff5c0b9a985053e248351e5d8d40b to remote] DEBUG org.asynchttpclient.netty.request.NettyRequestSender - Using pooled Channel '[id: 0x1de9fc08, L:/127.0.0.1:63358 - R:localhost/127.0.0.1:29777]' for 'GET' to 'http://localhost:29777/session/61aff5c0b9a985053e248351e5d8d40b/url'
16:03:21.374 [Forwarding getCurrentUrl on session 61aff5c0b9a985053e248351e5d8d40b to remote] DEBUG org.asynchttpclient.netty.request.NettyRequestSender - Using open Channel [id: 0x1de9fc08, L:/127.0.0.1:63358 - R:localhost/127.0.0.1:29777] for GET '/session/61aff5c0b9a985053e248351e5d8d40b/url'
16:03:21.379 [AsyncHttpClient-1-2] DEBUG org.asynchttpclient.netty.handler.HttpHandler - 

Request DefaultFullHttpRequest(decodeResult: success, version: HTTP/1.1, content: EmptyByteBufBE)
GET /session/61aff5c0b9a985053e248351e5d8d40b/url HTTP/1.1
User-Agent: selenium/4.8.1 (java windows)
Cache-Control: no-cache
Content-Type: application/json; charset=utf-8
host: localhost:29777
accept: */*

Response DefaultHttpResponse(decodeResult: success, version: HTTP/1.1)
HTTP/1.1 200 OK
Content-Length: 51
Content-Type: application/json; charset=utf-8
cache-control: no-cache

16:03:21.379 [AsyncHttpClient-1-2] DEBUG org.asynchttpclient.netty.channel.ChannelManager - Adding key: http://localhost:29777 for channel [id: 0x1de9fc08, L:/127.0.0.1:63358 - R:localhost/127.0.0.1:29777]
16:03:21.386 [Forwarding screenshot on session 61aff5c0b9a985053e248351e5d8d40b to remote] DEBUG org.asynchttpclient.netty.request.NettyRequestSender - Using pooled Channel '[id: 0x1de9fc08, L:/127.0.0.1:63358 - R:localhost/127.0.0.1:29777]' for 'GET' to 'http://localhost:29777/session/61aff5c0b9a985053e248351e5d8d40b/screenshot'
16:03:21.386 [Forwarding screenshot on session 61aff5c0b9a985053e248351e5d8d40b to remote] DEBUG org.asynchttpclient.netty.request.NettyRequestSender - Using open Channel [id: 0x1de9fc08, L:/127.0.0.1:63358 - R:localhost/127.0.0.1:29777] for GET '/session/61aff5c0b9a985053e248351e5d8d40b/screenshot'
16:03:21.630 [AsyncHttpClient-1-2] DEBUG org.asynchttpclient.netty.handler.HttpHandler - 

Request DefaultFullHttpRequest(decodeResult: success, version: HTTP/1.1, content: EmptyByteBufBE)
GET /session/61aff5c0b9a985053e248351e5d8d40b/screenshot HTTP/1.1
User-Agent: selenium/4.8.1 (java windows)
Cache-Control: no-cache
Content-Type: application/json; charset=utf-8
host: localhost:29777
accept: */*

Response DefaultHttpResponse(decodeResult: success, version: HTTP/1.1)
HTTP/1.1 200 OK
Content-Length: 26800
Content-Type: application/json; charset=utf-8
cache-control: no-cache

16:03:21.632 [AsyncHttpClient-1-2] DEBUG org.asynchttpclient.netty.channel.ChannelManager - Adding key: http://localhost:29777 for channel [id: 0x1de9fc08, L:/127.0.0.1:63358 - R:localhost/127.0.0.1:29777]
16:03:21.636 [main] DEBUG net.serenitybdd.core.photography.Darkroom - Send negative for processing for target\site\serenity\b38d8e82516613e51af85b3159e1dad072e5a53a712cd9bc19236c879ea89e47.png
16:03:21.636 [Darkroom Processing Line] DEBUG net.serenitybdd.core.photography.DarkroomProcessingLine - Processing screenshot image in /var/screenshots/screenshot-5898002712752926586
16:03:21.636 [Darkroom Processing Line] DEBUG net.serenitybdd.core.photography.DarkroomProcessingLine - Saving screenshot to target\site\serenity\b38d8e82516613e51af85b3159e1dad072e5a53a712cd9bc19236c879ea89e47.png
16:03:21.637 [main] DEBUG net.thucydides.core.steps.StepInterceptor - STEP DONE: user can see product homepage
  &amp#27;[32mGiven &amp#27;[0m&amp#27;[32muser success login&amp#27;[0m                                  &amp#27;[90m# starter.stepdefinition.LoginStep.userSuccessLogin()&amp#27;[0m
16:03:21.982 [AsyncHttpClient-1-1] DEBUG org.asynchttpclient.netty.channel.DefaultChannelPool - Entry count for : http://localhost:63360 : 1
16:03:21.983 [AsyncHttpClient-1-1] DEBUG org.asynchttpclient.netty.channel.DefaultChannelPool - Entry count for : http://localhost:29777 : 1
16:03:22.017 [main] DEBUG net.thucydides.core.steps.StepInterceptor - STARTING STEP: ProductStep.successAddProductToTheCart - user click button Beli
16:03:22.025 [Forwarding findElement on session 61aff5c0b9a985053e248351e5d8d40b to remote] DEBUG org.asynchttpclient.netty.request.NettyRequestSender - Using pooled Channel '[id: 0x1de9fc08, L:/127.0.0.1:63358 - R:localhost/127.0.0.1:29777]' for 'POST' to 'http://localhost:29777/session/61aff5c0b9a985053e248351e5d8d40b/element'
16:03:22.025 [Forwarding findElement on session 61aff5c0b9a985053e248351e5d8d40b to remote] DEBUG org.asynchttpclient.netty.request.NettyRequestSender - Using open Channel [id: 0x1de9fc08, L:/127.0.0.1:63358 - R:localhost/127.0.0.1:29777] for POST '/session/61aff5c0b9a985053e248351e5d8d40b/element'
16:03:23.086 [AsyncHttpClient-1-1] DEBUG org.asynchttpclient.netty.channel.DefaultChannelPool - Entry count for : http://localhost:63360 : 1
16:03:24.178 [AsyncHttpClient-1-1] DEBUG org.asynchttpclient.netty.channel.DefaultChannelPool - Entry count for : http://localhost:63360 : 1
16:03:24.793 [AsyncHttpClient-1-2] DEBUG org.asynchttpclient.netty.handler.HttpHandler - 

Request DefaultHttpRequest(decodeResult: success, version: HTTP/1.1)
POST /session/61aff5c0b9a985053e248351e5d8d40b/element HTTP/1.1
User-Agent: selenium/4.8.1 (java windows)
Content-Length: 96
Content-Type: application/json; charset=utf-8
host: localhost:29777
accept: */*

Response DefaultHttpResponse(decodeResult: success, version: HTTP/1.1)
HTTP/1.1 200 OK
Content-Length: 88
Content-Type: application/json; charset=utf-8
cache-control: no-cache

16:03:24.793 [AsyncHttpClient-1-2] DEBUG org.asynchttpclient.netty.channel.ChannelManager - Adding key: http://localhost:29777 for channel [id: 0x1de9fc08, L:/127.0.0.1:63358 - R:localhost/127.0.0.1:29777]
16:03:24.795 [Forwarding getElementTagName on session 61aff5c0b9a985053e248351e5d8d40b to remote] DEBUG org.asynchttpclient.netty.request.NettyRequestSender - Using pooled Channel '[id: 0x1de9fc08, L:/127.0.0.1:63358 - R:localhost/127.0.0.1:29777]' for 'GET' to 'http://localhost:29777/session/61aff5c0b9a985053e248351e5d8d40b/element/1c604f38-9f56-4513-97a9-2daaa566fa22/name'
16:03:24.795 [Forwarding getElementTagName on session 61aff5c0b9a985053e248351e5d8d40b to remote] DEBUG org.asynchttpclient.netty.request.NettyRequestSender - Using open Channel [id: 0x1de9fc08, L:/127.0.0.1:63358 - R:localhost/127.0.0.1:29777] for GET '/session/61aff5c0b9a985053e248351e5d8d40b/element/1c604f38-9f56-4513-97a9-2daaa566fa22/name'
16:03:24.801 [AsyncHttpClient-1-2] DEBUG org.asynchttpclient.netty.handler.HttpHandler - 

Request DefaultFullHttpRequest(decodeResult: success, version: HTTP/1.1, content: EmptyByteBufBE)
GET /session/61aff5c0b9a985053e248351e5d8d40b/element/1c604f38-9f56-4513-97a9-2daaa566fa22/name HTTP/1.1
User-Agent: selenium/4.8.1 (java windows)
Cache-Control: no-cache
Content-Type: application/json; charset=utf-8
host: localhost:29777
accept: */*

Response DefaultHttpResponse(decodeResult: success, version: HTTP/1.1)
HTTP/1.1 200 OK
Content-Length: 16
Content-Type: application/json; charset=utf-8
cache-control: no-cache

16:03:24.802 [AsyncHttpClient-1-2] DEBUG org.asynchttpclient.netty.channel.ChannelManager - Adding key: http://localhost:29777 for channel [id: 0x1de9fc08, L:/127.0.0.1:63358 - R:localhost/127.0.0.1:29777]
16:03:24.803 [Forwarding getElementTagName on session 61aff5c0b9a985053e248351e5d8d40b to remote] DEBUG org.asynchttpclient.netty.request.NettyRequestSender - Using pooled Channel '[id: 0x1de9fc08, L:/127.0.0.1:63358 - R:localhost/127.0.0.1:29777]' for 'GET' to 'http://localhost:29777/session/61aff5c0b9a985053e248351e5d8d40b/element/1c604f38-9f56-4513-97a9-2daaa566fa22/name'
16:03:24.804 [Forwarding getElementTagName on session 61aff5c0b9a985053e248351e5d8d40b to remote] DEBUG org.asynchttpclient.netty.request.NettyRequestSender - Using open Channel [id: 0x1de9fc08, L:/127.0.0.1:63358 - R:localhost/127.0.0.1:29777] for GET '/session/61aff5c0b9a985053e248351e5d8d40b/element/1c604f38-9f56-4513-97a9-2daaa566fa22/name'
16:03:24.809 [AsyncHttpClient-1-2] DEBUG org.asynchttpclient.netty.handler.HttpHandler - 

Request DefaultFullHttpRequest(decodeResult: success, version: HTTP/1.1, content: EmptyByteBufBE)
GET /session/61aff5c0b9a985053e248351e5d8d40b/element/1c604f38-9f56-4513-97a9-2daaa566fa22/name HTTP/1.1
User-Agent: selenium/4.8.1 (java windows)
Cache-Control: no-cache
Content-Type: application/json; charset=utf-8
host: localhost:29777
accept: */*

Response DefaultHttpResponse(decodeResult: success, version: HTTP/1.1)
HTTP/1.1 200 OK
Content-Length: 16
Content-Type: application/json; charset=utf-8
cache-control: no-cache

16:03:24.810 [AsyncHttpClient-1-2] DEBUG org.asynchttpclient.netty.channel.ChannelManager - Adding key: http://localhost:29777 for channel [id: 0x1de9fc08, L:/127.0.0.1:63358 - R:localhost/127.0.0.1:29777]
16:03:24.815 [Forwarding findElement on session 61aff5c0b9a985053e248351e5d8d40b to remote] DEBUG org.asynchttpclient.netty.request.NettyRequestSender - Using pooled Channel '[id: 0x1de9fc08, L:/127.0.0.1:63358 - R:localhost/127.0.0.1:29777]' for 'POST' to 'http://localhost:29777/session/61aff5c0b9a985053e248351e5d8d40b/element'
16:03:24.815 [Forwarding findElement on session 61aff5c0b9a985053e248351e5d8d40b to remote] DEBUG org.asynchttpclient.netty.request.NettyRequestSender - Using open Channel [id: 0x1de9fc08, L:/127.0.0.1:63358 - R:localhost/127.0.0.1:29777] for POST '/session/61aff5c0b9a985053e248351e5d8d40b/element'
16:03:24.841 [AsyncHttpClient-1-2] DEBUG org.asynchttpclient.netty.handler.HttpHandler - 

Request DefaultHttpRequest(decodeResult: success, version: HTTP/1.1)
POST /session/61aff5c0b9a985053e248351e5d8d40b/element HTTP/1.1
User-Agent: selenium/4.8.1 (java windows)
Content-Length: 96
Content-Type: application/json; charset=utf-8
host: localhost:29777
accept: */*

Response DefaultHttpResponse(decodeResult: success, version: HTTP/1.1)
HTTP/1.1 200 OK
Content-Length: 88
Content-Type: application/json; charset=utf-8
cache-control: no-cache

16:03:24.841 [AsyncHttpClient-1-2] DEBUG org.asynchttpclient.netty.channel.ChannelManager - Adding key: http://localhost:29777 for channel [id: 0x1de9fc08, L:/127.0.0.1:63358 - R:localhost/127.0.0.1:29777]
16:03:24.844 [Forwarding clickElement on session 61aff5c0b9a985053e248351e5d8d40b to remote] DEBUG org.asynchttpclient.netty.request.NettyRequestSender - Using pooled Channel '[id: 0x1de9fc08, L:/127.0.0.1:63358 - R:localhost/127.0.0.1:29777]' for 'POST' to 'http://localhost:29777/session/61aff5c0b9a985053e248351e5d8d40b/element/1c604f38-9f56-4513-97a9-2daaa566fa22/click'
16:03:24.844 [Forwarding clickElement on session 61aff5c0b9a985053e248351e5d8d40b to remote] DEBUG org.asynchttpclient.netty.request.NettyRequestSender - Using open Channel [id: 0x1de9fc08, L:/127.0.0.1:63358 - R:localhost/127.0.0.1:29777] for POST '/session/61aff5c0b9a985053e248351e5d8d40b/element/1c604f38-9f56-4513-97a9-2daaa566fa22/click'
16:03:24.992 [AsyncHttpClient-1-2] DEBUG org.asynchttpclient.netty.handler.HttpHandler - 

Request DefaultHttpRequest(decodeResult: success, version: HTTP/1.1)
POST /session/61aff5c0b9a985053e248351e5d8d40b/element/1c604f38-9f56-4513-97a9-2daaa566fa22/click HTTP/1.1
User-Agent: selenium/4.8.1 (java windows)
Content-Length: 50
Content-Type: application/json; charset=utf-8
host: localhost:29777
accept: */*

Response DefaultHttpResponse(decodeResult: success, version: HTTP/1.1)
HTTP/1.1 200 OK
Content-Length: 14
Content-Type: application/json; charset=utf-8
cache-control: no-cache

16:03:24.993 [AsyncHttpClient-1-2] DEBUG org.asynchttpclient.netty.channel.ChannelManager - Adding key: http://localhost:29777 for channel [id: 0x1de9fc08, L:/127.0.0.1:63358 - R:localhost/127.0.0.1:29777]
16:03:25.003 [Forwarding findElement on session 61aff5c0b9a985053e248351e5d8d40b to remote] DEBUG org.asynchttpclient.netty.request.NettyRequestSender - Using pooled Channel '[id: 0x1de9fc08, L:/127.0.0.1:63358 - R:localhost/127.0.0.1:29777]' for 'POST' to 'http://localhost:29777/session/61aff5c0b9a985053e248351e5d8d40b/element'
16:03:25.003 [Forwarding findElement on session 61aff5c0b9a985053e248351e5d8d40b to remote] DEBUG org.asynchttpclient.netty.request.NettyRequestSender - Using open Channel [id: 0x1de9fc08, L:/127.0.0.1:63358 - R:localhost/127.0.0.1:29777] for POST '/session/61aff5c0b9a985053e248351e5d8d40b/element'
16:03:25.021 [AsyncHttpClient-1-2] DEBUG org.asynchttpclient.netty.handler.HttpHandler - 

Request DefaultHttpRequest(decodeResult: success, version: HTTP/1.1)
POST /session/61aff5c0b9a985053e248351e5d8d40b/element HTTP/1.1
User-Agent: selenium/4.8.1 (java windows)
Content-Length: 96
Content-Type: application/json; charset=utf-8
host: localhost:29777
accept: */*

Response DefaultHttpResponse(decodeResult: success, version: HTTP/1.1)
HTTP/1.1 200 OK
Content-Length: 88
Content-Type: application/json; charset=utf-8
cache-control: no-cache

16:03:25.022 [AsyncHttpClient-1-2] DEBUG org.asynchttpclient.netty.channel.ChannelManager - Adding key: http://localhost:29777 for channel [id: 0x1de9fc08, L:/127.0.0.1:63358 - R:localhost/127.0.0.1:29777]
16:03:25.024 [Forwarding getElementTagName on session 61aff5c0b9a985053e248351e5d8d40b to remote] DEBUG org.asynchttpclient.netty.request.NettyRequestSender - Using pooled Channel '[id: 0x1de9fc08, L:/127.0.0.1:63358 - R:localhost/127.0.0.1:29777]' for 'GET' to 'http://localhost:29777/session/61aff5c0b9a985053e248351e5d8d40b/element/1c604f38-9f56-4513-97a9-2daaa566fa22/name'
16:03:25.024 [Forwarding getElementTagName on session 61aff5c0b9a985053e248351e5d8d40b to remote] DEBUG org.asynchttpclient.netty.request.NettyRequestSender - Using open Channel [id: 0x1de9fc08, L:/127.0.0.1:63358 - R:localhost/127.0.0.1:29777] for GET '/session/61aff5c0b9a985053e248351e5d8d40b/element/1c604f38-9f56-4513-97a9-2daaa566fa22/name'
16:03:25.027 [AsyncHttpClient-1-2] DEBUG org.asynchttpclient.netty.handler.HttpHandler - 

Request DefaultFullHttpRequest(decodeResult: success, version: HTTP/1.1, content: EmptyByteBufBE)
GET /session/61aff5c0b9a985053e248351e5d8d40b/element/1c604f38-9f56-4513-97a9-2daaa566fa22/name HTTP/1.1
User-Agent: selenium/4.8.1 (java windows)
Cache-Control: no-cache
Content-Type: application/json; charset=utf-8
host: localhost:29777
accept: */*

Response DefaultHttpResponse(decodeResult: success, version: HTTP/1.1)
HTTP/1.1 200 OK
Content-Length: 16
Content-Type: application/json; charset=utf-8
cache-control: no-cache

16:03:25.028 [AsyncHttpClient-1-2] DEBUG org.asynchttpclient.netty.channel.ChannelManager - Adding key: http://localhost:29777 for channel [id: 0x1de9fc08, L:/127.0.0.1:63358 - R:localhost/127.0.0.1:29777]
16:03:25.031 [Forwarding getElementTagName on session 61aff5c0b9a985053e248351e5d8d40b to remote] DEBUG org.asynchttpclient.netty.request.NettyRequestSender - Using pooled Channel '[id: 0x1de9fc08, L:/127.0.0.1:63358 - R:localhost/127.0.0.1:29777]' for 'GET' to 'http://localhost:29777/session/61aff5c0b9a985053e248351e5d8d40b/element/1c604f38-9f56-4513-97a9-2daaa566fa22/name'
16:03:25.031 [Forwarding getElementTagName on session 61aff5c0b9a985053e248351e5d8d40b to remote] DEBUG org.asynchttpclient.netty.request.NettyRequestSender - Using open Channel [id: 0x1de9fc08, L:/127.0.0.1:63358 - R:localhost/127.0.0.1:29777] for GET '/session/61aff5c0b9a985053e248351e5d8d40b/element/1c604f38-9f56-4513-97a9-2daaa566fa22/name'
16:03:25.037 [AsyncHttpClient-1-2] DEBUG org.asynchttpclient.netty.handler.HttpHandler - 

Request DefaultFullHttpRequest(decodeResult: success, version: HTTP/1.1, content: EmptyByteBufBE)
GET /session/61aff5c0b9a985053e248351e5d8d40b/element/1c604f38-9f56-4513-97a9-2daaa566fa22/name HTTP/1.1
User-Agent: selenium/4.8.1 (java windows)
Cache-Control: no-cache
Content-Type: application/json; charset=utf-8
host: localhost:29777
accept: */*

Response DefaultHttpResponse(decodeResult: success, version: HTTP/1.1)
HTTP/1.1 200 OK
Content-Length: 16
Content-Type: application/json; charset=utf-8
cache-control: no-cache

16:03:25.037 [AsyncHttpClient-1-2] DEBUG org.asynchttpclient.netty.channel.ChannelManager - Adding key: http://localhost:29777 for channel [id: 0x1de9fc08, L:/127.0.0.1:63358 - R:localhost/127.0.0.1:29777]
16:03:25.040 [Forwarding findElement on session 61aff5c0b9a985053e248351e5d8d40b to remote] DEBUG org.asynchttpclient.netty.request.NettyRequestSender - Using pooled Channel '[id: 0x1de9fc08, L:/127.0.0.1:63358 - R:localhost/127.0.0.1:29777]' for 'POST' to 'http://localhost:29777/session/61aff5c0b9a985053e248351e5d8d40b/element'
16:03:25.040 [Forwarding findElement on session 61aff5c0b9a985053e248351e5d8d40b to remote] DEBUG org.asynchttpclient.netty.request.NettyRequestSender - Using open Channel [id: 0x1de9fc08, L:/127.0.0.1:63358 - R:localhost/127.0.0.1:29777] for POST '/session/61aff5c0b9a985053e248351e5d8d40b/element'
16:03:25.054 [AsyncHttpClient-1-2] DEBUG org.asynchttpclient.netty.handler.HttpHandler - 

Request DefaultHttpRequest(decodeResult: success, version: HTTP/1.1)
POST /session/61aff5c0b9a985053e248351e5d8d40b/element HTTP/1.1
User-Agent: selenium/4.8.1 (java windows)
Content-Length: 96
Content-Type: application/json; charset=utf-8
host: localhost:29777
accept: */*

Response DefaultHttpResponse(decodeResult: success, version: HTTP/1.1)
HTTP/1.1 200 OK
Content-Length: 88
Content-Type: application/json; charset=utf-8
cache-control: no-cache

16:03:25.054 [AsyncHttpClient-1-2] DEBUG org.asynchttpclient.netty.channel.ChannelManager - Adding key: http://localhost:29777 for channel [id: 0x1de9fc08, L:/127.0.0.1:63358 - R:localhost/127.0.0.1:29777]
16:03:25.056 [Forwarding clickElement on session 61aff5c0b9a985053e248351e5d8d40b to remote] DEBUG org.asynchttpclient.netty.request.NettyRequestSender - Using pooled Channel '[id: 0x1de9fc08, L:/127.0.0.1:63358 - R:localhost/127.0.0.1:29777]' for 'POST' to 'http://localhost:29777/session/61aff5c0b9a985053e248351e5d8d40b/element/1c604f38-9f56-4513-97a9-2daaa566fa22/click'
16:03:25.056 [Forwarding clickElement on session 61aff5c0b9a985053e248351e5d8d40b to remote] DEBUG org.asynchttpclient.netty.request.NettyRequestSender - Using open Channel [id: 0x1de9fc08, L:/127.0.0.1:63358 - R:localhost/127.0.0.1:29777] for POST '/session/61aff5c0b9a985053e248351e5d8d40b/element/1c604f38-9f56-4513-97a9-2daaa566fa22/click'
16:03:25.153 [AsyncHttpClient-1-2] DEBUG org.asynchttpclient.netty.handler.HttpHandler - 

Request DefaultHttpRequest(decodeResult: success, version: HTTP/1.1)
POST /session/61aff5c0b9a985053e248351e5d8d40b/element/1c604f38-9f56-4513-97a9-2daaa566fa22/click HTTP/1.1
User-Agent: selenium/4.8.1 (java windows)
Content-Length: 50
Content-Type: application/json; charset=utf-8
host: localhost:29777
accept: */*

Response DefaultHttpResponse(decodeResult: success, version: HTTP/1.1)
HTTP/1.1 200 OK
Content-Length: 14
Content-Type: application/json; charset=utf-8
cache-control: no-cache

16:03:25.153 [AsyncHttpClient-1-2] DEBUG org.asynchttpclient.netty.channel.ChannelManager - Adding key: http://localhost:29777 for channel [id: 0x1de9fc08, L:/127.0.0.1:63358 - R:localhost/127.0.0.1:29777]
16:03:25.160 [Forwarding getAlertText on session 61aff5c0b9a985053e248351e5d8d40b to remote] DEBUG org.asynchttpclient.netty.request.NettyRequestSender - Using pooled Channel '[id: 0x1de9fc08, L:/127.0.0.1:63358 - R:localhost/127.0.0.1:29777]' for 'GET' to 'http://localhost:29777/session/61aff5c0b9a985053e248351e5d8d40b/alert/text'
16:03:25.160 [Forwarding getAlertText on session 61aff5c0b9a985053e248351e5d8d40b to remote] DEBUG org.asynchttpclient.netty.request.NettyRequestSender - Using open Channel [id: 0x1de9fc08, L:/127.0.0.1:63358 - R:localhost/127.0.0.1:29777] for GET '/session/61aff5c0b9a985053e248351e5d8d40b/alert/text'
16:03:25.162 [AsyncHttpClient-1-2] DEBUG org.asynchttpclient.netty.handler.HttpHandler - 

Request DefaultFullHttpRequest(decodeResult: success, version: HTTP/1.1, content: EmptyByteBufBE)
GET /session/61aff5c0b9a985053e248351e5d8d40b/alert/text HTTP/1.1
User-Agent: selenium/4.8.1 (java windows)
Cache-Control: no-cache
Content-Type: application/json; charset=utf-8
host: localhost:29777
accept: */*

Response DefaultHttpResponse(decodeResult: success, version: HTTP/1.1)
HTTP/1.1 404 Not Found
Content-Length: 848
Content-Type: application/json; charset=utf-8
cache-control: no-cache

16:03:25.162 [AsyncHttpClient-1-2] DEBUG org.asynchttpclient.netty.channel.ChannelManager - Adding key: http://localhost:29777 for channel [id: 0x1de9fc08, L:/127.0.0.1:63358 - R:localhost/127.0.0.1:29777]
16:03:25.165 [Forwarding getCurrentUrl on session 61aff5c0b9a985053e248351e5d8d40b to remote] DEBUG org.asynchttpclient.netty.request.NettyRequestSender - Using pooled Channel '[id: 0x1de9fc08, L:/127.0.0.1:63358 - R:localhost/127.0.0.1:29777]' for 'GET' to 'http://localhost:29777/session/61aff5c0b9a985053e248351e5d8d40b/url'
16:03:25.166 [Forwarding getCurrentUrl on session 61aff5c0b9a985053e248351e5d8d40b to remote] DEBUG org.asynchttpclient.netty.request.NettyRequestSender - Using open Channel [id: 0x1de9fc08, L:/127.0.0.1:63358 - R:localhost/127.0.0.1:29777] for GET '/session/61aff5c0b9a985053e248351e5d8d40b/url'
16:03:25.189 [AsyncHttpClient-1-2] DEBUG org.asynchttpclient.netty.handler.HttpHandler - 

Request DefaultFullHttpRequest(decodeResult: success, version: HTTP/1.1, content: EmptyByteBufBE)
GET /session/61aff5c0b9a985053e248351e5d8d40b/url HTTP/1.1
User-Agent: selenium/4.8.1 (java windows)
Cache-Control: no-cache
Content-Type: application/json; charset=utf-8
host: localhost:29777
accept: */*

Response DefaultHttpResponse(decodeResult: success, version: HTTP/1.1)
HTTP/1.1 200 OK
Content-Length: 41
Content-Type: application/json; charset=utf-8
cache-control: no-cache

16:03:25.189 [AsyncHttpClient-1-2] DEBUG org.asynchttpclient.netty.channel.ChannelManager - Adding key: http://localhost:29777 for channel [id: 0x1de9fc08, L:/127.0.0.1:63358 - R:localhost/127.0.0.1:29777]
16:03:25.190 [Forwarding screenshot on session 61aff5c0b9a985053e248351e5d8d40b to remote] DEBUG org.asynchttpclient.netty.request.NettyRequestSender - Using pooled Channel '[id: 0x1de9fc08, L:/127.0.0.1:63358 - R:localhost/127.0.0.1:29777]' for 'GET' to 'http://localhost:29777/session/61aff5c0b9a985053e248351e5d8d40b/screenshot'
16:03:25.190 [Forwarding screenshot on session 61aff5c0b9a985053e248351e5d8d40b to remote] DEBUG org.asynchttpclient.netty.request.NettyRequestSender - Using open Channel [id: 0x1de9fc08, L:/127.0.0.1:63358 - R:localhost/127.0.0.1:29777] for GET '/session/61aff5c0b9a985053e248351e5d8d40b/screenshot'
16:03:25.292 [AsyncHttpClient-1-1] DEBUG org.asynchttpclient.netty.channel.DefaultChannelPool - Entry count for : http://localhost:63360 : 1
16:03:25.356 [AsyncHttpClient-1-2] DEBUG org.asynchttpclient.netty.handler.HttpHandler - 

Request DefaultFullHttpRequest(decodeResult: success, version: HTTP/1.1, content: EmptyByteBufBE)
GET /session/61aff5c0b9a985053e248351e5d8d40b/screenshot HTTP/1.1
User-Agent: selenium/4.8.1 (java windows)
Cache-Control: no-cache
Content-Type: application/json; charset=utf-8
host: localhost:29777
accept: */*

Response DefaultHttpResponse(decodeResult: success, version: HTTP/1.1)
HTTP/1.1 200 OK
Content-Length: 112004
Content-Type: application/json; charset=utf-8
cache-control: no-cache

16:03:25.357 [AsyncHttpClient-1-2] DEBUG org.asynchttpclient.netty.channel.ChannelManager - Adding key: http://localhost:29777 for channel [id: 0x1de9fc08, L:/127.0.0.1:63358 - R:localhost/127.0.0.1:29777]
16:03:25.362 [main] DEBUG net.serenitybdd.core.photography.Darkroom - Send negative for processing for target\site\serenity\29bd77023d7e20a7381f8e5f5e722ca48887c4fe36dd379ef58232e059e52d59.png
16:03:25.362 [main] DEBUG net.thucydides.core.steps.StepInterceptor - STEP DONE: user click button Beli
16:03:25.362 [Darkroom Processing Line] DEBUG net.serenitybdd.core.photography.DarkroomProcessingLine - Processing screenshot image in /var/screenshots/screenshot-3165970173287429644
16:03:25.362 [Darkroom Processing Line] DEBUG net.serenitybdd.core.photography.DarkroomProcessingLine - Saving screenshot to target\site\serenity\29bd77023d7e20a7381f8e5f5e722ca48887c4fe36dd379ef58232e059e52d59.png
16:03:25.369 [main] DEBUG net.thucydides.core.steps.StepInterceptor - STARTING STEP: ProductStep.successAddProductToTheCart - user success to add product to cart
16:03:25.372 [Forwarding findElement on session 61aff5c0b9a985053e248351e5d8d40b to remote] DEBUG org.asynchttpclient.netty.request.NettyRequestSender - Using pooled Channel '[id: 0x1de9fc08, L:/127.0.0.1:63358 - R:localhost/127.0.0.1:29777]' for 'POST' to 'http://localhost:29777/session/61aff5c0b9a985053e248351e5d8d40b/element'
16:03:25.372 [Forwarding findElement on session 61aff5c0b9a985053e248351e5d8d40b to remote] DEBUG org.asynchttpclient.netty.request.NettyRequestSender - Using open Channel [id: 0x1de9fc08, L:/127.0.0.1:63358 - R:localhost/127.0.0.1:29777] for POST '/session/61aff5c0b9a985053e248351e5d8d40b/element'
16:03:25.392 [AsyncHttpClient-1-2] DEBUG org.asynchttpclient.netty.handler.HttpHandler - 

Request DefaultHttpRequest(decodeResult: success, version: HTTP/1.1)
POST /session/61aff5c0b9a985053e248351e5d8d40b/element HTTP/1.1
User-Agent: selenium/4.8.1 (java windows)
Content-Length: 80
Content-Type: application/json; charset=utf-8
host: localhost:29777
accept: */*

Response DefaultHttpResponse(decodeResult: success, version: HTTP/1.1)
HTTP/1.1 200 OK
Content-Length: 88
Content-Type: application/json; charset=utf-8
cache-control: no-cache

16:03:25.392 [AsyncHttpClient-1-2] DEBUG org.asynchttpclient.netty.channel.ChannelManager - Adding key: http://localhost:29777 for channel [id: 0x1de9fc08, L:/127.0.0.1:63358 - R:localhost/127.0.0.1:29777]
16:03:25.396 [Forwarding isElementDisplayed on session 61aff5c0b9a985053e248351e5d8d40b to remote] DEBUG org.asynchttpclient.netty.request.NettyRequestSender - Using pooled Channel '[id: 0x1de9fc08, L:/127.0.0.1:63358 - R:localhost/127.0.0.1:29777]' for 'POST' to 'http://localhost:29777/session/61aff5c0b9a985053e248351e5d8d40b/execute/sync'
16:03:25.397 [Forwarding isElementDisplayed on session 61aff5c0b9a985053e248351e5d8d40b to remote] DEBUG org.asynchttpclient.netty.request.NettyRequestSender - Using open Channel [id: 0x1de9fc08, L:/127.0.0.1:63358 - R:localhost/127.0.0.1:29777] for POST '/session/61aff5c0b9a985053e248351e5d8d40b/execute/sync'
16:03:25.406 [AsyncHttpClient-1-2] DEBUG org.asynchttpclient.netty.handler.HttpHandler - 

Request DefaultHttpRequest(decodeResult: success, version: HTTP/1.1)
POST /session/61aff5c0b9a985053e248351e5d8d40b/execute/sync HTTP/1.1
User-Agent: selenium/4.8.1 (java windows)
Content-Length: 48807
Content-Type: application/json; charset=utf-8
host: localhost:29777
accept: */*

Response DefaultHttpResponse(decodeResult: success, version: HTTP/1.1)
HTTP/1.1 200 OK
Content-Length: 14
Content-Type: application/json; charset=utf-8
cache-control: no-cache

16:03:25.407 [AsyncHttpClient-1-2] DEBUG org.asynchttpclient.netty.channel.ChannelManager - Adding key: http://localhost:29777 for channel [id: 0x1de9fc08, L:/127.0.0.1:63358 - R:localhost/127.0.0.1:29777]
16:03:25.411 [main] DEBUG net.thucydides.core.steps.StepInterceptor - STEP DONE: user success to add product to cart
  &amp#27;[32mAnd &amp#27;[0m&amp#27;[32muser success add product to the cart&amp#27;[0m                  &amp#27;[90m# starter.stepdefinition.ProductStep.successAddProductToTheCart()&amp#27;[0m
16:03:25.417 [Forwarding getAlertText on session 61aff5c0b9a985053e248351e5d8d40b to remote] DEBUG org.asynchttpclient.netty.request.NettyRequestSender - Using pooled Channel '[id: 0x1de9fc08, L:/127.0.0.1:63358 - R:localhost/127.0.0.1:29777]' for 'GET' to 'http://localhost:29777/session/61aff5c0b9a985053e248351e5d8d40b/alert/text'
16:03:25.417 [Forwarding getAlertText on session 61aff5c0b9a985053e248351e5d8d40b to remote] DEBUG org.asynchttpclient.netty.request.NettyRequestSender - Using open Channel [id: 0x1de9fc08, L:/127.0.0.1:63358 - R:localhost/127.0.0.1:29777] for GET '/session/61aff5c0b9a985053e248351e5d8d40b/alert/text'
16:03:25.419 [AsyncHttpClient-1-2] DEBUG org.asynchttpclient.netty.handler.HttpHandler - 

Request DefaultFullHttpRequest(decodeResult: success, version: HTTP/1.1, content: EmptyByteBufBE)
GET /session/61aff5c0b9a985053e248351e5d8d40b/alert/text HTTP/1.1
User-Agent: selenium/4.8.1 (java windows)
Cache-Control: no-cache
Content-Type: application/json; charset=utf-8
host: localhost:29777
accept: */*

Response DefaultHttpResponse(decodeResult: success, version: HTTP/1.1)
HTTP/1.1 404 Not Found
Content-Length: 848
Content-Type: application/json; charset=utf-8
cache-control: no-cache

16:03:25.419 [AsyncHttpClient-1-2] DEBUG org.asynchttpclient.netty.channel.ChannelManager - Adding key: http://localhost:29777 for channel [id: 0x1de9fc08, L:/127.0.0.1:63358 - R:localhost/127.0.0.1:29777]
16:03:25.421 [Forwarding getCurrentUrl on session 61aff5c0b9a985053e248351e5d8d40b to remote] DEBUG org.asynchttpclient.netty.request.NettyRequestSender - Using pooled Channel '[id: 0x1de9fc08, L:/127.0.0.1:63358 - R:localhost/127.0.0.1:29777]' for 'GET' to 'http://localhost:29777/session/61aff5c0b9a985053e248351e5d8d40b/url'
16:03:25.421 [Forwarding getCurrentUrl on session 61aff5c0b9a985053e248351e5d8d40b to remote] DEBUG org.asynchttpclient.netty.request.NettyRequestSender - Using open Channel [id: 0x1de9fc08, L:/127.0.0.1:63358 - R:localhost/127.0.0.1:29777] for GET '/session/61aff5c0b9a985053e248351e5d8d40b/url'
16:03:25.424 [AsyncHttpClient-1-2] DEBUG org.asynchttpclient.netty.handler.HttpHandler - 

Request DefaultFullHttpRequest(decodeResult: success, version: HTTP/1.1, content: EmptyByteBufBE)
GET /session/61aff5c0b9a985053e248351e5d8d40b/url HTTP/1.1
User-Agent: selenium/4.8.1 (java windows)
Cache-Control: no-cache
Content-Type: application/json; charset=utf-8
host: localhost:29777
accept: */*

Response DefaultHttpResponse(decodeResult: success, version: HTTP/1.1)
HTTP/1.1 200 OK
Content-Length: 41
Content-Type: application/json; charset=utf-8
cache-control: no-cache

16:03:25.424 [AsyncHttpClient-1-2] DEBUG org.asynchttpclient.netty.channel.ChannelManager - Adding key: http://localhost:29777 for channel [id: 0x1de9fc08, L:/127.0.0.1:63358 - R:localhost/127.0.0.1:29777]
16:03:25.425 [Forwarding screenshot on session 61aff5c0b9a985053e248351e5d8d40b to remote] DEBUG org.asynchttpclient.netty.request.NettyRequestSender - Using pooled Channel '[id: 0x1de9fc08, L:/127.0.0.1:63358 - R:localhost/127.0.0.1:29777]' for 'GET' to 'http://localhost:29777/session/61aff5c0b9a985053e248351e5d8d40b/screenshot'
16:03:25.425 [Forwarding screenshot on session 61aff5c0b9a985053e248351e5d8d40b to remote] DEBUG org.asynchttpclient.netty.request.NettyRequestSender - Using open Channel [id: 0x1de9fc08, L:/127.0.0.1:63358 - R:localhost/127.0.0.1:29777] for GET '/session/61aff5c0b9a985053e248351e5d8d40b/screenshot'
16:03:25.532 [AsyncHttpClient-1-2] DEBUG org.asynchttpclient.netty.handler.HttpHandler - 

Request DefaultFullHttpRequest(decodeResult: success, version: HTTP/1.1, content: EmptyByteBufBE)
GET /session/61aff5c0b9a985053e248351e5d8d40b/screenshot HTTP/1.1
User-Agent: selenium/4.8.1 (java windows)
Cache-Control: no-cache
Content-Type: application/json; charset=utf-8
host: localhost:29777
accept: */*

Response DefaultHttpResponse(decodeResult: success, version: HTTP/1.1)
HTTP/1.1 200 OK
Content-Length: 111300
Content-Type: application/json; charset=utf-8
cache-control: no-cache

16:03:25.533 [AsyncHttpClient-1-2] DEBUG org.asynchttpclient.netty.channel.ChannelManager - Adding key: http://localhost:29777 for channel [id: 0x1de9fc08, L:/127.0.0.1:63358 - R:localhost/127.0.0.1:29777]
16:03:25.538 [main] DEBUG net.serenitybdd.core.photography.Darkroom - Send negative for processing for target\site\serenity\c323fc6bed2ed591663819bc8079ad8e1d767f59a1c397dfdb668b656601d46a.png
16:03:25.538 [Darkroom Processing Line] DEBUG net.serenitybdd.core.photography.DarkroomProcessingLine - Processing screenshot image in /var/screenshots/screenshot-3024346819117025902
16:03:25.538 [Darkroom Processing Line] DEBUG net.serenitybdd.core.photography.DarkroomProcessingLine - Saving screenshot to target\site\serenity\c323fc6bed2ed591663819bc8079ad8e1d767f59a1c397dfdb668b656601d46a.png
16:03:25.642 [main] DEBUG net.thucydides.core.steps.StepInterceptor - STARTING STEP: CartStep.userClickTheCart - user click the cart
16:03:25.647 [Forwarding findElement on session 61aff5c0b9a985053e248351e5d8d40b to remote] DEBUG org.asynchttpclient.netty.request.NettyRequestSender - Using pooled Channel '[id: 0x1de9fc08, L:/127.0.0.1:63358 - R:localhost/127.0.0.1:29777]' for 'POST' to 'http://localhost:29777/session/61aff5c0b9a985053e248351e5d8d40b/element'
16:03:25.647 [Forwarding findElement on session 61aff5c0b9a985053e248351e5d8d40b to remote] DEBUG org.asynchttpclient.netty.request.NettyRequestSender - Using open Channel [id: 0x1de9fc08, L:/127.0.0.1:63358 - R:localhost/127.0.0.1:29777] for POST '/session/61aff5c0b9a985053e248351e5d8d40b/element'
16:03:25.660 [AsyncHttpClient-1-2] DEBUG org.asynchttpclient.netty.handler.HttpHandler - 

Request DefaultHttpRequest(decodeResult: success, version: HTTP/1.1)
POST /session/61aff5c0b9a985053e248351e5d8d40b/element HTTP/1.1
User-Agent: selenium/4.8.1 (java windows)
Content-Length: 112
Content-Type: application/json; charset=utf-8
host: localhost:29777
accept: */*

Response DefaultHttpResponse(decodeResult: success, version: HTTP/1.1)
HTTP/1.1 200 OK
Content-Length: 88
Content-Type: application/json; charset=utf-8
cache-control: no-cache

16:03:25.661 [AsyncHttpClient-1-2] DEBUG org.asynchttpclient.netty.channel.ChannelManager - Adding key: http://localhost:29777 for channel [id: 0x1de9fc08, L:/127.0.0.1:63358 - R:localhost/127.0.0.1:29777]
16:03:25.664 [Forwarding getElementTagName on session 61aff5c0b9a985053e248351e5d8d40b to remote] DEBUG org.asynchttpclient.netty.request.NettyRequestSender - Using pooled Channel '[id: 0x1de9fc08, L:/127.0.0.1:63358 - R:localhost/127.0.0.1:29777]' for 'GET' to 'http://localhost:29777/session/61aff5c0b9a985053e248351e5d8d40b/element/de30e0c4-7779-46cc-a13e-ee6eb6b0595b/name'
16:03:25.664 [Forwarding getElementTagName on session 61aff5c0b9a985053e248351e5d8d40b to remote] DEBUG org.asynchttpclient.netty.request.NettyRequestSender - Using open Channel [id: 0x1de9fc08, L:/127.0.0.1:63358 - R:localhost/127.0.0.1:29777] for GET '/session/61aff5c0b9a985053e248351e5d8d40b/element/de30e0c4-7779-46cc-a13e-ee6eb6b0595b/name'
16:03:25.695 [AsyncHttpClient-1-2] DEBUG org.asynchttpclient.netty.handler.HttpHandler - 

Request DefaultFullHttpRequest(decodeResult: success, version: HTTP/1.1, content: EmptyByteBufBE)
GET /session/61aff5c0b9a985053e248351e5d8d40b/element/de30e0c4-7779-46cc-a13e-ee6eb6b0595b/name HTTP/1.1
User-Agent: selenium/4.8.1 (java windows)
Cache-Control: no-cache
Content-Type: application/json; charset=utf-8
host: localhost:29777
accept: */*

Response DefaultHttpResponse(decodeResult: success, version: HTTP/1.1)
HTTP/1.1 200 OK
Content-Length: 13
Content-Type: application/json; charset=utf-8
cache-control: no-cache

16:03:25.695 [AsyncHttpClient-1-2] DEBUG org.asynchttpclient.netty.channel.ChannelManager - Adding key: http://localhost:29777 for channel [id: 0x1de9fc08, L:/127.0.0.1:63358 - R:localhost/127.0.0.1:29777]
16:03:25.698 [Forwarding getElementTagName on session 61aff5c0b9a985053e248351e5d8d40b to remote] DEBUG org.asynchttpclient.netty.request.NettyRequestSender - Using pooled Channel '[id: 0x1de9fc08, L:/127.0.0.1:63358 - R:localhost/127.0.0.1:29777]' for 'GET' to 'http://localhost:29777/session/61aff5c0b9a985053e248351e5d8d40b/element/de30e0c4-7779-46cc-a13e-ee6eb6b0595b/name'
16:03:25.698 [Forwarding getElementTagName on session 61aff5c0b9a985053e248351e5d8d40b to remote] DEBUG org.asynchttpclient.netty.request.NettyRequestSender - Using open Channel [id: 0x1de9fc08, L:/127.0.0.1:63358 - R:localhost/127.0.0.1:29777] for GET '/session/61aff5c0b9a985053e248351e5d8d40b/element/de30e0c4-7779-46cc-a13e-ee6eb6b0595b/name'
16:03:25.701 [AsyncHttpClient-1-2] DEBUG org.asynchttpclient.netty.handler.HttpHandler - 

Request DefaultFullHttpRequest(decodeResult: success, version: HTTP/1.1, content: EmptyByteBufBE)
GET /session/61aff5c0b9a985053e248351e5d8d40b/element/de30e0c4-7779-46cc-a13e-ee6eb6b0595b/name HTTP/1.1
User-Agent: selenium/4.8.1 (java windows)
Cache-Control: no-cache
Content-Type: application/json; charset=utf-8
host: localhost:29777
accept: */*

Response DefaultHttpResponse(decodeResult: success, version: HTTP/1.1)
HTTP/1.1 200 OK
Content-Length: 13
Content-Type: application/json; charset=utf-8
cache-control: no-cache

16:03:25.701 [AsyncHttpClient-1-2] DEBUG org.asynchttpclient.netty.channel.ChannelManager - Adding key: http://localhost:29777 for channel [id: 0x1de9fc08, L:/127.0.0.1:63358 - R:localhost/127.0.0.1:29777]
16:03:25.703 [Forwarding findElement on session 61aff5c0b9a985053e248351e5d8d40b to remote] DEBUG org.asynchttpclient.netty.request.NettyRequestSender - Using pooled Channel '[id: 0x1de9fc08, L:/127.0.0.1:63358 - R:localhost/127.0.0.1:29777]' for 'POST' to 'http://localhost:29777/session/61aff5c0b9a985053e248351e5d8d40b/element'
16:03:25.703 [Forwarding findElement on session 61aff5c0b9a985053e248351e5d8d40b to remote] DEBUG org.asynchttpclient.netty.request.NettyRequestSender - Using open Channel [id: 0x1de9fc08, L:/127.0.0.1:63358 - R:localhost/127.0.0.1:29777] for POST '/session/61aff5c0b9a985053e248351e5d8d40b/element'
16:03:25.711 [AsyncHttpClient-1-2] DEBUG org.asynchttpclient.netty.handler.HttpHandler - 

Request DefaultHttpRequest(decodeResult: success, version: HTTP/1.1)
POST /session/61aff5c0b9a985053e248351e5d8d40b/element HTTP/1.1
User-Agent: selenium/4.8.1 (java windows)
Content-Length: 112
Content-Type: application/json; charset=utf-8
host: localhost:29777
accept: */*

Response DefaultHttpResponse(decodeResult: success, version: HTTP/1.1)
HTTP/1.1 200 OK
Content-Length: 88
Content-Type: application/json; charset=utf-8
cache-control: no-cache

16:03:25.712 [AsyncHttpClient-1-2] DEBUG org.asynchttpclient.netty.channel.ChannelManager - Adding key: http://localhost:29777 for channel [id: 0x1de9fc08, L:/127.0.0.1:63358 - R:localhost/127.0.0.1:29777]
16:03:25.714 [Forwarding clickElement on session 61aff5c0b9a985053e248351e5d8d40b to remote] DEBUG org.asynchttpclient.netty.request.NettyRequestSender - Using pooled Channel '[id: 0x1de9fc08, L:/127.0.0.1:63358 - R:localhost/127.0.0.1:29777]' for 'POST' to 'http://localhost:29777/session/61aff5c0b9a985053e248351e5d8d40b/element/de30e0c4-7779-46cc-a13e-ee6eb6b0595b/click'
16:03:25.714 [Forwarding clickElement on session 61aff5c0b9a985053e248351e5d8d40b to remote] DEBUG org.asynchttpclient.netty.request.NettyRequestSender - Using open Channel [id: 0x1de9fc08, L:/127.0.0.1:63358 - R:localhost/127.0.0.1:29777] for POST '/session/61aff5c0b9a985053e248351e5d8d40b/element/de30e0c4-7779-46cc-a13e-ee6eb6b0595b/click'
16:03:25.776 [AsyncHttpClient-1-2] DEBUG org.asynchttpclient.netty.handler.HttpHandler - 

Request DefaultHttpRequest(decodeResult: success, version: HTTP/1.1)
POST /session/61aff5c0b9a985053e248351e5d8d40b/element/de30e0c4-7779-46cc-a13e-ee6eb6b0595b/click HTTP/1.1
User-Agent: selenium/4.8.1 (java windows)
Content-Length: 50
Content-Type: application/json; charset=utf-8
host: localhost:29777
accept: */*

Response DefaultHttpResponse(decodeResult: success, version: HTTP/1.1)
HTTP/1.1 200 OK
Content-Length: 14
Content-Type: application/json; charset=utf-8
cache-control: no-cache

16:03:25.776 [AsyncHttpClient-1-2] DEBUG org.asynchttpclient.netty.channel.ChannelManager - Adding key: http://localhost:29777 for channel [id: 0x1de9fc08, L:/127.0.0.1:63358 - R:localhost/127.0.0.1:29777]
16:03:25.790 [Forwarding getAlertText on session 61aff5c0b9a985053e248351e5d8d40b to remote] DEBUG org.asynchttpclient.netty.request.NettyRequestSender - Using pooled Channel '[id: 0x1de9fc08, L:/127.0.0.1:63358 - R:localhost/127.0.0.1:29777]' for 'GET' to 'http://localhost:29777/session/61aff5c0b9a985053e248351e5d8d40b/alert/text'
16:03:25.790 [Forwarding getAlertText on session 61aff5c0b9a985053e248351e5d8d40b to remote] DEBUG org.asynchttpclient.netty.request.NettyRequestSender - Using open Channel [id: 0x1de9fc08, L:/127.0.0.1:63358 - R:localhost/127.0.0.1:29777] for GET '/session/61aff5c0b9a985053e248351e5d8d40b/alert/text'
16:03:25.993 [AsyncHttpClient-1-2] DEBUG org.asynchttpclient.netty.handler.HttpHandler - 

Request DefaultFullHttpRequest(decodeResult: success, version: HTTP/1.1, content: EmptyByteBufBE)
GET /session/61aff5c0b9a985053e248351e5d8d40b/alert/text HTTP/1.1
User-Agent: selenium/4.8.1 (java windows)
Cache-Control: no-cache
Content-Type: application/json; charset=utf-8
host: localhost:29777
accept: */*

Response DefaultHttpResponse(decodeResult: success, version: HTTP/1.1)
HTTP/1.1 404 Not Found
Content-Length: 848
Content-Type: application/json; charset=utf-8
cache-control: no-cache

16:03:25.994 [AsyncHttpClient-1-2] DEBUG org.asynchttpclient.netty.channel.ChannelManager - Adding key: http://localhost:29777 for channel [id: 0x1de9fc08, L:/127.0.0.1:63358 - R:localhost/127.0.0.1:29777]
16:03:25.995 [Forwarding getCurrentUrl on session 61aff5c0b9a985053e248351e5d8d40b to remote] DEBUG org.asynchttpclient.netty.request.NettyRequestSender - Using pooled Channel '[id: 0x1de9fc08, L:/127.0.0.1:63358 - R:localhost/127.0.0.1:29777]' for 'GET' to 'http://localhost:29777/session/61aff5c0b9a985053e248351e5d8d40b/url'
16:03:25.996 [Forwarding getCurrentUrl on session 61aff5c0b9a985053e248351e5d8d40b to remote] DEBUG org.asynchttpclient.netty.request.NettyRequestSender - Using open Channel [id: 0x1de9fc08, L:/127.0.0.1:63358 - R:localhost/127.0.0.1:29777] for GET '/session/61aff5c0b9a985053e248351e5d8d40b/url'
16:03:26.004 [AsyncHttpClient-1-2] DEBUG org.asynchttpclient.netty.handler.HttpHandler - 

Request DefaultFullHttpRequest(decodeResult: success, version: HTTP/1.1, content: EmptyByteBufBE)
GET /session/61aff5c0b9a985053e248351e5d8d40b/url HTTP/1.1
User-Agent: selenium/4.8.1 (java windows)
Cache-Control: no-cache
Content-Type: application/json; charset=utf-8
host: localhost:29777
accept: */*

Response DefaultHttpResponse(decodeResult: success, version: HTTP/1.1)
HTTP/1.1 200 OK
Content-Length: 46
Content-Type: application/json; charset=utf-8
cache-control: no-cache

16:03:26.004 [AsyncHttpClient-1-2] DEBUG org.asynchttpclient.netty.channel.ChannelManager - Adding key: http://localhost:29777 for channel [id: 0x1de9fc08, L:/127.0.0.1:63358 - R:localhost/127.0.0.1:29777]
16:03:26.006 [Forwarding screenshot on session 61aff5c0b9a985053e248351e5d8d40b to remote] DEBUG org.asynchttpclient.netty.request.NettyRequestSender - Using pooled Channel '[id: 0x1de9fc08, L:/127.0.0.1:63358 - R:localhost/127.0.0.1:29777]' for 'GET' to 'http://localhost:29777/session/61aff5c0b9a985053e248351e5d8d40b/screenshot'
16:03:26.006 [Forwarding screenshot on session 61aff5c0b9a985053e248351e5d8d40b to remote] DEBUG org.asynchttpclient.netty.request.NettyRequestSender - Using open Channel [id: 0x1de9fc08, L:/127.0.0.1:63358 - R:localhost/127.0.0.1:29777] for GET '/session/61aff5c0b9a985053e248351e5d8d40b/screenshot'
16:03:26.135 [AsyncHttpClient-1-2] DEBUG org.asynchttpclient.netty.handler.HttpHandler - 

Request DefaultFullHttpRequest(decodeResult: success, version: HTTP/1.1, content: EmptyByteBufBE)
GET /session/61aff5c0b9a985053e248351e5d8d40b/screenshot HTTP/1.1
User-Agent: selenium/4.8.1 (java windows)
Cache-Control: no-cache
Content-Type: application/json; charset=utf-8
host: localhost:29777
accept: */*

Response DefaultHttpResponse(decodeResult: success, version: HTTP/1.1)
HTTP/1.1 200 OK
Content-Length: 30064
Content-Type: application/json; charset=utf-8
cache-control: no-cache

16:03:26.136 [AsyncHttpClient-1-2] DEBUG org.asynchttpclient.netty.channel.ChannelManager - Adding key: http://localhost:29777 for channel [id: 0x1de9fc08, L:/127.0.0.1:63358 - R:localhost/127.0.0.1:29777]
16:03:26.138 [main] DEBUG net.serenitybdd.core.photography.Darkroom - Send negative for processing for target\site\serenity\ccfac0e82321c97235f5d3c8179e2587c9c59b28e8fb4bb8e7c7add63e99cf98.png
16:03:26.138 [main] DEBUG net.thucydides.core.steps.StepInterceptor - STEP DONE: user click the cart
16:03:26.138 [Darkroom Processing Line] DEBUG net.serenitybdd.core.photography.DarkroomProcessingLine - Processing screenshot image in /var/screenshots/screenshot-5762763780467441643
16:03:26.138 [Darkroom Processing Line] DEBUG net.serenitybdd.core.photography.DarkroomProcessingLine - Saving screenshot to target\site\serenity\ccfac0e82321c97235f5d3c8179e2587c9c59b28e8fb4bb8e7c7add63e99cf98.png
  &amp#27;[32mWhen &amp#27;[0m&amp#27;[32muser click the cart&amp#27;[0m                                  &amp#27;[90m# starter.stepdefinition.CartStep.userClickTheCart()&amp#27;[0m
16:03:26.153 [main] DEBUG net.thucydides.core.steps.StepInterceptor - STARTING STEP: CartStep.userClickButtonPlus - user click button plus
16:03:26.156 [Forwarding findElement on session 61aff5c0b9a985053e248351e5d8d40b to remote] DEBUG org.asynchttpclient.netty.request.NettyRequestSender - Using pooled Channel '[id: 0x1de9fc08, L:/127.0.0.1:63358 - R:localhost/127.0.0.1:29777]' for 'POST' to 'http://localhost:29777/session/61aff5c0b9a985053e248351e5d8d40b/element'
16:03:26.156 [Forwarding findElement on session 61aff5c0b9a985053e248351e5d8d40b to remote] DEBUG org.asynchttpclient.netty.request.NettyRequestSender - Using open Channel [id: 0x1de9fc08, L:/127.0.0.1:63358 - R:localhost/127.0.0.1:29777] for POST '/session/61aff5c0b9a985053e248351e5d8d40b/element'
16:03:26.167 [AsyncHttpClient-1-2] DEBUG org.asynchttpclient.netty.handler.HttpHandler - 

Request DefaultHttpRequest(decodeResult: success, version: HTTP/1.1)
POST /session/61aff5c0b9a985053e248351e5d8d40b/element HTTP/1.1
User-Agent: selenium/4.8.1 (java windows)
Content-Length: 65
Content-Type: application/json; charset=utf-8
host: localhost:29777
accept: */*

Response DefaultHttpResponse(decodeResult: success, version: HTTP/1.1)
HTTP/1.1 200 OK
Content-Length: 88
Content-Type: application/json; charset=utf-8
cache-control: no-cache

16:03:26.168 [AsyncHttpClient-1-2] DEBUG org.asynchttpclient.netty.channel.ChannelManager - Adding key: http://localhost:29777 for channel [id: 0x1de9fc08, L:/127.0.0.1:63358 - R:localhost/127.0.0.1:29777]
16:03:26.169 [Forwarding getElementTagName on session 61aff5c0b9a985053e248351e5d8d40b to remote] DEBUG org.asynchttpclient.netty.request.NettyRequestSender - Using pooled Channel '[id: 0x1de9fc08, L:/127.0.0.1:63358 - R:localhost/127.0.0.1:29777]' for 'GET' to 'http://localhost:29777/session/61aff5c0b9a985053e248351e5d8d40b/element/1bf1d77d-d2d3-4a72-ba32-968b097c5902/name'
16:03:26.169 [Forwarding getElementTagName on session 61aff5c0b9a985053e248351e5d8d40b to remote] DEBUG org.asynchttpclient.netty.request.NettyRequestSender - Using open Channel [id: 0x1de9fc08, L:/127.0.0.1:63358 - R:localhost/127.0.0.1:29777] for GET '/session/61aff5c0b9a985053e248351e5d8d40b/element/1bf1d77d-d2d3-4a72-ba32-968b097c5902/name'
16:03:26.174 [AsyncHttpClient-1-2] DEBUG org.asynchttpclient.netty.handler.HttpHandler - 

Request DefaultFullHttpRequest(decodeResult: success, version: HTTP/1.1, content: EmptyByteBufBE)
GET /session/61aff5c0b9a985053e248351e5d8d40b/element/1bf1d77d-d2d3-4a72-ba32-968b097c5902/name HTTP/1.1
User-Agent: selenium/4.8.1 (java windows)
Cache-Control: no-cache
Content-Type: application/json; charset=utf-8
host: localhost:29777
accept: */*

Response DefaultHttpResponse(decodeResult: success, version: HTTP/1.1)
HTTP/1.1 200 OK
Content-Length: 16
Content-Type: application/json; charset=utf-8
cache-control: no-cache

16:03:26.174 [AsyncHttpClient-1-2] DEBUG org.asynchttpclient.netty.channel.ChannelManager - Adding key: http://localhost:29777 for channel [id: 0x1de9fc08, L:/127.0.0.1:63358 - R:localhost/127.0.0.1:29777]
16:03:26.175 [Forwarding getElementTagName on session 61aff5c0b9a985053e248351e5d8d40b to remote] DEBUG org.asynchttpclient.netty.request.NettyRequestSender - Using pooled Channel '[id: 0x1de9fc08, L:/127.0.0.1:63358 - R:localhost/127.0.0.1:29777]' for 'GET' to 'http://localhost:29777/session/61aff5c0b9a985053e248351e5d8d40b/element/1bf1d77d-d2d3-4a72-ba32-968b097c5902/name'
16:03:26.176 [Forwarding getElementTagName on session 61aff5c0b9a985053e248351e5d8d40b to remote] DEBUG org.asynchttpclient.netty.request.NettyRequestSender - Using open Channel [id: 0x1de9fc08, L:/127.0.0.1:63358 - R:localhost/127.0.0.1:29777] for GET '/session/61aff5c0b9a985053e248351e5d8d40b/element/1bf1d77d-d2d3-4a72-ba32-968b097c5902/name'
16:03:26.179 [AsyncHttpClient-1-2] DEBUG org.asynchttpclient.netty.handler.HttpHandler - 

Request DefaultFullHttpRequest(decodeResult: success, version: HTTP/1.1, content: EmptyByteBufBE)
GET /session/61aff5c0b9a985053e248351e5d8d40b/element/1bf1d77d-d2d3-4a72-ba32-968b097c5902/name HTTP/1.1
User-Agent: selenium/4.8.1 (java windows)
Cache-Control: no-cache
Content-Type: application/json; charset=utf-8
host: localhost:29777
accept: */*

Response DefaultHttpResponse(decodeResult: success, version: HTTP/1.1)
HTTP/1.1 200 OK
Content-Length: 16
Content-Type: application/json; charset=utf-8
cache-control: no-cache

16:03:26.180 [AsyncHttpClient-1-2] DEBUG org.asynchttpclient.netty.channel.ChannelManager - Adding key: http://localhost:29777 for channel [id: 0x1de9fc08, L:/127.0.0.1:63358 - R:localhost/127.0.0.1:29777]
16:03:26.182 [Forwarding findElement on session 61aff5c0b9a985053e248351e5d8d40b to remote] DEBUG org.asynchttpclient.netty.request.NettyRequestSender - Using pooled Channel '[id: 0x1de9fc08, L:/127.0.0.1:63358 - R:localhost/127.0.0.1:29777]' for 'POST' to 'http://localhost:29777/session/61aff5c0b9a985053e248351e5d8d40b/element'
16:03:26.183 [Forwarding findElement on session 61aff5c0b9a985053e248351e5d8d40b to remote] DEBUG org.asynchttpclient.netty.request.NettyRequestSender - Using open Channel [id: 0x1de9fc08, L:/127.0.0.1:63358 - R:localhost/127.0.0.1:29777] for POST '/session/61aff5c0b9a985053e248351e5d8d40b/element'
16:03:26.189 [AsyncHttpClient-1-2] DEBUG org.asynchttpclient.netty.handler.HttpHandler - 

Request DefaultHttpRequest(decodeResult: success, version: HTTP/1.1)
POST /session/61aff5c0b9a985053e248351e5d8d40b/element HTTP/1.1
User-Agent: selenium/4.8.1 (java windows)
Content-Length: 65
Content-Type: application/json; charset=utf-8
host: localhost:29777
accept: */*

Response DefaultHttpResponse(decodeResult: success, version: HTTP/1.1)
HTTP/1.1 200 OK
Content-Length: 88
Content-Type: application/json; charset=utf-8
cache-control: no-cache

16:03:26.190 [AsyncHttpClient-1-2] DEBUG org.asynchttpclient.netty.channel.ChannelManager - Adding key: http://localhost:29777 for channel [id: 0x1de9fc08, L:/127.0.0.1:63358 - R:localhost/127.0.0.1:29777]
16:03:26.193 [Forwarding clickElement on session 61aff5c0b9a985053e248351e5d8d40b to remote] DEBUG org.asynchttpclient.netty.request.NettyRequestSender - Using pooled Channel '[id: 0x1de9fc08, L:/127.0.0.1:63358 - R:localhost/127.0.0.1:29777]' for 'POST' to 'http://localhost:29777/session/61aff5c0b9a985053e248351e5d8d40b/element/1bf1d77d-d2d3-4a72-ba32-968b097c5902/click'
16:03:26.193 [Forwarding clickElement on session 61aff5c0b9a985053e248351e5d8d40b to remote] DEBUG org.asynchttpclient.netty.request.NettyRequestSender - Using open Channel [id: 0x1de9fc08, L:/127.0.0.1:63358 - R:localhost/127.0.0.1:29777] for POST '/session/61aff5c0b9a985053e248351e5d8d40b/element/1bf1d77d-d2d3-4a72-ba32-968b097c5902/click'
16:03:26.258 [AsyncHttpClient-1-2] DEBUG org.asynchttpclient.netty.handler.HttpHandler - 

Request DefaultHttpRequest(decodeResult: success, version: HTTP/1.1)
POST /session/61aff5c0b9a985053e248351e5d8d40b/element/1bf1d77d-d2d3-4a72-ba32-968b097c5902/click HTTP/1.1
User-Agent: selenium/4.8.1 (java windows)
Content-Length: 50
Content-Type: application/json; charset=utf-8
host: localhost:29777
accept: */*

Response DefaultHttpResponse(decodeResult: success, version: HTTP/1.1)
HTTP/1.1 200 OK
Content-Length: 14
Content-Type: application/json; charset=utf-8
cache-control: no-cache

16:03:26.259 [AsyncHttpClient-1-2] DEBUG org.asynchttpclient.netty.channel.ChannelManager - Adding key: http://localhost:29777 for channel [id: 0x1de9fc08, L:/127.0.0.1:63358 - R:localhost/127.0.0.1:29777]
16:03:26.274 [Forwarding getAlertText on session 61aff5c0b9a985053e248351e5d8d40b to remote] DEBUG org.asynchttpclient.netty.request.NettyRequestSender - Using pooled Channel '[id: 0x1de9fc08, L:/127.0.0.1:63358 - R:localhost/127.0.0.1:29777]' for 'GET' to 'http://localhost:29777/session/61aff5c0b9a985053e248351e5d8d40b/alert/text'
16:03:26.274 [Forwarding getAlertText on session 61aff5c0b9a985053e248351e5d8d40b to remote] DEBUG org.asynchttpclient.netty.request.NettyRequestSender - Using open Channel [id: 0x1de9fc08, L:/127.0.0.1:63358 - R:localhost/127.0.0.1:29777] for GET '/session/61aff5c0b9a985053e248351e5d8d40b/alert/text'
16:03:26.294 [AsyncHttpClient-1-2] DEBUG org.asynchttpclient.netty.handler.HttpHandler - 

Request DefaultFullHttpRequest(decodeResult: success, version: HTTP/1.1, content: EmptyByteBufBE)
GET /session/61aff5c0b9a985053e248351e5d8d40b/alert/text HTTP/1.1
User-Agent: selenium/4.8.1 (java windows)
Cache-Control: no-cache
Content-Type: application/json; charset=utf-8
host: localhost:29777
accept: */*

Response DefaultHttpResponse(decodeResult: success, version: HTTP/1.1)
HTTP/1.1 404 Not Found
Content-Length: 848
Content-Type: application/json; charset=utf-8
cache-control: no-cache

16:03:26.295 [AsyncHttpClient-1-2] DEBUG org.asynchttpclient.netty.channel.ChannelManager - Adding key: http://localhost:29777 for channel [id: 0x1de9fc08, L:/127.0.0.1:63358 - R:localhost/127.0.0.1:29777]
16:03:26.301 [Forwarding getCurrentUrl on session 61aff5c0b9a985053e248351e5d8d40b to remote] DEBUG org.asynchttpclient.netty.request.NettyRequestSender - Using pooled Channel '[id: 0x1de9fc08, L:/127.0.0.1:63358 - R:localhost/127.0.0.1:29777]' for 'GET' to 'http://localhost:29777/session/61aff5c0b9a985053e248351e5d8d40b/url'
16:03:26.301 [Forwarding getCurrentUrl on session 61aff5c0b9a985053e248351e5d8d40b to remote] DEBUG org.asynchttpclient.netty.request.NettyRequestSender - Using open Channel [id: 0x1de9fc08, L:/127.0.0.1:63358 - R:localhost/127.0.0.1:29777] for GET '/session/61aff5c0b9a985053e248351e5d8d40b/url'
16:03:26.306 [AsyncHttpClient-1-2] DEBUG org.asynchttpclient.netty.handler.HttpHandler - 

Request DefaultFullHttpRequest(decodeResult: success, version: HTTP/1.1, content: EmptyByteBufBE)
GET /session/61aff5c0b9a985053e248351e5d8d40b/url HTTP/1.1
User-Agent: selenium/4.8.1 (java windows)
Cache-Control: no-cache
Content-Type: application/json; charset=utf-8
host: localhost:29777
accept: */*

Response DefaultHttpResponse(decodeResult: success, version: HTTP/1.1)
HTTP/1.1 200 OK
Content-Length: 46
Content-Type: application/json; charset=utf-8
cache-control: no-cache

16:03:26.306 [AsyncHttpClient-1-2] DEBUG org.asynchttpclient.netty.channel.ChannelManager - Adding key: http://localhost:29777 for channel [id: 0x1de9fc08, L:/127.0.0.1:63358 - R:localhost/127.0.0.1:29777]
16:03:26.307 [Forwarding screenshot on session 61aff5c0b9a985053e248351e5d8d40b to remote] DEBUG org.asynchttpclient.netty.request.NettyRequestSender - Using pooled Channel '[id: 0x1de9fc08, L:/127.0.0.1:63358 - R:localhost/127.0.0.1:29777]' for 'GET' to 'http://localhost:29777/session/61aff5c0b9a985053e248351e5d8d40b/screenshot'
16:03:26.307 [Forwarding screenshot on session 61aff5c0b9a985053e248351e5d8d40b to remote] DEBUG org.asynchttpclient.netty.request.NettyRequestSender - Using open Channel [id: 0x1de9fc08, L:/127.0.0.1:63358 - R:localhost/127.0.0.1:29777] for GET '/session/61aff5c0b9a985053e248351e5d8d40b/screenshot'
16:03:26.377 [AsyncHttpClient-1-1] DEBUG org.asynchttpclient.netty.channel.DefaultChannelPool - Entry count for : http://localhost:63360 : 1
16:03:26.389 [AsyncHttpClient-1-2] DEBUG org.asynchttpclient.netty.handler.HttpHandler - 

Request DefaultFullHttpRequest(decodeResult: success, version: HTTP/1.1, content: EmptyByteBufBE)
GET /session/61aff5c0b9a985053e248351e5d8d40b/screenshot HTTP/1.1
User-Agent: selenium/4.8.1 (java windows)
Cache-Control: no-cache
Content-Type: application/json; charset=utf-8
host: localhost:29777
accept: */*

Response DefaultHttpResponse(decodeResult: success, version: HTTP/1.1)
HTTP/1.1 200 OK
Content-Length: 31696
Content-Type: application/json; charset=utf-8
cache-control: no-cache

16:03:26.390 [AsyncHttpClient-1-2] DEBUG org.asynchttpclient.netty.channel.ChannelManager - Adding key: http://localhost:29777 for channel [id: 0x1de9fc08, L:/127.0.0.1:63358 - R:localhost/127.0.0.1:29777]
16:03:26.392 [main] DEBUG net.serenitybdd.core.photography.Darkroom - Send negative for processing for target\site\serenity\9958b7c6916c74699fa3dd819babf607ecde2db44b62cfe1cb085992be2850eb.png
16:03:26.392 [main] DEBUG net.thucydides.core.steps.StepInterceptor - STEP DONE: user click button plus
16:03:26.392 [Darkroom Processing Line] DEBUG net.serenitybdd.core.photography.DarkroomProcessingLine - Processing screenshot image in /var/screenshots/screenshot-7505365587405835874
16:03:26.392 [Darkroom Processing Line] DEBUG net.serenitybdd.core.photography.DarkroomProcessingLine - Saving screenshot to target\site\serenity\9958b7c6916c74699fa3dd819babf607ecde2db44b62cfe1cb085992be2850eb.png
  &amp#27;[32mAnd &amp#27;[0m&amp#27;[32muser click button plus&amp#27;[0m                                &amp#27;[90m# starter.stepdefinition.CartStep.userClickButtonPlus()&amp#27;[0m
16:03:26.404 [main] DEBUG net.thucydides.core.steps.StepInterceptor - STARTING STEP: CartStep.userSuccessAddMoreQuantityProduct - user success add more quantity product
16:03:26.407 [Forwarding findElement on session 61aff5c0b9a985053e248351e5d8d40b to remote] DEBUG org.asynchttpclient.netty.request.NettyRequestSender - Using pooled Channel '[id: 0x1de9fc08, L:/127.0.0.1:63358 - R:localhost/127.0.0.1:29777]' for 'POST' to 'http://localhost:29777/session/61aff5c0b9a985053e248351e5d8d40b/element'
16:03:26.407 [Forwarding findElement on session 61aff5c0b9a985053e248351e5d8d40b to remote] DEBUG org.asynchttpclient.netty.request.NettyRequestSender - Using open Channel [id: 0x1de9fc08, L:/127.0.0.1:63358 - R:localhost/127.0.0.1:29777] for POST '/session/61aff5c0b9a985053e248351e5d8d40b/element'
16:03:26.414 [AsyncHttpClient-1-2] DEBUG org.asynchttpclient.netty.handler.HttpHandler - 

Request DefaultHttpRequest(decodeResult: success, version: HTTP/1.1)
POST /session/61aff5c0b9a985053e248351e5d8d40b/element HTTP/1.1
User-Agent: selenium/4.8.1 (java windows)
Content-Length: 75
Content-Type: application/json; charset=utf-8
host: localhost:29777
accept: */*

Response DefaultHttpResponse(decodeResult: success, version: HTTP/1.1)
HTTP/1.1 200 OK
Content-Length: 88
Content-Type: application/json; charset=utf-8
cache-control: no-cache

16:03:26.414 [AsyncHttpClient-1-2] DEBUG org.asynchttpclient.netty.channel.ChannelManager - Adding key: http://localhost:29777 for channel [id: 0x1de9fc08, L:/127.0.0.1:63358 - R:localhost/127.0.0.1:29777]
16:03:26.417 [Forwarding isElementDisplayed on session 61aff5c0b9a985053e248351e5d8d40b to remote] DEBUG org.asynchttpclient.netty.request.NettyRequestSender - Using pooled Channel '[id: 0x1de9fc08, L:/127.0.0.1:63358 - R:localhost/127.0.0.1:29777]' for 'POST' to 'http://localhost:29777/session/61aff5c0b9a985053e248351e5d8d40b/execute/sync'
16:03:26.418 [Forwarding isElementDisplayed on session 61aff5c0b9a985053e248351e5d8d40b to remote] DEBUG org.asynchttpclient.netty.request.NettyRequestSender - Using open Channel [id: 0x1de9fc08, L:/127.0.0.1:63358 - R:localhost/127.0.0.1:29777] for POST '/session/61aff5c0b9a985053e248351e5d8d40b/execute/sync'
16:03:26.426 [AsyncHttpClient-1-2] DEBUG org.asynchttpclient.netty.handler.HttpHandler - 

Request DefaultHttpRequest(decodeResult: success, version: HTTP/1.1)
POST /session/61aff5c0b9a985053e248351e5d8d40b/execute/sync HTTP/1.1
User-Agent: selenium/4.8.1 (java windows)
Content-Length: 48807
Content-Type: application/json; charset=utf-8
host: localhost:29777
accept: */*

Response DefaultHttpResponse(decodeResult: success, version: HTTP/1.1)
HTTP/1.1 200 OK
Content-Length: 14
Content-Type: application/json; charset=utf-8
cache-control: no-cache

16:03:26.426 [AsyncHttpClient-1-2] DEBUG org.asynchttpclient.netty.channel.ChannelManager - Adding key: http://localhost:29777 for channel [id: 0x1de9fc08, L:/127.0.0.1:63358 - R:localhost/127.0.0.1:29777]
16:03:26.430 [main] DEBUG net.thucydides.core.steps.StepInterceptor - STEP DONE: user success add more quantity product
  &amp#27;[32mThen &amp#27;[0m&amp#27;[32muser success add more quantity product&amp#27;[0m               &amp#27;[90m# starter.stepdefinition.CartStep.userSuccessAddMoreQuantityProduct()&amp#27;[0m
16:03:26.441 [main] INFO  - 
  _____   ___   ___   _____     ___     _     ___   ___   ___   ___  
 |_   _| | __| / __| |_   _|   | _ \   /_\   / __| / __| | __| |   \ 
   | |   | _|  \__ \   | |     |  _/  / _ \  \__ \ \__ \ | _|  | |) |
   |_|   |___| |___/   |_|     |_|   /_/ \_\ |___/ |___/ |___| |___/ 

As a user, I want to add more product to the cart
----------------------------------------------------------------------
16:03:26.516 [Driver Command Executor] DEBUG org.asynchttpclient.netty.request.NettyRequestSender - Using pooled Channel '[id: 0x1de9fc08, L:/127.0.0.1:63358 - R:localhost/127.0.0.1:29777]' for 'DELETE' to 'http://localhost:29777/session/61aff5c0b9a985053e248351e5d8d40b'
16:03:26.516 [Driver Command Executor] DEBUG org.asynchttpclient.netty.request.NettyRequestSender - Using open Channel [id: 0x1de9fc08, L:/127.0.0.1:63358 - R:localhost/127.0.0.1:29777] for DELETE '/session/61aff5c0b9a985053e248351e5d8d40b'
16:03:26.894 [AsyncHttpClient-1-4] DEBUG org.asynchttpclient.netty.handler.WebSocketHandler - Unexpected I/O exception on channel [id: 0xce1100e1, L:/127.0.0.1:63366 - R:localhost/127.0.0.1:63360]
java.io.IOException: An existing connection was forcibly closed by the remote host
	at sun.nio.ch.SocketDispatcher.read0(Native Method)
	at sun.nio.ch.SocketDispatcher.read(SocketDispatcher.java:43)
	at sun.nio.ch.IOUtil.readIntoNativeBuffer(IOUtil.java:223)
	at sun.nio.ch.IOUtil.read(IOUtil.java:192)
	at sun.nio.ch.SocketChannelImpl.read(SocketChannelImpl.java:378)
	at io.netty.buffer.PooledByteBuf.setBytes(PooledByteBuf.java:259)
	at io.netty.buffer.AbstractByteBuf.writeBytes(AbstractByteBuf.java:1132)
	at io.netty.channel.socket.nio.NioSocketChannel.doReadBytes(NioSocketChannel.java:357)
	at io.netty.channel.nio.AbstractNioByteChannel$NioByteUnsafe.read(AbstractNioByteChannel.java:151)
	at io.netty.channel.nio.NioEventLoop.processSelectedKey(NioEventLoop.java:788)
	at io.netty.channel.nio.NioEventLoop.processSelectedKeysOptimized(NioEventLoop.java:724)
	at io.netty.channel.nio.NioEventLoop.processSelectedKeys(NioEventLoop.java:650)
	at io.netty.channel.nio.NioEventLoop.run(NioEventLoop.java:562)
	at io.netty.util.concurrent.SingleThreadEventExecutor$4.run(SingleThreadEventExecutor.java:997)
	at io.netty.util.internal.ThreadExecutorMap$2.run(ThreadExecutorMap.java:74)
	at io.netty.util.concurrent.FastThreadLocalRunnable.run(FastThreadLocalRunnable.java:30)
	at java.lang.Thread.run(Thread.java:748)
16:03:26.894 [AsyncHttpClient-1-3] DEBUG org.asynchttpclient.netty.handler.HttpHandler - Unexpected I/O exception on channel [id: 0x8acf754d, L:/127.0.0.1:63365 - R:localhost/127.0.0.1:63360]
java.io.IOException: An existing connection was forcibly closed by the remote host
	at sun.nio.ch.SocketDispatcher.read0(Native Method)
	at sun.nio.ch.SocketDispatcher.read(SocketDispatcher.java:43)
	at sun.nio.ch.IOUtil.readIntoNativeBuffer(IOUtil.java:223)
	at sun.nio.ch.IOUtil.read(IOUtil.java:192)
	at sun.nio.ch.SocketChannelImpl.read(SocketChannelImpl.java:378)
	at io.netty.buffer.PooledByteBuf.setBytes(PooledByteBuf.java:259)
	at io.netty.buffer.AbstractByteBuf.writeBytes(AbstractByteBuf.java:1132)
	at io.netty.channel.socket.nio.NioSocketChannel.doReadBytes(NioSocketChannel.java:357)
	at io.netty.channel.nio.AbstractNioByteChannel$NioByteUnsafe.read(AbstractNioByteChannel.java:151)
	at io.netty.channel.nio.NioEventLoop.processSelectedKey(NioEventLoop.java:788)
	at io.netty.channel.nio.NioEventLoop.processSelectedKeysOptimized(NioEventLoop.java:724)
	at io.netty.channel.nio.NioEventLoop.processSelectedKeys(NioEventLoop.java:650)
	at io.netty.channel.nio.NioEventLoop.run(NioEventLoop.java:562)
	at io.netty.util.concurrent.SingleThreadEventExecutor$4.run(SingleThreadEventExecutor.java:997)
	at io.netty.util.internal.ThreadExecutorMap$2.run(ThreadExecutorMap.java:74)
	at io.netty.util.concurrent.FastThreadLocalRunnable.run(FastThreadLocalRunnable.java:30)
	at java.lang.Thread.run(Thread.java:748)
16:03:26.895 [AsyncHttpClient-1-3] DEBUG org.asynchttpclient.netty.channel.ChannelManager - Closing Channel [id: 0x8acf754d, L:/127.0.0.1:63365 - R:localhost/127.0.0.1:63360] 
16:03:26.895 [AsyncHttpClient-1-4] DEBUG org.asynchttpclient.netty.handler.WebSocketHandler - Trying to recover from dead Channel: [id: 0xce1100e1, L:/127.0.0.1:63366 - R:localhost/127.0.0.1:63360]
16:03:26.897 [AsyncHttpClient-1-4] DEBUG org.asynchttpclient.netty.handler.WebSocketHandler - Channel Closed: [id: 0xce1100e1, L:/127.0.0.1:63366 ! R:localhost/127.0.0.1:63360] with attribute NettyResponseFuture{currentRetry=0,
	isDone=1,
	isCancelled=0,
	asyncHandler=org.asynchttpclient.ws.WebSocketUpgradeHandler@4e4807e2,
	nettyRequest=org.asynchttpclient.netty.request.NettyRequest@25ae806a,
	future=java.util.concurrent.CompletableFuture@404c710e[Completed normally],
	uri=ws://localhost:63360/devtools/browser/a3cdb049-d0c4-4820-a9d7-4c99b1a79dec,
	keepAlive=true,
	redirectCount=0,
	timeoutsHolder=null,
	inAuth=0,
	touch=1683104606894}
16:03:26.897 [AsyncHttpClient-1-4] DEBUG org.asynchttpclient.netty.channel.ChannelManager - Closing Channel [id: 0xce1100e1, L:/127.0.0.1:63366 ! R:localhost/127.0.0.1:63360] 
16:03:26.898 [AsyncHttpClient-1-3] DEBUG org.asynchttpclient.netty.handler.HttpHandler - Channel Closed: [id: 0x8acf754d, L:/127.0.0.1:63365 ! R:localhost/127.0.0.1:63360] with attribute DISCARD
16:03:26.915 [AsyncHttpClient-1-2] DEBUG org.asynchttpclient.netty.handler.HttpHandler - 

Request DefaultFullHttpRequest(decodeResult: success, version: HTTP/1.1, content: EmptyByteBufBE)
DELETE /session/61aff5c0b9a985053e248351e5d8d40b HTTP/1.1
User-Agent: selenium/4.8.1 (java windows)
Content-Type: application/json; charset=utf-8
host: localhost:29777
accept: */*

Response DefaultHttpResponse(decodeResult: success, version: HTTP/1.1)
HTTP/1.1 200 OK
Content-Length: 14
Content-Type: application/json; charset=utf-8
cache-control: no-cache

16:03:26.915 [AsyncHttpClient-1-2] DEBUG org.asynchttpclient.netty.channel.ChannelManager - Adding key: http://localhost:29777 for channel [id: 0x1de9fc08, L:/127.0.0.1:63358 - R:localhost/127.0.0.1:29777]
16:03:27.021 [AsyncHttpClient-1-2] DEBUG org.asynchttpclient.netty.handler.HttpHandler - Channel Closed: [id: 0x1de9fc08, L:/127.0.0.1:63358 ! R:localhost/127.0.0.1:29777] with attribute DISCARD
16:03:27.480 [AsyncHttpClient-1-1] DEBUG org.asynchttpclient.netty.channel.DefaultChannelPool - Entry count for : http://localhost:63360 : 1
16:03:27.480 [AsyncHttpClient-1-1] DEBUG org.asynchttpclient.netty.channel.DefaultChannelPool - Entry count for : http://localhost:29777 : 1
16:03:27.480 [AsyncHttpClient-1-1] DEBUG org.asynchttpclient.netty.channel.DefaultChannelPool - Adding Candidate expired Channel [id: 0x8acf754d, L:/127.0.0.1:63365 ! R:localhost/127.0.0.1:63360] isIdleTimeoutExpired=false isRemotelyClosed=true isTtlExpired=false
16:03:27.481 [AsyncHttpClient-1-1] DEBUG org.asynchttpclient.netty.channel.DefaultChannelPool - Closing Idle Channel [id: 0x8acf754d, L:/127.0.0.1:63365 ! R:localhost/127.0.0.1:63360]
16:03:27.481 [AsyncHttpClient-1-1] DEBUG org.asynchttpclient.netty.channel.DefaultChannelPool - Adding Candidate expired Channel [id: 0x1de9fc08, L:/127.0.0.1:63358 ! R:localhost/127.0.0.1:29777] isIdleTimeoutExpired=false isRemotelyClosed=true isTtlExpired=false
16:03:27.481 [AsyncHttpClient-1-1] DEBUG org.asynchttpclient.netty.channel.DefaultChannelPool - Closing Idle Channel [id: 0x1de9fc08, L:/127.0.0.1:63358 ! R:localhost/127.0.0.1:29777]
16:03:27.481 [AsyncHttpClient-1-1] DEBUG org.asynchttpclient.netty.channel.DefaultChannelPool - Closed 2 connections out of 2 in 1 ms
]]></system-out>
    <system-err><![CDATA[Starting ChromeDriver 112.0.5615.49 (bd2a7bcb881c11e8cfe3078709382934e3916914-refs/branch-heads/5615@{#936}) on port 29777
Only local connections are allowed.
Please see https://chromedriver.chromium.org/security-considerations for suggestions on keeping ChromeDriver safe.
ChromeDriver was started successfully.
May 03, 2023 4:03:09 PM org.openqa.selenium.devtools.CdpVersionFinder findNearestMatch
WARNING: Unable to find an exact match for CDP version 112, so returning the closest version found: 110
]]></system-err>
  </testcase>
  <testcase name="As a user, I want to pay the product" classname="Cart - As a user I want to pay for the product So that I have to check the cart to pay" time="16.983">
    <system-out><![CDATA[
@TC_Cart_002
Scenario: As a user, I want to pay the product &amp#27;[90m# src/test/resources/features/Cart.feature:12&amp#27;[0m
16:03:27.589 [main] DEBUG io.cucumber.core.plugin.SerenityReporter - Running feature from file:///C:/Users/user/Downloads/QE_Devi-Agustin-Utari/Mini%20Project/Source_Mini_Project/Web_Automation_AltaShop/src/test/resources/features/Cart.feature
16:03:27.593 [main] INFO  - 
  _____   ___   ___   _____     ___   _____     _     ___   _____   ___   ___  
 |_   _| | __| / __| |_   _|   / __| |_   _|   /_\   | _ \ |_   _| | __| |   \ 
   | |   | _|  \__ \   | |     \__ \   | |    / _ \  |   /   | |   | _|  | |) |
   |_|   |___| |___/   |_|     |___/   |_|   /_/ \_\ |_|_\   |_|   |___| |___/ 

As a user, I want to pay the product(cart---as-a-user-i-want-to-pay-for-the-product-so-that-i-have-to-check-the-cart-to-pay;as-a-user--i-want-to-pay-the-product)
--------------------------------------------------------------------------------
16:03:27.623 [main] DEBUG net.thucydides.core.steps.StepInterceptor - STARTING STEP: LoginStep.userSuccessLogin - user on login page
16:03:27.726 [main] INFO net.serenitybdd.core.webdriver.driverproviders.ChromeDriverProvider - Starting Chrome driver instance with capabilities:
16:03:27.727 [main] INFO net.serenitybdd.core.webdriver.driverproviders.ChromeDriverProvider - Capabilities {acceptInsecureCerts: true, browserName: chrome, goog:chromeOptions: {args: [remote-allow-origins=*, test-type, no-sandbox, ignore-certificate-errors, start-maximized, incognito, disable-infobars, disable-gpu, disable-default-apps, disable-popup-blocking, remote-allow-origins=*, test-type, no-sandbox, ignore-certificate-errors, start-maximized, incognito, disable-infobars, disable-gpu, disable-default-apps, disable-popup-blocking, remote-allow-origins=*], extensions: []}}
16:03:28.582 [AsyncHttpClient-1-5] DEBUG org.asynchttpclient.netty.channel.NettyConnectListener - Using new Channel '[id: 0xa5e1503d, L:/127.0.0.1:63391 - R:localhost/127.0.0.1:26368]' for 'POST' to '/session'
16:03:33.792 [AsyncHttpClient-1-5] DEBUG org.asynchttpclient.netty.handler.HttpHandler - 

Request DefaultHttpRequest(decodeResult: success, version: HTTP/1.1)
POST /session HTTP/1.1
User-Agent: selenium/4.8.1 (java windows)
Content-Length: 1701
Content-Type: application/json; charset=utf-8
host: localhost:26368
accept: */*

Response DefaultHttpResponse(decodeResult: success, version: HTTP/1.1)
HTTP/1.1 200 OK
Content-Length: 843
Content-Type: application/json; charset=utf-8
cache-control: no-cache

16:03:33.792 [AsyncHttpClient-1-5] DEBUG org.asynchttpclient.netty.channel.ChannelManager - Adding key: http://localhost:26368 for channel [id: 0xa5e1503d, L:/127.0.0.1:63391 - R:localhost/127.0.0.1:26368]
16:03:33.801 [AsyncHttpClient-1-6] DEBUG org.asynchttpclient.netty.channel.NettyConnectListener - Using new Channel '[id: 0xd05f3a0b, L:/127.0.0.1:63399 - R:localhost/127.0.0.1:63394]' for 'GET' to '/json/version'
16:03:33.802 [AsyncHttpClient-1-6] DEBUG org.asynchttpclient.netty.handler.HttpHandler - 

Request DefaultFullHttpRequest(decodeResult: success, version: HTTP/1.1, content: EmptyByteBufBE)
GET /json/version HTTP/1.1
User-Agent: selenium/4.8.1 (java windows)
host: localhost:63394
accept: */*

Response DefaultHttpResponse(decodeResult: success, version: HTTP/1.1)
HTTP/1.1 200 OK
Content-Security-Policy: frame-ancestors 'none'
Content-Length: 424
Content-Type: application/json; charset=UTF-8

16:03:33.803 [AsyncHttpClient-1-6] DEBUG org.asynchttpclient.netty.channel.ChannelManager - Adding key: http://localhost:63394 for channel [id: 0xd05f3a0b, L:/127.0.0.1:63399 - R:localhost/127.0.0.1:63394]
16:03:33.806 [AsyncHttpClient-1-7] DEBUG org.asynchttpclient.netty.channel.NettyConnectListener - Using new Channel '[id: 0xe79e5781, L:/127.0.0.1:63400 - R:localhost/127.0.0.1:63394]' for 'GET' to '/devtools/browser/e6e08623-f44d-4e9a-a254-221ae9cd0cfd'
16:03:33.807 [AsyncHttpClient-1-7] DEBUG org.asynchttpclient.netty.handler.WebSocketHandler - 

Request DefaultFullHttpRequest(decodeResult: success, version: HTTP/1.1, content: EmptyByteBufBE)
GET /devtools/browser/e6e08623-f44d-4e9a-a254-221ae9cd0cfd HTTP/1.1
upgrade: websocket
connection: upgrade
sec-websocket-key: 5zn9Nwjz/y6EpOUd5mttlQ==
sec-websocket-version: 13
origin: http://localhost:63394
host: localhost:63394
accept: */*
user-agent: AHC/2.1

Response DefaultHttpResponse(decodeResult: success, version: HTTP/1.1)
HTTP/1.1 101 WebSocket Protocol Handshake
Upgrade: WebSocket
Connection: Upgrade
Sec-WebSocket-Accept: 4aiKVjAtpWbR2i/9P3eu6/f0bL8=

16:03:33.812 [Forwarding get on session 509bb87e13751f3ca6e862645badaf3b to remote] DEBUG org.asynchttpclient.netty.request.NettyRequestSender - Using pooled Channel '[id: 0xa5e1503d, L:/127.0.0.1:63391 - R:localhost/127.0.0.1:26368]' for 'POST' to 'http://localhost:26368/session/509bb87e13751f3ca6e862645badaf3b/url'
16:03:33.812 [Forwarding get on session 509bb87e13751f3ca6e862645badaf3b to remote] DEBUG org.asynchttpclient.netty.request.NettyRequestSender - Using open Channel [id: 0xa5e1503d, L:/127.0.0.1:63391 - R:localhost/127.0.0.1:26368] for POST '/session/509bb87e13751f3ca6e862645badaf3b/url'
16:03:34.080 [AsyncHttpClient-1-1] DEBUG org.asynchttpclient.netty.channel.DefaultChannelPool - Entry count for : http://localhost:63394 : 1
16:03:34.958 [AsyncHttpClient-1-5] DEBUG org.asynchttpclient.netty.handler.HttpHandler - 

Request DefaultHttpRequest(decodeResult: success, version: HTTP/1.1)
POST /session/509bb87e13751f3ca6e862645badaf3b/url HTTP/1.1
User-Agent: selenium/4.8.1 (java windows)
Content-Length: 74
Content-Type: application/json; charset=utf-8
host: localhost:26368
accept: */*

Response DefaultHttpResponse(decodeResult: success, version: HTTP/1.1)
HTTP/1.1 200 OK
Content-Length: 14
Content-Type: application/json; charset=utf-8
cache-control: no-cache

16:03:34.958 [AsyncHttpClient-1-5] DEBUG org.asynchttpclient.netty.channel.ChannelManager - Adding key: http://localhost:26368 for channel [id: 0xa5e1503d, L:/127.0.0.1:63391 - R:localhost/127.0.0.1:26368]
16:03:34.960 [Forwarding setTimeout on session 509bb87e13751f3ca6e862645badaf3b to remote] DEBUG org.asynchttpclient.netty.request.NettyRequestSender - Using pooled Channel '[id: 0xa5e1503d, L:/127.0.0.1:63391 - R:localhost/127.0.0.1:26368]' for 'POST' to 'http://localhost:26368/session/509bb87e13751f3ca6e862645badaf3b/timeouts'
16:03:34.961 [Forwarding setTimeout on session 509bb87e13751f3ca6e862645badaf3b to remote] DEBUG org.asynchttpclient.netty.request.NettyRequestSender - Using open Channel [id: 0xa5e1503d, L:/127.0.0.1:63391 - R:localhost/127.0.0.1:26368] for POST '/session/509bb87e13751f3ca6e862645badaf3b/timeouts'
16:03:34.966 [AsyncHttpClient-1-5] DEBUG org.asynchttpclient.netty.handler.HttpHandler - 

Request DefaultHttpRequest(decodeResult: success, version: HTTP/1.1)
POST /session/509bb87e13751f3ca6e862645badaf3b/timeouts HTTP/1.1
User-Agent: selenium/4.8.1 (java windows)
Content-Length: 22
Content-Type: application/json; charset=utf-8
host: localhost:26368
accept: */*

Response DefaultHttpResponse(decodeResult: success, version: HTTP/1.1)
HTTP/1.1 200 OK
Content-Length: 14
Content-Type: application/json; charset=utf-8
cache-control: no-cache

16:03:34.966 [AsyncHttpClient-1-5] DEBUG org.asynchttpclient.netty.channel.ChannelManager - Adding key: http://localhost:26368 for channel [id: 0xa5e1503d, L:/127.0.0.1:63391 - R:localhost/127.0.0.1:26368]
16:03:34.975 [Forwarding findElement on session 509bb87e13751f3ca6e862645badaf3b to remote] DEBUG org.asynchttpclient.netty.request.NettyRequestSender - Using pooled Channel '[id: 0xa5e1503d, L:/127.0.0.1:63391 - R:localhost/127.0.0.1:26368]' for 'POST' to 'http://localhost:26368/session/509bb87e13751f3ca6e862645badaf3b/element'
16:03:34.975 [Forwarding findElement on session 509bb87e13751f3ca6e862645badaf3b to remote] DEBUG org.asynchttpclient.netty.request.NettyRequestSender - Using open Channel [id: 0xa5e1503d, L:/127.0.0.1:63391 - R:localhost/127.0.0.1:26368] for POST '/session/509bb87e13751f3ca6e862645badaf3b/element'
16:03:34.991 [AsyncHttpClient-1-5] DEBUG org.asynchttpclient.netty.handler.HttpHandler - 

Request DefaultHttpRequest(decodeResult: success, version: HTTP/1.1)
POST /session/509bb87e13751f3ca6e862645badaf3b/element HTTP/1.1
User-Agent: selenium/4.8.1 (java windows)
Content-Length: 69
Content-Type: application/json; charset=utf-8
host: localhost:26368
accept: */*

Response DefaultHttpResponse(decodeResult: success, version: HTTP/1.1)
HTTP/1.1 200 OK
Content-Length: 88
Content-Type: application/json; charset=utf-8
cache-control: no-cache

16:03:34.991 [AsyncHttpClient-1-5] DEBUG org.asynchttpclient.netty.channel.ChannelManager - Adding key: http://localhost:26368 for channel [id: 0xa5e1503d, L:/127.0.0.1:63391 - R:localhost/127.0.0.1:26368]
16:03:34.998 [Forwarding isElementDisplayed on session 509bb87e13751f3ca6e862645badaf3b to remote] DEBUG org.asynchttpclient.netty.request.NettyRequestSender - Using pooled Channel '[id: 0xa5e1503d, L:/127.0.0.1:63391 - R:localhost/127.0.0.1:26368]' for 'POST' to 'http://localhost:26368/session/509bb87e13751f3ca6e862645badaf3b/execute/sync'
16:03:34.998 [Forwarding isElementDisplayed on session 509bb87e13751f3ca6e862645badaf3b to remote] DEBUG org.asynchttpclient.netty.request.NettyRequestSender - Using open Channel [id: 0xa5e1503d, L:/127.0.0.1:63391 - R:localhost/127.0.0.1:26368] for POST '/session/509bb87e13751f3ca6e862645badaf3b/execute/sync'
16:03:35.017 [AsyncHttpClient-1-5] DEBUG org.asynchttpclient.netty.handler.HttpHandler - 

Request DefaultHttpRequest(decodeResult: success, version: HTTP/1.1)
POST /session/509bb87e13751f3ca6e862645badaf3b/execute/sync HTTP/1.1
User-Agent: selenium/4.8.1 (java windows)
Content-Length: 48807
Content-Type: application/json; charset=utf-8
host: localhost:26368
accept: */*

Response DefaultHttpResponse(decodeResult: success, version: HTTP/1.1)
HTTP/1.1 200 OK
Content-Length: 14
Content-Type: application/json; charset=utf-8
cache-control: no-cache

16:03:35.017 [AsyncHttpClient-1-5] DEBUG org.asynchttpclient.netty.channel.ChannelManager - Adding key: http://localhost:26368 for channel [id: 0xa5e1503d, L:/127.0.0.1:63391 - R:localhost/127.0.0.1:26368]
16:03:35.025 [Forwarding getAlertText on session 509bb87e13751f3ca6e862645badaf3b to remote] DEBUG org.asynchttpclient.netty.request.NettyRequestSender - Using pooled Channel '[id: 0xa5e1503d, L:/127.0.0.1:63391 - R:localhost/127.0.0.1:26368]' for 'GET' to 'http://localhost:26368/session/509bb87e13751f3ca6e862645badaf3b/alert/text'
16:03:35.025 [Forwarding getAlertText on session 509bb87e13751f3ca6e862645badaf3b to remote] DEBUG org.asynchttpclient.netty.request.NettyRequestSender - Using open Channel [id: 0xa5e1503d, L:/127.0.0.1:63391 - R:localhost/127.0.0.1:26368] for GET '/session/509bb87e13751f3ca6e862645badaf3b/alert/text'
16:03:35.027 [AsyncHttpClient-1-5] DEBUG org.asynchttpclient.netty.handler.HttpHandler - 

Request DefaultFullHttpRequest(decodeResult: success, version: HTTP/1.1, content: EmptyByteBufBE)
GET /session/509bb87e13751f3ca6e862645badaf3b/alert/text HTTP/1.1
User-Agent: selenium/4.8.1 (java windows)
Cache-Control: no-cache
Content-Type: application/json; charset=utf-8
host: localhost:26368
accept: */*

Response DefaultHttpResponse(decodeResult: success, version: HTTP/1.1)
HTTP/1.1 404 Not Found
Content-Length: 848
Content-Type: application/json; charset=utf-8
cache-control: no-cache

16:03:35.027 [AsyncHttpClient-1-5] DEBUG org.asynchttpclient.netty.channel.ChannelManager - Adding key: http://localhost:26368 for channel [id: 0xa5e1503d, L:/127.0.0.1:63391 - R:localhost/127.0.0.1:26368]
16:03:35.030 [Forwarding getCurrentUrl on session 509bb87e13751f3ca6e862645badaf3b to remote] DEBUG org.asynchttpclient.netty.request.NettyRequestSender - Using pooled Channel '[id: 0xa5e1503d, L:/127.0.0.1:63391 - R:localhost/127.0.0.1:26368]' for 'GET' to 'http://localhost:26368/session/509bb87e13751f3ca6e862645badaf3b/url'
16:03:35.030 [Forwarding getCurrentUrl on session 509bb87e13751f3ca6e862645badaf3b to remote] DEBUG org.asynchttpclient.netty.request.NettyRequestSender - Using open Channel [id: 0xa5e1503d, L:/127.0.0.1:63391 - R:localhost/127.0.0.1:26368] for GET '/session/509bb87e13751f3ca6e862645badaf3b/url'
16:03:35.035 [AsyncHttpClient-1-5] DEBUG org.asynchttpclient.netty.handler.HttpHandler - 

Request DefaultFullHttpRequest(decodeResult: success, version: HTTP/1.1, content: EmptyByteBufBE)
GET /session/509bb87e13751f3ca6e862645badaf3b/url HTTP/1.1
User-Agent: selenium/4.8.1 (java windows)
Cache-Control: no-cache
Content-Type: application/json; charset=utf-8
host: localhost:26368
accept: */*

Response DefaultHttpResponse(decodeResult: success, version: HTTP/1.1)
HTTP/1.1 200 OK
Content-Length: 51
Content-Type: application/json; charset=utf-8
cache-control: no-cache

16:03:35.035 [AsyncHttpClient-1-5] DEBUG org.asynchttpclient.netty.channel.ChannelManager - Adding key: http://localhost:26368 for channel [id: 0xa5e1503d, L:/127.0.0.1:63391 - R:localhost/127.0.0.1:26368]
16:03:35.037 [Forwarding screenshot on session 509bb87e13751f3ca6e862645badaf3b to remote] DEBUG org.asynchttpclient.netty.request.NettyRequestSender - Using pooled Channel '[id: 0xa5e1503d, L:/127.0.0.1:63391 - R:localhost/127.0.0.1:26368]' for 'GET' to 'http://localhost:26368/session/509bb87e13751f3ca6e862645badaf3b/screenshot'
16:03:35.037 [Forwarding screenshot on session 509bb87e13751f3ca6e862645badaf3b to remote] DEBUG org.asynchttpclient.netty.request.NettyRequestSender - Using open Channel [id: 0xa5e1503d, L:/127.0.0.1:63391 - R:localhost/127.0.0.1:26368] for GET '/session/509bb87e13751f3ca6e862645badaf3b/screenshot'
16:03:35.135 [AsyncHttpClient-1-5] DEBUG org.asynchttpclient.netty.handler.HttpHandler - 

Request DefaultFullHttpRequest(decodeResult: success, version: HTTP/1.1, content: EmptyByteBufBE)
GET /session/509bb87e13751f3ca6e862645badaf3b/screenshot HTTP/1.1
User-Agent: selenium/4.8.1 (java windows)
Cache-Control: no-cache
Content-Type: application/json; charset=utf-8
host: localhost:26368
accept: */*

Response DefaultHttpResponse(decodeResult: success, version: HTTP/1.1)
HTTP/1.1 200 OK
Content-Length: 25060
Content-Type: application/json; charset=utf-8
cache-control: no-cache

16:03:35.135 [AsyncHttpClient-1-5] DEBUG org.asynchttpclient.netty.channel.ChannelManager - Adding key: http://localhost:26368 for channel [id: 0xa5e1503d, L:/127.0.0.1:63391 - R:localhost/127.0.0.1:26368]
16:03:35.138 [main] DEBUG net.serenitybdd.core.photography.Darkroom - Send negative for processing for target\site\serenity\1db263dd5c04c8fe15e82ee6420144d4e1e7b9826b9315cfd7ec5b5d0da76045.png
16:03:35.138 [main] DEBUG net.thucydides.core.steps.StepInterceptor - STEP DONE: user on login page
16:03:35.143 [main] DEBUG net.thucydides.core.steps.StepInterceptor - STARTING STEP: LoginStep.userSuccessLogin - user input valid email
16:03:35.147 [Forwarding findElement on session 509bb87e13751f3ca6e862645badaf3b to remote] DEBUG org.asynchttpclient.netty.request.NettyRequestSender - Using pooled Channel '[id: 0xa5e1503d, L:/127.0.0.1:63391 - R:localhost/127.0.0.1:26368]' for 'POST' to 'http://localhost:26368/session/509bb87e13751f3ca6e862645badaf3b/element'
16:03:35.147 [Forwarding findElement on session 509bb87e13751f3ca6e862645badaf3b to remote] DEBUG org.asynchttpclient.netty.request.NettyRequestSender - Using open Channel [id: 0xa5e1503d, L:/127.0.0.1:63391 - R:localhost/127.0.0.1:26368] for POST '/session/509bb87e13751f3ca6e862645badaf3b/element'
16:03:35.160 [AsyncHttpClient-1-5] DEBUG org.asynchttpclient.netty.handler.HttpHandler - 

Request DefaultHttpRequest(decodeResult: success, version: HTTP/1.1)
POST /session/509bb87e13751f3ca6e862645badaf3b/element HTTP/1.1
User-Agent: selenium/4.8.1 (java windows)
Content-Length: 55
Content-Type: application/json; charset=utf-8
host: localhost:26368
accept: */*

Response DefaultHttpResponse(decodeResult: success, version: HTTP/1.1)
HTTP/1.1 200 OK
Content-Length: 88
Content-Type: application/json; charset=utf-8
cache-control: no-cache

16:03:35.161 [AsyncHttpClient-1-5] DEBUG org.asynchttpclient.netty.channel.ChannelManager - Adding key: http://localhost:26368 for channel [id: 0xa5e1503d, L:/127.0.0.1:63391 - R:localhost/127.0.0.1:26368]
16:03:35.163 [Forwarding clearElement on session 509bb87e13751f3ca6e862645badaf3b to remote] DEBUG org.asynchttpclient.netty.request.NettyRequestSender - Using pooled Channel '[id: 0xa5e1503d, L:/127.0.0.1:63391 - R:localhost/127.0.0.1:26368]' for 'POST' to 'http://localhost:26368/session/509bb87e13751f3ca6e862645badaf3b/element/0bb492dd-dc81-4cc5-941e-0b87e17c2baf/clear'
16:03:35.163 [Forwarding clearElement on session 509bb87e13751f3ca6e862645badaf3b to remote] DEBUG org.asynchttpclient.netty.request.NettyRequestSender - Using open Channel [id: 0xa5e1503d, L:/127.0.0.1:63391 - R:localhost/127.0.0.1:26368] for POST '/session/509bb87e13751f3ca6e862645badaf3b/element/0bb492dd-dc81-4cc5-941e-0b87e17c2baf/clear'
16:03:35.184 [AsyncHttpClient-1-1] DEBUG org.asynchttpclient.netty.channel.DefaultChannelPool - Entry count for : http://localhost:63394 : 1
16:03:35.203 [AsyncHttpClient-1-5] DEBUG org.asynchttpclient.netty.handler.HttpHandler - 

Request DefaultHttpRequest(decodeResult: success, version: HTTP/1.1)
POST /session/509bb87e13751f3ca6e862645badaf3b/element/0bb492dd-dc81-4cc5-941e-0b87e17c2baf/clear HTTP/1.1
User-Agent: selenium/4.8.1 (java windows)
Content-Length: 50
Content-Type: application/json; charset=utf-8
host: localhost:26368
accept: */*

Response DefaultHttpResponse(decodeResult: success, version: HTTP/1.1)
HTTP/1.1 200 OK
Content-Length: 14
Content-Type: application/json; charset=utf-8
cache-control: no-cache

16:03:35.203 [AsyncHttpClient-1-5] DEBUG org.asynchttpclient.netty.channel.ChannelManager - Adding key: http://localhost:26368 for channel [id: 0xa5e1503d, L:/127.0.0.1:63391 - R:localhost/127.0.0.1:26368]
16:03:35.206 [Forwarding sendKeysToElement on session 509bb87e13751f3ca6e862645badaf3b to remote] DEBUG org.asynchttpclient.netty.request.NettyRequestSender - Using pooled Channel '[id: 0xa5e1503d, L:/127.0.0.1:63391 - R:localhost/127.0.0.1:26368]' for 'POST' to 'http://localhost:26368/session/509bb87e13751f3ca6e862645badaf3b/element/0bb492dd-dc81-4cc5-941e-0b87e17c2baf/value'
16:03:35.206 [Forwarding sendKeysToElement on session 509bb87e13751f3ca6e862645badaf3b to remote] DEBUG org.asynchttpclient.netty.request.NettyRequestSender - Using open Channel [id: 0xa5e1503d, L:/127.0.0.1:63391 - R:localhost/127.0.0.1:26368] for POST '/session/509bb87e13751f3ca6e862645badaf3b/element/0bb492dd-dc81-4cc5-941e-0b87e17c2baf/value'
16:03:35.354 [AsyncHttpClient-1-5] DEBUG org.asynchttpclient.netty.handler.HttpHandler - 

Request DefaultHttpRequest(decodeResult: success, version: HTTP/1.1)
POST /session/509bb87e13751f3ca6e862645badaf3b/element/0bb492dd-dc81-4cc5-941e-0b87e17c2baf/value HTTP/1.1
User-Agent: selenium/4.8.1 (java windows)
Content-Length: 231
Content-Type: application/json; charset=utf-8
host: localhost:26368
accept: */*

Response DefaultHttpResponse(decodeResult: success, version: HTTP/1.1)
HTTP/1.1 200 OK
Content-Length: 14
Content-Type: application/json; charset=utf-8
cache-control: no-cache

16:03:35.355 [AsyncHttpClient-1-5] DEBUG org.asynchttpclient.netty.channel.ChannelManager - Adding key: http://localhost:26368 for channel [id: 0xa5e1503d, L:/127.0.0.1:63391 - R:localhost/127.0.0.1:26368]
16:03:35.367 [Forwarding getAlertText on session 509bb87e13751f3ca6e862645badaf3b to remote] DEBUG org.asynchttpclient.netty.request.NettyRequestSender - Using pooled Channel '[id: 0xa5e1503d, L:/127.0.0.1:63391 - R:localhost/127.0.0.1:26368]' for 'GET' to 'http://localhost:26368/session/509bb87e13751f3ca6e862645badaf3b/alert/text'
16:03:35.367 [Forwarding getAlertText on session 509bb87e13751f3ca6e862645badaf3b to remote] DEBUG org.asynchttpclient.netty.request.NettyRequestSender - Using open Channel [id: 0xa5e1503d, L:/127.0.0.1:63391 - R:localhost/127.0.0.1:26368] for GET '/session/509bb87e13751f3ca6e862645badaf3b/alert/text'
16:03:35.376 [AsyncHttpClient-1-5] DEBUG org.asynchttpclient.netty.handler.HttpHandler - 

Request DefaultFullHttpRequest(decodeResult: success, version: HTTP/1.1, content: EmptyByteBufBE)
GET /session/509bb87e13751f3ca6e862645badaf3b/alert/text HTTP/1.1
User-Agent: selenium/4.8.1 (java windows)
Cache-Control: no-cache
Content-Type: application/json; charset=utf-8
host: localhost:26368
accept: */*

Response DefaultHttpResponse(decodeResult: success, version: HTTP/1.1)
HTTP/1.1 404 Not Found
Content-Length: 848
Content-Type: application/json; charset=utf-8
cache-control: no-cache

16:03:35.376 [AsyncHttpClient-1-5] DEBUG org.asynchttpclient.netty.channel.ChannelManager - Adding key: http://localhost:26368 for channel [id: 0xa5e1503d, L:/127.0.0.1:63391 - R:localhost/127.0.0.1:26368]
16:03:35.381 [Forwarding getCurrentUrl on session 509bb87e13751f3ca6e862645badaf3b to remote] DEBUG org.asynchttpclient.netty.request.NettyRequestSender - Using pooled Channel '[id: 0xa5e1503d, L:/127.0.0.1:63391 - R:localhost/127.0.0.1:26368]' for 'GET' to 'http://localhost:26368/session/509bb87e13751f3ca6e862645badaf3b/url'
16:03:35.381 [Forwarding getCurrentUrl on session 509bb87e13751f3ca6e862645badaf3b to remote] DEBUG org.asynchttpclient.netty.request.NettyRequestSender - Using open Channel [id: 0xa5e1503d, L:/127.0.0.1:63391 - R:localhost/127.0.0.1:26368] for GET '/session/509bb87e13751f3ca6e862645badaf3b/url'
16:03:35.386 [AsyncHttpClient-1-5] DEBUG org.asynchttpclient.netty.handler.HttpHandler - 

Request DefaultFullHttpRequest(decodeResult: success, version: HTTP/1.1, content: EmptyByteBufBE)
GET /session/509bb87e13751f3ca6e862645badaf3b/url HTTP/1.1
User-Agent: selenium/4.8.1 (java windows)
Cache-Control: no-cache
Content-Type: application/json; charset=utf-8
host: localhost:26368
accept: */*

Response DefaultHttpResponse(decodeResult: success, version: HTTP/1.1)
HTTP/1.1 200 OK
Content-Length: 51
Content-Type: application/json; charset=utf-8
cache-control: no-cache

16:03:35.387 [AsyncHttpClient-1-5] DEBUG org.asynchttpclient.netty.channel.ChannelManager - Adding key: http://localhost:26368 for channel [id: 0xa5e1503d, L:/127.0.0.1:63391 - R:localhost/127.0.0.1:26368]
16:03:35.388 [Forwarding screenshot on session 509bb87e13751f3ca6e862645badaf3b to remote] DEBUG org.asynchttpclient.netty.request.NettyRequestSender - Using pooled Channel '[id: 0xa5e1503d, L:/127.0.0.1:63391 - R:localhost/127.0.0.1:26368]' for 'GET' to 'http://localhost:26368/session/509bb87e13751f3ca6e862645badaf3b/screenshot'
16:03:35.388 [Forwarding screenshot on session 509bb87e13751f3ca6e862645badaf3b to remote] DEBUG org.asynchttpclient.netty.request.NettyRequestSender - Using open Channel [id: 0xa5e1503d, L:/127.0.0.1:63391 - R:localhost/127.0.0.1:26368] for GET '/session/509bb87e13751f3ca6e862645badaf3b/screenshot'
16:03:35.537 [AsyncHttpClient-1-5] DEBUG org.asynchttpclient.netty.handler.HttpHandler - 

Request DefaultFullHttpRequest(decodeResult: success, version: HTTP/1.1, content: EmptyByteBufBE)
GET /session/509bb87e13751f3ca6e862645badaf3b/screenshot HTTP/1.1
User-Agent: selenium/4.8.1 (java windows)
Cache-Control: no-cache
Content-Type: application/json; charset=utf-8
host: localhost:26368
accept: */*

Response DefaultHttpResponse(decodeResult: success, version: HTTP/1.1)
HTTP/1.1 200 OK
Content-Length: 29272
Content-Type: application/json; charset=utf-8
cache-control: no-cache

16:03:35.538 [AsyncHttpClient-1-5] DEBUG org.asynchttpclient.netty.channel.ChannelManager - Adding key: http://localhost:26368 for channel [id: 0xa5e1503d, L:/127.0.0.1:63391 - R:localhost/127.0.0.1:26368]
16:03:35.541 [main] DEBUG net.serenitybdd.core.photography.Darkroom - Send negative for processing for target\site\serenity\9f0f749057206eac952af543899b1e2522d79583ff12de51d2436a0e77ed835d.png
16:03:35.541 [main] DEBUG net.thucydides.core.steps.StepInterceptor - STEP DONE: user input valid email
16:03:35.541 [Darkroom Processing Line] DEBUG net.serenitybdd.core.photography.DarkroomProcessingLine - Processing screenshot image in /var/screenshots/screenshot-5037379616053701398
16:03:35.541 [Darkroom Processing Line] DEBUG net.serenitybdd.core.photography.DarkroomProcessingLine - Saving screenshot to target\site\serenity\9f0f749057206eac952af543899b1e2522d79583ff12de51d2436a0e77ed835d.png
16:03:35.559 [main] DEBUG net.thucydides.core.steps.StepInterceptor - STARTING STEP: LoginStep.userSuccessLogin - user input valid password
16:03:35.567 [Forwarding findElement on session 509bb87e13751f3ca6e862645badaf3b to remote] DEBUG org.asynchttpclient.netty.request.NettyRequestSender - Using pooled Channel '[id: 0xa5e1503d, L:/127.0.0.1:63391 - R:localhost/127.0.0.1:26368]' for 'POST' to 'http://localhost:26368/session/509bb87e13751f3ca6e862645badaf3b/element'
16:03:35.567 [Forwarding findElement on session 509bb87e13751f3ca6e862645badaf3b to remote] DEBUG org.asynchttpclient.netty.request.NettyRequestSender - Using open Channel [id: 0xa5e1503d, L:/127.0.0.1:63391 - R:localhost/127.0.0.1:26368] for POST '/session/509bb87e13751f3ca6e862645badaf3b/element'
16:03:35.584 [AsyncHttpClient-1-5] DEBUG org.asynchttpclient.netty.handler.HttpHandler - 

Request DefaultHttpRequest(decodeResult: success, version: HTTP/1.1)
POST /session/509bb87e13751f3ca6e862645badaf3b/element HTTP/1.1
User-Agent: selenium/4.8.1 (java windows)
Content-Length: 55
Content-Type: application/json; charset=utf-8
host: localhost:26368
accept: */*

Response DefaultHttpResponse(decodeResult: success, version: HTTP/1.1)
HTTP/1.1 200 OK
Content-Length: 88
Content-Type: application/json; charset=utf-8
cache-control: no-cache

16:03:35.584 [AsyncHttpClient-1-5] DEBUG org.asynchttpclient.netty.channel.ChannelManager - Adding key: http://localhost:26368 for channel [id: 0xa5e1503d, L:/127.0.0.1:63391 - R:localhost/127.0.0.1:26368]
16:03:35.586 [Forwarding clearElement on session 509bb87e13751f3ca6e862645badaf3b to remote] DEBUG org.asynchttpclient.netty.request.NettyRequestSender - Using pooled Channel '[id: 0xa5e1503d, L:/127.0.0.1:63391 - R:localhost/127.0.0.1:26368]' for 'POST' to 'http://localhost:26368/session/509bb87e13751f3ca6e862645badaf3b/element/887d6c55-d1bc-49e6-b8fe-ff76e42e4916/clear'
16:03:35.586 [Forwarding clearElement on session 509bb87e13751f3ca6e862645badaf3b to remote] DEBUG org.asynchttpclient.netty.request.NettyRequestSender - Using open Channel [id: 0xa5e1503d, L:/127.0.0.1:63391 - R:localhost/127.0.0.1:26368] for POST '/session/509bb87e13751f3ca6e862645badaf3b/element/887d6c55-d1bc-49e6-b8fe-ff76e42e4916/clear'
16:03:35.629 [AsyncHttpClient-1-5] DEBUG org.asynchttpclient.netty.handler.HttpHandler - 

Request DefaultHttpRequest(decodeResult: success, version: HTTP/1.1)
POST /session/509bb87e13751f3ca6e862645badaf3b/element/887d6c55-d1bc-49e6-b8fe-ff76e42e4916/clear HTTP/1.1
User-Agent: selenium/4.8.1 (java windows)
Content-Length: 50
Content-Type: application/json; charset=utf-8
host: localhost:26368
accept: */*

Response DefaultHttpResponse(decodeResult: success, version: HTTP/1.1)
HTTP/1.1 200 OK
Content-Length: 14
Content-Type: application/json; charset=utf-8
cache-control: no-cache

16:03:35.629 [AsyncHttpClient-1-5] DEBUG org.asynchttpclient.netty.channel.ChannelManager - Adding key: http://localhost:26368 for channel [id: 0xa5e1503d, L:/127.0.0.1:63391 - R:localhost/127.0.0.1:26368]
16:03:35.632 [Forwarding sendKeysToElement on session 509bb87e13751f3ca6e862645badaf3b to remote] DEBUG org.asynchttpclient.netty.request.NettyRequestSender - Using pooled Channel '[id: 0xa5e1503d, L:/127.0.0.1:63391 - R:localhost/127.0.0.1:26368]' for 'POST' to 'http://localhost:26368/session/509bb87e13751f3ca6e862645badaf3b/element/887d6c55-d1bc-49e6-b8fe-ff76e42e4916/value'
16:03:35.632 [Forwarding sendKeysToElement on session 509bb87e13751f3ca6e862645badaf3b to remote] DEBUG org.asynchttpclient.netty.request.NettyRequestSender - Using open Channel [id: 0xa5e1503d, L:/127.0.0.1:63391 - R:localhost/127.0.0.1:26368] for POST '/session/509bb87e13751f3ca6e862645badaf3b/element/887d6c55-d1bc-49e6-b8fe-ff76e42e4916/value'
16:03:35.845 [AsyncHttpClient-1-5] DEBUG org.asynchttpclient.netty.handler.HttpHandler - 

Request DefaultHttpRequest(decodeResult: success, version: HTTP/1.1)
POST /session/509bb87e13751f3ca6e862645badaf3b/element/887d6c55-d1bc-49e6-b8fe-ff76e42e4916/value HTTP/1.1
User-Agent: selenium/4.8.1 (java windows)
Content-Length: 161
Content-Type: application/json; charset=utf-8
host: localhost:26368
accept: */*

Response DefaultHttpResponse(decodeResult: success, version: HTTP/1.1)
HTTP/1.1 200 OK
Content-Length: 14
Content-Type: application/json; charset=utf-8
cache-control: no-cache

16:03:35.845 [AsyncHttpClient-1-5] DEBUG org.asynchttpclient.netty.channel.ChannelManager - Adding key: http://localhost:26368 for channel [id: 0xa5e1503d, L:/127.0.0.1:63391 - R:localhost/127.0.0.1:26368]
16:03:35.856 [Forwarding getAlertText on session 509bb87e13751f3ca6e862645badaf3b to remote] DEBUG org.asynchttpclient.netty.request.NettyRequestSender - Using pooled Channel '[id: 0xa5e1503d, L:/127.0.0.1:63391 - R:localhost/127.0.0.1:26368]' for 'GET' to 'http://localhost:26368/session/509bb87e13751f3ca6e862645badaf3b/alert/text'
16:03:35.856 [Forwarding getAlertText on session 509bb87e13751f3ca6e862645badaf3b to remote] DEBUG org.asynchttpclient.netty.request.NettyRequestSender - Using open Channel [id: 0xa5e1503d, L:/127.0.0.1:63391 - R:localhost/127.0.0.1:26368] for GET '/session/509bb87e13751f3ca6e862645badaf3b/alert/text'
16:03:35.858 [AsyncHttpClient-1-5] DEBUG org.asynchttpclient.netty.handler.HttpHandler - 

Request DefaultFullHttpRequest(decodeResult: success, version: HTTP/1.1, content: EmptyByteBufBE)
GET /session/509bb87e13751f3ca6e862645badaf3b/alert/text HTTP/1.1
User-Agent: selenium/4.8.1 (java windows)
Cache-Control: no-cache
Content-Type: application/json; charset=utf-8
host: localhost:26368
accept: */*

Response DefaultHttpResponse(decodeResult: success, version: HTTP/1.1)
HTTP/1.1 404 Not Found
Content-Length: 848
Content-Type: application/json; charset=utf-8
cache-control: no-cache

16:03:35.859 [AsyncHttpClient-1-5] DEBUG org.asynchttpclient.netty.channel.ChannelManager - Adding key: http://localhost:26368 for channel [id: 0xa5e1503d, L:/127.0.0.1:63391 - R:localhost/127.0.0.1:26368]
16:03:35.863 [Forwarding getCurrentUrl on session 509bb87e13751f3ca6e862645badaf3b to remote] DEBUG org.asynchttpclient.netty.request.NettyRequestSender - Using pooled Channel '[id: 0xa5e1503d, L:/127.0.0.1:63391 - R:localhost/127.0.0.1:26368]' for 'GET' to 'http://localhost:26368/session/509bb87e13751f3ca6e862645badaf3b/url'
16:03:35.864 [Forwarding getCurrentUrl on session 509bb87e13751f3ca6e862645badaf3b to remote] DEBUG org.asynchttpclient.netty.request.NettyRequestSender - Using open Channel [id: 0xa5e1503d, L:/127.0.0.1:63391 - R:localhost/127.0.0.1:26368] for GET '/session/509bb87e13751f3ca6e862645badaf3b/url'
16:03:35.875 [AsyncHttpClient-1-5] DEBUG org.asynchttpclient.netty.handler.HttpHandler - 

Request DefaultFullHttpRequest(decodeResult: success, version: HTTP/1.1, content: EmptyByteBufBE)
GET /session/509bb87e13751f3ca6e862645badaf3b/url HTTP/1.1
User-Agent: selenium/4.8.1 (java windows)
Cache-Control: no-cache
Content-Type: application/json; charset=utf-8
host: localhost:26368
accept: */*

Response DefaultHttpResponse(decodeResult: success, version: HTTP/1.1)
HTTP/1.1 200 OK
Content-Length: 51
Content-Type: application/json; charset=utf-8
cache-control: no-cache

16:03:35.876 [AsyncHttpClient-1-5] DEBUG org.asynchttpclient.netty.channel.ChannelManager - Adding key: http://localhost:26368 for channel [id: 0xa5e1503d, L:/127.0.0.1:63391 - R:localhost/127.0.0.1:26368]
16:03:35.877 [Forwarding screenshot on session 509bb87e13751f3ca6e862645badaf3b to remote] DEBUG org.asynchttpclient.netty.request.NettyRequestSender - Using pooled Channel '[id: 0xa5e1503d, L:/127.0.0.1:63391 - R:localhost/127.0.0.1:26368]' for 'GET' to 'http://localhost:26368/session/509bb87e13751f3ca6e862645badaf3b/screenshot'
16:03:35.878 [Forwarding screenshot on session 509bb87e13751f3ca6e862645badaf3b to remote] DEBUG org.asynchttpclient.netty.request.NettyRequestSender - Using open Channel [id: 0xa5e1503d, L:/127.0.0.1:63391 - R:localhost/127.0.0.1:26368] for GET '/session/509bb87e13751f3ca6e862645badaf3b/screenshot'
16:03:36.024 [AsyncHttpClient-1-5] DEBUG org.asynchttpclient.netty.handler.HttpHandler - 

Request DefaultFullHttpRequest(decodeResult: success, version: HTTP/1.1, content: EmptyByteBufBE)
GET /session/509bb87e13751f3ca6e862645badaf3b/screenshot HTTP/1.1
User-Agent: selenium/4.8.1 (java windows)
Cache-Control: no-cache
Content-Type: application/json; charset=utf-8
host: localhost:26368
accept: */*

Response DefaultHttpResponse(decodeResult: success, version: HTTP/1.1)
HTTP/1.1 200 OK
Content-Length: 30492
Content-Type: application/json; charset=utf-8
cache-control: no-cache

16:03:36.024 [AsyncHttpClient-1-5] DEBUG org.asynchttpclient.netty.channel.ChannelManager - Adding key: http://localhost:26368 for channel [id: 0xa5e1503d, L:/127.0.0.1:63391 - R:localhost/127.0.0.1:26368]
16:03:36.027 [main] DEBUG net.serenitybdd.core.photography.Darkroom - Send negative for processing for target\site\serenity\c65f4cfb3cc391693daf856db3ce7bce4326575fc6db0f2a777adc1bc26fc738.png
16:03:36.028 [main] DEBUG net.thucydides.core.steps.StepInterceptor - STEP DONE: user input valid password
16:03:36.028 [Darkroom Processing Line] DEBUG net.serenitybdd.core.photography.DarkroomProcessingLine - Processing screenshot image in /var/screenshots/screenshot-8113987762580944017
16:03:36.028 [Darkroom Processing Line] DEBUG net.serenitybdd.core.photography.DarkroomProcessingLine - Saving screenshot to target\site\serenity\c65f4cfb3cc391693daf856db3ce7bce4326575fc6db0f2a777adc1bc26fc738.png
16:03:36.034 [main] DEBUG net.thucydides.core.steps.StepInterceptor - STARTING STEP: LoginStep.userSuccessLogin - click button login
16:03:36.039 [Forwarding findElement on session 509bb87e13751f3ca6e862645badaf3b to remote] DEBUG org.asynchttpclient.netty.request.NettyRequestSender - Using pooled Channel '[id: 0xa5e1503d, L:/127.0.0.1:63391 - R:localhost/127.0.0.1:26368]' for 'POST' to 'http://localhost:26368/session/509bb87e13751f3ca6e862645badaf3b/element'
16:03:36.039 [Forwarding findElement on session 509bb87e13751f3ca6e862645badaf3b to remote] DEBUG org.asynchttpclient.netty.request.NettyRequestSender - Using open Channel [id: 0xa5e1503d, L:/127.0.0.1:63391 - R:localhost/127.0.0.1:26368] for POST '/session/509bb87e13751f3ca6e862645badaf3b/element'
16:03:36.052 [AsyncHttpClient-1-5] DEBUG org.asynchttpclient.netty.handler.HttpHandler - 

Request DefaultHttpRequest(decodeResult: success, version: HTTP/1.1)
POST /session/509bb87e13751f3ca6e862645badaf3b/element HTTP/1.1
User-Agent: selenium/4.8.1 (java windows)
Content-Length: 69
Content-Type: application/json; charset=utf-8
host: localhost:26368
accept: */*

Response DefaultHttpResponse(decodeResult: success, version: HTTP/1.1)
HTTP/1.1 200 OK
Content-Length: 88
Content-Type: application/json; charset=utf-8
cache-control: no-cache

16:03:36.052 [AsyncHttpClient-1-5] DEBUG org.asynchttpclient.netty.channel.ChannelManager - Adding key: http://localhost:26368 for channel [id: 0xa5e1503d, L:/127.0.0.1:63391 - R:localhost/127.0.0.1:26368]
16:03:36.054 [Forwarding getElementTagName on session 509bb87e13751f3ca6e862645badaf3b to remote] DEBUG org.asynchttpclient.netty.request.NettyRequestSender - Using pooled Channel '[id: 0xa5e1503d, L:/127.0.0.1:63391 - R:localhost/127.0.0.1:26368]' for 'GET' to 'http://localhost:26368/session/509bb87e13751f3ca6e862645badaf3b/element/0b481a70-4276-49f7-8099-bb3f2cd79b91/name'
16:03:36.054 [Forwarding getElementTagName on session 509bb87e13751f3ca6e862645badaf3b to remote] DEBUG org.asynchttpclient.netty.request.NettyRequestSender - Using open Channel [id: 0xa5e1503d, L:/127.0.0.1:63391 - R:localhost/127.0.0.1:26368] for GET '/session/509bb87e13751f3ca6e862645badaf3b/element/0b481a70-4276-49f7-8099-bb3f2cd79b91/name'
16:03:36.060 [AsyncHttpClient-1-5] DEBUG org.asynchttpclient.netty.handler.HttpHandler - 

Request DefaultFullHttpRequest(decodeResult: success, version: HTTP/1.1, content: EmptyByteBufBE)
GET /session/509bb87e13751f3ca6e862645badaf3b/element/0b481a70-4276-49f7-8099-bb3f2cd79b91/name HTTP/1.1
User-Agent: selenium/4.8.1 (java windows)
Cache-Control: no-cache
Content-Type: application/json; charset=utf-8
host: localhost:26368
accept: */*

Response DefaultHttpResponse(decodeResult: success, version: HTTP/1.1)
HTTP/1.1 200 OK
Content-Length: 16
Content-Type: application/json; charset=utf-8
cache-control: no-cache

16:03:36.060 [AsyncHttpClient-1-5] DEBUG org.asynchttpclient.netty.channel.ChannelManager - Adding key: http://localhost:26368 for channel [id: 0xa5e1503d, L:/127.0.0.1:63391 - R:localhost/127.0.0.1:26368]
16:03:36.064 [Forwarding getElementTagName on session 509bb87e13751f3ca6e862645badaf3b to remote] DEBUG org.asynchttpclient.netty.request.NettyRequestSender - Using pooled Channel '[id: 0xa5e1503d, L:/127.0.0.1:63391 - R:localhost/127.0.0.1:26368]' for 'GET' to 'http://localhost:26368/session/509bb87e13751f3ca6e862645badaf3b/element/0b481a70-4276-49f7-8099-bb3f2cd79b91/name'
16:03:36.064 [Forwarding getElementTagName on session 509bb87e13751f3ca6e862645badaf3b to remote] DEBUG org.asynchttpclient.netty.request.NettyRequestSender - Using open Channel [id: 0xa5e1503d, L:/127.0.0.1:63391 - R:localhost/127.0.0.1:26368] for GET '/session/509bb87e13751f3ca6e862645badaf3b/element/0b481a70-4276-49f7-8099-bb3f2cd79b91/name'
16:03:36.069 [AsyncHttpClient-1-5] DEBUG org.asynchttpclient.netty.handler.HttpHandler - 

Request DefaultFullHttpRequest(decodeResult: success, version: HTTP/1.1, content: EmptyByteBufBE)
GET /session/509bb87e13751f3ca6e862645badaf3b/element/0b481a70-4276-49f7-8099-bb3f2cd79b91/name HTTP/1.1
User-Agent: selenium/4.8.1 (java windows)
Cache-Control: no-cache
Content-Type: application/json; charset=utf-8
host: localhost:26368
accept: */*

Response DefaultHttpResponse(decodeResult: success, version: HTTP/1.1)
HTTP/1.1 200 OK
Content-Length: 16
Content-Type: application/json; charset=utf-8
cache-control: no-cache

16:03:36.070 [AsyncHttpClient-1-5] DEBUG org.asynchttpclient.netty.channel.ChannelManager - Adding key: http://localhost:26368 for channel [id: 0xa5e1503d, L:/127.0.0.1:63391 - R:localhost/127.0.0.1:26368]
16:03:36.073 [Forwarding findElement on session 509bb87e13751f3ca6e862645badaf3b to remote] DEBUG org.asynchttpclient.netty.request.NettyRequestSender - Using pooled Channel '[id: 0xa5e1503d, L:/127.0.0.1:63391 - R:localhost/127.0.0.1:26368]' for 'POST' to 'http://localhost:26368/session/509bb87e13751f3ca6e862645badaf3b/element'
16:03:36.073 [Forwarding findElement on session 509bb87e13751f3ca6e862645badaf3b to remote] DEBUG org.asynchttpclient.netty.request.NettyRequestSender - Using open Channel [id: 0xa5e1503d, L:/127.0.0.1:63391 - R:localhost/127.0.0.1:26368] for POST '/session/509bb87e13751f3ca6e862645badaf3b/element'
16:03:36.086 [AsyncHttpClient-1-5] DEBUG org.asynchttpclient.netty.handler.HttpHandler - 

Request DefaultHttpRequest(decodeResult: success, version: HTTP/1.1)
POST /session/509bb87e13751f3ca6e862645badaf3b/element HTTP/1.1
User-Agent: selenium/4.8.1 (java windows)
Content-Length: 69
Content-Type: application/json; charset=utf-8
host: localhost:26368
accept: */*

Response DefaultHttpResponse(decodeResult: success, version: HTTP/1.1)
HTTP/1.1 200 OK
Content-Length: 88
Content-Type: application/json; charset=utf-8
cache-control: no-cache

16:03:36.086 [AsyncHttpClient-1-5] DEBUG org.asynchttpclient.netty.channel.ChannelManager - Adding key: http://localhost:26368 for channel [id: 0xa5e1503d, L:/127.0.0.1:63391 - R:localhost/127.0.0.1:26368]
16:03:36.088 [Forwarding clickElement on session 509bb87e13751f3ca6e862645badaf3b to remote] DEBUG org.asynchttpclient.netty.request.NettyRequestSender - Using pooled Channel '[id: 0xa5e1503d, L:/127.0.0.1:63391 - R:localhost/127.0.0.1:26368]' for 'POST' to 'http://localhost:26368/session/509bb87e13751f3ca6e862645badaf3b/element/0b481a70-4276-49f7-8099-bb3f2cd79b91/click'
16:03:36.088 [Forwarding clickElement on session 509bb87e13751f3ca6e862645badaf3b to remote] DEBUG org.asynchttpclient.netty.request.NettyRequestSender - Using open Channel [id: 0xa5e1503d, L:/127.0.0.1:63391 - R:localhost/127.0.0.1:26368] for POST '/session/509bb87e13751f3ca6e862645badaf3b/element/0b481a70-4276-49f7-8099-bb3f2cd79b91/click'
16:03:36.149 [AsyncHttpClient-1-5] DEBUG org.asynchttpclient.netty.handler.HttpHandler - 

Request DefaultHttpRequest(decodeResult: success, version: HTTP/1.1)
POST /session/509bb87e13751f3ca6e862645badaf3b/element/0b481a70-4276-49f7-8099-bb3f2cd79b91/click HTTP/1.1
User-Agent: selenium/4.8.1 (java windows)
Content-Length: 50
Content-Type: application/json; charset=utf-8
host: localhost:26368
accept: */*

Response DefaultHttpResponse(decodeResult: success, version: HTTP/1.1)
HTTP/1.1 200 OK
Content-Length: 14
Content-Type: application/json; charset=utf-8
cache-control: no-cache

16:03:36.149 [AsyncHttpClient-1-5] DEBUG org.asynchttpclient.netty.channel.ChannelManager - Adding key: http://localhost:26368 for channel [id: 0xa5e1503d, L:/127.0.0.1:63391 - R:localhost/127.0.0.1:26368]
16:03:36.158 [Forwarding getAlertText on session 509bb87e13751f3ca6e862645badaf3b to remote] DEBUG org.asynchttpclient.netty.request.NettyRequestSender - Using pooled Channel '[id: 0xa5e1503d, L:/127.0.0.1:63391 - R:localhost/127.0.0.1:26368]' for 'GET' to 'http://localhost:26368/session/509bb87e13751f3ca6e862645badaf3b/alert/text'
16:03:36.158 [Forwarding getAlertText on session 509bb87e13751f3ca6e862645badaf3b to remote] DEBUG org.asynchttpclient.netty.request.NettyRequestSender - Using open Channel [id: 0xa5e1503d, L:/127.0.0.1:63391 - R:localhost/127.0.0.1:26368] for GET '/session/509bb87e13751f3ca6e862645badaf3b/alert/text'
16:03:36.160 [AsyncHttpClient-1-5] DEBUG org.asynchttpclient.netty.handler.HttpHandler - 

Request DefaultFullHttpRequest(decodeResult: success, version: HTTP/1.1, content: EmptyByteBufBE)
GET /session/509bb87e13751f3ca6e862645badaf3b/alert/text HTTP/1.1
User-Agent: selenium/4.8.1 (java windows)
Cache-Control: no-cache
Content-Type: application/json; charset=utf-8
host: localhost:26368
accept: */*

Response DefaultHttpResponse(decodeResult: success, version: HTTP/1.1)
HTTP/1.1 404 Not Found
Content-Length: 848
Content-Type: application/json; charset=utf-8
cache-control: no-cache

16:03:36.161 [AsyncHttpClient-1-5] DEBUG org.asynchttpclient.netty.channel.ChannelManager - Adding key: http://localhost:26368 for channel [id: 0xa5e1503d, L:/127.0.0.1:63391 - R:localhost/127.0.0.1:26368]
16:03:36.165 [Forwarding getCurrentUrl on session 509bb87e13751f3ca6e862645badaf3b to remote] DEBUG org.asynchttpclient.netty.request.NettyRequestSender - Using pooled Channel '[id: 0xa5e1503d, L:/127.0.0.1:63391 - R:localhost/127.0.0.1:26368]' for 'GET' to 'http://localhost:26368/session/509bb87e13751f3ca6e862645badaf3b/url'
16:03:36.165 [Forwarding getCurrentUrl on session 509bb87e13751f3ca6e862645badaf3b to remote] DEBUG org.asynchttpclient.netty.request.NettyRequestSender - Using open Channel [id: 0xa5e1503d, L:/127.0.0.1:63391 - R:localhost/127.0.0.1:26368] for GET '/session/509bb87e13751f3ca6e862645badaf3b/url'
16:03:36.170 [AsyncHttpClient-1-5] DEBUG org.asynchttpclient.netty.handler.HttpHandler - 

Request DefaultFullHttpRequest(decodeResult: success, version: HTTP/1.1, content: EmptyByteBufBE)
GET /session/509bb87e13751f3ca6e862645badaf3b/url HTTP/1.1
User-Agent: selenium/4.8.1 (java windows)
Cache-Control: no-cache
Content-Type: application/json; charset=utf-8
host: localhost:26368
accept: */*

Response DefaultHttpResponse(decodeResult: success, version: HTTP/1.1)
HTTP/1.1 200 OK
Content-Length: 51
Content-Type: application/json; charset=utf-8
cache-control: no-cache

16:03:36.170 [AsyncHttpClient-1-5] DEBUG org.asynchttpclient.netty.channel.ChannelManager - Adding key: http://localhost:26368 for channel [id: 0xa5e1503d, L:/127.0.0.1:63391 - R:localhost/127.0.0.1:26368]
16:03:36.171 [Forwarding screenshot on session 509bb87e13751f3ca6e862645badaf3b to remote] DEBUG org.asynchttpclient.netty.request.NettyRequestSender - Using pooled Channel '[id: 0xa5e1503d, L:/127.0.0.1:63391 - R:localhost/127.0.0.1:26368]' for 'GET' to 'http://localhost:26368/session/509bb87e13751f3ca6e862645badaf3b/screenshot'
16:03:36.171 [Forwarding screenshot on session 509bb87e13751f3ca6e862645badaf3b to remote] DEBUG org.asynchttpclient.netty.request.NettyRequestSender - Using open Channel [id: 0xa5e1503d, L:/127.0.0.1:63391 - R:localhost/127.0.0.1:26368] for GET '/session/509bb87e13751f3ca6e862645badaf3b/screenshot'
16:03:36.278 [AsyncHttpClient-1-1] DEBUG org.asynchttpclient.netty.channel.DefaultChannelPool - Entry count for : http://localhost:63394 : 1
16:03:36.305 [AsyncHttpClient-1-5] DEBUG org.asynchttpclient.netty.handler.HttpHandler - 

Request DefaultFullHttpRequest(decodeResult: success, version: HTTP/1.1, content: EmptyByteBufBE)
GET /session/509bb87e13751f3ca6e862645badaf3b/screenshot HTTP/1.1
User-Agent: selenium/4.8.1 (java windows)
Cache-Control: no-cache
Content-Type: application/json; charset=utf-8
host: localhost:26368
accept: */*

Response DefaultHttpResponse(decodeResult: success, version: HTTP/1.1)
HTTP/1.1 200 OK
Content-Length: 30364
Content-Type: application/json; charset=utf-8
cache-control: no-cache

16:03:36.306 [AsyncHttpClient-1-5] DEBUG org.asynchttpclient.netty.channel.ChannelManager - Adding key: http://localhost:26368 for channel [id: 0xa5e1503d, L:/127.0.0.1:63391 - R:localhost/127.0.0.1:26368]
16:03:36.308 [main] DEBUG net.serenitybdd.core.photography.Darkroom - Send negative for processing for target\site\serenity\5087f391a1c9f0183dcc491ba298c281af76fb2fa6d8d6f69eb185cb1d91fb40.png
16:03:36.309 [main] DEBUG net.thucydides.core.steps.StepInterceptor - STEP DONE: click button login
16:03:36.309 [Darkroom Processing Line] DEBUG net.serenitybdd.core.photography.DarkroomProcessingLine - Processing screenshot image in /var/screenshots/screenshot-2465288156716259547
16:03:36.309 [Darkroom Processing Line] DEBUG net.serenitybdd.core.photography.DarkroomProcessingLine - Saving screenshot to target\site\serenity\5087f391a1c9f0183dcc491ba298c281af76fb2fa6d8d6f69eb185cb1d91fb40.png
16:03:36.314 [main] DEBUG net.thucydides.core.steps.StepInterceptor - STARTING STEP: LoginStep.userSuccessLogin - user can see product homepage
16:03:36.318 [Forwarding findElement on session 509bb87e13751f3ca6e862645badaf3b to remote] DEBUG org.asynchttpclient.netty.request.NettyRequestSender - Using pooled Channel '[id: 0xa5e1503d, L:/127.0.0.1:63391 - R:localhost/127.0.0.1:26368]' for 'POST' to 'http://localhost:26368/session/509bb87e13751f3ca6e862645badaf3b/element'
16:03:36.318 [Forwarding findElement on session 509bb87e13751f3ca6e862645badaf3b to remote] DEBUG org.asynchttpclient.netty.request.NettyRequestSender - Using open Channel [id: 0xa5e1503d, L:/127.0.0.1:63391 - R:localhost/127.0.0.1:26368] for POST '/session/509bb87e13751f3ca6e862645badaf3b/element'
16:03:36.336 [AsyncHttpClient-1-5] DEBUG org.asynchttpclient.netty.handler.HttpHandler - 

Request DefaultHttpRequest(decodeResult: success, version: HTTP/1.1)
POST /session/509bb87e13751f3ca6e862645badaf3b/element HTTP/1.1
User-Agent: selenium/4.8.1 (java windows)
Content-Length: 75
Content-Type: application/json; charset=utf-8
host: localhost:26368
accept: */*

Response DefaultHttpResponse(decodeResult: success, version: HTTP/1.1)
HTTP/1.1 200 OK
Content-Length: 88
Content-Type: application/json; charset=utf-8
cache-control: no-cache

16:03:36.336 [AsyncHttpClient-1-5] DEBUG org.asynchttpclient.netty.channel.ChannelManager - Adding key: http://localhost:26368 for channel [id: 0xa5e1503d, L:/127.0.0.1:63391 - R:localhost/127.0.0.1:26368]
16:03:36.341 [Forwarding isElementDisplayed on session 509bb87e13751f3ca6e862645badaf3b to remote] DEBUG org.asynchttpclient.netty.request.NettyRequestSender - Using pooled Channel '[id: 0xa5e1503d, L:/127.0.0.1:63391 - R:localhost/127.0.0.1:26368]' for 'POST' to 'http://localhost:26368/session/509bb87e13751f3ca6e862645badaf3b/execute/sync'
16:03:36.341 [Forwarding isElementDisplayed on session 509bb87e13751f3ca6e862645badaf3b to remote] DEBUG org.asynchttpclient.netty.request.NettyRequestSender - Using open Channel [id: 0xa5e1503d, L:/127.0.0.1:63391 - R:localhost/127.0.0.1:26368] for POST '/session/509bb87e13751f3ca6e862645badaf3b/execute/sync'
16:03:36.360 [AsyncHttpClient-1-5] DEBUG org.asynchttpclient.netty.handler.HttpHandler - 

Request DefaultHttpRequest(decodeResult: success, version: HTTP/1.1)
POST /session/509bb87e13751f3ca6e862645badaf3b/execute/sync HTTP/1.1
User-Agent: selenium/4.8.1 (java windows)
Content-Length: 48807
Content-Type: application/json; charset=utf-8
host: localhost:26368
accept: */*

Response DefaultHttpResponse(decodeResult: success, version: HTTP/1.1)
HTTP/1.1 200 OK
Content-Length: 14
Content-Type: application/json; charset=utf-8
cache-control: no-cache

16:03:36.360 [AsyncHttpClient-1-5] DEBUG org.asynchttpclient.netty.channel.ChannelManager - Adding key: http://localhost:26368 for channel [id: 0xa5e1503d, L:/127.0.0.1:63391 - R:localhost/127.0.0.1:26368]
16:03:36.369 [Forwarding getAlertText on session 509bb87e13751f3ca6e862645badaf3b to remote] DEBUG org.asynchttpclient.netty.request.NettyRequestSender - Using pooled Channel '[id: 0xa5e1503d, L:/127.0.0.1:63391 - R:localhost/127.0.0.1:26368]' for 'GET' to 'http://localhost:26368/session/509bb87e13751f3ca6e862645badaf3b/alert/text'
16:03:36.369 [Forwarding getAlertText on session 509bb87e13751f3ca6e862645badaf3b to remote] DEBUG org.asynchttpclient.netty.request.NettyRequestSender - Using open Channel [id: 0xa5e1503d, L:/127.0.0.1:63391 - R:localhost/127.0.0.1:26368] for GET '/session/509bb87e13751f3ca6e862645badaf3b/alert/text'
16:03:36.372 [AsyncHttpClient-1-5] DEBUG org.asynchttpclient.netty.handler.HttpHandler - 

Request DefaultFullHttpRequest(decodeResult: success, version: HTTP/1.1, content: EmptyByteBufBE)
GET /session/509bb87e13751f3ca6e862645badaf3b/alert/text HTTP/1.1
User-Agent: selenium/4.8.1 (java windows)
Cache-Control: no-cache
Content-Type: application/json; charset=utf-8
host: localhost:26368
accept: */*

Response DefaultHttpResponse(decodeResult: success, version: HTTP/1.1)
HTTP/1.1 404 Not Found
Content-Length: 848
Content-Type: application/json; charset=utf-8
cache-control: no-cache

16:03:36.373 [AsyncHttpClient-1-5] DEBUG org.asynchttpclient.netty.channel.ChannelManager - Adding key: http://localhost:26368 for channel [id: 0xa5e1503d, L:/127.0.0.1:63391 - R:localhost/127.0.0.1:26368]
16:03:36.374 [Forwarding getCurrentUrl on session 509bb87e13751f3ca6e862645badaf3b to remote] DEBUG org.asynchttpclient.netty.request.NettyRequestSender - Using pooled Channel '[id: 0xa5e1503d, L:/127.0.0.1:63391 - R:localhost/127.0.0.1:26368]' for 'GET' to 'http://localhost:26368/session/509bb87e13751f3ca6e862645badaf3b/url'
16:03:36.374 [Forwarding getCurrentUrl on session 509bb87e13751f3ca6e862645badaf3b to remote] DEBUG org.asynchttpclient.netty.request.NettyRequestSender - Using open Channel [id: 0xa5e1503d, L:/127.0.0.1:63391 - R:localhost/127.0.0.1:26368] for GET '/session/509bb87e13751f3ca6e862645badaf3b/url'
16:03:36.379 [AsyncHttpClient-1-5] DEBUG org.asynchttpclient.netty.handler.HttpHandler - 

Request DefaultFullHttpRequest(decodeResult: success, version: HTTP/1.1, content: EmptyByteBufBE)
GET /session/509bb87e13751f3ca6e862645badaf3b/url HTTP/1.1
User-Agent: selenium/4.8.1 (java windows)
Cache-Control: no-cache
Content-Type: application/json; charset=utf-8
host: localhost:26368
accept: */*

Response DefaultHttpResponse(decodeResult: success, version: HTTP/1.1)
HTTP/1.1 200 OK
Content-Length: 51
Content-Type: application/json; charset=utf-8
cache-control: no-cache

16:03:36.379 [AsyncHttpClient-1-5] DEBUG org.asynchttpclient.netty.channel.ChannelManager - Adding key: http://localhost:26368 for channel [id: 0xa5e1503d, L:/127.0.0.1:63391 - R:localhost/127.0.0.1:26368]
16:03:36.381 [Forwarding screenshot on session 509bb87e13751f3ca6e862645badaf3b to remote] DEBUG org.asynchttpclient.netty.request.NettyRequestSender - Using pooled Channel '[id: 0xa5e1503d, L:/127.0.0.1:63391 - R:localhost/127.0.0.1:26368]' for 'GET' to 'http://localhost:26368/session/509bb87e13751f3ca6e862645badaf3b/screenshot'
16:03:36.381 [Forwarding screenshot on session 509bb87e13751f3ca6e862645badaf3b to remote] DEBUG org.asynchttpclient.netty.request.NettyRequestSender - Using open Channel [id: 0xa5e1503d, L:/127.0.0.1:63391 - R:localhost/127.0.0.1:26368] for GET '/session/509bb87e13751f3ca6e862645badaf3b/screenshot'
16:03:36.544 [AsyncHttpClient-1-5] DEBUG org.asynchttpclient.netty.handler.HttpHandler - 

Request DefaultFullHttpRequest(decodeResult: success, version: HTTP/1.1, content: EmptyByteBufBE)
GET /session/509bb87e13751f3ca6e862645badaf3b/screenshot HTTP/1.1
User-Agent: selenium/4.8.1 (java windows)
Cache-Control: no-cache
Content-Type: application/json; charset=utf-8
host: localhost:26368
accept: */*

Response DefaultHttpResponse(decodeResult: success, version: HTTP/1.1)
HTTP/1.1 200 OK
Content-Length: 29628
Content-Type: application/json; charset=utf-8
cache-control: no-cache

16:03:36.545 [AsyncHttpClient-1-5] DEBUG org.asynchttpclient.netty.channel.ChannelManager - Adding key: http://localhost:26368 for channel [id: 0xa5e1503d, L:/127.0.0.1:63391 - R:localhost/127.0.0.1:26368]
16:03:36.550 [main] DEBUG net.serenitybdd.core.photography.Darkroom - Send negative for processing for target\site\serenity\5b6718c4471b549550347d565e8daaf97c5e3bf5e29e7ac0dd911f5543a10958.png
16:03:36.552 [main] DEBUG net.thucydides.core.steps.StepInterceptor - STEP DONE: user can see product homepage
  &amp#27;[32mGiven &amp#27;[0m&amp#27;[32muser success login&amp#27;[0m                     &amp#27;[90m# starter.stepdefinition.LoginStep.userSuccessLogin()&amp#27;[0m
16:03:36.554 [Darkroom Processing Line] DEBUG net.serenitybdd.core.photography.DarkroomProcessingLine - Processing screenshot image in /var/screenshots/screenshot-8057325353330975082
16:03:36.554 [Darkroom Processing Line] DEBUG net.serenitybdd.core.photography.DarkroomProcessingLine - Saving screenshot to target\site\serenity\5b6718c4471b549550347d565e8daaf97c5e3bf5e29e7ac0dd911f5543a10958.png
16:03:36.589 [main] DEBUG net.thucydides.core.steps.StepInterceptor - STARTING STEP: ProductStep.successAddProductToTheCart - user click button Beli
16:03:36.594 [Forwarding findElement on session 509bb87e13751f3ca6e862645badaf3b to remote] DEBUG org.asynchttpclient.netty.request.NettyRequestSender - Using pooled Channel '[id: 0xa5e1503d, L:/127.0.0.1:63391 - R:localhost/127.0.0.1:26368]' for 'POST' to 'http://localhost:26368/session/509bb87e13751f3ca6e862645badaf3b/element'
16:03:36.594 [Forwarding findElement on session 509bb87e13751f3ca6e862645badaf3b to remote] DEBUG org.asynchttpclient.netty.request.NettyRequestSender - Using open Channel [id: 0xa5e1503d, L:/127.0.0.1:63391 - R:localhost/127.0.0.1:26368] for POST '/session/509bb87e13751f3ca6e862645badaf3b/element'
16:03:37.381 [AsyncHttpClient-1-1] DEBUG org.asynchttpclient.netty.channel.DefaultChannelPool - Entry count for : http://localhost:63394 : 1
16:03:38.488 [AsyncHttpClient-1-1] DEBUG org.asynchttpclient.netty.channel.DefaultChannelPool - Entry count for : http://localhost:63394 : 1
16:03:39.579 [AsyncHttpClient-1-1] DEBUG org.asynchttpclient.netty.channel.DefaultChannelPool - Entry count for : http://localhost:63394 : 1
16:03:40.682 [AsyncHttpClient-1-1] DEBUG org.asynchttpclient.netty.channel.DefaultChannelPool - Entry count for : http://localhost:63394 : 1
16:03:40.961 [AsyncHttpClient-1-5] DEBUG org.asynchttpclient.netty.handler.HttpHandler - 

Request DefaultHttpRequest(decodeResult: success, version: HTTP/1.1)
POST /session/509bb87e13751f3ca6e862645badaf3b/element HTTP/1.1
User-Agent: selenium/4.8.1 (java windows)
Content-Length: 96
Content-Type: application/json; charset=utf-8
host: localhost:26368
accept: */*

Response DefaultHttpResponse(decodeResult: success, version: HTTP/1.1)
HTTP/1.1 200 OK
Content-Length: 88
Content-Type: application/json; charset=utf-8
cache-control: no-cache

16:03:40.961 [AsyncHttpClient-1-5] DEBUG org.asynchttpclient.netty.channel.ChannelManager - Adding key: http://localhost:26368 for channel [id: 0xa5e1503d, L:/127.0.0.1:63391 - R:localhost/127.0.0.1:26368]
16:03:40.963 [Forwarding getElementTagName on session 509bb87e13751f3ca6e862645badaf3b to remote] DEBUG org.asynchttpclient.netty.request.NettyRequestSender - Using pooled Channel '[id: 0xa5e1503d, L:/127.0.0.1:63391 - R:localhost/127.0.0.1:26368]' for 'GET' to 'http://localhost:26368/session/509bb87e13751f3ca6e862645badaf3b/element/096d83eb-cbae-42c9-bb1d-96f9d921451f/name'
16:03:40.964 [Forwarding getElementTagName on session 509bb87e13751f3ca6e862645badaf3b to remote] DEBUG org.asynchttpclient.netty.request.NettyRequestSender - Using open Channel [id: 0xa5e1503d, L:/127.0.0.1:63391 - R:localhost/127.0.0.1:26368] for GET '/session/509bb87e13751f3ca6e862645badaf3b/element/096d83eb-cbae-42c9-bb1d-96f9d921451f/name'
16:03:41.046 [AsyncHttpClient-1-5] DEBUG org.asynchttpclient.netty.handler.HttpHandler - 

Request DefaultFullHttpRequest(decodeResult: success, version: HTTP/1.1, content: EmptyByteBufBE)
GET /session/509bb87e13751f3ca6e862645badaf3b/element/096d83eb-cbae-42c9-bb1d-96f9d921451f/name HTTP/1.1
User-Agent: selenium/4.8.1 (java windows)
Cache-Control: no-cache
Content-Type: application/json; charset=utf-8
host: localhost:26368
accept: */*

Response DefaultHttpResponse(decodeResult: success, version: HTTP/1.1)
HTTP/1.1 200 OK
Content-Length: 16
Content-Type: application/json; charset=utf-8
cache-control: no-cache

16:03:41.046 [AsyncHttpClient-1-5] DEBUG org.asynchttpclient.netty.channel.ChannelManager - Adding key: http://localhost:26368 for channel [id: 0xa5e1503d, L:/127.0.0.1:63391 - R:localhost/127.0.0.1:26368]
16:03:41.049 [Forwarding getElementTagName on session 509bb87e13751f3ca6e862645badaf3b to remote] DEBUG org.asynchttpclient.netty.request.NettyRequestSender - Using pooled Channel '[id: 0xa5e1503d, L:/127.0.0.1:63391 - R:localhost/127.0.0.1:26368]' for 'GET' to 'http://localhost:26368/session/509bb87e13751f3ca6e862645badaf3b/element/096d83eb-cbae-42c9-bb1d-96f9d921451f/name'
16:03:41.049 [Forwarding getElementTagName on session 509bb87e13751f3ca6e862645badaf3b to remote] DEBUG org.asynchttpclient.netty.request.NettyRequestSender - Using open Channel [id: 0xa5e1503d, L:/127.0.0.1:63391 - R:localhost/127.0.0.1:26368] for GET '/session/509bb87e13751f3ca6e862645badaf3b/element/096d83eb-cbae-42c9-bb1d-96f9d921451f/name'
16:03:41.093 [AsyncHttpClient-1-5] DEBUG org.asynchttpclient.netty.handler.HttpHandler - 

Request DefaultFullHttpRequest(decodeResult: success, version: HTTP/1.1, content: EmptyByteBufBE)
GET /session/509bb87e13751f3ca6e862645badaf3b/element/096d83eb-cbae-42c9-bb1d-96f9d921451f/name HTTP/1.1
User-Agent: selenium/4.8.1 (java windows)
Cache-Control: no-cache
Content-Type: application/json; charset=utf-8
host: localhost:26368
accept: */*

Response DefaultHttpResponse(decodeResult: success, version: HTTP/1.1)
HTTP/1.1 200 OK
Content-Length: 16
Content-Type: application/json; charset=utf-8
cache-control: no-cache

16:03:41.093 [AsyncHttpClient-1-5] DEBUG org.asynchttpclient.netty.channel.ChannelManager - Adding key: http://localhost:26368 for channel [id: 0xa5e1503d, L:/127.0.0.1:63391 - R:localhost/127.0.0.1:26368]
16:03:41.096 [Forwarding findElement on session 509bb87e13751f3ca6e862645badaf3b to remote] DEBUG org.asynchttpclient.netty.request.NettyRequestSender - Using pooled Channel '[id: 0xa5e1503d, L:/127.0.0.1:63391 - R:localhost/127.0.0.1:26368]' for 'POST' to 'http://localhost:26368/session/509bb87e13751f3ca6e862645badaf3b/element'
16:03:41.096 [Forwarding findElement on session 509bb87e13751f3ca6e862645badaf3b to remote] DEBUG org.asynchttpclient.netty.request.NettyRequestSender - Using open Channel [id: 0xa5e1503d, L:/127.0.0.1:63391 - R:localhost/127.0.0.1:26368] for POST '/session/509bb87e13751f3ca6e862645badaf3b/element'
16:03:41.115 [AsyncHttpClient-1-5] DEBUG org.asynchttpclient.netty.handler.HttpHandler - 

Request DefaultHttpRequest(decodeResult: success, version: HTTP/1.1)
POST /session/509bb87e13751f3ca6e862645badaf3b/element HTTP/1.1
User-Agent: selenium/4.8.1 (java windows)
Content-Length: 96
Content-Type: application/json; charset=utf-8
host: localhost:26368
accept: */*

Response DefaultHttpResponse(decodeResult: success, version: HTTP/1.1)
HTTP/1.1 200 OK
Content-Length: 88
Content-Type: application/json; charset=utf-8
cache-control: no-cache

16:03:41.115 [AsyncHttpClient-1-5] DEBUG org.asynchttpclient.netty.channel.ChannelManager - Adding key: http://localhost:26368 for channel [id: 0xa5e1503d, L:/127.0.0.1:63391 - R:localhost/127.0.0.1:26368]
16:03:41.117 [Forwarding clickElement on session 509bb87e13751f3ca6e862645badaf3b to remote] DEBUG org.asynchttpclient.netty.request.NettyRequestSender - Using pooled Channel '[id: 0xa5e1503d, L:/127.0.0.1:63391 - R:localhost/127.0.0.1:26368]' for 'POST' to 'http://localhost:26368/session/509bb87e13751f3ca6e862645badaf3b/element/096d83eb-cbae-42c9-bb1d-96f9d921451f/click'
16:03:41.117 [Forwarding clickElement on session 509bb87e13751f3ca6e862645badaf3b to remote] DEBUG org.asynchttpclient.netty.request.NettyRequestSender - Using open Channel [id: 0xa5e1503d, L:/127.0.0.1:63391 - R:localhost/127.0.0.1:26368] for POST '/session/509bb87e13751f3ca6e862645badaf3b/element/096d83eb-cbae-42c9-bb1d-96f9d921451f/click'
16:03:41.327 [AsyncHttpClient-1-5] DEBUG org.asynchttpclient.netty.handler.HttpHandler - 

Request DefaultHttpRequest(decodeResult: success, version: HTTP/1.1)
POST /session/509bb87e13751f3ca6e862645badaf3b/element/096d83eb-cbae-42c9-bb1d-96f9d921451f/click HTTP/1.1
User-Agent: selenium/4.8.1 (java windows)
Content-Length: 50
Content-Type: application/json; charset=utf-8
host: localhost:26368
accept: */*

Response DefaultHttpResponse(decodeResult: success, version: HTTP/1.1)
HTTP/1.1 200 OK
Content-Length: 14
Content-Type: application/json; charset=utf-8
cache-control: no-cache

16:03:41.328 [AsyncHttpClient-1-5] DEBUG org.asynchttpclient.netty.channel.ChannelManager - Adding key: http://localhost:26368 for channel [id: 0xa5e1503d, L:/127.0.0.1:63391 - R:localhost/127.0.0.1:26368]
16:03:41.338 [Forwarding findElement on session 509bb87e13751f3ca6e862645badaf3b to remote] DEBUG org.asynchttpclient.netty.request.NettyRequestSender - Using pooled Channel '[id: 0xa5e1503d, L:/127.0.0.1:63391 - R:localhost/127.0.0.1:26368]' for 'POST' to 'http://localhost:26368/session/509bb87e13751f3ca6e862645badaf3b/element'
16:03:41.338 [Forwarding findElement on session 509bb87e13751f3ca6e862645badaf3b to remote] DEBUG org.asynchttpclient.netty.request.NettyRequestSender - Using open Channel [id: 0xa5e1503d, L:/127.0.0.1:63391 - R:localhost/127.0.0.1:26368] for POST '/session/509bb87e13751f3ca6e862645badaf3b/element'
16:03:41.370 [AsyncHttpClient-1-5] DEBUG org.asynchttpclient.netty.handler.HttpHandler - 

Request DefaultHttpRequest(decodeResult: success, version: HTTP/1.1)
POST /session/509bb87e13751f3ca6e862645badaf3b/element HTTP/1.1
User-Agent: selenium/4.8.1 (java windows)
Content-Length: 96
Content-Type: application/json; charset=utf-8
host: localhost:26368
accept: */*

Response DefaultHttpResponse(decodeResult: success, version: HTTP/1.1)
HTTP/1.1 200 OK
Content-Length: 88
Content-Type: application/json; charset=utf-8
cache-control: no-cache

16:03:41.370 [AsyncHttpClient-1-5] DEBUG org.asynchttpclient.netty.channel.ChannelManager - Adding key: http://localhost:26368 for channel [id: 0xa5e1503d, L:/127.0.0.1:63391 - R:localhost/127.0.0.1:26368]
16:03:41.372 [Forwarding getElementTagName on session 509bb87e13751f3ca6e862645badaf3b to remote] DEBUG org.asynchttpclient.netty.request.NettyRequestSender - Using pooled Channel '[id: 0xa5e1503d, L:/127.0.0.1:63391 - R:localhost/127.0.0.1:26368]' for 'GET' to 'http://localhost:26368/session/509bb87e13751f3ca6e862645badaf3b/element/096d83eb-cbae-42c9-bb1d-96f9d921451f/name'
16:03:41.372 [Forwarding getElementTagName on session 509bb87e13751f3ca6e862645badaf3b to remote] DEBUG org.asynchttpclient.netty.request.NettyRequestSender - Using open Channel [id: 0xa5e1503d, L:/127.0.0.1:63391 - R:localhost/127.0.0.1:26368] for GET '/session/509bb87e13751f3ca6e862645badaf3b/element/096d83eb-cbae-42c9-bb1d-96f9d921451f/name'
16:03:41.376 [AsyncHttpClient-1-5] DEBUG org.asynchttpclient.netty.handler.HttpHandler - 

Request DefaultFullHttpRequest(decodeResult: success, version: HTTP/1.1, content: EmptyByteBufBE)
GET /session/509bb87e13751f3ca6e862645badaf3b/element/096d83eb-cbae-42c9-bb1d-96f9d921451f/name HTTP/1.1
User-Agent: selenium/4.8.1 (java windows)
Cache-Control: no-cache
Content-Type: application/json; charset=utf-8
host: localhost:26368
accept: */*

Response DefaultHttpResponse(decodeResult: success, version: HTTP/1.1)
HTTP/1.1 200 OK
Content-Length: 16
Content-Type: application/json; charset=utf-8
cache-control: no-cache

16:03:41.376 [AsyncHttpClient-1-5] DEBUG org.asynchttpclient.netty.channel.ChannelManager - Adding key: http://localhost:26368 for channel [id: 0xa5e1503d, L:/127.0.0.1:63391 - R:localhost/127.0.0.1:26368]
16:03:41.379 [Forwarding getElementTagName on session 509bb87e13751f3ca6e862645badaf3b to remote] DEBUG org.asynchttpclient.netty.request.NettyRequestSender - Using pooled Channel '[id: 0xa5e1503d, L:/127.0.0.1:63391 - R:localhost/127.0.0.1:26368]' for 'GET' to 'http://localhost:26368/session/509bb87e13751f3ca6e862645badaf3b/element/096d83eb-cbae-42c9-bb1d-96f9d921451f/name'
16:03:41.379 [Forwarding getElementTagName on session 509bb87e13751f3ca6e862645badaf3b to remote] DEBUG org.asynchttpclient.netty.request.NettyRequestSender - Using open Channel [id: 0xa5e1503d, L:/127.0.0.1:63391 - R:localhost/127.0.0.1:26368] for GET '/session/509bb87e13751f3ca6e862645badaf3b/element/096d83eb-cbae-42c9-bb1d-96f9d921451f/name'
16:03:41.384 [AsyncHttpClient-1-5] DEBUG org.asynchttpclient.netty.handler.HttpHandler - 

Request DefaultFullHttpRequest(decodeResult: success, version: HTTP/1.1, content: EmptyByteBufBE)
GET /session/509bb87e13751f3ca6e862645badaf3b/element/096d83eb-cbae-42c9-bb1d-96f9d921451f/name HTTP/1.1
User-Agent: selenium/4.8.1 (java windows)
Cache-Control: no-cache
Content-Type: application/json; charset=utf-8
host: localhost:26368
accept: */*

Response DefaultHttpResponse(decodeResult: success, version: HTTP/1.1)
HTTP/1.1 200 OK
Content-Length: 16
Content-Type: application/json; charset=utf-8
cache-control: no-cache

16:03:41.384 [AsyncHttpClient-1-5] DEBUG org.asynchttpclient.netty.channel.ChannelManager - Adding key: http://localhost:26368 for channel [id: 0xa5e1503d, L:/127.0.0.1:63391 - R:localhost/127.0.0.1:26368]
16:03:41.387 [Forwarding findElement on session 509bb87e13751f3ca6e862645badaf3b to remote] DEBUG org.asynchttpclient.netty.request.NettyRequestSender - Using pooled Channel '[id: 0xa5e1503d, L:/127.0.0.1:63391 - R:localhost/127.0.0.1:26368]' for 'POST' to 'http://localhost:26368/session/509bb87e13751f3ca6e862645badaf3b/element'
16:03:41.387 [Forwarding findElement on session 509bb87e13751f3ca6e862645badaf3b to remote] DEBUG org.asynchttpclient.netty.request.NettyRequestSender - Using open Channel [id: 0xa5e1503d, L:/127.0.0.1:63391 - R:localhost/127.0.0.1:26368] for POST '/session/509bb87e13751f3ca6e862645badaf3b/element'
16:03:41.406 [AsyncHttpClient-1-5] DEBUG org.asynchttpclient.netty.handler.HttpHandler - 

Request DefaultHttpRequest(decodeResult: success, version: HTTP/1.1)
POST /session/509bb87e13751f3ca6e862645badaf3b/element HTTP/1.1
User-Agent: selenium/4.8.1 (java windows)
Content-Length: 96
Content-Type: application/json; charset=utf-8
host: localhost:26368
accept: */*

Response DefaultHttpResponse(decodeResult: success, version: HTTP/1.1)
HTTP/1.1 200 OK
Content-Length: 88
Content-Type: application/json; charset=utf-8
cache-control: no-cache

16:03:41.406 [AsyncHttpClient-1-5] DEBUG org.asynchttpclient.netty.channel.ChannelManager - Adding key: http://localhost:26368 for channel [id: 0xa5e1503d, L:/127.0.0.1:63391 - R:localhost/127.0.0.1:26368]
16:03:41.408 [Forwarding clickElement on session 509bb87e13751f3ca6e862645badaf3b to remote] DEBUG org.asynchttpclient.netty.request.NettyRequestSender - Using pooled Channel '[id: 0xa5e1503d, L:/127.0.0.1:63391 - R:localhost/127.0.0.1:26368]' for 'POST' to 'http://localhost:26368/session/509bb87e13751f3ca6e862645badaf3b/element/096d83eb-cbae-42c9-bb1d-96f9d921451f/click'
16:03:41.408 [Forwarding clickElement on session 509bb87e13751f3ca6e862645badaf3b to remote] DEBUG org.asynchttpclient.netty.request.NettyRequestSender - Using open Channel [id: 0xa5e1503d, L:/127.0.0.1:63391 - R:localhost/127.0.0.1:26368] for POST '/session/509bb87e13751f3ca6e862645badaf3b/element/096d83eb-cbae-42c9-bb1d-96f9d921451f/click'
16:03:41.554 [AsyncHttpClient-1-5] DEBUG org.asynchttpclient.netty.handler.HttpHandler - 

Request DefaultHttpRequest(decodeResult: success, version: HTTP/1.1)
POST /session/509bb87e13751f3ca6e862645badaf3b/element/096d83eb-cbae-42c9-bb1d-96f9d921451f/click HTTP/1.1
User-Agent: selenium/4.8.1 (java windows)
Content-Length: 50
Content-Type: application/json; charset=utf-8
host: localhost:26368
accept: */*

Response DefaultHttpResponse(decodeResult: success, version: HTTP/1.1)
HTTP/1.1 200 OK
Content-Length: 14
Content-Type: application/json; charset=utf-8
cache-control: no-cache

16:03:41.554 [AsyncHttpClient-1-5] DEBUG org.asynchttpclient.netty.channel.ChannelManager - Adding key: http://localhost:26368 for channel [id: 0xa5e1503d, L:/127.0.0.1:63391 - R:localhost/127.0.0.1:26368]
16:03:41.565 [Forwarding getAlertText on session 509bb87e13751f3ca6e862645badaf3b to remote] DEBUG org.asynchttpclient.netty.request.NettyRequestSender - Using pooled Channel '[id: 0xa5e1503d, L:/127.0.0.1:63391 - R:localhost/127.0.0.1:26368]' for 'GET' to 'http://localhost:26368/session/509bb87e13751f3ca6e862645badaf3b/alert/text'
16:03:41.566 [Forwarding getAlertText on session 509bb87e13751f3ca6e862645badaf3b to remote] DEBUG org.asynchttpclient.netty.request.NettyRequestSender - Using open Channel [id: 0xa5e1503d, L:/127.0.0.1:63391 - R:localhost/127.0.0.1:26368] for GET '/session/509bb87e13751f3ca6e862645badaf3b/alert/text'
16:03:41.583 [AsyncHttpClient-1-5] DEBUG org.asynchttpclient.netty.handler.HttpHandler - 

Request DefaultFullHttpRequest(decodeResult: success, version: HTTP/1.1, content: EmptyByteBufBE)
GET /session/509bb87e13751f3ca6e862645badaf3b/alert/text HTTP/1.1
User-Agent: selenium/4.8.1 (java windows)
Cache-Control: no-cache
Content-Type: application/json; charset=utf-8
host: localhost:26368
accept: */*

Response DefaultHttpResponse(decodeResult: success, version: HTTP/1.1)
HTTP/1.1 404 Not Found
Content-Length: 848
Content-Type: application/json; charset=utf-8
cache-control: no-cache

16:03:41.583 [AsyncHttpClient-1-5] DEBUG org.asynchttpclient.netty.channel.ChannelManager - Adding key: http://localhost:26368 for channel [id: 0xa5e1503d, L:/127.0.0.1:63391 - R:localhost/127.0.0.1:26368]
16:03:41.585 [Forwarding getCurrentUrl on session 509bb87e13751f3ca6e862645badaf3b to remote] DEBUG org.asynchttpclient.netty.request.NettyRequestSender - Using pooled Channel '[id: 0xa5e1503d, L:/127.0.0.1:63391 - R:localhost/127.0.0.1:26368]' for 'GET' to 'http://localhost:26368/session/509bb87e13751f3ca6e862645badaf3b/url'
16:03:41.585 [Forwarding getCurrentUrl on session 509bb87e13751f3ca6e862645badaf3b to remote] DEBUG org.asynchttpclient.netty.request.NettyRequestSender - Using open Channel [id: 0xa5e1503d, L:/127.0.0.1:63391 - R:localhost/127.0.0.1:26368] for GET '/session/509bb87e13751f3ca6e862645badaf3b/url'
16:03:41.590 [AsyncHttpClient-1-5] DEBUG org.asynchttpclient.netty.handler.HttpHandler - 

Request DefaultFullHttpRequest(decodeResult: success, version: HTTP/1.1, content: EmptyByteBufBE)
GET /session/509bb87e13751f3ca6e862645badaf3b/url HTTP/1.1
User-Agent: selenium/4.8.1 (java windows)
Cache-Control: no-cache
Content-Type: application/json; charset=utf-8
host: localhost:26368
accept: */*

Response DefaultHttpResponse(decodeResult: success, version: HTTP/1.1)
HTTP/1.1 200 OK
Content-Length: 41
Content-Type: application/json; charset=utf-8
cache-control: no-cache

16:03:41.590 [AsyncHttpClient-1-5] DEBUG org.asynchttpclient.netty.channel.ChannelManager - Adding key: http://localhost:26368 for channel [id: 0xa5e1503d, L:/127.0.0.1:63391 - R:localhost/127.0.0.1:26368]
16:03:41.591 [Forwarding screenshot on session 509bb87e13751f3ca6e862645badaf3b to remote] DEBUG org.asynchttpclient.netty.request.NettyRequestSender - Using pooled Channel '[id: 0xa5e1503d, L:/127.0.0.1:63391 - R:localhost/127.0.0.1:26368]' for 'GET' to 'http://localhost:26368/session/509bb87e13751f3ca6e862645badaf3b/screenshot'
16:03:41.591 [Forwarding screenshot on session 509bb87e13751f3ca6e862645badaf3b to remote] DEBUG org.asynchttpclient.netty.request.NettyRequestSender - Using open Channel [id: 0xa5e1503d, L:/127.0.0.1:63391 - R:localhost/127.0.0.1:26368] for GET '/session/509bb87e13751f3ca6e862645badaf3b/screenshot'
16:03:41.743 [AsyncHttpClient-1-5] DEBUG org.asynchttpclient.netty.handler.HttpHandler - 

Request DefaultFullHttpRequest(decodeResult: success, version: HTTP/1.1, content: EmptyByteBufBE)
GET /session/509bb87e13751f3ca6e862645badaf3b/screenshot HTTP/1.1
User-Agent: selenium/4.8.1 (java windows)
Cache-Control: no-cache
Content-Type: application/json; charset=utf-8
host: localhost:26368
accept: */*

Response DefaultHttpResponse(decodeResult: success, version: HTTP/1.1)
HTTP/1.1 200 OK
Content-Length: 111700
Content-Type: application/json; charset=utf-8
cache-control: no-cache

16:03:41.745 [AsyncHttpClient-1-5] DEBUG org.asynchttpclient.netty.channel.ChannelManager - Adding key: http://localhost:26368 for channel [id: 0xa5e1503d, L:/127.0.0.1:63391 - R:localhost/127.0.0.1:26368]
16:03:41.752 [main] DEBUG net.serenitybdd.core.photography.Darkroom - Send negative for processing for target\site\serenity\d47cb0609f52b405b62b6b4ffb69fe9668a21db54b4e4c5bcb58dda399958cd6.png
16:03:41.753 [main] DEBUG net.thucydides.core.steps.StepInterceptor - STEP DONE: user click button Beli
16:03:41.753 [Darkroom Processing Line] DEBUG net.serenitybdd.core.photography.DarkroomProcessingLine - Processing screenshot image in /var/screenshots/screenshot-1848155329194664717
16:03:41.753 [Darkroom Processing Line] DEBUG net.serenitybdd.core.photography.DarkroomProcessingLine - Saving screenshot to target\site\serenity\d47cb0609f52b405b62b6b4ffb69fe9668a21db54b4e4c5bcb58dda399958cd6.png
16:03:41.758 [main] DEBUG net.thucydides.core.steps.StepInterceptor - STARTING STEP: ProductStep.successAddProductToTheCart - user success to add product to cart
16:03:41.762 [Forwarding findElement on session 509bb87e13751f3ca6e862645badaf3b to remote] DEBUG org.asynchttpclient.netty.request.NettyRequestSender - Using pooled Channel '[id: 0xa5e1503d, L:/127.0.0.1:63391 - R:localhost/127.0.0.1:26368]' for 'POST' to 'http://localhost:26368/session/509bb87e13751f3ca6e862645badaf3b/element'
16:03:41.763 [Forwarding findElement on session 509bb87e13751f3ca6e862645badaf3b to remote] DEBUG org.asynchttpclient.netty.request.NettyRequestSender - Using open Channel [id: 0xa5e1503d, L:/127.0.0.1:63391 - R:localhost/127.0.0.1:26368] for POST '/session/509bb87e13751f3ca6e862645badaf3b/element'
16:03:41.780 [AsyncHttpClient-1-1] DEBUG org.asynchttpclient.netty.channel.DefaultChannelPool - Entry count for : http://localhost:63394 : 1
16:03:41.830 [AsyncHttpClient-1-5] DEBUG org.asynchttpclient.netty.handler.HttpHandler - 

Request DefaultHttpRequest(decodeResult: success, version: HTTP/1.1)
POST /session/509bb87e13751f3ca6e862645badaf3b/element HTTP/1.1
User-Agent: selenium/4.8.1 (java windows)
Content-Length: 80
Content-Type: application/json; charset=utf-8
host: localhost:26368
accept: */*

Response DefaultHttpResponse(decodeResult: success, version: HTTP/1.1)
HTTP/1.1 200 OK
Content-Length: 88
Content-Type: application/json; charset=utf-8
cache-control: no-cache

16:03:41.831 [AsyncHttpClient-1-5] DEBUG org.asynchttpclient.netty.channel.ChannelManager - Adding key: http://localhost:26368 for channel [id: 0xa5e1503d, L:/127.0.0.1:63391 - R:localhost/127.0.0.1:26368]
16:03:41.834 [Forwarding isElementDisplayed on session 509bb87e13751f3ca6e862645badaf3b to remote] DEBUG org.asynchttpclient.netty.request.NettyRequestSender - Using pooled Channel '[id: 0xa5e1503d, L:/127.0.0.1:63391 - R:localhost/127.0.0.1:26368]' for 'POST' to 'http://localhost:26368/session/509bb87e13751f3ca6e862645badaf3b/execute/sync'
16:03:41.834 [Forwarding isElementDisplayed on session 509bb87e13751f3ca6e862645badaf3b to remote] DEBUG org.asynchttpclient.netty.request.NettyRequestSender - Using open Channel [id: 0xa5e1503d, L:/127.0.0.1:63391 - R:localhost/127.0.0.1:26368] for POST '/session/509bb87e13751f3ca6e862645badaf3b/execute/sync'
16:03:41.865 [AsyncHttpClient-1-5] DEBUG org.asynchttpclient.netty.handler.HttpHandler - 

Request DefaultHttpRequest(decodeResult: success, version: HTTP/1.1)
POST /session/509bb87e13751f3ca6e862645badaf3b/execute/sync HTTP/1.1
User-Agent: selenium/4.8.1 (java windows)
Content-Length: 48807
Content-Type: application/json; charset=utf-8
host: localhost:26368
accept: */*

Response DefaultHttpResponse(decodeResult: success, version: HTTP/1.1)
HTTP/1.1 200 OK
Content-Length: 14
Content-Type: application/json; charset=utf-8
cache-control: no-cache

16:03:41.865 [AsyncHttpClient-1-5] DEBUG org.asynchttpclient.netty.channel.ChannelManager - Adding key: http://localhost:26368 for channel [id: 0xa5e1503d, L:/127.0.0.1:63391 - R:localhost/127.0.0.1:26368]
16:03:41.871 [Forwarding getAlertText on session 509bb87e13751f3ca6e862645badaf3b to remote] DEBUG org.asynchttpclient.netty.request.NettyRequestSender - Using pooled Channel '[id: 0xa5e1503d, L:/127.0.0.1:63391 - R:localhost/127.0.0.1:26368]' for 'GET' to 'http://localhost:26368/session/509bb87e13751f3ca6e862645badaf3b/alert/text'
16:03:41.871 [Forwarding getAlertText on session 509bb87e13751f3ca6e862645badaf3b to remote] DEBUG org.asynchttpclient.netty.request.NettyRequestSender - Using open Channel [id: 0xa5e1503d, L:/127.0.0.1:63391 - R:localhost/127.0.0.1:26368] for GET '/session/509bb87e13751f3ca6e862645badaf3b/alert/text'
16:03:41.873 [AsyncHttpClient-1-5] DEBUG org.asynchttpclient.netty.handler.HttpHandler - 

Request DefaultFullHttpRequest(decodeResult: success, version: HTTP/1.1, content: EmptyByteBufBE)
GET /session/509bb87e13751f3ca6e862645badaf3b/alert/text HTTP/1.1
User-Agent: selenium/4.8.1 (java windows)
Cache-Control: no-cache
Content-Type: application/json; charset=utf-8
host: localhost:26368
accept: */*

Response DefaultHttpResponse(decodeResult: success, version: HTTP/1.1)
HTTP/1.1 404 Not Found
Content-Length: 848
Content-Type: application/json; charset=utf-8
cache-control: no-cache

16:03:41.873 [AsyncHttpClient-1-5] DEBUG org.asynchttpclient.netty.channel.ChannelManager - Adding key: http://localhost:26368 for channel [id: 0xa5e1503d, L:/127.0.0.1:63391 - R:localhost/127.0.0.1:26368]
16:03:41.876 [Forwarding getCurrentUrl on session 509bb87e13751f3ca6e862645badaf3b to remote] DEBUG org.asynchttpclient.netty.request.NettyRequestSender - Using pooled Channel '[id: 0xa5e1503d, L:/127.0.0.1:63391 - R:localhost/127.0.0.1:26368]' for 'GET' to 'http://localhost:26368/session/509bb87e13751f3ca6e862645badaf3b/url'
16:03:41.876 [Forwarding getCurrentUrl on session 509bb87e13751f3ca6e862645badaf3b to remote] DEBUG org.asynchttpclient.netty.request.NettyRequestSender - Using open Channel [id: 0xa5e1503d, L:/127.0.0.1:63391 - R:localhost/127.0.0.1:26368] for GET '/session/509bb87e13751f3ca6e862645badaf3b/url'
16:03:41.938 [AsyncHttpClient-1-5] DEBUG org.asynchttpclient.netty.handler.HttpHandler - 

Request DefaultFullHttpRequest(decodeResult: success, version: HTTP/1.1, content: EmptyByteBufBE)
GET /session/509bb87e13751f3ca6e862645badaf3b/url HTTP/1.1
User-Agent: selenium/4.8.1 (java windows)
Cache-Control: no-cache
Content-Type: application/json; charset=utf-8
host: localhost:26368
accept: */*

Response DefaultHttpResponse(decodeResult: success, version: HTTP/1.1)
HTTP/1.1 200 OK
Content-Length: 41
Content-Type: application/json; charset=utf-8
cache-control: no-cache

16:03:41.939 [AsyncHttpClient-1-5] DEBUG org.asynchttpclient.netty.channel.ChannelManager - Adding key: http://localhost:26368 for channel [id: 0xa5e1503d, L:/127.0.0.1:63391 - R:localhost/127.0.0.1:26368]
16:03:41.941 [Forwarding screenshot on session 509bb87e13751f3ca6e862645badaf3b to remote] DEBUG org.asynchttpclient.netty.request.NettyRequestSender - Using pooled Channel '[id: 0xa5e1503d, L:/127.0.0.1:63391 - R:localhost/127.0.0.1:26368]' for 'GET' to 'http://localhost:26368/session/509bb87e13751f3ca6e862645badaf3b/screenshot'
16:03:41.941 [Forwarding screenshot on session 509bb87e13751f3ca6e862645badaf3b to remote] DEBUG org.asynchttpclient.netty.request.NettyRequestSender - Using open Channel [id: 0xa5e1503d, L:/127.0.0.1:63391 - R:localhost/127.0.0.1:26368] for GET '/session/509bb87e13751f3ca6e862645badaf3b/screenshot'
16:03:42.112 [AsyncHttpClient-1-5] DEBUG org.asynchttpclient.netty.handler.HttpHandler - 

Request DefaultFullHttpRequest(decodeResult: success, version: HTTP/1.1, content: EmptyByteBufBE)
GET /session/509bb87e13751f3ca6e862645badaf3b/screenshot HTTP/1.1
User-Agent: selenium/4.8.1 (java windows)
Cache-Control: no-cache
Content-Type: application/json; charset=utf-8
host: localhost:26368
accept: */*

Response DefaultHttpResponse(decodeResult: success, version: HTTP/1.1)
HTTP/1.1 200 OK
Content-Length: 111272
Content-Type: application/json; charset=utf-8
cache-control: no-cache

16:03:42.113 [AsyncHttpClient-1-5] DEBUG org.asynchttpclient.netty.channel.ChannelManager - Adding key: http://localhost:26368 for channel [id: 0xa5e1503d, L:/127.0.0.1:63391 - R:localhost/127.0.0.1:26368]
16:03:42.120 [main] DEBUG net.serenitybdd.core.photography.Darkroom - Send negative for processing for target\site\serenity\2f7b8e0bc45ceab3f094e5a296cf49407324fb74437bb585cd048208d27830ca.png
16:03:42.121 [main] DEBUG net.thucydides.core.steps.StepInterceptor - STEP DONE: user success to add product to cart
16:03:42.121 [Darkroom Processing Line] DEBUG net.serenitybdd.core.photography.DarkroomProcessingLine - Processing screenshot image in /var/screenshots/screenshot-64411059309337368
16:03:42.121 [Darkroom Processing Line] DEBUG net.serenitybdd.core.photography.DarkroomProcessingLine - Saving screenshot to target\site\serenity\2f7b8e0bc45ceab3f094e5a296cf49407324fb74437bb585cd048208d27830ca.png
  &amp#27;[32mAnd &amp#27;[0m&amp#27;[32muser success add product to the cart&amp#27;[0m     &amp#27;[90m# starter.stepdefinition.ProductStep.successAddProductToTheCart()&amp#27;[0m
16:03:42.146 [main] DEBUG net.thucydides.core.steps.StepInterceptor - STARTING STEP: CartStep.userClickTheCart - user click the cart
16:03:42.150 [Forwarding findElement on session 509bb87e13751f3ca6e862645badaf3b to remote] DEBUG org.asynchttpclient.netty.request.NettyRequestSender - Using pooled Channel '[id: 0xa5e1503d, L:/127.0.0.1:63391 - R:localhost/127.0.0.1:26368]' for 'POST' to 'http://localhost:26368/session/509bb87e13751f3ca6e862645badaf3b/element'
16:03:42.150 [Forwarding findElement on session 509bb87e13751f3ca6e862645badaf3b to remote] DEBUG org.asynchttpclient.netty.request.NettyRequestSender - Using open Channel [id: 0xa5e1503d, L:/127.0.0.1:63391 - R:localhost/127.0.0.1:26368] for POST '/session/509bb87e13751f3ca6e862645badaf3b/element'
16:03:42.166 [AsyncHttpClient-1-5] DEBUG org.asynchttpclient.netty.handler.HttpHandler - 

Request DefaultHttpRequest(decodeResult: success, version: HTTP/1.1)
POST /session/509bb87e13751f3ca6e862645badaf3b/element HTTP/1.1
User-Agent: selenium/4.8.1 (java windows)
Content-Length: 112
Content-Type: application/json; charset=utf-8
host: localhost:26368
accept: */*

Response DefaultHttpResponse(decodeResult: success, version: HTTP/1.1)
HTTP/1.1 200 OK
Content-Length: 88
Content-Type: application/json; charset=utf-8
cache-control: no-cache

16:03:42.167 [AsyncHttpClient-1-5] DEBUG org.asynchttpclient.netty.channel.ChannelManager - Adding key: http://localhost:26368 for channel [id: 0xa5e1503d, L:/127.0.0.1:63391 - R:localhost/127.0.0.1:26368]
16:03:42.168 [Forwarding getElementTagName on session 509bb87e13751f3ca6e862645badaf3b to remote] DEBUG org.asynchttpclient.netty.request.NettyRequestSender - Using pooled Channel '[id: 0xa5e1503d, L:/127.0.0.1:63391 - R:localhost/127.0.0.1:26368]' for 'GET' to 'http://localhost:26368/session/509bb87e13751f3ca6e862645badaf3b/element/da1b612f-b62a-4e53-8d11-4194608eb64c/name'
16:03:42.168 [Forwarding getElementTagName on session 509bb87e13751f3ca6e862645badaf3b to remote] DEBUG org.asynchttpclient.netty.request.NettyRequestSender - Using open Channel [id: 0xa5e1503d, L:/127.0.0.1:63391 - R:localhost/127.0.0.1:26368] for GET '/session/509bb87e13751f3ca6e862645badaf3b/element/da1b612f-b62a-4e53-8d11-4194608eb64c/name'
16:03:42.173 [AsyncHttpClient-1-5] DEBUG org.asynchttpclient.netty.handler.HttpHandler - 

Request DefaultFullHttpRequest(decodeResult: success, version: HTTP/1.1, content: EmptyByteBufBE)
GET /session/509bb87e13751f3ca6e862645badaf3b/element/da1b612f-b62a-4e53-8d11-4194608eb64c/name HTTP/1.1
User-Agent: selenium/4.8.1 (java windows)
Cache-Control: no-cache
Content-Type: application/json; charset=utf-8
host: localhost:26368
accept: */*

Response DefaultHttpResponse(decodeResult: success, version: HTTP/1.1)
HTTP/1.1 200 OK
Content-Length: 13
Content-Type: application/json; charset=utf-8
cache-control: no-cache

16:03:42.173 [AsyncHttpClient-1-5] DEBUG org.asynchttpclient.netty.channel.ChannelManager - Adding key: http://localhost:26368 for channel [id: 0xa5e1503d, L:/127.0.0.1:63391 - R:localhost/127.0.0.1:26368]
16:03:42.175 [Forwarding getElementTagName on session 509bb87e13751f3ca6e862645badaf3b to remote] DEBUG org.asynchttpclient.netty.request.NettyRequestSender - Using pooled Channel '[id: 0xa5e1503d, L:/127.0.0.1:63391 - R:localhost/127.0.0.1:26368]' for 'GET' to 'http://localhost:26368/session/509bb87e13751f3ca6e862645badaf3b/element/da1b612f-b62a-4e53-8d11-4194608eb64c/name'
16:03:42.175 [Forwarding getElementTagName on session 509bb87e13751f3ca6e862645badaf3b to remote] DEBUG org.asynchttpclient.netty.request.NettyRequestSender - Using open Channel [id: 0xa5e1503d, L:/127.0.0.1:63391 - R:localhost/127.0.0.1:26368] for GET '/session/509bb87e13751f3ca6e862645badaf3b/element/da1b612f-b62a-4e53-8d11-4194608eb64c/name'
16:03:42.179 [AsyncHttpClient-1-5] DEBUG org.asynchttpclient.netty.handler.HttpHandler - 

Request DefaultFullHttpRequest(decodeResult: success, version: HTTP/1.1, content: EmptyByteBufBE)
GET /session/509bb87e13751f3ca6e862645badaf3b/element/da1b612f-b62a-4e53-8d11-4194608eb64c/name HTTP/1.1
User-Agent: selenium/4.8.1 (java windows)
Cache-Control: no-cache
Content-Type: application/json; charset=utf-8
host: localhost:26368
accept: */*

Response DefaultHttpResponse(decodeResult: success, version: HTTP/1.1)
HTTP/1.1 200 OK
Content-Length: 13
Content-Type: application/json; charset=utf-8
cache-control: no-cache

16:03:42.179 [AsyncHttpClient-1-5] DEBUG org.asynchttpclient.netty.channel.ChannelManager - Adding key: http://localhost:26368 for channel [id: 0xa5e1503d, L:/127.0.0.1:63391 - R:localhost/127.0.0.1:26368]
16:03:42.181 [Forwarding findElement on session 509bb87e13751f3ca6e862645badaf3b to remote] DEBUG org.asynchttpclient.netty.request.NettyRequestSender - Using pooled Channel '[id: 0xa5e1503d, L:/127.0.0.1:63391 - R:localhost/127.0.0.1:26368]' for 'POST' to 'http://localhost:26368/session/509bb87e13751f3ca6e862645badaf3b/element'
16:03:42.182 [Forwarding findElement on session 509bb87e13751f3ca6e862645badaf3b to remote] DEBUG org.asynchttpclient.netty.request.NettyRequestSender - Using open Channel [id: 0xa5e1503d, L:/127.0.0.1:63391 - R:localhost/127.0.0.1:26368] for POST '/session/509bb87e13751f3ca6e862645badaf3b/element'
16:03:42.191 [AsyncHttpClient-1-5] DEBUG org.asynchttpclient.netty.handler.HttpHandler - 

Request DefaultHttpRequest(decodeResult: success, version: HTTP/1.1)
POST /session/509bb87e13751f3ca6e862645badaf3b/element HTTP/1.1
User-Agent: selenium/4.8.1 (java windows)
Content-Length: 112
Content-Type: application/json; charset=utf-8
host: localhost:26368
accept: */*

Response DefaultHttpResponse(decodeResult: success, version: HTTP/1.1)
HTTP/1.1 200 OK
Content-Length: 88
Content-Type: application/json; charset=utf-8
cache-control: no-cache

16:03:42.191 [AsyncHttpClient-1-5] DEBUG org.asynchttpclient.netty.channel.ChannelManager - Adding key: http://localhost:26368 for channel [id: 0xa5e1503d, L:/127.0.0.1:63391 - R:localhost/127.0.0.1:26368]
16:03:42.193 [Forwarding clickElement on session 509bb87e13751f3ca6e862645badaf3b to remote] DEBUG org.asynchttpclient.netty.request.NettyRequestSender - Using pooled Channel '[id: 0xa5e1503d, L:/127.0.0.1:63391 - R:localhost/127.0.0.1:26368]' for 'POST' to 'http://localhost:26368/session/509bb87e13751f3ca6e862645badaf3b/element/da1b612f-b62a-4e53-8d11-4194608eb64c/click'
16:03:42.193 [Forwarding clickElement on session 509bb87e13751f3ca6e862645badaf3b to remote] DEBUG org.asynchttpclient.netty.request.NettyRequestSender - Using open Channel [id: 0xa5e1503d, L:/127.0.0.1:63391 - R:localhost/127.0.0.1:26368] for POST '/session/509bb87e13751f3ca6e862645badaf3b/element/da1b612f-b62a-4e53-8d11-4194608eb64c/click'
16:03:42.255 [AsyncHttpClient-1-5] DEBUG org.asynchttpclient.netty.handler.HttpHandler - 

Request DefaultHttpRequest(decodeResult: success, version: HTTP/1.1)
POST /session/509bb87e13751f3ca6e862645badaf3b/element/da1b612f-b62a-4e53-8d11-4194608eb64c/click HTTP/1.1
User-Agent: selenium/4.8.1 (java windows)
Content-Length: 50
Content-Type: application/json; charset=utf-8
host: localhost:26368
accept: */*

Response DefaultHttpResponse(decodeResult: success, version: HTTP/1.1)
HTTP/1.1 200 OK
Content-Length: 14
Content-Type: application/json; charset=utf-8
cache-control: no-cache

16:03:42.256 [AsyncHttpClient-1-5] DEBUG org.asynchttpclient.netty.channel.ChannelManager - Adding key: http://localhost:26368 for channel [id: 0xa5e1503d, L:/127.0.0.1:63391 - R:localhost/127.0.0.1:26368]
16:03:42.269 [Forwarding getAlertText on session 509bb87e13751f3ca6e862645badaf3b to remote] DEBUG org.asynchttpclient.netty.request.NettyRequestSender - Using pooled Channel '[id: 0xa5e1503d, L:/127.0.0.1:63391 - R:localhost/127.0.0.1:26368]' for 'GET' to 'http://localhost:26368/session/509bb87e13751f3ca6e862645badaf3b/alert/text'
16:03:42.269 [Forwarding getAlertText on session 509bb87e13751f3ca6e862645badaf3b to remote] DEBUG org.asynchttpclient.netty.request.NettyRequestSender - Using open Channel [id: 0xa5e1503d, L:/127.0.0.1:63391 - R:localhost/127.0.0.1:26368] for GET '/session/509bb87e13751f3ca6e862645badaf3b/alert/text'
16:03:42.574 [AsyncHttpClient-1-5] DEBUG org.asynchttpclient.netty.handler.HttpHandler - 

Request DefaultFullHttpRequest(decodeResult: success, version: HTTP/1.1, content: EmptyByteBufBE)
GET /session/509bb87e13751f3ca6e862645badaf3b/alert/text HTTP/1.1
User-Agent: selenium/4.8.1 (java windows)
Cache-Control: no-cache
Content-Type: application/json; charset=utf-8
host: localhost:26368
accept: */*

Response DefaultHttpResponse(decodeResult: success, version: HTTP/1.1)
HTTP/1.1 404 Not Found
Content-Length: 848
Content-Type: application/json; charset=utf-8
cache-control: no-cache

16:03:42.575 [AsyncHttpClient-1-5] DEBUG org.asynchttpclient.netty.channel.ChannelManager - Adding key: http://localhost:26368 for channel [id: 0xa5e1503d, L:/127.0.0.1:63391 - R:localhost/127.0.0.1:26368]
16:03:42.577 [Forwarding getCurrentUrl on session 509bb87e13751f3ca6e862645badaf3b to remote] DEBUG org.asynchttpclient.netty.request.NettyRequestSender - Using pooled Channel '[id: 0xa5e1503d, L:/127.0.0.1:63391 - R:localhost/127.0.0.1:26368]' for 'GET' to 'http://localhost:26368/session/509bb87e13751f3ca6e862645badaf3b/url'
16:03:42.577 [Forwarding getCurrentUrl on session 509bb87e13751f3ca6e862645badaf3b to remote] DEBUG org.asynchttpclient.netty.request.NettyRequestSender - Using open Channel [id: 0xa5e1503d, L:/127.0.0.1:63391 - R:localhost/127.0.0.1:26368] for GET '/session/509bb87e13751f3ca6e862645badaf3b/url'
16:03:42.585 [AsyncHttpClient-1-5] DEBUG org.asynchttpclient.netty.handler.HttpHandler - 

Request DefaultFullHttpRequest(decodeResult: success, version: HTTP/1.1, content: EmptyByteBufBE)
GET /session/509bb87e13751f3ca6e862645badaf3b/url HTTP/1.1
User-Agent: selenium/4.8.1 (java windows)
Cache-Control: no-cache
Content-Type: application/json; charset=utf-8
host: localhost:26368
accept: */*

Response DefaultHttpResponse(decodeResult: success, version: HTTP/1.1)
HTTP/1.1 200 OK
Content-Length: 46
Content-Type: application/json; charset=utf-8
cache-control: no-cache

16:03:42.585 [AsyncHttpClient-1-5] DEBUG org.asynchttpclient.netty.channel.ChannelManager - Adding key: http://localhost:26368 for channel [id: 0xa5e1503d, L:/127.0.0.1:63391 - R:localhost/127.0.0.1:26368]
16:03:42.587 [Forwarding screenshot on session 509bb87e13751f3ca6e862645badaf3b to remote] DEBUG org.asynchttpclient.netty.request.NettyRequestSender - Using pooled Channel '[id: 0xa5e1503d, L:/127.0.0.1:63391 - R:localhost/127.0.0.1:26368]' for 'GET' to 'http://localhost:26368/session/509bb87e13751f3ca6e862645badaf3b/screenshot'
16:03:42.587 [Forwarding screenshot on session 509bb87e13751f3ca6e862645badaf3b to remote] DEBUG org.asynchttpclient.netty.request.NettyRequestSender - Using open Channel [id: 0xa5e1503d, L:/127.0.0.1:63391 - R:localhost/127.0.0.1:26368] for GET '/session/509bb87e13751f3ca6e862645badaf3b/screenshot'
16:03:42.696 [AsyncHttpClient-1-5] DEBUG org.asynchttpclient.netty.handler.HttpHandler - 

Request DefaultFullHttpRequest(decodeResult: success, version: HTTP/1.1, content: EmptyByteBufBE)
GET /session/509bb87e13751f3ca6e862645badaf3b/screenshot HTTP/1.1
User-Agent: selenium/4.8.1 (java windows)
Cache-Control: no-cache
Content-Type: application/json; charset=utf-8
host: localhost:26368
accept: */*

Response DefaultHttpResponse(decodeResult: success, version: HTTP/1.1)
HTTP/1.1 200 OK
Content-Length: 30064
Content-Type: application/json; charset=utf-8
cache-control: no-cache

16:03:42.696 [AsyncHttpClient-1-5] DEBUG org.asynchttpclient.netty.channel.ChannelManager - Adding key: http://localhost:26368 for channel [id: 0xa5e1503d, L:/127.0.0.1:63391 - R:localhost/127.0.0.1:26368]
16:03:42.699 [main] DEBUG net.serenitybdd.core.photography.Darkroom - Send negative for processing for target\site\serenity\ccfac0e82321c97235f5d3c8179e2587c9c59b28e8fb4bb8e7c7add63e99cf98.png
16:03:42.699 [main] DEBUG net.thucydides.core.steps.StepInterceptor - STEP DONE: user click the cart
  &amp#27;[32mWhen &amp#27;[0m&amp#27;[32muser click the cart&amp#27;[0m                     &amp#27;[90m# starter.stepdefinition.CartStep.userClickTheCart()&amp#27;[0m
16:03:42.709 [main] DEBUG net.thucydides.core.steps.StepInterceptor - STARTING STEP: CartStep.userClickButtonBayar - user click button Bayar
16:03:42.715 [Forwarding findElement on session 509bb87e13751f3ca6e862645badaf3b to remote] DEBUG org.asynchttpclient.netty.request.NettyRequestSender - Using pooled Channel '[id: 0xa5e1503d, L:/127.0.0.1:63391 - R:localhost/127.0.0.1:26368]' for 'POST' to 'http://localhost:26368/session/509bb87e13751f3ca6e862645badaf3b/element'
16:03:42.715 [Forwarding findElement on session 509bb87e13751f3ca6e862645badaf3b to remote] DEBUG org.asynchttpclient.netty.request.NettyRequestSender - Using open Channel [id: 0xa5e1503d, L:/127.0.0.1:63391 - R:localhost/127.0.0.1:26368] for POST '/session/509bb87e13751f3ca6e862645badaf3b/element'
16:03:42.729 [AsyncHttpClient-1-5] DEBUG org.asynchttpclient.netty.handler.HttpHandler - 

Request DefaultHttpRequest(decodeResult: success, version: HTTP/1.1)
POST /session/509bb87e13751f3ca6e862645badaf3b/element HTTP/1.1
User-Agent: selenium/4.8.1 (java windows)
Content-Length: 71
Content-Type: application/json; charset=utf-8
host: localhost:26368
accept: */*

Response DefaultHttpResponse(decodeResult: success, version: HTTP/1.1)
HTTP/1.1 200 OK
Content-Length: 88
Content-Type: application/json; charset=utf-8
cache-control: no-cache

16:03:42.729 [AsyncHttpClient-1-5] DEBUG org.asynchttpclient.netty.channel.ChannelManager - Adding key: http://localhost:26368 for channel [id: 0xa5e1503d, L:/127.0.0.1:63391 - R:localhost/127.0.0.1:26368]
16:03:42.731 [Forwarding getElementTagName on session 509bb87e13751f3ca6e862645badaf3b to remote] DEBUG org.asynchttpclient.netty.request.NettyRequestSender - Using pooled Channel '[id: 0xa5e1503d, L:/127.0.0.1:63391 - R:localhost/127.0.0.1:26368]' for 'GET' to 'http://localhost:26368/session/509bb87e13751f3ca6e862645badaf3b/element/c234b6d1-7159-473a-8382-fc5043771ac2/name'
16:03:42.731 [Forwarding getElementTagName on session 509bb87e13751f3ca6e862645badaf3b to remote] DEBUG org.asynchttpclient.netty.request.NettyRequestSender - Using open Channel [id: 0xa5e1503d, L:/127.0.0.1:63391 - R:localhost/127.0.0.1:26368] for GET '/session/509bb87e13751f3ca6e862645badaf3b/element/c234b6d1-7159-473a-8382-fc5043771ac2/name'
16:03:42.736 [AsyncHttpClient-1-5] DEBUG org.asynchttpclient.netty.handler.HttpHandler - 

Request DefaultFullHttpRequest(decodeResult: success, version: HTTP/1.1, content: EmptyByteBufBE)
GET /session/509bb87e13751f3ca6e862645badaf3b/element/c234b6d1-7159-473a-8382-fc5043771ac2/name HTTP/1.1
User-Agent: selenium/4.8.1 (java windows)
Cache-Control: no-cache
Content-Type: application/json; charset=utf-8
host: localhost:26368
accept: */*

Response DefaultHttpResponse(decodeResult: success, version: HTTP/1.1)
HTTP/1.1 200 OK
Content-Length: 16
Content-Type: application/json; charset=utf-8
cache-control: no-cache

16:03:42.736 [AsyncHttpClient-1-5] DEBUG org.asynchttpclient.netty.channel.ChannelManager - Adding key: http://localhost:26368 for channel [id: 0xa5e1503d, L:/127.0.0.1:63391 - R:localhost/127.0.0.1:26368]
16:03:42.737 [Forwarding getElementTagName on session 509bb87e13751f3ca6e862645badaf3b to remote] DEBUG org.asynchttpclient.netty.request.NettyRequestSender - Using pooled Channel '[id: 0xa5e1503d, L:/127.0.0.1:63391 - R:localhost/127.0.0.1:26368]' for 'GET' to 'http://localhost:26368/session/509bb87e13751f3ca6e862645badaf3b/element/c234b6d1-7159-473a-8382-fc5043771ac2/name'
16:03:42.737 [Forwarding getElementTagName on session 509bb87e13751f3ca6e862645badaf3b to remote] DEBUG org.asynchttpclient.netty.request.NettyRequestSender - Using open Channel [id: 0xa5e1503d, L:/127.0.0.1:63391 - R:localhost/127.0.0.1:26368] for GET '/session/509bb87e13751f3ca6e862645badaf3b/element/c234b6d1-7159-473a-8382-fc5043771ac2/name'
16:03:42.741 [AsyncHttpClient-1-5] DEBUG org.asynchttpclient.netty.handler.HttpHandler - 

Request DefaultFullHttpRequest(decodeResult: success, version: HTTP/1.1, content: EmptyByteBufBE)
GET /session/509bb87e13751f3ca6e862645badaf3b/element/c234b6d1-7159-473a-8382-fc5043771ac2/name HTTP/1.1
User-Agent: selenium/4.8.1 (java windows)
Cache-Control: no-cache
Content-Type: application/json; charset=utf-8
host: localhost:26368
accept: */*

Response DefaultHttpResponse(decodeResult: success, version: HTTP/1.1)
HTTP/1.1 200 OK
Content-Length: 16
Content-Type: application/json; charset=utf-8
cache-control: no-cache

16:03:42.741 [AsyncHttpClient-1-5] DEBUG org.asynchttpclient.netty.channel.ChannelManager - Adding key: http://localhost:26368 for channel [id: 0xa5e1503d, L:/127.0.0.1:63391 - R:localhost/127.0.0.1:26368]
16:03:42.743 [Forwarding findElement on session 509bb87e13751f3ca6e862645badaf3b to remote] DEBUG org.asynchttpclient.netty.request.NettyRequestSender - Using pooled Channel '[id: 0xa5e1503d, L:/127.0.0.1:63391 - R:localhost/127.0.0.1:26368]' for 'POST' to 'http://localhost:26368/session/509bb87e13751f3ca6e862645badaf3b/element'
16:03:42.743 [Forwarding findElement on session 509bb87e13751f3ca6e862645badaf3b to remote] DEBUG org.asynchttpclient.netty.request.NettyRequestSender - Using open Channel [id: 0xa5e1503d, L:/127.0.0.1:63391 - R:localhost/127.0.0.1:26368] for POST '/session/509bb87e13751f3ca6e862645badaf3b/element'
16:03:42.750 [AsyncHttpClient-1-5] DEBUG org.asynchttpclient.netty.handler.HttpHandler - 

Request DefaultHttpRequest(decodeResult: success, version: HTTP/1.1)
POST /session/509bb87e13751f3ca6e862645badaf3b/element HTTP/1.1
User-Agent: selenium/4.8.1 (java windows)
Content-Length: 71
Content-Type: application/json; charset=utf-8
host: localhost:26368
accept: */*

Response DefaultHttpResponse(decodeResult: success, version: HTTP/1.1)
HTTP/1.1 200 OK
Content-Length: 88
Content-Type: application/json; charset=utf-8
cache-control: no-cache

16:03:42.750 [AsyncHttpClient-1-5] DEBUG org.asynchttpclient.netty.channel.ChannelManager - Adding key: http://localhost:26368 for channel [id: 0xa5e1503d, L:/127.0.0.1:63391 - R:localhost/127.0.0.1:26368]
16:03:42.751 [Forwarding clickElement on session 509bb87e13751f3ca6e862645badaf3b to remote] DEBUG org.asynchttpclient.netty.request.NettyRequestSender - Using pooled Channel '[id: 0xa5e1503d, L:/127.0.0.1:63391 - R:localhost/127.0.0.1:26368]' for 'POST' to 'http://localhost:26368/session/509bb87e13751f3ca6e862645badaf3b/element/c234b6d1-7159-473a-8382-fc5043771ac2/click'
16:03:42.751 [Forwarding clickElement on session 509bb87e13751f3ca6e862645badaf3b to remote] DEBUG org.asynchttpclient.netty.request.NettyRequestSender - Using open Channel [id: 0xa5e1503d, L:/127.0.0.1:63391 - R:localhost/127.0.0.1:26368] for POST '/session/509bb87e13751f3ca6e862645badaf3b/element/c234b6d1-7159-473a-8382-fc5043771ac2/click'
16:03:42.797 [AsyncHttpClient-1-5] DEBUG org.asynchttpclient.netty.handler.HttpHandler - 

Request DefaultHttpRequest(decodeResult: success, version: HTTP/1.1)
POST /session/509bb87e13751f3ca6e862645badaf3b/element/c234b6d1-7159-473a-8382-fc5043771ac2/click HTTP/1.1
User-Agent: selenium/4.8.1 (java windows)
Content-Length: 50
Content-Type: application/json; charset=utf-8
host: localhost:26368
accept: */*

Response DefaultHttpResponse(decodeResult: success, version: HTTP/1.1)
HTTP/1.1 200 OK
Content-Length: 14
Content-Type: application/json; charset=utf-8
cache-control: no-cache

16:03:42.798 [AsyncHttpClient-1-5] DEBUG org.asynchttpclient.netty.channel.ChannelManager - Adding key: http://localhost:26368 for channel [id: 0xa5e1503d, L:/127.0.0.1:63391 - R:localhost/127.0.0.1:26368]
16:03:42.809 [Forwarding getAlertText on session 509bb87e13751f3ca6e862645badaf3b to remote] DEBUG org.asynchttpclient.netty.request.NettyRequestSender - Using pooled Channel '[id: 0xa5e1503d, L:/127.0.0.1:63391 - R:localhost/127.0.0.1:26368]' for 'GET' to 'http://localhost:26368/session/509bb87e13751f3ca6e862645badaf3b/alert/text'
16:03:42.809 [Forwarding getAlertText on session 509bb87e13751f3ca6e862645badaf3b to remote] DEBUG org.asynchttpclient.netty.request.NettyRequestSender - Using open Channel [id: 0xa5e1503d, L:/127.0.0.1:63391 - R:localhost/127.0.0.1:26368] for GET '/session/509bb87e13751f3ca6e862645badaf3b/alert/text'
16:03:42.831 [AsyncHttpClient-1-5] DEBUG org.asynchttpclient.netty.handler.HttpHandler - 

Request DefaultFullHttpRequest(decodeResult: success, version: HTTP/1.1, content: EmptyByteBufBE)
GET /session/509bb87e13751f3ca6e862645badaf3b/alert/text HTTP/1.1
User-Agent: selenium/4.8.1 (java windows)
Cache-Control: no-cache
Content-Type: application/json; charset=utf-8
host: localhost:26368
accept: */*

Response DefaultHttpResponse(decodeResult: success, version: HTTP/1.1)
HTTP/1.1 404 Not Found
Content-Length: 848
Content-Type: application/json; charset=utf-8
cache-control: no-cache

16:03:42.831 [AsyncHttpClient-1-5] DEBUG org.asynchttpclient.netty.channel.ChannelManager - Adding key: http://localhost:26368 for channel [id: 0xa5e1503d, L:/127.0.0.1:63391 - R:localhost/127.0.0.1:26368]
16:03:42.833 [Forwarding getCurrentUrl on session 509bb87e13751f3ca6e862645badaf3b to remote] DEBUG org.asynchttpclient.netty.request.NettyRequestSender - Using pooled Channel '[id: 0xa5e1503d, L:/127.0.0.1:63391 - R:localhost/127.0.0.1:26368]' for 'GET' to 'http://localhost:26368/session/509bb87e13751f3ca6e862645badaf3b/url'
16:03:42.833 [Forwarding getCurrentUrl on session 509bb87e13751f3ca6e862645badaf3b to remote] DEBUG org.asynchttpclient.netty.request.NettyRequestSender - Using open Channel [id: 0xa5e1503d, L:/127.0.0.1:63391 - R:localhost/127.0.0.1:26368] for GET '/session/509bb87e13751f3ca6e862645badaf3b/url'
16:03:42.848 [AsyncHttpClient-1-5] DEBUG org.asynchttpclient.netty.handler.HttpHandler - 

Request DefaultFullHttpRequest(decodeResult: success, version: HTTP/1.1, content: EmptyByteBufBE)
GET /session/509bb87e13751f3ca6e862645badaf3b/url HTTP/1.1
User-Agent: selenium/4.8.1 (java windows)
Cache-Control: no-cache
Content-Type: application/json; charset=utf-8
host: localhost:26368
accept: */*

Response DefaultHttpResponse(decodeResult: success, version: HTTP/1.1)
HTTP/1.1 200 OK
Content-Length: 113
Content-Type: application/json; charset=utf-8
cache-control: no-cache

16:03:42.849 [AsyncHttpClient-1-5] DEBUG org.asynchttpclient.netty.channel.ChannelManager - Adding key: http://localhost:26368 for channel [id: 0xa5e1503d, L:/127.0.0.1:63391 - R:localhost/127.0.0.1:26368]
16:03:42.850 [Forwarding screenshot on session 509bb87e13751f3ca6e862645badaf3b to remote] DEBUG org.asynchttpclient.netty.request.NettyRequestSender - Using pooled Channel '[id: 0xa5e1503d, L:/127.0.0.1:63391 - R:localhost/127.0.0.1:26368]' for 'GET' to 'http://localhost:26368/session/509bb87e13751f3ca6e862645badaf3b/screenshot'
16:03:42.851 [Forwarding screenshot on session 509bb87e13751f3ca6e862645badaf3b to remote] DEBUG org.asynchttpclient.netty.request.NettyRequestSender - Using open Channel [id: 0xa5e1503d, L:/127.0.0.1:63391 - R:localhost/127.0.0.1:26368] for GET '/session/509bb87e13751f3ca6e862645badaf3b/screenshot'
16:03:42.889 [AsyncHttpClient-1-1] DEBUG org.asynchttpclient.netty.channel.DefaultChannelPool - Entry count for : http://localhost:63394 : 1
16:03:43.304 [AsyncHttpClient-1-5] DEBUG org.asynchttpclient.netty.handler.HttpHandler - 

Request DefaultFullHttpRequest(decodeResult: success, version: HTTP/1.1, content: EmptyByteBufBE)
GET /session/509bb87e13751f3ca6e862645badaf3b/screenshot HTTP/1.1
User-Agent: selenium/4.8.1 (java windows)
Cache-Control: no-cache
Content-Type: application/json; charset=utf-8
host: localhost:26368
accept: */*

Response DefaultHttpResponse(decodeResult: success, version: HTTP/1.1)
HTTP/1.1 200 OK
Content-Length: 31404
Content-Type: application/json; charset=utf-8
cache-control: no-cache

16:03:43.305 [AsyncHttpClient-1-5] DEBUG org.asynchttpclient.netty.channel.ChannelManager - Adding key: http://localhost:26368 for channel [id: 0xa5e1503d, L:/127.0.0.1:63391 - R:localhost/127.0.0.1:26368]
16:03:43.308 [main] DEBUG net.serenitybdd.core.photography.Darkroom - Send negative for processing for target\site\serenity\6e2756a9c3215912ee79ec21ddb9559228d7cd0d9993f09c8b0518be96d8e93f.png
16:03:43.308 [main] DEBUG net.thucydides.core.steps.StepInterceptor - STEP DONE: user click button Bayar
  &amp#27;[32mAnd &amp#27;[0m&amp#27;[32muser click button Bayar&amp#27;[0m                  &amp#27;[90m# starter.stepdefinition.CartStep.userClickButtonBayar()&amp#27;[0m
16:03:43.308 [Darkroom Processing Line] DEBUG net.serenitybdd.core.photography.DarkroomProcessingLine - Processing screenshot image in /var/screenshots/screenshot-8217959502058295269
16:03:43.308 [Darkroom Processing Line] DEBUG net.serenitybdd.core.photography.DarkroomProcessingLine - Saving screenshot to target\site\serenity\6e2756a9c3215912ee79ec21ddb9559228d7cd0d9993f09c8b0518be96d8e93f.png
16:03:43.329 [main] DEBUG net.thucydides.core.steps.StepInterceptor - STARTING STEP: CartStep.theAppDisplaysFormTransaction - the app displays form transaction
16:03:43.332 [Forwarding findElement on session 509bb87e13751f3ca6e862645badaf3b to remote] DEBUG org.asynchttpclient.netty.request.NettyRequestSender - Using pooled Channel '[id: 0xa5e1503d, L:/127.0.0.1:63391 - R:localhost/127.0.0.1:26368]' for 'POST' to 'http://localhost:26368/session/509bb87e13751f3ca6e862645badaf3b/element'
16:03:43.332 [Forwarding findElement on session 509bb87e13751f3ca6e862645badaf3b to remote] DEBUG org.asynchttpclient.netty.request.NettyRequestSender - Using open Channel [id: 0xa5e1503d, L:/127.0.0.1:63391 - R:localhost/127.0.0.1:26368] for POST '/session/509bb87e13751f3ca6e862645badaf3b/element'
16:03:43.352 [AsyncHttpClient-1-5] DEBUG org.asynchttpclient.netty.handler.HttpHandler - 

Request DefaultHttpRequest(decodeResult: success, version: HTTP/1.1)
POST /session/509bb87e13751f3ca6e862645badaf3b/element HTTP/1.1
User-Agent: selenium/4.8.1 (java windows)
Content-Length: 72
Content-Type: application/json; charset=utf-8
host: localhost:26368
accept: */*

Response DefaultHttpResponse(decodeResult: success, version: HTTP/1.1)
HTTP/1.1 200 OK
Content-Length: 88
Content-Type: application/json; charset=utf-8
cache-control: no-cache

16:03:43.352 [AsyncHttpClient-1-5] DEBUG org.asynchttpclient.netty.channel.ChannelManager - Adding key: http://localhost:26368 for channel [id: 0xa5e1503d, L:/127.0.0.1:63391 - R:localhost/127.0.0.1:26368]
16:03:43.355 [Forwarding isElementDisplayed on session 509bb87e13751f3ca6e862645badaf3b to remote] DEBUG org.asynchttpclient.netty.request.NettyRequestSender - Using pooled Channel '[id: 0xa5e1503d, L:/127.0.0.1:63391 - R:localhost/127.0.0.1:26368]' for 'POST' to 'http://localhost:26368/session/509bb87e13751f3ca6e862645badaf3b/execute/sync'
16:03:43.355 [Forwarding isElementDisplayed on session 509bb87e13751f3ca6e862645badaf3b to remote] DEBUG org.asynchttpclient.netty.request.NettyRequestSender - Using open Channel [id: 0xa5e1503d, L:/127.0.0.1:63391 - R:localhost/127.0.0.1:26368] for POST '/session/509bb87e13751f3ca6e862645badaf3b/execute/sync'
16:03:43.367 [AsyncHttpClient-1-5] DEBUG org.asynchttpclient.netty.handler.HttpHandler - 

Request DefaultHttpRequest(decodeResult: success, version: HTTP/1.1)
POST /session/509bb87e13751f3ca6e862645badaf3b/execute/sync HTTP/1.1
User-Agent: selenium/4.8.1 (java windows)
Content-Length: 48807
Content-Type: application/json; charset=utf-8
host: localhost:26368
accept: */*

Response DefaultHttpResponse(decodeResult: success, version: HTTP/1.1)
HTTP/1.1 200 OK
Content-Length: 14
Content-Type: application/json; charset=utf-8
cache-control: no-cache

16:03:43.367 [AsyncHttpClient-1-5] DEBUG org.asynchttpclient.netty.channel.ChannelManager - Adding key: http://localhost:26368 for channel [id: 0xa5e1503d, L:/127.0.0.1:63391 - R:localhost/127.0.0.1:26368]
16:03:43.372 [Forwarding getAlertText on session 509bb87e13751f3ca6e862645badaf3b to remote] DEBUG org.asynchttpclient.netty.request.NettyRequestSender - Using pooled Channel '[id: 0xa5e1503d, L:/127.0.0.1:63391 - R:localhost/127.0.0.1:26368]' for 'GET' to 'http://localhost:26368/session/509bb87e13751f3ca6e862645badaf3b/alert/text'
16:03:43.372 [Forwarding getAlertText on session 509bb87e13751f3ca6e862645badaf3b to remote] DEBUG org.asynchttpclient.netty.request.NettyRequestSender - Using open Channel [id: 0xa5e1503d, L:/127.0.0.1:63391 - R:localhost/127.0.0.1:26368] for GET '/session/509bb87e13751f3ca6e862645badaf3b/alert/text'
16:03:43.373 [AsyncHttpClient-1-5] DEBUG org.asynchttpclient.netty.handler.HttpHandler - 

Request DefaultFullHttpRequest(decodeResult: success, version: HTTP/1.1, content: EmptyByteBufBE)
GET /session/509bb87e13751f3ca6e862645badaf3b/alert/text HTTP/1.1
User-Agent: selenium/4.8.1 (java windows)
Cache-Control: no-cache
Content-Type: application/json; charset=utf-8
host: localhost:26368
accept: */*

Response DefaultHttpResponse(decodeResult: success, version: HTTP/1.1)
HTTP/1.1 404 Not Found
Content-Length: 848
Content-Type: application/json; charset=utf-8
cache-control: no-cache

16:03:43.374 [AsyncHttpClient-1-5] DEBUG org.asynchttpclient.netty.channel.ChannelManager - Adding key: http://localhost:26368 for channel [id: 0xa5e1503d, L:/127.0.0.1:63391 - R:localhost/127.0.0.1:26368]
16:03:43.375 [Forwarding getCurrentUrl on session 509bb87e13751f3ca6e862645badaf3b to remote] DEBUG org.asynchttpclient.netty.request.NettyRequestSender - Using pooled Channel '[id: 0xa5e1503d, L:/127.0.0.1:63391 - R:localhost/127.0.0.1:26368]' for 'GET' to 'http://localhost:26368/session/509bb87e13751f3ca6e862645badaf3b/url'
16:03:43.375 [Forwarding getCurrentUrl on session 509bb87e13751f3ca6e862645badaf3b to remote] DEBUG org.asynchttpclient.netty.request.NettyRequestSender - Using open Channel [id: 0xa5e1503d, L:/127.0.0.1:63391 - R:localhost/127.0.0.1:26368] for GET '/session/509bb87e13751f3ca6e862645badaf3b/url'
16:03:43.379 [AsyncHttpClient-1-5] DEBUG org.asynchttpclient.netty.handler.HttpHandler - 

Request DefaultFullHttpRequest(decodeResult: success, version: HTTP/1.1, content: EmptyByteBufBE)
GET /session/509bb87e13751f3ca6e862645badaf3b/url HTTP/1.1
User-Agent: selenium/4.8.1 (java windows)
Cache-Control: no-cache
Content-Type: application/json; charset=utf-8
host: localhost:26368
accept: */*

Response DefaultHttpResponse(decodeResult: success, version: HTTP/1.1)
HTTP/1.1 200 OK
Content-Length: 52
Content-Type: application/json; charset=utf-8
cache-control: no-cache

16:03:43.379 [AsyncHttpClient-1-5] DEBUG org.asynchttpclient.netty.channel.ChannelManager - Adding key: http://localhost:26368 for channel [id: 0xa5e1503d, L:/127.0.0.1:63391 - R:localhost/127.0.0.1:26368]
16:03:43.380 [Forwarding screenshot on session 509bb87e13751f3ca6e862645badaf3b to remote] DEBUG org.asynchttpclient.netty.request.NettyRequestSender - Using pooled Channel '[id: 0xa5e1503d, L:/127.0.0.1:63391 - R:localhost/127.0.0.1:26368]' for 'GET' to 'http://localhost:26368/session/509bb87e13751f3ca6e862645badaf3b/screenshot'
16:03:43.380 [Forwarding screenshot on session 509bb87e13751f3ca6e862645badaf3b to remote] DEBUG org.asynchttpclient.netty.request.NettyRequestSender - Using open Channel [id: 0xa5e1503d, L:/127.0.0.1:63391 - R:localhost/127.0.0.1:26368] for GET '/session/509bb87e13751f3ca6e862645badaf3b/screenshot'
16:03:43.459 [AsyncHttpClient-1-5] DEBUG org.asynchttpclient.netty.handler.HttpHandler - 

Request DefaultFullHttpRequest(decodeResult: success, version: HTTP/1.1, content: EmptyByteBufBE)
GET /session/509bb87e13751f3ca6e862645badaf3b/screenshot HTTP/1.1
User-Agent: selenium/4.8.1 (java windows)
Cache-Control: no-cache
Content-Type: application/json; charset=utf-8
host: localhost:26368
accept: */*

Response DefaultHttpResponse(decodeResult: success, version: HTTP/1.1)
HTTP/1.1 200 OK
Content-Length: 30104
Content-Type: application/json; charset=utf-8
cache-control: no-cache

16:03:43.460 [AsyncHttpClient-1-5] DEBUG org.asynchttpclient.netty.channel.ChannelManager - Adding key: http://localhost:26368 for channel [id: 0xa5e1503d, L:/127.0.0.1:63391 - R:localhost/127.0.0.1:26368]
16:03:43.462 [main] DEBUG net.serenitybdd.core.photography.Darkroom - Send negative for processing for target\site\serenity\51c36945ebf606b609e933b032fb52baa08da79e07f71c9259f14bcb454b324a.png
16:03:43.463 [main] DEBUG net.thucydides.core.steps.StepInterceptor - STEP DONE: the app displays form transaction
16:03:43.463 [Darkroom Processing Line] DEBUG net.serenitybdd.core.photography.DarkroomProcessingLine - Processing screenshot image in /var/screenshots/screenshot-5021491611044329386
16:03:43.463 [Darkroom Processing Line] DEBUG net.serenitybdd.core.photography.DarkroomProcessingLine - Saving screenshot to target\site\serenity\51c36945ebf606b609e933b032fb52baa08da79e07f71c9259f14bcb454b324a.png
  &amp#27;[32mThen &amp#27;[0m&amp#27;[32mthe app displays form transaction&amp#27;[0m       &amp#27;[90m# starter.stepdefinition.CartStep.theAppDisplaysFormTransaction()&amp#27;[0m
16:03:43.470 [main] INFO  - 
  _____   ___   ___   _____     ___     _     ___   ___   ___   ___  
 |_   _| | __| / __| |_   _|   | _ \   /_\   / __| / __| | __| |   \ 
   | |   | _|  \__ \   | |     |  _/  / _ \  \__ \ \__ \ | _|  | |) |
   |_|   |___| |___/   |_|     |_|   /_/ \_\ |___/ |___/ |___| |___/ 

As a user, I want to pay the product
----------------------------------------------------------------------
16:03:43.473 [AsyncHttpClient-1-7] DEBUG org.asynchttpclient.netty.handler.WebSocketHandler - Channel Closed: [id: 0xe79e5781, L:/127.0.0.1:63400 ! R:localhost/127.0.0.1:63394] with attribute NettyResponseFuture{currentRetry=0,
	isDone=1,
	isCancelled=0,
	asyncHandler=org.asynchttpclient.ws.WebSocketUpgradeHandler@42f090b,
	nettyRequest=org.asynchttpclient.netty.request.NettyRequest@412d87ea,
	future=java.util.concurrent.CompletableFuture@74dcf10e[Completed normally],
	uri=ws://localhost:63394/devtools/browser/e6e08623-f44d-4e9a-a254-221ae9cd0cfd,
	keepAlive=true,
	redirectCount=0,
	timeoutsHolder=null,
	inAuth=0,
	touch=1683104613807}
16:03:43.473 [AsyncHttpClient-1-7] DEBUG org.asynchttpclient.netty.channel.ChannelManager - Closing Channel [id: 0xe79e5781, L:/127.0.0.1:63400 ! R:localhost/127.0.0.1:63394] 
16:03:43.476 [Driver Command Executor] DEBUG org.asynchttpclient.netty.request.NettyRequestSender - Using pooled Channel '[id: 0xa5e1503d, L:/127.0.0.1:63391 - R:localhost/127.0.0.1:26368]' for 'DELETE' to 'http://localhost:26368/session/509bb87e13751f3ca6e862645badaf3b'
16:03:43.493 [Driver Command Executor] DEBUG org.asynchttpclient.netty.request.NettyRequestSender - Using open Channel [id: 0xa5e1503d, L:/127.0.0.1:63391 - R:localhost/127.0.0.1:26368] for DELETE '/session/509bb87e13751f3ca6e862645badaf3b'
16:03:43.844 [AsyncHttpClient-1-6] DEBUG org.asynchttpclient.netty.handler.HttpHandler - Unexpected I/O exception on channel [id: 0xd05f3a0b, L:/127.0.0.1:63399 - R:localhost/127.0.0.1:63394]
java.io.IOException: An existing connection was forcibly closed by the remote host
	at sun.nio.ch.SocketDispatcher.read0(Native Method)
	at sun.nio.ch.SocketDispatcher.read(SocketDispatcher.java:43)
	at sun.nio.ch.IOUtil.readIntoNativeBuffer(IOUtil.java:223)
	at sun.nio.ch.IOUtil.read(IOUtil.java:192)
	at sun.nio.ch.SocketChannelImpl.read(SocketChannelImpl.java:378)
	at io.netty.buffer.PooledByteBuf.setBytes(PooledByteBuf.java:259)
	at io.netty.buffer.AbstractByteBuf.writeBytes(AbstractByteBuf.java:1132)
	at io.netty.channel.socket.nio.NioSocketChannel.doReadBytes(NioSocketChannel.java:357)
	at io.netty.channel.nio.AbstractNioByteChannel$NioByteUnsafe.read(AbstractNioByteChannel.java:151)
	at io.netty.channel.nio.NioEventLoop.processSelectedKey(NioEventLoop.java:788)
	at io.netty.channel.nio.NioEventLoop.processSelectedKeysOptimized(NioEventLoop.java:724)
	at io.netty.channel.nio.NioEventLoop.processSelectedKeys(NioEventLoop.java:650)
	at io.netty.channel.nio.NioEventLoop.run(NioEventLoop.java:562)
	at io.netty.util.concurrent.SingleThreadEventExecutor$4.run(SingleThreadEventExecutor.java:997)
	at io.netty.util.internal.ThreadExecutorMap$2.run(ThreadExecutorMap.java:74)
	at io.netty.util.concurrent.FastThreadLocalRunnable.run(FastThreadLocalRunnable.java:30)
	at java.lang.Thread.run(Thread.java:748)
16:03:43.845 [AsyncHttpClient-1-6] DEBUG org.asynchttpclient.netty.channel.ChannelManager - Closing Channel [id: 0xd05f3a0b, L:/127.0.0.1:63399 - R:localhost/127.0.0.1:63394] 
16:03:43.845 [AsyncHttpClient-1-6] DEBUG org.asynchttpclient.netty.handler.HttpHandler - Channel Closed: [id: 0xd05f3a0b, L:/127.0.0.1:63399 ! R:localhost/127.0.0.1:63394] with attribute DISCARD
16:03:43.869 [AsyncHttpClient-1-5] DEBUG org.asynchttpclient.netty.handler.HttpHandler - 

Request DefaultFullHttpRequest(decodeResult: success, version: HTTP/1.1, content: EmptyByteBufBE)
DELETE /session/509bb87e13751f3ca6e862645badaf3b HTTP/1.1
User-Agent: selenium/4.8.1 (java windows)
Content-Type: application/json; charset=utf-8
host: localhost:26368
accept: */*

Response DefaultHttpResponse(decodeResult: success, version: HTTP/1.1)
HTTP/1.1 200 OK
Content-Length: 14
Content-Type: application/json; charset=utf-8
cache-control: no-cache

16:03:43.869 [AsyncHttpClient-1-5] DEBUG org.asynchttpclient.netty.channel.ChannelManager - Adding key: http://localhost:26368 for channel [id: 0xa5e1503d, L:/127.0.0.1:63391 - R:localhost/127.0.0.1:26368]
16:03:43.978 [AsyncHttpClient-1-1] DEBUG org.asynchttpclient.netty.channel.DefaultChannelPool - Entry count for : http://localhost:26368 : 1
16:03:43.978 [AsyncHttpClient-1-1] DEBUG org.asynchttpclient.netty.channel.DefaultChannelPool - Entry count for : http://localhost:63394 : 1
16:03:43.978 [AsyncHttpClient-1-1] DEBUG org.asynchttpclient.netty.channel.DefaultChannelPool - Adding Candidate expired Channel [id: 0xd05f3a0b, L:/127.0.0.1:63399 ! R:localhost/127.0.0.1:63394] isIdleTimeoutExpired=false isRemotelyClosed=true isTtlExpired=false
16:03:43.978 [AsyncHttpClient-1-1] DEBUG org.asynchttpclient.netty.channel.DefaultChannelPool - Closing Idle Channel [id: 0xd05f3a0b, L:/127.0.0.1:63399 ! R:localhost/127.0.0.1:63394]
16:03:43.978 [AsyncHttpClient-1-1] DEBUG org.asynchttpclient.netty.channel.DefaultChannelPool - Closed 1 connections out of 2 in 0 ms
16:03:43.979 [AsyncHttpClient-1-5] DEBUG org.asynchttpclient.netty.handler.HttpHandler - Channel Closed: [id: 0xa5e1503d, L:/127.0.0.1:63391 ! R:localhost/127.0.0.1:26368] with attribute DISCARD
]]></system-out>
    <system-err><![CDATA[Starting ChromeDriver 112.0.5615.49 (bd2a7bcb881c11e8cfe3078709382934e3916914-refs/branch-heads/5615@{#936}) on port 26368
Only local connections are allowed.
Please see https://chromedriver.chromium.org/security-considerations for suggestions on keeping ChromeDriver safe.
ChromeDriver was started successfully.
May 03, 2023 4:03:33 PM org.openqa.selenium.devtools.CdpVersionFinder findNearestMatch
WARNING: Unable to find an exact match for CDP version 112, so returning the closest version found: 110
]]></system-err>
  </testcase>
  <testcase name="As a user, I want to reduce the quantity of a product in the cart" classname="Cart - As a user I want to pay for the product So that I have to check the cart to pay" time="10.013">
    <system-out><![CDATA[
@TC_Cart_003
Scenario: As a user, I want to reduce the quantity of a product in the cart &amp#27;[90m# src/test/resources/features/Cart.feature:20&amp#27;[0m
16:03:44.573 [main] DEBUG io.cucumber.core.plugin.SerenityReporter - Running feature from file:///C:/Users/user/Downloads/QE_Devi-Agustin-Utari/Mini%20Project/Source_Mini_Project/Web_Automation_AltaShop/src/test/resources/features/Cart.feature
16:03:44.579 [main] INFO  - 
  _____   ___   ___   _____     ___   _____     _     ___   _____   ___   ___  
 |_   _| | __| / __| |_   _|   / __| |_   _|   /_\   | _ \ |_   _| | __| |   \ 
   | |   | _|  \__ \   | |     \__ \   | |    / _ \  |   /   | |   | _|  | |) |
   |_|   |___| |___/   |_|     |___/   |_|   /_/ \_\ |_|_\   |_|   |___| |___/ 

As a user, I want to reduce the quantity of a product in the cart(cart---as-a-user-i-want-to-pay-for-the-product-so-that-i-have-to-check-the-cart-to-pay;as-a-user--i-want-to-reduce-the-quantity-of-a-product-in-the-cart)
--------------------------------------------------------------------------------
16:03:44.626 [main] DEBUG net.thucydides.core.steps.StepInterceptor - STARTING STEP: LoginStep.userSuccessLogin - user on login page
16:03:44.745 [main] INFO net.serenitybdd.core.webdriver.driverproviders.ChromeDriverProvider - Starting Chrome driver instance with capabilities:
16:03:44.746 [main] INFO net.serenitybdd.core.webdriver.driverproviders.ChromeDriverProvider - Capabilities {acceptInsecureCerts: true, browserName: chrome, goog:chromeOptions: {args: [remote-allow-origins=*, test-type, no-sandbox, ignore-certificate-errors, start-maximized, incognito, disable-infobars, disable-gpu, disable-default-apps, disable-popup-blocking, remote-allow-origins=*, test-type, no-sandbox, ignore-certificate-errors, start-maximized, incognito, disable-infobars, disable-gpu, disable-default-apps, disable-popup-blocking, remote-allow-origins=*], extensions: []}}
16:03:45.118 [AsyncHttpClient-1-1] DEBUG org.asynchttpclient.netty.channel.DefaultChannelPool - Entry count for : http://localhost:26368 : 1
16:03:45.118 [AsyncHttpClient-1-1] DEBUG org.asynchttpclient.netty.channel.DefaultChannelPool - Adding Candidate expired Channel [id: 0xa5e1503d, L:/127.0.0.1:63391 ! R:localhost/127.0.0.1:26368] isIdleTimeoutExpired=false isRemotelyClosed=true isTtlExpired=false
16:03:45.118 [AsyncHttpClient-1-1] DEBUG org.asynchttpclient.netty.channel.DefaultChannelPool - Closing Idle Channel [id: 0xa5e1503d, L:/127.0.0.1:63391 ! R:localhost/127.0.0.1:26368]
16:03:45.118 [AsyncHttpClient-1-1] DEBUG org.asynchttpclient.netty.channel.DefaultChannelPool - Closed 1 connections out of 1 in 0 ms
16:03:45.394 [AsyncHttpClient-1-8] DEBUG org.asynchttpclient.netty.channel.NettyConnectListener - Using new Channel '[id: 0x73ec8ae4, L:/127.0.0.1:63420 - R:localhost/127.0.0.1:40618]' for 'POST' to '/session'
16:03:46.335 [AsyncHttpClient-1-8] DEBUG org.asynchttpclient.netty.handler.HttpHandler - 

Request DefaultHttpRequest(decodeResult: success, version: HTTP/1.1)
POST /session HTTP/1.1
User-Agent: selenium/4.8.1 (java windows)
Content-Length: 1701
Content-Type: application/json; charset=utf-8
host: localhost:40618
accept: */*

Response DefaultHttpResponse(decodeResult: success, version: HTTP/1.1)
HTTP/1.1 200 OK
Content-Length: 843
Content-Type: application/json; charset=utf-8
cache-control: no-cache

16:03:46.335 [AsyncHttpClient-1-8] DEBUG org.asynchttpclient.netty.channel.ChannelManager - Adding key: http://localhost:40618 for channel [id: 0x73ec8ae4, L:/127.0.0.1:63420 - R:localhost/127.0.0.1:40618]
16:03:46.361 [AsyncHttpClient-1-9] DEBUG org.asynchttpclient.netty.channel.NettyConnectListener - Using new Channel '[id: 0xa16356c9, L:/127.0.0.1:63427 - R:localhost/127.0.0.1:63421]' for 'GET' to '/json/version'
16:03:46.362 [AsyncHttpClient-1-9] DEBUG org.asynchttpclient.netty.handler.HttpHandler - 

Request DefaultFullHttpRequest(decodeResult: success, version: HTTP/1.1, content: EmptyByteBufBE)
GET /json/version HTTP/1.1
User-Agent: selenium/4.8.1 (java windows)
host: localhost:63421
accept: */*

Response DefaultHttpResponse(decodeResult: success, version: HTTP/1.1)
HTTP/1.1 200 OK
Content-Security-Policy: frame-ancestors 'none'
Content-Length: 424
Content-Type: application/json; charset=UTF-8

16:03:46.362 [AsyncHttpClient-1-9] DEBUG org.asynchttpclient.netty.channel.ChannelManager - Adding key: http://localhost:63421 for channel [id: 0xa16356c9, L:/127.0.0.1:63427 - R:localhost/127.0.0.1:63421]
16:03:46.365 [AsyncHttpClient-1-2] DEBUG org.asynchttpclient.netty.channel.NettyConnectListener - Using new Channel '[id: 0x97af9f5a, L:/127.0.0.1:63428 - R:localhost/127.0.0.1:63421]' for 'GET' to '/devtools/browser/59f29994-79df-4335-847d-d2890cebbb7e'
16:03:46.367 [AsyncHttpClient-1-2] DEBUG org.asynchttpclient.netty.handler.WebSocketHandler - 

Request DefaultFullHttpRequest(decodeResult: success, version: HTTP/1.1, content: EmptyByteBufBE)
GET /devtools/browser/59f29994-79df-4335-847d-d2890cebbb7e HTTP/1.1
upgrade: websocket
connection: upgrade
sec-websocket-key: 98D9mNeWz+5jhuMGmWtyKQ==
sec-websocket-version: 13
origin: http://localhost:63421
host: localhost:63421
accept: */*
user-agent: AHC/2.1

Response DefaultHttpResponse(decodeResult: success, version: HTTP/1.1)
HTTP/1.1 101 WebSocket Protocol Handshake
Upgrade: WebSocket
Connection: Upgrade
Sec-WebSocket-Accept: 07blO2gSBjXcPcV6rrkPQFG4nR0=

16:03:46.379 [Forwarding get on session 6c7a1db234c8406ea56a60c4dcdbe780 to remote] DEBUG org.asynchttpclient.netty.request.NettyRequestSender - Using pooled Channel '[id: 0x73ec8ae4, L:/127.0.0.1:63420 - R:localhost/127.0.0.1:40618]' for 'POST' to 'http://localhost:40618/session/6c7a1db234c8406ea56a60c4dcdbe780/url'
16:03:46.380 [Forwarding get on session 6c7a1db234c8406ea56a60c4dcdbe780 to remote] DEBUG org.asynchttpclient.netty.request.NettyRequestSender - Using open Channel [id: 0x73ec8ae4, L:/127.0.0.1:63420 - R:localhost/127.0.0.1:40618] for POST '/session/6c7a1db234c8406ea56a60c4dcdbe780/url'
16:03:47.281 [AsyncHttpClient-1-1] DEBUG org.asynchttpclient.netty.channel.DefaultChannelPool - Entry count for : http://localhost:63421 : 1
16:03:48.196 [AsyncHttpClient-1-8] DEBUG org.asynchttpclient.netty.handler.HttpHandler - 

Request DefaultHttpRequest(decodeResult: success, version: HTTP/1.1)
POST /session/6c7a1db234c8406ea56a60c4dcdbe780/url HTTP/1.1
User-Agent: selenium/4.8.1 (java windows)
Content-Length: 74
Content-Type: application/json; charset=utf-8
host: localhost:40618
accept: */*

Response DefaultHttpResponse(decodeResult: success, version: HTTP/1.1)
HTTP/1.1 200 OK
Content-Length: 14
Content-Type: application/json; charset=utf-8
cache-control: no-cache

16:03:48.196 [AsyncHttpClient-1-8] DEBUG org.asynchttpclient.netty.channel.ChannelManager - Adding key: http://localhost:40618 for channel [id: 0x73ec8ae4, L:/127.0.0.1:63420 - R:localhost/127.0.0.1:40618]
16:03:48.199 [Forwarding setTimeout on session 6c7a1db234c8406ea56a60c4dcdbe780 to remote] DEBUG org.asynchttpclient.netty.request.NettyRequestSender - Using pooled Channel '[id: 0x73ec8ae4, L:/127.0.0.1:63420 - R:localhost/127.0.0.1:40618]' for 'POST' to 'http://localhost:40618/session/6c7a1db234c8406ea56a60c4dcdbe780/timeouts'
16:03:48.199 [Forwarding setTimeout on session 6c7a1db234c8406ea56a60c4dcdbe780 to remote] DEBUG org.asynchttpclient.netty.request.NettyRequestSender - Using open Channel [id: 0x73ec8ae4, L:/127.0.0.1:63420 - R:localhost/127.0.0.1:40618] for POST '/session/6c7a1db234c8406ea56a60c4dcdbe780/timeouts'
16:03:48.200 [AsyncHttpClient-1-8] DEBUG org.asynchttpclient.netty.handler.HttpHandler - 

Request DefaultHttpRequest(decodeResult: success, version: HTTP/1.1)
POST /session/6c7a1db234c8406ea56a60c4dcdbe780/timeouts HTTP/1.1
User-Agent: selenium/4.8.1 (java windows)
Content-Length: 22
Content-Type: application/json; charset=utf-8
host: localhost:40618
accept: */*

Response DefaultHttpResponse(decodeResult: success, version: HTTP/1.1)
HTTP/1.1 200 OK
Content-Length: 14
Content-Type: application/json; charset=utf-8
cache-control: no-cache

16:03:48.201 [AsyncHttpClient-1-8] DEBUG org.asynchttpclient.netty.channel.ChannelManager - Adding key: http://localhost:40618 for channel [id: 0x73ec8ae4, L:/127.0.0.1:63420 - R:localhost/127.0.0.1:40618]
16:03:48.205 [Forwarding findElement on session 6c7a1db234c8406ea56a60c4dcdbe780 to remote] DEBUG org.asynchttpclient.netty.request.NettyRequestSender - Using pooled Channel '[id: 0x73ec8ae4, L:/127.0.0.1:63420 - R:localhost/127.0.0.1:40618]' for 'POST' to 'http://localhost:40618/session/6c7a1db234c8406ea56a60c4dcdbe780/element'
16:03:48.205 [Forwarding findElement on session 6c7a1db234c8406ea56a60c4dcdbe780 to remote] DEBUG org.asynchttpclient.netty.request.NettyRequestSender - Using open Channel [id: 0x73ec8ae4, L:/127.0.0.1:63420 - R:localhost/127.0.0.1:40618] for POST '/session/6c7a1db234c8406ea56a60c4dcdbe780/element'
16:03:48.217 [AsyncHttpClient-1-8] DEBUG org.asynchttpclient.netty.handler.HttpHandler - 

Request DefaultHttpRequest(decodeResult: success, version: HTTP/1.1)
POST /session/6c7a1db234c8406ea56a60c4dcdbe780/element HTTP/1.1
User-Agent: selenium/4.8.1 (java windows)
Content-Length: 69
Content-Type: application/json; charset=utf-8
host: localhost:40618
accept: */*

Response DefaultHttpResponse(decodeResult: success, version: HTTP/1.1)
HTTP/1.1 200 OK
Content-Length: 88
Content-Type: application/json; charset=utf-8
cache-control: no-cache

16:03:48.217 [AsyncHttpClient-1-8] DEBUG org.asynchttpclient.netty.channel.ChannelManager - Adding key: http://localhost:40618 for channel [id: 0x73ec8ae4, L:/127.0.0.1:63420 - R:localhost/127.0.0.1:40618]
16:03:48.221 [Forwarding isElementDisplayed on session 6c7a1db234c8406ea56a60c4dcdbe780 to remote] DEBUG org.asynchttpclient.netty.request.NettyRequestSender - Using pooled Channel '[id: 0x73ec8ae4, L:/127.0.0.1:63420 - R:localhost/127.0.0.1:40618]' for 'POST' to 'http://localhost:40618/session/6c7a1db234c8406ea56a60c4dcdbe780/execute/sync'
16:03:48.221 [Forwarding isElementDisplayed on session 6c7a1db234c8406ea56a60c4dcdbe780 to remote] DEBUG org.asynchttpclient.netty.request.NettyRequestSender - Using open Channel [id: 0x73ec8ae4, L:/127.0.0.1:63420 - R:localhost/127.0.0.1:40618] for POST '/session/6c7a1db234c8406ea56a60c4dcdbe780/execute/sync'
16:03:48.234 [AsyncHttpClient-1-8] DEBUG org.asynchttpclient.netty.handler.HttpHandler - 

Request DefaultHttpRequest(decodeResult: success, version: HTTP/1.1)
POST /session/6c7a1db234c8406ea56a60c4dcdbe780/execute/sync HTTP/1.1
User-Agent: selenium/4.8.1 (java windows)
Content-Length: 48807
Content-Type: application/json; charset=utf-8
host: localhost:40618
accept: */*

Response DefaultHttpResponse(decodeResult: success, version: HTTP/1.1)
HTTP/1.1 200 OK
Content-Length: 14
Content-Type: application/json; charset=utf-8
cache-control: no-cache

16:03:48.234 [AsyncHttpClient-1-8] DEBUG org.asynchttpclient.netty.channel.ChannelManager - Adding key: http://localhost:40618 for channel [id: 0x73ec8ae4, L:/127.0.0.1:63420 - R:localhost/127.0.0.1:40618]
16:03:48.238 [Forwarding getAlertText on session 6c7a1db234c8406ea56a60c4dcdbe780 to remote] DEBUG org.asynchttpclient.netty.request.NettyRequestSender - Using pooled Channel '[id: 0x73ec8ae4, L:/127.0.0.1:63420 - R:localhost/127.0.0.1:40618]' for 'GET' to 'http://localhost:40618/session/6c7a1db234c8406ea56a60c4dcdbe780/alert/text'
16:03:48.238 [Forwarding getAlertText on session 6c7a1db234c8406ea56a60c4dcdbe780 to remote] DEBUG org.asynchttpclient.netty.request.NettyRequestSender - Using open Channel [id: 0x73ec8ae4, L:/127.0.0.1:63420 - R:localhost/127.0.0.1:40618] for GET '/session/6c7a1db234c8406ea56a60c4dcdbe780/alert/text'
16:03:48.240 [AsyncHttpClient-1-8] DEBUG org.asynchttpclient.netty.handler.HttpHandler - 

Request DefaultFullHttpRequest(decodeResult: success, version: HTTP/1.1, content: EmptyByteBufBE)
GET /session/6c7a1db234c8406ea56a60c4dcdbe780/alert/text HTTP/1.1
User-Agent: selenium/4.8.1 (java windows)
Cache-Control: no-cache
Content-Type: application/json; charset=utf-8
host: localhost:40618
accept: */*

Response DefaultHttpResponse(decodeResult: success, version: HTTP/1.1)
HTTP/1.1 404 Not Found
Content-Length: 848
Content-Type: application/json; charset=utf-8
cache-control: no-cache

16:03:48.240 [AsyncHttpClient-1-8] DEBUG org.asynchttpclient.netty.channel.ChannelManager - Adding key: http://localhost:40618 for channel [id: 0x73ec8ae4, L:/127.0.0.1:63420 - R:localhost/127.0.0.1:40618]
16:03:48.242 [Forwarding getCurrentUrl on session 6c7a1db234c8406ea56a60c4dcdbe780 to remote] DEBUG org.asynchttpclient.netty.request.NettyRequestSender - Using pooled Channel '[id: 0x73ec8ae4, L:/127.0.0.1:63420 - R:localhost/127.0.0.1:40618]' for 'GET' to 'http://localhost:40618/session/6c7a1db234c8406ea56a60c4dcdbe780/url'
16:03:48.242 [Forwarding getCurrentUrl on session 6c7a1db234c8406ea56a60c4dcdbe780 to remote] DEBUG org.asynchttpclient.netty.request.NettyRequestSender - Using open Channel [id: 0x73ec8ae4, L:/127.0.0.1:63420 - R:localhost/127.0.0.1:40618] for GET '/session/6c7a1db234c8406ea56a60c4dcdbe780/url'
16:03:48.246 [AsyncHttpClient-1-8] DEBUG org.asynchttpclient.netty.handler.HttpHandler - 

Request DefaultFullHttpRequest(decodeResult: success, version: HTTP/1.1, content: EmptyByteBufBE)
GET /session/6c7a1db234c8406ea56a60c4dcdbe780/url HTTP/1.1
User-Agent: selenium/4.8.1 (java windows)
Cache-Control: no-cache
Content-Type: application/json; charset=utf-8
host: localhost:40618
accept: */*

Response DefaultHttpResponse(decodeResult: success, version: HTTP/1.1)
HTTP/1.1 200 OK
Content-Length: 51
Content-Type: application/json; charset=utf-8
cache-control: no-cache

16:03:48.247 [AsyncHttpClient-1-8] DEBUG org.asynchttpclient.netty.channel.ChannelManager - Adding key: http://localhost:40618 for channel [id: 0x73ec8ae4, L:/127.0.0.1:63420 - R:localhost/127.0.0.1:40618]
16:03:48.247 [Forwarding screenshot on session 6c7a1db234c8406ea56a60c4dcdbe780 to remote] DEBUG org.asynchttpclient.netty.request.NettyRequestSender - Using pooled Channel '[id: 0x73ec8ae4, L:/127.0.0.1:63420 - R:localhost/127.0.0.1:40618]' for 'GET' to 'http://localhost:40618/session/6c7a1db234c8406ea56a60c4dcdbe780/screenshot'
16:03:48.247 [Forwarding screenshot on session 6c7a1db234c8406ea56a60c4dcdbe780 to remote] DEBUG org.asynchttpclient.netty.request.NettyRequestSender - Using open Channel [id: 0x73ec8ae4, L:/127.0.0.1:63420 - R:localhost/127.0.0.1:40618] for GET '/session/6c7a1db234c8406ea56a60c4dcdbe780/screenshot'
16:03:48.315 [AsyncHttpClient-1-8] DEBUG org.asynchttpclient.netty.handler.HttpHandler - 

Request DefaultFullHttpRequest(decodeResult: success, version: HTTP/1.1, content: EmptyByteBufBE)
GET /session/6c7a1db234c8406ea56a60c4dcdbe780/screenshot HTTP/1.1
User-Agent: selenium/4.8.1 (java windows)
Cache-Control: no-cache
Content-Type: application/json; charset=utf-8
host: localhost:40618
accept: */*

Response DefaultHttpResponse(decodeResult: success, version: HTTP/1.1)
HTTP/1.1 200 OK
Content-Length: 25060
Content-Type: application/json; charset=utf-8
cache-control: no-cache

16:03:48.316 [AsyncHttpClient-1-8] DEBUG org.asynchttpclient.netty.channel.ChannelManager - Adding key: http://localhost:40618 for channel [id: 0x73ec8ae4, L:/127.0.0.1:63420 - R:localhost/127.0.0.1:40618]
16:03:48.318 [main] DEBUG net.serenitybdd.core.photography.Darkroom - Send negative for processing for target\site\serenity\1db263dd5c04c8fe15e82ee6420144d4e1e7b9826b9315cfd7ec5b5d0da76045.png
16:03:48.318 [main] DEBUG net.thucydides.core.steps.StepInterceptor - STEP DONE: user on login page
16:03:48.321 [main] DEBUG net.thucydides.core.steps.StepInterceptor - STARTING STEP: LoginStep.userSuccessLogin - user input valid email
16:03:48.322 [Forwarding findElement on session 6c7a1db234c8406ea56a60c4dcdbe780 to remote] DEBUG org.asynchttpclient.netty.request.NettyRequestSender - Using pooled Channel '[id: 0x73ec8ae4, L:/127.0.0.1:63420 - R:localhost/127.0.0.1:40618]' for 'POST' to 'http://localhost:40618/session/6c7a1db234c8406ea56a60c4dcdbe780/element'
16:03:48.322 [Forwarding findElement on session 6c7a1db234c8406ea56a60c4dcdbe780 to remote] DEBUG org.asynchttpclient.netty.request.NettyRequestSender - Using open Channel [id: 0x73ec8ae4, L:/127.0.0.1:63420 - R:localhost/127.0.0.1:40618] for POST '/session/6c7a1db234c8406ea56a60c4dcdbe780/element'
16:03:48.333 [AsyncHttpClient-1-8] DEBUG org.asynchttpclient.netty.handler.HttpHandler - 

Request DefaultHttpRequest(decodeResult: success, version: HTTP/1.1)
POST /session/6c7a1db234c8406ea56a60c4dcdbe780/element HTTP/1.1
User-Agent: selenium/4.8.1 (java windows)
Content-Length: 55
Content-Type: application/json; charset=utf-8
host: localhost:40618
accept: */*

Response DefaultHttpResponse(decodeResult: success, version: HTTP/1.1)
HTTP/1.1 200 OK
Content-Length: 88
Content-Type: application/json; charset=utf-8
cache-control: no-cache

16:03:48.333 [AsyncHttpClient-1-8] DEBUG org.asynchttpclient.netty.channel.ChannelManager - Adding key: http://localhost:40618 for channel [id: 0x73ec8ae4, L:/127.0.0.1:63420 - R:localhost/127.0.0.1:40618]
16:03:48.334 [Forwarding clearElement on session 6c7a1db234c8406ea56a60c4dcdbe780 to remote] DEBUG org.asynchttpclient.netty.request.NettyRequestSender - Using pooled Channel '[id: 0x73ec8ae4, L:/127.0.0.1:63420 - R:localhost/127.0.0.1:40618]' for 'POST' to 'http://localhost:40618/session/6c7a1db234c8406ea56a60c4dcdbe780/element/8da0de9b-570c-4da6-b92c-4a8bb4aaeaa4/clear'
16:03:48.334 [Forwarding clearElement on session 6c7a1db234c8406ea56a60c4dcdbe780 to remote] DEBUG org.asynchttpclient.netty.request.NettyRequestSender - Using open Channel [id: 0x73ec8ae4, L:/127.0.0.1:63420 - R:localhost/127.0.0.1:40618] for POST '/session/6c7a1db234c8406ea56a60c4dcdbe780/element/8da0de9b-570c-4da6-b92c-4a8bb4aaeaa4/clear'
16:03:48.364 [AsyncHttpClient-1-8] DEBUG org.asynchttpclient.netty.handler.HttpHandler - 

Request DefaultHttpRequest(decodeResult: success, version: HTTP/1.1)
POST /session/6c7a1db234c8406ea56a60c4dcdbe780/element/8da0de9b-570c-4da6-b92c-4a8bb4aaeaa4/clear HTTP/1.1
User-Agent: selenium/4.8.1 (java windows)
Content-Length: 50
Content-Type: application/json; charset=utf-8
host: localhost:40618
accept: */*

Response DefaultHttpResponse(decodeResult: success, version: HTTP/1.1)
HTTP/1.1 200 OK
Content-Length: 14
Content-Type: application/json; charset=utf-8
cache-control: no-cache

16:03:48.364 [AsyncHttpClient-1-8] DEBUG org.asynchttpclient.netty.channel.ChannelManager - Adding key: http://localhost:40618 for channel [id: 0x73ec8ae4, L:/127.0.0.1:63420 - R:localhost/127.0.0.1:40618]
16:03:48.366 [Forwarding sendKeysToElement on session 6c7a1db234c8406ea56a60c4dcdbe780 to remote] DEBUG org.asynchttpclient.netty.request.NettyRequestSender - Using pooled Channel '[id: 0x73ec8ae4, L:/127.0.0.1:63420 - R:localhost/127.0.0.1:40618]' for 'POST' to 'http://localhost:40618/session/6c7a1db234c8406ea56a60c4dcdbe780/element/8da0de9b-570c-4da6-b92c-4a8bb4aaeaa4/value'
16:03:48.366 [Forwarding sendKeysToElement on session 6c7a1db234c8406ea56a60c4dcdbe780 to remote] DEBUG org.asynchttpclient.netty.request.NettyRequestSender - Using open Channel [id: 0x73ec8ae4, L:/127.0.0.1:63420 - R:localhost/127.0.0.1:40618] for POST '/session/6c7a1db234c8406ea56a60c4dcdbe780/element/8da0de9b-570c-4da6-b92c-4a8bb4aaeaa4/value'
16:03:48.380 [AsyncHttpClient-1-1] DEBUG org.asynchttpclient.netty.channel.DefaultChannelPool - Entry count for : http://localhost:63421 : 1
16:03:48.474 [AsyncHttpClient-1-8] DEBUG org.asynchttpclient.netty.handler.HttpHandler - 

Request DefaultHttpRequest(decodeResult: success, version: HTTP/1.1)
POST /session/6c7a1db234c8406ea56a60c4dcdbe780/element/8da0de9b-570c-4da6-b92c-4a8bb4aaeaa4/value HTTP/1.1
User-Agent: selenium/4.8.1 (java windows)
Content-Length: 231
Content-Type: application/json; charset=utf-8
host: localhost:40618
accept: */*

Response DefaultHttpResponse(decodeResult: success, version: HTTP/1.1)
HTTP/1.1 200 OK
Content-Length: 14
Content-Type: application/json; charset=utf-8
cache-control: no-cache

16:03:48.475 [AsyncHttpClient-1-8] DEBUG org.asynchttpclient.netty.channel.ChannelManager - Adding key: http://localhost:40618 for channel [id: 0x73ec8ae4, L:/127.0.0.1:63420 - R:localhost/127.0.0.1:40618]
16:03:48.481 [Forwarding getAlertText on session 6c7a1db234c8406ea56a60c4dcdbe780 to remote] DEBUG org.asynchttpclient.netty.request.NettyRequestSender - Using pooled Channel '[id: 0x73ec8ae4, L:/127.0.0.1:63420 - R:localhost/127.0.0.1:40618]' for 'GET' to 'http://localhost:40618/session/6c7a1db234c8406ea56a60c4dcdbe780/alert/text'
16:03:48.481 [Forwarding getAlertText on session 6c7a1db234c8406ea56a60c4dcdbe780 to remote] DEBUG org.asynchttpclient.netty.request.NettyRequestSender - Using open Channel [id: 0x73ec8ae4, L:/127.0.0.1:63420 - R:localhost/127.0.0.1:40618] for GET '/session/6c7a1db234c8406ea56a60c4dcdbe780/alert/text'
16:03:48.483 [AsyncHttpClient-1-8] DEBUG org.asynchttpclient.netty.handler.HttpHandler - 

Request DefaultFullHttpRequest(decodeResult: success, version: HTTP/1.1, content: EmptyByteBufBE)
GET /session/6c7a1db234c8406ea56a60c4dcdbe780/alert/text HTTP/1.1
User-Agent: selenium/4.8.1 (java windows)
Cache-Control: no-cache
Content-Type: application/json; charset=utf-8
host: localhost:40618
accept: */*

Response DefaultHttpResponse(decodeResult: success, version: HTTP/1.1)
HTTP/1.1 404 Not Found
Content-Length: 848
Content-Type: application/json; charset=utf-8
cache-control: no-cache

16:03:48.483 [AsyncHttpClient-1-8] DEBUG org.asynchttpclient.netty.channel.ChannelManager - Adding key: http://localhost:40618 for channel [id: 0x73ec8ae4, L:/127.0.0.1:63420 - R:localhost/127.0.0.1:40618]
16:03:48.484 [Forwarding getCurrentUrl on session 6c7a1db234c8406ea56a60c4dcdbe780 to remote] DEBUG org.asynchttpclient.netty.request.NettyRequestSender - Using pooled Channel '[id: 0x73ec8ae4, L:/127.0.0.1:63420 - R:localhost/127.0.0.1:40618]' for 'GET' to 'http://localhost:40618/session/6c7a1db234c8406ea56a60c4dcdbe780/url'
16:03:48.484 [Forwarding getCurrentUrl on session 6c7a1db234c8406ea56a60c4dcdbe780 to remote] DEBUG org.asynchttpclient.netty.request.NettyRequestSender - Using open Channel [id: 0x73ec8ae4, L:/127.0.0.1:63420 - R:localhost/127.0.0.1:40618] for GET '/session/6c7a1db234c8406ea56a60c4dcdbe780/url'
16:03:48.487 [AsyncHttpClient-1-8] DEBUG org.asynchttpclient.netty.handler.HttpHandler - 

Request DefaultFullHttpRequest(decodeResult: success, version: HTTP/1.1, content: EmptyByteBufBE)
GET /session/6c7a1db234c8406ea56a60c4dcdbe780/url HTTP/1.1
User-Agent: selenium/4.8.1 (java windows)
Cache-Control: no-cache
Content-Type: application/json; charset=utf-8
host: localhost:40618
accept: */*

Response DefaultHttpResponse(decodeResult: success, version: HTTP/1.1)
HTTP/1.1 200 OK
Content-Length: 51
Content-Type: application/json; charset=utf-8
cache-control: no-cache

16:03:48.487 [AsyncHttpClient-1-8] DEBUG org.asynchttpclient.netty.channel.ChannelManager - Adding key: http://localhost:40618 for channel [id: 0x73ec8ae4, L:/127.0.0.1:63420 - R:localhost/127.0.0.1:40618]
16:03:48.488 [Forwarding screenshot on session 6c7a1db234c8406ea56a60c4dcdbe780 to remote] DEBUG org.asynchttpclient.netty.request.NettyRequestSender - Using pooled Channel '[id: 0x73ec8ae4, L:/127.0.0.1:63420 - R:localhost/127.0.0.1:40618]' for 'GET' to 'http://localhost:40618/session/6c7a1db234c8406ea56a60c4dcdbe780/screenshot'
16:03:48.488 [Forwarding screenshot on session 6c7a1db234c8406ea56a60c4dcdbe780 to remote] DEBUG org.asynchttpclient.netty.request.NettyRequestSender - Using open Channel [id: 0x73ec8ae4, L:/127.0.0.1:63420 - R:localhost/127.0.0.1:40618] for GET '/session/6c7a1db234c8406ea56a60c4dcdbe780/screenshot'
16:03:48.599 [AsyncHttpClient-1-8] DEBUG org.asynchttpclient.netty.handler.HttpHandler - 

Request DefaultFullHttpRequest(decodeResult: success, version: HTTP/1.1, content: EmptyByteBufBE)
GET /session/6c7a1db234c8406ea56a60c4dcdbe780/screenshot HTTP/1.1
User-Agent: selenium/4.8.1 (java windows)
Cache-Control: no-cache
Content-Type: application/json; charset=utf-8
host: localhost:40618
accept: */*

Response DefaultHttpResponse(decodeResult: success, version: HTTP/1.1)
HTTP/1.1 200 OK
Content-Length: 29272
Content-Type: application/json; charset=utf-8
cache-control: no-cache

16:03:48.600 [AsyncHttpClient-1-8] DEBUG org.asynchttpclient.netty.channel.ChannelManager - Adding key: http://localhost:40618 for channel [id: 0x73ec8ae4, L:/127.0.0.1:63420 - R:localhost/127.0.0.1:40618]
16:03:48.602 [main] DEBUG net.serenitybdd.core.photography.Darkroom - Send negative for processing for target\site\serenity\21959bfe4df41496a75a6b90b9e93476540b5e43d5fa1fc772a0422be22bf1df.png
16:03:48.602 [main] DEBUG net.thucydides.core.steps.StepInterceptor - STEP DONE: user input valid email
16:03:48.602 [Darkroom Processing Line] DEBUG net.serenitybdd.core.photography.DarkroomProcessingLine - Processing screenshot image in /var/screenshots/screenshot-8641914631414791359
16:03:48.602 [Darkroom Processing Line] DEBUG net.serenitybdd.core.photography.DarkroomProcessingLine - Saving screenshot to target\site\serenity\21959bfe4df41496a75a6b90b9e93476540b5e43d5fa1fc772a0422be22bf1df.png
16:03:48.605 [main] DEBUG net.thucydides.core.steps.StepInterceptor - STARTING STEP: LoginStep.userSuccessLogin - user input valid password
16:03:48.608 [Forwarding findElement on session 6c7a1db234c8406ea56a60c4dcdbe780 to remote] DEBUG org.asynchttpclient.netty.request.NettyRequestSender - Using pooled Channel '[id: 0x73ec8ae4, L:/127.0.0.1:63420 - R:localhost/127.0.0.1:40618]' for 'POST' to 'http://localhost:40618/session/6c7a1db234c8406ea56a60c4dcdbe780/element'
16:03:48.608 [Forwarding findElement on session 6c7a1db234c8406ea56a60c4dcdbe780 to remote] DEBUG org.asynchttpclient.netty.request.NettyRequestSender - Using open Channel [id: 0x73ec8ae4, L:/127.0.0.1:63420 - R:localhost/127.0.0.1:40618] for POST '/session/6c7a1db234c8406ea56a60c4dcdbe780/element'
16:03:48.623 [AsyncHttpClient-1-8] DEBUG org.asynchttpclient.netty.handler.HttpHandler - 

Request DefaultHttpRequest(decodeResult: success, version: HTTP/1.1)
POST /session/6c7a1db234c8406ea56a60c4dcdbe780/element HTTP/1.1
User-Agent: selenium/4.8.1 (java windows)
Content-Length: 55
Content-Type: application/json; charset=utf-8
host: localhost:40618
accept: */*

Response DefaultHttpResponse(decodeResult: success, version: HTTP/1.1)
HTTP/1.1 200 OK
Content-Length: 88
Content-Type: application/json; charset=utf-8
cache-control: no-cache

16:03:48.623 [AsyncHttpClient-1-8] DEBUG org.asynchttpclient.netty.channel.ChannelManager - Adding key: http://localhost:40618 for channel [id: 0x73ec8ae4, L:/127.0.0.1:63420 - R:localhost/127.0.0.1:40618]
16:03:48.624 [Forwarding clearElement on session 6c7a1db234c8406ea56a60c4dcdbe780 to remote] DEBUG org.asynchttpclient.netty.request.NettyRequestSender - Using pooled Channel '[id: 0x73ec8ae4, L:/127.0.0.1:63420 - R:localhost/127.0.0.1:40618]' for 'POST' to 'http://localhost:40618/session/6c7a1db234c8406ea56a60c4dcdbe780/element/ea1b8bf5-79a0-4420-8a7c-0dbb094ee1dc/clear'
16:03:48.624 [Forwarding clearElement on session 6c7a1db234c8406ea56a60c4dcdbe780 to remote] DEBUG org.asynchttpclient.netty.request.NettyRequestSender - Using open Channel [id: 0x73ec8ae4, L:/127.0.0.1:63420 - R:localhost/127.0.0.1:40618] for POST '/session/6c7a1db234c8406ea56a60c4dcdbe780/element/ea1b8bf5-79a0-4420-8a7c-0dbb094ee1dc/clear'
16:03:48.657 [AsyncHttpClient-1-8] DEBUG org.asynchttpclient.netty.handler.HttpHandler - 

Request DefaultHttpRequest(decodeResult: success, version: HTTP/1.1)
POST /session/6c7a1db234c8406ea56a60c4dcdbe780/element/ea1b8bf5-79a0-4420-8a7c-0dbb094ee1dc/clear HTTP/1.1
User-Agent: selenium/4.8.1 (java windows)
Content-Length: 50
Content-Type: application/json; charset=utf-8
host: localhost:40618
accept: */*

Response DefaultHttpResponse(decodeResult: success, version: HTTP/1.1)
HTTP/1.1 200 OK
Content-Length: 14
Content-Type: application/json; charset=utf-8
cache-control: no-cache

16:03:48.657 [AsyncHttpClient-1-8] DEBUG org.asynchttpclient.netty.channel.ChannelManager - Adding key: http://localhost:40618 for channel [id: 0x73ec8ae4, L:/127.0.0.1:63420 - R:localhost/127.0.0.1:40618]
16:03:48.659 [Forwarding sendKeysToElement on session 6c7a1db234c8406ea56a60c4dcdbe780 to remote] DEBUG org.asynchttpclient.netty.request.NettyRequestSender - Using pooled Channel '[id: 0x73ec8ae4, L:/127.0.0.1:63420 - R:localhost/127.0.0.1:40618]' for 'POST' to 'http://localhost:40618/session/6c7a1db234c8406ea56a60c4dcdbe780/element/ea1b8bf5-79a0-4420-8a7c-0dbb094ee1dc/value'
16:03:48.659 [Forwarding sendKeysToElement on session 6c7a1db234c8406ea56a60c4dcdbe780 to remote] DEBUG org.asynchttpclient.netty.request.NettyRequestSender - Using open Channel [id: 0x73ec8ae4, L:/127.0.0.1:63420 - R:localhost/127.0.0.1:40618] for POST '/session/6c7a1db234c8406ea56a60c4dcdbe780/element/ea1b8bf5-79a0-4420-8a7c-0dbb094ee1dc/value'
16:03:48.749 [AsyncHttpClient-1-8] DEBUG org.asynchttpclient.netty.handler.HttpHandler - 

Request DefaultHttpRequest(decodeResult: success, version: HTTP/1.1)
POST /session/6c7a1db234c8406ea56a60c4dcdbe780/element/ea1b8bf5-79a0-4420-8a7c-0dbb094ee1dc/value HTTP/1.1
User-Agent: selenium/4.8.1 (java windows)
Content-Length: 161
Content-Type: application/json; charset=utf-8
host: localhost:40618
accept: */*

Response DefaultHttpResponse(decodeResult: success, version: HTTP/1.1)
HTTP/1.1 200 OK
Content-Length: 14
Content-Type: application/json; charset=utf-8
cache-control: no-cache

16:03:48.749 [AsyncHttpClient-1-8] DEBUG org.asynchttpclient.netty.channel.ChannelManager - Adding key: http://localhost:40618 for channel [id: 0x73ec8ae4, L:/127.0.0.1:63420 - R:localhost/127.0.0.1:40618]
16:03:48.755 [Forwarding getAlertText on session 6c7a1db234c8406ea56a60c4dcdbe780 to remote] DEBUG org.asynchttpclient.netty.request.NettyRequestSender - Using pooled Channel '[id: 0x73ec8ae4, L:/127.0.0.1:63420 - R:localhost/127.0.0.1:40618]' for 'GET' to 'http://localhost:40618/session/6c7a1db234c8406ea56a60c4dcdbe780/alert/text'
16:03:48.755 [Forwarding getAlertText on session 6c7a1db234c8406ea56a60c4dcdbe780 to remote] DEBUG org.asynchttpclient.netty.request.NettyRequestSender - Using open Channel [id: 0x73ec8ae4, L:/127.0.0.1:63420 - R:localhost/127.0.0.1:40618] for GET '/session/6c7a1db234c8406ea56a60c4dcdbe780/alert/text'
16:03:48.757 [AsyncHttpClient-1-8] DEBUG org.asynchttpclient.netty.handler.HttpHandler - 

Request DefaultFullHttpRequest(decodeResult: success, version: HTTP/1.1, content: EmptyByteBufBE)
GET /session/6c7a1db234c8406ea56a60c4dcdbe780/alert/text HTTP/1.1
User-Agent: selenium/4.8.1 (java windows)
Cache-Control: no-cache
Content-Type: application/json; charset=utf-8
host: localhost:40618
accept: */*

Response DefaultHttpResponse(decodeResult: success, version: HTTP/1.1)
HTTP/1.1 404 Not Found
Content-Length: 848
Content-Type: application/json; charset=utf-8
cache-control: no-cache

16:03:48.757 [AsyncHttpClient-1-8] DEBUG org.asynchttpclient.netty.channel.ChannelManager - Adding key: http://localhost:40618 for channel [id: 0x73ec8ae4, L:/127.0.0.1:63420 - R:localhost/127.0.0.1:40618]
16:03:48.760 [Forwarding getCurrentUrl on session 6c7a1db234c8406ea56a60c4dcdbe780 to remote] DEBUG org.asynchttpclient.netty.request.NettyRequestSender - Using pooled Channel '[id: 0x73ec8ae4, L:/127.0.0.1:63420 - R:localhost/127.0.0.1:40618]' for 'GET' to 'http://localhost:40618/session/6c7a1db234c8406ea56a60c4dcdbe780/url'
16:03:48.762 [Forwarding getCurrentUrl on session 6c7a1db234c8406ea56a60c4dcdbe780 to remote] DEBUG org.asynchttpclient.netty.request.NettyRequestSender - Using open Channel [id: 0x73ec8ae4, L:/127.0.0.1:63420 - R:localhost/127.0.0.1:40618] for GET '/session/6c7a1db234c8406ea56a60c4dcdbe780/url'
16:03:48.767 [AsyncHttpClient-1-8] DEBUG org.asynchttpclient.netty.handler.HttpHandler - 

Request DefaultFullHttpRequest(decodeResult: success, version: HTTP/1.1, content: EmptyByteBufBE)
GET /session/6c7a1db234c8406ea56a60c4dcdbe780/url HTTP/1.1
User-Agent: selenium/4.8.1 (java windows)
Cache-Control: no-cache
Content-Type: application/json; charset=utf-8
host: localhost:40618
accept: */*

Response DefaultHttpResponse(decodeResult: success, version: HTTP/1.1)
HTTP/1.1 200 OK
Content-Length: 51
Content-Type: application/json; charset=utf-8
cache-control: no-cache

16:03:48.768 [AsyncHttpClient-1-8] DEBUG org.asynchttpclient.netty.channel.ChannelManager - Adding key: http://localhost:40618 for channel [id: 0x73ec8ae4, L:/127.0.0.1:63420 - R:localhost/127.0.0.1:40618]
16:03:48.769 [Forwarding screenshot on session 6c7a1db234c8406ea56a60c4dcdbe780 to remote] DEBUG org.asynchttpclient.netty.request.NettyRequestSender - Using pooled Channel '[id: 0x73ec8ae4, L:/127.0.0.1:63420 - R:localhost/127.0.0.1:40618]' for 'GET' to 'http://localhost:40618/session/6c7a1db234c8406ea56a60c4dcdbe780/screenshot'
16:03:48.769 [Forwarding screenshot on session 6c7a1db234c8406ea56a60c4dcdbe780 to remote] DEBUG org.asynchttpclient.netty.request.NettyRequestSender - Using open Channel [id: 0x73ec8ae4, L:/127.0.0.1:63420 - R:localhost/127.0.0.1:40618] for GET '/session/6c7a1db234c8406ea56a60c4dcdbe780/screenshot'
16:03:48.900 [AsyncHttpClient-1-8] DEBUG org.asynchttpclient.netty.handler.HttpHandler - 

Request DefaultFullHttpRequest(decodeResult: success, version: HTTP/1.1, content: EmptyByteBufBE)
GET /session/6c7a1db234c8406ea56a60c4dcdbe780/screenshot HTTP/1.1
User-Agent: selenium/4.8.1 (java windows)
Cache-Control: no-cache
Content-Type: application/json; charset=utf-8
host: localhost:40618
accept: */*

Response DefaultHttpResponse(decodeResult: success, version: HTTP/1.1)
HTTP/1.1 200 OK
Content-Length: 30676
Content-Type: application/json; charset=utf-8
cache-control: no-cache

16:03:48.900 [AsyncHttpClient-1-8] DEBUG org.asynchttpclient.netty.channel.ChannelManager - Adding key: http://localhost:40618 for channel [id: 0x73ec8ae4, L:/127.0.0.1:63420 - R:localhost/127.0.0.1:40618]
16:03:48.902 [main] DEBUG net.serenitybdd.core.photography.Darkroom - Send negative for processing for target\site\serenity\ebcfa88024760ac0fac02df3e26b94963f6c0ed6b6b248121fa0294cf9a19232.png
16:03:48.902 [main] DEBUG net.thucydides.core.steps.StepInterceptor - STEP DONE: user input valid password
16:03:48.902 [Darkroom Processing Line] DEBUG net.serenitybdd.core.photography.DarkroomProcessingLine - Processing screenshot image in /var/screenshots/screenshot-4199643858953378627
16:03:48.902 [Darkroom Processing Line] DEBUG net.serenitybdd.core.photography.DarkroomProcessingLine - Saving screenshot to target\site\serenity\ebcfa88024760ac0fac02df3e26b94963f6c0ed6b6b248121fa0294cf9a19232.png
16:03:49.003 [main] DEBUG net.thucydides.core.steps.StepInterceptor - STARTING STEP: LoginStep.userSuccessLogin - click button login
16:03:49.005 [Forwarding findElement on session 6c7a1db234c8406ea56a60c4dcdbe780 to remote] DEBUG org.asynchttpclient.netty.request.NettyRequestSender - Using pooled Channel '[id: 0x73ec8ae4, L:/127.0.0.1:63420 - R:localhost/127.0.0.1:40618]' for 'POST' to 'http://localhost:40618/session/6c7a1db234c8406ea56a60c4dcdbe780/element'
16:03:49.005 [Forwarding findElement on session 6c7a1db234c8406ea56a60c4dcdbe780 to remote] DEBUG org.asynchttpclient.netty.request.NettyRequestSender - Using open Channel [id: 0x73ec8ae4, L:/127.0.0.1:63420 - R:localhost/127.0.0.1:40618] for POST '/session/6c7a1db234c8406ea56a60c4dcdbe780/element'
16:03:49.014 [AsyncHttpClient-1-8] DEBUG org.asynchttpclient.netty.handler.HttpHandler - 

Request DefaultHttpRequest(decodeResult: success, version: HTTP/1.1)
POST /session/6c7a1db234c8406ea56a60c4dcdbe780/element HTTP/1.1
User-Agent: selenium/4.8.1 (java windows)
Content-Length: 69
Content-Type: application/json; charset=utf-8
host: localhost:40618
accept: */*

Response DefaultHttpResponse(decodeResult: success, version: HTTP/1.1)
HTTP/1.1 200 OK
Content-Length: 88
Content-Type: application/json; charset=utf-8
cache-control: no-cache

16:03:49.014 [AsyncHttpClient-1-8] DEBUG org.asynchttpclient.netty.channel.ChannelManager - Adding key: http://localhost:40618 for channel [id: 0x73ec8ae4, L:/127.0.0.1:63420 - R:localhost/127.0.0.1:40618]
16:03:49.016 [Forwarding getElementTagName on session 6c7a1db234c8406ea56a60c4dcdbe780 to remote] DEBUG org.asynchttpclient.netty.request.NettyRequestSender - Using pooled Channel '[id: 0x73ec8ae4, L:/127.0.0.1:63420 - R:localhost/127.0.0.1:40618]' for 'GET' to 'http://localhost:40618/session/6c7a1db234c8406ea56a60c4dcdbe780/element/8cf200a4-b346-425d-b467-51cdcb8abe88/name'
16:03:49.016 [Forwarding getElementTagName on session 6c7a1db234c8406ea56a60c4dcdbe780 to remote] DEBUG org.asynchttpclient.netty.request.NettyRequestSender - Using open Channel [id: 0x73ec8ae4, L:/127.0.0.1:63420 - R:localhost/127.0.0.1:40618] for GET '/session/6c7a1db234c8406ea56a60c4dcdbe780/element/8cf200a4-b346-425d-b467-51cdcb8abe88/name'
16:03:49.020 [AsyncHttpClient-1-8] DEBUG org.asynchttpclient.netty.handler.HttpHandler - 

Request DefaultFullHttpRequest(decodeResult: success, version: HTTP/1.1, content: EmptyByteBufBE)
GET /session/6c7a1db234c8406ea56a60c4dcdbe780/element/8cf200a4-b346-425d-b467-51cdcb8abe88/name HTTP/1.1
User-Agent: selenium/4.8.1 (java windows)
Cache-Control: no-cache
Content-Type: application/json; charset=utf-8
host: localhost:40618
accept: */*

Response DefaultHttpResponse(decodeResult: success, version: HTTP/1.1)
HTTP/1.1 200 OK
Content-Length: 16
Content-Type: application/json; charset=utf-8
cache-control: no-cache

16:03:49.020 [AsyncHttpClient-1-8] DEBUG org.asynchttpclient.netty.channel.ChannelManager - Adding key: http://localhost:40618 for channel [id: 0x73ec8ae4, L:/127.0.0.1:63420 - R:localhost/127.0.0.1:40618]
16:03:49.021 [Forwarding getElementTagName on session 6c7a1db234c8406ea56a60c4dcdbe780 to remote] DEBUG org.asynchttpclient.netty.request.NettyRequestSender - Using pooled Channel '[id: 0x73ec8ae4, L:/127.0.0.1:63420 - R:localhost/127.0.0.1:40618]' for 'GET' to 'http://localhost:40618/session/6c7a1db234c8406ea56a60c4dcdbe780/element/8cf200a4-b346-425d-b467-51cdcb8abe88/name'
16:03:49.021 [Forwarding getElementTagName on session 6c7a1db234c8406ea56a60c4dcdbe780 to remote] DEBUG org.asynchttpclient.netty.request.NettyRequestSender - Using open Channel [id: 0x73ec8ae4, L:/127.0.0.1:63420 - R:localhost/127.0.0.1:40618] for GET '/session/6c7a1db234c8406ea56a60c4dcdbe780/element/8cf200a4-b346-425d-b467-51cdcb8abe88/name'
16:03:49.026 [AsyncHttpClient-1-8] DEBUG org.asynchttpclient.netty.handler.HttpHandler - 

Request DefaultFullHttpRequest(decodeResult: success, version: HTTP/1.1, content: EmptyByteBufBE)
GET /session/6c7a1db234c8406ea56a60c4dcdbe780/element/8cf200a4-b346-425d-b467-51cdcb8abe88/name HTTP/1.1
User-Agent: selenium/4.8.1 (java windows)
Cache-Control: no-cache
Content-Type: application/json; charset=utf-8
host: localhost:40618
accept: */*

Response DefaultHttpResponse(decodeResult: success, version: HTTP/1.1)
HTTP/1.1 200 OK
Content-Length: 16
Content-Type: application/json; charset=utf-8
cache-control: no-cache

16:03:49.026 [AsyncHttpClient-1-8] DEBUG org.asynchttpclient.netty.channel.ChannelManager - Adding key: http://localhost:40618 for channel [id: 0x73ec8ae4, L:/127.0.0.1:63420 - R:localhost/127.0.0.1:40618]
16:03:49.029 [Forwarding findElement on session 6c7a1db234c8406ea56a60c4dcdbe780 to remote] DEBUG org.asynchttpclient.netty.request.NettyRequestSender - Using pooled Channel '[id: 0x73ec8ae4, L:/127.0.0.1:63420 - R:localhost/127.0.0.1:40618]' for 'POST' to 'http://localhost:40618/session/6c7a1db234c8406ea56a60c4dcdbe780/element'
16:03:49.030 [Forwarding findElement on session 6c7a1db234c8406ea56a60c4dcdbe780 to remote] DEBUG org.asynchttpclient.netty.request.NettyRequestSender - Using open Channel [id: 0x73ec8ae4, L:/127.0.0.1:63420 - R:localhost/127.0.0.1:40618] for POST '/session/6c7a1db234c8406ea56a60c4dcdbe780/element'
16:03:49.035 [AsyncHttpClient-1-8] DEBUG org.asynchttpclient.netty.handler.HttpHandler - 

Request DefaultHttpRequest(decodeResult: success, version: HTTP/1.1)
POST /session/6c7a1db234c8406ea56a60c4dcdbe780/element HTTP/1.1
User-Agent: selenium/4.8.1 (java windows)
Content-Length: 69
Content-Type: application/json; charset=utf-8
host: localhost:40618
accept: */*

Response DefaultHttpResponse(decodeResult: success, version: HTTP/1.1)
HTTP/1.1 200 OK
Content-Length: 88
Content-Type: application/json; charset=utf-8
cache-control: no-cache

16:03:49.035 [AsyncHttpClient-1-8] DEBUG org.asynchttpclient.netty.channel.ChannelManager - Adding key: http://localhost:40618 for channel [id: 0x73ec8ae4, L:/127.0.0.1:63420 - R:localhost/127.0.0.1:40618]
16:03:49.037 [Forwarding clickElement on session 6c7a1db234c8406ea56a60c4dcdbe780 to remote] DEBUG org.asynchttpclient.netty.request.NettyRequestSender - Using pooled Channel '[id: 0x73ec8ae4, L:/127.0.0.1:63420 - R:localhost/127.0.0.1:40618]' for 'POST' to 'http://localhost:40618/session/6c7a1db234c8406ea56a60c4dcdbe780/element/8cf200a4-b346-425d-b467-51cdcb8abe88/click'
16:03:49.037 [Forwarding clickElement on session 6c7a1db234c8406ea56a60c4dcdbe780 to remote] DEBUG org.asynchttpclient.netty.request.NettyRequestSender - Using open Channel [id: 0x73ec8ae4, L:/127.0.0.1:63420 - R:localhost/127.0.0.1:40618] for POST '/session/6c7a1db234c8406ea56a60c4dcdbe780/element/8cf200a4-b346-425d-b467-51cdcb8abe88/click'
16:03:49.080 [AsyncHttpClient-1-8] DEBUG org.asynchttpclient.netty.handler.HttpHandler - 

Request DefaultHttpRequest(decodeResult: success, version: HTTP/1.1)
POST /session/6c7a1db234c8406ea56a60c4dcdbe780/element/8cf200a4-b346-425d-b467-51cdcb8abe88/click HTTP/1.1
User-Agent: selenium/4.8.1 (java windows)
Content-Length: 50
Content-Type: application/json; charset=utf-8
host: localhost:40618
accept: */*

Response DefaultHttpResponse(decodeResult: success, version: HTTP/1.1)
HTTP/1.1 200 OK
Content-Length: 14
Content-Type: application/json; charset=utf-8
cache-control: no-cache

16:03:49.081 [AsyncHttpClient-1-8] DEBUG org.asynchttpclient.netty.channel.ChannelManager - Adding key: http://localhost:40618 for channel [id: 0x73ec8ae4, L:/127.0.0.1:63420 - R:localhost/127.0.0.1:40618]
16:03:49.088 [Forwarding getAlertText on session 6c7a1db234c8406ea56a60c4dcdbe780 to remote] DEBUG org.asynchttpclient.netty.request.NettyRequestSender - Using pooled Channel '[id: 0x73ec8ae4, L:/127.0.0.1:63420 - R:localhost/127.0.0.1:40618]' for 'GET' to 'http://localhost:40618/session/6c7a1db234c8406ea56a60c4dcdbe780/alert/text'
16:03:49.088 [Forwarding getAlertText on session 6c7a1db234c8406ea56a60c4dcdbe780 to remote] DEBUG org.asynchttpclient.netty.request.NettyRequestSender - Using open Channel [id: 0x73ec8ae4, L:/127.0.0.1:63420 - R:localhost/127.0.0.1:40618] for GET '/session/6c7a1db234c8406ea56a60c4dcdbe780/alert/text'
16:03:49.090 [AsyncHttpClient-1-8] DEBUG org.asynchttpclient.netty.handler.HttpHandler - 

Request DefaultFullHttpRequest(decodeResult: success, version: HTTP/1.1, content: EmptyByteBufBE)
GET /session/6c7a1db234c8406ea56a60c4dcdbe780/alert/text HTTP/1.1
User-Agent: selenium/4.8.1 (java windows)
Cache-Control: no-cache
Content-Type: application/json; charset=utf-8
host: localhost:40618
accept: */*

Response DefaultHttpResponse(decodeResult: success, version: HTTP/1.1)
HTTP/1.1 404 Not Found
Content-Length: 848
Content-Type: application/json; charset=utf-8
cache-control: no-cache

16:03:49.090 [AsyncHttpClient-1-8] DEBUG org.asynchttpclient.netty.channel.ChannelManager - Adding key: http://localhost:40618 for channel [id: 0x73ec8ae4, L:/127.0.0.1:63420 - R:localhost/127.0.0.1:40618]
16:03:49.091 [Forwarding getCurrentUrl on session 6c7a1db234c8406ea56a60c4dcdbe780 to remote] DEBUG org.asynchttpclient.netty.request.NettyRequestSender - Using pooled Channel '[id: 0x73ec8ae4, L:/127.0.0.1:63420 - R:localhost/127.0.0.1:40618]' for 'GET' to 'http://localhost:40618/session/6c7a1db234c8406ea56a60c4dcdbe780/url'
16:03:49.091 [Forwarding getCurrentUrl on session 6c7a1db234c8406ea56a60c4dcdbe780 to remote] DEBUG org.asynchttpclient.netty.request.NettyRequestSender - Using open Channel [id: 0x73ec8ae4, L:/127.0.0.1:63420 - R:localhost/127.0.0.1:40618] for GET '/session/6c7a1db234c8406ea56a60c4dcdbe780/url'
16:03:49.096 [AsyncHttpClient-1-8] DEBUG org.asynchttpclient.netty.handler.HttpHandler - 

Request DefaultFullHttpRequest(decodeResult: success, version: HTTP/1.1, content: EmptyByteBufBE)
GET /session/6c7a1db234c8406ea56a60c4dcdbe780/url HTTP/1.1
User-Agent: selenium/4.8.1 (java windows)
Cache-Control: no-cache
Content-Type: application/json; charset=utf-8
host: localhost:40618
accept: */*

Response DefaultHttpResponse(decodeResult: success, version: HTTP/1.1)
HTTP/1.1 200 OK
Content-Length: 51
Content-Type: application/json; charset=utf-8
cache-control: no-cache

16:03:49.096 [AsyncHttpClient-1-8] DEBUG org.asynchttpclient.netty.channel.ChannelManager - Adding key: http://localhost:40618 for channel [id: 0x73ec8ae4, L:/127.0.0.1:63420 - R:localhost/127.0.0.1:40618]
16:03:49.097 [Forwarding screenshot on session 6c7a1db234c8406ea56a60c4dcdbe780 to remote] DEBUG org.asynchttpclient.netty.request.NettyRequestSender - Using pooled Channel '[id: 0x73ec8ae4, L:/127.0.0.1:63420 - R:localhost/127.0.0.1:40618]' for 'GET' to 'http://localhost:40618/session/6c7a1db234c8406ea56a60c4dcdbe780/screenshot'
16:03:49.097 [Forwarding screenshot on session 6c7a1db234c8406ea56a60c4dcdbe780 to remote] DEBUG org.asynchttpclient.netty.request.NettyRequestSender - Using open Channel [id: 0x73ec8ae4, L:/127.0.0.1:63420 - R:localhost/127.0.0.1:40618] for GET '/session/6c7a1db234c8406ea56a60c4dcdbe780/screenshot'
16:03:49.232 [AsyncHttpClient-1-8] DEBUG org.asynchttpclient.netty.handler.HttpHandler - 

Request DefaultFullHttpRequest(decodeResult: success, version: HTTP/1.1, content: EmptyByteBufBE)
GET /session/6c7a1db234c8406ea56a60c4dcdbe780/screenshot HTTP/1.1
User-Agent: selenium/4.8.1 (java windows)
Cache-Control: no-cache
Content-Type: application/json; charset=utf-8
host: localhost:40618
accept: */*

Response DefaultHttpResponse(decodeResult: success, version: HTTP/1.1)
HTTP/1.1 200 OK
Content-Length: 30552
Content-Type: application/json; charset=utf-8
cache-control: no-cache

16:03:49.232 [AsyncHttpClient-1-8] DEBUG org.asynchttpclient.netty.channel.ChannelManager - Adding key: http://localhost:40618 for channel [id: 0x73ec8ae4, L:/127.0.0.1:63420 - R:localhost/127.0.0.1:40618]
16:03:49.234 [main] DEBUG net.serenitybdd.core.photography.Darkroom - Send negative for processing for target\site\serenity\21faa2c298ee615a9339b83382bd85603d004b2ad0c1b44bbc482d8d3bcb0b5f.png
16:03:49.234 [main] DEBUG net.thucydides.core.steps.StepInterceptor - STEP DONE: click button login
16:03:49.234 [Darkroom Processing Line] DEBUG net.serenitybdd.core.photography.DarkroomProcessingLine - Processing screenshot image in /var/screenshots/screenshot-519678061617572398
16:03:49.235 [Darkroom Processing Line] DEBUG net.serenitybdd.core.photography.DarkroomProcessingLine - Saving screenshot to target\site\serenity\21faa2c298ee615a9339b83382bd85603d004b2ad0c1b44bbc482d8d3bcb0b5f.png
16:03:49.237 [main] DEBUG net.thucydides.core.steps.StepInterceptor - STARTING STEP: LoginStep.userSuccessLogin - user can see product homepage
16:03:49.239 [Forwarding findElement on session 6c7a1db234c8406ea56a60c4dcdbe780 to remote] DEBUG org.asynchttpclient.netty.request.NettyRequestSender - Using pooled Channel '[id: 0x73ec8ae4, L:/127.0.0.1:63420 - R:localhost/127.0.0.1:40618]' for 'POST' to 'http://localhost:40618/session/6c7a1db234c8406ea56a60c4dcdbe780/element'
16:03:49.239 [Forwarding findElement on session 6c7a1db234c8406ea56a60c4dcdbe780 to remote] DEBUG org.asynchttpclient.netty.request.NettyRequestSender - Using open Channel [id: 0x73ec8ae4, L:/127.0.0.1:63420 - R:localhost/127.0.0.1:40618] for POST '/session/6c7a1db234c8406ea56a60c4dcdbe780/element'
16:03:49.251 [AsyncHttpClient-1-8] DEBUG org.asynchttpclient.netty.handler.HttpHandler - 

Request DefaultHttpRequest(decodeResult: success, version: HTTP/1.1)
POST /session/6c7a1db234c8406ea56a60c4dcdbe780/element HTTP/1.1
User-Agent: selenium/4.8.1 (java windows)
Content-Length: 75
Content-Type: application/json; charset=utf-8
host: localhost:40618
accept: */*

Response DefaultHttpResponse(decodeResult: success, version: HTTP/1.1)
HTTP/1.1 200 OK
Content-Length: 88
Content-Type: application/json; charset=utf-8
cache-control: no-cache

16:03:49.251 [AsyncHttpClient-1-8] DEBUG org.asynchttpclient.netty.channel.ChannelManager - Adding key: http://localhost:40618 for channel [id: 0x73ec8ae4, L:/127.0.0.1:63420 - R:localhost/127.0.0.1:40618]
16:03:49.254 [Forwarding isElementDisplayed on session 6c7a1db234c8406ea56a60c4dcdbe780 to remote] DEBUG org.asynchttpclient.netty.request.NettyRequestSender - Using pooled Channel '[id: 0x73ec8ae4, L:/127.0.0.1:63420 - R:localhost/127.0.0.1:40618]' for 'POST' to 'http://localhost:40618/session/6c7a1db234c8406ea56a60c4dcdbe780/execute/sync'
16:03:49.254 [Forwarding isElementDisplayed on session 6c7a1db234c8406ea56a60c4dcdbe780 to remote] DEBUG org.asynchttpclient.netty.request.NettyRequestSender - Using open Channel [id: 0x73ec8ae4, L:/127.0.0.1:63420 - R:localhost/127.0.0.1:40618] for POST '/session/6c7a1db234c8406ea56a60c4dcdbe780/execute/sync'
16:03:49.269 [AsyncHttpClient-1-8] DEBUG org.asynchttpclient.netty.handler.HttpHandler - 

Request DefaultHttpRequest(decodeResult: success, version: HTTP/1.1)
POST /session/6c7a1db234c8406ea56a60c4dcdbe780/execute/sync HTTP/1.1
User-Agent: selenium/4.8.1 (java windows)
Content-Length: 48807
Content-Type: application/json; charset=utf-8
host: localhost:40618
accept: */*

Response DefaultHttpResponse(decodeResult: success, version: HTTP/1.1)
HTTP/1.1 200 OK
Content-Length: 14
Content-Type: application/json; charset=utf-8
cache-control: no-cache

16:03:49.269 [AsyncHttpClient-1-8] DEBUG org.asynchttpclient.netty.channel.ChannelManager - Adding key: http://localhost:40618 for channel [id: 0x73ec8ae4, L:/127.0.0.1:63420 - R:localhost/127.0.0.1:40618]
16:03:49.272 [main] DEBUG net.thucydides.core.steps.StepInterceptor - STEP DONE: user can see product homepage
  &amp#27;[32mGiven &amp#27;[0m&amp#27;[32muser success login&amp#27;[0m                                                  &amp#27;[90m# starter.stepdefinition.LoginStep.userSuccessLogin()&amp#27;[0m
16:03:49.288 [main] DEBUG net.thucydides.core.steps.StepInterceptor - STARTING STEP: ProductStep.successAddProductToTheCart - user click button Beli
16:03:49.290 [Forwarding findElement on session 6c7a1db234c8406ea56a60c4dcdbe780 to remote] DEBUG org.asynchttpclient.netty.request.NettyRequestSender - Using pooled Channel '[id: 0x73ec8ae4, L:/127.0.0.1:63420 - R:localhost/127.0.0.1:40618]' for 'POST' to 'http://localhost:40618/session/6c7a1db234c8406ea56a60c4dcdbe780/element'
16:03:49.290 [Forwarding findElement on session 6c7a1db234c8406ea56a60c4dcdbe780 to remote] DEBUG org.asynchttpclient.netty.request.NettyRequestSender - Using open Channel [id: 0x73ec8ae4, L:/127.0.0.1:63420 - R:localhost/127.0.0.1:40618] for POST '/session/6c7a1db234c8406ea56a60c4dcdbe780/element'
16:03:49.485 [AsyncHttpClient-1-1] DEBUG org.asynchttpclient.netty.channel.DefaultChannelPool - Entry count for : http://localhost:63421 : 1
16:03:50.583 [AsyncHttpClient-1-1] DEBUG org.asynchttpclient.netty.channel.DefaultChannelPool - Entry count for : http://localhost:63421 : 1
16:03:51.683 [AsyncHttpClient-1-1] DEBUG org.asynchttpclient.netty.channel.DefaultChannelPool - Entry count for : http://localhost:63421 : 1
16:03:52.490 [AsyncHttpClient-1-8] DEBUG org.asynchttpclient.netty.handler.HttpHandler - 

Request DefaultHttpRequest(decodeResult: success, version: HTTP/1.1)
POST /session/6c7a1db234c8406ea56a60c4dcdbe780/element HTTP/1.1
User-Agent: selenium/4.8.1 (java windows)
Content-Length: 96
Content-Type: application/json; charset=utf-8
host: localhost:40618
accept: */*

Response DefaultHttpResponse(decodeResult: success, version: HTTP/1.1)
HTTP/1.1 200 OK
Content-Length: 88
Content-Type: application/json; charset=utf-8
cache-control: no-cache

16:03:52.490 [AsyncHttpClient-1-8] DEBUG org.asynchttpclient.netty.channel.ChannelManager - Adding key: http://localhost:40618 for channel [id: 0x73ec8ae4, L:/127.0.0.1:63420 - R:localhost/127.0.0.1:40618]
16:03:52.493 [Forwarding getElementTagName on session 6c7a1db234c8406ea56a60c4dcdbe780 to remote] DEBUG org.asynchttpclient.netty.request.NettyRequestSender - Using pooled Channel '[id: 0x73ec8ae4, L:/127.0.0.1:63420 - R:localhost/127.0.0.1:40618]' for 'GET' to 'http://localhost:40618/session/6c7a1db234c8406ea56a60c4dcdbe780/element/7d817c6c-b973-41db-8705-ad417722a96a/name'
16:03:52.493 [Forwarding getElementTagName on session 6c7a1db234c8406ea56a60c4dcdbe780 to remote] DEBUG org.asynchttpclient.netty.request.NettyRequestSender - Using open Channel [id: 0x73ec8ae4, L:/127.0.0.1:63420 - R:localhost/127.0.0.1:40618] for GET '/session/6c7a1db234c8406ea56a60c4dcdbe780/element/7d817c6c-b973-41db-8705-ad417722a96a/name'
16:03:52.498 [AsyncHttpClient-1-8] DEBUG org.asynchttpclient.netty.handler.HttpHandler - 

Request DefaultFullHttpRequest(decodeResult: success, version: HTTP/1.1, content: EmptyByteBufBE)
GET /session/6c7a1db234c8406ea56a60c4dcdbe780/element/7d817c6c-b973-41db-8705-ad417722a96a/name HTTP/1.1
User-Agent: selenium/4.8.1 (java windows)
Cache-Control: no-cache
Content-Type: application/json; charset=utf-8
host: localhost:40618
accept: */*

Response DefaultHttpResponse(decodeResult: success, version: HTTP/1.1)
HTTP/1.1 200 OK
Content-Length: 16
Content-Type: application/json; charset=utf-8
cache-control: no-cache

16:03:52.499 [AsyncHttpClient-1-8] DEBUG org.asynchttpclient.netty.channel.ChannelManager - Adding key: http://localhost:40618 for channel [id: 0x73ec8ae4, L:/127.0.0.1:63420 - R:localhost/127.0.0.1:40618]
16:03:52.500 [Forwarding getElementTagName on session 6c7a1db234c8406ea56a60c4dcdbe780 to remote] DEBUG org.asynchttpclient.netty.request.NettyRequestSender - Using pooled Channel '[id: 0x73ec8ae4, L:/127.0.0.1:63420 - R:localhost/127.0.0.1:40618]' for 'GET' to 'http://localhost:40618/session/6c7a1db234c8406ea56a60c4dcdbe780/element/7d817c6c-b973-41db-8705-ad417722a96a/name'
16:03:52.500 [Forwarding getElementTagName on session 6c7a1db234c8406ea56a60c4dcdbe780 to remote] DEBUG org.asynchttpclient.netty.request.NettyRequestSender - Using open Channel [id: 0x73ec8ae4, L:/127.0.0.1:63420 - R:localhost/127.0.0.1:40618] for GET '/session/6c7a1db234c8406ea56a60c4dcdbe780/element/7d817c6c-b973-41db-8705-ad417722a96a/name'
16:03:52.502 [AsyncHttpClient-1-8] DEBUG org.asynchttpclient.netty.handler.HttpHandler - 

Request DefaultFullHttpRequest(decodeResult: success, version: HTTP/1.1, content: EmptyByteBufBE)
GET /session/6c7a1db234c8406ea56a60c4dcdbe780/element/7d817c6c-b973-41db-8705-ad417722a96a/name HTTP/1.1
User-Agent: selenium/4.8.1 (java windows)
Cache-Control: no-cache
Content-Type: application/json; charset=utf-8
host: localhost:40618
accept: */*

Response DefaultHttpResponse(decodeResult: success, version: HTTP/1.1)
HTTP/1.1 200 OK
Content-Length: 16
Content-Type: application/json; charset=utf-8
cache-control: no-cache

16:03:52.503 [AsyncHttpClient-1-8] DEBUG org.asynchttpclient.netty.channel.ChannelManager - Adding key: http://localhost:40618 for channel [id: 0x73ec8ae4, L:/127.0.0.1:63420 - R:localhost/127.0.0.1:40618]
16:03:52.504 [Forwarding findElement on session 6c7a1db234c8406ea56a60c4dcdbe780 to remote] DEBUG org.asynchttpclient.netty.request.NettyRequestSender - Using pooled Channel '[id: 0x73ec8ae4, L:/127.0.0.1:63420 - R:localhost/127.0.0.1:40618]' for 'POST' to 'http://localhost:40618/session/6c7a1db234c8406ea56a60c4dcdbe780/element'
16:03:52.504 [Forwarding findElement on session 6c7a1db234c8406ea56a60c4dcdbe780 to remote] DEBUG org.asynchttpclient.netty.request.NettyRequestSender - Using open Channel [id: 0x73ec8ae4, L:/127.0.0.1:63420 - R:localhost/127.0.0.1:40618] for POST '/session/6c7a1db234c8406ea56a60c4dcdbe780/element'
16:03:52.519 [AsyncHttpClient-1-8] DEBUG org.asynchttpclient.netty.handler.HttpHandler - 

Request DefaultHttpRequest(decodeResult: success, version: HTTP/1.1)
POST /session/6c7a1db234c8406ea56a60c4dcdbe780/element HTTP/1.1
User-Agent: selenium/4.8.1 (java windows)
Content-Length: 96
Content-Type: application/json; charset=utf-8
host: localhost:40618
accept: */*

Response DefaultHttpResponse(decodeResult: success, version: HTTP/1.1)
HTTP/1.1 200 OK
Content-Length: 88
Content-Type: application/json; charset=utf-8
cache-control: no-cache

16:03:52.519 [AsyncHttpClient-1-8] DEBUG org.asynchttpclient.netty.channel.ChannelManager - Adding key: http://localhost:40618 for channel [id: 0x73ec8ae4, L:/127.0.0.1:63420 - R:localhost/127.0.0.1:40618]
16:03:52.520 [Forwarding clickElement on session 6c7a1db234c8406ea56a60c4dcdbe780 to remote] DEBUG org.asynchttpclient.netty.request.NettyRequestSender - Using pooled Channel '[id: 0x73ec8ae4, L:/127.0.0.1:63420 - R:localhost/127.0.0.1:40618]' for 'POST' to 'http://localhost:40618/session/6c7a1db234c8406ea56a60c4dcdbe780/element/7d817c6c-b973-41db-8705-ad417722a96a/click'
16:03:52.520 [Forwarding clickElement on session 6c7a1db234c8406ea56a60c4dcdbe780 to remote] DEBUG org.asynchttpclient.netty.request.NettyRequestSender - Using open Channel [id: 0x73ec8ae4, L:/127.0.0.1:63420 - R:localhost/127.0.0.1:40618] for POST '/session/6c7a1db234c8406ea56a60c4dcdbe780/element/7d817c6c-b973-41db-8705-ad417722a96a/click'
16:03:52.641 [AsyncHttpClient-1-8] DEBUG org.asynchttpclient.netty.handler.HttpHandler - 

Request DefaultHttpRequest(decodeResult: success, version: HTTP/1.1)
POST /session/6c7a1db234c8406ea56a60c4dcdbe780/element/7d817c6c-b973-41db-8705-ad417722a96a/click HTTP/1.1
User-Agent: selenium/4.8.1 (java windows)
Content-Length: 50
Content-Type: application/json; charset=utf-8
host: localhost:40618
accept: */*

Response DefaultHttpResponse(decodeResult: success, version: HTTP/1.1)
HTTP/1.1 200 OK
Content-Length: 14
Content-Type: application/json; charset=utf-8
cache-control: no-cache

16:03:52.642 [AsyncHttpClient-1-8] DEBUG org.asynchttpclient.netty.channel.ChannelManager - Adding key: http://localhost:40618 for channel [id: 0x73ec8ae4, L:/127.0.0.1:63420 - R:localhost/127.0.0.1:40618]
16:03:52.650 [Forwarding findElement on session 6c7a1db234c8406ea56a60c4dcdbe780 to remote] DEBUG org.asynchttpclient.netty.request.NettyRequestSender - Using pooled Channel '[id: 0x73ec8ae4, L:/127.0.0.1:63420 - R:localhost/127.0.0.1:40618]' for 'POST' to 'http://localhost:40618/session/6c7a1db234c8406ea56a60c4dcdbe780/element'
16:03:52.650 [Forwarding findElement on session 6c7a1db234c8406ea56a60c4dcdbe780 to remote] DEBUG org.asynchttpclient.netty.request.NettyRequestSender - Using open Channel [id: 0x73ec8ae4, L:/127.0.0.1:63420 - R:localhost/127.0.0.1:40618] for POST '/session/6c7a1db234c8406ea56a60c4dcdbe780/element'
16:03:52.678 [AsyncHttpClient-1-8] DEBUG org.asynchttpclient.netty.handler.HttpHandler - 

Request DefaultHttpRequest(decodeResult: success, version: HTTP/1.1)
POST /session/6c7a1db234c8406ea56a60c4dcdbe780/element HTTP/1.1
User-Agent: selenium/4.8.1 (java windows)
Content-Length: 96
Content-Type: application/json; charset=utf-8
host: localhost:40618
accept: */*

Response DefaultHttpResponse(decodeResult: success, version: HTTP/1.1)
HTTP/1.1 200 OK
Content-Length: 88
Content-Type: application/json; charset=utf-8
cache-control: no-cache

16:03:52.679 [AsyncHttpClient-1-8] DEBUG org.asynchttpclient.netty.channel.ChannelManager - Adding key: http://localhost:40618 for channel [id: 0x73ec8ae4, L:/127.0.0.1:63420 - R:localhost/127.0.0.1:40618]
16:03:52.681 [Forwarding getElementTagName on session 6c7a1db234c8406ea56a60c4dcdbe780 to remote] DEBUG org.asynchttpclient.netty.request.NettyRequestSender - Using pooled Channel '[id: 0x73ec8ae4, L:/127.0.0.1:63420 - R:localhost/127.0.0.1:40618]' for 'GET' to 'http://localhost:40618/session/6c7a1db234c8406ea56a60c4dcdbe780/element/7d817c6c-b973-41db-8705-ad417722a96a/name'
16:03:52.681 [Forwarding getElementTagName on session 6c7a1db234c8406ea56a60c4dcdbe780 to remote] DEBUG org.asynchttpclient.netty.request.NettyRequestSender - Using open Channel [id: 0x73ec8ae4, L:/127.0.0.1:63420 - R:localhost/127.0.0.1:40618] for GET '/session/6c7a1db234c8406ea56a60c4dcdbe780/element/7d817c6c-b973-41db-8705-ad417722a96a/name'
16:03:52.685 [AsyncHttpClient-1-8] DEBUG org.asynchttpclient.netty.handler.HttpHandler - 

Request DefaultFullHttpRequest(decodeResult: success, version: HTTP/1.1, content: EmptyByteBufBE)
GET /session/6c7a1db234c8406ea56a60c4dcdbe780/element/7d817c6c-b973-41db-8705-ad417722a96a/name HTTP/1.1
User-Agent: selenium/4.8.1 (java windows)
Cache-Control: no-cache
Content-Type: application/json; charset=utf-8
host: localhost:40618
accept: */*

Response DefaultHttpResponse(decodeResult: success, version: HTTP/1.1)
HTTP/1.1 200 OK
Content-Length: 16
Content-Type: application/json; charset=utf-8
cache-control: no-cache

16:03:52.685 [AsyncHttpClient-1-8] DEBUG org.asynchttpclient.netty.channel.ChannelManager - Adding key: http://localhost:40618 for channel [id: 0x73ec8ae4, L:/127.0.0.1:63420 - R:localhost/127.0.0.1:40618]
16:03:52.686 [Forwarding getElementTagName on session 6c7a1db234c8406ea56a60c4dcdbe780 to remote] DEBUG org.asynchttpclient.netty.request.NettyRequestSender - Using pooled Channel '[id: 0x73ec8ae4, L:/127.0.0.1:63420 - R:localhost/127.0.0.1:40618]' for 'GET' to 'http://localhost:40618/session/6c7a1db234c8406ea56a60c4dcdbe780/element/7d817c6c-b973-41db-8705-ad417722a96a/name'
16:03:52.686 [Forwarding getElementTagName on session 6c7a1db234c8406ea56a60c4dcdbe780 to remote] DEBUG org.asynchttpclient.netty.request.NettyRequestSender - Using open Channel [id: 0x73ec8ae4, L:/127.0.0.1:63420 - R:localhost/127.0.0.1:40618] for GET '/session/6c7a1db234c8406ea56a60c4dcdbe780/element/7d817c6c-b973-41db-8705-ad417722a96a/name'
16:03:52.689 [AsyncHttpClient-1-8] DEBUG org.asynchttpclient.netty.handler.HttpHandler - 

Request DefaultFullHttpRequest(decodeResult: success, version: HTTP/1.1, content: EmptyByteBufBE)
GET /session/6c7a1db234c8406ea56a60c4dcdbe780/element/7d817c6c-b973-41db-8705-ad417722a96a/name HTTP/1.1
User-Agent: selenium/4.8.1 (java windows)
Cache-Control: no-cache
Content-Type: application/json; charset=utf-8
host: localhost:40618
accept: */*

Response DefaultHttpResponse(decodeResult: success, version: HTTP/1.1)
HTTP/1.1 200 OK
Content-Length: 16
Content-Type: application/json; charset=utf-8
cache-control: no-cache

16:03:52.689 [AsyncHttpClient-1-8] DEBUG org.asynchttpclient.netty.channel.ChannelManager - Adding key: http://localhost:40618 for channel [id: 0x73ec8ae4, L:/127.0.0.1:63420 - R:localhost/127.0.0.1:40618]
16:03:52.690 [Forwarding findElement on session 6c7a1db234c8406ea56a60c4dcdbe780 to remote] DEBUG org.asynchttpclient.netty.request.NettyRequestSender - Using pooled Channel '[id: 0x73ec8ae4, L:/127.0.0.1:63420 - R:localhost/127.0.0.1:40618]' for 'POST' to 'http://localhost:40618/session/6c7a1db234c8406ea56a60c4dcdbe780/element'
16:03:52.691 [Forwarding findElement on session 6c7a1db234c8406ea56a60c4dcdbe780 to remote] DEBUG org.asynchttpclient.netty.request.NettyRequestSender - Using open Channel [id: 0x73ec8ae4, L:/127.0.0.1:63420 - R:localhost/127.0.0.1:40618] for POST '/session/6c7a1db234c8406ea56a60c4dcdbe780/element'
16:03:52.703 [AsyncHttpClient-1-8] DEBUG org.asynchttpclient.netty.handler.HttpHandler - 

Request DefaultHttpRequest(decodeResult: success, version: HTTP/1.1)
POST /session/6c7a1db234c8406ea56a60c4dcdbe780/element HTTP/1.1
User-Agent: selenium/4.8.1 (java windows)
Content-Length: 96
Content-Type: application/json; charset=utf-8
host: localhost:40618
accept: */*

Response DefaultHttpResponse(decodeResult: success, version: HTTP/1.1)
HTTP/1.1 200 OK
Content-Length: 88
Content-Type: application/json; charset=utf-8
cache-control: no-cache

16:03:52.703 [AsyncHttpClient-1-8] DEBUG org.asynchttpclient.netty.channel.ChannelManager - Adding key: http://localhost:40618 for channel [id: 0x73ec8ae4, L:/127.0.0.1:63420 - R:localhost/127.0.0.1:40618]
16:03:52.704 [Forwarding clickElement on session 6c7a1db234c8406ea56a60c4dcdbe780 to remote] DEBUG org.asynchttpclient.netty.request.NettyRequestSender - Using pooled Channel '[id: 0x73ec8ae4, L:/127.0.0.1:63420 - R:localhost/127.0.0.1:40618]' for 'POST' to 'http://localhost:40618/session/6c7a1db234c8406ea56a60c4dcdbe780/element/7d817c6c-b973-41db-8705-ad417722a96a/click'
16:03:52.704 [Forwarding clickElement on session 6c7a1db234c8406ea56a60c4dcdbe780 to remote] DEBUG org.asynchttpclient.netty.request.NettyRequestSender - Using open Channel [id: 0x73ec8ae4, L:/127.0.0.1:63420 - R:localhost/127.0.0.1:40618] for POST '/session/6c7a1db234c8406ea56a60c4dcdbe780/element/7d817c6c-b973-41db-8705-ad417722a96a/click'
16:03:52.777 [AsyncHttpClient-1-1] DEBUG org.asynchttpclient.netty.channel.DefaultChannelPool - Entry count for : http://localhost:63421 : 1
16:03:52.785 [AsyncHttpClient-1-8] DEBUG org.asynchttpclient.netty.handler.HttpHandler - 

Request DefaultHttpRequest(decodeResult: success, version: HTTP/1.1)
POST /session/6c7a1db234c8406ea56a60c4dcdbe780/element/7d817c6c-b973-41db-8705-ad417722a96a/click HTTP/1.1
User-Agent: selenium/4.8.1 (java windows)
Content-Length: 50
Content-Type: application/json; charset=utf-8
host: localhost:40618
accept: */*

Response DefaultHttpResponse(decodeResult: success, version: HTTP/1.1)
HTTP/1.1 200 OK
Content-Length: 14
Content-Type: application/json; charset=utf-8
cache-control: no-cache

16:03:52.785 [AsyncHttpClient-1-8] DEBUG org.asynchttpclient.netty.channel.ChannelManager - Adding key: http://localhost:40618 for channel [id: 0x73ec8ae4, L:/127.0.0.1:63420 - R:localhost/127.0.0.1:40618]
16:03:52.795 [Forwarding getAlertText on session 6c7a1db234c8406ea56a60c4dcdbe780 to remote] DEBUG org.asynchttpclient.netty.request.NettyRequestSender - Using pooled Channel '[id: 0x73ec8ae4, L:/127.0.0.1:63420 - R:localhost/127.0.0.1:40618]' for 'GET' to 'http://localhost:40618/session/6c7a1db234c8406ea56a60c4dcdbe780/alert/text'
16:03:52.795 [Forwarding getAlertText on session 6c7a1db234c8406ea56a60c4dcdbe780 to remote] DEBUG org.asynchttpclient.netty.request.NettyRequestSender - Using open Channel [id: 0x73ec8ae4, L:/127.0.0.1:63420 - R:localhost/127.0.0.1:40618] for GET '/session/6c7a1db234c8406ea56a60c4dcdbe780/alert/text'
16:03:52.798 [AsyncHttpClient-1-8] DEBUG org.asynchttpclient.netty.handler.HttpHandler - 

Request DefaultFullHttpRequest(decodeResult: success, version: HTTP/1.1, content: EmptyByteBufBE)
GET /session/6c7a1db234c8406ea56a60c4dcdbe780/alert/text HTTP/1.1
User-Agent: selenium/4.8.1 (java windows)
Cache-Control: no-cache
Content-Type: application/json; charset=utf-8
host: localhost:40618
accept: */*

Response DefaultHttpResponse(decodeResult: success, version: HTTP/1.1)
HTTP/1.1 404 Not Found
Content-Length: 848
Content-Type: application/json; charset=utf-8
cache-control: no-cache

16:03:52.799 [AsyncHttpClient-1-8] DEBUG org.asynchttpclient.netty.channel.ChannelManager - Adding key: http://localhost:40618 for channel [id: 0x73ec8ae4, L:/127.0.0.1:63420 - R:localhost/127.0.0.1:40618]
16:03:52.801 [Forwarding getCurrentUrl on session 6c7a1db234c8406ea56a60c4dcdbe780 to remote] DEBUG org.asynchttpclient.netty.request.NettyRequestSender - Using pooled Channel '[id: 0x73ec8ae4, L:/127.0.0.1:63420 - R:localhost/127.0.0.1:40618]' for 'GET' to 'http://localhost:40618/session/6c7a1db234c8406ea56a60c4dcdbe780/url'
16:03:52.801 [Forwarding getCurrentUrl on session 6c7a1db234c8406ea56a60c4dcdbe780 to remote] DEBUG org.asynchttpclient.netty.request.NettyRequestSender - Using open Channel [id: 0x73ec8ae4, L:/127.0.0.1:63420 - R:localhost/127.0.0.1:40618] for GET '/session/6c7a1db234c8406ea56a60c4dcdbe780/url'
16:03:52.805 [AsyncHttpClient-1-8] DEBUG org.asynchttpclient.netty.handler.HttpHandler - 

Request DefaultFullHttpRequest(decodeResult: success, version: HTTP/1.1, content: EmptyByteBufBE)
GET /session/6c7a1db234c8406ea56a60c4dcdbe780/url HTTP/1.1
User-Agent: selenium/4.8.1 (java windows)
Cache-Control: no-cache
Content-Type: application/json; charset=utf-8
host: localhost:40618
accept: */*

Response DefaultHttpResponse(decodeResult: success, version: HTTP/1.1)
HTTP/1.1 200 OK
Content-Length: 41
Content-Type: application/json; charset=utf-8
cache-control: no-cache

16:03:52.805 [AsyncHttpClient-1-8] DEBUG org.asynchttpclient.netty.channel.ChannelManager - Adding key: http://localhost:40618 for channel [id: 0x73ec8ae4, L:/127.0.0.1:63420 - R:localhost/127.0.0.1:40618]
16:03:52.806 [Forwarding screenshot on session 6c7a1db234c8406ea56a60c4dcdbe780 to remote] DEBUG org.asynchttpclient.netty.request.NettyRequestSender - Using pooled Channel '[id: 0x73ec8ae4, L:/127.0.0.1:63420 - R:localhost/127.0.0.1:40618]' for 'GET' to 'http://localhost:40618/session/6c7a1db234c8406ea56a60c4dcdbe780/screenshot'
16:03:52.806 [Forwarding screenshot on session 6c7a1db234c8406ea56a60c4dcdbe780 to remote] DEBUG org.asynchttpclient.netty.request.NettyRequestSender - Using open Channel [id: 0x73ec8ae4, L:/127.0.0.1:63420 - R:localhost/127.0.0.1:40618] for GET '/session/6c7a1db234c8406ea56a60c4dcdbe780/screenshot'
16:03:52.920 [AsyncHttpClient-1-8] DEBUG org.asynchttpclient.netty.handler.HttpHandler - 

Request DefaultFullHttpRequest(decodeResult: success, version: HTTP/1.1, content: EmptyByteBufBE)
GET /session/6c7a1db234c8406ea56a60c4dcdbe780/screenshot HTTP/1.1
User-Agent: selenium/4.8.1 (java windows)
Cache-Control: no-cache
Content-Type: application/json; charset=utf-8
host: localhost:40618
accept: */*

Response DefaultHttpResponse(decodeResult: success, version: HTTP/1.1)
HTTP/1.1 200 OK
Content-Length: 112124
Content-Type: application/json; charset=utf-8
cache-control: no-cache

16:03:52.921 [AsyncHttpClient-1-8] DEBUG org.asynchttpclient.netty.channel.ChannelManager - Adding key: http://localhost:40618 for channel [id: 0x73ec8ae4, L:/127.0.0.1:63420 - R:localhost/127.0.0.1:40618]
16:03:52.927 [main] DEBUG net.serenitybdd.core.photography.Darkroom - Send negative for processing for target\site\serenity\8df02edc8f908474600b23a0f6fb330d12a2caffed996168239d9336d9badc2e.png
16:03:52.927 [main] DEBUG net.thucydides.core.steps.StepInterceptor - STEP DONE: user click button Beli
16:03:52.928 [Darkroom Processing Line] DEBUG net.serenitybdd.core.photography.DarkroomProcessingLine - Processing screenshot image in /var/screenshots/screenshot-3647600374294344074
16:03:52.928 [Darkroom Processing Line] DEBUG net.serenitybdd.core.photography.DarkroomProcessingLine - Saving screenshot to target\site\serenity\8df02edc8f908474600b23a0f6fb330d12a2caffed996168239d9336d9badc2e.png
16:03:52.932 [main] DEBUG net.thucydides.core.steps.StepInterceptor - STARTING STEP: ProductStep.successAddProductToTheCart - user success to add product to cart
16:03:52.935 [Forwarding findElement on session 6c7a1db234c8406ea56a60c4dcdbe780 to remote] DEBUG org.asynchttpclient.netty.request.NettyRequestSender - Using pooled Channel '[id: 0x73ec8ae4, L:/127.0.0.1:63420 - R:localhost/127.0.0.1:40618]' for 'POST' to 'http://localhost:40618/session/6c7a1db234c8406ea56a60c4dcdbe780/element'
16:03:52.935 [Forwarding findElement on session 6c7a1db234c8406ea56a60c4dcdbe780 to remote] DEBUG org.asynchttpclient.netty.request.NettyRequestSender - Using open Channel [id: 0x73ec8ae4, L:/127.0.0.1:63420 - R:localhost/127.0.0.1:40618] for POST '/session/6c7a1db234c8406ea56a60c4dcdbe780/element'
16:03:52.954 [AsyncHttpClient-1-8] DEBUG org.asynchttpclient.netty.handler.HttpHandler - 

Request DefaultHttpRequest(decodeResult: success, version: HTTP/1.1)
POST /session/6c7a1db234c8406ea56a60c4dcdbe780/element HTTP/1.1
User-Agent: selenium/4.8.1 (java windows)
Content-Length: 80
Content-Type: application/json; charset=utf-8
host: localhost:40618
accept: */*

Response DefaultHttpResponse(decodeResult: success, version: HTTP/1.1)
HTTP/1.1 200 OK
Content-Length: 88
Content-Type: application/json; charset=utf-8
cache-control: no-cache

16:03:52.954 [AsyncHttpClient-1-8] DEBUG org.asynchttpclient.netty.channel.ChannelManager - Adding key: http://localhost:40618 for channel [id: 0x73ec8ae4, L:/127.0.0.1:63420 - R:localhost/127.0.0.1:40618]
16:03:52.957 [Forwarding isElementDisplayed on session 6c7a1db234c8406ea56a60c4dcdbe780 to remote] DEBUG org.asynchttpclient.netty.request.NettyRequestSender - Using pooled Channel '[id: 0x73ec8ae4, L:/127.0.0.1:63420 - R:localhost/127.0.0.1:40618]' for 'POST' to 'http://localhost:40618/session/6c7a1db234c8406ea56a60c4dcdbe780/execute/sync'
16:03:52.957 [Forwarding isElementDisplayed on session 6c7a1db234c8406ea56a60c4dcdbe780 to remote] DEBUG org.asynchttpclient.netty.request.NettyRequestSender - Using open Channel [id: 0x73ec8ae4, L:/127.0.0.1:63420 - R:localhost/127.0.0.1:40618] for POST '/session/6c7a1db234c8406ea56a60c4dcdbe780/execute/sync'
16:03:52.988 [AsyncHttpClient-1-8] DEBUG org.asynchttpclient.netty.handler.HttpHandler - 

Request DefaultHttpRequest(decodeResult: success, version: HTTP/1.1)
POST /session/6c7a1db234c8406ea56a60c4dcdbe780/execute/sync HTTP/1.1
User-Agent: selenium/4.8.1 (java windows)
Content-Length: 48807
Content-Type: application/json; charset=utf-8
host: localhost:40618
accept: */*

Response DefaultHttpResponse(decodeResult: success, version: HTTP/1.1)
HTTP/1.1 200 OK
Content-Length: 14
Content-Type: application/json; charset=utf-8
cache-control: no-cache

16:03:52.988 [AsyncHttpClient-1-8] DEBUG org.asynchttpclient.netty.channel.ChannelManager - Adding key: http://localhost:40618 for channel [id: 0x73ec8ae4, L:/127.0.0.1:63420 - R:localhost/127.0.0.1:40618]
16:03:52.997 [Forwarding getAlertText on session 6c7a1db234c8406ea56a60c4dcdbe780 to remote] DEBUG org.asynchttpclient.netty.request.NettyRequestSender - Using pooled Channel '[id: 0x73ec8ae4, L:/127.0.0.1:63420 - R:localhost/127.0.0.1:40618]' for 'GET' to 'http://localhost:40618/session/6c7a1db234c8406ea56a60c4dcdbe780/alert/text'
16:03:52.998 [Forwarding getAlertText on session 6c7a1db234c8406ea56a60c4dcdbe780 to remote] DEBUG org.asynchttpclient.netty.request.NettyRequestSender - Using open Channel [id: 0x73ec8ae4, L:/127.0.0.1:63420 - R:localhost/127.0.0.1:40618] for GET '/session/6c7a1db234c8406ea56a60c4dcdbe780/alert/text'
16:03:53.024 [AsyncHttpClient-1-8] DEBUG org.asynchttpclient.netty.handler.HttpHandler - 

Request DefaultFullHttpRequest(decodeResult: success, version: HTTP/1.1, content: EmptyByteBufBE)
GET /session/6c7a1db234c8406ea56a60c4dcdbe780/alert/text HTTP/1.1
User-Agent: selenium/4.8.1 (java windows)
Cache-Control: no-cache
Content-Type: application/json; charset=utf-8
host: localhost:40618
accept: */*

Response DefaultHttpResponse(decodeResult: success, version: HTTP/1.1)
HTTP/1.1 404 Not Found
Content-Length: 848
Content-Type: application/json; charset=utf-8
cache-control: no-cache

16:03:53.024 [AsyncHttpClient-1-8] DEBUG org.asynchttpclient.netty.channel.ChannelManager - Adding key: http://localhost:40618 for channel [id: 0x73ec8ae4, L:/127.0.0.1:63420 - R:localhost/127.0.0.1:40618]
16:03:53.027 [Forwarding getCurrentUrl on session 6c7a1db234c8406ea56a60c4dcdbe780 to remote] DEBUG org.asynchttpclient.netty.request.NettyRequestSender - Using pooled Channel '[id: 0x73ec8ae4, L:/127.0.0.1:63420 - R:localhost/127.0.0.1:40618]' for 'GET' to 'http://localhost:40618/session/6c7a1db234c8406ea56a60c4dcdbe780/url'
16:03:53.027 [Forwarding getCurrentUrl on session 6c7a1db234c8406ea56a60c4dcdbe780 to remote] DEBUG org.asynchttpclient.netty.request.NettyRequestSender - Using open Channel [id: 0x73ec8ae4, L:/127.0.0.1:63420 - R:localhost/127.0.0.1:40618] for GET '/session/6c7a1db234c8406ea56a60c4dcdbe780/url'
16:03:53.039 [AsyncHttpClient-1-8] DEBUG org.asynchttpclient.netty.handler.HttpHandler - 

Request DefaultFullHttpRequest(decodeResult: success, version: HTTP/1.1, content: EmptyByteBufBE)
GET /session/6c7a1db234c8406ea56a60c4dcdbe780/url HTTP/1.1
User-Agent: selenium/4.8.1 (java windows)
Cache-Control: no-cache
Content-Type: application/json; charset=utf-8
host: localhost:40618
accept: */*

Response DefaultHttpResponse(decodeResult: success, version: HTTP/1.1)
HTTP/1.1 200 OK
Content-Length: 41
Content-Type: application/json; charset=utf-8
cache-control: no-cache

16:03:53.039 [AsyncHttpClient-1-8] DEBUG org.asynchttpclient.netty.channel.ChannelManager - Adding key: http://localhost:40618 for channel [id: 0x73ec8ae4, L:/127.0.0.1:63420 - R:localhost/127.0.0.1:40618]
16:03:53.040 [Forwarding screenshot on session 6c7a1db234c8406ea56a60c4dcdbe780 to remote] DEBUG org.asynchttpclient.netty.request.NettyRequestSender - Using pooled Channel '[id: 0x73ec8ae4, L:/127.0.0.1:63420 - R:localhost/127.0.0.1:40618]' for 'GET' to 'http://localhost:40618/session/6c7a1db234c8406ea56a60c4dcdbe780/screenshot'
16:03:53.040 [Forwarding screenshot on session 6c7a1db234c8406ea56a60c4dcdbe780 to remote] DEBUG org.asynchttpclient.netty.request.NettyRequestSender - Using open Channel [id: 0x73ec8ae4, L:/127.0.0.1:63420 - R:localhost/127.0.0.1:40618] for GET '/session/6c7a1db234c8406ea56a60c4dcdbe780/screenshot'
16:03:53.162 [AsyncHttpClient-1-8] DEBUG org.asynchttpclient.netty.handler.HttpHandler - 

Request DefaultFullHttpRequest(decodeResult: success, version: HTTP/1.1, content: EmptyByteBufBE)
GET /session/6c7a1db234c8406ea56a60c4dcdbe780/screenshot HTTP/1.1
User-Agent: selenium/4.8.1 (java windows)
Cache-Control: no-cache
Content-Type: application/json; charset=utf-8
host: localhost:40618
accept: */*

Response DefaultHttpResponse(decodeResult: success, version: HTTP/1.1)
HTTP/1.1 200 OK
Content-Length: 111300
Content-Type: application/json; charset=utf-8
cache-control: no-cache

16:03:53.162 [AsyncHttpClient-1-8] DEBUG org.asynchttpclient.netty.channel.ChannelManager - Adding key: http://localhost:40618 for channel [id: 0x73ec8ae4, L:/127.0.0.1:63420 - R:localhost/127.0.0.1:40618]
16:03:53.167 [main] DEBUG net.serenitybdd.core.photography.Darkroom - Send negative for processing for target\site\serenity\0e0731796d2a0b177f5d6e28783848e5577724ff60c3d886400b84a2111d0c3c.png
16:03:53.167 [main] DEBUG net.thucydides.core.steps.StepInterceptor - STEP DONE: user success to add product to cart
  &amp#27;[32mAnd &amp#27;[0m&amp#27;[32muser success add product to the cart&amp#27;[0m                                  &amp#27;[90m# starter.stepdefinition.ProductStep.successAddProductToTheCart()&amp#27;[0m
16:03:53.167 [Darkroom Processing Line] DEBUG net.serenitybdd.core.photography.DarkroomProcessingLine - Processing screenshot image in /var/screenshots/screenshot-7404370834195694391
16:03:53.167 [Darkroom Processing Line] DEBUG net.serenitybdd.core.photography.DarkroomProcessingLine - Saving screenshot to target\site\serenity\0e0731796d2a0b177f5d6e28783848e5577724ff60c3d886400b84a2111d0c3c.png
16:03:53.186 [main] DEBUG net.thucydides.core.steps.StepInterceptor - STARTING STEP: CartStep.userClickTheCart - user click the cart
16:03:53.189 [Forwarding findElement on session 6c7a1db234c8406ea56a60c4dcdbe780 to remote] DEBUG org.asynchttpclient.netty.request.NettyRequestSender - Using pooled Channel '[id: 0x73ec8ae4, L:/127.0.0.1:63420 - R:localhost/127.0.0.1:40618]' for 'POST' to 'http://localhost:40618/session/6c7a1db234c8406ea56a60c4dcdbe780/element'
16:03:53.189 [Forwarding findElement on session 6c7a1db234c8406ea56a60c4dcdbe780 to remote] DEBUG org.asynchttpclient.netty.request.NettyRequestSender - Using open Channel [id: 0x73ec8ae4, L:/127.0.0.1:63420 - R:localhost/127.0.0.1:40618] for POST '/session/6c7a1db234c8406ea56a60c4dcdbe780/element'
16:03:53.203 [AsyncHttpClient-1-8] DEBUG org.asynchttpclient.netty.handler.HttpHandler - 

Request DefaultHttpRequest(decodeResult: success, version: HTTP/1.1)
POST /session/6c7a1db234c8406ea56a60c4dcdbe780/element HTTP/1.1
User-Agent: selenium/4.8.1 (java windows)
Content-Length: 112
Content-Type: application/json; charset=utf-8
host: localhost:40618
accept: */*

Response DefaultHttpResponse(decodeResult: success, version: HTTP/1.1)
HTTP/1.1 200 OK
Content-Length: 88
Content-Type: application/json; charset=utf-8
cache-control: no-cache

16:03:53.203 [AsyncHttpClient-1-8] DEBUG org.asynchttpclient.netty.channel.ChannelManager - Adding key: http://localhost:40618 for channel [id: 0x73ec8ae4, L:/127.0.0.1:63420 - R:localhost/127.0.0.1:40618]
16:03:53.204 [Forwarding getElementTagName on session 6c7a1db234c8406ea56a60c4dcdbe780 to remote] DEBUG org.asynchttpclient.netty.request.NettyRequestSender - Using pooled Channel '[id: 0x73ec8ae4, L:/127.0.0.1:63420 - R:localhost/127.0.0.1:40618]' for 'GET' to 'http://localhost:40618/session/6c7a1db234c8406ea56a60c4dcdbe780/element/94da9104-ab15-4cdc-b537-7147c746b491/name'
16:03:53.205 [Forwarding getElementTagName on session 6c7a1db234c8406ea56a60c4dcdbe780 to remote] DEBUG org.asynchttpclient.netty.request.NettyRequestSender - Using open Channel [id: 0x73ec8ae4, L:/127.0.0.1:63420 - R:localhost/127.0.0.1:40618] for GET '/session/6c7a1db234c8406ea56a60c4dcdbe780/element/94da9104-ab15-4cdc-b537-7147c746b491/name'
16:03:53.208 [AsyncHttpClient-1-8] DEBUG org.asynchttpclient.netty.handler.HttpHandler - 

Request DefaultFullHttpRequest(decodeResult: success, version: HTTP/1.1, content: EmptyByteBufBE)
GET /session/6c7a1db234c8406ea56a60c4dcdbe780/element/94da9104-ab15-4cdc-b537-7147c746b491/name HTTP/1.1
User-Agent: selenium/4.8.1 (java windows)
Cache-Control: no-cache
Content-Type: application/json; charset=utf-8
host: localhost:40618
accept: */*

Response DefaultHttpResponse(decodeResult: success, version: HTTP/1.1)
HTTP/1.1 200 OK
Content-Length: 13
Content-Type: application/json; charset=utf-8
cache-control: no-cache

16:03:53.209 [AsyncHttpClient-1-8] DEBUG org.asynchttpclient.netty.channel.ChannelManager - Adding key: http://localhost:40618 for channel [id: 0x73ec8ae4, L:/127.0.0.1:63420 - R:localhost/127.0.0.1:40618]
16:03:53.210 [Forwarding getElementTagName on session 6c7a1db234c8406ea56a60c4dcdbe780 to remote] DEBUG org.asynchttpclient.netty.request.NettyRequestSender - Using pooled Channel '[id: 0x73ec8ae4, L:/127.0.0.1:63420 - R:localhost/127.0.0.1:40618]' for 'GET' to 'http://localhost:40618/session/6c7a1db234c8406ea56a60c4dcdbe780/element/94da9104-ab15-4cdc-b537-7147c746b491/name'
16:03:53.211 [Forwarding getElementTagName on session 6c7a1db234c8406ea56a60c4dcdbe780 to remote] DEBUG org.asynchttpclient.netty.request.NettyRequestSender - Using open Channel [id: 0x73ec8ae4, L:/127.0.0.1:63420 - R:localhost/127.0.0.1:40618] for GET '/session/6c7a1db234c8406ea56a60c4dcdbe780/element/94da9104-ab15-4cdc-b537-7147c746b491/name'
16:03:53.214 [AsyncHttpClient-1-8] DEBUG org.asynchttpclient.netty.handler.HttpHandler - 

Request DefaultFullHttpRequest(decodeResult: success, version: HTTP/1.1, content: EmptyByteBufBE)
GET /session/6c7a1db234c8406ea56a60c4dcdbe780/element/94da9104-ab15-4cdc-b537-7147c746b491/name HTTP/1.1
User-Agent: selenium/4.8.1 (java windows)
Cache-Control: no-cache
Content-Type: application/json; charset=utf-8
host: localhost:40618
accept: */*

Response DefaultHttpResponse(decodeResult: success, version: HTTP/1.1)
HTTP/1.1 200 OK
Content-Length: 13
Content-Type: application/json; charset=utf-8
cache-control: no-cache

16:03:53.214 [AsyncHttpClient-1-8] DEBUG org.asynchttpclient.netty.channel.ChannelManager - Adding key: http://localhost:40618 for channel [id: 0x73ec8ae4, L:/127.0.0.1:63420 - R:localhost/127.0.0.1:40618]
16:03:53.215 [Forwarding findElement on session 6c7a1db234c8406ea56a60c4dcdbe780 to remote] DEBUG org.asynchttpclient.netty.request.NettyRequestSender - Using pooled Channel '[id: 0x73ec8ae4, L:/127.0.0.1:63420 - R:localhost/127.0.0.1:40618]' for 'POST' to 'http://localhost:40618/session/6c7a1db234c8406ea56a60c4dcdbe780/element'
16:03:53.216 [Forwarding findElement on session 6c7a1db234c8406ea56a60c4dcdbe780 to remote] DEBUG org.asynchttpclient.netty.request.NettyRequestSender - Using open Channel [id: 0x73ec8ae4, L:/127.0.0.1:63420 - R:localhost/127.0.0.1:40618] for POST '/session/6c7a1db234c8406ea56a60c4dcdbe780/element'
16:03:53.224 [AsyncHttpClient-1-8] DEBUG org.asynchttpclient.netty.handler.HttpHandler - 

Request DefaultHttpRequest(decodeResult: success, version: HTTP/1.1)
POST /session/6c7a1db234c8406ea56a60c4dcdbe780/element HTTP/1.1
User-Agent: selenium/4.8.1 (java windows)
Content-Length: 112
Content-Type: application/json; charset=utf-8
host: localhost:40618
accept: */*

Response DefaultHttpResponse(decodeResult: success, version: HTTP/1.1)
HTTP/1.1 200 OK
Content-Length: 88
Content-Type: application/json; charset=utf-8
cache-control: no-cache

16:03:53.224 [AsyncHttpClient-1-8] DEBUG org.asynchttpclient.netty.channel.ChannelManager - Adding key: http://localhost:40618 for channel [id: 0x73ec8ae4, L:/127.0.0.1:63420 - R:localhost/127.0.0.1:40618]
16:03:53.226 [Forwarding clickElement on session 6c7a1db234c8406ea56a60c4dcdbe780 to remote] DEBUG org.asynchttpclient.netty.request.NettyRequestSender - Using pooled Channel '[id: 0x73ec8ae4, L:/127.0.0.1:63420 - R:localhost/127.0.0.1:40618]' for 'POST' to 'http://localhost:40618/session/6c7a1db234c8406ea56a60c4dcdbe780/element/94da9104-ab15-4cdc-b537-7147c746b491/click'
16:03:53.226 [Forwarding clickElement on session 6c7a1db234c8406ea56a60c4dcdbe780 to remote] DEBUG org.asynchttpclient.netty.request.NettyRequestSender - Using open Channel [id: 0x73ec8ae4, L:/127.0.0.1:63420 - R:localhost/127.0.0.1:40618] for POST '/session/6c7a1db234c8406ea56a60c4dcdbe780/element/94da9104-ab15-4cdc-b537-7147c746b491/click'
16:03:53.276 [AsyncHttpClient-1-8] DEBUG org.asynchttpclient.netty.handler.HttpHandler - 

Request DefaultHttpRequest(decodeResult: success, version: HTTP/1.1)
POST /session/6c7a1db234c8406ea56a60c4dcdbe780/element/94da9104-ab15-4cdc-b537-7147c746b491/click HTTP/1.1
User-Agent: selenium/4.8.1 (java windows)
Content-Length: 50
Content-Type: application/json; charset=utf-8
host: localhost:40618
accept: */*

Response DefaultHttpResponse(decodeResult: success, version: HTTP/1.1)
HTTP/1.1 200 OK
Content-Length: 14
Content-Type: application/json; charset=utf-8
cache-control: no-cache

16:03:53.277 [AsyncHttpClient-1-8] DEBUG org.asynchttpclient.netty.channel.ChannelManager - Adding key: http://localhost:40618 for channel [id: 0x73ec8ae4, L:/127.0.0.1:63420 - R:localhost/127.0.0.1:40618]
16:03:53.290 [Forwarding getAlertText on session 6c7a1db234c8406ea56a60c4dcdbe780 to remote] DEBUG org.asynchttpclient.netty.request.NettyRequestSender - Using pooled Channel '[id: 0x73ec8ae4, L:/127.0.0.1:63420 - R:localhost/127.0.0.1:40618]' for 'GET' to 'http://localhost:40618/session/6c7a1db234c8406ea56a60c4dcdbe780/alert/text'
16:03:53.290 [Forwarding getAlertText on session 6c7a1db234c8406ea56a60c4dcdbe780 to remote] DEBUG org.asynchttpclient.netty.request.NettyRequestSender - Using open Channel [id: 0x73ec8ae4, L:/127.0.0.1:63420 - R:localhost/127.0.0.1:40618] for GET '/session/6c7a1db234c8406ea56a60c4dcdbe780/alert/text'
16:03:53.489 [AsyncHttpClient-1-8] DEBUG org.asynchttpclient.netty.handler.HttpHandler - 

Request DefaultFullHttpRequest(decodeResult: success, version: HTTP/1.1, content: EmptyByteBufBE)
GET /session/6c7a1db234c8406ea56a60c4dcdbe780/alert/text HTTP/1.1
User-Agent: selenium/4.8.1 (java windows)
Cache-Control: no-cache
Content-Type: application/json; charset=utf-8
host: localhost:40618
accept: */*

Response DefaultHttpResponse(decodeResult: success, version: HTTP/1.1)
HTTP/1.1 404 Not Found
Content-Length: 848
Content-Type: application/json; charset=utf-8
cache-control: no-cache

16:03:53.489 [AsyncHttpClient-1-8] DEBUG org.asynchttpclient.netty.channel.ChannelManager - Adding key: http://localhost:40618 for channel [id: 0x73ec8ae4, L:/127.0.0.1:63420 - R:localhost/127.0.0.1:40618]
16:03:53.490 [Forwarding getCurrentUrl on session 6c7a1db234c8406ea56a60c4dcdbe780 to remote] DEBUG org.asynchttpclient.netty.request.NettyRequestSender - Using pooled Channel '[id: 0x73ec8ae4, L:/127.0.0.1:63420 - R:localhost/127.0.0.1:40618]' for 'GET' to 'http://localhost:40618/session/6c7a1db234c8406ea56a60c4dcdbe780/url'
16:03:53.490 [Forwarding getCurrentUrl on session 6c7a1db234c8406ea56a60c4dcdbe780 to remote] DEBUG org.asynchttpclient.netty.request.NettyRequestSender - Using open Channel [id: 0x73ec8ae4, L:/127.0.0.1:63420 - R:localhost/127.0.0.1:40618] for GET '/session/6c7a1db234c8406ea56a60c4dcdbe780/url'
16:03:53.498 [AsyncHttpClient-1-8] DEBUG org.asynchttpclient.netty.handler.HttpHandler - 

Request DefaultFullHttpRequest(decodeResult: success, version: HTTP/1.1, content: EmptyByteBufBE)
GET /session/6c7a1db234c8406ea56a60c4dcdbe780/url HTTP/1.1
User-Agent: selenium/4.8.1 (java windows)
Cache-Control: no-cache
Content-Type: application/json; charset=utf-8
host: localhost:40618
accept: */*

Response DefaultHttpResponse(decodeResult: success, version: HTTP/1.1)
HTTP/1.1 200 OK
Content-Length: 46
Content-Type: application/json; charset=utf-8
cache-control: no-cache

16:03:53.499 [AsyncHttpClient-1-8] DEBUG org.asynchttpclient.netty.channel.ChannelManager - Adding key: http://localhost:40618 for channel [id: 0x73ec8ae4, L:/127.0.0.1:63420 - R:localhost/127.0.0.1:40618]
16:03:53.500 [Forwarding screenshot on session 6c7a1db234c8406ea56a60c4dcdbe780 to remote] DEBUG org.asynchttpclient.netty.request.NettyRequestSender - Using pooled Channel '[id: 0x73ec8ae4, L:/127.0.0.1:63420 - R:localhost/127.0.0.1:40618]' for 'GET' to 'http://localhost:40618/session/6c7a1db234c8406ea56a60c4dcdbe780/screenshot'
16:03:53.500 [Forwarding screenshot on session 6c7a1db234c8406ea56a60c4dcdbe780 to remote] DEBUG org.asynchttpclient.netty.request.NettyRequestSender - Using open Channel [id: 0x73ec8ae4, L:/127.0.0.1:63420 - R:localhost/127.0.0.1:40618] for GET '/session/6c7a1db234c8406ea56a60c4dcdbe780/screenshot'
16:03:53.615 [AsyncHttpClient-1-8] DEBUG org.asynchttpclient.netty.handler.HttpHandler - 

Request DefaultFullHttpRequest(decodeResult: success, version: HTTP/1.1, content: EmptyByteBufBE)
GET /session/6c7a1db234c8406ea56a60c4dcdbe780/screenshot HTTP/1.1
User-Agent: selenium/4.8.1 (java windows)
Cache-Control: no-cache
Content-Type: application/json; charset=utf-8
host: localhost:40618
accept: */*

Response DefaultHttpResponse(decodeResult: success, version: HTTP/1.1)
HTTP/1.1 200 OK
Content-Length: 30192
Content-Type: application/json; charset=utf-8
cache-control: no-cache

16:03:53.615 [AsyncHttpClient-1-8] DEBUG org.asynchttpclient.netty.channel.ChannelManager - Adding key: http://localhost:40618 for channel [id: 0x73ec8ae4, L:/127.0.0.1:63420 - R:localhost/127.0.0.1:40618]
16:03:53.617 [main] DEBUG net.serenitybdd.core.photography.Darkroom - Send negative for processing for target\site\serenity\f511adf6d9f40622394a89a00b7cef099c99feb0e0f3828ca9003d9ab10f9c36.png
16:03:53.617 [main] DEBUG net.thucydides.core.steps.StepInterceptor - STEP DONE: user click the cart
16:03:53.617 [Darkroom Processing Line] DEBUG net.serenitybdd.core.photography.DarkroomProcessingLine - Processing screenshot image in /var/screenshots/screenshot-7125758208613390515
16:03:53.617 [Darkroom Processing Line] DEBUG net.serenitybdd.core.photography.DarkroomProcessingLine - Saving screenshot to target\site\serenity\f511adf6d9f40622394a89a00b7cef099c99feb0e0f3828ca9003d9ab10f9c36.png
  &amp#27;[32mWhen &amp#27;[0m&amp#27;[32muser click the cart&amp#27;[0m                                                  &amp#27;[90m# starter.stepdefinition.CartStep.userClickTheCart()&amp#27;[0m
16:03:53.626 [main] DEBUG net.thucydides.core.steps.StepInterceptor - STARTING STEP: CartStep.userClickButtonMin - user click button min
16:03:53.629 [Forwarding findElement on session 6c7a1db234c8406ea56a60c4dcdbe780 to remote] DEBUG org.asynchttpclient.netty.request.NettyRequestSender - Using pooled Channel '[id: 0x73ec8ae4, L:/127.0.0.1:63420 - R:localhost/127.0.0.1:40618]' for 'POST' to 'http://localhost:40618/session/6c7a1db234c8406ea56a60c4dcdbe780/element'
16:03:53.630 [Forwarding findElement on session 6c7a1db234c8406ea56a60c4dcdbe780 to remote] DEBUG org.asynchttpclient.netty.request.NettyRequestSender - Using open Channel [id: 0x73ec8ae4, L:/127.0.0.1:63420 - R:localhost/127.0.0.1:40618] for POST '/session/6c7a1db234c8406ea56a60c4dcdbe780/element'
16:03:53.641 [AsyncHttpClient-1-8] DEBUG org.asynchttpclient.netty.handler.HttpHandler - 

Request DefaultHttpRequest(decodeResult: success, version: HTTP/1.1)
POST /session/6c7a1db234c8406ea56a60c4dcdbe780/element HTTP/1.1
User-Agent: selenium/4.8.1 (java windows)
Content-Length: 65
Content-Type: application/json; charset=utf-8
host: localhost:40618
accept: */*

Response DefaultHttpResponse(decodeResult: success, version: HTTP/1.1)
HTTP/1.1 200 OK
Content-Length: 88
Content-Type: application/json; charset=utf-8
cache-control: no-cache

16:03:53.641 [AsyncHttpClient-1-8] DEBUG org.asynchttpclient.netty.channel.ChannelManager - Adding key: http://localhost:40618 for channel [id: 0x73ec8ae4, L:/127.0.0.1:63420 - R:localhost/127.0.0.1:40618]
16:03:53.642 [Forwarding getElementTagName on session 6c7a1db234c8406ea56a60c4dcdbe780 to remote] DEBUG org.asynchttpclient.netty.request.NettyRequestSender - Using pooled Channel '[id: 0x73ec8ae4, L:/127.0.0.1:63420 - R:localhost/127.0.0.1:40618]' for 'GET' to 'http://localhost:40618/session/6c7a1db234c8406ea56a60c4dcdbe780/element/7b30bb22-6e07-451d-ad5e-5b0b8023cefd/name'
16:03:53.642 [Forwarding getElementTagName on session 6c7a1db234c8406ea56a60c4dcdbe780 to remote] DEBUG org.asynchttpclient.netty.request.NettyRequestSender - Using open Channel [id: 0x73ec8ae4, L:/127.0.0.1:63420 - R:localhost/127.0.0.1:40618] for GET '/session/6c7a1db234c8406ea56a60c4dcdbe780/element/7b30bb22-6e07-451d-ad5e-5b0b8023cefd/name'
16:03:53.648 [AsyncHttpClient-1-8] DEBUG org.asynchttpclient.netty.handler.HttpHandler - 

Request DefaultFullHttpRequest(decodeResult: success, version: HTTP/1.1, content: EmptyByteBufBE)
GET /session/6c7a1db234c8406ea56a60c4dcdbe780/element/7b30bb22-6e07-451d-ad5e-5b0b8023cefd/name HTTP/1.1
User-Agent: selenium/4.8.1 (java windows)
Cache-Control: no-cache
Content-Type: application/json; charset=utf-8
host: localhost:40618
accept: */*

Response DefaultHttpResponse(decodeResult: success, version: HTTP/1.1)
HTTP/1.1 200 OK
Content-Length: 16
Content-Type: application/json; charset=utf-8
cache-control: no-cache

16:03:53.648 [AsyncHttpClient-1-8] DEBUG org.asynchttpclient.netty.channel.ChannelManager - Adding key: http://localhost:40618 for channel [id: 0x73ec8ae4, L:/127.0.0.1:63420 - R:localhost/127.0.0.1:40618]
16:03:53.649 [Forwarding getElementTagName on session 6c7a1db234c8406ea56a60c4dcdbe780 to remote] DEBUG org.asynchttpclient.netty.request.NettyRequestSender - Using pooled Channel '[id: 0x73ec8ae4, L:/127.0.0.1:63420 - R:localhost/127.0.0.1:40618]' for 'GET' to 'http://localhost:40618/session/6c7a1db234c8406ea56a60c4dcdbe780/element/7b30bb22-6e07-451d-ad5e-5b0b8023cefd/name'
16:03:53.649 [Forwarding getElementTagName on session 6c7a1db234c8406ea56a60c4dcdbe780 to remote] DEBUG org.asynchttpclient.netty.request.NettyRequestSender - Using open Channel [id: 0x73ec8ae4, L:/127.0.0.1:63420 - R:localhost/127.0.0.1:40618] for GET '/session/6c7a1db234c8406ea56a60c4dcdbe780/element/7b30bb22-6e07-451d-ad5e-5b0b8023cefd/name'
16:03:53.653 [AsyncHttpClient-1-8] DEBUG org.asynchttpclient.netty.handler.HttpHandler - 

Request DefaultFullHttpRequest(decodeResult: success, version: HTTP/1.1, content: EmptyByteBufBE)
GET /session/6c7a1db234c8406ea56a60c4dcdbe780/element/7b30bb22-6e07-451d-ad5e-5b0b8023cefd/name HTTP/1.1
User-Agent: selenium/4.8.1 (java windows)
Cache-Control: no-cache
Content-Type: application/json; charset=utf-8
host: localhost:40618
accept: */*

Response DefaultHttpResponse(decodeResult: success, version: HTTP/1.1)
HTTP/1.1 200 OK
Content-Length: 16
Content-Type: application/json; charset=utf-8
cache-control: no-cache

16:03:53.653 [AsyncHttpClient-1-8] DEBUG org.asynchttpclient.netty.channel.ChannelManager - Adding key: http://localhost:40618 for channel [id: 0x73ec8ae4, L:/127.0.0.1:63420 - R:localhost/127.0.0.1:40618]
16:03:53.656 [Forwarding findElement on session 6c7a1db234c8406ea56a60c4dcdbe780 to remote] DEBUG org.asynchttpclient.netty.request.NettyRequestSender - Using pooled Channel '[id: 0x73ec8ae4, L:/127.0.0.1:63420 - R:localhost/127.0.0.1:40618]' for 'POST' to 'http://localhost:40618/session/6c7a1db234c8406ea56a60c4dcdbe780/element'
16:03:53.656 [Forwarding findElement on session 6c7a1db234c8406ea56a60c4dcdbe780 to remote] DEBUG org.asynchttpclient.netty.request.NettyRequestSender - Using open Channel [id: 0x73ec8ae4, L:/127.0.0.1:63420 - R:localhost/127.0.0.1:40618] for POST '/session/6c7a1db234c8406ea56a60c4dcdbe780/element'
16:03:53.664 [AsyncHttpClient-1-8] DEBUG org.asynchttpclient.netty.handler.HttpHandler - 

Request DefaultHttpRequest(decodeResult: success, version: HTTP/1.1)
POST /session/6c7a1db234c8406ea56a60c4dcdbe780/element HTTP/1.1
User-Agent: selenium/4.8.1 (java windows)
Content-Length: 65
Content-Type: application/json; charset=utf-8
host: localhost:40618
accept: */*

Response DefaultHttpResponse(decodeResult: success, version: HTTP/1.1)
HTTP/1.1 200 OK
Content-Length: 88
Content-Type: application/json; charset=utf-8
cache-control: no-cache

16:03:53.664 [AsyncHttpClient-1-8] DEBUG org.asynchttpclient.netty.channel.ChannelManager - Adding key: http://localhost:40618 for channel [id: 0x73ec8ae4, L:/127.0.0.1:63420 - R:localhost/127.0.0.1:40618]
16:03:53.665 [Forwarding clickElement on session 6c7a1db234c8406ea56a60c4dcdbe780 to remote] DEBUG org.asynchttpclient.netty.request.NettyRequestSender - Using pooled Channel '[id: 0x73ec8ae4, L:/127.0.0.1:63420 - R:localhost/127.0.0.1:40618]' for 'POST' to 'http://localhost:40618/session/6c7a1db234c8406ea56a60c4dcdbe780/element/7b30bb22-6e07-451d-ad5e-5b0b8023cefd/click'
16:03:53.665 [Forwarding clickElement on session 6c7a1db234c8406ea56a60c4dcdbe780 to remote] DEBUG org.asynchttpclient.netty.request.NettyRequestSender - Using open Channel [id: 0x73ec8ae4, L:/127.0.0.1:63420 - R:localhost/127.0.0.1:40618] for POST '/session/6c7a1db234c8406ea56a60c4dcdbe780/element/7b30bb22-6e07-451d-ad5e-5b0b8023cefd/click'
16:03:53.702 [AsyncHttpClient-1-8] DEBUG org.asynchttpclient.netty.handler.HttpHandler - 

Request DefaultHttpRequest(decodeResult: success, version: HTTP/1.1)
POST /session/6c7a1db234c8406ea56a60c4dcdbe780/element/7b30bb22-6e07-451d-ad5e-5b0b8023cefd/click HTTP/1.1
User-Agent: selenium/4.8.1 (java windows)
Content-Length: 50
Content-Type: application/json; charset=utf-8
host: localhost:40618
accept: */*

Response DefaultHttpResponse(decodeResult: success, version: HTTP/1.1)
HTTP/1.1 200 OK
Content-Length: 14
Content-Type: application/json; charset=utf-8
cache-control: no-cache

16:03:53.702 [AsyncHttpClient-1-8] DEBUG org.asynchttpclient.netty.channel.ChannelManager - Adding key: http://localhost:40618 for channel [id: 0x73ec8ae4, L:/127.0.0.1:63420 - R:localhost/127.0.0.1:40618]
16:03:53.707 [Forwarding getAlertText on session 6c7a1db234c8406ea56a60c4dcdbe780 to remote] DEBUG org.asynchttpclient.netty.request.NettyRequestSender - Using pooled Channel '[id: 0x73ec8ae4, L:/127.0.0.1:63420 - R:localhost/127.0.0.1:40618]' for 'GET' to 'http://localhost:40618/session/6c7a1db234c8406ea56a60c4dcdbe780/alert/text'
16:03:53.707 [Forwarding getAlertText on session 6c7a1db234c8406ea56a60c4dcdbe780 to remote] DEBUG org.asynchttpclient.netty.request.NettyRequestSender - Using open Channel [id: 0x73ec8ae4, L:/127.0.0.1:63420 - R:localhost/127.0.0.1:40618] for GET '/session/6c7a1db234c8406ea56a60c4dcdbe780/alert/text'
16:03:53.709 [AsyncHttpClient-1-8] DEBUG org.asynchttpclient.netty.handler.HttpHandler - 

Request DefaultFullHttpRequest(decodeResult: success, version: HTTP/1.1, content: EmptyByteBufBE)
GET /session/6c7a1db234c8406ea56a60c4dcdbe780/alert/text HTTP/1.1
User-Agent: selenium/4.8.1 (java windows)
Cache-Control: no-cache
Content-Type: application/json; charset=utf-8
host: localhost:40618
accept: */*

Response DefaultHttpResponse(decodeResult: success, version: HTTP/1.1)
HTTP/1.1 404 Not Found
Content-Length: 848
Content-Type: application/json; charset=utf-8
cache-control: no-cache

16:03:53.720 [AsyncHttpClient-1-8] DEBUG org.asynchttpclient.netty.channel.ChannelManager - Adding key: http://localhost:40618 for channel [id: 0x73ec8ae4, L:/127.0.0.1:63420 - R:localhost/127.0.0.1:40618]
16:03:53.721 [Forwarding getCurrentUrl on session 6c7a1db234c8406ea56a60c4dcdbe780 to remote] DEBUG org.asynchttpclient.netty.request.NettyRequestSender - Using pooled Channel '[id: 0x73ec8ae4, L:/127.0.0.1:63420 - R:localhost/127.0.0.1:40618]' for 'GET' to 'http://localhost:40618/session/6c7a1db234c8406ea56a60c4dcdbe780/url'
16:03:53.721 [Forwarding getCurrentUrl on session 6c7a1db234c8406ea56a60c4dcdbe780 to remote] DEBUG org.asynchttpclient.netty.request.NettyRequestSender - Using open Channel [id: 0x73ec8ae4, L:/127.0.0.1:63420 - R:localhost/127.0.0.1:40618] for GET '/session/6c7a1db234c8406ea56a60c4dcdbe780/url'
16:03:53.724 [AsyncHttpClient-1-8] DEBUG org.asynchttpclient.netty.handler.HttpHandler - 

Request DefaultFullHttpRequest(decodeResult: success, version: HTTP/1.1, content: EmptyByteBufBE)
GET /session/6c7a1db234c8406ea56a60c4dcdbe780/url HTTP/1.1
User-Agent: selenium/4.8.1 (java windows)
Cache-Control: no-cache
Content-Type: application/json; charset=utf-8
host: localhost:40618
accept: */*

Response DefaultHttpResponse(decodeResult: success, version: HTTP/1.1)
HTTP/1.1 200 OK
Content-Length: 46
Content-Type: application/json; charset=utf-8
cache-control: no-cache

16:03:53.724 [AsyncHttpClient-1-8] DEBUG org.asynchttpclient.netty.channel.ChannelManager - Adding key: http://localhost:40618 for channel [id: 0x73ec8ae4, L:/127.0.0.1:63420 - R:localhost/127.0.0.1:40618]
16:03:53.726 [Forwarding screenshot on session 6c7a1db234c8406ea56a60c4dcdbe780 to remote] DEBUG org.asynchttpclient.netty.request.NettyRequestSender - Using pooled Channel '[id: 0x73ec8ae4, L:/127.0.0.1:63420 - R:localhost/127.0.0.1:40618]' for 'GET' to 'http://localhost:40618/session/6c7a1db234c8406ea56a60c4dcdbe780/screenshot'
16:03:53.726 [Forwarding screenshot on session 6c7a1db234c8406ea56a60c4dcdbe780 to remote] DEBUG org.asynchttpclient.netty.request.NettyRequestSender - Using open Channel [id: 0x73ec8ae4, L:/127.0.0.1:63420 - R:localhost/127.0.0.1:40618] for GET '/session/6c7a1db234c8406ea56a60c4dcdbe780/screenshot'
16:03:53.821 [AsyncHttpClient-1-8] DEBUG org.asynchttpclient.netty.handler.HttpHandler - 

Request DefaultFullHttpRequest(decodeResult: success, version: HTTP/1.1, content: EmptyByteBufBE)
GET /session/6c7a1db234c8406ea56a60c4dcdbe780/screenshot HTTP/1.1
User-Agent: selenium/4.8.1 (java windows)
Cache-Control: no-cache
Content-Type: application/json; charset=utf-8
host: localhost:40618
accept: */*

Response DefaultHttpResponse(decodeResult: success, version: HTTP/1.1)
HTTP/1.1 200 OK
Content-Length: 30020
Content-Type: application/json; charset=utf-8
cache-control: no-cache

16:03:53.821 [AsyncHttpClient-1-8] DEBUG org.asynchttpclient.netty.channel.ChannelManager - Adding key: http://localhost:40618 for channel [id: 0x73ec8ae4, L:/127.0.0.1:63420 - R:localhost/127.0.0.1:40618]
16:03:53.823 [main] DEBUG net.serenitybdd.core.photography.Darkroom - Send negative for processing for target\site\serenity\320da61de800224eba10e67adfcc5fbc7803cb01b14e6cd73e3cd28831ebd165.png
16:03:53.823 [main] DEBUG net.thucydides.core.steps.StepInterceptor - STEP DONE: user click button min
16:03:53.823 [Darkroom Processing Line] DEBUG net.serenitybdd.core.photography.DarkroomProcessingLine - Processing screenshot image in /var/screenshots/screenshot-3833635345933175810
16:03:53.823 [Darkroom Processing Line] DEBUG net.serenitybdd.core.photography.DarkroomProcessingLine - Saving screenshot to target\site\serenity\320da61de800224eba10e67adfcc5fbc7803cb01b14e6cd73e3cd28831ebd165.png
  &amp#27;[32mAnd &amp#27;[0m&amp#27;[32muser click button min&amp#27;[0m                                                 &amp#27;[90m# starter.stepdefinition.CartStep.userClickButtonMin()&amp#27;[0m
16:03:53.835 [main] DEBUG net.thucydides.core.steps.StepInterceptor - STARTING STEP: CartStep.userSuccessReduceQuantityProduct - user success reduce quantity product
16:03:53.836 [Forwarding findElement on session 6c7a1db234c8406ea56a60c4dcdbe780 to remote] DEBUG org.asynchttpclient.netty.request.NettyRequestSender - Using pooled Channel '[id: 0x73ec8ae4, L:/127.0.0.1:63420 - R:localhost/127.0.0.1:40618]' for 'POST' to 'http://localhost:40618/session/6c7a1db234c8406ea56a60c4dcdbe780/element'
16:03:53.836 [Forwarding findElement on session 6c7a1db234c8406ea56a60c4dcdbe780 to remote] DEBUG org.asynchttpclient.netty.request.NettyRequestSender - Using open Channel [id: 0x73ec8ae4, L:/127.0.0.1:63420 - R:localhost/127.0.0.1:40618] for POST '/session/6c7a1db234c8406ea56a60c4dcdbe780/element'
16:03:53.842 [AsyncHttpClient-1-8] DEBUG org.asynchttpclient.netty.handler.HttpHandler - 

Request DefaultHttpRequest(decodeResult: success, version: HTTP/1.1)
POST /session/6c7a1db234c8406ea56a60c4dcdbe780/element HTTP/1.1
User-Agent: selenium/4.8.1 (java windows)
Content-Length: 75
Content-Type: application/json; charset=utf-8
host: localhost:40618
accept: */*

Response DefaultHttpResponse(decodeResult: success, version: HTTP/1.1)
HTTP/1.1 200 OK
Content-Length: 88
Content-Type: application/json; charset=utf-8
cache-control: no-cache

16:03:53.842 [AsyncHttpClient-1-8] DEBUG org.asynchttpclient.netty.channel.ChannelManager - Adding key: http://localhost:40618 for channel [id: 0x73ec8ae4, L:/127.0.0.1:63420 - R:localhost/127.0.0.1:40618]
16:03:53.847 [Forwarding isElementDisplayed on session 6c7a1db234c8406ea56a60c4dcdbe780 to remote] DEBUG org.asynchttpclient.netty.request.NettyRequestSender - Using pooled Channel '[id: 0x73ec8ae4, L:/127.0.0.1:63420 - R:localhost/127.0.0.1:40618]' for 'POST' to 'http://localhost:40618/session/6c7a1db234c8406ea56a60c4dcdbe780/execute/sync'
16:03:53.847 [Forwarding isElementDisplayed on session 6c7a1db234c8406ea56a60c4dcdbe780 to remote] DEBUG org.asynchttpclient.netty.request.NettyRequestSender - Using open Channel [id: 0x73ec8ae4, L:/127.0.0.1:63420 - R:localhost/127.0.0.1:40618] for POST '/session/6c7a1db234c8406ea56a60c4dcdbe780/execute/sync'
16:03:53.854 [AsyncHttpClient-1-8] DEBUG org.asynchttpclient.netty.handler.HttpHandler - 

Request DefaultHttpRequest(decodeResult: success, version: HTTP/1.1)
POST /session/6c7a1db234c8406ea56a60c4dcdbe780/execute/sync HTTP/1.1
User-Agent: selenium/4.8.1 (java windows)
Content-Length: 48807
Content-Type: application/json; charset=utf-8
host: localhost:40618
accept: */*

Response DefaultHttpResponse(decodeResult: success, version: HTTP/1.1)
HTTP/1.1 200 OK
Content-Length: 14
Content-Type: application/json; charset=utf-8
cache-control: no-cache

16:03:53.854 [AsyncHttpClient-1-8] DEBUG org.asynchttpclient.netty.channel.ChannelManager - Adding key: http://localhost:40618 for channel [id: 0x73ec8ae4, L:/127.0.0.1:63420 - R:localhost/127.0.0.1:40618]
16:03:53.857 [main] DEBUG net.thucydides.core.steps.StepInterceptor - STEP DONE: user success reduce quantity product
  &amp#27;[32mThen &amp#27;[0m&amp#27;[32muser success reduce quantity product&amp#27;[0m                                 &amp#27;[90m# starter.stepdefinition.CartStep.userSuccessReduceQuantityProduct()&amp#27;[0m
16:03:53.862 [main] INFO  - 
  _____   ___   ___   _____     ___     _     ___   ___   ___   ___  
 |_   _| | __| / __| |_   _|   | _ \   /_\   / __| / __| | __| |   \ 
   | |   | _|  \__ \   | |     |  _/  / _ \  \__ \ \__ \ | _|  | |) |
   |_|   |___| |___/   |_|     |_|   /_/ \_\ |___/ |___/ |___| |___/ 

As a user, I want to reduce the quantity of a product in the cart
----------------------------------------------------------------------
16:03:53.864 [AsyncHttpClient-1-2] DEBUG org.asynchttpclient.netty.handler.WebSocketHandler - Channel Closed: [id: 0x97af9f5a, L:/127.0.0.1:63428 ! R:localhost/127.0.0.1:63421] with attribute NettyResponseFuture{currentRetry=0,
	isDone=1,
	isCancelled=0,
	asyncHandler=org.asynchttpclient.ws.WebSocketUpgradeHandler@7e819881,
	nettyRequest=org.asynchttpclient.netty.request.NettyRequest@32cb755d,
	future=java.util.concurrent.CompletableFuture@55d0d304[Completed normally],
	uri=ws://localhost:63421/devtools/browser/59f29994-79df-4335-847d-d2890cebbb7e,
	keepAlive=true,
	redirectCount=0,
	timeoutsHolder=null,
	inAuth=0,
	touch=1683104626367}
16:03:53.864 [AsyncHttpClient-1-2] DEBUG org.asynchttpclient.netty.channel.ChannelManager - Closing Channel [id: 0x97af9f5a, L:/127.0.0.1:63428 ! R:localhost/127.0.0.1:63421] 
16:03:53.865 [Driver Command Executor] DEBUG org.asynchttpclient.netty.request.NettyRequestSender - Using pooled Channel '[id: 0x73ec8ae4, L:/127.0.0.1:63420 - R:localhost/127.0.0.1:40618]' for 'DELETE' to 'http://localhost:40618/session/6c7a1db234c8406ea56a60c4dcdbe780'
16:03:53.865 [Driver Command Executor] DEBUG org.asynchttpclient.netty.request.NettyRequestSender - Using open Channel [id: 0x73ec8ae4, L:/127.0.0.1:63420 - R:localhost/127.0.0.1:40618] for DELETE '/session/6c7a1db234c8406ea56a60c4dcdbe780'
16:03:53.889 [AsyncHttpClient-1-1] DEBUG org.asynchttpclient.netty.channel.DefaultChannelPool - Entry count for : http://localhost:63421 : 1
16:03:53.914 [AsyncHttpClient-1-9] DEBUG org.asynchttpclient.netty.handler.HttpHandler - Unexpected I/O exception on channel [id: 0xa16356c9, L:/127.0.0.1:63427 - R:localhost/127.0.0.1:63421]
java.io.IOException: An existing connection was forcibly closed by the remote host
	at sun.nio.ch.SocketDispatcher.read0(Native Method)
	at sun.nio.ch.SocketDispatcher.read(SocketDispatcher.java:43)
	at sun.nio.ch.IOUtil.readIntoNativeBuffer(IOUtil.java:223)
	at sun.nio.ch.IOUtil.read(IOUtil.java:192)
	at sun.nio.ch.SocketChannelImpl.read(SocketChannelImpl.java:378)
	at io.netty.buffer.PooledByteBuf.setBytes(PooledByteBuf.java:259)
	at io.netty.buffer.AbstractByteBuf.writeBytes(AbstractByteBuf.java:1132)
	at io.netty.channel.socket.nio.NioSocketChannel.doReadBytes(NioSocketChannel.java:357)
	at io.netty.channel.nio.AbstractNioByteChannel$NioByteUnsafe.read(AbstractNioByteChannel.java:151)
	at io.netty.channel.nio.NioEventLoop.processSelectedKey(NioEventLoop.java:788)
	at io.netty.channel.nio.NioEventLoop.processSelectedKeysOptimized(NioEventLoop.java:724)
	at io.netty.channel.nio.NioEventLoop.processSelectedKeys(NioEventLoop.java:650)
	at io.netty.channel.nio.NioEventLoop.run(NioEventLoop.java:562)
	at io.netty.util.concurrent.SingleThreadEventExecutor$4.run(SingleThreadEventExecutor.java:997)
	at io.netty.util.internal.ThreadExecutorMap$2.run(ThreadExecutorMap.java:74)
	at io.netty.util.concurrent.FastThreadLocalRunnable.run(FastThreadLocalRunnable.java:30)
	at java.lang.Thread.run(Thread.java:748)
16:03:53.914 [AsyncHttpClient-1-9] DEBUG org.asynchttpclient.netty.channel.ChannelManager - Closing Channel [id: 0xa16356c9, L:/127.0.0.1:63427 - R:localhost/127.0.0.1:63421] 
16:03:53.914 [AsyncHttpClient-1-9] DEBUG org.asynchttpclient.netty.handler.HttpHandler - Channel Closed: [id: 0xa16356c9, L:/127.0.0.1:63427 ! R:localhost/127.0.0.1:63421] with attribute DISCARD
16:03:53.950 [AsyncHttpClient-1-8] DEBUG org.asynchttpclient.netty.handler.HttpHandler - 

Request DefaultFullHttpRequest(decodeResult: success, version: HTTP/1.1, content: EmptyByteBufBE)
DELETE /session/6c7a1db234c8406ea56a60c4dcdbe780 HTTP/1.1
User-Agent: selenium/4.8.1 (java windows)
Content-Type: application/json; charset=utf-8
host: localhost:40618
accept: */*

Response DefaultHttpResponse(decodeResult: success, version: HTTP/1.1)
HTTP/1.1 200 OK
Content-Length: 14
Content-Type: application/json; charset=utf-8
cache-control: no-cache

16:03:53.950 [AsyncHttpClient-1-8] DEBUG org.asynchttpclient.netty.channel.ChannelManager - Adding key: http://localhost:40618 for channel [id: 0x73ec8ae4, L:/127.0.0.1:63420 - R:localhost/127.0.0.1:40618]
16:03:54.062 [AsyncHttpClient-1-8] DEBUG org.asynchttpclient.netty.handler.HttpHandler - Channel Closed: [id: 0x73ec8ae4, L:/127.0.0.1:63420 ! R:localhost/127.0.0.1:40618] with attribute DISCARD
]]></system-out>
    <system-err><![CDATA[Starting ChromeDriver 112.0.5615.49 (bd2a7bcb881c11e8cfe3078709382934e3916914-refs/branch-heads/5615@{#936}) on port 40618
Only local connections are allowed.
Please see https://chromedriver.chromium.org/security-considerations for suggestions on keeping ChromeDriver safe.
ChromeDriver was started successfully.
May 03, 2023 4:03:46 PM org.openqa.selenium.devtools.CdpVersionFinder findNearestMatch
WARNING: Unable to find an exact match for CDP version 112, so returning the closest version found: 110
]]></system-err>
  </testcase>
  <testcase name="As a user, I want to delete product in the cart" classname="Cart - As a user I want to pay for the product So that I have to check the cart to pay" time="9.586">
    <system-out><![CDATA[
@TC_Cart_004
Scenario: As a user, I want to delete product in the cart &amp#27;[90m# src/test/resources/features/Cart.feature:28&amp#27;[0m
16:03:54.590 [main] DEBUG io.cucumber.core.plugin.SerenityReporter - Running feature from file:///C:/Users/user/Downloads/QE_Devi-Agustin-Utari/Mini%20Project/Source_Mini_Project/Web_Automation_AltaShop/src/test/resources/features/Cart.feature
16:03:54.594 [main] INFO  - 
  _____   ___   ___   _____     ___   _____     _     ___   _____   ___   ___  
 |_   _| | __| / __| |_   _|   / __| |_   _|   /_\   | _ \ |_   _| | __| |   \ 
   | |   | _|  \__ \   | |     \__ \   | |    / _ \  |   /   | |   | _|  | |) |
   |_|   |___| |___/   |_|     |___/   |_|   /_/ \_\ |_|_\   |_|   |___| |___/ 

As a user, I want to delete product in the cart(cart---as-a-user-i-want-to-pay-for-the-product-so-that-i-have-to-check-the-cart-to-pay;as-a-user--i-want-to-delete-product-in-the-cart)
--------------------------------------------------------------------------------
16:03:54.616 [main] DEBUG net.thucydides.core.steps.StepInterceptor - STARTING STEP: LoginStep.userSuccessLogin - user on login page
16:03:54.679 [main] INFO net.serenitybdd.core.webdriver.driverproviders.ChromeDriverProvider - Starting Chrome driver instance with capabilities:
16:03:54.680 [main] INFO net.serenitybdd.core.webdriver.driverproviders.ChromeDriverProvider - Capabilities {acceptInsecureCerts: true, browserName: chrome, goog:chromeOptions: {args: [remote-allow-origins=*, test-type, no-sandbox, ignore-certificate-errors, start-maximized, incognito, disable-infobars, disable-gpu, disable-default-apps, disable-popup-blocking, remote-allow-origins=*, test-type, no-sandbox, ignore-certificate-errors, start-maximized, incognito, disable-infobars, disable-gpu, disable-default-apps, disable-popup-blocking, remote-allow-origins=*], extensions: []}}
16:03:54.754 [AsyncHttpClient-1-3] DEBUG org.asynchttpclient.netty.channel.NettyConnectListener - Using new Channel '[id: 0x416453ca, L:/127.0.0.1:63446 - R:localhost/127.0.0.1:2595]' for 'POST' to '/session'
16:03:54.994 [AsyncHttpClient-1-1] DEBUG org.asynchttpclient.netty.channel.DefaultChannelPool - Entry count for : http://localhost:63421 : 1
16:03:54.994 [AsyncHttpClient-1-1] DEBUG org.asynchttpclient.netty.channel.DefaultChannelPool - Entry count for : http://localhost:40618 : 1
16:03:54.994 [AsyncHttpClient-1-1] DEBUG org.asynchttpclient.netty.channel.DefaultChannelPool - Adding Candidate expired Channel [id: 0xa16356c9, L:/127.0.0.1:63427 ! R:localhost/127.0.0.1:63421] isIdleTimeoutExpired=false isRemotelyClosed=true isTtlExpired=false
16:03:54.994 [AsyncHttpClient-1-1] DEBUG org.asynchttpclient.netty.channel.DefaultChannelPool - Closing Idle Channel [id: 0xa16356c9, L:/127.0.0.1:63427 ! R:localhost/127.0.0.1:63421]
16:03:54.994 [AsyncHttpClient-1-1] DEBUG org.asynchttpclient.netty.channel.DefaultChannelPool - Adding Candidate expired Channel [id: 0x73ec8ae4, L:/127.0.0.1:63420 ! R:localhost/127.0.0.1:40618] isIdleTimeoutExpired=false isRemotelyClosed=true isTtlExpired=false
16:03:54.994 [AsyncHttpClient-1-1] DEBUG org.asynchttpclient.netty.channel.DefaultChannelPool - Closing Idle Channel [id: 0x73ec8ae4, L:/127.0.0.1:63420 ! R:localhost/127.0.0.1:40618]
16:03:54.994 [AsyncHttpClient-1-1] DEBUG org.asynchttpclient.netty.channel.DefaultChannelPool - Closed 2 connections out of 2 in 0 ms
16:03:55.997 [AsyncHttpClient-1-3] DEBUG org.asynchttpclient.netty.handler.HttpHandler - 

Request DefaultHttpRequest(decodeResult: success, version: HTTP/1.1)
POST /session HTTP/1.1
User-Agent: selenium/4.8.1 (java windows)
Content-Length: 1701
Content-Type: application/json; charset=utf-8
host: localhost:2595
accept: */*

Response DefaultHttpResponse(decodeResult: success, version: HTTP/1.1)
HTTP/1.1 200 OK
Content-Length: 843
Content-Type: application/json; charset=utf-8
cache-control: no-cache

16:03:55.997 [AsyncHttpClient-1-3] DEBUG org.asynchttpclient.netty.channel.ChannelManager - Adding key: http://localhost:2595 for channel [id: 0x416453ca, L:/127.0.0.1:63446 - R:localhost/127.0.0.1:2595]
16:03:56.003 [AsyncHttpClient-1-4] DEBUG org.asynchttpclient.netty.channel.NettyConnectListener - Using new Channel '[id: 0x6519b910, L:/127.0.0.1:63453 - R:localhost/127.0.0.1:63448]' for 'GET' to '/json/version'
16:03:56.005 [AsyncHttpClient-1-4] DEBUG org.asynchttpclient.netty.handler.HttpHandler - 

Request DefaultFullHttpRequest(decodeResult: success, version: HTTP/1.1, content: EmptyByteBufBE)
GET /json/version HTTP/1.1
User-Agent: selenium/4.8.1 (java windows)
host: localhost:63448
accept: */*

Response DefaultHttpResponse(decodeResult: success, version: HTTP/1.1)
HTTP/1.1 200 OK
Content-Security-Policy: frame-ancestors 'none'
Content-Length: 424
Content-Type: application/json; charset=UTF-8

16:03:56.005 [AsyncHttpClient-1-4] DEBUG org.asynchttpclient.netty.channel.ChannelManager - Adding key: http://localhost:63448 for channel [id: 0x6519b910, L:/127.0.0.1:63453 - R:localhost/127.0.0.1:63448]
16:03:56.011 [AsyncHttpClient-1-5] DEBUG org.asynchttpclient.netty.channel.NettyConnectListener - Using new Channel '[id: 0x390efb60, L:/127.0.0.1:63454 - R:localhost/127.0.0.1:63448]' for 'GET' to '/devtools/browser/107de1e7-b552-40cf-9473-e4d48d047f6f'
16:03:56.012 [AsyncHttpClient-1-5] DEBUG org.asynchttpclient.netty.handler.WebSocketHandler - 

Request DefaultFullHttpRequest(decodeResult: success, version: HTTP/1.1, content: EmptyByteBufBE)
GET /devtools/browser/107de1e7-b552-40cf-9473-e4d48d047f6f HTTP/1.1
upgrade: websocket
connection: upgrade
sec-websocket-key: 997dx1VZ060Pj2Tffsnffg==
sec-websocket-version: 13
origin: http://localhost:63448
host: localhost:63448
accept: */*
user-agent: AHC/2.1

Response DefaultHttpResponse(decodeResult: success, version: HTTP/1.1)
HTTP/1.1 101 WebSocket Protocol Handshake
Upgrade: WebSocket
Connection: Upgrade
Sec-WebSocket-Accept: 6s+ejr2pFS8pA4ZzvX/MIw6lEs8=

16:03:56.017 [Forwarding get on session 35ac021839294748f546ecef5cfaed21 to remote] DEBUG org.asynchttpclient.netty.request.NettyRequestSender - Using pooled Channel '[id: 0x416453ca, L:/127.0.0.1:63446 - R:localhost/127.0.0.1:2595]' for 'POST' to 'http://localhost:2595/session/35ac021839294748f546ecef5cfaed21/url'
16:03:56.017 [Forwarding get on session 35ac021839294748f546ecef5cfaed21 to remote] DEBUG org.asynchttpclient.netty.request.NettyRequestSender - Using open Channel [id: 0x416453ca, L:/127.0.0.1:63446 - R:localhost/127.0.0.1:2595] for POST '/session/35ac021839294748f546ecef5cfaed21/url'
16:03:56.081 [AsyncHttpClient-1-1] DEBUG org.asynchttpclient.netty.channel.DefaultChannelPool - Entry count for : http://localhost:63448 : 1
16:03:57.182 [AsyncHttpClient-1-1] DEBUG org.asynchttpclient.netty.channel.DefaultChannelPool - Entry count for : http://localhost:63448 : 1
16:03:57.432 [AsyncHttpClient-1-3] DEBUG org.asynchttpclient.netty.handler.HttpHandler - 

Request DefaultHttpRequest(decodeResult: success, version: HTTP/1.1)
POST /session/35ac021839294748f546ecef5cfaed21/url HTTP/1.1
User-Agent: selenium/4.8.1 (java windows)
Content-Length: 74
Content-Type: application/json; charset=utf-8
host: localhost:2595
accept: */*

Response DefaultHttpResponse(decodeResult: success, version: HTTP/1.1)
HTTP/1.1 200 OK
Content-Length: 14
Content-Type: application/json; charset=utf-8
cache-control: no-cache

16:03:57.432 [AsyncHttpClient-1-3] DEBUG org.asynchttpclient.netty.channel.ChannelManager - Adding key: http://localhost:2595 for channel [id: 0x416453ca, L:/127.0.0.1:63446 - R:localhost/127.0.0.1:2595]
16:03:57.435 [Forwarding setTimeout on session 35ac021839294748f546ecef5cfaed21 to remote] DEBUG org.asynchttpclient.netty.request.NettyRequestSender - Using pooled Channel '[id: 0x416453ca, L:/127.0.0.1:63446 - R:localhost/127.0.0.1:2595]' for 'POST' to 'http://localhost:2595/session/35ac021839294748f546ecef5cfaed21/timeouts'
16:03:57.435 [Forwarding setTimeout on session 35ac021839294748f546ecef5cfaed21 to remote] DEBUG org.asynchttpclient.netty.request.NettyRequestSender - Using open Channel [id: 0x416453ca, L:/127.0.0.1:63446 - R:localhost/127.0.0.1:2595] for POST '/session/35ac021839294748f546ecef5cfaed21/timeouts'
16:03:57.436 [AsyncHttpClient-1-3] DEBUG org.asynchttpclient.netty.handler.HttpHandler - 

Request DefaultHttpRequest(decodeResult: success, version: HTTP/1.1)
POST /session/35ac021839294748f546ecef5cfaed21/timeouts HTTP/1.1
User-Agent: selenium/4.8.1 (java windows)
Content-Length: 22
Content-Type: application/json; charset=utf-8
host: localhost:2595
accept: */*

Response DefaultHttpResponse(decodeResult: success, version: HTTP/1.1)
HTTP/1.1 200 OK
Content-Length: 14
Content-Type: application/json; charset=utf-8
cache-control: no-cache

16:03:57.437 [AsyncHttpClient-1-3] DEBUG org.asynchttpclient.netty.channel.ChannelManager - Adding key: http://localhost:2595 for channel [id: 0x416453ca, L:/127.0.0.1:63446 - R:localhost/127.0.0.1:2595]
16:03:57.447 [Forwarding findElement on session 35ac021839294748f546ecef5cfaed21 to remote] DEBUG org.asynchttpclient.netty.request.NettyRequestSender - Using pooled Channel '[id: 0x416453ca, L:/127.0.0.1:63446 - R:localhost/127.0.0.1:2595]' for 'POST' to 'http://localhost:2595/session/35ac021839294748f546ecef5cfaed21/element'
16:03:57.447 [Forwarding findElement on session 35ac021839294748f546ecef5cfaed21 to remote] DEBUG org.asynchttpclient.netty.request.NettyRequestSender - Using open Channel [id: 0x416453ca, L:/127.0.0.1:63446 - R:localhost/127.0.0.1:2595] for POST '/session/35ac021839294748f546ecef5cfaed21/element'
16:03:57.457 [AsyncHttpClient-1-3] DEBUG org.asynchttpclient.netty.handler.HttpHandler - 

Request DefaultHttpRequest(decodeResult: success, version: HTTP/1.1)
POST /session/35ac021839294748f546ecef5cfaed21/element HTTP/1.1
User-Agent: selenium/4.8.1 (java windows)
Content-Length: 69
Content-Type: application/json; charset=utf-8
host: localhost:2595
accept: */*

Response DefaultHttpResponse(decodeResult: success, version: HTTP/1.1)
HTTP/1.1 200 OK
Content-Length: 88
Content-Type: application/json; charset=utf-8
cache-control: no-cache

16:03:57.458 [AsyncHttpClient-1-3] DEBUG org.asynchttpclient.netty.channel.ChannelManager - Adding key: http://localhost:2595 for channel [id: 0x416453ca, L:/127.0.0.1:63446 - R:localhost/127.0.0.1:2595]
16:03:57.462 [Forwarding isElementDisplayed on session 35ac021839294748f546ecef5cfaed21 to remote] DEBUG org.asynchttpclient.netty.request.NettyRequestSender - Using pooled Channel '[id: 0x416453ca, L:/127.0.0.1:63446 - R:localhost/127.0.0.1:2595]' for 'POST' to 'http://localhost:2595/session/35ac021839294748f546ecef5cfaed21/execute/sync'
16:03:57.462 [Forwarding isElementDisplayed on session 35ac021839294748f546ecef5cfaed21 to remote] DEBUG org.asynchttpclient.netty.request.NettyRequestSender - Using open Channel [id: 0x416453ca, L:/127.0.0.1:63446 - R:localhost/127.0.0.1:2595] for POST '/session/35ac021839294748f546ecef5cfaed21/execute/sync'
16:03:57.475 [AsyncHttpClient-1-3] DEBUG org.asynchttpclient.netty.handler.HttpHandler - 

Request DefaultHttpRequest(decodeResult: success, version: HTTP/1.1)
POST /session/35ac021839294748f546ecef5cfaed21/execute/sync HTTP/1.1
User-Agent: selenium/4.8.1 (java windows)
Content-Length: 48807
Content-Type: application/json; charset=utf-8
host: localhost:2595
accept: */*

Response DefaultHttpResponse(decodeResult: success, version: HTTP/1.1)
HTTP/1.1 200 OK
Content-Length: 14
Content-Type: application/json; charset=utf-8
cache-control: no-cache

16:03:57.475 [AsyncHttpClient-1-3] DEBUG org.asynchttpclient.netty.channel.ChannelManager - Adding key: http://localhost:2595 for channel [id: 0x416453ca, L:/127.0.0.1:63446 - R:localhost/127.0.0.1:2595]
16:03:57.479 [Forwarding getAlertText on session 35ac021839294748f546ecef5cfaed21 to remote] DEBUG org.asynchttpclient.netty.request.NettyRequestSender - Using pooled Channel '[id: 0x416453ca, L:/127.0.0.1:63446 - R:localhost/127.0.0.1:2595]' for 'GET' to 'http://localhost:2595/session/35ac021839294748f546ecef5cfaed21/alert/text'
16:03:57.480 [Forwarding getAlertText on session 35ac021839294748f546ecef5cfaed21 to remote] DEBUG org.asynchttpclient.netty.request.NettyRequestSender - Using open Channel [id: 0x416453ca, L:/127.0.0.1:63446 - R:localhost/127.0.0.1:2595] for GET '/session/35ac021839294748f546ecef5cfaed21/alert/text'
16:03:57.482 [AsyncHttpClient-1-3] DEBUG org.asynchttpclient.netty.handler.HttpHandler - 

Request DefaultFullHttpRequest(decodeResult: success, version: HTTP/1.1, content: EmptyByteBufBE)
GET /session/35ac021839294748f546ecef5cfaed21/alert/text HTTP/1.1
User-Agent: selenium/4.8.1 (java windows)
Cache-Control: no-cache
Content-Type: application/json; charset=utf-8
host: localhost:2595
accept: */*

Response DefaultHttpResponse(decodeResult: success, version: HTTP/1.1)
HTTP/1.1 404 Not Found
Content-Length: 848
Content-Type: application/json; charset=utf-8
cache-control: no-cache

16:03:57.482 [AsyncHttpClient-1-3] DEBUG org.asynchttpclient.netty.channel.ChannelManager - Adding key: http://localhost:2595 for channel [id: 0x416453ca, L:/127.0.0.1:63446 - R:localhost/127.0.0.1:2595]
16:03:57.483 [Forwarding getCurrentUrl on session 35ac021839294748f546ecef5cfaed21 to remote] DEBUG org.asynchttpclient.netty.request.NettyRequestSender - Using pooled Channel '[id: 0x416453ca, L:/127.0.0.1:63446 - R:localhost/127.0.0.1:2595]' for 'GET' to 'http://localhost:2595/session/35ac021839294748f546ecef5cfaed21/url'
16:03:57.483 [Forwarding getCurrentUrl on session 35ac021839294748f546ecef5cfaed21 to remote] DEBUG org.asynchttpclient.netty.request.NettyRequestSender - Using open Channel [id: 0x416453ca, L:/127.0.0.1:63446 - R:localhost/127.0.0.1:2595] for GET '/session/35ac021839294748f546ecef5cfaed21/url'
16:03:57.488 [AsyncHttpClient-1-3] DEBUG org.asynchttpclient.netty.handler.HttpHandler - 

Request DefaultFullHttpRequest(decodeResult: success, version: HTTP/1.1, content: EmptyByteBufBE)
GET /session/35ac021839294748f546ecef5cfaed21/url HTTP/1.1
User-Agent: selenium/4.8.1 (java windows)
Cache-Control: no-cache
Content-Type: application/json; charset=utf-8
host: localhost:2595
accept: */*

Response DefaultHttpResponse(decodeResult: success, version: HTTP/1.1)
HTTP/1.1 200 OK
Content-Length: 51
Content-Type: application/json; charset=utf-8
cache-control: no-cache

16:03:57.488 [AsyncHttpClient-1-3] DEBUG org.asynchttpclient.netty.channel.ChannelManager - Adding key: http://localhost:2595 for channel [id: 0x416453ca, L:/127.0.0.1:63446 - R:localhost/127.0.0.1:2595]
16:03:57.489 [Forwarding screenshot on session 35ac021839294748f546ecef5cfaed21 to remote] DEBUG org.asynchttpclient.netty.request.NettyRequestSender - Using pooled Channel '[id: 0x416453ca, L:/127.0.0.1:63446 - R:localhost/127.0.0.1:2595]' for 'GET' to 'http://localhost:2595/session/35ac021839294748f546ecef5cfaed21/screenshot'
16:03:57.489 [Forwarding screenshot on session 35ac021839294748f546ecef5cfaed21 to remote] DEBUG org.asynchttpclient.netty.request.NettyRequestSender - Using open Channel [id: 0x416453ca, L:/127.0.0.1:63446 - R:localhost/127.0.0.1:2595] for GET '/session/35ac021839294748f546ecef5cfaed21/screenshot'
16:03:57.562 [AsyncHttpClient-1-3] DEBUG org.asynchttpclient.netty.handler.HttpHandler - 

Request DefaultFullHttpRequest(decodeResult: success, version: HTTP/1.1, content: EmptyByteBufBE)
GET /session/35ac021839294748f546ecef5cfaed21/screenshot HTTP/1.1
User-Agent: selenium/4.8.1 (java windows)
Cache-Control: no-cache
Content-Type: application/json; charset=utf-8
host: localhost:2595
accept: */*

Response DefaultHttpResponse(decodeResult: success, version: HTTP/1.1)
HTTP/1.1 200 OK
Content-Length: 25060
Content-Type: application/json; charset=utf-8
cache-control: no-cache

16:03:57.562 [AsyncHttpClient-1-3] DEBUG org.asynchttpclient.netty.channel.ChannelManager - Adding key: http://localhost:2595 for channel [id: 0x416453ca, L:/127.0.0.1:63446 - R:localhost/127.0.0.1:2595]
16:03:57.564 [main] DEBUG net.serenitybdd.core.photography.Darkroom - Send negative for processing for target\site\serenity\1db263dd5c04c8fe15e82ee6420144d4e1e7b9826b9315cfd7ec5b5d0da76045.png
16:03:57.564 [main] DEBUG net.thucydides.core.steps.StepInterceptor - STEP DONE: user on login page
16:03:57.567 [main] DEBUG net.thucydides.core.steps.StepInterceptor - STARTING STEP: LoginStep.userSuccessLogin - user input valid email
16:03:57.568 [Forwarding findElement on session 35ac021839294748f546ecef5cfaed21 to remote] DEBUG org.asynchttpclient.netty.request.NettyRequestSender - Using pooled Channel '[id: 0x416453ca, L:/127.0.0.1:63446 - R:localhost/127.0.0.1:2595]' for 'POST' to 'http://localhost:2595/session/35ac021839294748f546ecef5cfaed21/element'
16:03:57.568 [Forwarding findElement on session 35ac021839294748f546ecef5cfaed21 to remote] DEBUG org.asynchttpclient.netty.request.NettyRequestSender - Using open Channel [id: 0x416453ca, L:/127.0.0.1:63446 - R:localhost/127.0.0.1:2595] for POST '/session/35ac021839294748f546ecef5cfaed21/element'
16:03:57.578 [AsyncHttpClient-1-3] DEBUG org.asynchttpclient.netty.handler.HttpHandler - 

Request DefaultHttpRequest(decodeResult: success, version: HTTP/1.1)
POST /session/35ac021839294748f546ecef5cfaed21/element HTTP/1.1
User-Agent: selenium/4.8.1 (java windows)
Content-Length: 55
Content-Type: application/json; charset=utf-8
host: localhost:2595
accept: */*

Response DefaultHttpResponse(decodeResult: success, version: HTTP/1.1)
HTTP/1.1 200 OK
Content-Length: 88
Content-Type: application/json; charset=utf-8
cache-control: no-cache

16:03:57.578 [AsyncHttpClient-1-3] DEBUG org.asynchttpclient.netty.channel.ChannelManager - Adding key: http://localhost:2595 for channel [id: 0x416453ca, L:/127.0.0.1:63446 - R:localhost/127.0.0.1:2595]
16:03:57.579 [Forwarding clearElement on session 35ac021839294748f546ecef5cfaed21 to remote] DEBUG org.asynchttpclient.netty.request.NettyRequestSender - Using pooled Channel '[id: 0x416453ca, L:/127.0.0.1:63446 - R:localhost/127.0.0.1:2595]' for 'POST' to 'http://localhost:2595/session/35ac021839294748f546ecef5cfaed21/element/307b3efc-6c32-4c01-8979-a9ea3019bddc/clear'
16:03:57.579 [Forwarding clearElement on session 35ac021839294748f546ecef5cfaed21 to remote] DEBUG org.asynchttpclient.netty.request.NettyRequestSender - Using open Channel [id: 0x416453ca, L:/127.0.0.1:63446 - R:localhost/127.0.0.1:2595] for POST '/session/35ac021839294748f546ecef5cfaed21/element/307b3efc-6c32-4c01-8979-a9ea3019bddc/clear'
16:03:57.609 [AsyncHttpClient-1-3] DEBUG org.asynchttpclient.netty.handler.HttpHandler - 

Request DefaultHttpRequest(decodeResult: success, version: HTTP/1.1)
POST /session/35ac021839294748f546ecef5cfaed21/element/307b3efc-6c32-4c01-8979-a9ea3019bddc/clear HTTP/1.1
User-Agent: selenium/4.8.1 (java windows)
Content-Length: 50
Content-Type: application/json; charset=utf-8
host: localhost:2595
accept: */*

Response DefaultHttpResponse(decodeResult: success, version: HTTP/1.1)
HTTP/1.1 200 OK
Content-Length: 14
Content-Type: application/json; charset=utf-8
cache-control: no-cache

16:03:57.609 [AsyncHttpClient-1-3] DEBUG org.asynchttpclient.netty.channel.ChannelManager - Adding key: http://localhost:2595 for channel [id: 0x416453ca, L:/127.0.0.1:63446 - R:localhost/127.0.0.1:2595]
16:03:57.610 [Forwarding sendKeysToElement on session 35ac021839294748f546ecef5cfaed21 to remote] DEBUG org.asynchttpclient.netty.request.NettyRequestSender - Using pooled Channel '[id: 0x416453ca, L:/127.0.0.1:63446 - R:localhost/127.0.0.1:2595]' for 'POST' to 'http://localhost:2595/session/35ac021839294748f546ecef5cfaed21/element/307b3efc-6c32-4c01-8979-a9ea3019bddc/value'
16:03:57.611 [Forwarding sendKeysToElement on session 35ac021839294748f546ecef5cfaed21 to remote] DEBUG org.asynchttpclient.netty.request.NettyRequestSender - Using open Channel [id: 0x416453ca, L:/127.0.0.1:63446 - R:localhost/127.0.0.1:2595] for POST '/session/35ac021839294748f546ecef5cfaed21/element/307b3efc-6c32-4c01-8979-a9ea3019bddc/value'
16:03:57.732 [AsyncHttpClient-1-3] DEBUG org.asynchttpclient.netty.handler.HttpHandler - 

Request DefaultHttpRequest(decodeResult: success, version: HTTP/1.1)
POST /session/35ac021839294748f546ecef5cfaed21/element/307b3efc-6c32-4c01-8979-a9ea3019bddc/value HTTP/1.1
User-Agent: selenium/4.8.1 (java windows)
Content-Length: 231
Content-Type: application/json; charset=utf-8
host: localhost:2595
accept: */*

Response DefaultHttpResponse(decodeResult: success, version: HTTP/1.1)
HTTP/1.1 200 OK
Content-Length: 14
Content-Type: application/json; charset=utf-8
cache-control: no-cache

16:03:57.732 [AsyncHttpClient-1-3] DEBUG org.asynchttpclient.netty.channel.ChannelManager - Adding key: http://localhost:2595 for channel [id: 0x416453ca, L:/127.0.0.1:63446 - R:localhost/127.0.0.1:2595]
16:03:57.737 [Forwarding getAlertText on session 35ac021839294748f546ecef5cfaed21 to remote] DEBUG org.asynchttpclient.netty.request.NettyRequestSender - Using pooled Channel '[id: 0x416453ca, L:/127.0.0.1:63446 - R:localhost/127.0.0.1:2595]' for 'GET' to 'http://localhost:2595/session/35ac021839294748f546ecef5cfaed21/alert/text'
16:03:57.737 [Forwarding getAlertText on session 35ac021839294748f546ecef5cfaed21 to remote] DEBUG org.asynchttpclient.netty.request.NettyRequestSender - Using open Channel [id: 0x416453ca, L:/127.0.0.1:63446 - R:localhost/127.0.0.1:2595] for GET '/session/35ac021839294748f546ecef5cfaed21/alert/text'
16:03:57.738 [AsyncHttpClient-1-3] DEBUG org.asynchttpclient.netty.handler.HttpHandler - 

Request DefaultFullHttpRequest(decodeResult: success, version: HTTP/1.1, content: EmptyByteBufBE)
GET /session/35ac021839294748f546ecef5cfaed21/alert/text HTTP/1.1
User-Agent: selenium/4.8.1 (java windows)
Cache-Control: no-cache
Content-Type: application/json; charset=utf-8
host: localhost:2595
accept: */*

Response DefaultHttpResponse(decodeResult: success, version: HTTP/1.1)
HTTP/1.1 404 Not Found
Content-Length: 848
Content-Type: application/json; charset=utf-8
cache-control: no-cache

16:03:57.738 [AsyncHttpClient-1-3] DEBUG org.asynchttpclient.netty.channel.ChannelManager - Adding key: http://localhost:2595 for channel [id: 0x416453ca, L:/127.0.0.1:63446 - R:localhost/127.0.0.1:2595]
16:03:57.739 [Forwarding getCurrentUrl on session 35ac021839294748f546ecef5cfaed21 to remote] DEBUG org.asynchttpclient.netty.request.NettyRequestSender - Using pooled Channel '[id: 0x416453ca, L:/127.0.0.1:63446 - R:localhost/127.0.0.1:2595]' for 'GET' to 'http://localhost:2595/session/35ac021839294748f546ecef5cfaed21/url'
16:03:57.739 [Forwarding getCurrentUrl on session 35ac021839294748f546ecef5cfaed21 to remote] DEBUG org.asynchttpclient.netty.request.NettyRequestSender - Using open Channel [id: 0x416453ca, L:/127.0.0.1:63446 - R:localhost/127.0.0.1:2595] for GET '/session/35ac021839294748f546ecef5cfaed21/url'
16:03:57.743 [AsyncHttpClient-1-3] DEBUG org.asynchttpclient.netty.handler.HttpHandler - 

Request DefaultFullHttpRequest(decodeResult: success, version: HTTP/1.1, content: EmptyByteBufBE)
GET /session/35ac021839294748f546ecef5cfaed21/url HTTP/1.1
User-Agent: selenium/4.8.1 (java windows)
Cache-Control: no-cache
Content-Type: application/json; charset=utf-8
host: localhost:2595
accept: */*

Response DefaultHttpResponse(decodeResult: success, version: HTTP/1.1)
HTTP/1.1 200 OK
Content-Length: 51
Content-Type: application/json; charset=utf-8
cache-control: no-cache

16:03:57.743 [AsyncHttpClient-1-3] DEBUG org.asynchttpclient.netty.channel.ChannelManager - Adding key: http://localhost:2595 for channel [id: 0x416453ca, L:/127.0.0.1:63446 - R:localhost/127.0.0.1:2595]
16:03:57.744 [Forwarding screenshot on session 35ac021839294748f546ecef5cfaed21 to remote] DEBUG org.asynchttpclient.netty.request.NettyRequestSender - Using pooled Channel '[id: 0x416453ca, L:/127.0.0.1:63446 - R:localhost/127.0.0.1:2595]' for 'GET' to 'http://localhost:2595/session/35ac021839294748f546ecef5cfaed21/screenshot'
16:03:57.744 [Forwarding screenshot on session 35ac021839294748f546ecef5cfaed21 to remote] DEBUG org.asynchttpclient.netty.request.NettyRequestSender - Using open Channel [id: 0x416453ca, L:/127.0.0.1:63446 - R:localhost/127.0.0.1:2595] for GET '/session/35ac021839294748f546ecef5cfaed21/screenshot'
16:03:57.839 [AsyncHttpClient-1-3] DEBUG org.asynchttpclient.netty.handler.HttpHandler - 

Request DefaultFullHttpRequest(decodeResult: success, version: HTTP/1.1, content: EmptyByteBufBE)
GET /session/35ac021839294748f546ecef5cfaed21/screenshot HTTP/1.1
User-Agent: selenium/4.8.1 (java windows)
Cache-Control: no-cache
Content-Type: application/json; charset=utf-8
host: localhost:2595
accept: */*

Response DefaultHttpResponse(decodeResult: success, version: HTTP/1.1)
HTTP/1.1 200 OK
Content-Length: 29268
Content-Type: application/json; charset=utf-8
cache-control: no-cache

16:03:57.839 [AsyncHttpClient-1-3] DEBUG org.asynchttpclient.netty.channel.ChannelManager - Adding key: http://localhost:2595 for channel [id: 0x416453ca, L:/127.0.0.1:63446 - R:localhost/127.0.0.1:2595]
16:03:57.841 [main] DEBUG net.serenitybdd.core.photography.Darkroom - Send negative for processing for target\site\serenity\27209051bdd4b6df9c79c3d4359ea3285bf5214fd8d4c2f9758101fa2abda81b.png
16:03:57.842 [main] DEBUG net.thucydides.core.steps.StepInterceptor - STEP DONE: user input valid email
16:03:57.842 [Darkroom Processing Line] DEBUG net.serenitybdd.core.photography.DarkroomProcessingLine - Processing screenshot image in /var/screenshots/screenshot-6226392688659105021
16:03:57.842 [Darkroom Processing Line] DEBUG net.serenitybdd.core.photography.DarkroomProcessingLine - Saving screenshot to target\site\serenity\27209051bdd4b6df9c79c3d4359ea3285bf5214fd8d4c2f9758101fa2abda81b.png
16:03:57.846 [main] DEBUG net.thucydides.core.steps.StepInterceptor - STARTING STEP: LoginStep.userSuccessLogin - user input valid password
16:03:57.848 [Forwarding findElement on session 35ac021839294748f546ecef5cfaed21 to remote] DEBUG org.asynchttpclient.netty.request.NettyRequestSender - Using pooled Channel '[id: 0x416453ca, L:/127.0.0.1:63446 - R:localhost/127.0.0.1:2595]' for 'POST' to 'http://localhost:2595/session/35ac021839294748f546ecef5cfaed21/element'
16:03:57.848 [Forwarding findElement on session 35ac021839294748f546ecef5cfaed21 to remote] DEBUG org.asynchttpclient.netty.request.NettyRequestSender - Using open Channel [id: 0x416453ca, L:/127.0.0.1:63446 - R:localhost/127.0.0.1:2595] for POST '/session/35ac021839294748f546ecef5cfaed21/element'
16:03:57.857 [AsyncHttpClient-1-3] DEBUG org.asynchttpclient.netty.handler.HttpHandler - 

Request DefaultHttpRequest(decodeResult: success, version: HTTP/1.1)
POST /session/35ac021839294748f546ecef5cfaed21/element HTTP/1.1
User-Agent: selenium/4.8.1 (java windows)
Content-Length: 55
Content-Type: application/json; charset=utf-8
host: localhost:2595
accept: */*

Response DefaultHttpResponse(decodeResult: success, version: HTTP/1.1)
HTTP/1.1 200 OK
Content-Length: 88
Content-Type: application/json; charset=utf-8
cache-control: no-cache

16:03:57.857 [AsyncHttpClient-1-3] DEBUG org.asynchttpclient.netty.channel.ChannelManager - Adding key: http://localhost:2595 for channel [id: 0x416453ca, L:/127.0.0.1:63446 - R:localhost/127.0.0.1:2595]
16:03:57.858 [Forwarding clearElement on session 35ac021839294748f546ecef5cfaed21 to remote] DEBUG org.asynchttpclient.netty.request.NettyRequestSender - Using pooled Channel '[id: 0x416453ca, L:/127.0.0.1:63446 - R:localhost/127.0.0.1:2595]' for 'POST' to 'http://localhost:2595/session/35ac021839294748f546ecef5cfaed21/element/cab2b4c7-a45e-4e22-9ae2-de6ee619a453/clear'
16:03:57.858 [Forwarding clearElement on session 35ac021839294748f546ecef5cfaed21 to remote] DEBUG org.asynchttpclient.netty.request.NettyRequestSender - Using open Channel [id: 0x416453ca, L:/127.0.0.1:63446 - R:localhost/127.0.0.1:2595] for POST '/session/35ac021839294748f546ecef5cfaed21/element/cab2b4c7-a45e-4e22-9ae2-de6ee619a453/clear'
16:03:57.889 [AsyncHttpClient-1-3] DEBUG org.asynchttpclient.netty.handler.HttpHandler - 

Request DefaultHttpRequest(decodeResult: success, version: HTTP/1.1)
POST /session/35ac021839294748f546ecef5cfaed21/element/cab2b4c7-a45e-4e22-9ae2-de6ee619a453/clear HTTP/1.1
User-Agent: selenium/4.8.1 (java windows)
Content-Length: 50
Content-Type: application/json; charset=utf-8
host: localhost:2595
accept: */*

Response DefaultHttpResponse(decodeResult: success, version: HTTP/1.1)
HTTP/1.1 200 OK
Content-Length: 14
Content-Type: application/json; charset=utf-8
cache-control: no-cache

16:03:57.889 [AsyncHttpClient-1-3] DEBUG org.asynchttpclient.netty.channel.ChannelManager - Adding key: http://localhost:2595 for channel [id: 0x416453ca, L:/127.0.0.1:63446 - R:localhost/127.0.0.1:2595]
16:03:57.892 [Forwarding sendKeysToElement on session 35ac021839294748f546ecef5cfaed21 to remote] DEBUG org.asynchttpclient.netty.request.NettyRequestSender - Using pooled Channel '[id: 0x416453ca, L:/127.0.0.1:63446 - R:localhost/127.0.0.1:2595]' for 'POST' to 'http://localhost:2595/session/35ac021839294748f546ecef5cfaed21/element/cab2b4c7-a45e-4e22-9ae2-de6ee619a453/value'
16:03:57.892 [Forwarding sendKeysToElement on session 35ac021839294748f546ecef5cfaed21 to remote] DEBUG org.asynchttpclient.netty.request.NettyRequestSender - Using open Channel [id: 0x416453ca, L:/127.0.0.1:63446 - R:localhost/127.0.0.1:2595] for POST '/session/35ac021839294748f546ecef5cfaed21/element/cab2b4c7-a45e-4e22-9ae2-de6ee619a453/value'
16:03:57.983 [AsyncHttpClient-1-3] DEBUG org.asynchttpclient.netty.handler.HttpHandler - 

Request DefaultHttpRequest(decodeResult: success, version: HTTP/1.1)
POST /session/35ac021839294748f546ecef5cfaed21/element/cab2b4c7-a45e-4e22-9ae2-de6ee619a453/value HTTP/1.1
User-Agent: selenium/4.8.1 (java windows)
Content-Length: 161
Content-Type: application/json; charset=utf-8
host: localhost:2595
accept: */*

Response DefaultHttpResponse(decodeResult: success, version: HTTP/1.1)
HTTP/1.1 200 OK
Content-Length: 14
Content-Type: application/json; charset=utf-8
cache-control: no-cache

16:03:57.984 [AsyncHttpClient-1-3] DEBUG org.asynchttpclient.netty.channel.ChannelManager - Adding key: http://localhost:2595 for channel [id: 0x416453ca, L:/127.0.0.1:63446 - R:localhost/127.0.0.1:2595]
16:03:57.989 [Forwarding getAlertText on session 35ac021839294748f546ecef5cfaed21 to remote] DEBUG org.asynchttpclient.netty.request.NettyRequestSender - Using pooled Channel '[id: 0x416453ca, L:/127.0.0.1:63446 - R:localhost/127.0.0.1:2595]' for 'GET' to 'http://localhost:2595/session/35ac021839294748f546ecef5cfaed21/alert/text'
16:03:57.989 [Forwarding getAlertText on session 35ac021839294748f546ecef5cfaed21 to remote] DEBUG org.asynchttpclient.netty.request.NettyRequestSender - Using open Channel [id: 0x416453ca, L:/127.0.0.1:63446 - R:localhost/127.0.0.1:2595] for GET '/session/35ac021839294748f546ecef5cfaed21/alert/text'
16:03:57.991 [AsyncHttpClient-1-3] DEBUG org.asynchttpclient.netty.handler.HttpHandler - 

Request DefaultFullHttpRequest(decodeResult: success, version: HTTP/1.1, content: EmptyByteBufBE)
GET /session/35ac021839294748f546ecef5cfaed21/alert/text HTTP/1.1
User-Agent: selenium/4.8.1 (java windows)
Cache-Control: no-cache
Content-Type: application/json; charset=utf-8
host: localhost:2595
accept: */*

Response DefaultHttpResponse(decodeResult: success, version: HTTP/1.1)
HTTP/1.1 404 Not Found
Content-Length: 848
Content-Type: application/json; charset=utf-8
cache-control: no-cache

16:03:57.992 [AsyncHttpClient-1-3] DEBUG org.asynchttpclient.netty.channel.ChannelManager - Adding key: http://localhost:2595 for channel [id: 0x416453ca, L:/127.0.0.1:63446 - R:localhost/127.0.0.1:2595]
16:03:57.994 [Forwarding getCurrentUrl on session 35ac021839294748f546ecef5cfaed21 to remote] DEBUG org.asynchttpclient.netty.request.NettyRequestSender - Using pooled Channel '[id: 0x416453ca, L:/127.0.0.1:63446 - R:localhost/127.0.0.1:2595]' for 'GET' to 'http://localhost:2595/session/35ac021839294748f546ecef5cfaed21/url'
16:03:57.995 [Forwarding getCurrentUrl on session 35ac021839294748f546ecef5cfaed21 to remote] DEBUG org.asynchttpclient.netty.request.NettyRequestSender - Using open Channel [id: 0x416453ca, L:/127.0.0.1:63446 - R:localhost/127.0.0.1:2595] for GET '/session/35ac021839294748f546ecef5cfaed21/url'
16:03:57.999 [AsyncHttpClient-1-3] DEBUG org.asynchttpclient.netty.handler.HttpHandler - 

Request DefaultFullHttpRequest(decodeResult: success, version: HTTP/1.1, content: EmptyByteBufBE)
GET /session/35ac021839294748f546ecef5cfaed21/url HTTP/1.1
User-Agent: selenium/4.8.1 (java windows)
Cache-Control: no-cache
Content-Type: application/json; charset=utf-8
host: localhost:2595
accept: */*

Response DefaultHttpResponse(decodeResult: success, version: HTTP/1.1)
HTTP/1.1 200 OK
Content-Length: 51
Content-Type: application/json; charset=utf-8
cache-control: no-cache

16:03:58.000 [AsyncHttpClient-1-3] DEBUG org.asynchttpclient.netty.channel.ChannelManager - Adding key: http://localhost:2595 for channel [id: 0x416453ca, L:/127.0.0.1:63446 - R:localhost/127.0.0.1:2595]
16:03:58.000 [Forwarding screenshot on session 35ac021839294748f546ecef5cfaed21 to remote] DEBUG org.asynchttpclient.netty.request.NettyRequestSender - Using pooled Channel '[id: 0x416453ca, L:/127.0.0.1:63446 - R:localhost/127.0.0.1:2595]' for 'GET' to 'http://localhost:2595/session/35ac021839294748f546ecef5cfaed21/screenshot'
16:03:58.000 [Forwarding screenshot on session 35ac021839294748f546ecef5cfaed21 to remote] DEBUG org.asynchttpclient.netty.request.NettyRequestSender - Using open Channel [id: 0x416453ca, L:/127.0.0.1:63446 - R:localhost/127.0.0.1:2595] for GET '/session/35ac021839294748f546ecef5cfaed21/screenshot'
16:03:58.097 [AsyncHttpClient-1-3] DEBUG org.asynchttpclient.netty.handler.HttpHandler - 

Request DefaultFullHttpRequest(decodeResult: success, version: HTTP/1.1, content: EmptyByteBufBE)
GET /session/35ac021839294748f546ecef5cfaed21/screenshot HTTP/1.1
User-Agent: selenium/4.8.1 (java windows)
Cache-Control: no-cache
Content-Type: application/json; charset=utf-8
host: localhost:2595
accept: */*

Response DefaultHttpResponse(decodeResult: success, version: HTTP/1.1)
HTTP/1.1 200 OK
Content-Length: 30840
Content-Type: application/json; charset=utf-8
cache-control: no-cache

16:03:58.098 [AsyncHttpClient-1-3] DEBUG org.asynchttpclient.netty.channel.ChannelManager - Adding key: http://localhost:2595 for channel [id: 0x416453ca, L:/127.0.0.1:63446 - R:localhost/127.0.0.1:2595]
16:03:58.100 [main] DEBUG net.serenitybdd.core.photography.Darkroom - Send negative for processing for target\site\serenity\2b30ac1883a3808205b954fe9e635f0cbe8a2428b15379cacc6da5b514ce6e95.png
16:03:58.100 [main] DEBUG net.thucydides.core.steps.StepInterceptor - STEP DONE: user input valid password
16:03:58.100 [Darkroom Processing Line] DEBUG net.serenitybdd.core.photography.DarkroomProcessingLine - Processing screenshot image in /var/screenshots/screenshot-3951095640714379376
16:03:58.100 [Darkroom Processing Line] DEBUG net.serenitybdd.core.photography.DarkroomProcessingLine - Saving screenshot to target\site\serenity\2b30ac1883a3808205b954fe9e635f0cbe8a2428b15379cacc6da5b514ce6e95.png
16:03:58.104 [main] DEBUG net.thucydides.core.steps.StepInterceptor - STARTING STEP: LoginStep.userSuccessLogin - click button login
16:03:58.107 [Forwarding findElement on session 35ac021839294748f546ecef5cfaed21 to remote] DEBUG org.asynchttpclient.netty.request.NettyRequestSender - Using pooled Channel '[id: 0x416453ca, L:/127.0.0.1:63446 - R:localhost/127.0.0.1:2595]' for 'POST' to 'http://localhost:2595/session/35ac021839294748f546ecef5cfaed21/element'
16:03:58.107 [Forwarding findElement on session 35ac021839294748f546ecef5cfaed21 to remote] DEBUG org.asynchttpclient.netty.request.NettyRequestSender - Using open Channel [id: 0x416453ca, L:/127.0.0.1:63446 - R:localhost/127.0.0.1:2595] for POST '/session/35ac021839294748f546ecef5cfaed21/element'
16:03:58.115 [AsyncHttpClient-1-3] DEBUG org.asynchttpclient.netty.handler.HttpHandler - 

Request DefaultHttpRequest(decodeResult: success, version: HTTP/1.1)
POST /session/35ac021839294748f546ecef5cfaed21/element HTTP/1.1
User-Agent: selenium/4.8.1 (java windows)
Content-Length: 69
Content-Type: application/json; charset=utf-8
host: localhost:2595
accept: */*

Response DefaultHttpResponse(decodeResult: success, version: HTTP/1.1)
HTTP/1.1 200 OK
Content-Length: 88
Content-Type: application/json; charset=utf-8
cache-control: no-cache

16:03:58.115 [AsyncHttpClient-1-3] DEBUG org.asynchttpclient.netty.channel.ChannelManager - Adding key: http://localhost:2595 for channel [id: 0x416453ca, L:/127.0.0.1:63446 - R:localhost/127.0.0.1:2595]
16:03:58.117 [Forwarding getElementTagName on session 35ac021839294748f546ecef5cfaed21 to remote] DEBUG org.asynchttpclient.netty.request.NettyRequestSender - Using pooled Channel '[id: 0x416453ca, L:/127.0.0.1:63446 - R:localhost/127.0.0.1:2595]' for 'GET' to 'http://localhost:2595/session/35ac021839294748f546ecef5cfaed21/element/ffd9e261-d5a4-49bb-b9fa-e7dc371db518/name'
16:03:58.117 [Forwarding getElementTagName on session 35ac021839294748f546ecef5cfaed21 to remote] DEBUG org.asynchttpclient.netty.request.NettyRequestSender - Using open Channel [id: 0x416453ca, L:/127.0.0.1:63446 - R:localhost/127.0.0.1:2595] for GET '/session/35ac021839294748f546ecef5cfaed21/element/ffd9e261-d5a4-49bb-b9fa-e7dc371db518/name'
16:03:58.120 [AsyncHttpClient-1-3] DEBUG org.asynchttpclient.netty.handler.HttpHandler - 

Request DefaultFullHttpRequest(decodeResult: success, version: HTTP/1.1, content: EmptyByteBufBE)
GET /session/35ac021839294748f546ecef5cfaed21/element/ffd9e261-d5a4-49bb-b9fa-e7dc371db518/name HTTP/1.1
User-Agent: selenium/4.8.1 (java windows)
Cache-Control: no-cache
Content-Type: application/json; charset=utf-8
host: localhost:2595
accept: */*

Response DefaultHttpResponse(decodeResult: success, version: HTTP/1.1)
HTTP/1.1 200 OK
Content-Length: 16
Content-Type: application/json; charset=utf-8
cache-control: no-cache

16:03:58.121 [AsyncHttpClient-1-3] DEBUG org.asynchttpclient.netty.channel.ChannelManager - Adding key: http://localhost:2595 for channel [id: 0x416453ca, L:/127.0.0.1:63446 - R:localhost/127.0.0.1:2595]
16:03:58.122 [Forwarding getElementTagName on session 35ac021839294748f546ecef5cfaed21 to remote] DEBUG org.asynchttpclient.netty.request.NettyRequestSender - Using pooled Channel '[id: 0x416453ca, L:/127.0.0.1:63446 - R:localhost/127.0.0.1:2595]' for 'GET' to 'http://localhost:2595/session/35ac021839294748f546ecef5cfaed21/element/ffd9e261-d5a4-49bb-b9fa-e7dc371db518/name'
16:03:58.122 [Forwarding getElementTagName on session 35ac021839294748f546ecef5cfaed21 to remote] DEBUG org.asynchttpclient.netty.request.NettyRequestSender - Using open Channel [id: 0x416453ca, L:/127.0.0.1:63446 - R:localhost/127.0.0.1:2595] for GET '/session/35ac021839294748f546ecef5cfaed21/element/ffd9e261-d5a4-49bb-b9fa-e7dc371db518/name'
16:03:58.125 [AsyncHttpClient-1-3] DEBUG org.asynchttpclient.netty.handler.HttpHandler - 

Request DefaultFullHttpRequest(decodeResult: success, version: HTTP/1.1, content: EmptyByteBufBE)
GET /session/35ac021839294748f546ecef5cfaed21/element/ffd9e261-d5a4-49bb-b9fa-e7dc371db518/name HTTP/1.1
User-Agent: selenium/4.8.1 (java windows)
Cache-Control: no-cache
Content-Type: application/json; charset=utf-8
host: localhost:2595
accept: */*

Response DefaultHttpResponse(decodeResult: success, version: HTTP/1.1)
HTTP/1.1 200 OK
Content-Length: 16
Content-Type: application/json; charset=utf-8
cache-control: no-cache

16:03:58.126 [AsyncHttpClient-1-3] DEBUG org.asynchttpclient.netty.channel.ChannelManager - Adding key: http://localhost:2595 for channel [id: 0x416453ca, L:/127.0.0.1:63446 - R:localhost/127.0.0.1:2595]
16:03:58.129 [Forwarding findElement on session 35ac021839294748f546ecef5cfaed21 to remote] DEBUG org.asynchttpclient.netty.request.NettyRequestSender - Using pooled Channel '[id: 0x416453ca, L:/127.0.0.1:63446 - R:localhost/127.0.0.1:2595]' for 'POST' to 'http://localhost:2595/session/35ac021839294748f546ecef5cfaed21/element'
16:03:58.130 [Forwarding findElement on session 35ac021839294748f546ecef5cfaed21 to remote] DEBUG org.asynchttpclient.netty.request.NettyRequestSender - Using open Channel [id: 0x416453ca, L:/127.0.0.1:63446 - R:localhost/127.0.0.1:2595] for POST '/session/35ac021839294748f546ecef5cfaed21/element'
16:03:58.136 [AsyncHttpClient-1-3] DEBUG org.asynchttpclient.netty.handler.HttpHandler - 

Request DefaultHttpRequest(decodeResult: success, version: HTTP/1.1)
POST /session/35ac021839294748f546ecef5cfaed21/element HTTP/1.1
User-Agent: selenium/4.8.1 (java windows)
Content-Length: 69
Content-Type: application/json; charset=utf-8
host: localhost:2595
accept: */*

Response DefaultHttpResponse(decodeResult: success, version: HTTP/1.1)
HTTP/1.1 200 OK
Content-Length: 88
Content-Type: application/json; charset=utf-8
cache-control: no-cache

16:03:58.136 [AsyncHttpClient-1-3] DEBUG org.asynchttpclient.netty.channel.ChannelManager - Adding key: http://localhost:2595 for channel [id: 0x416453ca, L:/127.0.0.1:63446 - R:localhost/127.0.0.1:2595]
16:03:58.137 [Forwarding clickElement on session 35ac021839294748f546ecef5cfaed21 to remote] DEBUG org.asynchttpclient.netty.request.NettyRequestSender - Using pooled Channel '[id: 0x416453ca, L:/127.0.0.1:63446 - R:localhost/127.0.0.1:2595]' for 'POST' to 'http://localhost:2595/session/35ac021839294748f546ecef5cfaed21/element/ffd9e261-d5a4-49bb-b9fa-e7dc371db518/click'
16:03:58.137 [Forwarding clickElement on session 35ac021839294748f546ecef5cfaed21 to remote] DEBUG org.asynchttpclient.netty.request.NettyRequestSender - Using open Channel [id: 0x416453ca, L:/127.0.0.1:63446 - R:localhost/127.0.0.1:2595] for POST '/session/35ac021839294748f546ecef5cfaed21/element/ffd9e261-d5a4-49bb-b9fa-e7dc371db518/click'
16:03:58.185 [AsyncHttpClient-1-3] DEBUG org.asynchttpclient.netty.handler.HttpHandler - 

Request DefaultHttpRequest(decodeResult: success, version: HTTP/1.1)
POST /session/35ac021839294748f546ecef5cfaed21/element/ffd9e261-d5a4-49bb-b9fa-e7dc371db518/click HTTP/1.1
User-Agent: selenium/4.8.1 (java windows)
Content-Length: 50
Content-Type: application/json; charset=utf-8
host: localhost:2595
accept: */*

Response DefaultHttpResponse(decodeResult: success, version: HTTP/1.1)
HTTP/1.1 200 OK
Content-Length: 14
Content-Type: application/json; charset=utf-8
cache-control: no-cache

16:03:58.185 [AsyncHttpClient-1-3] DEBUG org.asynchttpclient.netty.channel.ChannelManager - Adding key: http://localhost:2595 for channel [id: 0x416453ca, L:/127.0.0.1:63446 - R:localhost/127.0.0.1:2595]
16:03:58.190 [Forwarding getAlertText on session 35ac021839294748f546ecef5cfaed21 to remote] DEBUG org.asynchttpclient.netty.request.NettyRequestSender - Using pooled Channel '[id: 0x416453ca, L:/127.0.0.1:63446 - R:localhost/127.0.0.1:2595]' for 'GET' to 'http://localhost:2595/session/35ac021839294748f546ecef5cfaed21/alert/text'
16:03:58.191 [Forwarding getAlertText on session 35ac021839294748f546ecef5cfaed21 to remote] DEBUG org.asynchttpclient.netty.request.NettyRequestSender - Using open Channel [id: 0x416453ca, L:/127.0.0.1:63446 - R:localhost/127.0.0.1:2595] for GET '/session/35ac021839294748f546ecef5cfaed21/alert/text'
16:03:58.193 [AsyncHttpClient-1-3] DEBUG org.asynchttpclient.netty.handler.HttpHandler - 

Request DefaultFullHttpRequest(decodeResult: success, version: HTTP/1.1, content: EmptyByteBufBE)
GET /session/35ac021839294748f546ecef5cfaed21/alert/text HTTP/1.1
User-Agent: selenium/4.8.1 (java windows)
Cache-Control: no-cache
Content-Type: application/json; charset=utf-8
host: localhost:2595
accept: */*

Response DefaultHttpResponse(decodeResult: success, version: HTTP/1.1)
HTTP/1.1 404 Not Found
Content-Length: 848
Content-Type: application/json; charset=utf-8
cache-control: no-cache

16:03:58.193 [AsyncHttpClient-1-3] DEBUG org.asynchttpclient.netty.channel.ChannelManager - Adding key: http://localhost:2595 for channel [id: 0x416453ca, L:/127.0.0.1:63446 - R:localhost/127.0.0.1:2595]
16:03:58.194 [Forwarding getCurrentUrl on session 35ac021839294748f546ecef5cfaed21 to remote] DEBUG org.asynchttpclient.netty.request.NettyRequestSender - Using pooled Channel '[id: 0x416453ca, L:/127.0.0.1:63446 - R:localhost/127.0.0.1:2595]' for 'GET' to 'http://localhost:2595/session/35ac021839294748f546ecef5cfaed21/url'
16:03:58.194 [Forwarding getCurrentUrl on session 35ac021839294748f546ecef5cfaed21 to remote] DEBUG org.asynchttpclient.netty.request.NettyRequestSender - Using open Channel [id: 0x416453ca, L:/127.0.0.1:63446 - R:localhost/127.0.0.1:2595] for GET '/session/35ac021839294748f546ecef5cfaed21/url'
16:03:58.200 [AsyncHttpClient-1-3] DEBUG org.asynchttpclient.netty.handler.HttpHandler - 

Request DefaultFullHttpRequest(decodeResult: success, version: HTTP/1.1, content: EmptyByteBufBE)
GET /session/35ac021839294748f546ecef5cfaed21/url HTTP/1.1
User-Agent: selenium/4.8.1 (java windows)
Cache-Control: no-cache
Content-Type: application/json; charset=utf-8
host: localhost:2595
accept: */*

Response DefaultHttpResponse(decodeResult: success, version: HTTP/1.1)
HTTP/1.1 200 OK
Content-Length: 51
Content-Type: application/json; charset=utf-8
cache-control: no-cache

16:03:58.200 [AsyncHttpClient-1-3] DEBUG org.asynchttpclient.netty.channel.ChannelManager - Adding key: http://localhost:2595 for channel [id: 0x416453ca, L:/127.0.0.1:63446 - R:localhost/127.0.0.1:2595]
16:03:58.200 [Forwarding screenshot on session 35ac021839294748f546ecef5cfaed21 to remote] DEBUG org.asynchttpclient.netty.request.NettyRequestSender - Using pooled Channel '[id: 0x416453ca, L:/127.0.0.1:63446 - R:localhost/127.0.0.1:2595]' for 'GET' to 'http://localhost:2595/session/35ac021839294748f546ecef5cfaed21/screenshot'
16:03:58.201 [Forwarding screenshot on session 35ac021839294748f546ecef5cfaed21 to remote] DEBUG org.asynchttpclient.netty.request.NettyRequestSender - Using open Channel [id: 0x416453ca, L:/127.0.0.1:63446 - R:localhost/127.0.0.1:2595] for GET '/session/35ac021839294748f546ecef5cfaed21/screenshot'
16:03:58.277 [AsyncHttpClient-1-1] DEBUG org.asynchttpclient.netty.channel.DefaultChannelPool - Entry count for : http://localhost:63448 : 1
16:03:58.288 [AsyncHttpClient-1-3] DEBUG org.asynchttpclient.netty.handler.HttpHandler - 

Request DefaultFullHttpRequest(decodeResult: success, version: HTTP/1.1, content: EmptyByteBufBE)
GET /session/35ac021839294748f546ecef5cfaed21/screenshot HTTP/1.1
User-Agent: selenium/4.8.1 (java windows)
Cache-Control: no-cache
Content-Type: application/json; charset=utf-8
host: localhost:2595
accept: */*

Response DefaultHttpResponse(decodeResult: success, version: HTTP/1.1)
HTTP/1.1 200 OK
Content-Length: 30360
Content-Type: application/json; charset=utf-8
cache-control: no-cache

16:03:58.289 [AsyncHttpClient-1-3] DEBUG org.asynchttpclient.netty.channel.ChannelManager - Adding key: http://localhost:2595 for channel [id: 0x416453ca, L:/127.0.0.1:63446 - R:localhost/127.0.0.1:2595]
16:03:58.290 [main] DEBUG net.serenitybdd.core.photography.Darkroom - Send negative for processing for target\site\serenity\6b403939a3d36e01c66c04de4865e1262b3437116f7ceb626820bacb273d05fa.png
16:03:58.291 [main] DEBUG net.thucydides.core.steps.StepInterceptor - STEP DONE: click button login
16:03:58.291 [Darkroom Processing Line] DEBUG net.serenitybdd.core.photography.DarkroomProcessingLine - Processing screenshot image in /var/screenshots/screenshot-7642325736585233840
16:03:58.291 [Darkroom Processing Line] DEBUG net.serenitybdd.core.photography.DarkroomProcessingLine - Saving screenshot to target\site\serenity\6b403939a3d36e01c66c04de4865e1262b3437116f7ceb626820bacb273d05fa.png
16:03:58.295 [main] DEBUG net.thucydides.core.steps.StepInterceptor - STARTING STEP: LoginStep.userSuccessLogin - user can see product homepage
16:03:58.297 [Forwarding findElement on session 35ac021839294748f546ecef5cfaed21 to remote] DEBUG org.asynchttpclient.netty.request.NettyRequestSender - Using pooled Channel '[id: 0x416453ca, L:/127.0.0.1:63446 - R:localhost/127.0.0.1:2595]' for 'POST' to 'http://localhost:2595/session/35ac021839294748f546ecef5cfaed21/element'
16:03:58.297 [Forwarding findElement on session 35ac021839294748f546ecef5cfaed21 to remote] DEBUG org.asynchttpclient.netty.request.NettyRequestSender - Using open Channel [id: 0x416453ca, L:/127.0.0.1:63446 - R:localhost/127.0.0.1:2595] for POST '/session/35ac021839294748f546ecef5cfaed21/element'
16:03:58.307 [AsyncHttpClient-1-3] DEBUG org.asynchttpclient.netty.handler.HttpHandler - 

Request DefaultHttpRequest(decodeResult: success, version: HTTP/1.1)
POST /session/35ac021839294748f546ecef5cfaed21/element HTTP/1.1
User-Agent: selenium/4.8.1 (java windows)
Content-Length: 75
Content-Type: application/json; charset=utf-8
host: localhost:2595
accept: */*

Response DefaultHttpResponse(decodeResult: success, version: HTTP/1.1)
HTTP/1.1 200 OK
Content-Length: 88
Content-Type: application/json; charset=utf-8
cache-control: no-cache

16:03:58.307 [AsyncHttpClient-1-3] DEBUG org.asynchttpclient.netty.channel.ChannelManager - Adding key: http://localhost:2595 for channel [id: 0x416453ca, L:/127.0.0.1:63446 - R:localhost/127.0.0.1:2595]
16:03:58.310 [Forwarding isElementDisplayed on session 35ac021839294748f546ecef5cfaed21 to remote] DEBUG org.asynchttpclient.netty.request.NettyRequestSender - Using pooled Channel '[id: 0x416453ca, L:/127.0.0.1:63446 - R:localhost/127.0.0.1:2595]' for 'POST' to 'http://localhost:2595/session/35ac021839294748f546ecef5cfaed21/execute/sync'
16:03:58.310 [Forwarding isElementDisplayed on session 35ac021839294748f546ecef5cfaed21 to remote] DEBUG org.asynchttpclient.netty.request.NettyRequestSender - Using open Channel [id: 0x416453ca, L:/127.0.0.1:63446 - R:localhost/127.0.0.1:2595] for POST '/session/35ac021839294748f546ecef5cfaed21/execute/sync'
16:03:58.322 [AsyncHttpClient-1-3] DEBUG org.asynchttpclient.netty.handler.HttpHandler - 

Request DefaultHttpRequest(decodeResult: success, version: HTTP/1.1)
POST /session/35ac021839294748f546ecef5cfaed21/execute/sync HTTP/1.1
User-Agent: selenium/4.8.1 (java windows)
Content-Length: 48807
Content-Type: application/json; charset=utf-8
host: localhost:2595
accept: */*

Response DefaultHttpResponse(decodeResult: success, version: HTTP/1.1)
HTTP/1.1 200 OK
Content-Length: 14
Content-Type: application/json; charset=utf-8
cache-control: no-cache

16:03:58.322 [AsyncHttpClient-1-3] DEBUG org.asynchttpclient.netty.channel.ChannelManager - Adding key: http://localhost:2595 for channel [id: 0x416453ca, L:/127.0.0.1:63446 - R:localhost/127.0.0.1:2595]
16:03:58.328 [main] DEBUG net.thucydides.core.steps.StepInterceptor - STEP DONE: user can see product homepage
  &amp#27;[32mGiven &amp#27;[0m&amp#27;[32muser success login&amp#27;[0m                                &amp#27;[90m# starter.stepdefinition.LoginStep.userSuccessLogin()&amp#27;[0m
16:03:58.348 [main] DEBUG net.thucydides.core.steps.StepInterceptor - STARTING STEP: ProductStep.successAddProductToTheCart - user click button Beli
16:03:58.351 [Forwarding findElement on session 35ac021839294748f546ecef5cfaed21 to remote] DEBUG org.asynchttpclient.netty.request.NettyRequestSender - Using pooled Channel '[id: 0x416453ca, L:/127.0.0.1:63446 - R:localhost/127.0.0.1:2595]' for 'POST' to 'http://localhost:2595/session/35ac021839294748f546ecef5cfaed21/element'
16:03:58.351 [Forwarding findElement on session 35ac021839294748f546ecef5cfaed21 to remote] DEBUG org.asynchttpclient.netty.request.NettyRequestSender - Using open Channel [id: 0x416453ca, L:/127.0.0.1:63446 - R:localhost/127.0.0.1:2595] for POST '/session/35ac021839294748f546ecef5cfaed21/element'
16:03:59.381 [AsyncHttpClient-1-1] DEBUG org.asynchttpclient.netty.channel.DefaultChannelPool - Entry count for : http://localhost:63448 : 1
16:04:00.477 [AsyncHttpClient-1-1] DEBUG org.asynchttpclient.netty.channel.DefaultChannelPool - Entry count for : http://localhost:63448 : 1
16:04:01.582 [AsyncHttpClient-1-1] DEBUG org.asynchttpclient.netty.channel.DefaultChannelPool - Entry count for : http://localhost:63448 : 1
16:04:01.712 [AsyncHttpClient-1-3] DEBUG org.asynchttpclient.netty.handler.HttpHandler - 

Request DefaultHttpRequest(decodeResult: success, version: HTTP/1.1)
POST /session/35ac021839294748f546ecef5cfaed21/element HTTP/1.1
User-Agent: selenium/4.8.1 (java windows)
Content-Length: 96
Content-Type: application/json; charset=utf-8
host: localhost:2595
accept: */*

Response DefaultHttpResponse(decodeResult: success, version: HTTP/1.1)
HTTP/1.1 200 OK
Content-Length: 88
Content-Type: application/json; charset=utf-8
cache-control: no-cache

16:04:01.713 [AsyncHttpClient-1-3] DEBUG org.asynchttpclient.netty.channel.ChannelManager - Adding key: http://localhost:2595 for channel [id: 0x416453ca, L:/127.0.0.1:63446 - R:localhost/127.0.0.1:2595]
16:04:01.715 [Forwarding getElementTagName on session 35ac021839294748f546ecef5cfaed21 to remote] DEBUG org.asynchttpclient.netty.request.NettyRequestSender - Using pooled Channel '[id: 0x416453ca, L:/127.0.0.1:63446 - R:localhost/127.0.0.1:2595]' for 'GET' to 'http://localhost:2595/session/35ac021839294748f546ecef5cfaed21/element/f2963ca8-cfab-4c3a-94ce-a8d51613f80d/name'
16:04:01.715 [Forwarding getElementTagName on session 35ac021839294748f546ecef5cfaed21 to remote] DEBUG org.asynchttpclient.netty.request.NettyRequestSender - Using open Channel [id: 0x416453ca, L:/127.0.0.1:63446 - R:localhost/127.0.0.1:2595] for GET '/session/35ac021839294748f546ecef5cfaed21/element/f2963ca8-cfab-4c3a-94ce-a8d51613f80d/name'
16:04:01.721 [AsyncHttpClient-1-3] DEBUG org.asynchttpclient.netty.handler.HttpHandler - 

Request DefaultFullHttpRequest(decodeResult: success, version: HTTP/1.1, content: EmptyByteBufBE)
GET /session/35ac021839294748f546ecef5cfaed21/element/f2963ca8-cfab-4c3a-94ce-a8d51613f80d/name HTTP/1.1
User-Agent: selenium/4.8.1 (java windows)
Cache-Control: no-cache
Content-Type: application/json; charset=utf-8
host: localhost:2595
accept: */*

Response DefaultHttpResponse(decodeResult: success, version: HTTP/1.1)
HTTP/1.1 200 OK
Content-Length: 16
Content-Type: application/json; charset=utf-8
cache-control: no-cache

16:04:01.721 [AsyncHttpClient-1-3] DEBUG org.asynchttpclient.netty.channel.ChannelManager - Adding key: http://localhost:2595 for channel [id: 0x416453ca, L:/127.0.0.1:63446 - R:localhost/127.0.0.1:2595]
16:04:01.722 [Forwarding getElementTagName on session 35ac021839294748f546ecef5cfaed21 to remote] DEBUG org.asynchttpclient.netty.request.NettyRequestSender - Using pooled Channel '[id: 0x416453ca, L:/127.0.0.1:63446 - R:localhost/127.0.0.1:2595]' for 'GET' to 'http://localhost:2595/session/35ac021839294748f546ecef5cfaed21/element/f2963ca8-cfab-4c3a-94ce-a8d51613f80d/name'
16:04:01.722 [Forwarding getElementTagName on session 35ac021839294748f546ecef5cfaed21 to remote] DEBUG org.asynchttpclient.netty.request.NettyRequestSender - Using open Channel [id: 0x416453ca, L:/127.0.0.1:63446 - R:localhost/127.0.0.1:2595] for GET '/session/35ac021839294748f546ecef5cfaed21/element/f2963ca8-cfab-4c3a-94ce-a8d51613f80d/name'
16:04:01.726 [AsyncHttpClient-1-3] DEBUG org.asynchttpclient.netty.handler.HttpHandler - 

Request DefaultFullHttpRequest(decodeResult: success, version: HTTP/1.1, content: EmptyByteBufBE)
GET /session/35ac021839294748f546ecef5cfaed21/element/f2963ca8-cfab-4c3a-94ce-a8d51613f80d/name HTTP/1.1
User-Agent: selenium/4.8.1 (java windows)
Cache-Control: no-cache
Content-Type: application/json; charset=utf-8
host: localhost:2595
accept: */*

Response DefaultHttpResponse(decodeResult: success, version: HTTP/1.1)
HTTP/1.1 200 OK
Content-Length: 16
Content-Type: application/json; charset=utf-8
cache-control: no-cache

16:04:01.726 [AsyncHttpClient-1-3] DEBUG org.asynchttpclient.netty.channel.ChannelManager - Adding key: http://localhost:2595 for channel [id: 0x416453ca, L:/127.0.0.1:63446 - R:localhost/127.0.0.1:2595]
16:04:01.728 [Forwarding findElement on session 35ac021839294748f546ecef5cfaed21 to remote] DEBUG org.asynchttpclient.netty.request.NettyRequestSender - Using pooled Channel '[id: 0x416453ca, L:/127.0.0.1:63446 - R:localhost/127.0.0.1:2595]' for 'POST' to 'http://localhost:2595/session/35ac021839294748f546ecef5cfaed21/element'
16:04:01.728 [Forwarding findElement on session 35ac021839294748f546ecef5cfaed21 to remote] DEBUG org.asynchttpclient.netty.request.NettyRequestSender - Using open Channel [id: 0x416453ca, L:/127.0.0.1:63446 - R:localhost/127.0.0.1:2595] for POST '/session/35ac021839294748f546ecef5cfaed21/element'
16:04:01.739 [AsyncHttpClient-1-3] DEBUG org.asynchttpclient.netty.handler.HttpHandler - 

Request DefaultHttpRequest(decodeResult: success, version: HTTP/1.1)
POST /session/35ac021839294748f546ecef5cfaed21/element HTTP/1.1
User-Agent: selenium/4.8.1 (java windows)
Content-Length: 96
Content-Type: application/json; charset=utf-8
host: localhost:2595
accept: */*

Response DefaultHttpResponse(decodeResult: success, version: HTTP/1.1)
HTTP/1.1 200 OK
Content-Length: 88
Content-Type: application/json; charset=utf-8
cache-control: no-cache

16:04:01.740 [AsyncHttpClient-1-3] DEBUG org.asynchttpclient.netty.channel.ChannelManager - Adding key: http://localhost:2595 for channel [id: 0x416453ca, L:/127.0.0.1:63446 - R:localhost/127.0.0.1:2595]
16:04:01.741 [Forwarding clickElement on session 35ac021839294748f546ecef5cfaed21 to remote] DEBUG org.asynchttpclient.netty.request.NettyRequestSender - Using pooled Channel '[id: 0x416453ca, L:/127.0.0.1:63446 - R:localhost/127.0.0.1:2595]' for 'POST' to 'http://localhost:2595/session/35ac021839294748f546ecef5cfaed21/element/f2963ca8-cfab-4c3a-94ce-a8d51613f80d/click'
16:04:01.741 [Forwarding clickElement on session 35ac021839294748f546ecef5cfaed21 to remote] DEBUG org.asynchttpclient.netty.request.NettyRequestSender - Using open Channel [id: 0x416453ca, L:/127.0.0.1:63446 - R:localhost/127.0.0.1:2595] for POST '/session/35ac021839294748f546ecef5cfaed21/element/f2963ca8-cfab-4c3a-94ce-a8d51613f80d/click'
16:04:01.872 [AsyncHttpClient-1-3] DEBUG org.asynchttpclient.netty.handler.HttpHandler - 

Request DefaultHttpRequest(decodeResult: success, version: HTTP/1.1)
POST /session/35ac021839294748f546ecef5cfaed21/element/f2963ca8-cfab-4c3a-94ce-a8d51613f80d/click HTTP/1.1
User-Agent: selenium/4.8.1 (java windows)
Content-Length: 50
Content-Type: application/json; charset=utf-8
host: localhost:2595
accept: */*

Response DefaultHttpResponse(decodeResult: success, version: HTTP/1.1)
HTTP/1.1 200 OK
Content-Length: 14
Content-Type: application/json; charset=utf-8
cache-control: no-cache

16:04:01.873 [AsyncHttpClient-1-3] DEBUG org.asynchttpclient.netty.channel.ChannelManager - Adding key: http://localhost:2595 for channel [id: 0x416453ca, L:/127.0.0.1:63446 - R:localhost/127.0.0.1:2595]
16:04:01.881 [Forwarding findElement on session 35ac021839294748f546ecef5cfaed21 to remote] DEBUG org.asynchttpclient.netty.request.NettyRequestSender - Using pooled Channel '[id: 0x416453ca, L:/127.0.0.1:63446 - R:localhost/127.0.0.1:2595]' for 'POST' to 'http://localhost:2595/session/35ac021839294748f546ecef5cfaed21/element'
16:04:01.881 [Forwarding findElement on session 35ac021839294748f546ecef5cfaed21 to remote] DEBUG org.asynchttpclient.netty.request.NettyRequestSender - Using open Channel [id: 0x416453ca, L:/127.0.0.1:63446 - R:localhost/127.0.0.1:2595] for POST '/session/35ac021839294748f546ecef5cfaed21/element'
16:04:01.905 [AsyncHttpClient-1-3] DEBUG org.asynchttpclient.netty.handler.HttpHandler - 

Request DefaultHttpRequest(decodeResult: success, version: HTTP/1.1)
POST /session/35ac021839294748f546ecef5cfaed21/element HTTP/1.1
User-Agent: selenium/4.8.1 (java windows)
Content-Length: 96
Content-Type: application/json; charset=utf-8
host: localhost:2595
accept: */*

Response DefaultHttpResponse(decodeResult: success, version: HTTP/1.1)
HTTP/1.1 200 OK
Content-Length: 88
Content-Type: application/json; charset=utf-8
cache-control: no-cache

16:04:01.905 [AsyncHttpClient-1-3] DEBUG org.asynchttpclient.netty.channel.ChannelManager - Adding key: http://localhost:2595 for channel [id: 0x416453ca, L:/127.0.0.1:63446 - R:localhost/127.0.0.1:2595]
16:04:01.906 [Forwarding getElementTagName on session 35ac021839294748f546ecef5cfaed21 to remote] DEBUG org.asynchttpclient.netty.request.NettyRequestSender - Using pooled Channel '[id: 0x416453ca, L:/127.0.0.1:63446 - R:localhost/127.0.0.1:2595]' for 'GET' to 'http://localhost:2595/session/35ac021839294748f546ecef5cfaed21/element/f2963ca8-cfab-4c3a-94ce-a8d51613f80d/name'
16:04:01.906 [Forwarding getElementTagName on session 35ac021839294748f546ecef5cfaed21 to remote] DEBUG org.asynchttpclient.netty.request.NettyRequestSender - Using open Channel [id: 0x416453ca, L:/127.0.0.1:63446 - R:localhost/127.0.0.1:2595] for GET '/session/35ac021839294748f546ecef5cfaed21/element/f2963ca8-cfab-4c3a-94ce-a8d51613f80d/name'
16:04:01.914 [AsyncHttpClient-1-3] DEBUG org.asynchttpclient.netty.handler.HttpHandler - 

Request DefaultFullHttpRequest(decodeResult: success, version: HTTP/1.1, content: EmptyByteBufBE)
GET /session/35ac021839294748f546ecef5cfaed21/element/f2963ca8-cfab-4c3a-94ce-a8d51613f80d/name HTTP/1.1
User-Agent: selenium/4.8.1 (java windows)
Cache-Control: no-cache
Content-Type: application/json; charset=utf-8
host: localhost:2595
accept: */*

Response DefaultHttpResponse(decodeResult: success, version: HTTP/1.1)
HTTP/1.1 200 OK
Content-Length: 16
Content-Type: application/json; charset=utf-8
cache-control: no-cache

16:04:01.915 [AsyncHttpClient-1-3] DEBUG org.asynchttpclient.netty.channel.ChannelManager - Adding key: http://localhost:2595 for channel [id: 0x416453ca, L:/127.0.0.1:63446 - R:localhost/127.0.0.1:2595]
16:04:01.916 [Forwarding getElementTagName on session 35ac021839294748f546ecef5cfaed21 to remote] DEBUG org.asynchttpclient.netty.request.NettyRequestSender - Using pooled Channel '[id: 0x416453ca, L:/127.0.0.1:63446 - R:localhost/127.0.0.1:2595]' for 'GET' to 'http://localhost:2595/session/35ac021839294748f546ecef5cfaed21/element/f2963ca8-cfab-4c3a-94ce-a8d51613f80d/name'
16:04:01.916 [Forwarding getElementTagName on session 35ac021839294748f546ecef5cfaed21 to remote] DEBUG org.asynchttpclient.netty.request.NettyRequestSender - Using open Channel [id: 0x416453ca, L:/127.0.0.1:63446 - R:localhost/127.0.0.1:2595] for GET '/session/35ac021839294748f546ecef5cfaed21/element/f2963ca8-cfab-4c3a-94ce-a8d51613f80d/name'
16:04:01.919 [AsyncHttpClient-1-3] DEBUG org.asynchttpclient.netty.handler.HttpHandler - 

Request DefaultFullHttpRequest(decodeResult: success, version: HTTP/1.1, content: EmptyByteBufBE)
GET /session/35ac021839294748f546ecef5cfaed21/element/f2963ca8-cfab-4c3a-94ce-a8d51613f80d/name HTTP/1.1
User-Agent: selenium/4.8.1 (java windows)
Cache-Control: no-cache
Content-Type: application/json; charset=utf-8
host: localhost:2595
accept: */*

Response DefaultHttpResponse(decodeResult: success, version: HTTP/1.1)
HTTP/1.1 200 OK
Content-Length: 16
Content-Type: application/json; charset=utf-8
cache-control: no-cache

16:04:01.920 [AsyncHttpClient-1-3] DEBUG org.asynchttpclient.netty.channel.ChannelManager - Adding key: http://localhost:2595 for channel [id: 0x416453ca, L:/127.0.0.1:63446 - R:localhost/127.0.0.1:2595]
16:04:01.921 [Forwarding findElement on session 35ac021839294748f546ecef5cfaed21 to remote] DEBUG org.asynchttpclient.netty.request.NettyRequestSender - Using pooled Channel '[id: 0x416453ca, L:/127.0.0.1:63446 - R:localhost/127.0.0.1:2595]' for 'POST' to 'http://localhost:2595/session/35ac021839294748f546ecef5cfaed21/element'
16:04:01.921 [Forwarding findElement on session 35ac021839294748f546ecef5cfaed21 to remote] DEBUG org.asynchttpclient.netty.request.NettyRequestSender - Using open Channel [id: 0x416453ca, L:/127.0.0.1:63446 - R:localhost/127.0.0.1:2595] for POST '/session/35ac021839294748f546ecef5cfaed21/element'
16:04:01.936 [AsyncHttpClient-1-3] DEBUG org.asynchttpclient.netty.handler.HttpHandler - 

Request DefaultHttpRequest(decodeResult: success, version: HTTP/1.1)
POST /session/35ac021839294748f546ecef5cfaed21/element HTTP/1.1
User-Agent: selenium/4.8.1 (java windows)
Content-Length: 96
Content-Type: application/json; charset=utf-8
host: localhost:2595
accept: */*

Response DefaultHttpResponse(decodeResult: success, version: HTTP/1.1)
HTTP/1.1 200 OK
Content-Length: 88
Content-Type: application/json; charset=utf-8
cache-control: no-cache

16:04:01.936 [AsyncHttpClient-1-3] DEBUG org.asynchttpclient.netty.channel.ChannelManager - Adding key: http://localhost:2595 for channel [id: 0x416453ca, L:/127.0.0.1:63446 - R:localhost/127.0.0.1:2595]
16:04:01.937 [Forwarding clickElement on session 35ac021839294748f546ecef5cfaed21 to remote] DEBUG org.asynchttpclient.netty.request.NettyRequestSender - Using pooled Channel '[id: 0x416453ca, L:/127.0.0.1:63446 - R:localhost/127.0.0.1:2595]' for 'POST' to 'http://localhost:2595/session/35ac021839294748f546ecef5cfaed21/element/f2963ca8-cfab-4c3a-94ce-a8d51613f80d/click'
16:04:01.938 [Forwarding clickElement on session 35ac021839294748f546ecef5cfaed21 to remote] DEBUG org.asynchttpclient.netty.request.NettyRequestSender - Using open Channel [id: 0x416453ca, L:/127.0.0.1:63446 - R:localhost/127.0.0.1:2595] for POST '/session/35ac021839294748f546ecef5cfaed21/element/f2963ca8-cfab-4c3a-94ce-a8d51613f80d/click'
16:04:02.025 [AsyncHttpClient-1-3] DEBUG org.asynchttpclient.netty.handler.HttpHandler - 

Request DefaultHttpRequest(decodeResult: success, version: HTTP/1.1)
POST /session/35ac021839294748f546ecef5cfaed21/element/f2963ca8-cfab-4c3a-94ce-a8d51613f80d/click HTTP/1.1
User-Agent: selenium/4.8.1 (java windows)
Content-Length: 50
Content-Type: application/json; charset=utf-8
host: localhost:2595
accept: */*

Response DefaultHttpResponse(decodeResult: success, version: HTTP/1.1)
HTTP/1.1 200 OK
Content-Length: 14
Content-Type: application/json; charset=utf-8
cache-control: no-cache

16:04:02.026 [AsyncHttpClient-1-3] DEBUG org.asynchttpclient.netty.channel.ChannelManager - Adding key: http://localhost:2595 for channel [id: 0x416453ca, L:/127.0.0.1:63446 - R:localhost/127.0.0.1:2595]
16:04:02.037 [Forwarding getAlertText on session 35ac021839294748f546ecef5cfaed21 to remote] DEBUG org.asynchttpclient.netty.request.NettyRequestSender - Using pooled Channel '[id: 0x416453ca, L:/127.0.0.1:63446 - R:localhost/127.0.0.1:2595]' for 'GET' to 'http://localhost:2595/session/35ac021839294748f546ecef5cfaed21/alert/text'
16:04:02.037 [Forwarding getAlertText on session 35ac021839294748f546ecef5cfaed21 to remote] DEBUG org.asynchttpclient.netty.request.NettyRequestSender - Using open Channel [id: 0x416453ca, L:/127.0.0.1:63446 - R:localhost/127.0.0.1:2595] for GET '/session/35ac021839294748f546ecef5cfaed21/alert/text'
16:04:02.049 [AsyncHttpClient-1-3] DEBUG org.asynchttpclient.netty.handler.HttpHandler - 

Request DefaultFullHttpRequest(decodeResult: success, version: HTTP/1.1, content: EmptyByteBufBE)
GET /session/35ac021839294748f546ecef5cfaed21/alert/text HTTP/1.1
User-Agent: selenium/4.8.1 (java windows)
Cache-Control: no-cache
Content-Type: application/json; charset=utf-8
host: localhost:2595
accept: */*

Response DefaultHttpResponse(decodeResult: success, version: HTTP/1.1)
HTTP/1.1 404 Not Found
Content-Length: 848
Content-Type: application/json; charset=utf-8
cache-control: no-cache

16:04:02.049 [AsyncHttpClient-1-3] DEBUG org.asynchttpclient.netty.channel.ChannelManager - Adding key: http://localhost:2595 for channel [id: 0x416453ca, L:/127.0.0.1:63446 - R:localhost/127.0.0.1:2595]
16:04:02.050 [Forwarding getCurrentUrl on session 35ac021839294748f546ecef5cfaed21 to remote] DEBUG org.asynchttpclient.netty.request.NettyRequestSender - Using pooled Channel '[id: 0x416453ca, L:/127.0.0.1:63446 - R:localhost/127.0.0.1:2595]' for 'GET' to 'http://localhost:2595/session/35ac021839294748f546ecef5cfaed21/url'
16:04:02.051 [Forwarding getCurrentUrl on session 35ac021839294748f546ecef5cfaed21 to remote] DEBUG org.asynchttpclient.netty.request.NettyRequestSender - Using open Channel [id: 0x416453ca, L:/127.0.0.1:63446 - R:localhost/127.0.0.1:2595] for GET '/session/35ac021839294748f546ecef5cfaed21/url'
16:04:02.056 [AsyncHttpClient-1-3] DEBUG org.asynchttpclient.netty.handler.HttpHandler - 

Request DefaultFullHttpRequest(decodeResult: success, version: HTTP/1.1, content: EmptyByteBufBE)
GET /session/35ac021839294748f546ecef5cfaed21/url HTTP/1.1
User-Agent: selenium/4.8.1 (java windows)
Cache-Control: no-cache
Content-Type: application/json; charset=utf-8
host: localhost:2595
accept: */*

Response DefaultHttpResponse(decodeResult: success, version: HTTP/1.1)
HTTP/1.1 200 OK
Content-Length: 41
Content-Type: application/json; charset=utf-8
cache-control: no-cache

16:04:02.056 [AsyncHttpClient-1-3] DEBUG org.asynchttpclient.netty.channel.ChannelManager - Adding key: http://localhost:2595 for channel [id: 0x416453ca, L:/127.0.0.1:63446 - R:localhost/127.0.0.1:2595]
16:04:02.059 [Forwarding screenshot on session 35ac021839294748f546ecef5cfaed21 to remote] DEBUG org.asynchttpclient.netty.request.NettyRequestSender - Using pooled Channel '[id: 0x416453ca, L:/127.0.0.1:63446 - R:localhost/127.0.0.1:2595]' for 'GET' to 'http://localhost:2595/session/35ac021839294748f546ecef5cfaed21/screenshot'
16:04:02.059 [Forwarding screenshot on session 35ac021839294748f546ecef5cfaed21 to remote] DEBUG org.asynchttpclient.netty.request.NettyRequestSender - Using open Channel [id: 0x416453ca, L:/127.0.0.1:63446 - R:localhost/127.0.0.1:2595] for GET '/session/35ac021839294748f546ecef5cfaed21/screenshot'
16:04:02.199 [AsyncHttpClient-1-3] DEBUG org.asynchttpclient.netty.handler.HttpHandler - 

Request DefaultFullHttpRequest(decodeResult: success, version: HTTP/1.1, content: EmptyByteBufBE)
GET /session/35ac021839294748f546ecef5cfaed21/screenshot HTTP/1.1
User-Agent: selenium/4.8.1 (java windows)
Cache-Control: no-cache
Content-Type: application/json; charset=utf-8
host: localhost:2595
accept: */*

Response DefaultHttpResponse(decodeResult: success, version: HTTP/1.1)
HTTP/1.1 200 OK
Content-Length: 112044
Content-Type: application/json; charset=utf-8
cache-control: no-cache

16:04:02.200 [AsyncHttpClient-1-3] DEBUG org.asynchttpclient.netty.channel.ChannelManager - Adding key: http://localhost:2595 for channel [id: 0x416453ca, L:/127.0.0.1:63446 - R:localhost/127.0.0.1:2595]
16:04:02.210 [main] DEBUG net.serenitybdd.core.photography.Darkroom - Send negative for processing for target\site\serenity\334a67c422f2bed4826b755d5d7281c46b33143018500a579171a1d9f19dfaad.png
16:04:02.210 [main] DEBUG net.thucydides.core.steps.StepInterceptor - STEP DONE: user click button Beli
16:04:02.210 [Darkroom Processing Line] DEBUG net.serenitybdd.core.photography.DarkroomProcessingLine - Processing screenshot image in /var/screenshots/screenshot-6752695019406073684
16:04:02.210 [Darkroom Processing Line] DEBUG net.serenitybdd.core.photography.DarkroomProcessingLine - Saving screenshot to target\site\serenity\334a67c422f2bed4826b755d5d7281c46b33143018500a579171a1d9f19dfaad.png
16:04:02.215 [main] DEBUG net.thucydides.core.steps.StepInterceptor - STARTING STEP: ProductStep.successAddProductToTheCart - user success to add product to cart
16:04:02.219 [Forwarding findElement on session 35ac021839294748f546ecef5cfaed21 to remote] DEBUG org.asynchttpclient.netty.request.NettyRequestSender - Using pooled Channel '[id: 0x416453ca, L:/127.0.0.1:63446 - R:localhost/127.0.0.1:2595]' for 'POST' to 'http://localhost:2595/session/35ac021839294748f546ecef5cfaed21/element'
16:04:02.219 [Forwarding findElement on session 35ac021839294748f546ecef5cfaed21 to remote] DEBUG org.asynchttpclient.netty.request.NettyRequestSender - Using open Channel [id: 0x416453ca, L:/127.0.0.1:63446 - R:localhost/127.0.0.1:2595] for POST '/session/35ac021839294748f546ecef5cfaed21/element'
16:04:02.255 [AsyncHttpClient-1-3] DEBUG org.asynchttpclient.netty.handler.HttpHandler - 

Request DefaultHttpRequest(decodeResult: success, version: HTTP/1.1)
POST /session/35ac021839294748f546ecef5cfaed21/element HTTP/1.1
User-Agent: selenium/4.8.1 (java windows)
Content-Length: 80
Content-Type: application/json; charset=utf-8
host: localhost:2595
accept: */*

Response DefaultHttpResponse(decodeResult: success, version: HTTP/1.1)
HTTP/1.1 200 OK
Content-Length: 88
Content-Type: application/json; charset=utf-8
cache-control: no-cache

16:04:02.256 [AsyncHttpClient-1-3] DEBUG org.asynchttpclient.netty.channel.ChannelManager - Adding key: http://localhost:2595 for channel [id: 0x416453ca, L:/127.0.0.1:63446 - R:localhost/127.0.0.1:2595]
16:04:02.261 [Forwarding isElementDisplayed on session 35ac021839294748f546ecef5cfaed21 to remote] DEBUG org.asynchttpclient.netty.request.NettyRequestSender - Using pooled Channel '[id: 0x416453ca, L:/127.0.0.1:63446 - R:localhost/127.0.0.1:2595]' for 'POST' to 'http://localhost:2595/session/35ac021839294748f546ecef5cfaed21/execute/sync'
16:04:02.261 [Forwarding isElementDisplayed on session 35ac021839294748f546ecef5cfaed21 to remote] DEBUG org.asynchttpclient.netty.request.NettyRequestSender - Using open Channel [id: 0x416453ca, L:/127.0.0.1:63446 - R:localhost/127.0.0.1:2595] for POST '/session/35ac021839294748f546ecef5cfaed21/execute/sync'
16:04:02.271 [AsyncHttpClient-1-3] DEBUG org.asynchttpclient.netty.handler.HttpHandler - 

Request DefaultHttpRequest(decodeResult: success, version: HTTP/1.1)
POST /session/35ac021839294748f546ecef5cfaed21/execute/sync HTTP/1.1
User-Agent: selenium/4.8.1 (java windows)
Content-Length: 48807
Content-Type: application/json; charset=utf-8
host: localhost:2595
accept: */*

Response DefaultHttpResponse(decodeResult: success, version: HTTP/1.1)
HTTP/1.1 200 OK
Content-Length: 14
Content-Type: application/json; charset=utf-8
cache-control: no-cache

16:04:02.272 [AsyncHttpClient-1-3] DEBUG org.asynchttpclient.netty.channel.ChannelManager - Adding key: http://localhost:2595 for channel [id: 0x416453ca, L:/127.0.0.1:63446 - R:localhost/127.0.0.1:2595]
16:04:02.280 [Forwarding getAlertText on session 35ac021839294748f546ecef5cfaed21 to remote] DEBUG org.asynchttpclient.netty.request.NettyRequestSender - Using pooled Channel '[id: 0x416453ca, L:/127.0.0.1:63446 - R:localhost/127.0.0.1:2595]' for 'GET' to 'http://localhost:2595/session/35ac021839294748f546ecef5cfaed21/alert/text'
16:04:02.280 [Forwarding getAlertText on session 35ac021839294748f546ecef5cfaed21 to remote] DEBUG org.asynchttpclient.netty.request.NettyRequestSender - Using open Channel [id: 0x416453ca, L:/127.0.0.1:63446 - R:localhost/127.0.0.1:2595] for GET '/session/35ac021839294748f546ecef5cfaed21/alert/text'
16:04:02.282 [AsyncHttpClient-1-3] DEBUG org.asynchttpclient.netty.handler.HttpHandler - 

Request DefaultFullHttpRequest(decodeResult: success, version: HTTP/1.1, content: EmptyByteBufBE)
GET /session/35ac021839294748f546ecef5cfaed21/alert/text HTTP/1.1
User-Agent: selenium/4.8.1 (java windows)
Cache-Control: no-cache
Content-Type: application/json; charset=utf-8
host: localhost:2595
accept: */*

Response DefaultHttpResponse(decodeResult: success, version: HTTP/1.1)
HTTP/1.1 404 Not Found
Content-Length: 848
Content-Type: application/json; charset=utf-8
cache-control: no-cache

16:04:02.283 [AsyncHttpClient-1-3] DEBUG org.asynchttpclient.netty.channel.ChannelManager - Adding key: http://localhost:2595 for channel [id: 0x416453ca, L:/127.0.0.1:63446 - R:localhost/127.0.0.1:2595]
16:04:02.287 [Forwarding getCurrentUrl on session 35ac021839294748f546ecef5cfaed21 to remote] DEBUG org.asynchttpclient.netty.request.NettyRequestSender - Using pooled Channel '[id: 0x416453ca, L:/127.0.0.1:63446 - R:localhost/127.0.0.1:2595]' for 'GET' to 'http://localhost:2595/session/35ac021839294748f546ecef5cfaed21/url'
16:04:02.287 [Forwarding getCurrentUrl on session 35ac021839294748f546ecef5cfaed21 to remote] DEBUG org.asynchttpclient.netty.request.NettyRequestSender - Using open Channel [id: 0x416453ca, L:/127.0.0.1:63446 - R:localhost/127.0.0.1:2595] for GET '/session/35ac021839294748f546ecef5cfaed21/url'
16:04:02.298 [AsyncHttpClient-1-3] DEBUG org.asynchttpclient.netty.handler.HttpHandler - 

Request DefaultFullHttpRequest(decodeResult: success, version: HTTP/1.1, content: EmptyByteBufBE)
GET /session/35ac021839294748f546ecef5cfaed21/url HTTP/1.1
User-Agent: selenium/4.8.1 (java windows)
Cache-Control: no-cache
Content-Type: application/json; charset=utf-8
host: localhost:2595
accept: */*

Response DefaultHttpResponse(decodeResult: success, version: HTTP/1.1)
HTTP/1.1 200 OK
Content-Length: 41
Content-Type: application/json; charset=utf-8
cache-control: no-cache

16:04:02.299 [AsyncHttpClient-1-3] DEBUG org.asynchttpclient.netty.channel.ChannelManager - Adding key: http://localhost:2595 for channel [id: 0x416453ca, L:/127.0.0.1:63446 - R:localhost/127.0.0.1:2595]
16:04:02.300 [Forwarding screenshot on session 35ac021839294748f546ecef5cfaed21 to remote] DEBUG org.asynchttpclient.netty.request.NettyRequestSender - Using pooled Channel '[id: 0x416453ca, L:/127.0.0.1:63446 - R:localhost/127.0.0.1:2595]' for 'GET' to 'http://localhost:2595/session/35ac021839294748f546ecef5cfaed21/screenshot'
16:04:02.300 [Forwarding screenshot on session 35ac021839294748f546ecef5cfaed21 to remote] DEBUG org.asynchttpclient.netty.request.NettyRequestSender - Using open Channel [id: 0x416453ca, L:/127.0.0.1:63446 - R:localhost/127.0.0.1:2595] for GET '/session/35ac021839294748f546ecef5cfaed21/screenshot'
16:04:02.420 [AsyncHttpClient-1-3] DEBUG org.asynchttpclient.netty.handler.HttpHandler - 

Request DefaultFullHttpRequest(decodeResult: success, version: HTTP/1.1, content: EmptyByteBufBE)
GET /session/35ac021839294748f546ecef5cfaed21/screenshot HTTP/1.1
User-Agent: selenium/4.8.1 (java windows)
Cache-Control: no-cache
Content-Type: application/json; charset=utf-8
host: localhost:2595
accept: */*

Response DefaultHttpResponse(decodeResult: success, version: HTTP/1.1)
HTTP/1.1 200 OK
Content-Length: 111308
Content-Type: application/json; charset=utf-8
cache-control: no-cache

16:04:02.421 [AsyncHttpClient-1-3] DEBUG org.asynchttpclient.netty.channel.ChannelManager - Adding key: http://localhost:2595 for channel [id: 0x416453ca, L:/127.0.0.1:63446 - R:localhost/127.0.0.1:2595]
16:04:02.426 [main] DEBUG net.serenitybdd.core.photography.Darkroom - Send negative for processing for target\site\serenity\63abb46fd54dbec2e3b74f1a63645b5bd7b0df685369a9a24c0a195158ea2a58.png
16:04:02.427 [Darkroom Processing Line] DEBUG net.serenitybdd.core.photography.DarkroomProcessingLine - Processing screenshot image in /var/screenshots/screenshot-4173670969138206209
16:04:02.427 [main] DEBUG net.thucydides.core.steps.StepInterceptor - STEP DONE: user success to add product to cart
16:04:02.427 [Darkroom Processing Line] DEBUG net.serenitybdd.core.photography.DarkroomProcessingLine - Saving screenshot to target\site\serenity\63abb46fd54dbec2e3b74f1a63645b5bd7b0df685369a9a24c0a195158ea2a58.png
  &amp#27;[32mAnd &amp#27;[0m&amp#27;[32muser success add product to the cart&amp#27;[0m                &amp#27;[90m# starter.stepdefinition.ProductStep.successAddProductToTheCart()&amp#27;[0m
16:04:02.445 [main] DEBUG net.thucydides.core.steps.StepInterceptor - STARTING STEP: CartStep.userClickTheCart - user click the cart
16:04:02.448 [Forwarding findElement on session 35ac021839294748f546ecef5cfaed21 to remote] DEBUG org.asynchttpclient.netty.request.NettyRequestSender - Using pooled Channel '[id: 0x416453ca, L:/127.0.0.1:63446 - R:localhost/127.0.0.1:2595]' for 'POST' to 'http://localhost:2595/session/35ac021839294748f546ecef5cfaed21/element'
16:04:02.449 [Forwarding findElement on session 35ac021839294748f546ecef5cfaed21 to remote] DEBUG org.asynchttpclient.netty.request.NettyRequestSender - Using open Channel [id: 0x416453ca, L:/127.0.0.1:63446 - R:localhost/127.0.0.1:2595] for POST '/session/35ac021839294748f546ecef5cfaed21/element'
16:04:02.467 [AsyncHttpClient-1-3] DEBUG org.asynchttpclient.netty.handler.HttpHandler - 

Request DefaultHttpRequest(decodeResult: success, version: HTTP/1.1)
POST /session/35ac021839294748f546ecef5cfaed21/element HTTP/1.1
User-Agent: selenium/4.8.1 (java windows)
Content-Length: 112
Content-Type: application/json; charset=utf-8
host: localhost:2595
accept: */*

Response DefaultHttpResponse(decodeResult: success, version: HTTP/1.1)
HTTP/1.1 200 OK
Content-Length: 88
Content-Type: application/json; charset=utf-8
cache-control: no-cache

16:04:02.467 [AsyncHttpClient-1-3] DEBUG org.asynchttpclient.netty.channel.ChannelManager - Adding key: http://localhost:2595 for channel [id: 0x416453ca, L:/127.0.0.1:63446 - R:localhost/127.0.0.1:2595]
16:04:02.469 [Forwarding getElementTagName on session 35ac021839294748f546ecef5cfaed21 to remote] DEBUG org.asynchttpclient.netty.request.NettyRequestSender - Using pooled Channel '[id: 0x416453ca, L:/127.0.0.1:63446 - R:localhost/127.0.0.1:2595]' for 'GET' to 'http://localhost:2595/session/35ac021839294748f546ecef5cfaed21/element/798468e8-70a8-42af-8bbd-ff1b16e42b0d/name'
16:04:02.469 [Forwarding getElementTagName on session 35ac021839294748f546ecef5cfaed21 to remote] DEBUG org.asynchttpclient.netty.request.NettyRequestSender - Using open Channel [id: 0x416453ca, L:/127.0.0.1:63446 - R:localhost/127.0.0.1:2595] for GET '/session/35ac021839294748f546ecef5cfaed21/element/798468e8-70a8-42af-8bbd-ff1b16e42b0d/name'
16:04:02.475 [AsyncHttpClient-1-3] DEBUG org.asynchttpclient.netty.handler.HttpHandler - 

Request DefaultFullHttpRequest(decodeResult: success, version: HTTP/1.1, content: EmptyByteBufBE)
GET /session/35ac021839294748f546ecef5cfaed21/element/798468e8-70a8-42af-8bbd-ff1b16e42b0d/name HTTP/1.1
User-Agent: selenium/4.8.1 (java windows)
Cache-Control: no-cache
Content-Type: application/json; charset=utf-8
host: localhost:2595
accept: */*

Response DefaultHttpResponse(decodeResult: success, version: HTTP/1.1)
HTTP/1.1 200 OK
Content-Length: 13
Content-Type: application/json; charset=utf-8
cache-control: no-cache

16:04:02.475 [AsyncHttpClient-1-3] DEBUG org.asynchttpclient.netty.channel.ChannelManager - Adding key: http://localhost:2595 for channel [id: 0x416453ca, L:/127.0.0.1:63446 - R:localhost/127.0.0.1:2595]
16:04:02.477 [Forwarding getElementTagName on session 35ac021839294748f546ecef5cfaed21 to remote] DEBUG org.asynchttpclient.netty.request.NettyRequestSender - Using pooled Channel '[id: 0x416453ca, L:/127.0.0.1:63446 - R:localhost/127.0.0.1:2595]' for 'GET' to 'http://localhost:2595/session/35ac021839294748f546ecef5cfaed21/element/798468e8-70a8-42af-8bbd-ff1b16e42b0d/name'
16:04:02.477 [Forwarding getElementTagName on session 35ac021839294748f546ecef5cfaed21 to remote] DEBUG org.asynchttpclient.netty.request.NettyRequestSender - Using open Channel [id: 0x416453ca, L:/127.0.0.1:63446 - R:localhost/127.0.0.1:2595] for GET '/session/35ac021839294748f546ecef5cfaed21/element/798468e8-70a8-42af-8bbd-ff1b16e42b0d/name'
16:04:02.481 [AsyncHttpClient-1-3] DEBUG org.asynchttpclient.netty.handler.HttpHandler - 

Request DefaultFullHttpRequest(decodeResult: success, version: HTTP/1.1, content: EmptyByteBufBE)
GET /session/35ac021839294748f546ecef5cfaed21/element/798468e8-70a8-42af-8bbd-ff1b16e42b0d/name HTTP/1.1
User-Agent: selenium/4.8.1 (java windows)
Cache-Control: no-cache
Content-Type: application/json; charset=utf-8
host: localhost:2595
accept: */*

Response DefaultHttpResponse(decodeResult: success, version: HTTP/1.1)
HTTP/1.1 200 OK
Content-Length: 13
Content-Type: application/json; charset=utf-8
cache-control: no-cache

16:04:02.481 [AsyncHttpClient-1-3] DEBUG org.asynchttpclient.netty.channel.ChannelManager - Adding key: http://localhost:2595 for channel [id: 0x416453ca, L:/127.0.0.1:63446 - R:localhost/127.0.0.1:2595]
16:04:02.485 [Forwarding findElement on session 35ac021839294748f546ecef5cfaed21 to remote] DEBUG org.asynchttpclient.netty.request.NettyRequestSender - Using pooled Channel '[id: 0x416453ca, L:/127.0.0.1:63446 - R:localhost/127.0.0.1:2595]' for 'POST' to 'http://localhost:2595/session/35ac021839294748f546ecef5cfaed21/element'
16:04:02.485 [Forwarding findElement on session 35ac021839294748f546ecef5cfaed21 to remote] DEBUG org.asynchttpclient.netty.request.NettyRequestSender - Using open Channel [id: 0x416453ca, L:/127.0.0.1:63446 - R:localhost/127.0.0.1:2595] for POST '/session/35ac021839294748f546ecef5cfaed21/element'
16:04:02.495 [AsyncHttpClient-1-3] DEBUG org.asynchttpclient.netty.handler.HttpHandler - 

Request DefaultHttpRequest(decodeResult: success, version: HTTP/1.1)
POST /session/35ac021839294748f546ecef5cfaed21/element HTTP/1.1
User-Agent: selenium/4.8.1 (java windows)
Content-Length: 112
Content-Type: application/json; charset=utf-8
host: localhost:2595
accept: */*

Response DefaultHttpResponse(decodeResult: success, version: HTTP/1.1)
HTTP/1.1 200 OK
Content-Length: 88
Content-Type: application/json; charset=utf-8
cache-control: no-cache

16:04:02.496 [AsyncHttpClient-1-3] DEBUG org.asynchttpclient.netty.channel.ChannelManager - Adding key: http://localhost:2595 for channel [id: 0x416453ca, L:/127.0.0.1:63446 - R:localhost/127.0.0.1:2595]
16:04:02.497 [Forwarding clickElement on session 35ac021839294748f546ecef5cfaed21 to remote] DEBUG org.asynchttpclient.netty.request.NettyRequestSender - Using pooled Channel '[id: 0x416453ca, L:/127.0.0.1:63446 - R:localhost/127.0.0.1:2595]' for 'POST' to 'http://localhost:2595/session/35ac021839294748f546ecef5cfaed21/element/798468e8-70a8-42af-8bbd-ff1b16e42b0d/click'
16:04:02.497 [Forwarding clickElement on session 35ac021839294748f546ecef5cfaed21 to remote] DEBUG org.asynchttpclient.netty.request.NettyRequestSender - Using open Channel [id: 0x416453ca, L:/127.0.0.1:63446 - R:localhost/127.0.0.1:2595] for POST '/session/35ac021839294748f546ecef5cfaed21/element/798468e8-70a8-42af-8bbd-ff1b16e42b0d/click'
16:04:02.536 [AsyncHttpClient-1-3] DEBUG org.asynchttpclient.netty.handler.HttpHandler - 

Request DefaultHttpRequest(decodeResult: success, version: HTTP/1.1)
POST /session/35ac021839294748f546ecef5cfaed21/element/798468e8-70a8-42af-8bbd-ff1b16e42b0d/click HTTP/1.1
User-Agent: selenium/4.8.1 (java windows)
Content-Length: 50
Content-Type: application/json; charset=utf-8
host: localhost:2595
accept: */*

Response DefaultHttpResponse(decodeResult: success, version: HTTP/1.1)
HTTP/1.1 200 OK
Content-Length: 14
Content-Type: application/json; charset=utf-8
cache-control: no-cache

16:04:02.536 [AsyncHttpClient-1-3] DEBUG org.asynchttpclient.netty.channel.ChannelManager - Adding key: http://localhost:2595 for channel [id: 0x416453ca, L:/127.0.0.1:63446 - R:localhost/127.0.0.1:2595]
16:04:02.543 [Forwarding getAlertText on session 35ac021839294748f546ecef5cfaed21 to remote] DEBUG org.asynchttpclient.netty.request.NettyRequestSender - Using pooled Channel '[id: 0x416453ca, L:/127.0.0.1:63446 - R:localhost/127.0.0.1:2595]' for 'GET' to 'http://localhost:2595/session/35ac021839294748f546ecef5cfaed21/alert/text'
16:04:02.543 [Forwarding getAlertText on session 35ac021839294748f546ecef5cfaed21 to remote] DEBUG org.asynchttpclient.netty.request.NettyRequestSender - Using open Channel [id: 0x416453ca, L:/127.0.0.1:63446 - R:localhost/127.0.0.1:2595] for GET '/session/35ac021839294748f546ecef5cfaed21/alert/text'
16:04:02.677 [AsyncHttpClient-1-1] DEBUG org.asynchttpclient.netty.channel.DefaultChannelPool - Entry count for : http://localhost:63448 : 1
16:04:02.754 [AsyncHttpClient-1-3] DEBUG org.asynchttpclient.netty.handler.HttpHandler - 

Request DefaultFullHttpRequest(decodeResult: success, version: HTTP/1.1, content: EmptyByteBufBE)
GET /session/35ac021839294748f546ecef5cfaed21/alert/text HTTP/1.1
User-Agent: selenium/4.8.1 (java windows)
Cache-Control: no-cache
Content-Type: application/json; charset=utf-8
host: localhost:2595
accept: */*

Response DefaultHttpResponse(decodeResult: success, version: HTTP/1.1)
HTTP/1.1 404 Not Found
Content-Length: 848
Content-Type: application/json; charset=utf-8
cache-control: no-cache

16:04:02.755 [AsyncHttpClient-1-3] DEBUG org.asynchttpclient.netty.channel.ChannelManager - Adding key: http://localhost:2595 for channel [id: 0x416453ca, L:/127.0.0.1:63446 - R:localhost/127.0.0.1:2595]
16:04:02.759 [Forwarding getCurrentUrl on session 35ac021839294748f546ecef5cfaed21 to remote] DEBUG org.asynchttpclient.netty.request.NettyRequestSender - Using pooled Channel '[id: 0x416453ca, L:/127.0.0.1:63446 - R:localhost/127.0.0.1:2595]' for 'GET' to 'http://localhost:2595/session/35ac021839294748f546ecef5cfaed21/url'
16:04:02.759 [Forwarding getCurrentUrl on session 35ac021839294748f546ecef5cfaed21 to remote] DEBUG org.asynchttpclient.netty.request.NettyRequestSender - Using open Channel [id: 0x416453ca, L:/127.0.0.1:63446 - R:localhost/127.0.0.1:2595] for GET '/session/35ac021839294748f546ecef5cfaed21/url'
16:04:02.768 [AsyncHttpClient-1-3] DEBUG org.asynchttpclient.netty.handler.HttpHandler - 

Request DefaultFullHttpRequest(decodeResult: success, version: HTTP/1.1, content: EmptyByteBufBE)
GET /session/35ac021839294748f546ecef5cfaed21/url HTTP/1.1
User-Agent: selenium/4.8.1 (java windows)
Cache-Control: no-cache
Content-Type: application/json; charset=utf-8
host: localhost:2595
accept: */*

Response DefaultHttpResponse(decodeResult: success, version: HTTP/1.1)
HTTP/1.1 200 OK
Content-Length: 46
Content-Type: application/json; charset=utf-8
cache-control: no-cache

16:04:02.768 [AsyncHttpClient-1-3] DEBUG org.asynchttpclient.netty.channel.ChannelManager - Adding key: http://localhost:2595 for channel [id: 0x416453ca, L:/127.0.0.1:63446 - R:localhost/127.0.0.1:2595]
16:04:02.769 [Forwarding screenshot on session 35ac021839294748f546ecef5cfaed21 to remote] DEBUG org.asynchttpclient.netty.request.NettyRequestSender - Using pooled Channel '[id: 0x416453ca, L:/127.0.0.1:63446 - R:localhost/127.0.0.1:2595]' for 'GET' to 'http://localhost:2595/session/35ac021839294748f546ecef5cfaed21/screenshot'
16:04:02.769 [Forwarding screenshot on session 35ac021839294748f546ecef5cfaed21 to remote] DEBUG org.asynchttpclient.netty.request.NettyRequestSender - Using open Channel [id: 0x416453ca, L:/127.0.0.1:63446 - R:localhost/127.0.0.1:2595] for GET '/session/35ac021839294748f546ecef5cfaed21/screenshot'
16:04:02.897 [AsyncHttpClient-1-3] DEBUG org.asynchttpclient.netty.handler.HttpHandler - 

Request DefaultFullHttpRequest(decodeResult: success, version: HTTP/1.1, content: EmptyByteBufBE)
GET /session/35ac021839294748f546ecef5cfaed21/screenshot HTTP/1.1
User-Agent: selenium/4.8.1 (java windows)
Cache-Control: no-cache
Content-Type: application/json; charset=utf-8
host: localhost:2595
accept: */*

Response DefaultHttpResponse(decodeResult: success, version: HTTP/1.1)
HTTP/1.1 200 OK
Content-Length: 30144
Content-Type: application/json; charset=utf-8
cache-control: no-cache

16:04:02.897 [AsyncHttpClient-1-3] DEBUG org.asynchttpclient.netty.channel.ChannelManager - Adding key: http://localhost:2595 for channel [id: 0x416453ca, L:/127.0.0.1:63446 - R:localhost/127.0.0.1:2595]
16:04:02.900 [main] DEBUG net.serenitybdd.core.photography.Darkroom - Send negative for processing for target\site\serenity\4a4ff1f3380d5175d4045b367f9d3d81de1b9bd5137d9285b8be45832451a905.png
16:04:02.900 [main] DEBUG net.thucydides.core.steps.StepInterceptor - STEP DONE: user click the cart
16:04:02.900 [Darkroom Processing Line] DEBUG net.serenitybdd.core.photography.DarkroomProcessingLine - Processing screenshot image in /var/screenshots/screenshot-1357858272850499284
  &amp#27;[32mWhen &amp#27;[0m&amp#27;[32muser click the cart&amp#27;[0m                                &amp#27;[90m# starter.stepdefinition.CartStep.userClickTheCart()&amp#27;[0m
16:04:02.900 [Darkroom Processing Line] DEBUG net.serenitybdd.core.photography.DarkroomProcessingLine - Saving screenshot to target\site\serenity\4a4ff1f3380d5175d4045b367f9d3d81de1b9bd5137d9285b8be45832451a905.png
16:04:02.914 [main] DEBUG net.thucydides.core.steps.StepInterceptor - STARTING STEP: CartStep.userClicksButtonMinUntilQuantity - user clicks button min until quantity 0
16:04:02.917 [Forwarding findElement on session 35ac021839294748f546ecef5cfaed21 to remote] DEBUG org.asynchttpclient.netty.request.NettyRequestSender - Using pooled Channel '[id: 0x416453ca, L:/127.0.0.1:63446 - R:localhost/127.0.0.1:2595]' for 'POST' to 'http://localhost:2595/session/35ac021839294748f546ecef5cfaed21/element'
16:04:02.917 [Forwarding findElement on session 35ac021839294748f546ecef5cfaed21 to remote] DEBUG org.asynchttpclient.netty.request.NettyRequestSender - Using open Channel [id: 0x416453ca, L:/127.0.0.1:63446 - R:localhost/127.0.0.1:2595] for POST '/session/35ac021839294748f546ecef5cfaed21/element'
16:04:02.929 [AsyncHttpClient-1-3] DEBUG org.asynchttpclient.netty.handler.HttpHandler - 

Request DefaultHttpRequest(decodeResult: success, version: HTTP/1.1)
POST /session/35ac021839294748f546ecef5cfaed21/element HTTP/1.1
User-Agent: selenium/4.8.1 (java windows)
Content-Length: 65
Content-Type: application/json; charset=utf-8
host: localhost:2595
accept: */*

Response DefaultHttpResponse(decodeResult: success, version: HTTP/1.1)
HTTP/1.1 200 OK
Content-Length: 88
Content-Type: application/json; charset=utf-8
cache-control: no-cache

16:04:02.929 [AsyncHttpClient-1-3] DEBUG org.asynchttpclient.netty.channel.ChannelManager - Adding key: http://localhost:2595 for channel [id: 0x416453ca, L:/127.0.0.1:63446 - R:localhost/127.0.0.1:2595]
16:04:02.931 [Forwarding getElementTagName on session 35ac021839294748f546ecef5cfaed21 to remote] DEBUG org.asynchttpclient.netty.request.NettyRequestSender - Using pooled Channel '[id: 0x416453ca, L:/127.0.0.1:63446 - R:localhost/127.0.0.1:2595]' for 'GET' to 'http://localhost:2595/session/35ac021839294748f546ecef5cfaed21/element/8f1b6ae4-6b6a-4c35-a096-ef18a1df2c8b/name'
16:04:02.931 [Forwarding getElementTagName on session 35ac021839294748f546ecef5cfaed21 to remote] DEBUG org.asynchttpclient.netty.request.NettyRequestSender - Using open Channel [id: 0x416453ca, L:/127.0.0.1:63446 - R:localhost/127.0.0.1:2595] for GET '/session/35ac021839294748f546ecef5cfaed21/element/8f1b6ae4-6b6a-4c35-a096-ef18a1df2c8b/name'
16:04:02.934 [AsyncHttpClient-1-3] DEBUG org.asynchttpclient.netty.handler.HttpHandler - 

Request DefaultFullHttpRequest(decodeResult: success, version: HTTP/1.1, content: EmptyByteBufBE)
GET /session/35ac021839294748f546ecef5cfaed21/element/8f1b6ae4-6b6a-4c35-a096-ef18a1df2c8b/name HTTP/1.1
User-Agent: selenium/4.8.1 (java windows)
Cache-Control: no-cache
Content-Type: application/json; charset=utf-8
host: localhost:2595
accept: */*

Response DefaultHttpResponse(decodeResult: success, version: HTTP/1.1)
HTTP/1.1 200 OK
Content-Length: 16
Content-Type: application/json; charset=utf-8
cache-control: no-cache

16:04:02.934 [AsyncHttpClient-1-3] DEBUG org.asynchttpclient.netty.channel.ChannelManager - Adding key: http://localhost:2595 for channel [id: 0x416453ca, L:/127.0.0.1:63446 - R:localhost/127.0.0.1:2595]
16:04:02.935 [Forwarding getElementTagName on session 35ac021839294748f546ecef5cfaed21 to remote] DEBUG org.asynchttpclient.netty.request.NettyRequestSender - Using pooled Channel '[id: 0x416453ca, L:/127.0.0.1:63446 - R:localhost/127.0.0.1:2595]' for 'GET' to 'http://localhost:2595/session/35ac021839294748f546ecef5cfaed21/element/8f1b6ae4-6b6a-4c35-a096-ef18a1df2c8b/name'
16:04:02.935 [Forwarding getElementTagName on session 35ac021839294748f546ecef5cfaed21 to remote] DEBUG org.asynchttpclient.netty.request.NettyRequestSender - Using open Channel [id: 0x416453ca, L:/127.0.0.1:63446 - R:localhost/127.0.0.1:2595] for GET '/session/35ac021839294748f546ecef5cfaed21/element/8f1b6ae4-6b6a-4c35-a096-ef18a1df2c8b/name'
16:04:02.938 [AsyncHttpClient-1-3] DEBUG org.asynchttpclient.netty.handler.HttpHandler - 

Request DefaultFullHttpRequest(decodeResult: success, version: HTTP/1.1, content: EmptyByteBufBE)
GET /session/35ac021839294748f546ecef5cfaed21/element/8f1b6ae4-6b6a-4c35-a096-ef18a1df2c8b/name HTTP/1.1
User-Agent: selenium/4.8.1 (java windows)
Cache-Control: no-cache
Content-Type: application/json; charset=utf-8
host: localhost:2595
accept: */*

Response DefaultHttpResponse(decodeResult: success, version: HTTP/1.1)
HTTP/1.1 200 OK
Content-Length: 16
Content-Type: application/json; charset=utf-8
cache-control: no-cache

16:04:02.938 [AsyncHttpClient-1-3] DEBUG org.asynchttpclient.netty.channel.ChannelManager - Adding key: http://localhost:2595 for channel [id: 0x416453ca, L:/127.0.0.1:63446 - R:localhost/127.0.0.1:2595]
16:04:02.940 [Forwarding findElement on session 35ac021839294748f546ecef5cfaed21 to remote] DEBUG org.asynchttpclient.netty.request.NettyRequestSender - Using pooled Channel '[id: 0x416453ca, L:/127.0.0.1:63446 - R:localhost/127.0.0.1:2595]' for 'POST' to 'http://localhost:2595/session/35ac021839294748f546ecef5cfaed21/element'
16:04:02.940 [Forwarding findElement on session 35ac021839294748f546ecef5cfaed21 to remote] DEBUG org.asynchttpclient.netty.request.NettyRequestSender - Using open Channel [id: 0x416453ca, L:/127.0.0.1:63446 - R:localhost/127.0.0.1:2595] for POST '/session/35ac021839294748f546ecef5cfaed21/element'
16:04:02.947 [AsyncHttpClient-1-3] DEBUG org.asynchttpclient.netty.handler.HttpHandler - 

Request DefaultHttpRequest(decodeResult: success, version: HTTP/1.1)
POST /session/35ac021839294748f546ecef5cfaed21/element HTTP/1.1
User-Agent: selenium/4.8.1 (java windows)
Content-Length: 65
Content-Type: application/json; charset=utf-8
host: localhost:2595
accept: */*

Response DefaultHttpResponse(decodeResult: success, version: HTTP/1.1)
HTTP/1.1 200 OK
Content-Length: 88
Content-Type: application/json; charset=utf-8
cache-control: no-cache

16:04:02.947 [AsyncHttpClient-1-3] DEBUG org.asynchttpclient.netty.channel.ChannelManager - Adding key: http://localhost:2595 for channel [id: 0x416453ca, L:/127.0.0.1:63446 - R:localhost/127.0.0.1:2595]
16:04:02.948 [Forwarding clickElement on session 35ac021839294748f546ecef5cfaed21 to remote] DEBUG org.asynchttpclient.netty.request.NettyRequestSender - Using pooled Channel '[id: 0x416453ca, L:/127.0.0.1:63446 - R:localhost/127.0.0.1:2595]' for 'POST' to 'http://localhost:2595/session/35ac021839294748f546ecef5cfaed21/element/8f1b6ae4-6b6a-4c35-a096-ef18a1df2c8b/click'
16:04:02.948 [Forwarding clickElement on session 35ac021839294748f546ecef5cfaed21 to remote] DEBUG org.asynchttpclient.netty.request.NettyRequestSender - Using open Channel [id: 0x416453ca, L:/127.0.0.1:63446 - R:localhost/127.0.0.1:2595] for POST '/session/35ac021839294748f546ecef5cfaed21/element/8f1b6ae4-6b6a-4c35-a096-ef18a1df2c8b/click'
16:04:02.985 [AsyncHttpClient-1-3] DEBUG org.asynchttpclient.netty.handler.HttpHandler - 

Request DefaultHttpRequest(decodeResult: success, version: HTTP/1.1)
POST /session/35ac021839294748f546ecef5cfaed21/element/8f1b6ae4-6b6a-4c35-a096-ef18a1df2c8b/click HTTP/1.1
User-Agent: selenium/4.8.1 (java windows)
Content-Length: 50
Content-Type: application/json; charset=utf-8
host: localhost:2595
accept: */*

Response DefaultHttpResponse(decodeResult: success, version: HTTP/1.1)
HTTP/1.1 200 OK
Content-Length: 14
Content-Type: application/json; charset=utf-8
cache-control: no-cache

16:04:02.985 [AsyncHttpClient-1-3] DEBUG org.asynchttpclient.netty.channel.ChannelManager - Adding key: http://localhost:2595 for channel [id: 0x416453ca, L:/127.0.0.1:63446 - R:localhost/127.0.0.1:2595]
16:04:02.990 [Forwarding findElement on session 35ac021839294748f546ecef5cfaed21 to remote] DEBUG org.asynchttpclient.netty.request.NettyRequestSender - Using pooled Channel '[id: 0x416453ca, L:/127.0.0.1:63446 - R:localhost/127.0.0.1:2595]' for 'POST' to 'http://localhost:2595/session/35ac021839294748f546ecef5cfaed21/element'
16:04:02.990 [Forwarding findElement on session 35ac021839294748f546ecef5cfaed21 to remote] DEBUG org.asynchttpclient.netty.request.NettyRequestSender - Using open Channel [id: 0x416453ca, L:/127.0.0.1:63446 - R:localhost/127.0.0.1:2595] for POST '/session/35ac021839294748f546ecef5cfaed21/element'
16:04:02.999 [AsyncHttpClient-1-3] DEBUG org.asynchttpclient.netty.handler.HttpHandler - 

Request DefaultHttpRequest(decodeResult: success, version: HTTP/1.1)
POST /session/35ac021839294748f546ecef5cfaed21/element HTTP/1.1
User-Agent: selenium/4.8.1 (java windows)
Content-Length: 65
Content-Type: application/json; charset=utf-8
host: localhost:2595
accept: */*

Response DefaultHttpResponse(decodeResult: success, version: HTTP/1.1)
HTTP/1.1 200 OK
Content-Length: 88
Content-Type: application/json; charset=utf-8
cache-control: no-cache

16:04:02.999 [AsyncHttpClient-1-3] DEBUG org.asynchttpclient.netty.channel.ChannelManager - Adding key: http://localhost:2595 for channel [id: 0x416453ca, L:/127.0.0.1:63446 - R:localhost/127.0.0.1:2595]
16:04:03.001 [Forwarding getElementTagName on session 35ac021839294748f546ecef5cfaed21 to remote] DEBUG org.asynchttpclient.netty.request.NettyRequestSender - Using pooled Channel '[id: 0x416453ca, L:/127.0.0.1:63446 - R:localhost/127.0.0.1:2595]' for 'GET' to 'http://localhost:2595/session/35ac021839294748f546ecef5cfaed21/element/8f1b6ae4-6b6a-4c35-a096-ef18a1df2c8b/name'
16:04:03.001 [Forwarding getElementTagName on session 35ac021839294748f546ecef5cfaed21 to remote] DEBUG org.asynchttpclient.netty.request.NettyRequestSender - Using open Channel [id: 0x416453ca, L:/127.0.0.1:63446 - R:localhost/127.0.0.1:2595] for GET '/session/35ac021839294748f546ecef5cfaed21/element/8f1b6ae4-6b6a-4c35-a096-ef18a1df2c8b/name'
16:04:03.004 [AsyncHttpClient-1-3] DEBUG org.asynchttpclient.netty.handler.HttpHandler - 

Request DefaultFullHttpRequest(decodeResult: success, version: HTTP/1.1, content: EmptyByteBufBE)
GET /session/35ac021839294748f546ecef5cfaed21/element/8f1b6ae4-6b6a-4c35-a096-ef18a1df2c8b/name HTTP/1.1
User-Agent: selenium/4.8.1 (java windows)
Cache-Control: no-cache
Content-Type: application/json; charset=utf-8
host: localhost:2595
accept: */*

Response DefaultHttpResponse(decodeResult: success, version: HTTP/1.1)
HTTP/1.1 200 OK
Content-Length: 16
Content-Type: application/json; charset=utf-8
cache-control: no-cache

16:04:03.004 [AsyncHttpClient-1-3] DEBUG org.asynchttpclient.netty.channel.ChannelManager - Adding key: http://localhost:2595 for channel [id: 0x416453ca, L:/127.0.0.1:63446 - R:localhost/127.0.0.1:2595]
16:04:03.005 [Forwarding getElementTagName on session 35ac021839294748f546ecef5cfaed21 to remote] DEBUG org.asynchttpclient.netty.request.NettyRequestSender - Using pooled Channel '[id: 0x416453ca, L:/127.0.0.1:63446 - R:localhost/127.0.0.1:2595]' for 'GET' to 'http://localhost:2595/session/35ac021839294748f546ecef5cfaed21/element/8f1b6ae4-6b6a-4c35-a096-ef18a1df2c8b/name'
16:04:03.005 [Forwarding getElementTagName on session 35ac021839294748f546ecef5cfaed21 to remote] DEBUG org.asynchttpclient.netty.request.NettyRequestSender - Using open Channel [id: 0x416453ca, L:/127.0.0.1:63446 - R:localhost/127.0.0.1:2595] for GET '/session/35ac021839294748f546ecef5cfaed21/element/8f1b6ae4-6b6a-4c35-a096-ef18a1df2c8b/name'
16:04:03.011 [AsyncHttpClient-1-3] DEBUG org.asynchttpclient.netty.handler.HttpHandler - 

Request DefaultFullHttpRequest(decodeResult: success, version: HTTP/1.1, content: EmptyByteBufBE)
GET /session/35ac021839294748f546ecef5cfaed21/element/8f1b6ae4-6b6a-4c35-a096-ef18a1df2c8b/name HTTP/1.1
User-Agent: selenium/4.8.1 (java windows)
Cache-Control: no-cache
Content-Type: application/json; charset=utf-8
host: localhost:2595
accept: */*

Response DefaultHttpResponse(decodeResult: success, version: HTTP/1.1)
HTTP/1.1 200 OK
Content-Length: 16
Content-Type: application/json; charset=utf-8
cache-control: no-cache

16:04:03.012 [AsyncHttpClient-1-3] DEBUG org.asynchttpclient.netty.channel.ChannelManager - Adding key: http://localhost:2595 for channel [id: 0x416453ca, L:/127.0.0.1:63446 - R:localhost/127.0.0.1:2595]
16:04:03.014 [Forwarding findElement on session 35ac021839294748f546ecef5cfaed21 to remote] DEBUG org.asynchttpclient.netty.request.NettyRequestSender - Using pooled Channel '[id: 0x416453ca, L:/127.0.0.1:63446 - R:localhost/127.0.0.1:2595]' for 'POST' to 'http://localhost:2595/session/35ac021839294748f546ecef5cfaed21/element'
16:04:03.014 [Forwarding findElement on session 35ac021839294748f546ecef5cfaed21 to remote] DEBUG org.asynchttpclient.netty.request.NettyRequestSender - Using open Channel [id: 0x416453ca, L:/127.0.0.1:63446 - R:localhost/127.0.0.1:2595] for POST '/session/35ac021839294748f546ecef5cfaed21/element'
16:04:03.019 [AsyncHttpClient-1-3] DEBUG org.asynchttpclient.netty.handler.HttpHandler - 

Request DefaultHttpRequest(decodeResult: success, version: HTTP/1.1)
POST /session/35ac021839294748f546ecef5cfaed21/element HTTP/1.1
User-Agent: selenium/4.8.1 (java windows)
Content-Length: 65
Content-Type: application/json; charset=utf-8
host: localhost:2595
accept: */*

Response DefaultHttpResponse(decodeResult: success, version: HTTP/1.1)
HTTP/1.1 200 OK
Content-Length: 88
Content-Type: application/json; charset=utf-8
cache-control: no-cache

16:04:03.020 [AsyncHttpClient-1-3] DEBUG org.asynchttpclient.netty.channel.ChannelManager - Adding key: http://localhost:2595 for channel [id: 0x416453ca, L:/127.0.0.1:63446 - R:localhost/127.0.0.1:2595]
16:04:03.021 [Forwarding clickElement on session 35ac021839294748f546ecef5cfaed21 to remote] DEBUG org.asynchttpclient.netty.request.NettyRequestSender - Using pooled Channel '[id: 0x416453ca, L:/127.0.0.1:63446 - R:localhost/127.0.0.1:2595]' for 'POST' to 'http://localhost:2595/session/35ac021839294748f546ecef5cfaed21/element/8f1b6ae4-6b6a-4c35-a096-ef18a1df2c8b/click'
16:04:03.021 [Forwarding clickElement on session 35ac021839294748f546ecef5cfaed21 to remote] DEBUG org.asynchttpclient.netty.request.NettyRequestSender - Using open Channel [id: 0x416453ca, L:/127.0.0.1:63446 - R:localhost/127.0.0.1:2595] for POST '/session/35ac021839294748f546ecef5cfaed21/element/8f1b6ae4-6b6a-4c35-a096-ef18a1df2c8b/click'
16:04:03.048 [AsyncHttpClient-1-3] DEBUG org.asynchttpclient.netty.handler.HttpHandler - 

Request DefaultHttpRequest(decodeResult: success, version: HTTP/1.1)
POST /session/35ac021839294748f546ecef5cfaed21/element/8f1b6ae4-6b6a-4c35-a096-ef18a1df2c8b/click HTTP/1.1
User-Agent: selenium/4.8.1 (java windows)
Content-Length: 50
Content-Type: application/json; charset=utf-8
host: localhost:2595
accept: */*

Response DefaultHttpResponse(decodeResult: success, version: HTTP/1.1)
HTTP/1.1 200 OK
Content-Length: 14
Content-Type: application/json; charset=utf-8
cache-control: no-cache

16:04:03.048 [AsyncHttpClient-1-3] DEBUG org.asynchttpclient.netty.channel.ChannelManager - Adding key: http://localhost:2595 for channel [id: 0x416453ca, L:/127.0.0.1:63446 - R:localhost/127.0.0.1:2595]
16:04:03.054 [Forwarding getAlertText on session 35ac021839294748f546ecef5cfaed21 to remote] DEBUG org.asynchttpclient.netty.request.NettyRequestSender - Using pooled Channel '[id: 0x416453ca, L:/127.0.0.1:63446 - R:localhost/127.0.0.1:2595]' for 'GET' to 'http://localhost:2595/session/35ac021839294748f546ecef5cfaed21/alert/text'
16:04:03.054 [Forwarding getAlertText on session 35ac021839294748f546ecef5cfaed21 to remote] DEBUG org.asynchttpclient.netty.request.NettyRequestSender - Using open Channel [id: 0x416453ca, L:/127.0.0.1:63446 - R:localhost/127.0.0.1:2595] for GET '/session/35ac021839294748f546ecef5cfaed21/alert/text'
16:04:03.056 [AsyncHttpClient-1-3] DEBUG org.asynchttpclient.netty.handler.HttpHandler - 

Request DefaultFullHttpRequest(decodeResult: success, version: HTTP/1.1, content: EmptyByteBufBE)
GET /session/35ac021839294748f546ecef5cfaed21/alert/text HTTP/1.1
User-Agent: selenium/4.8.1 (java windows)
Cache-Control: no-cache
Content-Type: application/json; charset=utf-8
host: localhost:2595
accept: */*

Response DefaultHttpResponse(decodeResult: success, version: HTTP/1.1)
HTTP/1.1 404 Not Found
Content-Length: 848
Content-Type: application/json; charset=utf-8
cache-control: no-cache

16:04:03.056 [AsyncHttpClient-1-3] DEBUG org.asynchttpclient.netty.channel.ChannelManager - Adding key: http://localhost:2595 for channel [id: 0x416453ca, L:/127.0.0.1:63446 - R:localhost/127.0.0.1:2595]
16:04:03.059 [Forwarding getCurrentUrl on session 35ac021839294748f546ecef5cfaed21 to remote] DEBUG org.asynchttpclient.netty.request.NettyRequestSender - Using pooled Channel '[id: 0x416453ca, L:/127.0.0.1:63446 - R:localhost/127.0.0.1:2595]' for 'GET' to 'http://localhost:2595/session/35ac021839294748f546ecef5cfaed21/url'
16:04:03.059 [Forwarding getCurrentUrl on session 35ac021839294748f546ecef5cfaed21 to remote] DEBUG org.asynchttpclient.netty.request.NettyRequestSender - Using open Channel [id: 0x416453ca, L:/127.0.0.1:63446 - R:localhost/127.0.0.1:2595] for GET '/session/35ac021839294748f546ecef5cfaed21/url'
16:04:03.064 [AsyncHttpClient-1-3] DEBUG org.asynchttpclient.netty.handler.HttpHandler - 

Request DefaultFullHttpRequest(decodeResult: success, version: HTTP/1.1, content: EmptyByteBufBE)
GET /session/35ac021839294748f546ecef5cfaed21/url HTTP/1.1
User-Agent: selenium/4.8.1 (java windows)
Cache-Control: no-cache
Content-Type: application/json; charset=utf-8
host: localhost:2595
accept: */*

Response DefaultHttpResponse(decodeResult: success, version: HTTP/1.1)
HTTP/1.1 200 OK
Content-Length: 46
Content-Type: application/json; charset=utf-8
cache-control: no-cache

16:04:03.064 [AsyncHttpClient-1-3] DEBUG org.asynchttpclient.netty.channel.ChannelManager - Adding key: http://localhost:2595 for channel [id: 0x416453ca, L:/127.0.0.1:63446 - R:localhost/127.0.0.1:2595]
16:04:03.065 [Forwarding screenshot on session 35ac021839294748f546ecef5cfaed21 to remote] DEBUG org.asynchttpclient.netty.request.NettyRequestSender - Using pooled Channel '[id: 0x416453ca, L:/127.0.0.1:63446 - R:localhost/127.0.0.1:2595]' for 'GET' to 'http://localhost:2595/session/35ac021839294748f546ecef5cfaed21/screenshot'
16:04:03.065 [Forwarding screenshot on session 35ac021839294748f546ecef5cfaed21 to remote] DEBUG org.asynchttpclient.netty.request.NettyRequestSender - Using open Channel [id: 0x416453ca, L:/127.0.0.1:63446 - R:localhost/127.0.0.1:2595] for GET '/session/35ac021839294748f546ecef5cfaed21/screenshot'
16:04:03.181 [AsyncHttpClient-1-3] DEBUG org.asynchttpclient.netty.handler.HttpHandler - 

Request DefaultFullHttpRequest(decodeResult: success, version: HTTP/1.1, content: EmptyByteBufBE)
GET /session/35ac021839294748f546ecef5cfaed21/screenshot HTTP/1.1
User-Agent: selenium/4.8.1 (java windows)
Cache-Control: no-cache
Content-Type: application/json; charset=utf-8
host: localhost:2595
accept: */*

Response DefaultHttpResponse(decodeResult: success, version: HTTP/1.1)
HTTP/1.1 200 OK
Content-Length: 18596
Content-Type: application/json; charset=utf-8
cache-control: no-cache

16:04:03.181 [AsyncHttpClient-1-3] DEBUG org.asynchttpclient.netty.channel.ChannelManager - Adding key: http://localhost:2595 for channel [id: 0x416453ca, L:/127.0.0.1:63446 - R:localhost/127.0.0.1:2595]
16:04:03.182 [main] DEBUG net.serenitybdd.core.photography.Darkroom - Send negative for processing for target\site\serenity\ba96fca7ed32958d4f80e77ddcd49995e1253a925dcf620789e76ab162ac19fd.png
16:04:03.183 [main] DEBUG net.thucydides.core.steps.StepInterceptor - STEP DONE: user clicks button min until quantity 0
16:04:03.183 [Darkroom Processing Line] DEBUG net.serenitybdd.core.photography.DarkroomProcessingLine - Processing screenshot image in /var/screenshots/screenshot-2754672273314229539
16:04:03.183 [Darkroom Processing Line] DEBUG net.serenitybdd.core.photography.DarkroomProcessingLine - Saving screenshot to target\site\serenity\ba96fca7ed32958d4f80e77ddcd49995e1253a925dcf620789e76ab162ac19fd.png
  &amp#27;[32mAnd &amp#27;[0m&amp#27;[32muser clicks button min until quantity &amp#27;[0m&amp#27;[32m&amp#27;[1m0&amp#27;[0m             &amp#27;[90m# starter.stepdefinition.CartStep.userClicksButtonMinUntilQuantity(int)&amp#27;[0m
16:04:03.192 [main] DEBUG net.thucydides.core.steps.StepInterceptor - STARTING STEP: CartStep.userSuccessDeleteProductFromTheCart - user success delete product from the cart
16:04:03.194 [Forwarding findElement on session 35ac021839294748f546ecef5cfaed21 to remote] DEBUG org.asynchttpclient.netty.request.NettyRequestSender - Using pooled Channel '[id: 0x416453ca, L:/127.0.0.1:63446 - R:localhost/127.0.0.1:2595]' for 'POST' to 'http://localhost:2595/session/35ac021839294748f546ecef5cfaed21/element'
16:04:03.195 [Forwarding findElement on session 35ac021839294748f546ecef5cfaed21 to remote] DEBUG org.asynchttpclient.netty.request.NettyRequestSender - Using open Channel [id: 0x416453ca, L:/127.0.0.1:63446 - R:localhost/127.0.0.1:2595] for POST '/session/35ac021839294748f546ecef5cfaed21/element'
16:04:03.205 [AsyncHttpClient-1-3] DEBUG org.asynchttpclient.netty.handler.HttpHandler - 

Request DefaultHttpRequest(decodeResult: success, version: HTTP/1.1)
POST /session/35ac021839294748f546ecef5cfaed21/element HTTP/1.1
User-Agent: selenium/4.8.1 (java windows)
Content-Length: 80
Content-Type: application/json; charset=utf-8
host: localhost:2595
accept: */*

Response DefaultHttpResponse(decodeResult: success, version: HTTP/1.1)
HTTP/1.1 200 OK
Content-Length: 88
Content-Type: application/json; charset=utf-8
cache-control: no-cache

16:04:03.205 [AsyncHttpClient-1-3] DEBUG org.asynchttpclient.netty.channel.ChannelManager - Adding key: http://localhost:2595 for channel [id: 0x416453ca, L:/127.0.0.1:63446 - R:localhost/127.0.0.1:2595]
16:04:03.208 [Forwarding isElementDisplayed on session 35ac021839294748f546ecef5cfaed21 to remote] DEBUG org.asynchttpclient.netty.request.NettyRequestSender - Using pooled Channel '[id: 0x416453ca, L:/127.0.0.1:63446 - R:localhost/127.0.0.1:2595]' for 'POST' to 'http://localhost:2595/session/35ac021839294748f546ecef5cfaed21/execute/sync'
16:04:03.208 [Forwarding isElementDisplayed on session 35ac021839294748f546ecef5cfaed21 to remote] DEBUG org.asynchttpclient.netty.request.NettyRequestSender - Using open Channel [id: 0x416453ca, L:/127.0.0.1:63446 - R:localhost/127.0.0.1:2595] for POST '/session/35ac021839294748f546ecef5cfaed21/execute/sync'
16:04:03.218 [AsyncHttpClient-1-3] DEBUG org.asynchttpclient.netty.handler.HttpHandler - 

Request DefaultHttpRequest(decodeResult: success, version: HTTP/1.1)
POST /session/35ac021839294748f546ecef5cfaed21/execute/sync HTTP/1.1
User-Agent: selenium/4.8.1 (java windows)
Content-Length: 48807
Content-Type: application/json; charset=utf-8
host: localhost:2595
accept: */*

Response DefaultHttpResponse(decodeResult: success, version: HTTP/1.1)
HTTP/1.1 200 OK
Content-Length: 14
Content-Type: application/json; charset=utf-8
cache-control: no-cache

16:04:03.219 [AsyncHttpClient-1-3] DEBUG org.asynchttpclient.netty.channel.ChannelManager - Adding key: http://localhost:2595 for channel [id: 0x416453ca, L:/127.0.0.1:63446 - R:localhost/127.0.0.1:2595]
16:04:03.222 [main] DEBUG net.thucydides.core.steps.StepInterceptor - STEP DONE: user success delete product from the cart
  &amp#27;[32mThen &amp#27;[0m&amp#27;[32muser success delete product from the cart&amp#27;[0m          &amp#27;[90m# starter.stepdefinition.CartStep.userSuccessDeleteProductFromTheCart()&amp#27;[0m
16:04:03.228 [main] INFO  - 
  _____   ___   ___   _____     ___     _     ___   ___   ___   ___  
 |_   _| | __| / __| |_   _|   | _ \   /_\   / __| / __| | __| |   \ 
   | |   | _|  \__ \   | |     |  _/  / _ \  \__ \ \__ \ | _|  | |) |
   |_|   |___| |___/   |_|     |_|   /_/ \_\ |___/ |___/ |___| |___/ 

As a user, I want to delete product in the cart
----------------------------------------------------------------------
16:04:03.229 [AsyncHttpClient-1-5] DEBUG org.asynchttpclient.netty.handler.WebSocketHandler - Channel Closed: [id: 0x390efb60, L:/127.0.0.1:63454 ! R:localhost/127.0.0.1:63448] with attribute NettyResponseFuture{currentRetry=0,
	isDone=1,
	isCancelled=0,
	asyncHandler=org.asynchttpclient.ws.WebSocketUpgradeHandler@336c5918,
	nettyRequest=org.asynchttpclient.netty.request.NettyRequest@6680c67,
	future=java.util.concurrent.CompletableFuture@6f6a27aa[Completed normally],
	uri=ws://localhost:63448/devtools/browser/107de1e7-b552-40cf-9473-e4d48d047f6f,
	keepAlive=true,
	redirectCount=0,
	timeoutsHolder=null,
	inAuth=0,
	touch=1683104636013}
16:04:03.229 [AsyncHttpClient-1-5] DEBUG org.asynchttpclient.netty.channel.ChannelManager - Closing Channel [id: 0x390efb60, L:/127.0.0.1:63454 ! R:localhost/127.0.0.1:63448] 
16:04:03.229 [Driver Command Executor] DEBUG org.asynchttpclient.netty.request.NettyRequestSender - Using pooled Channel '[id: 0x416453ca, L:/127.0.0.1:63446 - R:localhost/127.0.0.1:2595]' for 'DELETE' to 'http://localhost:2595/session/35ac021839294748f546ecef5cfaed21'
16:04:03.229 [Driver Command Executor] DEBUG org.asynchttpclient.netty.request.NettyRequestSender - Using open Channel [id: 0x416453ca, L:/127.0.0.1:63446 - R:localhost/127.0.0.1:2595] for DELETE '/session/35ac021839294748f546ecef5cfaed21'
16:04:03.482 [AsyncHttpClient-1-4] DEBUG org.asynchttpclient.netty.handler.HttpHandler - Unexpected I/O exception on channel [id: 0x6519b910, L:/127.0.0.1:63453 - R:localhost/127.0.0.1:63448]
java.io.IOException: An existing connection was forcibly closed by the remote host
	at sun.nio.ch.SocketDispatcher.read0(Native Method)
	at sun.nio.ch.SocketDispatcher.read(SocketDispatcher.java:43)
	at sun.nio.ch.IOUtil.readIntoNativeBuffer(IOUtil.java:223)
	at sun.nio.ch.IOUtil.read(IOUtil.java:192)
	at sun.nio.ch.SocketChannelImpl.read(SocketChannelImpl.java:378)
	at io.netty.buffer.PooledByteBuf.setBytes(PooledByteBuf.java:259)
	at io.netty.buffer.AbstractByteBuf.writeBytes(AbstractByteBuf.java:1132)
	at io.netty.channel.socket.nio.NioSocketChannel.doReadBytes(NioSocketChannel.java:357)
	at io.netty.channel.nio.AbstractNioByteChannel$NioByteUnsafe.read(AbstractNioByteChannel.java:151)
	at io.netty.channel.nio.NioEventLoop.processSelectedKey(NioEventLoop.java:788)
	at io.netty.channel.nio.NioEventLoop.processSelectedKeysOptimized(NioEventLoop.java:724)
	at io.netty.channel.nio.NioEventLoop.processSelectedKeys(NioEventLoop.java:650)
	at io.netty.channel.nio.NioEventLoop.run(NioEventLoop.java:562)
	at io.netty.util.concurrent.SingleThreadEventExecutor$4.run(SingleThreadEventExecutor.java:997)
	at io.netty.util.internal.ThreadExecutorMap$2.run(ThreadExecutorMap.java:74)
	at io.netty.util.concurrent.FastThreadLocalRunnable.run(FastThreadLocalRunnable.java:30)
	at java.lang.Thread.run(Thread.java:748)
16:04:03.483 [AsyncHttpClient-1-4] DEBUG org.asynchttpclient.netty.channel.ChannelManager - Closing Channel [id: 0x6519b910, L:/127.0.0.1:63453 - R:localhost/127.0.0.1:63448] 
16:04:03.483 [AsyncHttpClient-1-4] DEBUG org.asynchttpclient.netty.handler.HttpHandler - Channel Closed: [id: 0x6519b910, L:/127.0.0.1:63453 ! R:localhost/127.0.0.1:63448] with attribute DISCARD
16:04:03.528 [AsyncHttpClient-1-3] DEBUG org.asynchttpclient.netty.handler.HttpHandler - 

Request DefaultFullHttpRequest(decodeResult: success, version: HTTP/1.1, content: EmptyByteBufBE)
DELETE /session/35ac021839294748f546ecef5cfaed21 HTTP/1.1
User-Agent: selenium/4.8.1 (java windows)
Content-Type: application/json; charset=utf-8
host: localhost:2595
accept: */*

Response DefaultHttpResponse(decodeResult: success, version: HTTP/1.1)
HTTP/1.1 200 OK
Content-Length: 14
Content-Type: application/json; charset=utf-8
cache-control: no-cache

16:04:03.528 [AsyncHttpClient-1-3] DEBUG org.asynchttpclient.netty.channel.ChannelManager - Adding key: http://localhost:2595 for channel [id: 0x416453ca, L:/127.0.0.1:63446 - R:localhost/127.0.0.1:2595]
16:04:03.647 [AsyncHttpClient-1-3] DEBUG org.asynchttpclient.netty.handler.HttpHandler - Channel Closed: [id: 0x416453ca, L:/127.0.0.1:63446 ! R:localhost/127.0.0.1:2595] with attribute DISCARD
16:04:03.777 [AsyncHttpClient-1-1] DEBUG org.asynchttpclient.netty.channel.DefaultChannelPool - Entry count for : http://localhost:2595 : 1
16:04:03.777 [AsyncHttpClient-1-1] DEBUG org.asynchttpclient.netty.channel.DefaultChannelPool - Entry count for : http://localhost:63448 : 1
16:04:03.777 [AsyncHttpClient-1-1] DEBUG org.asynchttpclient.netty.channel.DefaultChannelPool - Adding Candidate expired Channel [id: 0x416453ca, L:/127.0.0.1:63446 ! R:localhost/127.0.0.1:2595] isIdleTimeoutExpired=false isRemotelyClosed=true isTtlExpired=false
16:04:03.777 [AsyncHttpClient-1-1] DEBUG org.asynchttpclient.netty.channel.DefaultChannelPool - Closing Idle Channel [id: 0x416453ca, L:/127.0.0.1:63446 ! R:localhost/127.0.0.1:2595]
16:04:03.777 [AsyncHttpClient-1-1] DEBUG org.asynchttpclient.netty.channel.DefaultChannelPool - Adding Candidate expired Channel [id: 0x6519b910, L:/127.0.0.1:63453 ! R:localhost/127.0.0.1:63448] isIdleTimeoutExpired=false isRemotelyClosed=true isTtlExpired=false
16:04:03.777 [AsyncHttpClient-1-1] DEBUG org.asynchttpclient.netty.channel.DefaultChannelPool - Closing Idle Channel [id: 0x6519b910, L:/127.0.0.1:63453 ! R:localhost/127.0.0.1:63448]
16:04:03.777 [AsyncHttpClient-1-1] DEBUG org.asynchttpclient.netty.channel.DefaultChannelPool - Closed 2 connections out of 2 in 0 ms
]]></system-out>
    <system-err><![CDATA[Starting ChromeDriver 112.0.5615.49 (bd2a7bcb881c11e8cfe3078709382934e3916914-refs/branch-heads/5615@{#936}) on port 2595
Only local connections are allowed.
Please see https://chromedriver.chromium.org/security-considerations for suggestions on keeping ChromeDriver safe.
ChromeDriver was started successfully.
May 03, 2023 4:03:56 PM org.openqa.selenium.devtools.CdpVersionFinder findNearestMatch
WARNING: Unable to find an exact match for CDP version 112, so returning the closest version found: 110
]]></system-err>
  </testcase>
  <testcase name="As a user, I login with valid email dan password" classname="Login - As a user I want to buy some product So that I have to login" time="4.849">
    <system-out><![CDATA[16:04:04.165 [main] DEBUG io.cucumber.core.plugin.SerenityReporter - Running feature from file:///C:/Users/user/Downloads/QE_Devi-Agustin-Utari/Mini%20Project/Source_Mini_Project/Web_Automation_AltaShop/src/test/resources/features/Login.feature
16:04:04.168 [main] DEBUG net.thucydides.core.steps.StepEventBus - Test suite started for story net.thucydides.core.model.Story@589864a6
16:04:04.169 [main] INFO  - Test Suite Started: Login - As a user I want to buy some product So that I have to login

@TC_Login_001
Scenario: As a user, I login with valid email dan password &amp#27;[90m# src/test/resources/features/Login.feature:4&amp#27;[0m
16:04:04.187 [main] DEBUG io.cucumber.core.plugin.SerenityReporter - Running feature from file:///C:/Users/user/Downloads/QE_Devi-Agustin-Utari/Mini%20Project/Source_Mini_Project/Web_Automation_AltaShop/src/test/resources/features/Login.feature
16:04:04.190 [main] INFO  - 
  _____   ___   ___   _____     ___   _____     _     ___   _____   ___   ___  
 |_   _| | __| / __| |_   _|   / __| |_   _|   /_\   | _ \ |_   _| | __| |   \ 
   | |   | _|  \__ \   | |     \__ \   | |    / _ \  |   /   | |   | _|  | |) |
   |_|   |___| |___/   |_|     |___/   |_|   /_/ \_\ |_|_\   |_|   |___| |___/ 

As a user, I login with valid email dan password(login---as-a-user-i-want-to-buy-some-product-so-that-i-have-to-login;as-a-user--i-login-with-valid-email-dan-password)
--------------------------------------------------------------------------------
16:04:04.217 [main] DEBUG net.thucydides.core.steps.StepInterceptor - STARTING STEP: LoginStep.userOnLoginPage - user on login page
16:04:04.352 [main] INFO net.serenitybdd.core.webdriver.driverproviders.ChromeDriverProvider - Starting Chrome driver instance with capabilities:
16:04:04.352 [main] INFO net.serenitybdd.core.webdriver.driverproviders.ChromeDriverProvider - Capabilities {acceptInsecureCerts: true, browserName: chrome, goog:chromeOptions: {args: [remote-allow-origins=*, test-type, no-sandbox, ignore-certificate-errors, start-maximized, incognito, disable-infobars, disable-gpu, disable-default-apps, disable-popup-blocking, remote-allow-origins=*, test-type, no-sandbox, ignore-certificate-errors, start-maximized, incognito, disable-infobars, disable-gpu, disable-default-apps, disable-popup-blocking, remote-allow-origins=*], extensions: []}}
16:04:04.977 [AsyncHttpClient-1-6] DEBUG org.asynchttpclient.netty.channel.NettyConnectListener - Using new Channel '[id: 0x1a7c3222, L:/127.0.0.1:63473 - R:localhost/127.0.0.1:5553]' for 'POST' to '/session'
16:04:06.132 [AsyncHttpClient-1-6] DEBUG org.asynchttpclient.netty.handler.HttpHandler - 

Request DefaultHttpRequest(decodeResult: success, version: HTTP/1.1)
POST /session HTTP/1.1
User-Agent: selenium/4.8.1 (java windows)
Content-Length: 1701
Content-Type: application/json; charset=utf-8
host: localhost:5553
accept: */*

Response DefaultHttpResponse(decodeResult: success, version: HTTP/1.1)
HTTP/1.1 200 OK
Content-Length: 843
Content-Type: application/json; charset=utf-8
cache-control: no-cache

16:04:06.132 [AsyncHttpClient-1-6] DEBUG org.asynchttpclient.netty.channel.ChannelManager - Adding key: http://localhost:5553 for channel [id: 0x1a7c3222, L:/127.0.0.1:63473 - R:localhost/127.0.0.1:5553]
16:04:06.143 [AsyncHttpClient-1-7] DEBUG org.asynchttpclient.netty.channel.NettyConnectListener - Using new Channel '[id: 0x5e77a348, L:/127.0.0.1:63479 - R:localhost/127.0.0.1:63474]' for 'GET' to '/json/version'
16:04:06.145 [AsyncHttpClient-1-7] DEBUG org.asynchttpclient.netty.handler.HttpHandler - 

Request DefaultFullHttpRequest(decodeResult: success, version: HTTP/1.1, content: EmptyByteBufBE)
GET /json/version HTTP/1.1
User-Agent: selenium/4.8.1 (java windows)
host: localhost:63474
accept: */*

Response DefaultHttpResponse(decodeResult: success, version: HTTP/1.1)
HTTP/1.1 200 OK
Content-Security-Policy: frame-ancestors 'none'
Content-Length: 424
Content-Type: application/json; charset=UTF-8

16:04:06.145 [AsyncHttpClient-1-7] DEBUG org.asynchttpclient.netty.channel.ChannelManager - Adding key: http://localhost:63474 for channel [id: 0x5e77a348, L:/127.0.0.1:63479 - R:localhost/127.0.0.1:63474]
16:04:06.148 [AsyncHttpClient-1-8] DEBUG org.asynchttpclient.netty.channel.NettyConnectListener - Using new Channel '[id: 0x848d8024, L:/127.0.0.1:63480 - R:localhost/127.0.0.1:63474]' for 'GET' to '/devtools/browser/28d5958f-70e6-4a21-8396-e57772542ce6'
16:04:06.150 [AsyncHttpClient-1-8] DEBUG org.asynchttpclient.netty.handler.WebSocketHandler - 

Request DefaultFullHttpRequest(decodeResult: success, version: HTTP/1.1, content: EmptyByteBufBE)
GET /devtools/browser/28d5958f-70e6-4a21-8396-e57772542ce6 HTTP/1.1
upgrade: websocket
connection: upgrade
sec-websocket-key: UviV0h/bGrMO9PX3qwX1FQ==
sec-websocket-version: 13
origin: http://localhost:63474
host: localhost:63474
accept: */*
user-agent: AHC/2.1

Response DefaultHttpResponse(decodeResult: success, version: HTTP/1.1)
HTTP/1.1 101 WebSocket Protocol Handshake
Upgrade: WebSocket
Connection: Upgrade
Sec-WebSocket-Accept: V8rXf4Cy7zx90tNe6ypjGsepKac=

16:04:06.163 [Forwarding get on session 345e3f85b3f8faf3f3e8b1b2251bc51e to remote] DEBUG org.asynchttpclient.netty.request.NettyRequestSender - Using pooled Channel '[id: 0x1a7c3222, L:/127.0.0.1:63473 - R:localhost/127.0.0.1:5553]' for 'POST' to 'http://localhost:5553/session/345e3f85b3f8faf3f3e8b1b2251bc51e/url'
16:04:06.164 [Forwarding get on session 345e3f85b3f8faf3f3e8b1b2251bc51e to remote] DEBUG org.asynchttpclient.netty.request.NettyRequestSender - Using open Channel [id: 0x1a7c3222, L:/127.0.0.1:63473 - R:localhost/127.0.0.1:5553] for POST '/session/345e3f85b3f8faf3f3e8b1b2251bc51e/url'
16:04:07.084 [AsyncHttpClient-1-1] DEBUG org.asynchttpclient.netty.channel.DefaultChannelPool - Entry count for : http://localhost:63474 : 1
16:04:07.289 [AsyncHttpClient-1-6] DEBUG org.asynchttpclient.netty.handler.HttpHandler - 

Request DefaultHttpRequest(decodeResult: success, version: HTTP/1.1)
POST /session/345e3f85b3f8faf3f3e8b1b2251bc51e/url HTTP/1.1
User-Agent: selenium/4.8.1 (java windows)
Content-Length: 74
Content-Type: application/json; charset=utf-8
host: localhost:5553
accept: */*

Response DefaultHttpResponse(decodeResult: success, version: HTTP/1.1)
HTTP/1.1 200 OK
Content-Length: 14
Content-Type: application/json; charset=utf-8
cache-control: no-cache

16:04:07.289 [AsyncHttpClient-1-6] DEBUG org.asynchttpclient.netty.channel.ChannelManager - Adding key: http://localhost:5553 for channel [id: 0x1a7c3222, L:/127.0.0.1:63473 - R:localhost/127.0.0.1:5553]
16:04:07.293 [Forwarding setTimeout on session 345e3f85b3f8faf3f3e8b1b2251bc51e to remote] DEBUG org.asynchttpclient.netty.request.NettyRequestSender - Using pooled Channel '[id: 0x1a7c3222, L:/127.0.0.1:63473 - R:localhost/127.0.0.1:5553]' for 'POST' to 'http://localhost:5553/session/345e3f85b3f8faf3f3e8b1b2251bc51e/timeouts'
16:04:07.293 [Forwarding setTimeout on session 345e3f85b3f8faf3f3e8b1b2251bc51e to remote] DEBUG org.asynchttpclient.netty.request.NettyRequestSender - Using open Channel [id: 0x1a7c3222, L:/127.0.0.1:63473 - R:localhost/127.0.0.1:5553] for POST '/session/345e3f85b3f8faf3f3e8b1b2251bc51e/timeouts'
16:04:07.295 [AsyncHttpClient-1-6] DEBUG org.asynchttpclient.netty.handler.HttpHandler - 

Request DefaultHttpRequest(decodeResult: success, version: HTTP/1.1)
POST /session/345e3f85b3f8faf3f3e8b1b2251bc51e/timeouts HTTP/1.1
User-Agent: selenium/4.8.1 (java windows)
Content-Length: 22
Content-Type: application/json; charset=utf-8
host: localhost:5553
accept: */*

Response DefaultHttpResponse(decodeResult: success, version: HTTP/1.1)
HTTP/1.1 200 OK
Content-Length: 14
Content-Type: application/json; charset=utf-8
cache-control: no-cache

16:04:07.295 [AsyncHttpClient-1-6] DEBUG org.asynchttpclient.netty.channel.ChannelManager - Adding key: http://localhost:5553 for channel [id: 0x1a7c3222, L:/127.0.0.1:63473 - R:localhost/127.0.0.1:5553]
16:04:07.300 [Forwarding findElement on session 345e3f85b3f8faf3f3e8b1b2251bc51e to remote] DEBUG org.asynchttpclient.netty.request.NettyRequestSender - Using pooled Channel '[id: 0x1a7c3222, L:/127.0.0.1:63473 - R:localhost/127.0.0.1:5553]' for 'POST' to 'http://localhost:5553/session/345e3f85b3f8faf3f3e8b1b2251bc51e/element'
16:04:07.300 [Forwarding findElement on session 345e3f85b3f8faf3f3e8b1b2251bc51e to remote] DEBUG org.asynchttpclient.netty.request.NettyRequestSender - Using open Channel [id: 0x1a7c3222, L:/127.0.0.1:63473 - R:localhost/127.0.0.1:5553] for POST '/session/345e3f85b3f8faf3f3e8b1b2251bc51e/element'
16:04:07.313 [AsyncHttpClient-1-6] DEBUG org.asynchttpclient.netty.handler.HttpHandler - 

Request DefaultHttpRequest(decodeResult: success, version: HTTP/1.1)
POST /session/345e3f85b3f8faf3f3e8b1b2251bc51e/element HTTP/1.1
User-Agent: selenium/4.8.1 (java windows)
Content-Length: 69
Content-Type: application/json; charset=utf-8
host: localhost:5553
accept: */*

Response DefaultHttpResponse(decodeResult: success, version: HTTP/1.1)
HTTP/1.1 200 OK
Content-Length: 88
Content-Type: application/json; charset=utf-8
cache-control: no-cache

16:04:07.313 [AsyncHttpClient-1-6] DEBUG org.asynchttpclient.netty.channel.ChannelManager - Adding key: http://localhost:5553 for channel [id: 0x1a7c3222, L:/127.0.0.1:63473 - R:localhost/127.0.0.1:5553]
16:04:07.316 [Forwarding isElementDisplayed on session 345e3f85b3f8faf3f3e8b1b2251bc51e to remote] DEBUG org.asynchttpclient.netty.request.NettyRequestSender - Using pooled Channel '[id: 0x1a7c3222, L:/127.0.0.1:63473 - R:localhost/127.0.0.1:5553]' for 'POST' to 'http://localhost:5553/session/345e3f85b3f8faf3f3e8b1b2251bc51e/execute/sync'
16:04:07.316 [Forwarding isElementDisplayed on session 345e3f85b3f8faf3f3e8b1b2251bc51e to remote] DEBUG org.asynchttpclient.netty.request.NettyRequestSender - Using open Channel [id: 0x1a7c3222, L:/127.0.0.1:63473 - R:localhost/127.0.0.1:5553] for POST '/session/345e3f85b3f8faf3f3e8b1b2251bc51e/execute/sync'
16:04:07.330 [AsyncHttpClient-1-6] DEBUG org.asynchttpclient.netty.handler.HttpHandler - 

Request DefaultHttpRequest(decodeResult: success, version: HTTP/1.1)
POST /session/345e3f85b3f8faf3f3e8b1b2251bc51e/execute/sync HTTP/1.1
User-Agent: selenium/4.8.1 (java windows)
Content-Length: 48807
Content-Type: application/json; charset=utf-8
host: localhost:5553
accept: */*

Response DefaultHttpResponse(decodeResult: success, version: HTTP/1.1)
HTTP/1.1 200 OK
Content-Length: 14
Content-Type: application/json; charset=utf-8
cache-control: no-cache

16:04:07.330 [AsyncHttpClient-1-6] DEBUG org.asynchttpclient.netty.channel.ChannelManager - Adding key: http://localhost:5553 for channel [id: 0x1a7c3222, L:/127.0.0.1:63473 - R:localhost/127.0.0.1:5553]
16:04:07.333 [main] DEBUG net.serenitybdd.core.photography.Darkroom - Opening darkroom
16:04:07.334 [Darkroom Processing Line] DEBUG net.serenitybdd.core.photography.DarkroomProcessingLine - Darkroom processing line starting up
16:04:07.334 [Forwarding getAlertText on session 345e3f85b3f8faf3f3e8b1b2251bc51e to remote] DEBUG org.asynchttpclient.netty.request.NettyRequestSender - Using pooled Channel '[id: 0x1a7c3222, L:/127.0.0.1:63473 - R:localhost/127.0.0.1:5553]' for 'GET' to 'http://localhost:5553/session/345e3f85b3f8faf3f3e8b1b2251bc51e/alert/text'
16:04:07.334 [Forwarding getAlertText on session 345e3f85b3f8faf3f3e8b1b2251bc51e to remote] DEBUG org.asynchttpclient.netty.request.NettyRequestSender - Using open Channel [id: 0x1a7c3222, L:/127.0.0.1:63473 - R:localhost/127.0.0.1:5553] for GET '/session/345e3f85b3f8faf3f3e8b1b2251bc51e/alert/text'
16:04:07.336 [AsyncHttpClient-1-6] DEBUG org.asynchttpclient.netty.handler.HttpHandler - 

Request DefaultFullHttpRequest(decodeResult: success, version: HTTP/1.1, content: EmptyByteBufBE)
GET /session/345e3f85b3f8faf3f3e8b1b2251bc51e/alert/text HTTP/1.1
User-Agent: selenium/4.8.1 (java windows)
Cache-Control: no-cache
Content-Type: application/json; charset=utf-8
host: localhost:5553
accept: */*

Response DefaultHttpResponse(decodeResult: success, version: HTTP/1.1)
HTTP/1.1 404 Not Found
Content-Length: 848
Content-Type: application/json; charset=utf-8
cache-control: no-cache

16:04:07.336 [AsyncHttpClient-1-6] DEBUG org.asynchttpclient.netty.channel.ChannelManager - Adding key: http://localhost:5553 for channel [id: 0x1a7c3222, L:/127.0.0.1:63473 - R:localhost/127.0.0.1:5553]
16:04:07.337 [Forwarding getCurrentUrl on session 345e3f85b3f8faf3f3e8b1b2251bc51e to remote] DEBUG org.asynchttpclient.netty.request.NettyRequestSender - Using pooled Channel '[id: 0x1a7c3222, L:/127.0.0.1:63473 - R:localhost/127.0.0.1:5553]' for 'GET' to 'http://localhost:5553/session/345e3f85b3f8faf3f3e8b1b2251bc51e/url'
16:04:07.337 [Forwarding getCurrentUrl on session 345e3f85b3f8faf3f3e8b1b2251bc51e to remote] DEBUG org.asynchttpclient.netty.request.NettyRequestSender - Using open Channel [id: 0x1a7c3222, L:/127.0.0.1:63473 - R:localhost/127.0.0.1:5553] for GET '/session/345e3f85b3f8faf3f3e8b1b2251bc51e/url'
16:04:07.342 [AsyncHttpClient-1-6] DEBUG org.asynchttpclient.netty.handler.HttpHandler - 

Request DefaultFullHttpRequest(decodeResult: success, version: HTTP/1.1, content: EmptyByteBufBE)
GET /session/345e3f85b3f8faf3f3e8b1b2251bc51e/url HTTP/1.1
User-Agent: selenium/4.8.1 (java windows)
Cache-Control: no-cache
Content-Type: application/json; charset=utf-8
host: localhost:5553
accept: */*

Response DefaultHttpResponse(decodeResult: success, version: HTTP/1.1)
HTTP/1.1 200 OK
Content-Length: 51
Content-Type: application/json; charset=utf-8
cache-control: no-cache

16:04:07.342 [AsyncHttpClient-1-6] DEBUG org.asynchttpclient.netty.channel.ChannelManager - Adding key: http://localhost:5553 for channel [id: 0x1a7c3222, L:/127.0.0.1:63473 - R:localhost/127.0.0.1:5553]
16:04:07.343 [Forwarding screenshot on session 345e3f85b3f8faf3f3e8b1b2251bc51e to remote] DEBUG org.asynchttpclient.netty.request.NettyRequestSender - Using pooled Channel '[id: 0x1a7c3222, L:/127.0.0.1:63473 - R:localhost/127.0.0.1:5553]' for 'GET' to 'http://localhost:5553/session/345e3f85b3f8faf3f3e8b1b2251bc51e/screenshot'
16:04:07.343 [Forwarding screenshot on session 345e3f85b3f8faf3f3e8b1b2251bc51e to remote] DEBUG org.asynchttpclient.netty.request.NettyRequestSender - Using open Channel [id: 0x1a7c3222, L:/127.0.0.1:63473 - R:localhost/127.0.0.1:5553] for GET '/session/345e3f85b3f8faf3f3e8b1b2251bc51e/screenshot'
16:04:07.412 [AsyncHttpClient-1-6] DEBUG org.asynchttpclient.netty.handler.HttpHandler - 

Request DefaultFullHttpRequest(decodeResult: success, version: HTTP/1.1, content: EmptyByteBufBE)
GET /session/345e3f85b3f8faf3f3e8b1b2251bc51e/screenshot HTTP/1.1
User-Agent: selenium/4.8.1 (java windows)
Cache-Control: no-cache
Content-Type: application/json; charset=utf-8
host: localhost:5553
accept: */*

Response DefaultHttpResponse(decodeResult: success, version: HTTP/1.1)
HTTP/1.1 200 OK
Content-Length: 25060
Content-Type: application/json; charset=utf-8
cache-control: no-cache

16:04:07.413 [AsyncHttpClient-1-6] DEBUG org.asynchttpclient.netty.channel.ChannelManager - Adding key: http://localhost:5553 for channel [id: 0x1a7c3222, L:/127.0.0.1:63473 - R:localhost/127.0.0.1:5553]
16:04:07.414 [main] DEBUG net.serenitybdd.core.photography.Darkroom - Send negative for processing for target\site\serenity\1db263dd5c04c8fe15e82ee6420144d4e1e7b9826b9315cfd7ec5b5d0da76045.png
16:04:07.415 [main] DEBUG net.thucydides.core.steps.StepInterceptor - STEP DONE: user on login page
  &amp#27;[32mGiven &amp#27;[0m&amp#27;[32muser on login page&amp#27;[0m                                 &amp#27;[90m# starter.stepdefinition.LoginStep.userOnLoginPage()&amp#27;[0m
16:04:07.424 [main] DEBUG net.thucydides.core.steps.StepInterceptor - STARTING STEP: LoginStep.userInputValidEmail - user input valid email
16:04:07.426 [Forwarding findElement on session 345e3f85b3f8faf3f3e8b1b2251bc51e to remote] DEBUG org.asynchttpclient.netty.request.NettyRequestSender - Using pooled Channel '[id: 0x1a7c3222, L:/127.0.0.1:63473 - R:localhost/127.0.0.1:5553]' for 'POST' to 'http://localhost:5553/session/345e3f85b3f8faf3f3e8b1b2251bc51e/element'
16:04:07.426 [Forwarding findElement on session 345e3f85b3f8faf3f3e8b1b2251bc51e to remote] DEBUG org.asynchttpclient.netty.request.NettyRequestSender - Using open Channel [id: 0x1a7c3222, L:/127.0.0.1:63473 - R:localhost/127.0.0.1:5553] for POST '/session/345e3f85b3f8faf3f3e8b1b2251bc51e/element'
16:04:07.437 [AsyncHttpClient-1-6] DEBUG org.asynchttpclient.netty.handler.HttpHandler - 

Request DefaultHttpRequest(decodeResult: success, version: HTTP/1.1)
POST /session/345e3f85b3f8faf3f3e8b1b2251bc51e/element HTTP/1.1
User-Agent: selenium/4.8.1 (java windows)
Content-Length: 55
Content-Type: application/json; charset=utf-8
host: localhost:5553
accept: */*

Response DefaultHttpResponse(decodeResult: success, version: HTTP/1.1)
HTTP/1.1 200 OK
Content-Length: 88
Content-Type: application/json; charset=utf-8
cache-control: no-cache

16:04:07.437 [AsyncHttpClient-1-6] DEBUG org.asynchttpclient.netty.channel.ChannelManager - Adding key: http://localhost:5553 for channel [id: 0x1a7c3222, L:/127.0.0.1:63473 - R:localhost/127.0.0.1:5553]
16:04:07.438 [Forwarding clearElement on session 345e3f85b3f8faf3f3e8b1b2251bc51e to remote] DEBUG org.asynchttpclient.netty.request.NettyRequestSender - Using pooled Channel '[id: 0x1a7c3222, L:/127.0.0.1:63473 - R:localhost/127.0.0.1:5553]' for 'POST' to 'http://localhost:5553/session/345e3f85b3f8faf3f3e8b1b2251bc51e/element/f2c5ace3-06e5-4eee-8566-da60a1613ad4/clear'
16:04:07.438 [Forwarding clearElement on session 345e3f85b3f8faf3f3e8b1b2251bc51e to remote] DEBUG org.asynchttpclient.netty.request.NettyRequestSender - Using open Channel [id: 0x1a7c3222, L:/127.0.0.1:63473 - R:localhost/127.0.0.1:5553] for POST '/session/345e3f85b3f8faf3f3e8b1b2251bc51e/element/f2c5ace3-06e5-4eee-8566-da60a1613ad4/clear'
16:04:07.468 [AsyncHttpClient-1-6] DEBUG org.asynchttpclient.netty.handler.HttpHandler - 

Request DefaultHttpRequest(decodeResult: success, version: HTTP/1.1)
POST /session/345e3f85b3f8faf3f3e8b1b2251bc51e/element/f2c5ace3-06e5-4eee-8566-da60a1613ad4/clear HTTP/1.1
User-Agent: selenium/4.8.1 (java windows)
Content-Length: 50
Content-Type: application/json; charset=utf-8
host: localhost:5553
accept: */*

Response DefaultHttpResponse(decodeResult: success, version: HTTP/1.1)
HTTP/1.1 200 OK
Content-Length: 14
Content-Type: application/json; charset=utf-8
cache-control: no-cache

16:04:07.468 [AsyncHttpClient-1-6] DEBUG org.asynchttpclient.netty.channel.ChannelManager - Adding key: http://localhost:5553 for channel [id: 0x1a7c3222, L:/127.0.0.1:63473 - R:localhost/127.0.0.1:5553]
16:04:07.469 [Forwarding sendKeysToElement on session 345e3f85b3f8faf3f3e8b1b2251bc51e to remote] DEBUG org.asynchttpclient.netty.request.NettyRequestSender - Using pooled Channel '[id: 0x1a7c3222, L:/127.0.0.1:63473 - R:localhost/127.0.0.1:5553]' for 'POST' to 'http://localhost:5553/session/345e3f85b3f8faf3f3e8b1b2251bc51e/element/f2c5ace3-06e5-4eee-8566-da60a1613ad4/value'
16:04:07.469 [Forwarding sendKeysToElement on session 345e3f85b3f8faf3f3e8b1b2251bc51e to remote] DEBUG org.asynchttpclient.netty.request.NettyRequestSender - Using open Channel [id: 0x1a7c3222, L:/127.0.0.1:63473 - R:localhost/127.0.0.1:5553] for POST '/session/345e3f85b3f8faf3f3e8b1b2251bc51e/element/f2c5ace3-06e5-4eee-8566-da60a1613ad4/value'
16:04:07.584 [AsyncHttpClient-1-6] DEBUG org.asynchttpclient.netty.handler.HttpHandler - 

Request DefaultHttpRequest(decodeResult: success, version: HTTP/1.1)
POST /session/345e3f85b3f8faf3f3e8b1b2251bc51e/element/f2c5ace3-06e5-4eee-8566-da60a1613ad4/value HTTP/1.1
User-Agent: selenium/4.8.1 (java windows)
Content-Length: 231
Content-Type: application/json; charset=utf-8
host: localhost:5553
accept: */*

Response DefaultHttpResponse(decodeResult: success, version: HTTP/1.1)
HTTP/1.1 200 OK
Content-Length: 14
Content-Type: application/json; charset=utf-8
cache-control: no-cache

16:04:07.584 [AsyncHttpClient-1-6] DEBUG org.asynchttpclient.netty.channel.ChannelManager - Adding key: http://localhost:5553 for channel [id: 0x1a7c3222, L:/127.0.0.1:63473 - R:localhost/127.0.0.1:5553]
16:04:07.589 [Forwarding getAlertText on session 345e3f85b3f8faf3f3e8b1b2251bc51e to remote] DEBUG org.asynchttpclient.netty.request.NettyRequestSender - Using pooled Channel '[id: 0x1a7c3222, L:/127.0.0.1:63473 - R:localhost/127.0.0.1:5553]' for 'GET' to 'http://localhost:5553/session/345e3f85b3f8faf3f3e8b1b2251bc51e/alert/text'
16:04:07.589 [Forwarding getAlertText on session 345e3f85b3f8faf3f3e8b1b2251bc51e to remote] DEBUG org.asynchttpclient.netty.request.NettyRequestSender - Using open Channel [id: 0x1a7c3222, L:/127.0.0.1:63473 - R:localhost/127.0.0.1:5553] for GET '/session/345e3f85b3f8faf3f3e8b1b2251bc51e/alert/text'
16:04:07.590 [AsyncHttpClient-1-6] DEBUG org.asynchttpclient.netty.handler.HttpHandler - 

Request DefaultFullHttpRequest(decodeResult: success, version: HTTP/1.1, content: EmptyByteBufBE)
GET /session/345e3f85b3f8faf3f3e8b1b2251bc51e/alert/text HTTP/1.1
User-Agent: selenium/4.8.1 (java windows)
Cache-Control: no-cache
Content-Type: application/json; charset=utf-8
host: localhost:5553
accept: */*

Response DefaultHttpResponse(decodeResult: success, version: HTTP/1.1)
HTTP/1.1 404 Not Found
Content-Length: 848
Content-Type: application/json; charset=utf-8
cache-control: no-cache

16:04:07.590 [AsyncHttpClient-1-6] DEBUG org.asynchttpclient.netty.channel.ChannelManager - Adding key: http://localhost:5553 for channel [id: 0x1a7c3222, L:/127.0.0.1:63473 - R:localhost/127.0.0.1:5553]
16:04:07.592 [Forwarding getCurrentUrl on session 345e3f85b3f8faf3f3e8b1b2251bc51e to remote] DEBUG org.asynchttpclient.netty.request.NettyRequestSender - Using pooled Channel '[id: 0x1a7c3222, L:/127.0.0.1:63473 - R:localhost/127.0.0.1:5553]' for 'GET' to 'http://localhost:5553/session/345e3f85b3f8faf3f3e8b1b2251bc51e/url'
16:04:07.592 [Forwarding getCurrentUrl on session 345e3f85b3f8faf3f3e8b1b2251bc51e to remote] DEBUG org.asynchttpclient.netty.request.NettyRequestSender - Using open Channel [id: 0x1a7c3222, L:/127.0.0.1:63473 - R:localhost/127.0.0.1:5553] for GET '/session/345e3f85b3f8faf3f3e8b1b2251bc51e/url'
16:04:07.595 [AsyncHttpClient-1-6] DEBUG org.asynchttpclient.netty.handler.HttpHandler - 

Request DefaultFullHttpRequest(decodeResult: success, version: HTTP/1.1, content: EmptyByteBufBE)
GET /session/345e3f85b3f8faf3f3e8b1b2251bc51e/url HTTP/1.1
User-Agent: selenium/4.8.1 (java windows)
Cache-Control: no-cache
Content-Type: application/json; charset=utf-8
host: localhost:5553
accept: */*

Response DefaultHttpResponse(decodeResult: success, version: HTTP/1.1)
HTTP/1.1 200 OK
Content-Length: 51
Content-Type: application/json; charset=utf-8
cache-control: no-cache

16:04:07.596 [AsyncHttpClient-1-6] DEBUG org.asynchttpclient.netty.channel.ChannelManager - Adding key: http://localhost:5553 for channel [id: 0x1a7c3222, L:/127.0.0.1:63473 - R:localhost/127.0.0.1:5553]
16:04:07.596 [Forwarding screenshot on session 345e3f85b3f8faf3f3e8b1b2251bc51e to remote] DEBUG org.asynchttpclient.netty.request.NettyRequestSender - Using pooled Channel '[id: 0x1a7c3222, L:/127.0.0.1:63473 - R:localhost/127.0.0.1:5553]' for 'GET' to 'http://localhost:5553/session/345e3f85b3f8faf3f3e8b1b2251bc51e/screenshot'
16:04:07.596 [Forwarding screenshot on session 345e3f85b3f8faf3f3e8b1b2251bc51e to remote] DEBUG org.asynchttpclient.netty.request.NettyRequestSender - Using open Channel [id: 0x1a7c3222, L:/127.0.0.1:63473 - R:localhost/127.0.0.1:5553] for GET '/session/345e3f85b3f8faf3f3e8b1b2251bc51e/screenshot'
16:04:07.684 [AsyncHttpClient-1-6] DEBUG org.asynchttpclient.netty.handler.HttpHandler - 

Request DefaultFullHttpRequest(decodeResult: success, version: HTTP/1.1, content: EmptyByteBufBE)
GET /session/345e3f85b3f8faf3f3e8b1b2251bc51e/screenshot HTTP/1.1
User-Agent: selenium/4.8.1 (java windows)
Cache-Control: no-cache
Content-Type: application/json; charset=utf-8
host: localhost:5553
accept: */*

Response DefaultHttpResponse(decodeResult: success, version: HTTP/1.1)
HTTP/1.1 200 OK
Content-Length: 29300
Content-Type: application/json; charset=utf-8
cache-control: no-cache

16:04:07.684 [AsyncHttpClient-1-6] DEBUG org.asynchttpclient.netty.channel.ChannelManager - Adding key: http://localhost:5553 for channel [id: 0x1a7c3222, L:/127.0.0.1:63473 - R:localhost/127.0.0.1:5553]
16:04:07.686 [main] DEBUG net.serenitybdd.core.photography.Darkroom - Send negative for processing for target\site\serenity\ab91ec8e2a7ae080fe94838f3e1631c6b35f2e70bab97298a6760a0a88b5ce4d.png
16:04:07.686 [main] DEBUG net.thucydides.core.steps.StepInterceptor - STEP DONE: user input valid email
16:04:07.686 [Darkroom Processing Line] DEBUG net.serenitybdd.core.photography.DarkroomProcessingLine - Processing screenshot image in /var/screenshots/screenshot-8161246047806262271
16:04:07.686 [Darkroom Processing Line] DEBUG net.serenitybdd.core.photography.DarkroomProcessingLine - Saving screenshot to target\site\serenity\ab91ec8e2a7ae080fe94838f3e1631c6b35f2e70bab97298a6760a0a88b5ce4d.png
  &amp#27;[32mWhen &amp#27;[0m&amp#27;[32muser input valid email&amp#27;[0m                              &amp#27;[90m# starter.stepdefinition.LoginStep.userInputValidEmail()&amp#27;[0m
16:04:07.696 [main] DEBUG net.thucydides.core.steps.StepInterceptor - STARTING STEP: LoginStep.userInputValidPassword - user input valid password
16:04:07.698 [Forwarding findElement on session 345e3f85b3f8faf3f3e8b1b2251bc51e to remote] DEBUG org.asynchttpclient.netty.request.NettyRequestSender - Using pooled Channel '[id: 0x1a7c3222, L:/127.0.0.1:63473 - R:localhost/127.0.0.1:5553]' for 'POST' to 'http://localhost:5553/session/345e3f85b3f8faf3f3e8b1b2251bc51e/element'
16:04:07.698 [Forwarding findElement on session 345e3f85b3f8faf3f3e8b1b2251bc51e to remote] DEBUG org.asynchttpclient.netty.request.NettyRequestSender - Using open Channel [id: 0x1a7c3222, L:/127.0.0.1:63473 - R:localhost/127.0.0.1:5553] for POST '/session/345e3f85b3f8faf3f3e8b1b2251bc51e/element'
16:04:07.708 [AsyncHttpClient-1-6] DEBUG org.asynchttpclient.netty.handler.HttpHandler - 

Request DefaultHttpRequest(decodeResult: success, version: HTTP/1.1)
POST /session/345e3f85b3f8faf3f3e8b1b2251bc51e/element HTTP/1.1
User-Agent: selenium/4.8.1 (java windows)
Content-Length: 55
Content-Type: application/json; charset=utf-8
host: localhost:5553
accept: */*

Response DefaultHttpResponse(decodeResult: success, version: HTTP/1.1)
HTTP/1.1 200 OK
Content-Length: 88
Content-Type: application/json; charset=utf-8
cache-control: no-cache

16:04:07.708 [AsyncHttpClient-1-6] DEBUG org.asynchttpclient.netty.channel.ChannelManager - Adding key: http://localhost:5553 for channel [id: 0x1a7c3222, L:/127.0.0.1:63473 - R:localhost/127.0.0.1:5553]
16:04:07.709 [Forwarding clearElement on session 345e3f85b3f8faf3f3e8b1b2251bc51e to remote] DEBUG org.asynchttpclient.netty.request.NettyRequestSender - Using pooled Channel '[id: 0x1a7c3222, L:/127.0.0.1:63473 - R:localhost/127.0.0.1:5553]' for 'POST' to 'http://localhost:5553/session/345e3f85b3f8faf3f3e8b1b2251bc51e/element/758d75eb-365c-4dff-a5be-1cac3bb89da9/clear'
16:04:07.709 [Forwarding clearElement on session 345e3f85b3f8faf3f3e8b1b2251bc51e to remote] DEBUG org.asynchttpclient.netty.request.NettyRequestSender - Using open Channel [id: 0x1a7c3222, L:/127.0.0.1:63473 - R:localhost/127.0.0.1:5553] for POST '/session/345e3f85b3f8faf3f3e8b1b2251bc51e/element/758d75eb-365c-4dff-a5be-1cac3bb89da9/clear'
16:04:07.741 [AsyncHttpClient-1-6] DEBUG org.asynchttpclient.netty.handler.HttpHandler - 

Request DefaultHttpRequest(decodeResult: success, version: HTTP/1.1)
POST /session/345e3f85b3f8faf3f3e8b1b2251bc51e/element/758d75eb-365c-4dff-a5be-1cac3bb89da9/clear HTTP/1.1
User-Agent: selenium/4.8.1 (java windows)
Content-Length: 50
Content-Type: application/json; charset=utf-8
host: localhost:5553
accept: */*

Response DefaultHttpResponse(decodeResult: success, version: HTTP/1.1)
HTTP/1.1 200 OK
Content-Length: 14
Content-Type: application/json; charset=utf-8
cache-control: no-cache

16:04:07.741 [AsyncHttpClient-1-6] DEBUG org.asynchttpclient.netty.channel.ChannelManager - Adding key: http://localhost:5553 for channel [id: 0x1a7c3222, L:/127.0.0.1:63473 - R:localhost/127.0.0.1:5553]
16:04:07.744 [Forwarding sendKeysToElement on session 345e3f85b3f8faf3f3e8b1b2251bc51e to remote] DEBUG org.asynchttpclient.netty.request.NettyRequestSender - Using pooled Channel '[id: 0x1a7c3222, L:/127.0.0.1:63473 - R:localhost/127.0.0.1:5553]' for 'POST' to 'http://localhost:5553/session/345e3f85b3f8faf3f3e8b1b2251bc51e/element/758d75eb-365c-4dff-a5be-1cac3bb89da9/value'
16:04:07.744 [Forwarding sendKeysToElement on session 345e3f85b3f8faf3f3e8b1b2251bc51e to remote] DEBUG org.asynchttpclient.netty.request.NettyRequestSender - Using open Channel [id: 0x1a7c3222, L:/127.0.0.1:63473 - R:localhost/127.0.0.1:5553] for POST '/session/345e3f85b3f8faf3f3e8b1b2251bc51e/element/758d75eb-365c-4dff-a5be-1cac3bb89da9/value'
16:04:07.832 [AsyncHttpClient-1-6] DEBUG org.asynchttpclient.netty.handler.HttpHandler - 

Request DefaultHttpRequest(decodeResult: success, version: HTTP/1.1)
POST /session/345e3f85b3f8faf3f3e8b1b2251bc51e/element/758d75eb-365c-4dff-a5be-1cac3bb89da9/value HTTP/1.1
User-Agent: selenium/4.8.1 (java windows)
Content-Length: 161
Content-Type: application/json; charset=utf-8
host: localhost:5553
accept: */*

Response DefaultHttpResponse(decodeResult: success, version: HTTP/1.1)
HTTP/1.1 200 OK
Content-Length: 14
Content-Type: application/json; charset=utf-8
cache-control: no-cache

16:04:07.833 [AsyncHttpClient-1-6] DEBUG org.asynchttpclient.netty.channel.ChannelManager - Adding key: http://localhost:5553 for channel [id: 0x1a7c3222, L:/127.0.0.1:63473 - R:localhost/127.0.0.1:5553]
16:04:07.838 [Forwarding getAlertText on session 345e3f85b3f8faf3f3e8b1b2251bc51e to remote] DEBUG org.asynchttpclient.netty.request.NettyRequestSender - Using pooled Channel '[id: 0x1a7c3222, L:/127.0.0.1:63473 - R:localhost/127.0.0.1:5553]' for 'GET' to 'http://localhost:5553/session/345e3f85b3f8faf3f3e8b1b2251bc51e/alert/text'
16:04:07.838 [Forwarding getAlertText on session 345e3f85b3f8faf3f3e8b1b2251bc51e to remote] DEBUG org.asynchttpclient.netty.request.NettyRequestSender - Using open Channel [id: 0x1a7c3222, L:/127.0.0.1:63473 - R:localhost/127.0.0.1:5553] for GET '/session/345e3f85b3f8faf3f3e8b1b2251bc51e/alert/text'
16:04:07.840 [AsyncHttpClient-1-6] DEBUG org.asynchttpclient.netty.handler.HttpHandler - 

Request DefaultFullHttpRequest(decodeResult: success, version: HTTP/1.1, content: EmptyByteBufBE)
GET /session/345e3f85b3f8faf3f3e8b1b2251bc51e/alert/text HTTP/1.1
User-Agent: selenium/4.8.1 (java windows)
Cache-Control: no-cache
Content-Type: application/json; charset=utf-8
host: localhost:5553
accept: */*

Response DefaultHttpResponse(decodeResult: success, version: HTTP/1.1)
HTTP/1.1 404 Not Found
Content-Length: 848
Content-Type: application/json; charset=utf-8
cache-control: no-cache

16:04:07.840 [AsyncHttpClient-1-6] DEBUG org.asynchttpclient.netty.channel.ChannelManager - Adding key: http://localhost:5553 for channel [id: 0x1a7c3222, L:/127.0.0.1:63473 - R:localhost/127.0.0.1:5553]
16:04:07.843 [Forwarding getCurrentUrl on session 345e3f85b3f8faf3f3e8b1b2251bc51e to remote] DEBUG org.asynchttpclient.netty.request.NettyRequestSender - Using pooled Channel '[id: 0x1a7c3222, L:/127.0.0.1:63473 - R:localhost/127.0.0.1:5553]' for 'GET' to 'http://localhost:5553/session/345e3f85b3f8faf3f3e8b1b2251bc51e/url'
16:04:07.843 [Forwarding getCurrentUrl on session 345e3f85b3f8faf3f3e8b1b2251bc51e to remote] DEBUG org.asynchttpclient.netty.request.NettyRequestSender - Using open Channel [id: 0x1a7c3222, L:/127.0.0.1:63473 - R:localhost/127.0.0.1:5553] for GET '/session/345e3f85b3f8faf3f3e8b1b2251bc51e/url'
16:04:07.848 [AsyncHttpClient-1-6] DEBUG org.asynchttpclient.netty.handler.HttpHandler - 

Request DefaultFullHttpRequest(decodeResult: success, version: HTTP/1.1, content: EmptyByteBufBE)
GET /session/345e3f85b3f8faf3f3e8b1b2251bc51e/url HTTP/1.1
User-Agent: selenium/4.8.1 (java windows)
Cache-Control: no-cache
Content-Type: application/json; charset=utf-8
host: localhost:5553
accept: */*

Response DefaultHttpResponse(decodeResult: success, version: HTTP/1.1)
HTTP/1.1 200 OK
Content-Length: 51
Content-Type: application/json; charset=utf-8
cache-control: no-cache

16:04:07.848 [AsyncHttpClient-1-6] DEBUG org.asynchttpclient.netty.channel.ChannelManager - Adding key: http://localhost:5553 for channel [id: 0x1a7c3222, L:/127.0.0.1:63473 - R:localhost/127.0.0.1:5553]
16:04:07.849 [Forwarding screenshot on session 345e3f85b3f8faf3f3e8b1b2251bc51e to remote] DEBUG org.asynchttpclient.netty.request.NettyRequestSender - Using pooled Channel '[id: 0x1a7c3222, L:/127.0.0.1:63473 - R:localhost/127.0.0.1:5553]' for 'GET' to 'http://localhost:5553/session/345e3f85b3f8faf3f3e8b1b2251bc51e/screenshot'
16:04:07.849 [Forwarding screenshot on session 345e3f85b3f8faf3f3e8b1b2251bc51e to remote] DEBUG org.asynchttpclient.netty.request.NettyRequestSender - Using open Channel [id: 0x1a7c3222, L:/127.0.0.1:63473 - R:localhost/127.0.0.1:5553] for GET '/session/345e3f85b3f8faf3f3e8b1b2251bc51e/screenshot'
16:04:07.969 [AsyncHttpClient-1-6] DEBUG org.asynchttpclient.netty.handler.HttpHandler - 

Request DefaultFullHttpRequest(decodeResult: success, version: HTTP/1.1, content: EmptyByteBufBE)
GET /session/345e3f85b3f8faf3f3e8b1b2251bc51e/screenshot HTTP/1.1
User-Agent: selenium/4.8.1 (java windows)
Cache-Control: no-cache
Content-Type: application/json; charset=utf-8
host: localhost:5553
accept: */*

Response DefaultHttpResponse(decodeResult: success, version: HTTP/1.1)
HTTP/1.1 200 OK
Content-Length: 30692
Content-Type: application/json; charset=utf-8
cache-control: no-cache

16:04:07.970 [AsyncHttpClient-1-6] DEBUG org.asynchttpclient.netty.channel.ChannelManager - Adding key: http://localhost:5553 for channel [id: 0x1a7c3222, L:/127.0.0.1:63473 - R:localhost/127.0.0.1:5553]
16:04:07.971 [main] DEBUG net.serenitybdd.core.photography.Darkroom - Send negative for processing for target\site\serenity\ca9778ad0615c3e176d4384dd13ea7562fcf8e8b379957663efa6e25fbbcd91e.png
16:04:07.971 [main] DEBUG net.thucydides.core.steps.StepInterceptor - STEP DONE: user input valid password
  &amp#27;[32mAnd &amp#27;[0m&amp#27;[32muser input valid password&amp#27;[0m                            &amp#27;[90m# starter.stepdefinition.LoginStep.userInputValidPassword()&amp#27;[0m
16:04:07.971 [Darkroom Processing Line] DEBUG net.serenitybdd.core.photography.DarkroomProcessingLine - Processing screenshot image in /var/screenshots/screenshot-7686329229179614769
16:04:07.971 [Darkroom Processing Line] DEBUG net.serenitybdd.core.photography.DarkroomProcessingLine - Saving screenshot to target\site\serenity\ca9778ad0615c3e176d4384dd13ea7562fcf8e8b379957663efa6e25fbbcd91e.png
16:04:07.983 [main] DEBUG net.thucydides.core.steps.StepInterceptor - STARTING STEP: LoginStep.clickButtonLogin - click button login
16:04:07.985 [Forwarding findElement on session 345e3f85b3f8faf3f3e8b1b2251bc51e to remote] DEBUG org.asynchttpclient.netty.request.NettyRequestSender - Using pooled Channel '[id: 0x1a7c3222, L:/127.0.0.1:63473 - R:localhost/127.0.0.1:5553]' for 'POST' to 'http://localhost:5553/session/345e3f85b3f8faf3f3e8b1b2251bc51e/element'
16:04:07.985 [Forwarding findElement on session 345e3f85b3f8faf3f3e8b1b2251bc51e to remote] DEBUG org.asynchttpclient.netty.request.NettyRequestSender - Using open Channel [id: 0x1a7c3222, L:/127.0.0.1:63473 - R:localhost/127.0.0.1:5553] for POST '/session/345e3f85b3f8faf3f3e8b1b2251bc51e/element'
16:04:07.992 [AsyncHttpClient-1-6] DEBUG org.asynchttpclient.netty.handler.HttpHandler - 

Request DefaultHttpRequest(decodeResult: success, version: HTTP/1.1)
POST /session/345e3f85b3f8faf3f3e8b1b2251bc51e/element HTTP/1.1
User-Agent: selenium/4.8.1 (java windows)
Content-Length: 69
Content-Type: application/json; charset=utf-8
host: localhost:5553
accept: */*

Response DefaultHttpResponse(decodeResult: success, version: HTTP/1.1)
HTTP/1.1 200 OK
Content-Length: 88
Content-Type: application/json; charset=utf-8
cache-control: no-cache

16:04:08.002 [AsyncHttpClient-1-6] DEBUG org.asynchttpclient.netty.channel.ChannelManager - Adding key: http://localhost:5553 for channel [id: 0x1a7c3222, L:/127.0.0.1:63473 - R:localhost/127.0.0.1:5553]
16:04:08.003 [Forwarding getElementTagName on session 345e3f85b3f8faf3f3e8b1b2251bc51e to remote] DEBUG org.asynchttpclient.netty.request.NettyRequestSender - Using pooled Channel '[id: 0x1a7c3222, L:/127.0.0.1:63473 - R:localhost/127.0.0.1:5553]' for 'GET' to 'http://localhost:5553/session/345e3f85b3f8faf3f3e8b1b2251bc51e/element/3c16bab3-6c98-4a27-99eb-13bf6064ad32/name'
16:04:08.004 [Forwarding getElementTagName on session 345e3f85b3f8faf3f3e8b1b2251bc51e to remote] DEBUG org.asynchttpclient.netty.request.NettyRequestSender - Using open Channel [id: 0x1a7c3222, L:/127.0.0.1:63473 - R:localhost/127.0.0.1:5553] for GET '/session/345e3f85b3f8faf3f3e8b1b2251bc51e/element/3c16bab3-6c98-4a27-99eb-13bf6064ad32/name'
16:04:08.008 [AsyncHttpClient-1-6] DEBUG org.asynchttpclient.netty.handler.HttpHandler - 

Request DefaultFullHttpRequest(decodeResult: success, version: HTTP/1.1, content: EmptyByteBufBE)
GET /session/345e3f85b3f8faf3f3e8b1b2251bc51e/element/3c16bab3-6c98-4a27-99eb-13bf6064ad32/name HTTP/1.1
User-Agent: selenium/4.8.1 (java windows)
Cache-Control: no-cache
Content-Type: application/json; charset=utf-8
host: localhost:5553
accept: */*

Response DefaultHttpResponse(decodeResult: success, version: HTTP/1.1)
HTTP/1.1 200 OK
Content-Length: 16
Content-Type: application/json; charset=utf-8
cache-control: no-cache

16:04:08.008 [AsyncHttpClient-1-6] DEBUG org.asynchttpclient.netty.channel.ChannelManager - Adding key: http://localhost:5553 for channel [id: 0x1a7c3222, L:/127.0.0.1:63473 - R:localhost/127.0.0.1:5553]
16:04:08.009 [Forwarding getElementTagName on session 345e3f85b3f8faf3f3e8b1b2251bc51e to remote] DEBUG org.asynchttpclient.netty.request.NettyRequestSender - Using pooled Channel '[id: 0x1a7c3222, L:/127.0.0.1:63473 - R:localhost/127.0.0.1:5553]' for 'GET' to 'http://localhost:5553/session/345e3f85b3f8faf3f3e8b1b2251bc51e/element/3c16bab3-6c98-4a27-99eb-13bf6064ad32/name'
16:04:08.009 [Forwarding getElementTagName on session 345e3f85b3f8faf3f3e8b1b2251bc51e to remote] DEBUG org.asynchttpclient.netty.request.NettyRequestSender - Using open Channel [id: 0x1a7c3222, L:/127.0.0.1:63473 - R:localhost/127.0.0.1:5553] for GET '/session/345e3f85b3f8faf3f3e8b1b2251bc51e/element/3c16bab3-6c98-4a27-99eb-13bf6064ad32/name'
16:04:08.012 [AsyncHttpClient-1-6] DEBUG org.asynchttpclient.netty.handler.HttpHandler - 

Request DefaultFullHttpRequest(decodeResult: success, version: HTTP/1.1, content: EmptyByteBufBE)
GET /session/345e3f85b3f8faf3f3e8b1b2251bc51e/element/3c16bab3-6c98-4a27-99eb-13bf6064ad32/name HTTP/1.1
User-Agent: selenium/4.8.1 (java windows)
Cache-Control: no-cache
Content-Type: application/json; charset=utf-8
host: localhost:5553
accept: */*

Response DefaultHttpResponse(decodeResult: success, version: HTTP/1.1)
HTTP/1.1 200 OK
Content-Length: 16
Content-Type: application/json; charset=utf-8
cache-control: no-cache

16:04:08.012 [AsyncHttpClient-1-6] DEBUG org.asynchttpclient.netty.channel.ChannelManager - Adding key: http://localhost:5553 for channel [id: 0x1a7c3222, L:/127.0.0.1:63473 - R:localhost/127.0.0.1:5553]
16:04:08.014 [Forwarding findElement on session 345e3f85b3f8faf3f3e8b1b2251bc51e to remote] DEBUG org.asynchttpclient.netty.request.NettyRequestSender - Using pooled Channel '[id: 0x1a7c3222, L:/127.0.0.1:63473 - R:localhost/127.0.0.1:5553]' for 'POST' to 'http://localhost:5553/session/345e3f85b3f8faf3f3e8b1b2251bc51e/element'
16:04:08.014 [Forwarding findElement on session 345e3f85b3f8faf3f3e8b1b2251bc51e to remote] DEBUG org.asynchttpclient.netty.request.NettyRequestSender - Using open Channel [id: 0x1a7c3222, L:/127.0.0.1:63473 - R:localhost/127.0.0.1:5553] for POST '/session/345e3f85b3f8faf3f3e8b1b2251bc51e/element'
16:04:08.019 [AsyncHttpClient-1-6] DEBUG org.asynchttpclient.netty.handler.HttpHandler - 

Request DefaultHttpRequest(decodeResult: success, version: HTTP/1.1)
POST /session/345e3f85b3f8faf3f3e8b1b2251bc51e/element HTTP/1.1
User-Agent: selenium/4.8.1 (java windows)
Content-Length: 69
Content-Type: application/json; charset=utf-8
host: localhost:5553
accept: */*

Response DefaultHttpResponse(decodeResult: success, version: HTTP/1.1)
HTTP/1.1 200 OK
Content-Length: 88
Content-Type: application/json; charset=utf-8
cache-control: no-cache

16:04:08.020 [AsyncHttpClient-1-6] DEBUG org.asynchttpclient.netty.channel.ChannelManager - Adding key: http://localhost:5553 for channel [id: 0x1a7c3222, L:/127.0.0.1:63473 - R:localhost/127.0.0.1:5553]
16:04:08.021 [Forwarding clickElement on session 345e3f85b3f8faf3f3e8b1b2251bc51e to remote] DEBUG org.asynchttpclient.netty.request.NettyRequestSender - Using pooled Channel '[id: 0x1a7c3222, L:/127.0.0.1:63473 - R:localhost/127.0.0.1:5553]' for 'POST' to 'http://localhost:5553/session/345e3f85b3f8faf3f3e8b1b2251bc51e/element/3c16bab3-6c98-4a27-99eb-13bf6064ad32/click'
16:04:08.021 [Forwarding clickElement on session 345e3f85b3f8faf3f3e8b1b2251bc51e to remote] DEBUG org.asynchttpclient.netty.request.NettyRequestSender - Using open Channel [id: 0x1a7c3222, L:/127.0.0.1:63473 - R:localhost/127.0.0.1:5553] for POST '/session/345e3f85b3f8faf3f3e8b1b2251bc51e/element/3c16bab3-6c98-4a27-99eb-13bf6064ad32/click'
16:04:08.066 [AsyncHttpClient-1-6] DEBUG org.asynchttpclient.netty.handler.HttpHandler - 

Request DefaultHttpRequest(decodeResult: success, version: HTTP/1.1)
POST /session/345e3f85b3f8faf3f3e8b1b2251bc51e/element/3c16bab3-6c98-4a27-99eb-13bf6064ad32/click HTTP/1.1
User-Agent: selenium/4.8.1 (java windows)
Content-Length: 50
Content-Type: application/json; charset=utf-8
host: localhost:5553
accept: */*

Response DefaultHttpResponse(decodeResult: success, version: HTTP/1.1)
HTTP/1.1 200 OK
Content-Length: 14
Content-Type: application/json; charset=utf-8
cache-control: no-cache

16:04:08.066 [AsyncHttpClient-1-6] DEBUG org.asynchttpclient.netty.channel.ChannelManager - Adding key: http://localhost:5553 for channel [id: 0x1a7c3222, L:/127.0.0.1:63473 - R:localhost/127.0.0.1:5553]
16:04:08.070 [Forwarding getAlertText on session 345e3f85b3f8faf3f3e8b1b2251bc51e to remote] DEBUG org.asynchttpclient.netty.request.NettyRequestSender - Using pooled Channel '[id: 0x1a7c3222, L:/127.0.0.1:63473 - R:localhost/127.0.0.1:5553]' for 'GET' to 'http://localhost:5553/session/345e3f85b3f8faf3f3e8b1b2251bc51e/alert/text'
16:04:08.070 [Forwarding getAlertText on session 345e3f85b3f8faf3f3e8b1b2251bc51e to remote] DEBUG org.asynchttpclient.netty.request.NettyRequestSender - Using open Channel [id: 0x1a7c3222, L:/127.0.0.1:63473 - R:localhost/127.0.0.1:5553] for GET '/session/345e3f85b3f8faf3f3e8b1b2251bc51e/alert/text'
16:04:08.072 [AsyncHttpClient-1-6] DEBUG org.asynchttpclient.netty.handler.HttpHandler - 

Request DefaultFullHttpRequest(decodeResult: success, version: HTTP/1.1, content: EmptyByteBufBE)
GET /session/345e3f85b3f8faf3f3e8b1b2251bc51e/alert/text HTTP/1.1
User-Agent: selenium/4.8.1 (java windows)
Cache-Control: no-cache
Content-Type: application/json; charset=utf-8
host: localhost:5553
accept: */*

Response DefaultHttpResponse(decodeResult: success, version: HTTP/1.1)
HTTP/1.1 404 Not Found
Content-Length: 848
Content-Type: application/json; charset=utf-8
cache-control: no-cache

16:04:08.072 [AsyncHttpClient-1-6] DEBUG org.asynchttpclient.netty.channel.ChannelManager - Adding key: http://localhost:5553 for channel [id: 0x1a7c3222, L:/127.0.0.1:63473 - R:localhost/127.0.0.1:5553]
16:04:08.073 [Forwarding getCurrentUrl on session 345e3f85b3f8faf3f3e8b1b2251bc51e to remote] DEBUG org.asynchttpclient.netty.request.NettyRequestSender - Using pooled Channel '[id: 0x1a7c3222, L:/127.0.0.1:63473 - R:localhost/127.0.0.1:5553]' for 'GET' to 'http://localhost:5553/session/345e3f85b3f8faf3f3e8b1b2251bc51e/url'
16:04:08.073 [Forwarding getCurrentUrl on session 345e3f85b3f8faf3f3e8b1b2251bc51e to remote] DEBUG org.asynchttpclient.netty.request.NettyRequestSender - Using open Channel [id: 0x1a7c3222, L:/127.0.0.1:63473 - R:localhost/127.0.0.1:5553] for GET '/session/345e3f85b3f8faf3f3e8b1b2251bc51e/url'
16:04:08.078 [AsyncHttpClient-1-6] DEBUG org.asynchttpclient.netty.handler.HttpHandler - 

Request DefaultFullHttpRequest(decodeResult: success, version: HTTP/1.1, content: EmptyByteBufBE)
GET /session/345e3f85b3f8faf3f3e8b1b2251bc51e/url HTTP/1.1
User-Agent: selenium/4.8.1 (java windows)
Cache-Control: no-cache
Content-Type: application/json; charset=utf-8
host: localhost:5553
accept: */*

Response DefaultHttpResponse(decodeResult: success, version: HTTP/1.1)
HTTP/1.1 200 OK
Content-Length: 51
Content-Type: application/json; charset=utf-8
cache-control: no-cache

16:04:08.078 [AsyncHttpClient-1-6] DEBUG org.asynchttpclient.netty.channel.ChannelManager - Adding key: http://localhost:5553 for channel [id: 0x1a7c3222, L:/127.0.0.1:63473 - R:localhost/127.0.0.1:5553]
16:04:08.079 [Forwarding screenshot on session 345e3f85b3f8faf3f3e8b1b2251bc51e to remote] DEBUG org.asynchttpclient.netty.request.NettyRequestSender - Using pooled Channel '[id: 0x1a7c3222, L:/127.0.0.1:63473 - R:localhost/127.0.0.1:5553]' for 'GET' to 'http://localhost:5553/session/345e3f85b3f8faf3f3e8b1b2251bc51e/screenshot'
16:04:08.079 [Forwarding screenshot on session 345e3f85b3f8faf3f3e8b1b2251bc51e to remote] DEBUG org.asynchttpclient.netty.request.NettyRequestSender - Using open Channel [id: 0x1a7c3222, L:/127.0.0.1:63473 - R:localhost/127.0.0.1:5553] for GET '/session/345e3f85b3f8faf3f3e8b1b2251bc51e/screenshot'
16:04:08.177 [AsyncHttpClient-1-1] DEBUG org.asynchttpclient.netty.channel.DefaultChannelPool - Entry count for : http://localhost:63474 : 1
16:04:08.197 [AsyncHttpClient-1-6] DEBUG org.asynchttpclient.netty.handler.HttpHandler - 

Request DefaultFullHttpRequest(decodeResult: success, version: HTTP/1.1, content: EmptyByteBufBE)
GET /session/345e3f85b3f8faf3f3e8b1b2251bc51e/screenshot HTTP/1.1
User-Agent: selenium/4.8.1 (java windows)
Cache-Control: no-cache
Content-Type: application/json; charset=utf-8
host: localhost:5553
accept: */*

Response DefaultHttpResponse(decodeResult: success, version: HTTP/1.1)
HTTP/1.1 200 OK
Content-Length: 30464
Content-Type: application/json; charset=utf-8
cache-control: no-cache

16:04:08.198 [AsyncHttpClient-1-6] DEBUG org.asynchttpclient.netty.channel.ChannelManager - Adding key: http://localhost:5553 for channel [id: 0x1a7c3222, L:/127.0.0.1:63473 - R:localhost/127.0.0.1:5553]
16:04:08.199 [main] DEBUG net.serenitybdd.core.photography.Darkroom - Send negative for processing for target\site\serenity\dfebef43b39d69e0f21dc60e701d5acf457528b2f60885828d2f5347e006c177.png
16:04:08.200 [main] DEBUG net.thucydides.core.steps.StepInterceptor - STEP DONE: click button login
  &amp#27;[32mAnd &amp#27;[0m&amp#27;[32mclick button login&amp#27;[0m                                   &amp#27;[90m# starter.stepdefinition.LoginStep.clickButtonLogin()&amp#27;[0m
16:04:08.200 [Darkroom Processing Line] DEBUG net.serenitybdd.core.photography.DarkroomProcessingLine - Processing screenshot image in /var/screenshots/screenshot-6947210989360538173
16:04:08.200 [Darkroom Processing Line] DEBUG net.serenitybdd.core.photography.DarkroomProcessingLine - Saving screenshot to target\site\serenity\dfebef43b39d69e0f21dc60e701d5acf457528b2f60885828d2f5347e006c177.png
16:04:08.208 [main] DEBUG net.thucydides.core.steps.StepInterceptor - STARTING STEP: LoginStep.userCanSeeProductHomepage - user can see product homepage
16:04:08.211 [Forwarding findElement on session 345e3f85b3f8faf3f3e8b1b2251bc51e to remote] DEBUG org.asynchttpclient.netty.request.NettyRequestSender - Using pooled Channel '[id: 0x1a7c3222, L:/127.0.0.1:63473 - R:localhost/127.0.0.1:5553]' for 'POST' to 'http://localhost:5553/session/345e3f85b3f8faf3f3e8b1b2251bc51e/element'
16:04:08.211 [Forwarding findElement on session 345e3f85b3f8faf3f3e8b1b2251bc51e to remote] DEBUG org.asynchttpclient.netty.request.NettyRequestSender - Using open Channel [id: 0x1a7c3222, L:/127.0.0.1:63473 - R:localhost/127.0.0.1:5553] for POST '/session/345e3f85b3f8faf3f3e8b1b2251bc51e/element'
16:04:08.221 [AsyncHttpClient-1-6] DEBUG org.asynchttpclient.netty.handler.HttpHandler - 

Request DefaultHttpRequest(decodeResult: success, version: HTTP/1.1)
POST /session/345e3f85b3f8faf3f3e8b1b2251bc51e/element HTTP/1.1
User-Agent: selenium/4.8.1 (java windows)
Content-Length: 75
Content-Type: application/json; charset=utf-8
host: localhost:5553
accept: */*

Response DefaultHttpResponse(decodeResult: success, version: HTTP/1.1)
HTTP/1.1 200 OK
Content-Length: 88
Content-Type: application/json; charset=utf-8
cache-control: no-cache

16:04:08.221 [AsyncHttpClient-1-6] DEBUG org.asynchttpclient.netty.channel.ChannelManager - Adding key: http://localhost:5553 for channel [id: 0x1a7c3222, L:/127.0.0.1:63473 - R:localhost/127.0.0.1:5553]
16:04:08.224 [Forwarding isElementDisplayed on session 345e3f85b3f8faf3f3e8b1b2251bc51e to remote] DEBUG org.asynchttpclient.netty.request.NettyRequestSender - Using pooled Channel '[id: 0x1a7c3222, L:/127.0.0.1:63473 - R:localhost/127.0.0.1:5553]' for 'POST' to 'http://localhost:5553/session/345e3f85b3f8faf3f3e8b1b2251bc51e/execute/sync'
16:04:08.224 [Forwarding isElementDisplayed on session 345e3f85b3f8faf3f3e8b1b2251bc51e to remote] DEBUG org.asynchttpclient.netty.request.NettyRequestSender - Using open Channel [id: 0x1a7c3222, L:/127.0.0.1:63473 - R:localhost/127.0.0.1:5553] for POST '/session/345e3f85b3f8faf3f3e8b1b2251bc51e/execute/sync'
16:04:08.238 [AsyncHttpClient-1-6] DEBUG org.asynchttpclient.netty.handler.HttpHandler - 

Request DefaultHttpRequest(decodeResult: success, version: HTTP/1.1)
POST /session/345e3f85b3f8faf3f3e8b1b2251bc51e/execute/sync HTTP/1.1
User-Agent: selenium/4.8.1 (java windows)
Content-Length: 48807
Content-Type: application/json; charset=utf-8
host: localhost:5553
accept: */*

Response DefaultHttpResponse(decodeResult: success, version: HTTP/1.1)
HTTP/1.1 200 OK
Content-Length: 14
Content-Type: application/json; charset=utf-8
cache-control: no-cache

16:04:08.238 [AsyncHttpClient-1-6] DEBUG org.asynchttpclient.netty.channel.ChannelManager - Adding key: http://localhost:5553 for channel [id: 0x1a7c3222, L:/127.0.0.1:63473 - R:localhost/127.0.0.1:5553]
16:04:08.244 [main] DEBUG net.thucydides.core.steps.StepInterceptor - STEP DONE: user can see product homepage
  &amp#27;[32mThen &amp#27;[0m&amp#27;[32muser can see product homepage&amp#27;[0m                       &amp#27;[90m# starter.stepdefinition.LoginStep.userCanSeeProductHomepage()&amp#27;[0m
16:04:08.248 [main] INFO  - 
  _____   ___   ___   _____     ___     _     ___   ___   ___   ___  
 |_   _| | __| / __| |_   _|   | _ \   /_\   / __| / __| | __| |   \ 
   | |   | _|  \__ \   | |     |  _/  / _ \  \__ \ \__ \ | _|  | |) |
   |_|   |___| |___/   |_|     |_|   /_/ \_\ |___/ |___/ |___| |___/ 

As a user, I login with valid email dan password
----------------------------------------------------------------------
16:04:08.249 [AsyncHttpClient-1-8] DEBUG org.asynchttpclient.netty.handler.WebSocketHandler - Channel Closed: [id: 0x848d8024, L:/127.0.0.1:63480 ! R:localhost/127.0.0.1:63474] with attribute NettyResponseFuture{currentRetry=0,
	isDone=1,
	isCancelled=0,
	asyncHandler=org.asynchttpclient.ws.WebSocketUpgradeHandler@2c53cef3,
	nettyRequest=org.asynchttpclient.netty.request.NettyRequest@25c671f8,
	future=java.util.concurrent.CompletableFuture@430f6144[Completed normally],
	uri=ws://localhost:63474/devtools/browser/28d5958f-70e6-4a21-8396-e57772542ce6,
	keepAlive=true,
	redirectCount=0,
	timeoutsHolder=null,
	inAuth=0,
	touch=1683104646151}
16:04:08.249 [AsyncHttpClient-1-8] DEBUG org.asynchttpclient.netty.channel.ChannelManager - Closing Channel [id: 0x848d8024, L:/127.0.0.1:63480 ! R:localhost/127.0.0.1:63474] 
16:04:08.249 [Driver Command Executor] DEBUG org.asynchttpclient.netty.request.NettyRequestSender - Using pooled Channel '[id: 0x1a7c3222, L:/127.0.0.1:63473 - R:localhost/127.0.0.1:5553]' for 'DELETE' to 'http://localhost:5553/session/345e3f85b3f8faf3f3e8b1b2251bc51e'
16:04:08.249 [Driver Command Executor] DEBUG org.asynchttpclient.netty.request.NettyRequestSender - Using open Channel [id: 0x1a7c3222, L:/127.0.0.1:63473 - R:localhost/127.0.0.1:5553] for DELETE '/session/345e3f85b3f8faf3f3e8b1b2251bc51e'
16:04:08.368 [AsyncHttpClient-1-7] DEBUG org.asynchttpclient.netty.handler.HttpHandler - Unexpected I/O exception on channel [id: 0x5e77a348, L:/127.0.0.1:63479 - R:localhost/127.0.0.1:63474]
java.io.IOException: An existing connection was forcibly closed by the remote host
	at sun.nio.ch.SocketDispatcher.read0(Native Method)
	at sun.nio.ch.SocketDispatcher.read(SocketDispatcher.java:43)
	at sun.nio.ch.IOUtil.readIntoNativeBuffer(IOUtil.java:223)
	at sun.nio.ch.IOUtil.read(IOUtil.java:192)
	at sun.nio.ch.SocketChannelImpl.read(SocketChannelImpl.java:378)
	at io.netty.buffer.PooledByteBuf.setBytes(PooledByteBuf.java:259)
	at io.netty.buffer.AbstractByteBuf.writeBytes(AbstractByteBuf.java:1132)
	at io.netty.channel.socket.nio.NioSocketChannel.doReadBytes(NioSocketChannel.java:357)
	at io.netty.channel.nio.AbstractNioByteChannel$NioByteUnsafe.read(AbstractNioByteChannel.java:151)
	at io.netty.channel.nio.NioEventLoop.processSelectedKey(NioEventLoop.java:788)
	at io.netty.channel.nio.NioEventLoop.processSelectedKeysOptimized(NioEventLoop.java:724)
	at io.netty.channel.nio.NioEventLoop.processSelectedKeys(NioEventLoop.java:650)
	at io.netty.channel.nio.NioEventLoop.run(NioEventLoop.java:562)
	at io.netty.util.concurrent.SingleThreadEventExecutor$4.run(SingleThreadEventExecutor.java:997)
	at io.netty.util.internal.ThreadExecutorMap$2.run(ThreadExecutorMap.java:74)
	at io.netty.util.concurrent.FastThreadLocalRunnable.run(FastThreadLocalRunnable.java:30)
	at java.lang.Thread.run(Thread.java:748)
16:04:08.368 [AsyncHttpClient-1-7] DEBUG org.asynchttpclient.netty.channel.ChannelManager - Closing Channel [id: 0x5e77a348, L:/127.0.0.1:63479 - R:localhost/127.0.0.1:63474] 
16:04:08.368 [AsyncHttpClient-1-7] DEBUG org.asynchttpclient.netty.handler.HttpHandler - Channel Closed: [id: 0x5e77a348, L:/127.0.0.1:63479 ! R:localhost/127.0.0.1:63474] with attribute DISCARD
16:04:08.387 [AsyncHttpClient-1-6] DEBUG org.asynchttpclient.netty.handler.HttpHandler - 

Request DefaultFullHttpRequest(decodeResult: success, version: HTTP/1.1, content: EmptyByteBufBE)
DELETE /session/345e3f85b3f8faf3f3e8b1b2251bc51e HTTP/1.1
User-Agent: selenium/4.8.1 (java windows)
Content-Type: application/json; charset=utf-8
host: localhost:5553
accept: */*

Response DefaultHttpResponse(decodeResult: success, version: HTTP/1.1)
HTTP/1.1 200 OK
Content-Length: 14
Content-Type: application/json; charset=utf-8
cache-control: no-cache

16:04:08.388 [AsyncHttpClient-1-6] DEBUG org.asynchttpclient.netty.channel.ChannelManager - Adding key: http://localhost:5553 for channel [id: 0x1a7c3222, L:/127.0.0.1:63473 - R:localhost/127.0.0.1:5553]
16:04:08.493 [AsyncHttpClient-1-6] DEBUG org.asynchttpclient.netty.handler.HttpHandler - Channel Closed: [id: 0x1a7c3222, L:/127.0.0.1:63473 ! R:localhost/127.0.0.1:5553] with attribute DISCARD
]]></system-out>
    <system-err><![CDATA[Starting ChromeDriver 112.0.5615.49 (bd2a7bcb881c11e8cfe3078709382934e3916914-refs/branch-heads/5615@{#936}) on port 5553
Only local connections are allowed.
Please see https://chromedriver.chromium.org/security-considerations for suggestions on keeping ChromeDriver safe.
ChromeDriver was started successfully.
May 03, 2023 4:04:06 PM org.openqa.selenium.devtools.CdpVersionFinder findNearestMatch
WARNING: Unable to find an exact match for CDP version 112, so returning the closest version found: 110
]]></system-err>
  </testcase>
  <testcase name="As a user, I login with invalid email" classname="Login - As a user I want to buy some product So that I have to login" time="4.806">
    <system-out><![CDATA[
@TC_Login_002
Scenario: As a user, I login with invalid email  &amp#27;[90m# src/test/resources/features/Login.feature:12&amp#27;[0m
16:04:09.029 [main] DEBUG io.cucumber.core.plugin.SerenityReporter - Running feature from file:///C:/Users/user/Downloads/QE_Devi-Agustin-Utari/Mini%20Project/Source_Mini_Project/Web_Automation_AltaShop/src/test/resources/features/Login.feature
16:04:09.032 [main] INFO  - 
  _____   ___   ___   _____     ___   _____     _     ___   _____   ___   ___  
 |_   _| | __| / __| |_   _|   / __| |_   _|   /_\   | _ \ |_   _| | __| |   \ 
   | |   | _|  \__ \   | |     \__ \   | |    / _ \  |   /   | |   | _|  | |) |
   |_|   |___| |___/   |_|     |___/   |_|   /_/ \_\ |_|_\   |_|   |___| |___/ 

As a user, I login with invalid email(login---as-a-user-i-want-to-buy-some-product-so-that-i-have-to-login;as-a-user--i-login-with-invalid-email)
--------------------------------------------------------------------------------
16:04:09.052 [main] DEBUG net.thucydides.core.steps.StepInterceptor - STARTING STEP: LoginStep.userOnLoginPage - user on login page
16:04:09.133 [main] INFO net.serenitybdd.core.webdriver.driverproviders.ChromeDriverProvider - Starting Chrome driver instance with capabilities:
16:04:09.133 [main] INFO net.serenitybdd.core.webdriver.driverproviders.ChromeDriverProvider - Capabilities {acceptInsecureCerts: true, browserName: chrome, goog:chromeOptions: {args: [remote-allow-origins=*, test-type, no-sandbox, ignore-certificate-errors, start-maximized, incognito, disable-infobars, disable-gpu, disable-default-apps, disable-popup-blocking, remote-allow-origins=*, test-type, no-sandbox, ignore-certificate-errors, start-maximized, incognito, disable-infobars, disable-gpu, disable-default-apps, disable-popup-blocking, remote-allow-origins=*], extensions: []}}
16:04:09.203 [AsyncHttpClient-1-9] DEBUG org.asynchttpclient.netty.channel.NettyConnectListener - Using new Channel '[id: 0x908f0015, L:/127.0.0.1:63495 - R:localhost/127.0.0.1:8954]' for 'POST' to '/session'
16:04:09.301 [AsyncHttpClient-1-1] DEBUG org.asynchttpclient.netty.channel.DefaultChannelPool - Entry count for : http://localhost:63474 : 1
16:04:09.301 [AsyncHttpClient-1-1] DEBUG org.asynchttpclient.netty.channel.DefaultChannelPool - Entry count for : http://localhost:5553 : 1
16:04:09.301 [AsyncHttpClient-1-1] DEBUG org.asynchttpclient.netty.channel.DefaultChannelPool - Adding Candidate expired Channel [id: 0x5e77a348, L:/127.0.0.1:63479 ! R:localhost/127.0.0.1:63474] isIdleTimeoutExpired=false isRemotelyClosed=true isTtlExpired=false
16:04:09.301 [AsyncHttpClient-1-1] DEBUG org.asynchttpclient.netty.channel.DefaultChannelPool - Closing Idle Channel [id: 0x5e77a348, L:/127.0.0.1:63479 ! R:localhost/127.0.0.1:63474]
16:04:09.301 [AsyncHttpClient-1-1] DEBUG org.asynchttpclient.netty.channel.DefaultChannelPool - Adding Candidate expired Channel [id: 0x1a7c3222, L:/127.0.0.1:63473 ! R:localhost/127.0.0.1:5553] isIdleTimeoutExpired=false isRemotelyClosed=true isTtlExpired=false
16:04:09.301 [AsyncHttpClient-1-1] DEBUG org.asynchttpclient.netty.channel.DefaultChannelPool - Closing Idle Channel [id: 0x1a7c3222, L:/127.0.0.1:63473 ! R:localhost/127.0.0.1:5553]
16:04:09.302 [AsyncHttpClient-1-1] DEBUG org.asynchttpclient.netty.channel.DefaultChannelPool - Closed 2 connections out of 2 in 1 ms
16:04:10.681 [AsyncHttpClient-1-9] DEBUG org.asynchttpclient.netty.handler.HttpHandler - 

Request DefaultHttpRequest(decodeResult: success, version: HTTP/1.1)
POST /session HTTP/1.1
User-Agent: selenium/4.8.1 (java windows)
Content-Length: 1701
Content-Type: application/json; charset=utf-8
host: localhost:8954
accept: */*

Response DefaultHttpResponse(decodeResult: success, version: HTTP/1.1)
HTTP/1.1 200 OK
Content-Length: 842
Content-Type: application/json; charset=utf-8
cache-control: no-cache

16:04:10.681 [AsyncHttpClient-1-9] DEBUG org.asynchttpclient.netty.channel.ChannelManager - Adding key: http://localhost:8954 for channel [id: 0x908f0015, L:/127.0.0.1:63495 - R:localhost/127.0.0.1:8954]
16:04:10.688 [AsyncHttpClient-1-2] DEBUG org.asynchttpclient.netty.channel.NettyConnectListener - Using new Channel '[id: 0xf3cb0e5d, L:/127.0.0.1:63502 - R:localhost/127.0.0.1:63497]' for 'GET' to '/json/version'
16:04:10.689 [AsyncHttpClient-1-2] DEBUG org.asynchttpclient.netty.handler.HttpHandler - 

Request DefaultFullHttpRequest(decodeResult: success, version: HTTP/1.1, content: EmptyByteBufBE)
GET /json/version HTTP/1.1
User-Agent: selenium/4.8.1 (java windows)
host: localhost:63497
accept: */*

Response DefaultHttpResponse(decodeResult: success, version: HTTP/1.1)
HTTP/1.1 200 OK
Content-Security-Policy: frame-ancestors 'none'
Content-Length: 424
Content-Type: application/json; charset=UTF-8

16:04:10.689 [AsyncHttpClient-1-2] DEBUG org.asynchttpclient.netty.channel.ChannelManager - Adding key: http://localhost:63497 for channel [id: 0xf3cb0e5d, L:/127.0.0.1:63502 - R:localhost/127.0.0.1:63497]
16:04:10.693 [AsyncHttpClient-1-3] DEBUG org.asynchttpclient.netty.channel.NettyConnectListener - Using new Channel '[id: 0x0fafe74d, L:/127.0.0.1:63503 - R:localhost/127.0.0.1:63497]' for 'GET' to '/devtools/browser/91dbdd7b-bb5a-499c-b7de-e63043412bed'
16:04:10.694 [AsyncHttpClient-1-3] DEBUG org.asynchttpclient.netty.handler.WebSocketHandler - 

Request DefaultFullHttpRequest(decodeResult: success, version: HTTP/1.1, content: EmptyByteBufBE)
GET /devtools/browser/91dbdd7b-bb5a-499c-b7de-e63043412bed HTTP/1.1
upgrade: websocket
connection: upgrade
sec-websocket-key: t/nAkKJvBq6Aq3l8k1Hy2w==
sec-websocket-version: 13
origin: http://localhost:63497
host: localhost:63497
accept: */*
user-agent: AHC/2.1

Response DefaultHttpResponse(decodeResult: success, version: HTTP/1.1)
HTTP/1.1 101 WebSocket Protocol Handshake
Upgrade: WebSocket
Connection: Upgrade
Sec-WebSocket-Accept: LEl6/OWw67LGRA+f6s6zKd20QVw=

16:04:10.698 [Forwarding get on session 395867eb2969cf7b35d6bf57d4af8bf4 to remote] DEBUG org.asynchttpclient.netty.request.NettyRequestSender - Using pooled Channel '[id: 0x908f0015, L:/127.0.0.1:63495 - R:localhost/127.0.0.1:8954]' for 'POST' to 'http://localhost:8954/session/395867eb2969cf7b35d6bf57d4af8bf4/url'
16:04:10.698 [Forwarding get on session 395867eb2969cf7b35d6bf57d4af8bf4 to remote] DEBUG org.asynchttpclient.netty.request.NettyRequestSender - Using open Channel [id: 0x908f0015, L:/127.0.0.1:63495 - R:localhost/127.0.0.1:8954] for POST '/session/395867eb2969cf7b35d6bf57d4af8bf4/url'
16:04:11.483 [AsyncHttpClient-1-1] DEBUG org.asynchttpclient.netty.channel.DefaultChannelPool - Entry count for : http://localhost:63497 : 1
16:04:11.783 [AsyncHttpClient-1-9] DEBUG org.asynchttpclient.netty.handler.HttpHandler - 

Request DefaultHttpRequest(decodeResult: success, version: HTTP/1.1)
POST /session/395867eb2969cf7b35d6bf57d4af8bf4/url HTTP/1.1
User-Agent: selenium/4.8.1 (java windows)
Content-Length: 74
Content-Type: application/json; charset=utf-8
host: localhost:8954
accept: */*

Response DefaultHttpResponse(decodeResult: success, version: HTTP/1.1)
HTTP/1.1 200 OK
Content-Length: 14
Content-Type: application/json; charset=utf-8
cache-control: no-cache

16:04:11.784 [AsyncHttpClient-1-9] DEBUG org.asynchttpclient.netty.channel.ChannelManager - Adding key: http://localhost:8954 for channel [id: 0x908f0015, L:/127.0.0.1:63495 - R:localhost/127.0.0.1:8954]
16:04:11.786 [Forwarding setTimeout on session 395867eb2969cf7b35d6bf57d4af8bf4 to remote] DEBUG org.asynchttpclient.netty.request.NettyRequestSender - Using pooled Channel '[id: 0x908f0015, L:/127.0.0.1:63495 - R:localhost/127.0.0.1:8954]' for 'POST' to 'http://localhost:8954/session/395867eb2969cf7b35d6bf57d4af8bf4/timeouts'
16:04:11.786 [Forwarding setTimeout on session 395867eb2969cf7b35d6bf57d4af8bf4 to remote] DEBUG org.asynchttpclient.netty.request.NettyRequestSender - Using open Channel [id: 0x908f0015, L:/127.0.0.1:63495 - R:localhost/127.0.0.1:8954] for POST '/session/395867eb2969cf7b35d6bf57d4af8bf4/timeouts'
16:04:11.787 [AsyncHttpClient-1-9] DEBUG org.asynchttpclient.netty.handler.HttpHandler - 

Request DefaultHttpRequest(decodeResult: success, version: HTTP/1.1)
POST /session/395867eb2969cf7b35d6bf57d4af8bf4/timeouts HTTP/1.1
User-Agent: selenium/4.8.1 (java windows)
Content-Length: 22
Content-Type: application/json; charset=utf-8
host: localhost:8954
accept: */*

Response DefaultHttpResponse(decodeResult: success, version: HTTP/1.1)
HTTP/1.1 200 OK
Content-Length: 14
Content-Type: application/json; charset=utf-8
cache-control: no-cache

16:04:11.787 [AsyncHttpClient-1-9] DEBUG org.asynchttpclient.netty.channel.ChannelManager - Adding key: http://localhost:8954 for channel [id: 0x908f0015, L:/127.0.0.1:63495 - R:localhost/127.0.0.1:8954]
16:04:11.795 [Forwarding findElement on session 395867eb2969cf7b35d6bf57d4af8bf4 to remote] DEBUG org.asynchttpclient.netty.request.NettyRequestSender - Using pooled Channel '[id: 0x908f0015, L:/127.0.0.1:63495 - R:localhost/127.0.0.1:8954]' for 'POST' to 'http://localhost:8954/session/395867eb2969cf7b35d6bf57d4af8bf4/element'
16:04:11.795 [Forwarding findElement on session 395867eb2969cf7b35d6bf57d4af8bf4 to remote] DEBUG org.asynchttpclient.netty.request.NettyRequestSender - Using open Channel [id: 0x908f0015, L:/127.0.0.1:63495 - R:localhost/127.0.0.1:8954] for POST '/session/395867eb2969cf7b35d6bf57d4af8bf4/element'
16:04:11.808 [AsyncHttpClient-1-9] DEBUG org.asynchttpclient.netty.handler.HttpHandler - 

Request DefaultHttpRequest(decodeResult: success, version: HTTP/1.1)
POST /session/395867eb2969cf7b35d6bf57d4af8bf4/element HTTP/1.1
User-Agent: selenium/4.8.1 (java windows)
Content-Length: 69
Content-Type: application/json; charset=utf-8
host: localhost:8954
accept: */*

Response DefaultHttpResponse(decodeResult: success, version: HTTP/1.1)
HTTP/1.1 200 OK
Content-Length: 88
Content-Type: application/json; charset=utf-8
cache-control: no-cache

16:04:11.809 [AsyncHttpClient-1-9] DEBUG org.asynchttpclient.netty.channel.ChannelManager - Adding key: http://localhost:8954 for channel [id: 0x908f0015, L:/127.0.0.1:63495 - R:localhost/127.0.0.1:8954]
16:04:11.812 [Forwarding isElementDisplayed on session 395867eb2969cf7b35d6bf57d4af8bf4 to remote] DEBUG org.asynchttpclient.netty.request.NettyRequestSender - Using pooled Channel '[id: 0x908f0015, L:/127.0.0.1:63495 - R:localhost/127.0.0.1:8954]' for 'POST' to 'http://localhost:8954/session/395867eb2969cf7b35d6bf57d4af8bf4/execute/sync'
16:04:11.812 [Forwarding isElementDisplayed on session 395867eb2969cf7b35d6bf57d4af8bf4 to remote] DEBUG org.asynchttpclient.netty.request.NettyRequestSender - Using open Channel [id: 0x908f0015, L:/127.0.0.1:63495 - R:localhost/127.0.0.1:8954] for POST '/session/395867eb2969cf7b35d6bf57d4af8bf4/execute/sync'
16:04:11.827 [AsyncHttpClient-1-9] DEBUG org.asynchttpclient.netty.handler.HttpHandler - 

Request DefaultHttpRequest(decodeResult: success, version: HTTP/1.1)
POST /session/395867eb2969cf7b35d6bf57d4af8bf4/execute/sync HTTP/1.1
User-Agent: selenium/4.8.1 (java windows)
Content-Length: 48807
Content-Type: application/json; charset=utf-8
host: localhost:8954
accept: */*

Response DefaultHttpResponse(decodeResult: success, version: HTTP/1.1)
HTTP/1.1 200 OK
Content-Length: 14
Content-Type: application/json; charset=utf-8
cache-control: no-cache

16:04:11.827 [AsyncHttpClient-1-9] DEBUG org.asynchttpclient.netty.channel.ChannelManager - Adding key: http://localhost:8954 for channel [id: 0x908f0015, L:/127.0.0.1:63495 - R:localhost/127.0.0.1:8954]
16:04:11.831 [Forwarding getAlertText on session 395867eb2969cf7b35d6bf57d4af8bf4 to remote] DEBUG org.asynchttpclient.netty.request.NettyRequestSender - Using pooled Channel '[id: 0x908f0015, L:/127.0.0.1:63495 - R:localhost/127.0.0.1:8954]' for 'GET' to 'http://localhost:8954/session/395867eb2969cf7b35d6bf57d4af8bf4/alert/text'
16:04:11.831 [Forwarding getAlertText on session 395867eb2969cf7b35d6bf57d4af8bf4 to remote] DEBUG org.asynchttpclient.netty.request.NettyRequestSender - Using open Channel [id: 0x908f0015, L:/127.0.0.1:63495 - R:localhost/127.0.0.1:8954] for GET '/session/395867eb2969cf7b35d6bf57d4af8bf4/alert/text'
16:04:11.833 [AsyncHttpClient-1-9] DEBUG org.asynchttpclient.netty.handler.HttpHandler - 

Request DefaultFullHttpRequest(decodeResult: success, version: HTTP/1.1, content: EmptyByteBufBE)
GET /session/395867eb2969cf7b35d6bf57d4af8bf4/alert/text HTTP/1.1
User-Agent: selenium/4.8.1 (java windows)
Cache-Control: no-cache
Content-Type: application/json; charset=utf-8
host: localhost:8954
accept: */*

Response DefaultHttpResponse(decodeResult: success, version: HTTP/1.1)
HTTP/1.1 404 Not Found
Content-Length: 848
Content-Type: application/json; charset=utf-8
cache-control: no-cache

16:04:11.833 [AsyncHttpClient-1-9] DEBUG org.asynchttpclient.netty.channel.ChannelManager - Adding key: http://localhost:8954 for channel [id: 0x908f0015, L:/127.0.0.1:63495 - R:localhost/127.0.0.1:8954]
16:04:11.834 [Forwarding getCurrentUrl on session 395867eb2969cf7b35d6bf57d4af8bf4 to remote] DEBUG org.asynchttpclient.netty.request.NettyRequestSender - Using pooled Channel '[id: 0x908f0015, L:/127.0.0.1:63495 - R:localhost/127.0.0.1:8954]' for 'GET' to 'http://localhost:8954/session/395867eb2969cf7b35d6bf57d4af8bf4/url'
16:04:11.834 [Forwarding getCurrentUrl on session 395867eb2969cf7b35d6bf57d4af8bf4 to remote] DEBUG org.asynchttpclient.netty.request.NettyRequestSender - Using open Channel [id: 0x908f0015, L:/127.0.0.1:63495 - R:localhost/127.0.0.1:8954] for GET '/session/395867eb2969cf7b35d6bf57d4af8bf4/url'
16:04:11.838 [AsyncHttpClient-1-9] DEBUG org.asynchttpclient.netty.handler.HttpHandler - 

Request DefaultFullHttpRequest(decodeResult: success, version: HTTP/1.1, content: EmptyByteBufBE)
GET /session/395867eb2969cf7b35d6bf57d4af8bf4/url HTTP/1.1
User-Agent: selenium/4.8.1 (java windows)
Cache-Control: no-cache
Content-Type: application/json; charset=utf-8
host: localhost:8954
accept: */*

Response DefaultHttpResponse(decodeResult: success, version: HTTP/1.1)
HTTP/1.1 200 OK
Content-Length: 51
Content-Type: application/json; charset=utf-8
cache-control: no-cache

16:04:11.838 [AsyncHttpClient-1-9] DEBUG org.asynchttpclient.netty.channel.ChannelManager - Adding key: http://localhost:8954 for channel [id: 0x908f0015, L:/127.0.0.1:63495 - R:localhost/127.0.0.1:8954]
16:04:11.839 [Forwarding screenshot on session 395867eb2969cf7b35d6bf57d4af8bf4 to remote] DEBUG org.asynchttpclient.netty.request.NettyRequestSender - Using pooled Channel '[id: 0x908f0015, L:/127.0.0.1:63495 - R:localhost/127.0.0.1:8954]' for 'GET' to 'http://localhost:8954/session/395867eb2969cf7b35d6bf57d4af8bf4/screenshot'
16:04:11.839 [Forwarding screenshot on session 395867eb2969cf7b35d6bf57d4af8bf4 to remote] DEBUG org.asynchttpclient.netty.request.NettyRequestSender - Using open Channel [id: 0x908f0015, L:/127.0.0.1:63495 - R:localhost/127.0.0.1:8954] for GET '/session/395867eb2969cf7b35d6bf57d4af8bf4/screenshot'
16:04:11.909 [AsyncHttpClient-1-9] DEBUG org.asynchttpclient.netty.handler.HttpHandler - 

Request DefaultFullHttpRequest(decodeResult: success, version: HTTP/1.1, content: EmptyByteBufBE)
GET /session/395867eb2969cf7b35d6bf57d4af8bf4/screenshot HTTP/1.1
User-Agent: selenium/4.8.1 (java windows)
Cache-Control: no-cache
Content-Type: application/json; charset=utf-8
host: localhost:8954
accept: */*

Response DefaultHttpResponse(decodeResult: success, version: HTTP/1.1)
HTTP/1.1 200 OK
Content-Length: 25060
Content-Type: application/json; charset=utf-8
cache-control: no-cache

16:04:11.910 [AsyncHttpClient-1-9] DEBUG org.asynchttpclient.netty.channel.ChannelManager - Adding key: http://localhost:8954 for channel [id: 0x908f0015, L:/127.0.0.1:63495 - R:localhost/127.0.0.1:8954]
16:04:11.911 [main] DEBUG net.serenitybdd.core.photography.Darkroom - Send negative for processing for target\site\serenity\1db263dd5c04c8fe15e82ee6420144d4e1e7b9826b9315cfd7ec5b5d0da76045.png
16:04:11.912 [main] DEBUG net.thucydides.core.steps.StepInterceptor - STEP DONE: user on login page
  &amp#27;[32mGiven &amp#27;[0m&amp#27;[32muser on login page&amp#27;[0m                       &amp#27;[90m# starter.stepdefinition.LoginStep.userOnLoginPage()&amp#27;[0m
16:04:11.919 [main] DEBUG net.thucydides.core.steps.StepInterceptor - STARTING STEP: LoginStep.userInputInvalidEmail - user input invalid email
16:04:11.921 [Forwarding findElement on session 395867eb2969cf7b35d6bf57d4af8bf4 to remote] DEBUG org.asynchttpclient.netty.request.NettyRequestSender - Using pooled Channel '[id: 0x908f0015, L:/127.0.0.1:63495 - R:localhost/127.0.0.1:8954]' for 'POST' to 'http://localhost:8954/session/395867eb2969cf7b35d6bf57d4af8bf4/element'
16:04:11.921 [Forwarding findElement on session 395867eb2969cf7b35d6bf57d4af8bf4 to remote] DEBUG org.asynchttpclient.netty.request.NettyRequestSender - Using open Channel [id: 0x908f0015, L:/127.0.0.1:63495 - R:localhost/127.0.0.1:8954] for POST '/session/395867eb2969cf7b35d6bf57d4af8bf4/element'
16:04:11.931 [AsyncHttpClient-1-9] DEBUG org.asynchttpclient.netty.handler.HttpHandler - 

Request DefaultHttpRequest(decodeResult: success, version: HTTP/1.1)
POST /session/395867eb2969cf7b35d6bf57d4af8bf4/element HTTP/1.1
User-Agent: selenium/4.8.1 (java windows)
Content-Length: 55
Content-Type: application/json; charset=utf-8
host: localhost:8954
accept: */*

Response DefaultHttpResponse(decodeResult: success, version: HTTP/1.1)
HTTP/1.1 200 OK
Content-Length: 88
Content-Type: application/json; charset=utf-8
cache-control: no-cache

16:04:11.931 [AsyncHttpClient-1-9] DEBUG org.asynchttpclient.netty.channel.ChannelManager - Adding key: http://localhost:8954 for channel [id: 0x908f0015, L:/127.0.0.1:63495 - R:localhost/127.0.0.1:8954]
16:04:11.932 [Forwarding clearElement on session 395867eb2969cf7b35d6bf57d4af8bf4 to remote] DEBUG org.asynchttpclient.netty.request.NettyRequestSender - Using pooled Channel '[id: 0x908f0015, L:/127.0.0.1:63495 - R:localhost/127.0.0.1:8954]' for 'POST' to 'http://localhost:8954/session/395867eb2969cf7b35d6bf57d4af8bf4/element/cd8911e8-9781-430e-b76f-159ed8e4186c/clear'
16:04:11.932 [Forwarding clearElement on session 395867eb2969cf7b35d6bf57d4af8bf4 to remote] DEBUG org.asynchttpclient.netty.request.NettyRequestSender - Using open Channel [id: 0x908f0015, L:/127.0.0.1:63495 - R:localhost/127.0.0.1:8954] for POST '/session/395867eb2969cf7b35d6bf57d4af8bf4/element/cd8911e8-9781-430e-b76f-159ed8e4186c/clear'
16:04:11.962 [AsyncHttpClient-1-9] DEBUG org.asynchttpclient.netty.handler.HttpHandler - 

Request DefaultHttpRequest(decodeResult: success, version: HTTP/1.1)
POST /session/395867eb2969cf7b35d6bf57d4af8bf4/element/cd8911e8-9781-430e-b76f-159ed8e4186c/clear HTTP/1.1
User-Agent: selenium/4.8.1 (java windows)
Content-Length: 50
Content-Type: application/json; charset=utf-8
host: localhost:8954
accept: */*

Response DefaultHttpResponse(decodeResult: success, version: HTTP/1.1)
HTTP/1.1 200 OK
Content-Length: 14
Content-Type: application/json; charset=utf-8
cache-control: no-cache

16:04:11.962 [AsyncHttpClient-1-9] DEBUG org.asynchttpclient.netty.channel.ChannelManager - Adding key: http://localhost:8954 for channel [id: 0x908f0015, L:/127.0.0.1:63495 - R:localhost/127.0.0.1:8954]
16:04:11.963 [Forwarding sendKeysToElement on session 395867eb2969cf7b35d6bf57d4af8bf4 to remote] DEBUG org.asynchttpclient.netty.request.NettyRequestSender - Using pooled Channel '[id: 0x908f0015, L:/127.0.0.1:63495 - R:localhost/127.0.0.1:8954]' for 'POST' to 'http://localhost:8954/session/395867eb2969cf7b35d6bf57d4af8bf4/element/cd8911e8-9781-430e-b76f-159ed8e4186c/value'
16:04:11.963 [Forwarding sendKeysToElement on session 395867eb2969cf7b35d6bf57d4af8bf4 to remote] DEBUG org.asynchttpclient.netty.request.NettyRequestSender - Using open Channel [id: 0x908f0015, L:/127.0.0.1:63495 - R:localhost/127.0.0.1:8954] for POST '/session/395867eb2969cf7b35d6bf57d4af8bf4/element/cd8911e8-9781-430e-b76f-159ed8e4186c/value'
16:04:12.084 [AsyncHttpClient-1-9] DEBUG org.asynchttpclient.netty.handler.HttpHandler - 

Request DefaultHttpRequest(decodeResult: success, version: HTTP/1.1)
POST /session/395867eb2969cf7b35d6bf57d4af8bf4/element/cd8911e8-9781-430e-b76f-159ed8e4186c/value HTTP/1.1
User-Agent: selenium/4.8.1 (java windows)
Content-Length: 231
Content-Type: application/json; charset=utf-8
host: localhost:8954
accept: */*

Response DefaultHttpResponse(decodeResult: success, version: HTTP/1.1)
HTTP/1.1 200 OK
Content-Length: 14
Content-Type: application/json; charset=utf-8
cache-control: no-cache

16:04:12.084 [AsyncHttpClient-1-9] DEBUG org.asynchttpclient.netty.channel.ChannelManager - Adding key: http://localhost:8954 for channel [id: 0x908f0015, L:/127.0.0.1:63495 - R:localhost/127.0.0.1:8954]
16:04:12.088 [Forwarding getAlertText on session 395867eb2969cf7b35d6bf57d4af8bf4 to remote] DEBUG org.asynchttpclient.netty.request.NettyRequestSender - Using pooled Channel '[id: 0x908f0015, L:/127.0.0.1:63495 - R:localhost/127.0.0.1:8954]' for 'GET' to 'http://localhost:8954/session/395867eb2969cf7b35d6bf57d4af8bf4/alert/text'
16:04:12.088 [Forwarding getAlertText on session 395867eb2969cf7b35d6bf57d4af8bf4 to remote] DEBUG org.asynchttpclient.netty.request.NettyRequestSender - Using open Channel [id: 0x908f0015, L:/127.0.0.1:63495 - R:localhost/127.0.0.1:8954] for GET '/session/395867eb2969cf7b35d6bf57d4af8bf4/alert/text'
16:04:12.090 [AsyncHttpClient-1-9] DEBUG org.asynchttpclient.netty.handler.HttpHandler - 

Request DefaultFullHttpRequest(decodeResult: success, version: HTTP/1.1, content: EmptyByteBufBE)
GET /session/395867eb2969cf7b35d6bf57d4af8bf4/alert/text HTTP/1.1
User-Agent: selenium/4.8.1 (java windows)
Cache-Control: no-cache
Content-Type: application/json; charset=utf-8
host: localhost:8954
accept: */*

Response DefaultHttpResponse(decodeResult: success, version: HTTP/1.1)
HTTP/1.1 404 Not Found
Content-Length: 848
Content-Type: application/json; charset=utf-8
cache-control: no-cache

16:04:12.090 [AsyncHttpClient-1-9] DEBUG org.asynchttpclient.netty.channel.ChannelManager - Adding key: http://localhost:8954 for channel [id: 0x908f0015, L:/127.0.0.1:63495 - R:localhost/127.0.0.1:8954]
16:04:12.092 [Forwarding getCurrentUrl on session 395867eb2969cf7b35d6bf57d4af8bf4 to remote] DEBUG org.asynchttpclient.netty.request.NettyRequestSender - Using pooled Channel '[id: 0x908f0015, L:/127.0.0.1:63495 - R:localhost/127.0.0.1:8954]' for 'GET' to 'http://localhost:8954/session/395867eb2969cf7b35d6bf57d4af8bf4/url'
16:04:12.092 [Forwarding getCurrentUrl on session 395867eb2969cf7b35d6bf57d4af8bf4 to remote] DEBUG org.asynchttpclient.netty.request.NettyRequestSender - Using open Channel [id: 0x908f0015, L:/127.0.0.1:63495 - R:localhost/127.0.0.1:8954] for GET '/session/395867eb2969cf7b35d6bf57d4af8bf4/url'
16:04:12.095 [AsyncHttpClient-1-9] DEBUG org.asynchttpclient.netty.handler.HttpHandler - 

Request DefaultFullHttpRequest(decodeResult: success, version: HTTP/1.1, content: EmptyByteBufBE)
GET /session/395867eb2969cf7b35d6bf57d4af8bf4/url HTTP/1.1
User-Agent: selenium/4.8.1 (java windows)
Cache-Control: no-cache
Content-Type: application/json; charset=utf-8
host: localhost:8954
accept: */*

Response DefaultHttpResponse(decodeResult: success, version: HTTP/1.1)
HTTP/1.1 200 OK
Content-Length: 51
Content-Type: application/json; charset=utf-8
cache-control: no-cache

16:04:12.095 [AsyncHttpClient-1-9] DEBUG org.asynchttpclient.netty.channel.ChannelManager - Adding key: http://localhost:8954 for channel [id: 0x908f0015, L:/127.0.0.1:63495 - R:localhost/127.0.0.1:8954]
16:04:12.096 [Forwarding screenshot on session 395867eb2969cf7b35d6bf57d4af8bf4 to remote] DEBUG org.asynchttpclient.netty.request.NettyRequestSender - Using pooled Channel '[id: 0x908f0015, L:/127.0.0.1:63495 - R:localhost/127.0.0.1:8954]' for 'GET' to 'http://localhost:8954/session/395867eb2969cf7b35d6bf57d4af8bf4/screenshot'
16:04:12.096 [Forwarding screenshot on session 395867eb2969cf7b35d6bf57d4af8bf4 to remote] DEBUG org.asynchttpclient.netty.request.NettyRequestSender - Using open Channel [id: 0x908f0015, L:/127.0.0.1:63495 - R:localhost/127.0.0.1:8954] for GET '/session/395867eb2969cf7b35d6bf57d4af8bf4/screenshot'
16:04:12.213 [AsyncHttpClient-1-9] DEBUG org.asynchttpclient.netty.handler.HttpHandler - 

Request DefaultFullHttpRequest(decodeResult: success, version: HTTP/1.1, content: EmptyByteBufBE)
GET /session/395867eb2969cf7b35d6bf57d4af8bf4/screenshot HTTP/1.1
User-Agent: selenium/4.8.1 (java windows)
Cache-Control: no-cache
Content-Type: application/json; charset=utf-8
host: localhost:8954
accept: */*

Response DefaultHttpResponse(decodeResult: success, version: HTTP/1.1)
HTTP/1.1 200 OK
Content-Length: 29556
Content-Type: application/json; charset=utf-8
cache-control: no-cache

16:04:12.213 [AsyncHttpClient-1-9] DEBUG org.asynchttpclient.netty.channel.ChannelManager - Adding key: http://localhost:8954 for channel [id: 0x908f0015, L:/127.0.0.1:63495 - R:localhost/127.0.0.1:8954]
16:04:12.214 [main] DEBUG net.serenitybdd.core.photography.Darkroom - Send negative for processing for target\site\serenity\e51be6b28b7c14070b4b4034793e01c27e1229b8654926add101f4e0dcb981d2.png
16:04:12.215 [main] DEBUG net.thucydides.core.steps.StepInterceptor - STEP DONE: user input invalid email
  &amp#27;[32mWhen &amp#27;[0m&amp#27;[32muser input invalid email&amp#27;[0m                  &amp#27;[90m# starter.stepdefinition.LoginStep.userInputInvalidEmail()&amp#27;[0m
16:04:12.215 [Darkroom Processing Line] DEBUG net.serenitybdd.core.photography.DarkroomProcessingLine - Processing screenshot image in /var/screenshots/screenshot-3966889488564566503
16:04:12.215 [Darkroom Processing Line] DEBUG net.serenitybdd.core.photography.DarkroomProcessingLine - Saving screenshot to target\site\serenity\e51be6b28b7c14070b4b4034793e01c27e1229b8654926add101f4e0dcb981d2.png
16:04:12.221 [main] DEBUG net.thucydides.core.steps.StepInterceptor - STARTING STEP: LoginStep.userInputValidPassword - user input valid password
16:04:12.225 [Forwarding findElement on session 395867eb2969cf7b35d6bf57d4af8bf4 to remote] DEBUG org.asynchttpclient.netty.request.NettyRequestSender - Using pooled Channel '[id: 0x908f0015, L:/127.0.0.1:63495 - R:localhost/127.0.0.1:8954]' for 'POST' to 'http://localhost:8954/session/395867eb2969cf7b35d6bf57d4af8bf4/element'
16:04:12.225 [Forwarding findElement on session 395867eb2969cf7b35d6bf57d4af8bf4 to remote] DEBUG org.asynchttpclient.netty.request.NettyRequestSender - Using open Channel [id: 0x908f0015, L:/127.0.0.1:63495 - R:localhost/127.0.0.1:8954] for POST '/session/395867eb2969cf7b35d6bf57d4af8bf4/element'
16:04:12.237 [AsyncHttpClient-1-9] DEBUG org.asynchttpclient.netty.handler.HttpHandler - 

Request DefaultHttpRequest(decodeResult: success, version: HTTP/1.1)
POST /session/395867eb2969cf7b35d6bf57d4af8bf4/element HTTP/1.1
User-Agent: selenium/4.8.1 (java windows)
Content-Length: 55
Content-Type: application/json; charset=utf-8
host: localhost:8954
accept: */*

Response DefaultHttpResponse(decodeResult: success, version: HTTP/1.1)
HTTP/1.1 200 OK
Content-Length: 88
Content-Type: application/json; charset=utf-8
cache-control: no-cache

16:04:12.238 [AsyncHttpClient-1-9] DEBUG org.asynchttpclient.netty.channel.ChannelManager - Adding key: http://localhost:8954 for channel [id: 0x908f0015, L:/127.0.0.1:63495 - R:localhost/127.0.0.1:8954]
16:04:12.239 [Forwarding clearElement on session 395867eb2969cf7b35d6bf57d4af8bf4 to remote] DEBUG org.asynchttpclient.netty.request.NettyRequestSender - Using pooled Channel '[id: 0x908f0015, L:/127.0.0.1:63495 - R:localhost/127.0.0.1:8954]' for 'POST' to 'http://localhost:8954/session/395867eb2969cf7b35d6bf57d4af8bf4/element/458c783b-f72a-4a65-ab98-f6234c8f8d1a/clear'
16:04:12.239 [Forwarding clearElement on session 395867eb2969cf7b35d6bf57d4af8bf4 to remote] DEBUG org.asynchttpclient.netty.request.NettyRequestSender - Using open Channel [id: 0x908f0015, L:/127.0.0.1:63495 - R:localhost/127.0.0.1:8954] for POST '/session/395867eb2969cf7b35d6bf57d4af8bf4/element/458c783b-f72a-4a65-ab98-f6234c8f8d1a/clear'
16:04:12.271 [AsyncHttpClient-1-9] DEBUG org.asynchttpclient.netty.handler.HttpHandler - 

Request DefaultHttpRequest(decodeResult: success, version: HTTP/1.1)
POST /session/395867eb2969cf7b35d6bf57d4af8bf4/element/458c783b-f72a-4a65-ab98-f6234c8f8d1a/clear HTTP/1.1
User-Agent: selenium/4.8.1 (java windows)
Content-Length: 50
Content-Type: application/json; charset=utf-8
host: localhost:8954
accept: */*

Response DefaultHttpResponse(decodeResult: success, version: HTTP/1.1)
HTTP/1.1 200 OK
Content-Length: 14
Content-Type: application/json; charset=utf-8
cache-control: no-cache

16:04:12.271 [AsyncHttpClient-1-9] DEBUG org.asynchttpclient.netty.channel.ChannelManager - Adding key: http://localhost:8954 for channel [id: 0x908f0015, L:/127.0.0.1:63495 - R:localhost/127.0.0.1:8954]
16:04:12.273 [Forwarding sendKeysToElement on session 395867eb2969cf7b35d6bf57d4af8bf4 to remote] DEBUG org.asynchttpclient.netty.request.NettyRequestSender - Using pooled Channel '[id: 0x908f0015, L:/127.0.0.1:63495 - R:localhost/127.0.0.1:8954]' for 'POST' to 'http://localhost:8954/session/395867eb2969cf7b35d6bf57d4af8bf4/element/458c783b-f72a-4a65-ab98-f6234c8f8d1a/value'
16:04:12.273 [Forwarding sendKeysToElement on session 395867eb2969cf7b35d6bf57d4af8bf4 to remote] DEBUG org.asynchttpclient.netty.request.NettyRequestSender - Using open Channel [id: 0x908f0015, L:/127.0.0.1:63495 - R:localhost/127.0.0.1:8954] for POST '/session/395867eb2969cf7b35d6bf57d4af8bf4/element/458c783b-f72a-4a65-ab98-f6234c8f8d1a/value'
16:04:12.370 [AsyncHttpClient-1-9] DEBUG org.asynchttpclient.netty.handler.HttpHandler - 

Request DefaultHttpRequest(decodeResult: success, version: HTTP/1.1)
POST /session/395867eb2969cf7b35d6bf57d4af8bf4/element/458c783b-f72a-4a65-ab98-f6234c8f8d1a/value HTTP/1.1
User-Agent: selenium/4.8.1 (java windows)
Content-Length: 161
Content-Type: application/json; charset=utf-8
host: localhost:8954
accept: */*

Response DefaultHttpResponse(decodeResult: success, version: HTTP/1.1)
HTTP/1.1 200 OK
Content-Length: 14
Content-Type: application/json; charset=utf-8
cache-control: no-cache

16:04:12.371 [AsyncHttpClient-1-9] DEBUG org.asynchttpclient.netty.channel.ChannelManager - Adding key: http://localhost:8954 for channel [id: 0x908f0015, L:/127.0.0.1:63495 - R:localhost/127.0.0.1:8954]
16:04:12.382 [Forwarding getAlertText on session 395867eb2969cf7b35d6bf57d4af8bf4 to remote] DEBUG org.asynchttpclient.netty.request.NettyRequestSender - Using pooled Channel '[id: 0x908f0015, L:/127.0.0.1:63495 - R:localhost/127.0.0.1:8954]' for 'GET' to 'http://localhost:8954/session/395867eb2969cf7b35d6bf57d4af8bf4/alert/text'
16:04:12.382 [Forwarding getAlertText on session 395867eb2969cf7b35d6bf57d4af8bf4 to remote] DEBUG org.asynchttpclient.netty.request.NettyRequestSender - Using open Channel [id: 0x908f0015, L:/127.0.0.1:63495 - R:localhost/127.0.0.1:8954] for GET '/session/395867eb2969cf7b35d6bf57d4af8bf4/alert/text'
16:04:12.383 [AsyncHttpClient-1-9] DEBUG org.asynchttpclient.netty.handler.HttpHandler - 

Request DefaultFullHttpRequest(decodeResult: success, version: HTTP/1.1, content: EmptyByteBufBE)
GET /session/395867eb2969cf7b35d6bf57d4af8bf4/alert/text HTTP/1.1
User-Agent: selenium/4.8.1 (java windows)
Cache-Control: no-cache
Content-Type: application/json; charset=utf-8
host: localhost:8954
accept: */*

Response DefaultHttpResponse(decodeResult: success, version: HTTP/1.1)
HTTP/1.1 404 Not Found
Content-Length: 848
Content-Type: application/json; charset=utf-8
cache-control: no-cache

16:04:12.384 [AsyncHttpClient-1-9] DEBUG org.asynchttpclient.netty.channel.ChannelManager - Adding key: http://localhost:8954 for channel [id: 0x908f0015, L:/127.0.0.1:63495 - R:localhost/127.0.0.1:8954]
16:04:12.384 [Forwarding getCurrentUrl on session 395867eb2969cf7b35d6bf57d4af8bf4 to remote] DEBUG org.asynchttpclient.netty.request.NettyRequestSender - Using pooled Channel '[id: 0x908f0015, L:/127.0.0.1:63495 - R:localhost/127.0.0.1:8954]' for 'GET' to 'http://localhost:8954/session/395867eb2969cf7b35d6bf57d4af8bf4/url'
16:04:12.384 [Forwarding getCurrentUrl on session 395867eb2969cf7b35d6bf57d4af8bf4 to remote] DEBUG org.asynchttpclient.netty.request.NettyRequestSender - Using open Channel [id: 0x908f0015, L:/127.0.0.1:63495 - R:localhost/127.0.0.1:8954] for GET '/session/395867eb2969cf7b35d6bf57d4af8bf4/url'
16:04:12.388 [AsyncHttpClient-1-9] DEBUG org.asynchttpclient.netty.handler.HttpHandler - 

Request DefaultFullHttpRequest(decodeResult: success, version: HTTP/1.1, content: EmptyByteBufBE)
GET /session/395867eb2969cf7b35d6bf57d4af8bf4/url HTTP/1.1
User-Agent: selenium/4.8.1 (java windows)
Cache-Control: no-cache
Content-Type: application/json; charset=utf-8
host: localhost:8954
accept: */*

Response DefaultHttpResponse(decodeResult: success, version: HTTP/1.1)
HTTP/1.1 200 OK
Content-Length: 51
Content-Type: application/json; charset=utf-8
cache-control: no-cache

16:04:12.388 [AsyncHttpClient-1-9] DEBUG org.asynchttpclient.netty.channel.ChannelManager - Adding key: http://localhost:8954 for channel [id: 0x908f0015, L:/127.0.0.1:63495 - R:localhost/127.0.0.1:8954]
16:04:12.389 [Forwarding screenshot on session 395867eb2969cf7b35d6bf57d4af8bf4 to remote] DEBUG org.asynchttpclient.netty.request.NettyRequestSender - Using pooled Channel '[id: 0x908f0015, L:/127.0.0.1:63495 - R:localhost/127.0.0.1:8954]' for 'GET' to 'http://localhost:8954/session/395867eb2969cf7b35d6bf57d4af8bf4/screenshot'
16:04:12.389 [Forwarding screenshot on session 395867eb2969cf7b35d6bf57d4af8bf4 to remote] DEBUG org.asynchttpclient.netty.request.NettyRequestSender - Using open Channel [id: 0x908f0015, L:/127.0.0.1:63495 - R:localhost/127.0.0.1:8954] for GET '/session/395867eb2969cf7b35d6bf57d4af8bf4/screenshot'
16:04:12.530 [AsyncHttpClient-1-9] DEBUG org.asynchttpclient.netty.handler.HttpHandler - 

Request DefaultFullHttpRequest(decodeResult: success, version: HTTP/1.1, content: EmptyByteBufBE)
GET /session/395867eb2969cf7b35d6bf57d4af8bf4/screenshot HTTP/1.1
User-Agent: selenium/4.8.1 (java windows)
Cache-Control: no-cache
Content-Type: application/json; charset=utf-8
host: localhost:8954
accept: */*

Response DefaultHttpResponse(decodeResult: success, version: HTTP/1.1)
HTTP/1.1 200 OK
Content-Length: 30868
Content-Type: application/json; charset=utf-8
cache-control: no-cache

16:04:12.530 [AsyncHttpClient-1-9] DEBUG org.asynchttpclient.netty.channel.ChannelManager - Adding key: http://localhost:8954 for channel [id: 0x908f0015, L:/127.0.0.1:63495 - R:localhost/127.0.0.1:8954]
16:04:12.532 [main] DEBUG net.serenitybdd.core.photography.Darkroom - Send negative for processing for target\site\serenity\f9b2ed248d9f65c000e7deb3a6e48e1a09644f4e36670c823da4b889184a3297.png
16:04:12.532 [main] DEBUG net.thucydides.core.steps.StepInterceptor - STEP DONE: user input valid password
  &amp#27;[32mAnd &amp#27;[0m&amp#27;[32muser input valid password&amp#27;[0m                  &amp#27;[90m# starter.stepdefinition.LoginStep.userInputValidPassword()&amp#27;[0m
16:04:12.532 [Darkroom Processing Line] DEBUG net.serenitybdd.core.photography.DarkroomProcessingLine - Processing screenshot image in /var/screenshots/screenshot-2185942353358883300
16:04:12.532 [Darkroom Processing Line] DEBUG net.serenitybdd.core.photography.DarkroomProcessingLine - Saving screenshot to target\site\serenity\f9b2ed248d9f65c000e7deb3a6e48e1a09644f4e36670c823da4b889184a3297.png
16:04:12.540 [main] DEBUG net.thucydides.core.steps.StepInterceptor - STARTING STEP: LoginStep.clickButtonLogin - click button login
16:04:12.545 [Forwarding findElement on session 395867eb2969cf7b35d6bf57d4af8bf4 to remote] DEBUG org.asynchttpclient.netty.request.NettyRequestSender - Using pooled Channel '[id: 0x908f0015, L:/127.0.0.1:63495 - R:localhost/127.0.0.1:8954]' for 'POST' to 'http://localhost:8954/session/395867eb2969cf7b35d6bf57d4af8bf4/element'
16:04:12.545 [Forwarding findElement on session 395867eb2969cf7b35d6bf57d4af8bf4 to remote] DEBUG org.asynchttpclient.netty.request.NettyRequestSender - Using open Channel [id: 0x908f0015, L:/127.0.0.1:63495 - R:localhost/127.0.0.1:8954] for POST '/session/395867eb2969cf7b35d6bf57d4af8bf4/element'
16:04:12.552 [AsyncHttpClient-1-9] DEBUG org.asynchttpclient.netty.handler.HttpHandler - 

Request DefaultHttpRequest(decodeResult: success, version: HTTP/1.1)
POST /session/395867eb2969cf7b35d6bf57d4af8bf4/element HTTP/1.1
User-Agent: selenium/4.8.1 (java windows)
Content-Length: 69
Content-Type: application/json; charset=utf-8
host: localhost:8954
accept: */*

Response DefaultHttpResponse(decodeResult: success, version: HTTP/1.1)
HTTP/1.1 200 OK
Content-Length: 88
Content-Type: application/json; charset=utf-8
cache-control: no-cache

16:04:12.552 [AsyncHttpClient-1-9] DEBUG org.asynchttpclient.netty.channel.ChannelManager - Adding key: http://localhost:8954 for channel [id: 0x908f0015, L:/127.0.0.1:63495 - R:localhost/127.0.0.1:8954]
16:04:12.553 [Forwarding getElementTagName on session 395867eb2969cf7b35d6bf57d4af8bf4 to remote] DEBUG org.asynchttpclient.netty.request.NettyRequestSender - Using pooled Channel '[id: 0x908f0015, L:/127.0.0.1:63495 - R:localhost/127.0.0.1:8954]' for 'GET' to 'http://localhost:8954/session/395867eb2969cf7b35d6bf57d4af8bf4/element/819218f2-c985-41e5-9ece-4359d042e7e9/name'
16:04:12.553 [Forwarding getElementTagName on session 395867eb2969cf7b35d6bf57d4af8bf4 to remote] DEBUG org.asynchttpclient.netty.request.NettyRequestSender - Using open Channel [id: 0x908f0015, L:/127.0.0.1:63495 - R:localhost/127.0.0.1:8954] for GET '/session/395867eb2969cf7b35d6bf57d4af8bf4/element/819218f2-c985-41e5-9ece-4359d042e7e9/name'
16:04:12.558 [AsyncHttpClient-1-9] DEBUG org.asynchttpclient.netty.handler.HttpHandler - 

Request DefaultFullHttpRequest(decodeResult: success, version: HTTP/1.1, content: EmptyByteBufBE)
GET /session/395867eb2969cf7b35d6bf57d4af8bf4/element/819218f2-c985-41e5-9ece-4359d042e7e9/name HTTP/1.1
User-Agent: selenium/4.8.1 (java windows)
Cache-Control: no-cache
Content-Type: application/json; charset=utf-8
host: localhost:8954
accept: */*

Response DefaultHttpResponse(decodeResult: success, version: HTTP/1.1)
HTTP/1.1 200 OK
Content-Length: 16
Content-Type: application/json; charset=utf-8
cache-control: no-cache

16:04:12.558 [AsyncHttpClient-1-9] DEBUG org.asynchttpclient.netty.channel.ChannelManager - Adding key: http://localhost:8954 for channel [id: 0x908f0015, L:/127.0.0.1:63495 - R:localhost/127.0.0.1:8954]
16:04:12.560 [Forwarding getElementTagName on session 395867eb2969cf7b35d6bf57d4af8bf4 to remote] DEBUG org.asynchttpclient.netty.request.NettyRequestSender - Using pooled Channel '[id: 0x908f0015, L:/127.0.0.1:63495 - R:localhost/127.0.0.1:8954]' for 'GET' to 'http://localhost:8954/session/395867eb2969cf7b35d6bf57d4af8bf4/element/819218f2-c985-41e5-9ece-4359d042e7e9/name'
16:04:12.560 [Forwarding getElementTagName on session 395867eb2969cf7b35d6bf57d4af8bf4 to remote] DEBUG org.asynchttpclient.netty.request.NettyRequestSender - Using open Channel [id: 0x908f0015, L:/127.0.0.1:63495 - R:localhost/127.0.0.1:8954] for GET '/session/395867eb2969cf7b35d6bf57d4af8bf4/element/819218f2-c985-41e5-9ece-4359d042e7e9/name'
16:04:12.563 [AsyncHttpClient-1-9] DEBUG org.asynchttpclient.netty.handler.HttpHandler - 

Request DefaultFullHttpRequest(decodeResult: success, version: HTTP/1.1, content: EmptyByteBufBE)
GET /session/395867eb2969cf7b35d6bf57d4af8bf4/element/819218f2-c985-41e5-9ece-4359d042e7e9/name HTTP/1.1
User-Agent: selenium/4.8.1 (java windows)
Cache-Control: no-cache
Content-Type: application/json; charset=utf-8
host: localhost:8954
accept: */*

Response DefaultHttpResponse(decodeResult: success, version: HTTP/1.1)
HTTP/1.1 200 OK
Content-Length: 16
Content-Type: application/json; charset=utf-8
cache-control: no-cache

16:04:12.563 [AsyncHttpClient-1-9] DEBUG org.asynchttpclient.netty.channel.ChannelManager - Adding key: http://localhost:8954 for channel [id: 0x908f0015, L:/127.0.0.1:63495 - R:localhost/127.0.0.1:8954]
16:04:12.564 [Forwarding findElement on session 395867eb2969cf7b35d6bf57d4af8bf4 to remote] DEBUG org.asynchttpclient.netty.request.NettyRequestSender - Using pooled Channel '[id: 0x908f0015, L:/127.0.0.1:63495 - R:localhost/127.0.0.1:8954]' for 'POST' to 'http://localhost:8954/session/395867eb2969cf7b35d6bf57d4af8bf4/element'
16:04:12.564 [Forwarding findElement on session 395867eb2969cf7b35d6bf57d4af8bf4 to remote] DEBUG org.asynchttpclient.netty.request.NettyRequestSender - Using open Channel [id: 0x908f0015, L:/127.0.0.1:63495 - R:localhost/127.0.0.1:8954] for POST '/session/395867eb2969cf7b35d6bf57d4af8bf4/element'
16:04:12.570 [AsyncHttpClient-1-9] DEBUG org.asynchttpclient.netty.handler.HttpHandler - 

Request DefaultHttpRequest(decodeResult: success, version: HTTP/1.1)
POST /session/395867eb2969cf7b35d6bf57d4af8bf4/element HTTP/1.1
User-Agent: selenium/4.8.1 (java windows)
Content-Length: 69
Content-Type: application/json; charset=utf-8
host: localhost:8954
accept: */*

Response DefaultHttpResponse(decodeResult: success, version: HTTP/1.1)
HTTP/1.1 200 OK
Content-Length: 88
Content-Type: application/json; charset=utf-8
cache-control: no-cache

16:04:12.570 [AsyncHttpClient-1-9] DEBUG org.asynchttpclient.netty.channel.ChannelManager - Adding key: http://localhost:8954 for channel [id: 0x908f0015, L:/127.0.0.1:63495 - R:localhost/127.0.0.1:8954]
16:04:12.571 [Forwarding clickElement on session 395867eb2969cf7b35d6bf57d4af8bf4 to remote] DEBUG org.asynchttpclient.netty.request.NettyRequestSender - Using pooled Channel '[id: 0x908f0015, L:/127.0.0.1:63495 - R:localhost/127.0.0.1:8954]' for 'POST' to 'http://localhost:8954/session/395867eb2969cf7b35d6bf57d4af8bf4/element/819218f2-c985-41e5-9ece-4359d042e7e9/click'
16:04:12.571 [Forwarding clickElement on session 395867eb2969cf7b35d6bf57d4af8bf4 to remote] DEBUG org.asynchttpclient.netty.request.NettyRequestSender - Using open Channel [id: 0x908f0015, L:/127.0.0.1:63495 - R:localhost/127.0.0.1:8954] for POST '/session/395867eb2969cf7b35d6bf57d4af8bf4/element/819218f2-c985-41e5-9ece-4359d042e7e9/click'
16:04:12.577 [AsyncHttpClient-1-1] DEBUG org.asynchttpclient.netty.channel.DefaultChannelPool - Entry count for : http://localhost:63497 : 1
16:04:12.616 [AsyncHttpClient-1-9] DEBUG org.asynchttpclient.netty.handler.HttpHandler - 

Request DefaultHttpRequest(decodeResult: success, version: HTTP/1.1)
POST /session/395867eb2969cf7b35d6bf57d4af8bf4/element/819218f2-c985-41e5-9ece-4359d042e7e9/click HTTP/1.1
User-Agent: selenium/4.8.1 (java windows)
Content-Length: 50
Content-Type: application/json; charset=utf-8
host: localhost:8954
accept: */*

Response DefaultHttpResponse(decodeResult: success, version: HTTP/1.1)
HTTP/1.1 200 OK
Content-Length: 14
Content-Type: application/json; charset=utf-8
cache-control: no-cache

16:04:12.616 [AsyncHttpClient-1-9] DEBUG org.asynchttpclient.netty.channel.ChannelManager - Adding key: http://localhost:8954 for channel [id: 0x908f0015, L:/127.0.0.1:63495 - R:localhost/127.0.0.1:8954]
16:04:12.625 [Forwarding getAlertText on session 395867eb2969cf7b35d6bf57d4af8bf4 to remote] DEBUG org.asynchttpclient.netty.request.NettyRequestSender - Using pooled Channel '[id: 0x908f0015, L:/127.0.0.1:63495 - R:localhost/127.0.0.1:8954]' for 'GET' to 'http://localhost:8954/session/395867eb2969cf7b35d6bf57d4af8bf4/alert/text'
16:04:12.625 [Forwarding getAlertText on session 395867eb2969cf7b35d6bf57d4af8bf4 to remote] DEBUG org.asynchttpclient.netty.request.NettyRequestSender - Using open Channel [id: 0x908f0015, L:/127.0.0.1:63495 - R:localhost/127.0.0.1:8954] for GET '/session/395867eb2969cf7b35d6bf57d4af8bf4/alert/text'
16:04:12.628 [AsyncHttpClient-1-9] DEBUG org.asynchttpclient.netty.handler.HttpHandler - 

Request DefaultFullHttpRequest(decodeResult: success, version: HTTP/1.1, content: EmptyByteBufBE)
GET /session/395867eb2969cf7b35d6bf57d4af8bf4/alert/text HTTP/1.1
User-Agent: selenium/4.8.1 (java windows)
Cache-Control: no-cache
Content-Type: application/json; charset=utf-8
host: localhost:8954
accept: */*

Response DefaultHttpResponse(decodeResult: success, version: HTTP/1.1)
HTTP/1.1 404 Not Found
Content-Length: 848
Content-Type: application/json; charset=utf-8
cache-control: no-cache

16:04:12.628 [AsyncHttpClient-1-9] DEBUG org.asynchttpclient.netty.channel.ChannelManager - Adding key: http://localhost:8954 for channel [id: 0x908f0015, L:/127.0.0.1:63495 - R:localhost/127.0.0.1:8954]
16:04:12.630 [Forwarding getCurrentUrl on session 395867eb2969cf7b35d6bf57d4af8bf4 to remote] DEBUG org.asynchttpclient.netty.request.NettyRequestSender - Using pooled Channel '[id: 0x908f0015, L:/127.0.0.1:63495 - R:localhost/127.0.0.1:8954]' for 'GET' to 'http://localhost:8954/session/395867eb2969cf7b35d6bf57d4af8bf4/url'
16:04:12.630 [Forwarding getCurrentUrl on session 395867eb2969cf7b35d6bf57d4af8bf4 to remote] DEBUG org.asynchttpclient.netty.request.NettyRequestSender - Using open Channel [id: 0x908f0015, L:/127.0.0.1:63495 - R:localhost/127.0.0.1:8954] for GET '/session/395867eb2969cf7b35d6bf57d4af8bf4/url'
16:04:12.633 [AsyncHttpClient-1-9] DEBUG org.asynchttpclient.netty.handler.HttpHandler - 

Request DefaultFullHttpRequest(decodeResult: success, version: HTTP/1.1, content: EmptyByteBufBE)
GET /session/395867eb2969cf7b35d6bf57d4af8bf4/url HTTP/1.1
User-Agent: selenium/4.8.1 (java windows)
Cache-Control: no-cache
Content-Type: application/json; charset=utf-8
host: localhost:8954
accept: */*

Response DefaultHttpResponse(decodeResult: success, version: HTTP/1.1)
HTTP/1.1 200 OK
Content-Length: 51
Content-Type: application/json; charset=utf-8
cache-control: no-cache

16:04:12.633 [AsyncHttpClient-1-9] DEBUG org.asynchttpclient.netty.channel.ChannelManager - Adding key: http://localhost:8954 for channel [id: 0x908f0015, L:/127.0.0.1:63495 - R:localhost/127.0.0.1:8954]
16:04:12.634 [Forwarding screenshot on session 395867eb2969cf7b35d6bf57d4af8bf4 to remote] DEBUG org.asynchttpclient.netty.request.NettyRequestSender - Using pooled Channel '[id: 0x908f0015, L:/127.0.0.1:63495 - R:localhost/127.0.0.1:8954]' for 'GET' to 'http://localhost:8954/session/395867eb2969cf7b35d6bf57d4af8bf4/screenshot'
16:04:12.634 [Forwarding screenshot on session 395867eb2969cf7b35d6bf57d4af8bf4 to remote] DEBUG org.asynchttpclient.netty.request.NettyRequestSender - Using open Channel [id: 0x908f0015, L:/127.0.0.1:63495 - R:localhost/127.0.0.1:8954] for GET '/session/395867eb2969cf7b35d6bf57d4af8bf4/screenshot'
16:04:12.764 [AsyncHttpClient-1-9] DEBUG org.asynchttpclient.netty.handler.HttpHandler - 

Request DefaultFullHttpRequest(decodeResult: success, version: HTTP/1.1, content: EmptyByteBufBE)
GET /session/395867eb2969cf7b35d6bf57d4af8bf4/screenshot HTTP/1.1
User-Agent: selenium/4.8.1 (java windows)
Cache-Control: no-cache
Content-Type: application/json; charset=utf-8
host: localhost:8954
accept: */*

Response DefaultHttpResponse(decodeResult: success, version: HTTP/1.1)
HTTP/1.1 200 OK
Content-Length: 30864
Content-Type: application/json; charset=utf-8
cache-control: no-cache

16:04:12.764 [AsyncHttpClient-1-9] DEBUG org.asynchttpclient.netty.channel.ChannelManager - Adding key: http://localhost:8954 for channel [id: 0x908f0015, L:/127.0.0.1:63495 - R:localhost/127.0.0.1:8954]
16:04:12.767 [main] DEBUG net.serenitybdd.core.photography.Darkroom - Send negative for processing for target\site\serenity\3751538819ad8010ab8720f3eba7fedf6fe6c157ba515566b610f2c80c431846.png
16:04:12.767 [main] DEBUG net.thucydides.core.steps.StepInterceptor - STEP DONE: click button login
16:04:12.767 [Darkroom Processing Line] DEBUG net.serenitybdd.core.photography.DarkroomProcessingLine - Processing screenshot image in /var/screenshots/screenshot-784070251379826285
16:04:12.767 [Darkroom Processing Line] DEBUG net.serenitybdd.core.photography.DarkroomProcessingLine - Saving screenshot to target\site\serenity\3751538819ad8010ab8720f3eba7fedf6fe6c157ba515566b610f2c80c431846.png
  &amp#27;[32mAnd &amp#27;[0m&amp#27;[32mclick button login&amp#27;[0m                         &amp#27;[90m# starter.stepdefinition.LoginStep.clickButtonLogin()&amp#27;[0m
16:04:12.778 [main] DEBUG net.thucydides.core.steps.StepInterceptor - STARTING STEP: LoginStep.userSeeErrorMessage - user see error message
16:04:12.780 [Forwarding findElement on session 395867eb2969cf7b35d6bf57d4af8bf4 to remote] DEBUG org.asynchttpclient.netty.request.NettyRequestSender - Using pooled Channel '[id: 0x908f0015, L:/127.0.0.1:63495 - R:localhost/127.0.0.1:8954]' for 'POST' to 'http://localhost:8954/session/395867eb2969cf7b35d6bf57d4af8bf4/element'
16:04:12.780 [Forwarding findElement on session 395867eb2969cf7b35d6bf57d4af8bf4 to remote] DEBUG org.asynchttpclient.netty.request.NettyRequestSender - Using open Channel [id: 0x908f0015, L:/127.0.0.1:63495 - R:localhost/127.0.0.1:8954] for POST '/session/395867eb2969cf7b35d6bf57d4af8bf4/element'
16:04:12.969 [AsyncHttpClient-1-9] DEBUG org.asynchttpclient.netty.handler.HttpHandler - 

Request DefaultHttpRequest(decodeResult: success, version: HTTP/1.1)
POST /session/395867eb2969cf7b35d6bf57d4af8bf4/element HTTP/1.1
User-Agent: selenium/4.8.1 (java windows)
Content-Length: 79
Content-Type: application/json; charset=utf-8
host: localhost:8954
accept: */*

Response DefaultHttpResponse(decodeResult: success, version: HTTP/1.1)
HTTP/1.1 200 OK
Content-Length: 88
Content-Type: application/json; charset=utf-8
cache-control: no-cache

16:04:12.969 [AsyncHttpClient-1-9] DEBUG org.asynchttpclient.netty.channel.ChannelManager - Adding key: http://localhost:8954 for channel [id: 0x908f0015, L:/127.0.0.1:63495 - R:localhost/127.0.0.1:8954]
16:04:12.971 [Forwarding isElementDisplayed on session 395867eb2969cf7b35d6bf57d4af8bf4 to remote] DEBUG org.asynchttpclient.netty.request.NettyRequestSender - Using pooled Channel '[id: 0x908f0015, L:/127.0.0.1:63495 - R:localhost/127.0.0.1:8954]' for 'POST' to 'http://localhost:8954/session/395867eb2969cf7b35d6bf57d4af8bf4/execute/sync'
16:04:12.971 [Forwarding isElementDisplayed on session 395867eb2969cf7b35d6bf57d4af8bf4 to remote] DEBUG org.asynchttpclient.netty.request.NettyRequestSender - Using open Channel [id: 0x908f0015, L:/127.0.0.1:63495 - R:localhost/127.0.0.1:8954] for POST '/session/395867eb2969cf7b35d6bf57d4af8bf4/execute/sync'
16:04:12.989 [AsyncHttpClient-1-9] DEBUG org.asynchttpclient.netty.handler.HttpHandler - 

Request DefaultHttpRequest(decodeResult: success, version: HTTP/1.1)
POST /session/395867eb2969cf7b35d6bf57d4af8bf4/execute/sync HTTP/1.1
User-Agent: selenium/4.8.1 (java windows)
Content-Length: 48807
Content-Type: application/json; charset=utf-8
host: localhost:8954
accept: */*

Response DefaultHttpResponse(decodeResult: success, version: HTTP/1.1)
HTTP/1.1 200 OK
Content-Length: 14
Content-Type: application/json; charset=utf-8
cache-control: no-cache

16:04:12.990 [AsyncHttpClient-1-9] DEBUG org.asynchttpclient.netty.channel.ChannelManager - Adding key: http://localhost:8954 for channel [id: 0x908f0015, L:/127.0.0.1:63495 - R:localhost/127.0.0.1:8954]
16:04:12.997 [Forwarding getAlertText on session 395867eb2969cf7b35d6bf57d4af8bf4 to remote] DEBUG org.asynchttpclient.netty.request.NettyRequestSender - Using pooled Channel '[id: 0x908f0015, L:/127.0.0.1:63495 - R:localhost/127.0.0.1:8954]' for 'GET' to 'http://localhost:8954/session/395867eb2969cf7b35d6bf57d4af8bf4/alert/text'
16:04:12.997 [Forwarding getAlertText on session 395867eb2969cf7b35d6bf57d4af8bf4 to remote] DEBUG org.asynchttpclient.netty.request.NettyRequestSender - Using open Channel [id: 0x908f0015, L:/127.0.0.1:63495 - R:localhost/127.0.0.1:8954] for GET '/session/395867eb2969cf7b35d6bf57d4af8bf4/alert/text'
16:04:12.999 [AsyncHttpClient-1-9] DEBUG org.asynchttpclient.netty.handler.HttpHandler - 

Request DefaultFullHttpRequest(decodeResult: success, version: HTTP/1.1, content: EmptyByteBufBE)
GET /session/395867eb2969cf7b35d6bf57d4af8bf4/alert/text HTTP/1.1
User-Agent: selenium/4.8.1 (java windows)
Cache-Control: no-cache
Content-Type: application/json; charset=utf-8
host: localhost:8954
accept: */*

Response DefaultHttpResponse(decodeResult: success, version: HTTP/1.1)
HTTP/1.1 404 Not Found
Content-Length: 848
Content-Type: application/json; charset=utf-8
cache-control: no-cache

16:04:12.999 [AsyncHttpClient-1-9] DEBUG org.asynchttpclient.netty.channel.ChannelManager - Adding key: http://localhost:8954 for channel [id: 0x908f0015, L:/127.0.0.1:63495 - R:localhost/127.0.0.1:8954]
16:04:13.000 [Forwarding getCurrentUrl on session 395867eb2969cf7b35d6bf57d4af8bf4 to remote] DEBUG org.asynchttpclient.netty.request.NettyRequestSender - Using pooled Channel '[id: 0x908f0015, L:/127.0.0.1:63495 - R:localhost/127.0.0.1:8954]' for 'GET' to 'http://localhost:8954/session/395867eb2969cf7b35d6bf57d4af8bf4/url'
16:04:13.000 [Forwarding getCurrentUrl on session 395867eb2969cf7b35d6bf57d4af8bf4 to remote] DEBUG org.asynchttpclient.netty.request.NettyRequestSender - Using open Channel [id: 0x908f0015, L:/127.0.0.1:63495 - R:localhost/127.0.0.1:8954] for GET '/session/395867eb2969cf7b35d6bf57d4af8bf4/url'
16:04:13.004 [AsyncHttpClient-1-9] DEBUG org.asynchttpclient.netty.handler.HttpHandler - 

Request DefaultFullHttpRequest(decodeResult: success, version: HTTP/1.1, content: EmptyByteBufBE)
GET /session/395867eb2969cf7b35d6bf57d4af8bf4/url HTTP/1.1
User-Agent: selenium/4.8.1 (java windows)
Cache-Control: no-cache
Content-Type: application/json; charset=utf-8
host: localhost:8954
accept: */*

Response DefaultHttpResponse(decodeResult: success, version: HTTP/1.1)
HTTP/1.1 200 OK
Content-Length: 51
Content-Type: application/json; charset=utf-8
cache-control: no-cache

16:04:13.004 [AsyncHttpClient-1-9] DEBUG org.asynchttpclient.netty.channel.ChannelManager - Adding key: http://localhost:8954 for channel [id: 0x908f0015, L:/127.0.0.1:63495 - R:localhost/127.0.0.1:8954]
16:04:13.004 [Forwarding screenshot on session 395867eb2969cf7b35d6bf57d4af8bf4 to remote] DEBUG org.asynchttpclient.netty.request.NettyRequestSender - Using pooled Channel '[id: 0x908f0015, L:/127.0.0.1:63495 - R:localhost/127.0.0.1:8954]' for 'GET' to 'http://localhost:8954/session/395867eb2969cf7b35d6bf57d4af8bf4/screenshot'
16:04:13.004 [Forwarding screenshot on session 395867eb2969cf7b35d6bf57d4af8bf4 to remote] DEBUG org.asynchttpclient.netty.request.NettyRequestSender - Using open Channel [id: 0x908f0015, L:/127.0.0.1:63495 - R:localhost/127.0.0.1:8954] for GET '/session/395867eb2969cf7b35d6bf57d4af8bf4/screenshot'
16:04:13.113 [AsyncHttpClient-1-9] DEBUG org.asynchttpclient.netty.handler.HttpHandler - 

Request DefaultFullHttpRequest(decodeResult: success, version: HTTP/1.1, content: EmptyByteBufBE)
GET /session/395867eb2969cf7b35d6bf57d4af8bf4/screenshot HTTP/1.1
User-Agent: selenium/4.8.1 (java windows)
Cache-Control: no-cache
Content-Type: application/json; charset=utf-8
host: localhost:8954
accept: */*

Response DefaultHttpResponse(decodeResult: success, version: HTTP/1.1)
HTTP/1.1 200 OK
Content-Length: 34788
Content-Type: application/json; charset=utf-8
cache-control: no-cache

16:04:13.113 [AsyncHttpClient-1-9] DEBUG org.asynchttpclient.netty.channel.ChannelManager - Adding key: http://localhost:8954 for channel [id: 0x908f0015, L:/127.0.0.1:63495 - R:localhost/127.0.0.1:8954]
16:04:13.114 [main] DEBUG net.serenitybdd.core.photography.Darkroom - Send negative for processing for target\site\serenity\46646f301a7009be4d21a089c0838a9088b15476aa049fa041f7f857a266908d.png
16:04:13.114 [main] DEBUG net.thucydides.core.steps.StepInterceptor - STEP DONE: user see error message
  &amp#27;[32mThen &amp#27;[0m&amp#27;[32muser see error message &amp#27;[0m&amp#27;[32m&amp#27;[1m"record not found"&amp#27;[0m &amp#27;[90m# starter.stepdefinition.LoginStep.userSeeErrorMessage(java.lang.String)&amp#27;[0m
16:04:13.114 [Darkroom Processing Line] DEBUG net.serenitybdd.core.photography.DarkroomProcessingLine - Processing screenshot image in /var/screenshots/screenshot-8230029878921411817
16:04:13.114 [Darkroom Processing Line] DEBUG net.serenitybdd.core.photography.DarkroomProcessingLine - Saving screenshot to target\site\serenity\46646f301a7009be4d21a089c0838a9088b15476aa049fa041f7f857a266908d.png
16:04:13.118 [main] INFO  - 
  _____   ___   ___   _____     ___     _     ___   ___   ___   ___  
 |_   _| | __| / __| |_   _|   | _ \   /_\   / __| / __| | __| |   \ 
   | |   | _|  \__ \   | |     |  _/  / _ \  \__ \ \__ \ | _|  | |) |
   |_|   |___| |___/   |_|     |_|   /_/ \_\ |___/ |___/ |___| |___/ 

As a user, I login with invalid email
----------------------------------------------------------------------
16:04:13.119 [AsyncHttpClient-1-3] DEBUG org.asynchttpclient.netty.handler.WebSocketHandler - Channel Closed: [id: 0x0fafe74d, L:/127.0.0.1:63503 ! R:localhost/127.0.0.1:63497] with attribute NettyResponseFuture{currentRetry=0,
	isDone=1,
	isCancelled=0,
	asyncHandler=org.asynchttpclient.ws.WebSocketUpgradeHandler@6def9cec,
	nettyRequest=org.asynchttpclient.netty.request.NettyRequest@25a0164c,
	future=java.util.concurrent.CompletableFuture@5db6562d[Completed normally],
	uri=ws://localhost:63497/devtools/browser/91dbdd7b-bb5a-499c-b7de-e63043412bed,
	keepAlive=true,
	redirectCount=0,
	timeoutsHolder=null,
	inAuth=0,
	touch=1683104650694}
16:04:13.119 [AsyncHttpClient-1-3] DEBUG org.asynchttpclient.netty.channel.ChannelManager - Closing Channel [id: 0x0fafe74d, L:/127.0.0.1:63503 ! R:localhost/127.0.0.1:63497] 
16:04:13.119 [Driver Command Executor] DEBUG org.asynchttpclient.netty.request.NettyRequestSender - Using pooled Channel '[id: 0x908f0015, L:/127.0.0.1:63495 - R:localhost/127.0.0.1:8954]' for 'DELETE' to 'http://localhost:8954/session/395867eb2969cf7b35d6bf57d4af8bf4'
16:04:13.119 [Driver Command Executor] DEBUG org.asynchttpclient.netty.request.NettyRequestSender - Using open Channel [id: 0x908f0015, L:/127.0.0.1:63495 - R:localhost/127.0.0.1:8954] for DELETE '/session/395867eb2969cf7b35d6bf57d4af8bf4'
16:04:13.164 [AsyncHttpClient-1-2] DEBUG org.asynchttpclient.netty.handler.HttpHandler - Unexpected I/O exception on channel [id: 0xf3cb0e5d, L:/127.0.0.1:63502 - R:localhost/127.0.0.1:63497]
java.io.IOException: An existing connection was forcibly closed by the remote host
	at sun.nio.ch.SocketDispatcher.read0(Native Method)
	at sun.nio.ch.SocketDispatcher.read(SocketDispatcher.java:43)
	at sun.nio.ch.IOUtil.readIntoNativeBuffer(IOUtil.java:223)
	at sun.nio.ch.IOUtil.read(IOUtil.java:192)
	at sun.nio.ch.SocketChannelImpl.read(SocketChannelImpl.java:378)
	at io.netty.buffer.PooledByteBuf.setBytes(PooledByteBuf.java:259)
	at io.netty.buffer.AbstractByteBuf.writeBytes(AbstractByteBuf.java:1132)
	at io.netty.channel.socket.nio.NioSocketChannel.doReadBytes(NioSocketChannel.java:357)
	at io.netty.channel.nio.AbstractNioByteChannel$NioByteUnsafe.read(AbstractNioByteChannel.java:151)
	at io.netty.channel.nio.NioEventLoop.processSelectedKey(NioEventLoop.java:788)
	at io.netty.channel.nio.NioEventLoop.processSelectedKeysOptimized(NioEventLoop.java:724)
	at io.netty.channel.nio.NioEventLoop.processSelectedKeys(NioEventLoop.java:650)
	at io.netty.channel.nio.NioEventLoop.run(NioEventLoop.java:562)
	at io.netty.util.concurrent.SingleThreadEventExecutor$4.run(SingleThreadEventExecutor.java:997)
	at io.netty.util.internal.ThreadExecutorMap$2.run(ThreadExecutorMap.java:74)
	at io.netty.util.concurrent.FastThreadLocalRunnable.run(FastThreadLocalRunnable.java:30)
	at java.lang.Thread.run(Thread.java:748)
16:04:13.164 [AsyncHttpClient-1-2] DEBUG org.asynchttpclient.netty.channel.ChannelManager - Closing Channel [id: 0xf3cb0e5d, L:/127.0.0.1:63502 - R:localhost/127.0.0.1:63497] 
16:04:13.164 [AsyncHttpClient-1-2] DEBUG org.asynchttpclient.netty.handler.HttpHandler - Channel Closed: [id: 0xf3cb0e5d, L:/127.0.0.1:63502 ! R:localhost/127.0.0.1:63497] with attribute DISCARD
16:04:13.222 [AsyncHttpClient-1-9] DEBUG org.asynchttpclient.netty.handler.HttpHandler - 

Request DefaultFullHttpRequest(decodeResult: success, version: HTTP/1.1, content: EmptyByteBufBE)
DELETE /session/395867eb2969cf7b35d6bf57d4af8bf4 HTTP/1.1
User-Agent: selenium/4.8.1 (java windows)
Content-Type: application/json; charset=utf-8
host: localhost:8954
accept: */*

Response DefaultHttpResponse(decodeResult: success, version: HTTP/1.1)
HTTP/1.1 200 OK
Content-Length: 14
Content-Type: application/json; charset=utf-8
cache-control: no-cache

16:04:13.222 [AsyncHttpClient-1-9] DEBUG org.asynchttpclient.netty.channel.ChannelManager - Adding key: http://localhost:8954 for channel [id: 0x908f0015, L:/127.0.0.1:63495 - R:localhost/127.0.0.1:8954]
16:04:13.294 [AsyncHttpClient-1-9] DEBUG org.asynchttpclient.netty.handler.HttpHandler - Channel Closed: [id: 0x908f0015, L:/127.0.0.1:63495 ! R:localhost/127.0.0.1:8954] with attribute DISCARD
16:04:13.685 [AsyncHttpClient-1-1] DEBUG org.asynchttpclient.netty.channel.DefaultChannelPool - Entry count for : http://localhost:63497 : 1
16:04:13.685 [AsyncHttpClient-1-1] DEBUG org.asynchttpclient.netty.channel.DefaultChannelPool - Entry count for : http://localhost:8954 : 1
16:04:13.685 [AsyncHttpClient-1-1] DEBUG org.asynchttpclient.netty.channel.DefaultChannelPool - Adding Candidate expired Channel [id: 0xf3cb0e5d, L:/127.0.0.1:63502 ! R:localhost/127.0.0.1:63497] isIdleTimeoutExpired=false isRemotelyClosed=true isTtlExpired=false
16:04:13.685 [AsyncHttpClient-1-1] DEBUG org.asynchttpclient.netty.channel.DefaultChannelPool - Closing Idle Channel [id: 0xf3cb0e5d, L:/127.0.0.1:63502 ! R:localhost/127.0.0.1:63497]
16:04:13.685 [AsyncHttpClient-1-1] DEBUG org.asynchttpclient.netty.channel.DefaultChannelPool - Adding Candidate expired Channel [id: 0x908f0015, L:/127.0.0.1:63495 ! R:localhost/127.0.0.1:8954] isIdleTimeoutExpired=false isRemotelyClosed=true isTtlExpired=false
16:04:13.685 [AsyncHttpClient-1-1] DEBUG org.asynchttpclient.netty.channel.DefaultChannelPool - Closing Idle Channel [id: 0x908f0015, L:/127.0.0.1:63495 ! R:localhost/127.0.0.1:8954]
16:04:13.685 [AsyncHttpClient-1-1] DEBUG org.asynchttpclient.netty.channel.DefaultChannelPool - Closed 2 connections out of 2 in 0 ms
]]></system-out>
    <system-err><![CDATA[Starting ChromeDriver 112.0.5615.49 (bd2a7bcb881c11e8cfe3078709382934e3916914-refs/branch-heads/5615@{#936}) on port 8954
Only local connections are allowed.
Please see https://chromedriver.chromium.org/security-considerations for suggestions on keeping ChromeDriver safe.
ChromeDriver was started successfully.
May 03, 2023 4:04:10 PM org.openqa.selenium.devtools.CdpVersionFinder findNearestMatch
WARNING: Unable to find an exact match for CDP version 112, so returning the closest version found: 110
]]></system-err>
  </testcase>
  <testcase name="As a user, I login with invalid password" classname="Login - As a user I want to buy some product So that I have to login" time="5.039">
    <system-out><![CDATA[
@TC_Login_003
Scenario: As a user, I login with invalid password &amp#27;[90m# src/test/resources/features/Login.feature:20&amp#27;[0m
16:04:13.833 [main] DEBUG io.cucumber.core.plugin.SerenityReporter - Running feature from file:///C:/Users/user/Downloads/QE_Devi-Agustin-Utari/Mini%20Project/Source_Mini_Project/Web_Automation_AltaShop/src/test/resources/features/Login.feature
16:04:13.835 [main] INFO  - 
  _____   ___   ___   _____     ___   _____     _     ___   _____   ___   ___  
 |_   _| | __| / __| |_   _|   / __| |_   _|   /_\   | _ \ |_   _| | __| |   \ 
   | |   | _|  \__ \   | |     \__ \   | |    / _ \  |   /   | |   | _|  | |) |
   |_|   |___| |___/   |_|     |___/   |_|   /_/ \_\ |_|_\   |_|   |___| |___/ 

As a user, I login with invalid password(login---as-a-user-i-want-to-buy-some-product-so-that-i-have-to-login;as-a-user--i-login-with-invalid-password)
--------------------------------------------------------------------------------
16:04:13.857 [main] DEBUG net.thucydides.core.steps.StepInterceptor - STARTING STEP: LoginStep.userOnLoginPage - user on login page
16:04:13.913 [main] INFO net.serenitybdd.core.webdriver.driverproviders.ChromeDriverProvider - Starting Chrome driver instance with capabilities:
16:04:13.913 [main] INFO net.serenitybdd.core.webdriver.driverproviders.ChromeDriverProvider - Capabilities {acceptInsecureCerts: true, browserName: chrome, goog:chromeOptions: {args: [remote-allow-origins=*, test-type, no-sandbox, ignore-certificate-errors, start-maximized, incognito, disable-infobars, disable-gpu, disable-default-apps, disable-popup-blocking, remote-allow-origins=*, test-type, no-sandbox, ignore-certificate-errors, start-maximized, incognito, disable-infobars, disable-gpu, disable-default-apps, disable-popup-blocking, remote-allow-origins=*], extensions: []}}
16:04:13.974 [AsyncHttpClient-1-4] DEBUG org.asynchttpclient.netty.channel.NettyConnectListener - Using new Channel '[id: 0xf7f564db, L:/127.0.0.1:63519 - R:localhost/127.0.0.1:4119]' for 'POST' to '/session'
16:04:15.847 [AsyncHttpClient-1-4] DEBUG org.asynchttpclient.netty.handler.HttpHandler - 

Request DefaultHttpRequest(decodeResult: success, version: HTTP/1.1)
POST /session HTTP/1.1
User-Agent: selenium/4.8.1 (java windows)
Content-Length: 1701
Content-Type: application/json; charset=utf-8
host: localhost:4119
accept: */*

Response DefaultHttpResponse(decodeResult: success, version: HTTP/1.1)
HTTP/1.1 200 OK
Content-Length: 842
Content-Type: application/json; charset=utf-8
cache-control: no-cache

16:04:15.847 [AsyncHttpClient-1-4] DEBUG org.asynchttpclient.netty.channel.ChannelManager - Adding key: http://localhost:4119 for channel [id: 0xf7f564db, L:/127.0.0.1:63519 - R:localhost/127.0.0.1:4119]
16:04:15.851 [AsyncHttpClient-1-5] DEBUG org.asynchttpclient.netty.channel.NettyConnectListener - Using new Channel '[id: 0x94dd79ed, L:/127.0.0.1:63526 - R:localhost/127.0.0.1:63520]' for 'GET' to '/json/version'
16:04:15.851 [AsyncHttpClient-1-5] DEBUG org.asynchttpclient.netty.handler.HttpHandler - 

Request DefaultFullHttpRequest(decodeResult: success, version: HTTP/1.1, content: EmptyByteBufBE)
GET /json/version HTTP/1.1
User-Agent: selenium/4.8.1 (java windows)
host: localhost:63520
accept: */*

Response DefaultHttpResponse(decodeResult: success, version: HTTP/1.1)
HTTP/1.1 200 OK
Content-Security-Policy: frame-ancestors 'none'
Content-Length: 424
Content-Type: application/json; charset=UTF-8

16:04:15.851 [AsyncHttpClient-1-5] DEBUG org.asynchttpclient.netty.channel.ChannelManager - Adding key: http://localhost:63520 for channel [id: 0x94dd79ed, L:/127.0.0.1:63526 - R:localhost/127.0.0.1:63520]
16:04:15.853 [AsyncHttpClient-1-6] DEBUG org.asynchttpclient.netty.channel.NettyConnectListener - Using new Channel '[id: 0x61ba96b5, L:/127.0.0.1:63527 - R:localhost/127.0.0.1:63520]' for 'GET' to '/devtools/browser/72fe30ee-1e95-421e-8823-810a53855f73'
16:04:15.854 [AsyncHttpClient-1-6] DEBUG org.asynchttpclient.netty.handler.WebSocketHandler - 

Request DefaultFullHttpRequest(decodeResult: success, version: HTTP/1.1, content: EmptyByteBufBE)
GET /devtools/browser/72fe30ee-1e95-421e-8823-810a53855f73 HTTP/1.1
upgrade: websocket
connection: upgrade
sec-websocket-key: yvz+Kqb/ABHIBdGCeqAcsw==
sec-websocket-version: 13
origin: http://localhost:63520
host: localhost:63520
accept: */*
user-agent: AHC/2.1

Response DefaultHttpResponse(decodeResult: success, version: HTTP/1.1)
HTTP/1.1 101 WebSocket Protocol Handshake
Upgrade: WebSocket
Connection: Upgrade
Sec-WebSocket-Accept: JjvTHAUbHmTRdFAoyrtIMqkCuZ8=

16:04:15.857 [Forwarding get on session 1a5853eef1de54b0a52ed9d28e08a689 to remote] DEBUG org.asynchttpclient.netty.request.NettyRequestSender - Using pooled Channel '[id: 0xf7f564db, L:/127.0.0.1:63519 - R:localhost/127.0.0.1:4119]' for 'POST' to 'http://localhost:4119/session/1a5853eef1de54b0a52ed9d28e08a689/url'
16:04:15.857 [Forwarding get on session 1a5853eef1de54b0a52ed9d28e08a689 to remote] DEBUG org.asynchttpclient.netty.request.NettyRequestSender - Using open Channel [id: 0xf7f564db, L:/127.0.0.1:63519 - R:localhost/127.0.0.1:4119] for POST '/session/1a5853eef1de54b0a52ed9d28e08a689/url'
16:04:15.880 [AsyncHttpClient-1-1] DEBUG org.asynchttpclient.netty.channel.DefaultChannelPool - Entry count for : http://localhost:63520 : 1
16:04:16.978 [AsyncHttpClient-1-1] DEBUG org.asynchttpclient.netty.channel.DefaultChannelPool - Entry count for : http://localhost:63520 : 1
16:04:17.007 [AsyncHttpClient-1-4] DEBUG org.asynchttpclient.netty.handler.HttpHandler - 

Request DefaultHttpRequest(decodeResult: success, version: HTTP/1.1)
POST /session/1a5853eef1de54b0a52ed9d28e08a689/url HTTP/1.1
User-Agent: selenium/4.8.1 (java windows)
Content-Length: 74
Content-Type: application/json; charset=utf-8
host: localhost:4119
accept: */*

Response DefaultHttpResponse(decodeResult: success, version: HTTP/1.1)
HTTP/1.1 200 OK
Content-Length: 14
Content-Type: application/json; charset=utf-8
cache-control: no-cache

16:04:17.007 [AsyncHttpClient-1-4] DEBUG org.asynchttpclient.netty.channel.ChannelManager - Adding key: http://localhost:4119 for channel [id: 0xf7f564db, L:/127.0.0.1:63519 - R:localhost/127.0.0.1:4119]
16:04:17.009 [Forwarding setTimeout on session 1a5853eef1de54b0a52ed9d28e08a689 to remote] DEBUG org.asynchttpclient.netty.request.NettyRequestSender - Using pooled Channel '[id: 0xf7f564db, L:/127.0.0.1:63519 - R:localhost/127.0.0.1:4119]' for 'POST' to 'http://localhost:4119/session/1a5853eef1de54b0a52ed9d28e08a689/timeouts'
16:04:17.009 [Forwarding setTimeout on session 1a5853eef1de54b0a52ed9d28e08a689 to remote] DEBUG org.asynchttpclient.netty.request.NettyRequestSender - Using open Channel [id: 0xf7f564db, L:/127.0.0.1:63519 - R:localhost/127.0.0.1:4119] for POST '/session/1a5853eef1de54b0a52ed9d28e08a689/timeouts'
16:04:17.010 [AsyncHttpClient-1-4] DEBUG org.asynchttpclient.netty.handler.HttpHandler - 

Request DefaultHttpRequest(decodeResult: success, version: HTTP/1.1)
POST /session/1a5853eef1de54b0a52ed9d28e08a689/timeouts HTTP/1.1
User-Agent: selenium/4.8.1 (java windows)
Content-Length: 22
Content-Type: application/json; charset=utf-8
host: localhost:4119
accept: */*

Response DefaultHttpResponse(decodeResult: success, version: HTTP/1.1)
HTTP/1.1 200 OK
Content-Length: 14
Content-Type: application/json; charset=utf-8
cache-control: no-cache

16:04:17.010 [AsyncHttpClient-1-4] DEBUG org.asynchttpclient.netty.channel.ChannelManager - Adding key: http://localhost:4119 for channel [id: 0xf7f564db, L:/127.0.0.1:63519 - R:localhost/127.0.0.1:4119]
16:04:17.016 [Forwarding findElement on session 1a5853eef1de54b0a52ed9d28e08a689 to remote] DEBUG org.asynchttpclient.netty.request.NettyRequestSender - Using pooled Channel '[id: 0xf7f564db, L:/127.0.0.1:63519 - R:localhost/127.0.0.1:4119]' for 'POST' to 'http://localhost:4119/session/1a5853eef1de54b0a52ed9d28e08a689/element'
16:04:17.016 [Forwarding findElement on session 1a5853eef1de54b0a52ed9d28e08a689 to remote] DEBUG org.asynchttpclient.netty.request.NettyRequestSender - Using open Channel [id: 0xf7f564db, L:/127.0.0.1:63519 - R:localhost/127.0.0.1:4119] for POST '/session/1a5853eef1de54b0a52ed9d28e08a689/element'
16:04:17.032 [AsyncHttpClient-1-4] DEBUG org.asynchttpclient.netty.handler.HttpHandler - 

Request DefaultHttpRequest(decodeResult: success, version: HTTP/1.1)
POST /session/1a5853eef1de54b0a52ed9d28e08a689/element HTTP/1.1
User-Agent: selenium/4.8.1 (java windows)
Content-Length: 69
Content-Type: application/json; charset=utf-8
host: localhost:4119
accept: */*

Response DefaultHttpResponse(decodeResult: success, version: HTTP/1.1)
HTTP/1.1 200 OK
Content-Length: 88
Content-Type: application/json; charset=utf-8
cache-control: no-cache

16:04:17.032 [AsyncHttpClient-1-4] DEBUG org.asynchttpclient.netty.channel.ChannelManager - Adding key: http://localhost:4119 for channel [id: 0xf7f564db, L:/127.0.0.1:63519 - R:localhost/127.0.0.1:4119]
16:04:17.035 [Forwarding isElementDisplayed on session 1a5853eef1de54b0a52ed9d28e08a689 to remote] DEBUG org.asynchttpclient.netty.request.NettyRequestSender - Using pooled Channel '[id: 0xf7f564db, L:/127.0.0.1:63519 - R:localhost/127.0.0.1:4119]' for 'POST' to 'http://localhost:4119/session/1a5853eef1de54b0a52ed9d28e08a689/execute/sync'
16:04:17.035 [Forwarding isElementDisplayed on session 1a5853eef1de54b0a52ed9d28e08a689 to remote] DEBUG org.asynchttpclient.netty.request.NettyRequestSender - Using open Channel [id: 0xf7f564db, L:/127.0.0.1:63519 - R:localhost/127.0.0.1:4119] for POST '/session/1a5853eef1de54b0a52ed9d28e08a689/execute/sync'
16:04:17.050 [AsyncHttpClient-1-4] DEBUG org.asynchttpclient.netty.handler.HttpHandler - 

Request DefaultHttpRequest(decodeResult: success, version: HTTP/1.1)
POST /session/1a5853eef1de54b0a52ed9d28e08a689/execute/sync HTTP/1.1
User-Agent: selenium/4.8.1 (java windows)
Content-Length: 48807
Content-Type: application/json; charset=utf-8
host: localhost:4119
accept: */*

Response DefaultHttpResponse(decodeResult: success, version: HTTP/1.1)
HTTP/1.1 200 OK
Content-Length: 14
Content-Type: application/json; charset=utf-8
cache-control: no-cache

16:04:17.050 [AsyncHttpClient-1-4] DEBUG org.asynchttpclient.netty.channel.ChannelManager - Adding key: http://localhost:4119 for channel [id: 0xf7f564db, L:/127.0.0.1:63519 - R:localhost/127.0.0.1:4119]
16:04:17.054 [Forwarding getAlertText on session 1a5853eef1de54b0a52ed9d28e08a689 to remote] DEBUG org.asynchttpclient.netty.request.NettyRequestSender - Using pooled Channel '[id: 0xf7f564db, L:/127.0.0.1:63519 - R:localhost/127.0.0.1:4119]' for 'GET' to 'http://localhost:4119/session/1a5853eef1de54b0a52ed9d28e08a689/alert/text'
16:04:17.054 [Forwarding getAlertText on session 1a5853eef1de54b0a52ed9d28e08a689 to remote] DEBUG org.asynchttpclient.netty.request.NettyRequestSender - Using open Channel [id: 0xf7f564db, L:/127.0.0.1:63519 - R:localhost/127.0.0.1:4119] for GET '/session/1a5853eef1de54b0a52ed9d28e08a689/alert/text'
16:04:17.056 [AsyncHttpClient-1-4] DEBUG org.asynchttpclient.netty.handler.HttpHandler - 

Request DefaultFullHttpRequest(decodeResult: success, version: HTTP/1.1, content: EmptyByteBufBE)
GET /session/1a5853eef1de54b0a52ed9d28e08a689/alert/text HTTP/1.1
User-Agent: selenium/4.8.1 (java windows)
Cache-Control: no-cache
Content-Type: application/json; charset=utf-8
host: localhost:4119
accept: */*

Response DefaultHttpResponse(decodeResult: success, version: HTTP/1.1)
HTTP/1.1 404 Not Found
Content-Length: 848
Content-Type: application/json; charset=utf-8
cache-control: no-cache

16:04:17.056 [AsyncHttpClient-1-4] DEBUG org.asynchttpclient.netty.channel.ChannelManager - Adding key: http://localhost:4119 for channel [id: 0xf7f564db, L:/127.0.0.1:63519 - R:localhost/127.0.0.1:4119]
16:04:17.058 [Forwarding getCurrentUrl on session 1a5853eef1de54b0a52ed9d28e08a689 to remote] DEBUG org.asynchttpclient.netty.request.NettyRequestSender - Using pooled Channel '[id: 0xf7f564db, L:/127.0.0.1:63519 - R:localhost/127.0.0.1:4119]' for 'GET' to 'http://localhost:4119/session/1a5853eef1de54b0a52ed9d28e08a689/url'
16:04:17.059 [Forwarding getCurrentUrl on session 1a5853eef1de54b0a52ed9d28e08a689 to remote] DEBUG org.asynchttpclient.netty.request.NettyRequestSender - Using open Channel [id: 0xf7f564db, L:/127.0.0.1:63519 - R:localhost/127.0.0.1:4119] for GET '/session/1a5853eef1de54b0a52ed9d28e08a689/url'
16:04:17.062 [AsyncHttpClient-1-4] DEBUG org.asynchttpclient.netty.handler.HttpHandler - 

Request DefaultFullHttpRequest(decodeResult: success, version: HTTP/1.1, content: EmptyByteBufBE)
GET /session/1a5853eef1de54b0a52ed9d28e08a689/url HTTP/1.1
User-Agent: selenium/4.8.1 (java windows)
Cache-Control: no-cache
Content-Type: application/json; charset=utf-8
host: localhost:4119
accept: */*

Response DefaultHttpResponse(decodeResult: success, version: HTTP/1.1)
HTTP/1.1 200 OK
Content-Length: 51
Content-Type: application/json; charset=utf-8
cache-control: no-cache

16:04:17.063 [AsyncHttpClient-1-4] DEBUG org.asynchttpclient.netty.channel.ChannelManager - Adding key: http://localhost:4119 for channel [id: 0xf7f564db, L:/127.0.0.1:63519 - R:localhost/127.0.0.1:4119]
16:04:17.063 [Forwarding screenshot on session 1a5853eef1de54b0a52ed9d28e08a689 to remote] DEBUG org.asynchttpclient.netty.request.NettyRequestSender - Using pooled Channel '[id: 0xf7f564db, L:/127.0.0.1:63519 - R:localhost/127.0.0.1:4119]' for 'GET' to 'http://localhost:4119/session/1a5853eef1de54b0a52ed9d28e08a689/screenshot'
16:04:17.063 [Forwarding screenshot on session 1a5853eef1de54b0a52ed9d28e08a689 to remote] DEBUG org.asynchttpclient.netty.request.NettyRequestSender - Using open Channel [id: 0xf7f564db, L:/127.0.0.1:63519 - R:localhost/127.0.0.1:4119] for GET '/session/1a5853eef1de54b0a52ed9d28e08a689/screenshot'
16:04:17.129 [AsyncHttpClient-1-4] DEBUG org.asynchttpclient.netty.handler.HttpHandler - 

Request DefaultFullHttpRequest(decodeResult: success, version: HTTP/1.1, content: EmptyByteBufBE)
GET /session/1a5853eef1de54b0a52ed9d28e08a689/screenshot HTTP/1.1
User-Agent: selenium/4.8.1 (java windows)
Cache-Control: no-cache
Content-Type: application/json; charset=utf-8
host: localhost:4119
accept: */*

Response DefaultHttpResponse(decodeResult: success, version: HTTP/1.1)
HTTP/1.1 200 OK
Content-Length: 25060
Content-Type: application/json; charset=utf-8
cache-control: no-cache

16:04:17.130 [AsyncHttpClient-1-4] DEBUG org.asynchttpclient.netty.channel.ChannelManager - Adding key: http://localhost:4119 for channel [id: 0xf7f564db, L:/127.0.0.1:63519 - R:localhost/127.0.0.1:4119]
16:04:17.131 [main] DEBUG net.serenitybdd.core.photography.Darkroom - Send negative for processing for target\site\serenity\1db263dd5c04c8fe15e82ee6420144d4e1e7b9826b9315cfd7ec5b5d0da76045.png
16:04:17.132 [main] DEBUG net.thucydides.core.steps.StepInterceptor - STEP DONE: user on login page
  &amp#27;[32mGiven &amp#27;[0m&amp#27;[32muser on login page&amp#27;[0m                         &amp#27;[90m# starter.stepdefinition.LoginStep.userOnLoginPage()&amp#27;[0m
16:04:17.141 [main] DEBUG net.thucydides.core.steps.StepInterceptor - STARTING STEP: LoginStep.userInputValidEmail - user input valid email
16:04:17.143 [Forwarding findElement on session 1a5853eef1de54b0a52ed9d28e08a689 to remote] DEBUG org.asynchttpclient.netty.request.NettyRequestSender - Using pooled Channel '[id: 0xf7f564db, L:/127.0.0.1:63519 - R:localhost/127.0.0.1:4119]' for 'POST' to 'http://localhost:4119/session/1a5853eef1de54b0a52ed9d28e08a689/element'
16:04:17.143 [Forwarding findElement on session 1a5853eef1de54b0a52ed9d28e08a689 to remote] DEBUG org.asynchttpclient.netty.request.NettyRequestSender - Using open Channel [id: 0xf7f564db, L:/127.0.0.1:63519 - R:localhost/127.0.0.1:4119] for POST '/session/1a5853eef1de54b0a52ed9d28e08a689/element'
16:04:17.153 [AsyncHttpClient-1-4] DEBUG org.asynchttpclient.netty.handler.HttpHandler - 

Request DefaultHttpRequest(decodeResult: success, version: HTTP/1.1)
POST /session/1a5853eef1de54b0a52ed9d28e08a689/element HTTP/1.1
User-Agent: selenium/4.8.1 (java windows)
Content-Length: 55
Content-Type: application/json; charset=utf-8
host: localhost:4119
accept: */*

Response DefaultHttpResponse(decodeResult: success, version: HTTP/1.1)
HTTP/1.1 200 OK
Content-Length: 88
Content-Type: application/json; charset=utf-8
cache-control: no-cache

16:04:17.153 [AsyncHttpClient-1-4] DEBUG org.asynchttpclient.netty.channel.ChannelManager - Adding key: http://localhost:4119 for channel [id: 0xf7f564db, L:/127.0.0.1:63519 - R:localhost/127.0.0.1:4119]
16:04:17.154 [Forwarding clearElement on session 1a5853eef1de54b0a52ed9d28e08a689 to remote] DEBUG org.asynchttpclient.netty.request.NettyRequestSender - Using pooled Channel '[id: 0xf7f564db, L:/127.0.0.1:63519 - R:localhost/127.0.0.1:4119]' for 'POST' to 'http://localhost:4119/session/1a5853eef1de54b0a52ed9d28e08a689/element/183eacad-7833-4ca9-b895-0a96064c8b31/clear'
16:04:17.154 [Forwarding clearElement on session 1a5853eef1de54b0a52ed9d28e08a689 to remote] DEBUG org.asynchttpclient.netty.request.NettyRequestSender - Using open Channel [id: 0xf7f564db, L:/127.0.0.1:63519 - R:localhost/127.0.0.1:4119] for POST '/session/1a5853eef1de54b0a52ed9d28e08a689/element/183eacad-7833-4ca9-b895-0a96064c8b31/clear'
16:04:17.185 [AsyncHttpClient-1-4] DEBUG org.asynchttpclient.netty.handler.HttpHandler - 

Request DefaultHttpRequest(decodeResult: success, version: HTTP/1.1)
POST /session/1a5853eef1de54b0a52ed9d28e08a689/element/183eacad-7833-4ca9-b895-0a96064c8b31/clear HTTP/1.1
User-Agent: selenium/4.8.1 (java windows)
Content-Length: 50
Content-Type: application/json; charset=utf-8
host: localhost:4119
accept: */*

Response DefaultHttpResponse(decodeResult: success, version: HTTP/1.1)
HTTP/1.1 200 OK
Content-Length: 14
Content-Type: application/json; charset=utf-8
cache-control: no-cache

16:04:17.185 [AsyncHttpClient-1-4] DEBUG org.asynchttpclient.netty.channel.ChannelManager - Adding key: http://localhost:4119 for channel [id: 0xf7f564db, L:/127.0.0.1:63519 - R:localhost/127.0.0.1:4119]
16:04:17.187 [Forwarding sendKeysToElement on session 1a5853eef1de54b0a52ed9d28e08a689 to remote] DEBUG org.asynchttpclient.netty.request.NettyRequestSender - Using pooled Channel '[id: 0xf7f564db, L:/127.0.0.1:63519 - R:localhost/127.0.0.1:4119]' for 'POST' to 'http://localhost:4119/session/1a5853eef1de54b0a52ed9d28e08a689/element/183eacad-7833-4ca9-b895-0a96064c8b31/value'
16:04:17.187 [Forwarding sendKeysToElement on session 1a5853eef1de54b0a52ed9d28e08a689 to remote] DEBUG org.asynchttpclient.netty.request.NettyRequestSender - Using open Channel [id: 0xf7f564db, L:/127.0.0.1:63519 - R:localhost/127.0.0.1:4119] for POST '/session/1a5853eef1de54b0a52ed9d28e08a689/element/183eacad-7833-4ca9-b895-0a96064c8b31/value'
16:04:17.298 [AsyncHttpClient-1-4] DEBUG org.asynchttpclient.netty.handler.HttpHandler - 

Request DefaultHttpRequest(decodeResult: success, version: HTTP/1.1)
POST /session/1a5853eef1de54b0a52ed9d28e08a689/element/183eacad-7833-4ca9-b895-0a96064c8b31/value HTTP/1.1
User-Agent: selenium/4.8.1 (java windows)
Content-Length: 231
Content-Type: application/json; charset=utf-8
host: localhost:4119
accept: */*

Response DefaultHttpResponse(decodeResult: success, version: HTTP/1.1)
HTTP/1.1 200 OK
Content-Length: 14
Content-Type: application/json; charset=utf-8
cache-control: no-cache

16:04:17.298 [AsyncHttpClient-1-4] DEBUG org.asynchttpclient.netty.channel.ChannelManager - Adding key: http://localhost:4119 for channel [id: 0xf7f564db, L:/127.0.0.1:63519 - R:localhost/127.0.0.1:4119]
16:04:17.303 [Forwarding getAlertText on session 1a5853eef1de54b0a52ed9d28e08a689 to remote] DEBUG org.asynchttpclient.netty.request.NettyRequestSender - Using pooled Channel '[id: 0xf7f564db, L:/127.0.0.1:63519 - R:localhost/127.0.0.1:4119]' for 'GET' to 'http://localhost:4119/session/1a5853eef1de54b0a52ed9d28e08a689/alert/text'
16:04:17.303 [Forwarding getAlertText on session 1a5853eef1de54b0a52ed9d28e08a689 to remote] DEBUG org.asynchttpclient.netty.request.NettyRequestSender - Using open Channel [id: 0xf7f564db, L:/127.0.0.1:63519 - R:localhost/127.0.0.1:4119] for GET '/session/1a5853eef1de54b0a52ed9d28e08a689/alert/text'
16:04:17.304 [AsyncHttpClient-1-4] DEBUG org.asynchttpclient.netty.handler.HttpHandler - 

Request DefaultFullHttpRequest(decodeResult: success, version: HTTP/1.1, content: EmptyByteBufBE)
GET /session/1a5853eef1de54b0a52ed9d28e08a689/alert/text HTTP/1.1
User-Agent: selenium/4.8.1 (java windows)
Cache-Control: no-cache
Content-Type: application/json; charset=utf-8
host: localhost:4119
accept: */*

Response DefaultHttpResponse(decodeResult: success, version: HTTP/1.1)
HTTP/1.1 404 Not Found
Content-Length: 848
Content-Type: application/json; charset=utf-8
cache-control: no-cache

16:04:17.304 [AsyncHttpClient-1-4] DEBUG org.asynchttpclient.netty.channel.ChannelManager - Adding key: http://localhost:4119 for channel [id: 0xf7f564db, L:/127.0.0.1:63519 - R:localhost/127.0.0.1:4119]
16:04:17.305 [Forwarding getCurrentUrl on session 1a5853eef1de54b0a52ed9d28e08a689 to remote] DEBUG org.asynchttpclient.netty.request.NettyRequestSender - Using pooled Channel '[id: 0xf7f564db, L:/127.0.0.1:63519 - R:localhost/127.0.0.1:4119]' for 'GET' to 'http://localhost:4119/session/1a5853eef1de54b0a52ed9d28e08a689/url'
16:04:17.305 [Forwarding getCurrentUrl on session 1a5853eef1de54b0a52ed9d28e08a689 to remote] DEBUG org.asynchttpclient.netty.request.NettyRequestSender - Using open Channel [id: 0xf7f564db, L:/127.0.0.1:63519 - R:localhost/127.0.0.1:4119] for GET '/session/1a5853eef1de54b0a52ed9d28e08a689/url'
16:04:17.310 [AsyncHttpClient-1-4] DEBUG org.asynchttpclient.netty.handler.HttpHandler - 

Request DefaultFullHttpRequest(decodeResult: success, version: HTTP/1.1, content: EmptyByteBufBE)
GET /session/1a5853eef1de54b0a52ed9d28e08a689/url HTTP/1.1
User-Agent: selenium/4.8.1 (java windows)
Cache-Control: no-cache
Content-Type: application/json; charset=utf-8
host: localhost:4119
accept: */*

Response DefaultHttpResponse(decodeResult: success, version: HTTP/1.1)
HTTP/1.1 200 OK
Content-Length: 51
Content-Type: application/json; charset=utf-8
cache-control: no-cache

16:04:17.310 [AsyncHttpClient-1-4] DEBUG org.asynchttpclient.netty.channel.ChannelManager - Adding key: http://localhost:4119 for channel [id: 0xf7f564db, L:/127.0.0.1:63519 - R:localhost/127.0.0.1:4119]
16:04:17.311 [Forwarding screenshot on session 1a5853eef1de54b0a52ed9d28e08a689 to remote] DEBUG org.asynchttpclient.netty.request.NettyRequestSender - Using pooled Channel '[id: 0xf7f564db, L:/127.0.0.1:63519 - R:localhost/127.0.0.1:4119]' for 'GET' to 'http://localhost:4119/session/1a5853eef1de54b0a52ed9d28e08a689/screenshot'
16:04:17.311 [Forwarding screenshot on session 1a5853eef1de54b0a52ed9d28e08a689 to remote] DEBUG org.asynchttpclient.netty.request.NettyRequestSender - Using open Channel [id: 0xf7f564db, L:/127.0.0.1:63519 - R:localhost/127.0.0.1:4119] for GET '/session/1a5853eef1de54b0a52ed9d28e08a689/screenshot'
16:04:17.397 [AsyncHttpClient-1-4] DEBUG org.asynchttpclient.netty.handler.HttpHandler - 

Request DefaultFullHttpRequest(decodeResult: success, version: HTTP/1.1, content: EmptyByteBufBE)
GET /session/1a5853eef1de54b0a52ed9d28e08a689/screenshot HTTP/1.1
User-Agent: selenium/4.8.1 (java windows)
Cache-Control: no-cache
Content-Type: application/json; charset=utf-8
host: localhost:4119
accept: */*

Response DefaultHttpResponse(decodeResult: success, version: HTTP/1.1)
HTTP/1.1 200 OK
Content-Length: 29300
Content-Type: application/json; charset=utf-8
cache-control: no-cache

16:04:17.398 [AsyncHttpClient-1-4] DEBUG org.asynchttpclient.netty.channel.ChannelManager - Adding key: http://localhost:4119 for channel [id: 0xf7f564db, L:/127.0.0.1:63519 - R:localhost/127.0.0.1:4119]
16:04:17.399 [main] DEBUG net.serenitybdd.core.photography.Darkroom - Send negative for processing for target\site\serenity\ab91ec8e2a7ae080fe94838f3e1631c6b35f2e70bab97298a6760a0a88b5ce4d.png
16:04:17.400 [main] DEBUG net.thucydides.core.steps.StepInterceptor - STEP DONE: user input valid email
  &amp#27;[32mWhen &amp#27;[0m&amp#27;[32muser input valid email&amp#27;[0m                      &amp#27;[90m# starter.stepdefinition.LoginStep.userInputValidEmail()&amp#27;[0m
16:04:17.409 [main] DEBUG net.thucydides.core.steps.StepInterceptor - STARTING STEP: LoginStep.userInputInvalidPassword - user input invalid password
16:04:17.411 [Forwarding findElement on session 1a5853eef1de54b0a52ed9d28e08a689 to remote] DEBUG org.asynchttpclient.netty.request.NettyRequestSender - Using pooled Channel '[id: 0xf7f564db, L:/127.0.0.1:63519 - R:localhost/127.0.0.1:4119]' for 'POST' to 'http://localhost:4119/session/1a5853eef1de54b0a52ed9d28e08a689/element'
16:04:17.411 [Forwarding findElement on session 1a5853eef1de54b0a52ed9d28e08a689 to remote] DEBUG org.asynchttpclient.netty.request.NettyRequestSender - Using open Channel [id: 0xf7f564db, L:/127.0.0.1:63519 - R:localhost/127.0.0.1:4119] for POST '/session/1a5853eef1de54b0a52ed9d28e08a689/element'
16:04:17.421 [AsyncHttpClient-1-4] DEBUG org.asynchttpclient.netty.handler.HttpHandler - 

Request DefaultHttpRequest(decodeResult: success, version: HTTP/1.1)
POST /session/1a5853eef1de54b0a52ed9d28e08a689/element HTTP/1.1
User-Agent: selenium/4.8.1 (java windows)
Content-Length: 55
Content-Type: application/json; charset=utf-8
host: localhost:4119
accept: */*

Response DefaultHttpResponse(decodeResult: success, version: HTTP/1.1)
HTTP/1.1 200 OK
Content-Length: 88
Content-Type: application/json; charset=utf-8
cache-control: no-cache

16:04:17.421 [AsyncHttpClient-1-4] DEBUG org.asynchttpclient.netty.channel.ChannelManager - Adding key: http://localhost:4119 for channel [id: 0xf7f564db, L:/127.0.0.1:63519 - R:localhost/127.0.0.1:4119]
16:04:17.423 [Forwarding clearElement on session 1a5853eef1de54b0a52ed9d28e08a689 to remote] DEBUG org.asynchttpclient.netty.request.NettyRequestSender - Using pooled Channel '[id: 0xf7f564db, L:/127.0.0.1:63519 - R:localhost/127.0.0.1:4119]' for 'POST' to 'http://localhost:4119/session/1a5853eef1de54b0a52ed9d28e08a689/element/a487606e-4b84-4bc2-b353-90e4f4ef7dd8/clear'
16:04:17.424 [Forwarding clearElement on session 1a5853eef1de54b0a52ed9d28e08a689 to remote] DEBUG org.asynchttpclient.netty.request.NettyRequestSender - Using open Channel [id: 0xf7f564db, L:/127.0.0.1:63519 - R:localhost/127.0.0.1:4119] for POST '/session/1a5853eef1de54b0a52ed9d28e08a689/element/a487606e-4b84-4bc2-b353-90e4f4ef7dd8/clear'
16:04:17.457 [AsyncHttpClient-1-4] DEBUG org.asynchttpclient.netty.handler.HttpHandler - 

Request DefaultHttpRequest(decodeResult: success, version: HTTP/1.1)
POST /session/1a5853eef1de54b0a52ed9d28e08a689/element/a487606e-4b84-4bc2-b353-90e4f4ef7dd8/clear HTTP/1.1
User-Agent: selenium/4.8.1 (java windows)
Content-Length: 50
Content-Type: application/json; charset=utf-8
host: localhost:4119
accept: */*

Response DefaultHttpResponse(decodeResult: success, version: HTTP/1.1)
HTTP/1.1 200 OK
Content-Length: 14
Content-Type: application/json; charset=utf-8
cache-control: no-cache

16:04:17.457 [AsyncHttpClient-1-4] DEBUG org.asynchttpclient.netty.channel.ChannelManager - Adding key: http://localhost:4119 for channel [id: 0xf7f564db, L:/127.0.0.1:63519 - R:localhost/127.0.0.1:4119]
16:04:17.459 [Forwarding sendKeysToElement on session 1a5853eef1de54b0a52ed9d28e08a689 to remote] DEBUG org.asynchttpclient.netty.request.NettyRequestSender - Using pooled Channel '[id: 0xf7f564db, L:/127.0.0.1:63519 - R:localhost/127.0.0.1:4119]' for 'POST' to 'http://localhost:4119/session/1a5853eef1de54b0a52ed9d28e08a689/element/a487606e-4b84-4bc2-b353-90e4f4ef7dd8/value'
16:04:17.459 [Forwarding sendKeysToElement on session 1a5853eef1de54b0a52ed9d28e08a689 to remote] DEBUG org.asynchttpclient.netty.request.NettyRequestSender - Using open Channel [id: 0xf7f564db, L:/127.0.0.1:63519 - R:localhost/127.0.0.1:4119] for POST '/session/1a5853eef1de54b0a52ed9d28e08a689/element/a487606e-4b84-4bc2-b353-90e4f4ef7dd8/value'
16:04:17.533 [AsyncHttpClient-1-4] DEBUG org.asynchttpclient.netty.handler.HttpHandler - 

Request DefaultHttpRequest(decodeResult: success, version: HTTP/1.1)
POST /session/1a5853eef1de54b0a52ed9d28e08a689/element/a487606e-4b84-4bc2-b353-90e4f4ef7dd8/value HTTP/1.1
User-Agent: selenium/4.8.1 (java windows)
Content-Length: 121
Content-Type: application/json; charset=utf-8
host: localhost:4119
accept: */*

Response DefaultHttpResponse(decodeResult: success, version: HTTP/1.1)
HTTP/1.1 200 OK
Content-Length: 14
Content-Type: application/json; charset=utf-8
cache-control: no-cache

16:04:17.534 [AsyncHttpClient-1-4] DEBUG org.asynchttpclient.netty.channel.ChannelManager - Adding key: http://localhost:4119 for channel [id: 0xf7f564db, L:/127.0.0.1:63519 - R:localhost/127.0.0.1:4119]
16:04:17.545 [Forwarding getAlertText on session 1a5853eef1de54b0a52ed9d28e08a689 to remote] DEBUG org.asynchttpclient.netty.request.NettyRequestSender - Using pooled Channel '[id: 0xf7f564db, L:/127.0.0.1:63519 - R:localhost/127.0.0.1:4119]' for 'GET' to 'http://localhost:4119/session/1a5853eef1de54b0a52ed9d28e08a689/alert/text'
16:04:17.545 [Forwarding getAlertText on session 1a5853eef1de54b0a52ed9d28e08a689 to remote] DEBUG org.asynchttpclient.netty.request.NettyRequestSender - Using open Channel [id: 0xf7f564db, L:/127.0.0.1:63519 - R:localhost/127.0.0.1:4119] for GET '/session/1a5853eef1de54b0a52ed9d28e08a689/alert/text'
16:04:17.546 [AsyncHttpClient-1-4] DEBUG org.asynchttpclient.netty.handler.HttpHandler - 

Request DefaultFullHttpRequest(decodeResult: success, version: HTTP/1.1, content: EmptyByteBufBE)
GET /session/1a5853eef1de54b0a52ed9d28e08a689/alert/text HTTP/1.1
User-Agent: selenium/4.8.1 (java windows)
Cache-Control: no-cache
Content-Type: application/json; charset=utf-8
host: localhost:4119
accept: */*

Response DefaultHttpResponse(decodeResult: success, version: HTTP/1.1)
HTTP/1.1 404 Not Found
Content-Length: 848
Content-Type: application/json; charset=utf-8
cache-control: no-cache

16:04:17.547 [AsyncHttpClient-1-4] DEBUG org.asynchttpclient.netty.channel.ChannelManager - Adding key: http://localhost:4119 for channel [id: 0xf7f564db, L:/127.0.0.1:63519 - R:localhost/127.0.0.1:4119]
16:04:17.547 [Forwarding getCurrentUrl on session 1a5853eef1de54b0a52ed9d28e08a689 to remote] DEBUG org.asynchttpclient.netty.request.NettyRequestSender - Using pooled Channel '[id: 0xf7f564db, L:/127.0.0.1:63519 - R:localhost/127.0.0.1:4119]' for 'GET' to 'http://localhost:4119/session/1a5853eef1de54b0a52ed9d28e08a689/url'
16:04:17.548 [Forwarding getCurrentUrl on session 1a5853eef1de54b0a52ed9d28e08a689 to remote] DEBUG org.asynchttpclient.netty.request.NettyRequestSender - Using open Channel [id: 0xf7f564db, L:/127.0.0.1:63519 - R:localhost/127.0.0.1:4119] for GET '/session/1a5853eef1de54b0a52ed9d28e08a689/url'
16:04:17.552 [AsyncHttpClient-1-4] DEBUG org.asynchttpclient.netty.handler.HttpHandler - 

Request DefaultFullHttpRequest(decodeResult: success, version: HTTP/1.1, content: EmptyByteBufBE)
GET /session/1a5853eef1de54b0a52ed9d28e08a689/url HTTP/1.1
User-Agent: selenium/4.8.1 (java windows)
Cache-Control: no-cache
Content-Type: application/json; charset=utf-8
host: localhost:4119
accept: */*

Response DefaultHttpResponse(decodeResult: success, version: HTTP/1.1)
HTTP/1.1 200 OK
Content-Length: 51
Content-Type: application/json; charset=utf-8
cache-control: no-cache

16:04:17.552 [AsyncHttpClient-1-4] DEBUG org.asynchttpclient.netty.channel.ChannelManager - Adding key: http://localhost:4119 for channel [id: 0xf7f564db, L:/127.0.0.1:63519 - R:localhost/127.0.0.1:4119]
16:04:17.553 [Forwarding screenshot on session 1a5853eef1de54b0a52ed9d28e08a689 to remote] DEBUG org.asynchttpclient.netty.request.NettyRequestSender - Using pooled Channel '[id: 0xf7f564db, L:/127.0.0.1:63519 - R:localhost/127.0.0.1:4119]' for 'GET' to 'http://localhost:4119/session/1a5853eef1de54b0a52ed9d28e08a689/screenshot'
16:04:17.553 [Forwarding screenshot on session 1a5853eef1de54b0a52ed9d28e08a689 to remote] DEBUG org.asynchttpclient.netty.request.NettyRequestSender - Using open Channel [id: 0xf7f564db, L:/127.0.0.1:63519 - R:localhost/127.0.0.1:4119] for GET '/session/1a5853eef1de54b0a52ed9d28e08a689/screenshot'
16:04:17.668 [AsyncHttpClient-1-4] DEBUG org.asynchttpclient.netty.handler.HttpHandler - 

Request DefaultFullHttpRequest(decodeResult: success, version: HTTP/1.1, content: EmptyByteBufBE)
GET /session/1a5853eef1de54b0a52ed9d28e08a689/screenshot HTTP/1.1
User-Agent: selenium/4.8.1 (java windows)
Cache-Control: no-cache
Content-Type: application/json; charset=utf-8
host: localhost:4119
accept: */*

Response DefaultHttpResponse(decodeResult: success, version: HTTP/1.1)
HTTP/1.1 200 OK
Content-Length: 29556
Content-Type: application/json; charset=utf-8
cache-control: no-cache

16:04:17.668 [AsyncHttpClient-1-4] DEBUG org.asynchttpclient.netty.channel.ChannelManager - Adding key: http://localhost:4119 for channel [id: 0xf7f564db, L:/127.0.0.1:63519 - R:localhost/127.0.0.1:4119]
16:04:17.670 [main] DEBUG net.serenitybdd.core.photography.Darkroom - Send negative for processing for target\site\serenity\d66ba0eb053022c302112b2ba7ed13fa4e77bb719ddc1f738245b3c9d6f74608.png
16:04:17.670 [main] DEBUG net.thucydides.core.steps.StepInterceptor - STEP DONE: user input invalid password
  &amp#27;[32mAnd &amp#27;[0m&amp#27;[32muser input invalid password&amp#27;[0m                  &amp#27;[90m# starter.stepdefinition.LoginStep.userInputInvalidPassword()&amp#27;[0m
16:04:17.670 [Darkroom Processing Line] DEBUG net.serenitybdd.core.photography.DarkroomProcessingLine - Processing screenshot image in /var/screenshots/screenshot-1946362554662187784
16:04:17.670 [Darkroom Processing Line] DEBUG net.serenitybdd.core.photography.DarkroomProcessingLine - Saving screenshot to target\site\serenity\d66ba0eb053022c302112b2ba7ed13fa4e77bb719ddc1f738245b3c9d6f74608.png
16:04:17.682 [main] DEBUG net.thucydides.core.steps.StepInterceptor - STARTING STEP: LoginStep.clickButtonLogin - click button login
16:04:17.684 [Forwarding findElement on session 1a5853eef1de54b0a52ed9d28e08a689 to remote] DEBUG org.asynchttpclient.netty.request.NettyRequestSender - Using pooled Channel '[id: 0xf7f564db, L:/127.0.0.1:63519 - R:localhost/127.0.0.1:4119]' for 'POST' to 'http://localhost:4119/session/1a5853eef1de54b0a52ed9d28e08a689/element'
16:04:17.684 [Forwarding findElement on session 1a5853eef1de54b0a52ed9d28e08a689 to remote] DEBUG org.asynchttpclient.netty.request.NettyRequestSender - Using open Channel [id: 0xf7f564db, L:/127.0.0.1:63519 - R:localhost/127.0.0.1:4119] for POST '/session/1a5853eef1de54b0a52ed9d28e08a689/element'
16:04:17.691 [AsyncHttpClient-1-4] DEBUG org.asynchttpclient.netty.handler.HttpHandler - 

Request DefaultHttpRequest(decodeResult: success, version: HTTP/1.1)
POST /session/1a5853eef1de54b0a52ed9d28e08a689/element HTTP/1.1
User-Agent: selenium/4.8.1 (java windows)
Content-Length: 69
Content-Type: application/json; charset=utf-8
host: localhost:4119
accept: */*

Response DefaultHttpResponse(decodeResult: success, version: HTTP/1.1)
HTTP/1.1 200 OK
Content-Length: 88
Content-Type: application/json; charset=utf-8
cache-control: no-cache

16:04:17.691 [AsyncHttpClient-1-4] DEBUG org.asynchttpclient.netty.channel.ChannelManager - Adding key: http://localhost:4119 for channel [id: 0xf7f564db, L:/127.0.0.1:63519 - R:localhost/127.0.0.1:4119]
16:04:17.692 [Forwarding getElementTagName on session 1a5853eef1de54b0a52ed9d28e08a689 to remote] DEBUG org.asynchttpclient.netty.request.NettyRequestSender - Using pooled Channel '[id: 0xf7f564db, L:/127.0.0.1:63519 - R:localhost/127.0.0.1:4119]' for 'GET' to 'http://localhost:4119/session/1a5853eef1de54b0a52ed9d28e08a689/element/c3e23700-fb18-4bad-bf1d-9c5f0a0ebb66/name'
16:04:17.692 [Forwarding getElementTagName on session 1a5853eef1de54b0a52ed9d28e08a689 to remote] DEBUG org.asynchttpclient.netty.request.NettyRequestSender - Using open Channel [id: 0xf7f564db, L:/127.0.0.1:63519 - R:localhost/127.0.0.1:4119] for GET '/session/1a5853eef1de54b0a52ed9d28e08a689/element/c3e23700-fb18-4bad-bf1d-9c5f0a0ebb66/name'
16:04:17.696 [AsyncHttpClient-1-4] DEBUG org.asynchttpclient.netty.handler.HttpHandler - 

Request DefaultFullHttpRequest(decodeResult: success, version: HTTP/1.1, content: EmptyByteBufBE)
GET /session/1a5853eef1de54b0a52ed9d28e08a689/element/c3e23700-fb18-4bad-bf1d-9c5f0a0ebb66/name HTTP/1.1
User-Agent: selenium/4.8.1 (java windows)
Cache-Control: no-cache
Content-Type: application/json; charset=utf-8
host: localhost:4119
accept: */*

Response DefaultHttpResponse(decodeResult: success, version: HTTP/1.1)
HTTP/1.1 200 OK
Content-Length: 16
Content-Type: application/json; charset=utf-8
cache-control: no-cache

16:04:17.696 [AsyncHttpClient-1-4] DEBUG org.asynchttpclient.netty.channel.ChannelManager - Adding key: http://localhost:4119 for channel [id: 0xf7f564db, L:/127.0.0.1:63519 - R:localhost/127.0.0.1:4119]
16:04:17.697 [Forwarding getElementTagName on session 1a5853eef1de54b0a52ed9d28e08a689 to remote] DEBUG org.asynchttpclient.netty.request.NettyRequestSender - Using pooled Channel '[id: 0xf7f564db, L:/127.0.0.1:63519 - R:localhost/127.0.0.1:4119]' for 'GET' to 'http://localhost:4119/session/1a5853eef1de54b0a52ed9d28e08a689/element/c3e23700-fb18-4bad-bf1d-9c5f0a0ebb66/name'
16:04:17.697 [Forwarding getElementTagName on session 1a5853eef1de54b0a52ed9d28e08a689 to remote] DEBUG org.asynchttpclient.netty.request.NettyRequestSender - Using open Channel [id: 0xf7f564db, L:/127.0.0.1:63519 - R:localhost/127.0.0.1:4119] for GET '/session/1a5853eef1de54b0a52ed9d28e08a689/element/c3e23700-fb18-4bad-bf1d-9c5f0a0ebb66/name'
16:04:17.701 [AsyncHttpClient-1-4] DEBUG org.asynchttpclient.netty.handler.HttpHandler - 

Request DefaultFullHttpRequest(decodeResult: success, version: HTTP/1.1, content: EmptyByteBufBE)
GET /session/1a5853eef1de54b0a52ed9d28e08a689/element/c3e23700-fb18-4bad-bf1d-9c5f0a0ebb66/name HTTP/1.1
User-Agent: selenium/4.8.1 (java windows)
Cache-Control: no-cache
Content-Type: application/json; charset=utf-8
host: localhost:4119
accept: */*

Response DefaultHttpResponse(decodeResult: success, version: HTTP/1.1)
HTTP/1.1 200 OK
Content-Length: 16
Content-Type: application/json; charset=utf-8
cache-control: no-cache

16:04:17.701 [AsyncHttpClient-1-4] DEBUG org.asynchttpclient.netty.channel.ChannelManager - Adding key: http://localhost:4119 for channel [id: 0xf7f564db, L:/127.0.0.1:63519 - R:localhost/127.0.0.1:4119]
16:04:17.702 [Forwarding findElement on session 1a5853eef1de54b0a52ed9d28e08a689 to remote] DEBUG org.asynchttpclient.netty.request.NettyRequestSender - Using pooled Channel '[id: 0xf7f564db, L:/127.0.0.1:63519 - R:localhost/127.0.0.1:4119]' for 'POST' to 'http://localhost:4119/session/1a5853eef1de54b0a52ed9d28e08a689/element'
16:04:17.702 [Forwarding findElement on session 1a5853eef1de54b0a52ed9d28e08a689 to remote] DEBUG org.asynchttpclient.netty.request.NettyRequestSender - Using open Channel [id: 0xf7f564db, L:/127.0.0.1:63519 - R:localhost/127.0.0.1:4119] for POST '/session/1a5853eef1de54b0a52ed9d28e08a689/element'
16:04:17.710 [AsyncHttpClient-1-4] DEBUG org.asynchttpclient.netty.handler.HttpHandler - 

Request DefaultHttpRequest(decodeResult: success, version: HTTP/1.1)
POST /session/1a5853eef1de54b0a52ed9d28e08a689/element HTTP/1.1
User-Agent: selenium/4.8.1 (java windows)
Content-Length: 69
Content-Type: application/json; charset=utf-8
host: localhost:4119
accept: */*

Response DefaultHttpResponse(decodeResult: success, version: HTTP/1.1)
HTTP/1.1 200 OK
Content-Length: 88
Content-Type: application/json; charset=utf-8
cache-control: no-cache

16:04:17.710 [AsyncHttpClient-1-4] DEBUG org.asynchttpclient.netty.channel.ChannelManager - Adding key: http://localhost:4119 for channel [id: 0xf7f564db, L:/127.0.0.1:63519 - R:localhost/127.0.0.1:4119]
16:04:17.711 [Forwarding clickElement on session 1a5853eef1de54b0a52ed9d28e08a689 to remote] DEBUG org.asynchttpclient.netty.request.NettyRequestSender - Using pooled Channel '[id: 0xf7f564db, L:/127.0.0.1:63519 - R:localhost/127.0.0.1:4119]' for 'POST' to 'http://localhost:4119/session/1a5853eef1de54b0a52ed9d28e08a689/element/c3e23700-fb18-4bad-bf1d-9c5f0a0ebb66/click'
16:04:17.711 [Forwarding clickElement on session 1a5853eef1de54b0a52ed9d28e08a689 to remote] DEBUG org.asynchttpclient.netty.request.NettyRequestSender - Using open Channel [id: 0xf7f564db, L:/127.0.0.1:63519 - R:localhost/127.0.0.1:4119] for POST '/session/1a5853eef1de54b0a52ed9d28e08a689/element/c3e23700-fb18-4bad-bf1d-9c5f0a0ebb66/click'
16:04:17.752 [AsyncHttpClient-1-4] DEBUG org.asynchttpclient.netty.handler.HttpHandler - 

Request DefaultHttpRequest(decodeResult: success, version: HTTP/1.1)
POST /session/1a5853eef1de54b0a52ed9d28e08a689/element/c3e23700-fb18-4bad-bf1d-9c5f0a0ebb66/click HTTP/1.1
User-Agent: selenium/4.8.1 (java windows)
Content-Length: 50
Content-Type: application/json; charset=utf-8
host: localhost:4119
accept: */*

Response DefaultHttpResponse(decodeResult: success, version: HTTP/1.1)
HTTP/1.1 200 OK
Content-Length: 14
Content-Type: application/json; charset=utf-8
cache-control: no-cache

16:04:17.753 [AsyncHttpClient-1-4] DEBUG org.asynchttpclient.netty.channel.ChannelManager - Adding key: http://localhost:4119 for channel [id: 0xf7f564db, L:/127.0.0.1:63519 - R:localhost/127.0.0.1:4119]
16:04:17.759 [Forwarding getAlertText on session 1a5853eef1de54b0a52ed9d28e08a689 to remote] DEBUG org.asynchttpclient.netty.request.NettyRequestSender - Using pooled Channel '[id: 0xf7f564db, L:/127.0.0.1:63519 - R:localhost/127.0.0.1:4119]' for 'GET' to 'http://localhost:4119/session/1a5853eef1de54b0a52ed9d28e08a689/alert/text'
16:04:17.759 [Forwarding getAlertText on session 1a5853eef1de54b0a52ed9d28e08a689 to remote] DEBUG org.asynchttpclient.netty.request.NettyRequestSender - Using open Channel [id: 0xf7f564db, L:/127.0.0.1:63519 - R:localhost/127.0.0.1:4119] for GET '/session/1a5853eef1de54b0a52ed9d28e08a689/alert/text'
16:04:17.760 [AsyncHttpClient-1-4] DEBUG org.asynchttpclient.netty.handler.HttpHandler - 

Request DefaultFullHttpRequest(decodeResult: success, version: HTTP/1.1, content: EmptyByteBufBE)
GET /session/1a5853eef1de54b0a52ed9d28e08a689/alert/text HTTP/1.1
User-Agent: selenium/4.8.1 (java windows)
Cache-Control: no-cache
Content-Type: application/json; charset=utf-8
host: localhost:4119
accept: */*

Response DefaultHttpResponse(decodeResult: success, version: HTTP/1.1)
HTTP/1.1 404 Not Found
Content-Length: 848
Content-Type: application/json; charset=utf-8
cache-control: no-cache

16:04:17.760 [AsyncHttpClient-1-4] DEBUG org.asynchttpclient.netty.channel.ChannelManager - Adding key: http://localhost:4119 for channel [id: 0xf7f564db, L:/127.0.0.1:63519 - R:localhost/127.0.0.1:4119]
16:04:17.761 [Forwarding getCurrentUrl on session 1a5853eef1de54b0a52ed9d28e08a689 to remote] DEBUG org.asynchttpclient.netty.request.NettyRequestSender - Using pooled Channel '[id: 0xf7f564db, L:/127.0.0.1:63519 - R:localhost/127.0.0.1:4119]' for 'GET' to 'http://localhost:4119/session/1a5853eef1de54b0a52ed9d28e08a689/url'
16:04:17.761 [Forwarding getCurrentUrl on session 1a5853eef1de54b0a52ed9d28e08a689 to remote] DEBUG org.asynchttpclient.netty.request.NettyRequestSender - Using open Channel [id: 0xf7f564db, L:/127.0.0.1:63519 - R:localhost/127.0.0.1:4119] for GET '/session/1a5853eef1de54b0a52ed9d28e08a689/url'
16:04:17.764 [AsyncHttpClient-1-4] DEBUG org.asynchttpclient.netty.handler.HttpHandler - 

Request DefaultFullHttpRequest(decodeResult: success, version: HTTP/1.1, content: EmptyByteBufBE)
GET /session/1a5853eef1de54b0a52ed9d28e08a689/url HTTP/1.1
User-Agent: selenium/4.8.1 (java windows)
Cache-Control: no-cache
Content-Type: application/json; charset=utf-8
host: localhost:4119
accept: */*

Response DefaultHttpResponse(decodeResult: success, version: HTTP/1.1)
HTTP/1.1 200 OK
Content-Length: 51
Content-Type: application/json; charset=utf-8
cache-control: no-cache

16:04:17.764 [AsyncHttpClient-1-4] DEBUG org.asynchttpclient.netty.channel.ChannelManager - Adding key: http://localhost:4119 for channel [id: 0xf7f564db, L:/127.0.0.1:63519 - R:localhost/127.0.0.1:4119]
16:04:17.765 [Forwarding screenshot on session 1a5853eef1de54b0a52ed9d28e08a689 to remote] DEBUG org.asynchttpclient.netty.request.NettyRequestSender - Using pooled Channel '[id: 0xf7f564db, L:/127.0.0.1:63519 - R:localhost/127.0.0.1:4119]' for 'GET' to 'http://localhost:4119/session/1a5853eef1de54b0a52ed9d28e08a689/screenshot'
16:04:17.765 [Forwarding screenshot on session 1a5853eef1de54b0a52ed9d28e08a689 to remote] DEBUG org.asynchttpclient.netty.request.NettyRequestSender - Using open Channel [id: 0xf7f564db, L:/127.0.0.1:63519 - R:localhost/127.0.0.1:4119] for GET '/session/1a5853eef1de54b0a52ed9d28e08a689/screenshot'
16:04:17.863 [AsyncHttpClient-1-4] DEBUG org.asynchttpclient.netty.handler.HttpHandler - 

Request DefaultFullHttpRequest(decodeResult: success, version: HTTP/1.1, content: EmptyByteBufBE)
GET /session/1a5853eef1de54b0a52ed9d28e08a689/screenshot HTTP/1.1
User-Agent: selenium/4.8.1 (java windows)
Cache-Control: no-cache
Content-Type: application/json; charset=utf-8
host: localhost:4119
accept: */*

Response DefaultHttpResponse(decodeResult: success, version: HTTP/1.1)
HTTP/1.1 200 OK
Content-Length: 29288
Content-Type: application/json; charset=utf-8
cache-control: no-cache

16:04:17.864 [AsyncHttpClient-1-4] DEBUG org.asynchttpclient.netty.channel.ChannelManager - Adding key: http://localhost:4119 for channel [id: 0xf7f564db, L:/127.0.0.1:63519 - R:localhost/127.0.0.1:4119]
16:04:17.866 [main] DEBUG net.serenitybdd.core.photography.Darkroom - Send negative for processing for target\site\serenity\6188807c08b2d8a3e50c7f509e0ab5b26097da266a08519001507c91f22a3f7a.png
16:04:17.866 [main] DEBUG net.thucydides.core.steps.StepInterceptor - STEP DONE: click button login
  &amp#27;[32mAnd &amp#27;[0m&amp#27;[32mclick button login&amp#27;[0m                           &amp#27;[90m# starter.stepdefinition.LoginStep.clickButtonLogin()&amp#27;[0m
16:04:17.866 [Darkroom Processing Line] DEBUG net.serenitybdd.core.photography.DarkroomProcessingLine - Processing screenshot image in /var/screenshots/screenshot-6981924809866129956
16:04:17.866 [Darkroom Processing Line] DEBUG net.serenitybdd.core.photography.DarkroomProcessingLine - Saving screenshot to target\site\serenity\6188807c08b2d8a3e50c7f509e0ab5b26097da266a08519001507c91f22a3f7a.png
16:04:17.878 [main] DEBUG net.thucydides.core.steps.StepInterceptor - STARTING STEP: LoginStep.userSeeErrorMessage - user see error message
16:04:17.880 [Forwarding findElement on session 1a5853eef1de54b0a52ed9d28e08a689 to remote] DEBUG org.asynchttpclient.netty.request.NettyRequestSender - Using pooled Channel '[id: 0xf7f564db, L:/127.0.0.1:63519 - R:localhost/127.0.0.1:4119]' for 'POST' to 'http://localhost:4119/session/1a5853eef1de54b0a52ed9d28e08a689/element'
16:04:17.880 [Forwarding findElement on session 1a5853eef1de54b0a52ed9d28e08a689 to remote] DEBUG org.asynchttpclient.netty.request.NettyRequestSender - Using open Channel [id: 0xf7f564db, L:/127.0.0.1:63519 - R:localhost/127.0.0.1:4119] for POST '/session/1a5853eef1de54b0a52ed9d28e08a689/element'
16:04:18.013 [AsyncHttpClient-1-4] DEBUG org.asynchttpclient.netty.handler.HttpHandler - 

Request DefaultHttpRequest(decodeResult: success, version: HTTP/1.1)
POST /session/1a5853eef1de54b0a52ed9d28e08a689/element HTTP/1.1
User-Agent: selenium/4.8.1 (java windows)
Content-Length: 79
Content-Type: application/json; charset=utf-8
host: localhost:4119
accept: */*

Response DefaultHttpResponse(decodeResult: success, version: HTTP/1.1)
HTTP/1.1 200 OK
Content-Length: 88
Content-Type: application/json; charset=utf-8
cache-control: no-cache

16:04:18.013 [AsyncHttpClient-1-4] DEBUG org.asynchttpclient.netty.channel.ChannelManager - Adding key: http://localhost:4119 for channel [id: 0xf7f564db, L:/127.0.0.1:63519 - R:localhost/127.0.0.1:4119]
16:04:18.016 [Forwarding isElementDisplayed on session 1a5853eef1de54b0a52ed9d28e08a689 to remote] DEBUG org.asynchttpclient.netty.request.NettyRequestSender - Using pooled Channel '[id: 0xf7f564db, L:/127.0.0.1:63519 - R:localhost/127.0.0.1:4119]' for 'POST' to 'http://localhost:4119/session/1a5853eef1de54b0a52ed9d28e08a689/execute/sync'
16:04:18.016 [Forwarding isElementDisplayed on session 1a5853eef1de54b0a52ed9d28e08a689 to remote] DEBUG org.asynchttpclient.netty.request.NettyRequestSender - Using open Channel [id: 0xf7f564db, L:/127.0.0.1:63519 - R:localhost/127.0.0.1:4119] for POST '/session/1a5853eef1de54b0a52ed9d28e08a689/execute/sync'
16:04:18.034 [AsyncHttpClient-1-4] DEBUG org.asynchttpclient.netty.handler.HttpHandler - 

Request DefaultHttpRequest(decodeResult: success, version: HTTP/1.1)
POST /session/1a5853eef1de54b0a52ed9d28e08a689/execute/sync HTTP/1.1
User-Agent: selenium/4.8.1 (java windows)
Content-Length: 48807
Content-Type: application/json; charset=utf-8
host: localhost:4119
accept: */*

Response DefaultHttpResponse(decodeResult: success, version: HTTP/1.1)
HTTP/1.1 200 OK
Content-Length: 14
Content-Type: application/json; charset=utf-8
cache-control: no-cache

16:04:18.034 [AsyncHttpClient-1-4] DEBUG org.asynchttpclient.netty.channel.ChannelManager - Adding key: http://localhost:4119 for channel [id: 0xf7f564db, L:/127.0.0.1:63519 - R:localhost/127.0.0.1:4119]
16:04:18.043 [Forwarding getAlertText on session 1a5853eef1de54b0a52ed9d28e08a689 to remote] DEBUG org.asynchttpclient.netty.request.NettyRequestSender - Using pooled Channel '[id: 0xf7f564db, L:/127.0.0.1:63519 - R:localhost/127.0.0.1:4119]' for 'GET' to 'http://localhost:4119/session/1a5853eef1de54b0a52ed9d28e08a689/alert/text'
16:04:18.043 [Forwarding getAlertText on session 1a5853eef1de54b0a52ed9d28e08a689 to remote] DEBUG org.asynchttpclient.netty.request.NettyRequestSender - Using open Channel [id: 0xf7f564db, L:/127.0.0.1:63519 - R:localhost/127.0.0.1:4119] for GET '/session/1a5853eef1de54b0a52ed9d28e08a689/alert/text'
16:04:18.046 [AsyncHttpClient-1-4] DEBUG org.asynchttpclient.netty.handler.HttpHandler - 

Request DefaultFullHttpRequest(decodeResult: success, version: HTTP/1.1, content: EmptyByteBufBE)
GET /session/1a5853eef1de54b0a52ed9d28e08a689/alert/text HTTP/1.1
User-Agent: selenium/4.8.1 (java windows)
Cache-Control: no-cache
Content-Type: application/json; charset=utf-8
host: localhost:4119
accept: */*

Response DefaultHttpResponse(decodeResult: success, version: HTTP/1.1)
HTTP/1.1 404 Not Found
Content-Length: 848
Content-Type: application/json; charset=utf-8
cache-control: no-cache

16:04:18.046 [AsyncHttpClient-1-4] DEBUG org.asynchttpclient.netty.channel.ChannelManager - Adding key: http://localhost:4119 for channel [id: 0xf7f564db, L:/127.0.0.1:63519 - R:localhost/127.0.0.1:4119]
16:04:18.047 [Forwarding getCurrentUrl on session 1a5853eef1de54b0a52ed9d28e08a689 to remote] DEBUG org.asynchttpclient.netty.request.NettyRequestSender - Using pooled Channel '[id: 0xf7f564db, L:/127.0.0.1:63519 - R:localhost/127.0.0.1:4119]' for 'GET' to 'http://localhost:4119/session/1a5853eef1de54b0a52ed9d28e08a689/url'
16:04:18.047 [Forwarding getCurrentUrl on session 1a5853eef1de54b0a52ed9d28e08a689 to remote] DEBUG org.asynchttpclient.netty.request.NettyRequestSender - Using open Channel [id: 0xf7f564db, L:/127.0.0.1:63519 - R:localhost/127.0.0.1:4119] for GET '/session/1a5853eef1de54b0a52ed9d28e08a689/url'
16:04:18.050 [AsyncHttpClient-1-4] DEBUG org.asynchttpclient.netty.handler.HttpHandler - 

Request DefaultFullHttpRequest(decodeResult: success, version: HTTP/1.1, content: EmptyByteBufBE)
GET /session/1a5853eef1de54b0a52ed9d28e08a689/url HTTP/1.1
User-Agent: selenium/4.8.1 (java windows)
Cache-Control: no-cache
Content-Type: application/json; charset=utf-8
host: localhost:4119
accept: */*

Response DefaultHttpResponse(decodeResult: success, version: HTTP/1.1)
HTTP/1.1 200 OK
Content-Length: 51
Content-Type: application/json; charset=utf-8
cache-control: no-cache

16:04:18.050 [AsyncHttpClient-1-4] DEBUG org.asynchttpclient.netty.channel.ChannelManager - Adding key: http://localhost:4119 for channel [id: 0xf7f564db, L:/127.0.0.1:63519 - R:localhost/127.0.0.1:4119]
16:04:18.051 [Forwarding screenshot on session 1a5853eef1de54b0a52ed9d28e08a689 to remote] DEBUG org.asynchttpclient.netty.request.NettyRequestSender - Using pooled Channel '[id: 0xf7f564db, L:/127.0.0.1:63519 - R:localhost/127.0.0.1:4119]' for 'GET' to 'http://localhost:4119/session/1a5853eef1de54b0a52ed9d28e08a689/screenshot'
16:04:18.051 [Forwarding screenshot on session 1a5853eef1de54b0a52ed9d28e08a689 to remote] DEBUG org.asynchttpclient.netty.request.NettyRequestSender - Using open Channel [id: 0xf7f564db, L:/127.0.0.1:63519 - R:localhost/127.0.0.1:4119] for GET '/session/1a5853eef1de54b0a52ed9d28e08a689/screenshot'
16:04:18.084 [AsyncHttpClient-1-1] DEBUG org.asynchttpclient.netty.channel.DefaultChannelPool - Entry count for : http://localhost:63520 : 1
16:04:18.148 [AsyncHttpClient-1-4] DEBUG org.asynchttpclient.netty.handler.HttpHandler - 

Request DefaultFullHttpRequest(decodeResult: success, version: HTTP/1.1, content: EmptyByteBufBE)
GET /session/1a5853eef1de54b0a52ed9d28e08a689/screenshot HTTP/1.1
User-Agent: selenium/4.8.1 (java windows)
Cache-Control: no-cache
Content-Type: application/json; charset=utf-8
host: localhost:4119
accept: */*

Response DefaultHttpResponse(decodeResult: success, version: HTTP/1.1)
HTTP/1.1 200 OK
Content-Length: 35056
Content-Type: application/json; charset=utf-8
cache-control: no-cache

16:04:18.148 [AsyncHttpClient-1-4] DEBUG org.asynchttpclient.netty.channel.ChannelManager - Adding key: http://localhost:4119 for channel [id: 0xf7f564db, L:/127.0.0.1:63519 - R:localhost/127.0.0.1:4119]
16:04:18.150 [main] DEBUG net.serenitybdd.core.photography.Darkroom - Send negative for processing for target\site\serenity\3f2dd5061b14980ae0b95637c772ecb4dbefcba676276df686d0957ae7f23f1b.png
16:04:18.150 [main] DEBUG net.thucydides.core.steps.StepInterceptor - STEP DONE: user see error message
16:04:18.150 [Darkroom Processing Line] DEBUG net.serenitybdd.core.photography.DarkroomProcessingLine - Processing screenshot image in /var/screenshots/screenshot-4275285749838658403
  &amp#27;[32mThen &amp#27;[0m&amp#27;[32muser see error message &amp#27;[0m&amp#27;[32m&amp#27;[1m"record not found"&amp#27;[0m   &amp#27;[90m# starter.stepdefinition.LoginStep.userSeeErrorMessage(java.lang.String)&amp#27;[0m
16:04:18.150 [Darkroom Processing Line] DEBUG net.serenitybdd.core.photography.DarkroomProcessingLine - Saving screenshot to target\site\serenity\3f2dd5061b14980ae0b95637c772ecb4dbefcba676276df686d0957ae7f23f1b.png
16:04:18.155 [main] INFO  - 
  _____   ___   ___   _____     ___     _     ___   ___   ___   ___  
 |_   _| | __| / __| |_   _|   | _ \   /_\   / __| / __| | __| |   \ 
   | |   | _|  \__ \   | |     |  _/  / _ \  \__ \ \__ \ | _|  | |) |
   |_|   |___| |___/   |_|     |_|   /_/ \_\ |___/ |___/ |___| |___/ 

As a user, I login with invalid password
----------------------------------------------------------------------
16:04:18.157 [AsyncHttpClient-1-6] DEBUG org.asynchttpclient.netty.handler.WebSocketHandler - Channel Closed: [id: 0x61ba96b5, L:/127.0.0.1:63527 ! R:localhost/127.0.0.1:63520] with attribute NettyResponseFuture{currentRetry=0,
	isDone=1,
	isCancelled=0,
	asyncHandler=org.asynchttpclient.ws.WebSocketUpgradeHandler@4bef6023,
	nettyRequest=org.asynchttpclient.netty.request.NettyRequest@6976c615,
	future=java.util.concurrent.CompletableFuture@48e4aa35[Completed normally],
	uri=ws://localhost:63520/devtools/browser/72fe30ee-1e95-421e-8823-810a53855f73,
	keepAlive=true,
	redirectCount=0,
	timeoutsHolder=null,
	inAuth=0,
	touch=1683104655854}
16:04:18.157 [AsyncHttpClient-1-6] DEBUG org.asynchttpclient.netty.channel.ChannelManager - Closing Channel [id: 0x61ba96b5, L:/127.0.0.1:63527 ! R:localhost/127.0.0.1:63520] 
16:04:18.158 [Driver Command Executor] DEBUG org.asynchttpclient.netty.request.NettyRequestSender - Using pooled Channel '[id: 0xf7f564db, L:/127.0.0.1:63519 - R:localhost/127.0.0.1:4119]' for 'DELETE' to 'http://localhost:4119/session/1a5853eef1de54b0a52ed9d28e08a689'
16:04:18.158 [Driver Command Executor] DEBUG org.asynchttpclient.netty.request.NettyRequestSender - Using open Channel [id: 0xf7f564db, L:/127.0.0.1:63519 - R:localhost/127.0.0.1:4119] for DELETE '/session/1a5853eef1de54b0a52ed9d28e08a689'
16:04:18.203 [AsyncHttpClient-1-5] DEBUG org.asynchttpclient.netty.handler.HttpHandler - Unexpected I/O exception on channel [id: 0x94dd79ed, L:/127.0.0.1:63526 - R:localhost/127.0.0.1:63520]
java.io.IOException: An existing connection was forcibly closed by the remote host
	at sun.nio.ch.SocketDispatcher.read0(Native Method)
	at sun.nio.ch.SocketDispatcher.read(SocketDispatcher.java:43)
	at sun.nio.ch.IOUtil.readIntoNativeBuffer(IOUtil.java:223)
	at sun.nio.ch.IOUtil.read(IOUtil.java:192)
	at sun.nio.ch.SocketChannelImpl.read(SocketChannelImpl.java:378)
	at io.netty.buffer.PooledByteBuf.setBytes(PooledByteBuf.java:259)
	at io.netty.buffer.AbstractByteBuf.writeBytes(AbstractByteBuf.java:1132)
	at io.netty.channel.socket.nio.NioSocketChannel.doReadBytes(NioSocketChannel.java:357)
	at io.netty.channel.nio.AbstractNioByteChannel$NioByteUnsafe.read(AbstractNioByteChannel.java:151)
	at io.netty.channel.nio.NioEventLoop.processSelectedKey(NioEventLoop.java:788)
	at io.netty.channel.nio.NioEventLoop.processSelectedKeysOptimized(NioEventLoop.java:724)
	at io.netty.channel.nio.NioEventLoop.processSelectedKeys(NioEventLoop.java:650)
	at io.netty.channel.nio.NioEventLoop.run(NioEventLoop.java:562)
	at io.netty.util.concurrent.SingleThreadEventExecutor$4.run(SingleThreadEventExecutor.java:997)
	at io.netty.util.internal.ThreadExecutorMap$2.run(ThreadExecutorMap.java:74)
	at io.netty.util.concurrent.FastThreadLocalRunnable.run(FastThreadLocalRunnable.java:30)
	at java.lang.Thread.run(Thread.java:748)
16:04:18.204 [AsyncHttpClient-1-5] DEBUG org.asynchttpclient.netty.channel.ChannelManager - Closing Channel [id: 0x94dd79ed, L:/127.0.0.1:63526 - R:localhost/127.0.0.1:63520] 
16:04:18.204 [AsyncHttpClient-1-5] DEBUG org.asynchttpclient.netty.handler.HttpHandler - Channel Closed: [id: 0x94dd79ed, L:/127.0.0.1:63526 ! R:localhost/127.0.0.1:63520] with attribute DISCARD
16:04:18.251 [AsyncHttpClient-1-4] DEBUG org.asynchttpclient.netty.handler.HttpHandler - 

Request DefaultFullHttpRequest(decodeResult: success, version: HTTP/1.1, content: EmptyByteBufBE)
DELETE /session/1a5853eef1de54b0a52ed9d28e08a689 HTTP/1.1
User-Agent: selenium/4.8.1 (java windows)
Content-Type: application/json; charset=utf-8
host: localhost:4119
accept: */*

Response DefaultHttpResponse(decodeResult: success, version: HTTP/1.1)
HTTP/1.1 200 OK
Content-Length: 14
Content-Type: application/json; charset=utf-8
cache-control: no-cache

16:04:18.252 [AsyncHttpClient-1-4] DEBUG org.asynchttpclient.netty.channel.ChannelManager - Adding key: http://localhost:4119 for channel [id: 0xf7f564db, L:/127.0.0.1:63519 - R:localhost/127.0.0.1:4119]
16:04:18.339 [AsyncHttpClient-1-4] DEBUG org.asynchttpclient.netty.handler.HttpHandler - Channel Closed: [id: 0xf7f564db, L:/127.0.0.1:63519 ! R:localhost/127.0.0.1:4119] with attribute DISCARD
]]></system-out>
    <system-err><![CDATA[Starting ChromeDriver 112.0.5615.49 (bd2a7bcb881c11e8cfe3078709382934e3916914-refs/branch-heads/5615@{#936}) on port 4119
Only local connections are allowed.
Please see https://chromedriver.chromium.org/security-considerations for suggestions on keeping ChromeDriver safe.
ChromeDriver was started successfully.
May 03, 2023 4:04:15 PM org.openqa.selenium.devtools.CdpVersionFinder findNearestMatch
WARNING: Unable to find an exact match for CDP version 112, so returning the closest version found: 110
]]></system-err>
  </testcase>
  <testcase name="As a user, I login without input email or password" classname="Login - As a user I want to buy some product So that I have to login" time="4.122">
    <system-out><![CDATA[
@TC_Login_004
Scenario: As a user, I login without input email or password &amp#27;[90m# src/test/resources/features/Login.feature:28&amp#27;[0m
16:04:18.871 [main] DEBUG io.cucumber.core.plugin.SerenityReporter - Running feature from file:///C:/Users/user/Downloads/QE_Devi-Agustin-Utari/Mini%20Project/Source_Mini_Project/Web_Automation_AltaShop/src/test/resources/features/Login.feature
16:04:18.875 [main] INFO  - 
  _____   ___   ___   _____     ___   _____     _     ___   _____   ___   ___  
 |_   _| | __| / __| |_   _|   / __| |_   _|   /_\   | _ \ |_   _| | __| |   \ 
   | |   | _|  \__ \   | |     \__ \   | |    / _ \  |   /   | |   | _|  | |) |
   |_|   |___| |___/   |_|     |___/   |_|   /_/ \_\ |_|_\   |_|   |___| |___/ 

As a user, I login without input email or password(login---as-a-user-i-want-to-buy-some-product-so-that-i-have-to-login;as-a-user--i-login-without-input-email-or-password)
--------------------------------------------------------------------------------
16:04:18.897 [main] DEBUG net.thucydides.core.steps.StepInterceptor - STARTING STEP: LoginStep.userOnLoginPage - user on login page
16:04:18.952 [main] INFO net.serenitybdd.core.webdriver.driverproviders.ChromeDriverProvider - Starting Chrome driver instance with capabilities:
16:04:18.953 [main] INFO net.serenitybdd.core.webdriver.driverproviders.ChromeDriverProvider - Capabilities {acceptInsecureCerts: true, browserName: chrome, goog:chromeOptions: {args: [remote-allow-origins=*, test-type, no-sandbox, ignore-certificate-errors, start-maximized, incognito, disable-infobars, disable-gpu, disable-default-apps, disable-popup-blocking, remote-allow-origins=*, test-type, no-sandbox, ignore-certificate-errors, start-maximized, incognito, disable-infobars, disable-gpu, disable-default-apps, disable-popup-blocking, remote-allow-origins=*], extensions: []}}
16:04:19.028 [AsyncHttpClient-1-7] DEBUG org.asynchttpclient.netty.channel.NettyConnectListener - Using new Channel '[id: 0xc4faba1c, L:/127.0.0.1:63542 - R:localhost/127.0.0.1:11909]' for 'POST' to '/session'
16:04:19.182 [AsyncHttpClient-1-1] DEBUG org.asynchttpclient.netty.channel.DefaultChannelPool - Entry count for : http://localhost:63520 : 1
16:04:19.182 [AsyncHttpClient-1-1] DEBUG org.asynchttpclient.netty.channel.DefaultChannelPool - Entry count for : http://localhost:4119 : 1
16:04:19.182 [AsyncHttpClient-1-1] DEBUG org.asynchttpclient.netty.channel.DefaultChannelPool - Adding Candidate expired Channel [id: 0x94dd79ed, L:/127.0.0.1:63526 ! R:localhost/127.0.0.1:63520] isIdleTimeoutExpired=false isRemotelyClosed=true isTtlExpired=false
16:04:19.182 [AsyncHttpClient-1-1] DEBUG org.asynchttpclient.netty.channel.DefaultChannelPool - Closing Idle Channel [id: 0x94dd79ed, L:/127.0.0.1:63526 ! R:localhost/127.0.0.1:63520]
16:04:19.182 [AsyncHttpClient-1-1] DEBUG org.asynchttpclient.netty.channel.DefaultChannelPool - Adding Candidate expired Channel [id: 0xf7f564db, L:/127.0.0.1:63519 ! R:localhost/127.0.0.1:4119] isIdleTimeoutExpired=false isRemotelyClosed=true isTtlExpired=false
16:04:19.182 [AsyncHttpClient-1-1] DEBUG org.asynchttpclient.netty.channel.DefaultChannelPool - Closing Idle Channel [id: 0xf7f564db, L:/127.0.0.1:63519 ! R:localhost/127.0.0.1:4119]
16:04:19.182 [AsyncHttpClient-1-1] DEBUG org.asynchttpclient.netty.channel.DefaultChannelPool - Closed 2 connections out of 2 in 0 ms
16:04:20.307 [AsyncHttpClient-1-7] DEBUG org.asynchttpclient.netty.handler.HttpHandler - 

Request DefaultHttpRequest(decodeResult: success, version: HTTP/1.1)
POST /session HTTP/1.1
User-Agent: selenium/4.8.1 (java windows)
Content-Length: 1701
Content-Type: application/json; charset=utf-8
host: localhost:11909
accept: */*

Response DefaultHttpResponse(decodeResult: success, version: HTTP/1.1)
HTTP/1.1 200 OK
Content-Length: 844
Content-Type: application/json; charset=utf-8
cache-control: no-cache

16:04:20.307 [AsyncHttpClient-1-7] DEBUG org.asynchttpclient.netty.channel.ChannelManager - Adding key: http://localhost:11909 for channel [id: 0xc4faba1c, L:/127.0.0.1:63542 - R:localhost/127.0.0.1:11909]
16:04:20.321 [AsyncHttpClient-1-8] DEBUG org.asynchttpclient.netty.channel.NettyConnectListener - Using new Channel '[id: 0x3c899cf5, L:/127.0.0.1:63548 - R:localhost/127.0.0.1:63543]' for 'GET' to '/json/version'
16:04:20.324 [AsyncHttpClient-1-8] DEBUG org.asynchttpclient.netty.handler.HttpHandler - 

Request DefaultFullHttpRequest(decodeResult: success, version: HTTP/1.1, content: EmptyByteBufBE)
GET /json/version HTTP/1.1
User-Agent: selenium/4.8.1 (java windows)
host: localhost:63543
accept: */*

Response DefaultHttpResponse(decodeResult: success, version: HTTP/1.1)
HTTP/1.1 200 OK
Content-Security-Policy: frame-ancestors 'none'
Content-Length: 424
Content-Type: application/json; charset=UTF-8

16:04:20.325 [AsyncHttpClient-1-8] DEBUG org.asynchttpclient.netty.channel.ChannelManager - Adding key: http://localhost:63543 for channel [id: 0x3c899cf5, L:/127.0.0.1:63548 - R:localhost/127.0.0.1:63543]
16:04:20.331 [AsyncHttpClient-1-9] DEBUG org.asynchttpclient.netty.channel.NettyConnectListener - Using new Channel '[id: 0x14fbdbf4, L:/127.0.0.1:63549 - R:localhost/127.0.0.1:63543]' for 'GET' to '/devtools/browser/08062d93-e75d-4e26-af00-806361b6305a'
16:04:20.332 [AsyncHttpClient-1-9] DEBUG org.asynchttpclient.netty.handler.WebSocketHandler - 

Request DefaultFullHttpRequest(decodeResult: success, version: HTTP/1.1, content: EmptyByteBufBE)
GET /devtools/browser/08062d93-e75d-4e26-af00-806361b6305a HTTP/1.1
upgrade: websocket
connection: upgrade
sec-websocket-key: kcWNvfUrRZfyKL7voIrLsg==
sec-websocket-version: 13
origin: http://localhost:63543
host: localhost:63543
accept: */*
user-agent: AHC/2.1

Response DefaultHttpResponse(decodeResult: success, version: HTTP/1.1)
HTTP/1.1 101 WebSocket Protocol Handshake
Upgrade: WebSocket
Connection: Upgrade
Sec-WebSocket-Accept: v+BPrEaYKUZLZtqE0pk5uU708HM=

16:04:20.341 [Forwarding get on session cf5e12485aa39fa0e5a42db63387890e to remote] DEBUG org.asynchttpclient.netty.request.NettyRequestSender - Using pooled Channel '[id: 0xc4faba1c, L:/127.0.0.1:63542 - R:localhost/127.0.0.1:11909]' for 'POST' to 'http://localhost:11909/session/cf5e12485aa39fa0e5a42db63387890e/url'
16:04:20.341 [Forwarding get on session cf5e12485aa39fa0e5a42db63387890e to remote] DEBUG org.asynchttpclient.netty.request.NettyRequestSender - Using open Channel [id: 0xc4faba1c, L:/127.0.0.1:63542 - R:localhost/127.0.0.1:11909] for POST '/session/cf5e12485aa39fa0e5a42db63387890e/url'
16:04:21.342 [AsyncHttpClient-1-7] DEBUG org.asynchttpclient.netty.handler.HttpHandler - 

Request DefaultHttpRequest(decodeResult: success, version: HTTP/1.1)
POST /session/cf5e12485aa39fa0e5a42db63387890e/url HTTP/1.1
User-Agent: selenium/4.8.1 (java windows)
Content-Length: 74
Content-Type: application/json; charset=utf-8
host: localhost:11909
accept: */*

Response DefaultHttpResponse(decodeResult: success, version: HTTP/1.1)
HTTP/1.1 200 OK
Content-Length: 14
Content-Type: application/json; charset=utf-8
cache-control: no-cache

16:04:21.342 [AsyncHttpClient-1-7] DEBUG org.asynchttpclient.netty.channel.ChannelManager - Adding key: http://localhost:11909 for channel [id: 0xc4faba1c, L:/127.0.0.1:63542 - R:localhost/127.0.0.1:11909]
16:04:21.345 [Forwarding setTimeout on session cf5e12485aa39fa0e5a42db63387890e to remote] DEBUG org.asynchttpclient.netty.request.NettyRequestSender - Using pooled Channel '[id: 0xc4faba1c, L:/127.0.0.1:63542 - R:localhost/127.0.0.1:11909]' for 'POST' to 'http://localhost:11909/session/cf5e12485aa39fa0e5a42db63387890e/timeouts'
16:04:21.345 [Forwarding setTimeout on session cf5e12485aa39fa0e5a42db63387890e to remote] DEBUG org.asynchttpclient.netty.request.NettyRequestSender - Using open Channel [id: 0xc4faba1c, L:/127.0.0.1:63542 - R:localhost/127.0.0.1:11909] for POST '/session/cf5e12485aa39fa0e5a42db63387890e/timeouts'
16:04:21.347 [AsyncHttpClient-1-7] DEBUG org.asynchttpclient.netty.handler.HttpHandler - 

Request DefaultHttpRequest(decodeResult: success, version: HTTP/1.1)
POST /session/cf5e12485aa39fa0e5a42db63387890e/timeouts HTTP/1.1
User-Agent: selenium/4.8.1 (java windows)
Content-Length: 22
Content-Type: application/json; charset=utf-8
host: localhost:11909
accept: */*

Response DefaultHttpResponse(decodeResult: success, version: HTTP/1.1)
HTTP/1.1 200 OK
Content-Length: 14
Content-Type: application/json; charset=utf-8
cache-control: no-cache

16:04:21.348 [AsyncHttpClient-1-7] DEBUG org.asynchttpclient.netty.channel.ChannelManager - Adding key: http://localhost:11909 for channel [id: 0xc4faba1c, L:/127.0.0.1:63542 - R:localhost/127.0.0.1:11909]
16:04:21.353 [Forwarding findElement on session cf5e12485aa39fa0e5a42db63387890e to remote] DEBUG org.asynchttpclient.netty.request.NettyRequestSender - Using pooled Channel '[id: 0xc4faba1c, L:/127.0.0.1:63542 - R:localhost/127.0.0.1:11909]' for 'POST' to 'http://localhost:11909/session/cf5e12485aa39fa0e5a42db63387890e/element'
16:04:21.353 [Forwarding findElement on session cf5e12485aa39fa0e5a42db63387890e to remote] DEBUG org.asynchttpclient.netty.request.NettyRequestSender - Using open Channel [id: 0xc4faba1c, L:/127.0.0.1:63542 - R:localhost/127.0.0.1:11909] for POST '/session/cf5e12485aa39fa0e5a42db63387890e/element'
16:04:21.369 [AsyncHttpClient-1-7] DEBUG org.asynchttpclient.netty.handler.HttpHandler - 

Request DefaultHttpRequest(decodeResult: success, version: HTTP/1.1)
POST /session/cf5e12485aa39fa0e5a42db63387890e/element HTTP/1.1
User-Agent: selenium/4.8.1 (java windows)
Content-Length: 69
Content-Type: application/json; charset=utf-8
host: localhost:11909
accept: */*

Response DefaultHttpResponse(decodeResult: success, version: HTTP/1.1)
HTTP/1.1 200 OK
Content-Length: 88
Content-Type: application/json; charset=utf-8
cache-control: no-cache

16:04:21.369 [AsyncHttpClient-1-7] DEBUG org.asynchttpclient.netty.channel.ChannelManager - Adding key: http://localhost:11909 for channel [id: 0xc4faba1c, L:/127.0.0.1:63542 - R:localhost/127.0.0.1:11909]
16:04:21.374 [Forwarding isElementDisplayed on session cf5e12485aa39fa0e5a42db63387890e to remote] DEBUG org.asynchttpclient.netty.request.NettyRequestSender - Using pooled Channel '[id: 0xc4faba1c, L:/127.0.0.1:63542 - R:localhost/127.0.0.1:11909]' for 'POST' to 'http://localhost:11909/session/cf5e12485aa39fa0e5a42db63387890e/execute/sync'
16:04:21.374 [Forwarding isElementDisplayed on session cf5e12485aa39fa0e5a42db63387890e to remote] DEBUG org.asynchttpclient.netty.request.NettyRequestSender - Using open Channel [id: 0xc4faba1c, L:/127.0.0.1:63542 - R:localhost/127.0.0.1:11909] for POST '/session/cf5e12485aa39fa0e5a42db63387890e/execute/sync'
16:04:21.377 [AsyncHttpClient-1-1] DEBUG org.asynchttpclient.netty.channel.DefaultChannelPool - Entry count for : http://localhost:63543 : 1
16:04:21.387 [AsyncHttpClient-1-7] DEBUG org.asynchttpclient.netty.handler.HttpHandler - 

Request DefaultHttpRequest(decodeResult: success, version: HTTP/1.1)
POST /session/cf5e12485aa39fa0e5a42db63387890e/execute/sync HTTP/1.1
User-Agent: selenium/4.8.1 (java windows)
Content-Length: 48807
Content-Type: application/json; charset=utf-8
host: localhost:11909
accept: */*

Response DefaultHttpResponse(decodeResult: success, version: HTTP/1.1)
HTTP/1.1 200 OK
Content-Length: 14
Content-Type: application/json; charset=utf-8
cache-control: no-cache

16:04:21.387 [AsyncHttpClient-1-7] DEBUG org.asynchttpclient.netty.channel.ChannelManager - Adding key: http://localhost:11909 for channel [id: 0xc4faba1c, L:/127.0.0.1:63542 - R:localhost/127.0.0.1:11909]
16:04:21.393 [Forwarding getAlertText on session cf5e12485aa39fa0e5a42db63387890e to remote] DEBUG org.asynchttpclient.netty.request.NettyRequestSender - Using pooled Channel '[id: 0xc4faba1c, L:/127.0.0.1:63542 - R:localhost/127.0.0.1:11909]' for 'GET' to 'http://localhost:11909/session/cf5e12485aa39fa0e5a42db63387890e/alert/text'
16:04:21.393 [Forwarding getAlertText on session cf5e12485aa39fa0e5a42db63387890e to remote] DEBUG org.asynchttpclient.netty.request.NettyRequestSender - Using open Channel [id: 0xc4faba1c, L:/127.0.0.1:63542 - R:localhost/127.0.0.1:11909] for GET '/session/cf5e12485aa39fa0e5a42db63387890e/alert/text'
16:04:21.395 [AsyncHttpClient-1-7] DEBUG org.asynchttpclient.netty.handler.HttpHandler - 

Request DefaultFullHttpRequest(decodeResult: success, version: HTTP/1.1, content: EmptyByteBufBE)
GET /session/cf5e12485aa39fa0e5a42db63387890e/alert/text HTTP/1.1
User-Agent: selenium/4.8.1 (java windows)
Cache-Control: no-cache
Content-Type: application/json; charset=utf-8
host: localhost:11909
accept: */*

Response DefaultHttpResponse(decodeResult: success, version: HTTP/1.1)
HTTP/1.1 404 Not Found
Content-Length: 848
Content-Type: application/json; charset=utf-8
cache-control: no-cache

16:04:21.395 [AsyncHttpClient-1-7] DEBUG org.asynchttpclient.netty.channel.ChannelManager - Adding key: http://localhost:11909 for channel [id: 0xc4faba1c, L:/127.0.0.1:63542 - R:localhost/127.0.0.1:11909]
16:04:21.396 [Forwarding getCurrentUrl on session cf5e12485aa39fa0e5a42db63387890e to remote] DEBUG org.asynchttpclient.netty.request.NettyRequestSender - Using pooled Channel '[id: 0xc4faba1c, L:/127.0.0.1:63542 - R:localhost/127.0.0.1:11909]' for 'GET' to 'http://localhost:11909/session/cf5e12485aa39fa0e5a42db63387890e/url'
16:04:21.396 [Forwarding getCurrentUrl on session cf5e12485aa39fa0e5a42db63387890e to remote] DEBUG org.asynchttpclient.netty.request.NettyRequestSender - Using open Channel [id: 0xc4faba1c, L:/127.0.0.1:63542 - R:localhost/127.0.0.1:11909] for GET '/session/cf5e12485aa39fa0e5a42db63387890e/url'
16:04:21.400 [AsyncHttpClient-1-7] DEBUG org.asynchttpclient.netty.handler.HttpHandler - 

Request DefaultFullHttpRequest(decodeResult: success, version: HTTP/1.1, content: EmptyByteBufBE)
GET /session/cf5e12485aa39fa0e5a42db63387890e/url HTTP/1.1
User-Agent: selenium/4.8.1 (java windows)
Cache-Control: no-cache
Content-Type: application/json; charset=utf-8
host: localhost:11909
accept: */*

Response DefaultHttpResponse(decodeResult: success, version: HTTP/1.1)
HTTP/1.1 200 OK
Content-Length: 51
Content-Type: application/json; charset=utf-8
cache-control: no-cache

16:04:21.400 [AsyncHttpClient-1-7] DEBUG org.asynchttpclient.netty.channel.ChannelManager - Adding key: http://localhost:11909 for channel [id: 0xc4faba1c, L:/127.0.0.1:63542 - R:localhost/127.0.0.1:11909]
16:04:21.401 [Forwarding screenshot on session cf5e12485aa39fa0e5a42db63387890e to remote] DEBUG org.asynchttpclient.netty.request.NettyRequestSender - Using pooled Channel '[id: 0xc4faba1c, L:/127.0.0.1:63542 - R:localhost/127.0.0.1:11909]' for 'GET' to 'http://localhost:11909/session/cf5e12485aa39fa0e5a42db63387890e/screenshot'
16:04:21.401 [Forwarding screenshot on session cf5e12485aa39fa0e5a42db63387890e to remote] DEBUG org.asynchttpclient.netty.request.NettyRequestSender - Using open Channel [id: 0xc4faba1c, L:/127.0.0.1:63542 - R:localhost/127.0.0.1:11909] for GET '/session/cf5e12485aa39fa0e5a42db63387890e/screenshot'
16:04:21.462 [AsyncHttpClient-1-7] DEBUG org.asynchttpclient.netty.handler.HttpHandler - 

Request DefaultFullHttpRequest(decodeResult: success, version: HTTP/1.1, content: EmptyByteBufBE)
GET /session/cf5e12485aa39fa0e5a42db63387890e/screenshot HTTP/1.1
User-Agent: selenium/4.8.1 (java windows)
Cache-Control: no-cache
Content-Type: application/json; charset=utf-8
host: localhost:11909
accept: */*

Response DefaultHttpResponse(decodeResult: success, version: HTTP/1.1)
HTTP/1.1 200 OK
Content-Length: 25060
Content-Type: application/json; charset=utf-8
cache-control: no-cache

16:04:21.463 [AsyncHttpClient-1-7] DEBUG org.asynchttpclient.netty.channel.ChannelManager - Adding key: http://localhost:11909 for channel [id: 0xc4faba1c, L:/127.0.0.1:63542 - R:localhost/127.0.0.1:11909]
16:04:21.465 [main] DEBUG net.serenitybdd.core.photography.Darkroom - Send negative for processing for target\site\serenity\1db263dd5c04c8fe15e82ee6420144d4e1e7b9826b9315cfd7ec5b5d0da76045.png
16:04:21.465 [main] DEBUG net.thucydides.core.steps.StepInterceptor - STEP DONE: user on login page
  &amp#27;[32mGiven &amp#27;[0m&amp#27;[32muser on login page&amp#27;[0m                                   &amp#27;[90m# starter.stepdefinition.LoginStep.userOnLoginPage()&amp#27;[0m
16:04:21.479 [main] DEBUG net.thucydides.core.steps.StepInterceptor - STARTING STEP: LoginStep.userInputValidEmail - user input valid email
16:04:21.482 [Forwarding findElement on session cf5e12485aa39fa0e5a42db63387890e to remote] DEBUG org.asynchttpclient.netty.request.NettyRequestSender - Using pooled Channel '[id: 0xc4faba1c, L:/127.0.0.1:63542 - R:localhost/127.0.0.1:11909]' for 'POST' to 'http://localhost:11909/session/cf5e12485aa39fa0e5a42db63387890e/element'
16:04:21.482 [Forwarding findElement on session cf5e12485aa39fa0e5a42db63387890e to remote] DEBUG org.asynchttpclient.netty.request.NettyRequestSender - Using open Channel [id: 0xc4faba1c, L:/127.0.0.1:63542 - R:localhost/127.0.0.1:11909] for POST '/session/cf5e12485aa39fa0e5a42db63387890e/element'
16:04:21.495 [AsyncHttpClient-1-7] DEBUG org.asynchttpclient.netty.handler.HttpHandler - 

Request DefaultHttpRequest(decodeResult: success, version: HTTP/1.1)
POST /session/cf5e12485aa39fa0e5a42db63387890e/element HTTP/1.1
User-Agent: selenium/4.8.1 (java windows)
Content-Length: 55
Content-Type: application/json; charset=utf-8
host: localhost:11909
accept: */*

Response DefaultHttpResponse(decodeResult: success, version: HTTP/1.1)
HTTP/1.1 200 OK
Content-Length: 88
Content-Type: application/json; charset=utf-8
cache-control: no-cache

16:04:21.495 [AsyncHttpClient-1-7] DEBUG org.asynchttpclient.netty.channel.ChannelManager - Adding key: http://localhost:11909 for channel [id: 0xc4faba1c, L:/127.0.0.1:63542 - R:localhost/127.0.0.1:11909]
16:04:21.496 [Forwarding clearElement on session cf5e12485aa39fa0e5a42db63387890e to remote] DEBUG org.asynchttpclient.netty.request.NettyRequestSender - Using pooled Channel '[id: 0xc4faba1c, L:/127.0.0.1:63542 - R:localhost/127.0.0.1:11909]' for 'POST' to 'http://localhost:11909/session/cf5e12485aa39fa0e5a42db63387890e/element/0eae8150-b4db-4542-9e52-ed4180e0f1c0/clear'
16:04:21.496 [Forwarding clearElement on session cf5e12485aa39fa0e5a42db63387890e to remote] DEBUG org.asynchttpclient.netty.request.NettyRequestSender - Using open Channel [id: 0xc4faba1c, L:/127.0.0.1:63542 - R:localhost/127.0.0.1:11909] for POST '/session/cf5e12485aa39fa0e5a42db63387890e/element/0eae8150-b4db-4542-9e52-ed4180e0f1c0/clear'
16:04:21.530 [AsyncHttpClient-1-7] DEBUG org.asynchttpclient.netty.handler.HttpHandler - 

Request DefaultHttpRequest(decodeResult: success, version: HTTP/1.1)
POST /session/cf5e12485aa39fa0e5a42db63387890e/element/0eae8150-b4db-4542-9e52-ed4180e0f1c0/clear HTTP/1.1
User-Agent: selenium/4.8.1 (java windows)
Content-Length: 50
Content-Type: application/json; charset=utf-8
host: localhost:11909
accept: */*

Response DefaultHttpResponse(decodeResult: success, version: HTTP/1.1)
HTTP/1.1 200 OK
Content-Length: 14
Content-Type: application/json; charset=utf-8
cache-control: no-cache

16:04:21.531 [AsyncHttpClient-1-7] DEBUG org.asynchttpclient.netty.channel.ChannelManager - Adding key: http://localhost:11909 for channel [id: 0xc4faba1c, L:/127.0.0.1:63542 - R:localhost/127.0.0.1:11909]
16:04:21.532 [Forwarding sendKeysToElement on session cf5e12485aa39fa0e5a42db63387890e to remote] DEBUG org.asynchttpclient.netty.request.NettyRequestSender - Using pooled Channel '[id: 0xc4faba1c, L:/127.0.0.1:63542 - R:localhost/127.0.0.1:11909]' for 'POST' to 'http://localhost:11909/session/cf5e12485aa39fa0e5a42db63387890e/element/0eae8150-b4db-4542-9e52-ed4180e0f1c0/value'
16:04:21.532 [Forwarding sendKeysToElement on session cf5e12485aa39fa0e5a42db63387890e to remote] DEBUG org.asynchttpclient.netty.request.NettyRequestSender - Using open Channel [id: 0xc4faba1c, L:/127.0.0.1:63542 - R:localhost/127.0.0.1:11909] for POST '/session/cf5e12485aa39fa0e5a42db63387890e/element/0eae8150-b4db-4542-9e52-ed4180e0f1c0/value'
16:04:21.642 [AsyncHttpClient-1-7] DEBUG org.asynchttpclient.netty.handler.HttpHandler - 

Request DefaultHttpRequest(decodeResult: success, version: HTTP/1.1)
POST /session/cf5e12485aa39fa0e5a42db63387890e/element/0eae8150-b4db-4542-9e52-ed4180e0f1c0/value HTTP/1.1
User-Agent: selenium/4.8.1 (java windows)
Content-Length: 231
Content-Type: application/json; charset=utf-8
host: localhost:11909
accept: */*

Response DefaultHttpResponse(decodeResult: success, version: HTTP/1.1)
HTTP/1.1 200 OK
Content-Length: 14
Content-Type: application/json; charset=utf-8
cache-control: no-cache

16:04:21.642 [AsyncHttpClient-1-7] DEBUG org.asynchttpclient.netty.channel.ChannelManager - Adding key: http://localhost:11909 for channel [id: 0xc4faba1c, L:/127.0.0.1:63542 - R:localhost/127.0.0.1:11909]
16:04:21.648 [Forwarding getAlertText on session cf5e12485aa39fa0e5a42db63387890e to remote] DEBUG org.asynchttpclient.netty.request.NettyRequestSender - Using pooled Channel '[id: 0xc4faba1c, L:/127.0.0.1:63542 - R:localhost/127.0.0.1:11909]' for 'GET' to 'http://localhost:11909/session/cf5e12485aa39fa0e5a42db63387890e/alert/text'
16:04:21.648 [Forwarding getAlertText on session cf5e12485aa39fa0e5a42db63387890e to remote] DEBUG org.asynchttpclient.netty.request.NettyRequestSender - Using open Channel [id: 0xc4faba1c, L:/127.0.0.1:63542 - R:localhost/127.0.0.1:11909] for GET '/session/cf5e12485aa39fa0e5a42db63387890e/alert/text'
16:04:21.649 [AsyncHttpClient-1-7] DEBUG org.asynchttpclient.netty.handler.HttpHandler - 

Request DefaultFullHttpRequest(decodeResult: success, version: HTTP/1.1, content: EmptyByteBufBE)
GET /session/cf5e12485aa39fa0e5a42db63387890e/alert/text HTTP/1.1
User-Agent: selenium/4.8.1 (java windows)
Cache-Control: no-cache
Content-Type: application/json; charset=utf-8
host: localhost:11909
accept: */*

Response DefaultHttpResponse(decodeResult: success, version: HTTP/1.1)
HTTP/1.1 404 Not Found
Content-Length: 848
Content-Type: application/json; charset=utf-8
cache-control: no-cache

16:04:21.650 [AsyncHttpClient-1-7] DEBUG org.asynchttpclient.netty.channel.ChannelManager - Adding key: http://localhost:11909 for channel [id: 0xc4faba1c, L:/127.0.0.1:63542 - R:localhost/127.0.0.1:11909]
16:04:21.651 [Forwarding getCurrentUrl on session cf5e12485aa39fa0e5a42db63387890e to remote] DEBUG org.asynchttpclient.netty.request.NettyRequestSender - Using pooled Channel '[id: 0xc4faba1c, L:/127.0.0.1:63542 - R:localhost/127.0.0.1:11909]' for 'GET' to 'http://localhost:11909/session/cf5e12485aa39fa0e5a42db63387890e/url'
16:04:21.651 [Forwarding getCurrentUrl on session cf5e12485aa39fa0e5a42db63387890e to remote] DEBUG org.asynchttpclient.netty.request.NettyRequestSender - Using open Channel [id: 0xc4faba1c, L:/127.0.0.1:63542 - R:localhost/127.0.0.1:11909] for GET '/session/cf5e12485aa39fa0e5a42db63387890e/url'
16:04:21.653 [AsyncHttpClient-1-7] DEBUG org.asynchttpclient.netty.handler.HttpHandler - 

Request DefaultFullHttpRequest(decodeResult: success, version: HTTP/1.1, content: EmptyByteBufBE)
GET /session/cf5e12485aa39fa0e5a42db63387890e/url HTTP/1.1
User-Agent: selenium/4.8.1 (java windows)
Cache-Control: no-cache
Content-Type: application/json; charset=utf-8
host: localhost:11909
accept: */*

Response DefaultHttpResponse(decodeResult: success, version: HTTP/1.1)
HTTP/1.1 200 OK
Content-Length: 51
Content-Type: application/json; charset=utf-8
cache-control: no-cache

16:04:21.653 [AsyncHttpClient-1-7] DEBUG org.asynchttpclient.netty.channel.ChannelManager - Adding key: http://localhost:11909 for channel [id: 0xc4faba1c, L:/127.0.0.1:63542 - R:localhost/127.0.0.1:11909]
16:04:21.654 [Forwarding screenshot on session cf5e12485aa39fa0e5a42db63387890e to remote] DEBUG org.asynchttpclient.netty.request.NettyRequestSender - Using pooled Channel '[id: 0xc4faba1c, L:/127.0.0.1:63542 - R:localhost/127.0.0.1:11909]' for 'GET' to 'http://localhost:11909/session/cf5e12485aa39fa0e5a42db63387890e/screenshot'
16:04:21.654 [Forwarding screenshot on session cf5e12485aa39fa0e5a42db63387890e to remote] DEBUG org.asynchttpclient.netty.request.NettyRequestSender - Using open Channel [id: 0xc4faba1c, L:/127.0.0.1:63542 - R:localhost/127.0.0.1:11909] for GET '/session/cf5e12485aa39fa0e5a42db63387890e/screenshot'
16:04:21.744 [AsyncHttpClient-1-7] DEBUG org.asynchttpclient.netty.handler.HttpHandler - 

Request DefaultFullHttpRequest(decodeResult: success, version: HTTP/1.1, content: EmptyByteBufBE)
GET /session/cf5e12485aa39fa0e5a42db63387890e/screenshot HTTP/1.1
User-Agent: selenium/4.8.1 (java windows)
Cache-Control: no-cache
Content-Type: application/json; charset=utf-8
host: localhost:11909
accept: */*

Response DefaultHttpResponse(decodeResult: success, version: HTTP/1.1)
HTTP/1.1 200 OK
Content-Length: 29272
Content-Type: application/json; charset=utf-8
cache-control: no-cache

16:04:21.744 [AsyncHttpClient-1-7] DEBUG org.asynchttpclient.netty.channel.ChannelManager - Adding key: http://localhost:11909 for channel [id: 0xc4faba1c, L:/127.0.0.1:63542 - R:localhost/127.0.0.1:11909]
16:04:21.746 [main] DEBUG net.serenitybdd.core.photography.Darkroom - Send negative for processing for target\site\serenity\cddb9a4660cd0950c6d92ee2fc28e3542e073c5fae1ab4a640d4575da41791b5.png
16:04:21.746 [main] DEBUG net.thucydides.core.steps.StepInterceptor - STEP DONE: user input valid email
  &amp#27;[32mWhen &amp#27;[0m&amp#27;[32muser input valid email&amp#27;[0m                                &amp#27;[90m# starter.stepdefinition.LoginStep.userInputValidEmail()&amp#27;[0m
16:04:21.746 [Darkroom Processing Line] DEBUG net.serenitybdd.core.photography.DarkroomProcessingLine - Processing screenshot image in /var/screenshots/screenshot-6432858371697129465
16:04:21.746 [Darkroom Processing Line] DEBUG net.serenitybdd.core.photography.DarkroomProcessingLine - Saving screenshot to target\site\serenity\cddb9a4660cd0950c6d92ee2fc28e3542e073c5fae1ab4a640d4575da41791b5.png
16:04:21.756 [main] DEBUG net.thucydides.core.steps.StepInterceptor - STARTING STEP: LoginStep.clickButtonLogin - click button login
16:04:21.760 [Forwarding findElement on session cf5e12485aa39fa0e5a42db63387890e to remote] DEBUG org.asynchttpclient.netty.request.NettyRequestSender - Using pooled Channel '[id: 0xc4faba1c, L:/127.0.0.1:63542 - R:localhost/127.0.0.1:11909]' for 'POST' to 'http://localhost:11909/session/cf5e12485aa39fa0e5a42db63387890e/element'
16:04:21.760 [Forwarding findElement on session cf5e12485aa39fa0e5a42db63387890e to remote] DEBUG org.asynchttpclient.netty.request.NettyRequestSender - Using open Channel [id: 0xc4faba1c, L:/127.0.0.1:63542 - R:localhost/127.0.0.1:11909] for POST '/session/cf5e12485aa39fa0e5a42db63387890e/element'
16:04:21.765 [AsyncHttpClient-1-7] DEBUG org.asynchttpclient.netty.handler.HttpHandler - 

Request DefaultHttpRequest(decodeResult: success, version: HTTP/1.1)
POST /session/cf5e12485aa39fa0e5a42db63387890e/element HTTP/1.1
User-Agent: selenium/4.8.1 (java windows)
Content-Length: 69
Content-Type: application/json; charset=utf-8
host: localhost:11909
accept: */*

Response DefaultHttpResponse(decodeResult: success, version: HTTP/1.1)
HTTP/1.1 200 OK
Content-Length: 88
Content-Type: application/json; charset=utf-8
cache-control: no-cache

16:04:21.765 [AsyncHttpClient-1-7] DEBUG org.asynchttpclient.netty.channel.ChannelManager - Adding key: http://localhost:11909 for channel [id: 0xc4faba1c, L:/127.0.0.1:63542 - R:localhost/127.0.0.1:11909]
16:04:21.766 [Forwarding getElementTagName on session cf5e12485aa39fa0e5a42db63387890e to remote] DEBUG org.asynchttpclient.netty.request.NettyRequestSender - Using pooled Channel '[id: 0xc4faba1c, L:/127.0.0.1:63542 - R:localhost/127.0.0.1:11909]' for 'GET' to 'http://localhost:11909/session/cf5e12485aa39fa0e5a42db63387890e/element/0d0b7500-eeb5-416d-a605-24ce432cc5ef/name'
16:04:21.766 [Forwarding getElementTagName on session cf5e12485aa39fa0e5a42db63387890e to remote] DEBUG org.asynchttpclient.netty.request.NettyRequestSender - Using open Channel [id: 0xc4faba1c, L:/127.0.0.1:63542 - R:localhost/127.0.0.1:11909] for GET '/session/cf5e12485aa39fa0e5a42db63387890e/element/0d0b7500-eeb5-416d-a605-24ce432cc5ef/name'
16:04:21.770 [AsyncHttpClient-1-7] DEBUG org.asynchttpclient.netty.handler.HttpHandler - 

Request DefaultFullHttpRequest(decodeResult: success, version: HTTP/1.1, content: EmptyByteBufBE)
GET /session/cf5e12485aa39fa0e5a42db63387890e/element/0d0b7500-eeb5-416d-a605-24ce432cc5ef/name HTTP/1.1
User-Agent: selenium/4.8.1 (java windows)
Cache-Control: no-cache
Content-Type: application/json; charset=utf-8
host: localhost:11909
accept: */*

Response DefaultHttpResponse(decodeResult: success, version: HTTP/1.1)
HTTP/1.1 200 OK
Content-Length: 16
Content-Type: application/json; charset=utf-8
cache-control: no-cache

16:04:21.770 [AsyncHttpClient-1-7] DEBUG org.asynchttpclient.netty.channel.ChannelManager - Adding key: http://localhost:11909 for channel [id: 0xc4faba1c, L:/127.0.0.1:63542 - R:localhost/127.0.0.1:11909]
16:04:21.771 [Forwarding getElementTagName on session cf5e12485aa39fa0e5a42db63387890e to remote] DEBUG org.asynchttpclient.netty.request.NettyRequestSender - Using pooled Channel '[id: 0xc4faba1c, L:/127.0.0.1:63542 - R:localhost/127.0.0.1:11909]' for 'GET' to 'http://localhost:11909/session/cf5e12485aa39fa0e5a42db63387890e/element/0d0b7500-eeb5-416d-a605-24ce432cc5ef/name'
16:04:21.771 [Forwarding getElementTagName on session cf5e12485aa39fa0e5a42db63387890e to remote] DEBUG org.asynchttpclient.netty.request.NettyRequestSender - Using open Channel [id: 0xc4faba1c, L:/127.0.0.1:63542 - R:localhost/127.0.0.1:11909] for GET '/session/cf5e12485aa39fa0e5a42db63387890e/element/0d0b7500-eeb5-416d-a605-24ce432cc5ef/name'
16:04:21.776 [AsyncHttpClient-1-7] DEBUG org.asynchttpclient.netty.handler.HttpHandler - 

Request DefaultFullHttpRequest(decodeResult: success, version: HTTP/1.1, content: EmptyByteBufBE)
GET /session/cf5e12485aa39fa0e5a42db63387890e/element/0d0b7500-eeb5-416d-a605-24ce432cc5ef/name HTTP/1.1
User-Agent: selenium/4.8.1 (java windows)
Cache-Control: no-cache
Content-Type: application/json; charset=utf-8
host: localhost:11909
accept: */*

Response DefaultHttpResponse(decodeResult: success, version: HTTP/1.1)
HTTP/1.1 200 OK
Content-Length: 16
Content-Type: application/json; charset=utf-8
cache-control: no-cache

16:04:21.776 [AsyncHttpClient-1-7] DEBUG org.asynchttpclient.netty.channel.ChannelManager - Adding key: http://localhost:11909 for channel [id: 0xc4faba1c, L:/127.0.0.1:63542 - R:localhost/127.0.0.1:11909]
16:04:21.779 [Forwarding findElement on session cf5e12485aa39fa0e5a42db63387890e to remote] DEBUG org.asynchttpclient.netty.request.NettyRequestSender - Using pooled Channel '[id: 0xc4faba1c, L:/127.0.0.1:63542 - R:localhost/127.0.0.1:11909]' for 'POST' to 'http://localhost:11909/session/cf5e12485aa39fa0e5a42db63387890e/element'
16:04:21.779 [Forwarding findElement on session cf5e12485aa39fa0e5a42db63387890e to remote] DEBUG org.asynchttpclient.netty.request.NettyRequestSender - Using open Channel [id: 0xc4faba1c, L:/127.0.0.1:63542 - R:localhost/127.0.0.1:11909] for POST '/session/cf5e12485aa39fa0e5a42db63387890e/element'
16:04:21.788 [AsyncHttpClient-1-7] DEBUG org.asynchttpclient.netty.handler.HttpHandler - 

Request DefaultHttpRequest(decodeResult: success, version: HTTP/1.1)
POST /session/cf5e12485aa39fa0e5a42db63387890e/element HTTP/1.1
User-Agent: selenium/4.8.1 (java windows)
Content-Length: 69
Content-Type: application/json; charset=utf-8
host: localhost:11909
accept: */*

Response DefaultHttpResponse(decodeResult: success, version: HTTP/1.1)
HTTP/1.1 200 OK
Content-Length: 88
Content-Type: application/json; charset=utf-8
cache-control: no-cache

16:04:21.789 [AsyncHttpClient-1-7] DEBUG org.asynchttpclient.netty.channel.ChannelManager - Adding key: http://localhost:11909 for channel [id: 0xc4faba1c, L:/127.0.0.1:63542 - R:localhost/127.0.0.1:11909]
16:04:21.792 [Forwarding clickElement on session cf5e12485aa39fa0e5a42db63387890e to remote] DEBUG org.asynchttpclient.netty.request.NettyRequestSender - Using pooled Channel '[id: 0xc4faba1c, L:/127.0.0.1:63542 - R:localhost/127.0.0.1:11909]' for 'POST' to 'http://localhost:11909/session/cf5e12485aa39fa0e5a42db63387890e/element/0d0b7500-eeb5-416d-a605-24ce432cc5ef/click'
16:04:21.792 [Forwarding clickElement on session cf5e12485aa39fa0e5a42db63387890e to remote] DEBUG org.asynchttpclient.netty.request.NettyRequestSender - Using open Channel [id: 0xc4faba1c, L:/127.0.0.1:63542 - R:localhost/127.0.0.1:11909] for POST '/session/cf5e12485aa39fa0e5a42db63387890e/element/0d0b7500-eeb5-416d-a605-24ce432cc5ef/click'
16:04:21.850 [AsyncHttpClient-1-7] DEBUG org.asynchttpclient.netty.handler.HttpHandler - 

Request DefaultHttpRequest(decodeResult: success, version: HTTP/1.1)
POST /session/cf5e12485aa39fa0e5a42db63387890e/element/0d0b7500-eeb5-416d-a605-24ce432cc5ef/click HTTP/1.1
User-Agent: selenium/4.8.1 (java windows)
Content-Length: 50
Content-Type: application/json; charset=utf-8
host: localhost:11909
accept: */*

Response DefaultHttpResponse(decodeResult: success, version: HTTP/1.1)
HTTP/1.1 200 OK
Content-Length: 14
Content-Type: application/json; charset=utf-8
cache-control: no-cache

16:04:21.851 [AsyncHttpClient-1-7] DEBUG org.asynchttpclient.netty.channel.ChannelManager - Adding key: http://localhost:11909 for channel [id: 0xc4faba1c, L:/127.0.0.1:63542 - R:localhost/127.0.0.1:11909]
16:04:21.856 [Forwarding getAlertText on session cf5e12485aa39fa0e5a42db63387890e to remote] DEBUG org.asynchttpclient.netty.request.NettyRequestSender - Using pooled Channel '[id: 0xc4faba1c, L:/127.0.0.1:63542 - R:localhost/127.0.0.1:11909]' for 'GET' to 'http://localhost:11909/session/cf5e12485aa39fa0e5a42db63387890e/alert/text'
16:04:21.856 [Forwarding getAlertText on session cf5e12485aa39fa0e5a42db63387890e to remote] DEBUG org.asynchttpclient.netty.request.NettyRequestSender - Using open Channel [id: 0xc4faba1c, L:/127.0.0.1:63542 - R:localhost/127.0.0.1:11909] for GET '/session/cf5e12485aa39fa0e5a42db63387890e/alert/text'
16:04:21.860 [AsyncHttpClient-1-7] DEBUG org.asynchttpclient.netty.handler.HttpHandler - 

Request DefaultFullHttpRequest(decodeResult: success, version: HTTP/1.1, content: EmptyByteBufBE)
GET /session/cf5e12485aa39fa0e5a42db63387890e/alert/text HTTP/1.1
User-Agent: selenium/4.8.1 (java windows)
Cache-Control: no-cache
Content-Type: application/json; charset=utf-8
host: localhost:11909
accept: */*

Response DefaultHttpResponse(decodeResult: success, version: HTTP/1.1)
HTTP/1.1 404 Not Found
Content-Length: 848
Content-Type: application/json; charset=utf-8
cache-control: no-cache

16:04:21.860 [AsyncHttpClient-1-7] DEBUG org.asynchttpclient.netty.channel.ChannelManager - Adding key: http://localhost:11909 for channel [id: 0xc4faba1c, L:/127.0.0.1:63542 - R:localhost/127.0.0.1:11909]
16:04:21.878 [Forwarding getCurrentUrl on session cf5e12485aa39fa0e5a42db63387890e to remote] DEBUG org.asynchttpclient.netty.request.NettyRequestSender - Using pooled Channel '[id: 0xc4faba1c, L:/127.0.0.1:63542 - R:localhost/127.0.0.1:11909]' for 'GET' to 'http://localhost:11909/session/cf5e12485aa39fa0e5a42db63387890e/url'
16:04:21.879 [Forwarding getCurrentUrl on session cf5e12485aa39fa0e5a42db63387890e to remote] DEBUG org.asynchttpclient.netty.request.NettyRequestSender - Using open Channel [id: 0xc4faba1c, L:/127.0.0.1:63542 - R:localhost/127.0.0.1:11909] for GET '/session/cf5e12485aa39fa0e5a42db63387890e/url'
16:04:21.882 [AsyncHttpClient-1-7] DEBUG org.asynchttpclient.netty.handler.HttpHandler - 

Request DefaultFullHttpRequest(decodeResult: success, version: HTTP/1.1, content: EmptyByteBufBE)
GET /session/cf5e12485aa39fa0e5a42db63387890e/url HTTP/1.1
User-Agent: selenium/4.8.1 (java windows)
Cache-Control: no-cache
Content-Type: application/json; charset=utf-8
host: localhost:11909
accept: */*

Response DefaultHttpResponse(decodeResult: success, version: HTTP/1.1)
HTTP/1.1 200 OK
Content-Length: 51
Content-Type: application/json; charset=utf-8
cache-control: no-cache

16:04:21.882 [AsyncHttpClient-1-7] DEBUG org.asynchttpclient.netty.channel.ChannelManager - Adding key: http://localhost:11909 for channel [id: 0xc4faba1c, L:/127.0.0.1:63542 - R:localhost/127.0.0.1:11909]
16:04:21.883 [Forwarding screenshot on session cf5e12485aa39fa0e5a42db63387890e to remote] DEBUG org.asynchttpclient.netty.request.NettyRequestSender - Using pooled Channel '[id: 0xc4faba1c, L:/127.0.0.1:63542 - R:localhost/127.0.0.1:11909]' for 'GET' to 'http://localhost:11909/session/cf5e12485aa39fa0e5a42db63387890e/screenshot'
16:04:21.883 [Forwarding screenshot on session cf5e12485aa39fa0e5a42db63387890e to remote] DEBUG org.asynchttpclient.netty.request.NettyRequestSender - Using open Channel [id: 0xc4faba1c, L:/127.0.0.1:63542 - R:localhost/127.0.0.1:11909] for GET '/session/cf5e12485aa39fa0e5a42db63387890e/screenshot'
16:04:21.979 [AsyncHttpClient-1-7] DEBUG org.asynchttpclient.netty.handler.HttpHandler - 

Request DefaultFullHttpRequest(decodeResult: success, version: HTTP/1.1, content: EmptyByteBufBE)
GET /session/cf5e12485aa39fa0e5a42db63387890e/screenshot HTTP/1.1
User-Agent: selenium/4.8.1 (java windows)
Cache-Control: no-cache
Content-Type: application/json; charset=utf-8
host: localhost:11909
accept: */*

Response DefaultHttpResponse(decodeResult: success, version: HTTP/1.1)
HTTP/1.1 200 OK
Content-Length: 29256
Content-Type: application/json; charset=utf-8
cache-control: no-cache

16:04:21.979 [AsyncHttpClient-1-7] DEBUG org.asynchttpclient.netty.channel.ChannelManager - Adding key: http://localhost:11909 for channel [id: 0xc4faba1c, L:/127.0.0.1:63542 - R:localhost/127.0.0.1:11909]
16:04:21.981 [main] DEBUG net.serenitybdd.core.photography.Darkroom - Send negative for processing for target\site\serenity\c3c8ac73bb713e879488f15f9a4861b3fd76401951b3a7a90d59bd5ff02a0dea.png
16:04:21.981 [main] DEBUG net.thucydides.core.steps.StepInterceptor - STEP DONE: click button login
  &amp#27;[32mAnd &amp#27;[0m&amp#27;[32mclick button login&amp#27;[0m                                     &amp#27;[90m# starter.stepdefinition.LoginStep.clickButtonLogin()&amp#27;[0m
16:04:21.981 [Darkroom Processing Line] DEBUG net.serenitybdd.core.photography.DarkroomProcessingLine - Processing screenshot image in /var/screenshots/screenshot-1756096879221496198
16:04:21.981 [Darkroom Processing Line] DEBUG net.serenitybdd.core.photography.DarkroomProcessingLine - Saving screenshot to target\site\serenity\c3c8ac73bb713e879488f15f9a4861b3fd76401951b3a7a90d59bd5ff02a0dea.png
16:04:21.990 [main] DEBUG net.thucydides.core.steps.StepInterceptor - STARTING STEP: LoginStep.userSeeErrorMessage - user see error message
16:04:21.992 [Forwarding findElement on session cf5e12485aa39fa0e5a42db63387890e to remote] DEBUG org.asynchttpclient.netty.request.NettyRequestSender - Using pooled Channel '[id: 0xc4faba1c, L:/127.0.0.1:63542 - R:localhost/127.0.0.1:11909]' for 'POST' to 'http://localhost:11909/session/cf5e12485aa39fa0e5a42db63387890e/element'
16:04:21.992 [Forwarding findElement on session cf5e12485aa39fa0e5a42db63387890e to remote] DEBUG org.asynchttpclient.netty.request.NettyRequestSender - Using open Channel [id: 0xc4faba1c, L:/127.0.0.1:63542 - R:localhost/127.0.0.1:11909] for POST '/session/cf5e12485aa39fa0e5a42db63387890e/element'
16:04:22.132 [AsyncHttpClient-1-7] DEBUG org.asynchttpclient.netty.handler.HttpHandler - 

Request DefaultHttpRequest(decodeResult: success, version: HTTP/1.1)
POST /session/cf5e12485aa39fa0e5a42db63387890e/element HTTP/1.1
User-Agent: selenium/4.8.1 (java windows)
Content-Length: 79
Content-Type: application/json; charset=utf-8
host: localhost:11909
accept: */*

Response DefaultHttpResponse(decodeResult: success, version: HTTP/1.1)
HTTP/1.1 200 OK
Content-Length: 88
Content-Type: application/json; charset=utf-8
cache-control: no-cache

16:04:22.132 [AsyncHttpClient-1-7] DEBUG org.asynchttpclient.netty.channel.ChannelManager - Adding key: http://localhost:11909 for channel [id: 0xc4faba1c, L:/127.0.0.1:63542 - R:localhost/127.0.0.1:11909]
16:04:22.134 [Forwarding isElementDisplayed on session cf5e12485aa39fa0e5a42db63387890e to remote] DEBUG org.asynchttpclient.netty.request.NettyRequestSender - Using pooled Channel '[id: 0xc4faba1c, L:/127.0.0.1:63542 - R:localhost/127.0.0.1:11909]' for 'POST' to 'http://localhost:11909/session/cf5e12485aa39fa0e5a42db63387890e/execute/sync'
16:04:22.134 [Forwarding isElementDisplayed on session cf5e12485aa39fa0e5a42db63387890e to remote] DEBUG org.asynchttpclient.netty.request.NettyRequestSender - Using open Channel [id: 0xc4faba1c, L:/127.0.0.1:63542 - R:localhost/127.0.0.1:11909] for POST '/session/cf5e12485aa39fa0e5a42db63387890e/execute/sync'
16:04:22.149 [AsyncHttpClient-1-7] DEBUG org.asynchttpclient.netty.handler.HttpHandler - 

Request DefaultHttpRequest(decodeResult: success, version: HTTP/1.1)
POST /session/cf5e12485aa39fa0e5a42db63387890e/execute/sync HTTP/1.1
User-Agent: selenium/4.8.1 (java windows)
Content-Length: 48807
Content-Type: application/json; charset=utf-8
host: localhost:11909
accept: */*

Response DefaultHttpResponse(decodeResult: success, version: HTTP/1.1)
HTTP/1.1 200 OK
Content-Length: 14
Content-Type: application/json; charset=utf-8
cache-control: no-cache

16:04:22.150 [AsyncHttpClient-1-7] DEBUG org.asynchttpclient.netty.channel.ChannelManager - Adding key: http://localhost:11909 for channel [id: 0xc4faba1c, L:/127.0.0.1:63542 - R:localhost/127.0.0.1:11909]
16:04:22.153 [Forwarding getAlertText on session cf5e12485aa39fa0e5a42db63387890e to remote] DEBUG org.asynchttpclient.netty.request.NettyRequestSender - Using pooled Channel '[id: 0xc4faba1c, L:/127.0.0.1:63542 - R:localhost/127.0.0.1:11909]' for 'GET' to 'http://localhost:11909/session/cf5e12485aa39fa0e5a42db63387890e/alert/text'
16:04:22.153 [Forwarding getAlertText on session cf5e12485aa39fa0e5a42db63387890e to remote] DEBUG org.asynchttpclient.netty.request.NettyRequestSender - Using open Channel [id: 0xc4faba1c, L:/127.0.0.1:63542 - R:localhost/127.0.0.1:11909] for GET '/session/cf5e12485aa39fa0e5a42db63387890e/alert/text'
16:04:22.154 [AsyncHttpClient-1-7] DEBUG org.asynchttpclient.netty.handler.HttpHandler - 

Request DefaultFullHttpRequest(decodeResult: success, version: HTTP/1.1, content: EmptyByteBufBE)
GET /session/cf5e12485aa39fa0e5a42db63387890e/alert/text HTTP/1.1
User-Agent: selenium/4.8.1 (java windows)
Cache-Control: no-cache
Content-Type: application/json; charset=utf-8
host: localhost:11909
accept: */*

Response DefaultHttpResponse(decodeResult: success, version: HTTP/1.1)
HTTP/1.1 404 Not Found
Content-Length: 848
Content-Type: application/json; charset=utf-8
cache-control: no-cache

16:04:22.154 [AsyncHttpClient-1-7] DEBUG org.asynchttpclient.netty.channel.ChannelManager - Adding key: http://localhost:11909 for channel [id: 0xc4faba1c, L:/127.0.0.1:63542 - R:localhost/127.0.0.1:11909]
16:04:22.156 [Forwarding getCurrentUrl on session cf5e12485aa39fa0e5a42db63387890e to remote] DEBUG org.asynchttpclient.netty.request.NettyRequestSender - Using pooled Channel '[id: 0xc4faba1c, L:/127.0.0.1:63542 - R:localhost/127.0.0.1:11909]' for 'GET' to 'http://localhost:11909/session/cf5e12485aa39fa0e5a42db63387890e/url'
16:04:22.156 [Forwarding getCurrentUrl on session cf5e12485aa39fa0e5a42db63387890e to remote] DEBUG org.asynchttpclient.netty.request.NettyRequestSender - Using open Channel [id: 0xc4faba1c, L:/127.0.0.1:63542 - R:localhost/127.0.0.1:11909] for GET '/session/cf5e12485aa39fa0e5a42db63387890e/url'
16:04:22.161 [AsyncHttpClient-1-7] DEBUG org.asynchttpclient.netty.handler.HttpHandler - 

Request DefaultFullHttpRequest(decodeResult: success, version: HTTP/1.1, content: EmptyByteBufBE)
GET /session/cf5e12485aa39fa0e5a42db63387890e/url HTTP/1.1
User-Agent: selenium/4.8.1 (java windows)
Cache-Control: no-cache
Content-Type: application/json; charset=utf-8
host: localhost:11909
accept: */*

Response DefaultHttpResponse(decodeResult: success, version: HTTP/1.1)
HTTP/1.1 200 OK
Content-Length: 51
Content-Type: application/json; charset=utf-8
cache-control: no-cache

16:04:22.161 [AsyncHttpClient-1-7] DEBUG org.asynchttpclient.netty.channel.ChannelManager - Adding key: http://localhost:11909 for channel [id: 0xc4faba1c, L:/127.0.0.1:63542 - R:localhost/127.0.0.1:11909]
16:04:22.161 [Forwarding screenshot on session cf5e12485aa39fa0e5a42db63387890e to remote] DEBUG org.asynchttpclient.netty.request.NettyRequestSender - Using pooled Channel '[id: 0xc4faba1c, L:/127.0.0.1:63542 - R:localhost/127.0.0.1:11909]' for 'GET' to 'http://localhost:11909/session/cf5e12485aa39fa0e5a42db63387890e/screenshot'
16:04:22.161 [Forwarding screenshot on session cf5e12485aa39fa0e5a42db63387890e to remote] DEBUG org.asynchttpclient.netty.request.NettyRequestSender - Using open Channel [id: 0xc4faba1c, L:/127.0.0.1:63542 - R:localhost/127.0.0.1:11909] for GET '/session/cf5e12485aa39fa0e5a42db63387890e/screenshot'
16:04:22.264 [AsyncHttpClient-1-7] DEBUG org.asynchttpclient.netty.handler.HttpHandler - 

Request DefaultFullHttpRequest(decodeResult: success, version: HTTP/1.1, content: EmptyByteBufBE)
GET /session/cf5e12485aa39fa0e5a42db63387890e/screenshot HTTP/1.1
User-Agent: selenium/4.8.1 (java windows)
Cache-Control: no-cache
Content-Type: application/json; charset=utf-8
host: localhost:11909
accept: */*

Response DefaultHttpResponse(decodeResult: success, version: HTTP/1.1)
HTTP/1.1 200 OK
Content-Length: 33988
Content-Type: application/json; charset=utf-8
cache-control: no-cache

16:04:22.264 [AsyncHttpClient-1-7] DEBUG org.asynchttpclient.netty.channel.ChannelManager - Adding key: http://localhost:11909 for channel [id: 0xc4faba1c, L:/127.0.0.1:63542 - R:localhost/127.0.0.1:11909]
16:04:22.266 [main] DEBUG net.serenitybdd.core.photography.Darkroom - Send negative for processing for target\site\serenity\2fa056d26809b37b0e4c2d50f42ba399fdeaec41056cf3450015aa0e10ee9c98.png
16:04:22.266 [main] DEBUG net.thucydides.core.steps.StepInterceptor - STEP DONE: user see error message
16:04:22.266 [Darkroom Processing Line] DEBUG net.serenitybdd.core.photography.DarkroomProcessingLine - Processing screenshot image in /var/screenshots/screenshot-886502042709400793
  &amp#27;[32mThen &amp#27;[0m&amp#27;[32muser see error message &amp#27;[0m&amp#27;[32m&amp#27;[1m"record not found"&amp#27;[0m             &amp#27;[90m# starter.stepdefinition.LoginStep.userSeeErrorMessage(java.lang.String)&amp#27;[0m
16:04:22.266 [Darkroom Processing Line] DEBUG net.serenitybdd.core.photography.DarkroomProcessingLine - Saving screenshot to target\site\serenity\2fa056d26809b37b0e4c2d50f42ba399fdeaec41056cf3450015aa0e10ee9c98.png
16:04:22.272 [main] INFO  - 
  _____   ___   ___   _____     ___     _     ___   ___   ___   ___  
 |_   _| | __| / __| |_   _|   | _ \   /_\   / __| / __| | __| |   \ 
   | |   | _|  \__ \   | |     |  _/  / _ \  \__ \ \__ \ | _|  | |) |
   |_|   |___| |___/   |_|     |_|   /_/ \_\ |___/ |___/ |___| |___/ 

As a user, I login without input email or password
----------------------------------------------------------------------
16:04:22.274 [AsyncHttpClient-1-9] DEBUG org.asynchttpclient.netty.handler.WebSocketHandler - Channel Closed: [id: 0x14fbdbf4, L:/127.0.0.1:63549 ! R:localhost/127.0.0.1:63543] with attribute NettyResponseFuture{currentRetry=0,
	isDone=1,
	isCancelled=0,
	asyncHandler=org.asynchttpclient.ws.WebSocketUpgradeHandler@51cc6089,
	nettyRequest=org.asynchttpclient.netty.request.NettyRequest@19bfbab2,
	future=java.util.concurrent.CompletableFuture@6e34e43b[Completed normally],
	uri=ws://localhost:63543/devtools/browser/08062d93-e75d-4e26-af00-806361b6305a,
	keepAlive=true,
	redirectCount=0,
	timeoutsHolder=null,
	inAuth=0,
	touch=1683104660333}
16:04:22.274 [AsyncHttpClient-1-9] DEBUG org.asynchttpclient.netty.channel.ChannelManager - Closing Channel [id: 0x14fbdbf4, L:/127.0.0.1:63549 ! R:localhost/127.0.0.1:63543] 
16:04:22.275 [Driver Command Executor] DEBUG org.asynchttpclient.netty.request.NettyRequestSender - Using pooled Channel '[id: 0xc4faba1c, L:/127.0.0.1:63542 - R:localhost/127.0.0.1:11909]' for 'DELETE' to 'http://localhost:11909/session/cf5e12485aa39fa0e5a42db63387890e'
16:04:22.275 [Driver Command Executor] DEBUG org.asynchttpclient.netty.request.NettyRequestSender - Using open Channel [id: 0xc4faba1c, L:/127.0.0.1:63542 - R:localhost/127.0.0.1:11909] for DELETE '/session/cf5e12485aa39fa0e5a42db63387890e'
16:04:22.387 [AsyncHttpClient-1-8] DEBUG org.asynchttpclient.netty.handler.HttpHandler - Unexpected I/O exception on channel [id: 0x3c899cf5, L:/127.0.0.1:63548 - R:localhost/127.0.0.1:63543]
java.io.IOException: An existing connection was forcibly closed by the remote host
	at sun.nio.ch.SocketDispatcher.read0(Native Method)
	at sun.nio.ch.SocketDispatcher.read(SocketDispatcher.java:43)
	at sun.nio.ch.IOUtil.readIntoNativeBuffer(IOUtil.java:223)
	at sun.nio.ch.IOUtil.read(IOUtil.java:192)
	at sun.nio.ch.SocketChannelImpl.read(SocketChannelImpl.java:378)
	at io.netty.buffer.PooledByteBuf.setBytes(PooledByteBuf.java:259)
	at io.netty.buffer.AbstractByteBuf.writeBytes(AbstractByteBuf.java:1132)
	at io.netty.channel.socket.nio.NioSocketChannel.doReadBytes(NioSocketChannel.java:357)
	at io.netty.channel.nio.AbstractNioByteChannel$NioByteUnsafe.read(AbstractNioByteChannel.java:151)
	at io.netty.channel.nio.NioEventLoop.processSelectedKey(NioEventLoop.java:788)
	at io.netty.channel.nio.NioEventLoop.processSelectedKeysOptimized(NioEventLoop.java:724)
	at io.netty.channel.nio.NioEventLoop.processSelectedKeys(NioEventLoop.java:650)
	at io.netty.channel.nio.NioEventLoop.run(NioEventLoop.java:562)
	at io.netty.util.concurrent.SingleThreadEventExecutor$4.run(SingleThreadEventExecutor.java:997)
	at io.netty.util.internal.ThreadExecutorMap$2.run(ThreadExecutorMap.java:74)
	at io.netty.util.concurrent.FastThreadLocalRunnable.run(FastThreadLocalRunnable.java:30)
	at java.lang.Thread.run(Thread.java:748)
16:04:22.388 [AsyncHttpClient-1-8] DEBUG org.asynchttpclient.netty.channel.ChannelManager - Closing Channel [id: 0x3c899cf5, L:/127.0.0.1:63548 - R:localhost/127.0.0.1:63543] 
16:04:22.388 [AsyncHttpClient-1-8] DEBUG org.asynchttpclient.netty.handler.HttpHandler - Channel Closed: [id: 0x3c899cf5, L:/127.0.0.1:63548 ! R:localhost/127.0.0.1:63543] with attribute DISCARD
16:04:22.408 [AsyncHttpClient-1-7] DEBUG org.asynchttpclient.netty.handler.HttpHandler - 

Request DefaultFullHttpRequest(decodeResult: success, version: HTTP/1.1, content: EmptyByteBufBE)
DELETE /session/cf5e12485aa39fa0e5a42db63387890e HTTP/1.1
User-Agent: selenium/4.8.1 (java windows)
Content-Type: application/json; charset=utf-8
host: localhost:11909
accept: */*

Response DefaultHttpResponse(decodeResult: success, version: HTTP/1.1)
HTTP/1.1 200 OK
Content-Length: 14
Content-Type: application/json; charset=utf-8
cache-control: no-cache

16:04:22.408 [AsyncHttpClient-1-7] DEBUG org.asynchttpclient.netty.channel.ChannelManager - Adding key: http://localhost:11909 for channel [id: 0xc4faba1c, L:/127.0.0.1:63542 - R:localhost/127.0.0.1:11909]
16:04:22.475 [AsyncHttpClient-1-7] DEBUG org.asynchttpclient.netty.handler.HttpHandler - Channel Closed: [id: 0xc4faba1c, L:/127.0.0.1:63542 ! R:localhost/127.0.0.1:11909] with attribute DISCARD
16:04:22.478 [AsyncHttpClient-1-1] DEBUG org.asynchttpclient.netty.channel.DefaultChannelPool - Entry count for : http://localhost:63543 : 1
16:04:22.478 [AsyncHttpClient-1-1] DEBUG org.asynchttpclient.netty.channel.DefaultChannelPool - Entry count for : http://localhost:11909 : 1
16:04:22.478 [AsyncHttpClient-1-1] DEBUG org.asynchttpclient.netty.channel.DefaultChannelPool - Adding Candidate expired Channel [id: 0x3c899cf5, L:/127.0.0.1:63548 ! R:localhost/127.0.0.1:63543] isIdleTimeoutExpired=false isRemotelyClosed=true isTtlExpired=false
16:04:22.478 [AsyncHttpClient-1-1] DEBUG org.asynchttpclient.netty.channel.DefaultChannelPool - Closing Idle Channel [id: 0x3c899cf5, L:/127.0.0.1:63548 ! R:localhost/127.0.0.1:63543]
16:04:22.478 [AsyncHttpClient-1-1] DEBUG org.asynchttpclient.netty.channel.DefaultChannelPool - Adding Candidate expired Channel [id: 0xc4faba1c, L:/127.0.0.1:63542 ! R:localhost/127.0.0.1:11909] isIdleTimeoutExpired=false isRemotelyClosed=true isTtlExpired=false
16:04:22.478 [AsyncHttpClient-1-1] DEBUG org.asynchttpclient.netty.channel.DefaultChannelPool - Closing Idle Channel [id: 0xc4faba1c, L:/127.0.0.1:63542 ! R:localhost/127.0.0.1:11909]
16:04:22.478 [AsyncHttpClient-1-1] DEBUG org.asynchttpclient.netty.channel.DefaultChannelPool - Closed 2 connections out of 2 in 0 ms
]]></system-out>
    <system-err><![CDATA[Starting ChromeDriver 112.0.5615.49 (bd2a7bcb881c11e8cfe3078709382934e3916914-refs/branch-heads/5615@{#936}) on port 11909
Only local connections are allowed.
Please see https://chromedriver.chromium.org/security-considerations for suggestions on keeping ChromeDriver safe.
ChromeDriver was started successfully.
May 03, 2023 4:04:20 PM org.openqa.selenium.devtools.CdpVersionFinder findNearestMatch
WARNING: Unable to find an exact match for CDP version 112, so returning the closest version found: 110
]]></system-err>
  </testcase>
  <testcase name="As a user, I login with invalid email and password" classname="Login - As a user I want to buy some product So that I have to login" time="4.702">
    <system-out><![CDATA[
@TC_Login_005
Scenario: As a user, I login with invalid email and password &amp#27;[90m# src/test/resources/features/Login.feature:35&amp#27;[0m
16:04:22.994 [main] DEBUG io.cucumber.core.plugin.SerenityReporter - Running feature from file:///C:/Users/user/Downloads/QE_Devi-Agustin-Utari/Mini%20Project/Source_Mini_Project/Web_Automation_AltaShop/src/test/resources/features/Login.feature
16:04:22.997 [main] INFO  - 
  _____   ___   ___   _____     ___   _____     _     ___   _____   ___   ___  
 |_   _| | __| / __| |_   _|   / __| |_   _|   /_\   | _ \ |_   _| | __| |   \ 
   | |   | _|  \__ \   | |     \__ \   | |    / _ \  |   /   | |   | _|  | |) |
   |_|   |___| |___/   |_|     |___/   |_|   /_/ \_\ |_|_\   |_|   |___| |___/ 

As a user, I login with invalid email and password(login---as-a-user-i-want-to-buy-some-product-so-that-i-have-to-login;as-a-user--i-login-with-invalid-email-and-password)
--------------------------------------------------------------------------------
16:04:23.018 [main] DEBUG net.thucydides.core.steps.StepInterceptor - STARTING STEP: LoginStep.userOnLoginPage - user on login page
16:04:23.079 [main] INFO net.serenitybdd.core.webdriver.driverproviders.ChromeDriverProvider - Starting Chrome driver instance with capabilities:
16:04:23.079 [main] INFO net.serenitybdd.core.webdriver.driverproviders.ChromeDriverProvider - Capabilities {acceptInsecureCerts: true, browserName: chrome, goog:chromeOptions: {args: [remote-allow-origins=*, test-type, no-sandbox, ignore-certificate-errors, start-maximized, incognito, disable-infobars, disable-gpu, disable-default-apps, disable-popup-blocking, remote-allow-origins=*, test-type, no-sandbox, ignore-certificate-errors, start-maximized, incognito, disable-infobars, disable-gpu, disable-default-apps, disable-popup-blocking, remote-allow-origins=*], extensions: []}}
16:04:23.151 [AsyncHttpClient-1-2] DEBUG org.asynchttpclient.netty.channel.NettyConnectListener - Using new Channel '[id: 0x8c143964, L:/127.0.0.1:63565 - R:localhost/127.0.0.1:30204]' for 'POST' to '/session'
16:04:24.462 [AsyncHttpClient-1-2] DEBUG org.asynchttpclient.netty.handler.HttpHandler - 

Request DefaultHttpRequest(decodeResult: success, version: HTTP/1.1)
POST /session HTTP/1.1
User-Agent: selenium/4.8.1 (java windows)
Content-Length: 1701
Content-Type: application/json; charset=utf-8
host: localhost:30204
accept: */*

Response DefaultHttpResponse(decodeResult: success, version: HTTP/1.1)
HTTP/1.1 200 OK
Content-Length: 844
Content-Type: application/json; charset=utf-8
cache-control: no-cache

16:04:24.462 [AsyncHttpClient-1-2] DEBUG org.asynchttpclient.netty.channel.ChannelManager - Adding key: http://localhost:30204 for channel [id: 0x8c143964, L:/127.0.0.1:63565 - R:localhost/127.0.0.1:30204]
16:04:24.467 [AsyncHttpClient-1-3] DEBUG org.asynchttpclient.netty.channel.NettyConnectListener - Using new Channel '[id: 0x73cef7c1, L:/127.0.0.1:63571 - R:localhost/127.0.0.1:63566]' for 'GET' to '/json/version'
16:04:24.468 [AsyncHttpClient-1-3] DEBUG org.asynchttpclient.netty.handler.HttpHandler - 

Request DefaultFullHttpRequest(decodeResult: success, version: HTTP/1.1, content: EmptyByteBufBE)
GET /json/version HTTP/1.1
User-Agent: selenium/4.8.1 (java windows)
host: localhost:63566
accept: */*

Response DefaultHttpResponse(decodeResult: success, version: HTTP/1.1)
HTTP/1.1 200 OK
Content-Security-Policy: frame-ancestors 'none'
Content-Length: 424
Content-Type: application/json; charset=UTF-8

16:04:24.468 [AsyncHttpClient-1-3] DEBUG org.asynchttpclient.netty.channel.ChannelManager - Adding key: http://localhost:63566 for channel [id: 0x73cef7c1, L:/127.0.0.1:63571 - R:localhost/127.0.0.1:63566]
16:04:24.471 [AsyncHttpClient-1-4] DEBUG org.asynchttpclient.netty.channel.NettyConnectListener - Using new Channel '[id: 0xd09b5f1b, L:/127.0.0.1:63572 - R:localhost/127.0.0.1:63566]' for 'GET' to '/devtools/browser/322e14f7-cde6-43f6-9cdc-e49ad3923222'
16:04:24.472 [AsyncHttpClient-1-4] DEBUG org.asynchttpclient.netty.handler.WebSocketHandler - 

Request DefaultFullHttpRequest(decodeResult: success, version: HTTP/1.1, content: EmptyByteBufBE)
GET /devtools/browser/322e14f7-cde6-43f6-9cdc-e49ad3923222 HTTP/1.1
upgrade: websocket
connection: upgrade
sec-websocket-key: cah0tU1x4AFLMPfzDe85SA==
sec-websocket-version: 13
origin: http://localhost:63566
host: localhost:63566
accept: */*
user-agent: AHC/2.1

Response DefaultHttpResponse(decodeResult: success, version: HTTP/1.1)
HTTP/1.1 101 WebSocket Protocol Handshake
Upgrade: WebSocket
Connection: Upgrade
Sec-WebSocket-Accept: LNvJl5Xh3IpLWegyqFKFdQqYbvc=

16:04:24.476 [Forwarding get on session 25d890da2614815eb1e8097956c950e4 to remote] DEBUG org.asynchttpclient.netty.request.NettyRequestSender - Using pooled Channel '[id: 0x8c143964, L:/127.0.0.1:63565 - R:localhost/127.0.0.1:30204]' for 'POST' to 'http://localhost:30204/session/25d890da2614815eb1e8097956c950e4/url'
16:04:24.476 [Forwarding get on session 25d890da2614815eb1e8097956c950e4 to remote] DEBUG org.asynchttpclient.netty.request.NettyRequestSender - Using open Channel [id: 0x8c143964, L:/127.0.0.1:63565 - R:localhost/127.0.0.1:30204] for POST '/session/25d890da2614815eb1e8097956c950e4/url'
16:04:24.681 [AsyncHttpClient-1-1] DEBUG org.asynchttpclient.netty.channel.DefaultChannelPool - Entry count for : http://localhost:63566 : 1
16:04:25.777 [AsyncHttpClient-1-1] DEBUG org.asynchttpclient.netty.channel.DefaultChannelPool - Entry count for : http://localhost:63566 : 1
16:04:25.797 [AsyncHttpClient-1-2] DEBUG org.asynchttpclient.netty.handler.HttpHandler - 

Request DefaultHttpRequest(decodeResult: success, version: HTTP/1.1)
POST /session/25d890da2614815eb1e8097956c950e4/url HTTP/1.1
User-Agent: selenium/4.8.1 (java windows)
Content-Length: 74
Content-Type: application/json; charset=utf-8
host: localhost:30204
accept: */*

Response DefaultHttpResponse(decodeResult: success, version: HTTP/1.1)
HTTP/1.1 200 OK
Content-Length: 14
Content-Type: application/json; charset=utf-8
cache-control: no-cache

16:04:25.798 [AsyncHttpClient-1-2] DEBUG org.asynchttpclient.netty.channel.ChannelManager - Adding key: http://localhost:30204 for channel [id: 0x8c143964, L:/127.0.0.1:63565 - R:localhost/127.0.0.1:30204]
16:04:25.799 [Forwarding setTimeout on session 25d890da2614815eb1e8097956c950e4 to remote] DEBUG org.asynchttpclient.netty.request.NettyRequestSender - Using pooled Channel '[id: 0x8c143964, L:/127.0.0.1:63565 - R:localhost/127.0.0.1:30204]' for 'POST' to 'http://localhost:30204/session/25d890da2614815eb1e8097956c950e4/timeouts'
16:04:25.799 [Forwarding setTimeout on session 25d890da2614815eb1e8097956c950e4 to remote] DEBUG org.asynchttpclient.netty.request.NettyRequestSender - Using open Channel [id: 0x8c143964, L:/127.0.0.1:63565 - R:localhost/127.0.0.1:30204] for POST '/session/25d890da2614815eb1e8097956c950e4/timeouts'
16:04:25.800 [AsyncHttpClient-1-2] DEBUG org.asynchttpclient.netty.handler.HttpHandler - 

Request DefaultHttpRequest(decodeResult: success, version: HTTP/1.1)
POST /session/25d890da2614815eb1e8097956c950e4/timeouts HTTP/1.1
User-Agent: selenium/4.8.1 (java windows)
Content-Length: 22
Content-Type: application/json; charset=utf-8
host: localhost:30204
accept: */*

Response DefaultHttpResponse(decodeResult: success, version: HTTP/1.1)
HTTP/1.1 200 OK
Content-Length: 14
Content-Type: application/json; charset=utf-8
cache-control: no-cache

16:04:25.800 [AsyncHttpClient-1-2] DEBUG org.asynchttpclient.netty.channel.ChannelManager - Adding key: http://localhost:30204 for channel [id: 0x8c143964, L:/127.0.0.1:63565 - R:localhost/127.0.0.1:30204]
16:04:25.807 [Forwarding findElement on session 25d890da2614815eb1e8097956c950e4 to remote] DEBUG org.asynchttpclient.netty.request.NettyRequestSender - Using pooled Channel '[id: 0x8c143964, L:/127.0.0.1:63565 - R:localhost/127.0.0.1:30204]' for 'POST' to 'http://localhost:30204/session/25d890da2614815eb1e8097956c950e4/element'
16:04:25.807 [Forwarding findElement on session 25d890da2614815eb1e8097956c950e4 to remote] DEBUG org.asynchttpclient.netty.request.NettyRequestSender - Using open Channel [id: 0x8c143964, L:/127.0.0.1:63565 - R:localhost/127.0.0.1:30204] for POST '/session/25d890da2614815eb1e8097956c950e4/element'
16:04:25.819 [AsyncHttpClient-1-2] DEBUG org.asynchttpclient.netty.handler.HttpHandler - 

Request DefaultHttpRequest(decodeResult: success, version: HTTP/1.1)
POST /session/25d890da2614815eb1e8097956c950e4/element HTTP/1.1
User-Agent: selenium/4.8.1 (java windows)
Content-Length: 69
Content-Type: application/json; charset=utf-8
host: localhost:30204
accept: */*

Response DefaultHttpResponse(decodeResult: success, version: HTTP/1.1)
HTTP/1.1 200 OK
Content-Length: 88
Content-Type: application/json; charset=utf-8
cache-control: no-cache

16:04:25.819 [AsyncHttpClient-1-2] DEBUG org.asynchttpclient.netty.channel.ChannelManager - Adding key: http://localhost:30204 for channel [id: 0x8c143964, L:/127.0.0.1:63565 - R:localhost/127.0.0.1:30204]
16:04:25.824 [Forwarding isElementDisplayed on session 25d890da2614815eb1e8097956c950e4 to remote] DEBUG org.asynchttpclient.netty.request.NettyRequestSender - Using pooled Channel '[id: 0x8c143964, L:/127.0.0.1:63565 - R:localhost/127.0.0.1:30204]' for 'POST' to 'http://localhost:30204/session/25d890da2614815eb1e8097956c950e4/execute/sync'
16:04:25.824 [Forwarding isElementDisplayed on session 25d890da2614815eb1e8097956c950e4 to remote] DEBUG org.asynchttpclient.netty.request.NettyRequestSender - Using open Channel [id: 0x8c143964, L:/127.0.0.1:63565 - R:localhost/127.0.0.1:30204] for POST '/session/25d890da2614815eb1e8097956c950e4/execute/sync'
16:04:25.836 [AsyncHttpClient-1-2] DEBUG org.asynchttpclient.netty.handler.HttpHandler - 

Request DefaultHttpRequest(decodeResult: success, version: HTTP/1.1)
POST /session/25d890da2614815eb1e8097956c950e4/execute/sync HTTP/1.1
User-Agent: selenium/4.8.1 (java windows)
Content-Length: 48807
Content-Type: application/json; charset=utf-8
host: localhost:30204
accept: */*

Response DefaultHttpResponse(decodeResult: success, version: HTTP/1.1)
HTTP/1.1 200 OK
Content-Length: 14
Content-Type: application/json; charset=utf-8
cache-control: no-cache

16:04:25.836 [AsyncHttpClient-1-2] DEBUG org.asynchttpclient.netty.channel.ChannelManager - Adding key: http://localhost:30204 for channel [id: 0x8c143964, L:/127.0.0.1:63565 - R:localhost/127.0.0.1:30204]
16:04:25.842 [Forwarding getAlertText on session 25d890da2614815eb1e8097956c950e4 to remote] DEBUG org.asynchttpclient.netty.request.NettyRequestSender - Using pooled Channel '[id: 0x8c143964, L:/127.0.0.1:63565 - R:localhost/127.0.0.1:30204]' for 'GET' to 'http://localhost:30204/session/25d890da2614815eb1e8097956c950e4/alert/text'
16:04:25.842 [Forwarding getAlertText on session 25d890da2614815eb1e8097956c950e4 to remote] DEBUG org.asynchttpclient.netty.request.NettyRequestSender - Using open Channel [id: 0x8c143964, L:/127.0.0.1:63565 - R:localhost/127.0.0.1:30204] for GET '/session/25d890da2614815eb1e8097956c950e4/alert/text'
16:04:25.844 [AsyncHttpClient-1-2] DEBUG org.asynchttpclient.netty.handler.HttpHandler - 

Request DefaultFullHttpRequest(decodeResult: success, version: HTTP/1.1, content: EmptyByteBufBE)
GET /session/25d890da2614815eb1e8097956c950e4/alert/text HTTP/1.1
User-Agent: selenium/4.8.1 (java windows)
Cache-Control: no-cache
Content-Type: application/json; charset=utf-8
host: localhost:30204
accept: */*

Response DefaultHttpResponse(decodeResult: success, version: HTTP/1.1)
HTTP/1.1 404 Not Found
Content-Length: 848
Content-Type: application/json; charset=utf-8
cache-control: no-cache

16:04:25.844 [AsyncHttpClient-1-2] DEBUG org.asynchttpclient.netty.channel.ChannelManager - Adding key: http://localhost:30204 for channel [id: 0x8c143964, L:/127.0.0.1:63565 - R:localhost/127.0.0.1:30204]
16:04:25.845 [Forwarding getCurrentUrl on session 25d890da2614815eb1e8097956c950e4 to remote] DEBUG org.asynchttpclient.netty.request.NettyRequestSender - Using pooled Channel '[id: 0x8c143964, L:/127.0.0.1:63565 - R:localhost/127.0.0.1:30204]' for 'GET' to 'http://localhost:30204/session/25d890da2614815eb1e8097956c950e4/url'
16:04:25.845 [Forwarding getCurrentUrl on session 25d890da2614815eb1e8097956c950e4 to remote] DEBUG org.asynchttpclient.netty.request.NettyRequestSender - Using open Channel [id: 0x8c143964, L:/127.0.0.1:63565 - R:localhost/127.0.0.1:30204] for GET '/session/25d890da2614815eb1e8097956c950e4/url'
16:04:25.849 [AsyncHttpClient-1-2] DEBUG org.asynchttpclient.netty.handler.HttpHandler - 

Request DefaultFullHttpRequest(decodeResult: success, version: HTTP/1.1, content: EmptyByteBufBE)
GET /session/25d890da2614815eb1e8097956c950e4/url HTTP/1.1
User-Agent: selenium/4.8.1 (java windows)
Cache-Control: no-cache
Content-Type: application/json; charset=utf-8
host: localhost:30204
accept: */*

Response DefaultHttpResponse(decodeResult: success, version: HTTP/1.1)
HTTP/1.1 200 OK
Content-Length: 51
Content-Type: application/json; charset=utf-8
cache-control: no-cache

16:04:25.849 [AsyncHttpClient-1-2] DEBUG org.asynchttpclient.netty.channel.ChannelManager - Adding key: http://localhost:30204 for channel [id: 0x8c143964, L:/127.0.0.1:63565 - R:localhost/127.0.0.1:30204]
16:04:25.850 [Forwarding screenshot on session 25d890da2614815eb1e8097956c950e4 to remote] DEBUG org.asynchttpclient.netty.request.NettyRequestSender - Using pooled Channel '[id: 0x8c143964, L:/127.0.0.1:63565 - R:localhost/127.0.0.1:30204]' for 'GET' to 'http://localhost:30204/session/25d890da2614815eb1e8097956c950e4/screenshot'
16:04:25.850 [Forwarding screenshot on session 25d890da2614815eb1e8097956c950e4 to remote] DEBUG org.asynchttpclient.netty.request.NettyRequestSender - Using open Channel [id: 0x8c143964, L:/127.0.0.1:63565 - R:localhost/127.0.0.1:30204] for GET '/session/25d890da2614815eb1e8097956c950e4/screenshot'
16:04:25.909 [AsyncHttpClient-1-2] DEBUG org.asynchttpclient.netty.handler.HttpHandler - 

Request DefaultFullHttpRequest(decodeResult: success, version: HTTP/1.1, content: EmptyByteBufBE)
GET /session/25d890da2614815eb1e8097956c950e4/screenshot HTTP/1.1
User-Agent: selenium/4.8.1 (java windows)
Cache-Control: no-cache
Content-Type: application/json; charset=utf-8
host: localhost:30204
accept: */*

Response DefaultHttpResponse(decodeResult: success, version: HTTP/1.1)
HTTP/1.1 200 OK
Content-Length: 25060
Content-Type: application/json; charset=utf-8
cache-control: no-cache

16:04:25.909 [AsyncHttpClient-1-2] DEBUG org.asynchttpclient.netty.channel.ChannelManager - Adding key: http://localhost:30204 for channel [id: 0x8c143964, L:/127.0.0.1:63565 - R:localhost/127.0.0.1:30204]
16:04:25.910 [main] DEBUG net.serenitybdd.core.photography.Darkroom - Send negative for processing for target\site\serenity\1db263dd5c04c8fe15e82ee6420144d4e1e7b9826b9315cfd7ec5b5d0da76045.png
16:04:25.910 [main] DEBUG net.thucydides.core.steps.StepInterceptor - STEP DONE: user on login page
  &amp#27;[32mGiven &amp#27;[0m&amp#27;[32muser on login page&amp#27;[0m                                   &amp#27;[90m# starter.stepdefinition.LoginStep.userOnLoginPage()&amp#27;[0m
16:04:25.918 [main] DEBUG net.thucydides.core.steps.StepInterceptor - STARTING STEP: LoginStep.userInputInvalidEmail - user input invalid email
16:04:25.919 [Forwarding findElement on session 25d890da2614815eb1e8097956c950e4 to remote] DEBUG org.asynchttpclient.netty.request.NettyRequestSender - Using pooled Channel '[id: 0x8c143964, L:/127.0.0.1:63565 - R:localhost/127.0.0.1:30204]' for 'POST' to 'http://localhost:30204/session/25d890da2614815eb1e8097956c950e4/element'
16:04:25.919 [Forwarding findElement on session 25d890da2614815eb1e8097956c950e4 to remote] DEBUG org.asynchttpclient.netty.request.NettyRequestSender - Using open Channel [id: 0x8c143964, L:/127.0.0.1:63565 - R:localhost/127.0.0.1:30204] for POST '/session/25d890da2614815eb1e8097956c950e4/element'
16:04:25.930 [AsyncHttpClient-1-2] DEBUG org.asynchttpclient.netty.handler.HttpHandler - 

Request DefaultHttpRequest(decodeResult: success, version: HTTP/1.1)
POST /session/25d890da2614815eb1e8097956c950e4/element HTTP/1.1
User-Agent: selenium/4.8.1 (java windows)
Content-Length: 55
Content-Type: application/json; charset=utf-8
host: localhost:30204
accept: */*

Response DefaultHttpResponse(decodeResult: success, version: HTTP/1.1)
HTTP/1.1 200 OK
Content-Length: 88
Content-Type: application/json; charset=utf-8
cache-control: no-cache

16:04:25.930 [AsyncHttpClient-1-2] DEBUG org.asynchttpclient.netty.channel.ChannelManager - Adding key: http://localhost:30204 for channel [id: 0x8c143964, L:/127.0.0.1:63565 - R:localhost/127.0.0.1:30204]
16:04:25.931 [Forwarding clearElement on session 25d890da2614815eb1e8097956c950e4 to remote] DEBUG org.asynchttpclient.netty.request.NettyRequestSender - Using pooled Channel '[id: 0x8c143964, L:/127.0.0.1:63565 - R:localhost/127.0.0.1:30204]' for 'POST' to 'http://localhost:30204/session/25d890da2614815eb1e8097956c950e4/element/402428a5-73c9-4c70-a746-9edbf9722159/clear'
16:04:25.931 [Forwarding clearElement on session 25d890da2614815eb1e8097956c950e4 to remote] DEBUG org.asynchttpclient.netty.request.NettyRequestSender - Using open Channel [id: 0x8c143964, L:/127.0.0.1:63565 - R:localhost/127.0.0.1:30204] for POST '/session/25d890da2614815eb1e8097956c950e4/element/402428a5-73c9-4c70-a746-9edbf9722159/clear'
16:04:25.961 [AsyncHttpClient-1-2] DEBUG org.asynchttpclient.netty.handler.HttpHandler - 

Request DefaultHttpRequest(decodeResult: success, version: HTTP/1.1)
POST /session/25d890da2614815eb1e8097956c950e4/element/402428a5-73c9-4c70-a746-9edbf9722159/clear HTTP/1.1
User-Agent: selenium/4.8.1 (java windows)
Content-Length: 50
Content-Type: application/json; charset=utf-8
host: localhost:30204
accept: */*

Response DefaultHttpResponse(decodeResult: success, version: HTTP/1.1)
HTTP/1.1 200 OK
Content-Length: 14
Content-Type: application/json; charset=utf-8
cache-control: no-cache

16:04:25.962 [AsyncHttpClient-1-2] DEBUG org.asynchttpclient.netty.channel.ChannelManager - Adding key: http://localhost:30204 for channel [id: 0x8c143964, L:/127.0.0.1:63565 - R:localhost/127.0.0.1:30204]
16:04:25.963 [Forwarding sendKeysToElement on session 25d890da2614815eb1e8097956c950e4 to remote] DEBUG org.asynchttpclient.netty.request.NettyRequestSender - Using pooled Channel '[id: 0x8c143964, L:/127.0.0.1:63565 - R:localhost/127.0.0.1:30204]' for 'POST' to 'http://localhost:30204/session/25d890da2614815eb1e8097956c950e4/element/402428a5-73c9-4c70-a746-9edbf9722159/value'
16:04:25.963 [Forwarding sendKeysToElement on session 25d890da2614815eb1e8097956c950e4 to remote] DEBUG org.asynchttpclient.netty.request.NettyRequestSender - Using open Channel [id: 0x8c143964, L:/127.0.0.1:63565 - R:localhost/127.0.0.1:30204] for POST '/session/25d890da2614815eb1e8097956c950e4/element/402428a5-73c9-4c70-a746-9edbf9722159/value'
16:04:26.079 [AsyncHttpClient-1-2] DEBUG org.asynchttpclient.netty.handler.HttpHandler - 

Request DefaultHttpRequest(decodeResult: success, version: HTTP/1.1)
POST /session/25d890da2614815eb1e8097956c950e4/element/402428a5-73c9-4c70-a746-9edbf9722159/value HTTP/1.1
User-Agent: selenium/4.8.1 (java windows)
Content-Length: 231
Content-Type: application/json; charset=utf-8
host: localhost:30204
accept: */*

Response DefaultHttpResponse(decodeResult: success, version: HTTP/1.1)
HTTP/1.1 200 OK
Content-Length: 14
Content-Type: application/json; charset=utf-8
cache-control: no-cache

16:04:26.079 [AsyncHttpClient-1-2] DEBUG org.asynchttpclient.netty.channel.ChannelManager - Adding key: http://localhost:30204 for channel [id: 0x8c143964, L:/127.0.0.1:63565 - R:localhost/127.0.0.1:30204]
16:04:26.084 [Forwarding getAlertText on session 25d890da2614815eb1e8097956c950e4 to remote] DEBUG org.asynchttpclient.netty.request.NettyRequestSender - Using pooled Channel '[id: 0x8c143964, L:/127.0.0.1:63565 - R:localhost/127.0.0.1:30204]' for 'GET' to 'http://localhost:30204/session/25d890da2614815eb1e8097956c950e4/alert/text'
16:04:26.084 [Forwarding getAlertText on session 25d890da2614815eb1e8097956c950e4 to remote] DEBUG org.asynchttpclient.netty.request.NettyRequestSender - Using open Channel [id: 0x8c143964, L:/127.0.0.1:63565 - R:localhost/127.0.0.1:30204] for GET '/session/25d890da2614815eb1e8097956c950e4/alert/text'
16:04:26.086 [AsyncHttpClient-1-2] DEBUG org.asynchttpclient.netty.handler.HttpHandler - 

Request DefaultFullHttpRequest(decodeResult: success, version: HTTP/1.1, content: EmptyByteBufBE)
GET /session/25d890da2614815eb1e8097956c950e4/alert/text HTTP/1.1
User-Agent: selenium/4.8.1 (java windows)
Cache-Control: no-cache
Content-Type: application/json; charset=utf-8
host: localhost:30204
accept: */*

Response DefaultHttpResponse(decodeResult: success, version: HTTP/1.1)
HTTP/1.1 404 Not Found
Content-Length: 848
Content-Type: application/json; charset=utf-8
cache-control: no-cache

16:04:26.086 [AsyncHttpClient-1-2] DEBUG org.asynchttpclient.netty.channel.ChannelManager - Adding key: http://localhost:30204 for channel [id: 0x8c143964, L:/127.0.0.1:63565 - R:localhost/127.0.0.1:30204]
16:04:26.087 [Forwarding getCurrentUrl on session 25d890da2614815eb1e8097956c950e4 to remote] DEBUG org.asynchttpclient.netty.request.NettyRequestSender - Using pooled Channel '[id: 0x8c143964, L:/127.0.0.1:63565 - R:localhost/127.0.0.1:30204]' for 'GET' to 'http://localhost:30204/session/25d890da2614815eb1e8097956c950e4/url'
16:04:26.087 [Forwarding getCurrentUrl on session 25d890da2614815eb1e8097956c950e4 to remote] DEBUG org.asynchttpclient.netty.request.NettyRequestSender - Using open Channel [id: 0x8c143964, L:/127.0.0.1:63565 - R:localhost/127.0.0.1:30204] for GET '/session/25d890da2614815eb1e8097956c950e4/url'
16:04:26.093 [AsyncHttpClient-1-2] DEBUG org.asynchttpclient.netty.handler.HttpHandler - 

Request DefaultFullHttpRequest(decodeResult: success, version: HTTP/1.1, content: EmptyByteBufBE)
GET /session/25d890da2614815eb1e8097956c950e4/url HTTP/1.1
User-Agent: selenium/4.8.1 (java windows)
Cache-Control: no-cache
Content-Type: application/json; charset=utf-8
host: localhost:30204
accept: */*

Response DefaultHttpResponse(decodeResult: success, version: HTTP/1.1)
HTTP/1.1 200 OK
Content-Length: 51
Content-Type: application/json; charset=utf-8
cache-control: no-cache

16:04:26.093 [AsyncHttpClient-1-2] DEBUG org.asynchttpclient.netty.channel.ChannelManager - Adding key: http://localhost:30204 for channel [id: 0x8c143964, L:/127.0.0.1:63565 - R:localhost/127.0.0.1:30204]
16:04:26.094 [Forwarding screenshot on session 25d890da2614815eb1e8097956c950e4 to remote] DEBUG org.asynchttpclient.netty.request.NettyRequestSender - Using pooled Channel '[id: 0x8c143964, L:/127.0.0.1:63565 - R:localhost/127.0.0.1:30204]' for 'GET' to 'http://localhost:30204/session/25d890da2614815eb1e8097956c950e4/screenshot'
16:04:26.094 [Forwarding screenshot on session 25d890da2614815eb1e8097956c950e4 to remote] DEBUG org.asynchttpclient.netty.request.NettyRequestSender - Using open Channel [id: 0x8c143964, L:/127.0.0.1:63565 - R:localhost/127.0.0.1:30204] for GET '/session/25d890da2614815eb1e8097956c950e4/screenshot'
16:04:26.212 [AsyncHttpClient-1-2] DEBUG org.asynchttpclient.netty.handler.HttpHandler - 

Request DefaultFullHttpRequest(decodeResult: success, version: HTTP/1.1, content: EmptyByteBufBE)
GET /session/25d890da2614815eb1e8097956c950e4/screenshot HTTP/1.1
User-Agent: selenium/4.8.1 (java windows)
Cache-Control: no-cache
Content-Type: application/json; charset=utf-8
host: localhost:30204
accept: */*

Response DefaultHttpResponse(decodeResult: success, version: HTTP/1.1)
HTTP/1.1 200 OK
Content-Length: 29556
Content-Type: application/json; charset=utf-8
cache-control: no-cache

16:04:26.212 [AsyncHttpClient-1-2] DEBUG org.asynchttpclient.netty.channel.ChannelManager - Adding key: http://localhost:30204 for channel [id: 0x8c143964, L:/127.0.0.1:63565 - R:localhost/127.0.0.1:30204]
16:04:26.214 [main] DEBUG net.serenitybdd.core.photography.Darkroom - Send negative for processing for target\site\serenity\e51be6b28b7c14070b4b4034793e01c27e1229b8654926add101f4e0dcb981d2.png
16:04:26.215 [main] DEBUG net.thucydides.core.steps.StepInterceptor - STEP DONE: user input invalid email
  &amp#27;[32mWhen &amp#27;[0m&amp#27;[32muser input invalid email&amp#27;[0m                              &amp#27;[90m# starter.stepdefinition.LoginStep.userInputInvalidEmail()&amp#27;[0m
16:04:26.224 [main] DEBUG net.thucydides.core.steps.StepInterceptor - STARTING STEP: LoginStep.userInputInvalidPassword - user input invalid password
16:04:26.226 [Forwarding findElement on session 25d890da2614815eb1e8097956c950e4 to remote] DEBUG org.asynchttpclient.netty.request.NettyRequestSender - Using pooled Channel '[id: 0x8c143964, L:/127.0.0.1:63565 - R:localhost/127.0.0.1:30204]' for 'POST' to 'http://localhost:30204/session/25d890da2614815eb1e8097956c950e4/element'
16:04:26.226 [Forwarding findElement on session 25d890da2614815eb1e8097956c950e4 to remote] DEBUG org.asynchttpclient.netty.request.NettyRequestSender - Using open Channel [id: 0x8c143964, L:/127.0.0.1:63565 - R:localhost/127.0.0.1:30204] for POST '/session/25d890da2614815eb1e8097956c950e4/element'
16:04:26.237 [AsyncHttpClient-1-2] DEBUG org.asynchttpclient.netty.handler.HttpHandler - 

Request DefaultHttpRequest(decodeResult: success, version: HTTP/1.1)
POST /session/25d890da2614815eb1e8097956c950e4/element HTTP/1.1
User-Agent: selenium/4.8.1 (java windows)
Content-Length: 55
Content-Type: application/json; charset=utf-8
host: localhost:30204
accept: */*

Response DefaultHttpResponse(decodeResult: success, version: HTTP/1.1)
HTTP/1.1 200 OK
Content-Length: 88
Content-Type: application/json; charset=utf-8
cache-control: no-cache

16:04:26.237 [AsyncHttpClient-1-2] DEBUG org.asynchttpclient.netty.channel.ChannelManager - Adding key: http://localhost:30204 for channel [id: 0x8c143964, L:/127.0.0.1:63565 - R:localhost/127.0.0.1:30204]
16:04:26.238 [Forwarding clearElement on session 25d890da2614815eb1e8097956c950e4 to remote] DEBUG org.asynchttpclient.netty.request.NettyRequestSender - Using pooled Channel '[id: 0x8c143964, L:/127.0.0.1:63565 - R:localhost/127.0.0.1:30204]' for 'POST' to 'http://localhost:30204/session/25d890da2614815eb1e8097956c950e4/element/252e3402-e532-4eb3-98f9-0ef05a151297/clear'
16:04:26.238 [Forwarding clearElement on session 25d890da2614815eb1e8097956c950e4 to remote] DEBUG org.asynchttpclient.netty.request.NettyRequestSender - Using open Channel [id: 0x8c143964, L:/127.0.0.1:63565 - R:localhost/127.0.0.1:30204] for POST '/session/25d890da2614815eb1e8097956c950e4/element/252e3402-e532-4eb3-98f9-0ef05a151297/clear'
16:04:26.269 [AsyncHttpClient-1-2] DEBUG org.asynchttpclient.netty.handler.HttpHandler - 

Request DefaultHttpRequest(decodeResult: success, version: HTTP/1.1)
POST /session/25d890da2614815eb1e8097956c950e4/element/252e3402-e532-4eb3-98f9-0ef05a151297/clear HTTP/1.1
User-Agent: selenium/4.8.1 (java windows)
Content-Length: 50
Content-Type: application/json; charset=utf-8
host: localhost:30204
accept: */*

Response DefaultHttpResponse(decodeResult: success, version: HTTP/1.1)
HTTP/1.1 200 OK
Content-Length: 14
Content-Type: application/json; charset=utf-8
cache-control: no-cache

16:04:26.270 [AsyncHttpClient-1-2] DEBUG org.asynchttpclient.netty.channel.ChannelManager - Adding key: http://localhost:30204 for channel [id: 0x8c143964, L:/127.0.0.1:63565 - R:localhost/127.0.0.1:30204]
16:04:26.272 [Forwarding sendKeysToElement on session 25d890da2614815eb1e8097956c950e4 to remote] DEBUG org.asynchttpclient.netty.request.NettyRequestSender - Using pooled Channel '[id: 0x8c143964, L:/127.0.0.1:63565 - R:localhost/127.0.0.1:30204]' for 'POST' to 'http://localhost:30204/session/25d890da2614815eb1e8097956c950e4/element/252e3402-e532-4eb3-98f9-0ef05a151297/value'
16:04:26.272 [Forwarding sendKeysToElement on session 25d890da2614815eb1e8097956c950e4 to remote] DEBUG org.asynchttpclient.netty.request.NettyRequestSender - Using open Channel [id: 0x8c143964, L:/127.0.0.1:63565 - R:localhost/127.0.0.1:30204] for POST '/session/25d890da2614815eb1e8097956c950e4/element/252e3402-e532-4eb3-98f9-0ef05a151297/value'
16:04:26.335 [AsyncHttpClient-1-2] DEBUG org.asynchttpclient.netty.handler.HttpHandler - 

Request DefaultHttpRequest(decodeResult: success, version: HTTP/1.1)
POST /session/25d890da2614815eb1e8097956c950e4/element/252e3402-e532-4eb3-98f9-0ef05a151297/value HTTP/1.1
User-Agent: selenium/4.8.1 (java windows)
Content-Length: 121
Content-Type: application/json; charset=utf-8
host: localhost:30204
accept: */*

Response DefaultHttpResponse(decodeResult: success, version: HTTP/1.1)
HTTP/1.1 200 OK
Content-Length: 14
Content-Type: application/json; charset=utf-8
cache-control: no-cache

16:04:26.335 [AsyncHttpClient-1-2] DEBUG org.asynchttpclient.netty.channel.ChannelManager - Adding key: http://localhost:30204 for channel [id: 0x8c143964, L:/127.0.0.1:63565 - R:localhost/127.0.0.1:30204]
16:04:26.344 [Forwarding getAlertText on session 25d890da2614815eb1e8097956c950e4 to remote] DEBUG org.asynchttpclient.netty.request.NettyRequestSender - Using pooled Channel '[id: 0x8c143964, L:/127.0.0.1:63565 - R:localhost/127.0.0.1:30204]' for 'GET' to 'http://localhost:30204/session/25d890da2614815eb1e8097956c950e4/alert/text'
16:04:26.344 [Forwarding getAlertText on session 25d890da2614815eb1e8097956c950e4 to remote] DEBUG org.asynchttpclient.netty.request.NettyRequestSender - Using open Channel [id: 0x8c143964, L:/127.0.0.1:63565 - R:localhost/127.0.0.1:30204] for GET '/session/25d890da2614815eb1e8097956c950e4/alert/text'
16:04:26.345 [AsyncHttpClient-1-2] DEBUG org.asynchttpclient.netty.handler.HttpHandler - 

Request DefaultFullHttpRequest(decodeResult: success, version: HTTP/1.1, content: EmptyByteBufBE)
GET /session/25d890da2614815eb1e8097956c950e4/alert/text HTTP/1.1
User-Agent: selenium/4.8.1 (java windows)
Cache-Control: no-cache
Content-Type: application/json; charset=utf-8
host: localhost:30204
accept: */*

Response DefaultHttpResponse(decodeResult: success, version: HTTP/1.1)
HTTP/1.1 404 Not Found
Content-Length: 848
Content-Type: application/json; charset=utf-8
cache-control: no-cache

16:04:26.346 [AsyncHttpClient-1-2] DEBUG org.asynchttpclient.netty.channel.ChannelManager - Adding key: http://localhost:30204 for channel [id: 0x8c143964, L:/127.0.0.1:63565 - R:localhost/127.0.0.1:30204]
16:04:26.347 [Forwarding getCurrentUrl on session 25d890da2614815eb1e8097956c950e4 to remote] DEBUG org.asynchttpclient.netty.request.NettyRequestSender - Using pooled Channel '[id: 0x8c143964, L:/127.0.0.1:63565 - R:localhost/127.0.0.1:30204]' for 'GET' to 'http://localhost:30204/session/25d890da2614815eb1e8097956c950e4/url'
16:04:26.347 [Forwarding getCurrentUrl on session 25d890da2614815eb1e8097956c950e4 to remote] DEBUG org.asynchttpclient.netty.request.NettyRequestSender - Using open Channel [id: 0x8c143964, L:/127.0.0.1:63565 - R:localhost/127.0.0.1:30204] for GET '/session/25d890da2614815eb1e8097956c950e4/url'
16:04:26.354 [AsyncHttpClient-1-2] DEBUG org.asynchttpclient.netty.handler.HttpHandler - 

Request DefaultFullHttpRequest(decodeResult: success, version: HTTP/1.1, content: EmptyByteBufBE)
GET /session/25d890da2614815eb1e8097956c950e4/url HTTP/1.1
User-Agent: selenium/4.8.1 (java windows)
Cache-Control: no-cache
Content-Type: application/json; charset=utf-8
host: localhost:30204
accept: */*

Response DefaultHttpResponse(decodeResult: success, version: HTTP/1.1)
HTTP/1.1 200 OK
Content-Length: 51
Content-Type: application/json; charset=utf-8
cache-control: no-cache

16:04:26.354 [AsyncHttpClient-1-2] DEBUG org.asynchttpclient.netty.channel.ChannelManager - Adding key: http://localhost:30204 for channel [id: 0x8c143964, L:/127.0.0.1:63565 - R:localhost/127.0.0.1:30204]
16:04:26.357 [Forwarding screenshot on session 25d890da2614815eb1e8097956c950e4 to remote] DEBUG org.asynchttpclient.netty.request.NettyRequestSender - Using pooled Channel '[id: 0x8c143964, L:/127.0.0.1:63565 - R:localhost/127.0.0.1:30204]' for 'GET' to 'http://localhost:30204/session/25d890da2614815eb1e8097956c950e4/screenshot'
16:04:26.357 [Forwarding screenshot on session 25d890da2614815eb1e8097956c950e4 to remote] DEBUG org.asynchttpclient.netty.request.NettyRequestSender - Using open Channel [id: 0x8c143964, L:/127.0.0.1:63565 - R:localhost/127.0.0.1:30204] for GET '/session/25d890da2614815eb1e8097956c950e4/screenshot'
16:04:26.485 [AsyncHttpClient-1-2] DEBUG org.asynchttpclient.netty.handler.HttpHandler - 

Request DefaultFullHttpRequest(decodeResult: success, version: HTTP/1.1, content: EmptyByteBufBE)
GET /session/25d890da2614815eb1e8097956c950e4/screenshot HTTP/1.1
User-Agent: selenium/4.8.1 (java windows)
Cache-Control: no-cache
Content-Type: application/json; charset=utf-8
host: localhost:30204
accept: */*

Response DefaultHttpResponse(decodeResult: success, version: HTTP/1.1)
HTTP/1.1 200 OK
Content-Length: 29984
Content-Type: application/json; charset=utf-8
cache-control: no-cache

16:04:26.486 [AsyncHttpClient-1-2] DEBUG org.asynchttpclient.netty.channel.ChannelManager - Adding key: http://localhost:30204 for channel [id: 0x8c143964, L:/127.0.0.1:63565 - R:localhost/127.0.0.1:30204]
16:04:26.487 [main] DEBUG net.serenitybdd.core.photography.Darkroom - Send negative for processing for target\site\serenity\0687f556f01cf75b10f24cbf1196c1a0e0bc84738b4b6ac538f5c7fc9ac8d5e9.png
16:04:26.487 [main] DEBUG net.thucydides.core.steps.StepInterceptor - STEP DONE: user input invalid password
  &amp#27;[32mAnd &amp#27;[0m&amp#27;[32muser input invalid password&amp#27;[0m                            &amp#27;[90m# starter.stepdefinition.LoginStep.userInputInvalidPassword()&amp#27;[0m
16:04:26.488 [Darkroom Processing Line] DEBUG net.serenitybdd.core.photography.DarkroomProcessingLine - Processing screenshot image in /var/screenshots/screenshot-1647913172877712274
16:04:26.488 [Darkroom Processing Line] DEBUG net.serenitybdd.core.photography.DarkroomProcessingLine - Saving screenshot to target\site\serenity\0687f556f01cf75b10f24cbf1196c1a0e0bc84738b4b6ac538f5c7fc9ac8d5e9.png
16:04:26.498 [main] DEBUG net.thucydides.core.steps.StepInterceptor - STARTING STEP: LoginStep.clickButtonLogin - click button login
16:04:26.500 [Forwarding findElement on session 25d890da2614815eb1e8097956c950e4 to remote] DEBUG org.asynchttpclient.netty.request.NettyRequestSender - Using pooled Channel '[id: 0x8c143964, L:/127.0.0.1:63565 - R:localhost/127.0.0.1:30204]' for 'POST' to 'http://localhost:30204/session/25d890da2614815eb1e8097956c950e4/element'
16:04:26.500 [Forwarding findElement on session 25d890da2614815eb1e8097956c950e4 to remote] DEBUG org.asynchttpclient.netty.request.NettyRequestSender - Using open Channel [id: 0x8c143964, L:/127.0.0.1:63565 - R:localhost/127.0.0.1:30204] for POST '/session/25d890da2614815eb1e8097956c950e4/element'
16:04:26.508 [AsyncHttpClient-1-2] DEBUG org.asynchttpclient.netty.handler.HttpHandler - 

Request DefaultHttpRequest(decodeResult: success, version: HTTP/1.1)
POST /session/25d890da2614815eb1e8097956c950e4/element HTTP/1.1
User-Agent: selenium/4.8.1 (java windows)
Content-Length: 69
Content-Type: application/json; charset=utf-8
host: localhost:30204
accept: */*

Response DefaultHttpResponse(decodeResult: success, version: HTTP/1.1)
HTTP/1.1 200 OK
Content-Length: 88
Content-Type: application/json; charset=utf-8
cache-control: no-cache

16:04:26.509 [AsyncHttpClient-1-2] DEBUG org.asynchttpclient.netty.channel.ChannelManager - Adding key: http://localhost:30204 for channel [id: 0x8c143964, L:/127.0.0.1:63565 - R:localhost/127.0.0.1:30204]
16:04:26.510 [Forwarding getElementTagName on session 25d890da2614815eb1e8097956c950e4 to remote] DEBUG org.asynchttpclient.netty.request.NettyRequestSender - Using pooled Channel '[id: 0x8c143964, L:/127.0.0.1:63565 - R:localhost/127.0.0.1:30204]' for 'GET' to 'http://localhost:30204/session/25d890da2614815eb1e8097956c950e4/element/e6e77946-842b-4509-a860-ef8bc4528ef9/name'
16:04:26.510 [Forwarding getElementTagName on session 25d890da2614815eb1e8097956c950e4 to remote] DEBUG org.asynchttpclient.netty.request.NettyRequestSender - Using open Channel [id: 0x8c143964, L:/127.0.0.1:63565 - R:localhost/127.0.0.1:30204] for GET '/session/25d890da2614815eb1e8097956c950e4/element/e6e77946-842b-4509-a860-ef8bc4528ef9/name'
16:04:26.513 [AsyncHttpClient-1-2] DEBUG org.asynchttpclient.netty.handler.HttpHandler - 

Request DefaultFullHttpRequest(decodeResult: success, version: HTTP/1.1, content: EmptyByteBufBE)
GET /session/25d890da2614815eb1e8097956c950e4/element/e6e77946-842b-4509-a860-ef8bc4528ef9/name HTTP/1.1
User-Agent: selenium/4.8.1 (java windows)
Cache-Control: no-cache
Content-Type: application/json; charset=utf-8
host: localhost:30204
accept: */*

Response DefaultHttpResponse(decodeResult: success, version: HTTP/1.1)
HTTP/1.1 200 OK
Content-Length: 16
Content-Type: application/json; charset=utf-8
cache-control: no-cache

16:04:26.513 [AsyncHttpClient-1-2] DEBUG org.asynchttpclient.netty.channel.ChannelManager - Adding key: http://localhost:30204 for channel [id: 0x8c143964, L:/127.0.0.1:63565 - R:localhost/127.0.0.1:30204]
16:04:26.514 [Forwarding getElementTagName on session 25d890da2614815eb1e8097956c950e4 to remote] DEBUG org.asynchttpclient.netty.request.NettyRequestSender - Using pooled Channel '[id: 0x8c143964, L:/127.0.0.1:63565 - R:localhost/127.0.0.1:30204]' for 'GET' to 'http://localhost:30204/session/25d890da2614815eb1e8097956c950e4/element/e6e77946-842b-4509-a860-ef8bc4528ef9/name'
16:04:26.514 [Forwarding getElementTagName on session 25d890da2614815eb1e8097956c950e4 to remote] DEBUG org.asynchttpclient.netty.request.NettyRequestSender - Using open Channel [id: 0x8c143964, L:/127.0.0.1:63565 - R:localhost/127.0.0.1:30204] for GET '/session/25d890da2614815eb1e8097956c950e4/element/e6e77946-842b-4509-a860-ef8bc4528ef9/name'
16:04:26.517 [AsyncHttpClient-1-2] DEBUG org.asynchttpclient.netty.handler.HttpHandler - 

Request DefaultFullHttpRequest(decodeResult: success, version: HTTP/1.1, content: EmptyByteBufBE)
GET /session/25d890da2614815eb1e8097956c950e4/element/e6e77946-842b-4509-a860-ef8bc4528ef9/name HTTP/1.1
User-Agent: selenium/4.8.1 (java windows)
Cache-Control: no-cache
Content-Type: application/json; charset=utf-8
host: localhost:30204
accept: */*

Response DefaultHttpResponse(decodeResult: success, version: HTTP/1.1)
HTTP/1.1 200 OK
Content-Length: 16
Content-Type: application/json; charset=utf-8
cache-control: no-cache

16:04:26.517 [AsyncHttpClient-1-2] DEBUG org.asynchttpclient.netty.channel.ChannelManager - Adding key: http://localhost:30204 for channel [id: 0x8c143964, L:/127.0.0.1:63565 - R:localhost/127.0.0.1:30204]
16:04:26.518 [Forwarding findElement on session 25d890da2614815eb1e8097956c950e4 to remote] DEBUG org.asynchttpclient.netty.request.NettyRequestSender - Using pooled Channel '[id: 0x8c143964, L:/127.0.0.1:63565 - R:localhost/127.0.0.1:30204]' for 'POST' to 'http://localhost:30204/session/25d890da2614815eb1e8097956c950e4/element'
16:04:26.518 [Forwarding findElement on session 25d890da2614815eb1e8097956c950e4 to remote] DEBUG org.asynchttpclient.netty.request.NettyRequestSender - Using open Channel [id: 0x8c143964, L:/127.0.0.1:63565 - R:localhost/127.0.0.1:30204] for POST '/session/25d890da2614815eb1e8097956c950e4/element'
16:04:26.526 [AsyncHttpClient-1-2] DEBUG org.asynchttpclient.netty.handler.HttpHandler - 

Request DefaultHttpRequest(decodeResult: success, version: HTTP/1.1)
POST /session/25d890da2614815eb1e8097956c950e4/element HTTP/1.1
User-Agent: selenium/4.8.1 (java windows)
Content-Length: 69
Content-Type: application/json; charset=utf-8
host: localhost:30204
accept: */*

Response DefaultHttpResponse(decodeResult: success, version: HTTP/1.1)
HTTP/1.1 200 OK
Content-Length: 88
Content-Type: application/json; charset=utf-8
cache-control: no-cache

16:04:26.526 [AsyncHttpClient-1-2] DEBUG org.asynchttpclient.netty.channel.ChannelManager - Adding key: http://localhost:30204 for channel [id: 0x8c143964, L:/127.0.0.1:63565 - R:localhost/127.0.0.1:30204]
16:04:26.527 [Forwarding clickElement on session 25d890da2614815eb1e8097956c950e4 to remote] DEBUG org.asynchttpclient.netty.request.NettyRequestSender - Using pooled Channel '[id: 0x8c143964, L:/127.0.0.1:63565 - R:localhost/127.0.0.1:30204]' for 'POST' to 'http://localhost:30204/session/25d890da2614815eb1e8097956c950e4/element/e6e77946-842b-4509-a860-ef8bc4528ef9/click'
16:04:26.527 [Forwarding clickElement on session 25d890da2614815eb1e8097956c950e4 to remote] DEBUG org.asynchttpclient.netty.request.NettyRequestSender - Using open Channel [id: 0x8c143964, L:/127.0.0.1:63565 - R:localhost/127.0.0.1:30204] for POST '/session/25d890da2614815eb1e8097956c950e4/element/e6e77946-842b-4509-a860-ef8bc4528ef9/click'
16:04:26.568 [AsyncHttpClient-1-2] DEBUG org.asynchttpclient.netty.handler.HttpHandler - 

Request DefaultHttpRequest(decodeResult: success, version: HTTP/1.1)
POST /session/25d890da2614815eb1e8097956c950e4/element/e6e77946-842b-4509-a860-ef8bc4528ef9/click HTTP/1.1
User-Agent: selenium/4.8.1 (java windows)
Content-Length: 50
Content-Type: application/json; charset=utf-8
host: localhost:30204
accept: */*

Response DefaultHttpResponse(decodeResult: success, version: HTTP/1.1)
HTTP/1.1 200 OK
Content-Length: 14
Content-Type: application/json; charset=utf-8
cache-control: no-cache

16:04:26.569 [AsyncHttpClient-1-2] DEBUG org.asynchttpclient.netty.channel.ChannelManager - Adding key: http://localhost:30204 for channel [id: 0x8c143964, L:/127.0.0.1:63565 - R:localhost/127.0.0.1:30204]
16:04:26.576 [Forwarding getAlertText on session 25d890da2614815eb1e8097956c950e4 to remote] DEBUG org.asynchttpclient.netty.request.NettyRequestSender - Using pooled Channel '[id: 0x8c143964, L:/127.0.0.1:63565 - R:localhost/127.0.0.1:30204]' for 'GET' to 'http://localhost:30204/session/25d890da2614815eb1e8097956c950e4/alert/text'
16:04:26.576 [Forwarding getAlertText on session 25d890da2614815eb1e8097956c950e4 to remote] DEBUG org.asynchttpclient.netty.request.NettyRequestSender - Using open Channel [id: 0x8c143964, L:/127.0.0.1:63565 - R:localhost/127.0.0.1:30204] for GET '/session/25d890da2614815eb1e8097956c950e4/alert/text'
16:04:26.577 [AsyncHttpClient-1-2] DEBUG org.asynchttpclient.netty.handler.HttpHandler - 

Request DefaultFullHttpRequest(decodeResult: success, version: HTTP/1.1, content: EmptyByteBufBE)
GET /session/25d890da2614815eb1e8097956c950e4/alert/text HTTP/1.1
User-Agent: selenium/4.8.1 (java windows)
Cache-Control: no-cache
Content-Type: application/json; charset=utf-8
host: localhost:30204
accept: */*

Response DefaultHttpResponse(decodeResult: success, version: HTTP/1.1)
HTTP/1.1 404 Not Found
Content-Length: 848
Content-Type: application/json; charset=utf-8
cache-control: no-cache

16:04:26.577 [AsyncHttpClient-1-2] DEBUG org.asynchttpclient.netty.channel.ChannelManager - Adding key: http://localhost:30204 for channel [id: 0x8c143964, L:/127.0.0.1:63565 - R:localhost/127.0.0.1:30204]
16:04:26.578 [Forwarding getCurrentUrl on session 25d890da2614815eb1e8097956c950e4 to remote] DEBUG org.asynchttpclient.netty.request.NettyRequestSender - Using pooled Channel '[id: 0x8c143964, L:/127.0.0.1:63565 - R:localhost/127.0.0.1:30204]' for 'GET' to 'http://localhost:30204/session/25d890da2614815eb1e8097956c950e4/url'
16:04:26.578 [Forwarding getCurrentUrl on session 25d890da2614815eb1e8097956c950e4 to remote] DEBUG org.asynchttpclient.netty.request.NettyRequestSender - Using open Channel [id: 0x8c143964, L:/127.0.0.1:63565 - R:localhost/127.0.0.1:30204] for GET '/session/25d890da2614815eb1e8097956c950e4/url'
16:04:26.581 [AsyncHttpClient-1-2] DEBUG org.asynchttpclient.netty.handler.HttpHandler - 

Request DefaultFullHttpRequest(decodeResult: success, version: HTTP/1.1, content: EmptyByteBufBE)
GET /session/25d890da2614815eb1e8097956c950e4/url HTTP/1.1
User-Agent: selenium/4.8.1 (java windows)
Cache-Control: no-cache
Content-Type: application/json; charset=utf-8
host: localhost:30204
accept: */*

Response DefaultHttpResponse(decodeResult: success, version: HTTP/1.1)
HTTP/1.1 200 OK
Content-Length: 51
Content-Type: application/json; charset=utf-8
cache-control: no-cache

16:04:26.581 [AsyncHttpClient-1-2] DEBUG org.asynchttpclient.netty.channel.ChannelManager - Adding key: http://localhost:30204 for channel [id: 0x8c143964, L:/127.0.0.1:63565 - R:localhost/127.0.0.1:30204]
16:04:26.582 [Forwarding screenshot on session 25d890da2614815eb1e8097956c950e4 to remote] DEBUG org.asynchttpclient.netty.request.NettyRequestSender - Using pooled Channel '[id: 0x8c143964, L:/127.0.0.1:63565 - R:localhost/127.0.0.1:30204]' for 'GET' to 'http://localhost:30204/session/25d890da2614815eb1e8097956c950e4/screenshot'
16:04:26.582 [Forwarding screenshot on session 25d890da2614815eb1e8097956c950e4 to remote] DEBUG org.asynchttpclient.netty.request.NettyRequestSender - Using open Channel [id: 0x8c143964, L:/127.0.0.1:63565 - R:localhost/127.0.0.1:30204] for GET '/session/25d890da2614815eb1e8097956c950e4/screenshot'
16:04:26.696 [AsyncHttpClient-1-2] DEBUG org.asynchttpclient.netty.handler.HttpHandler - 

Request DefaultFullHttpRequest(decodeResult: success, version: HTTP/1.1, content: EmptyByteBufBE)
GET /session/25d890da2614815eb1e8097956c950e4/screenshot HTTP/1.1
User-Agent: selenium/4.8.1 (java windows)
Cache-Control: no-cache
Content-Type: application/json; charset=utf-8
host: localhost:30204
accept: */*

Response DefaultHttpResponse(decodeResult: success, version: HTTP/1.1)
HTTP/1.1 200 OK
Content-Length: 29724
Content-Type: application/json; charset=utf-8
cache-control: no-cache

16:04:26.697 [AsyncHttpClient-1-2] DEBUG org.asynchttpclient.netty.channel.ChannelManager - Adding key: http://localhost:30204 for channel [id: 0x8c143964, L:/127.0.0.1:63565 - R:localhost/127.0.0.1:30204]
16:04:26.698 [main] DEBUG net.serenitybdd.core.photography.Darkroom - Send negative for processing for target\site\serenity\729034ae9d0feefcc44a99812021a0237b013ff1404c090cf4b7b7037ebe1b22.png
16:04:26.698 [main] DEBUG net.thucydides.core.steps.StepInterceptor - STEP DONE: click button login
16:04:26.698 [Darkroom Processing Line] DEBUG net.serenitybdd.core.photography.DarkroomProcessingLine - Processing screenshot image in /var/screenshots/screenshot-60329924466548614
  &amp#27;[32mAnd &amp#27;[0m&amp#27;[32mclick button login&amp#27;[0m                                     &amp#27;[90m# starter.stepdefinition.LoginStep.clickButtonLogin()&amp#27;[0m
16:04:26.699 [Darkroom Processing Line] DEBUG net.serenitybdd.core.photography.DarkroomProcessingLine - Saving screenshot to target\site\serenity\729034ae9d0feefcc44a99812021a0237b013ff1404c090cf4b7b7037ebe1b22.png
16:04:26.708 [main] DEBUG net.thucydides.core.steps.StepInterceptor - STARTING STEP: LoginStep.userSeeErrorMessage - user see error message
16:04:26.710 [Forwarding findElement on session 25d890da2614815eb1e8097956c950e4 to remote] DEBUG org.asynchttpclient.netty.request.NettyRequestSender - Using pooled Channel '[id: 0x8c143964, L:/127.0.0.1:63565 - R:localhost/127.0.0.1:30204]' for 'POST' to 'http://localhost:30204/session/25d890da2614815eb1e8097956c950e4/element'
16:04:26.710 [Forwarding findElement on session 25d890da2614815eb1e8097956c950e4 to remote] DEBUG org.asynchttpclient.netty.request.NettyRequestSender - Using open Channel [id: 0x8c143964, L:/127.0.0.1:63565 - R:localhost/127.0.0.1:30204] for POST '/session/25d890da2614815eb1e8097956c950e4/element'
16:04:26.849 [AsyncHttpClient-1-2] DEBUG org.asynchttpclient.netty.handler.HttpHandler - 

Request DefaultHttpRequest(decodeResult: success, version: HTTP/1.1)
POST /session/25d890da2614815eb1e8097956c950e4/element HTTP/1.1
User-Agent: selenium/4.8.1 (java windows)
Content-Length: 79
Content-Type: application/json; charset=utf-8
host: localhost:30204
accept: */*

Response DefaultHttpResponse(decodeResult: success, version: HTTP/1.1)
HTTP/1.1 200 OK
Content-Length: 88
Content-Type: application/json; charset=utf-8
cache-control: no-cache

16:04:26.849 [AsyncHttpClient-1-2] DEBUG org.asynchttpclient.netty.channel.ChannelManager - Adding key: http://localhost:30204 for channel [id: 0x8c143964, L:/127.0.0.1:63565 - R:localhost/127.0.0.1:30204]
16:04:26.852 [Forwarding isElementDisplayed on session 25d890da2614815eb1e8097956c950e4 to remote] DEBUG org.asynchttpclient.netty.request.NettyRequestSender - Using pooled Channel '[id: 0x8c143964, L:/127.0.0.1:63565 - R:localhost/127.0.0.1:30204]' for 'POST' to 'http://localhost:30204/session/25d890da2614815eb1e8097956c950e4/execute/sync'
16:04:26.852 [Forwarding isElementDisplayed on session 25d890da2614815eb1e8097956c950e4 to remote] DEBUG org.asynchttpclient.netty.request.NettyRequestSender - Using open Channel [id: 0x8c143964, L:/127.0.0.1:63565 - R:localhost/127.0.0.1:30204] for POST '/session/25d890da2614815eb1e8097956c950e4/execute/sync'
16:04:26.866 [AsyncHttpClient-1-2] DEBUG org.asynchttpclient.netty.handler.HttpHandler - 

Request DefaultHttpRequest(decodeResult: success, version: HTTP/1.1)
POST /session/25d890da2614815eb1e8097956c950e4/execute/sync HTTP/1.1
User-Agent: selenium/4.8.1 (java windows)
Content-Length: 48807
Content-Type: application/json; charset=utf-8
host: localhost:30204
accept: */*

Response DefaultHttpResponse(decodeResult: success, version: HTTP/1.1)
HTTP/1.1 200 OK
Content-Length: 14
Content-Type: application/json; charset=utf-8
cache-control: no-cache

16:04:26.866 [AsyncHttpClient-1-2] DEBUG org.asynchttpclient.netty.channel.ChannelManager - Adding key: http://localhost:30204 for channel [id: 0x8c143964, L:/127.0.0.1:63565 - R:localhost/127.0.0.1:30204]
16:04:26.870 [Forwarding getAlertText on session 25d890da2614815eb1e8097956c950e4 to remote] DEBUG org.asynchttpclient.netty.request.NettyRequestSender - Using pooled Channel '[id: 0x8c143964, L:/127.0.0.1:63565 - R:localhost/127.0.0.1:30204]' for 'GET' to 'http://localhost:30204/session/25d890da2614815eb1e8097956c950e4/alert/text'
16:04:26.870 [Forwarding getAlertText on session 25d890da2614815eb1e8097956c950e4 to remote] DEBUG org.asynchttpclient.netty.request.NettyRequestSender - Using open Channel [id: 0x8c143964, L:/127.0.0.1:63565 - R:localhost/127.0.0.1:30204] for GET '/session/25d890da2614815eb1e8097956c950e4/alert/text'
16:04:26.873 [AsyncHttpClient-1-2] DEBUG org.asynchttpclient.netty.handler.HttpHandler - 

Request DefaultFullHttpRequest(decodeResult: success, version: HTTP/1.1, content: EmptyByteBufBE)
GET /session/25d890da2614815eb1e8097956c950e4/alert/text HTTP/1.1
User-Agent: selenium/4.8.1 (java windows)
Cache-Control: no-cache
Content-Type: application/json; charset=utf-8
host: localhost:30204
accept: */*

Response DefaultHttpResponse(decodeResult: success, version: HTTP/1.1)
HTTP/1.1 404 Not Found
Content-Length: 848
Content-Type: application/json; charset=utf-8
cache-control: no-cache

16:04:26.873 [AsyncHttpClient-1-2] DEBUG org.asynchttpclient.netty.channel.ChannelManager - Adding key: http://localhost:30204 for channel [id: 0x8c143964, L:/127.0.0.1:63565 - R:localhost/127.0.0.1:30204]
16:04:26.874 [Forwarding getCurrentUrl on session 25d890da2614815eb1e8097956c950e4 to remote] DEBUG org.asynchttpclient.netty.request.NettyRequestSender - Using pooled Channel '[id: 0x8c143964, L:/127.0.0.1:63565 - R:localhost/127.0.0.1:30204]' for 'GET' to 'http://localhost:30204/session/25d890da2614815eb1e8097956c950e4/url'
16:04:26.874 [Forwarding getCurrentUrl on session 25d890da2614815eb1e8097956c950e4 to remote] DEBUG org.asynchttpclient.netty.request.NettyRequestSender - Using open Channel [id: 0x8c143964, L:/127.0.0.1:63565 - R:localhost/127.0.0.1:30204] for GET '/session/25d890da2614815eb1e8097956c950e4/url'
16:04:26.878 [AsyncHttpClient-1-2] DEBUG org.asynchttpclient.netty.handler.HttpHandler - 

Request DefaultFullHttpRequest(decodeResult: success, version: HTTP/1.1, content: EmptyByteBufBE)
GET /session/25d890da2614815eb1e8097956c950e4/url HTTP/1.1
User-Agent: selenium/4.8.1 (java windows)
Cache-Control: no-cache
Content-Type: application/json; charset=utf-8
host: localhost:30204
accept: */*

Response DefaultHttpResponse(decodeResult: success, version: HTTP/1.1)
HTTP/1.1 200 OK
Content-Length: 51
Content-Type: application/json; charset=utf-8
cache-control: no-cache

16:04:26.878 [AsyncHttpClient-1-2] DEBUG org.asynchttpclient.netty.channel.ChannelManager - Adding key: http://localhost:30204 for channel [id: 0x8c143964, L:/127.0.0.1:63565 - R:localhost/127.0.0.1:30204]
16:04:26.879 [Forwarding screenshot on session 25d890da2614815eb1e8097956c950e4 to remote] DEBUG org.asynchttpclient.netty.request.NettyRequestSender - Using pooled Channel '[id: 0x8c143964, L:/127.0.0.1:63565 - R:localhost/127.0.0.1:30204]' for 'GET' to 'http://localhost:30204/session/25d890da2614815eb1e8097956c950e4/screenshot'
16:04:26.879 [Forwarding screenshot on session 25d890da2614815eb1e8097956c950e4 to remote] DEBUG org.asynchttpclient.netty.request.NettyRequestSender - Using open Channel [id: 0x8c143964, L:/127.0.0.1:63565 - R:localhost/127.0.0.1:30204] for GET '/session/25d890da2614815eb1e8097956c950e4/screenshot'
16:04:26.887 [AsyncHttpClient-1-1] DEBUG org.asynchttpclient.netty.channel.DefaultChannelPool - Entry count for : http://localhost:63566 : 1
16:04:26.992 [AsyncHttpClient-1-2] DEBUG org.asynchttpclient.netty.handler.HttpHandler - 

Request DefaultFullHttpRequest(decodeResult: success, version: HTTP/1.1, content: EmptyByteBufBE)
GET /session/25d890da2614815eb1e8097956c950e4/screenshot HTTP/1.1
User-Agent: selenium/4.8.1 (java windows)
Cache-Control: no-cache
Content-Type: application/json; charset=utf-8
host: localhost:30204
accept: */*

Response DefaultHttpResponse(decodeResult: success, version: HTTP/1.1)
HTTP/1.1 200 OK
Content-Length: 33400
Content-Type: application/json; charset=utf-8
cache-control: no-cache

16:04:26.992 [AsyncHttpClient-1-2] DEBUG org.asynchttpclient.netty.channel.ChannelManager - Adding key: http://localhost:30204 for channel [id: 0x8c143964, L:/127.0.0.1:63565 - R:localhost/127.0.0.1:30204]
16:04:26.994 [main] DEBUG net.serenitybdd.core.photography.Darkroom - Send negative for processing for target\site\serenity\9d6c26c95bd11b7e6f0767450f136bc9b25640131b78e50e0ece5f4a0a13d91c.png
16:04:26.994 [main] DEBUG net.thucydides.core.steps.StepInterceptor - STEP DONE: user see error message
  &amp#27;[32mThen &amp#27;[0m&amp#27;[32muser see error message &amp#27;[0m&amp#27;[32m&amp#27;[1m"record not found"&amp#27;[0m             &amp#27;[90m# starter.stepdefinition.LoginStep.userSeeErrorMessage(java.lang.String)&amp#27;[0m
16:04:26.994 [Darkroom Processing Line] DEBUG net.serenitybdd.core.photography.DarkroomProcessingLine - Processing screenshot image in /var/screenshots/screenshot-8128393411314420184
16:04:26.995 [Darkroom Processing Line] DEBUG net.serenitybdd.core.photography.DarkroomProcessingLine - Saving screenshot to target\site\serenity\9d6c26c95bd11b7e6f0767450f136bc9b25640131b78e50e0ece5f4a0a13d91c.png
16:04:26.999 [main] INFO  - 
  _____   ___   ___   _____     ___     _     ___   ___   ___   ___  
 |_   _| | __| / __| |_   _|   | _ \   /_\   / __| / __| | __| |   \ 
   | |   | _|  \__ \   | |     |  _/  / _ \  \__ \ \__ \ | _|  | |) |
   |_|   |___| |___/   |_|     |_|   /_/ \_\ |___/ |___/ |___| |___/ 

As a user, I login with invalid email and password
----------------------------------------------------------------------
16:04:27.000 [AsyncHttpClient-1-4] DEBUG org.asynchttpclient.netty.handler.WebSocketHandler - Channel Closed: [id: 0xd09b5f1b, L:/127.0.0.1:63572 ! R:localhost/127.0.0.1:63566] with attribute NettyResponseFuture{currentRetry=0,
	isDone=1,
	isCancelled=0,
	asyncHandler=org.asynchttpclient.ws.WebSocketUpgradeHandler@68d1d212,
	nettyRequest=org.asynchttpclient.netty.request.NettyRequest@449eb29a,
	future=java.util.concurrent.CompletableFuture@2c1bb644[Completed normally],
	uri=ws://localhost:63566/devtools/browser/322e14f7-cde6-43f6-9cdc-e49ad3923222,
	keepAlive=true,
	redirectCount=0,
	timeoutsHolder=null,
	inAuth=0,
	touch=1683104664472}
16:04:27.000 [AsyncHttpClient-1-4] DEBUG org.asynchttpclient.netty.channel.ChannelManager - Closing Channel [id: 0xd09b5f1b, L:/127.0.0.1:63572 ! R:localhost/127.0.0.1:63566] 
16:04:27.000 [Driver Command Executor] DEBUG org.asynchttpclient.netty.request.NettyRequestSender - Using pooled Channel '[id: 0x8c143964, L:/127.0.0.1:63565 - R:localhost/127.0.0.1:30204]' for 'DELETE' to 'http://localhost:30204/session/25d890da2614815eb1e8097956c950e4'
16:04:27.000 [Driver Command Executor] DEBUG org.asynchttpclient.netty.request.NettyRequestSender - Using open Channel [id: 0x8c143964, L:/127.0.0.1:63565 - R:localhost/127.0.0.1:30204] for DELETE '/session/25d890da2614815eb1e8097956c950e4'
16:04:27.048 [AsyncHttpClient-1-3] DEBUG org.asynchttpclient.netty.handler.HttpHandler - Unexpected I/O exception on channel [id: 0x73cef7c1, L:/127.0.0.1:63571 - R:localhost/127.0.0.1:63566]
java.io.IOException: An existing connection was forcibly closed by the remote host
	at sun.nio.ch.SocketDispatcher.read0(Native Method)
	at sun.nio.ch.SocketDispatcher.read(SocketDispatcher.java:43)
	at sun.nio.ch.IOUtil.readIntoNativeBuffer(IOUtil.java:223)
	at sun.nio.ch.IOUtil.read(IOUtil.java:192)
	at sun.nio.ch.SocketChannelImpl.read(SocketChannelImpl.java:378)
	at io.netty.buffer.PooledByteBuf.setBytes(PooledByteBuf.java:259)
	at io.netty.buffer.AbstractByteBuf.writeBytes(AbstractByteBuf.java:1132)
	at io.netty.channel.socket.nio.NioSocketChannel.doReadBytes(NioSocketChannel.java:357)
	at io.netty.channel.nio.AbstractNioByteChannel$NioByteUnsafe.read(AbstractNioByteChannel.java:151)
	at io.netty.channel.nio.NioEventLoop.processSelectedKey(NioEventLoop.java:788)
	at io.netty.channel.nio.NioEventLoop.processSelectedKeysOptimized(NioEventLoop.java:724)
	at io.netty.channel.nio.NioEventLoop.processSelectedKeys(NioEventLoop.java:650)
	at io.netty.channel.nio.NioEventLoop.run(NioEventLoop.java:562)
	at io.netty.util.concurrent.SingleThreadEventExecutor$4.run(SingleThreadEventExecutor.java:997)
	at io.netty.util.internal.ThreadExecutorMap$2.run(ThreadExecutorMap.java:74)
	at io.netty.util.concurrent.FastThreadLocalRunnable.run(FastThreadLocalRunnable.java:30)
	at java.lang.Thread.run(Thread.java:748)
16:04:27.048 [AsyncHttpClient-1-3] DEBUG org.asynchttpclient.netty.channel.ChannelManager - Closing Channel [id: 0x73cef7c1, L:/127.0.0.1:63571 - R:localhost/127.0.0.1:63566] 
16:04:27.048 [AsyncHttpClient-1-3] DEBUG org.asynchttpclient.netty.handler.HttpHandler - Channel Closed: [id: 0x73cef7c1, L:/127.0.0.1:63571 ! R:localhost/127.0.0.1:63566] with attribute DISCARD
16:04:27.078 [AsyncHttpClient-1-2] DEBUG org.asynchttpclient.netty.handler.HttpHandler - 

Request DefaultFullHttpRequest(decodeResult: success, version: HTTP/1.1, content: EmptyByteBufBE)
DELETE /session/25d890da2614815eb1e8097956c950e4 HTTP/1.1
User-Agent: selenium/4.8.1 (java windows)
Content-Type: application/json; charset=utf-8
host: localhost:30204
accept: */*

Response DefaultHttpResponse(decodeResult: success, version: HTTP/1.1)
HTTP/1.1 200 OK
Content-Length: 14
Content-Type: application/json; charset=utf-8
cache-control: no-cache

16:04:27.078 [AsyncHttpClient-1-2] DEBUG org.asynchttpclient.netty.channel.ChannelManager - Adding key: http://localhost:30204 for channel [id: 0x8c143964, L:/127.0.0.1:63565 - R:localhost/127.0.0.1:30204]
16:04:27.166 [AsyncHttpClient-1-2] DEBUG org.asynchttpclient.netty.handler.HttpHandler - Channel Closed: [id: 0x8c143964, L:/127.0.0.1:63565 ! R:localhost/127.0.0.1:30204] with attribute DISCARD
]]></system-out>
    <system-err><![CDATA[Starting ChromeDriver 112.0.5615.49 (bd2a7bcb881c11e8cfe3078709382934e3916914-refs/branch-heads/5615@{#936}) on port 30204
Only local connections are allowed.
Please see https://chromedriver.chromium.org/security-considerations for suggestions on keeping ChromeDriver safe.
ChromeDriver was started successfully.
May 03, 2023 4:04:24 PM org.openqa.selenium.devtools.CdpVersionFinder findNearestMatch
WARNING: Unable to find an exact match for CDP version 112, so returning the closest version found: 110
]]></system-err>
  </testcase>
  <testcase name="As a user, I login without input email and password" classname="Login - As a user I want to buy some product So that I have to login" time="3.511">
    <system-out><![CDATA[
@TC_Login_006
Scenario: As a user, I login without input email and password &amp#27;[90m# src/test/resources/features/Login.feature:43&amp#27;[0m
16:04:27.697 [main] DEBUG io.cucumber.core.plugin.SerenityReporter - Running feature from file:///C:/Users/user/Downloads/QE_Devi-Agustin-Utari/Mini%20Project/Source_Mini_Project/Web_Automation_AltaShop/src/test/resources/features/Login.feature
16:04:27.699 [main] INFO  - 
  _____   ___   ___   _____     ___   _____     _     ___   _____   ___   ___  
 |_   _| | __| / __| |_   _|   / __| |_   _|   /_\   | _ \ |_   _| | __| |   \ 
   | |   | _|  \__ \   | |     \__ \   | |    / _ \  |   /   | |   | _|  | |) |
   |_|   |___| |___/   |_|     |___/   |_|   /_/ \_\ |_|_\   |_|   |___| |___/ 

As a user, I login without input email and password(login---as-a-user-i-want-to-buy-some-product-so-that-i-have-to-login;as-a-user--i-login-without-input-email-and-password)
--------------------------------------------------------------------------------
16:04:27.722 [main] DEBUG net.thucydides.core.steps.StepInterceptor - STARTING STEP: LoginStep.userOnLoginPage - user on login page
16:04:27.784 [main] INFO net.serenitybdd.core.webdriver.driverproviders.ChromeDriverProvider - Starting Chrome driver instance with capabilities:
16:04:27.784 [main] INFO net.serenitybdd.core.webdriver.driverproviders.ChromeDriverProvider - Capabilities {acceptInsecureCerts: true, browserName: chrome, goog:chromeOptions: {args: [remote-allow-origins=*, test-type, no-sandbox, ignore-certificate-errors, start-maximized, incognito, disable-infobars, disable-gpu, disable-default-apps, disable-popup-blocking, remote-allow-origins=*, test-type, no-sandbox, ignore-certificate-errors, start-maximized, incognito, disable-infobars, disable-gpu, disable-default-apps, disable-popup-blocking, remote-allow-origins=*], extensions: []}}
16:04:27.854 [AsyncHttpClient-1-5] DEBUG org.asynchttpclient.netty.channel.NettyConnectListener - Using new Channel '[id: 0x805303aa, L:/127.0.0.1:63588 - R:localhost/127.0.0.1:44718]' for 'POST' to '/session'
16:04:27.981 [AsyncHttpClient-1-1] DEBUG org.asynchttpclient.netty.channel.DefaultChannelPool - Entry count for : http://localhost:63566 : 1
16:04:27.981 [AsyncHttpClient-1-1] DEBUG org.asynchttpclient.netty.channel.DefaultChannelPool - Entry count for : http://localhost:30204 : 1
16:04:27.981 [AsyncHttpClient-1-1] DEBUG org.asynchttpclient.netty.channel.DefaultChannelPool - Adding Candidate expired Channel [id: 0x73cef7c1, L:/127.0.0.1:63571 ! R:localhost/127.0.0.1:63566] isIdleTimeoutExpired=false isRemotelyClosed=true isTtlExpired=false
16:04:27.981 [AsyncHttpClient-1-1] DEBUG org.asynchttpclient.netty.channel.DefaultChannelPool - Closing Idle Channel [id: 0x73cef7c1, L:/127.0.0.1:63571 ! R:localhost/127.0.0.1:63566]
16:04:27.981 [AsyncHttpClient-1-1] DEBUG org.asynchttpclient.netty.channel.DefaultChannelPool - Adding Candidate expired Channel [id: 0x8c143964, L:/127.0.0.1:63565 ! R:localhost/127.0.0.1:30204] isIdleTimeoutExpired=false isRemotelyClosed=true isTtlExpired=false
16:04:27.981 [AsyncHttpClient-1-1] DEBUG org.asynchttpclient.netty.channel.DefaultChannelPool - Closing Idle Channel [id: 0x8c143964, L:/127.0.0.1:63565 ! R:localhost/127.0.0.1:30204]
16:04:27.982 [AsyncHttpClient-1-1] DEBUG org.asynchttpclient.netty.channel.DefaultChannelPool - Closed 2 connections out of 2 in 1 ms
16:04:28.874 [AsyncHttpClient-1-5] DEBUG org.asynchttpclient.netty.handler.HttpHandler - 

Request DefaultHttpRequest(decodeResult: success, version: HTTP/1.1)
POST /session HTTP/1.1
User-Agent: selenium/4.8.1 (java windows)
Content-Length: 1701
Content-Type: application/json; charset=utf-8
host: localhost:44718
accept: */*

Response DefaultHttpResponse(decodeResult: success, version: HTTP/1.1)
HTTP/1.1 200 OK
Content-Length: 843
Content-Type: application/json; charset=utf-8
cache-control: no-cache

16:04:28.875 [AsyncHttpClient-1-5] DEBUG org.asynchttpclient.netty.channel.ChannelManager - Adding key: http://localhost:44718 for channel [id: 0x805303aa, L:/127.0.0.1:63588 - R:localhost/127.0.0.1:44718]
16:04:28.880 [AsyncHttpClient-1-6] DEBUG org.asynchttpclient.netty.channel.NettyConnectListener - Using new Channel '[id: 0x72c07d88, L:/127.0.0.1:63594 - R:localhost/127.0.0.1:63589]' for 'GET' to '/json/version'
16:04:28.880 [AsyncHttpClient-1-6] DEBUG org.asynchttpclient.netty.handler.HttpHandler - 

Request DefaultFullHttpRequest(decodeResult: success, version: HTTP/1.1, content: EmptyByteBufBE)
GET /json/version HTTP/1.1
User-Agent: selenium/4.8.1 (java windows)
host: localhost:63589
accept: */*

Response DefaultHttpResponse(decodeResult: success, version: HTTP/1.1)
HTTP/1.1 200 OK
Content-Security-Policy: frame-ancestors 'none'
Content-Length: 424
Content-Type: application/json; charset=UTF-8

16:04:28.880 [AsyncHttpClient-1-6] DEBUG org.asynchttpclient.netty.channel.ChannelManager - Adding key: http://localhost:63589 for channel [id: 0x72c07d88, L:/127.0.0.1:63594 - R:localhost/127.0.0.1:63589]
16:04:28.882 [AsyncHttpClient-1-7] DEBUG org.asynchttpclient.netty.channel.NettyConnectListener - Using new Channel '[id: 0x2f13f7a3, L:/127.0.0.1:63595 - R:localhost/127.0.0.1:63589]' for 'GET' to '/devtools/browser/2274d8e1-7be0-48eb-bf4b-4925bea795c5'
16:04:28.883 [AsyncHttpClient-1-7] DEBUG org.asynchttpclient.netty.handler.WebSocketHandler - 

Request DefaultFullHttpRequest(decodeResult: success, version: HTTP/1.1, content: EmptyByteBufBE)
GET /devtools/browser/2274d8e1-7be0-48eb-bf4b-4925bea795c5 HTTP/1.1
upgrade: websocket
connection: upgrade
sec-websocket-key: zevbrv1MVIndDrkk624q4w==
sec-websocket-version: 13
origin: http://localhost:63589
host: localhost:63589
accept: */*
user-agent: AHC/2.1

Response DefaultHttpResponse(decodeResult: success, version: HTTP/1.1)
HTTP/1.1 101 WebSocket Protocol Handshake
Upgrade: WebSocket
Connection: Upgrade
Sec-WebSocket-Accept: UZs9tVEt5h2/HMfkdeTAhHKS6I8=

16:04:28.885 [Forwarding get on session 0864a73109563ab97122eac005630400 to remote] DEBUG org.asynchttpclient.netty.request.NettyRequestSender - Using pooled Channel '[id: 0x805303aa, L:/127.0.0.1:63588 - R:localhost/127.0.0.1:44718]' for 'POST' to 'http://localhost:44718/session/0864a73109563ab97122eac005630400/url'
16:04:28.885 [Forwarding get on session 0864a73109563ab97122eac005630400 to remote] DEBUG org.asynchttpclient.netty.request.NettyRequestSender - Using open Channel [id: 0x805303aa, L:/127.0.0.1:63588 - R:localhost/127.0.0.1:44718] for POST '/session/0864a73109563ab97122eac005630400/url'
16:04:29.087 [AsyncHttpClient-1-1] DEBUG org.asynchttpclient.netty.channel.DefaultChannelPool - Entry count for : http://localhost:63589 : 1
16:04:29.782 [AsyncHttpClient-1-5] DEBUG org.asynchttpclient.netty.handler.HttpHandler - 

Request DefaultHttpRequest(decodeResult: success, version: HTTP/1.1)
POST /session/0864a73109563ab97122eac005630400/url HTTP/1.1
User-Agent: selenium/4.8.1 (java windows)
Content-Length: 74
Content-Type: application/json; charset=utf-8
host: localhost:44718
accept: */*

Response DefaultHttpResponse(decodeResult: success, version: HTTP/1.1)
HTTP/1.1 200 OK
Content-Length: 14
Content-Type: application/json; charset=utf-8
cache-control: no-cache

16:04:29.782 [AsyncHttpClient-1-5] DEBUG org.asynchttpclient.netty.channel.ChannelManager - Adding key: http://localhost:44718 for channel [id: 0x805303aa, L:/127.0.0.1:63588 - R:localhost/127.0.0.1:44718]
16:04:29.783 [Forwarding setTimeout on session 0864a73109563ab97122eac005630400 to remote] DEBUG org.asynchttpclient.netty.request.NettyRequestSender - Using pooled Channel '[id: 0x805303aa, L:/127.0.0.1:63588 - R:localhost/127.0.0.1:44718]' for 'POST' to 'http://localhost:44718/session/0864a73109563ab97122eac005630400/timeouts'
16:04:29.784 [Forwarding setTimeout on session 0864a73109563ab97122eac005630400 to remote] DEBUG org.asynchttpclient.netty.request.NettyRequestSender - Using open Channel [id: 0x805303aa, L:/127.0.0.1:63588 - R:localhost/127.0.0.1:44718] for POST '/session/0864a73109563ab97122eac005630400/timeouts'
16:04:29.784 [AsyncHttpClient-1-5] DEBUG org.asynchttpclient.netty.handler.HttpHandler - 

Request DefaultHttpRequest(decodeResult: success, version: HTTP/1.1)
POST /session/0864a73109563ab97122eac005630400/timeouts HTTP/1.1
User-Agent: selenium/4.8.1 (java windows)
Content-Length: 22
Content-Type: application/json; charset=utf-8
host: localhost:44718
accept: */*

Response DefaultHttpResponse(decodeResult: success, version: HTTP/1.1)
HTTP/1.1 200 OK
Content-Length: 14
Content-Type: application/json; charset=utf-8
cache-control: no-cache

16:04:29.785 [AsyncHttpClient-1-5] DEBUG org.asynchttpclient.netty.channel.ChannelManager - Adding key: http://localhost:44718 for channel [id: 0x805303aa, L:/127.0.0.1:63588 - R:localhost/127.0.0.1:44718]
16:04:29.792 [Forwarding findElement on session 0864a73109563ab97122eac005630400 to remote] DEBUG org.asynchttpclient.netty.request.NettyRequestSender - Using pooled Channel '[id: 0x805303aa, L:/127.0.0.1:63588 - R:localhost/127.0.0.1:44718]' for 'POST' to 'http://localhost:44718/session/0864a73109563ab97122eac005630400/element'
16:04:29.792 [Forwarding findElement on session 0864a73109563ab97122eac005630400 to remote] DEBUG org.asynchttpclient.netty.request.NettyRequestSender - Using open Channel [id: 0x805303aa, L:/127.0.0.1:63588 - R:localhost/127.0.0.1:44718] for POST '/session/0864a73109563ab97122eac005630400/element'
16:04:29.808 [AsyncHttpClient-1-5] DEBUG org.asynchttpclient.netty.handler.HttpHandler - 

Request DefaultHttpRequest(decodeResult: success, version: HTTP/1.1)
POST /session/0864a73109563ab97122eac005630400/element HTTP/1.1
User-Agent: selenium/4.8.1 (java windows)
Content-Length: 69
Content-Type: application/json; charset=utf-8
host: localhost:44718
accept: */*

Response DefaultHttpResponse(decodeResult: success, version: HTTP/1.1)
HTTP/1.1 200 OK
Content-Length: 88
Content-Type: application/json; charset=utf-8
cache-control: no-cache

16:04:29.808 [AsyncHttpClient-1-5] DEBUG org.asynchttpclient.netty.channel.ChannelManager - Adding key: http://localhost:44718 for channel [id: 0x805303aa, L:/127.0.0.1:63588 - R:localhost/127.0.0.1:44718]
16:04:29.811 [Forwarding isElementDisplayed on session 0864a73109563ab97122eac005630400 to remote] DEBUG org.asynchttpclient.netty.request.NettyRequestSender - Using pooled Channel '[id: 0x805303aa, L:/127.0.0.1:63588 - R:localhost/127.0.0.1:44718]' for 'POST' to 'http://localhost:44718/session/0864a73109563ab97122eac005630400/execute/sync'
16:04:29.811 [Forwarding isElementDisplayed on session 0864a73109563ab97122eac005630400 to remote] DEBUG org.asynchttpclient.netty.request.NettyRequestSender - Using open Channel [id: 0x805303aa, L:/127.0.0.1:63588 - R:localhost/127.0.0.1:44718] for POST '/session/0864a73109563ab97122eac005630400/execute/sync'
16:04:29.825 [AsyncHttpClient-1-5] DEBUG org.asynchttpclient.netty.handler.HttpHandler - 

Request DefaultHttpRequest(decodeResult: success, version: HTTP/1.1)
POST /session/0864a73109563ab97122eac005630400/execute/sync HTTP/1.1
User-Agent: selenium/4.8.1 (java windows)
Content-Length: 48807
Content-Type: application/json; charset=utf-8
host: localhost:44718
accept: */*

Response DefaultHttpResponse(decodeResult: success, version: HTTP/1.1)
HTTP/1.1 200 OK
Content-Length: 14
Content-Type: application/json; charset=utf-8
cache-control: no-cache

16:04:29.825 [AsyncHttpClient-1-5] DEBUG org.asynchttpclient.netty.channel.ChannelManager - Adding key: http://localhost:44718 for channel [id: 0x805303aa, L:/127.0.0.1:63588 - R:localhost/127.0.0.1:44718]
16:04:29.830 [Forwarding getAlertText on session 0864a73109563ab97122eac005630400 to remote] DEBUG org.asynchttpclient.netty.request.NettyRequestSender - Using pooled Channel '[id: 0x805303aa, L:/127.0.0.1:63588 - R:localhost/127.0.0.1:44718]' for 'GET' to 'http://localhost:44718/session/0864a73109563ab97122eac005630400/alert/text'
16:04:29.830 [Forwarding getAlertText on session 0864a73109563ab97122eac005630400 to remote] DEBUG org.asynchttpclient.netty.request.NettyRequestSender - Using open Channel [id: 0x805303aa, L:/127.0.0.1:63588 - R:localhost/127.0.0.1:44718] for GET '/session/0864a73109563ab97122eac005630400/alert/text'
16:04:29.831 [AsyncHttpClient-1-5] DEBUG org.asynchttpclient.netty.handler.HttpHandler - 

Request DefaultFullHttpRequest(decodeResult: success, version: HTTP/1.1, content: EmptyByteBufBE)
GET /session/0864a73109563ab97122eac005630400/alert/text HTTP/1.1
User-Agent: selenium/4.8.1 (java windows)
Cache-Control: no-cache
Content-Type: application/json; charset=utf-8
host: localhost:44718
accept: */*

Response DefaultHttpResponse(decodeResult: success, version: HTTP/1.1)
HTTP/1.1 404 Not Found
Content-Length: 848
Content-Type: application/json; charset=utf-8
cache-control: no-cache

16:04:29.831 [AsyncHttpClient-1-5] DEBUG org.asynchttpclient.netty.channel.ChannelManager - Adding key: http://localhost:44718 for channel [id: 0x805303aa, L:/127.0.0.1:63588 - R:localhost/127.0.0.1:44718]
16:04:29.832 [Forwarding getCurrentUrl on session 0864a73109563ab97122eac005630400 to remote] DEBUG org.asynchttpclient.netty.request.NettyRequestSender - Using pooled Channel '[id: 0x805303aa, L:/127.0.0.1:63588 - R:localhost/127.0.0.1:44718]' for 'GET' to 'http://localhost:44718/session/0864a73109563ab97122eac005630400/url'
16:04:29.832 [Forwarding getCurrentUrl on session 0864a73109563ab97122eac005630400 to remote] DEBUG org.asynchttpclient.netty.request.NettyRequestSender - Using open Channel [id: 0x805303aa, L:/127.0.0.1:63588 - R:localhost/127.0.0.1:44718] for GET '/session/0864a73109563ab97122eac005630400/url'
16:04:29.836 [AsyncHttpClient-1-5] DEBUG org.asynchttpclient.netty.handler.HttpHandler - 

Request DefaultFullHttpRequest(decodeResult: success, version: HTTP/1.1, content: EmptyByteBufBE)
GET /session/0864a73109563ab97122eac005630400/url HTTP/1.1
User-Agent: selenium/4.8.1 (java windows)
Cache-Control: no-cache
Content-Type: application/json; charset=utf-8
host: localhost:44718
accept: */*

Response DefaultHttpResponse(decodeResult: success, version: HTTP/1.1)
HTTP/1.1 200 OK
Content-Length: 51
Content-Type: application/json; charset=utf-8
cache-control: no-cache

16:04:29.837 [AsyncHttpClient-1-5] DEBUG org.asynchttpclient.netty.channel.ChannelManager - Adding key: http://localhost:44718 for channel [id: 0x805303aa, L:/127.0.0.1:63588 - R:localhost/127.0.0.1:44718]
16:04:29.838 [Forwarding screenshot on session 0864a73109563ab97122eac005630400 to remote] DEBUG org.asynchttpclient.netty.request.NettyRequestSender - Using pooled Channel '[id: 0x805303aa, L:/127.0.0.1:63588 - R:localhost/127.0.0.1:44718]' for 'GET' to 'http://localhost:44718/session/0864a73109563ab97122eac005630400/screenshot'
16:04:29.838 [Forwarding screenshot on session 0864a73109563ab97122eac005630400 to remote] DEBUG org.asynchttpclient.netty.request.NettyRequestSender - Using open Channel [id: 0x805303aa, L:/127.0.0.1:63588 - R:localhost/127.0.0.1:44718] for GET '/session/0864a73109563ab97122eac005630400/screenshot'
16:04:29.907 [AsyncHttpClient-1-5] DEBUG org.asynchttpclient.netty.handler.HttpHandler - 

Request DefaultFullHttpRequest(decodeResult: success, version: HTTP/1.1, content: EmptyByteBufBE)
GET /session/0864a73109563ab97122eac005630400/screenshot HTTP/1.1
User-Agent: selenium/4.8.1 (java windows)
Cache-Control: no-cache
Content-Type: application/json; charset=utf-8
host: localhost:44718
accept: */*

Response DefaultHttpResponse(decodeResult: success, version: HTTP/1.1)
HTTP/1.1 200 OK
Content-Length: 25060
Content-Type: application/json; charset=utf-8
cache-control: no-cache

16:04:29.907 [AsyncHttpClient-1-5] DEBUG org.asynchttpclient.netty.channel.ChannelManager - Adding key: http://localhost:44718 for channel [id: 0x805303aa, L:/127.0.0.1:63588 - R:localhost/127.0.0.1:44718]
16:04:29.909 [main] DEBUG net.serenitybdd.core.photography.Darkroom - Send negative for processing for target\site\serenity\1db263dd5c04c8fe15e82ee6420144d4e1e7b9826b9315cfd7ec5b5d0da76045.png
16:04:29.909 [main] DEBUG net.thucydides.core.steps.StepInterceptor - STEP DONE: user on login page
  &amp#27;[32mGiven &amp#27;[0m&amp#27;[32muser on login page&amp#27;[0m                                    &amp#27;[90m# starter.stepdefinition.LoginStep.userOnLoginPage()&amp#27;[0m
16:04:29.917 [main] DEBUG net.thucydides.core.steps.StepInterceptor - STARTING STEP: LoginStep.clickButtonLogin - click button login
16:04:29.919 [Forwarding findElement on session 0864a73109563ab97122eac005630400 to remote] DEBUG org.asynchttpclient.netty.request.NettyRequestSender - Using pooled Channel '[id: 0x805303aa, L:/127.0.0.1:63588 - R:localhost/127.0.0.1:44718]' for 'POST' to 'http://localhost:44718/session/0864a73109563ab97122eac005630400/element'
16:04:29.919 [Forwarding findElement on session 0864a73109563ab97122eac005630400 to remote] DEBUG org.asynchttpclient.netty.request.NettyRequestSender - Using open Channel [id: 0x805303aa, L:/127.0.0.1:63588 - R:localhost/127.0.0.1:44718] for POST '/session/0864a73109563ab97122eac005630400/element'
16:04:29.926 [AsyncHttpClient-1-5] DEBUG org.asynchttpclient.netty.handler.HttpHandler - 

Request DefaultHttpRequest(decodeResult: success, version: HTTP/1.1)
POST /session/0864a73109563ab97122eac005630400/element HTTP/1.1
User-Agent: selenium/4.8.1 (java windows)
Content-Length: 69
Content-Type: application/json; charset=utf-8
host: localhost:44718
accept: */*

Response DefaultHttpResponse(decodeResult: success, version: HTTP/1.1)
HTTP/1.1 200 OK
Content-Length: 88
Content-Type: application/json; charset=utf-8
cache-control: no-cache

16:04:29.926 [AsyncHttpClient-1-5] DEBUG org.asynchttpclient.netty.channel.ChannelManager - Adding key: http://localhost:44718 for channel [id: 0x805303aa, L:/127.0.0.1:63588 - R:localhost/127.0.0.1:44718]
16:04:29.927 [Forwarding getElementTagName on session 0864a73109563ab97122eac005630400 to remote] DEBUG org.asynchttpclient.netty.request.NettyRequestSender - Using pooled Channel '[id: 0x805303aa, L:/127.0.0.1:63588 - R:localhost/127.0.0.1:44718]' for 'GET' to 'http://localhost:44718/session/0864a73109563ab97122eac005630400/element/6993a62c-c8cc-4219-b5a2-31e8651d2950/name'
16:04:29.927 [Forwarding getElementTagName on session 0864a73109563ab97122eac005630400 to remote] DEBUG org.asynchttpclient.netty.request.NettyRequestSender - Using open Channel [id: 0x805303aa, L:/127.0.0.1:63588 - R:localhost/127.0.0.1:44718] for GET '/session/0864a73109563ab97122eac005630400/element/6993a62c-c8cc-4219-b5a2-31e8651d2950/name'
16:04:29.931 [AsyncHttpClient-1-5] DEBUG org.asynchttpclient.netty.handler.HttpHandler - 

Request DefaultFullHttpRequest(decodeResult: success, version: HTTP/1.1, content: EmptyByteBufBE)
GET /session/0864a73109563ab97122eac005630400/element/6993a62c-c8cc-4219-b5a2-31e8651d2950/name HTTP/1.1
User-Agent: selenium/4.8.1 (java windows)
Cache-Control: no-cache
Content-Type: application/json; charset=utf-8
host: localhost:44718
accept: */*

Response DefaultHttpResponse(decodeResult: success, version: HTTP/1.1)
HTTP/1.1 200 OK
Content-Length: 16
Content-Type: application/json; charset=utf-8
cache-control: no-cache

16:04:29.931 [AsyncHttpClient-1-5] DEBUG org.asynchttpclient.netty.channel.ChannelManager - Adding key: http://localhost:44718 for channel [id: 0x805303aa, L:/127.0.0.1:63588 - R:localhost/127.0.0.1:44718]
16:04:29.932 [Forwarding getElementTagName on session 0864a73109563ab97122eac005630400 to remote] DEBUG org.asynchttpclient.netty.request.NettyRequestSender - Using pooled Channel '[id: 0x805303aa, L:/127.0.0.1:63588 - R:localhost/127.0.0.1:44718]' for 'GET' to 'http://localhost:44718/session/0864a73109563ab97122eac005630400/element/6993a62c-c8cc-4219-b5a2-31e8651d2950/name'
16:04:29.932 [Forwarding getElementTagName on session 0864a73109563ab97122eac005630400 to remote] DEBUG org.asynchttpclient.netty.request.NettyRequestSender - Using open Channel [id: 0x805303aa, L:/127.0.0.1:63588 - R:localhost/127.0.0.1:44718] for GET '/session/0864a73109563ab97122eac005630400/element/6993a62c-c8cc-4219-b5a2-31e8651d2950/name'
16:04:29.935 [AsyncHttpClient-1-5] DEBUG org.asynchttpclient.netty.handler.HttpHandler - 

Request DefaultFullHttpRequest(decodeResult: success, version: HTTP/1.1, content: EmptyByteBufBE)
GET /session/0864a73109563ab97122eac005630400/element/6993a62c-c8cc-4219-b5a2-31e8651d2950/name HTTP/1.1
User-Agent: selenium/4.8.1 (java windows)
Cache-Control: no-cache
Content-Type: application/json; charset=utf-8
host: localhost:44718
accept: */*

Response DefaultHttpResponse(decodeResult: success, version: HTTP/1.1)
HTTP/1.1 200 OK
Content-Length: 16
Content-Type: application/json; charset=utf-8
cache-control: no-cache

16:04:29.935 [AsyncHttpClient-1-5] DEBUG org.asynchttpclient.netty.channel.ChannelManager - Adding key: http://localhost:44718 for channel [id: 0x805303aa, L:/127.0.0.1:63588 - R:localhost/127.0.0.1:44718]
16:04:29.937 [Forwarding findElement on session 0864a73109563ab97122eac005630400 to remote] DEBUG org.asynchttpclient.netty.request.NettyRequestSender - Using pooled Channel '[id: 0x805303aa, L:/127.0.0.1:63588 - R:localhost/127.0.0.1:44718]' for 'POST' to 'http://localhost:44718/session/0864a73109563ab97122eac005630400/element'
16:04:29.937 [Forwarding findElement on session 0864a73109563ab97122eac005630400 to remote] DEBUG org.asynchttpclient.netty.request.NettyRequestSender - Using open Channel [id: 0x805303aa, L:/127.0.0.1:63588 - R:localhost/127.0.0.1:44718] for POST '/session/0864a73109563ab97122eac005630400/element'
16:04:29.943 [AsyncHttpClient-1-5] DEBUG org.asynchttpclient.netty.handler.HttpHandler - 

Request DefaultHttpRequest(decodeResult: success, version: HTTP/1.1)
POST /session/0864a73109563ab97122eac005630400/element HTTP/1.1
User-Agent: selenium/4.8.1 (java windows)
Content-Length: 69
Content-Type: application/json; charset=utf-8
host: localhost:44718
accept: */*

Response DefaultHttpResponse(decodeResult: success, version: HTTP/1.1)
HTTP/1.1 200 OK
Content-Length: 88
Content-Type: application/json; charset=utf-8
cache-control: no-cache

16:04:29.943 [AsyncHttpClient-1-5] DEBUG org.asynchttpclient.netty.channel.ChannelManager - Adding key: http://localhost:44718 for channel [id: 0x805303aa, L:/127.0.0.1:63588 - R:localhost/127.0.0.1:44718]
16:04:29.943 [Forwarding clickElement on session 0864a73109563ab97122eac005630400 to remote] DEBUG org.asynchttpclient.netty.request.NettyRequestSender - Using pooled Channel '[id: 0x805303aa, L:/127.0.0.1:63588 - R:localhost/127.0.0.1:44718]' for 'POST' to 'http://localhost:44718/session/0864a73109563ab97122eac005630400/element/6993a62c-c8cc-4219-b5a2-31e8651d2950/click'
16:04:29.943 [Forwarding clickElement on session 0864a73109563ab97122eac005630400 to remote] DEBUG org.asynchttpclient.netty.request.NettyRequestSender - Using open Channel [id: 0x805303aa, L:/127.0.0.1:63588 - R:localhost/127.0.0.1:44718] for POST '/session/0864a73109563ab97122eac005630400/element/6993a62c-c8cc-4219-b5a2-31e8651d2950/click'
16:04:29.984 [AsyncHttpClient-1-5] DEBUG org.asynchttpclient.netty.handler.HttpHandler - 

Request DefaultHttpRequest(decodeResult: success, version: HTTP/1.1)
POST /session/0864a73109563ab97122eac005630400/element/6993a62c-c8cc-4219-b5a2-31e8651d2950/click HTTP/1.1
User-Agent: selenium/4.8.1 (java windows)
Content-Length: 50
Content-Type: application/json; charset=utf-8
host: localhost:44718
accept: */*

Response DefaultHttpResponse(decodeResult: success, version: HTTP/1.1)
HTTP/1.1 200 OK
Content-Length: 14
Content-Type: application/json; charset=utf-8
cache-control: no-cache

16:04:29.984 [AsyncHttpClient-1-5] DEBUG org.asynchttpclient.netty.channel.ChannelManager - Adding key: http://localhost:44718 for channel [id: 0x805303aa, L:/127.0.0.1:63588 - R:localhost/127.0.0.1:44718]
16:04:29.990 [Forwarding getAlertText on session 0864a73109563ab97122eac005630400 to remote] DEBUG org.asynchttpclient.netty.request.NettyRequestSender - Using pooled Channel '[id: 0x805303aa, L:/127.0.0.1:63588 - R:localhost/127.0.0.1:44718]' for 'GET' to 'http://localhost:44718/session/0864a73109563ab97122eac005630400/alert/text'
16:04:29.990 [Forwarding getAlertText on session 0864a73109563ab97122eac005630400 to remote] DEBUG org.asynchttpclient.netty.request.NettyRequestSender - Using open Channel [id: 0x805303aa, L:/127.0.0.1:63588 - R:localhost/127.0.0.1:44718] for GET '/session/0864a73109563ab97122eac005630400/alert/text'
16:04:29.992 [AsyncHttpClient-1-5] DEBUG org.asynchttpclient.netty.handler.HttpHandler - 

Request DefaultFullHttpRequest(decodeResult: success, version: HTTP/1.1, content: EmptyByteBufBE)
GET /session/0864a73109563ab97122eac005630400/alert/text HTTP/1.1
User-Agent: selenium/4.8.1 (java windows)
Cache-Control: no-cache
Content-Type: application/json; charset=utf-8
host: localhost:44718
accept: */*

Response DefaultHttpResponse(decodeResult: success, version: HTTP/1.1)
HTTP/1.1 404 Not Found
Content-Length: 848
Content-Type: application/json; charset=utf-8
cache-control: no-cache

16:04:29.992 [AsyncHttpClient-1-5] DEBUG org.asynchttpclient.netty.channel.ChannelManager - Adding key: http://localhost:44718 for channel [id: 0x805303aa, L:/127.0.0.1:63588 - R:localhost/127.0.0.1:44718]
16:04:29.993 [Forwarding getCurrentUrl on session 0864a73109563ab97122eac005630400 to remote] DEBUG org.asynchttpclient.netty.request.NettyRequestSender - Using pooled Channel '[id: 0x805303aa, L:/127.0.0.1:63588 - R:localhost/127.0.0.1:44718]' for 'GET' to 'http://localhost:44718/session/0864a73109563ab97122eac005630400/url'
16:04:29.993 [Forwarding getCurrentUrl on session 0864a73109563ab97122eac005630400 to remote] DEBUG org.asynchttpclient.netty.request.NettyRequestSender - Using open Channel [id: 0x805303aa, L:/127.0.0.1:63588 - R:localhost/127.0.0.1:44718] for GET '/session/0864a73109563ab97122eac005630400/url'
16:04:29.997 [AsyncHttpClient-1-5] DEBUG org.asynchttpclient.netty.handler.HttpHandler - 

Request DefaultFullHttpRequest(decodeResult: success, version: HTTP/1.1, content: EmptyByteBufBE)
GET /session/0864a73109563ab97122eac005630400/url HTTP/1.1
User-Agent: selenium/4.8.1 (java windows)
Cache-Control: no-cache
Content-Type: application/json; charset=utf-8
host: localhost:44718
accept: */*

Response DefaultHttpResponse(decodeResult: success, version: HTTP/1.1)
HTTP/1.1 200 OK
Content-Length: 51
Content-Type: application/json; charset=utf-8
cache-control: no-cache

16:04:29.997 [AsyncHttpClient-1-5] DEBUG org.asynchttpclient.netty.channel.ChannelManager - Adding key: http://localhost:44718 for channel [id: 0x805303aa, L:/127.0.0.1:63588 - R:localhost/127.0.0.1:44718]
16:04:29.997 [Forwarding screenshot on session 0864a73109563ab97122eac005630400 to remote] DEBUG org.asynchttpclient.netty.request.NettyRequestSender - Using pooled Channel '[id: 0x805303aa, L:/127.0.0.1:63588 - R:localhost/127.0.0.1:44718]' for 'GET' to 'http://localhost:44718/session/0864a73109563ab97122eac005630400/screenshot'
16:04:29.997 [Forwarding screenshot on session 0864a73109563ab97122eac005630400 to remote] DEBUG org.asynchttpclient.netty.request.NettyRequestSender - Using open Channel [id: 0x805303aa, L:/127.0.0.1:63588 - R:localhost/127.0.0.1:44718] for GET '/session/0864a73109563ab97122eac005630400/screenshot'
16:04:30.079 [AsyncHttpClient-1-5] DEBUG org.asynchttpclient.netty.handler.HttpHandler - 

Request DefaultFullHttpRequest(decodeResult: success, version: HTTP/1.1, content: EmptyByteBufBE)
GET /session/0864a73109563ab97122eac005630400/screenshot HTTP/1.1
User-Agent: selenium/4.8.1 (java windows)
Cache-Control: no-cache
Content-Type: application/json; charset=utf-8
host: localhost:44718
accept: */*

Response DefaultHttpResponse(decodeResult: success, version: HTTP/1.1)
HTTP/1.1 200 OK
Content-Length: 25216
Content-Type: application/json; charset=utf-8
cache-control: no-cache

16:04:30.079 [AsyncHttpClient-1-5] DEBUG org.asynchttpclient.netty.channel.ChannelManager - Adding key: http://localhost:44718 for channel [id: 0x805303aa, L:/127.0.0.1:63588 - R:localhost/127.0.0.1:44718]
16:04:30.081 [main] DEBUG net.serenitybdd.core.photography.Darkroom - Send negative for processing for target\site\serenity\db6706e87244200a9da2b5c6083364085410e45e6384013cdccf7d3a6397f62c.png
16:04:30.081 [main] DEBUG net.thucydides.core.steps.StepInterceptor - STEP DONE: click button login
  &amp#27;[32mWhen &amp#27;[0m&amp#27;[32mclick button login&amp#27;[0m                                     &amp#27;[90m# starter.stepdefinition.LoginStep.clickButtonLogin()&amp#27;[0m
16:04:30.081 [Darkroom Processing Line] DEBUG net.serenitybdd.core.photography.DarkroomProcessingLine - Processing screenshot image in /var/screenshots/screenshot-5506392164532189315
16:04:30.081 [Darkroom Processing Line] DEBUG net.serenitybdd.core.photography.DarkroomProcessingLine - Saving screenshot to target\site\serenity\db6706e87244200a9da2b5c6083364085410e45e6384013cdccf7d3a6397f62c.png
16:04:30.089 [main] DEBUG net.thucydides.core.steps.StepInterceptor - STARTING STEP: LoginStep.userSeeErrorMessage - user see error message
16:04:30.091 [Forwarding findElement on session 0864a73109563ab97122eac005630400 to remote] DEBUG org.asynchttpclient.netty.request.NettyRequestSender - Using pooled Channel '[id: 0x805303aa, L:/127.0.0.1:63588 - R:localhost/127.0.0.1:44718]' for 'POST' to 'http://localhost:44718/session/0864a73109563ab97122eac005630400/element'
16:04:30.091 [Forwarding findElement on session 0864a73109563ab97122eac005630400 to remote] DEBUG org.asynchttpclient.netty.request.NettyRequestSender - Using open Channel [id: 0x805303aa, L:/127.0.0.1:63588 - R:localhost/127.0.0.1:44718] for POST '/session/0864a73109563ab97122eac005630400/element'
16:04:30.177 [AsyncHttpClient-1-1] DEBUG org.asynchttpclient.netty.channel.DefaultChannelPool - Entry count for : http://localhost:63589 : 1
16:04:30.226 [AsyncHttpClient-1-5] DEBUG org.asynchttpclient.netty.handler.HttpHandler - 

Request DefaultHttpRequest(decodeResult: success, version: HTTP/1.1)
POST /session/0864a73109563ab97122eac005630400/element HTTP/1.1
User-Agent: selenium/4.8.1 (java windows)
Content-Length: 79
Content-Type: application/json; charset=utf-8
host: localhost:44718
accept: */*

Response DefaultHttpResponse(decodeResult: success, version: HTTP/1.1)
HTTP/1.1 200 OK
Content-Length: 88
Content-Type: application/json; charset=utf-8
cache-control: no-cache

16:04:30.226 [AsyncHttpClient-1-5] DEBUG org.asynchttpclient.netty.channel.ChannelManager - Adding key: http://localhost:44718 for channel [id: 0x805303aa, L:/127.0.0.1:63588 - R:localhost/127.0.0.1:44718]
16:04:30.231 [Forwarding isElementDisplayed on session 0864a73109563ab97122eac005630400 to remote] DEBUG org.asynchttpclient.netty.request.NettyRequestSender - Using pooled Channel '[id: 0x805303aa, L:/127.0.0.1:63588 - R:localhost/127.0.0.1:44718]' for 'POST' to 'http://localhost:44718/session/0864a73109563ab97122eac005630400/execute/sync'
16:04:30.231 [Forwarding isElementDisplayed on session 0864a73109563ab97122eac005630400 to remote] DEBUG org.asynchttpclient.netty.request.NettyRequestSender - Using open Channel [id: 0x805303aa, L:/127.0.0.1:63588 - R:localhost/127.0.0.1:44718] for POST '/session/0864a73109563ab97122eac005630400/execute/sync'
16:04:30.253 [AsyncHttpClient-1-5] DEBUG org.asynchttpclient.netty.handler.HttpHandler - 

Request DefaultHttpRequest(decodeResult: success, version: HTTP/1.1)
POST /session/0864a73109563ab97122eac005630400/execute/sync HTTP/1.1
User-Agent: selenium/4.8.1 (java windows)
Content-Length: 48807
Content-Type: application/json; charset=utf-8
host: localhost:44718
accept: */*

Response DefaultHttpResponse(decodeResult: success, version: HTTP/1.1)
HTTP/1.1 200 OK
Content-Length: 14
Content-Type: application/json; charset=utf-8
cache-control: no-cache

16:04:30.253 [AsyncHttpClient-1-5] DEBUG org.asynchttpclient.netty.channel.ChannelManager - Adding key: http://localhost:44718 for channel [id: 0x805303aa, L:/127.0.0.1:63588 - R:localhost/127.0.0.1:44718]
16:04:30.263 [Forwarding getAlertText on session 0864a73109563ab97122eac005630400 to remote] DEBUG org.asynchttpclient.netty.request.NettyRequestSender - Using pooled Channel '[id: 0x805303aa, L:/127.0.0.1:63588 - R:localhost/127.0.0.1:44718]' for 'GET' to 'http://localhost:44718/session/0864a73109563ab97122eac005630400/alert/text'
16:04:30.263 [Forwarding getAlertText on session 0864a73109563ab97122eac005630400 to remote] DEBUG org.asynchttpclient.netty.request.NettyRequestSender - Using open Channel [id: 0x805303aa, L:/127.0.0.1:63588 - R:localhost/127.0.0.1:44718] for GET '/session/0864a73109563ab97122eac005630400/alert/text'
16:04:30.265 [AsyncHttpClient-1-5] DEBUG org.asynchttpclient.netty.handler.HttpHandler - 

Request DefaultFullHttpRequest(decodeResult: success, version: HTTP/1.1, content: EmptyByteBufBE)
GET /session/0864a73109563ab97122eac005630400/alert/text HTTP/1.1
User-Agent: selenium/4.8.1 (java windows)
Cache-Control: no-cache
Content-Type: application/json; charset=utf-8
host: localhost:44718
accept: */*

Response DefaultHttpResponse(decodeResult: success, version: HTTP/1.1)
HTTP/1.1 404 Not Found
Content-Length: 848
Content-Type: application/json; charset=utf-8
cache-control: no-cache

16:04:30.265 [AsyncHttpClient-1-5] DEBUG org.asynchttpclient.netty.channel.ChannelManager - Adding key: http://localhost:44718 for channel [id: 0x805303aa, L:/127.0.0.1:63588 - R:localhost/127.0.0.1:44718]
16:04:30.266 [Forwarding getCurrentUrl on session 0864a73109563ab97122eac005630400 to remote] DEBUG org.asynchttpclient.netty.request.NettyRequestSender - Using pooled Channel '[id: 0x805303aa, L:/127.0.0.1:63588 - R:localhost/127.0.0.1:44718]' for 'GET' to 'http://localhost:44718/session/0864a73109563ab97122eac005630400/url'
16:04:30.267 [Forwarding getCurrentUrl on session 0864a73109563ab97122eac005630400 to remote] DEBUG org.asynchttpclient.netty.request.NettyRequestSender - Using open Channel [id: 0x805303aa, L:/127.0.0.1:63588 - R:localhost/127.0.0.1:44718] for GET '/session/0864a73109563ab97122eac005630400/url'
16:04:30.273 [AsyncHttpClient-1-5] DEBUG org.asynchttpclient.netty.handler.HttpHandler - 

Request DefaultFullHttpRequest(decodeResult: success, version: HTTP/1.1, content: EmptyByteBufBE)
GET /session/0864a73109563ab97122eac005630400/url HTTP/1.1
User-Agent: selenium/4.8.1 (java windows)
Cache-Control: no-cache
Content-Type: application/json; charset=utf-8
host: localhost:44718
accept: */*

Response DefaultHttpResponse(decodeResult: success, version: HTTP/1.1)
HTTP/1.1 200 OK
Content-Length: 51
Content-Type: application/json; charset=utf-8
cache-control: no-cache

16:04:30.273 [AsyncHttpClient-1-5] DEBUG org.asynchttpclient.netty.channel.ChannelManager - Adding key: http://localhost:44718 for channel [id: 0x805303aa, L:/127.0.0.1:63588 - R:localhost/127.0.0.1:44718]
16:04:30.274 [Forwarding screenshot on session 0864a73109563ab97122eac005630400 to remote] DEBUG org.asynchttpclient.netty.request.NettyRequestSender - Using pooled Channel '[id: 0x805303aa, L:/127.0.0.1:63588 - R:localhost/127.0.0.1:44718]' for 'GET' to 'http://localhost:44718/session/0864a73109563ab97122eac005630400/screenshot'
16:04:30.274 [Forwarding screenshot on session 0864a73109563ab97122eac005630400 to remote] DEBUG org.asynchttpclient.netty.request.NettyRequestSender - Using open Channel [id: 0x805303aa, L:/127.0.0.1:63588 - R:localhost/127.0.0.1:44718] for GET '/session/0864a73109563ab97122eac005630400/screenshot'
16:04:30.368 [AsyncHttpClient-1-5] DEBUG org.asynchttpclient.netty.handler.HttpHandler - 

Request DefaultFullHttpRequest(decodeResult: success, version: HTTP/1.1, content: EmptyByteBufBE)
GET /session/0864a73109563ab97122eac005630400/screenshot HTTP/1.1
User-Agent: selenium/4.8.1 (java windows)
Cache-Control: no-cache
Content-Type: application/json; charset=utf-8
host: localhost:44718
accept: */*

Response DefaultHttpResponse(decodeResult: success, version: HTTP/1.1)
HTTP/1.1 200 OK
Content-Length: 28996
Content-Type: application/json; charset=utf-8
cache-control: no-cache

16:04:30.368 [AsyncHttpClient-1-5] DEBUG org.asynchttpclient.netty.channel.ChannelManager - Adding key: http://localhost:44718 for channel [id: 0x805303aa, L:/127.0.0.1:63588 - R:localhost/127.0.0.1:44718]
16:04:30.369 [main] DEBUG net.serenitybdd.core.photography.Darkroom - Send negative for processing for target\site\serenity\32bf5836af44d53e8517c7b74c3259150a1a23a77442d592d4e468133111035e.png
16:04:30.370 [main] DEBUG net.thucydides.core.steps.StepInterceptor - STEP DONE: user see error message
  &amp#27;[32mThen &amp#27;[0m&amp#27;[32muser see error message &amp#27;[0m&amp#27;[32m&amp#27;[1m"record not found"&amp#27;[0m              &amp#27;[90m# starter.stepdefinition.LoginStep.userSeeErrorMessage(java.lang.String)&amp#27;[0m
16:04:30.370 [Darkroom Processing Line] DEBUG net.serenitybdd.core.photography.DarkroomProcessingLine - Processing screenshot image in /var/screenshots/screenshot-525528712434816013
16:04:30.370 [Darkroom Processing Line] DEBUG net.serenitybdd.core.photography.DarkroomProcessingLine - Saving screenshot to target\site\serenity\32bf5836af44d53e8517c7b74c3259150a1a23a77442d592d4e468133111035e.png
16:04:30.376 [main] INFO  - 
  _____   ___   ___   _____     ___     _     ___   ___   ___   ___  
 |_   _| | __| / __| |_   _|   | _ \   /_\   / __| / __| | __| |   \ 
   | |   | _|  \__ \   | |     |  _/  / _ \  \__ \ \__ \ | _|  | |) |
   |_|   |___| |___/   |_|     |_|   /_/ \_\ |___/ |___/ |___| |___/ 

As a user, I login without input email and password
----------------------------------------------------------------------
16:04:30.377 [AsyncHttpClient-1-7] DEBUG org.asynchttpclient.netty.handler.WebSocketHandler - Channel Closed: [id: 0x2f13f7a3, L:/127.0.0.1:63595 ! R:localhost/127.0.0.1:63589] with attribute NettyResponseFuture{currentRetry=0,
	isDone=1,
	isCancelled=0,
	asyncHandler=org.asynchttpclient.ws.WebSocketUpgradeHandler@254ca506,
	nettyRequest=org.asynchttpclient.netty.request.NettyRequest@3a5e454c,
	future=java.util.concurrent.CompletableFuture@65383457[Completed normally],
	uri=ws://localhost:63589/devtools/browser/2274d8e1-7be0-48eb-bf4b-4925bea795c5,
	keepAlive=true,
	redirectCount=0,
	timeoutsHolder=null,
	inAuth=0,
	touch=1683104668883}
16:04:30.377 [AsyncHttpClient-1-7] DEBUG org.asynchttpclient.netty.channel.ChannelManager - Closing Channel [id: 0x2f13f7a3, L:/127.0.0.1:63595 ! R:localhost/127.0.0.1:63589] 
16:04:30.377 [Driver Command Executor] DEBUG org.asynchttpclient.netty.request.NettyRequestSender - Using pooled Channel '[id: 0x805303aa, L:/127.0.0.1:63588 - R:localhost/127.0.0.1:44718]' for 'DELETE' to 'http://localhost:44718/session/0864a73109563ab97122eac005630400'
16:04:30.377 [Driver Command Executor] DEBUG org.asynchttpclient.netty.request.NettyRequestSender - Using open Channel [id: 0x805303aa, L:/127.0.0.1:63588 - R:localhost/127.0.0.1:44718] for DELETE '/session/0864a73109563ab97122eac005630400'
16:04:30.577 [AsyncHttpClient-1-6] DEBUG org.asynchttpclient.netty.handler.HttpHandler - Unexpected I/O exception on channel [id: 0x72c07d88, L:/127.0.0.1:63594 - R:localhost/127.0.0.1:63589]
java.io.IOException: An existing connection was forcibly closed by the remote host
	at sun.nio.ch.SocketDispatcher.read0(Native Method)
	at sun.nio.ch.SocketDispatcher.read(SocketDispatcher.java:43)
	at sun.nio.ch.IOUtil.readIntoNativeBuffer(IOUtil.java:223)
	at sun.nio.ch.IOUtil.read(IOUtil.java:192)
	at sun.nio.ch.SocketChannelImpl.read(SocketChannelImpl.java:378)
	at io.netty.buffer.PooledByteBuf.setBytes(PooledByteBuf.java:259)
	at io.netty.buffer.AbstractByteBuf.writeBytes(AbstractByteBuf.java:1132)
	at io.netty.channel.socket.nio.NioSocketChannel.doReadBytes(NioSocketChannel.java:357)
	at io.netty.channel.nio.AbstractNioByteChannel$NioByteUnsafe.read(AbstractNioByteChannel.java:151)
	at io.netty.channel.nio.NioEventLoop.processSelectedKey(NioEventLoop.java:788)
	at io.netty.channel.nio.NioEventLoop.processSelectedKeysOptimized(NioEventLoop.java:724)
	at io.netty.channel.nio.NioEventLoop.processSelectedKeys(NioEventLoop.java:650)
	at io.netty.channel.nio.NioEventLoop.run(NioEventLoop.java:562)
	at io.netty.util.concurrent.SingleThreadEventExecutor$4.run(SingleThreadEventExecutor.java:997)
	at io.netty.util.internal.ThreadExecutorMap$2.run(ThreadExecutorMap.java:74)
	at io.netty.util.concurrent.FastThreadLocalRunnable.run(FastThreadLocalRunnable.java:30)
	at java.lang.Thread.run(Thread.java:748)
16:04:30.577 [AsyncHttpClient-1-6] DEBUG org.asynchttpclient.netty.channel.ChannelManager - Closing Channel [id: 0x72c07d88, L:/127.0.0.1:63594 - R:localhost/127.0.0.1:63589] 
16:04:30.577 [AsyncHttpClient-1-6] DEBUG org.asynchttpclient.netty.handler.HttpHandler - Channel Closed: [id: 0x72c07d88, L:/127.0.0.1:63594 ! R:localhost/127.0.0.1:63589] with attribute DISCARD
16:04:30.595 [AsyncHttpClient-1-5] DEBUG org.asynchttpclient.netty.handler.HttpHandler - 

Request DefaultFullHttpRequest(decodeResult: success, version: HTTP/1.1, content: EmptyByteBufBE)
DELETE /session/0864a73109563ab97122eac005630400 HTTP/1.1
User-Agent: selenium/4.8.1 (java windows)
Content-Type: application/json; charset=utf-8
host: localhost:44718
accept: */*

Response DefaultHttpResponse(decodeResult: success, version: HTTP/1.1)
HTTP/1.1 200 OK
Content-Length: 14
Content-Type: application/json; charset=utf-8
cache-control: no-cache

16:04:30.595 [AsyncHttpClient-1-5] DEBUG org.asynchttpclient.netty.channel.ChannelManager - Adding key: http://localhost:44718 for channel [id: 0x805303aa, L:/127.0.0.1:63588 - R:localhost/127.0.0.1:44718]
16:04:30.678 [AsyncHttpClient-1-5] DEBUG org.asynchttpclient.netty.handler.HttpHandler - Channel Closed: [id: 0x805303aa, L:/127.0.0.1:63588 ! R:localhost/127.0.0.1:44718] with attribute DISCARD
]]></system-out>
    <system-err><![CDATA[Starting ChromeDriver 112.0.5615.49 (bd2a7bcb881c11e8cfe3078709382934e3916914-refs/branch-heads/5615@{#936}) on port 44718
Only local connections are allowed.
Please see https://chromedriver.chromium.org/security-considerations for suggestions on keeping ChromeDriver safe.
ChromeDriver was started successfully.
May 03, 2023 4:04:28 PM org.openqa.selenium.devtools.CdpVersionFinder findNearestMatch
WARNING: Unable to find an exact match for CDP version 112, so returning the closest version found: 110
]]></system-err>
  </testcase>
  <testcase name="As a user, I want to buy some product" classname="Product - As a user I want to buying a product So that I have to select product" time="8.115">
    <system-out><![CDATA[16:04:31.204 [main] DEBUG io.cucumber.core.plugin.SerenityReporter - Running feature from file:///C:/Users/user/Downloads/QE_Devi-Agustin-Utari/Mini%20Project/Source_Mini_Project/Web_Automation_AltaShop/src/test/resources/features/Product.feature
16:04:31.207 [main] DEBUG net.thucydides.core.steps.StepEventBus - Test suite started for story net.thucydides.core.model.Story@af0a1d2a
16:04:31.208 [main] INFO  - Test Suite Started: Product - As a user I want to buying a product So that I have to select product

@TC_Product_001
Scenario: As a user, I want to buy some product &amp#27;[90m# src/test/resources/features/Product.feature:4&amp#27;[0m
16:04:31.215 [main] DEBUG io.cucumber.core.plugin.SerenityReporter - Running feature from file:///C:/Users/user/Downloads/QE_Devi-Agustin-Utari/Mini%20Project/Source_Mini_Project/Web_Automation_AltaShop/src/test/resources/features/Product.feature
16:04:31.217 [main] INFO  - 
  _____   ___   ___   _____     ___   _____     _     ___   _____   ___   ___  
 |_   _| | __| / __| |_   _|   / __| |_   _|   /_\   | _ \ |_   _| | __| |   \ 
   | |   | _|  \__ \   | |     \__ \   | |    / _ \  |   /   | |   | _|  | |) |
   |_|   |___| |___/   |_|     |___/   |_|   /_/ \_\ |_|_\   |_|   |___| |___/ 

As a user, I want to buy some product(product---as-a-user-i-want-to-buying-a-product-so-that-i-have-to-select-product;as-a-user--i-want-to-buy-some-product)
--------------------------------------------------------------------------------
16:04:31.235 [main] DEBUG net.thucydides.core.steps.StepInterceptor - STARTING STEP: LoginStep.userSuccessLogin - user on login page
16:04:31.278 [main] INFO net.serenitybdd.core.webdriver.driverproviders.ChromeDriverProvider - Starting Chrome driver instance with capabilities:
16:04:31.278 [main] INFO net.serenitybdd.core.webdriver.driverproviders.ChromeDriverProvider - Capabilities {acceptInsecureCerts: true, browserName: chrome, goog:chromeOptions: {args: [remote-allow-origins=*, test-type, no-sandbox, ignore-certificate-errors, start-maximized, incognito, disable-infobars, disable-gpu, disable-default-apps, disable-popup-blocking, remote-allow-origins=*, test-type, no-sandbox, ignore-certificate-errors, start-maximized, incognito, disable-infobars, disable-gpu, disable-default-apps, disable-popup-blocking, remote-allow-origins=*], extensions: []}}
16:04:31.283 [AsyncHttpClient-1-1] DEBUG org.asynchttpclient.netty.channel.DefaultChannelPool - Entry count for : http://localhost:44718 : 1
16:04:31.283 [AsyncHttpClient-1-1] DEBUG org.asynchttpclient.netty.channel.DefaultChannelPool - Entry count for : http://localhost:63589 : 1
16:04:31.283 [AsyncHttpClient-1-1] DEBUG org.asynchttpclient.netty.channel.DefaultChannelPool - Adding Candidate expired Channel [id: 0x805303aa, L:/127.0.0.1:63588 ! R:localhost/127.0.0.1:44718] isIdleTimeoutExpired=false isRemotelyClosed=true isTtlExpired=false
16:04:31.283 [AsyncHttpClient-1-1] DEBUG org.asynchttpclient.netty.channel.DefaultChannelPool - Closing Idle Channel [id: 0x805303aa, L:/127.0.0.1:63588 ! R:localhost/127.0.0.1:44718]
16:04:31.283 [AsyncHttpClient-1-1] DEBUG org.asynchttpclient.netty.channel.DefaultChannelPool - Adding Candidate expired Channel [id: 0x72c07d88, L:/127.0.0.1:63594 ! R:localhost/127.0.0.1:63589] isIdleTimeoutExpired=false isRemotelyClosed=true isTtlExpired=false
16:04:31.283 [AsyncHttpClient-1-1] DEBUG org.asynchttpclient.netty.channel.DefaultChannelPool - Closing Idle Channel [id: 0x72c07d88, L:/127.0.0.1:63594 ! R:localhost/127.0.0.1:63589]
16:04:31.283 [AsyncHttpClient-1-1] DEBUG org.asynchttpclient.netty.channel.DefaultChannelPool - Closed 2 connections out of 2 in 0 ms
16:04:31.360 [AsyncHttpClient-1-8] DEBUG org.asynchttpclient.netty.channel.NettyConnectListener - Using new Channel '[id: 0x777c0a3e, L:/127.0.0.1:63609 - R:localhost/127.0.0.1:1195]' for 'POST' to '/session'
16:04:32.826 [AsyncHttpClient-1-8] DEBUG org.asynchttpclient.netty.handler.HttpHandler - 

Request DefaultHttpRequest(decodeResult: success, version: HTTP/1.1)
POST /session HTTP/1.1
User-Agent: selenium/4.8.1 (java windows)
Content-Length: 1701
Content-Type: application/json; charset=utf-8
host: localhost:1195
accept: */*

Response DefaultHttpResponse(decodeResult: success, version: HTTP/1.1)
HTTP/1.1 200 OK
Content-Length: 842
Content-Type: application/json; charset=utf-8
cache-control: no-cache

16:04:32.826 [AsyncHttpClient-1-8] DEBUG org.asynchttpclient.netty.channel.ChannelManager - Adding key: http://localhost:1195 for channel [id: 0x777c0a3e, L:/127.0.0.1:63609 - R:localhost/127.0.0.1:1195]
16:04:32.832 [AsyncHttpClient-1-9] DEBUG org.asynchttpclient.netty.channel.NettyConnectListener - Using new Channel '[id: 0x5ccdc197, L:/127.0.0.1:63616 - R:localhost/127.0.0.1:63611]' for 'GET' to '/json/version'
16:04:32.833 [AsyncHttpClient-1-9] DEBUG org.asynchttpclient.netty.handler.HttpHandler - 

Request DefaultFullHttpRequest(decodeResult: success, version: HTTP/1.1, content: EmptyByteBufBE)
GET /json/version HTTP/1.1
User-Agent: selenium/4.8.1 (java windows)
host: localhost:63611
accept: */*

Response DefaultHttpResponse(decodeResult: success, version: HTTP/1.1)
HTTP/1.1 200 OK
Content-Security-Policy: frame-ancestors 'none'
Content-Length: 424
Content-Type: application/json; charset=UTF-8

16:04:32.833 [AsyncHttpClient-1-9] DEBUG org.asynchttpclient.netty.channel.ChannelManager - Adding key: http://localhost:63611 for channel [id: 0x5ccdc197, L:/127.0.0.1:63616 - R:localhost/127.0.0.1:63611]
16:04:32.836 [AsyncHttpClient-1-2] DEBUG org.asynchttpclient.netty.channel.NettyConnectListener - Using new Channel '[id: 0xda4e68b1, L:/127.0.0.1:63617 - R:localhost/127.0.0.1:63611]' for 'GET' to '/devtools/browser/bed0484e-ae3c-43d0-aa33-4b17435fea7f'
16:04:32.837 [AsyncHttpClient-1-2] DEBUG org.asynchttpclient.netty.handler.WebSocketHandler - 

Request DefaultFullHttpRequest(decodeResult: success, version: HTTP/1.1, content: EmptyByteBufBE)
GET /devtools/browser/bed0484e-ae3c-43d0-aa33-4b17435fea7f HTTP/1.1
upgrade: websocket
connection: upgrade
sec-websocket-key: oLZlCc+cka7Kcj1VuBqw1w==
sec-websocket-version: 13
origin: http://localhost:63611
host: localhost:63611
accept: */*
user-agent: AHC/2.1

Response DefaultHttpResponse(decodeResult: success, version: HTTP/1.1)
HTTP/1.1 101 WebSocket Protocol Handshake
Upgrade: WebSocket
Connection: Upgrade
Sec-WebSocket-Accept: o1Vd2AMdomRKVaRS0+nlk+UMeZs=

16:04:32.841 [Forwarding get on session d0dece0594ca6e2230fd0fade633d5fd to remote] DEBUG org.asynchttpclient.netty.request.NettyRequestSender - Using pooled Channel '[id: 0x777c0a3e, L:/127.0.0.1:63609 - R:localhost/127.0.0.1:1195]' for 'POST' to 'http://localhost:1195/session/d0dece0594ca6e2230fd0fade633d5fd/url'
16:04:32.841 [Forwarding get on session d0dece0594ca6e2230fd0fade633d5fd to remote] DEBUG org.asynchttpclient.netty.request.NettyRequestSender - Using open Channel [id: 0x777c0a3e, L:/127.0.0.1:63609 - R:localhost/127.0.0.1:1195] for POST '/session/d0dece0594ca6e2230fd0fade633d5fd/url'
16:04:33.478 [AsyncHttpClient-1-1] DEBUG org.asynchttpclient.netty.channel.DefaultChannelPool - Entry count for : http://localhost:63611 : 1
16:04:33.640 [AsyncHttpClient-1-8] DEBUG org.asynchttpclient.netty.handler.HttpHandler - 

Request DefaultHttpRequest(decodeResult: success, version: HTTP/1.1)
POST /session/d0dece0594ca6e2230fd0fade633d5fd/url HTTP/1.1
User-Agent: selenium/4.8.1 (java windows)
Content-Length: 74
Content-Type: application/json; charset=utf-8
host: localhost:1195
accept: */*

Response DefaultHttpResponse(decodeResult: success, version: HTTP/1.1)
HTTP/1.1 200 OK
Content-Length: 14
Content-Type: application/json; charset=utf-8
cache-control: no-cache

16:04:33.640 [AsyncHttpClient-1-8] DEBUG org.asynchttpclient.netty.channel.ChannelManager - Adding key: http://localhost:1195 for channel [id: 0x777c0a3e, L:/127.0.0.1:63609 - R:localhost/127.0.0.1:1195]
16:04:33.642 [Forwarding setTimeout on session d0dece0594ca6e2230fd0fade633d5fd to remote] DEBUG org.asynchttpclient.netty.request.NettyRequestSender - Using pooled Channel '[id: 0x777c0a3e, L:/127.0.0.1:63609 - R:localhost/127.0.0.1:1195]' for 'POST' to 'http://localhost:1195/session/d0dece0594ca6e2230fd0fade633d5fd/timeouts'
16:04:33.642 [Forwarding setTimeout on session d0dece0594ca6e2230fd0fade633d5fd to remote] DEBUG org.asynchttpclient.netty.request.NettyRequestSender - Using open Channel [id: 0x777c0a3e, L:/127.0.0.1:63609 - R:localhost/127.0.0.1:1195] for POST '/session/d0dece0594ca6e2230fd0fade633d5fd/timeouts'
16:04:33.643 [AsyncHttpClient-1-8] DEBUG org.asynchttpclient.netty.handler.HttpHandler - 

Request DefaultHttpRequest(decodeResult: success, version: HTTP/1.1)
POST /session/d0dece0594ca6e2230fd0fade633d5fd/timeouts HTTP/1.1
User-Agent: selenium/4.8.1 (java windows)
Content-Length: 22
Content-Type: application/json; charset=utf-8
host: localhost:1195
accept: */*

Response DefaultHttpResponse(decodeResult: success, version: HTTP/1.1)
HTTP/1.1 200 OK
Content-Length: 14
Content-Type: application/json; charset=utf-8
cache-control: no-cache

16:04:33.643 [AsyncHttpClient-1-8] DEBUG org.asynchttpclient.netty.channel.ChannelManager - Adding key: http://localhost:1195 for channel [id: 0x777c0a3e, L:/127.0.0.1:63609 - R:localhost/127.0.0.1:1195]
16:04:33.649 [Forwarding findElement on session d0dece0594ca6e2230fd0fade633d5fd to remote] DEBUG org.asynchttpclient.netty.request.NettyRequestSender - Using pooled Channel '[id: 0x777c0a3e, L:/127.0.0.1:63609 - R:localhost/127.0.0.1:1195]' for 'POST' to 'http://localhost:1195/session/d0dece0594ca6e2230fd0fade633d5fd/element'
16:04:33.649 [Forwarding findElement on session d0dece0594ca6e2230fd0fade633d5fd to remote] DEBUG org.asynchttpclient.netty.request.NettyRequestSender - Using open Channel [id: 0x777c0a3e, L:/127.0.0.1:63609 - R:localhost/127.0.0.1:1195] for POST '/session/d0dece0594ca6e2230fd0fade633d5fd/element'
16:04:33.663 [AsyncHttpClient-1-8] DEBUG org.asynchttpclient.netty.handler.HttpHandler - 

Request DefaultHttpRequest(decodeResult: success, version: HTTP/1.1)
POST /session/d0dece0594ca6e2230fd0fade633d5fd/element HTTP/1.1
User-Agent: selenium/4.8.1 (java windows)
Content-Length: 69
Content-Type: application/json; charset=utf-8
host: localhost:1195
accept: */*

Response DefaultHttpResponse(decodeResult: success, version: HTTP/1.1)
HTTP/1.1 200 OK
Content-Length: 88
Content-Type: application/json; charset=utf-8
cache-control: no-cache

16:04:33.663 [AsyncHttpClient-1-8] DEBUG org.asynchttpclient.netty.channel.ChannelManager - Adding key: http://localhost:1195 for channel [id: 0x777c0a3e, L:/127.0.0.1:63609 - R:localhost/127.0.0.1:1195]
16:04:33.666 [Forwarding isElementDisplayed on session d0dece0594ca6e2230fd0fade633d5fd to remote] DEBUG org.asynchttpclient.netty.request.NettyRequestSender - Using pooled Channel '[id: 0x777c0a3e, L:/127.0.0.1:63609 - R:localhost/127.0.0.1:1195]' for 'POST' to 'http://localhost:1195/session/d0dece0594ca6e2230fd0fade633d5fd/execute/sync'
16:04:33.666 [Forwarding isElementDisplayed on session d0dece0594ca6e2230fd0fade633d5fd to remote] DEBUG org.asynchttpclient.netty.request.NettyRequestSender - Using open Channel [id: 0x777c0a3e, L:/127.0.0.1:63609 - R:localhost/127.0.0.1:1195] for POST '/session/d0dece0594ca6e2230fd0fade633d5fd/execute/sync'
16:04:33.680 [AsyncHttpClient-1-8] DEBUG org.asynchttpclient.netty.handler.HttpHandler - 

Request DefaultHttpRequest(decodeResult: success, version: HTTP/1.1)
POST /session/d0dece0594ca6e2230fd0fade633d5fd/execute/sync HTTP/1.1
User-Agent: selenium/4.8.1 (java windows)
Content-Length: 48807
Content-Type: application/json; charset=utf-8
host: localhost:1195
accept: */*

Response DefaultHttpResponse(decodeResult: success, version: HTTP/1.1)
HTTP/1.1 200 OK
Content-Length: 14
Content-Type: application/json; charset=utf-8
cache-control: no-cache

16:04:33.681 [AsyncHttpClient-1-8] DEBUG org.asynchttpclient.netty.channel.ChannelManager - Adding key: http://localhost:1195 for channel [id: 0x777c0a3e, L:/127.0.0.1:63609 - R:localhost/127.0.0.1:1195]
16:04:33.684 [main] DEBUG net.serenitybdd.core.photography.Darkroom - Opening darkroom
16:04:33.684 [Darkroom Processing Line] DEBUG net.serenitybdd.core.photography.DarkroomProcessingLine - Darkroom processing line starting up
16:04:33.685 [Forwarding getAlertText on session d0dece0594ca6e2230fd0fade633d5fd to remote] DEBUG org.asynchttpclient.netty.request.NettyRequestSender - Using pooled Channel '[id: 0x777c0a3e, L:/127.0.0.1:63609 - R:localhost/127.0.0.1:1195]' for 'GET' to 'http://localhost:1195/session/d0dece0594ca6e2230fd0fade633d5fd/alert/text'
16:04:33.685 [Forwarding getAlertText on session d0dece0594ca6e2230fd0fade633d5fd to remote] DEBUG org.asynchttpclient.netty.request.NettyRequestSender - Using open Channel [id: 0x777c0a3e, L:/127.0.0.1:63609 - R:localhost/127.0.0.1:1195] for GET '/session/d0dece0594ca6e2230fd0fade633d5fd/alert/text'
16:04:33.687 [AsyncHttpClient-1-8] DEBUG org.asynchttpclient.netty.handler.HttpHandler - 

Request DefaultFullHttpRequest(decodeResult: success, version: HTTP/1.1, content: EmptyByteBufBE)
GET /session/d0dece0594ca6e2230fd0fade633d5fd/alert/text HTTP/1.1
User-Agent: selenium/4.8.1 (java windows)
Cache-Control: no-cache
Content-Type: application/json; charset=utf-8
host: localhost:1195
accept: */*

Response DefaultHttpResponse(decodeResult: success, version: HTTP/1.1)
HTTP/1.1 404 Not Found
Content-Length: 848
Content-Type: application/json; charset=utf-8
cache-control: no-cache

16:04:33.687 [AsyncHttpClient-1-8] DEBUG org.asynchttpclient.netty.channel.ChannelManager - Adding key: http://localhost:1195 for channel [id: 0x777c0a3e, L:/127.0.0.1:63609 - R:localhost/127.0.0.1:1195]
16:04:33.688 [Forwarding getCurrentUrl on session d0dece0594ca6e2230fd0fade633d5fd to remote] DEBUG org.asynchttpclient.netty.request.NettyRequestSender - Using pooled Channel '[id: 0x777c0a3e, L:/127.0.0.1:63609 - R:localhost/127.0.0.1:1195]' for 'GET' to 'http://localhost:1195/session/d0dece0594ca6e2230fd0fade633d5fd/url'
16:04:33.688 [Forwarding getCurrentUrl on session d0dece0594ca6e2230fd0fade633d5fd to remote] DEBUG org.asynchttpclient.netty.request.NettyRequestSender - Using open Channel [id: 0x777c0a3e, L:/127.0.0.1:63609 - R:localhost/127.0.0.1:1195] for GET '/session/d0dece0594ca6e2230fd0fade633d5fd/url'
16:04:33.693 [AsyncHttpClient-1-8] DEBUG org.asynchttpclient.netty.handler.HttpHandler - 

Request DefaultFullHttpRequest(decodeResult: success, version: HTTP/1.1, content: EmptyByteBufBE)
GET /session/d0dece0594ca6e2230fd0fade633d5fd/url HTTP/1.1
User-Agent: selenium/4.8.1 (java windows)
Cache-Control: no-cache
Content-Type: application/json; charset=utf-8
host: localhost:1195
accept: */*

Response DefaultHttpResponse(decodeResult: success, version: HTTP/1.1)
HTTP/1.1 200 OK
Content-Length: 51
Content-Type: application/json; charset=utf-8
cache-control: no-cache

16:04:33.693 [AsyncHttpClient-1-8] DEBUG org.asynchttpclient.netty.channel.ChannelManager - Adding key: http://localhost:1195 for channel [id: 0x777c0a3e, L:/127.0.0.1:63609 - R:localhost/127.0.0.1:1195]
16:04:33.694 [Forwarding screenshot on session d0dece0594ca6e2230fd0fade633d5fd to remote] DEBUG org.asynchttpclient.netty.request.NettyRequestSender - Using pooled Channel '[id: 0x777c0a3e, L:/127.0.0.1:63609 - R:localhost/127.0.0.1:1195]' for 'GET' to 'http://localhost:1195/session/d0dece0594ca6e2230fd0fade633d5fd/screenshot'
16:04:33.694 [Forwarding screenshot on session d0dece0594ca6e2230fd0fade633d5fd to remote] DEBUG org.asynchttpclient.netty.request.NettyRequestSender - Using open Channel [id: 0x777c0a3e, L:/127.0.0.1:63609 - R:localhost/127.0.0.1:1195] for GET '/session/d0dece0594ca6e2230fd0fade633d5fd/screenshot'
16:04:33.758 [AsyncHttpClient-1-8] DEBUG org.asynchttpclient.netty.handler.HttpHandler - 

Request DefaultFullHttpRequest(decodeResult: success, version: HTTP/1.1, content: EmptyByteBufBE)
GET /session/d0dece0594ca6e2230fd0fade633d5fd/screenshot HTTP/1.1
User-Agent: selenium/4.8.1 (java windows)
Cache-Control: no-cache
Content-Type: application/json; charset=utf-8
host: localhost:1195
accept: */*

Response DefaultHttpResponse(decodeResult: success, version: HTTP/1.1)
HTTP/1.1 200 OK
Content-Length: 25060
Content-Type: application/json; charset=utf-8
cache-control: no-cache

16:04:33.758 [AsyncHttpClient-1-8] DEBUG org.asynchttpclient.netty.channel.ChannelManager - Adding key: http://localhost:1195 for channel [id: 0x777c0a3e, L:/127.0.0.1:63609 - R:localhost/127.0.0.1:1195]
16:04:33.760 [main] DEBUG net.serenitybdd.core.photography.Darkroom - Send negative for processing for target\site\serenity\1db263dd5c04c8fe15e82ee6420144d4e1e7b9826b9315cfd7ec5b5d0da76045.png
16:04:33.761 [main] DEBUG net.thucydides.core.steps.StepInterceptor - STEP DONE: user on login page
16:04:33.764 [main] DEBUG net.thucydides.core.steps.StepInterceptor - STARTING STEP: LoginStep.userSuccessLogin - user input valid email
16:04:33.765 [Forwarding findElement on session d0dece0594ca6e2230fd0fade633d5fd to remote] DEBUG org.asynchttpclient.netty.request.NettyRequestSender - Using pooled Channel '[id: 0x777c0a3e, L:/127.0.0.1:63609 - R:localhost/127.0.0.1:1195]' for 'POST' to 'http://localhost:1195/session/d0dece0594ca6e2230fd0fade633d5fd/element'
16:04:33.765 [Forwarding findElement on session d0dece0594ca6e2230fd0fade633d5fd to remote] DEBUG org.asynchttpclient.netty.request.NettyRequestSender - Using open Channel [id: 0x777c0a3e, L:/127.0.0.1:63609 - R:localhost/127.0.0.1:1195] for POST '/session/d0dece0594ca6e2230fd0fade633d5fd/element'
16:04:33.775 [AsyncHttpClient-1-8] DEBUG org.asynchttpclient.netty.handler.HttpHandler - 

Request DefaultHttpRequest(decodeResult: success, version: HTTP/1.1)
POST /session/d0dece0594ca6e2230fd0fade633d5fd/element HTTP/1.1
User-Agent: selenium/4.8.1 (java windows)
Content-Length: 55
Content-Type: application/json; charset=utf-8
host: localhost:1195
accept: */*

Response DefaultHttpResponse(decodeResult: success, version: HTTP/1.1)
HTTP/1.1 200 OK
Content-Length: 88
Content-Type: application/json; charset=utf-8
cache-control: no-cache

16:04:33.775 [AsyncHttpClient-1-8] DEBUG org.asynchttpclient.netty.channel.ChannelManager - Adding key: http://localhost:1195 for channel [id: 0x777c0a3e, L:/127.0.0.1:63609 - R:localhost/127.0.0.1:1195]
16:04:33.776 [Forwarding clearElement on session d0dece0594ca6e2230fd0fade633d5fd to remote] DEBUG org.asynchttpclient.netty.request.NettyRequestSender - Using pooled Channel '[id: 0x777c0a3e, L:/127.0.0.1:63609 - R:localhost/127.0.0.1:1195]' for 'POST' to 'http://localhost:1195/session/d0dece0594ca6e2230fd0fade633d5fd/element/52662800-aa1f-483f-9146-c99ac35b2bad/clear'
16:04:33.776 [Forwarding clearElement on session d0dece0594ca6e2230fd0fade633d5fd to remote] DEBUG org.asynchttpclient.netty.request.NettyRequestSender - Using open Channel [id: 0x777c0a3e, L:/127.0.0.1:63609 - R:localhost/127.0.0.1:1195] for POST '/session/d0dece0594ca6e2230fd0fade633d5fd/element/52662800-aa1f-483f-9146-c99ac35b2bad/clear'
16:04:33.806 [AsyncHttpClient-1-8] DEBUG org.asynchttpclient.netty.handler.HttpHandler - 

Request DefaultHttpRequest(decodeResult: success, version: HTTP/1.1)
POST /session/d0dece0594ca6e2230fd0fade633d5fd/element/52662800-aa1f-483f-9146-c99ac35b2bad/clear HTTP/1.1
User-Agent: selenium/4.8.1 (java windows)
Content-Length: 50
Content-Type: application/json; charset=utf-8
host: localhost:1195
accept: */*

Response DefaultHttpResponse(decodeResult: success, version: HTTP/1.1)
HTTP/1.1 200 OK
Content-Length: 14
Content-Type: application/json; charset=utf-8
cache-control: no-cache

16:04:33.806 [AsyncHttpClient-1-8] DEBUG org.asynchttpclient.netty.channel.ChannelManager - Adding key: http://localhost:1195 for channel [id: 0x777c0a3e, L:/127.0.0.1:63609 - R:localhost/127.0.0.1:1195]
16:04:33.807 [Forwarding sendKeysToElement on session d0dece0594ca6e2230fd0fade633d5fd to remote] DEBUG org.asynchttpclient.netty.request.NettyRequestSender - Using pooled Channel '[id: 0x777c0a3e, L:/127.0.0.1:63609 - R:localhost/127.0.0.1:1195]' for 'POST' to 'http://localhost:1195/session/d0dece0594ca6e2230fd0fade633d5fd/element/52662800-aa1f-483f-9146-c99ac35b2bad/value'
16:04:33.809 [Forwarding sendKeysToElement on session d0dece0594ca6e2230fd0fade633d5fd to remote] DEBUG org.asynchttpclient.netty.request.NettyRequestSender - Using open Channel [id: 0x777c0a3e, L:/127.0.0.1:63609 - R:localhost/127.0.0.1:1195] for POST '/session/d0dece0594ca6e2230fd0fade633d5fd/element/52662800-aa1f-483f-9146-c99ac35b2bad/value'
16:04:33.924 [AsyncHttpClient-1-8] DEBUG org.asynchttpclient.netty.handler.HttpHandler - 

Request DefaultHttpRequest(decodeResult: success, version: HTTP/1.1)
POST /session/d0dece0594ca6e2230fd0fade633d5fd/element/52662800-aa1f-483f-9146-c99ac35b2bad/value HTTP/1.1
User-Agent: selenium/4.8.1 (java windows)
Content-Length: 231
Content-Type: application/json; charset=utf-8
host: localhost:1195
accept: */*

Response DefaultHttpResponse(decodeResult: success, version: HTTP/1.1)
HTTP/1.1 200 OK
Content-Length: 14
Content-Type: application/json; charset=utf-8
cache-control: no-cache

16:04:33.924 [AsyncHttpClient-1-8] DEBUG org.asynchttpclient.netty.channel.ChannelManager - Adding key: http://localhost:1195 for channel [id: 0x777c0a3e, L:/127.0.0.1:63609 - R:localhost/127.0.0.1:1195]
16:04:33.929 [Forwarding getAlertText on session d0dece0594ca6e2230fd0fade633d5fd to remote] DEBUG org.asynchttpclient.netty.request.NettyRequestSender - Using pooled Channel '[id: 0x777c0a3e, L:/127.0.0.1:63609 - R:localhost/127.0.0.1:1195]' for 'GET' to 'http://localhost:1195/session/d0dece0594ca6e2230fd0fade633d5fd/alert/text'
16:04:33.929 [Forwarding getAlertText on session d0dece0594ca6e2230fd0fade633d5fd to remote] DEBUG org.asynchttpclient.netty.request.NettyRequestSender - Using open Channel [id: 0x777c0a3e, L:/127.0.0.1:63609 - R:localhost/127.0.0.1:1195] for GET '/session/d0dece0594ca6e2230fd0fade633d5fd/alert/text'
16:04:33.930 [AsyncHttpClient-1-8] DEBUG org.asynchttpclient.netty.handler.HttpHandler - 

Request DefaultFullHttpRequest(decodeResult: success, version: HTTP/1.1, content: EmptyByteBufBE)
GET /session/d0dece0594ca6e2230fd0fade633d5fd/alert/text HTTP/1.1
User-Agent: selenium/4.8.1 (java windows)
Cache-Control: no-cache
Content-Type: application/json; charset=utf-8
host: localhost:1195
accept: */*

Response DefaultHttpResponse(decodeResult: success, version: HTTP/1.1)
HTTP/1.1 404 Not Found
Content-Length: 848
Content-Type: application/json; charset=utf-8
cache-control: no-cache

16:04:33.930 [AsyncHttpClient-1-8] DEBUG org.asynchttpclient.netty.channel.ChannelManager - Adding key: http://localhost:1195 for channel [id: 0x777c0a3e, L:/127.0.0.1:63609 - R:localhost/127.0.0.1:1195]
16:04:33.931 [Forwarding getCurrentUrl on session d0dece0594ca6e2230fd0fade633d5fd to remote] DEBUG org.asynchttpclient.netty.request.NettyRequestSender - Using pooled Channel '[id: 0x777c0a3e, L:/127.0.0.1:63609 - R:localhost/127.0.0.1:1195]' for 'GET' to 'http://localhost:1195/session/d0dece0594ca6e2230fd0fade633d5fd/url'
16:04:33.931 [Forwarding getCurrentUrl on session d0dece0594ca6e2230fd0fade633d5fd to remote] DEBUG org.asynchttpclient.netty.request.NettyRequestSender - Using open Channel [id: 0x777c0a3e, L:/127.0.0.1:63609 - R:localhost/127.0.0.1:1195] for GET '/session/d0dece0594ca6e2230fd0fade633d5fd/url'
16:04:33.935 [AsyncHttpClient-1-8] DEBUG org.asynchttpclient.netty.handler.HttpHandler - 

Request DefaultFullHttpRequest(decodeResult: success, version: HTTP/1.1, content: EmptyByteBufBE)
GET /session/d0dece0594ca6e2230fd0fade633d5fd/url HTTP/1.1
User-Agent: selenium/4.8.1 (java windows)
Cache-Control: no-cache
Content-Type: application/json; charset=utf-8
host: localhost:1195
accept: */*

Response DefaultHttpResponse(decodeResult: success, version: HTTP/1.1)
HTTP/1.1 200 OK
Content-Length: 51
Content-Type: application/json; charset=utf-8
cache-control: no-cache

16:04:33.935 [AsyncHttpClient-1-8] DEBUG org.asynchttpclient.netty.channel.ChannelManager - Adding key: http://localhost:1195 for channel [id: 0x777c0a3e, L:/127.0.0.1:63609 - R:localhost/127.0.0.1:1195]
16:04:33.935 [Forwarding screenshot on session d0dece0594ca6e2230fd0fade633d5fd to remote] DEBUG org.asynchttpclient.netty.request.NettyRequestSender - Using pooled Channel '[id: 0x777c0a3e, L:/127.0.0.1:63609 - R:localhost/127.0.0.1:1195]' for 'GET' to 'http://localhost:1195/session/d0dece0594ca6e2230fd0fade633d5fd/screenshot'
16:04:33.935 [Forwarding screenshot on session d0dece0594ca6e2230fd0fade633d5fd to remote] DEBUG org.asynchttpclient.netty.request.NettyRequestSender - Using open Channel [id: 0x777c0a3e, L:/127.0.0.1:63609 - R:localhost/127.0.0.1:1195] for GET '/session/d0dece0594ca6e2230fd0fade633d5fd/screenshot'
16:04:34.028 [AsyncHttpClient-1-8] DEBUG org.asynchttpclient.netty.handler.HttpHandler - 

Request DefaultFullHttpRequest(decodeResult: success, version: HTTP/1.1, content: EmptyByteBufBE)
GET /session/d0dece0594ca6e2230fd0fade633d5fd/screenshot HTTP/1.1
User-Agent: selenium/4.8.1 (java windows)
Cache-Control: no-cache
Content-Type: application/json; charset=utf-8
host: localhost:1195
accept: */*

Response DefaultHttpResponse(decodeResult: success, version: HTTP/1.1)
HTTP/1.1 200 OK
Content-Length: 29268
Content-Type: application/json; charset=utf-8
cache-control: no-cache

16:04:34.028 [AsyncHttpClient-1-8] DEBUG org.asynchttpclient.netty.channel.ChannelManager - Adding key: http://localhost:1195 for channel [id: 0x777c0a3e, L:/127.0.0.1:63609 - R:localhost/127.0.0.1:1195]
16:04:34.030 [main] DEBUG net.serenitybdd.core.photography.Darkroom - Send negative for processing for target\site\serenity\cf4a8530fc937d09da4b0fe37c38092f9300be67940d3ade8d7888e1ec0921c3.png
16:04:34.030 [main] DEBUG net.thucydides.core.steps.StepInterceptor - STEP DONE: user input valid email
16:04:34.030 [Darkroom Processing Line] DEBUG net.serenitybdd.core.photography.DarkroomProcessingLine - Processing screenshot image in /var/screenshots/screenshot-1354795007177367544
16:04:34.030 [Darkroom Processing Line] DEBUG net.serenitybdd.core.photography.DarkroomProcessingLine - Saving screenshot to target\site\serenity\cf4a8530fc937d09da4b0fe37c38092f9300be67940d3ade8d7888e1ec0921c3.png
16:04:34.033 [main] DEBUG net.thucydides.core.steps.StepInterceptor - STARTING STEP: LoginStep.userSuccessLogin - user input valid password
16:04:34.036 [Forwarding findElement on session d0dece0594ca6e2230fd0fade633d5fd to remote] DEBUG org.asynchttpclient.netty.request.NettyRequestSender - Using pooled Channel '[id: 0x777c0a3e, L:/127.0.0.1:63609 - R:localhost/127.0.0.1:1195]' for 'POST' to 'http://localhost:1195/session/d0dece0594ca6e2230fd0fade633d5fd/element'
16:04:34.036 [Forwarding findElement on session d0dece0594ca6e2230fd0fade633d5fd to remote] DEBUG org.asynchttpclient.netty.request.NettyRequestSender - Using open Channel [id: 0x777c0a3e, L:/127.0.0.1:63609 - R:localhost/127.0.0.1:1195] for POST '/session/d0dece0594ca6e2230fd0fade633d5fd/element'
16:04:34.049 [AsyncHttpClient-1-8] DEBUG org.asynchttpclient.netty.handler.HttpHandler - 

Request DefaultHttpRequest(decodeResult: success, version: HTTP/1.1)
POST /session/d0dece0594ca6e2230fd0fade633d5fd/element HTTP/1.1
User-Agent: selenium/4.8.1 (java windows)
Content-Length: 55
Content-Type: application/json; charset=utf-8
host: localhost:1195
accept: */*

Response DefaultHttpResponse(decodeResult: success, version: HTTP/1.1)
HTTP/1.1 200 OK
Content-Length: 88
Content-Type: application/json; charset=utf-8
cache-control: no-cache

16:04:34.049 [AsyncHttpClient-1-8] DEBUG org.asynchttpclient.netty.channel.ChannelManager - Adding key: http://localhost:1195 for channel [id: 0x777c0a3e, L:/127.0.0.1:63609 - R:localhost/127.0.0.1:1195]
16:04:34.050 [Forwarding clearElement on session d0dece0594ca6e2230fd0fade633d5fd to remote] DEBUG org.asynchttpclient.netty.request.NettyRequestSender - Using pooled Channel '[id: 0x777c0a3e, L:/127.0.0.1:63609 - R:localhost/127.0.0.1:1195]' for 'POST' to 'http://localhost:1195/session/d0dece0594ca6e2230fd0fade633d5fd/element/6ad8077d-3efb-40de-b44e-48ef6aeaf25c/clear'
16:04:34.050 [Forwarding clearElement on session d0dece0594ca6e2230fd0fade633d5fd to remote] DEBUG org.asynchttpclient.netty.request.NettyRequestSender - Using open Channel [id: 0x777c0a3e, L:/127.0.0.1:63609 - R:localhost/127.0.0.1:1195] for POST '/session/d0dece0594ca6e2230fd0fade633d5fd/element/6ad8077d-3efb-40de-b44e-48ef6aeaf25c/clear'
16:04:34.085 [AsyncHttpClient-1-8] DEBUG org.asynchttpclient.netty.handler.HttpHandler - 

Request DefaultHttpRequest(decodeResult: success, version: HTTP/1.1)
POST /session/d0dece0594ca6e2230fd0fade633d5fd/element/6ad8077d-3efb-40de-b44e-48ef6aeaf25c/clear HTTP/1.1
User-Agent: selenium/4.8.1 (java windows)
Content-Length: 50
Content-Type: application/json; charset=utf-8
host: localhost:1195
accept: */*

Response DefaultHttpResponse(decodeResult: success, version: HTTP/1.1)
HTTP/1.1 200 OK
Content-Length: 14
Content-Type: application/json; charset=utf-8
cache-control: no-cache

16:04:34.086 [AsyncHttpClient-1-8] DEBUG org.asynchttpclient.netty.channel.ChannelManager - Adding key: http://localhost:1195 for channel [id: 0x777c0a3e, L:/127.0.0.1:63609 - R:localhost/127.0.0.1:1195]
16:04:34.088 [Forwarding sendKeysToElement on session d0dece0594ca6e2230fd0fade633d5fd to remote] DEBUG org.asynchttpclient.netty.request.NettyRequestSender - Using pooled Channel '[id: 0x777c0a3e, L:/127.0.0.1:63609 - R:localhost/127.0.0.1:1195]' for 'POST' to 'http://localhost:1195/session/d0dece0594ca6e2230fd0fade633d5fd/element/6ad8077d-3efb-40de-b44e-48ef6aeaf25c/value'
16:04:34.088 [Forwarding sendKeysToElement on session d0dece0594ca6e2230fd0fade633d5fd to remote] DEBUG org.asynchttpclient.netty.request.NettyRequestSender - Using open Channel [id: 0x777c0a3e, L:/127.0.0.1:63609 - R:localhost/127.0.0.1:1195] for POST '/session/d0dece0594ca6e2230fd0fade633d5fd/element/6ad8077d-3efb-40de-b44e-48ef6aeaf25c/value'
16:04:34.180 [AsyncHttpClient-1-8] DEBUG org.asynchttpclient.netty.handler.HttpHandler - 

Request DefaultHttpRequest(decodeResult: success, version: HTTP/1.1)
POST /session/d0dece0594ca6e2230fd0fade633d5fd/element/6ad8077d-3efb-40de-b44e-48ef6aeaf25c/value HTTP/1.1
User-Agent: selenium/4.8.1 (java windows)
Content-Length: 161
Content-Type: application/json; charset=utf-8
host: localhost:1195
accept: */*

Response DefaultHttpResponse(decodeResult: success, version: HTTP/1.1)
HTTP/1.1 200 OK
Content-Length: 14
Content-Type: application/json; charset=utf-8
cache-control: no-cache

16:04:34.180 [AsyncHttpClient-1-8] DEBUG org.asynchttpclient.netty.channel.ChannelManager - Adding key: http://localhost:1195 for channel [id: 0x777c0a3e, L:/127.0.0.1:63609 - R:localhost/127.0.0.1:1195]
16:04:34.192 [Forwarding getAlertText on session d0dece0594ca6e2230fd0fade633d5fd to remote] DEBUG org.asynchttpclient.netty.request.NettyRequestSender - Using pooled Channel '[id: 0x777c0a3e, L:/127.0.0.1:63609 - R:localhost/127.0.0.1:1195]' for 'GET' to 'http://localhost:1195/session/d0dece0594ca6e2230fd0fade633d5fd/alert/text'
16:04:34.192 [Forwarding getAlertText on session d0dece0594ca6e2230fd0fade633d5fd to remote] DEBUG org.asynchttpclient.netty.request.NettyRequestSender - Using open Channel [id: 0x777c0a3e, L:/127.0.0.1:63609 - R:localhost/127.0.0.1:1195] for GET '/session/d0dece0594ca6e2230fd0fade633d5fd/alert/text'
16:04:34.194 [AsyncHttpClient-1-8] DEBUG org.asynchttpclient.netty.handler.HttpHandler - 

Request DefaultFullHttpRequest(decodeResult: success, version: HTTP/1.1, content: EmptyByteBufBE)
GET /session/d0dece0594ca6e2230fd0fade633d5fd/alert/text HTTP/1.1
User-Agent: selenium/4.8.1 (java windows)
Cache-Control: no-cache
Content-Type: application/json; charset=utf-8
host: localhost:1195
accept: */*

Response DefaultHttpResponse(decodeResult: success, version: HTTP/1.1)
HTTP/1.1 404 Not Found
Content-Length: 848
Content-Type: application/json; charset=utf-8
cache-control: no-cache

16:04:34.195 [AsyncHttpClient-1-8] DEBUG org.asynchttpclient.netty.channel.ChannelManager - Adding key: http://localhost:1195 for channel [id: 0x777c0a3e, L:/127.0.0.1:63609 - R:localhost/127.0.0.1:1195]
16:04:34.196 [Forwarding getCurrentUrl on session d0dece0594ca6e2230fd0fade633d5fd to remote] DEBUG org.asynchttpclient.netty.request.NettyRequestSender - Using pooled Channel '[id: 0x777c0a3e, L:/127.0.0.1:63609 - R:localhost/127.0.0.1:1195]' for 'GET' to 'http://localhost:1195/session/d0dece0594ca6e2230fd0fade633d5fd/url'
16:04:34.196 [Forwarding getCurrentUrl on session d0dece0594ca6e2230fd0fade633d5fd to remote] DEBUG org.asynchttpclient.netty.request.NettyRequestSender - Using open Channel [id: 0x777c0a3e, L:/127.0.0.1:63609 - R:localhost/127.0.0.1:1195] for GET '/session/d0dece0594ca6e2230fd0fade633d5fd/url'
16:04:34.199 [AsyncHttpClient-1-8] DEBUG org.asynchttpclient.netty.handler.HttpHandler - 

Request DefaultFullHttpRequest(decodeResult: success, version: HTTP/1.1, content: EmptyByteBufBE)
GET /session/d0dece0594ca6e2230fd0fade633d5fd/url HTTP/1.1
User-Agent: selenium/4.8.1 (java windows)
Cache-Control: no-cache
Content-Type: application/json; charset=utf-8
host: localhost:1195
accept: */*

Response DefaultHttpResponse(decodeResult: success, version: HTTP/1.1)
HTTP/1.1 200 OK
Content-Length: 51
Content-Type: application/json; charset=utf-8
cache-control: no-cache

16:04:34.199 [AsyncHttpClient-1-8] DEBUG org.asynchttpclient.netty.channel.ChannelManager - Adding key: http://localhost:1195 for channel [id: 0x777c0a3e, L:/127.0.0.1:63609 - R:localhost/127.0.0.1:1195]
16:04:34.200 [Forwarding screenshot on session d0dece0594ca6e2230fd0fade633d5fd to remote] DEBUG org.asynchttpclient.netty.request.NettyRequestSender - Using pooled Channel '[id: 0x777c0a3e, L:/127.0.0.1:63609 - R:localhost/127.0.0.1:1195]' for 'GET' to 'http://localhost:1195/session/d0dece0594ca6e2230fd0fade633d5fd/screenshot'
16:04:34.200 [Forwarding screenshot on session d0dece0594ca6e2230fd0fade633d5fd to remote] DEBUG org.asynchttpclient.netty.request.NettyRequestSender - Using open Channel [id: 0x777c0a3e, L:/127.0.0.1:63609 - R:localhost/127.0.0.1:1195] for GET '/session/d0dece0594ca6e2230fd0fade633d5fd/screenshot'
16:04:34.309 [AsyncHttpClient-1-8] DEBUG org.asynchttpclient.netty.handler.HttpHandler - 

Request DefaultFullHttpRequest(decodeResult: success, version: HTTP/1.1, content: EmptyByteBufBE)
GET /session/d0dece0594ca6e2230fd0fade633d5fd/screenshot HTTP/1.1
User-Agent: selenium/4.8.1 (java windows)
Cache-Control: no-cache
Content-Type: application/json; charset=utf-8
host: localhost:1195
accept: */*

Response DefaultHttpResponse(decodeResult: success, version: HTTP/1.1)
HTTP/1.1 200 OK
Content-Length: 30832
Content-Type: application/json; charset=utf-8
cache-control: no-cache

16:04:34.309 [AsyncHttpClient-1-8] DEBUG org.asynchttpclient.netty.channel.ChannelManager - Adding key: http://localhost:1195 for channel [id: 0x777c0a3e, L:/127.0.0.1:63609 - R:localhost/127.0.0.1:1195]
16:04:34.311 [main] DEBUG net.serenitybdd.core.photography.Darkroom - Send negative for processing for target\site\serenity\8b74f3ecbb50a580e050e02a0b77120b11ab5dd9bcccbd04be7216bfc8bb708d.png
16:04:34.311 [main] DEBUG net.thucydides.core.steps.StepInterceptor - STEP DONE: user input valid password
16:04:34.312 [Darkroom Processing Line] DEBUG net.serenitybdd.core.photography.DarkroomProcessingLine - Processing screenshot image in /var/screenshots/screenshot-7033267063193209734
16:04:34.312 [Darkroom Processing Line] DEBUG net.serenitybdd.core.photography.DarkroomProcessingLine - Saving screenshot to target\site\serenity\8b74f3ecbb50a580e050e02a0b77120b11ab5dd9bcccbd04be7216bfc8bb708d.png
16:04:34.315 [main] DEBUG net.thucydides.core.steps.StepInterceptor - STARTING STEP: LoginStep.userSuccessLogin - click button login
16:04:34.317 [Forwarding findElement on session d0dece0594ca6e2230fd0fade633d5fd to remote] DEBUG org.asynchttpclient.netty.request.NettyRequestSender - Using pooled Channel '[id: 0x777c0a3e, L:/127.0.0.1:63609 - R:localhost/127.0.0.1:1195]' for 'POST' to 'http://localhost:1195/session/d0dece0594ca6e2230fd0fade633d5fd/element'
16:04:34.317 [Forwarding findElement on session d0dece0594ca6e2230fd0fade633d5fd to remote] DEBUG org.asynchttpclient.netty.request.NettyRequestSender - Using open Channel [id: 0x777c0a3e, L:/127.0.0.1:63609 - R:localhost/127.0.0.1:1195] for POST '/session/d0dece0594ca6e2230fd0fade633d5fd/element'
16:04:34.325 [AsyncHttpClient-1-8] DEBUG org.asynchttpclient.netty.handler.HttpHandler - 

Request DefaultHttpRequest(decodeResult: success, version: HTTP/1.1)
POST /session/d0dece0594ca6e2230fd0fade633d5fd/element HTTP/1.1
User-Agent: selenium/4.8.1 (java windows)
Content-Length: 69
Content-Type: application/json; charset=utf-8
host: localhost:1195
accept: */*

Response DefaultHttpResponse(decodeResult: success, version: HTTP/1.1)
HTTP/1.1 200 OK
Content-Length: 88
Content-Type: application/json; charset=utf-8
cache-control: no-cache

16:04:34.325 [AsyncHttpClient-1-8] DEBUG org.asynchttpclient.netty.channel.ChannelManager - Adding key: http://localhost:1195 for channel [id: 0x777c0a3e, L:/127.0.0.1:63609 - R:localhost/127.0.0.1:1195]
16:04:34.326 [Forwarding getElementTagName on session d0dece0594ca6e2230fd0fade633d5fd to remote] DEBUG org.asynchttpclient.netty.request.NettyRequestSender - Using pooled Channel '[id: 0x777c0a3e, L:/127.0.0.1:63609 - R:localhost/127.0.0.1:1195]' for 'GET' to 'http://localhost:1195/session/d0dece0594ca6e2230fd0fade633d5fd/element/afcbd68d-d7f0-4709-a5d5-97775c3bbbe0/name'
16:04:34.326 [Forwarding getElementTagName on session d0dece0594ca6e2230fd0fade633d5fd to remote] DEBUG org.asynchttpclient.netty.request.NettyRequestSender - Using open Channel [id: 0x777c0a3e, L:/127.0.0.1:63609 - R:localhost/127.0.0.1:1195] for GET '/session/d0dece0594ca6e2230fd0fade633d5fd/element/afcbd68d-d7f0-4709-a5d5-97775c3bbbe0/name'
16:04:34.330 [AsyncHttpClient-1-8] DEBUG org.asynchttpclient.netty.handler.HttpHandler - 

Request DefaultFullHttpRequest(decodeResult: success, version: HTTP/1.1, content: EmptyByteBufBE)
GET /session/d0dece0594ca6e2230fd0fade633d5fd/element/afcbd68d-d7f0-4709-a5d5-97775c3bbbe0/name HTTP/1.1
User-Agent: selenium/4.8.1 (java windows)
Cache-Control: no-cache
Content-Type: application/json; charset=utf-8
host: localhost:1195
accept: */*

Response DefaultHttpResponse(decodeResult: success, version: HTTP/1.1)
HTTP/1.1 200 OK
Content-Length: 16
Content-Type: application/json; charset=utf-8
cache-control: no-cache

16:04:34.330 [AsyncHttpClient-1-8] DEBUG org.asynchttpclient.netty.channel.ChannelManager - Adding key: http://localhost:1195 for channel [id: 0x777c0a3e, L:/127.0.0.1:63609 - R:localhost/127.0.0.1:1195]
16:04:34.331 [Forwarding getElementTagName on session d0dece0594ca6e2230fd0fade633d5fd to remote] DEBUG org.asynchttpclient.netty.request.NettyRequestSender - Using pooled Channel '[id: 0x777c0a3e, L:/127.0.0.1:63609 - R:localhost/127.0.0.1:1195]' for 'GET' to 'http://localhost:1195/session/d0dece0594ca6e2230fd0fade633d5fd/element/afcbd68d-d7f0-4709-a5d5-97775c3bbbe0/name'
16:04:34.331 [Forwarding getElementTagName on session d0dece0594ca6e2230fd0fade633d5fd to remote] DEBUG org.asynchttpclient.netty.request.NettyRequestSender - Using open Channel [id: 0x777c0a3e, L:/127.0.0.1:63609 - R:localhost/127.0.0.1:1195] for GET '/session/d0dece0594ca6e2230fd0fade633d5fd/element/afcbd68d-d7f0-4709-a5d5-97775c3bbbe0/name'
16:04:34.334 [AsyncHttpClient-1-8] DEBUG org.asynchttpclient.netty.handler.HttpHandler - 

Request DefaultFullHttpRequest(decodeResult: success, version: HTTP/1.1, content: EmptyByteBufBE)
GET /session/d0dece0594ca6e2230fd0fade633d5fd/element/afcbd68d-d7f0-4709-a5d5-97775c3bbbe0/name HTTP/1.1
User-Agent: selenium/4.8.1 (java windows)
Cache-Control: no-cache
Content-Type: application/json; charset=utf-8
host: localhost:1195
accept: */*

Response DefaultHttpResponse(decodeResult: success, version: HTTP/1.1)
HTTP/1.1 200 OK
Content-Length: 16
Content-Type: application/json; charset=utf-8
cache-control: no-cache

16:04:34.334 [AsyncHttpClient-1-8] DEBUG org.asynchttpclient.netty.channel.ChannelManager - Adding key: http://localhost:1195 for channel [id: 0x777c0a3e, L:/127.0.0.1:63609 - R:localhost/127.0.0.1:1195]
16:04:34.336 [Forwarding findElement on session d0dece0594ca6e2230fd0fade633d5fd to remote] DEBUG org.asynchttpclient.netty.request.NettyRequestSender - Using pooled Channel '[id: 0x777c0a3e, L:/127.0.0.1:63609 - R:localhost/127.0.0.1:1195]' for 'POST' to 'http://localhost:1195/session/d0dece0594ca6e2230fd0fade633d5fd/element'
16:04:34.336 [Forwarding findElement on session d0dece0594ca6e2230fd0fade633d5fd to remote] DEBUG org.asynchttpclient.netty.request.NettyRequestSender - Using open Channel [id: 0x777c0a3e, L:/127.0.0.1:63609 - R:localhost/127.0.0.1:1195] for POST '/session/d0dece0594ca6e2230fd0fade633d5fd/element'
16:04:34.342 [AsyncHttpClient-1-8] DEBUG org.asynchttpclient.netty.handler.HttpHandler - 

Request DefaultHttpRequest(decodeResult: success, version: HTTP/1.1)
POST /session/d0dece0594ca6e2230fd0fade633d5fd/element HTTP/1.1
User-Agent: selenium/4.8.1 (java windows)
Content-Length: 69
Content-Type: application/json; charset=utf-8
host: localhost:1195
accept: */*

Response DefaultHttpResponse(decodeResult: success, version: HTTP/1.1)
HTTP/1.1 200 OK
Content-Length: 88
Content-Type: application/json; charset=utf-8
cache-control: no-cache

16:04:34.342 [AsyncHttpClient-1-8] DEBUG org.asynchttpclient.netty.channel.ChannelManager - Adding key: http://localhost:1195 for channel [id: 0x777c0a3e, L:/127.0.0.1:63609 - R:localhost/127.0.0.1:1195]
16:04:34.344 [Forwarding clickElement on session d0dece0594ca6e2230fd0fade633d5fd to remote] DEBUG org.asynchttpclient.netty.request.NettyRequestSender - Using pooled Channel '[id: 0x777c0a3e, L:/127.0.0.1:63609 - R:localhost/127.0.0.1:1195]' for 'POST' to 'http://localhost:1195/session/d0dece0594ca6e2230fd0fade633d5fd/element/afcbd68d-d7f0-4709-a5d5-97775c3bbbe0/click'
16:04:34.344 [Forwarding clickElement on session d0dece0594ca6e2230fd0fade633d5fd to remote] DEBUG org.asynchttpclient.netty.request.NettyRequestSender - Using open Channel [id: 0x777c0a3e, L:/127.0.0.1:63609 - R:localhost/127.0.0.1:1195] for POST '/session/d0dece0594ca6e2230fd0fade633d5fd/element/afcbd68d-d7f0-4709-a5d5-97775c3bbbe0/click'
16:04:34.392 [AsyncHttpClient-1-8] DEBUG org.asynchttpclient.netty.handler.HttpHandler - 

Request DefaultHttpRequest(decodeResult: success, version: HTTP/1.1)
POST /session/d0dece0594ca6e2230fd0fade633d5fd/element/afcbd68d-d7f0-4709-a5d5-97775c3bbbe0/click HTTP/1.1
User-Agent: selenium/4.8.1 (java windows)
Content-Length: 50
Content-Type: application/json; charset=utf-8
host: localhost:1195
accept: */*

Response DefaultHttpResponse(decodeResult: success, version: HTTP/1.1)
HTTP/1.1 200 OK
Content-Length: 14
Content-Type: application/json; charset=utf-8
cache-control: no-cache

16:04:34.392 [AsyncHttpClient-1-8] DEBUG org.asynchttpclient.netty.channel.ChannelManager - Adding key: http://localhost:1195 for channel [id: 0x777c0a3e, L:/127.0.0.1:63609 - R:localhost/127.0.0.1:1195]
16:04:34.398 [Forwarding getAlertText on session d0dece0594ca6e2230fd0fade633d5fd to remote] DEBUG org.asynchttpclient.netty.request.NettyRequestSender - Using pooled Channel '[id: 0x777c0a3e, L:/127.0.0.1:63609 - R:localhost/127.0.0.1:1195]' for 'GET' to 'http://localhost:1195/session/d0dece0594ca6e2230fd0fade633d5fd/alert/text'
16:04:34.398 [Forwarding getAlertText on session d0dece0594ca6e2230fd0fade633d5fd to remote] DEBUG org.asynchttpclient.netty.request.NettyRequestSender - Using open Channel [id: 0x777c0a3e, L:/127.0.0.1:63609 - R:localhost/127.0.0.1:1195] for GET '/session/d0dece0594ca6e2230fd0fade633d5fd/alert/text'
16:04:34.399 [AsyncHttpClient-1-8] DEBUG org.asynchttpclient.netty.handler.HttpHandler - 

Request DefaultFullHttpRequest(decodeResult: success, version: HTTP/1.1, content: EmptyByteBufBE)
GET /session/d0dece0594ca6e2230fd0fade633d5fd/alert/text HTTP/1.1
User-Agent: selenium/4.8.1 (java windows)
Cache-Control: no-cache
Content-Type: application/json; charset=utf-8
host: localhost:1195
accept: */*

Response DefaultHttpResponse(decodeResult: success, version: HTTP/1.1)
HTTP/1.1 404 Not Found
Content-Length: 848
Content-Type: application/json; charset=utf-8
cache-control: no-cache

16:04:34.399 [AsyncHttpClient-1-8] DEBUG org.asynchttpclient.netty.channel.ChannelManager - Adding key: http://localhost:1195 for channel [id: 0x777c0a3e, L:/127.0.0.1:63609 - R:localhost/127.0.0.1:1195]
16:04:34.400 [Forwarding getCurrentUrl on session d0dece0594ca6e2230fd0fade633d5fd to remote] DEBUG org.asynchttpclient.netty.request.NettyRequestSender - Using pooled Channel '[id: 0x777c0a3e, L:/127.0.0.1:63609 - R:localhost/127.0.0.1:1195]' for 'GET' to 'http://localhost:1195/session/d0dece0594ca6e2230fd0fade633d5fd/url'
16:04:34.400 [Forwarding getCurrentUrl on session d0dece0594ca6e2230fd0fade633d5fd to remote] DEBUG org.asynchttpclient.netty.request.NettyRequestSender - Using open Channel [id: 0x777c0a3e, L:/127.0.0.1:63609 - R:localhost/127.0.0.1:1195] for GET '/session/d0dece0594ca6e2230fd0fade633d5fd/url'
16:04:34.403 [AsyncHttpClient-1-8] DEBUG org.asynchttpclient.netty.handler.HttpHandler - 

Request DefaultFullHttpRequest(decodeResult: success, version: HTTP/1.1, content: EmptyByteBufBE)
GET /session/d0dece0594ca6e2230fd0fade633d5fd/url HTTP/1.1
User-Agent: selenium/4.8.1 (java windows)
Cache-Control: no-cache
Content-Type: application/json; charset=utf-8
host: localhost:1195
accept: */*

Response DefaultHttpResponse(decodeResult: success, version: HTTP/1.1)
HTTP/1.1 200 OK
Content-Length: 51
Content-Type: application/json; charset=utf-8
cache-control: no-cache

16:04:34.403 [AsyncHttpClient-1-8] DEBUG org.asynchttpclient.netty.channel.ChannelManager - Adding key: http://localhost:1195 for channel [id: 0x777c0a3e, L:/127.0.0.1:63609 - R:localhost/127.0.0.1:1195]
16:04:34.405 [Forwarding screenshot on session d0dece0594ca6e2230fd0fade633d5fd to remote] DEBUG org.asynchttpclient.netty.request.NettyRequestSender - Using pooled Channel '[id: 0x777c0a3e, L:/127.0.0.1:63609 - R:localhost/127.0.0.1:1195]' for 'GET' to 'http://localhost:1195/session/d0dece0594ca6e2230fd0fade633d5fd/screenshot'
16:04:34.405 [Forwarding screenshot on session d0dece0594ca6e2230fd0fade633d5fd to remote] DEBUG org.asynchttpclient.netty.request.NettyRequestSender - Using open Channel [id: 0x777c0a3e, L:/127.0.0.1:63609 - R:localhost/127.0.0.1:1195] for GET '/session/d0dece0594ca6e2230fd0fade633d5fd/screenshot'
16:04:34.498 [AsyncHttpClient-1-8] DEBUG org.asynchttpclient.netty.handler.HttpHandler - 

Request DefaultFullHttpRequest(decodeResult: success, version: HTTP/1.1, content: EmptyByteBufBE)
GET /session/d0dece0594ca6e2230fd0fade633d5fd/screenshot HTTP/1.1
User-Agent: selenium/4.8.1 (java windows)
Cache-Control: no-cache
Content-Type: application/json; charset=utf-8
host: localhost:1195
accept: */*

Response DefaultHttpResponse(decodeResult: success, version: HTTP/1.1)
HTTP/1.1 200 OK
Content-Length: 30548
Content-Type: application/json; charset=utf-8
cache-control: no-cache

16:04:34.499 [AsyncHttpClient-1-8] DEBUG org.asynchttpclient.netty.channel.ChannelManager - Adding key: http://localhost:1195 for channel [id: 0x777c0a3e, L:/127.0.0.1:63609 - R:localhost/127.0.0.1:1195]
16:04:34.500 [main] DEBUG net.serenitybdd.core.photography.Darkroom - Send negative for processing for target\site\serenity\4e63d2eb83e1b803a9a69796a575efc182db2a912f41c7e6796aa4c20fd00eec.png
16:04:34.500 [main] DEBUG net.thucydides.core.steps.StepInterceptor - STEP DONE: click button login
16:04:34.501 [Darkroom Processing Line] DEBUG net.serenitybdd.core.photography.DarkroomProcessingLine - Processing screenshot image in /var/screenshots/screenshot-1941943766399471635
16:04:34.501 [Darkroom Processing Line] DEBUG net.serenitybdd.core.photography.DarkroomProcessingLine - Saving screenshot to target\site\serenity\4e63d2eb83e1b803a9a69796a575efc182db2a912f41c7e6796aa4c20fd00eec.png
16:04:34.503 [main] DEBUG net.thucydides.core.steps.StepInterceptor - STARTING STEP: LoginStep.userSuccessLogin - user can see product homepage
16:04:34.505 [Forwarding findElement on session d0dece0594ca6e2230fd0fade633d5fd to remote] DEBUG org.asynchttpclient.netty.request.NettyRequestSender - Using pooled Channel '[id: 0x777c0a3e, L:/127.0.0.1:63609 - R:localhost/127.0.0.1:1195]' for 'POST' to 'http://localhost:1195/session/d0dece0594ca6e2230fd0fade633d5fd/element'
16:04:34.505 [Forwarding findElement on session d0dece0594ca6e2230fd0fade633d5fd to remote] DEBUG org.asynchttpclient.netty.request.NettyRequestSender - Using open Channel [id: 0x777c0a3e, L:/127.0.0.1:63609 - R:localhost/127.0.0.1:1195] for POST '/session/d0dece0594ca6e2230fd0fade633d5fd/element'
16:04:34.515 [AsyncHttpClient-1-8] DEBUG org.asynchttpclient.netty.handler.HttpHandler - 

Request DefaultHttpRequest(decodeResult: success, version: HTTP/1.1)
POST /session/d0dece0594ca6e2230fd0fade633d5fd/element HTTP/1.1
User-Agent: selenium/4.8.1 (java windows)
Content-Length: 75
Content-Type: application/json; charset=utf-8
host: localhost:1195
accept: */*

Response DefaultHttpResponse(decodeResult: success, version: HTTP/1.1)
HTTP/1.1 200 OK
Content-Length: 88
Content-Type: application/json; charset=utf-8
cache-control: no-cache

16:04:34.515 [AsyncHttpClient-1-8] DEBUG org.asynchttpclient.netty.channel.ChannelManager - Adding key: http://localhost:1195 for channel [id: 0x777c0a3e, L:/127.0.0.1:63609 - R:localhost/127.0.0.1:1195]
16:04:34.517 [Forwarding isElementDisplayed on session d0dece0594ca6e2230fd0fade633d5fd to remote] DEBUG org.asynchttpclient.netty.request.NettyRequestSender - Using pooled Channel '[id: 0x777c0a3e, L:/127.0.0.1:63609 - R:localhost/127.0.0.1:1195]' for 'POST' to 'http://localhost:1195/session/d0dece0594ca6e2230fd0fade633d5fd/execute/sync'
16:04:34.517 [Forwarding isElementDisplayed on session d0dece0594ca6e2230fd0fade633d5fd to remote] DEBUG org.asynchttpclient.netty.request.NettyRequestSender - Using open Channel [id: 0x777c0a3e, L:/127.0.0.1:63609 - R:localhost/127.0.0.1:1195] for POST '/session/d0dece0594ca6e2230fd0fade633d5fd/execute/sync'
16:04:34.534 [AsyncHttpClient-1-8] DEBUG org.asynchttpclient.netty.handler.HttpHandler - 

Request DefaultHttpRequest(decodeResult: success, version: HTTP/1.1)
POST /session/d0dece0594ca6e2230fd0fade633d5fd/execute/sync HTTP/1.1
User-Agent: selenium/4.8.1 (java windows)
Content-Length: 48807
Content-Type: application/json; charset=utf-8
host: localhost:1195
accept: */*

Response DefaultHttpResponse(decodeResult: success, version: HTTP/1.1)
HTTP/1.1 200 OK
Content-Length: 14
Content-Type: application/json; charset=utf-8
cache-control: no-cache

16:04:34.534 [AsyncHttpClient-1-8] DEBUG org.asynchttpclient.netty.channel.ChannelManager - Adding key: http://localhost:1195 for channel [id: 0x777c0a3e, L:/127.0.0.1:63609 - R:localhost/127.0.0.1:1195]
16:04:34.538 [main] DEBUG net.thucydides.core.steps.StepInterceptor - STEP DONE: user can see product homepage
  &amp#27;[32mGiven &amp#27;[0m&amp#27;[32muser success login&amp#27;[0m                      &amp#27;[90m# starter.stepdefinition.LoginStep.userSuccessLogin()&amp#27;[0m
16:04:34.556 [main] DEBUG net.thucydides.core.steps.StepInterceptor - STARTING STEP: ProductStep.userClickButtonBeli - user click button Beli
16:04:34.560 [Forwarding findElement on session d0dece0594ca6e2230fd0fade633d5fd to remote] DEBUG org.asynchttpclient.netty.request.NettyRequestSender - Using pooled Channel '[id: 0x777c0a3e, L:/127.0.0.1:63609 - R:localhost/127.0.0.1:1195]' for 'POST' to 'http://localhost:1195/session/d0dece0594ca6e2230fd0fade633d5fd/element'
16:04:34.560 [Forwarding findElement on session d0dece0594ca6e2230fd0fade633d5fd to remote] DEBUG org.asynchttpclient.netty.request.NettyRequestSender - Using open Channel [id: 0x777c0a3e, L:/127.0.0.1:63609 - R:localhost/127.0.0.1:1195] for POST '/session/d0dece0594ca6e2230fd0fade633d5fd/element'
16:04:34.578 [AsyncHttpClient-1-1] DEBUG org.asynchttpclient.netty.channel.DefaultChannelPool - Entry count for : http://localhost:63611 : 1
16:04:35.678 [AsyncHttpClient-1-1] DEBUG org.asynchttpclient.netty.channel.DefaultChannelPool - Entry count for : http://localhost:63611 : 1
16:04:36.782 [AsyncHttpClient-1-1] DEBUG org.asynchttpclient.netty.channel.DefaultChannelPool - Entry count for : http://localhost:63611 : 1
16:04:37.785 [AsyncHttpClient-1-8] DEBUG org.asynchttpclient.netty.handler.HttpHandler - 

Request DefaultHttpRequest(decodeResult: success, version: HTTP/1.1)
POST /session/d0dece0594ca6e2230fd0fade633d5fd/element HTTP/1.1
User-Agent: selenium/4.8.1 (java windows)
Content-Length: 96
Content-Type: application/json; charset=utf-8
host: localhost:1195
accept: */*

Response DefaultHttpResponse(decodeResult: success, version: HTTP/1.1)
HTTP/1.1 200 OK
Content-Length: 88
Content-Type: application/json; charset=utf-8
cache-control: no-cache

16:04:37.786 [AsyncHttpClient-1-8] DEBUG org.asynchttpclient.netty.channel.ChannelManager - Adding key: http://localhost:1195 for channel [id: 0x777c0a3e, L:/127.0.0.1:63609 - R:localhost/127.0.0.1:1195]
16:04:37.789 [Forwarding getElementTagName on session d0dece0594ca6e2230fd0fade633d5fd to remote] DEBUG org.asynchttpclient.netty.request.NettyRequestSender - Using pooled Channel '[id: 0x777c0a3e, L:/127.0.0.1:63609 - R:localhost/127.0.0.1:1195]' for 'GET' to 'http://localhost:1195/session/d0dece0594ca6e2230fd0fade633d5fd/element/04c5108a-10a0-4c69-8843-81582f45b201/name'
16:04:37.789 [Forwarding getElementTagName on session d0dece0594ca6e2230fd0fade633d5fd to remote] DEBUG org.asynchttpclient.netty.request.NettyRequestSender - Using open Channel [id: 0x777c0a3e, L:/127.0.0.1:63609 - R:localhost/127.0.0.1:1195] for GET '/session/d0dece0594ca6e2230fd0fade633d5fd/element/04c5108a-10a0-4c69-8843-81582f45b201/name'
16:04:37.816 [AsyncHttpClient-1-8] DEBUG org.asynchttpclient.netty.handler.HttpHandler - 

Request DefaultFullHttpRequest(decodeResult: success, version: HTTP/1.1, content: EmptyByteBufBE)
GET /session/d0dece0594ca6e2230fd0fade633d5fd/element/04c5108a-10a0-4c69-8843-81582f45b201/name HTTP/1.1
User-Agent: selenium/4.8.1 (java windows)
Cache-Control: no-cache
Content-Type: application/json; charset=utf-8
host: localhost:1195
accept: */*

Response DefaultHttpResponse(decodeResult: success, version: HTTP/1.1)
HTTP/1.1 200 OK
Content-Length: 16
Content-Type: application/json; charset=utf-8
cache-control: no-cache

16:04:37.816 [AsyncHttpClient-1-8] DEBUG org.asynchttpclient.netty.channel.ChannelManager - Adding key: http://localhost:1195 for channel [id: 0x777c0a3e, L:/127.0.0.1:63609 - R:localhost/127.0.0.1:1195]
16:04:37.817 [Forwarding getElementTagName on session d0dece0594ca6e2230fd0fade633d5fd to remote] DEBUG org.asynchttpclient.netty.request.NettyRequestSender - Using pooled Channel '[id: 0x777c0a3e, L:/127.0.0.1:63609 - R:localhost/127.0.0.1:1195]' for 'GET' to 'http://localhost:1195/session/d0dece0594ca6e2230fd0fade633d5fd/element/04c5108a-10a0-4c69-8843-81582f45b201/name'
16:04:37.817 [Forwarding getElementTagName on session d0dece0594ca6e2230fd0fade633d5fd to remote] DEBUG org.asynchttpclient.netty.request.NettyRequestSender - Using open Channel [id: 0x777c0a3e, L:/127.0.0.1:63609 - R:localhost/127.0.0.1:1195] for GET '/session/d0dece0594ca6e2230fd0fade633d5fd/element/04c5108a-10a0-4c69-8843-81582f45b201/name'
16:04:37.821 [AsyncHttpClient-1-8] DEBUG org.asynchttpclient.netty.handler.HttpHandler - 

Request DefaultFullHttpRequest(decodeResult: success, version: HTTP/1.1, content: EmptyByteBufBE)
GET /session/d0dece0594ca6e2230fd0fade633d5fd/element/04c5108a-10a0-4c69-8843-81582f45b201/name HTTP/1.1
User-Agent: selenium/4.8.1 (java windows)
Cache-Control: no-cache
Content-Type: application/json; charset=utf-8
host: localhost:1195
accept: */*

Response DefaultHttpResponse(decodeResult: success, version: HTTP/1.1)
HTTP/1.1 200 OK
Content-Length: 16
Content-Type: application/json; charset=utf-8
cache-control: no-cache

16:04:37.821 [AsyncHttpClient-1-8] DEBUG org.asynchttpclient.netty.channel.ChannelManager - Adding key: http://localhost:1195 for channel [id: 0x777c0a3e, L:/127.0.0.1:63609 - R:localhost/127.0.0.1:1195]
16:04:37.823 [Forwarding findElement on session d0dece0594ca6e2230fd0fade633d5fd to remote] DEBUG org.asynchttpclient.netty.request.NettyRequestSender - Using pooled Channel '[id: 0x777c0a3e, L:/127.0.0.1:63609 - R:localhost/127.0.0.1:1195]' for 'POST' to 'http://localhost:1195/session/d0dece0594ca6e2230fd0fade633d5fd/element'
16:04:37.823 [Forwarding findElement on session d0dece0594ca6e2230fd0fade633d5fd to remote] DEBUG org.asynchttpclient.netty.request.NettyRequestSender - Using open Channel [id: 0x777c0a3e, L:/127.0.0.1:63609 - R:localhost/127.0.0.1:1195] for POST '/session/d0dece0594ca6e2230fd0fade633d5fd/element'
16:04:37.834 [AsyncHttpClient-1-8] DEBUG org.asynchttpclient.netty.handler.HttpHandler - 

Request DefaultHttpRequest(decodeResult: success, version: HTTP/1.1)
POST /session/d0dece0594ca6e2230fd0fade633d5fd/element HTTP/1.1
User-Agent: selenium/4.8.1 (java windows)
Content-Length: 96
Content-Type: application/json; charset=utf-8
host: localhost:1195
accept: */*

Response DefaultHttpResponse(decodeResult: success, version: HTTP/1.1)
HTTP/1.1 200 OK
Content-Length: 88
Content-Type: application/json; charset=utf-8
cache-control: no-cache

16:04:37.834 [AsyncHttpClient-1-8] DEBUG org.asynchttpclient.netty.channel.ChannelManager - Adding key: http://localhost:1195 for channel [id: 0x777c0a3e, L:/127.0.0.1:63609 - R:localhost/127.0.0.1:1195]
16:04:37.835 [Forwarding clickElement on session d0dece0594ca6e2230fd0fade633d5fd to remote] DEBUG org.asynchttpclient.netty.request.NettyRequestSender - Using pooled Channel '[id: 0x777c0a3e, L:/127.0.0.1:63609 - R:localhost/127.0.0.1:1195]' for 'POST' to 'http://localhost:1195/session/d0dece0594ca6e2230fd0fade633d5fd/element/04c5108a-10a0-4c69-8843-81582f45b201/click'
16:04:37.836 [Forwarding clickElement on session d0dece0594ca6e2230fd0fade633d5fd to remote] DEBUG org.asynchttpclient.netty.request.NettyRequestSender - Using open Channel [id: 0x777c0a3e, L:/127.0.0.1:63609 - R:localhost/127.0.0.1:1195] for POST '/session/d0dece0594ca6e2230fd0fade633d5fd/element/04c5108a-10a0-4c69-8843-81582f45b201/click'
16:04:37.882 [AsyncHttpClient-1-1] DEBUG org.asynchttpclient.netty.channel.DefaultChannelPool - Entry count for : http://localhost:63611 : 1
16:04:37.963 [AsyncHttpClient-1-8] DEBUG org.asynchttpclient.netty.handler.HttpHandler - 

Request DefaultHttpRequest(decodeResult: success, version: HTTP/1.1)
POST /session/d0dece0594ca6e2230fd0fade633d5fd/element/04c5108a-10a0-4c69-8843-81582f45b201/click HTTP/1.1
User-Agent: selenium/4.8.1 (java windows)
Content-Length: 50
Content-Type: application/json; charset=utf-8
host: localhost:1195
accept: */*

Response DefaultHttpResponse(decodeResult: success, version: HTTP/1.1)
HTTP/1.1 200 OK
Content-Length: 14
Content-Type: application/json; charset=utf-8
cache-control: no-cache

16:04:37.963 [AsyncHttpClient-1-8] DEBUG org.asynchttpclient.netty.channel.ChannelManager - Adding key: http://localhost:1195 for channel [id: 0x777c0a3e, L:/127.0.0.1:63609 - R:localhost/127.0.0.1:1195]
16:04:37.968 [Forwarding findElement on session d0dece0594ca6e2230fd0fade633d5fd to remote] DEBUG org.asynchttpclient.netty.request.NettyRequestSender - Using pooled Channel '[id: 0x777c0a3e, L:/127.0.0.1:63609 - R:localhost/127.0.0.1:1195]' for 'POST' to 'http://localhost:1195/session/d0dece0594ca6e2230fd0fade633d5fd/element'
16:04:37.968 [Forwarding findElement on session d0dece0594ca6e2230fd0fade633d5fd to remote] DEBUG org.asynchttpclient.netty.request.NettyRequestSender - Using open Channel [id: 0x777c0a3e, L:/127.0.0.1:63609 - R:localhost/127.0.0.1:1195] for POST '/session/d0dece0594ca6e2230fd0fade633d5fd/element'
16:04:37.987 [AsyncHttpClient-1-8] DEBUG org.asynchttpclient.netty.handler.HttpHandler - 

Request DefaultHttpRequest(decodeResult: success, version: HTTP/1.1)
POST /session/d0dece0594ca6e2230fd0fade633d5fd/element HTTP/1.1
User-Agent: selenium/4.8.1 (java windows)
Content-Length: 96
Content-Type: application/json; charset=utf-8
host: localhost:1195
accept: */*

Response DefaultHttpResponse(decodeResult: success, version: HTTP/1.1)
HTTP/1.1 200 OK
Content-Length: 88
Content-Type: application/json; charset=utf-8
cache-control: no-cache

16:04:37.987 [AsyncHttpClient-1-8] DEBUG org.asynchttpclient.netty.channel.ChannelManager - Adding key: http://localhost:1195 for channel [id: 0x777c0a3e, L:/127.0.0.1:63609 - R:localhost/127.0.0.1:1195]
16:04:37.991 [Forwarding getElementTagName on session d0dece0594ca6e2230fd0fade633d5fd to remote] DEBUG org.asynchttpclient.netty.request.NettyRequestSender - Using pooled Channel '[id: 0x777c0a3e, L:/127.0.0.1:63609 - R:localhost/127.0.0.1:1195]' for 'GET' to 'http://localhost:1195/session/d0dece0594ca6e2230fd0fade633d5fd/element/04c5108a-10a0-4c69-8843-81582f45b201/name'
16:04:37.991 [Forwarding getElementTagName on session d0dece0594ca6e2230fd0fade633d5fd to remote] DEBUG org.asynchttpclient.netty.request.NettyRequestSender - Using open Channel [id: 0x777c0a3e, L:/127.0.0.1:63609 - R:localhost/127.0.0.1:1195] for GET '/session/d0dece0594ca6e2230fd0fade633d5fd/element/04c5108a-10a0-4c69-8843-81582f45b201/name'
16:04:37.995 [AsyncHttpClient-1-8] DEBUG org.asynchttpclient.netty.handler.HttpHandler - 

Request DefaultFullHttpRequest(decodeResult: success, version: HTTP/1.1, content: EmptyByteBufBE)
GET /session/d0dece0594ca6e2230fd0fade633d5fd/element/04c5108a-10a0-4c69-8843-81582f45b201/name HTTP/1.1
User-Agent: selenium/4.8.1 (java windows)
Cache-Control: no-cache
Content-Type: application/json; charset=utf-8
host: localhost:1195
accept: */*

Response DefaultHttpResponse(decodeResult: success, version: HTTP/1.1)
HTTP/1.1 200 OK
Content-Length: 16
Content-Type: application/json; charset=utf-8
cache-control: no-cache

16:04:37.995 [AsyncHttpClient-1-8] DEBUG org.asynchttpclient.netty.channel.ChannelManager - Adding key: http://localhost:1195 for channel [id: 0x777c0a3e, L:/127.0.0.1:63609 - R:localhost/127.0.0.1:1195]
16:04:37.996 [Forwarding getElementTagName on session d0dece0594ca6e2230fd0fade633d5fd to remote] DEBUG org.asynchttpclient.netty.request.NettyRequestSender - Using pooled Channel '[id: 0x777c0a3e, L:/127.0.0.1:63609 - R:localhost/127.0.0.1:1195]' for 'GET' to 'http://localhost:1195/session/d0dece0594ca6e2230fd0fade633d5fd/element/04c5108a-10a0-4c69-8843-81582f45b201/name'
16:04:37.996 [Forwarding getElementTagName on session d0dece0594ca6e2230fd0fade633d5fd to remote] DEBUG org.asynchttpclient.netty.request.NettyRequestSender - Using open Channel [id: 0x777c0a3e, L:/127.0.0.1:63609 - R:localhost/127.0.0.1:1195] for GET '/session/d0dece0594ca6e2230fd0fade633d5fd/element/04c5108a-10a0-4c69-8843-81582f45b201/name'
16:04:37.999 [AsyncHttpClient-1-8] DEBUG org.asynchttpclient.netty.handler.HttpHandler - 

Request DefaultFullHttpRequest(decodeResult: success, version: HTTP/1.1, content: EmptyByteBufBE)
GET /session/d0dece0594ca6e2230fd0fade633d5fd/element/04c5108a-10a0-4c69-8843-81582f45b201/name HTTP/1.1
User-Agent: selenium/4.8.1 (java windows)
Cache-Control: no-cache
Content-Type: application/json; charset=utf-8
host: localhost:1195
accept: */*

Response DefaultHttpResponse(decodeResult: success, version: HTTP/1.1)
HTTP/1.1 200 OK
Content-Length: 16
Content-Type: application/json; charset=utf-8
cache-control: no-cache

16:04:37.999 [AsyncHttpClient-1-8] DEBUG org.asynchttpclient.netty.channel.ChannelManager - Adding key: http://localhost:1195 for channel [id: 0x777c0a3e, L:/127.0.0.1:63609 - R:localhost/127.0.0.1:1195]
16:04:38.001 [Forwarding findElement on session d0dece0594ca6e2230fd0fade633d5fd to remote] DEBUG org.asynchttpclient.netty.request.NettyRequestSender - Using pooled Channel '[id: 0x777c0a3e, L:/127.0.0.1:63609 - R:localhost/127.0.0.1:1195]' for 'POST' to 'http://localhost:1195/session/d0dece0594ca6e2230fd0fade633d5fd/element'
16:04:38.001 [Forwarding findElement on session d0dece0594ca6e2230fd0fade633d5fd to remote] DEBUG org.asynchttpclient.netty.request.NettyRequestSender - Using open Channel [id: 0x777c0a3e, L:/127.0.0.1:63609 - R:localhost/127.0.0.1:1195] for POST '/session/d0dece0594ca6e2230fd0fade633d5fd/element'
16:04:38.016 [AsyncHttpClient-1-8] DEBUG org.asynchttpclient.netty.handler.HttpHandler - 

Request DefaultHttpRequest(decodeResult: success, version: HTTP/1.1)
POST /session/d0dece0594ca6e2230fd0fade633d5fd/element HTTP/1.1
User-Agent: selenium/4.8.1 (java windows)
Content-Length: 96
Content-Type: application/json; charset=utf-8
host: localhost:1195
accept: */*

Response DefaultHttpResponse(decodeResult: success, version: HTTP/1.1)
HTTP/1.1 200 OK
Content-Length: 88
Content-Type: application/json; charset=utf-8
cache-control: no-cache

16:04:38.016 [AsyncHttpClient-1-8] DEBUG org.asynchttpclient.netty.channel.ChannelManager - Adding key: http://localhost:1195 for channel [id: 0x777c0a3e, L:/127.0.0.1:63609 - R:localhost/127.0.0.1:1195]
16:04:38.017 [Forwarding clickElement on session d0dece0594ca6e2230fd0fade633d5fd to remote] DEBUG org.asynchttpclient.netty.request.NettyRequestSender - Using pooled Channel '[id: 0x777c0a3e, L:/127.0.0.1:63609 - R:localhost/127.0.0.1:1195]' for 'POST' to 'http://localhost:1195/session/d0dece0594ca6e2230fd0fade633d5fd/element/04c5108a-10a0-4c69-8843-81582f45b201/click'
16:04:38.017 [Forwarding clickElement on session d0dece0594ca6e2230fd0fade633d5fd to remote] DEBUG org.asynchttpclient.netty.request.NettyRequestSender - Using open Channel [id: 0x777c0a3e, L:/127.0.0.1:63609 - R:localhost/127.0.0.1:1195] for POST '/session/d0dece0594ca6e2230fd0fade633d5fd/element/04c5108a-10a0-4c69-8843-81582f45b201/click'
16:04:38.110 [AsyncHttpClient-1-8] DEBUG org.asynchttpclient.netty.handler.HttpHandler - 

Request DefaultHttpRequest(decodeResult: success, version: HTTP/1.1)
POST /session/d0dece0594ca6e2230fd0fade633d5fd/element/04c5108a-10a0-4c69-8843-81582f45b201/click HTTP/1.1
User-Agent: selenium/4.8.1 (java windows)
Content-Length: 50
Content-Type: application/json; charset=utf-8
host: localhost:1195
accept: */*

Response DefaultHttpResponse(decodeResult: success, version: HTTP/1.1)
HTTP/1.1 200 OK
Content-Length: 14
Content-Type: application/json; charset=utf-8
cache-control: no-cache

16:04:38.110 [AsyncHttpClient-1-8] DEBUG org.asynchttpclient.netty.channel.ChannelManager - Adding key: http://localhost:1195 for channel [id: 0x777c0a3e, L:/127.0.0.1:63609 - R:localhost/127.0.0.1:1195]
16:04:38.115 [Forwarding getAlertText on session d0dece0594ca6e2230fd0fade633d5fd to remote] DEBUG org.asynchttpclient.netty.request.NettyRequestSender - Using pooled Channel '[id: 0x777c0a3e, L:/127.0.0.1:63609 - R:localhost/127.0.0.1:1195]' for 'GET' to 'http://localhost:1195/session/d0dece0594ca6e2230fd0fade633d5fd/alert/text'
16:04:38.115 [Forwarding getAlertText on session d0dece0594ca6e2230fd0fade633d5fd to remote] DEBUG org.asynchttpclient.netty.request.NettyRequestSender - Using open Channel [id: 0x777c0a3e, L:/127.0.0.1:63609 - R:localhost/127.0.0.1:1195] for GET '/session/d0dece0594ca6e2230fd0fade633d5fd/alert/text'
16:04:38.117 [AsyncHttpClient-1-8] DEBUG org.asynchttpclient.netty.handler.HttpHandler - 

Request DefaultFullHttpRequest(decodeResult: success, version: HTTP/1.1, content: EmptyByteBufBE)
GET /session/d0dece0594ca6e2230fd0fade633d5fd/alert/text HTTP/1.1
User-Agent: selenium/4.8.1 (java windows)
Cache-Control: no-cache
Content-Type: application/json; charset=utf-8
host: localhost:1195
accept: */*

Response DefaultHttpResponse(decodeResult: success, version: HTTP/1.1)
HTTP/1.1 404 Not Found
Content-Length: 848
Content-Type: application/json; charset=utf-8
cache-control: no-cache

16:04:38.117 [AsyncHttpClient-1-8] DEBUG org.asynchttpclient.netty.channel.ChannelManager - Adding key: http://localhost:1195 for channel [id: 0x777c0a3e, L:/127.0.0.1:63609 - R:localhost/127.0.0.1:1195]
16:04:38.118 [Forwarding getCurrentUrl on session d0dece0594ca6e2230fd0fade633d5fd to remote] DEBUG org.asynchttpclient.netty.request.NettyRequestSender - Using pooled Channel '[id: 0x777c0a3e, L:/127.0.0.1:63609 - R:localhost/127.0.0.1:1195]' for 'GET' to 'http://localhost:1195/session/d0dece0594ca6e2230fd0fade633d5fd/url'
16:04:38.118 [Forwarding getCurrentUrl on session d0dece0594ca6e2230fd0fade633d5fd to remote] DEBUG org.asynchttpclient.netty.request.NettyRequestSender - Using open Channel [id: 0x777c0a3e, L:/127.0.0.1:63609 - R:localhost/127.0.0.1:1195] for GET '/session/d0dece0594ca6e2230fd0fade633d5fd/url'
16:04:38.143 [AsyncHttpClient-1-8] DEBUG org.asynchttpclient.netty.handler.HttpHandler - 

Request DefaultFullHttpRequest(decodeResult: success, version: HTTP/1.1, content: EmptyByteBufBE)
GET /session/d0dece0594ca6e2230fd0fade633d5fd/url HTTP/1.1
User-Agent: selenium/4.8.1 (java windows)
Cache-Control: no-cache
Content-Type: application/json; charset=utf-8
host: localhost:1195
accept: */*

Response DefaultHttpResponse(decodeResult: success, version: HTTP/1.1)
HTTP/1.1 200 OK
Content-Length: 41
Content-Type: application/json; charset=utf-8
cache-control: no-cache

16:04:38.143 [AsyncHttpClient-1-8] DEBUG org.asynchttpclient.netty.channel.ChannelManager - Adding key: http://localhost:1195 for channel [id: 0x777c0a3e, L:/127.0.0.1:63609 - R:localhost/127.0.0.1:1195]
16:04:38.143 [Forwarding screenshot on session d0dece0594ca6e2230fd0fade633d5fd to remote] DEBUG org.asynchttpclient.netty.request.NettyRequestSender - Using pooled Channel '[id: 0x777c0a3e, L:/127.0.0.1:63609 - R:localhost/127.0.0.1:1195]' for 'GET' to 'http://localhost:1195/session/d0dece0594ca6e2230fd0fade633d5fd/screenshot'
16:04:38.144 [Forwarding screenshot on session d0dece0594ca6e2230fd0fade633d5fd to remote] DEBUG org.asynchttpclient.netty.request.NettyRequestSender - Using open Channel [id: 0x777c0a3e, L:/127.0.0.1:63609 - R:localhost/127.0.0.1:1195] for GET '/session/d0dece0594ca6e2230fd0fade633d5fd/screenshot'
16:04:38.256 [AsyncHttpClient-1-8] DEBUG org.asynchttpclient.netty.handler.HttpHandler - 

Request DefaultFullHttpRequest(decodeResult: success, version: HTTP/1.1, content: EmptyByteBufBE)
GET /session/d0dece0594ca6e2230fd0fade633d5fd/screenshot HTTP/1.1
User-Agent: selenium/4.8.1 (java windows)
Cache-Control: no-cache
Content-Type: application/json; charset=utf-8
host: localhost:1195
accept: */*

Response DefaultHttpResponse(decodeResult: success, version: HTTP/1.1)
HTTP/1.1 200 OK
Content-Length: 112048
Content-Type: application/json; charset=utf-8
cache-control: no-cache

16:04:38.257 [AsyncHttpClient-1-8] DEBUG org.asynchttpclient.netty.channel.ChannelManager - Adding key: http://localhost:1195 for channel [id: 0x777c0a3e, L:/127.0.0.1:63609 - R:localhost/127.0.0.1:1195]
16:04:38.261 [main] DEBUG net.serenitybdd.core.photography.Darkroom - Send negative for processing for target\site\serenity\34205fa94ca857cf311e294aba766212fee4089d1151131951d5e4d201a34755.png
16:04:38.262 [main] DEBUG net.thucydides.core.steps.StepInterceptor - STEP DONE: user click button Beli
16:04:38.262 [Darkroom Processing Line] DEBUG net.serenitybdd.core.photography.DarkroomProcessingLine - Processing screenshot image in /var/screenshots/screenshot-5941176808816893165
16:04:38.262 [Darkroom Processing Line] DEBUG net.serenitybdd.core.photography.DarkroomProcessingLine - Saving screenshot to target\site\serenity\34205fa94ca857cf311e294aba766212fee4089d1151131951d5e4d201a34755.png
  &amp#27;[32mWhen &amp#27;[0m&amp#27;[32muser click button Beli&amp#27;[0m                   &amp#27;[90m# starter.stepdefinition.ProductStep.userClickButtonBeli()&amp#27;[0m
16:04:38.274 [main] DEBUG net.thucydides.core.steps.StepInterceptor - STARTING STEP: ProductStep.userSuccessToAddProductToCart - user success to add product to cart
16:04:38.276 [Forwarding findElement on session d0dece0594ca6e2230fd0fade633d5fd to remote] DEBUG org.asynchttpclient.netty.request.NettyRequestSender - Using pooled Channel '[id: 0x777c0a3e, L:/127.0.0.1:63609 - R:localhost/127.0.0.1:1195]' for 'POST' to 'http://localhost:1195/session/d0dece0594ca6e2230fd0fade633d5fd/element'
16:04:38.276 [Forwarding findElement on session d0dece0594ca6e2230fd0fade633d5fd to remote] DEBUG org.asynchttpclient.netty.request.NettyRequestSender - Using open Channel [id: 0x777c0a3e, L:/127.0.0.1:63609 - R:localhost/127.0.0.1:1195] for POST '/session/d0dece0594ca6e2230fd0fade633d5fd/element'
16:04:38.335 [AsyncHttpClient-1-8] DEBUG org.asynchttpclient.netty.handler.HttpHandler - 

Request DefaultHttpRequest(decodeResult: success, version: HTTP/1.1)
POST /session/d0dece0594ca6e2230fd0fade633d5fd/element HTTP/1.1
User-Agent: selenium/4.8.1 (java windows)
Content-Length: 80
Content-Type: application/json; charset=utf-8
host: localhost:1195
accept: */*

Response DefaultHttpResponse(decodeResult: success, version: HTTP/1.1)
HTTP/1.1 200 OK
Content-Length: 88
Content-Type: application/json; charset=utf-8
cache-control: no-cache

16:04:38.335 [AsyncHttpClient-1-8] DEBUG org.asynchttpclient.netty.channel.ChannelManager - Adding key: http://localhost:1195 for channel [id: 0x777c0a3e, L:/127.0.0.1:63609 - R:localhost/127.0.0.1:1195]
16:04:38.342 [Forwarding isElementDisplayed on session d0dece0594ca6e2230fd0fade633d5fd to remote] DEBUG org.asynchttpclient.netty.request.NettyRequestSender - Using pooled Channel '[id: 0x777c0a3e, L:/127.0.0.1:63609 - R:localhost/127.0.0.1:1195]' for 'POST' to 'http://localhost:1195/session/d0dece0594ca6e2230fd0fade633d5fd/execute/sync'
16:04:38.342 [Forwarding isElementDisplayed on session d0dece0594ca6e2230fd0fade633d5fd to remote] DEBUG org.asynchttpclient.netty.request.NettyRequestSender - Using open Channel [id: 0x777c0a3e, L:/127.0.0.1:63609 - R:localhost/127.0.0.1:1195] for POST '/session/d0dece0594ca6e2230fd0fade633d5fd/execute/sync'
16:04:38.359 [AsyncHttpClient-1-8] DEBUG org.asynchttpclient.netty.handler.HttpHandler - 

Request DefaultHttpRequest(decodeResult: success, version: HTTP/1.1)
POST /session/d0dece0594ca6e2230fd0fade633d5fd/execute/sync HTTP/1.1
User-Agent: selenium/4.8.1 (java windows)
Content-Length: 48807
Content-Type: application/json; charset=utf-8
host: localhost:1195
accept: */*

Response DefaultHttpResponse(decodeResult: success, version: HTTP/1.1)
HTTP/1.1 200 OK
Content-Length: 14
Content-Type: application/json; charset=utf-8
cache-control: no-cache

16:04:38.360 [AsyncHttpClient-1-8] DEBUG org.asynchttpclient.netty.channel.ChannelManager - Adding key: http://localhost:1195 for channel [id: 0x777c0a3e, L:/127.0.0.1:63609 - R:localhost/127.0.0.1:1195]
16:04:38.367 [Forwarding getAlertText on session d0dece0594ca6e2230fd0fade633d5fd to remote] DEBUG org.asynchttpclient.netty.request.NettyRequestSender - Using pooled Channel '[id: 0x777c0a3e, L:/127.0.0.1:63609 - R:localhost/127.0.0.1:1195]' for 'GET' to 'http://localhost:1195/session/d0dece0594ca6e2230fd0fade633d5fd/alert/text'
16:04:38.367 [Forwarding getAlertText on session d0dece0594ca6e2230fd0fade633d5fd to remote] DEBUG org.asynchttpclient.netty.request.NettyRequestSender - Using open Channel [id: 0x777c0a3e, L:/127.0.0.1:63609 - R:localhost/127.0.0.1:1195] for GET '/session/d0dece0594ca6e2230fd0fade633d5fd/alert/text'
16:04:38.370 [AsyncHttpClient-1-8] DEBUG org.asynchttpclient.netty.handler.HttpHandler - 

Request DefaultFullHttpRequest(decodeResult: success, version: HTTP/1.1, content: EmptyByteBufBE)
GET /session/d0dece0594ca6e2230fd0fade633d5fd/alert/text HTTP/1.1
User-Agent: selenium/4.8.1 (java windows)
Cache-Control: no-cache
Content-Type: application/json; charset=utf-8
host: localhost:1195
accept: */*

Response DefaultHttpResponse(decodeResult: success, version: HTTP/1.1)
HTTP/1.1 404 Not Found
Content-Length: 848
Content-Type: application/json; charset=utf-8
cache-control: no-cache

16:04:38.371 [AsyncHttpClient-1-8] DEBUG org.asynchttpclient.netty.channel.ChannelManager - Adding key: http://localhost:1195 for channel [id: 0x777c0a3e, L:/127.0.0.1:63609 - R:localhost/127.0.0.1:1195]
16:04:38.374 [Forwarding getCurrentUrl on session d0dece0594ca6e2230fd0fade633d5fd to remote] DEBUG org.asynchttpclient.netty.request.NettyRequestSender - Using pooled Channel '[id: 0x777c0a3e, L:/127.0.0.1:63609 - R:localhost/127.0.0.1:1195]' for 'GET' to 'http://localhost:1195/session/d0dece0594ca6e2230fd0fade633d5fd/url'
16:04:38.374 [Forwarding getCurrentUrl on session d0dece0594ca6e2230fd0fade633d5fd to remote] DEBUG org.asynchttpclient.netty.request.NettyRequestSender - Using open Channel [id: 0x777c0a3e, L:/127.0.0.1:63609 - R:localhost/127.0.0.1:1195] for GET '/session/d0dece0594ca6e2230fd0fade633d5fd/url'
16:04:38.379 [AsyncHttpClient-1-8] DEBUG org.asynchttpclient.netty.handler.HttpHandler - 

Request DefaultFullHttpRequest(decodeResult: success, version: HTTP/1.1, content: EmptyByteBufBE)
GET /session/d0dece0594ca6e2230fd0fade633d5fd/url HTTP/1.1
User-Agent: selenium/4.8.1 (java windows)
Cache-Control: no-cache
Content-Type: application/json; charset=utf-8
host: localhost:1195
accept: */*

Response DefaultHttpResponse(decodeResult: success, version: HTTP/1.1)
HTTP/1.1 200 OK
Content-Length: 41
Content-Type: application/json; charset=utf-8
cache-control: no-cache

16:04:38.379 [AsyncHttpClient-1-8] DEBUG org.asynchttpclient.netty.channel.ChannelManager - Adding key: http://localhost:1195 for channel [id: 0x777c0a3e, L:/127.0.0.1:63609 - R:localhost/127.0.0.1:1195]
16:04:38.406 [Forwarding screenshot on session d0dece0594ca6e2230fd0fade633d5fd to remote] DEBUG org.asynchttpclient.netty.request.NettyRequestSender - Using pooled Channel '[id: 0x777c0a3e, L:/127.0.0.1:63609 - R:localhost/127.0.0.1:1195]' for 'GET' to 'http://localhost:1195/session/d0dece0594ca6e2230fd0fade633d5fd/screenshot'
16:04:38.406 [Forwarding screenshot on session d0dece0594ca6e2230fd0fade633d5fd to remote] DEBUG org.asynchttpclient.netty.request.NettyRequestSender - Using open Channel [id: 0x777c0a3e, L:/127.0.0.1:63609 - R:localhost/127.0.0.1:1195] for GET '/session/d0dece0594ca6e2230fd0fade633d5fd/screenshot'
16:04:38.583 [AsyncHttpClient-1-8] DEBUG org.asynchttpclient.netty.handler.HttpHandler - 

Request DefaultFullHttpRequest(decodeResult: success, version: HTTP/1.1, content: EmptyByteBufBE)
GET /session/d0dece0594ca6e2230fd0fade633d5fd/screenshot HTTP/1.1
User-Agent: selenium/4.8.1 (java windows)
Cache-Control: no-cache
Content-Type: application/json; charset=utf-8
host: localhost:1195
accept: */*

Response DefaultHttpResponse(decodeResult: success, version: HTTP/1.1)
HTTP/1.1 200 OK
Content-Length: 111208
Content-Type: application/json; charset=utf-8
cache-control: no-cache

16:04:38.584 [AsyncHttpClient-1-8] DEBUG org.asynchttpclient.netty.channel.ChannelManager - Adding key: http://localhost:1195 for channel [id: 0x777c0a3e, L:/127.0.0.1:63609 - R:localhost/127.0.0.1:1195]
16:04:38.588 [main] DEBUG net.serenitybdd.core.photography.Darkroom - Send negative for processing for target\site\serenity\dbd8ae3f18e9cd14fd429767389be549ac5a467cfcd899a47a0953672fba776b.png
16:04:38.589 [main] DEBUG net.thucydides.core.steps.StepInterceptor - STEP DONE: user success to add product to cart
  &amp#27;[32mThen &amp#27;[0m&amp#27;[32muser success to add product to cart&amp#27;[0m      &amp#27;[90m# starter.stepdefinition.ProductStep.userSuccessToAddProductToCart()&amp#27;[0m
16:04:38.589 [Darkroom Processing Line] DEBUG net.serenitybdd.core.photography.DarkroomProcessingLine - Processing screenshot image in /var/screenshots/screenshot-6821230450708754910
16:04:38.589 [Darkroom Processing Line] DEBUG net.serenitybdd.core.photography.DarkroomProcessingLine - Saving screenshot to target\site\serenity\dbd8ae3f18e9cd14fd429767389be549ac5a467cfcd899a47a0953672fba776b.png
16:04:38.594 [main] INFO  - 
  _____   ___   ___   _____     ___     _     ___   ___   ___   ___  
 |_   _| | __| / __| |_   _|   | _ \   /_\   / __| / __| | __| |   \ 
   | |   | _|  \__ \   | |     |  _/  / _ \  \__ \ \__ \ | _|  | |) |
   |_|   |___| |___/   |_|     |_|   /_/ \_\ |___/ |___/ |___| |___/ 

As a user, I want to buy some product
----------------------------------------------------------------------
16:04:38.595 [AsyncHttpClient-1-2] DEBUG org.asynchttpclient.netty.handler.WebSocketHandler - Channel Closed: [id: 0xda4e68b1, L:/127.0.0.1:63617 ! R:localhost/127.0.0.1:63611] with attribute NettyResponseFuture{currentRetry=0,
	isDone=1,
	isCancelled=0,
	asyncHandler=org.asynchttpclient.ws.WebSocketUpgradeHandler@4d6bb8a8,
	nettyRequest=org.asynchttpclient.netty.request.NettyRequest@70413333,
	future=java.util.concurrent.CompletableFuture@10ad91a2[Completed normally],
	uri=ws://localhost:63611/devtools/browser/bed0484e-ae3c-43d0-aa33-4b17435fea7f,
	keepAlive=true,
	redirectCount=0,
	timeoutsHolder=null,
	inAuth=0,
	touch=1683104672838}
16:04:38.595 [AsyncHttpClient-1-2] DEBUG org.asynchttpclient.netty.channel.ChannelManager - Closing Channel [id: 0xda4e68b1, L:/127.0.0.1:63617 ! R:localhost/127.0.0.1:63611] 
16:04:38.595 [Driver Command Executor] DEBUG org.asynchttpclient.netty.request.NettyRequestSender - Using pooled Channel '[id: 0x777c0a3e, L:/127.0.0.1:63609 - R:localhost/127.0.0.1:1195]' for 'DELETE' to 'http://localhost:1195/session/d0dece0594ca6e2230fd0fade633d5fd'
16:04:38.595 [Driver Command Executor] DEBUG org.asynchttpclient.netty.request.NettyRequestSender - Using open Channel [id: 0x777c0a3e, L:/127.0.0.1:63609 - R:localhost/127.0.0.1:1195] for DELETE '/session/d0dece0594ca6e2230fd0fade633d5fd'
16:04:38.635 [AsyncHttpClient-1-9] DEBUG org.asynchttpclient.netty.handler.HttpHandler - Unexpected I/O exception on channel [id: 0x5ccdc197, L:/127.0.0.1:63616 - R:localhost/127.0.0.1:63611]
java.io.IOException: An existing connection was forcibly closed by the remote host
	at sun.nio.ch.SocketDispatcher.read0(Native Method)
	at sun.nio.ch.SocketDispatcher.read(SocketDispatcher.java:43)
	at sun.nio.ch.IOUtil.readIntoNativeBuffer(IOUtil.java:223)
	at sun.nio.ch.IOUtil.read(IOUtil.java:192)
	at sun.nio.ch.SocketChannelImpl.read(SocketChannelImpl.java:378)
	at io.netty.buffer.PooledByteBuf.setBytes(PooledByteBuf.java:259)
	at io.netty.buffer.AbstractByteBuf.writeBytes(AbstractByteBuf.java:1132)
	at io.netty.channel.socket.nio.NioSocketChannel.doReadBytes(NioSocketChannel.java:357)
	at io.netty.channel.nio.AbstractNioByteChannel$NioByteUnsafe.read(AbstractNioByteChannel.java:151)
	at io.netty.channel.nio.NioEventLoop.processSelectedKey(NioEventLoop.java:788)
	at io.netty.channel.nio.NioEventLoop.processSelectedKeysOptimized(NioEventLoop.java:724)
	at io.netty.channel.nio.NioEventLoop.processSelectedKeys(NioEventLoop.java:650)
	at io.netty.channel.nio.NioEventLoop.run(NioEventLoop.java:562)
	at io.netty.util.concurrent.SingleThreadEventExecutor$4.run(SingleThreadEventExecutor.java:997)
	at io.netty.util.internal.ThreadExecutorMap$2.run(ThreadExecutorMap.java:74)
	at io.netty.util.concurrent.FastThreadLocalRunnable.run(FastThreadLocalRunnable.java:30)
	at java.lang.Thread.run(Thread.java:748)
16:04:38.635 [AsyncHttpClient-1-9] DEBUG org.asynchttpclient.netty.channel.ChannelManager - Closing Channel [id: 0x5ccdc197, L:/127.0.0.1:63616 - R:localhost/127.0.0.1:63611] 
16:04:38.635 [AsyncHttpClient-1-9] DEBUG org.asynchttpclient.netty.handler.HttpHandler - Channel Closed: [id: 0x5ccdc197, L:/127.0.0.1:63616 ! R:localhost/127.0.0.1:63611] with attribute DISCARD
16:04:38.664 [AsyncHttpClient-1-8] DEBUG org.asynchttpclient.netty.handler.HttpHandler - 

Request DefaultFullHttpRequest(decodeResult: success, version: HTTP/1.1, content: EmptyByteBufBE)
DELETE /session/d0dece0594ca6e2230fd0fade633d5fd HTTP/1.1
User-Agent: selenium/4.8.1 (java windows)
Content-Type: application/json; charset=utf-8
host: localhost:1195
accept: */*

Response DefaultHttpResponse(decodeResult: success, version: HTTP/1.1)
HTTP/1.1 200 OK
Content-Length: 14
Content-Type: application/json; charset=utf-8
cache-control: no-cache

16:04:38.664 [AsyncHttpClient-1-8] DEBUG org.asynchttpclient.netty.channel.ChannelManager - Adding key: http://localhost:1195 for channel [id: 0x777c0a3e, L:/127.0.0.1:63609 - R:localhost/127.0.0.1:1195]
16:04:38.796 [AsyncHttpClient-1-8] DEBUG org.asynchttpclient.netty.handler.HttpHandler - Channel Closed: [id: 0x777c0a3e, L:/127.0.0.1:63609 ! R:localhost/127.0.0.1:1195] with attribute DISCARD
16:04:38.982 [AsyncHttpClient-1-1] DEBUG org.asynchttpclient.netty.channel.DefaultChannelPool - Entry count for : http://localhost:1195 : 1
16:04:38.982 [AsyncHttpClient-1-1] DEBUG org.asynchttpclient.netty.channel.DefaultChannelPool - Entry count for : http://localhost:63611 : 1
16:04:38.982 [AsyncHttpClient-1-1] DEBUG org.asynchttpclient.netty.channel.DefaultChannelPool - Adding Candidate expired Channel [id: 0x777c0a3e, L:/127.0.0.1:63609 ! R:localhost/127.0.0.1:1195] isIdleTimeoutExpired=false isRemotelyClosed=true isTtlExpired=false
16:04:38.982 [AsyncHttpClient-1-1] DEBUG org.asynchttpclient.netty.channel.DefaultChannelPool - Closing Idle Channel [id: 0x777c0a3e, L:/127.0.0.1:63609 ! R:localhost/127.0.0.1:1195]
16:04:38.982 [AsyncHttpClient-1-1] DEBUG org.asynchttpclient.netty.channel.DefaultChannelPool - Adding Candidate expired Channel [id: 0x5ccdc197, L:/127.0.0.1:63616 ! R:localhost/127.0.0.1:63611] isIdleTimeoutExpired=false isRemotelyClosed=true isTtlExpired=false
16:04:38.982 [AsyncHttpClient-1-1] DEBUG org.asynchttpclient.netty.channel.DefaultChannelPool - Closing Idle Channel [id: 0x5ccdc197, L:/127.0.0.1:63616 ! R:localhost/127.0.0.1:63611]
16:04:38.982 [AsyncHttpClient-1-1] DEBUG org.asynchttpclient.netty.channel.DefaultChannelPool - Closed 2 connections out of 2 in 0 ms
]]></system-out>
    <system-err><![CDATA[Starting ChromeDriver 112.0.5615.49 (bd2a7bcb881c11e8cfe3078709382934e3916914-refs/branch-heads/5615@{#936}) on port 1195
Only local connections are allowed.
Please see https://chromedriver.chromium.org/security-considerations for suggestions on keeping ChromeDriver safe.
ChromeDriver was started successfully.
May 03, 2023 4:04:32 PM org.openqa.selenium.devtools.CdpVersionFinder findNearestMatch
WARNING: Unable to find an exact match for CDP version 112, so returning the closest version found: 110
]]></system-err>
  </testcase>
  <testcase name="As a user, I want to see detail product" classname="Product - As a user I want to buying a product So that I have to select product" time="9.264">
    <system-out><![CDATA[
@TC_Product_002
Scenario: As a user, I want to see detail product &amp#27;[90m# src/test/resources/features/Product.feature:10&amp#27;[0m
16:04:39.329 [main] DEBUG io.cucumber.core.plugin.SerenityReporter - Running feature from file:///C:/Users/user/Downloads/QE_Devi-Agustin-Utari/Mini%20Project/Source_Mini_Project/Web_Automation_AltaShop/src/test/resources/features/Product.feature
16:04:39.332 [main] INFO  - 
  _____   ___   ___   _____     ___   _____     _     ___   _____   ___   ___  
 |_   _| | __| / __| |_   _|   / __| |_   _|   /_\   | _ \ |_   _| | __| |   \ 
   | |   | _|  \__ \   | |     \__ \   | |    / _ \  |   /   | |   | _|  | |) |
   |_|   |___| |___/   |_|     |___/   |_|   /_/ \_\ |_|_\   |_|   |___| |___/ 

As a user, I want to see detail product(product---as-a-user-i-want-to-buying-a-product-so-that-i-have-to-select-product;as-a-user--i-want-to-see-detail-product)
--------------------------------------------------------------------------------
16:04:39.355 [main] DEBUG net.thucydides.core.steps.StepInterceptor - STARTING STEP: LoginStep.userSuccessLogin - user on login page
16:04:39.453 [main] INFO net.serenitybdd.core.webdriver.driverproviders.ChromeDriverProvider - Starting Chrome driver instance with capabilities:
16:04:39.454 [main] INFO net.serenitybdd.core.webdriver.driverproviders.ChromeDriverProvider - Capabilities {acceptInsecureCerts: true, browserName: chrome, goog:chromeOptions: {args: [remote-allow-origins=*, test-type, no-sandbox, ignore-certificate-errors, start-maximized, incognito, disable-infobars, disable-gpu, disable-default-apps, disable-popup-blocking, remote-allow-origins=*, test-type, no-sandbox, ignore-certificate-errors, start-maximized, incognito, disable-infobars, disable-gpu, disable-default-apps, disable-popup-blocking, remote-allow-origins=*], extensions: []}}
16:04:40.042 [AsyncHttpClient-1-3] DEBUG org.asynchttpclient.netty.channel.NettyConnectListener - Using new Channel '[id: 0xbbc7b912, L:/127.0.0.1:63635 - R:localhost/127.0.0.1:22991]' for 'POST' to '/session'
16:04:41.783 [AsyncHttpClient-1-3] DEBUG org.asynchttpclient.netty.handler.HttpHandler - 

Request DefaultHttpRequest(decodeResult: success, version: HTTP/1.1)
POST /session HTTP/1.1
User-Agent: selenium/4.8.1 (java windows)
Content-Length: 1701
Content-Type: application/json; charset=utf-8
host: localhost:22991
accept: */*

Response DefaultHttpResponse(decodeResult: success, version: HTTP/1.1)
HTTP/1.1 200 OK
Content-Length: 844
Content-Type: application/json; charset=utf-8
cache-control: no-cache

16:04:41.783 [AsyncHttpClient-1-3] DEBUG org.asynchttpclient.netty.channel.ChannelManager - Adding key: http://localhost:22991 for channel [id: 0xbbc7b912, L:/127.0.0.1:63635 - R:localhost/127.0.0.1:22991]
16:04:41.789 [AsyncHttpClient-1-4] DEBUG org.asynchttpclient.netty.channel.NettyConnectListener - Using new Channel '[id: 0x6e82048c, L:/127.0.0.1:63643 - R:localhost/127.0.0.1:63637]' for 'GET' to '/json/version'
16:04:41.790 [AsyncHttpClient-1-4] DEBUG org.asynchttpclient.netty.handler.HttpHandler - 

Request DefaultFullHttpRequest(decodeResult: success, version: HTTP/1.1, content: EmptyByteBufBE)
GET /json/version HTTP/1.1
User-Agent: selenium/4.8.1 (java windows)
host: localhost:63637
accept: */*

Response DefaultHttpResponse(decodeResult: success, version: HTTP/1.1)
HTTP/1.1 200 OK
Content-Security-Policy: frame-ancestors 'none'
Content-Length: 424
Content-Type: application/json; charset=UTF-8

16:04:41.790 [AsyncHttpClient-1-4] DEBUG org.asynchttpclient.netty.channel.ChannelManager - Adding key: http://localhost:63637 for channel [id: 0x6e82048c, L:/127.0.0.1:63643 - R:localhost/127.0.0.1:63637]
16:04:41.792 [AsyncHttpClient-1-5] DEBUG org.asynchttpclient.netty.channel.NettyConnectListener - Using new Channel '[id: 0x8938564b, L:/127.0.0.1:63644 - R:localhost/127.0.0.1:63637]' for 'GET' to '/devtools/browser/7c8e944f-498e-41d6-a5b9-bee0f62c40a0'
16:04:41.793 [AsyncHttpClient-1-5] DEBUG org.asynchttpclient.netty.handler.WebSocketHandler - 

Request DefaultFullHttpRequest(decodeResult: success, version: HTTP/1.1, content: EmptyByteBufBE)
GET /devtools/browser/7c8e944f-498e-41d6-a5b9-bee0f62c40a0 HTTP/1.1
upgrade: websocket
connection: upgrade
sec-websocket-key: oh+8dinWLjuyWufD3g+ilA==
sec-websocket-version: 13
origin: http://localhost:63637
host: localhost:63637
accept: */*
user-agent: AHC/2.1

Response DefaultHttpResponse(decodeResult: success, version: HTTP/1.1)
HTTP/1.1 101 WebSocket Protocol Handshake
Upgrade: WebSocket
Connection: Upgrade
Sec-WebSocket-Accept: kI2N7d+lAG0lcVFM/+Ar0misyM4=

16:04:41.796 [Forwarding get on session ba9983e294c4a0d22e0db2c0debb44f5 to remote] DEBUG org.asynchttpclient.netty.request.NettyRequestSender - Using pooled Channel '[id: 0xbbc7b912, L:/127.0.0.1:63635 - R:localhost/127.0.0.1:22991]' for 'POST' to 'http://localhost:22991/session/ba9983e294c4a0d22e0db2c0debb44f5/url'
16:04:41.796 [Forwarding get on session ba9983e294c4a0d22e0db2c0debb44f5 to remote] DEBUG org.asynchttpclient.netty.request.NettyRequestSender - Using open Channel [id: 0xbbc7b912, L:/127.0.0.1:63635 - R:localhost/127.0.0.1:22991] for POST '/session/ba9983e294c4a0d22e0db2c0debb44f5/url'
16:04:42.282 [AsyncHttpClient-1-1] DEBUG org.asynchttpclient.netty.channel.DefaultChannelPool - Entry count for : http://localhost:63637 : 1
16:04:42.980 [AsyncHttpClient-1-3] DEBUG org.asynchttpclient.netty.handler.HttpHandler - 

Request DefaultHttpRequest(decodeResult: success, version: HTTP/1.1)
POST /session/ba9983e294c4a0d22e0db2c0debb44f5/url HTTP/1.1
User-Agent: selenium/4.8.1 (java windows)
Content-Length: 74
Content-Type: application/json; charset=utf-8
host: localhost:22991
accept: */*

Response DefaultHttpResponse(decodeResult: success, version: HTTP/1.1)
HTTP/1.1 200 OK
Content-Length: 14
Content-Type: application/json; charset=utf-8
cache-control: no-cache

16:04:42.980 [AsyncHttpClient-1-3] DEBUG org.asynchttpclient.netty.channel.ChannelManager - Adding key: http://localhost:22991 for channel [id: 0xbbc7b912, L:/127.0.0.1:63635 - R:localhost/127.0.0.1:22991]
16:04:42.982 [Forwarding setTimeout on session ba9983e294c4a0d22e0db2c0debb44f5 to remote] DEBUG org.asynchttpclient.netty.request.NettyRequestSender - Using pooled Channel '[id: 0xbbc7b912, L:/127.0.0.1:63635 - R:localhost/127.0.0.1:22991]' for 'POST' to 'http://localhost:22991/session/ba9983e294c4a0d22e0db2c0debb44f5/timeouts'
16:04:42.982 [Forwarding setTimeout on session ba9983e294c4a0d22e0db2c0debb44f5 to remote] DEBUG org.asynchttpclient.netty.request.NettyRequestSender - Using open Channel [id: 0xbbc7b912, L:/127.0.0.1:63635 - R:localhost/127.0.0.1:22991] for POST '/session/ba9983e294c4a0d22e0db2c0debb44f5/timeouts'
16:04:42.983 [AsyncHttpClient-1-3] DEBUG org.asynchttpclient.netty.handler.HttpHandler - 

Request DefaultHttpRequest(decodeResult: success, version: HTTP/1.1)
POST /session/ba9983e294c4a0d22e0db2c0debb44f5/timeouts HTTP/1.1
User-Agent: selenium/4.8.1 (java windows)
Content-Length: 22
Content-Type: application/json; charset=utf-8
host: localhost:22991
accept: */*

Response DefaultHttpResponse(decodeResult: success, version: HTTP/1.1)
HTTP/1.1 200 OK
Content-Length: 14
Content-Type: application/json; charset=utf-8
cache-control: no-cache

16:04:42.983 [AsyncHttpClient-1-3] DEBUG org.asynchttpclient.netty.channel.ChannelManager - Adding key: http://localhost:22991 for channel [id: 0xbbc7b912, L:/127.0.0.1:63635 - R:localhost/127.0.0.1:22991]
16:04:42.993 [Forwarding findElement on session ba9983e294c4a0d22e0db2c0debb44f5 to remote] DEBUG org.asynchttpclient.netty.request.NettyRequestSender - Using pooled Channel '[id: 0xbbc7b912, L:/127.0.0.1:63635 - R:localhost/127.0.0.1:22991]' for 'POST' to 'http://localhost:22991/session/ba9983e294c4a0d22e0db2c0debb44f5/element'
16:04:42.993 [Forwarding findElement on session ba9983e294c4a0d22e0db2c0debb44f5 to remote] DEBUG org.asynchttpclient.netty.request.NettyRequestSender - Using open Channel [id: 0xbbc7b912, L:/127.0.0.1:63635 - R:localhost/127.0.0.1:22991] for POST '/session/ba9983e294c4a0d22e0db2c0debb44f5/element'
16:04:43.006 [AsyncHttpClient-1-3] DEBUG org.asynchttpclient.netty.handler.HttpHandler - 

Request DefaultHttpRequest(decodeResult: success, version: HTTP/1.1)
POST /session/ba9983e294c4a0d22e0db2c0debb44f5/element HTTP/1.1
User-Agent: selenium/4.8.1 (java windows)
Content-Length: 69
Content-Type: application/json; charset=utf-8
host: localhost:22991
accept: */*

Response DefaultHttpResponse(decodeResult: success, version: HTTP/1.1)
HTTP/1.1 200 OK
Content-Length: 88
Content-Type: application/json; charset=utf-8
cache-control: no-cache

16:04:43.006 [AsyncHttpClient-1-3] DEBUG org.asynchttpclient.netty.channel.ChannelManager - Adding key: http://localhost:22991 for channel [id: 0xbbc7b912, L:/127.0.0.1:63635 - R:localhost/127.0.0.1:22991]
16:04:43.008 [Forwarding isElementDisplayed on session ba9983e294c4a0d22e0db2c0debb44f5 to remote] DEBUG org.asynchttpclient.netty.request.NettyRequestSender - Using pooled Channel '[id: 0xbbc7b912, L:/127.0.0.1:63635 - R:localhost/127.0.0.1:22991]' for 'POST' to 'http://localhost:22991/session/ba9983e294c4a0d22e0db2c0debb44f5/execute/sync'
16:04:43.008 [Forwarding isElementDisplayed on session ba9983e294c4a0d22e0db2c0debb44f5 to remote] DEBUG org.asynchttpclient.netty.request.NettyRequestSender - Using open Channel [id: 0xbbc7b912, L:/127.0.0.1:63635 - R:localhost/127.0.0.1:22991] for POST '/session/ba9983e294c4a0d22e0db2c0debb44f5/execute/sync'
16:04:43.021 [AsyncHttpClient-1-3] DEBUG org.asynchttpclient.netty.handler.HttpHandler - 

Request DefaultHttpRequest(decodeResult: success, version: HTTP/1.1)
POST /session/ba9983e294c4a0d22e0db2c0debb44f5/execute/sync HTTP/1.1
User-Agent: selenium/4.8.1 (java windows)
Content-Length: 48807
Content-Type: application/json; charset=utf-8
host: localhost:22991
accept: */*

Response DefaultHttpResponse(decodeResult: success, version: HTTP/1.1)
HTTP/1.1 200 OK
Content-Length: 14
Content-Type: application/json; charset=utf-8
cache-control: no-cache

16:04:43.021 [AsyncHttpClient-1-3] DEBUG org.asynchttpclient.netty.channel.ChannelManager - Adding key: http://localhost:22991 for channel [id: 0xbbc7b912, L:/127.0.0.1:63635 - R:localhost/127.0.0.1:22991]
16:04:43.025 [Forwarding getAlertText on session ba9983e294c4a0d22e0db2c0debb44f5 to remote] DEBUG org.asynchttpclient.netty.request.NettyRequestSender - Using pooled Channel '[id: 0xbbc7b912, L:/127.0.0.1:63635 - R:localhost/127.0.0.1:22991]' for 'GET' to 'http://localhost:22991/session/ba9983e294c4a0d22e0db2c0debb44f5/alert/text'
16:04:43.025 [Forwarding getAlertText on session ba9983e294c4a0d22e0db2c0debb44f5 to remote] DEBUG org.asynchttpclient.netty.request.NettyRequestSender - Using open Channel [id: 0xbbc7b912, L:/127.0.0.1:63635 - R:localhost/127.0.0.1:22991] for GET '/session/ba9983e294c4a0d22e0db2c0debb44f5/alert/text'
16:04:43.026 [AsyncHttpClient-1-3] DEBUG org.asynchttpclient.netty.handler.HttpHandler - 

Request DefaultFullHttpRequest(decodeResult: success, version: HTTP/1.1, content: EmptyByteBufBE)
GET /session/ba9983e294c4a0d22e0db2c0debb44f5/alert/text HTTP/1.1
User-Agent: selenium/4.8.1 (java windows)
Cache-Control: no-cache
Content-Type: application/json; charset=utf-8
host: localhost:22991
accept: */*

Response DefaultHttpResponse(decodeResult: success, version: HTTP/1.1)
HTTP/1.1 404 Not Found
Content-Length: 848
Content-Type: application/json; charset=utf-8
cache-control: no-cache

16:04:43.026 [AsyncHttpClient-1-3] DEBUG org.asynchttpclient.netty.channel.ChannelManager - Adding key: http://localhost:22991 for channel [id: 0xbbc7b912, L:/127.0.0.1:63635 - R:localhost/127.0.0.1:22991]
16:04:43.027 [Forwarding getCurrentUrl on session ba9983e294c4a0d22e0db2c0debb44f5 to remote] DEBUG org.asynchttpclient.netty.request.NettyRequestSender - Using pooled Channel '[id: 0xbbc7b912, L:/127.0.0.1:63635 - R:localhost/127.0.0.1:22991]' for 'GET' to 'http://localhost:22991/session/ba9983e294c4a0d22e0db2c0debb44f5/url'
16:04:43.027 [Forwarding getCurrentUrl on session ba9983e294c4a0d22e0db2c0debb44f5 to remote] DEBUG org.asynchttpclient.netty.request.NettyRequestSender - Using open Channel [id: 0xbbc7b912, L:/127.0.0.1:63635 - R:localhost/127.0.0.1:22991] for GET '/session/ba9983e294c4a0d22e0db2c0debb44f5/url'
16:04:43.032 [AsyncHttpClient-1-3] DEBUG org.asynchttpclient.netty.handler.HttpHandler - 

Request DefaultFullHttpRequest(decodeResult: success, version: HTTP/1.1, content: EmptyByteBufBE)
GET /session/ba9983e294c4a0d22e0db2c0debb44f5/url HTTP/1.1
User-Agent: selenium/4.8.1 (java windows)
Cache-Control: no-cache
Content-Type: application/json; charset=utf-8
host: localhost:22991
accept: */*

Response DefaultHttpResponse(decodeResult: success, version: HTTP/1.1)
HTTP/1.1 200 OK
Content-Length: 51
Content-Type: application/json; charset=utf-8
cache-control: no-cache

16:04:43.032 [AsyncHttpClient-1-3] DEBUG org.asynchttpclient.netty.channel.ChannelManager - Adding key: http://localhost:22991 for channel [id: 0xbbc7b912, L:/127.0.0.1:63635 - R:localhost/127.0.0.1:22991]
16:04:43.032 [Forwarding screenshot on session ba9983e294c4a0d22e0db2c0debb44f5 to remote] DEBUG org.asynchttpclient.netty.request.NettyRequestSender - Using pooled Channel '[id: 0xbbc7b912, L:/127.0.0.1:63635 - R:localhost/127.0.0.1:22991]' for 'GET' to 'http://localhost:22991/session/ba9983e294c4a0d22e0db2c0debb44f5/screenshot'
16:04:43.032 [Forwarding screenshot on session ba9983e294c4a0d22e0db2c0debb44f5 to remote] DEBUG org.asynchttpclient.netty.request.NettyRequestSender - Using open Channel [id: 0xbbc7b912, L:/127.0.0.1:63635 - R:localhost/127.0.0.1:22991] for GET '/session/ba9983e294c4a0d22e0db2c0debb44f5/screenshot'
16:04:43.096 [AsyncHttpClient-1-3] DEBUG org.asynchttpclient.netty.handler.HttpHandler - 

Request DefaultFullHttpRequest(decodeResult: success, version: HTTP/1.1, content: EmptyByteBufBE)
GET /session/ba9983e294c4a0d22e0db2c0debb44f5/screenshot HTTP/1.1
User-Agent: selenium/4.8.1 (java windows)
Cache-Control: no-cache
Content-Type: application/json; charset=utf-8
host: localhost:22991
accept: */*

Response DefaultHttpResponse(decodeResult: success, version: HTTP/1.1)
HTTP/1.1 200 OK
Content-Length: 25060
Content-Type: application/json; charset=utf-8
cache-control: no-cache

16:04:43.097 [AsyncHttpClient-1-3] DEBUG org.asynchttpclient.netty.channel.ChannelManager - Adding key: http://localhost:22991 for channel [id: 0xbbc7b912, L:/127.0.0.1:63635 - R:localhost/127.0.0.1:22991]
16:04:43.098 [main] DEBUG net.serenitybdd.core.photography.Darkroom - Send negative for processing for target\site\serenity\1db263dd5c04c8fe15e82ee6420144d4e1e7b9826b9315cfd7ec5b5d0da76045.png
16:04:43.098 [main] DEBUG net.thucydides.core.steps.StepInterceptor - STEP DONE: user on login page
16:04:43.100 [main] DEBUG net.thucydides.core.steps.StepInterceptor - STARTING STEP: LoginStep.userSuccessLogin - user input valid email
16:04:43.102 [Forwarding findElement on session ba9983e294c4a0d22e0db2c0debb44f5 to remote] DEBUG org.asynchttpclient.netty.request.NettyRequestSender - Using pooled Channel '[id: 0xbbc7b912, L:/127.0.0.1:63635 - R:localhost/127.0.0.1:22991]' for 'POST' to 'http://localhost:22991/session/ba9983e294c4a0d22e0db2c0debb44f5/element'
16:04:43.102 [Forwarding findElement on session ba9983e294c4a0d22e0db2c0debb44f5 to remote] DEBUG org.asynchttpclient.netty.request.NettyRequestSender - Using open Channel [id: 0xbbc7b912, L:/127.0.0.1:63635 - R:localhost/127.0.0.1:22991] for POST '/session/ba9983e294c4a0d22e0db2c0debb44f5/element'
16:04:43.111 [AsyncHttpClient-1-3] DEBUG org.asynchttpclient.netty.handler.HttpHandler - 

Request DefaultHttpRequest(decodeResult: success, version: HTTP/1.1)
POST /session/ba9983e294c4a0d22e0db2c0debb44f5/element HTTP/1.1
User-Agent: selenium/4.8.1 (java windows)
Content-Length: 55
Content-Type: application/json; charset=utf-8
host: localhost:22991
accept: */*

Response DefaultHttpResponse(decodeResult: success, version: HTTP/1.1)
HTTP/1.1 200 OK
Content-Length: 88
Content-Type: application/json; charset=utf-8
cache-control: no-cache

16:04:43.111 [AsyncHttpClient-1-3] DEBUG org.asynchttpclient.netty.channel.ChannelManager - Adding key: http://localhost:22991 for channel [id: 0xbbc7b912, L:/127.0.0.1:63635 - R:localhost/127.0.0.1:22991]
16:04:43.112 [Forwarding clearElement on session ba9983e294c4a0d22e0db2c0debb44f5 to remote] DEBUG org.asynchttpclient.netty.request.NettyRequestSender - Using pooled Channel '[id: 0xbbc7b912, L:/127.0.0.1:63635 - R:localhost/127.0.0.1:22991]' for 'POST' to 'http://localhost:22991/session/ba9983e294c4a0d22e0db2c0debb44f5/element/5368a865-5f13-4011-82be-f60bcaab8408/clear'
16:04:43.112 [Forwarding clearElement on session ba9983e294c4a0d22e0db2c0debb44f5 to remote] DEBUG org.asynchttpclient.netty.request.NettyRequestSender - Using open Channel [id: 0xbbc7b912, L:/127.0.0.1:63635 - R:localhost/127.0.0.1:22991] for POST '/session/ba9983e294c4a0d22e0db2c0debb44f5/element/5368a865-5f13-4011-82be-f60bcaab8408/clear'
16:04:43.142 [AsyncHttpClient-1-3] DEBUG org.asynchttpclient.netty.handler.HttpHandler - 

Request DefaultHttpRequest(decodeResult: success, version: HTTP/1.1)
POST /session/ba9983e294c4a0d22e0db2c0debb44f5/element/5368a865-5f13-4011-82be-f60bcaab8408/clear HTTP/1.1
User-Agent: selenium/4.8.1 (java windows)
Content-Length: 50
Content-Type: application/json; charset=utf-8
host: localhost:22991
accept: */*

Response DefaultHttpResponse(decodeResult: success, version: HTTP/1.1)
HTTP/1.1 200 OK
Content-Length: 14
Content-Type: application/json; charset=utf-8
cache-control: no-cache

16:04:43.142 [AsyncHttpClient-1-3] DEBUG org.asynchttpclient.netty.channel.ChannelManager - Adding key: http://localhost:22991 for channel [id: 0xbbc7b912, L:/127.0.0.1:63635 - R:localhost/127.0.0.1:22991]
16:04:43.143 [Forwarding sendKeysToElement on session ba9983e294c4a0d22e0db2c0debb44f5 to remote] DEBUG org.asynchttpclient.netty.request.NettyRequestSender - Using pooled Channel '[id: 0xbbc7b912, L:/127.0.0.1:63635 - R:localhost/127.0.0.1:22991]' for 'POST' to 'http://localhost:22991/session/ba9983e294c4a0d22e0db2c0debb44f5/element/5368a865-5f13-4011-82be-f60bcaab8408/value'
16:04:43.143 [Forwarding sendKeysToElement on session ba9983e294c4a0d22e0db2c0debb44f5 to remote] DEBUG org.asynchttpclient.netty.request.NettyRequestSender - Using open Channel [id: 0xbbc7b912, L:/127.0.0.1:63635 - R:localhost/127.0.0.1:22991] for POST '/session/ba9983e294c4a0d22e0db2c0debb44f5/element/5368a865-5f13-4011-82be-f60bcaab8408/value'
16:04:43.256 [AsyncHttpClient-1-3] DEBUG org.asynchttpclient.netty.handler.HttpHandler - 

Request DefaultHttpRequest(decodeResult: success, version: HTTP/1.1)
POST /session/ba9983e294c4a0d22e0db2c0debb44f5/element/5368a865-5f13-4011-82be-f60bcaab8408/value HTTP/1.1
User-Agent: selenium/4.8.1 (java windows)
Content-Length: 231
Content-Type: application/json; charset=utf-8
host: localhost:22991
accept: */*

Response DefaultHttpResponse(decodeResult: success, version: HTTP/1.1)
HTTP/1.1 200 OK
Content-Length: 14
Content-Type: application/json; charset=utf-8
cache-control: no-cache

16:04:43.256 [AsyncHttpClient-1-3] DEBUG org.asynchttpclient.netty.channel.ChannelManager - Adding key: http://localhost:22991 for channel [id: 0xbbc7b912, L:/127.0.0.1:63635 - R:localhost/127.0.0.1:22991]
16:04:43.261 [Forwarding getAlertText on session ba9983e294c4a0d22e0db2c0debb44f5 to remote] DEBUG org.asynchttpclient.netty.request.NettyRequestSender - Using pooled Channel '[id: 0xbbc7b912, L:/127.0.0.1:63635 - R:localhost/127.0.0.1:22991]' for 'GET' to 'http://localhost:22991/session/ba9983e294c4a0d22e0db2c0debb44f5/alert/text'
16:04:43.261 [Forwarding getAlertText on session ba9983e294c4a0d22e0db2c0debb44f5 to remote] DEBUG org.asynchttpclient.netty.request.NettyRequestSender - Using open Channel [id: 0xbbc7b912, L:/127.0.0.1:63635 - R:localhost/127.0.0.1:22991] for GET '/session/ba9983e294c4a0d22e0db2c0debb44f5/alert/text'
16:04:43.263 [AsyncHttpClient-1-3] DEBUG org.asynchttpclient.netty.handler.HttpHandler - 

Request DefaultFullHttpRequest(decodeResult: success, version: HTTP/1.1, content: EmptyByteBufBE)
GET /session/ba9983e294c4a0d22e0db2c0debb44f5/alert/text HTTP/1.1
User-Agent: selenium/4.8.1 (java windows)
Cache-Control: no-cache
Content-Type: application/json; charset=utf-8
host: localhost:22991
accept: */*

Response DefaultHttpResponse(decodeResult: success, version: HTTP/1.1)
HTTP/1.1 404 Not Found
Content-Length: 848
Content-Type: application/json; charset=utf-8
cache-control: no-cache

16:04:43.263 [AsyncHttpClient-1-3] DEBUG org.asynchttpclient.netty.channel.ChannelManager - Adding key: http://localhost:22991 for channel [id: 0xbbc7b912, L:/127.0.0.1:63635 - R:localhost/127.0.0.1:22991]
16:04:43.263 [Forwarding getCurrentUrl on session ba9983e294c4a0d22e0db2c0debb44f5 to remote] DEBUG org.asynchttpclient.netty.request.NettyRequestSender - Using pooled Channel '[id: 0xbbc7b912, L:/127.0.0.1:63635 - R:localhost/127.0.0.1:22991]' for 'GET' to 'http://localhost:22991/session/ba9983e294c4a0d22e0db2c0debb44f5/url'
16:04:43.264 [Forwarding getCurrentUrl on session ba9983e294c4a0d22e0db2c0debb44f5 to remote] DEBUG org.asynchttpclient.netty.request.NettyRequestSender - Using open Channel [id: 0xbbc7b912, L:/127.0.0.1:63635 - R:localhost/127.0.0.1:22991] for GET '/session/ba9983e294c4a0d22e0db2c0debb44f5/url'
16:04:43.267 [AsyncHttpClient-1-3] DEBUG org.asynchttpclient.netty.handler.HttpHandler - 

Request DefaultFullHttpRequest(decodeResult: success, version: HTTP/1.1, content: EmptyByteBufBE)
GET /session/ba9983e294c4a0d22e0db2c0debb44f5/url HTTP/1.1
User-Agent: selenium/4.8.1 (java windows)
Cache-Control: no-cache
Content-Type: application/json; charset=utf-8
host: localhost:22991
accept: */*

Response DefaultHttpResponse(decodeResult: success, version: HTTP/1.1)
HTTP/1.1 200 OK
Content-Length: 51
Content-Type: application/json; charset=utf-8
cache-control: no-cache

16:04:43.267 [AsyncHttpClient-1-3] DEBUG org.asynchttpclient.netty.channel.ChannelManager - Adding key: http://localhost:22991 for channel [id: 0xbbc7b912, L:/127.0.0.1:63635 - R:localhost/127.0.0.1:22991]
16:04:43.268 [Forwarding screenshot on session ba9983e294c4a0d22e0db2c0debb44f5 to remote] DEBUG org.asynchttpclient.netty.request.NettyRequestSender - Using pooled Channel '[id: 0xbbc7b912, L:/127.0.0.1:63635 - R:localhost/127.0.0.1:22991]' for 'GET' to 'http://localhost:22991/session/ba9983e294c4a0d22e0db2c0debb44f5/screenshot'
16:04:43.268 [Forwarding screenshot on session ba9983e294c4a0d22e0db2c0debb44f5 to remote] DEBUG org.asynchttpclient.netty.request.NettyRequestSender - Using open Channel [id: 0xbbc7b912, L:/127.0.0.1:63635 - R:localhost/127.0.0.1:22991] for GET '/session/ba9983e294c4a0d22e0db2c0debb44f5/screenshot'
16:04:43.376 [AsyncHttpClient-1-3] DEBUG org.asynchttpclient.netty.handler.HttpHandler - 

Request DefaultFullHttpRequest(decodeResult: success, version: HTTP/1.1, content: EmptyByteBufBE)
GET /session/ba9983e294c4a0d22e0db2c0debb44f5/screenshot HTTP/1.1
User-Agent: selenium/4.8.1 (java windows)
Cache-Control: no-cache
Content-Type: application/json; charset=utf-8
host: localhost:22991
accept: */*

Response DefaultHttpResponse(decodeResult: success, version: HTTP/1.1)
HTTP/1.1 200 OK
Content-Length: 29224
Content-Type: application/json; charset=utf-8
cache-control: no-cache

16:04:43.376 [AsyncHttpClient-1-3] DEBUG org.asynchttpclient.netty.channel.ChannelManager - Adding key: http://localhost:22991 for channel [id: 0xbbc7b912, L:/127.0.0.1:63635 - R:localhost/127.0.0.1:22991]
16:04:43.377 [main] DEBUG net.serenitybdd.core.photography.Darkroom - Send negative for processing for target\site\serenity\af48b0f5bb1f28210db092cba44ad82387ffef8835d88a479b97035ca17deda8.png
16:04:43.377 [main] DEBUG net.thucydides.core.steps.StepInterceptor - STEP DONE: user input valid email
16:04:43.378 [Darkroom Processing Line] DEBUG net.serenitybdd.core.photography.DarkroomProcessingLine - Processing screenshot image in /var/screenshots/screenshot-8123088779441051672
16:04:43.378 [Darkroom Processing Line] DEBUG net.serenitybdd.core.photography.DarkroomProcessingLine - Saving screenshot to target\site\serenity\af48b0f5bb1f28210db092cba44ad82387ffef8835d88a479b97035ca17deda8.png
16:04:43.381 [main] DEBUG net.thucydides.core.steps.StepInterceptor - STARTING STEP: LoginStep.userSuccessLogin - user input valid password
16:04:43.383 [Forwarding findElement on session ba9983e294c4a0d22e0db2c0debb44f5 to remote] DEBUG org.asynchttpclient.netty.request.NettyRequestSender - Using pooled Channel '[id: 0xbbc7b912, L:/127.0.0.1:63635 - R:localhost/127.0.0.1:22991]' for 'POST' to 'http://localhost:22991/session/ba9983e294c4a0d22e0db2c0debb44f5/element'
16:04:43.383 [Forwarding findElement on session ba9983e294c4a0d22e0db2c0debb44f5 to remote] DEBUG org.asynchttpclient.netty.request.NettyRequestSender - Using open Channel [id: 0xbbc7b912, L:/127.0.0.1:63635 - R:localhost/127.0.0.1:22991] for POST '/session/ba9983e294c4a0d22e0db2c0debb44f5/element'
16:04:43.387 [AsyncHttpClient-1-1] DEBUG org.asynchttpclient.netty.channel.DefaultChannelPool - Entry count for : http://localhost:63637 : 1
16:04:43.394 [AsyncHttpClient-1-3] DEBUG org.asynchttpclient.netty.handler.HttpHandler - 

Request DefaultHttpRequest(decodeResult: success, version: HTTP/1.1)
POST /session/ba9983e294c4a0d22e0db2c0debb44f5/element HTTP/1.1
User-Agent: selenium/4.8.1 (java windows)
Content-Length: 55
Content-Type: application/json; charset=utf-8
host: localhost:22991
accept: */*

Response DefaultHttpResponse(decodeResult: success, version: HTTP/1.1)
HTTP/1.1 200 OK
Content-Length: 88
Content-Type: application/json; charset=utf-8
cache-control: no-cache

16:04:43.394 [AsyncHttpClient-1-3] DEBUG org.asynchttpclient.netty.channel.ChannelManager - Adding key: http://localhost:22991 for channel [id: 0xbbc7b912, L:/127.0.0.1:63635 - R:localhost/127.0.0.1:22991]
16:04:43.395 [Forwarding clearElement on session ba9983e294c4a0d22e0db2c0debb44f5 to remote] DEBUG org.asynchttpclient.netty.request.NettyRequestSender - Using pooled Channel '[id: 0xbbc7b912, L:/127.0.0.1:63635 - R:localhost/127.0.0.1:22991]' for 'POST' to 'http://localhost:22991/session/ba9983e294c4a0d22e0db2c0debb44f5/element/4ca47141-7457-4f79-9919-92278de47d97/clear'
16:04:43.395 [Forwarding clearElement on session ba9983e294c4a0d22e0db2c0debb44f5 to remote] DEBUG org.asynchttpclient.netty.request.NettyRequestSender - Using open Channel [id: 0xbbc7b912, L:/127.0.0.1:63635 - R:localhost/127.0.0.1:22991] for POST '/session/ba9983e294c4a0d22e0db2c0debb44f5/element/4ca47141-7457-4f79-9919-92278de47d97/clear'
16:04:43.427 [AsyncHttpClient-1-3] DEBUG org.asynchttpclient.netty.handler.HttpHandler - 

Request DefaultHttpRequest(decodeResult: success, version: HTTP/1.1)
POST /session/ba9983e294c4a0d22e0db2c0debb44f5/element/4ca47141-7457-4f79-9919-92278de47d97/clear HTTP/1.1
User-Agent: selenium/4.8.1 (java windows)
Content-Length: 50
Content-Type: application/json; charset=utf-8
host: localhost:22991
accept: */*

Response DefaultHttpResponse(decodeResult: success, version: HTTP/1.1)
HTTP/1.1 200 OK
Content-Length: 14
Content-Type: application/json; charset=utf-8
cache-control: no-cache

16:04:43.427 [AsyncHttpClient-1-3] DEBUG org.asynchttpclient.netty.channel.ChannelManager - Adding key: http://localhost:22991 for channel [id: 0xbbc7b912, L:/127.0.0.1:63635 - R:localhost/127.0.0.1:22991]
16:04:43.428 [Forwarding sendKeysToElement on session ba9983e294c4a0d22e0db2c0debb44f5 to remote] DEBUG org.asynchttpclient.netty.request.NettyRequestSender - Using pooled Channel '[id: 0xbbc7b912, L:/127.0.0.1:63635 - R:localhost/127.0.0.1:22991]' for 'POST' to 'http://localhost:22991/session/ba9983e294c4a0d22e0db2c0debb44f5/element/4ca47141-7457-4f79-9919-92278de47d97/value'
16:04:43.428 [Forwarding sendKeysToElement on session ba9983e294c4a0d22e0db2c0debb44f5 to remote] DEBUG org.asynchttpclient.netty.request.NettyRequestSender - Using open Channel [id: 0xbbc7b912, L:/127.0.0.1:63635 - R:localhost/127.0.0.1:22991] for POST '/session/ba9983e294c4a0d22e0db2c0debb44f5/element/4ca47141-7457-4f79-9919-92278de47d97/value'
16:04:43.515 [AsyncHttpClient-1-3] DEBUG org.asynchttpclient.netty.handler.HttpHandler - 

Request DefaultHttpRequest(decodeResult: success, version: HTTP/1.1)
POST /session/ba9983e294c4a0d22e0db2c0debb44f5/element/4ca47141-7457-4f79-9919-92278de47d97/value HTTP/1.1
User-Agent: selenium/4.8.1 (java windows)
Content-Length: 161
Content-Type: application/json; charset=utf-8
host: localhost:22991
accept: */*

Response DefaultHttpResponse(decodeResult: success, version: HTTP/1.1)
HTTP/1.1 200 OK
Content-Length: 14
Content-Type: application/json; charset=utf-8
cache-control: no-cache

16:04:43.516 [AsyncHttpClient-1-3] DEBUG org.asynchttpclient.netty.channel.ChannelManager - Adding key: http://localhost:22991 for channel [id: 0xbbc7b912, L:/127.0.0.1:63635 - R:localhost/127.0.0.1:22991]
16:04:43.524 [Forwarding getAlertText on session ba9983e294c4a0d22e0db2c0debb44f5 to remote] DEBUG org.asynchttpclient.netty.request.NettyRequestSender - Using pooled Channel '[id: 0xbbc7b912, L:/127.0.0.1:63635 - R:localhost/127.0.0.1:22991]' for 'GET' to 'http://localhost:22991/session/ba9983e294c4a0d22e0db2c0debb44f5/alert/text'
16:04:43.524 [Forwarding getAlertText on session ba9983e294c4a0d22e0db2c0debb44f5 to remote] DEBUG org.asynchttpclient.netty.request.NettyRequestSender - Using open Channel [id: 0xbbc7b912, L:/127.0.0.1:63635 - R:localhost/127.0.0.1:22991] for GET '/session/ba9983e294c4a0d22e0db2c0debb44f5/alert/text'
16:04:43.526 [AsyncHttpClient-1-3] DEBUG org.asynchttpclient.netty.handler.HttpHandler - 

Request DefaultFullHttpRequest(decodeResult: success, version: HTTP/1.1, content: EmptyByteBufBE)
GET /session/ba9983e294c4a0d22e0db2c0debb44f5/alert/text HTTP/1.1
User-Agent: selenium/4.8.1 (java windows)
Cache-Control: no-cache
Content-Type: application/json; charset=utf-8
host: localhost:22991
accept: */*

Response DefaultHttpResponse(decodeResult: success, version: HTTP/1.1)
HTTP/1.1 404 Not Found
Content-Length: 848
Content-Type: application/json; charset=utf-8
cache-control: no-cache

16:04:43.526 [AsyncHttpClient-1-3] DEBUG org.asynchttpclient.netty.channel.ChannelManager - Adding key: http://localhost:22991 for channel [id: 0xbbc7b912, L:/127.0.0.1:63635 - R:localhost/127.0.0.1:22991]
16:04:43.527 [Forwarding getCurrentUrl on session ba9983e294c4a0d22e0db2c0debb44f5 to remote] DEBUG org.asynchttpclient.netty.request.NettyRequestSender - Using pooled Channel '[id: 0xbbc7b912, L:/127.0.0.1:63635 - R:localhost/127.0.0.1:22991]' for 'GET' to 'http://localhost:22991/session/ba9983e294c4a0d22e0db2c0debb44f5/url'
16:04:43.527 [Forwarding getCurrentUrl on session ba9983e294c4a0d22e0db2c0debb44f5 to remote] DEBUG org.asynchttpclient.netty.request.NettyRequestSender - Using open Channel [id: 0xbbc7b912, L:/127.0.0.1:63635 - R:localhost/127.0.0.1:22991] for GET '/session/ba9983e294c4a0d22e0db2c0debb44f5/url'
16:04:43.531 [AsyncHttpClient-1-3] DEBUG org.asynchttpclient.netty.handler.HttpHandler - 

Request DefaultFullHttpRequest(decodeResult: success, version: HTTP/1.1, content: EmptyByteBufBE)
GET /session/ba9983e294c4a0d22e0db2c0debb44f5/url HTTP/1.1
User-Agent: selenium/4.8.1 (java windows)
Cache-Control: no-cache
Content-Type: application/json; charset=utf-8
host: localhost:22991
accept: */*

Response DefaultHttpResponse(decodeResult: success, version: HTTP/1.1)
HTTP/1.1 200 OK
Content-Length: 51
Content-Type: application/json; charset=utf-8
cache-control: no-cache

16:04:43.531 [AsyncHttpClient-1-3] DEBUG org.asynchttpclient.netty.channel.ChannelManager - Adding key: http://localhost:22991 for channel [id: 0xbbc7b912, L:/127.0.0.1:63635 - R:localhost/127.0.0.1:22991]
16:04:43.531 [Forwarding screenshot on session ba9983e294c4a0d22e0db2c0debb44f5 to remote] DEBUG org.asynchttpclient.netty.request.NettyRequestSender - Using pooled Channel '[id: 0xbbc7b912, L:/127.0.0.1:63635 - R:localhost/127.0.0.1:22991]' for 'GET' to 'http://localhost:22991/session/ba9983e294c4a0d22e0db2c0debb44f5/screenshot'
16:04:43.531 [Forwarding screenshot on session ba9983e294c4a0d22e0db2c0debb44f5 to remote] DEBUG org.asynchttpclient.netty.request.NettyRequestSender - Using open Channel [id: 0xbbc7b912, L:/127.0.0.1:63635 - R:localhost/127.0.0.1:22991] for GET '/session/ba9983e294c4a0d22e0db2c0debb44f5/screenshot'
16:04:43.634 [AsyncHttpClient-1-3] DEBUG org.asynchttpclient.netty.handler.HttpHandler - 

Request DefaultFullHttpRequest(decodeResult: success, version: HTTP/1.1, content: EmptyByteBufBE)
GET /session/ba9983e294c4a0d22e0db2c0debb44f5/screenshot HTTP/1.1
User-Agent: selenium/4.8.1 (java windows)
Cache-Control: no-cache
Content-Type: application/json; charset=utf-8
host: localhost:22991
accept: */*

Response DefaultHttpResponse(decodeResult: success, version: HTTP/1.1)
HTTP/1.1 200 OK
Content-Length: 30928
Content-Type: application/json; charset=utf-8
cache-control: no-cache

16:04:43.634 [AsyncHttpClient-1-3] DEBUG org.asynchttpclient.netty.channel.ChannelManager - Adding key: http://localhost:22991 for channel [id: 0xbbc7b912, L:/127.0.0.1:63635 - R:localhost/127.0.0.1:22991]
16:04:43.635 [main] DEBUG net.serenitybdd.core.photography.Darkroom - Send negative for processing for target\site\serenity\b1448ba46c3fda60f540e3a9224cbd24e6846022d43d4b02dc0624ea4ac6a00a.png
16:04:43.637 [Darkroom Processing Line] DEBUG net.serenitybdd.core.photography.DarkroomProcessingLine - Processing screenshot image in /var/screenshots/screenshot-7529466029951774510
16:04:43.637 [Darkroom Processing Line] DEBUG net.serenitybdd.core.photography.DarkroomProcessingLine - Saving screenshot to target\site\serenity\b1448ba46c3fda60f540e3a9224cbd24e6846022d43d4b02dc0624ea4ac6a00a.png
16:04:43.638 [main] DEBUG net.thucydides.core.steps.StepInterceptor - STEP DONE: user input valid password
16:04:43.642 [main] DEBUG net.thucydides.core.steps.StepInterceptor - STARTING STEP: LoginStep.userSuccessLogin - click button login
16:04:43.645 [Forwarding findElement on session ba9983e294c4a0d22e0db2c0debb44f5 to remote] DEBUG org.asynchttpclient.netty.request.NettyRequestSender - Using pooled Channel '[id: 0xbbc7b912, L:/127.0.0.1:63635 - R:localhost/127.0.0.1:22991]' for 'POST' to 'http://localhost:22991/session/ba9983e294c4a0d22e0db2c0debb44f5/element'
16:04:43.645 [Forwarding findElement on session ba9983e294c4a0d22e0db2c0debb44f5 to remote] DEBUG org.asynchttpclient.netty.request.NettyRequestSender - Using open Channel [id: 0xbbc7b912, L:/127.0.0.1:63635 - R:localhost/127.0.0.1:22991] for POST '/session/ba9983e294c4a0d22e0db2c0debb44f5/element'
16:04:43.650 [AsyncHttpClient-1-3] DEBUG org.asynchttpclient.netty.handler.HttpHandler - 

Request DefaultHttpRequest(decodeResult: success, version: HTTP/1.1)
POST /session/ba9983e294c4a0d22e0db2c0debb44f5/element HTTP/1.1
User-Agent: selenium/4.8.1 (java windows)
Content-Length: 69
Content-Type: application/json; charset=utf-8
host: localhost:22991
accept: */*

Response DefaultHttpResponse(decodeResult: success, version: HTTP/1.1)
HTTP/1.1 200 OK
Content-Length: 88
Content-Type: application/json; charset=utf-8
cache-control: no-cache

16:04:43.650 [AsyncHttpClient-1-3] DEBUG org.asynchttpclient.netty.channel.ChannelManager - Adding key: http://localhost:22991 for channel [id: 0xbbc7b912, L:/127.0.0.1:63635 - R:localhost/127.0.0.1:22991]
16:04:43.651 [Forwarding getElementTagName on session ba9983e294c4a0d22e0db2c0debb44f5 to remote] DEBUG org.asynchttpclient.netty.request.NettyRequestSender - Using pooled Channel '[id: 0xbbc7b912, L:/127.0.0.1:63635 - R:localhost/127.0.0.1:22991]' for 'GET' to 'http://localhost:22991/session/ba9983e294c4a0d22e0db2c0debb44f5/element/1eb157c9-6eff-407e-b178-8154ffa1cfee/name'
16:04:43.651 [Forwarding getElementTagName on session ba9983e294c4a0d22e0db2c0debb44f5 to remote] DEBUG org.asynchttpclient.netty.request.NettyRequestSender - Using open Channel [id: 0xbbc7b912, L:/127.0.0.1:63635 - R:localhost/127.0.0.1:22991] for GET '/session/ba9983e294c4a0d22e0db2c0debb44f5/element/1eb157c9-6eff-407e-b178-8154ffa1cfee/name'
16:04:43.658 [AsyncHttpClient-1-3] DEBUG org.asynchttpclient.netty.handler.HttpHandler - 

Request DefaultFullHttpRequest(decodeResult: success, version: HTTP/1.1, content: EmptyByteBufBE)
GET /session/ba9983e294c4a0d22e0db2c0debb44f5/element/1eb157c9-6eff-407e-b178-8154ffa1cfee/name HTTP/1.1
User-Agent: selenium/4.8.1 (java windows)
Cache-Control: no-cache
Content-Type: application/json; charset=utf-8
host: localhost:22991
accept: */*

Response DefaultHttpResponse(decodeResult: success, version: HTTP/1.1)
HTTP/1.1 200 OK
Content-Length: 16
Content-Type: application/json; charset=utf-8
cache-control: no-cache

16:04:43.658 [AsyncHttpClient-1-3] DEBUG org.asynchttpclient.netty.channel.ChannelManager - Adding key: http://localhost:22991 for channel [id: 0xbbc7b912, L:/127.0.0.1:63635 - R:localhost/127.0.0.1:22991]
16:04:43.659 [Forwarding getElementTagName on session ba9983e294c4a0d22e0db2c0debb44f5 to remote] DEBUG org.asynchttpclient.netty.request.NettyRequestSender - Using pooled Channel '[id: 0xbbc7b912, L:/127.0.0.1:63635 - R:localhost/127.0.0.1:22991]' for 'GET' to 'http://localhost:22991/session/ba9983e294c4a0d22e0db2c0debb44f5/element/1eb157c9-6eff-407e-b178-8154ffa1cfee/name'
16:04:43.659 [Forwarding getElementTagName on session ba9983e294c4a0d22e0db2c0debb44f5 to remote] DEBUG org.asynchttpclient.netty.request.NettyRequestSender - Using open Channel [id: 0xbbc7b912, L:/127.0.0.1:63635 - R:localhost/127.0.0.1:22991] for GET '/session/ba9983e294c4a0d22e0db2c0debb44f5/element/1eb157c9-6eff-407e-b178-8154ffa1cfee/name'
16:04:43.661 [AsyncHttpClient-1-3] DEBUG org.asynchttpclient.netty.handler.HttpHandler - 

Request DefaultFullHttpRequest(decodeResult: success, version: HTTP/1.1, content: EmptyByteBufBE)
GET /session/ba9983e294c4a0d22e0db2c0debb44f5/element/1eb157c9-6eff-407e-b178-8154ffa1cfee/name HTTP/1.1
User-Agent: selenium/4.8.1 (java windows)
Cache-Control: no-cache
Content-Type: application/json; charset=utf-8
host: localhost:22991
accept: */*

Response DefaultHttpResponse(decodeResult: success, version: HTTP/1.1)
HTTP/1.1 200 OK
Content-Length: 16
Content-Type: application/json; charset=utf-8
cache-control: no-cache

16:04:43.661 [AsyncHttpClient-1-3] DEBUG org.asynchttpclient.netty.channel.ChannelManager - Adding key: http://localhost:22991 for channel [id: 0xbbc7b912, L:/127.0.0.1:63635 - R:localhost/127.0.0.1:22991]
16:04:43.663 [Forwarding findElement on session ba9983e294c4a0d22e0db2c0debb44f5 to remote] DEBUG org.asynchttpclient.netty.request.NettyRequestSender - Using pooled Channel '[id: 0xbbc7b912, L:/127.0.0.1:63635 - R:localhost/127.0.0.1:22991]' for 'POST' to 'http://localhost:22991/session/ba9983e294c4a0d22e0db2c0debb44f5/element'
16:04:43.663 [Forwarding findElement on session ba9983e294c4a0d22e0db2c0debb44f5 to remote] DEBUG org.asynchttpclient.netty.request.NettyRequestSender - Using open Channel [id: 0xbbc7b912, L:/127.0.0.1:63635 - R:localhost/127.0.0.1:22991] for POST '/session/ba9983e294c4a0d22e0db2c0debb44f5/element'
16:04:43.668 [AsyncHttpClient-1-3] DEBUG org.asynchttpclient.netty.handler.HttpHandler - 

Request DefaultHttpRequest(decodeResult: success, version: HTTP/1.1)
POST /session/ba9983e294c4a0d22e0db2c0debb44f5/element HTTP/1.1
User-Agent: selenium/4.8.1 (java windows)
Content-Length: 69
Content-Type: application/json; charset=utf-8
host: localhost:22991
accept: */*

Response DefaultHttpResponse(decodeResult: success, version: HTTP/1.1)
HTTP/1.1 200 OK
Content-Length: 88
Content-Type: application/json; charset=utf-8
cache-control: no-cache

16:04:43.668 [AsyncHttpClient-1-3] DEBUG org.asynchttpclient.netty.channel.ChannelManager - Adding key: http://localhost:22991 for channel [id: 0xbbc7b912, L:/127.0.0.1:63635 - R:localhost/127.0.0.1:22991]
16:04:43.669 [Forwarding clickElement on session ba9983e294c4a0d22e0db2c0debb44f5 to remote] DEBUG org.asynchttpclient.netty.request.NettyRequestSender - Using pooled Channel '[id: 0xbbc7b912, L:/127.0.0.1:63635 - R:localhost/127.0.0.1:22991]' for 'POST' to 'http://localhost:22991/session/ba9983e294c4a0d22e0db2c0debb44f5/element/1eb157c9-6eff-407e-b178-8154ffa1cfee/click'
16:04:43.670 [Forwarding clickElement on session ba9983e294c4a0d22e0db2c0debb44f5 to remote] DEBUG org.asynchttpclient.netty.request.NettyRequestSender - Using open Channel [id: 0xbbc7b912, L:/127.0.0.1:63635 - R:localhost/127.0.0.1:22991] for POST '/session/ba9983e294c4a0d22e0db2c0debb44f5/element/1eb157c9-6eff-407e-b178-8154ffa1cfee/click'
16:04:43.716 [AsyncHttpClient-1-3] DEBUG org.asynchttpclient.netty.handler.HttpHandler - 

Request DefaultHttpRequest(decodeResult: success, version: HTTP/1.1)
POST /session/ba9983e294c4a0d22e0db2c0debb44f5/element/1eb157c9-6eff-407e-b178-8154ffa1cfee/click HTTP/1.1
User-Agent: selenium/4.8.1 (java windows)
Content-Length: 50
Content-Type: application/json; charset=utf-8
host: localhost:22991
accept: */*

Response DefaultHttpResponse(decodeResult: success, version: HTTP/1.1)
HTTP/1.1 200 OK
Content-Length: 14
Content-Type: application/json; charset=utf-8
cache-control: no-cache

16:04:43.716 [AsyncHttpClient-1-3] DEBUG org.asynchttpclient.netty.channel.ChannelManager - Adding key: http://localhost:22991 for channel [id: 0xbbc7b912, L:/127.0.0.1:63635 - R:localhost/127.0.0.1:22991]
16:04:43.722 [Forwarding getAlertText on session ba9983e294c4a0d22e0db2c0debb44f5 to remote] DEBUG org.asynchttpclient.netty.request.NettyRequestSender - Using pooled Channel '[id: 0xbbc7b912, L:/127.0.0.1:63635 - R:localhost/127.0.0.1:22991]' for 'GET' to 'http://localhost:22991/session/ba9983e294c4a0d22e0db2c0debb44f5/alert/text'
16:04:43.722 [Forwarding getAlertText on session ba9983e294c4a0d22e0db2c0debb44f5 to remote] DEBUG org.asynchttpclient.netty.request.NettyRequestSender - Using open Channel [id: 0xbbc7b912, L:/127.0.0.1:63635 - R:localhost/127.0.0.1:22991] for GET '/session/ba9983e294c4a0d22e0db2c0debb44f5/alert/text'
16:04:43.724 [AsyncHttpClient-1-3] DEBUG org.asynchttpclient.netty.handler.HttpHandler - 

Request DefaultFullHttpRequest(decodeResult: success, version: HTTP/1.1, content: EmptyByteBufBE)
GET /session/ba9983e294c4a0d22e0db2c0debb44f5/alert/text HTTP/1.1
User-Agent: selenium/4.8.1 (java windows)
Cache-Control: no-cache
Content-Type: application/json; charset=utf-8
host: localhost:22991
accept: */*

Response DefaultHttpResponse(decodeResult: success, version: HTTP/1.1)
HTTP/1.1 404 Not Found
Content-Length: 848
Content-Type: application/json; charset=utf-8
cache-control: no-cache

16:04:43.724 [AsyncHttpClient-1-3] DEBUG org.asynchttpclient.netty.channel.ChannelManager - Adding key: http://localhost:22991 for channel [id: 0xbbc7b912, L:/127.0.0.1:63635 - R:localhost/127.0.0.1:22991]
16:04:43.725 [Forwarding getCurrentUrl on session ba9983e294c4a0d22e0db2c0debb44f5 to remote] DEBUG org.asynchttpclient.netty.request.NettyRequestSender - Using pooled Channel '[id: 0xbbc7b912, L:/127.0.0.1:63635 - R:localhost/127.0.0.1:22991]' for 'GET' to 'http://localhost:22991/session/ba9983e294c4a0d22e0db2c0debb44f5/url'
16:04:43.725 [Forwarding getCurrentUrl on session ba9983e294c4a0d22e0db2c0debb44f5 to remote] DEBUG org.asynchttpclient.netty.request.NettyRequestSender - Using open Channel [id: 0xbbc7b912, L:/127.0.0.1:63635 - R:localhost/127.0.0.1:22991] for GET '/session/ba9983e294c4a0d22e0db2c0debb44f5/url'
16:04:43.727 [AsyncHttpClient-1-3] DEBUG org.asynchttpclient.netty.handler.HttpHandler - 

Request DefaultFullHttpRequest(decodeResult: success, version: HTTP/1.1, content: EmptyByteBufBE)
GET /session/ba9983e294c4a0d22e0db2c0debb44f5/url HTTP/1.1
User-Agent: selenium/4.8.1 (java windows)
Cache-Control: no-cache
Content-Type: application/json; charset=utf-8
host: localhost:22991
accept: */*

Response DefaultHttpResponse(decodeResult: success, version: HTTP/1.1)
HTTP/1.1 200 OK
Content-Length: 51
Content-Type: application/json; charset=utf-8
cache-control: no-cache

16:04:43.727 [AsyncHttpClient-1-3] DEBUG org.asynchttpclient.netty.channel.ChannelManager - Adding key: http://localhost:22991 for channel [id: 0xbbc7b912, L:/127.0.0.1:63635 - R:localhost/127.0.0.1:22991]
16:04:43.728 [Forwarding screenshot on session ba9983e294c4a0d22e0db2c0debb44f5 to remote] DEBUG org.asynchttpclient.netty.request.NettyRequestSender - Using pooled Channel '[id: 0xbbc7b912, L:/127.0.0.1:63635 - R:localhost/127.0.0.1:22991]' for 'GET' to 'http://localhost:22991/session/ba9983e294c4a0d22e0db2c0debb44f5/screenshot'
16:04:43.728 [Forwarding screenshot on session ba9983e294c4a0d22e0db2c0debb44f5 to remote] DEBUG org.asynchttpclient.netty.request.NettyRequestSender - Using open Channel [id: 0xbbc7b912, L:/127.0.0.1:63635 - R:localhost/127.0.0.1:22991] for GET '/session/ba9983e294c4a0d22e0db2c0debb44f5/screenshot'
16:04:43.828 [AsyncHttpClient-1-3] DEBUG org.asynchttpclient.netty.handler.HttpHandler - 

Request DefaultFullHttpRequest(decodeResult: success, version: HTTP/1.1, content: EmptyByteBufBE)
GET /session/ba9983e294c4a0d22e0db2c0debb44f5/screenshot HTTP/1.1
User-Agent: selenium/4.8.1 (java windows)
Cache-Control: no-cache
Content-Type: application/json; charset=utf-8
host: localhost:22991
accept: */*

Response DefaultHttpResponse(decodeResult: success, version: HTTP/1.1)
HTTP/1.1 200 OK
Content-Length: 30720
Content-Type: application/json; charset=utf-8
cache-control: no-cache

16:04:43.828 [AsyncHttpClient-1-3] DEBUG org.asynchttpclient.netty.channel.ChannelManager - Adding key: http://localhost:22991 for channel [id: 0xbbc7b912, L:/127.0.0.1:63635 - R:localhost/127.0.0.1:22991]
16:04:43.830 [main] DEBUG net.serenitybdd.core.photography.Darkroom - Send negative for processing for target\site\serenity\13b131c1880c0246753752a1ff9c444b42c99a0533d1e68effc9f2c2f8da4282.png
16:04:43.830 [main] DEBUG net.thucydides.core.steps.StepInterceptor - STEP DONE: click button login
16:04:43.830 [Darkroom Processing Line] DEBUG net.serenitybdd.core.photography.DarkroomProcessingLine - Processing screenshot image in /var/screenshots/screenshot-2152692898272055937
16:04:43.830 [Darkroom Processing Line] DEBUG net.serenitybdd.core.photography.DarkroomProcessingLine - Saving screenshot to target\site\serenity\13b131c1880c0246753752a1ff9c444b42c99a0533d1e68effc9f2c2f8da4282.png
16:04:43.834 [main] DEBUG net.thucydides.core.steps.StepInterceptor - STARTING STEP: LoginStep.userSuccessLogin - user can see product homepage
16:04:43.837 [Forwarding findElement on session ba9983e294c4a0d22e0db2c0debb44f5 to remote] DEBUG org.asynchttpclient.netty.request.NettyRequestSender - Using pooled Channel '[id: 0xbbc7b912, L:/127.0.0.1:63635 - R:localhost/127.0.0.1:22991]' for 'POST' to 'http://localhost:22991/session/ba9983e294c4a0d22e0db2c0debb44f5/element'
16:04:43.837 [Forwarding findElement on session ba9983e294c4a0d22e0db2c0debb44f5 to remote] DEBUG org.asynchttpclient.netty.request.NettyRequestSender - Using open Channel [id: 0xbbc7b912, L:/127.0.0.1:63635 - R:localhost/127.0.0.1:22991] for POST '/session/ba9983e294c4a0d22e0db2c0debb44f5/element'
16:04:43.848 [AsyncHttpClient-1-3] DEBUG org.asynchttpclient.netty.handler.HttpHandler - 

Request DefaultHttpRequest(decodeResult: success, version: HTTP/1.1)
POST /session/ba9983e294c4a0d22e0db2c0debb44f5/element HTTP/1.1
User-Agent: selenium/4.8.1 (java windows)
Content-Length: 75
Content-Type: application/json; charset=utf-8
host: localhost:22991
accept: */*

Response DefaultHttpResponse(decodeResult: success, version: HTTP/1.1)
HTTP/1.1 200 OK
Content-Length: 88
Content-Type: application/json; charset=utf-8
cache-control: no-cache

16:04:43.848 [AsyncHttpClient-1-3] DEBUG org.asynchttpclient.netty.channel.ChannelManager - Adding key: http://localhost:22991 for channel [id: 0xbbc7b912, L:/127.0.0.1:63635 - R:localhost/127.0.0.1:22991]
16:04:43.850 [Forwarding isElementDisplayed on session ba9983e294c4a0d22e0db2c0debb44f5 to remote] DEBUG org.asynchttpclient.netty.request.NettyRequestSender - Using pooled Channel '[id: 0xbbc7b912, L:/127.0.0.1:63635 - R:localhost/127.0.0.1:22991]' for 'POST' to 'http://localhost:22991/session/ba9983e294c4a0d22e0db2c0debb44f5/execute/sync'
16:04:43.850 [Forwarding isElementDisplayed on session ba9983e294c4a0d22e0db2c0debb44f5 to remote] DEBUG org.asynchttpclient.netty.request.NettyRequestSender - Using open Channel [id: 0xbbc7b912, L:/127.0.0.1:63635 - R:localhost/127.0.0.1:22991] for POST '/session/ba9983e294c4a0d22e0db2c0debb44f5/execute/sync'
16:04:43.862 [AsyncHttpClient-1-3] DEBUG org.asynchttpclient.netty.handler.HttpHandler - 

Request DefaultHttpRequest(decodeResult: success, version: HTTP/1.1)
POST /session/ba9983e294c4a0d22e0db2c0debb44f5/execute/sync HTTP/1.1
User-Agent: selenium/4.8.1 (java windows)
Content-Length: 48807
Content-Type: application/json; charset=utf-8
host: localhost:22991
accept: */*

Response DefaultHttpResponse(decodeResult: success, version: HTTP/1.1)
HTTP/1.1 200 OK
Content-Length: 14
Content-Type: application/json; charset=utf-8
cache-control: no-cache

16:04:43.862 [AsyncHttpClient-1-3] DEBUG org.asynchttpclient.netty.channel.ChannelManager - Adding key: http://localhost:22991 for channel [id: 0xbbc7b912, L:/127.0.0.1:63635 - R:localhost/127.0.0.1:22991]
16:04:43.865 [main] DEBUG net.thucydides.core.steps.StepInterceptor - STEP DONE: user can see product homepage
  &amp#27;[32mGiven &amp#27;[0m&amp#27;[32muser success login&amp#27;[0m                        &amp#27;[90m# starter.stepdefinition.LoginStep.userSuccessLogin()&amp#27;[0m
16:04:43.879 [main] DEBUG net.thucydides.core.steps.StepInterceptor - STARTING STEP: ProductStep.userClickButtonDetail - user click button Detail
16:04:43.883 [Forwarding findElement on session ba9983e294c4a0d22e0db2c0debb44f5 to remote] DEBUG org.asynchttpclient.netty.request.NettyRequestSender - Using pooled Channel '[id: 0xbbc7b912, L:/127.0.0.1:63635 - R:localhost/127.0.0.1:22991]' for 'POST' to 'http://localhost:22991/session/ba9983e294c4a0d22e0db2c0debb44f5/element'
16:04:43.883 [Forwarding findElement on session ba9983e294c4a0d22e0db2c0debb44f5 to remote] DEBUG org.asynchttpclient.netty.request.NettyRequestSender - Using open Channel [id: 0xbbc7b912, L:/127.0.0.1:63635 - R:localhost/127.0.0.1:22991] for POST '/session/ba9983e294c4a0d22e0db2c0debb44f5/element'
16:04:44.486 [AsyncHttpClient-1-1] DEBUG org.asynchttpclient.netty.channel.DefaultChannelPool - Entry count for : http://localhost:63637 : 1
16:04:45.577 [AsyncHttpClient-1-1] DEBUG org.asynchttpclient.netty.channel.DefaultChannelPool - Entry count for : http://localhost:63637 : 1
16:04:46.682 [AsyncHttpClient-1-1] DEBUG org.asynchttpclient.netty.channel.DefaultChannelPool - Entry count for : http://localhost:63637 : 1
16:04:46.882 [AsyncHttpClient-1-3] DEBUG org.asynchttpclient.netty.handler.HttpHandler - 

Request DefaultHttpRequest(decodeResult: success, version: HTTP/1.1)
POST /session/ba9983e294c4a0d22e0db2c0debb44f5/element HTTP/1.1
User-Agent: selenium/4.8.1 (java windows)
Content-Length: 98
Content-Type: application/json; charset=utf-8
host: localhost:22991
accept: */*

Response DefaultHttpResponse(decodeResult: success, version: HTTP/1.1)
HTTP/1.1 200 OK
Content-Length: 88
Content-Type: application/json; charset=utf-8
cache-control: no-cache

16:04:46.882 [AsyncHttpClient-1-3] DEBUG org.asynchttpclient.netty.channel.ChannelManager - Adding key: http://localhost:22991 for channel [id: 0xbbc7b912, L:/127.0.0.1:63635 - R:localhost/127.0.0.1:22991]
16:04:46.884 [Forwarding getElementTagName on session ba9983e294c4a0d22e0db2c0debb44f5 to remote] DEBUG org.asynchttpclient.netty.request.NettyRequestSender - Using pooled Channel '[id: 0xbbc7b912, L:/127.0.0.1:63635 - R:localhost/127.0.0.1:22991]' for 'GET' to 'http://localhost:22991/session/ba9983e294c4a0d22e0db2c0debb44f5/element/612ee33a-c79b-4661-aa2e-7db14b9119c6/name'
16:04:46.884 [Forwarding getElementTagName on session ba9983e294c4a0d22e0db2c0debb44f5 to remote] DEBUG org.asynchttpclient.netty.request.NettyRequestSender - Using open Channel [id: 0xbbc7b912, L:/127.0.0.1:63635 - R:localhost/127.0.0.1:22991] for GET '/session/ba9983e294c4a0d22e0db2c0debb44f5/element/612ee33a-c79b-4661-aa2e-7db14b9119c6/name'
16:04:46.928 [AsyncHttpClient-1-3] DEBUG org.asynchttpclient.netty.handler.HttpHandler - 

Request DefaultFullHttpRequest(decodeResult: success, version: HTTP/1.1, content: EmptyByteBufBE)
GET /session/ba9983e294c4a0d22e0db2c0debb44f5/element/612ee33a-c79b-4661-aa2e-7db14b9119c6/name HTTP/1.1
User-Agent: selenium/4.8.1 (java windows)
Cache-Control: no-cache
Content-Type: application/json; charset=utf-8
host: localhost:22991
accept: */*

Response DefaultHttpResponse(decodeResult: success, version: HTTP/1.1)
HTTP/1.1 200 OK
Content-Length: 16
Content-Type: application/json; charset=utf-8
cache-control: no-cache

16:04:46.928 [AsyncHttpClient-1-3] DEBUG org.asynchttpclient.netty.channel.ChannelManager - Adding key: http://localhost:22991 for channel [id: 0xbbc7b912, L:/127.0.0.1:63635 - R:localhost/127.0.0.1:22991]
16:04:46.929 [Forwarding getElementTagName on session ba9983e294c4a0d22e0db2c0debb44f5 to remote] DEBUG org.asynchttpclient.netty.request.NettyRequestSender - Using pooled Channel '[id: 0xbbc7b912, L:/127.0.0.1:63635 - R:localhost/127.0.0.1:22991]' for 'GET' to 'http://localhost:22991/session/ba9983e294c4a0d22e0db2c0debb44f5/element/612ee33a-c79b-4661-aa2e-7db14b9119c6/name'
16:04:46.929 [Forwarding getElementTagName on session ba9983e294c4a0d22e0db2c0debb44f5 to remote] DEBUG org.asynchttpclient.netty.request.NettyRequestSender - Using open Channel [id: 0xbbc7b912, L:/127.0.0.1:63635 - R:localhost/127.0.0.1:22991] for GET '/session/ba9983e294c4a0d22e0db2c0debb44f5/element/612ee33a-c79b-4661-aa2e-7db14b9119c6/name'
16:04:46.998 [AsyncHttpClient-1-3] DEBUG org.asynchttpclient.netty.handler.HttpHandler - 

Request DefaultFullHttpRequest(decodeResult: success, version: HTTP/1.1, content: EmptyByteBufBE)
GET /session/ba9983e294c4a0d22e0db2c0debb44f5/element/612ee33a-c79b-4661-aa2e-7db14b9119c6/name HTTP/1.1
User-Agent: selenium/4.8.1 (java windows)
Cache-Control: no-cache
Content-Type: application/json; charset=utf-8
host: localhost:22991
accept: */*

Response DefaultHttpResponse(decodeResult: success, version: HTTP/1.1)
HTTP/1.1 200 OK
Content-Length: 16
Content-Type: application/json; charset=utf-8
cache-control: no-cache

16:04:46.998 [AsyncHttpClient-1-3] DEBUG org.asynchttpclient.netty.channel.ChannelManager - Adding key: http://localhost:22991 for channel [id: 0xbbc7b912, L:/127.0.0.1:63635 - R:localhost/127.0.0.1:22991]
16:04:47.001 [Forwarding findElement on session ba9983e294c4a0d22e0db2c0debb44f5 to remote] DEBUG org.asynchttpclient.netty.request.NettyRequestSender - Using pooled Channel '[id: 0xbbc7b912, L:/127.0.0.1:63635 - R:localhost/127.0.0.1:22991]' for 'POST' to 'http://localhost:22991/session/ba9983e294c4a0d22e0db2c0debb44f5/element'
16:04:47.001 [Forwarding findElement on session ba9983e294c4a0d22e0db2c0debb44f5 to remote] DEBUG org.asynchttpclient.netty.request.NettyRequestSender - Using open Channel [id: 0xbbc7b912, L:/127.0.0.1:63635 - R:localhost/127.0.0.1:22991] for POST '/session/ba9983e294c4a0d22e0db2c0debb44f5/element'
16:04:47.014 [AsyncHttpClient-1-3] DEBUG org.asynchttpclient.netty.handler.HttpHandler - 

Request DefaultHttpRequest(decodeResult: success, version: HTTP/1.1)
POST /session/ba9983e294c4a0d22e0db2c0debb44f5/element HTTP/1.1
User-Agent: selenium/4.8.1 (java windows)
Content-Length: 98
Content-Type: application/json; charset=utf-8
host: localhost:22991
accept: */*

Response DefaultHttpResponse(decodeResult: success, version: HTTP/1.1)
HTTP/1.1 200 OK
Content-Length: 88
Content-Type: application/json; charset=utf-8
cache-control: no-cache

16:04:47.014 [AsyncHttpClient-1-3] DEBUG org.asynchttpclient.netty.channel.ChannelManager - Adding key: http://localhost:22991 for channel [id: 0xbbc7b912, L:/127.0.0.1:63635 - R:localhost/127.0.0.1:22991]
16:04:47.016 [Forwarding clickElement on session ba9983e294c4a0d22e0db2c0debb44f5 to remote] DEBUG org.asynchttpclient.netty.request.NettyRequestSender - Using pooled Channel '[id: 0xbbc7b912, L:/127.0.0.1:63635 - R:localhost/127.0.0.1:22991]' for 'POST' to 'http://localhost:22991/session/ba9983e294c4a0d22e0db2c0debb44f5/element/612ee33a-c79b-4661-aa2e-7db14b9119c6/click'
16:04:47.016 [Forwarding clickElement on session ba9983e294c4a0d22e0db2c0debb44f5 to remote] DEBUG org.asynchttpclient.netty.request.NettyRequestSender - Using open Channel [id: 0xbbc7b912, L:/127.0.0.1:63635 - R:localhost/127.0.0.1:22991] for POST '/session/ba9983e294c4a0d22e0db2c0debb44f5/element/612ee33a-c79b-4661-aa2e-7db14b9119c6/click'
16:04:47.132 [AsyncHttpClient-1-3] DEBUG org.asynchttpclient.netty.handler.HttpHandler - 

Request DefaultHttpRequest(decodeResult: success, version: HTTP/1.1)
POST /session/ba9983e294c4a0d22e0db2c0debb44f5/element/612ee33a-c79b-4661-aa2e-7db14b9119c6/click HTTP/1.1
User-Agent: selenium/4.8.1 (java windows)
Content-Length: 50
Content-Type: application/json; charset=utf-8
host: localhost:22991
accept: */*

Response DefaultHttpResponse(decodeResult: success, version: HTTP/1.1)
HTTP/1.1 200 OK
Content-Length: 14
Content-Type: application/json; charset=utf-8
cache-control: no-cache

16:04:47.132 [AsyncHttpClient-1-3] DEBUG org.asynchttpclient.netty.channel.ChannelManager - Adding key: http://localhost:22991 for channel [id: 0xbbc7b912, L:/127.0.0.1:63635 - R:localhost/127.0.0.1:22991]
16:04:47.141 [Forwarding getAlertText on session ba9983e294c4a0d22e0db2c0debb44f5 to remote] DEBUG org.asynchttpclient.netty.request.NettyRequestSender - Using pooled Channel '[id: 0xbbc7b912, L:/127.0.0.1:63635 - R:localhost/127.0.0.1:22991]' for 'GET' to 'http://localhost:22991/session/ba9983e294c4a0d22e0db2c0debb44f5/alert/text'
16:04:47.141 [Forwarding getAlertText on session ba9983e294c4a0d22e0db2c0debb44f5 to remote] DEBUG org.asynchttpclient.netty.request.NettyRequestSender - Using open Channel [id: 0xbbc7b912, L:/127.0.0.1:63635 - R:localhost/127.0.0.1:22991] for GET '/session/ba9983e294c4a0d22e0db2c0debb44f5/alert/text'
16:04:47.333 [AsyncHttpClient-1-3] DEBUG org.asynchttpclient.netty.handler.HttpHandler - 

Request DefaultFullHttpRequest(decodeResult: success, version: HTTP/1.1, content: EmptyByteBufBE)
GET /session/ba9983e294c4a0d22e0db2c0debb44f5/alert/text HTTP/1.1
User-Agent: selenium/4.8.1 (java windows)
Cache-Control: no-cache
Content-Type: application/json; charset=utf-8
host: localhost:22991
accept: */*

Response DefaultHttpResponse(decodeResult: success, version: HTTP/1.1)
HTTP/1.1 404 Not Found
Content-Length: 848
Content-Type: application/json; charset=utf-8
cache-control: no-cache

16:04:47.333 [AsyncHttpClient-1-3] DEBUG org.asynchttpclient.netty.channel.ChannelManager - Adding key: http://localhost:22991 for channel [id: 0xbbc7b912, L:/127.0.0.1:63635 - R:localhost/127.0.0.1:22991]
16:04:47.334 [Forwarding getCurrentUrl on session ba9983e294c4a0d22e0db2c0debb44f5 to remote] DEBUG org.asynchttpclient.netty.request.NettyRequestSender - Using pooled Channel '[id: 0xbbc7b912, L:/127.0.0.1:63635 - R:localhost/127.0.0.1:22991]' for 'GET' to 'http://localhost:22991/session/ba9983e294c4a0d22e0db2c0debb44f5/url'
16:04:47.334 [Forwarding getCurrentUrl on session ba9983e294c4a0d22e0db2c0debb44f5 to remote] DEBUG org.asynchttpclient.netty.request.NettyRequestSender - Using open Channel [id: 0xbbc7b912, L:/127.0.0.1:63635 - R:localhost/127.0.0.1:22991] for GET '/session/ba9983e294c4a0d22e0db2c0debb44f5/url'
16:04:47.340 [AsyncHttpClient-1-3] DEBUG org.asynchttpclient.netty.handler.HttpHandler - 

Request DefaultFullHttpRequest(decodeResult: success, version: HTTP/1.1, content: EmptyByteBufBE)
GET /session/ba9983e294c4a0d22e0db2c0debb44f5/url HTTP/1.1
User-Agent: selenium/4.8.1 (java windows)
Cache-Control: no-cache
Content-Type: application/json; charset=utf-8
host: localhost:22991
accept: */*

Response DefaultHttpResponse(decodeResult: success, version: HTTP/1.1)
HTTP/1.1 200 OK
Content-Length: 55
Content-Type: application/json; charset=utf-8
cache-control: no-cache

16:04:47.340 [AsyncHttpClient-1-3] DEBUG org.asynchttpclient.netty.channel.ChannelManager - Adding key: http://localhost:22991 for channel [id: 0xbbc7b912, L:/127.0.0.1:63635 - R:localhost/127.0.0.1:22991]
16:04:47.341 [Forwarding screenshot on session ba9983e294c4a0d22e0db2c0debb44f5 to remote] DEBUG org.asynchttpclient.netty.request.NettyRequestSender - Using pooled Channel '[id: 0xbbc7b912, L:/127.0.0.1:63635 - R:localhost/127.0.0.1:22991]' for 'GET' to 'http://localhost:22991/session/ba9983e294c4a0d22e0db2c0debb44f5/screenshot'
16:04:47.341 [Forwarding screenshot on session ba9983e294c4a0d22e0db2c0debb44f5 to remote] DEBUG org.asynchttpclient.netty.request.NettyRequestSender - Using open Channel [id: 0xbbc7b912, L:/127.0.0.1:63635 - R:localhost/127.0.0.1:22991] for GET '/session/ba9983e294c4a0d22e0db2c0debb44f5/screenshot'
16:04:47.459 [AsyncHttpClient-1-3] DEBUG org.asynchttpclient.netty.handler.HttpHandler - 

Request DefaultFullHttpRequest(decodeResult: success, version: HTTP/1.1, content: EmptyByteBufBE)
GET /session/ba9983e294c4a0d22e0db2c0debb44f5/screenshot HTTP/1.1
User-Agent: selenium/4.8.1 (java windows)
Cache-Control: no-cache
Content-Type: application/json; charset=utf-8
host: localhost:22991
accept: */*

Response DefaultHttpResponse(decodeResult: success, version: HTTP/1.1)
HTTP/1.1 200 OK
Content-Length: 14740
Content-Type: application/json; charset=utf-8
cache-control: no-cache

16:04:47.459 [AsyncHttpClient-1-3] DEBUG org.asynchttpclient.netty.channel.ChannelManager - Adding key: http://localhost:22991 for channel [id: 0xbbc7b912, L:/127.0.0.1:63635 - R:localhost/127.0.0.1:22991]
16:04:47.460 [main] DEBUG net.serenitybdd.core.photography.Darkroom - Send negative for processing for target\site\serenity\e5b63d28673e6279c81601e2aa3a2c3f2ee804d9f4535237b430c68f6dc8cf01.png
16:04:47.460 [main] DEBUG net.thucydides.core.steps.StepInterceptor - STEP DONE: user click button Detail
  &amp#27;[32mWhen &amp#27;[0m&amp#27;[32muser click button Detail&amp#27;[0m                   &amp#27;[90m# starter.stepdefinition.ProductStep.userClickButtonDetail()&amp#27;[0m
16:04:47.461 [Darkroom Processing Line] DEBUG net.serenitybdd.core.photography.DarkroomProcessingLine - Processing screenshot image in /var/screenshots/screenshot-2285447578817280529
16:04:47.461 [Darkroom Processing Line] DEBUG net.serenitybdd.core.photography.DarkroomProcessingLine - Saving screenshot to target\site\serenity\e5b63d28673e6279c81601e2aa3a2c3f2ee804d9f4535237b430c68f6dc8cf01.png
16:04:47.469 [main] DEBUG net.thucydides.core.steps.StepInterceptor - STARTING STEP: ProductStep.userCanSeeDetailProduct - user can see detail product
16:04:47.472 [Forwarding findElement on session ba9983e294c4a0d22e0db2c0debb44f5 to remote] DEBUG org.asynchttpclient.netty.request.NettyRequestSender - Using pooled Channel '[id: 0xbbc7b912, L:/127.0.0.1:63635 - R:localhost/127.0.0.1:22991]' for 'POST' to 'http://localhost:22991/session/ba9983e294c4a0d22e0db2c0debb44f5/element'
16:04:47.472 [Forwarding findElement on session ba9983e294c4a0d22e0db2c0debb44f5 to remote] DEBUG org.asynchttpclient.netty.request.NettyRequestSender - Using open Channel [id: 0xbbc7b912, L:/127.0.0.1:63635 - R:localhost/127.0.0.1:22991] for POST '/session/ba9983e294c4a0d22e0db2c0debb44f5/element'
16:04:47.612 [AsyncHttpClient-1-3] DEBUG org.asynchttpclient.netty.handler.HttpHandler - 

Request DefaultHttpRequest(decodeResult: success, version: HTTP/1.1)
POST /session/ba9983e294c4a0d22e0db2c0debb44f5/element HTTP/1.1
User-Agent: selenium/4.8.1 (java windows)
Content-Length: 75
Content-Type: application/json; charset=utf-8
host: localhost:22991
accept: */*

Response DefaultHttpResponse(decodeResult: success, version: HTTP/1.1)
HTTP/1.1 200 OK
Content-Length: 88
Content-Type: application/json; charset=utf-8
cache-control: no-cache

16:04:47.612 [AsyncHttpClient-1-3] DEBUG org.asynchttpclient.netty.channel.ChannelManager - Adding key: http://localhost:22991 for channel [id: 0xbbc7b912, L:/127.0.0.1:63635 - R:localhost/127.0.0.1:22991]
16:04:47.614 [Forwarding isElementDisplayed on session ba9983e294c4a0d22e0db2c0debb44f5 to remote] DEBUG org.asynchttpclient.netty.request.NettyRequestSender - Using pooled Channel '[id: 0xbbc7b912, L:/127.0.0.1:63635 - R:localhost/127.0.0.1:22991]' for 'POST' to 'http://localhost:22991/session/ba9983e294c4a0d22e0db2c0debb44f5/execute/sync'
16:04:47.614 [Forwarding isElementDisplayed on session ba9983e294c4a0d22e0db2c0debb44f5 to remote] DEBUG org.asynchttpclient.netty.request.NettyRequestSender - Using open Channel [id: 0xbbc7b912, L:/127.0.0.1:63635 - R:localhost/127.0.0.1:22991] for POST '/session/ba9983e294c4a0d22e0db2c0debb44f5/execute/sync'
16:04:47.682 [AsyncHttpClient-1-3] DEBUG org.asynchttpclient.netty.handler.HttpHandler - 

Request DefaultHttpRequest(decodeResult: success, version: HTTP/1.1)
POST /session/ba9983e294c4a0d22e0db2c0debb44f5/execute/sync HTTP/1.1
User-Agent: selenium/4.8.1 (java windows)
Content-Length: 48807
Content-Type: application/json; charset=utf-8
host: localhost:22991
accept: */*

Response DefaultHttpResponse(decodeResult: success, version: HTTP/1.1)
HTTP/1.1 200 OK
Content-Length: 14
Content-Type: application/json; charset=utf-8
cache-control: no-cache

16:04:47.682 [AsyncHttpClient-1-3] DEBUG org.asynchttpclient.netty.channel.ChannelManager - Adding key: http://localhost:22991 for channel [id: 0xbbc7b912, L:/127.0.0.1:63635 - R:localhost/127.0.0.1:22991]
16:04:47.689 [Forwarding getAlertText on session ba9983e294c4a0d22e0db2c0debb44f5 to remote] DEBUG org.asynchttpclient.netty.request.NettyRequestSender - Using pooled Channel '[id: 0xbbc7b912, L:/127.0.0.1:63635 - R:localhost/127.0.0.1:22991]' for 'GET' to 'http://localhost:22991/session/ba9983e294c4a0d22e0db2c0debb44f5/alert/text'
16:04:47.689 [Forwarding getAlertText on session ba9983e294c4a0d22e0db2c0debb44f5 to remote] DEBUG org.asynchttpclient.netty.request.NettyRequestSender - Using open Channel [id: 0xbbc7b912, L:/127.0.0.1:63635 - R:localhost/127.0.0.1:22991] for GET '/session/ba9983e294c4a0d22e0db2c0debb44f5/alert/text'
16:04:47.691 [AsyncHttpClient-1-3] DEBUG org.asynchttpclient.netty.handler.HttpHandler - 

Request DefaultFullHttpRequest(decodeResult: success, version: HTTP/1.1, content: EmptyByteBufBE)
GET /session/ba9983e294c4a0d22e0db2c0debb44f5/alert/text HTTP/1.1
User-Agent: selenium/4.8.1 (java windows)
Cache-Control: no-cache
Content-Type: application/json; charset=utf-8
host: localhost:22991
accept: */*

Response DefaultHttpResponse(decodeResult: success, version: HTTP/1.1)
HTTP/1.1 404 Not Found
Content-Length: 848
Content-Type: application/json; charset=utf-8
cache-control: no-cache

16:04:47.691 [AsyncHttpClient-1-3] DEBUG org.asynchttpclient.netty.channel.ChannelManager - Adding key: http://localhost:22991 for channel [id: 0xbbc7b912, L:/127.0.0.1:63635 - R:localhost/127.0.0.1:22991]
16:04:47.692 [Forwarding getCurrentUrl on session ba9983e294c4a0d22e0db2c0debb44f5 to remote] DEBUG org.asynchttpclient.netty.request.NettyRequestSender - Using pooled Channel '[id: 0xbbc7b912, L:/127.0.0.1:63635 - R:localhost/127.0.0.1:22991]' for 'GET' to 'http://localhost:22991/session/ba9983e294c4a0d22e0db2c0debb44f5/url'
16:04:47.692 [Forwarding getCurrentUrl on session ba9983e294c4a0d22e0db2c0debb44f5 to remote] DEBUG org.asynchttpclient.netty.request.NettyRequestSender - Using open Channel [id: 0xbbc7b912, L:/127.0.0.1:63635 - R:localhost/127.0.0.1:22991] for GET '/session/ba9983e294c4a0d22e0db2c0debb44f5/url'
16:04:47.695 [AsyncHttpClient-1-3] DEBUG org.asynchttpclient.netty.handler.HttpHandler - 

Request DefaultFullHttpRequest(decodeResult: success, version: HTTP/1.1, content: EmptyByteBufBE)
GET /session/ba9983e294c4a0d22e0db2c0debb44f5/url HTTP/1.1
User-Agent: selenium/4.8.1 (java windows)
Cache-Control: no-cache
Content-Type: application/json; charset=utf-8
host: localhost:22991
accept: */*

Response DefaultHttpResponse(decodeResult: success, version: HTTP/1.1)
HTTP/1.1 200 OK
Content-Length: 55
Content-Type: application/json; charset=utf-8
cache-control: no-cache

16:04:47.695 [AsyncHttpClient-1-3] DEBUG org.asynchttpclient.netty.channel.ChannelManager - Adding key: http://localhost:22991 for channel [id: 0xbbc7b912, L:/127.0.0.1:63635 - R:localhost/127.0.0.1:22991]
16:04:47.696 [Forwarding screenshot on session ba9983e294c4a0d22e0db2c0debb44f5 to remote] DEBUG org.asynchttpclient.netty.request.NettyRequestSender - Using pooled Channel '[id: 0xbbc7b912, L:/127.0.0.1:63635 - R:localhost/127.0.0.1:22991]' for 'GET' to 'http://localhost:22991/session/ba9983e294c4a0d22e0db2c0debb44f5/screenshot'
16:04:47.696 [Forwarding screenshot on session ba9983e294c4a0d22e0db2c0debb44f5 to remote] DEBUG org.asynchttpclient.netty.request.NettyRequestSender - Using open Channel [id: 0xbbc7b912, L:/127.0.0.1:63635 - R:localhost/127.0.0.1:22991] for GET '/session/ba9983e294c4a0d22e0db2c0debb44f5/screenshot'
16:04:47.781 [AsyncHttpClient-1-1] DEBUG org.asynchttpclient.netty.channel.DefaultChannelPool - Entry count for : http://localhost:63637 : 1
16:04:47.788 [AsyncHttpClient-1-3] DEBUG org.asynchttpclient.netty.handler.HttpHandler - 

Request DefaultFullHttpRequest(decodeResult: success, version: HTTP/1.1, content: EmptyByteBufBE)
GET /session/ba9983e294c4a0d22e0db2c0debb44f5/screenshot HTTP/1.1
User-Agent: selenium/4.8.1 (java windows)
Cache-Control: no-cache
Content-Type: application/json; charset=utf-8
host: localhost:22991
accept: */*

Response DefaultHttpResponse(decodeResult: success, version: HTTP/1.1)
HTTP/1.1 200 OK
Content-Length: 21824
Content-Type: application/json; charset=utf-8
cache-control: no-cache

16:04:47.788 [AsyncHttpClient-1-3] DEBUG org.asynchttpclient.netty.channel.ChannelManager - Adding key: http://localhost:22991 for channel [id: 0xbbc7b912, L:/127.0.0.1:63635 - R:localhost/127.0.0.1:22991]
16:04:47.790 [main] DEBUG net.serenitybdd.core.photography.Darkroom - Send negative for processing for target\site\serenity\9bc8f4aa604fb90b11e53df60824cf12af4d462ada2c13266cc2ad2809337a50.png
16:04:47.790 [main] DEBUG net.thucydides.core.steps.StepInterceptor - STEP DONE: user can see detail product
  &amp#27;[32mThen &amp#27;[0m&amp#27;[32muser can see detail product&amp#27;[0m                &amp#27;[90m# starter.stepdefinition.ProductStep.userCanSeeDetailProduct()&amp#27;[0m
16:04:47.790 [Darkroom Processing Line] DEBUG net.serenitybdd.core.photography.DarkroomProcessingLine - Processing screenshot image in /var/screenshots/screenshot-5259441086381130650
16:04:47.790 [Darkroom Processing Line] DEBUG net.serenitybdd.core.photography.DarkroomProcessingLine - Saving screenshot to target\site\serenity\9bc8f4aa604fb90b11e53df60824cf12af4d462ada2c13266cc2ad2809337a50.png
16:04:47.795 [main] INFO  - 
  _____   ___   ___   _____     ___     _     ___   ___   ___   ___  
 |_   _| | __| / __| |_   _|   | _ \   /_\   / __| / __| | __| |   \ 
   | |   | _|  \__ \   | |     |  _/  / _ \  \__ \ \__ \ | _|  | |) |
   |_|   |___| |___/   |_|     |_|   /_/ \_\ |___/ |___/ |___| |___/ 

As a user, I want to see detail product
----------------------------------------------------------------------
16:04:47.796 [AsyncHttpClient-1-5] DEBUG org.asynchttpclient.netty.handler.WebSocketHandler - Channel Closed: [id: 0x8938564b, L:/127.0.0.1:63644 ! R:localhost/127.0.0.1:63637] with attribute NettyResponseFuture{currentRetry=0,
	isDone=1,
	isCancelled=0,
	asyncHandler=org.asynchttpclient.ws.WebSocketUpgradeHandler@281019ce,
	nettyRequest=org.asynchttpclient.netty.request.NettyRequest@3f18a4f2,
	future=java.util.concurrent.CompletableFuture@2aa1f7ac[Completed normally],
	uri=ws://localhost:63637/devtools/browser/7c8e944f-498e-41d6-a5b9-bee0f62c40a0,
	keepAlive=true,
	redirectCount=0,
	timeoutsHolder=null,
	inAuth=0,
	touch=1683104681793}
16:04:47.796 [AsyncHttpClient-1-5] DEBUG org.asynchttpclient.netty.channel.ChannelManager - Closing Channel [id: 0x8938564b, L:/127.0.0.1:63644 ! R:localhost/127.0.0.1:63637] 
16:04:47.796 [Driver Command Executor] DEBUG org.asynchttpclient.netty.request.NettyRequestSender - Using pooled Channel '[id: 0xbbc7b912, L:/127.0.0.1:63635 - R:localhost/127.0.0.1:22991]' for 'DELETE' to 'http://localhost:22991/session/ba9983e294c4a0d22e0db2c0debb44f5'
16:04:47.796 [Driver Command Executor] DEBUG org.asynchttpclient.netty.request.NettyRequestSender - Using open Channel [id: 0xbbc7b912, L:/127.0.0.1:63635 - R:localhost/127.0.0.1:22991] for DELETE '/session/ba9983e294c4a0d22e0db2c0debb44f5'
16:04:47.847 [AsyncHttpClient-1-4] DEBUG org.asynchttpclient.netty.handler.HttpHandler - Unexpected I/O exception on channel [id: 0x6e82048c, L:/127.0.0.1:63643 - R:localhost/127.0.0.1:63637]
java.io.IOException: An existing connection was forcibly closed by the remote host
	at sun.nio.ch.SocketDispatcher.read0(Native Method)
	at sun.nio.ch.SocketDispatcher.read(SocketDispatcher.java:43)
	at sun.nio.ch.IOUtil.readIntoNativeBuffer(IOUtil.java:223)
	at sun.nio.ch.IOUtil.read(IOUtil.java:192)
	at sun.nio.ch.SocketChannelImpl.read(SocketChannelImpl.java:378)
	at io.netty.buffer.PooledByteBuf.setBytes(PooledByteBuf.java:259)
	at io.netty.buffer.AbstractByteBuf.writeBytes(AbstractByteBuf.java:1132)
	at io.netty.channel.socket.nio.NioSocketChannel.doReadBytes(NioSocketChannel.java:357)
	at io.netty.channel.nio.AbstractNioByteChannel$NioByteUnsafe.read(AbstractNioByteChannel.java:151)
	at io.netty.channel.nio.NioEventLoop.processSelectedKey(NioEventLoop.java:788)
	at io.netty.channel.nio.NioEventLoop.processSelectedKeysOptimized(NioEventLoop.java:724)
	at io.netty.channel.nio.NioEventLoop.processSelectedKeys(NioEventLoop.java:650)
	at io.netty.channel.nio.NioEventLoop.run(NioEventLoop.java:562)
	at io.netty.util.concurrent.SingleThreadEventExecutor$4.run(SingleThreadEventExecutor.java:997)
	at io.netty.util.internal.ThreadExecutorMap$2.run(ThreadExecutorMap.java:74)
	at io.netty.util.concurrent.FastThreadLocalRunnable.run(FastThreadLocalRunnable.java:30)
	at java.lang.Thread.run(Thread.java:748)
16:04:47.847 [AsyncHttpClient-1-4] DEBUG org.asynchttpclient.netty.channel.ChannelManager - Closing Channel [id: 0x6e82048c, L:/127.0.0.1:63643 - R:localhost/127.0.0.1:63637] 
16:04:47.848 [AsyncHttpClient-1-4] DEBUG org.asynchttpclient.netty.handler.HttpHandler - Channel Closed: [id: 0x6e82048c, L:/127.0.0.1:63643 ! R:localhost/127.0.0.1:63637] with attribute DISCARD
16:04:47.958 [AsyncHttpClient-1-3] DEBUG org.asynchttpclient.netty.handler.HttpHandler - 

Request DefaultFullHttpRequest(decodeResult: success, version: HTTP/1.1, content: EmptyByteBufBE)
DELETE /session/ba9983e294c4a0d22e0db2c0debb44f5 HTTP/1.1
User-Agent: selenium/4.8.1 (java windows)
Content-Type: application/json; charset=utf-8
host: localhost:22991
accept: */*

Response DefaultHttpResponse(decodeResult: success, version: HTTP/1.1)
HTTP/1.1 200 OK
Content-Length: 14
Content-Type: application/json; charset=utf-8
cache-control: no-cache

16:04:47.958 [AsyncHttpClient-1-3] DEBUG org.asynchttpclient.netty.channel.ChannelManager - Adding key: http://localhost:22991 for channel [id: 0xbbc7b912, L:/127.0.0.1:63635 - R:localhost/127.0.0.1:22991]
16:04:48.075 [AsyncHttpClient-1-3] DEBUG org.asynchttpclient.netty.handler.HttpHandler - Channel Closed: [id: 0xbbc7b912, L:/127.0.0.1:63635 ! R:localhost/127.0.0.1:22991] with attribute DISCARD
]]></system-out>
    <system-err><![CDATA[Starting ChromeDriver 112.0.5615.49 (bd2a7bcb881c11e8cfe3078709382934e3916914-refs/branch-heads/5615@{#936}) on port 22991
Only local connections are allowed.
Please see https://chromedriver.chromium.org/security-considerations for suggestions on keeping ChromeDriver safe.
ChromeDriver was started successfully.
May 03, 2023 4:04:41 PM org.openqa.selenium.devtools.CdpVersionFinder findNearestMatch
WARNING: Unable to find an exact match for CDP version 112, so returning the closest version found: 110
]]></system-err>
  </testcase>
  <testcase name="As a user, I want to give rating the product" classname="Product - As a user I want to buying a product So that I have to select product" time="8.812">
    <system-out><![CDATA[
@TC_Product_003
Scenario: As a user, I want to give rating the product &amp#27;[90m# src/test/resources/features/Product.feature:16&amp#27;[0m
16:04:48.592 [main] DEBUG io.cucumber.core.plugin.SerenityReporter - Running feature from file:///C:/Users/user/Downloads/QE_Devi-Agustin-Utari/Mini%20Project/Source_Mini_Project/Web_Automation_AltaShop/src/test/resources/features/Product.feature
16:04:48.598 [main] INFO  - 
  _____   ___   ___   _____     ___   _____     _     ___   _____   ___   ___  
 |_   _| | __| / __| |_   _|   / __| |_   _|   /_\   | _ \ |_   _| | __| |   \ 
   | |   | _|  \__ \   | |     \__ \   | |    / _ \  |   /   | |   | _|  | |) |
   |_|   |___| |___/   |_|     |___/   |_|   /_/ \_\ |_|_\   |_|   |___| |___/ 

As a user, I want to give rating the product(product---as-a-user-i-want-to-buying-a-product-so-that-i-have-to-select-product;as-a-user--i-want-to-give-rating-the-product)
--------------------------------------------------------------------------------
16:04:48.617 [main] DEBUG net.thucydides.core.steps.StepInterceptor - STARTING STEP: LoginStep.userSuccessLogin - user on login page
16:04:48.663 [main] INFO net.serenitybdd.core.webdriver.driverproviders.ChromeDriverProvider - Starting Chrome driver instance with capabilities:
16:04:48.664 [main] INFO net.serenitybdd.core.webdriver.driverproviders.ChromeDriverProvider - Capabilities {acceptInsecureCerts: true, browserName: chrome, goog:chromeOptions: {args: [remote-allow-origins=*, test-type, no-sandbox, ignore-certificate-errors, start-maximized, incognito, disable-infobars, disable-gpu, disable-default-apps, disable-popup-blocking, remote-allow-origins=*, test-type, no-sandbox, ignore-certificate-errors, start-maximized, incognito, disable-infobars, disable-gpu, disable-default-apps, disable-popup-blocking, remote-allow-origins=*], extensions: []}}
16:04:48.883 [AsyncHttpClient-1-1] DEBUG org.asynchttpclient.netty.channel.DefaultChannelPool - Entry count for : http://localhost:22991 : 1
16:04:48.883 [AsyncHttpClient-1-1] DEBUG org.asynchttpclient.netty.channel.DefaultChannelPool - Entry count for : http://localhost:63637 : 1
16:04:48.883 [AsyncHttpClient-1-1] DEBUG org.asynchttpclient.netty.channel.DefaultChannelPool - Adding Candidate expired Channel [id: 0xbbc7b912, L:/127.0.0.1:63635 ! R:localhost/127.0.0.1:22991] isIdleTimeoutExpired=false isRemotelyClosed=true isTtlExpired=false
16:04:48.883 [AsyncHttpClient-1-1] DEBUG org.asynchttpclient.netty.channel.DefaultChannelPool - Closing Idle Channel [id: 0xbbc7b912, L:/127.0.0.1:63635 ! R:localhost/127.0.0.1:22991]
16:04:48.883 [AsyncHttpClient-1-1] DEBUG org.asynchttpclient.netty.channel.DefaultChannelPool - Adding Candidate expired Channel [id: 0x6e82048c, L:/127.0.0.1:63643 ! R:localhost/127.0.0.1:63637] isIdleTimeoutExpired=false isRemotelyClosed=true isTtlExpired=false
16:04:48.883 [AsyncHttpClient-1-1] DEBUG org.asynchttpclient.netty.channel.DefaultChannelPool - Closing Idle Channel [id: 0x6e82048c, L:/127.0.0.1:63643 ! R:localhost/127.0.0.1:63637]
16:04:48.883 [AsyncHttpClient-1-1] DEBUG org.asynchttpclient.netty.channel.DefaultChannelPool - Closed 2 connections out of 2 in 0 ms
16:04:49.259 [AsyncHttpClient-1-6] DEBUG org.asynchttpclient.netty.channel.NettyConnectListener - Using new Channel '[id: 0x5103023c, L:/127.0.0.1:63662 - R:localhost/127.0.0.1:28526]' for 'POST' to '/session'
16:04:50.460 [AsyncHttpClient-1-6] DEBUG org.asynchttpclient.netty.handler.HttpHandler - 

Request DefaultHttpRequest(decodeResult: success, version: HTTP/1.1)
POST /session HTTP/1.1
User-Agent: selenium/4.8.1 (java windows)
Content-Length: 1701
Content-Type: application/json; charset=utf-8
host: localhost:28526
accept: */*

Response DefaultHttpResponse(decodeResult: success, version: HTTP/1.1)
HTTP/1.1 200 OK
Content-Length: 843
Content-Type: application/json; charset=utf-8
cache-control: no-cache

16:04:50.460 [AsyncHttpClient-1-6] DEBUG org.asynchttpclient.netty.channel.ChannelManager - Adding key: http://localhost:28526 for channel [id: 0x5103023c, L:/127.0.0.1:63662 - R:localhost/127.0.0.1:28526]
16:04:50.471 [AsyncHttpClient-1-7] DEBUG org.asynchttpclient.netty.channel.NettyConnectListener - Using new Channel '[id: 0xa051d2b2, L:/127.0.0.1:63669 - R:localhost/127.0.0.1:63663]' for 'GET' to '/json/version'
16:04:50.472 [AsyncHttpClient-1-7] DEBUG org.asynchttpclient.netty.handler.HttpHandler - 

Request DefaultFullHttpRequest(decodeResult: success, version: HTTP/1.1, content: EmptyByteBufBE)
GET /json/version HTTP/1.1
User-Agent: selenium/4.8.1 (java windows)
host: localhost:63663
accept: */*

Response DefaultHttpResponse(decodeResult: success, version: HTTP/1.1)
HTTP/1.1 200 OK
Content-Security-Policy: frame-ancestors 'none'
Content-Length: 424
Content-Type: application/json; charset=UTF-8

16:04:50.472 [AsyncHttpClient-1-7] DEBUG org.asynchttpclient.netty.channel.ChannelManager - Adding key: http://localhost:63663 for channel [id: 0xa051d2b2, L:/127.0.0.1:63669 - R:localhost/127.0.0.1:63663]
16:04:50.474 [AsyncHttpClient-1-8] DEBUG org.asynchttpclient.netty.channel.NettyConnectListener - Using new Channel '[id: 0x48bcdc9a, L:/127.0.0.1:63670 - R:localhost/127.0.0.1:63663]' for 'GET' to '/devtools/browser/cc0784fd-6302-4279-8790-6e207c79c2f3'
16:04:50.475 [AsyncHttpClient-1-8] DEBUG org.asynchttpclient.netty.handler.WebSocketHandler - 

Request DefaultFullHttpRequest(decodeResult: success, version: HTTP/1.1, content: EmptyByteBufBE)
GET /devtools/browser/cc0784fd-6302-4279-8790-6e207c79c2f3 HTTP/1.1
upgrade: websocket
connection: upgrade
sec-websocket-key: 0+edHYetDLymBRQsbLuMdQ==
sec-websocket-version: 13
origin: http://localhost:63663
host: localhost:63663
accept: */*
user-agent: AHC/2.1

Response DefaultHttpResponse(decodeResult: success, version: HTTP/1.1)
HTTP/1.1 101 WebSocket Protocol Handshake
Upgrade: WebSocket
Connection: Upgrade
Sec-WebSocket-Accept: 4NuQ6mN0Q3cEW76jJ5hF9FsjlY4=

16:04:50.482 [Forwarding get on session 48fa15187c4a1521780ac76fdb829378 to remote] DEBUG org.asynchttpclient.netty.request.NettyRequestSender - Using pooled Channel '[id: 0x5103023c, L:/127.0.0.1:63662 - R:localhost/127.0.0.1:28526]' for 'POST' to 'http://localhost:28526/session/48fa15187c4a1521780ac76fdb829378/url'
16:04:50.482 [Forwarding get on session 48fa15187c4a1521780ac76fdb829378 to remote] DEBUG org.asynchttpclient.netty.request.NettyRequestSender - Using open Channel [id: 0x5103023c, L:/127.0.0.1:63662 - R:localhost/127.0.0.1:28526] for POST '/session/48fa15187c4a1521780ac76fdb829378/url'
16:04:51.077 [AsyncHttpClient-1-1] DEBUG org.asynchttpclient.netty.channel.DefaultChannelPool - Entry count for : http://localhost:63663 : 1
16:04:51.307 [AsyncHttpClient-1-6] DEBUG org.asynchttpclient.netty.handler.HttpHandler - 

Request DefaultHttpRequest(decodeResult: success, version: HTTP/1.1)
POST /session/48fa15187c4a1521780ac76fdb829378/url HTTP/1.1
User-Agent: selenium/4.8.1 (java windows)
Content-Length: 74
Content-Type: application/json; charset=utf-8
host: localhost:28526
accept: */*

Response DefaultHttpResponse(decodeResult: success, version: HTTP/1.1)
HTTP/1.1 200 OK
Content-Length: 14
Content-Type: application/json; charset=utf-8
cache-control: no-cache

16:04:51.307 [AsyncHttpClient-1-6] DEBUG org.asynchttpclient.netty.channel.ChannelManager - Adding key: http://localhost:28526 for channel [id: 0x5103023c, L:/127.0.0.1:63662 - R:localhost/127.0.0.1:28526]
16:04:51.308 [Forwarding setTimeout on session 48fa15187c4a1521780ac76fdb829378 to remote] DEBUG org.asynchttpclient.netty.request.NettyRequestSender - Using pooled Channel '[id: 0x5103023c, L:/127.0.0.1:63662 - R:localhost/127.0.0.1:28526]' for 'POST' to 'http://localhost:28526/session/48fa15187c4a1521780ac76fdb829378/timeouts'
16:04:51.308 [Forwarding setTimeout on session 48fa15187c4a1521780ac76fdb829378 to remote] DEBUG org.asynchttpclient.netty.request.NettyRequestSender - Using open Channel [id: 0x5103023c, L:/127.0.0.1:63662 - R:localhost/127.0.0.1:28526] for POST '/session/48fa15187c4a1521780ac76fdb829378/timeouts'
16:04:51.309 [AsyncHttpClient-1-6] DEBUG org.asynchttpclient.netty.handler.HttpHandler - 

Request DefaultHttpRequest(decodeResult: success, version: HTTP/1.1)
POST /session/48fa15187c4a1521780ac76fdb829378/timeouts HTTP/1.1
User-Agent: selenium/4.8.1 (java windows)
Content-Length: 22
Content-Type: application/json; charset=utf-8
host: localhost:28526
accept: */*

Response DefaultHttpResponse(decodeResult: success, version: HTTP/1.1)
HTTP/1.1 200 OK
Content-Length: 14
Content-Type: application/json; charset=utf-8
cache-control: no-cache

16:04:51.309 [AsyncHttpClient-1-6] DEBUG org.asynchttpclient.netty.channel.ChannelManager - Adding key: http://localhost:28526 for channel [id: 0x5103023c, L:/127.0.0.1:63662 - R:localhost/127.0.0.1:28526]
16:04:51.315 [Forwarding findElement on session 48fa15187c4a1521780ac76fdb829378 to remote] DEBUG org.asynchttpclient.netty.request.NettyRequestSender - Using pooled Channel '[id: 0x5103023c, L:/127.0.0.1:63662 - R:localhost/127.0.0.1:28526]' for 'POST' to 'http://localhost:28526/session/48fa15187c4a1521780ac76fdb829378/element'
16:04:51.315 [Forwarding findElement on session 48fa15187c4a1521780ac76fdb829378 to remote] DEBUG org.asynchttpclient.netty.request.NettyRequestSender - Using open Channel [id: 0x5103023c, L:/127.0.0.1:63662 - R:localhost/127.0.0.1:28526] for POST '/session/48fa15187c4a1521780ac76fdb829378/element'
16:04:51.328 [AsyncHttpClient-1-6] DEBUG org.asynchttpclient.netty.handler.HttpHandler - 

Request DefaultHttpRequest(decodeResult: success, version: HTTP/1.1)
POST /session/48fa15187c4a1521780ac76fdb829378/element HTTP/1.1
User-Agent: selenium/4.8.1 (java windows)
Content-Length: 69
Content-Type: application/json; charset=utf-8
host: localhost:28526
accept: */*

Response DefaultHttpResponse(decodeResult: success, version: HTTP/1.1)
HTTP/1.1 200 OK
Content-Length: 88
Content-Type: application/json; charset=utf-8
cache-control: no-cache

16:04:51.328 [AsyncHttpClient-1-6] DEBUG org.asynchttpclient.netty.channel.ChannelManager - Adding key: http://localhost:28526 for channel [id: 0x5103023c, L:/127.0.0.1:63662 - R:localhost/127.0.0.1:28526]
16:04:51.331 [Forwarding isElementDisplayed on session 48fa15187c4a1521780ac76fdb829378 to remote] DEBUG org.asynchttpclient.netty.request.NettyRequestSender - Using pooled Channel '[id: 0x5103023c, L:/127.0.0.1:63662 - R:localhost/127.0.0.1:28526]' for 'POST' to 'http://localhost:28526/session/48fa15187c4a1521780ac76fdb829378/execute/sync'
16:04:51.331 [Forwarding isElementDisplayed on session 48fa15187c4a1521780ac76fdb829378 to remote] DEBUG org.asynchttpclient.netty.request.NettyRequestSender - Using open Channel [id: 0x5103023c, L:/127.0.0.1:63662 - R:localhost/127.0.0.1:28526] for POST '/session/48fa15187c4a1521780ac76fdb829378/execute/sync'
16:04:51.344 [AsyncHttpClient-1-6] DEBUG org.asynchttpclient.netty.handler.HttpHandler - 

Request DefaultHttpRequest(decodeResult: success, version: HTTP/1.1)
POST /session/48fa15187c4a1521780ac76fdb829378/execute/sync HTTP/1.1
User-Agent: selenium/4.8.1 (java windows)
Content-Length: 48807
Content-Type: application/json; charset=utf-8
host: localhost:28526
accept: */*

Response DefaultHttpResponse(decodeResult: success, version: HTTP/1.1)
HTTP/1.1 200 OK
Content-Length: 14
Content-Type: application/json; charset=utf-8
cache-control: no-cache

16:04:51.344 [AsyncHttpClient-1-6] DEBUG org.asynchttpclient.netty.channel.ChannelManager - Adding key: http://localhost:28526 for channel [id: 0x5103023c, L:/127.0.0.1:63662 - R:localhost/127.0.0.1:28526]
16:04:51.349 [Forwarding getAlertText on session 48fa15187c4a1521780ac76fdb829378 to remote] DEBUG org.asynchttpclient.netty.request.NettyRequestSender - Using pooled Channel '[id: 0x5103023c, L:/127.0.0.1:63662 - R:localhost/127.0.0.1:28526]' for 'GET' to 'http://localhost:28526/session/48fa15187c4a1521780ac76fdb829378/alert/text'
16:04:51.349 [Forwarding getAlertText on session 48fa15187c4a1521780ac76fdb829378 to remote] DEBUG org.asynchttpclient.netty.request.NettyRequestSender - Using open Channel [id: 0x5103023c, L:/127.0.0.1:63662 - R:localhost/127.0.0.1:28526] for GET '/session/48fa15187c4a1521780ac76fdb829378/alert/text'
16:04:51.350 [AsyncHttpClient-1-6] DEBUG org.asynchttpclient.netty.handler.HttpHandler - 

Request DefaultFullHttpRequest(decodeResult: success, version: HTTP/1.1, content: EmptyByteBufBE)
GET /session/48fa15187c4a1521780ac76fdb829378/alert/text HTTP/1.1
User-Agent: selenium/4.8.1 (java windows)
Cache-Control: no-cache
Content-Type: application/json; charset=utf-8
host: localhost:28526
accept: */*

Response DefaultHttpResponse(decodeResult: success, version: HTTP/1.1)
HTTP/1.1 404 Not Found
Content-Length: 848
Content-Type: application/json; charset=utf-8
cache-control: no-cache

16:04:51.350 [AsyncHttpClient-1-6] DEBUG org.asynchttpclient.netty.channel.ChannelManager - Adding key: http://localhost:28526 for channel [id: 0x5103023c, L:/127.0.0.1:63662 - R:localhost/127.0.0.1:28526]
16:04:51.351 [Forwarding getCurrentUrl on session 48fa15187c4a1521780ac76fdb829378 to remote] DEBUG org.asynchttpclient.netty.request.NettyRequestSender - Using pooled Channel '[id: 0x5103023c, L:/127.0.0.1:63662 - R:localhost/127.0.0.1:28526]' for 'GET' to 'http://localhost:28526/session/48fa15187c4a1521780ac76fdb829378/url'
16:04:51.351 [Forwarding getCurrentUrl on session 48fa15187c4a1521780ac76fdb829378 to remote] DEBUG org.asynchttpclient.netty.request.NettyRequestSender - Using open Channel [id: 0x5103023c, L:/127.0.0.1:63662 - R:localhost/127.0.0.1:28526] for GET '/session/48fa15187c4a1521780ac76fdb829378/url'
16:04:51.356 [AsyncHttpClient-1-6] DEBUG org.asynchttpclient.netty.handler.HttpHandler - 

Request DefaultFullHttpRequest(decodeResult: success, version: HTTP/1.1, content: EmptyByteBufBE)
GET /session/48fa15187c4a1521780ac76fdb829378/url HTTP/1.1
User-Agent: selenium/4.8.1 (java windows)
Cache-Control: no-cache
Content-Type: application/json; charset=utf-8
host: localhost:28526
accept: */*

Response DefaultHttpResponse(decodeResult: success, version: HTTP/1.1)
HTTP/1.1 200 OK
Content-Length: 51
Content-Type: application/json; charset=utf-8
cache-control: no-cache

16:04:51.356 [AsyncHttpClient-1-6] DEBUG org.asynchttpclient.netty.channel.ChannelManager - Adding key: http://localhost:28526 for channel [id: 0x5103023c, L:/127.0.0.1:63662 - R:localhost/127.0.0.1:28526]
16:04:51.356 [Forwarding screenshot on session 48fa15187c4a1521780ac76fdb829378 to remote] DEBUG org.asynchttpclient.netty.request.NettyRequestSender - Using pooled Channel '[id: 0x5103023c, L:/127.0.0.1:63662 - R:localhost/127.0.0.1:28526]' for 'GET' to 'http://localhost:28526/session/48fa15187c4a1521780ac76fdb829378/screenshot'
16:04:51.356 [Forwarding screenshot on session 48fa15187c4a1521780ac76fdb829378 to remote] DEBUG org.asynchttpclient.netty.request.NettyRequestSender - Using open Channel [id: 0x5103023c, L:/127.0.0.1:63662 - R:localhost/127.0.0.1:28526] for GET '/session/48fa15187c4a1521780ac76fdb829378/screenshot'
16:04:51.422 [AsyncHttpClient-1-6] DEBUG org.asynchttpclient.netty.handler.HttpHandler - 

Request DefaultFullHttpRequest(decodeResult: success, version: HTTP/1.1, content: EmptyByteBufBE)
GET /session/48fa15187c4a1521780ac76fdb829378/screenshot HTTP/1.1
User-Agent: selenium/4.8.1 (java windows)
Cache-Control: no-cache
Content-Type: application/json; charset=utf-8
host: localhost:28526
accept: */*

Response DefaultHttpResponse(decodeResult: success, version: HTTP/1.1)
HTTP/1.1 200 OK
Content-Length: 25060
Content-Type: application/json; charset=utf-8
cache-control: no-cache

16:04:51.422 [AsyncHttpClient-1-6] DEBUG org.asynchttpclient.netty.channel.ChannelManager - Adding key: http://localhost:28526 for channel [id: 0x5103023c, L:/127.0.0.1:63662 - R:localhost/127.0.0.1:28526]
16:04:51.423 [main] DEBUG net.serenitybdd.core.photography.Darkroom - Send negative for processing for target\site\serenity\1db263dd5c04c8fe15e82ee6420144d4e1e7b9826b9315cfd7ec5b5d0da76045.png
16:04:51.423 [main] DEBUG net.thucydides.core.steps.StepInterceptor - STEP DONE: user on login page
16:04:51.426 [main] DEBUG net.thucydides.core.steps.StepInterceptor - STARTING STEP: LoginStep.userSuccessLogin - user input valid email
16:04:51.428 [Forwarding findElement on session 48fa15187c4a1521780ac76fdb829378 to remote] DEBUG org.asynchttpclient.netty.request.NettyRequestSender - Using pooled Channel '[id: 0x5103023c, L:/127.0.0.1:63662 - R:localhost/127.0.0.1:28526]' for 'POST' to 'http://localhost:28526/session/48fa15187c4a1521780ac76fdb829378/element'
16:04:51.428 [Forwarding findElement on session 48fa15187c4a1521780ac76fdb829378 to remote] DEBUG org.asynchttpclient.netty.request.NettyRequestSender - Using open Channel [id: 0x5103023c, L:/127.0.0.1:63662 - R:localhost/127.0.0.1:28526] for POST '/session/48fa15187c4a1521780ac76fdb829378/element'
16:04:51.439 [AsyncHttpClient-1-6] DEBUG org.asynchttpclient.netty.handler.HttpHandler - 

Request DefaultHttpRequest(decodeResult: success, version: HTTP/1.1)
POST /session/48fa15187c4a1521780ac76fdb829378/element HTTP/1.1
User-Agent: selenium/4.8.1 (java windows)
Content-Length: 55
Content-Type: application/json; charset=utf-8
host: localhost:28526
accept: */*

Response DefaultHttpResponse(decodeResult: success, version: HTTP/1.1)
HTTP/1.1 200 OK
Content-Length: 88
Content-Type: application/json; charset=utf-8
cache-control: no-cache

16:04:51.439 [AsyncHttpClient-1-6] DEBUG org.asynchttpclient.netty.channel.ChannelManager - Adding key: http://localhost:28526 for channel [id: 0x5103023c, L:/127.0.0.1:63662 - R:localhost/127.0.0.1:28526]
16:04:51.440 [Forwarding clearElement on session 48fa15187c4a1521780ac76fdb829378 to remote] DEBUG org.asynchttpclient.netty.request.NettyRequestSender - Using pooled Channel '[id: 0x5103023c, L:/127.0.0.1:63662 - R:localhost/127.0.0.1:28526]' for 'POST' to 'http://localhost:28526/session/48fa15187c4a1521780ac76fdb829378/element/d51a47e3-111d-4970-9fd5-521784867ba1/clear'
16:04:51.440 [Forwarding clearElement on session 48fa15187c4a1521780ac76fdb829378 to remote] DEBUG org.asynchttpclient.netty.request.NettyRequestSender - Using open Channel [id: 0x5103023c, L:/127.0.0.1:63662 - R:localhost/127.0.0.1:28526] for POST '/session/48fa15187c4a1521780ac76fdb829378/element/d51a47e3-111d-4970-9fd5-521784867ba1/clear'
16:04:51.478 [AsyncHttpClient-1-6] DEBUG org.asynchttpclient.netty.handler.HttpHandler - 

Request DefaultHttpRequest(decodeResult: success, version: HTTP/1.1)
POST /session/48fa15187c4a1521780ac76fdb829378/element/d51a47e3-111d-4970-9fd5-521784867ba1/clear HTTP/1.1
User-Agent: selenium/4.8.1 (java windows)
Content-Length: 50
Content-Type: application/json; charset=utf-8
host: localhost:28526
accept: */*

Response DefaultHttpResponse(decodeResult: success, version: HTTP/1.1)
HTTP/1.1 200 OK
Content-Length: 14
Content-Type: application/json; charset=utf-8
cache-control: no-cache

16:04:51.478 [AsyncHttpClient-1-6] DEBUG org.asynchttpclient.netty.channel.ChannelManager - Adding key: http://localhost:28526 for channel [id: 0x5103023c, L:/127.0.0.1:63662 - R:localhost/127.0.0.1:28526]
16:04:51.479 [Forwarding sendKeysToElement on session 48fa15187c4a1521780ac76fdb829378 to remote] DEBUG org.asynchttpclient.netty.request.NettyRequestSender - Using pooled Channel '[id: 0x5103023c, L:/127.0.0.1:63662 - R:localhost/127.0.0.1:28526]' for 'POST' to 'http://localhost:28526/session/48fa15187c4a1521780ac76fdb829378/element/d51a47e3-111d-4970-9fd5-521784867ba1/value'
16:04:51.479 [Forwarding sendKeysToElement on session 48fa15187c4a1521780ac76fdb829378 to remote] DEBUG org.asynchttpclient.netty.request.NettyRequestSender - Using open Channel [id: 0x5103023c, L:/127.0.0.1:63662 - R:localhost/127.0.0.1:28526] for POST '/session/48fa15187c4a1521780ac76fdb829378/element/d51a47e3-111d-4970-9fd5-521784867ba1/value'
16:04:51.610 [AsyncHttpClient-1-6] DEBUG org.asynchttpclient.netty.handler.HttpHandler - 

Request DefaultHttpRequest(decodeResult: success, version: HTTP/1.1)
POST /session/48fa15187c4a1521780ac76fdb829378/element/d51a47e3-111d-4970-9fd5-521784867ba1/value HTTP/1.1
User-Agent: selenium/4.8.1 (java windows)
Content-Length: 231
Content-Type: application/json; charset=utf-8
host: localhost:28526
accept: */*

Response DefaultHttpResponse(decodeResult: success, version: HTTP/1.1)
HTTP/1.1 200 OK
Content-Length: 14
Content-Type: application/json; charset=utf-8
cache-control: no-cache

16:04:51.610 [AsyncHttpClient-1-6] DEBUG org.asynchttpclient.netty.channel.ChannelManager - Adding key: http://localhost:28526 for channel [id: 0x5103023c, L:/127.0.0.1:63662 - R:localhost/127.0.0.1:28526]
16:04:51.615 [Forwarding getAlertText on session 48fa15187c4a1521780ac76fdb829378 to remote] DEBUG org.asynchttpclient.netty.request.NettyRequestSender - Using pooled Channel '[id: 0x5103023c, L:/127.0.0.1:63662 - R:localhost/127.0.0.1:28526]' for 'GET' to 'http://localhost:28526/session/48fa15187c4a1521780ac76fdb829378/alert/text'
16:04:51.615 [Forwarding getAlertText on session 48fa15187c4a1521780ac76fdb829378 to remote] DEBUG org.asynchttpclient.netty.request.NettyRequestSender - Using open Channel [id: 0x5103023c, L:/127.0.0.1:63662 - R:localhost/127.0.0.1:28526] for GET '/session/48fa15187c4a1521780ac76fdb829378/alert/text'
16:04:51.617 [AsyncHttpClient-1-6] DEBUG org.asynchttpclient.netty.handler.HttpHandler - 

Request DefaultFullHttpRequest(decodeResult: success, version: HTTP/1.1, content: EmptyByteBufBE)
GET /session/48fa15187c4a1521780ac76fdb829378/alert/text HTTP/1.1
User-Agent: selenium/4.8.1 (java windows)
Cache-Control: no-cache
Content-Type: application/json; charset=utf-8
host: localhost:28526
accept: */*

Response DefaultHttpResponse(decodeResult: success, version: HTTP/1.1)
HTTP/1.1 404 Not Found
Content-Length: 848
Content-Type: application/json; charset=utf-8
cache-control: no-cache

16:04:51.617 [AsyncHttpClient-1-6] DEBUG org.asynchttpclient.netty.channel.ChannelManager - Adding key: http://localhost:28526 for channel [id: 0x5103023c, L:/127.0.0.1:63662 - R:localhost/127.0.0.1:28526]
16:04:51.617 [Forwarding getCurrentUrl on session 48fa15187c4a1521780ac76fdb829378 to remote] DEBUG org.asynchttpclient.netty.request.NettyRequestSender - Using pooled Channel '[id: 0x5103023c, L:/127.0.0.1:63662 - R:localhost/127.0.0.1:28526]' for 'GET' to 'http://localhost:28526/session/48fa15187c4a1521780ac76fdb829378/url'
16:04:51.618 [Forwarding getCurrentUrl on session 48fa15187c4a1521780ac76fdb829378 to remote] DEBUG org.asynchttpclient.netty.request.NettyRequestSender - Using open Channel [id: 0x5103023c, L:/127.0.0.1:63662 - R:localhost/127.0.0.1:28526] for GET '/session/48fa15187c4a1521780ac76fdb829378/url'
16:04:51.622 [AsyncHttpClient-1-6] DEBUG org.asynchttpclient.netty.handler.HttpHandler - 

Request DefaultFullHttpRequest(decodeResult: success, version: HTTP/1.1, content: EmptyByteBufBE)
GET /session/48fa15187c4a1521780ac76fdb829378/url HTTP/1.1
User-Agent: selenium/4.8.1 (java windows)
Cache-Control: no-cache
Content-Type: application/json; charset=utf-8
host: localhost:28526
accept: */*

Response DefaultHttpResponse(decodeResult: success, version: HTTP/1.1)
HTTP/1.1 200 OK
Content-Length: 51
Content-Type: application/json; charset=utf-8
cache-control: no-cache

16:04:51.622 [AsyncHttpClient-1-6] DEBUG org.asynchttpclient.netty.channel.ChannelManager - Adding key: http://localhost:28526 for channel [id: 0x5103023c, L:/127.0.0.1:63662 - R:localhost/127.0.0.1:28526]
16:04:51.623 [Forwarding screenshot on session 48fa15187c4a1521780ac76fdb829378 to remote] DEBUG org.asynchttpclient.netty.request.NettyRequestSender - Using pooled Channel '[id: 0x5103023c, L:/127.0.0.1:63662 - R:localhost/127.0.0.1:28526]' for 'GET' to 'http://localhost:28526/session/48fa15187c4a1521780ac76fdb829378/screenshot'
16:04:51.623 [Forwarding screenshot on session 48fa15187c4a1521780ac76fdb829378 to remote] DEBUG org.asynchttpclient.netty.request.NettyRequestSender - Using open Channel [id: 0x5103023c, L:/127.0.0.1:63662 - R:localhost/127.0.0.1:28526] for GET '/session/48fa15187c4a1521780ac76fdb829378/screenshot'
16:04:51.711 [AsyncHttpClient-1-6] DEBUG org.asynchttpclient.netty.handler.HttpHandler - 

Request DefaultFullHttpRequest(decodeResult: success, version: HTTP/1.1, content: EmptyByteBufBE)
GET /session/48fa15187c4a1521780ac76fdb829378/screenshot HTTP/1.1
User-Agent: selenium/4.8.1 (java windows)
Cache-Control: no-cache
Content-Type: application/json; charset=utf-8
host: localhost:28526
accept: */*

Response DefaultHttpResponse(decodeResult: success, version: HTTP/1.1)
HTTP/1.1 200 OK
Content-Length: 29268
Content-Type: application/json; charset=utf-8
cache-control: no-cache

16:04:51.712 [AsyncHttpClient-1-6] DEBUG org.asynchttpclient.netty.channel.ChannelManager - Adding key: http://localhost:28526 for channel [id: 0x5103023c, L:/127.0.0.1:63662 - R:localhost/127.0.0.1:28526]
16:04:51.714 [main] DEBUG net.serenitybdd.core.photography.Darkroom - Send negative for processing for target\site\serenity\cf4a8530fc937d09da4b0fe37c38092f9300be67940d3ade8d7888e1ec0921c3.png
16:04:51.714 [main] DEBUG net.thucydides.core.steps.StepInterceptor - STEP DONE: user input valid email
16:04:51.718 [main] DEBUG net.thucydides.core.steps.StepInterceptor - STARTING STEP: LoginStep.userSuccessLogin - user input valid password
16:04:51.722 [Forwarding findElement on session 48fa15187c4a1521780ac76fdb829378 to remote] DEBUG org.asynchttpclient.netty.request.NettyRequestSender - Using pooled Channel '[id: 0x5103023c, L:/127.0.0.1:63662 - R:localhost/127.0.0.1:28526]' for 'POST' to 'http://localhost:28526/session/48fa15187c4a1521780ac76fdb829378/element'
16:04:51.722 [Forwarding findElement on session 48fa15187c4a1521780ac76fdb829378 to remote] DEBUG org.asynchttpclient.netty.request.NettyRequestSender - Using open Channel [id: 0x5103023c, L:/127.0.0.1:63662 - R:localhost/127.0.0.1:28526] for POST '/session/48fa15187c4a1521780ac76fdb829378/element'
16:04:51.734 [AsyncHttpClient-1-6] DEBUG org.asynchttpclient.netty.handler.HttpHandler - 

Request DefaultHttpRequest(decodeResult: success, version: HTTP/1.1)
POST /session/48fa15187c4a1521780ac76fdb829378/element HTTP/1.1
User-Agent: selenium/4.8.1 (java windows)
Content-Length: 55
Content-Type: application/json; charset=utf-8
host: localhost:28526
accept: */*

Response DefaultHttpResponse(decodeResult: success, version: HTTP/1.1)
HTTP/1.1 200 OK
Content-Length: 88
Content-Type: application/json; charset=utf-8
cache-control: no-cache

16:04:51.734 [AsyncHttpClient-1-6] DEBUG org.asynchttpclient.netty.channel.ChannelManager - Adding key: http://localhost:28526 for channel [id: 0x5103023c, L:/127.0.0.1:63662 - R:localhost/127.0.0.1:28526]
16:04:51.736 [Forwarding clearElement on session 48fa15187c4a1521780ac76fdb829378 to remote] DEBUG org.asynchttpclient.netty.request.NettyRequestSender - Using pooled Channel '[id: 0x5103023c, L:/127.0.0.1:63662 - R:localhost/127.0.0.1:28526]' for 'POST' to 'http://localhost:28526/session/48fa15187c4a1521780ac76fdb829378/element/c034fc65-fce4-47c4-b97f-711dd51ea3ad/clear'
16:04:51.736 [Forwarding clearElement on session 48fa15187c4a1521780ac76fdb829378 to remote] DEBUG org.asynchttpclient.netty.request.NettyRequestSender - Using open Channel [id: 0x5103023c, L:/127.0.0.1:63662 - R:localhost/127.0.0.1:28526] for POST '/session/48fa15187c4a1521780ac76fdb829378/element/c034fc65-fce4-47c4-b97f-711dd51ea3ad/clear'
16:04:51.768 [AsyncHttpClient-1-6] DEBUG org.asynchttpclient.netty.handler.HttpHandler - 

Request DefaultHttpRequest(decodeResult: success, version: HTTP/1.1)
POST /session/48fa15187c4a1521780ac76fdb829378/element/c034fc65-fce4-47c4-b97f-711dd51ea3ad/clear HTTP/1.1
User-Agent: selenium/4.8.1 (java windows)
Content-Length: 50
Content-Type: application/json; charset=utf-8
host: localhost:28526
accept: */*

Response DefaultHttpResponse(decodeResult: success, version: HTTP/1.1)
HTTP/1.1 200 OK
Content-Length: 14
Content-Type: application/json; charset=utf-8
cache-control: no-cache

16:04:51.768 [AsyncHttpClient-1-6] DEBUG org.asynchttpclient.netty.channel.ChannelManager - Adding key: http://localhost:28526 for channel [id: 0x5103023c, L:/127.0.0.1:63662 - R:localhost/127.0.0.1:28526]
16:04:51.770 [Forwarding sendKeysToElement on session 48fa15187c4a1521780ac76fdb829378 to remote] DEBUG org.asynchttpclient.netty.request.NettyRequestSender - Using pooled Channel '[id: 0x5103023c, L:/127.0.0.1:63662 - R:localhost/127.0.0.1:28526]' for 'POST' to 'http://localhost:28526/session/48fa15187c4a1521780ac76fdb829378/element/c034fc65-fce4-47c4-b97f-711dd51ea3ad/value'
16:04:51.770 [Forwarding sendKeysToElement on session 48fa15187c4a1521780ac76fdb829378 to remote] DEBUG org.asynchttpclient.netty.request.NettyRequestSender - Using open Channel [id: 0x5103023c, L:/127.0.0.1:63662 - R:localhost/127.0.0.1:28526] for POST '/session/48fa15187c4a1521780ac76fdb829378/element/c034fc65-fce4-47c4-b97f-711dd51ea3ad/value'
16:04:51.859 [AsyncHttpClient-1-6] DEBUG org.asynchttpclient.netty.handler.HttpHandler - 

Request DefaultHttpRequest(decodeResult: success, version: HTTP/1.1)
POST /session/48fa15187c4a1521780ac76fdb829378/element/c034fc65-fce4-47c4-b97f-711dd51ea3ad/value HTTP/1.1
User-Agent: selenium/4.8.1 (java windows)
Content-Length: 161
Content-Type: application/json; charset=utf-8
host: localhost:28526
accept: */*

Response DefaultHttpResponse(decodeResult: success, version: HTTP/1.1)
HTTP/1.1 200 OK
Content-Length: 14
Content-Type: application/json; charset=utf-8
cache-control: no-cache

16:04:51.859 [AsyncHttpClient-1-6] DEBUG org.asynchttpclient.netty.channel.ChannelManager - Adding key: http://localhost:28526 for channel [id: 0x5103023c, L:/127.0.0.1:63662 - R:localhost/127.0.0.1:28526]
16:04:51.864 [Forwarding getAlertText on session 48fa15187c4a1521780ac76fdb829378 to remote] DEBUG org.asynchttpclient.netty.request.NettyRequestSender - Using pooled Channel '[id: 0x5103023c, L:/127.0.0.1:63662 - R:localhost/127.0.0.1:28526]' for 'GET' to 'http://localhost:28526/session/48fa15187c4a1521780ac76fdb829378/alert/text'
16:04:51.865 [Forwarding getAlertText on session 48fa15187c4a1521780ac76fdb829378 to remote] DEBUG org.asynchttpclient.netty.request.NettyRequestSender - Using open Channel [id: 0x5103023c, L:/127.0.0.1:63662 - R:localhost/127.0.0.1:28526] for GET '/session/48fa15187c4a1521780ac76fdb829378/alert/text'
16:04:51.867 [AsyncHttpClient-1-6] DEBUG org.asynchttpclient.netty.handler.HttpHandler - 

Request DefaultFullHttpRequest(decodeResult: success, version: HTTP/1.1, content: EmptyByteBufBE)
GET /session/48fa15187c4a1521780ac76fdb829378/alert/text HTTP/1.1
User-Agent: selenium/4.8.1 (java windows)
Cache-Control: no-cache
Content-Type: application/json; charset=utf-8
host: localhost:28526
accept: */*

Response DefaultHttpResponse(decodeResult: success, version: HTTP/1.1)
HTTP/1.1 404 Not Found
Content-Length: 848
Content-Type: application/json; charset=utf-8
cache-control: no-cache

16:04:51.867 [AsyncHttpClient-1-6] DEBUG org.asynchttpclient.netty.channel.ChannelManager - Adding key: http://localhost:28526 for channel [id: 0x5103023c, L:/127.0.0.1:63662 - R:localhost/127.0.0.1:28526]
16:04:51.869 [Forwarding getCurrentUrl on session 48fa15187c4a1521780ac76fdb829378 to remote] DEBUG org.asynchttpclient.netty.request.NettyRequestSender - Using pooled Channel '[id: 0x5103023c, L:/127.0.0.1:63662 - R:localhost/127.0.0.1:28526]' for 'GET' to 'http://localhost:28526/session/48fa15187c4a1521780ac76fdb829378/url'
16:04:51.869 [Forwarding getCurrentUrl on session 48fa15187c4a1521780ac76fdb829378 to remote] DEBUG org.asynchttpclient.netty.request.NettyRequestSender - Using open Channel [id: 0x5103023c, L:/127.0.0.1:63662 - R:localhost/127.0.0.1:28526] for GET '/session/48fa15187c4a1521780ac76fdb829378/url'
16:04:51.875 [AsyncHttpClient-1-6] DEBUG org.asynchttpclient.netty.handler.HttpHandler - 

Request DefaultFullHttpRequest(decodeResult: success, version: HTTP/1.1, content: EmptyByteBufBE)
GET /session/48fa15187c4a1521780ac76fdb829378/url HTTP/1.1
User-Agent: selenium/4.8.1 (java windows)
Cache-Control: no-cache
Content-Type: application/json; charset=utf-8
host: localhost:28526
accept: */*

Response DefaultHttpResponse(decodeResult: success, version: HTTP/1.1)
HTTP/1.1 200 OK
Content-Length: 51
Content-Type: application/json; charset=utf-8
cache-control: no-cache

16:04:51.875 [AsyncHttpClient-1-6] DEBUG org.asynchttpclient.netty.channel.ChannelManager - Adding key: http://localhost:28526 for channel [id: 0x5103023c, L:/127.0.0.1:63662 - R:localhost/127.0.0.1:28526]
16:04:51.876 [Forwarding screenshot on session 48fa15187c4a1521780ac76fdb829378 to remote] DEBUG org.asynchttpclient.netty.request.NettyRequestSender - Using pooled Channel '[id: 0x5103023c, L:/127.0.0.1:63662 - R:localhost/127.0.0.1:28526]' for 'GET' to 'http://localhost:28526/session/48fa15187c4a1521780ac76fdb829378/screenshot'
16:04:51.876 [Forwarding screenshot on session 48fa15187c4a1521780ac76fdb829378 to remote] DEBUG org.asynchttpclient.netty.request.NettyRequestSender - Using open Channel [id: 0x5103023c, L:/127.0.0.1:63662 - R:localhost/127.0.0.1:28526] for GET '/session/48fa15187c4a1521780ac76fdb829378/screenshot'
16:04:51.967 [AsyncHttpClient-1-6] DEBUG org.asynchttpclient.netty.handler.HttpHandler - 

Request DefaultFullHttpRequest(decodeResult: success, version: HTTP/1.1, content: EmptyByteBufBE)
GET /session/48fa15187c4a1521780ac76fdb829378/screenshot HTTP/1.1
User-Agent: selenium/4.8.1 (java windows)
Cache-Control: no-cache
Content-Type: application/json; charset=utf-8
host: localhost:28526
accept: */*

Response DefaultHttpResponse(decodeResult: success, version: HTTP/1.1)
HTTP/1.1 200 OK
Content-Length: 30828
Content-Type: application/json; charset=utf-8
cache-control: no-cache

16:04:51.967 [AsyncHttpClient-1-6] DEBUG org.asynchttpclient.netty.channel.ChannelManager - Adding key: http://localhost:28526 for channel [id: 0x5103023c, L:/127.0.0.1:63662 - R:localhost/127.0.0.1:28526]
16:04:51.970 [main] DEBUG net.serenitybdd.core.photography.Darkroom - Send negative for processing for target\site\serenity\4ca299209cee968b9a375a5f68644745241e3968b25420620d2bcf8fd61a49df.png
16:04:51.970 [Darkroom Processing Line] DEBUG net.serenitybdd.core.photography.DarkroomProcessingLine - Processing screenshot image in /var/screenshots/screenshot-450568006648706666
16:04:51.970 [Darkroom Processing Line] DEBUG net.serenitybdd.core.photography.DarkroomProcessingLine - Saving screenshot to target\site\serenity\4ca299209cee968b9a375a5f68644745241e3968b25420620d2bcf8fd61a49df.png
16:04:51.971 [main] DEBUG net.thucydides.core.steps.StepInterceptor - STEP DONE: user input valid password
16:04:51.976 [main] DEBUG net.thucydides.core.steps.StepInterceptor - STARTING STEP: LoginStep.userSuccessLogin - click button login
16:04:51.979 [Forwarding findElement on session 48fa15187c4a1521780ac76fdb829378 to remote] DEBUG org.asynchttpclient.netty.request.NettyRequestSender - Using pooled Channel '[id: 0x5103023c, L:/127.0.0.1:63662 - R:localhost/127.0.0.1:28526]' for 'POST' to 'http://localhost:28526/session/48fa15187c4a1521780ac76fdb829378/element'
16:04:51.979 [Forwarding findElement on session 48fa15187c4a1521780ac76fdb829378 to remote] DEBUG org.asynchttpclient.netty.request.NettyRequestSender - Using open Channel [id: 0x5103023c, L:/127.0.0.1:63662 - R:localhost/127.0.0.1:28526] for POST '/session/48fa15187c4a1521780ac76fdb829378/element'
16:04:51.986 [AsyncHttpClient-1-6] DEBUG org.asynchttpclient.netty.handler.HttpHandler - 

Request DefaultHttpRequest(decodeResult: success, version: HTTP/1.1)
POST /session/48fa15187c4a1521780ac76fdb829378/element HTTP/1.1
User-Agent: selenium/4.8.1 (java windows)
Content-Length: 69
Content-Type: application/json; charset=utf-8
host: localhost:28526
accept: */*

Response DefaultHttpResponse(decodeResult: success, version: HTTP/1.1)
HTTP/1.1 200 OK
Content-Length: 88
Content-Type: application/json; charset=utf-8
cache-control: no-cache

16:04:51.986 [AsyncHttpClient-1-6] DEBUG org.asynchttpclient.netty.channel.ChannelManager - Adding key: http://localhost:28526 for channel [id: 0x5103023c, L:/127.0.0.1:63662 - R:localhost/127.0.0.1:28526]
16:04:51.987 [Forwarding getElementTagName on session 48fa15187c4a1521780ac76fdb829378 to remote] DEBUG org.asynchttpclient.netty.request.NettyRequestSender - Using pooled Channel '[id: 0x5103023c, L:/127.0.0.1:63662 - R:localhost/127.0.0.1:28526]' for 'GET' to 'http://localhost:28526/session/48fa15187c4a1521780ac76fdb829378/element/6538f54c-7b0b-4611-8704-e1d17320e693/name'
16:04:51.987 [Forwarding getElementTagName on session 48fa15187c4a1521780ac76fdb829378 to remote] DEBUG org.asynchttpclient.netty.request.NettyRequestSender - Using open Channel [id: 0x5103023c, L:/127.0.0.1:63662 - R:localhost/127.0.0.1:28526] for GET '/session/48fa15187c4a1521780ac76fdb829378/element/6538f54c-7b0b-4611-8704-e1d17320e693/name'
16:04:51.991 [AsyncHttpClient-1-6] DEBUG org.asynchttpclient.netty.handler.HttpHandler - 

Request DefaultFullHttpRequest(decodeResult: success, version: HTTP/1.1, content: EmptyByteBufBE)
GET /session/48fa15187c4a1521780ac76fdb829378/element/6538f54c-7b0b-4611-8704-e1d17320e693/name HTTP/1.1
User-Agent: selenium/4.8.1 (java windows)
Cache-Control: no-cache
Content-Type: application/json; charset=utf-8
host: localhost:28526
accept: */*

Response DefaultHttpResponse(decodeResult: success, version: HTTP/1.1)
HTTP/1.1 200 OK
Content-Length: 16
Content-Type: application/json; charset=utf-8
cache-control: no-cache

16:04:51.991 [AsyncHttpClient-1-6] DEBUG org.asynchttpclient.netty.channel.ChannelManager - Adding key: http://localhost:28526 for channel [id: 0x5103023c, L:/127.0.0.1:63662 - R:localhost/127.0.0.1:28526]
16:04:51.992 [Forwarding getElementTagName on session 48fa15187c4a1521780ac76fdb829378 to remote] DEBUG org.asynchttpclient.netty.request.NettyRequestSender - Using pooled Channel '[id: 0x5103023c, L:/127.0.0.1:63662 - R:localhost/127.0.0.1:28526]' for 'GET' to 'http://localhost:28526/session/48fa15187c4a1521780ac76fdb829378/element/6538f54c-7b0b-4611-8704-e1d17320e693/name'
16:04:51.992 [Forwarding getElementTagName on session 48fa15187c4a1521780ac76fdb829378 to remote] DEBUG org.asynchttpclient.netty.request.NettyRequestSender - Using open Channel [id: 0x5103023c, L:/127.0.0.1:63662 - R:localhost/127.0.0.1:28526] for GET '/session/48fa15187c4a1521780ac76fdb829378/element/6538f54c-7b0b-4611-8704-e1d17320e693/name'
16:04:51.995 [AsyncHttpClient-1-6] DEBUG org.asynchttpclient.netty.handler.HttpHandler - 

Request DefaultFullHttpRequest(decodeResult: success, version: HTTP/1.1, content: EmptyByteBufBE)
GET /session/48fa15187c4a1521780ac76fdb829378/element/6538f54c-7b0b-4611-8704-e1d17320e693/name HTTP/1.1
User-Agent: selenium/4.8.1 (java windows)
Cache-Control: no-cache
Content-Type: application/json; charset=utf-8
host: localhost:28526
accept: */*

Response DefaultHttpResponse(decodeResult: success, version: HTTP/1.1)
HTTP/1.1 200 OK
Content-Length: 16
Content-Type: application/json; charset=utf-8
cache-control: no-cache

16:04:51.995 [AsyncHttpClient-1-6] DEBUG org.asynchttpclient.netty.channel.ChannelManager - Adding key: http://localhost:28526 for channel [id: 0x5103023c, L:/127.0.0.1:63662 - R:localhost/127.0.0.1:28526]
16:04:51.996 [Forwarding findElement on session 48fa15187c4a1521780ac76fdb829378 to remote] DEBUG org.asynchttpclient.netty.request.NettyRequestSender - Using pooled Channel '[id: 0x5103023c, L:/127.0.0.1:63662 - R:localhost/127.0.0.1:28526]' for 'POST' to 'http://localhost:28526/session/48fa15187c4a1521780ac76fdb829378/element'
16:04:51.996 [Forwarding findElement on session 48fa15187c4a1521780ac76fdb829378 to remote] DEBUG org.asynchttpclient.netty.request.NettyRequestSender - Using open Channel [id: 0x5103023c, L:/127.0.0.1:63662 - R:localhost/127.0.0.1:28526] for POST '/session/48fa15187c4a1521780ac76fdb829378/element'
16:04:52.002 [AsyncHttpClient-1-6] DEBUG org.asynchttpclient.netty.handler.HttpHandler - 

Request DefaultHttpRequest(decodeResult: success, version: HTTP/1.1)
POST /session/48fa15187c4a1521780ac76fdb829378/element HTTP/1.1
User-Agent: selenium/4.8.1 (java windows)
Content-Length: 69
Content-Type: application/json; charset=utf-8
host: localhost:28526
accept: */*

Response DefaultHttpResponse(decodeResult: success, version: HTTP/1.1)
HTTP/1.1 200 OK
Content-Length: 88
Content-Type: application/json; charset=utf-8
cache-control: no-cache

16:04:52.002 [AsyncHttpClient-1-6] DEBUG org.asynchttpclient.netty.channel.ChannelManager - Adding key: http://localhost:28526 for channel [id: 0x5103023c, L:/127.0.0.1:63662 - R:localhost/127.0.0.1:28526]
16:04:52.003 [Forwarding clickElement on session 48fa15187c4a1521780ac76fdb829378 to remote] DEBUG org.asynchttpclient.netty.request.NettyRequestSender - Using pooled Channel '[id: 0x5103023c, L:/127.0.0.1:63662 - R:localhost/127.0.0.1:28526]' for 'POST' to 'http://localhost:28526/session/48fa15187c4a1521780ac76fdb829378/element/6538f54c-7b0b-4611-8704-e1d17320e693/click'
16:04:52.003 [Forwarding clickElement on session 48fa15187c4a1521780ac76fdb829378 to remote] DEBUG org.asynchttpclient.netty.request.NettyRequestSender - Using open Channel [id: 0x5103023c, L:/127.0.0.1:63662 - R:localhost/127.0.0.1:28526] for POST '/session/48fa15187c4a1521780ac76fdb829378/element/6538f54c-7b0b-4611-8704-e1d17320e693/click'
16:04:52.045 [AsyncHttpClient-1-6] DEBUG org.asynchttpclient.netty.handler.HttpHandler - 

Request DefaultHttpRequest(decodeResult: success, version: HTTP/1.1)
POST /session/48fa15187c4a1521780ac76fdb829378/element/6538f54c-7b0b-4611-8704-e1d17320e693/click HTTP/1.1
User-Agent: selenium/4.8.1 (java windows)
Content-Length: 50
Content-Type: application/json; charset=utf-8
host: localhost:28526
accept: */*

Response DefaultHttpResponse(decodeResult: success, version: HTTP/1.1)
HTTP/1.1 200 OK
Content-Length: 14
Content-Type: application/json; charset=utf-8
cache-control: no-cache

16:04:52.045 [AsyncHttpClient-1-6] DEBUG org.asynchttpclient.netty.channel.ChannelManager - Adding key: http://localhost:28526 for channel [id: 0x5103023c, L:/127.0.0.1:63662 - R:localhost/127.0.0.1:28526]
16:04:52.051 [Forwarding getAlertText on session 48fa15187c4a1521780ac76fdb829378 to remote] DEBUG org.asynchttpclient.netty.request.NettyRequestSender - Using pooled Channel '[id: 0x5103023c, L:/127.0.0.1:63662 - R:localhost/127.0.0.1:28526]' for 'GET' to 'http://localhost:28526/session/48fa15187c4a1521780ac76fdb829378/alert/text'
16:04:52.051 [Forwarding getAlertText on session 48fa15187c4a1521780ac76fdb829378 to remote] DEBUG org.asynchttpclient.netty.request.NettyRequestSender - Using open Channel [id: 0x5103023c, L:/127.0.0.1:63662 - R:localhost/127.0.0.1:28526] for GET '/session/48fa15187c4a1521780ac76fdb829378/alert/text'
16:04:52.060 [AsyncHttpClient-1-6] DEBUG org.asynchttpclient.netty.handler.HttpHandler - 

Request DefaultFullHttpRequest(decodeResult: success, version: HTTP/1.1, content: EmptyByteBufBE)
GET /session/48fa15187c4a1521780ac76fdb829378/alert/text HTTP/1.1
User-Agent: selenium/4.8.1 (java windows)
Cache-Control: no-cache
Content-Type: application/json; charset=utf-8
host: localhost:28526
accept: */*

Response DefaultHttpResponse(decodeResult: success, version: HTTP/1.1)
HTTP/1.1 404 Not Found
Content-Length: 848
Content-Type: application/json; charset=utf-8
cache-control: no-cache

16:04:52.060 [AsyncHttpClient-1-6] DEBUG org.asynchttpclient.netty.channel.ChannelManager - Adding key: http://localhost:28526 for channel [id: 0x5103023c, L:/127.0.0.1:63662 - R:localhost/127.0.0.1:28526]
16:04:52.062 [Forwarding getCurrentUrl on session 48fa15187c4a1521780ac76fdb829378 to remote] DEBUG org.asynchttpclient.netty.request.NettyRequestSender - Using pooled Channel '[id: 0x5103023c, L:/127.0.0.1:63662 - R:localhost/127.0.0.1:28526]' for 'GET' to 'http://localhost:28526/session/48fa15187c4a1521780ac76fdb829378/url'
16:04:52.062 [Forwarding getCurrentUrl on session 48fa15187c4a1521780ac76fdb829378 to remote] DEBUG org.asynchttpclient.netty.request.NettyRequestSender - Using open Channel [id: 0x5103023c, L:/127.0.0.1:63662 - R:localhost/127.0.0.1:28526] for GET '/session/48fa15187c4a1521780ac76fdb829378/url'
16:04:52.066 [AsyncHttpClient-1-6] DEBUG org.asynchttpclient.netty.handler.HttpHandler - 

Request DefaultFullHttpRequest(decodeResult: success, version: HTTP/1.1, content: EmptyByteBufBE)
GET /session/48fa15187c4a1521780ac76fdb829378/url HTTP/1.1
User-Agent: selenium/4.8.1 (java windows)
Cache-Control: no-cache
Content-Type: application/json; charset=utf-8
host: localhost:28526
accept: */*

Response DefaultHttpResponse(decodeResult: success, version: HTTP/1.1)
HTTP/1.1 200 OK
Content-Length: 51
Content-Type: application/json; charset=utf-8
cache-control: no-cache

16:04:52.066 [AsyncHttpClient-1-6] DEBUG org.asynchttpclient.netty.channel.ChannelManager - Adding key: http://localhost:28526 for channel [id: 0x5103023c, L:/127.0.0.1:63662 - R:localhost/127.0.0.1:28526]
16:04:52.067 [Forwarding screenshot on session 48fa15187c4a1521780ac76fdb829378 to remote] DEBUG org.asynchttpclient.netty.request.NettyRequestSender - Using pooled Channel '[id: 0x5103023c, L:/127.0.0.1:63662 - R:localhost/127.0.0.1:28526]' for 'GET' to 'http://localhost:28526/session/48fa15187c4a1521780ac76fdb829378/screenshot'
16:04:52.067 [Forwarding screenshot on session 48fa15187c4a1521780ac76fdb829378 to remote] DEBUG org.asynchttpclient.netty.request.NettyRequestSender - Using open Channel [id: 0x5103023c, L:/127.0.0.1:63662 - R:localhost/127.0.0.1:28526] for GET '/session/48fa15187c4a1521780ac76fdb829378/screenshot'
16:04:52.144 [AsyncHttpClient-1-6] DEBUG org.asynchttpclient.netty.handler.HttpHandler - 

Request DefaultFullHttpRequest(decodeResult: success, version: HTTP/1.1, content: EmptyByteBufBE)
GET /session/48fa15187c4a1521780ac76fdb829378/screenshot HTTP/1.1
User-Agent: selenium/4.8.1 (java windows)
Cache-Control: no-cache
Content-Type: application/json; charset=utf-8
host: localhost:28526
accept: */*

Response DefaultHttpResponse(decodeResult: success, version: HTTP/1.1)
HTTP/1.1 200 OK
Content-Length: 30728
Content-Type: application/json; charset=utf-8
cache-control: no-cache

16:04:52.145 [AsyncHttpClient-1-6] DEBUG org.asynchttpclient.netty.channel.ChannelManager - Adding key: http://localhost:28526 for channel [id: 0x5103023c, L:/127.0.0.1:63662 - R:localhost/127.0.0.1:28526]
16:04:52.146 [main] DEBUG net.serenitybdd.core.photography.Darkroom - Send negative for processing for target\site\serenity\cb8a29ebfecb49a4691f7d4e92c673dbcb9345a7bb8af3be8dc8785cead84729.png
16:04:52.146 [main] DEBUG net.thucydides.core.steps.StepInterceptor - STEP DONE: click button login
16:04:52.146 [Darkroom Processing Line] DEBUG net.serenitybdd.core.photography.DarkroomProcessingLine - Processing screenshot image in /var/screenshots/screenshot-1503603387355550622
16:04:52.146 [Darkroom Processing Line] DEBUG net.serenitybdd.core.photography.DarkroomProcessingLine - Saving screenshot to target\site\serenity\cb8a29ebfecb49a4691f7d4e92c673dbcb9345a7bb8af3be8dc8785cead84729.png
16:04:52.150 [main] DEBUG net.thucydides.core.steps.StepInterceptor - STARTING STEP: LoginStep.userSuccessLogin - user can see product homepage
16:04:52.153 [Forwarding findElement on session 48fa15187c4a1521780ac76fdb829378 to remote] DEBUG org.asynchttpclient.netty.request.NettyRequestSender - Using pooled Channel '[id: 0x5103023c, L:/127.0.0.1:63662 - R:localhost/127.0.0.1:28526]' for 'POST' to 'http://localhost:28526/session/48fa15187c4a1521780ac76fdb829378/element'
16:04:52.153 [Forwarding findElement on session 48fa15187c4a1521780ac76fdb829378 to remote] DEBUG org.asynchttpclient.netty.request.NettyRequestSender - Using open Channel [id: 0x5103023c, L:/127.0.0.1:63662 - R:localhost/127.0.0.1:28526] for POST '/session/48fa15187c4a1521780ac76fdb829378/element'
16:04:52.165 [AsyncHttpClient-1-6] DEBUG org.asynchttpclient.netty.handler.HttpHandler - 

Request DefaultHttpRequest(decodeResult: success, version: HTTP/1.1)
POST /session/48fa15187c4a1521780ac76fdb829378/element HTTP/1.1
User-Agent: selenium/4.8.1 (java windows)
Content-Length: 75
Content-Type: application/json; charset=utf-8
host: localhost:28526
accept: */*

Response DefaultHttpResponse(decodeResult: success, version: HTTP/1.1)
HTTP/1.1 200 OK
Content-Length: 88
Content-Type: application/json; charset=utf-8
cache-control: no-cache

16:04:52.165 [AsyncHttpClient-1-6] DEBUG org.asynchttpclient.netty.channel.ChannelManager - Adding key: http://localhost:28526 for channel [id: 0x5103023c, L:/127.0.0.1:63662 - R:localhost/127.0.0.1:28526]
16:04:52.167 [Forwarding isElementDisplayed on session 48fa15187c4a1521780ac76fdb829378 to remote] DEBUG org.asynchttpclient.netty.request.NettyRequestSender - Using pooled Channel '[id: 0x5103023c, L:/127.0.0.1:63662 - R:localhost/127.0.0.1:28526]' for 'POST' to 'http://localhost:28526/session/48fa15187c4a1521780ac76fdb829378/execute/sync'
16:04:52.167 [Forwarding isElementDisplayed on session 48fa15187c4a1521780ac76fdb829378 to remote] DEBUG org.asynchttpclient.netty.request.NettyRequestSender - Using open Channel [id: 0x5103023c, L:/127.0.0.1:63662 - R:localhost/127.0.0.1:28526] for POST '/session/48fa15187c4a1521780ac76fdb829378/execute/sync'
16:04:52.178 [AsyncHttpClient-1-1] DEBUG org.asynchttpclient.netty.channel.DefaultChannelPool - Entry count for : http://localhost:63663 : 1
16:04:52.180 [AsyncHttpClient-1-6] DEBUG org.asynchttpclient.netty.handler.HttpHandler - 

Request DefaultHttpRequest(decodeResult: success, version: HTTP/1.1)
POST /session/48fa15187c4a1521780ac76fdb829378/execute/sync HTTP/1.1
User-Agent: selenium/4.8.1 (java windows)
Content-Length: 48807
Content-Type: application/json; charset=utf-8
host: localhost:28526
accept: */*

Response DefaultHttpResponse(decodeResult: success, version: HTTP/1.1)
HTTP/1.1 200 OK
Content-Length: 14
Content-Type: application/json; charset=utf-8
cache-control: no-cache

16:04:52.181 [AsyncHttpClient-1-6] DEBUG org.asynchttpclient.netty.channel.ChannelManager - Adding key: http://localhost:28526 for channel [id: 0x5103023c, L:/127.0.0.1:63662 - R:localhost/127.0.0.1:28526]
16:04:52.184 [main] DEBUG net.thucydides.core.steps.StepInterceptor - STEP DONE: user can see product homepage
  &amp#27;[32mGiven &amp#27;[0m&amp#27;[32muser success login&amp#27;[0m                             &amp#27;[90m# starter.stepdefinition.LoginStep.userSuccessLogin()&amp#27;[0m
16:04:52.200 [main] DEBUG net.thucydides.core.steps.StepInterceptor - STARTING STEP: ProductStep.userClickButtonDetail - user click button Detail
16:04:52.203 [Forwarding findElement on session 48fa15187c4a1521780ac76fdb829378 to remote] DEBUG org.asynchttpclient.netty.request.NettyRequestSender - Using pooled Channel '[id: 0x5103023c, L:/127.0.0.1:63662 - R:localhost/127.0.0.1:28526]' for 'POST' to 'http://localhost:28526/session/48fa15187c4a1521780ac76fdb829378/element'
16:04:52.203 [Forwarding findElement on session 48fa15187c4a1521780ac76fdb829378 to remote] DEBUG org.asynchttpclient.netty.request.NettyRequestSender - Using open Channel [id: 0x5103023c, L:/127.0.0.1:63662 - R:localhost/127.0.0.1:28526] for POST '/session/48fa15187c4a1521780ac76fdb829378/element'
16:04:53.277 [AsyncHttpClient-1-1] DEBUG org.asynchttpclient.netty.channel.DefaultChannelPool - Entry count for : http://localhost:63663 : 1
16:04:54.377 [AsyncHttpClient-1-1] DEBUG org.asynchttpclient.netty.channel.DefaultChannelPool - Entry count for : http://localhost:63663 : 1
16:04:55.490 [AsyncHttpClient-1-1] DEBUG org.asynchttpclient.netty.channel.DefaultChannelPool - Entry count for : http://localhost:63663 : 1
16:04:55.508 [AsyncHttpClient-1-6] DEBUG org.asynchttpclient.netty.handler.HttpHandler - 

Request DefaultHttpRequest(decodeResult: success, version: HTTP/1.1)
POST /session/48fa15187c4a1521780ac76fdb829378/element HTTP/1.1
User-Agent: selenium/4.8.1 (java windows)
Content-Length: 98
Content-Type: application/json; charset=utf-8
host: localhost:28526
accept: */*

Response DefaultHttpResponse(decodeResult: success, version: HTTP/1.1)
HTTP/1.1 200 OK
Content-Length: 88
Content-Type: application/json; charset=utf-8
cache-control: no-cache

16:04:55.508 [AsyncHttpClient-1-6] DEBUG org.asynchttpclient.netty.channel.ChannelManager - Adding key: http://localhost:28526 for channel [id: 0x5103023c, L:/127.0.0.1:63662 - R:localhost/127.0.0.1:28526]
16:04:55.509 [Forwarding getElementTagName on session 48fa15187c4a1521780ac76fdb829378 to remote] DEBUG org.asynchttpclient.netty.request.NettyRequestSender - Using pooled Channel '[id: 0x5103023c, L:/127.0.0.1:63662 - R:localhost/127.0.0.1:28526]' for 'GET' to 'http://localhost:28526/session/48fa15187c4a1521780ac76fdb829378/element/ef5a2168-6dbd-4728-9815-4f1ec48b0e1a/name'
16:04:55.509 [Forwarding getElementTagName on session 48fa15187c4a1521780ac76fdb829378 to remote] DEBUG org.asynchttpclient.netty.request.NettyRequestSender - Using open Channel [id: 0x5103023c, L:/127.0.0.1:63662 - R:localhost/127.0.0.1:28526] for GET '/session/48fa15187c4a1521780ac76fdb829378/element/ef5a2168-6dbd-4728-9815-4f1ec48b0e1a/name'
16:04:55.513 [AsyncHttpClient-1-6] DEBUG org.asynchttpclient.netty.handler.HttpHandler - 

Request DefaultFullHttpRequest(decodeResult: success, version: HTTP/1.1, content: EmptyByteBufBE)
GET /session/48fa15187c4a1521780ac76fdb829378/element/ef5a2168-6dbd-4728-9815-4f1ec48b0e1a/name HTTP/1.1
User-Agent: selenium/4.8.1 (java windows)
Cache-Control: no-cache
Content-Type: application/json; charset=utf-8
host: localhost:28526
accept: */*

Response DefaultHttpResponse(decodeResult: success, version: HTTP/1.1)
HTTP/1.1 200 OK
Content-Length: 16
Content-Type: application/json; charset=utf-8
cache-control: no-cache

16:04:55.513 [AsyncHttpClient-1-6] DEBUG org.asynchttpclient.netty.channel.ChannelManager - Adding key: http://localhost:28526 for channel [id: 0x5103023c, L:/127.0.0.1:63662 - R:localhost/127.0.0.1:28526]
16:04:55.514 [Forwarding getElementTagName on session 48fa15187c4a1521780ac76fdb829378 to remote] DEBUG org.asynchttpclient.netty.request.NettyRequestSender - Using pooled Channel '[id: 0x5103023c, L:/127.0.0.1:63662 - R:localhost/127.0.0.1:28526]' for 'GET' to 'http://localhost:28526/session/48fa15187c4a1521780ac76fdb829378/element/ef5a2168-6dbd-4728-9815-4f1ec48b0e1a/name'
16:04:55.514 [Forwarding getElementTagName on session 48fa15187c4a1521780ac76fdb829378 to remote] DEBUG org.asynchttpclient.netty.request.NettyRequestSender - Using open Channel [id: 0x5103023c, L:/127.0.0.1:63662 - R:localhost/127.0.0.1:28526] for GET '/session/48fa15187c4a1521780ac76fdb829378/element/ef5a2168-6dbd-4728-9815-4f1ec48b0e1a/name'
16:04:55.517 [AsyncHttpClient-1-6] DEBUG org.asynchttpclient.netty.handler.HttpHandler - 

Request DefaultFullHttpRequest(decodeResult: success, version: HTTP/1.1, content: EmptyByteBufBE)
GET /session/48fa15187c4a1521780ac76fdb829378/element/ef5a2168-6dbd-4728-9815-4f1ec48b0e1a/name HTTP/1.1
User-Agent: selenium/4.8.1 (java windows)
Cache-Control: no-cache
Content-Type: application/json; charset=utf-8
host: localhost:28526
accept: */*

Response DefaultHttpResponse(decodeResult: success, version: HTTP/1.1)
HTTP/1.1 200 OK
Content-Length: 16
Content-Type: application/json; charset=utf-8
cache-control: no-cache

16:04:55.517 [AsyncHttpClient-1-6] DEBUG org.asynchttpclient.netty.channel.ChannelManager - Adding key: http://localhost:28526 for channel [id: 0x5103023c, L:/127.0.0.1:63662 - R:localhost/127.0.0.1:28526]
16:04:55.518 [Forwarding findElement on session 48fa15187c4a1521780ac76fdb829378 to remote] DEBUG org.asynchttpclient.netty.request.NettyRequestSender - Using pooled Channel '[id: 0x5103023c, L:/127.0.0.1:63662 - R:localhost/127.0.0.1:28526]' for 'POST' to 'http://localhost:28526/session/48fa15187c4a1521780ac76fdb829378/element'
16:04:55.518 [Forwarding findElement on session 48fa15187c4a1521780ac76fdb829378 to remote] DEBUG org.asynchttpclient.netty.request.NettyRequestSender - Using open Channel [id: 0x5103023c, L:/127.0.0.1:63662 - R:localhost/127.0.0.1:28526] for POST '/session/48fa15187c4a1521780ac76fdb829378/element'
16:04:55.530 [AsyncHttpClient-1-6] DEBUG org.asynchttpclient.netty.handler.HttpHandler - 

Request DefaultHttpRequest(decodeResult: success, version: HTTP/1.1)
POST /session/48fa15187c4a1521780ac76fdb829378/element HTTP/1.1
User-Agent: selenium/4.8.1 (java windows)
Content-Length: 98
Content-Type: application/json; charset=utf-8
host: localhost:28526
accept: */*

Response DefaultHttpResponse(decodeResult: success, version: HTTP/1.1)
HTTP/1.1 200 OK
Content-Length: 88
Content-Type: application/json; charset=utf-8
cache-control: no-cache

16:04:55.530 [AsyncHttpClient-1-6] DEBUG org.asynchttpclient.netty.channel.ChannelManager - Adding key: http://localhost:28526 for channel [id: 0x5103023c, L:/127.0.0.1:63662 - R:localhost/127.0.0.1:28526]
16:04:55.531 [Forwarding clickElement on session 48fa15187c4a1521780ac76fdb829378 to remote] DEBUG org.asynchttpclient.netty.request.NettyRequestSender - Using pooled Channel '[id: 0x5103023c, L:/127.0.0.1:63662 - R:localhost/127.0.0.1:28526]' for 'POST' to 'http://localhost:28526/session/48fa15187c4a1521780ac76fdb829378/element/ef5a2168-6dbd-4728-9815-4f1ec48b0e1a/click'
16:04:55.531 [Forwarding clickElement on session 48fa15187c4a1521780ac76fdb829378 to remote] DEBUG org.asynchttpclient.netty.request.NettyRequestSender - Using open Channel [id: 0x5103023c, L:/127.0.0.1:63662 - R:localhost/127.0.0.1:28526] for POST '/session/48fa15187c4a1521780ac76fdb829378/element/ef5a2168-6dbd-4728-9815-4f1ec48b0e1a/click'
16:04:55.666 [AsyncHttpClient-1-6] DEBUG org.asynchttpclient.netty.handler.HttpHandler - 

Request DefaultHttpRequest(decodeResult: success, version: HTTP/1.1)
POST /session/48fa15187c4a1521780ac76fdb829378/element/ef5a2168-6dbd-4728-9815-4f1ec48b0e1a/click HTTP/1.1
User-Agent: selenium/4.8.1 (java windows)
Content-Length: 50
Content-Type: application/json; charset=utf-8
host: localhost:28526
accept: */*

Response DefaultHttpResponse(decodeResult: success, version: HTTP/1.1)
HTTP/1.1 200 OK
Content-Length: 14
Content-Type: application/json; charset=utf-8
cache-control: no-cache

16:04:55.666 [AsyncHttpClient-1-6] DEBUG org.asynchttpclient.netty.channel.ChannelManager - Adding key: http://localhost:28526 for channel [id: 0x5103023c, L:/127.0.0.1:63662 - R:localhost/127.0.0.1:28526]
16:04:55.675 [Forwarding getAlertText on session 48fa15187c4a1521780ac76fdb829378 to remote] DEBUG org.asynchttpclient.netty.request.NettyRequestSender - Using pooled Channel '[id: 0x5103023c, L:/127.0.0.1:63662 - R:localhost/127.0.0.1:28526]' for 'GET' to 'http://localhost:28526/session/48fa15187c4a1521780ac76fdb829378/alert/text'
16:04:55.675 [Forwarding getAlertText on session 48fa15187c4a1521780ac76fdb829378 to remote] DEBUG org.asynchttpclient.netty.request.NettyRequestSender - Using open Channel [id: 0x5103023c, L:/127.0.0.1:63662 - R:localhost/127.0.0.1:28526] for GET '/session/48fa15187c4a1521780ac76fdb829378/alert/text'
16:04:55.862 [AsyncHttpClient-1-6] DEBUG org.asynchttpclient.netty.handler.HttpHandler - 

Request DefaultFullHttpRequest(decodeResult: success, version: HTTP/1.1, content: EmptyByteBufBE)
GET /session/48fa15187c4a1521780ac76fdb829378/alert/text HTTP/1.1
User-Agent: selenium/4.8.1 (java windows)
Cache-Control: no-cache
Content-Type: application/json; charset=utf-8
host: localhost:28526
accept: */*

Response DefaultHttpResponse(decodeResult: success, version: HTTP/1.1)
HTTP/1.1 404 Not Found
Content-Length: 848
Content-Type: application/json; charset=utf-8
cache-control: no-cache

16:04:55.862 [AsyncHttpClient-1-6] DEBUG org.asynchttpclient.netty.channel.ChannelManager - Adding key: http://localhost:28526 for channel [id: 0x5103023c, L:/127.0.0.1:63662 - R:localhost/127.0.0.1:28526]
16:04:55.864 [Forwarding getCurrentUrl on session 48fa15187c4a1521780ac76fdb829378 to remote] DEBUG org.asynchttpclient.netty.request.NettyRequestSender - Using pooled Channel '[id: 0x5103023c, L:/127.0.0.1:63662 - R:localhost/127.0.0.1:28526]' for 'GET' to 'http://localhost:28526/session/48fa15187c4a1521780ac76fdb829378/url'
16:04:55.864 [Forwarding getCurrentUrl on session 48fa15187c4a1521780ac76fdb829378 to remote] DEBUG org.asynchttpclient.netty.request.NettyRequestSender - Using open Channel [id: 0x5103023c, L:/127.0.0.1:63662 - R:localhost/127.0.0.1:28526] for GET '/session/48fa15187c4a1521780ac76fdb829378/url'
16:04:55.869 [AsyncHttpClient-1-6] DEBUG org.asynchttpclient.netty.handler.HttpHandler - 

Request DefaultFullHttpRequest(decodeResult: success, version: HTTP/1.1, content: EmptyByteBufBE)
GET /session/48fa15187c4a1521780ac76fdb829378/url HTTP/1.1
User-Agent: selenium/4.8.1 (java windows)
Cache-Control: no-cache
Content-Type: application/json; charset=utf-8
host: localhost:28526
accept: */*

Response DefaultHttpResponse(decodeResult: success, version: HTTP/1.1)
HTTP/1.1 200 OK
Content-Length: 55
Content-Type: application/json; charset=utf-8
cache-control: no-cache

16:04:55.869 [AsyncHttpClient-1-6] DEBUG org.asynchttpclient.netty.channel.ChannelManager - Adding key: http://localhost:28526 for channel [id: 0x5103023c, L:/127.0.0.1:63662 - R:localhost/127.0.0.1:28526]
16:04:55.871 [Forwarding screenshot on session 48fa15187c4a1521780ac76fdb829378 to remote] DEBUG org.asynchttpclient.netty.request.NettyRequestSender - Using pooled Channel '[id: 0x5103023c, L:/127.0.0.1:63662 - R:localhost/127.0.0.1:28526]' for 'GET' to 'http://localhost:28526/session/48fa15187c4a1521780ac76fdb829378/screenshot'
16:04:55.871 [Forwarding screenshot on session 48fa15187c4a1521780ac76fdb829378 to remote] DEBUG org.asynchttpclient.netty.request.NettyRequestSender - Using open Channel [id: 0x5103023c, L:/127.0.0.1:63662 - R:localhost/127.0.0.1:28526] for GET '/session/48fa15187c4a1521780ac76fdb829378/screenshot'
16:04:55.994 [AsyncHttpClient-1-6] DEBUG org.asynchttpclient.netty.handler.HttpHandler - 

Request DefaultFullHttpRequest(decodeResult: success, version: HTTP/1.1, content: EmptyByteBufBE)
GET /session/48fa15187c4a1521780ac76fdb829378/screenshot HTTP/1.1
User-Agent: selenium/4.8.1 (java windows)
Cache-Control: no-cache
Content-Type: application/json; charset=utf-8
host: localhost:28526
accept: */*

Response DefaultHttpResponse(decodeResult: success, version: HTTP/1.1)
HTTP/1.1 200 OK
Content-Length: 14740
Content-Type: application/json; charset=utf-8
cache-control: no-cache

16:04:55.994 [AsyncHttpClient-1-6] DEBUG org.asynchttpclient.netty.channel.ChannelManager - Adding key: http://localhost:28526 for channel [id: 0x5103023c, L:/127.0.0.1:63662 - R:localhost/127.0.0.1:28526]
16:04:55.995 [main] DEBUG net.serenitybdd.core.photography.Darkroom - Send negative for processing for target\site\serenity\e5b63d28673e6279c81601e2aa3a2c3f2ee804d9f4535237b430c68f6dc8cf01.png
16:04:55.995 [main] DEBUG net.thucydides.core.steps.StepInterceptor - STEP DONE: user click button Detail
  &amp#27;[32mWhen &amp#27;[0m&amp#27;[32muser click button Detail&amp#27;[0m                        &amp#27;[90m# starter.stepdefinition.ProductStep.userClickButtonDetail()&amp#27;[0m
16:04:56.005 [main] DEBUG net.thucydides.core.steps.StepInterceptor - STARTING STEP: ProductStep.userFillsProductRating - user fills product rating
16:04:56.007 [Forwarding findElement on session 48fa15187c4a1521780ac76fdb829378 to remote] DEBUG org.asynchttpclient.netty.request.NettyRequestSender - Using pooled Channel '[id: 0x5103023c, L:/127.0.0.1:63662 - R:localhost/127.0.0.1:28526]' for 'POST' to 'http://localhost:28526/session/48fa15187c4a1521780ac76fdb829378/element'
16:04:56.007 [Forwarding findElement on session 48fa15187c4a1521780ac76fdb829378 to remote] DEBUG org.asynchttpclient.netty.request.NettyRequestSender - Using open Channel [id: 0x5103023c, L:/127.0.0.1:63662 - R:localhost/127.0.0.1:28526] for POST '/session/48fa15187c4a1521780ac76fdb829378/element'
16:04:56.184 [AsyncHttpClient-1-6] DEBUG org.asynchttpclient.netty.handler.HttpHandler - 

Request DefaultHttpRequest(decodeResult: success, version: HTTP/1.1)
POST /session/48fa15187c4a1521780ac76fdb829378/element HTTP/1.1
User-Agent: selenium/4.8.1 (java windows)
Content-Length: 84
Content-Type: application/json; charset=utf-8
host: localhost:28526
accept: */*

Response DefaultHttpResponse(decodeResult: success, version: HTTP/1.1)
HTTP/1.1 200 OK
Content-Length: 88
Content-Type: application/json; charset=utf-8
cache-control: no-cache

16:04:56.184 [AsyncHttpClient-1-6] DEBUG org.asynchttpclient.netty.channel.ChannelManager - Adding key: http://localhost:28526 for channel [id: 0x5103023c, L:/127.0.0.1:63662 - R:localhost/127.0.0.1:28526]
16:04:56.187 [Forwarding getElementTagName on session 48fa15187c4a1521780ac76fdb829378 to remote] DEBUG org.asynchttpclient.netty.request.NettyRequestSender - Using pooled Channel '[id: 0x5103023c, L:/127.0.0.1:63662 - R:localhost/127.0.0.1:28526]' for 'GET' to 'http://localhost:28526/session/48fa15187c4a1521780ac76fdb829378/element/a9c2800b-c972-44bb-a3eb-ce486b8a47f8/name'
16:04:56.187 [Forwarding getElementTagName on session 48fa15187c4a1521780ac76fdb829378 to remote] DEBUG org.asynchttpclient.netty.request.NettyRequestSender - Using open Channel [id: 0x5103023c, L:/127.0.0.1:63662 - R:localhost/127.0.0.1:28526] for GET '/session/48fa15187c4a1521780ac76fdb829378/element/a9c2800b-c972-44bb-a3eb-ce486b8a47f8/name'
16:04:56.191 [AsyncHttpClient-1-6] DEBUG org.asynchttpclient.netty.handler.HttpHandler - 

Request DefaultFullHttpRequest(decodeResult: success, version: HTTP/1.1, content: EmptyByteBufBE)
GET /session/48fa15187c4a1521780ac76fdb829378/element/a9c2800b-c972-44bb-a3eb-ce486b8a47f8/name HTTP/1.1
User-Agent: selenium/4.8.1 (java windows)
Cache-Control: no-cache
Content-Type: application/json; charset=utf-8
host: localhost:28526
accept: */*

Response DefaultHttpResponse(decodeResult: success, version: HTTP/1.1)
HTTP/1.1 200 OK
Content-Length: 18
Content-Type: application/json; charset=utf-8
cache-control: no-cache

16:04:56.191 [AsyncHttpClient-1-6] DEBUG org.asynchttpclient.netty.channel.ChannelManager - Adding key: http://localhost:28526 for channel [id: 0x5103023c, L:/127.0.0.1:63662 - R:localhost/127.0.0.1:28526]
16:04:56.192 [Forwarding getElementTagName on session 48fa15187c4a1521780ac76fdb829378 to remote] DEBUG org.asynchttpclient.netty.request.NettyRequestSender - Using pooled Channel '[id: 0x5103023c, L:/127.0.0.1:63662 - R:localhost/127.0.0.1:28526]' for 'GET' to 'http://localhost:28526/session/48fa15187c4a1521780ac76fdb829378/element/a9c2800b-c972-44bb-a3eb-ce486b8a47f8/name'
16:04:56.192 [Forwarding getElementTagName on session 48fa15187c4a1521780ac76fdb829378 to remote] DEBUG org.asynchttpclient.netty.request.NettyRequestSender - Using open Channel [id: 0x5103023c, L:/127.0.0.1:63662 - R:localhost/127.0.0.1:28526] for GET '/session/48fa15187c4a1521780ac76fdb829378/element/a9c2800b-c972-44bb-a3eb-ce486b8a47f8/name'
16:04:56.195 [AsyncHttpClient-1-6] DEBUG org.asynchttpclient.netty.handler.HttpHandler - 

Request DefaultFullHttpRequest(decodeResult: success, version: HTTP/1.1, content: EmptyByteBufBE)
GET /session/48fa15187c4a1521780ac76fdb829378/element/a9c2800b-c972-44bb-a3eb-ce486b8a47f8/name HTTP/1.1
User-Agent: selenium/4.8.1 (java windows)
Cache-Control: no-cache
Content-Type: application/json; charset=utf-8
host: localhost:28526
accept: */*

Response DefaultHttpResponse(decodeResult: success, version: HTTP/1.1)
HTTP/1.1 200 OK
Content-Length: 18
Content-Type: application/json; charset=utf-8
cache-control: no-cache

16:04:56.195 [AsyncHttpClient-1-6] DEBUG org.asynchttpclient.netty.channel.ChannelManager - Adding key: http://localhost:28526 for channel [id: 0x5103023c, L:/127.0.0.1:63662 - R:localhost/127.0.0.1:28526]
16:04:56.197 [Forwarding isElementEnabled on session 48fa15187c4a1521780ac76fdb829378 to remote] DEBUG org.asynchttpclient.netty.request.NettyRequestSender - Using pooled Channel '[id: 0x5103023c, L:/127.0.0.1:63662 - R:localhost/127.0.0.1:28526]' for 'GET' to 'http://localhost:28526/session/48fa15187c4a1521780ac76fdb829378/element/a9c2800b-c972-44bb-a3eb-ce486b8a47f8/enabled'
16:04:56.197 [Forwarding isElementEnabled on session 48fa15187c4a1521780ac76fdb829378 to remote] DEBUG org.asynchttpclient.netty.request.NettyRequestSender - Using open Channel [id: 0x5103023c, L:/127.0.0.1:63662 - R:localhost/127.0.0.1:28526] for GET '/session/48fa15187c4a1521780ac76fdb829378/element/a9c2800b-c972-44bb-a3eb-ce486b8a47f8/enabled'
16:04:56.207 [AsyncHttpClient-1-6] DEBUG org.asynchttpclient.netty.handler.HttpHandler - 

Request DefaultFullHttpRequest(decodeResult: success, version: HTTP/1.1, content: EmptyByteBufBE)
GET /session/48fa15187c4a1521780ac76fdb829378/element/a9c2800b-c972-44bb-a3eb-ce486b8a47f8/enabled HTTP/1.1
User-Agent: selenium/4.8.1 (java windows)
Cache-Control: no-cache
Content-Type: application/json; charset=utf-8
host: localhost:28526
accept: */*

Response DefaultHttpResponse(decodeResult: success, version: HTTP/1.1)
HTTP/1.1 200 OK
Content-Length: 14
Content-Type: application/json; charset=utf-8
cache-control: no-cache

16:04:56.207 [AsyncHttpClient-1-6] DEBUG org.asynchttpclient.netty.channel.ChannelManager - Adding key: http://localhost:28526 for channel [id: 0x5103023c, L:/127.0.0.1:63662 - R:localhost/127.0.0.1:28526]
16:04:56.208 [Forwarding isElementEnabled on session 48fa15187c4a1521780ac76fdb829378 to remote] DEBUG org.asynchttpclient.netty.request.NettyRequestSender - Using pooled Channel '[id: 0x5103023c, L:/127.0.0.1:63662 - R:localhost/127.0.0.1:28526]' for 'GET' to 'http://localhost:28526/session/48fa15187c4a1521780ac76fdb829378/element/a9c2800b-c972-44bb-a3eb-ce486b8a47f8/enabled'
16:04:56.208 [Forwarding isElementEnabled on session 48fa15187c4a1521780ac76fdb829378 to remote] DEBUG org.asynchttpclient.netty.request.NettyRequestSender - Using open Channel [id: 0x5103023c, L:/127.0.0.1:63662 - R:localhost/127.0.0.1:28526] for GET '/session/48fa15187c4a1521780ac76fdb829378/element/a9c2800b-c972-44bb-a3eb-ce486b8a47f8/enabled'
16:04:56.214 [AsyncHttpClient-1-6] DEBUG org.asynchttpclient.netty.handler.HttpHandler - 

Request DefaultFullHttpRequest(decodeResult: success, version: HTTP/1.1, content: EmptyByteBufBE)
GET /session/48fa15187c4a1521780ac76fdb829378/element/a9c2800b-c972-44bb-a3eb-ce486b8a47f8/enabled HTTP/1.1
User-Agent: selenium/4.8.1 (java windows)
Cache-Control: no-cache
Content-Type: application/json; charset=utf-8
host: localhost:28526
accept: */*

Response DefaultHttpResponse(decodeResult: success, version: HTTP/1.1)
HTTP/1.1 200 OK
Content-Length: 14
Content-Type: application/json; charset=utf-8
cache-control: no-cache

16:04:56.214 [AsyncHttpClient-1-6] DEBUG org.asynchttpclient.netty.channel.ChannelManager - Adding key: http://localhost:28526 for channel [id: 0x5103023c, L:/127.0.0.1:63662 - R:localhost/127.0.0.1:28526]
16:04:56.215 [Forwarding findElement on session 48fa15187c4a1521780ac76fdb829378 to remote] DEBUG org.asynchttpclient.netty.request.NettyRequestSender - Using pooled Channel '[id: 0x5103023c, L:/127.0.0.1:63662 - R:localhost/127.0.0.1:28526]' for 'POST' to 'http://localhost:28526/session/48fa15187c4a1521780ac76fdb829378/element'
16:04:56.215 [Forwarding findElement on session 48fa15187c4a1521780ac76fdb829378 to remote] DEBUG org.asynchttpclient.netty.request.NettyRequestSender - Using open Channel [id: 0x5103023c, L:/127.0.0.1:63662 - R:localhost/127.0.0.1:28526] for POST '/session/48fa15187c4a1521780ac76fdb829378/element'
16:04:56.223 [AsyncHttpClient-1-6] DEBUG org.asynchttpclient.netty.handler.HttpHandler - 

Request DefaultHttpRequest(decodeResult: success, version: HTTP/1.1)
POST /session/48fa15187c4a1521780ac76fdb829378/element HTTP/1.1
User-Agent: selenium/4.8.1 (java windows)
Content-Length: 84
Content-Type: application/json; charset=utf-8
host: localhost:28526
accept: */*

Response DefaultHttpResponse(decodeResult: success, version: HTTP/1.1)
HTTP/1.1 200 OK
Content-Length: 88
Content-Type: application/json; charset=utf-8
cache-control: no-cache

16:04:56.223 [AsyncHttpClient-1-6] DEBUG org.asynchttpclient.netty.channel.ChannelManager - Adding key: http://localhost:28526 for channel [id: 0x5103023c, L:/127.0.0.1:63662 - R:localhost/127.0.0.1:28526]
16:04:56.223 [Forwarding clickElement on session 48fa15187c4a1521780ac76fdb829378 to remote] DEBUG org.asynchttpclient.netty.request.NettyRequestSender - Using pooled Channel '[id: 0x5103023c, L:/127.0.0.1:63662 - R:localhost/127.0.0.1:28526]' for 'POST' to 'http://localhost:28526/session/48fa15187c4a1521780ac76fdb829378/element/a9c2800b-c972-44bb-a3eb-ce486b8a47f8/click'
16:04:56.223 [Forwarding clickElement on session 48fa15187c4a1521780ac76fdb829378 to remote] DEBUG org.asynchttpclient.netty.request.NettyRequestSender - Using open Channel [id: 0x5103023c, L:/127.0.0.1:63662 - R:localhost/127.0.0.1:28526] for POST '/session/48fa15187c4a1521780ac76fdb829378/element/a9c2800b-c972-44bb-a3eb-ce486b8a47f8/click'
16:04:56.262 [AsyncHttpClient-1-6] DEBUG org.asynchttpclient.netty.handler.HttpHandler - 

Request DefaultHttpRequest(decodeResult: success, version: HTTP/1.1)
POST /session/48fa15187c4a1521780ac76fdb829378/element/a9c2800b-c972-44bb-a3eb-ce486b8a47f8/click HTTP/1.1
User-Agent: selenium/4.8.1 (java windows)
Content-Length: 50
Content-Type: application/json; charset=utf-8
host: localhost:28526
accept: */*

Response DefaultHttpResponse(decodeResult: success, version: HTTP/1.1)
HTTP/1.1 200 OK
Content-Length: 14
Content-Type: application/json; charset=utf-8
cache-control: no-cache

16:04:56.262 [AsyncHttpClient-1-6] DEBUG org.asynchttpclient.netty.channel.ChannelManager - Adding key: http://localhost:28526 for channel [id: 0x5103023c, L:/127.0.0.1:63662 - R:localhost/127.0.0.1:28526]
16:04:56.272 [Forwarding getAlertText on session 48fa15187c4a1521780ac76fdb829378 to remote] DEBUG org.asynchttpclient.netty.request.NettyRequestSender - Using pooled Channel '[id: 0x5103023c, L:/127.0.0.1:63662 - R:localhost/127.0.0.1:28526]' for 'GET' to 'http://localhost:28526/session/48fa15187c4a1521780ac76fdb829378/alert/text'
16:04:56.272 [Forwarding getAlertText on session 48fa15187c4a1521780ac76fdb829378 to remote] DEBUG org.asynchttpclient.netty.request.NettyRequestSender - Using open Channel [id: 0x5103023c, L:/127.0.0.1:63662 - R:localhost/127.0.0.1:28526] for GET '/session/48fa15187c4a1521780ac76fdb829378/alert/text'
16:04:56.274 [AsyncHttpClient-1-6] DEBUG org.asynchttpclient.netty.handler.HttpHandler - 

Request DefaultFullHttpRequest(decodeResult: success, version: HTTP/1.1, content: EmptyByteBufBE)
GET /session/48fa15187c4a1521780ac76fdb829378/alert/text HTTP/1.1
User-Agent: selenium/4.8.1 (java windows)
Cache-Control: no-cache
Content-Type: application/json; charset=utf-8
host: localhost:28526
accept: */*

Response DefaultHttpResponse(decodeResult: success, version: HTTP/1.1)
HTTP/1.1 404 Not Found
Content-Length: 848
Content-Type: application/json; charset=utf-8
cache-control: no-cache

16:04:56.274 [AsyncHttpClient-1-6] DEBUG org.asynchttpclient.netty.channel.ChannelManager - Adding key: http://localhost:28526 for channel [id: 0x5103023c, L:/127.0.0.1:63662 - R:localhost/127.0.0.1:28526]
16:04:56.275 [Forwarding getCurrentUrl on session 48fa15187c4a1521780ac76fdb829378 to remote] DEBUG org.asynchttpclient.netty.request.NettyRequestSender - Using pooled Channel '[id: 0x5103023c, L:/127.0.0.1:63662 - R:localhost/127.0.0.1:28526]' for 'GET' to 'http://localhost:28526/session/48fa15187c4a1521780ac76fdb829378/url'
16:04:56.275 [Forwarding getCurrentUrl on session 48fa15187c4a1521780ac76fdb829378 to remote] DEBUG org.asynchttpclient.netty.request.NettyRequestSender - Using open Channel [id: 0x5103023c, L:/127.0.0.1:63662 - R:localhost/127.0.0.1:28526] for GET '/session/48fa15187c4a1521780ac76fdb829378/url'
16:04:56.280 [AsyncHttpClient-1-6] DEBUG org.asynchttpclient.netty.handler.HttpHandler - 

Request DefaultFullHttpRequest(decodeResult: success, version: HTTP/1.1, content: EmptyByteBufBE)
GET /session/48fa15187c4a1521780ac76fdb829378/url HTTP/1.1
User-Agent: selenium/4.8.1 (java windows)
Cache-Control: no-cache
Content-Type: application/json; charset=utf-8
host: localhost:28526
accept: */*

Response DefaultHttpResponse(decodeResult: success, version: HTTP/1.1)
HTTP/1.1 200 OK
Content-Length: 55
Content-Type: application/json; charset=utf-8
cache-control: no-cache

16:04:56.280 [AsyncHttpClient-1-6] DEBUG org.asynchttpclient.netty.channel.ChannelManager - Adding key: http://localhost:28526 for channel [id: 0x5103023c, L:/127.0.0.1:63662 - R:localhost/127.0.0.1:28526]
16:04:56.280 [Forwarding screenshot on session 48fa15187c4a1521780ac76fdb829378 to remote] DEBUG org.asynchttpclient.netty.request.NettyRequestSender - Using pooled Channel '[id: 0x5103023c, L:/127.0.0.1:63662 - R:localhost/127.0.0.1:28526]' for 'GET' to 'http://localhost:28526/session/48fa15187c4a1521780ac76fdb829378/screenshot'
16:04:56.280 [Forwarding screenshot on session 48fa15187c4a1521780ac76fdb829378 to remote] DEBUG org.asynchttpclient.netty.request.NettyRequestSender - Using open Channel [id: 0x5103023c, L:/127.0.0.1:63662 - R:localhost/127.0.0.1:28526] for GET '/session/48fa15187c4a1521780ac76fdb829378/screenshot'
16:04:56.406 [AsyncHttpClient-1-6] DEBUG org.asynchttpclient.netty.handler.HttpHandler - 

Request DefaultFullHttpRequest(decodeResult: success, version: HTTP/1.1, content: EmptyByteBufBE)
GET /session/48fa15187c4a1521780ac76fdb829378/screenshot HTTP/1.1
User-Agent: selenium/4.8.1 (java windows)
Cache-Control: no-cache
Content-Type: application/json; charset=utf-8
host: localhost:28526
accept: */*

Response DefaultHttpResponse(decodeResult: success, version: HTTP/1.1)
HTTP/1.1 200 OK
Content-Length: 14120
Content-Type: application/json; charset=utf-8
cache-control: no-cache

16:04:56.406 [AsyncHttpClient-1-6] DEBUG org.asynchttpclient.netty.channel.ChannelManager - Adding key: http://localhost:28526 for channel [id: 0x5103023c, L:/127.0.0.1:63662 - R:localhost/127.0.0.1:28526]
16:04:56.407 [main] DEBUG net.serenitybdd.core.photography.Darkroom - Send negative for processing for target\site\serenity\ac95a33a3fbf4f9f652f5d6b99cb4a2d7b53490309098e7c87ebd20684b0b710.png
16:04:56.408 [main] DEBUG net.thucydides.core.steps.StepInterceptor - STEP DONE: user fills product rating
  &amp#27;[32mAnd &amp#27;[0m&amp#27;[32muser fills product rating&amp#27;[0m                        &amp#27;[90m# starter.stepdefinition.ProductStep.userFillsProductRating()&amp#27;[0m
16:04:56.408 [Darkroom Processing Line] DEBUG net.serenitybdd.core.photography.DarkroomProcessingLine - Processing screenshot image in /var/screenshots/screenshot-2307236579199705401
16:04:56.408 [Darkroom Processing Line] DEBUG net.serenitybdd.core.photography.DarkroomProcessingLine - Saving screenshot to target\site\serenity\ac95a33a3fbf4f9f652f5d6b99cb4a2d7b53490309098e7c87ebd20684b0b710.png
16:04:56.417 [main] DEBUG net.thucydides.core.steps.StepInterceptor - STARTING STEP: ProductStep.userSuccessAddAProductRating - user success add a product rating
16:04:56.420 [Forwarding findElement on session 48fa15187c4a1521780ac76fdb829378 to remote] DEBUG org.asynchttpclient.netty.request.NettyRequestSender - Using pooled Channel '[id: 0x5103023c, L:/127.0.0.1:63662 - R:localhost/127.0.0.1:28526]' for 'POST' to 'http://localhost:28526/session/48fa15187c4a1521780ac76fdb829378/element'
16:04:56.420 [Forwarding findElement on session 48fa15187c4a1521780ac76fdb829378 to remote] DEBUG org.asynchttpclient.netty.request.NettyRequestSender - Using open Channel [id: 0x5103023c, L:/127.0.0.1:63662 - R:localhost/127.0.0.1:28526] for POST '/session/48fa15187c4a1521780ac76fdb829378/element'
16:04:56.547 [AsyncHttpClient-1-6] DEBUG org.asynchttpclient.netty.handler.HttpHandler - 

Request DefaultHttpRequest(decodeResult: success, version: HTTP/1.1)
POST /session/48fa15187c4a1521780ac76fdb829378/element HTTP/1.1
User-Agent: selenium/4.8.1 (java windows)
Content-Length: 87
Content-Type: application/json; charset=utf-8
host: localhost:28526
accept: */*

Response DefaultHttpResponse(decodeResult: success, version: HTTP/1.1)
HTTP/1.1 200 OK
Content-Length: 88
Content-Type: application/json; charset=utf-8
cache-control: no-cache

16:04:56.547 [AsyncHttpClient-1-6] DEBUG org.asynchttpclient.netty.channel.ChannelManager - Adding key: http://localhost:28526 for channel [id: 0x5103023c, L:/127.0.0.1:63662 - R:localhost/127.0.0.1:28526]
16:04:56.549 [Forwarding isElementDisplayed on session 48fa15187c4a1521780ac76fdb829378 to remote] DEBUG org.asynchttpclient.netty.request.NettyRequestSender - Using pooled Channel '[id: 0x5103023c, L:/127.0.0.1:63662 - R:localhost/127.0.0.1:28526]' for 'POST' to 'http://localhost:28526/session/48fa15187c4a1521780ac76fdb829378/execute/sync'
16:04:56.549 [Forwarding isElementDisplayed on session 48fa15187c4a1521780ac76fdb829378 to remote] DEBUG org.asynchttpclient.netty.request.NettyRequestSender - Using open Channel [id: 0x5103023c, L:/127.0.0.1:63662 - R:localhost/127.0.0.1:28526] for POST '/session/48fa15187c4a1521780ac76fdb829378/execute/sync'
16:04:56.560 [AsyncHttpClient-1-6] DEBUG org.asynchttpclient.netty.handler.HttpHandler - 

Request DefaultHttpRequest(decodeResult: success, version: HTTP/1.1)
POST /session/48fa15187c4a1521780ac76fdb829378/execute/sync HTTP/1.1
User-Agent: selenium/4.8.1 (java windows)
Content-Length: 48807
Content-Type: application/json; charset=utf-8
host: localhost:28526
accept: */*

Response DefaultHttpResponse(decodeResult: success, version: HTTP/1.1)
HTTP/1.1 200 OK
Content-Length: 14
Content-Type: application/json; charset=utf-8
cache-control: no-cache

16:04:56.560 [AsyncHttpClient-1-6] DEBUG org.asynchttpclient.netty.channel.ChannelManager - Adding key: http://localhost:28526 for channel [id: 0x5103023c, L:/127.0.0.1:63662 - R:localhost/127.0.0.1:28526]
16:04:56.563 [Forwarding getAlertText on session 48fa15187c4a1521780ac76fdb829378 to remote] DEBUG org.asynchttpclient.netty.request.NettyRequestSender - Using pooled Channel '[id: 0x5103023c, L:/127.0.0.1:63662 - R:localhost/127.0.0.1:28526]' for 'GET' to 'http://localhost:28526/session/48fa15187c4a1521780ac76fdb829378/alert/text'
16:04:56.563 [Forwarding getAlertText on session 48fa15187c4a1521780ac76fdb829378 to remote] DEBUG org.asynchttpclient.netty.request.NettyRequestSender - Using open Channel [id: 0x5103023c, L:/127.0.0.1:63662 - R:localhost/127.0.0.1:28526] for GET '/session/48fa15187c4a1521780ac76fdb829378/alert/text'
16:04:56.566 [AsyncHttpClient-1-6] DEBUG org.asynchttpclient.netty.handler.HttpHandler - 

Request DefaultFullHttpRequest(decodeResult: success, version: HTTP/1.1, content: EmptyByteBufBE)
GET /session/48fa15187c4a1521780ac76fdb829378/alert/text HTTP/1.1
User-Agent: selenium/4.8.1 (java windows)
Cache-Control: no-cache
Content-Type: application/json; charset=utf-8
host: localhost:28526
accept: */*

Response DefaultHttpResponse(decodeResult: success, version: HTTP/1.1)
HTTP/1.1 404 Not Found
Content-Length: 848
Content-Type: application/json; charset=utf-8
cache-control: no-cache

16:04:56.566 [AsyncHttpClient-1-6] DEBUG org.asynchttpclient.netty.channel.ChannelManager - Adding key: http://localhost:28526 for channel [id: 0x5103023c, L:/127.0.0.1:63662 - R:localhost/127.0.0.1:28526]
16:04:56.566 [Forwarding getCurrentUrl on session 48fa15187c4a1521780ac76fdb829378 to remote] DEBUG org.asynchttpclient.netty.request.NettyRequestSender - Using pooled Channel '[id: 0x5103023c, L:/127.0.0.1:63662 - R:localhost/127.0.0.1:28526]' for 'GET' to 'http://localhost:28526/session/48fa15187c4a1521780ac76fdb829378/url'
16:04:56.566 [Forwarding getCurrentUrl on session 48fa15187c4a1521780ac76fdb829378 to remote] DEBUG org.asynchttpclient.netty.request.NettyRequestSender - Using open Channel [id: 0x5103023c, L:/127.0.0.1:63662 - R:localhost/127.0.0.1:28526] for GET '/session/48fa15187c4a1521780ac76fdb829378/url'
16:04:56.572 [AsyncHttpClient-1-6] DEBUG org.asynchttpclient.netty.handler.HttpHandler - 

Request DefaultFullHttpRequest(decodeResult: success, version: HTTP/1.1, content: EmptyByteBufBE)
GET /session/48fa15187c4a1521780ac76fdb829378/url HTTP/1.1
User-Agent: selenium/4.8.1 (java windows)
Cache-Control: no-cache
Content-Type: application/json; charset=utf-8
host: localhost:28526
accept: */*

Response DefaultHttpResponse(decodeResult: success, version: HTTP/1.1)
HTTP/1.1 200 OK
Content-Length: 55
Content-Type: application/json; charset=utf-8
cache-control: no-cache

16:04:56.572 [AsyncHttpClient-1-6] DEBUG org.asynchttpclient.netty.channel.ChannelManager - Adding key: http://localhost:28526 for channel [id: 0x5103023c, L:/127.0.0.1:63662 - R:localhost/127.0.0.1:28526]
16:04:56.572 [Forwarding screenshot on session 48fa15187c4a1521780ac76fdb829378 to remote] DEBUG org.asynchttpclient.netty.request.NettyRequestSender - Using pooled Channel '[id: 0x5103023c, L:/127.0.0.1:63662 - R:localhost/127.0.0.1:28526]' for 'GET' to 'http://localhost:28526/session/48fa15187c4a1521780ac76fdb829378/screenshot'
16:04:56.572 [Forwarding screenshot on session 48fa15187c4a1521780ac76fdb829378 to remote] DEBUG org.asynchttpclient.netty.request.NettyRequestSender - Using open Channel [id: 0x5103023c, L:/127.0.0.1:63662 - R:localhost/127.0.0.1:28526] for GET '/session/48fa15187c4a1521780ac76fdb829378/screenshot'
16:04:56.577 [AsyncHttpClient-1-1] DEBUG org.asynchttpclient.netty.channel.DefaultChannelPool - Entry count for : http://localhost:63663 : 1
16:04:56.675 [AsyncHttpClient-1-6] DEBUG org.asynchttpclient.netty.handler.HttpHandler - 

Request DefaultFullHttpRequest(decodeResult: success, version: HTTP/1.1, content: EmptyByteBufBE)
GET /session/48fa15187c4a1521780ac76fdb829378/screenshot HTTP/1.1
User-Agent: selenium/4.8.1 (java windows)
Cache-Control: no-cache
Content-Type: application/json; charset=utf-8
host: localhost:28526
accept: */*

Response DefaultHttpResponse(decodeResult: success, version: HTTP/1.1)
HTTP/1.1 200 OK
Content-Length: 23108
Content-Type: application/json; charset=utf-8
cache-control: no-cache

16:04:56.675 [AsyncHttpClient-1-6] DEBUG org.asynchttpclient.netty.channel.ChannelManager - Adding key: http://localhost:28526 for channel [id: 0x5103023c, L:/127.0.0.1:63662 - R:localhost/127.0.0.1:28526]
16:04:56.676 [main] DEBUG net.serenitybdd.core.photography.Darkroom - Send negative for processing for target\site\serenity\2254cb1575f9f0b7622201d80f783d7d2541e340e89ad2371bc58756046f10df.png
16:04:56.677 [main] DEBUG net.thucydides.core.steps.StepInterceptor - STEP DONE: user success add a product rating
  &amp#27;[32mThen &amp#27;[0m&amp#27;[32muser success add a product rating&amp#27;[0m               &amp#27;[90m# starter.stepdefinition.ProductStep.userSuccessAddAProductRating()&amp#27;[0m
16:04:56.677 [Darkroom Processing Line] DEBUG net.serenitybdd.core.photography.DarkroomProcessingLine - Processing screenshot image in /var/screenshots/screenshot-2099230493077076303
16:04:56.677 [Darkroom Processing Line] DEBUG net.serenitybdd.core.photography.DarkroomProcessingLine - Saving screenshot to target\site\serenity\2254cb1575f9f0b7622201d80f783d7d2541e340e89ad2371bc58756046f10df.png
16:04:56.681 [main] INFO  - 
  _____   ___   ___   _____     ___     _     ___   ___   ___   ___  
 |_   _| | __| / __| |_   _|   | _ \   /_\   / __| / __| | __| |   \ 
   | |   | _|  \__ \   | |     |  _/  / _ \  \__ \ \__ \ | _|  | |) |
   |_|   |___| |___/   |_|     |_|   /_/ \_\ |___/ |___/ |___| |___/ 

As a user, I want to give rating the product
----------------------------------------------------------------------
16:04:56.682 [AsyncHttpClient-1-8] DEBUG org.asynchttpclient.netty.handler.WebSocketHandler - Channel Closed: [id: 0x48bcdc9a, L:/127.0.0.1:63670 ! R:localhost/127.0.0.1:63663] with attribute NettyResponseFuture{currentRetry=0,
	isDone=1,
	isCancelled=0,
	asyncHandler=org.asynchttpclient.ws.WebSocketUpgradeHandler@16e16a0c,
	nettyRequest=org.asynchttpclient.netty.request.NettyRequest@19758e9c,
	future=java.util.concurrent.CompletableFuture@36177af0[Completed normally],
	uri=ws://localhost:63663/devtools/browser/cc0784fd-6302-4279-8790-6e207c79c2f3,
	keepAlive=true,
	redirectCount=0,
	timeoutsHolder=null,
	inAuth=0,
	touch=1683104690475}
16:04:56.683 [AsyncHttpClient-1-8] DEBUG org.asynchttpclient.netty.channel.ChannelManager - Closing Channel [id: 0x48bcdc9a, L:/127.0.0.1:63670 ! R:localhost/127.0.0.1:63663] 
16:04:56.683 [Driver Command Executor] DEBUG org.asynchttpclient.netty.request.NettyRequestSender - Using pooled Channel '[id: 0x5103023c, L:/127.0.0.1:63662 - R:localhost/127.0.0.1:28526]' for 'DELETE' to 'http://localhost:28526/session/48fa15187c4a1521780ac76fdb829378'
16:04:56.683 [Driver Command Executor] DEBUG org.asynchttpclient.netty.request.NettyRequestSender - Using open Channel [id: 0x5103023c, L:/127.0.0.1:63662 - R:localhost/127.0.0.1:28526] for DELETE '/session/48fa15187c4a1521780ac76fdb829378'
16:04:56.725 [AsyncHttpClient-1-7] DEBUG org.asynchttpclient.netty.handler.HttpHandler - Unexpected I/O exception on channel [id: 0xa051d2b2, L:/127.0.0.1:63669 - R:localhost/127.0.0.1:63663]
java.io.IOException: An existing connection was forcibly closed by the remote host
	at sun.nio.ch.SocketDispatcher.read0(Native Method)
	at sun.nio.ch.SocketDispatcher.read(SocketDispatcher.java:43)
	at sun.nio.ch.IOUtil.readIntoNativeBuffer(IOUtil.java:223)
	at sun.nio.ch.IOUtil.read(IOUtil.java:192)
	at sun.nio.ch.SocketChannelImpl.read(SocketChannelImpl.java:378)
	at io.netty.buffer.PooledByteBuf.setBytes(PooledByteBuf.java:259)
	at io.netty.buffer.AbstractByteBuf.writeBytes(AbstractByteBuf.java:1132)
	at io.netty.channel.socket.nio.NioSocketChannel.doReadBytes(NioSocketChannel.java:357)
	at io.netty.channel.nio.AbstractNioByteChannel$NioByteUnsafe.read(AbstractNioByteChannel.java:151)
	at io.netty.channel.nio.NioEventLoop.processSelectedKey(NioEventLoop.java:788)
	at io.netty.channel.nio.NioEventLoop.processSelectedKeysOptimized(NioEventLoop.java:724)
	at io.netty.channel.nio.NioEventLoop.processSelectedKeys(NioEventLoop.java:650)
	at io.netty.channel.nio.NioEventLoop.run(NioEventLoop.java:562)
	at io.netty.util.concurrent.SingleThreadEventExecutor$4.run(SingleThreadEventExecutor.java:997)
	at io.netty.util.internal.ThreadExecutorMap$2.run(ThreadExecutorMap.java:74)
	at io.netty.util.concurrent.FastThreadLocalRunnable.run(FastThreadLocalRunnable.java:30)
	at java.lang.Thread.run(Thread.java:748)
16:04:56.725 [AsyncHttpClient-1-7] DEBUG org.asynchttpclient.netty.channel.ChannelManager - Closing Channel [id: 0xa051d2b2, L:/127.0.0.1:63669 - R:localhost/127.0.0.1:63663] 
16:04:56.725 [AsyncHttpClient-1-7] DEBUG org.asynchttpclient.netty.handler.HttpHandler - Channel Closed: [id: 0xa051d2b2, L:/127.0.0.1:63669 ! R:localhost/127.0.0.1:63663] with attribute DISCARD
16:04:56.758 [AsyncHttpClient-1-6] DEBUG org.asynchttpclient.netty.handler.HttpHandler - 

Request DefaultFullHttpRequest(decodeResult: success, version: HTTP/1.1, content: EmptyByteBufBE)
DELETE /session/48fa15187c4a1521780ac76fdb829378 HTTP/1.1
User-Agent: selenium/4.8.1 (java windows)
Content-Type: application/json; charset=utf-8
host: localhost:28526
accept: */*

Response DefaultHttpResponse(decodeResult: success, version: HTTP/1.1)
HTTP/1.1 200 OK
Content-Length: 14
Content-Type: application/json; charset=utf-8
cache-control: no-cache

16:04:56.758 [AsyncHttpClient-1-6] DEBUG org.asynchttpclient.netty.channel.ChannelManager - Adding key: http://localhost:28526 for channel [id: 0x5103023c, L:/127.0.0.1:63662 - R:localhost/127.0.0.1:28526]
16:04:56.872 [AsyncHttpClient-1-6] DEBUG org.asynchttpclient.netty.handler.HttpHandler - Channel Closed: [id: 0x5103023c, L:/127.0.0.1:63662 ! R:localhost/127.0.0.1:28526] with attribute DISCARD
]]></system-out>
    <system-err><![CDATA[Starting ChromeDriver 112.0.5615.49 (bd2a7bcb881c11e8cfe3078709382934e3916914-refs/branch-heads/5615@{#936}) on port 28526
Only local connections are allowed.
Please see https://chromedriver.chromium.org/security-considerations for suggestions on keeping ChromeDriver safe.
ChromeDriver was started successfully.
May 03, 2023 4:04:50 PM org.openqa.selenium.devtools.CdpVersionFinder findNearestMatch
WARNING: Unable to find an exact match for CDP version 112, so returning the closest version found: 110
]]></system-err>
  </testcase>
  <testcase name="As a user, I want to search for products by categories" classname="Product - As a user I want to buying a product So that I have to select product" time="8.432">
    <system-out><![CDATA[
@TC_Product_004
Scenario: As a user, I want to search for products by categories &amp#27;[90m# src/test/resources/features/Product.feature:23&amp#27;[0m
16:04:57.406 [main] DEBUG io.cucumber.core.plugin.SerenityReporter - Running feature from file:///C:/Users/user/Downloads/QE_Devi-Agustin-Utari/Mini%20Project/Source_Mini_Project/Web_Automation_AltaShop/src/test/resources/features/Product.feature
16:04:57.409 [main] INFO  - 
  _____   ___   ___   _____     ___   _____     _     ___   _____   ___   ___  
 |_   _| | __| / __| |_   _|   / __| |_   _|   /_\   | _ \ |_   _| | __| |   \ 
   | |   | _|  \__ \   | |     \__ \   | |    / _ \  |   /   | |   | _|  | |) |
   |_|   |___| |___/   |_|     |___/   |_|   /_/ \_\ |_|_\   |_|   |___| |___/ 

As a user, I want to search for products by categories(product---as-a-user-i-want-to-buying-a-product-so-that-i-have-to-select-product;as-a-user--i-want-to-search-for-products-by-categories)
--------------------------------------------------------------------------------
16:04:57.431 [main] DEBUG net.thucydides.core.steps.StepInterceptor - STARTING STEP: LoginStep.userSuccessLogin - user on login page
16:04:57.546 [main] INFO net.serenitybdd.core.webdriver.driverproviders.ChromeDriverProvider - Starting Chrome driver instance with capabilities:
16:04:57.546 [main] INFO net.serenitybdd.core.webdriver.driverproviders.ChromeDriverProvider - Capabilities {acceptInsecureCerts: true, browserName: chrome, goog:chromeOptions: {args: [remote-allow-origins=*, test-type, no-sandbox, ignore-certificate-errors, start-maximized, incognito, disable-infobars, disable-gpu, disable-default-apps, disable-popup-blocking, remote-allow-origins=*, test-type, no-sandbox, ignore-certificate-errors, start-maximized, incognito, disable-infobars, disable-gpu, disable-default-apps, disable-popup-blocking, remote-allow-origins=*], extensions: []}}
16:04:57.687 [AsyncHttpClient-1-1] DEBUG org.asynchttpclient.netty.channel.DefaultChannelPool - Entry count for : http://localhost:63663 : 1
16:04:57.687 [AsyncHttpClient-1-1] DEBUG org.asynchttpclient.netty.channel.DefaultChannelPool - Entry count for : http://localhost:28526 : 1
16:04:57.687 [AsyncHttpClient-1-1] DEBUG org.asynchttpclient.netty.channel.DefaultChannelPool - Adding Candidate expired Channel [id: 0xa051d2b2, L:/127.0.0.1:63669 ! R:localhost/127.0.0.1:63663] isIdleTimeoutExpired=false isRemotelyClosed=true isTtlExpired=false
16:04:57.687 [AsyncHttpClient-1-1] DEBUG org.asynchttpclient.netty.channel.DefaultChannelPool - Closing Idle Channel [id: 0xa051d2b2, L:/127.0.0.1:63669 ! R:localhost/127.0.0.1:63663]
16:04:57.687 [AsyncHttpClient-1-1] DEBUG org.asynchttpclient.netty.channel.DefaultChannelPool - Adding Candidate expired Channel [id: 0x5103023c, L:/127.0.0.1:63662 ! R:localhost/127.0.0.1:28526] isIdleTimeoutExpired=false isRemotelyClosed=true isTtlExpired=false
16:04:57.687 [AsyncHttpClient-1-1] DEBUG org.asynchttpclient.netty.channel.DefaultChannelPool - Closing Idle Channel [id: 0x5103023c, L:/127.0.0.1:63662 ! R:localhost/127.0.0.1:28526]
16:04:57.687 [AsyncHttpClient-1-1] DEBUG org.asynchttpclient.netty.channel.DefaultChannelPool - Closed 2 connections out of 2 in 0 ms
16:04:58.135 [AsyncHttpClient-1-9] DEBUG org.asynchttpclient.netty.channel.NettyConnectListener - Using new Channel '[id: 0x04191505, L:/127.0.0.1:63689 - R:localhost/127.0.0.1:39862]' for 'POST' to '/session'
16:04:59.345 [AsyncHttpClient-1-9] DEBUG org.asynchttpclient.netty.handler.HttpHandler - 

Request DefaultHttpRequest(decodeResult: success, version: HTTP/1.1)
POST /session HTTP/1.1
User-Agent: selenium/4.8.1 (java windows)
Content-Length: 1701
Content-Type: application/json; charset=utf-8
host: localhost:39862
accept: */*

Response DefaultHttpResponse(decodeResult: success, version: HTTP/1.1)
HTTP/1.1 200 OK
Content-Length: 843
Content-Type: application/json; charset=utf-8
cache-control: no-cache

16:04:59.345 [AsyncHttpClient-1-9] DEBUG org.asynchttpclient.netty.channel.ChannelManager - Adding key: http://localhost:39862 for channel [id: 0x04191505, L:/127.0.0.1:63689 - R:localhost/127.0.0.1:39862]
16:04:59.358 [AsyncHttpClient-1-2] DEBUG org.asynchttpclient.netty.channel.NettyConnectListener - Using new Channel '[id: 0x454e49b3, L:/127.0.0.1:63696 - R:localhost/127.0.0.1:63690]' for 'GET' to '/json/version'
16:04:59.359 [AsyncHttpClient-1-2] DEBUG org.asynchttpclient.netty.handler.HttpHandler - 

Request DefaultFullHttpRequest(decodeResult: success, version: HTTP/1.1, content: EmptyByteBufBE)
GET /json/version HTTP/1.1
User-Agent: selenium/4.8.1 (java windows)
host: localhost:63690
accept: */*

Response DefaultHttpResponse(decodeResult: success, version: HTTP/1.1)
HTTP/1.1 200 OK
Content-Security-Policy: frame-ancestors 'none'
Content-Length: 424
Content-Type: application/json; charset=UTF-8

16:04:59.359 [AsyncHttpClient-1-2] DEBUG org.asynchttpclient.netty.channel.ChannelManager - Adding key: http://localhost:63690 for channel [id: 0x454e49b3, L:/127.0.0.1:63696 - R:localhost/127.0.0.1:63690]
16:04:59.361 [AsyncHttpClient-1-3] DEBUG org.asynchttpclient.netty.channel.NettyConnectListener - Using new Channel '[id: 0x159b42f7, L:/127.0.0.1:63697 - R:localhost/127.0.0.1:63690]' for 'GET' to '/devtools/browser/99ebdee4-eaec-41c3-b0a1-1a42d4f2d0ec'
16:04:59.362 [AsyncHttpClient-1-3] DEBUG org.asynchttpclient.netty.handler.WebSocketHandler - 

Request DefaultFullHttpRequest(decodeResult: success, version: HTTP/1.1, content: EmptyByteBufBE)
GET /devtools/browser/99ebdee4-eaec-41c3-b0a1-1a42d4f2d0ec HTTP/1.1
upgrade: websocket
connection: upgrade
sec-websocket-key: efD8OrdP2sJMbtjy9xEppQ==
sec-websocket-version: 13
origin: http://localhost:63690
host: localhost:63690
accept: */*
user-agent: AHC/2.1

Response DefaultHttpResponse(decodeResult: success, version: HTTP/1.1)
HTTP/1.1 101 WebSocket Protocol Handshake
Upgrade: WebSocket
Connection: Upgrade
Sec-WebSocket-Accept: zwOsYrTzw/7URa5i42iYhOQE9NQ=

16:04:59.366 [Forwarding get on session 1d93a4631ae792b373dbbface5b24201 to remote] DEBUG org.asynchttpclient.netty.request.NettyRequestSender - Using pooled Channel '[id: 0x04191505, L:/127.0.0.1:63689 - R:localhost/127.0.0.1:39862]' for 'POST' to 'http://localhost:39862/session/1d93a4631ae792b373dbbface5b24201/url'
16:04:59.366 [Forwarding get on session 1d93a4631ae792b373dbbface5b24201 to remote] DEBUG org.asynchttpclient.netty.request.NettyRequestSender - Using open Channel [id: 0x04191505, L:/127.0.0.1:63689 - R:localhost/127.0.0.1:39862] for POST '/session/1d93a4631ae792b373dbbface5b24201/url'
16:04:59.883 [AsyncHttpClient-1-1] DEBUG org.asynchttpclient.netty.channel.DefaultChannelPool - Entry count for : http://localhost:63690 : 1
16:05:00.432 [AsyncHttpClient-1-9] DEBUG org.asynchttpclient.netty.handler.HttpHandler - 

Request DefaultHttpRequest(decodeResult: success, version: HTTP/1.1)
POST /session/1d93a4631ae792b373dbbface5b24201/url HTTP/1.1
User-Agent: selenium/4.8.1 (java windows)
Content-Length: 74
Content-Type: application/json; charset=utf-8
host: localhost:39862
accept: */*

Response DefaultHttpResponse(decodeResult: success, version: HTTP/1.1)
HTTP/1.1 200 OK
Content-Length: 14
Content-Type: application/json; charset=utf-8
cache-control: no-cache

16:05:00.432 [AsyncHttpClient-1-9] DEBUG org.asynchttpclient.netty.channel.ChannelManager - Adding key: http://localhost:39862 for channel [id: 0x04191505, L:/127.0.0.1:63689 - R:localhost/127.0.0.1:39862]
16:05:00.433 [Forwarding setTimeout on session 1d93a4631ae792b373dbbface5b24201 to remote] DEBUG org.asynchttpclient.netty.request.NettyRequestSender - Using pooled Channel '[id: 0x04191505, L:/127.0.0.1:63689 - R:localhost/127.0.0.1:39862]' for 'POST' to 'http://localhost:39862/session/1d93a4631ae792b373dbbface5b24201/timeouts'
16:05:00.433 [Forwarding setTimeout on session 1d93a4631ae792b373dbbface5b24201 to remote] DEBUG org.asynchttpclient.netty.request.NettyRequestSender - Using open Channel [id: 0x04191505, L:/127.0.0.1:63689 - R:localhost/127.0.0.1:39862] for POST '/session/1d93a4631ae792b373dbbface5b24201/timeouts'
16:05:00.434 [AsyncHttpClient-1-9] DEBUG org.asynchttpclient.netty.handler.HttpHandler - 

Request DefaultHttpRequest(decodeResult: success, version: HTTP/1.1)
POST /session/1d93a4631ae792b373dbbface5b24201/timeouts HTTP/1.1
User-Agent: selenium/4.8.1 (java windows)
Content-Length: 22
Content-Type: application/json; charset=utf-8
host: localhost:39862
accept: */*

Response DefaultHttpResponse(decodeResult: success, version: HTTP/1.1)
HTTP/1.1 200 OK
Content-Length: 14
Content-Type: application/json; charset=utf-8
cache-control: no-cache

16:05:00.434 [AsyncHttpClient-1-9] DEBUG org.asynchttpclient.netty.channel.ChannelManager - Adding key: http://localhost:39862 for channel [id: 0x04191505, L:/127.0.0.1:63689 - R:localhost/127.0.0.1:39862]
16:05:00.440 [Forwarding findElement on session 1d93a4631ae792b373dbbface5b24201 to remote] DEBUG org.asynchttpclient.netty.request.NettyRequestSender - Using pooled Channel '[id: 0x04191505, L:/127.0.0.1:63689 - R:localhost/127.0.0.1:39862]' for 'POST' to 'http://localhost:39862/session/1d93a4631ae792b373dbbface5b24201/element'
16:05:00.440 [Forwarding findElement on session 1d93a4631ae792b373dbbface5b24201 to remote] DEBUG org.asynchttpclient.netty.request.NettyRequestSender - Using open Channel [id: 0x04191505, L:/127.0.0.1:63689 - R:localhost/127.0.0.1:39862] for POST '/session/1d93a4631ae792b373dbbface5b24201/element'
16:05:00.451 [AsyncHttpClient-1-9] DEBUG org.asynchttpclient.netty.handler.HttpHandler - 

Request DefaultHttpRequest(decodeResult: success, version: HTTP/1.1)
POST /session/1d93a4631ae792b373dbbface5b24201/element HTTP/1.1
User-Agent: selenium/4.8.1 (java windows)
Content-Length: 69
Content-Type: application/json; charset=utf-8
host: localhost:39862
accept: */*

Response DefaultHttpResponse(decodeResult: success, version: HTTP/1.1)
HTTP/1.1 200 OK
Content-Length: 88
Content-Type: application/json; charset=utf-8
cache-control: no-cache

16:05:00.451 [AsyncHttpClient-1-9] DEBUG org.asynchttpclient.netty.channel.ChannelManager - Adding key: http://localhost:39862 for channel [id: 0x04191505, L:/127.0.0.1:63689 - R:localhost/127.0.0.1:39862]
16:05:00.453 [Forwarding isElementDisplayed on session 1d93a4631ae792b373dbbface5b24201 to remote] DEBUG org.asynchttpclient.netty.request.NettyRequestSender - Using pooled Channel '[id: 0x04191505, L:/127.0.0.1:63689 - R:localhost/127.0.0.1:39862]' for 'POST' to 'http://localhost:39862/session/1d93a4631ae792b373dbbface5b24201/execute/sync'
16:05:00.453 [Forwarding isElementDisplayed on session 1d93a4631ae792b373dbbface5b24201 to remote] DEBUG org.asynchttpclient.netty.request.NettyRequestSender - Using open Channel [id: 0x04191505, L:/127.0.0.1:63689 - R:localhost/127.0.0.1:39862] for POST '/session/1d93a4631ae792b373dbbface5b24201/execute/sync'
16:05:00.465 [AsyncHttpClient-1-9] DEBUG org.asynchttpclient.netty.handler.HttpHandler - 

Request DefaultHttpRequest(decodeResult: success, version: HTTP/1.1)
POST /session/1d93a4631ae792b373dbbface5b24201/execute/sync HTTP/1.1
User-Agent: selenium/4.8.1 (java windows)
Content-Length: 48807
Content-Type: application/json; charset=utf-8
host: localhost:39862
accept: */*

Response DefaultHttpResponse(decodeResult: success, version: HTTP/1.1)
HTTP/1.1 200 OK
Content-Length: 14
Content-Type: application/json; charset=utf-8
cache-control: no-cache

16:05:00.466 [AsyncHttpClient-1-9] DEBUG org.asynchttpclient.netty.channel.ChannelManager - Adding key: http://localhost:39862 for channel [id: 0x04191505, L:/127.0.0.1:63689 - R:localhost/127.0.0.1:39862]
16:05:00.471 [Forwarding getAlertText on session 1d93a4631ae792b373dbbface5b24201 to remote] DEBUG org.asynchttpclient.netty.request.NettyRequestSender - Using pooled Channel '[id: 0x04191505, L:/127.0.0.1:63689 - R:localhost/127.0.0.1:39862]' for 'GET' to 'http://localhost:39862/session/1d93a4631ae792b373dbbface5b24201/alert/text'
16:05:00.471 [Forwarding getAlertText on session 1d93a4631ae792b373dbbface5b24201 to remote] DEBUG org.asynchttpclient.netty.request.NettyRequestSender - Using open Channel [id: 0x04191505, L:/127.0.0.1:63689 - R:localhost/127.0.0.1:39862] for GET '/session/1d93a4631ae792b373dbbface5b24201/alert/text'
16:05:00.473 [AsyncHttpClient-1-9] DEBUG org.asynchttpclient.netty.handler.HttpHandler - 

Request DefaultFullHttpRequest(decodeResult: success, version: HTTP/1.1, content: EmptyByteBufBE)
GET /session/1d93a4631ae792b373dbbface5b24201/alert/text HTTP/1.1
User-Agent: selenium/4.8.1 (java windows)
Cache-Control: no-cache
Content-Type: application/json; charset=utf-8
host: localhost:39862
accept: */*

Response DefaultHttpResponse(decodeResult: success, version: HTTP/1.1)
HTTP/1.1 404 Not Found
Content-Length: 848
Content-Type: application/json; charset=utf-8
cache-control: no-cache

16:05:00.473 [AsyncHttpClient-1-9] DEBUG org.asynchttpclient.netty.channel.ChannelManager - Adding key: http://localhost:39862 for channel [id: 0x04191505, L:/127.0.0.1:63689 - R:localhost/127.0.0.1:39862]
16:05:00.473 [Forwarding getCurrentUrl on session 1d93a4631ae792b373dbbface5b24201 to remote] DEBUG org.asynchttpclient.netty.request.NettyRequestSender - Using pooled Channel '[id: 0x04191505, L:/127.0.0.1:63689 - R:localhost/127.0.0.1:39862]' for 'GET' to 'http://localhost:39862/session/1d93a4631ae792b373dbbface5b24201/url'
16:05:00.473 [Forwarding getCurrentUrl on session 1d93a4631ae792b373dbbface5b24201 to remote] DEBUG org.asynchttpclient.netty.request.NettyRequestSender - Using open Channel [id: 0x04191505, L:/127.0.0.1:63689 - R:localhost/127.0.0.1:39862] for GET '/session/1d93a4631ae792b373dbbface5b24201/url'
16:05:00.478 [AsyncHttpClient-1-9] DEBUG org.asynchttpclient.netty.handler.HttpHandler - 

Request DefaultFullHttpRequest(decodeResult: success, version: HTTP/1.1, content: EmptyByteBufBE)
GET /session/1d93a4631ae792b373dbbface5b24201/url HTTP/1.1
User-Agent: selenium/4.8.1 (java windows)
Cache-Control: no-cache
Content-Type: application/json; charset=utf-8
host: localhost:39862
accept: */*

Response DefaultHttpResponse(decodeResult: success, version: HTTP/1.1)
HTTP/1.1 200 OK
Content-Length: 51
Content-Type: application/json; charset=utf-8
cache-control: no-cache

16:05:00.478 [AsyncHttpClient-1-9] DEBUG org.asynchttpclient.netty.channel.ChannelManager - Adding key: http://localhost:39862 for channel [id: 0x04191505, L:/127.0.0.1:63689 - R:localhost/127.0.0.1:39862]
16:05:00.478 [Forwarding screenshot on session 1d93a4631ae792b373dbbface5b24201 to remote] DEBUG org.asynchttpclient.netty.request.NettyRequestSender - Using pooled Channel '[id: 0x04191505, L:/127.0.0.1:63689 - R:localhost/127.0.0.1:39862]' for 'GET' to 'http://localhost:39862/session/1d93a4631ae792b373dbbface5b24201/screenshot'
16:05:00.478 [Forwarding screenshot on session 1d93a4631ae792b373dbbface5b24201 to remote] DEBUG org.asynchttpclient.netty.request.NettyRequestSender - Using open Channel [id: 0x04191505, L:/127.0.0.1:63689 - R:localhost/127.0.0.1:39862] for GET '/session/1d93a4631ae792b373dbbface5b24201/screenshot'
16:05:00.552 [AsyncHttpClient-1-9] DEBUG org.asynchttpclient.netty.handler.HttpHandler - 

Request DefaultFullHttpRequest(decodeResult: success, version: HTTP/1.1, content: EmptyByteBufBE)
GET /session/1d93a4631ae792b373dbbface5b24201/screenshot HTTP/1.1
User-Agent: selenium/4.8.1 (java windows)
Cache-Control: no-cache
Content-Type: application/json; charset=utf-8
host: localhost:39862
accept: */*

Response DefaultHttpResponse(decodeResult: success, version: HTTP/1.1)
HTTP/1.1 200 OK
Content-Length: 25060
Content-Type: application/json; charset=utf-8
cache-control: no-cache

16:05:00.553 [AsyncHttpClient-1-9] DEBUG org.asynchttpclient.netty.channel.ChannelManager - Adding key: http://localhost:39862 for channel [id: 0x04191505, L:/127.0.0.1:63689 - R:localhost/127.0.0.1:39862]
16:05:00.554 [main] DEBUG net.serenitybdd.core.photography.Darkroom - Send negative for processing for target\site\serenity\1db263dd5c04c8fe15e82ee6420144d4e1e7b9826b9315cfd7ec5b5d0da76045.png
16:05:00.554 [main] DEBUG net.thucydides.core.steps.StepInterceptor - STEP DONE: user on login page
16:05:00.557 [main] DEBUG net.thucydides.core.steps.StepInterceptor - STARTING STEP: LoginStep.userSuccessLogin - user input valid email
16:05:00.558 [Forwarding findElement on session 1d93a4631ae792b373dbbface5b24201 to remote] DEBUG org.asynchttpclient.netty.request.NettyRequestSender - Using pooled Channel '[id: 0x04191505, L:/127.0.0.1:63689 - R:localhost/127.0.0.1:39862]' for 'POST' to 'http://localhost:39862/session/1d93a4631ae792b373dbbface5b24201/element'
16:05:00.558 [Forwarding findElement on session 1d93a4631ae792b373dbbface5b24201 to remote] DEBUG org.asynchttpclient.netty.request.NettyRequestSender - Using open Channel [id: 0x04191505, L:/127.0.0.1:63689 - R:localhost/127.0.0.1:39862] for POST '/session/1d93a4631ae792b373dbbface5b24201/element'
16:05:00.569 [AsyncHttpClient-1-9] DEBUG org.asynchttpclient.netty.handler.HttpHandler - 

Request DefaultHttpRequest(decodeResult: success, version: HTTP/1.1)
POST /session/1d93a4631ae792b373dbbface5b24201/element HTTP/1.1
User-Agent: selenium/4.8.1 (java windows)
Content-Length: 55
Content-Type: application/json; charset=utf-8
host: localhost:39862
accept: */*

Response DefaultHttpResponse(decodeResult: success, version: HTTP/1.1)
HTTP/1.1 200 OK
Content-Length: 88
Content-Type: application/json; charset=utf-8
cache-control: no-cache

16:05:00.569 [AsyncHttpClient-1-9] DEBUG org.asynchttpclient.netty.channel.ChannelManager - Adding key: http://localhost:39862 for channel [id: 0x04191505, L:/127.0.0.1:63689 - R:localhost/127.0.0.1:39862]
16:05:00.569 [Forwarding clearElement on session 1d93a4631ae792b373dbbface5b24201 to remote] DEBUG org.asynchttpclient.netty.request.NettyRequestSender - Using pooled Channel '[id: 0x04191505, L:/127.0.0.1:63689 - R:localhost/127.0.0.1:39862]' for 'POST' to 'http://localhost:39862/session/1d93a4631ae792b373dbbface5b24201/element/feb363fb-36db-4786-ba6e-3b87ae27435c/clear'
16:05:00.569 [Forwarding clearElement on session 1d93a4631ae792b373dbbface5b24201 to remote] DEBUG org.asynchttpclient.netty.request.NettyRequestSender - Using open Channel [id: 0x04191505, L:/127.0.0.1:63689 - R:localhost/127.0.0.1:39862] for POST '/session/1d93a4631ae792b373dbbface5b24201/element/feb363fb-36db-4786-ba6e-3b87ae27435c/clear'
16:05:00.607 [AsyncHttpClient-1-9] DEBUG org.asynchttpclient.netty.handler.HttpHandler - 

Request DefaultHttpRequest(decodeResult: success, version: HTTP/1.1)
POST /session/1d93a4631ae792b373dbbface5b24201/element/feb363fb-36db-4786-ba6e-3b87ae27435c/clear HTTP/1.1
User-Agent: selenium/4.8.1 (java windows)
Content-Length: 50
Content-Type: application/json; charset=utf-8
host: localhost:39862
accept: */*

Response DefaultHttpResponse(decodeResult: success, version: HTTP/1.1)
HTTP/1.1 200 OK
Content-Length: 14
Content-Type: application/json; charset=utf-8
cache-control: no-cache

16:05:00.607 [AsyncHttpClient-1-9] DEBUG org.asynchttpclient.netty.channel.ChannelManager - Adding key: http://localhost:39862 for channel [id: 0x04191505, L:/127.0.0.1:63689 - R:localhost/127.0.0.1:39862]
16:05:00.609 [Forwarding sendKeysToElement on session 1d93a4631ae792b373dbbface5b24201 to remote] DEBUG org.asynchttpclient.netty.request.NettyRequestSender - Using pooled Channel '[id: 0x04191505, L:/127.0.0.1:63689 - R:localhost/127.0.0.1:39862]' for 'POST' to 'http://localhost:39862/session/1d93a4631ae792b373dbbface5b24201/element/feb363fb-36db-4786-ba6e-3b87ae27435c/value'
16:05:00.609 [Forwarding sendKeysToElement on session 1d93a4631ae792b373dbbface5b24201 to remote] DEBUG org.asynchttpclient.netty.request.NettyRequestSender - Using open Channel [id: 0x04191505, L:/127.0.0.1:63689 - R:localhost/127.0.0.1:39862] for POST '/session/1d93a4631ae792b373dbbface5b24201/element/feb363fb-36db-4786-ba6e-3b87ae27435c/value'
16:05:00.733 [AsyncHttpClient-1-9] DEBUG org.asynchttpclient.netty.handler.HttpHandler - 

Request DefaultHttpRequest(decodeResult: success, version: HTTP/1.1)
POST /session/1d93a4631ae792b373dbbface5b24201/element/feb363fb-36db-4786-ba6e-3b87ae27435c/value HTTP/1.1
User-Agent: selenium/4.8.1 (java windows)
Content-Length: 231
Content-Type: application/json; charset=utf-8
host: localhost:39862
accept: */*

Response DefaultHttpResponse(decodeResult: success, version: HTTP/1.1)
HTTP/1.1 200 OK
Content-Length: 14
Content-Type: application/json; charset=utf-8
cache-control: no-cache

16:05:00.733 [AsyncHttpClient-1-9] DEBUG org.asynchttpclient.netty.channel.ChannelManager - Adding key: http://localhost:39862 for channel [id: 0x04191505, L:/127.0.0.1:63689 - R:localhost/127.0.0.1:39862]
16:05:00.741 [Forwarding getAlertText on session 1d93a4631ae792b373dbbface5b24201 to remote] DEBUG org.asynchttpclient.netty.request.NettyRequestSender - Using pooled Channel '[id: 0x04191505, L:/127.0.0.1:63689 - R:localhost/127.0.0.1:39862]' for 'GET' to 'http://localhost:39862/session/1d93a4631ae792b373dbbface5b24201/alert/text'
16:05:00.741 [Forwarding getAlertText on session 1d93a4631ae792b373dbbface5b24201 to remote] DEBUG org.asynchttpclient.netty.request.NettyRequestSender - Using open Channel [id: 0x04191505, L:/127.0.0.1:63689 - R:localhost/127.0.0.1:39862] for GET '/session/1d93a4631ae792b373dbbface5b24201/alert/text'
16:05:00.742 [AsyncHttpClient-1-9] DEBUG org.asynchttpclient.netty.handler.HttpHandler - 

Request DefaultFullHttpRequest(decodeResult: success, version: HTTP/1.1, content: EmptyByteBufBE)
GET /session/1d93a4631ae792b373dbbface5b24201/alert/text HTTP/1.1
User-Agent: selenium/4.8.1 (java windows)
Cache-Control: no-cache
Content-Type: application/json; charset=utf-8
host: localhost:39862
accept: */*

Response DefaultHttpResponse(decodeResult: success, version: HTTP/1.1)
HTTP/1.1 404 Not Found
Content-Length: 848
Content-Type: application/json; charset=utf-8
cache-control: no-cache

16:05:00.742 [AsyncHttpClient-1-9] DEBUG org.asynchttpclient.netty.channel.ChannelManager - Adding key: http://localhost:39862 for channel [id: 0x04191505, L:/127.0.0.1:63689 - R:localhost/127.0.0.1:39862]
16:05:00.743 [Forwarding getCurrentUrl on session 1d93a4631ae792b373dbbface5b24201 to remote] DEBUG org.asynchttpclient.netty.request.NettyRequestSender - Using pooled Channel '[id: 0x04191505, L:/127.0.0.1:63689 - R:localhost/127.0.0.1:39862]' for 'GET' to 'http://localhost:39862/session/1d93a4631ae792b373dbbface5b24201/url'
16:05:00.743 [Forwarding getCurrentUrl on session 1d93a4631ae792b373dbbface5b24201 to remote] DEBUG org.asynchttpclient.netty.request.NettyRequestSender - Using open Channel [id: 0x04191505, L:/127.0.0.1:63689 - R:localhost/127.0.0.1:39862] for GET '/session/1d93a4631ae792b373dbbface5b24201/url'
16:05:00.745 [AsyncHttpClient-1-9] DEBUG org.asynchttpclient.netty.handler.HttpHandler - 

Request DefaultFullHttpRequest(decodeResult: success, version: HTTP/1.1, content: EmptyByteBufBE)
GET /session/1d93a4631ae792b373dbbface5b24201/url HTTP/1.1
User-Agent: selenium/4.8.1 (java windows)
Cache-Control: no-cache
Content-Type: application/json; charset=utf-8
host: localhost:39862
accept: */*

Response DefaultHttpResponse(decodeResult: success, version: HTTP/1.1)
HTTP/1.1 200 OK
Content-Length: 51
Content-Type: application/json; charset=utf-8
cache-control: no-cache

16:05:00.745 [AsyncHttpClient-1-9] DEBUG org.asynchttpclient.netty.channel.ChannelManager - Adding key: http://localhost:39862 for channel [id: 0x04191505, L:/127.0.0.1:63689 - R:localhost/127.0.0.1:39862]
16:05:00.746 [Forwarding screenshot on session 1d93a4631ae792b373dbbface5b24201 to remote] DEBUG org.asynchttpclient.netty.request.NettyRequestSender - Using pooled Channel '[id: 0x04191505, L:/127.0.0.1:63689 - R:localhost/127.0.0.1:39862]' for 'GET' to 'http://localhost:39862/session/1d93a4631ae792b373dbbface5b24201/screenshot'
16:05:00.746 [Forwarding screenshot on session 1d93a4631ae792b373dbbface5b24201 to remote] DEBUG org.asynchttpclient.netty.request.NettyRequestSender - Using open Channel [id: 0x04191505, L:/127.0.0.1:63689 - R:localhost/127.0.0.1:39862] for GET '/session/1d93a4631ae792b373dbbface5b24201/screenshot'
16:05:00.842 [AsyncHttpClient-1-9] DEBUG org.asynchttpclient.netty.handler.HttpHandler - 

Request DefaultFullHttpRequest(decodeResult: success, version: HTTP/1.1, content: EmptyByteBufBE)
GET /session/1d93a4631ae792b373dbbface5b24201/screenshot HTTP/1.1
User-Agent: selenium/4.8.1 (java windows)
Cache-Control: no-cache
Content-Type: application/json; charset=utf-8
host: localhost:39862
accept: */*

Response DefaultHttpResponse(decodeResult: success, version: HTTP/1.1)
HTTP/1.1 200 OK
Content-Length: 29224
Content-Type: application/json; charset=utf-8
cache-control: no-cache

16:05:00.842 [AsyncHttpClient-1-9] DEBUG org.asynchttpclient.netty.channel.ChannelManager - Adding key: http://localhost:39862 for channel [id: 0x04191505, L:/127.0.0.1:63689 - R:localhost/127.0.0.1:39862]
16:05:00.844 [main] DEBUG net.serenitybdd.core.photography.Darkroom - Send negative for processing for target\site\serenity\af48b0f5bb1f28210db092cba44ad82387ffef8835d88a479b97035ca17deda8.png
16:05:00.844 [main] DEBUG net.thucydides.core.steps.StepInterceptor - STEP DONE: user input valid email
16:05:00.847 [main] DEBUG net.thucydides.core.steps.StepInterceptor - STARTING STEP: LoginStep.userSuccessLogin - user input valid password
16:05:00.849 [Forwarding findElement on session 1d93a4631ae792b373dbbface5b24201 to remote] DEBUG org.asynchttpclient.netty.request.NettyRequestSender - Using pooled Channel '[id: 0x04191505, L:/127.0.0.1:63689 - R:localhost/127.0.0.1:39862]' for 'POST' to 'http://localhost:39862/session/1d93a4631ae792b373dbbface5b24201/element'
16:05:00.849 [Forwarding findElement on session 1d93a4631ae792b373dbbface5b24201 to remote] DEBUG org.asynchttpclient.netty.request.NettyRequestSender - Using open Channel [id: 0x04191505, L:/127.0.0.1:63689 - R:localhost/127.0.0.1:39862] for POST '/session/1d93a4631ae792b373dbbface5b24201/element'
16:05:00.861 [AsyncHttpClient-1-9] DEBUG org.asynchttpclient.netty.handler.HttpHandler - 

Request DefaultHttpRequest(decodeResult: success, version: HTTP/1.1)
POST /session/1d93a4631ae792b373dbbface5b24201/element HTTP/1.1
User-Agent: selenium/4.8.1 (java windows)
Content-Length: 55
Content-Type: application/json; charset=utf-8
host: localhost:39862
accept: */*

Response DefaultHttpResponse(decodeResult: success, version: HTTP/1.1)
HTTP/1.1 200 OK
Content-Length: 88
Content-Type: application/json; charset=utf-8
cache-control: no-cache

16:05:00.861 [AsyncHttpClient-1-9] DEBUG org.asynchttpclient.netty.channel.ChannelManager - Adding key: http://localhost:39862 for channel [id: 0x04191505, L:/127.0.0.1:63689 - R:localhost/127.0.0.1:39862]
16:05:00.862 [Forwarding clearElement on session 1d93a4631ae792b373dbbface5b24201 to remote] DEBUG org.asynchttpclient.netty.request.NettyRequestSender - Using pooled Channel '[id: 0x04191505, L:/127.0.0.1:63689 - R:localhost/127.0.0.1:39862]' for 'POST' to 'http://localhost:39862/session/1d93a4631ae792b373dbbface5b24201/element/dc7f9a02-9376-4a9d-85d9-d3553d68e09e/clear'
16:05:00.862 [Forwarding clearElement on session 1d93a4631ae792b373dbbface5b24201 to remote] DEBUG org.asynchttpclient.netty.request.NettyRequestSender - Using open Channel [id: 0x04191505, L:/127.0.0.1:63689 - R:localhost/127.0.0.1:39862] for POST '/session/1d93a4631ae792b373dbbface5b24201/element/dc7f9a02-9376-4a9d-85d9-d3553d68e09e/clear'
16:05:00.893 [AsyncHttpClient-1-9] DEBUG org.asynchttpclient.netty.handler.HttpHandler - 

Request DefaultHttpRequest(decodeResult: success, version: HTTP/1.1)
POST /session/1d93a4631ae792b373dbbface5b24201/element/dc7f9a02-9376-4a9d-85d9-d3553d68e09e/clear HTTP/1.1
User-Agent: selenium/4.8.1 (java windows)
Content-Length: 50
Content-Type: application/json; charset=utf-8
host: localhost:39862
accept: */*

Response DefaultHttpResponse(decodeResult: success, version: HTTP/1.1)
HTTP/1.1 200 OK
Content-Length: 14
Content-Type: application/json; charset=utf-8
cache-control: no-cache

16:05:00.893 [AsyncHttpClient-1-9] DEBUG org.asynchttpclient.netty.channel.ChannelManager - Adding key: http://localhost:39862 for channel [id: 0x04191505, L:/127.0.0.1:63689 - R:localhost/127.0.0.1:39862]
16:05:00.895 [Forwarding sendKeysToElement on session 1d93a4631ae792b373dbbface5b24201 to remote] DEBUG org.asynchttpclient.netty.request.NettyRequestSender - Using pooled Channel '[id: 0x04191505, L:/127.0.0.1:63689 - R:localhost/127.0.0.1:39862]' for 'POST' to 'http://localhost:39862/session/1d93a4631ae792b373dbbface5b24201/element/dc7f9a02-9376-4a9d-85d9-d3553d68e09e/value'
16:05:00.895 [Forwarding sendKeysToElement on session 1d93a4631ae792b373dbbface5b24201 to remote] DEBUG org.asynchttpclient.netty.request.NettyRequestSender - Using open Channel [id: 0x04191505, L:/127.0.0.1:63689 - R:localhost/127.0.0.1:39862] for POST '/session/1d93a4631ae792b373dbbface5b24201/element/dc7f9a02-9376-4a9d-85d9-d3553d68e09e/value'
16:05:00.978 [AsyncHttpClient-1-1] DEBUG org.asynchttpclient.netty.channel.DefaultChannelPool - Entry count for : http://localhost:63690 : 1
16:05:00.979 [AsyncHttpClient-1-9] DEBUG org.asynchttpclient.netty.handler.HttpHandler - 

Request DefaultHttpRequest(decodeResult: success, version: HTTP/1.1)
POST /session/1d93a4631ae792b373dbbface5b24201/element/dc7f9a02-9376-4a9d-85d9-d3553d68e09e/value HTTP/1.1
User-Agent: selenium/4.8.1 (java windows)
Content-Length: 161
Content-Type: application/json; charset=utf-8
host: localhost:39862
accept: */*

Response DefaultHttpResponse(decodeResult: success, version: HTTP/1.1)
HTTP/1.1 200 OK
Content-Length: 14
Content-Type: application/json; charset=utf-8
cache-control: no-cache

16:05:00.979 [AsyncHttpClient-1-9] DEBUG org.asynchttpclient.netty.channel.ChannelManager - Adding key: http://localhost:39862 for channel [id: 0x04191505, L:/127.0.0.1:63689 - R:localhost/127.0.0.1:39862]
16:05:00.984 [Forwarding getAlertText on session 1d93a4631ae792b373dbbface5b24201 to remote] DEBUG org.asynchttpclient.netty.request.NettyRequestSender - Using pooled Channel '[id: 0x04191505, L:/127.0.0.1:63689 - R:localhost/127.0.0.1:39862]' for 'GET' to 'http://localhost:39862/session/1d93a4631ae792b373dbbface5b24201/alert/text'
16:05:00.984 [Forwarding getAlertText on session 1d93a4631ae792b373dbbface5b24201 to remote] DEBUG org.asynchttpclient.netty.request.NettyRequestSender - Using open Channel [id: 0x04191505, L:/127.0.0.1:63689 - R:localhost/127.0.0.1:39862] for GET '/session/1d93a4631ae792b373dbbface5b24201/alert/text'
16:05:00.989 [AsyncHttpClient-1-9] DEBUG org.asynchttpclient.netty.handler.HttpHandler - 

Request DefaultFullHttpRequest(decodeResult: success, version: HTTP/1.1, content: EmptyByteBufBE)
GET /session/1d93a4631ae792b373dbbface5b24201/alert/text HTTP/1.1
User-Agent: selenium/4.8.1 (java windows)
Cache-Control: no-cache
Content-Type: application/json; charset=utf-8
host: localhost:39862
accept: */*

Response DefaultHttpResponse(decodeResult: success, version: HTTP/1.1)
HTTP/1.1 404 Not Found
Content-Length: 848
Content-Type: application/json; charset=utf-8
cache-control: no-cache

16:05:00.989 [AsyncHttpClient-1-9] DEBUG org.asynchttpclient.netty.channel.ChannelManager - Adding key: http://localhost:39862 for channel [id: 0x04191505, L:/127.0.0.1:63689 - R:localhost/127.0.0.1:39862]
16:05:00.990 [Forwarding getCurrentUrl on session 1d93a4631ae792b373dbbface5b24201 to remote] DEBUG org.asynchttpclient.netty.request.NettyRequestSender - Using pooled Channel '[id: 0x04191505, L:/127.0.0.1:63689 - R:localhost/127.0.0.1:39862]' for 'GET' to 'http://localhost:39862/session/1d93a4631ae792b373dbbface5b24201/url'
16:05:00.990 [Forwarding getCurrentUrl on session 1d93a4631ae792b373dbbface5b24201 to remote] DEBUG org.asynchttpclient.netty.request.NettyRequestSender - Using open Channel [id: 0x04191505, L:/127.0.0.1:63689 - R:localhost/127.0.0.1:39862] for GET '/session/1d93a4631ae792b373dbbface5b24201/url'
16:05:00.994 [AsyncHttpClient-1-9] DEBUG org.asynchttpclient.netty.handler.HttpHandler - 

Request DefaultFullHttpRequest(decodeResult: success, version: HTTP/1.1, content: EmptyByteBufBE)
GET /session/1d93a4631ae792b373dbbface5b24201/url HTTP/1.1
User-Agent: selenium/4.8.1 (java windows)
Cache-Control: no-cache
Content-Type: application/json; charset=utf-8
host: localhost:39862
accept: */*

Response DefaultHttpResponse(decodeResult: success, version: HTTP/1.1)
HTTP/1.1 200 OK
Content-Length: 51
Content-Type: application/json; charset=utf-8
cache-control: no-cache

16:05:00.994 [AsyncHttpClient-1-9] DEBUG org.asynchttpclient.netty.channel.ChannelManager - Adding key: http://localhost:39862 for channel [id: 0x04191505, L:/127.0.0.1:63689 - R:localhost/127.0.0.1:39862]
16:05:00.994 [Forwarding screenshot on session 1d93a4631ae792b373dbbface5b24201 to remote] DEBUG org.asynchttpclient.netty.request.NettyRequestSender - Using pooled Channel '[id: 0x04191505, L:/127.0.0.1:63689 - R:localhost/127.0.0.1:39862]' for 'GET' to 'http://localhost:39862/session/1d93a4631ae792b373dbbface5b24201/screenshot'
16:05:00.994 [Forwarding screenshot on session 1d93a4631ae792b373dbbface5b24201 to remote] DEBUG org.asynchttpclient.netty.request.NettyRequestSender - Using open Channel [id: 0x04191505, L:/127.0.0.1:63689 - R:localhost/127.0.0.1:39862] for GET '/session/1d93a4631ae792b373dbbface5b24201/screenshot'
16:05:01.093 [AsyncHttpClient-1-9] DEBUG org.asynchttpclient.netty.handler.HttpHandler - 

Request DefaultFullHttpRequest(decodeResult: success, version: HTTP/1.1, content: EmptyByteBufBE)
GET /session/1d93a4631ae792b373dbbface5b24201/screenshot HTTP/1.1
User-Agent: selenium/4.8.1 (java windows)
Cache-Control: no-cache
Content-Type: application/json; charset=utf-8
host: localhost:39862
accept: */*

Response DefaultHttpResponse(decodeResult: success, version: HTTP/1.1)
HTTP/1.1 200 OK
Content-Length: 30928
Content-Type: application/json; charset=utf-8
cache-control: no-cache

16:05:01.094 [AsyncHttpClient-1-9] DEBUG org.asynchttpclient.netty.channel.ChannelManager - Adding key: http://localhost:39862 for channel [id: 0x04191505, L:/127.0.0.1:63689 - R:localhost/127.0.0.1:39862]
16:05:01.095 [main] DEBUG net.serenitybdd.core.photography.Darkroom - Send negative for processing for target\site\serenity\6282011925ba50be7d3d2f1e4927f949d54aaa1dbf5fc777abfee3f6a4b4e2ce.png
16:05:01.095 [main] DEBUG net.thucydides.core.steps.StepInterceptor - STEP DONE: user input valid password
16:05:01.096 [Darkroom Processing Line] DEBUG net.serenitybdd.core.photography.DarkroomProcessingLine - Processing screenshot image in /var/screenshots/screenshot-1721800365544863919
16:05:01.096 [Darkroom Processing Line] DEBUG net.serenitybdd.core.photography.DarkroomProcessingLine - Saving screenshot to target\site\serenity\6282011925ba50be7d3d2f1e4927f949d54aaa1dbf5fc777abfee3f6a4b4e2ce.png
16:05:01.099 [main] DEBUG net.thucydides.core.steps.StepInterceptor - STARTING STEP: LoginStep.userSuccessLogin - click button login
16:05:01.101 [Forwarding findElement on session 1d93a4631ae792b373dbbface5b24201 to remote] DEBUG org.asynchttpclient.netty.request.NettyRequestSender - Using pooled Channel '[id: 0x04191505, L:/127.0.0.1:63689 - R:localhost/127.0.0.1:39862]' for 'POST' to 'http://localhost:39862/session/1d93a4631ae792b373dbbface5b24201/element'
16:05:01.101 [Forwarding findElement on session 1d93a4631ae792b373dbbface5b24201 to remote] DEBUG org.asynchttpclient.netty.request.NettyRequestSender - Using open Channel [id: 0x04191505, L:/127.0.0.1:63689 - R:localhost/127.0.0.1:39862] for POST '/session/1d93a4631ae792b373dbbface5b24201/element'
16:05:01.109 [AsyncHttpClient-1-9] DEBUG org.asynchttpclient.netty.handler.HttpHandler - 

Request DefaultHttpRequest(decodeResult: success, version: HTTP/1.1)
POST /session/1d93a4631ae792b373dbbface5b24201/element HTTP/1.1
User-Agent: selenium/4.8.1 (java windows)
Content-Length: 69
Content-Type: application/json; charset=utf-8
host: localhost:39862
accept: */*

Response DefaultHttpResponse(decodeResult: success, version: HTTP/1.1)
HTTP/1.1 200 OK
Content-Length: 88
Content-Type: application/json; charset=utf-8
cache-control: no-cache

16:05:01.109 [AsyncHttpClient-1-9] DEBUG org.asynchttpclient.netty.channel.ChannelManager - Adding key: http://localhost:39862 for channel [id: 0x04191505, L:/127.0.0.1:63689 - R:localhost/127.0.0.1:39862]
16:05:01.109 [Forwarding getElementTagName on session 1d93a4631ae792b373dbbface5b24201 to remote] DEBUG org.asynchttpclient.netty.request.NettyRequestSender - Using pooled Channel '[id: 0x04191505, L:/127.0.0.1:63689 - R:localhost/127.0.0.1:39862]' for 'GET' to 'http://localhost:39862/session/1d93a4631ae792b373dbbface5b24201/element/95e66b76-cc34-4600-bfaa-ae57a505d65a/name'
16:05:01.109 [Forwarding getElementTagName on session 1d93a4631ae792b373dbbface5b24201 to remote] DEBUG org.asynchttpclient.netty.request.NettyRequestSender - Using open Channel [id: 0x04191505, L:/127.0.0.1:63689 - R:localhost/127.0.0.1:39862] for GET '/session/1d93a4631ae792b373dbbface5b24201/element/95e66b76-cc34-4600-bfaa-ae57a505d65a/name'
16:05:01.113 [AsyncHttpClient-1-9] DEBUG org.asynchttpclient.netty.handler.HttpHandler - 

Request DefaultFullHttpRequest(decodeResult: success, version: HTTP/1.1, content: EmptyByteBufBE)
GET /session/1d93a4631ae792b373dbbface5b24201/element/95e66b76-cc34-4600-bfaa-ae57a505d65a/name HTTP/1.1
User-Agent: selenium/4.8.1 (java windows)
Cache-Control: no-cache
Content-Type: application/json; charset=utf-8
host: localhost:39862
accept: */*

Response DefaultHttpResponse(decodeResult: success, version: HTTP/1.1)
HTTP/1.1 200 OK
Content-Length: 16
Content-Type: application/json; charset=utf-8
cache-control: no-cache

16:05:01.113 [AsyncHttpClient-1-9] DEBUG org.asynchttpclient.netty.channel.ChannelManager - Adding key: http://localhost:39862 for channel [id: 0x04191505, L:/127.0.0.1:63689 - R:localhost/127.0.0.1:39862]
16:05:01.114 [Forwarding getElementTagName on session 1d93a4631ae792b373dbbface5b24201 to remote] DEBUG org.asynchttpclient.netty.request.NettyRequestSender - Using pooled Channel '[id: 0x04191505, L:/127.0.0.1:63689 - R:localhost/127.0.0.1:39862]' for 'GET' to 'http://localhost:39862/session/1d93a4631ae792b373dbbface5b24201/element/95e66b76-cc34-4600-bfaa-ae57a505d65a/name'
16:05:01.114 [Forwarding getElementTagName on session 1d93a4631ae792b373dbbface5b24201 to remote] DEBUG org.asynchttpclient.netty.request.NettyRequestSender - Using open Channel [id: 0x04191505, L:/127.0.0.1:63689 - R:localhost/127.0.0.1:39862] for GET '/session/1d93a4631ae792b373dbbface5b24201/element/95e66b76-cc34-4600-bfaa-ae57a505d65a/name'
16:05:01.117 [AsyncHttpClient-1-9] DEBUG org.asynchttpclient.netty.handler.HttpHandler - 

Request DefaultFullHttpRequest(decodeResult: success, version: HTTP/1.1, content: EmptyByteBufBE)
GET /session/1d93a4631ae792b373dbbface5b24201/element/95e66b76-cc34-4600-bfaa-ae57a505d65a/name HTTP/1.1
User-Agent: selenium/4.8.1 (java windows)
Cache-Control: no-cache
Content-Type: application/json; charset=utf-8
host: localhost:39862
accept: */*

Response DefaultHttpResponse(decodeResult: success, version: HTTP/1.1)
HTTP/1.1 200 OK
Content-Length: 16
Content-Type: application/json; charset=utf-8
cache-control: no-cache

16:05:01.117 [AsyncHttpClient-1-9] DEBUG org.asynchttpclient.netty.channel.ChannelManager - Adding key: http://localhost:39862 for channel [id: 0x04191505, L:/127.0.0.1:63689 - R:localhost/127.0.0.1:39862]
16:05:01.119 [Forwarding findElement on session 1d93a4631ae792b373dbbface5b24201 to remote] DEBUG org.asynchttpclient.netty.request.NettyRequestSender - Using pooled Channel '[id: 0x04191505, L:/127.0.0.1:63689 - R:localhost/127.0.0.1:39862]' for 'POST' to 'http://localhost:39862/session/1d93a4631ae792b373dbbface5b24201/element'
16:05:01.120 [Forwarding findElement on session 1d93a4631ae792b373dbbface5b24201 to remote] DEBUG org.asynchttpclient.netty.request.NettyRequestSender - Using open Channel [id: 0x04191505, L:/127.0.0.1:63689 - R:localhost/127.0.0.1:39862] for POST '/session/1d93a4631ae792b373dbbface5b24201/element'
16:05:01.125 [AsyncHttpClient-1-9] DEBUG org.asynchttpclient.netty.handler.HttpHandler - 

Request DefaultHttpRequest(decodeResult: success, version: HTTP/1.1)
POST /session/1d93a4631ae792b373dbbface5b24201/element HTTP/1.1
User-Agent: selenium/4.8.1 (java windows)
Content-Length: 69
Content-Type: application/json; charset=utf-8
host: localhost:39862
accept: */*

Response DefaultHttpResponse(decodeResult: success, version: HTTP/1.1)
HTTP/1.1 200 OK
Content-Length: 88
Content-Type: application/json; charset=utf-8
cache-control: no-cache

16:05:01.125 [AsyncHttpClient-1-9] DEBUG org.asynchttpclient.netty.channel.ChannelManager - Adding key: http://localhost:39862 for channel [id: 0x04191505, L:/127.0.0.1:63689 - R:localhost/127.0.0.1:39862]
16:05:01.126 [Forwarding clickElement on session 1d93a4631ae792b373dbbface5b24201 to remote] DEBUG org.asynchttpclient.netty.request.NettyRequestSender - Using pooled Channel '[id: 0x04191505, L:/127.0.0.1:63689 - R:localhost/127.0.0.1:39862]' for 'POST' to 'http://localhost:39862/session/1d93a4631ae792b373dbbface5b24201/element/95e66b76-cc34-4600-bfaa-ae57a505d65a/click'
16:05:01.126 [Forwarding clickElement on session 1d93a4631ae792b373dbbface5b24201 to remote] DEBUG org.asynchttpclient.netty.request.NettyRequestSender - Using open Channel [id: 0x04191505, L:/127.0.0.1:63689 - R:localhost/127.0.0.1:39862] for POST '/session/1d93a4631ae792b373dbbface5b24201/element/95e66b76-cc34-4600-bfaa-ae57a505d65a/click'
16:05:01.166 [AsyncHttpClient-1-9] DEBUG org.asynchttpclient.netty.handler.HttpHandler - 

Request DefaultHttpRequest(decodeResult: success, version: HTTP/1.1)
POST /session/1d93a4631ae792b373dbbface5b24201/element/95e66b76-cc34-4600-bfaa-ae57a505d65a/click HTTP/1.1
User-Agent: selenium/4.8.1 (java windows)
Content-Length: 50
Content-Type: application/json; charset=utf-8
host: localhost:39862
accept: */*

Response DefaultHttpResponse(decodeResult: success, version: HTTP/1.1)
HTTP/1.1 200 OK
Content-Length: 14
Content-Type: application/json; charset=utf-8
cache-control: no-cache

16:05:01.166 [AsyncHttpClient-1-9] DEBUG org.asynchttpclient.netty.channel.ChannelManager - Adding key: http://localhost:39862 for channel [id: 0x04191505, L:/127.0.0.1:63689 - R:localhost/127.0.0.1:39862]
16:05:01.172 [Forwarding getAlertText on session 1d93a4631ae792b373dbbface5b24201 to remote] DEBUG org.asynchttpclient.netty.request.NettyRequestSender - Using pooled Channel '[id: 0x04191505, L:/127.0.0.1:63689 - R:localhost/127.0.0.1:39862]' for 'GET' to 'http://localhost:39862/session/1d93a4631ae792b373dbbface5b24201/alert/text'
16:05:01.173 [Forwarding getAlertText on session 1d93a4631ae792b373dbbface5b24201 to remote] DEBUG org.asynchttpclient.netty.request.NettyRequestSender - Using open Channel [id: 0x04191505, L:/127.0.0.1:63689 - R:localhost/127.0.0.1:39862] for GET '/session/1d93a4631ae792b373dbbface5b24201/alert/text'
16:05:01.174 [AsyncHttpClient-1-9] DEBUG org.asynchttpclient.netty.handler.HttpHandler - 

Request DefaultFullHttpRequest(decodeResult: success, version: HTTP/1.1, content: EmptyByteBufBE)
GET /session/1d93a4631ae792b373dbbface5b24201/alert/text HTTP/1.1
User-Agent: selenium/4.8.1 (java windows)
Cache-Control: no-cache
Content-Type: application/json; charset=utf-8
host: localhost:39862
accept: */*

Response DefaultHttpResponse(decodeResult: success, version: HTTP/1.1)
HTTP/1.1 404 Not Found
Content-Length: 848
Content-Type: application/json; charset=utf-8
cache-control: no-cache

16:05:01.174 [AsyncHttpClient-1-9] DEBUG org.asynchttpclient.netty.channel.ChannelManager - Adding key: http://localhost:39862 for channel [id: 0x04191505, L:/127.0.0.1:63689 - R:localhost/127.0.0.1:39862]
16:05:01.175 [Forwarding getCurrentUrl on session 1d93a4631ae792b373dbbface5b24201 to remote] DEBUG org.asynchttpclient.netty.request.NettyRequestSender - Using pooled Channel '[id: 0x04191505, L:/127.0.0.1:63689 - R:localhost/127.0.0.1:39862]' for 'GET' to 'http://localhost:39862/session/1d93a4631ae792b373dbbface5b24201/url'
16:05:01.175 [Forwarding getCurrentUrl on session 1d93a4631ae792b373dbbface5b24201 to remote] DEBUG org.asynchttpclient.netty.request.NettyRequestSender - Using open Channel [id: 0x04191505, L:/127.0.0.1:63689 - R:localhost/127.0.0.1:39862] for GET '/session/1d93a4631ae792b373dbbface5b24201/url'
16:05:01.178 [AsyncHttpClient-1-9] DEBUG org.asynchttpclient.netty.handler.HttpHandler - 

Request DefaultFullHttpRequest(decodeResult: success, version: HTTP/1.1, content: EmptyByteBufBE)
GET /session/1d93a4631ae792b373dbbface5b24201/url HTTP/1.1
User-Agent: selenium/4.8.1 (java windows)
Cache-Control: no-cache
Content-Type: application/json; charset=utf-8
host: localhost:39862
accept: */*

Response DefaultHttpResponse(decodeResult: success, version: HTTP/1.1)
HTTP/1.1 200 OK
Content-Length: 51
Content-Type: application/json; charset=utf-8
cache-control: no-cache

16:05:01.178 [AsyncHttpClient-1-9] DEBUG org.asynchttpclient.netty.channel.ChannelManager - Adding key: http://localhost:39862 for channel [id: 0x04191505, L:/127.0.0.1:63689 - R:localhost/127.0.0.1:39862]
16:05:01.179 [Forwarding screenshot on session 1d93a4631ae792b373dbbface5b24201 to remote] DEBUG org.asynchttpclient.netty.request.NettyRequestSender - Using pooled Channel '[id: 0x04191505, L:/127.0.0.1:63689 - R:localhost/127.0.0.1:39862]' for 'GET' to 'http://localhost:39862/session/1d93a4631ae792b373dbbface5b24201/screenshot'
16:05:01.179 [Forwarding screenshot on session 1d93a4631ae792b373dbbface5b24201 to remote] DEBUG org.asynchttpclient.netty.request.NettyRequestSender - Using open Channel [id: 0x04191505, L:/127.0.0.1:63689 - R:localhost/127.0.0.1:39862] for GET '/session/1d93a4631ae792b373dbbface5b24201/screenshot'
16:05:01.276 [AsyncHttpClient-1-9] DEBUG org.asynchttpclient.netty.handler.HttpHandler - 

Request DefaultFullHttpRequest(decodeResult: success, version: HTTP/1.1, content: EmptyByteBufBE)
GET /session/1d93a4631ae792b373dbbface5b24201/screenshot HTTP/1.1
User-Agent: selenium/4.8.1 (java windows)
Cache-Control: no-cache
Content-Type: application/json; charset=utf-8
host: localhost:39862
accept: */*

Response DefaultHttpResponse(decodeResult: success, version: HTTP/1.1)
HTTP/1.1 200 OK
Content-Length: 30856
Content-Type: application/json; charset=utf-8
cache-control: no-cache

16:05:01.277 [AsyncHttpClient-1-9] DEBUG org.asynchttpclient.netty.channel.ChannelManager - Adding key: http://localhost:39862 for channel [id: 0x04191505, L:/127.0.0.1:63689 - R:localhost/127.0.0.1:39862]
16:05:01.278 [main] DEBUG net.serenitybdd.core.photography.Darkroom - Send negative for processing for target\site\serenity\ecac213b321fb6a264f805d0dc7c595dd4e0d60abd4ce34d5abd6bdea9e0178e.png
16:05:01.278 [main] DEBUG net.thucydides.core.steps.StepInterceptor - STEP DONE: click button login
16:05:01.279 [Darkroom Processing Line] DEBUG net.serenitybdd.core.photography.DarkroomProcessingLine - Processing screenshot image in /var/screenshots/screenshot-3271993561919894083
16:05:01.279 [Darkroom Processing Line] DEBUG net.serenitybdd.core.photography.DarkroomProcessingLine - Saving screenshot to target\site\serenity\ecac213b321fb6a264f805d0dc7c595dd4e0d60abd4ce34d5abd6bdea9e0178e.png
16:05:01.282 [main] DEBUG net.thucydides.core.steps.StepInterceptor - STARTING STEP: LoginStep.userSuccessLogin - user can see product homepage
16:05:01.285 [Forwarding findElement on session 1d93a4631ae792b373dbbface5b24201 to remote] DEBUG org.asynchttpclient.netty.request.NettyRequestSender - Using pooled Channel '[id: 0x04191505, L:/127.0.0.1:63689 - R:localhost/127.0.0.1:39862]' for 'POST' to 'http://localhost:39862/session/1d93a4631ae792b373dbbface5b24201/element'
16:05:01.285 [Forwarding findElement on session 1d93a4631ae792b373dbbface5b24201 to remote] DEBUG org.asynchttpclient.netty.request.NettyRequestSender - Using open Channel [id: 0x04191505, L:/127.0.0.1:63689 - R:localhost/127.0.0.1:39862] for POST '/session/1d93a4631ae792b373dbbface5b24201/element'
16:05:01.298 [AsyncHttpClient-1-9] DEBUG org.asynchttpclient.netty.handler.HttpHandler - 

Request DefaultHttpRequest(decodeResult: success, version: HTTP/1.1)
POST /session/1d93a4631ae792b373dbbface5b24201/element HTTP/1.1
User-Agent: selenium/4.8.1 (java windows)
Content-Length: 75
Content-Type: application/json; charset=utf-8
host: localhost:39862
accept: */*

Response DefaultHttpResponse(decodeResult: success, version: HTTP/1.1)
HTTP/1.1 200 OK
Content-Length: 88
Content-Type: application/json; charset=utf-8
cache-control: no-cache

16:05:01.298 [AsyncHttpClient-1-9] DEBUG org.asynchttpclient.netty.channel.ChannelManager - Adding key: http://localhost:39862 for channel [id: 0x04191505, L:/127.0.0.1:63689 - R:localhost/127.0.0.1:39862]
16:05:01.300 [Forwarding isElementDisplayed on session 1d93a4631ae792b373dbbface5b24201 to remote] DEBUG org.asynchttpclient.netty.request.NettyRequestSender - Using pooled Channel '[id: 0x04191505, L:/127.0.0.1:63689 - R:localhost/127.0.0.1:39862]' for 'POST' to 'http://localhost:39862/session/1d93a4631ae792b373dbbface5b24201/execute/sync'
16:05:01.300 [Forwarding isElementDisplayed on session 1d93a4631ae792b373dbbface5b24201 to remote] DEBUG org.asynchttpclient.netty.request.NettyRequestSender - Using open Channel [id: 0x04191505, L:/127.0.0.1:63689 - R:localhost/127.0.0.1:39862] for POST '/session/1d93a4631ae792b373dbbface5b24201/execute/sync'
16:05:01.313 [AsyncHttpClient-1-9] DEBUG org.asynchttpclient.netty.handler.HttpHandler - 

Request DefaultHttpRequest(decodeResult: success, version: HTTP/1.1)
POST /session/1d93a4631ae792b373dbbface5b24201/execute/sync HTTP/1.1
User-Agent: selenium/4.8.1 (java windows)
Content-Length: 48807
Content-Type: application/json; charset=utf-8
host: localhost:39862
accept: */*

Response DefaultHttpResponse(decodeResult: success, version: HTTP/1.1)
HTTP/1.1 200 OK
Content-Length: 14
Content-Type: application/json; charset=utf-8
cache-control: no-cache

16:05:01.313 [AsyncHttpClient-1-9] DEBUG org.asynchttpclient.netty.channel.ChannelManager - Adding key: http://localhost:39862 for channel [id: 0x04191505, L:/127.0.0.1:63689 - R:localhost/127.0.0.1:39862]
16:05:01.316 [main] DEBUG net.thucydides.core.steps.StepInterceptor - STEP DONE: user can see product homepage
  &amp#27;[32mGiven &amp#27;[0m&amp#27;[32muser success login&amp#27;[0m                                       &amp#27;[90m# starter.stepdefinition.LoginStep.userSuccessLogin()&amp#27;[0m
16:05:01.332 [main] DEBUG net.thucydides.core.steps.StepInterceptor - STARTING STEP: ProductStep.userClicksADropdownCategory - user clicks a dropdown category
16:05:01.336 [Forwarding findElement on session 1d93a4631ae792b373dbbface5b24201 to remote] DEBUG org.asynchttpclient.netty.request.NettyRequestSender - Using pooled Channel '[id: 0x04191505, L:/127.0.0.1:63689 - R:localhost/127.0.0.1:39862]' for 'POST' to 'http://localhost:39862/session/1d93a4631ae792b373dbbface5b24201/element'
16:05:01.337 [Forwarding findElement on session 1d93a4631ae792b373dbbface5b24201 to remote] DEBUG org.asynchttpclient.netty.request.NettyRequestSender - Using open Channel [id: 0x04191505, L:/127.0.0.1:63689 - R:localhost/127.0.0.1:39862] for POST '/session/1d93a4631ae792b373dbbface5b24201/element'
16:05:01.455 [AsyncHttpClient-1-9] DEBUG org.asynchttpclient.netty.handler.HttpHandler - 

Request DefaultHttpRequest(decodeResult: success, version: HTTP/1.1)
POST /session/1d93a4631ae792b373dbbface5b24201/element HTTP/1.1
User-Agent: selenium/4.8.1 (java windows)
Content-Length: 83
Content-Type: application/json; charset=utf-8
host: localhost:39862
accept: */*

Response DefaultHttpResponse(decodeResult: success, version: HTTP/1.1)
HTTP/1.1 200 OK
Content-Length: 88
Content-Type: application/json; charset=utf-8
cache-control: no-cache

16:05:01.455 [AsyncHttpClient-1-9] DEBUG org.asynchttpclient.netty.channel.ChannelManager - Adding key: http://localhost:39862 for channel [id: 0x04191505, L:/127.0.0.1:63689 - R:localhost/127.0.0.1:39862]
16:05:01.457 [Forwarding getElementTagName on session 1d93a4631ae792b373dbbface5b24201 to remote] DEBUG org.asynchttpclient.netty.request.NettyRequestSender - Using pooled Channel '[id: 0x04191505, L:/127.0.0.1:63689 - R:localhost/127.0.0.1:39862]' for 'GET' to 'http://localhost:39862/session/1d93a4631ae792b373dbbface5b24201/element/c87159f9-f9f3-4150-ba2d-6b9267044231/name'
16:05:01.457 [Forwarding getElementTagName on session 1d93a4631ae792b373dbbface5b24201 to remote] DEBUG org.asynchttpclient.netty.request.NettyRequestSender - Using open Channel [id: 0x04191505, L:/127.0.0.1:63689 - R:localhost/127.0.0.1:39862] for GET '/session/1d93a4631ae792b373dbbface5b24201/element/c87159f9-f9f3-4150-ba2d-6b9267044231/name'
16:05:01.464 [AsyncHttpClient-1-9] DEBUG org.asynchttpclient.netty.handler.HttpHandler - 

Request DefaultFullHttpRequest(decodeResult: success, version: HTTP/1.1, content: EmptyByteBufBE)
GET /session/1d93a4631ae792b373dbbface5b24201/element/c87159f9-f9f3-4150-ba2d-6b9267044231/name HTTP/1.1
User-Agent: selenium/4.8.1 (java windows)
Cache-Control: no-cache
Content-Type: application/json; charset=utf-8
host: localhost:39862
accept: */*

Response DefaultHttpResponse(decodeResult: success, version: HTTP/1.1)
HTTP/1.1 200 OK
Content-Length: 15
Content-Type: application/json; charset=utf-8
cache-control: no-cache

16:05:01.464 [AsyncHttpClient-1-9] DEBUG org.asynchttpclient.netty.channel.ChannelManager - Adding key: http://localhost:39862 for channel [id: 0x04191505, L:/127.0.0.1:63689 - R:localhost/127.0.0.1:39862]
16:05:01.465 [Forwarding getElementTagName on session 1d93a4631ae792b373dbbface5b24201 to remote] DEBUG org.asynchttpclient.netty.request.NettyRequestSender - Using pooled Channel '[id: 0x04191505, L:/127.0.0.1:63689 - R:localhost/127.0.0.1:39862]' for 'GET' to 'http://localhost:39862/session/1d93a4631ae792b373dbbface5b24201/element/c87159f9-f9f3-4150-ba2d-6b9267044231/name'
16:05:01.465 [Forwarding getElementTagName on session 1d93a4631ae792b373dbbface5b24201 to remote] DEBUG org.asynchttpclient.netty.request.NettyRequestSender - Using open Channel [id: 0x04191505, L:/127.0.0.1:63689 - R:localhost/127.0.0.1:39862] for GET '/session/1d93a4631ae792b373dbbface5b24201/element/c87159f9-f9f3-4150-ba2d-6b9267044231/name'
16:05:01.468 [AsyncHttpClient-1-9] DEBUG org.asynchttpclient.netty.handler.HttpHandler - 

Request DefaultFullHttpRequest(decodeResult: success, version: HTTP/1.1, content: EmptyByteBufBE)
GET /session/1d93a4631ae792b373dbbface5b24201/element/c87159f9-f9f3-4150-ba2d-6b9267044231/name HTTP/1.1
User-Agent: selenium/4.8.1 (java windows)
Cache-Control: no-cache
Content-Type: application/json; charset=utf-8
host: localhost:39862
accept: */*

Response DefaultHttpResponse(decodeResult: success, version: HTTP/1.1)
HTTP/1.1 200 OK
Content-Length: 15
Content-Type: application/json; charset=utf-8
cache-control: no-cache

16:05:01.469 [AsyncHttpClient-1-9] DEBUG org.asynchttpclient.netty.channel.ChannelManager - Adding key: http://localhost:39862 for channel [id: 0x04191505, L:/127.0.0.1:63689 - R:localhost/127.0.0.1:39862]
16:05:01.470 [Forwarding findElement on session 1d93a4631ae792b373dbbface5b24201 to remote] DEBUG org.asynchttpclient.netty.request.NettyRequestSender - Using pooled Channel '[id: 0x04191505, L:/127.0.0.1:63689 - R:localhost/127.0.0.1:39862]' for 'POST' to 'http://localhost:39862/session/1d93a4631ae792b373dbbface5b24201/element'
16:05:01.470 [Forwarding findElement on session 1d93a4631ae792b373dbbface5b24201 to remote] DEBUG org.asynchttpclient.netty.request.NettyRequestSender - Using open Channel [id: 0x04191505, L:/127.0.0.1:63689 - R:localhost/127.0.0.1:39862] for POST '/session/1d93a4631ae792b373dbbface5b24201/element'
16:05:01.478 [AsyncHttpClient-1-9] DEBUG org.asynchttpclient.netty.handler.HttpHandler - 

Request DefaultHttpRequest(decodeResult: success, version: HTTP/1.1)
POST /session/1d93a4631ae792b373dbbface5b24201/element HTTP/1.1
User-Agent: selenium/4.8.1 (java windows)
Content-Length: 83
Content-Type: application/json; charset=utf-8
host: localhost:39862
accept: */*

Response DefaultHttpResponse(decodeResult: success, version: HTTP/1.1)
HTTP/1.1 200 OK
Content-Length: 88
Content-Type: application/json; charset=utf-8
cache-control: no-cache

16:05:01.478 [AsyncHttpClient-1-9] DEBUG org.asynchttpclient.netty.channel.ChannelManager - Adding key: http://localhost:39862 for channel [id: 0x04191505, L:/127.0.0.1:63689 - R:localhost/127.0.0.1:39862]
16:05:01.478 [Forwarding clickElement on session 1d93a4631ae792b373dbbface5b24201 to remote] DEBUG org.asynchttpclient.netty.request.NettyRequestSender - Using pooled Channel '[id: 0x04191505, L:/127.0.0.1:63689 - R:localhost/127.0.0.1:39862]' for 'POST' to 'http://localhost:39862/session/1d93a4631ae792b373dbbface5b24201/element/c87159f9-f9f3-4150-ba2d-6b9267044231/click'
16:05:01.478 [Forwarding clickElement on session 1d93a4631ae792b373dbbface5b24201 to remote] DEBUG org.asynchttpclient.netty.request.NettyRequestSender - Using open Channel [id: 0x04191505, L:/127.0.0.1:63689 - R:localhost/127.0.0.1:39862] for POST '/session/1d93a4631ae792b373dbbface5b24201/element/c87159f9-f9f3-4150-ba2d-6b9267044231/click'
16:05:01.533 [AsyncHttpClient-1-9] DEBUG org.asynchttpclient.netty.handler.HttpHandler - 

Request DefaultHttpRequest(decodeResult: success, version: HTTP/1.1)
POST /session/1d93a4631ae792b373dbbface5b24201/element/c87159f9-f9f3-4150-ba2d-6b9267044231/click HTTP/1.1
User-Agent: selenium/4.8.1 (java windows)
Content-Length: 50
Content-Type: application/json; charset=utf-8
host: localhost:39862
accept: */*

Response DefaultHttpResponse(decodeResult: success, version: HTTP/1.1)
HTTP/1.1 200 OK
Content-Length: 14
Content-Type: application/json; charset=utf-8
cache-control: no-cache

16:05:01.533 [AsyncHttpClient-1-9] DEBUG org.asynchttpclient.netty.channel.ChannelManager - Adding key: http://localhost:39862 for channel [id: 0x04191505, L:/127.0.0.1:63689 - R:localhost/127.0.0.1:39862]
16:05:01.542 [Forwarding getAlertText on session 1d93a4631ae792b373dbbface5b24201 to remote] DEBUG org.asynchttpclient.netty.request.NettyRequestSender - Using pooled Channel '[id: 0x04191505, L:/127.0.0.1:63689 - R:localhost/127.0.0.1:39862]' for 'GET' to 'http://localhost:39862/session/1d93a4631ae792b373dbbface5b24201/alert/text'
16:05:01.542 [Forwarding getAlertText on session 1d93a4631ae792b373dbbface5b24201 to remote] DEBUG org.asynchttpclient.netty.request.NettyRequestSender - Using open Channel [id: 0x04191505, L:/127.0.0.1:63689 - R:localhost/127.0.0.1:39862] for GET '/session/1d93a4631ae792b373dbbface5b24201/alert/text'
16:05:01.593 [AsyncHttpClient-1-9] DEBUG org.asynchttpclient.netty.handler.HttpHandler - 

Request DefaultFullHttpRequest(decodeResult: success, version: HTTP/1.1, content: EmptyByteBufBE)
GET /session/1d93a4631ae792b373dbbface5b24201/alert/text HTTP/1.1
User-Agent: selenium/4.8.1 (java windows)
Cache-Control: no-cache
Content-Type: application/json; charset=utf-8
host: localhost:39862
accept: */*

Response DefaultHttpResponse(decodeResult: success, version: HTTP/1.1)
HTTP/1.1 404 Not Found
Content-Length: 848
Content-Type: application/json; charset=utf-8
cache-control: no-cache

16:05:01.593 [AsyncHttpClient-1-9] DEBUG org.asynchttpclient.netty.channel.ChannelManager - Adding key: http://localhost:39862 for channel [id: 0x04191505, L:/127.0.0.1:63689 - R:localhost/127.0.0.1:39862]
16:05:01.595 [Forwarding getCurrentUrl on session 1d93a4631ae792b373dbbface5b24201 to remote] DEBUG org.asynchttpclient.netty.request.NettyRequestSender - Using pooled Channel '[id: 0x04191505, L:/127.0.0.1:63689 - R:localhost/127.0.0.1:39862]' for 'GET' to 'http://localhost:39862/session/1d93a4631ae792b373dbbface5b24201/url'
16:05:01.595 [Forwarding getCurrentUrl on session 1d93a4631ae792b373dbbface5b24201 to remote] DEBUG org.asynchttpclient.netty.request.NettyRequestSender - Using open Channel [id: 0x04191505, L:/127.0.0.1:63689 - R:localhost/127.0.0.1:39862] for GET '/session/1d93a4631ae792b373dbbface5b24201/url'
16:05:01.600 [AsyncHttpClient-1-9] DEBUG org.asynchttpclient.netty.handler.HttpHandler - 

Request DefaultFullHttpRequest(decodeResult: success, version: HTTP/1.1, content: EmptyByteBufBE)
GET /session/1d93a4631ae792b373dbbface5b24201/url HTTP/1.1
User-Agent: selenium/4.8.1 (java windows)
Cache-Control: no-cache
Content-Type: application/json; charset=utf-8
host: localhost:39862
accept: */*

Response DefaultHttpResponse(decodeResult: success, version: HTTP/1.1)
HTTP/1.1 200 OK
Content-Length: 41
Content-Type: application/json; charset=utf-8
cache-control: no-cache

16:05:01.600 [AsyncHttpClient-1-9] DEBUG org.asynchttpclient.netty.channel.ChannelManager - Adding key: http://localhost:39862 for channel [id: 0x04191505, L:/127.0.0.1:63689 - R:localhost/127.0.0.1:39862]
16:05:01.602 [Forwarding screenshot on session 1d93a4631ae792b373dbbface5b24201 to remote] DEBUG org.asynchttpclient.netty.request.NettyRequestSender - Using pooled Channel '[id: 0x04191505, L:/127.0.0.1:63689 - R:localhost/127.0.0.1:39862]' for 'GET' to 'http://localhost:39862/session/1d93a4631ae792b373dbbface5b24201/screenshot'
16:05:01.602 [Forwarding screenshot on session 1d93a4631ae792b373dbbface5b24201 to remote] DEBUG org.asynchttpclient.netty.request.NettyRequestSender - Using open Channel [id: 0x04191505, L:/127.0.0.1:63689 - R:localhost/127.0.0.1:39862] for GET '/session/1d93a4631ae792b373dbbface5b24201/screenshot'
16:05:01.758 [AsyncHttpClient-1-9] DEBUG org.asynchttpclient.netty.handler.HttpHandler - 

Request DefaultFullHttpRequest(decodeResult: success, version: HTTP/1.1, content: EmptyByteBufBE)
GET /session/1d93a4631ae792b373dbbface5b24201/screenshot HTTP/1.1
User-Agent: selenium/4.8.1 (java windows)
Cache-Control: no-cache
Content-Type: application/json; charset=utf-8
host: localhost:39862
accept: */*

Response DefaultHttpResponse(decodeResult: success, version: HTTP/1.1)
HTTP/1.1 200 OK
Content-Length: 31424
Content-Type: application/json; charset=utf-8
cache-control: no-cache

16:05:01.759 [AsyncHttpClient-1-9] DEBUG org.asynchttpclient.netty.channel.ChannelManager - Adding key: http://localhost:39862 for channel [id: 0x04191505, L:/127.0.0.1:63689 - R:localhost/127.0.0.1:39862]
16:05:01.760 [main] DEBUG net.serenitybdd.core.photography.Darkroom - Send negative for processing for target\site\serenity\00b09027a32ef27b9aafeb1ed2720dab56785e7fa7d0056a4744c719ea4dc837.png
16:05:01.761 [main] DEBUG net.thucydides.core.steps.StepInterceptor - STEP DONE: user clicks a dropdown category
  &amp#27;[32mWhen &amp#27;[0m&amp#27;[32muser clicks a dropdown category&amp#27;[0m                           &amp#27;[90m# starter.stepdefinition.ProductStep.userClicksADropdownCategory()&amp#27;[0m
16:05:01.761 [Darkroom Processing Line] DEBUG net.serenitybdd.core.photography.DarkroomProcessingLine - Processing screenshot image in /var/screenshots/screenshot-6076214760236578251
16:05:01.761 [Darkroom Processing Line] DEBUG net.serenitybdd.core.photography.DarkroomProcessingLine - Saving screenshot to target\site\serenity\00b09027a32ef27b9aafeb1ed2720dab56785e7fa7d0056a4744c719ea4dc837.png
16:05:01.774 [main] DEBUG net.thucydides.core.steps.StepInterceptor - STARTING STEP: ProductStep.userClicksOneOfTheCategories - user clicks one of the categories
16:05:01.778 [Forwarding findElement on session 1d93a4631ae792b373dbbface5b24201 to remote] DEBUG org.asynchttpclient.netty.request.NettyRequestSender - Using pooled Channel '[id: 0x04191505, L:/127.0.0.1:63689 - R:localhost/127.0.0.1:39862]' for 'POST' to 'http://localhost:39862/session/1d93a4631ae792b373dbbface5b24201/element'
16:05:01.778 [Forwarding findElement on session 1d93a4631ae792b373dbbface5b24201 to remote] DEBUG org.asynchttpclient.netty.request.NettyRequestSender - Using open Channel [id: 0x04191505, L:/127.0.0.1:63689 - R:localhost/127.0.0.1:39862] for POST '/session/1d93a4631ae792b373dbbface5b24201/element'
16:05:01.793 [AsyncHttpClient-1-9] DEBUG org.asynchttpclient.netty.handler.HttpHandler - 

Request DefaultHttpRequest(decodeResult: success, version: HTTP/1.1)
POST /session/1d93a4631ae792b373dbbface5b24201/element HTTP/1.1
User-Agent: selenium/4.8.1 (java windows)
Content-Length: 81
Content-Type: application/json; charset=utf-8
host: localhost:39862
accept: */*

Response DefaultHttpResponse(decodeResult: success, version: HTTP/1.1)
HTTP/1.1 200 OK
Content-Length: 88
Content-Type: application/json; charset=utf-8
cache-control: no-cache

16:05:01.794 [AsyncHttpClient-1-9] DEBUG org.asynchttpclient.netty.channel.ChannelManager - Adding key: http://localhost:39862 for channel [id: 0x04191505, L:/127.0.0.1:63689 - R:localhost/127.0.0.1:39862]
16:05:01.794 [Forwarding getElementTagName on session 1d93a4631ae792b373dbbface5b24201 to remote] DEBUG org.asynchttpclient.netty.request.NettyRequestSender - Using pooled Channel '[id: 0x04191505, L:/127.0.0.1:63689 - R:localhost/127.0.0.1:39862]' for 'GET' to 'http://localhost:39862/session/1d93a4631ae792b373dbbface5b24201/element/afcc5782-beb0-4308-8c94-3837cc061ac2/name'
16:05:01.794 [Forwarding getElementTagName on session 1d93a4631ae792b373dbbface5b24201 to remote] DEBUG org.asynchttpclient.netty.request.NettyRequestSender - Using open Channel [id: 0x04191505, L:/127.0.0.1:63689 - R:localhost/127.0.0.1:39862] for GET '/session/1d93a4631ae792b373dbbface5b24201/element/afcc5782-beb0-4308-8c94-3837cc061ac2/name'
16:05:01.798 [AsyncHttpClient-1-9] DEBUG org.asynchttpclient.netty.handler.HttpHandler - 

Request DefaultFullHttpRequest(decodeResult: success, version: HTTP/1.1, content: EmptyByteBufBE)
GET /session/1d93a4631ae792b373dbbface5b24201/element/afcc5782-beb0-4308-8c94-3837cc061ac2/name HTTP/1.1
User-Agent: selenium/4.8.1 (java windows)
Cache-Control: no-cache
Content-Type: application/json; charset=utf-8
host: localhost:39862
accept: */*

Response DefaultHttpResponse(decodeResult: success, version: HTTP/1.1)
HTTP/1.1 200 OK
Content-Length: 15
Content-Type: application/json; charset=utf-8
cache-control: no-cache

16:05:01.798 [AsyncHttpClient-1-9] DEBUG org.asynchttpclient.netty.channel.ChannelManager - Adding key: http://localhost:39862 for channel [id: 0x04191505, L:/127.0.0.1:63689 - R:localhost/127.0.0.1:39862]
16:05:01.799 [Forwarding getElementTagName on session 1d93a4631ae792b373dbbface5b24201 to remote] DEBUG org.asynchttpclient.netty.request.NettyRequestSender - Using pooled Channel '[id: 0x04191505, L:/127.0.0.1:63689 - R:localhost/127.0.0.1:39862]' for 'GET' to 'http://localhost:39862/session/1d93a4631ae792b373dbbface5b24201/element/afcc5782-beb0-4308-8c94-3837cc061ac2/name'
16:05:01.799 [Forwarding getElementTagName on session 1d93a4631ae792b373dbbface5b24201 to remote] DEBUG org.asynchttpclient.netty.request.NettyRequestSender - Using open Channel [id: 0x04191505, L:/127.0.0.1:63689 - R:localhost/127.0.0.1:39862] for GET '/session/1d93a4631ae792b373dbbface5b24201/element/afcc5782-beb0-4308-8c94-3837cc061ac2/name'
16:05:01.810 [AsyncHttpClient-1-9] DEBUG org.asynchttpclient.netty.handler.HttpHandler - 

Request DefaultFullHttpRequest(decodeResult: success, version: HTTP/1.1, content: EmptyByteBufBE)
GET /session/1d93a4631ae792b373dbbface5b24201/element/afcc5782-beb0-4308-8c94-3837cc061ac2/name HTTP/1.1
User-Agent: selenium/4.8.1 (java windows)
Cache-Control: no-cache
Content-Type: application/json; charset=utf-8
host: localhost:39862
accept: */*

Response DefaultHttpResponse(decodeResult: success, version: HTTP/1.1)
HTTP/1.1 200 OK
Content-Length: 15
Content-Type: application/json; charset=utf-8
cache-control: no-cache

16:05:01.811 [AsyncHttpClient-1-9] DEBUG org.asynchttpclient.netty.channel.ChannelManager - Adding key: http://localhost:39862 for channel [id: 0x04191505, L:/127.0.0.1:63689 - R:localhost/127.0.0.1:39862]
16:05:01.812 [Forwarding findElement on session 1d93a4631ae792b373dbbface5b24201 to remote] DEBUG org.asynchttpclient.netty.request.NettyRequestSender - Using pooled Channel '[id: 0x04191505, L:/127.0.0.1:63689 - R:localhost/127.0.0.1:39862]' for 'POST' to 'http://localhost:39862/session/1d93a4631ae792b373dbbface5b24201/element'
16:05:01.812 [Forwarding findElement on session 1d93a4631ae792b373dbbface5b24201 to remote] DEBUG org.asynchttpclient.netty.request.NettyRequestSender - Using open Channel [id: 0x04191505, L:/127.0.0.1:63689 - R:localhost/127.0.0.1:39862] for POST '/session/1d93a4631ae792b373dbbface5b24201/element'
16:05:01.824 [AsyncHttpClient-1-9] DEBUG org.asynchttpclient.netty.handler.HttpHandler - 

Request DefaultHttpRequest(decodeResult: success, version: HTTP/1.1)
POST /session/1d93a4631ae792b373dbbface5b24201/element HTTP/1.1
User-Agent: selenium/4.8.1 (java windows)
Content-Length: 81
Content-Type: application/json; charset=utf-8
host: localhost:39862
accept: */*

Response DefaultHttpResponse(decodeResult: success, version: HTTP/1.1)
HTTP/1.1 200 OK
Content-Length: 88
Content-Type: application/json; charset=utf-8
cache-control: no-cache

16:05:01.824 [AsyncHttpClient-1-9] DEBUG org.asynchttpclient.netty.channel.ChannelManager - Adding key: http://localhost:39862 for channel [id: 0x04191505, L:/127.0.0.1:63689 - R:localhost/127.0.0.1:39862]
16:05:01.825 [Forwarding clickElement on session 1d93a4631ae792b373dbbface5b24201 to remote] DEBUG org.asynchttpclient.netty.request.NettyRequestSender - Using pooled Channel '[id: 0x04191505, L:/127.0.0.1:63689 - R:localhost/127.0.0.1:39862]' for 'POST' to 'http://localhost:39862/session/1d93a4631ae792b373dbbface5b24201/element/afcc5782-beb0-4308-8c94-3837cc061ac2/click'
16:05:01.825 [Forwarding clickElement on session 1d93a4631ae792b373dbbface5b24201 to remote] DEBUG org.asynchttpclient.netty.request.NettyRequestSender - Using open Channel [id: 0x04191505, L:/127.0.0.1:63689 - R:localhost/127.0.0.1:39862] for POST '/session/1d93a4631ae792b373dbbface5b24201/element/afcc5782-beb0-4308-8c94-3837cc061ac2/click'
16:05:02.085 [AsyncHttpClient-1-1] DEBUG org.asynchttpclient.netty.channel.DefaultChannelPool - Entry count for : http://localhost:63690 : 1
16:05:03.179 [AsyncHttpClient-1-1] DEBUG org.asynchttpclient.netty.channel.DefaultChannelPool - Entry count for : http://localhost:63690 : 1
16:05:04.277 [AsyncHttpClient-1-1] DEBUG org.asynchttpclient.netty.channel.DefaultChannelPool - Entry count for : http://localhost:63690 : 1
16:05:04.782 [AsyncHttpClient-1-9] DEBUG org.asynchttpclient.netty.handler.HttpHandler - 

Request DefaultHttpRequest(decodeResult: success, version: HTTP/1.1)
POST /session/1d93a4631ae792b373dbbface5b24201/element/afcc5782-beb0-4308-8c94-3837cc061ac2/click HTTP/1.1
User-Agent: selenium/4.8.1 (java windows)
Content-Length: 50
Content-Type: application/json; charset=utf-8
host: localhost:39862
accept: */*

Response DefaultHttpResponse(decodeResult: success, version: HTTP/1.1)
HTTP/1.1 200 OK
Content-Length: 14
Content-Type: application/json; charset=utf-8
cache-control: no-cache

16:05:04.782 [AsyncHttpClient-1-9] DEBUG org.asynchttpclient.netty.channel.ChannelManager - Adding key: http://localhost:39862 for channel [id: 0x04191505, L:/127.0.0.1:63689 - R:localhost/127.0.0.1:39862]
16:05:04.792 [Forwarding getAlertText on session 1d93a4631ae792b373dbbface5b24201 to remote] DEBUG org.asynchttpclient.netty.request.NettyRequestSender - Using pooled Channel '[id: 0x04191505, L:/127.0.0.1:63689 - R:localhost/127.0.0.1:39862]' for 'GET' to 'http://localhost:39862/session/1d93a4631ae792b373dbbface5b24201/alert/text'
16:05:04.792 [Forwarding getAlertText on session 1d93a4631ae792b373dbbface5b24201 to remote] DEBUG org.asynchttpclient.netty.request.NettyRequestSender - Using open Channel [id: 0x04191505, L:/127.0.0.1:63689 - R:localhost/127.0.0.1:39862] for GET '/session/1d93a4631ae792b373dbbface5b24201/alert/text'
16:05:04.971 [AsyncHttpClient-1-9] DEBUG org.asynchttpclient.netty.handler.HttpHandler - 

Request DefaultFullHttpRequest(decodeResult: success, version: HTTP/1.1, content: EmptyByteBufBE)
GET /session/1d93a4631ae792b373dbbface5b24201/alert/text HTTP/1.1
User-Agent: selenium/4.8.1 (java windows)
Cache-Control: no-cache
Content-Type: application/json; charset=utf-8
host: localhost:39862
accept: */*

Response DefaultHttpResponse(decodeResult: success, version: HTTP/1.1)
HTTP/1.1 404 Not Found
Content-Length: 848
Content-Type: application/json; charset=utf-8
cache-control: no-cache

16:05:04.971 [AsyncHttpClient-1-9] DEBUG org.asynchttpclient.netty.channel.ChannelManager - Adding key: http://localhost:39862 for channel [id: 0x04191505, L:/127.0.0.1:63689 - R:localhost/127.0.0.1:39862]
16:05:04.972 [Forwarding getCurrentUrl on session 1d93a4631ae792b373dbbface5b24201 to remote] DEBUG org.asynchttpclient.netty.request.NettyRequestSender - Using pooled Channel '[id: 0x04191505, L:/127.0.0.1:63689 - R:localhost/127.0.0.1:39862]' for 'GET' to 'http://localhost:39862/session/1d93a4631ae792b373dbbface5b24201/url'
16:05:04.972 [Forwarding getCurrentUrl on session 1d93a4631ae792b373dbbface5b24201 to remote] DEBUG org.asynchttpclient.netty.request.NettyRequestSender - Using open Channel [id: 0x04191505, L:/127.0.0.1:63689 - R:localhost/127.0.0.1:39862] for GET '/session/1d93a4631ae792b373dbbface5b24201/url'
16:05:04.986 [AsyncHttpClient-1-9] DEBUG org.asynchttpclient.netty.handler.HttpHandler - 

Request DefaultFullHttpRequest(decodeResult: success, version: HTTP/1.1, content: EmptyByteBufBE)
GET /session/1d93a4631ae792b373dbbface5b24201/url HTTP/1.1
User-Agent: selenium/4.8.1 (java windows)
Cache-Control: no-cache
Content-Type: application/json; charset=utf-8
host: localhost:39862
accept: */*

Response DefaultHttpResponse(decodeResult: success, version: HTTP/1.1)
HTTP/1.1 200 OK
Content-Length: 41
Content-Type: application/json; charset=utf-8
cache-control: no-cache

16:05:04.986 [AsyncHttpClient-1-9] DEBUG org.asynchttpclient.netty.channel.ChannelManager - Adding key: http://localhost:39862 for channel [id: 0x04191505, L:/127.0.0.1:63689 - R:localhost/127.0.0.1:39862]
16:05:04.987 [Forwarding screenshot on session 1d93a4631ae792b373dbbface5b24201 to remote] DEBUG org.asynchttpclient.netty.request.NettyRequestSender - Using pooled Channel '[id: 0x04191505, L:/127.0.0.1:63689 - R:localhost/127.0.0.1:39862]' for 'GET' to 'http://localhost:39862/session/1d93a4631ae792b373dbbface5b24201/screenshot'
16:05:04.987 [Forwarding screenshot on session 1d93a4631ae792b373dbbface5b24201 to remote] DEBUG org.asynchttpclient.netty.request.NettyRequestSender - Using open Channel [id: 0x04191505, L:/127.0.0.1:63689 - R:localhost/127.0.0.1:39862] for GET '/session/1d93a4631ae792b373dbbface5b24201/screenshot'
16:05:05.099 [AsyncHttpClient-1-9] DEBUG org.asynchttpclient.netty.handler.HttpHandler - 

Request DefaultFullHttpRequest(decodeResult: success, version: HTTP/1.1, content: EmptyByteBufBE)
GET /session/1d93a4631ae792b373dbbface5b24201/screenshot HTTP/1.1
User-Agent: selenium/4.8.1 (java windows)
Cache-Control: no-cache
Content-Type: application/json; charset=utf-8
host: localhost:39862
accept: */*

Response DefaultHttpResponse(decodeResult: success, version: HTTP/1.1)
HTTP/1.1 200 OK
Content-Length: 21948
Content-Type: application/json; charset=utf-8
cache-control: no-cache

16:05:05.099 [AsyncHttpClient-1-9] DEBUG org.asynchttpclient.netty.channel.ChannelManager - Adding key: http://localhost:39862 for channel [id: 0x04191505, L:/127.0.0.1:63689 - R:localhost/127.0.0.1:39862]
16:05:05.100 [main] DEBUG net.serenitybdd.core.photography.Darkroom - Send negative for processing for target\site\serenity\e48b8c794e36c967b1154216a77c332ccc5bb192d6d406b0dbee8586e3038677.png
16:05:05.101 [main] DEBUG net.thucydides.core.steps.StepInterceptor - STEP DONE: user clicks one of the categories
  &amp#27;[32mAnd &amp#27;[0m&amp#27;[32muser clicks one of the categories&amp#27;[0m                          &amp#27;[90m# starter.stepdefinition.ProductStep.userClicksOneOfTheCategories()&amp#27;[0m
16:05:05.101 [Darkroom Processing Line] DEBUG net.serenitybdd.core.photography.DarkroomProcessingLine - Processing screenshot image in /var/screenshots/screenshot-9141483527842654684
16:05:05.101 [Darkroom Processing Line] DEBUG net.serenitybdd.core.photography.DarkroomProcessingLine - Saving screenshot to target\site\serenity\e48b8c794e36c967b1154216a77c332ccc5bb192d6d406b0dbee8586e3038677.png
16:05:05.108 [main] DEBUG net.thucydides.core.steps.StepInterceptor - STARTING STEP: ProductStep.userCanSeeMessage - user can see message
16:05:05.109 [Forwarding findElement on session 1d93a4631ae792b373dbbface5b24201 to remote] DEBUG org.asynchttpclient.netty.request.NettyRequestSender - Using pooled Channel '[id: 0x04191505, L:/127.0.0.1:63689 - R:localhost/127.0.0.1:39862]' for 'POST' to 'http://localhost:39862/session/1d93a4631ae792b373dbbface5b24201/element'
16:05:05.109 [Forwarding findElement on session 1d93a4631ae792b373dbbface5b24201 to remote] DEBUG org.asynchttpclient.netty.request.NettyRequestSender - Using open Channel [id: 0x04191505, L:/127.0.0.1:63689 - R:localhost/127.0.0.1:39862] for POST '/session/1d93a4631ae792b373dbbface5b24201/element'
16:05:05.119 [AsyncHttpClient-1-9] DEBUG org.asynchttpclient.netty.handler.HttpHandler - 

Request DefaultHttpRequest(decodeResult: success, version: HTTP/1.1)
POST /session/1d93a4631ae792b373dbbface5b24201/element HTTP/1.1
User-Agent: selenium/4.8.1 (java windows)
Content-Length: 69
Content-Type: application/json; charset=utf-8
host: localhost:39862
accept: */*

Response DefaultHttpResponse(decodeResult: success, version: HTTP/1.1)
HTTP/1.1 200 OK
Content-Length: 88
Content-Type: application/json; charset=utf-8
cache-control: no-cache

16:05:05.119 [AsyncHttpClient-1-9] DEBUG org.asynchttpclient.netty.channel.ChannelManager - Adding key: http://localhost:39862 for channel [id: 0x04191505, L:/127.0.0.1:63689 - R:localhost/127.0.0.1:39862]
16:05:05.121 [Forwarding isElementDisplayed on session 1d93a4631ae792b373dbbface5b24201 to remote] DEBUG org.asynchttpclient.netty.request.NettyRequestSender - Using pooled Channel '[id: 0x04191505, L:/127.0.0.1:63689 - R:localhost/127.0.0.1:39862]' for 'POST' to 'http://localhost:39862/session/1d93a4631ae792b373dbbface5b24201/execute/sync'
16:05:05.121 [Forwarding isElementDisplayed on session 1d93a4631ae792b373dbbface5b24201 to remote] DEBUG org.asynchttpclient.netty.request.NettyRequestSender - Using open Channel [id: 0x04191505, L:/127.0.0.1:63689 - R:localhost/127.0.0.1:39862] for POST '/session/1d93a4631ae792b373dbbface5b24201/execute/sync'
16:05:05.130 [AsyncHttpClient-1-9] DEBUG org.asynchttpclient.netty.handler.HttpHandler - 

Request DefaultHttpRequest(decodeResult: success, version: HTTP/1.1)
POST /session/1d93a4631ae792b373dbbface5b24201/execute/sync HTTP/1.1
User-Agent: selenium/4.8.1 (java windows)
Content-Length: 48807
Content-Type: application/json; charset=utf-8
host: localhost:39862
accept: */*

Response DefaultHttpResponse(decodeResult: success, version: HTTP/1.1)
HTTP/1.1 200 OK
Content-Length: 14
Content-Type: application/json; charset=utf-8
cache-control: no-cache

16:05:05.130 [AsyncHttpClient-1-9] DEBUG org.asynchttpclient.netty.channel.ChannelManager - Adding key: http://localhost:39862 for channel [id: 0x04191505, L:/127.0.0.1:63689 - R:localhost/127.0.0.1:39862]
16:05:05.133 [main] DEBUG net.thucydides.core.steps.StepInterceptor - STEP DONE: user can see message
  &amp#27;[32mThen &amp#27;[0m&amp#27;[32muser can see message &amp#27;[0m&amp#27;[32m&amp#27;[1m"Products is empty!"&amp#27;[0m                 &amp#27;[90m# starter.stepdefinition.ProductStep.userCanSeeMessage(java.lang.String)&amp#27;[0m
16:05:05.137 [main] INFO  - 
  _____   ___   ___   _____     ___     _     ___   ___   ___   ___  
 |_   _| | __| / __| |_   _|   | _ \   /_\   / __| / __| | __| |   \ 
   | |   | _|  \__ \   | |     |  _/  / _ \  \__ \ \__ \ | _|  | |) |
   |_|   |___| |___/   |_|     |_|   /_/ \_\ |___/ |___/ |___| |___/ 

As a user, I want to search for products by categories
----------------------------------------------------------------------
16:05:05.138 [AsyncHttpClient-1-3] DEBUG org.asynchttpclient.netty.handler.WebSocketHandler - Channel Closed: [id: 0x159b42f7, L:/127.0.0.1:63697 ! R:localhost/127.0.0.1:63690] with attribute NettyResponseFuture{currentRetry=0,
	isDone=1,
	isCancelled=0,
	asyncHandler=org.asynchttpclient.ws.WebSocketUpgradeHandler@5e0eedd,
	nettyRequest=org.asynchttpclient.netty.request.NettyRequest@6743a99d,
	future=java.util.concurrent.CompletableFuture@64ecd10f[Completed normally],
	uri=ws://localhost:63690/devtools/browser/99ebdee4-eaec-41c3-b0a1-1a42d4f2d0ec,
	keepAlive=true,
	redirectCount=0,
	timeoutsHolder=null,
	inAuth=0,
	touch=1683104699362}
16:05:05.138 [AsyncHttpClient-1-3] DEBUG org.asynchttpclient.netty.channel.ChannelManager - Closing Channel [id: 0x159b42f7, L:/127.0.0.1:63697 ! R:localhost/127.0.0.1:63690] 
16:05:05.138 [Driver Command Executor] DEBUG org.asynchttpclient.netty.request.NettyRequestSender - Using pooled Channel '[id: 0x04191505, L:/127.0.0.1:63689 - R:localhost/127.0.0.1:39862]' for 'DELETE' to 'http://localhost:39862/session/1d93a4631ae792b373dbbface5b24201'
16:05:05.138 [Driver Command Executor] DEBUG org.asynchttpclient.netty.request.NettyRequestSender - Using open Channel [id: 0x04191505, L:/127.0.0.1:63689 - R:localhost/127.0.0.1:39862] for DELETE '/session/1d93a4631ae792b373dbbface5b24201'
16:05:05.180 [AsyncHttpClient-1-2] DEBUG org.asynchttpclient.netty.handler.HttpHandler - Unexpected I/O exception on channel [id: 0x454e49b3, L:/127.0.0.1:63696 - R:localhost/127.0.0.1:63690]
java.io.IOException: An existing connection was forcibly closed by the remote host
	at sun.nio.ch.SocketDispatcher.read0(Native Method)
	at sun.nio.ch.SocketDispatcher.read(SocketDispatcher.java:43)
	at sun.nio.ch.IOUtil.readIntoNativeBuffer(IOUtil.java:223)
	at sun.nio.ch.IOUtil.read(IOUtil.java:192)
	at sun.nio.ch.SocketChannelImpl.read(SocketChannelImpl.java:378)
	at io.netty.buffer.PooledByteBuf.setBytes(PooledByteBuf.java:259)
	at io.netty.buffer.AbstractByteBuf.writeBytes(AbstractByteBuf.java:1132)
	at io.netty.channel.socket.nio.NioSocketChannel.doReadBytes(NioSocketChannel.java:357)
	at io.netty.channel.nio.AbstractNioByteChannel$NioByteUnsafe.read(AbstractNioByteChannel.java:151)
	at io.netty.channel.nio.NioEventLoop.processSelectedKey(NioEventLoop.java:788)
	at io.netty.channel.nio.NioEventLoop.processSelectedKeysOptimized(NioEventLoop.java:724)
	at io.netty.channel.nio.NioEventLoop.processSelectedKeys(NioEventLoop.java:650)
	at io.netty.channel.nio.NioEventLoop.run(NioEventLoop.java:562)
	at io.netty.util.concurrent.SingleThreadEventExecutor$4.run(SingleThreadEventExecutor.java:997)
	at io.netty.util.internal.ThreadExecutorMap$2.run(ThreadExecutorMap.java:74)
	at io.netty.util.concurrent.FastThreadLocalRunnable.run(FastThreadLocalRunnable.java:30)
	at java.lang.Thread.run(Thread.java:748)
16:05:05.180 [AsyncHttpClient-1-2] DEBUG org.asynchttpclient.netty.channel.ChannelManager - Closing Channel [id: 0x454e49b3, L:/127.0.0.1:63696 - R:localhost/127.0.0.1:63690] 
16:05:05.180 [AsyncHttpClient-1-2] DEBUG org.asynchttpclient.netty.handler.HttpHandler - Channel Closed: [id: 0x454e49b3, L:/127.0.0.1:63696 ! R:localhost/127.0.0.1:63690] with attribute DISCARD
16:05:05.218 [AsyncHttpClient-1-9] DEBUG org.asynchttpclient.netty.handler.HttpHandler - 

Request DefaultFullHttpRequest(decodeResult: success, version: HTTP/1.1, content: EmptyByteBufBE)
DELETE /session/1d93a4631ae792b373dbbface5b24201 HTTP/1.1
User-Agent: selenium/4.8.1 (java windows)
Content-Type: application/json; charset=utf-8
host: localhost:39862
accept: */*

Response DefaultHttpResponse(decodeResult: success, version: HTTP/1.1)
HTTP/1.1 200 OK
Content-Length: 14
Content-Type: application/json; charset=utf-8
cache-control: no-cache

16:05:05.218 [AsyncHttpClient-1-9] DEBUG org.asynchttpclient.netty.channel.ChannelManager - Adding key: http://localhost:39862 for channel [id: 0x04191505, L:/127.0.0.1:63689 - R:localhost/127.0.0.1:39862]
16:05:05.303 [AsyncHttpClient-1-9] DEBUG org.asynchttpclient.netty.handler.HttpHandler - Channel Closed: [id: 0x04191505, L:/127.0.0.1:63689 ! R:localhost/127.0.0.1:39862] with attribute DISCARD
16:05:05.380 [AsyncHttpClient-1-1] DEBUG org.asynchttpclient.netty.channel.DefaultChannelPool - Entry count for : http://localhost:63690 : 1
16:05:05.380 [AsyncHttpClient-1-1] DEBUG org.asynchttpclient.netty.channel.DefaultChannelPool - Entry count for : http://localhost:39862 : 1
16:05:05.380 [AsyncHttpClient-1-1] DEBUG org.asynchttpclient.netty.channel.DefaultChannelPool - Adding Candidate expired Channel [id: 0x454e49b3, L:/127.0.0.1:63696 ! R:localhost/127.0.0.1:63690] isIdleTimeoutExpired=false isRemotelyClosed=true isTtlExpired=false
16:05:05.380 [AsyncHttpClient-1-1] DEBUG org.asynchttpclient.netty.channel.DefaultChannelPool - Closing Idle Channel [id: 0x454e49b3, L:/127.0.0.1:63696 ! R:localhost/127.0.0.1:63690]
16:05:05.380 [AsyncHttpClient-1-1] DEBUG org.asynchttpclient.netty.channel.DefaultChannelPool - Adding Candidate expired Channel [id: 0x04191505, L:/127.0.0.1:63689 ! R:localhost/127.0.0.1:39862] isIdleTimeoutExpired=false isRemotelyClosed=true isTtlExpired=false
16:05:05.380 [AsyncHttpClient-1-1] DEBUG org.asynchttpclient.netty.channel.DefaultChannelPool - Closing Idle Channel [id: 0x04191505, L:/127.0.0.1:63689 ! R:localhost/127.0.0.1:39862]
16:05:05.380 [AsyncHttpClient-1-1] DEBUG org.asynchttpclient.netty.channel.DefaultChannelPool - Closed 2 connections out of 2 in 0 ms
]]></system-out>
    <system-err><![CDATA[Starting ChromeDriver 112.0.5615.49 (bd2a7bcb881c11e8cfe3078709382934e3916914-refs/branch-heads/5615@{#936}) on port 39862
Only local connections are allowed.
Please see https://chromedriver.chromium.org/security-considerations for suggestions on keeping ChromeDriver safe.
ChromeDriver was started successfully.
May 03, 2023 4:04:59 PM org.openqa.selenium.devtools.CdpVersionFinder findNearestMatch
WARNING: Unable to find an exact match for CDP version 112, so returning the closest version found: 110
]]></system-err>
  </testcase>
  <testcase name="As a user, I register with valid data" classname="Register - As a user I want to login So that I have to register account" time="5.767">
    <system-out><![CDATA[16:05:05.832 [main] DEBUG io.cucumber.core.plugin.SerenityReporter - Running feature from file:///C:/Users/user/Downloads/QE_Devi-Agustin-Utari/Mini%20Project/Source_Mini_Project/Web_Automation_AltaShop/src/test/resources/features/Register.feature
16:05:05.836 [main] DEBUG net.thucydides.core.steps.StepEventBus - Test suite started for story net.thucydides.core.model.Story@1ed4c400
16:05:05.836 [main] INFO  - Test Suite Started: Register - As a user I want to login So that I have to register account

@TC_Register_001
Scenario: As a user, I register with valid data &amp#27;[90m# src/test/resources/features/Register.feature:6&amp#27;[0m
16:05:05.841 [main] DEBUG io.cucumber.core.plugin.SerenityReporter - Running feature from file:///C:/Users/user/Downloads/QE_Devi-Agustin-Utari/Mini%20Project/Source_Mini_Project/Web_Automation_AltaShop/src/test/resources/features/Register.feature
16:05:05.843 [main] INFO  - 
  _____   ___   ___   _____     ___   _____     _     ___   _____   ___   ___  
 |_   _| | __| / __| |_   _|   / __| |_   _|   /_\   | _ \ |_   _| | __| |   \ 
   | |   | _|  \__ \   | |     \__ \   | |    / _ \  |   /   | |   | _|  | |) |
   |_|   |___| |___/   |_|     |___/   |_|   /_/ \_\ |_|_\   |_|   |___| |___/ 

As a user, I register with valid data(register---as-a-user-i-want-to-login-so-that-i-have-to-register-account;as-a-user--i-register-with-valid-data)
--------------------------------------------------------------------------------
16:05:05.983 [main] DEBUG net.thucydides.core.steps.StepInterceptor - STARTING STEP: RegisterStep.userOnLoginHomepage - user on login homepage
16:05:06.070 [main] INFO net.serenitybdd.core.webdriver.driverproviders.ChromeDriverProvider - Starting Chrome driver instance with capabilities:
16:05:06.071 [main] INFO net.serenitybdd.core.webdriver.driverproviders.ChromeDriverProvider - Capabilities {acceptInsecureCerts: true, browserName: chrome, goog:chromeOptions: {args: [remote-allow-origins=*, test-type, no-sandbox, ignore-certificate-errors, start-maximized, incognito, disable-infobars, disable-gpu, disable-default-apps, disable-popup-blocking, remote-allow-origins=*, test-type, no-sandbox, ignore-certificate-errors, start-maximized, incognito, disable-infobars, disable-gpu, disable-default-apps, disable-popup-blocking, remote-allow-origins=*], extensions: []}}
16:05:06.692 [AsyncHttpClient-1-4] DEBUG org.asynchttpclient.netty.channel.NettyConnectListener - Using new Channel '[id: 0x332399bb, L:/127.0.0.1:63716 - R:localhost/127.0.0.1:14537]' for 'POST' to '/session'
16:05:07.542 [AsyncHttpClient-1-4] DEBUG org.asynchttpclient.netty.handler.HttpHandler - 

Request DefaultHttpRequest(decodeResult: success, version: HTTP/1.1)
POST /session HTTP/1.1
User-Agent: selenium/4.8.1 (java windows)
Content-Length: 1701
Content-Type: application/json; charset=utf-8
host: localhost:14537
accept: */*

Response DefaultHttpResponse(decodeResult: success, version: HTTP/1.1)
HTTP/1.1 200 OK
Content-Length: 843
Content-Type: application/json; charset=utf-8
cache-control: no-cache

16:05:07.542 [AsyncHttpClient-1-4] DEBUG org.asynchttpclient.netty.channel.ChannelManager - Adding key: http://localhost:14537 for channel [id: 0x332399bb, L:/127.0.0.1:63716 - R:localhost/127.0.0.1:14537]
16:05:07.580 [AsyncHttpClient-1-5] DEBUG org.asynchttpclient.netty.channel.NettyConnectListener - Using new Channel '[id: 0x09e30cd5, L:/127.0.0.1:63722 - R:localhost/127.0.0.1:63717]' for 'GET' to '/json/version'
16:05:07.581 [AsyncHttpClient-1-5] DEBUG org.asynchttpclient.netty.handler.HttpHandler - 

Request DefaultFullHttpRequest(decodeResult: success, version: HTTP/1.1, content: EmptyByteBufBE)
GET /json/version HTTP/1.1
User-Agent: selenium/4.8.1 (java windows)
host: localhost:63717
accept: */*

Response DefaultHttpResponse(decodeResult: success, version: HTTP/1.1)
HTTP/1.1 200 OK
Content-Security-Policy: frame-ancestors 'none'
Content-Length: 424
Content-Type: application/json; charset=UTF-8

16:05:07.581 [AsyncHttpClient-1-5] DEBUG org.asynchttpclient.netty.channel.ChannelManager - Adding key: http://localhost:63717 for channel [id: 0x09e30cd5, L:/127.0.0.1:63722 - R:localhost/127.0.0.1:63717]
16:05:07.591 [AsyncHttpClient-1-6] DEBUG org.asynchttpclient.netty.channel.NettyConnectListener - Using new Channel '[id: 0x9cc6ed71, L:/127.0.0.1:63723 - R:localhost/127.0.0.1:63717]' for 'GET' to '/devtools/browser/a4b9e88e-2b5e-48d8-996c-2c9f604cf4e1'
16:05:07.593 [AsyncHttpClient-1-6] DEBUG org.asynchttpclient.netty.handler.WebSocketHandler - 

Request DefaultFullHttpRequest(decodeResult: success, version: HTTP/1.1, content: EmptyByteBufBE)
GET /devtools/browser/a4b9e88e-2b5e-48d8-996c-2c9f604cf4e1 HTTP/1.1
upgrade: websocket
connection: upgrade
sec-websocket-key: 75A0PXBcG6g3mB1a7vOy9A==
sec-websocket-version: 13
origin: http://localhost:63717
host: localhost:63717
accept: */*
user-agent: AHC/2.1

Response DefaultHttpResponse(decodeResult: success, version: HTTP/1.1)
HTTP/1.1 101 WebSocket Protocol Handshake
Upgrade: WebSocket
Connection: Upgrade
Sec-WebSocket-Accept: PARwbiOGuee7cw6+9SZJOC91iBc=

16:05:07.605 [AsyncHttpClient-1-1] DEBUG org.asynchttpclient.netty.channel.DefaultChannelPool - Entry count for : http://localhost:14537 : 1
16:05:07.605 [AsyncHttpClient-1-1] DEBUG org.asynchttpclient.netty.channel.DefaultChannelPool - Entry count for : http://localhost:63717 : 1
16:05:07.608 [Forwarding get on session 197227984b80f99a07df03c6502abe34 to remote] DEBUG org.asynchttpclient.netty.request.NettyRequestSender - Using pooled Channel '[id: 0x332399bb, L:/127.0.0.1:63716 - R:localhost/127.0.0.1:14537]' for 'POST' to 'http://localhost:14537/session/197227984b80f99a07df03c6502abe34/url'
16:05:07.608 [Forwarding get on session 197227984b80f99a07df03c6502abe34 to remote] DEBUG org.asynchttpclient.netty.request.NettyRequestSender - Using open Channel [id: 0x332399bb, L:/127.0.0.1:63716 - R:localhost/127.0.0.1:14537] for POST '/session/197227984b80f99a07df03c6502abe34/url'
16:05:08.678 [AsyncHttpClient-1-1] DEBUG org.asynchttpclient.netty.channel.DefaultChannelPool - Entry count for : http://localhost:63717 : 1
16:05:09.328 [AsyncHttpClient-1-4] DEBUG org.asynchttpclient.netty.handler.HttpHandler - 

Request DefaultHttpRequest(decodeResult: success, version: HTTP/1.1)
POST /session/197227984b80f99a07df03c6502abe34/url HTTP/1.1
User-Agent: selenium/4.8.1 (java windows)
Content-Length: 74
Content-Type: application/json; charset=utf-8
host: localhost:14537
accept: */*

Response DefaultHttpResponse(decodeResult: success, version: HTTP/1.1)
HTTP/1.1 200 OK
Content-Length: 14
Content-Type: application/json; charset=utf-8
cache-control: no-cache

16:05:09.328 [AsyncHttpClient-1-4] DEBUG org.asynchttpclient.netty.channel.ChannelManager - Adding key: http://localhost:14537 for channel [id: 0x332399bb, L:/127.0.0.1:63716 - R:localhost/127.0.0.1:14537]
16:05:09.329 [Forwarding setTimeout on session 197227984b80f99a07df03c6502abe34 to remote] DEBUG org.asynchttpclient.netty.request.NettyRequestSender - Using pooled Channel '[id: 0x332399bb, L:/127.0.0.1:63716 - R:localhost/127.0.0.1:14537]' for 'POST' to 'http://localhost:14537/session/197227984b80f99a07df03c6502abe34/timeouts'
16:05:09.329 [Forwarding setTimeout on session 197227984b80f99a07df03c6502abe34 to remote] DEBUG org.asynchttpclient.netty.request.NettyRequestSender - Using open Channel [id: 0x332399bb, L:/127.0.0.1:63716 - R:localhost/127.0.0.1:14537] for POST '/session/197227984b80f99a07df03c6502abe34/timeouts'
16:05:09.330 [AsyncHttpClient-1-4] DEBUG org.asynchttpclient.netty.handler.HttpHandler - 

Request DefaultHttpRequest(decodeResult: success, version: HTTP/1.1)
POST /session/197227984b80f99a07df03c6502abe34/timeouts HTTP/1.1
User-Agent: selenium/4.8.1 (java windows)
Content-Length: 22
Content-Type: application/json; charset=utf-8
host: localhost:14537
accept: */*

Response DefaultHttpResponse(decodeResult: success, version: HTTP/1.1)
HTTP/1.1 200 OK
Content-Length: 14
Content-Type: application/json; charset=utf-8
cache-control: no-cache

16:05:09.330 [AsyncHttpClient-1-4] DEBUG org.asynchttpclient.netty.channel.ChannelManager - Adding key: http://localhost:14537 for channel [id: 0x332399bb, L:/127.0.0.1:63716 - R:localhost/127.0.0.1:14537]
16:05:09.337 [Forwarding findElement on session 197227984b80f99a07df03c6502abe34 to remote] DEBUG org.asynchttpclient.netty.request.NettyRequestSender - Using pooled Channel '[id: 0x332399bb, L:/127.0.0.1:63716 - R:localhost/127.0.0.1:14537]' for 'POST' to 'http://localhost:14537/session/197227984b80f99a07df03c6502abe34/element'
16:05:09.337 [Forwarding findElement on session 197227984b80f99a07df03c6502abe34 to remote] DEBUG org.asynchttpclient.netty.request.NettyRequestSender - Using open Channel [id: 0x332399bb, L:/127.0.0.1:63716 - R:localhost/127.0.0.1:14537] for POST '/session/197227984b80f99a07df03c6502abe34/element'
16:05:09.352 [AsyncHttpClient-1-4] DEBUG org.asynchttpclient.netty.handler.HttpHandler - 

Request DefaultHttpRequest(decodeResult: success, version: HTTP/1.1)
POST /session/197227984b80f99a07df03c6502abe34/element HTTP/1.1
User-Agent: selenium/4.8.1 (java windows)
Content-Length: 69
Content-Type: application/json; charset=utf-8
host: localhost:14537
accept: */*

Response DefaultHttpResponse(decodeResult: success, version: HTTP/1.1)
HTTP/1.1 200 OK
Content-Length: 88
Content-Type: application/json; charset=utf-8
cache-control: no-cache

16:05:09.352 [AsyncHttpClient-1-4] DEBUG org.asynchttpclient.netty.channel.ChannelManager - Adding key: http://localhost:14537 for channel [id: 0x332399bb, L:/127.0.0.1:63716 - R:localhost/127.0.0.1:14537]
16:05:09.355 [Forwarding isElementDisplayed on session 197227984b80f99a07df03c6502abe34 to remote] DEBUG org.asynchttpclient.netty.request.NettyRequestSender - Using pooled Channel '[id: 0x332399bb, L:/127.0.0.1:63716 - R:localhost/127.0.0.1:14537]' for 'POST' to 'http://localhost:14537/session/197227984b80f99a07df03c6502abe34/execute/sync'
16:05:09.355 [Forwarding isElementDisplayed on session 197227984b80f99a07df03c6502abe34 to remote] DEBUG org.asynchttpclient.netty.request.NettyRequestSender - Using open Channel [id: 0x332399bb, L:/127.0.0.1:63716 - R:localhost/127.0.0.1:14537] for POST '/session/197227984b80f99a07df03c6502abe34/execute/sync'
16:05:09.367 [AsyncHttpClient-1-4] DEBUG org.asynchttpclient.netty.handler.HttpHandler - 

Request DefaultHttpRequest(decodeResult: success, version: HTTP/1.1)
POST /session/197227984b80f99a07df03c6502abe34/execute/sync HTTP/1.1
User-Agent: selenium/4.8.1 (java windows)
Content-Length: 48807
Content-Type: application/json; charset=utf-8
host: localhost:14537
accept: */*

Response DefaultHttpResponse(decodeResult: success, version: HTTP/1.1)
HTTP/1.1 200 OK
Content-Length: 14
Content-Type: application/json; charset=utf-8
cache-control: no-cache

16:05:09.367 [AsyncHttpClient-1-4] DEBUG org.asynchttpclient.netty.channel.ChannelManager - Adding key: http://localhost:14537 for channel [id: 0x332399bb, L:/127.0.0.1:63716 - R:localhost/127.0.0.1:14537]
16:05:09.370 [main] DEBUG net.serenitybdd.core.photography.Darkroom - Opening darkroom
16:05:09.370 [Darkroom Processing Line] DEBUG net.serenitybdd.core.photography.DarkroomProcessingLine - Darkroom processing line starting up
16:05:09.371 [Forwarding getAlertText on session 197227984b80f99a07df03c6502abe34 to remote] DEBUG org.asynchttpclient.netty.request.NettyRequestSender - Using pooled Channel '[id: 0x332399bb, L:/127.0.0.1:63716 - R:localhost/127.0.0.1:14537]' for 'GET' to 'http://localhost:14537/session/197227984b80f99a07df03c6502abe34/alert/text'
16:05:09.371 [Forwarding getAlertText on session 197227984b80f99a07df03c6502abe34 to remote] DEBUG org.asynchttpclient.netty.request.NettyRequestSender - Using open Channel [id: 0x332399bb, L:/127.0.0.1:63716 - R:localhost/127.0.0.1:14537] for GET '/session/197227984b80f99a07df03c6502abe34/alert/text'
16:05:09.373 [AsyncHttpClient-1-4] DEBUG org.asynchttpclient.netty.handler.HttpHandler - 

Request DefaultFullHttpRequest(decodeResult: success, version: HTTP/1.1, content: EmptyByteBufBE)
GET /session/197227984b80f99a07df03c6502abe34/alert/text HTTP/1.1
User-Agent: selenium/4.8.1 (java windows)
Cache-Control: no-cache
Content-Type: application/json; charset=utf-8
host: localhost:14537
accept: */*

Response DefaultHttpResponse(decodeResult: success, version: HTTP/1.1)
HTTP/1.1 404 Not Found
Content-Length: 848
Content-Type: application/json; charset=utf-8
cache-control: no-cache

16:05:09.373 [AsyncHttpClient-1-4] DEBUG org.asynchttpclient.netty.channel.ChannelManager - Adding key: http://localhost:14537 for channel [id: 0x332399bb, L:/127.0.0.1:63716 - R:localhost/127.0.0.1:14537]
16:05:09.374 [Forwarding getCurrentUrl on session 197227984b80f99a07df03c6502abe34 to remote] DEBUG org.asynchttpclient.netty.request.NettyRequestSender - Using pooled Channel '[id: 0x332399bb, L:/127.0.0.1:63716 - R:localhost/127.0.0.1:14537]' for 'GET' to 'http://localhost:14537/session/197227984b80f99a07df03c6502abe34/url'
16:05:09.374 [Forwarding getCurrentUrl on session 197227984b80f99a07df03c6502abe34 to remote] DEBUG org.asynchttpclient.netty.request.NettyRequestSender - Using open Channel [id: 0x332399bb, L:/127.0.0.1:63716 - R:localhost/127.0.0.1:14537] for GET '/session/197227984b80f99a07df03c6502abe34/url'
16:05:09.379 [AsyncHttpClient-1-4] DEBUG org.asynchttpclient.netty.handler.HttpHandler - 

Request DefaultFullHttpRequest(decodeResult: success, version: HTTP/1.1, content: EmptyByteBufBE)
GET /session/197227984b80f99a07df03c6502abe34/url HTTP/1.1
User-Agent: selenium/4.8.1 (java windows)
Cache-Control: no-cache
Content-Type: application/json; charset=utf-8
host: localhost:14537
accept: */*

Response DefaultHttpResponse(decodeResult: success, version: HTTP/1.1)
HTTP/1.1 200 OK
Content-Length: 51
Content-Type: application/json; charset=utf-8
cache-control: no-cache

16:05:09.379 [AsyncHttpClient-1-4] DEBUG org.asynchttpclient.netty.channel.ChannelManager - Adding key: http://localhost:14537 for channel [id: 0x332399bb, L:/127.0.0.1:63716 - R:localhost/127.0.0.1:14537]
16:05:09.379 [Forwarding screenshot on session 197227984b80f99a07df03c6502abe34 to remote] DEBUG org.asynchttpclient.netty.request.NettyRequestSender - Using pooled Channel '[id: 0x332399bb, L:/127.0.0.1:63716 - R:localhost/127.0.0.1:14537]' for 'GET' to 'http://localhost:14537/session/197227984b80f99a07df03c6502abe34/screenshot'
16:05:09.379 [Forwarding screenshot on session 197227984b80f99a07df03c6502abe34 to remote] DEBUG org.asynchttpclient.netty.request.NettyRequestSender - Using open Channel [id: 0x332399bb, L:/127.0.0.1:63716 - R:localhost/127.0.0.1:14537] for GET '/session/197227984b80f99a07df03c6502abe34/screenshot'
16:05:09.452 [AsyncHttpClient-1-4] DEBUG org.asynchttpclient.netty.handler.HttpHandler - 

Request DefaultFullHttpRequest(decodeResult: success, version: HTTP/1.1, content: EmptyByteBufBE)
GET /session/197227984b80f99a07df03c6502abe34/screenshot HTTP/1.1
User-Agent: selenium/4.8.1 (java windows)
Cache-Control: no-cache
Content-Type: application/json; charset=utf-8
host: localhost:14537
accept: */*

Response DefaultHttpResponse(decodeResult: success, version: HTTP/1.1)
HTTP/1.1 200 OK
Content-Length: 25060
Content-Type: application/json; charset=utf-8
cache-control: no-cache

16:05:09.452 [AsyncHttpClient-1-4] DEBUG org.asynchttpclient.netty.channel.ChannelManager - Adding key: http://localhost:14537 for channel [id: 0x332399bb, L:/127.0.0.1:63716 - R:localhost/127.0.0.1:14537]
16:05:09.454 [main] DEBUG net.serenitybdd.core.photography.Darkroom - Send negative for processing for target\site\serenity\1db263dd5c04c8fe15e82ee6420144d4e1e7b9826b9315cfd7ec5b5d0da76045.png
16:05:09.454 [main] DEBUG net.thucydides.core.steps.StepInterceptor - STEP DONE: user on login homepage
  &amp#27;[32mGiven &amp#27;[0m&amp#27;[32muser on login homepage&amp#27;[0m                  &amp#27;[90m# starter.stepdefinition.RegisterStep.userOnLoginHomepage()&amp#27;[0m
16:05:09.462 [main] DEBUG net.thucydides.core.steps.StepInterceptor - STARTING STEP: RegisterStep.userClickRegister - user click register
16:05:09.464 [Forwarding findElement on session 197227984b80f99a07df03c6502abe34 to remote] DEBUG org.asynchttpclient.netty.request.NettyRequestSender - Using pooled Channel '[id: 0x332399bb, L:/127.0.0.1:63716 - R:localhost/127.0.0.1:14537]' for 'POST' to 'http://localhost:14537/session/197227984b80f99a07df03c6502abe34/element'
16:05:09.464 [Forwarding findElement on session 197227984b80f99a07df03c6502abe34 to remote] DEBUG org.asynchttpclient.netty.request.NettyRequestSender - Using open Channel [id: 0x332399bb, L:/127.0.0.1:63716 - R:localhost/127.0.0.1:14537] for POST '/session/197227984b80f99a07df03c6502abe34/element'
16:05:09.474 [AsyncHttpClient-1-4] DEBUG org.asynchttpclient.netty.handler.HttpHandler - 

Request DefaultHttpRequest(decodeResult: success, version: HTTP/1.1)
POST /session/197227984b80f99a07df03c6502abe34/element HTTP/1.1
User-Agent: selenium/4.8.1 (java windows)
Content-Length: 84
Content-Type: application/json; charset=utf-8
host: localhost:14537
accept: */*

Response DefaultHttpResponse(decodeResult: success, version: HTTP/1.1)
HTTP/1.1 200 OK
Content-Length: 88
Content-Type: application/json; charset=utf-8
cache-control: no-cache

16:05:09.474 [AsyncHttpClient-1-4] DEBUG org.asynchttpclient.netty.channel.ChannelManager - Adding key: http://localhost:14537 for channel [id: 0x332399bb, L:/127.0.0.1:63716 - R:localhost/127.0.0.1:14537]
16:05:09.475 [Forwarding getElementTagName on session 197227984b80f99a07df03c6502abe34 to remote] DEBUG org.asynchttpclient.netty.request.NettyRequestSender - Using pooled Channel '[id: 0x332399bb, L:/127.0.0.1:63716 - R:localhost/127.0.0.1:14537]' for 'GET' to 'http://localhost:14537/session/197227984b80f99a07df03c6502abe34/element/3481bc51-8284-44d9-ac9b-91682fa1a765/name'
16:05:09.475 [Forwarding getElementTagName on session 197227984b80f99a07df03c6502abe34 to remote] DEBUG org.asynchttpclient.netty.request.NettyRequestSender - Using open Channel [id: 0x332399bb, L:/127.0.0.1:63716 - R:localhost/127.0.0.1:14537] for GET '/session/197227984b80f99a07df03c6502abe34/element/3481bc51-8284-44d9-ac9b-91682fa1a765/name'
16:05:09.479 [AsyncHttpClient-1-4] DEBUG org.asynchttpclient.netty.handler.HttpHandler - 

Request DefaultFullHttpRequest(decodeResult: success, version: HTTP/1.1, content: EmptyByteBufBE)
GET /session/197227984b80f99a07df03c6502abe34/element/3481bc51-8284-44d9-ac9b-91682fa1a765/name HTTP/1.1
User-Agent: selenium/4.8.1 (java windows)
Cache-Control: no-cache
Content-Type: application/json; charset=utf-8
host: localhost:14537
accept: */*

Response DefaultHttpResponse(decodeResult: success, version: HTTP/1.1)
HTTP/1.1 200 OK
Content-Length: 13
Content-Type: application/json; charset=utf-8
cache-control: no-cache

16:05:09.479 [AsyncHttpClient-1-4] DEBUG org.asynchttpclient.netty.channel.ChannelManager - Adding key: http://localhost:14537 for channel [id: 0x332399bb, L:/127.0.0.1:63716 - R:localhost/127.0.0.1:14537]
16:05:09.480 [Forwarding getElementTagName on session 197227984b80f99a07df03c6502abe34 to remote] DEBUG org.asynchttpclient.netty.request.NettyRequestSender - Using pooled Channel '[id: 0x332399bb, L:/127.0.0.1:63716 - R:localhost/127.0.0.1:14537]' for 'GET' to 'http://localhost:14537/session/197227984b80f99a07df03c6502abe34/element/3481bc51-8284-44d9-ac9b-91682fa1a765/name'
16:05:09.480 [Forwarding getElementTagName on session 197227984b80f99a07df03c6502abe34 to remote] DEBUG org.asynchttpclient.netty.request.NettyRequestSender - Using open Channel [id: 0x332399bb, L:/127.0.0.1:63716 - R:localhost/127.0.0.1:14537] for GET '/session/197227984b80f99a07df03c6502abe34/element/3481bc51-8284-44d9-ac9b-91682fa1a765/name'
16:05:09.484 [AsyncHttpClient-1-4] DEBUG org.asynchttpclient.netty.handler.HttpHandler - 

Request DefaultFullHttpRequest(decodeResult: success, version: HTTP/1.1, content: EmptyByteBufBE)
GET /session/197227984b80f99a07df03c6502abe34/element/3481bc51-8284-44d9-ac9b-91682fa1a765/name HTTP/1.1
User-Agent: selenium/4.8.1 (java windows)
Cache-Control: no-cache
Content-Type: application/json; charset=utf-8
host: localhost:14537
accept: */*

Response DefaultHttpResponse(decodeResult: success, version: HTTP/1.1)
HTTP/1.1 200 OK
Content-Length: 13
Content-Type: application/json; charset=utf-8
cache-control: no-cache

16:05:09.484 [AsyncHttpClient-1-4] DEBUG org.asynchttpclient.netty.channel.ChannelManager - Adding key: http://localhost:14537 for channel [id: 0x332399bb, L:/127.0.0.1:63716 - R:localhost/127.0.0.1:14537]
16:05:09.485 [Forwarding findElement on session 197227984b80f99a07df03c6502abe34 to remote] DEBUG org.asynchttpclient.netty.request.NettyRequestSender - Using pooled Channel '[id: 0x332399bb, L:/127.0.0.1:63716 - R:localhost/127.0.0.1:14537]' for 'POST' to 'http://localhost:14537/session/197227984b80f99a07df03c6502abe34/element'
16:05:09.485 [Forwarding findElement on session 197227984b80f99a07df03c6502abe34 to remote] DEBUG org.asynchttpclient.netty.request.NettyRequestSender - Using open Channel [id: 0x332399bb, L:/127.0.0.1:63716 - R:localhost/127.0.0.1:14537] for POST '/session/197227984b80f99a07df03c6502abe34/element'
16:05:09.491 [AsyncHttpClient-1-4] DEBUG org.asynchttpclient.netty.handler.HttpHandler - 

Request DefaultHttpRequest(decodeResult: success, version: HTTP/1.1)
POST /session/197227984b80f99a07df03c6502abe34/element HTTP/1.1
User-Agent: selenium/4.8.1 (java windows)
Content-Length: 84
Content-Type: application/json; charset=utf-8
host: localhost:14537
accept: */*

Response DefaultHttpResponse(decodeResult: success, version: HTTP/1.1)
HTTP/1.1 200 OK
Content-Length: 88
Content-Type: application/json; charset=utf-8
cache-control: no-cache

16:05:09.491 [AsyncHttpClient-1-4] DEBUG org.asynchttpclient.netty.channel.ChannelManager - Adding key: http://localhost:14537 for channel [id: 0x332399bb, L:/127.0.0.1:63716 - R:localhost/127.0.0.1:14537]
16:05:09.491 [Forwarding clickElement on session 197227984b80f99a07df03c6502abe34 to remote] DEBUG org.asynchttpclient.netty.request.NettyRequestSender - Using pooled Channel '[id: 0x332399bb, L:/127.0.0.1:63716 - R:localhost/127.0.0.1:14537]' for 'POST' to 'http://localhost:14537/session/197227984b80f99a07df03c6502abe34/element/3481bc51-8284-44d9-ac9b-91682fa1a765/click'
16:05:09.491 [Forwarding clickElement on session 197227984b80f99a07df03c6502abe34 to remote] DEBUG org.asynchttpclient.netty.request.NettyRequestSender - Using open Channel [id: 0x332399bb, L:/127.0.0.1:63716 - R:localhost/127.0.0.1:14537] for POST '/session/197227984b80f99a07df03c6502abe34/element/3481bc51-8284-44d9-ac9b-91682fa1a765/click'
16:05:09.525 [AsyncHttpClient-1-4] DEBUG org.asynchttpclient.netty.handler.HttpHandler - 

Request DefaultHttpRequest(decodeResult: success, version: HTTP/1.1)
POST /session/197227984b80f99a07df03c6502abe34/element/3481bc51-8284-44d9-ac9b-91682fa1a765/click HTTP/1.1
User-Agent: selenium/4.8.1 (java windows)
Content-Length: 50
Content-Type: application/json; charset=utf-8
host: localhost:14537
accept: */*

Response DefaultHttpResponse(decodeResult: success, version: HTTP/1.1)
HTTP/1.1 200 OK
Content-Length: 14
Content-Type: application/json; charset=utf-8
cache-control: no-cache

16:05:09.526 [AsyncHttpClient-1-4] DEBUG org.asynchttpclient.netty.channel.ChannelManager - Adding key: http://localhost:14537 for channel [id: 0x332399bb, L:/127.0.0.1:63716 - R:localhost/127.0.0.1:14537]
16:05:09.541 [Forwarding getAlertText on session 197227984b80f99a07df03c6502abe34 to remote] DEBUG org.asynchttpclient.netty.request.NettyRequestSender - Using pooled Channel '[id: 0x332399bb, L:/127.0.0.1:63716 - R:localhost/127.0.0.1:14537]' for 'GET' to 'http://localhost:14537/session/197227984b80f99a07df03c6502abe34/alert/text'
16:05:09.541 [Forwarding getAlertText on session 197227984b80f99a07df03c6502abe34 to remote] DEBUG org.asynchttpclient.netty.request.NettyRequestSender - Using open Channel [id: 0x332399bb, L:/127.0.0.1:63716 - R:localhost/127.0.0.1:14537] for GET '/session/197227984b80f99a07df03c6502abe34/alert/text'
16:05:09.553 [AsyncHttpClient-1-4] DEBUG org.asynchttpclient.netty.handler.HttpHandler - 

Request DefaultFullHttpRequest(decodeResult: success, version: HTTP/1.1, content: EmptyByteBufBE)
GET /session/197227984b80f99a07df03c6502abe34/alert/text HTTP/1.1
User-Agent: selenium/4.8.1 (java windows)
Cache-Control: no-cache
Content-Type: application/json; charset=utf-8
host: localhost:14537
accept: */*

Response DefaultHttpResponse(decodeResult: success, version: HTTP/1.1)
HTTP/1.1 404 Not Found
Content-Length: 848
Content-Type: application/json; charset=utf-8
cache-control: no-cache

16:05:09.553 [AsyncHttpClient-1-4] DEBUG org.asynchttpclient.netty.channel.ChannelManager - Adding key: http://localhost:14537 for channel [id: 0x332399bb, L:/127.0.0.1:63716 - R:localhost/127.0.0.1:14537]
16:05:09.554 [Forwarding getCurrentUrl on session 197227984b80f99a07df03c6502abe34 to remote] DEBUG org.asynchttpclient.netty.request.NettyRequestSender - Using pooled Channel '[id: 0x332399bb, L:/127.0.0.1:63716 - R:localhost/127.0.0.1:14537]' for 'GET' to 'http://localhost:14537/session/197227984b80f99a07df03c6502abe34/url'
16:05:09.554 [Forwarding getCurrentUrl on session 197227984b80f99a07df03c6502abe34 to remote] DEBUG org.asynchttpclient.netty.request.NettyRequestSender - Using open Channel [id: 0x332399bb, L:/127.0.0.1:63716 - R:localhost/127.0.0.1:14537] for GET '/session/197227984b80f99a07df03c6502abe34/url'
16:05:09.565 [AsyncHttpClient-1-4] DEBUG org.asynchttpclient.netty.handler.HttpHandler - 

Request DefaultFullHttpRequest(decodeResult: success, version: HTTP/1.1, content: EmptyByteBufBE)
GET /session/197227984b80f99a07df03c6502abe34/url HTTP/1.1
User-Agent: selenium/4.8.1 (java windows)
Cache-Control: no-cache
Content-Type: application/json; charset=utf-8
host: localhost:14537
accept: */*

Response DefaultHttpResponse(decodeResult: success, version: HTTP/1.1)
HTTP/1.1 200 OK
Content-Length: 54
Content-Type: application/json; charset=utf-8
cache-control: no-cache

16:05:09.565 [AsyncHttpClient-1-4] DEBUG org.asynchttpclient.netty.channel.ChannelManager - Adding key: http://localhost:14537 for channel [id: 0x332399bb, L:/127.0.0.1:63716 - R:localhost/127.0.0.1:14537]
16:05:09.566 [Forwarding screenshot on session 197227984b80f99a07df03c6502abe34 to remote] DEBUG org.asynchttpclient.netty.request.NettyRequestSender - Using pooled Channel '[id: 0x332399bb, L:/127.0.0.1:63716 - R:localhost/127.0.0.1:14537]' for 'GET' to 'http://localhost:14537/session/197227984b80f99a07df03c6502abe34/screenshot'
16:05:09.566 [Forwarding screenshot on session 197227984b80f99a07df03c6502abe34 to remote] DEBUG org.asynchttpclient.netty.request.NettyRequestSender - Using open Channel [id: 0x332399bb, L:/127.0.0.1:63716 - R:localhost/127.0.0.1:14537] for GET '/session/197227984b80f99a07df03c6502abe34/screenshot'
16:05:09.675 [AsyncHttpClient-1-4] DEBUG org.asynchttpclient.netty.handler.HttpHandler - 

Request DefaultFullHttpRequest(decodeResult: success, version: HTTP/1.1, content: EmptyByteBufBE)
GET /session/197227984b80f99a07df03c6502abe34/screenshot HTTP/1.1
User-Agent: selenium/4.8.1 (java windows)
Cache-Control: no-cache
Content-Type: application/json; charset=utf-8
host: localhost:14537
accept: */*

Response DefaultHttpResponse(decodeResult: success, version: HTTP/1.1)
HTTP/1.1 200 OK
Content-Length: 29736
Content-Type: application/json; charset=utf-8
cache-control: no-cache

16:05:09.675 [AsyncHttpClient-1-4] DEBUG org.asynchttpclient.netty.channel.ChannelManager - Adding key: http://localhost:14537 for channel [id: 0x332399bb, L:/127.0.0.1:63716 - R:localhost/127.0.0.1:14537]
16:05:09.676 [main] DEBUG net.serenitybdd.core.photography.Darkroom - Send negative for processing for target\site\serenity\4483762c880586e376db97ee87af78ecdfed1b519253aeada9d8e70d529c0abc.png
16:05:09.676 [main] DEBUG net.thucydides.core.steps.StepInterceptor - STEP DONE: user click register
  &amp#27;[32mAnd &amp#27;[0m&amp#27;[32muser click register&amp#27;[0m                       &amp#27;[90m# starter.stepdefinition.RegisterStep.userClickRegister()&amp#27;[0m
16:05:09.676 [Darkroom Processing Line] DEBUG net.serenitybdd.core.photography.DarkroomProcessingLine - Processing screenshot image in /var/screenshots/screenshot-256679293968498122
16:05:09.676 [Darkroom Processing Line] DEBUG net.serenitybdd.core.photography.DarkroomProcessingLine - Saving screenshot to target\site\serenity\4483762c880586e376db97ee87af78ecdfed1b519253aeada9d8e70d529c0abc.png
16:05:09.685 [main] DEBUG net.thucydides.core.steps.StepInterceptor - STARTING STEP: RegisterStep.userInputfullname - user input full name
16:05:09.687 [Forwarding findElement on session 197227984b80f99a07df03c6502abe34 to remote] DEBUG org.asynchttpclient.netty.request.NettyRequestSender - Using pooled Channel '[id: 0x332399bb, L:/127.0.0.1:63716 - R:localhost/127.0.0.1:14537]' for 'POST' to 'http://localhost:14537/session/197227984b80f99a07df03c6502abe34/element'
16:05:09.687 [Forwarding findElement on session 197227984b80f99a07df03c6502abe34 to remote] DEBUG org.asynchttpclient.netty.request.NettyRequestSender - Using open Channel [id: 0x332399bb, L:/127.0.0.1:63716 - R:localhost/127.0.0.1:14537] for POST '/session/197227984b80f99a07df03c6502abe34/element'
16:05:09.697 [AsyncHttpClient-1-4] DEBUG org.asynchttpclient.netty.handler.HttpHandler - 

Request DefaultHttpRequest(decodeResult: success, version: HTTP/1.1)
POST /session/197227984b80f99a07df03c6502abe34/element HTTP/1.1
User-Agent: selenium/4.8.1 (java windows)
Content-Length: 55
Content-Type: application/json; charset=utf-8
host: localhost:14537
accept: */*

Response DefaultHttpResponse(decodeResult: success, version: HTTP/1.1)
HTTP/1.1 200 OK
Content-Length: 88
Content-Type: application/json; charset=utf-8
cache-control: no-cache

16:05:09.697 [AsyncHttpClient-1-4] DEBUG org.asynchttpclient.netty.channel.ChannelManager - Adding key: http://localhost:14537 for channel [id: 0x332399bb, L:/127.0.0.1:63716 - R:localhost/127.0.0.1:14537]
16:05:09.698 [Forwarding clearElement on session 197227984b80f99a07df03c6502abe34 to remote] DEBUG org.asynchttpclient.netty.request.NettyRequestSender - Using pooled Channel '[id: 0x332399bb, L:/127.0.0.1:63716 - R:localhost/127.0.0.1:14537]' for 'POST' to 'http://localhost:14537/session/197227984b80f99a07df03c6502abe34/element/6f234a08-c6d1-496d-8089-2941820eab8d/clear'
16:05:09.698 [Forwarding clearElement on session 197227984b80f99a07df03c6502abe34 to remote] DEBUG org.asynchttpclient.netty.request.NettyRequestSender - Using open Channel [id: 0x332399bb, L:/127.0.0.1:63716 - R:localhost/127.0.0.1:14537] for POST '/session/197227984b80f99a07df03c6502abe34/element/6f234a08-c6d1-496d-8089-2941820eab8d/clear'
16:05:09.730 [AsyncHttpClient-1-4] DEBUG org.asynchttpclient.netty.handler.HttpHandler - 

Request DefaultHttpRequest(decodeResult: success, version: HTTP/1.1)
POST /session/197227984b80f99a07df03c6502abe34/element/6f234a08-c6d1-496d-8089-2941820eab8d/clear HTTP/1.1
User-Agent: selenium/4.8.1 (java windows)
Content-Length: 50
Content-Type: application/json; charset=utf-8
host: localhost:14537
accept: */*

Response DefaultHttpResponse(decodeResult: success, version: HTTP/1.1)
HTTP/1.1 200 OK
Content-Length: 14
Content-Type: application/json; charset=utf-8
cache-control: no-cache

16:05:09.730 [AsyncHttpClient-1-4] DEBUG org.asynchttpclient.netty.channel.ChannelManager - Adding key: http://localhost:14537 for channel [id: 0x332399bb, L:/127.0.0.1:63716 - R:localhost/127.0.0.1:14537]
16:05:09.732 [Forwarding sendKeysToElement on session 197227984b80f99a07df03c6502abe34 to remote] DEBUG org.asynchttpclient.netty.request.NettyRequestSender - Using pooled Channel '[id: 0x332399bb, L:/127.0.0.1:63716 - R:localhost/127.0.0.1:14537]' for 'POST' to 'http://localhost:14537/session/197227984b80f99a07df03c6502abe34/element/6f234a08-c6d1-496d-8089-2941820eab8d/value'
16:05:09.732 [Forwarding sendKeysToElement on session 197227984b80f99a07df03c6502abe34 to remote] DEBUG org.asynchttpclient.netty.request.NettyRequestSender - Using open Channel [id: 0x332399bb, L:/127.0.0.1:63716 - R:localhost/127.0.0.1:14537] for POST '/session/197227984b80f99a07df03c6502abe34/element/6f234a08-c6d1-496d-8089-2941820eab8d/value'
16:05:09.783 [AsyncHttpClient-1-1] DEBUG org.asynchttpclient.netty.channel.DefaultChannelPool - Entry count for : http://localhost:63717 : 1
16:05:09.820 [AsyncHttpClient-1-4] DEBUG org.asynchttpclient.netty.handler.HttpHandler - 

Request DefaultHttpRequest(decodeResult: success, version: HTTP/1.1)
POST /session/197227984b80f99a07df03c6502abe34/element/6f234a08-c6d1-496d-8089-2941820eab8d/value HTTP/1.1
User-Agent: selenium/4.8.1 (java windows)
Content-Length: 121
Content-Type: application/json; charset=utf-8
host: localhost:14537
accept: */*

Response DefaultHttpResponse(decodeResult: success, version: HTTP/1.1)
HTTP/1.1 200 OK
Content-Length: 14
Content-Type: application/json; charset=utf-8
cache-control: no-cache

16:05:09.820 [AsyncHttpClient-1-4] DEBUG org.asynchttpclient.netty.channel.ChannelManager - Adding key: http://localhost:14537 for channel [id: 0x332399bb, L:/127.0.0.1:63716 - R:localhost/127.0.0.1:14537]
16:05:09.827 [Forwarding getAlertText on session 197227984b80f99a07df03c6502abe34 to remote] DEBUG org.asynchttpclient.netty.request.NettyRequestSender - Using pooled Channel '[id: 0x332399bb, L:/127.0.0.1:63716 - R:localhost/127.0.0.1:14537]' for 'GET' to 'http://localhost:14537/session/197227984b80f99a07df03c6502abe34/alert/text'
16:05:09.827 [Forwarding getAlertText on session 197227984b80f99a07df03c6502abe34 to remote] DEBUG org.asynchttpclient.netty.request.NettyRequestSender - Using open Channel [id: 0x332399bb, L:/127.0.0.1:63716 - R:localhost/127.0.0.1:14537] for GET '/session/197227984b80f99a07df03c6502abe34/alert/text'
16:05:09.828 [AsyncHttpClient-1-4] DEBUG org.asynchttpclient.netty.handler.HttpHandler - 

Request DefaultFullHttpRequest(decodeResult: success, version: HTTP/1.1, content: EmptyByteBufBE)
GET /session/197227984b80f99a07df03c6502abe34/alert/text HTTP/1.1
User-Agent: selenium/4.8.1 (java windows)
Cache-Control: no-cache
Content-Type: application/json; charset=utf-8
host: localhost:14537
accept: */*

Response DefaultHttpResponse(decodeResult: success, version: HTTP/1.1)
HTTP/1.1 404 Not Found
Content-Length: 848
Content-Type: application/json; charset=utf-8
cache-control: no-cache

16:05:09.828 [AsyncHttpClient-1-4] DEBUG org.asynchttpclient.netty.channel.ChannelManager - Adding key: http://localhost:14537 for channel [id: 0x332399bb, L:/127.0.0.1:63716 - R:localhost/127.0.0.1:14537]
16:05:09.829 [Forwarding getCurrentUrl on session 197227984b80f99a07df03c6502abe34 to remote] DEBUG org.asynchttpclient.netty.request.NettyRequestSender - Using pooled Channel '[id: 0x332399bb, L:/127.0.0.1:63716 - R:localhost/127.0.0.1:14537]' for 'GET' to 'http://localhost:14537/session/197227984b80f99a07df03c6502abe34/url'
16:05:09.829 [Forwarding getCurrentUrl on session 197227984b80f99a07df03c6502abe34 to remote] DEBUG org.asynchttpclient.netty.request.NettyRequestSender - Using open Channel [id: 0x332399bb, L:/127.0.0.1:63716 - R:localhost/127.0.0.1:14537] for GET '/session/197227984b80f99a07df03c6502abe34/url'
16:05:09.832 [AsyncHttpClient-1-4] DEBUG org.asynchttpclient.netty.handler.HttpHandler - 

Request DefaultFullHttpRequest(decodeResult: success, version: HTTP/1.1, content: EmptyByteBufBE)
GET /session/197227984b80f99a07df03c6502abe34/url HTTP/1.1
User-Agent: selenium/4.8.1 (java windows)
Cache-Control: no-cache
Content-Type: application/json; charset=utf-8
host: localhost:14537
accept: */*

Response DefaultHttpResponse(decodeResult: success, version: HTTP/1.1)
HTTP/1.1 200 OK
Content-Length: 54
Content-Type: application/json; charset=utf-8
cache-control: no-cache

16:05:09.833 [AsyncHttpClient-1-4] DEBUG org.asynchttpclient.netty.channel.ChannelManager - Adding key: http://localhost:14537 for channel [id: 0x332399bb, L:/127.0.0.1:63716 - R:localhost/127.0.0.1:14537]
16:05:09.834 [Forwarding screenshot on session 197227984b80f99a07df03c6502abe34 to remote] DEBUG org.asynchttpclient.netty.request.NettyRequestSender - Using pooled Channel '[id: 0x332399bb, L:/127.0.0.1:63716 - R:localhost/127.0.0.1:14537]' for 'GET' to 'http://localhost:14537/session/197227984b80f99a07df03c6502abe34/screenshot'
16:05:09.834 [Forwarding screenshot on session 197227984b80f99a07df03c6502abe34 to remote] DEBUG org.asynchttpclient.netty.request.NettyRequestSender - Using open Channel [id: 0x332399bb, L:/127.0.0.1:63716 - R:localhost/127.0.0.1:14537] for GET '/session/197227984b80f99a07df03c6502abe34/screenshot'
16:05:09.941 [AsyncHttpClient-1-4] DEBUG org.asynchttpclient.netty.handler.HttpHandler - 

Request DefaultFullHttpRequest(decodeResult: success, version: HTTP/1.1, content: EmptyByteBufBE)
GET /session/197227984b80f99a07df03c6502abe34/screenshot HTTP/1.1
User-Agent: selenium/4.8.1 (java windows)
Cache-Control: no-cache
Content-Type: application/json; charset=utf-8
host: localhost:14537
accept: */*

Response DefaultHttpResponse(decodeResult: success, version: HTTP/1.1)
HTTP/1.1 200 OK
Content-Length: 30624
Content-Type: application/json; charset=utf-8
cache-control: no-cache

16:05:09.941 [AsyncHttpClient-1-4] DEBUG org.asynchttpclient.netty.channel.ChannelManager - Adding key: http://localhost:14537 for channel [id: 0x332399bb, L:/127.0.0.1:63716 - R:localhost/127.0.0.1:14537]
16:05:09.943 [main] DEBUG net.serenitybdd.core.photography.Darkroom - Send negative for processing for target\site\serenity\6004c5ab25b3601a830e2ab0fa9afea7e5d16d4dc2ea8a252fc4afe0e7303990.png
16:05:09.943 [main] DEBUG net.thucydides.core.steps.StepInterceptor - STEP DONE: user input full name
  &amp#27;[32mWhen &amp#27;[0m&amp#27;[32muser input full name&amp#27;[0m                     &amp#27;[90m# starter.stepdefinition.RegisterStep.userInputfullname()&amp#27;[0m
16:05:09.943 [Darkroom Processing Line] DEBUG net.serenitybdd.core.photography.DarkroomProcessingLine - Processing screenshot image in /var/screenshots/screenshot-6705782509379866311
16:05:09.943 [Darkroom Processing Line] DEBUG net.serenitybdd.core.photography.DarkroomProcessingLine - Saving screenshot to target\site\serenity\6004c5ab25b3601a830e2ab0fa9afea7e5d16d4dc2ea8a252fc4afe0e7303990.png
16:05:09.954 [main] DEBUG net.thucydides.core.steps.StepInterceptor - STARTING STEP: RegisterStep.userInputEmail - user input email
16:05:09.956 [Forwarding findElement on session 197227984b80f99a07df03c6502abe34 to remote] DEBUG org.asynchttpclient.netty.request.NettyRequestSender - Using pooled Channel '[id: 0x332399bb, L:/127.0.0.1:63716 - R:localhost/127.0.0.1:14537]' for 'POST' to 'http://localhost:14537/session/197227984b80f99a07df03c6502abe34/element'
16:05:09.956 [Forwarding findElement on session 197227984b80f99a07df03c6502abe34 to remote] DEBUG org.asynchttpclient.netty.request.NettyRequestSender - Using open Channel [id: 0x332399bb, L:/127.0.0.1:63716 - R:localhost/127.0.0.1:14537] for POST '/session/197227984b80f99a07df03c6502abe34/element'
16:05:09.969 [AsyncHttpClient-1-4] DEBUG org.asynchttpclient.netty.handler.HttpHandler - 

Request DefaultHttpRequest(decodeResult: success, version: HTTP/1.1)
POST /session/197227984b80f99a07df03c6502abe34/element HTTP/1.1
User-Agent: selenium/4.8.1 (java windows)
Content-Length: 55
Content-Type: application/json; charset=utf-8
host: localhost:14537
accept: */*

Response DefaultHttpResponse(decodeResult: success, version: HTTP/1.1)
HTTP/1.1 200 OK
Content-Length: 88
Content-Type: application/json; charset=utf-8
cache-control: no-cache

16:05:09.969 [AsyncHttpClient-1-4] DEBUG org.asynchttpclient.netty.channel.ChannelManager - Adding key: http://localhost:14537 for channel [id: 0x332399bb, L:/127.0.0.1:63716 - R:localhost/127.0.0.1:14537]
16:05:09.970 [Forwarding clearElement on session 197227984b80f99a07df03c6502abe34 to remote] DEBUG org.asynchttpclient.netty.request.NettyRequestSender - Using pooled Channel '[id: 0x332399bb, L:/127.0.0.1:63716 - R:localhost/127.0.0.1:14537]' for 'POST' to 'http://localhost:14537/session/197227984b80f99a07df03c6502abe34/element/21b1f221-4a06-40a6-b023-1aacf1e73d09/clear'
16:05:09.970 [Forwarding clearElement on session 197227984b80f99a07df03c6502abe34 to remote] DEBUG org.asynchttpclient.netty.request.NettyRequestSender - Using open Channel [id: 0x332399bb, L:/127.0.0.1:63716 - R:localhost/127.0.0.1:14537] for POST '/session/197227984b80f99a07df03c6502abe34/element/21b1f221-4a06-40a6-b023-1aacf1e73d09/clear'
16:05:10.005 [AsyncHttpClient-1-4] DEBUG org.asynchttpclient.netty.handler.HttpHandler - 

Request DefaultHttpRequest(decodeResult: success, version: HTTP/1.1)
POST /session/197227984b80f99a07df03c6502abe34/element/21b1f221-4a06-40a6-b023-1aacf1e73d09/clear HTTP/1.1
User-Agent: selenium/4.8.1 (java windows)
Content-Length: 50
Content-Type: application/json; charset=utf-8
host: localhost:14537
accept: */*

Response DefaultHttpResponse(decodeResult: success, version: HTTP/1.1)
HTTP/1.1 200 OK
Content-Length: 14
Content-Type: application/json; charset=utf-8
cache-control: no-cache

16:05:10.005 [AsyncHttpClient-1-4] DEBUG org.asynchttpclient.netty.channel.ChannelManager - Adding key: http://localhost:14537 for channel [id: 0x332399bb, L:/127.0.0.1:63716 - R:localhost/127.0.0.1:14537]
16:05:10.006 [Forwarding sendKeysToElement on session 197227984b80f99a07df03c6502abe34 to remote] DEBUG org.asynchttpclient.netty.request.NettyRequestSender - Using pooled Channel '[id: 0x332399bb, L:/127.0.0.1:63716 - R:localhost/127.0.0.1:14537]' for 'POST' to 'http://localhost:14537/session/197227984b80f99a07df03c6502abe34/element/21b1f221-4a06-40a6-b023-1aacf1e73d09/value'
16:05:10.006 [Forwarding sendKeysToElement on session 197227984b80f99a07df03c6502abe34 to remote] DEBUG org.asynchttpclient.netty.request.NettyRequestSender - Using open Channel [id: 0x332399bb, L:/127.0.0.1:63716 - R:localhost/127.0.0.1:14537] for POST '/session/197227984b80f99a07df03c6502abe34/element/21b1f221-4a06-40a6-b023-1aacf1e73d09/value'
16:05:10.144 [AsyncHttpClient-1-4] DEBUG org.asynchttpclient.netty.handler.HttpHandler - 

Request DefaultHttpRequest(decodeResult: success, version: HTTP/1.1)
POST /session/197227984b80f99a07df03c6502abe34/element/21b1f221-4a06-40a6-b023-1aacf1e73d09/value HTTP/1.1
User-Agent: selenium/4.8.1 (java windows)
Content-Length: 231
Content-Type: application/json; charset=utf-8
host: localhost:14537
accept: */*

Response DefaultHttpResponse(decodeResult: success, version: HTTP/1.1)
HTTP/1.1 200 OK
Content-Length: 14
Content-Type: application/json; charset=utf-8
cache-control: no-cache

16:05:10.145 [AsyncHttpClient-1-4] DEBUG org.asynchttpclient.netty.channel.ChannelManager - Adding key: http://localhost:14537 for channel [id: 0x332399bb, L:/127.0.0.1:63716 - R:localhost/127.0.0.1:14537]
16:05:10.156 [Forwarding getAlertText on session 197227984b80f99a07df03c6502abe34 to remote] DEBUG org.asynchttpclient.netty.request.NettyRequestSender - Using pooled Channel '[id: 0x332399bb, L:/127.0.0.1:63716 - R:localhost/127.0.0.1:14537]' for 'GET' to 'http://localhost:14537/session/197227984b80f99a07df03c6502abe34/alert/text'
16:05:10.156 [Forwarding getAlertText on session 197227984b80f99a07df03c6502abe34 to remote] DEBUG org.asynchttpclient.netty.request.NettyRequestSender - Using open Channel [id: 0x332399bb, L:/127.0.0.1:63716 - R:localhost/127.0.0.1:14537] for GET '/session/197227984b80f99a07df03c6502abe34/alert/text'
16:05:10.158 [AsyncHttpClient-1-4] DEBUG org.asynchttpclient.netty.handler.HttpHandler - 

Request DefaultFullHttpRequest(decodeResult: success, version: HTTP/1.1, content: EmptyByteBufBE)
GET /session/197227984b80f99a07df03c6502abe34/alert/text HTTP/1.1
User-Agent: selenium/4.8.1 (java windows)
Cache-Control: no-cache
Content-Type: application/json; charset=utf-8
host: localhost:14537
accept: */*

Response DefaultHttpResponse(decodeResult: success, version: HTTP/1.1)
HTTP/1.1 404 Not Found
Content-Length: 848
Content-Type: application/json; charset=utf-8
cache-control: no-cache

16:05:10.158 [AsyncHttpClient-1-4] DEBUG org.asynchttpclient.netty.channel.ChannelManager - Adding key: http://localhost:14537 for channel [id: 0x332399bb, L:/127.0.0.1:63716 - R:localhost/127.0.0.1:14537]
16:05:10.158 [Forwarding getCurrentUrl on session 197227984b80f99a07df03c6502abe34 to remote] DEBUG org.asynchttpclient.netty.request.NettyRequestSender - Using pooled Channel '[id: 0x332399bb, L:/127.0.0.1:63716 - R:localhost/127.0.0.1:14537]' for 'GET' to 'http://localhost:14537/session/197227984b80f99a07df03c6502abe34/url'
16:05:10.159 [Forwarding getCurrentUrl on session 197227984b80f99a07df03c6502abe34 to remote] DEBUG org.asynchttpclient.netty.request.NettyRequestSender - Using open Channel [id: 0x332399bb, L:/127.0.0.1:63716 - R:localhost/127.0.0.1:14537] for GET '/session/197227984b80f99a07df03c6502abe34/url'
16:05:10.161 [AsyncHttpClient-1-4] DEBUG org.asynchttpclient.netty.handler.HttpHandler - 

Request DefaultFullHttpRequest(decodeResult: success, version: HTTP/1.1, content: EmptyByteBufBE)
GET /session/197227984b80f99a07df03c6502abe34/url HTTP/1.1
User-Agent: selenium/4.8.1 (java windows)
Cache-Control: no-cache
Content-Type: application/json; charset=utf-8
host: localhost:14537
accept: */*

Response DefaultHttpResponse(decodeResult: success, version: HTTP/1.1)
HTTP/1.1 200 OK
Content-Length: 54
Content-Type: application/json; charset=utf-8
cache-control: no-cache

16:05:10.161 [AsyncHttpClient-1-4] DEBUG org.asynchttpclient.netty.channel.ChannelManager - Adding key: http://localhost:14537 for channel [id: 0x332399bb, L:/127.0.0.1:63716 - R:localhost/127.0.0.1:14537]
16:05:10.162 [Forwarding screenshot on session 197227984b80f99a07df03c6502abe34 to remote] DEBUG org.asynchttpclient.netty.request.NettyRequestSender - Using pooled Channel '[id: 0x332399bb, L:/127.0.0.1:63716 - R:localhost/127.0.0.1:14537]' for 'GET' to 'http://localhost:14537/session/197227984b80f99a07df03c6502abe34/screenshot'
16:05:10.162 [Forwarding screenshot on session 197227984b80f99a07df03c6502abe34 to remote] DEBUG org.asynchttpclient.netty.request.NettyRequestSender - Using open Channel [id: 0x332399bb, L:/127.0.0.1:63716 - R:localhost/127.0.0.1:14537] for GET '/session/197227984b80f99a07df03c6502abe34/screenshot'
16:05:10.257 [AsyncHttpClient-1-4] DEBUG org.asynchttpclient.netty.handler.HttpHandler - 

Request DefaultFullHttpRequest(decodeResult: success, version: HTTP/1.1, content: EmptyByteBufBE)
GET /session/197227984b80f99a07df03c6502abe34/screenshot HTTP/1.1
User-Agent: selenium/4.8.1 (java windows)
Cache-Control: no-cache
Content-Type: application/json; charset=utf-8
host: localhost:14537
accept: */*

Response DefaultHttpResponse(decodeResult: success, version: HTTP/1.1)
HTTP/1.1 200 OK
Content-Length: 33796
Content-Type: application/json; charset=utf-8
cache-control: no-cache

16:05:10.257 [AsyncHttpClient-1-4] DEBUG org.asynchttpclient.netty.channel.ChannelManager - Adding key: http://localhost:14537 for channel [id: 0x332399bb, L:/127.0.0.1:63716 - R:localhost/127.0.0.1:14537]
16:05:10.259 [main] DEBUG net.serenitybdd.core.photography.Darkroom - Send negative for processing for target\site\serenity\1c5125abe38a7934636a057322d9cc25c2cc91c3fd790ab56122e99861c57aee.png
16:05:10.259 [main] DEBUG net.thucydides.core.steps.StepInterceptor - STEP DONE: user input email
  &amp#27;[32mAnd &amp#27;[0m&amp#27;[32muser input email&amp#27;[0m                          &amp#27;[90m# starter.stepdefinition.RegisterStep.userInputEmail()&amp#27;[0m
16:05:10.259 [Darkroom Processing Line] DEBUG net.serenitybdd.core.photography.DarkroomProcessingLine - Processing screenshot image in /var/screenshots/screenshot-9222475946338637247
16:05:10.259 [Darkroom Processing Line] DEBUG net.serenitybdd.core.photography.DarkroomProcessingLine - Saving screenshot to target\site\serenity\1c5125abe38a7934636a057322d9cc25c2cc91c3fd790ab56122e99861c57aee.png
16:05:10.267 [main] DEBUG net.thucydides.core.steps.StepInterceptor - STARTING STEP: RegisterStep.userInputPassword - user input password
16:05:10.269 [Forwarding findElement on session 197227984b80f99a07df03c6502abe34 to remote] DEBUG org.asynchttpclient.netty.request.NettyRequestSender - Using pooled Channel '[id: 0x332399bb, L:/127.0.0.1:63716 - R:localhost/127.0.0.1:14537]' for 'POST' to 'http://localhost:14537/session/197227984b80f99a07df03c6502abe34/element'
16:05:10.270 [Forwarding findElement on session 197227984b80f99a07df03c6502abe34 to remote] DEBUG org.asynchttpclient.netty.request.NettyRequestSender - Using open Channel [id: 0x332399bb, L:/127.0.0.1:63716 - R:localhost/127.0.0.1:14537] for POST '/session/197227984b80f99a07df03c6502abe34/element'
16:05:10.278 [AsyncHttpClient-1-4] DEBUG org.asynchttpclient.netty.handler.HttpHandler - 

Request DefaultHttpRequest(decodeResult: success, version: HTTP/1.1)
POST /session/197227984b80f99a07df03c6502abe34/element HTTP/1.1
User-Agent: selenium/4.8.1 (java windows)
Content-Length: 55
Content-Type: application/json; charset=utf-8
host: localhost:14537
accept: */*

Response DefaultHttpResponse(decodeResult: success, version: HTTP/1.1)
HTTP/1.1 200 OK
Content-Length: 88
Content-Type: application/json; charset=utf-8
cache-control: no-cache

16:05:10.279 [AsyncHttpClient-1-4] DEBUG org.asynchttpclient.netty.channel.ChannelManager - Adding key: http://localhost:14537 for channel [id: 0x332399bb, L:/127.0.0.1:63716 - R:localhost/127.0.0.1:14537]
16:05:10.279 [Forwarding clearElement on session 197227984b80f99a07df03c6502abe34 to remote] DEBUG org.asynchttpclient.netty.request.NettyRequestSender - Using pooled Channel '[id: 0x332399bb, L:/127.0.0.1:63716 - R:localhost/127.0.0.1:14537]' for 'POST' to 'http://localhost:14537/session/197227984b80f99a07df03c6502abe34/element/98032a58-bd1a-476d-b1d5-ea61eed653e9/clear'
16:05:10.279 [Forwarding clearElement on session 197227984b80f99a07df03c6502abe34 to remote] DEBUG org.asynchttpclient.netty.request.NettyRequestSender - Using open Channel [id: 0x332399bb, L:/127.0.0.1:63716 - R:localhost/127.0.0.1:14537] for POST '/session/197227984b80f99a07df03c6502abe34/element/98032a58-bd1a-476d-b1d5-ea61eed653e9/clear'
16:05:10.311 [AsyncHttpClient-1-4] DEBUG org.asynchttpclient.netty.handler.HttpHandler - 

Request DefaultHttpRequest(decodeResult: success, version: HTTP/1.1)
POST /session/197227984b80f99a07df03c6502abe34/element/98032a58-bd1a-476d-b1d5-ea61eed653e9/clear HTTP/1.1
User-Agent: selenium/4.8.1 (java windows)
Content-Length: 50
Content-Type: application/json; charset=utf-8
host: localhost:14537
accept: */*

Response DefaultHttpResponse(decodeResult: success, version: HTTP/1.1)
HTTP/1.1 200 OK
Content-Length: 14
Content-Type: application/json; charset=utf-8
cache-control: no-cache

16:05:10.311 [AsyncHttpClient-1-4] DEBUG org.asynchttpclient.netty.channel.ChannelManager - Adding key: http://localhost:14537 for channel [id: 0x332399bb, L:/127.0.0.1:63716 - R:localhost/127.0.0.1:14537]
16:05:10.312 [Forwarding sendKeysToElement on session 197227984b80f99a07df03c6502abe34 to remote] DEBUG org.asynchttpclient.netty.request.NettyRequestSender - Using pooled Channel '[id: 0x332399bb, L:/127.0.0.1:63716 - R:localhost/127.0.0.1:14537]' for 'POST' to 'http://localhost:14537/session/197227984b80f99a07df03c6502abe34/element/98032a58-bd1a-476d-b1d5-ea61eed653e9/value'
16:05:10.312 [Forwarding sendKeysToElement on session 197227984b80f99a07df03c6502abe34 to remote] DEBUG org.asynchttpclient.netty.request.NettyRequestSender - Using open Channel [id: 0x332399bb, L:/127.0.0.1:63716 - R:localhost/127.0.0.1:14537] for POST '/session/197227984b80f99a07df03c6502abe34/element/98032a58-bd1a-476d-b1d5-ea61eed653e9/value'
16:05:10.392 [AsyncHttpClient-1-4] DEBUG org.asynchttpclient.netty.handler.HttpHandler - 

Request DefaultHttpRequest(decodeResult: success, version: HTTP/1.1)
POST /session/197227984b80f99a07df03c6502abe34/element/98032a58-bd1a-476d-b1d5-ea61eed653e9/value HTTP/1.1
User-Agent: selenium/4.8.1 (java windows)
Content-Length: 161
Content-Type: application/json; charset=utf-8
host: localhost:14537
accept: */*

Response DefaultHttpResponse(decodeResult: success, version: HTTP/1.1)
HTTP/1.1 200 OK
Content-Length: 14
Content-Type: application/json; charset=utf-8
cache-control: no-cache

16:05:10.393 [AsyncHttpClient-1-4] DEBUG org.asynchttpclient.netty.channel.ChannelManager - Adding key: http://localhost:14537 for channel [id: 0x332399bb, L:/127.0.0.1:63716 - R:localhost/127.0.0.1:14537]
16:05:10.398 [Forwarding getAlertText on session 197227984b80f99a07df03c6502abe34 to remote] DEBUG org.asynchttpclient.netty.request.NettyRequestSender - Using pooled Channel '[id: 0x332399bb, L:/127.0.0.1:63716 - R:localhost/127.0.0.1:14537]' for 'GET' to 'http://localhost:14537/session/197227984b80f99a07df03c6502abe34/alert/text'
16:05:10.398 [Forwarding getAlertText on session 197227984b80f99a07df03c6502abe34 to remote] DEBUG org.asynchttpclient.netty.request.NettyRequestSender - Using open Channel [id: 0x332399bb, L:/127.0.0.1:63716 - R:localhost/127.0.0.1:14537] for GET '/session/197227984b80f99a07df03c6502abe34/alert/text'
16:05:10.401 [AsyncHttpClient-1-4] DEBUG org.asynchttpclient.netty.handler.HttpHandler - 

Request DefaultFullHttpRequest(decodeResult: success, version: HTTP/1.1, content: EmptyByteBufBE)
GET /session/197227984b80f99a07df03c6502abe34/alert/text HTTP/1.1
User-Agent: selenium/4.8.1 (java windows)
Cache-Control: no-cache
Content-Type: application/json; charset=utf-8
host: localhost:14537
accept: */*

Response DefaultHttpResponse(decodeResult: success, version: HTTP/1.1)
HTTP/1.1 404 Not Found
Content-Length: 848
Content-Type: application/json; charset=utf-8
cache-control: no-cache

16:05:10.401 [AsyncHttpClient-1-4] DEBUG org.asynchttpclient.netty.channel.ChannelManager - Adding key: http://localhost:14537 for channel [id: 0x332399bb, L:/127.0.0.1:63716 - R:localhost/127.0.0.1:14537]
16:05:10.402 [Forwarding getCurrentUrl on session 197227984b80f99a07df03c6502abe34 to remote] DEBUG org.asynchttpclient.netty.request.NettyRequestSender - Using pooled Channel '[id: 0x332399bb, L:/127.0.0.1:63716 - R:localhost/127.0.0.1:14537]' for 'GET' to 'http://localhost:14537/session/197227984b80f99a07df03c6502abe34/url'
16:05:10.402 [Forwarding getCurrentUrl on session 197227984b80f99a07df03c6502abe34 to remote] DEBUG org.asynchttpclient.netty.request.NettyRequestSender - Using open Channel [id: 0x332399bb, L:/127.0.0.1:63716 - R:localhost/127.0.0.1:14537] for GET '/session/197227984b80f99a07df03c6502abe34/url'
16:05:10.406 [AsyncHttpClient-1-4] DEBUG org.asynchttpclient.netty.handler.HttpHandler - 

Request DefaultFullHttpRequest(decodeResult: success, version: HTTP/1.1, content: EmptyByteBufBE)
GET /session/197227984b80f99a07df03c6502abe34/url HTTP/1.1
User-Agent: selenium/4.8.1 (java windows)
Cache-Control: no-cache
Content-Type: application/json; charset=utf-8
host: localhost:14537
accept: */*

Response DefaultHttpResponse(decodeResult: success, version: HTTP/1.1)
HTTP/1.1 200 OK
Content-Length: 54
Content-Type: application/json; charset=utf-8
cache-control: no-cache

16:05:10.406 [AsyncHttpClient-1-4] DEBUG org.asynchttpclient.netty.channel.ChannelManager - Adding key: http://localhost:14537 for channel [id: 0x332399bb, L:/127.0.0.1:63716 - R:localhost/127.0.0.1:14537]
16:05:10.406 [Forwarding screenshot on session 197227984b80f99a07df03c6502abe34 to remote] DEBUG org.asynchttpclient.netty.request.NettyRequestSender - Using pooled Channel '[id: 0x332399bb, L:/127.0.0.1:63716 - R:localhost/127.0.0.1:14537]' for 'GET' to 'http://localhost:14537/session/197227984b80f99a07df03c6502abe34/screenshot'
16:05:10.406 [Forwarding screenshot on session 197227984b80f99a07df03c6502abe34 to remote] DEBUG org.asynchttpclient.netty.request.NettyRequestSender - Using open Channel [id: 0x332399bb, L:/127.0.0.1:63716 - R:localhost/127.0.0.1:14537] for GET '/session/197227984b80f99a07df03c6502abe34/screenshot'
16:05:10.506 [AsyncHttpClient-1-4] DEBUG org.asynchttpclient.netty.handler.HttpHandler - 

Request DefaultFullHttpRequest(decodeResult: success, version: HTTP/1.1, content: EmptyByteBufBE)
GET /session/197227984b80f99a07df03c6502abe34/screenshot HTTP/1.1
User-Agent: selenium/4.8.1 (java windows)
Cache-Control: no-cache
Content-Type: application/json; charset=utf-8
host: localhost:14537
accept: */*

Response DefaultHttpResponse(decodeResult: success, version: HTTP/1.1)
HTTP/1.1 200 OK
Content-Length: 35580
Content-Type: application/json; charset=utf-8
cache-control: no-cache

16:05:10.506 [AsyncHttpClient-1-4] DEBUG org.asynchttpclient.netty.channel.ChannelManager - Adding key: http://localhost:14537 for channel [id: 0x332399bb, L:/127.0.0.1:63716 - R:localhost/127.0.0.1:14537]
16:05:10.508 [main] DEBUG net.serenitybdd.core.photography.Darkroom - Send negative for processing for target\site\serenity\87cb74ba7954e433ff563cafbb93d7098c352ade1a89dfc653879e97a055055e.png
16:05:10.508 [main] DEBUG net.thucydides.core.steps.StepInterceptor - STEP DONE: user input password
  &amp#27;[32mAnd &amp#27;[0m&amp#27;[32muser input password&amp#27;[0m                       &amp#27;[90m# starter.stepdefinition.RegisterStep.userInputPassword()&amp#27;[0m
16:05:10.508 [Darkroom Processing Line] DEBUG net.serenitybdd.core.photography.DarkroomProcessingLine - Processing screenshot image in /var/screenshots/screenshot-88730435716410709
16:05:10.508 [Darkroom Processing Line] DEBUG net.serenitybdd.core.photography.DarkroomProcessingLine - Saving screenshot to target\site\serenity\87cb74ba7954e433ff563cafbb93d7098c352ade1a89dfc653879e97a055055e.png
16:05:10.518 [main] DEBUG net.thucydides.core.steps.StepInterceptor - STARTING STEP: RegisterStep.userClickButtonRegister - user click button register
16:05:10.521 [Forwarding findElement on session 197227984b80f99a07df03c6502abe34 to remote] DEBUG org.asynchttpclient.netty.request.NettyRequestSender - Using pooled Channel '[id: 0x332399bb, L:/127.0.0.1:63716 - R:localhost/127.0.0.1:14537]' for 'POST' to 'http://localhost:14537/session/197227984b80f99a07df03c6502abe34/element'
16:05:10.521 [Forwarding findElement on session 197227984b80f99a07df03c6502abe34 to remote] DEBUG org.asynchttpclient.netty.request.NettyRequestSender - Using open Channel [id: 0x332399bb, L:/127.0.0.1:63716 - R:localhost/127.0.0.1:14537] for POST '/session/197227984b80f99a07df03c6502abe34/element'
16:05:10.531 [AsyncHttpClient-1-4] DEBUG org.asynchttpclient.netty.handler.HttpHandler - 

Request DefaultHttpRequest(decodeResult: success, version: HTTP/1.1)
POST /session/197227984b80f99a07df03c6502abe34/element HTTP/1.1
User-Agent: selenium/4.8.1 (java windows)
Content-Length: 141
Content-Type: application/json; charset=utf-8
host: localhost:14537
accept: */*

Response DefaultHttpResponse(decodeResult: success, version: HTTP/1.1)
HTTP/1.1 200 OK
Content-Length: 88
Content-Type: application/json; charset=utf-8
cache-control: no-cache

16:05:10.532 [AsyncHttpClient-1-4] DEBUG org.asynchttpclient.netty.channel.ChannelManager - Adding key: http://localhost:14537 for channel [id: 0x332399bb, L:/127.0.0.1:63716 - R:localhost/127.0.0.1:14537]
16:05:10.533 [Forwarding getElementTagName on session 197227984b80f99a07df03c6502abe34 to remote] DEBUG org.asynchttpclient.netty.request.NettyRequestSender - Using pooled Channel '[id: 0x332399bb, L:/127.0.0.1:63716 - R:localhost/127.0.0.1:14537]' for 'GET' to 'http://localhost:14537/session/197227984b80f99a07df03c6502abe34/element/7ccd99ab-c9e1-401c-be28-200e39a94b44/name'
16:05:10.533 [Forwarding getElementTagName on session 197227984b80f99a07df03c6502abe34 to remote] DEBUG org.asynchttpclient.netty.request.NettyRequestSender - Using open Channel [id: 0x332399bb, L:/127.0.0.1:63716 - R:localhost/127.0.0.1:14537] for GET '/session/197227984b80f99a07df03c6502abe34/element/7ccd99ab-c9e1-401c-be28-200e39a94b44/name'
16:05:10.539 [AsyncHttpClient-1-4] DEBUG org.asynchttpclient.netty.handler.HttpHandler - 

Request DefaultFullHttpRequest(decodeResult: success, version: HTTP/1.1, content: EmptyByteBufBE)
GET /session/197227984b80f99a07df03c6502abe34/element/7ccd99ab-c9e1-401c-be28-200e39a94b44/name HTTP/1.1
User-Agent: selenium/4.8.1 (java windows)
Cache-Control: no-cache
Content-Type: application/json; charset=utf-8
host: localhost:14537
accept: */*

Response DefaultHttpResponse(decodeResult: success, version: HTTP/1.1)
HTTP/1.1 200 OK
Content-Length: 18
Content-Type: application/json; charset=utf-8
cache-control: no-cache

16:05:10.539 [AsyncHttpClient-1-4] DEBUG org.asynchttpclient.netty.channel.ChannelManager - Adding key: http://localhost:14537 for channel [id: 0x332399bb, L:/127.0.0.1:63716 - R:localhost/127.0.0.1:14537]
16:05:10.540 [Forwarding getElementTagName on session 197227984b80f99a07df03c6502abe34 to remote] DEBUG org.asynchttpclient.netty.request.NettyRequestSender - Using pooled Channel '[id: 0x332399bb, L:/127.0.0.1:63716 - R:localhost/127.0.0.1:14537]' for 'GET' to 'http://localhost:14537/session/197227984b80f99a07df03c6502abe34/element/7ccd99ab-c9e1-401c-be28-200e39a94b44/name'
16:05:10.540 [Forwarding getElementTagName on session 197227984b80f99a07df03c6502abe34 to remote] DEBUG org.asynchttpclient.netty.request.NettyRequestSender - Using open Channel [id: 0x332399bb, L:/127.0.0.1:63716 - R:localhost/127.0.0.1:14537] for GET '/session/197227984b80f99a07df03c6502abe34/element/7ccd99ab-c9e1-401c-be28-200e39a94b44/name'
16:05:10.544 [AsyncHttpClient-1-4] DEBUG org.asynchttpclient.netty.handler.HttpHandler - 

Request DefaultFullHttpRequest(decodeResult: success, version: HTTP/1.1, content: EmptyByteBufBE)
GET /session/197227984b80f99a07df03c6502abe34/element/7ccd99ab-c9e1-401c-be28-200e39a94b44/name HTTP/1.1
User-Agent: selenium/4.8.1 (java windows)
Cache-Control: no-cache
Content-Type: application/json; charset=utf-8
host: localhost:14537
accept: */*

Response DefaultHttpResponse(decodeResult: success, version: HTTP/1.1)
HTTP/1.1 200 OK
Content-Length: 18
Content-Type: application/json; charset=utf-8
cache-control: no-cache

16:05:10.544 [AsyncHttpClient-1-4] DEBUG org.asynchttpclient.netty.channel.ChannelManager - Adding key: http://localhost:14537 for channel [id: 0x332399bb, L:/127.0.0.1:63716 - R:localhost/127.0.0.1:14537]
16:05:10.545 [Forwarding isElementEnabled on session 197227984b80f99a07df03c6502abe34 to remote] DEBUG org.asynchttpclient.netty.request.NettyRequestSender - Using pooled Channel '[id: 0x332399bb, L:/127.0.0.1:63716 - R:localhost/127.0.0.1:14537]' for 'GET' to 'http://localhost:14537/session/197227984b80f99a07df03c6502abe34/element/7ccd99ab-c9e1-401c-be28-200e39a94b44/enabled'
16:05:10.545 [Forwarding isElementEnabled on session 197227984b80f99a07df03c6502abe34 to remote] DEBUG org.asynchttpclient.netty.request.NettyRequestSender - Using open Channel [id: 0x332399bb, L:/127.0.0.1:63716 - R:localhost/127.0.0.1:14537] for GET '/session/197227984b80f99a07df03c6502abe34/element/7ccd99ab-c9e1-401c-be28-200e39a94b44/enabled'
16:05:10.556 [AsyncHttpClient-1-4] DEBUG org.asynchttpclient.netty.handler.HttpHandler - 

Request DefaultFullHttpRequest(decodeResult: success, version: HTTP/1.1, content: EmptyByteBufBE)
GET /session/197227984b80f99a07df03c6502abe34/element/7ccd99ab-c9e1-401c-be28-200e39a94b44/enabled HTTP/1.1
User-Agent: selenium/4.8.1 (java windows)
Cache-Control: no-cache
Content-Type: application/json; charset=utf-8
host: localhost:14537
accept: */*

Response DefaultHttpResponse(decodeResult: success, version: HTTP/1.1)
HTTP/1.1 200 OK
Content-Length: 14
Content-Type: application/json; charset=utf-8
cache-control: no-cache

16:05:10.556 [AsyncHttpClient-1-4] DEBUG org.asynchttpclient.netty.channel.ChannelManager - Adding key: http://localhost:14537 for channel [id: 0x332399bb, L:/127.0.0.1:63716 - R:localhost/127.0.0.1:14537]
16:05:10.557 [Forwarding isElementEnabled on session 197227984b80f99a07df03c6502abe34 to remote] DEBUG org.asynchttpclient.netty.request.NettyRequestSender - Using pooled Channel '[id: 0x332399bb, L:/127.0.0.1:63716 - R:localhost/127.0.0.1:14537]' for 'GET' to 'http://localhost:14537/session/197227984b80f99a07df03c6502abe34/element/7ccd99ab-c9e1-401c-be28-200e39a94b44/enabled'
16:05:10.557 [Forwarding isElementEnabled on session 197227984b80f99a07df03c6502abe34 to remote] DEBUG org.asynchttpclient.netty.request.NettyRequestSender - Using open Channel [id: 0x332399bb, L:/127.0.0.1:63716 - R:localhost/127.0.0.1:14537] for GET '/session/197227984b80f99a07df03c6502abe34/element/7ccd99ab-c9e1-401c-be28-200e39a94b44/enabled'
16:05:10.562 [AsyncHttpClient-1-4] DEBUG org.asynchttpclient.netty.handler.HttpHandler - 

Request DefaultFullHttpRequest(decodeResult: success, version: HTTP/1.1, content: EmptyByteBufBE)
GET /session/197227984b80f99a07df03c6502abe34/element/7ccd99ab-c9e1-401c-be28-200e39a94b44/enabled HTTP/1.1
User-Agent: selenium/4.8.1 (java windows)
Cache-Control: no-cache
Content-Type: application/json; charset=utf-8
host: localhost:14537
accept: */*

Response DefaultHttpResponse(decodeResult: success, version: HTTP/1.1)
HTTP/1.1 200 OK
Content-Length: 14
Content-Type: application/json; charset=utf-8
cache-control: no-cache

16:05:10.562 [AsyncHttpClient-1-4] DEBUG org.asynchttpclient.netty.channel.ChannelManager - Adding key: http://localhost:14537 for channel [id: 0x332399bb, L:/127.0.0.1:63716 - R:localhost/127.0.0.1:14537]
16:05:10.564 [Forwarding findElement on session 197227984b80f99a07df03c6502abe34 to remote] DEBUG org.asynchttpclient.netty.request.NettyRequestSender - Using pooled Channel '[id: 0x332399bb, L:/127.0.0.1:63716 - R:localhost/127.0.0.1:14537]' for 'POST' to 'http://localhost:14537/session/197227984b80f99a07df03c6502abe34/element'
16:05:10.564 [Forwarding findElement on session 197227984b80f99a07df03c6502abe34 to remote] DEBUG org.asynchttpclient.netty.request.NettyRequestSender - Using open Channel [id: 0x332399bb, L:/127.0.0.1:63716 - R:localhost/127.0.0.1:14537] for POST '/session/197227984b80f99a07df03c6502abe34/element'
16:05:10.571 [AsyncHttpClient-1-4] DEBUG org.asynchttpclient.netty.handler.HttpHandler - 

Request DefaultHttpRequest(decodeResult: success, version: HTTP/1.1)
POST /session/197227984b80f99a07df03c6502abe34/element HTTP/1.1
User-Agent: selenium/4.8.1 (java windows)
Content-Length: 141
Content-Type: application/json; charset=utf-8
host: localhost:14537
accept: */*

Response DefaultHttpResponse(decodeResult: success, version: HTTP/1.1)
HTTP/1.1 200 OK
Content-Length: 88
Content-Type: application/json; charset=utf-8
cache-control: no-cache

16:05:10.571 [AsyncHttpClient-1-4] DEBUG org.asynchttpclient.netty.channel.ChannelManager - Adding key: http://localhost:14537 for channel [id: 0x332399bb, L:/127.0.0.1:63716 - R:localhost/127.0.0.1:14537]
16:05:10.571 [Forwarding clickElement on session 197227984b80f99a07df03c6502abe34 to remote] DEBUG org.asynchttpclient.netty.request.NettyRequestSender - Using pooled Channel '[id: 0x332399bb, L:/127.0.0.1:63716 - R:localhost/127.0.0.1:14537]' for 'POST' to 'http://localhost:14537/session/197227984b80f99a07df03c6502abe34/element/7ccd99ab-c9e1-401c-be28-200e39a94b44/click'
16:05:10.571 [Forwarding clickElement on session 197227984b80f99a07df03c6502abe34 to remote] DEBUG org.asynchttpclient.netty.request.NettyRequestSender - Using open Channel [id: 0x332399bb, L:/127.0.0.1:63716 - R:localhost/127.0.0.1:14537] for POST '/session/197227984b80f99a07df03c6502abe34/element/7ccd99ab-c9e1-401c-be28-200e39a94b44/click'
16:05:10.615 [AsyncHttpClient-1-4] DEBUG org.asynchttpclient.netty.handler.HttpHandler - 

Request DefaultHttpRequest(decodeResult: success, version: HTTP/1.1)
POST /session/197227984b80f99a07df03c6502abe34/element/7ccd99ab-c9e1-401c-be28-200e39a94b44/click HTTP/1.1
User-Agent: selenium/4.8.1 (java windows)
Content-Length: 50
Content-Type: application/json; charset=utf-8
host: localhost:14537
accept: */*

Response DefaultHttpResponse(decodeResult: success, version: HTTP/1.1)
HTTP/1.1 200 OK
Content-Length: 14
Content-Type: application/json; charset=utf-8
cache-control: no-cache

16:05:10.615 [AsyncHttpClient-1-4] DEBUG org.asynchttpclient.netty.channel.ChannelManager - Adding key: http://localhost:14537 for channel [id: 0x332399bb, L:/127.0.0.1:63716 - R:localhost/127.0.0.1:14537]
16:05:10.623 [Forwarding getAlertText on session 197227984b80f99a07df03c6502abe34 to remote] DEBUG org.asynchttpclient.netty.request.NettyRequestSender - Using pooled Channel '[id: 0x332399bb, L:/127.0.0.1:63716 - R:localhost/127.0.0.1:14537]' for 'GET' to 'http://localhost:14537/session/197227984b80f99a07df03c6502abe34/alert/text'
16:05:10.623 [Forwarding getAlertText on session 197227984b80f99a07df03c6502abe34 to remote] DEBUG org.asynchttpclient.netty.request.NettyRequestSender - Using open Channel [id: 0x332399bb, L:/127.0.0.1:63716 - R:localhost/127.0.0.1:14537] for GET '/session/197227984b80f99a07df03c6502abe34/alert/text'
16:05:10.624 [AsyncHttpClient-1-4] DEBUG org.asynchttpclient.netty.handler.HttpHandler - 

Request DefaultFullHttpRequest(decodeResult: success, version: HTTP/1.1, content: EmptyByteBufBE)
GET /session/197227984b80f99a07df03c6502abe34/alert/text HTTP/1.1
User-Agent: selenium/4.8.1 (java windows)
Cache-Control: no-cache
Content-Type: application/json; charset=utf-8
host: localhost:14537
accept: */*

Response DefaultHttpResponse(decodeResult: success, version: HTTP/1.1)
HTTP/1.1 404 Not Found
Content-Length: 848
Content-Type: application/json; charset=utf-8
cache-control: no-cache

16:05:10.624 [AsyncHttpClient-1-4] DEBUG org.asynchttpclient.netty.channel.ChannelManager - Adding key: http://localhost:14537 for channel [id: 0x332399bb, L:/127.0.0.1:63716 - R:localhost/127.0.0.1:14537]
16:05:10.625 [Forwarding getCurrentUrl on session 197227984b80f99a07df03c6502abe34 to remote] DEBUG org.asynchttpclient.netty.request.NettyRequestSender - Using pooled Channel '[id: 0x332399bb, L:/127.0.0.1:63716 - R:localhost/127.0.0.1:14537]' for 'GET' to 'http://localhost:14537/session/197227984b80f99a07df03c6502abe34/url'
16:05:10.625 [Forwarding getCurrentUrl on session 197227984b80f99a07df03c6502abe34 to remote] DEBUG org.asynchttpclient.netty.request.NettyRequestSender - Using open Channel [id: 0x332399bb, L:/127.0.0.1:63716 - R:localhost/127.0.0.1:14537] for GET '/session/197227984b80f99a07df03c6502abe34/url'
16:05:10.628 [AsyncHttpClient-1-4] DEBUG org.asynchttpclient.netty.handler.HttpHandler - 

Request DefaultFullHttpRequest(decodeResult: success, version: HTTP/1.1, content: EmptyByteBufBE)
GET /session/197227984b80f99a07df03c6502abe34/url HTTP/1.1
User-Agent: selenium/4.8.1 (java windows)
Cache-Control: no-cache
Content-Type: application/json; charset=utf-8
host: localhost:14537
accept: */*

Response DefaultHttpResponse(decodeResult: success, version: HTTP/1.1)
HTTP/1.1 200 OK
Content-Length: 54
Content-Type: application/json; charset=utf-8
cache-control: no-cache

16:05:10.628 [AsyncHttpClient-1-4] DEBUG org.asynchttpclient.netty.channel.ChannelManager - Adding key: http://localhost:14537 for channel [id: 0x332399bb, L:/127.0.0.1:63716 - R:localhost/127.0.0.1:14537]
16:05:10.629 [Forwarding screenshot on session 197227984b80f99a07df03c6502abe34 to remote] DEBUG org.asynchttpclient.netty.request.NettyRequestSender - Using pooled Channel '[id: 0x332399bb, L:/127.0.0.1:63716 - R:localhost/127.0.0.1:14537]' for 'GET' to 'http://localhost:14537/session/197227984b80f99a07df03c6502abe34/screenshot'
16:05:10.629 [Forwarding screenshot on session 197227984b80f99a07df03c6502abe34 to remote] DEBUG org.asynchttpclient.netty.request.NettyRequestSender - Using open Channel [id: 0x332399bb, L:/127.0.0.1:63716 - R:localhost/127.0.0.1:14537] for GET '/session/197227984b80f99a07df03c6502abe34/screenshot'
16:05:10.726 [AsyncHttpClient-1-4] DEBUG org.asynchttpclient.netty.handler.HttpHandler - 

Request DefaultFullHttpRequest(decodeResult: success, version: HTTP/1.1, content: EmptyByteBufBE)
GET /session/197227984b80f99a07df03c6502abe34/screenshot HTTP/1.1
User-Agent: selenium/4.8.1 (java windows)
Cache-Control: no-cache
Content-Type: application/json; charset=utf-8
host: localhost:14537
accept: */*

Response DefaultHttpResponse(decodeResult: success, version: HTTP/1.1)
HTTP/1.1 200 OK
Content-Length: 35348
Content-Type: application/json; charset=utf-8
cache-control: no-cache

16:05:10.726 [AsyncHttpClient-1-4] DEBUG org.asynchttpclient.netty.channel.ChannelManager - Adding key: http://localhost:14537 for channel [id: 0x332399bb, L:/127.0.0.1:63716 - R:localhost/127.0.0.1:14537]
16:05:10.728 [main] DEBUG net.serenitybdd.core.photography.Darkroom - Send negative for processing for target\site\serenity\40446fc269d2ac84ef8572fd34073fc1adf8c89c5b8248f7c7ae3e70e26f30ad.png
16:05:10.728 [main] DEBUG net.thucydides.core.steps.StepInterceptor - STEP DONE: user click button register
  &amp#27;[32mAnd &amp#27;[0m&amp#27;[32muser click button register&amp#27;[0m                &amp#27;[90m# starter.stepdefinition.RegisterStep.userClickButtonRegister()&amp#27;[0m
16:05:10.728 [Darkroom Processing Line] DEBUG net.serenitybdd.core.photography.DarkroomProcessingLine - Processing screenshot image in /var/screenshots/screenshot-2535120920588069241
16:05:10.728 [Darkroom Processing Line] DEBUG net.serenitybdd.core.photography.DarkroomProcessingLine - Saving screenshot to target\site\serenity\40446fc269d2ac84ef8572fd34073fc1adf8c89c5b8248f7c7ae3e70e26f30ad.png
16:05:10.739 [main] DEBUG net.thucydides.core.steps.StepInterceptor - STARTING STEP: RegisterStep.userSeeLoginHomepage - user see login homepage
16:05:10.740 [Forwarding findElement on session 197227984b80f99a07df03c6502abe34 to remote] DEBUG org.asynchttpclient.netty.request.NettyRequestSender - Using pooled Channel '[id: 0x332399bb, L:/127.0.0.1:63716 - R:localhost/127.0.0.1:14537]' for 'POST' to 'http://localhost:14537/session/197227984b80f99a07df03c6502abe34/element'
16:05:10.740 [Forwarding findElement on session 197227984b80f99a07df03c6502abe34 to remote] DEBUG org.asynchttpclient.netty.request.NettyRequestSender - Using open Channel [id: 0x332399bb, L:/127.0.0.1:63716 - R:localhost/127.0.0.1:14537] for POST '/session/197227984b80f99a07df03c6502abe34/element'
16:05:10.755 [AsyncHttpClient-1-4] DEBUG org.asynchttpclient.netty.handler.HttpHandler - 

Request DefaultHttpRequest(decodeResult: success, version: HTTP/1.1)
POST /session/197227984b80f99a07df03c6502abe34/element HTTP/1.1
User-Agent: selenium/4.8.1 (java windows)
Content-Length: 90
Content-Type: application/json; charset=utf-8
host: localhost:14537
accept: */*

Response DefaultHttpResponse(decodeResult: success, version: HTTP/1.1)
HTTP/1.1 200 OK
Content-Length: 88
Content-Type: application/json; charset=utf-8
cache-control: no-cache

16:05:10.756 [AsyncHttpClient-1-4] DEBUG org.asynchttpclient.netty.channel.ChannelManager - Adding key: http://localhost:14537 for channel [id: 0x332399bb, L:/127.0.0.1:63716 - R:localhost/127.0.0.1:14537]
16:05:10.760 [Forwarding isElementDisplayed on session 197227984b80f99a07df03c6502abe34 to remote] DEBUG org.asynchttpclient.netty.request.NettyRequestSender - Using pooled Channel '[id: 0x332399bb, L:/127.0.0.1:63716 - R:localhost/127.0.0.1:14537]' for 'POST' to 'http://localhost:14537/session/197227984b80f99a07df03c6502abe34/execute/sync'
16:05:10.760 [Forwarding isElementDisplayed on session 197227984b80f99a07df03c6502abe34 to remote] DEBUG org.asynchttpclient.netty.request.NettyRequestSender - Using open Channel [id: 0x332399bb, L:/127.0.0.1:63716 - R:localhost/127.0.0.1:14537] for POST '/session/197227984b80f99a07df03c6502abe34/execute/sync'
16:05:10.779 [AsyncHttpClient-1-4] DEBUG org.asynchttpclient.netty.handler.HttpHandler - 

Request DefaultHttpRequest(decodeResult: success, version: HTTP/1.1)
POST /session/197227984b80f99a07df03c6502abe34/execute/sync HTTP/1.1
User-Agent: selenium/4.8.1 (java windows)
Content-Length: 48807
Content-Type: application/json; charset=utf-8
host: localhost:14537
accept: */*

Response DefaultHttpResponse(decodeResult: success, version: HTTP/1.1)
HTTP/1.1 200 OK
Content-Length: 14
Content-Type: application/json; charset=utf-8
cache-control: no-cache

16:05:10.780 [AsyncHttpClient-1-4] DEBUG org.asynchttpclient.netty.channel.ChannelManager - Adding key: http://localhost:14537 for channel [id: 0x332399bb, L:/127.0.0.1:63716 - R:localhost/127.0.0.1:14537]
16:05:10.789 [Forwarding getAlertText on session 197227984b80f99a07df03c6502abe34 to remote] DEBUG org.asynchttpclient.netty.request.NettyRequestSender - Using pooled Channel '[id: 0x332399bb, L:/127.0.0.1:63716 - R:localhost/127.0.0.1:14537]' for 'GET' to 'http://localhost:14537/session/197227984b80f99a07df03c6502abe34/alert/text'
16:05:10.789 [Forwarding getAlertText on session 197227984b80f99a07df03c6502abe34 to remote] DEBUG org.asynchttpclient.netty.request.NettyRequestSender - Using open Channel [id: 0x332399bb, L:/127.0.0.1:63716 - R:localhost/127.0.0.1:14537] for GET '/session/197227984b80f99a07df03c6502abe34/alert/text'
16:05:10.790 [AsyncHttpClient-1-4] DEBUG org.asynchttpclient.netty.handler.HttpHandler - 

Request DefaultFullHttpRequest(decodeResult: success, version: HTTP/1.1, content: EmptyByteBufBE)
GET /session/197227984b80f99a07df03c6502abe34/alert/text HTTP/1.1
User-Agent: selenium/4.8.1 (java windows)
Cache-Control: no-cache
Content-Type: application/json; charset=utf-8
host: localhost:14537
accept: */*

Response DefaultHttpResponse(decodeResult: success, version: HTTP/1.1)
HTTP/1.1 404 Not Found
Content-Length: 848
Content-Type: application/json; charset=utf-8
cache-control: no-cache

16:05:10.790 [AsyncHttpClient-1-4] DEBUG org.asynchttpclient.netty.channel.ChannelManager - Adding key: http://localhost:14537 for channel [id: 0x332399bb, L:/127.0.0.1:63716 - R:localhost/127.0.0.1:14537]
16:05:10.791 [Forwarding getCurrentUrl on session 197227984b80f99a07df03c6502abe34 to remote] DEBUG org.asynchttpclient.netty.request.NettyRequestSender - Using pooled Channel '[id: 0x332399bb, L:/127.0.0.1:63716 - R:localhost/127.0.0.1:14537]' for 'GET' to 'http://localhost:14537/session/197227984b80f99a07df03c6502abe34/url'
16:05:10.791 [Forwarding getCurrentUrl on session 197227984b80f99a07df03c6502abe34 to remote] DEBUG org.asynchttpclient.netty.request.NettyRequestSender - Using open Channel [id: 0x332399bb, L:/127.0.0.1:63716 - R:localhost/127.0.0.1:14537] for GET '/session/197227984b80f99a07df03c6502abe34/url'
16:05:10.795 [AsyncHttpClient-1-4] DEBUG org.asynchttpclient.netty.handler.HttpHandler - 

Request DefaultFullHttpRequest(decodeResult: success, version: HTTP/1.1, content: EmptyByteBufBE)
GET /session/197227984b80f99a07df03c6502abe34/url HTTP/1.1
User-Agent: selenium/4.8.1 (java windows)
Cache-Control: no-cache
Content-Type: application/json; charset=utf-8
host: localhost:14537
accept: */*

Response DefaultHttpResponse(decodeResult: success, version: HTTP/1.1)
HTTP/1.1 200 OK
Content-Length: 54
Content-Type: application/json; charset=utf-8
cache-control: no-cache

16:05:10.795 [AsyncHttpClient-1-4] DEBUG org.asynchttpclient.netty.channel.ChannelManager - Adding key: http://localhost:14537 for channel [id: 0x332399bb, L:/127.0.0.1:63716 - R:localhost/127.0.0.1:14537]
16:05:10.795 [Forwarding screenshot on session 197227984b80f99a07df03c6502abe34 to remote] DEBUG org.asynchttpclient.netty.request.NettyRequestSender - Using pooled Channel '[id: 0x332399bb, L:/127.0.0.1:63716 - R:localhost/127.0.0.1:14537]' for 'GET' to 'http://localhost:14537/session/197227984b80f99a07df03c6502abe34/screenshot'
16:05:10.795 [Forwarding screenshot on session 197227984b80f99a07df03c6502abe34 to remote] DEBUG org.asynchttpclient.netty.request.NettyRequestSender - Using open Channel [id: 0x332399bb, L:/127.0.0.1:63716 - R:localhost/127.0.0.1:14537] for GET '/session/197227984b80f99a07df03c6502abe34/screenshot'
16:05:10.881 [AsyncHttpClient-1-1] DEBUG org.asynchttpclient.netty.channel.DefaultChannelPool - Entry count for : http://localhost:63717 : 1
16:05:10.900 [AsyncHttpClient-1-4] DEBUG org.asynchttpclient.netty.handler.HttpHandler - 

Request DefaultFullHttpRequest(decodeResult: success, version: HTTP/1.1, content: EmptyByteBufBE)
GET /session/197227984b80f99a07df03c6502abe34/screenshot HTTP/1.1
User-Agent: selenium/4.8.1 (java windows)
Cache-Control: no-cache
Content-Type: application/json; charset=utf-8
host: localhost:14537
accept: */*

Response DefaultHttpResponse(decodeResult: success, version: HTTP/1.1)
HTTP/1.1 200 OK
Content-Length: 34128
Content-Type: application/json; charset=utf-8
cache-control: no-cache

16:05:10.900 [AsyncHttpClient-1-4] DEBUG org.asynchttpclient.netty.channel.ChannelManager - Adding key: http://localhost:14537 for channel [id: 0x332399bb, L:/127.0.0.1:63716 - R:localhost/127.0.0.1:14537]
16:05:10.903 [main] DEBUG net.serenitybdd.core.photography.Darkroom - Send negative for processing for target\site\serenity\7dbb184ddfb390f60604ee324b0c416ade9d7869c8469c36b42723a601421a69.png
16:05:10.903 [main] DEBUG net.thucydides.core.steps.StepInterceptor - STEP DONE: user see login homepage
  &amp#27;[32mThen &amp#27;[0m&amp#27;[32muser see login homepage&amp#27;[0m                  &amp#27;[90m# starter.stepdefinition.RegisterStep.userSeeLoginHomepage()&amp#27;[0m
16:05:10.903 [Darkroom Processing Line] DEBUG net.serenitybdd.core.photography.DarkroomProcessingLine - Processing screenshot image in /var/screenshots/screenshot-9222547930436175798
16:05:10.903 [Darkroom Processing Line] DEBUG net.serenitybdd.core.photography.DarkroomProcessingLine - Saving screenshot to target\site\serenity\7dbb184ddfb390f60604ee324b0c416ade9d7869c8469c36b42723a601421a69.png
16:05:10.909 [main] INFO  - 
  _____   ___   ___   _____     ___     _     ___   ___   ___   ___  
 |_   _| | __| / __| |_   _|   | _ \   /_\   / __| / __| | __| |   \ 
   | |   | _|  \__ \   | |     |  _/  / _ \  \__ \ \__ \ | _|  | |) |
   |_|   |___| |___/   |_|     |_|   /_/ \_\ |___/ |___/ |___| |___/ 

As a user, I register with valid data
----------------------------------------------------------------------
16:05:10.910 [AsyncHttpClient-1-6] DEBUG org.asynchttpclient.netty.handler.WebSocketHandler - Channel Closed: [id: 0x9cc6ed71, L:/127.0.0.1:63723 ! R:localhost/127.0.0.1:63717] with attribute NettyResponseFuture{currentRetry=0,
	isDone=1,
	isCancelled=0,
	asyncHandler=org.asynchttpclient.ws.WebSocketUpgradeHandler@613dfb40,
	nettyRequest=org.asynchttpclient.netty.request.NettyRequest@386fc983,
	future=java.util.concurrent.CompletableFuture@730d605b[Completed normally],
	uri=ws://localhost:63717/devtools/browser/a4b9e88e-2b5e-48d8-996c-2c9f604cf4e1,
	keepAlive=true,
	redirectCount=0,
	timeoutsHolder=null,
	inAuth=0,
	touch=1683104707594}
16:05:10.910 [AsyncHttpClient-1-6] DEBUG org.asynchttpclient.netty.channel.ChannelManager - Closing Channel [id: 0x9cc6ed71, L:/127.0.0.1:63723 ! R:localhost/127.0.0.1:63717] 
16:05:10.910 [Driver Command Executor] DEBUG org.asynchttpclient.netty.request.NettyRequestSender - Using pooled Channel '[id: 0x332399bb, L:/127.0.0.1:63716 - R:localhost/127.0.0.1:14537]' for 'DELETE' to 'http://localhost:14537/session/197227984b80f99a07df03c6502abe34'
16:05:10.910 [Driver Command Executor] DEBUG org.asynchttpclient.netty.request.NettyRequestSender - Using open Channel [id: 0x332399bb, L:/127.0.0.1:63716 - R:localhost/127.0.0.1:14537] for DELETE '/session/197227984b80f99a07df03c6502abe34'
16:05:10.958 [AsyncHttpClient-1-5] DEBUG org.asynchttpclient.netty.handler.HttpHandler - Unexpected I/O exception on channel [id: 0x09e30cd5, L:/127.0.0.1:63722 - R:localhost/127.0.0.1:63717]
java.io.IOException: An existing connection was forcibly closed by the remote host
	at sun.nio.ch.SocketDispatcher.read0(Native Method)
	at sun.nio.ch.SocketDispatcher.read(SocketDispatcher.java:43)
	at sun.nio.ch.IOUtil.readIntoNativeBuffer(IOUtil.java:223)
	at sun.nio.ch.IOUtil.read(IOUtil.java:192)
	at sun.nio.ch.SocketChannelImpl.read(SocketChannelImpl.java:378)
	at io.netty.buffer.PooledByteBuf.setBytes(PooledByteBuf.java:259)
	at io.netty.buffer.AbstractByteBuf.writeBytes(AbstractByteBuf.java:1132)
	at io.netty.channel.socket.nio.NioSocketChannel.doReadBytes(NioSocketChannel.java:357)
	at io.netty.channel.nio.AbstractNioByteChannel$NioByteUnsafe.read(AbstractNioByteChannel.java:151)
	at io.netty.channel.nio.NioEventLoop.processSelectedKey(NioEventLoop.java:788)
	at io.netty.channel.nio.NioEventLoop.processSelectedKeysOptimized(NioEventLoop.java:724)
	at io.netty.channel.nio.NioEventLoop.processSelectedKeys(NioEventLoop.java:650)
	at io.netty.channel.nio.NioEventLoop.run(NioEventLoop.java:562)
	at io.netty.util.concurrent.SingleThreadEventExecutor$4.run(SingleThreadEventExecutor.java:997)
	at io.netty.util.internal.ThreadExecutorMap$2.run(ThreadExecutorMap.java:74)
	at io.netty.util.concurrent.FastThreadLocalRunnable.run(FastThreadLocalRunnable.java:30)
	at java.lang.Thread.run(Thread.java:748)
16:05:10.958 [AsyncHttpClient-1-5] DEBUG org.asynchttpclient.netty.channel.ChannelManager - Closing Channel [id: 0x09e30cd5, L:/127.0.0.1:63722 - R:localhost/127.0.0.1:63717] 
16:05:10.958 [AsyncHttpClient-1-5] DEBUG org.asynchttpclient.netty.handler.HttpHandler - Channel Closed: [id: 0x09e30cd5, L:/127.0.0.1:63722 ! R:localhost/127.0.0.1:63717] with attribute DISCARD
16:05:10.997 [AsyncHttpClient-1-4] DEBUG org.asynchttpclient.netty.handler.HttpHandler - 

Request DefaultFullHttpRequest(decodeResult: success, version: HTTP/1.1, content: EmptyByteBufBE)
DELETE /session/197227984b80f99a07df03c6502abe34 HTTP/1.1
User-Agent: selenium/4.8.1 (java windows)
Content-Type: application/json; charset=utf-8
host: localhost:14537
accept: */*

Response DefaultHttpResponse(decodeResult: success, version: HTTP/1.1)
HTTP/1.1 200 OK
Content-Length: 14
Content-Type: application/json; charset=utf-8
cache-control: no-cache

16:05:10.997 [AsyncHttpClient-1-4] DEBUG org.asynchttpclient.netty.channel.ChannelManager - Adding key: http://localhost:14537 for channel [id: 0x332399bb, L:/127.0.0.1:63716 - R:localhost/127.0.0.1:14537]
16:05:11.088 [AsyncHttpClient-1-4] DEBUG org.asynchttpclient.netty.handler.HttpHandler - Channel Closed: [id: 0x332399bb, L:/127.0.0.1:63716 ! R:localhost/127.0.0.1:14537] with attribute DISCARD
]]></system-out>
    <system-err><![CDATA[Starting ChromeDriver 112.0.5615.49 (bd2a7bcb881c11e8cfe3078709382934e3916914-refs/branch-heads/5615@{#936}) on port 14537
Only local connections are allowed.
Please see https://chromedriver.chromium.org/security-considerations for suggestions on keeping ChromeDriver safe.
ChromeDriver was started successfully.
May 03, 2023 4:05:07 PM org.openqa.selenium.devtools.CdpVersionFinder findNearestMatch
WARNING: Unable to find an exact match for CDP version 112, so returning the closest version found: 110
]]></system-err>
  </testcase>
  <testcase name="As a user, I register with registered email" classname="Register - As a user I want to login So that I have to register account" time="4.992">
    <system-out><![CDATA[
@TC_Register_002
Scenario: As a user, I register with registered email &amp#27;[90m# src/test/resources/features/Register.feature:17&amp#27;[0m
16:05:11.608 [main] DEBUG io.cucumber.core.plugin.SerenityReporter - Running feature from file:///C:/Users/user/Downloads/QE_Devi-Agustin-Utari/Mini%20Project/Source_Mini_Project/Web_Automation_AltaShop/src/test/resources/features/Register.feature
16:05:11.651 [main] INFO  - 
  _____   ___   ___   _____     ___   _____     _     ___   _____   ___   ___  
 |_   _| | __| / __| |_   _|   / __| |_   _|   /_\   | _ \ |_   _| | __| |   \ 
   | |   | _|  \__ \   | |     \__ \   | |    / _ \  |   /   | |   | _|  | |) |
   |_|   |___| |___/   |_|     |___/   |_|   /_/ \_\ |_|_\   |_|   |___| |___/ 

As a user, I register with registered email(register---as-a-user-i-want-to-login-so-that-i-have-to-register-account;as-a-user--i-register-with-registered-email)
--------------------------------------------------------------------------------
16:05:11.672 [main] DEBUG net.thucydides.core.steps.StepInterceptor - STARTING STEP: RegisterStep.userOnLoginHomepage - user on login homepage
16:05:11.714 [main] INFO net.serenitybdd.core.webdriver.driverproviders.ChromeDriverProvider - Starting Chrome driver instance with capabilities:
16:05:11.714 [main] INFO net.serenitybdd.core.webdriver.driverproviders.ChromeDriverProvider - Capabilities {acceptInsecureCerts: true, browserName: chrome, goog:chromeOptions: {args: [remote-allow-origins=*, test-type, no-sandbox, ignore-certificate-errors, start-maximized, incognito, disable-infobars, disable-gpu, disable-default-apps, disable-popup-blocking, remote-allow-origins=*, test-type, no-sandbox, ignore-certificate-errors, start-maximized, incognito, disable-infobars, disable-gpu, disable-default-apps, disable-popup-blocking, remote-allow-origins=*], extensions: []}}
16:05:11.781 [AsyncHttpClient-1-7] DEBUG org.asynchttpclient.netty.channel.NettyConnectListener - Using new Channel '[id: 0x45f87932, L:/127.0.0.1:63740 - R:localhost/127.0.0.1:12304]' for 'POST' to '/session'
16:05:11.990 [AsyncHttpClient-1-1] DEBUG org.asynchttpclient.netty.channel.DefaultChannelPool - Entry count for : http://localhost:14537 : 1
16:05:11.990 [AsyncHttpClient-1-1] DEBUG org.asynchttpclient.netty.channel.DefaultChannelPool - Entry count for : http://localhost:63717 : 1
16:05:11.990 [AsyncHttpClient-1-1] DEBUG org.asynchttpclient.netty.channel.DefaultChannelPool - Adding Candidate expired Channel [id: 0x332399bb, L:/127.0.0.1:63716 ! R:localhost/127.0.0.1:14537] isIdleTimeoutExpired=false isRemotelyClosed=true isTtlExpired=false
16:05:11.990 [AsyncHttpClient-1-1] DEBUG org.asynchttpclient.netty.channel.DefaultChannelPool - Closing Idle Channel [id: 0x332399bb, L:/127.0.0.1:63716 ! R:localhost/127.0.0.1:14537]
16:05:11.990 [AsyncHttpClient-1-1] DEBUG org.asynchttpclient.netty.channel.DefaultChannelPool - Adding Candidate expired Channel [id: 0x09e30cd5, L:/127.0.0.1:63722 ! R:localhost/127.0.0.1:63717] isIdleTimeoutExpired=false isRemotelyClosed=true isTtlExpired=false
16:05:11.990 [AsyncHttpClient-1-1] DEBUG org.asynchttpclient.netty.channel.DefaultChannelPool - Closing Idle Channel [id: 0x09e30cd5, L:/127.0.0.1:63722 ! R:localhost/127.0.0.1:63717]
16:05:11.990 [AsyncHttpClient-1-1] DEBUG org.asynchttpclient.netty.channel.DefaultChannelPool - Closed 2 connections out of 2 in 0 ms
16:05:13.044 [AsyncHttpClient-1-7] DEBUG org.asynchttpclient.netty.handler.HttpHandler - 

Request DefaultHttpRequest(decodeResult: success, version: HTTP/1.1)
POST /session HTTP/1.1
User-Agent: selenium/4.8.1 (java windows)
Content-Length: 1701
Content-Type: application/json; charset=utf-8
host: localhost:12304
accept: */*

Response DefaultHttpResponse(decodeResult: success, version: HTTP/1.1)
HTTP/1.1 200 OK
Content-Length: 844
Content-Type: application/json; charset=utf-8
cache-control: no-cache

16:05:13.044 [AsyncHttpClient-1-7] DEBUG org.asynchttpclient.netty.channel.ChannelManager - Adding key: http://localhost:12304 for channel [id: 0x45f87932, L:/127.0.0.1:63740 - R:localhost/127.0.0.1:12304]
16:05:13.075 [AsyncHttpClient-1-8] DEBUG org.asynchttpclient.netty.channel.NettyConnectListener - Using new Channel '[id: 0xe2209b4f, L:/127.0.0.1:63746 - R:localhost/127.0.0.1:63741]' for 'GET' to '/json/version'
16:05:13.076 [AsyncHttpClient-1-8] DEBUG org.asynchttpclient.netty.handler.HttpHandler - 

Request DefaultFullHttpRequest(decodeResult: success, version: HTTP/1.1, content: EmptyByteBufBE)
GET /json/version HTTP/1.1
User-Agent: selenium/4.8.1 (java windows)
host: localhost:63741
accept: */*

Response DefaultHttpResponse(decodeResult: success, version: HTTP/1.1)
HTTP/1.1 200 OK
Content-Security-Policy: frame-ancestors 'none'
Content-Length: 424
Content-Type: application/json; charset=UTF-8

16:05:13.077 [AsyncHttpClient-1-8] DEBUG org.asynchttpclient.netty.channel.ChannelManager - Adding key: http://localhost:63741 for channel [id: 0xe2209b4f, L:/127.0.0.1:63746 - R:localhost/127.0.0.1:63741]
16:05:13.079 [AsyncHttpClient-1-9] DEBUG org.asynchttpclient.netty.channel.NettyConnectListener - Using new Channel '[id: 0xc1d01b40, L:/127.0.0.1:63747 - R:localhost/127.0.0.1:63741]' for 'GET' to '/devtools/browser/57badb72-8a82-4e5d-b6ef-4648e545511a'
16:05:13.080 [AsyncHttpClient-1-9] DEBUG org.asynchttpclient.netty.handler.WebSocketHandler - 

Request DefaultFullHttpRequest(decodeResult: success, version: HTTP/1.1, content: EmptyByteBufBE)
GET /devtools/browser/57badb72-8a82-4e5d-b6ef-4648e545511a HTTP/1.1
upgrade: websocket
connection: upgrade
sec-websocket-key: 0jZJ2EAvnbSlOeCF2oCRmg==
sec-websocket-version: 13
origin: http://localhost:63741
host: localhost:63741
accept: */*
user-agent: AHC/2.1

Response DefaultHttpResponse(decodeResult: success, version: HTTP/1.1)
HTTP/1.1 101 WebSocket Protocol Handshake
Upgrade: WebSocket
Connection: Upgrade
Sec-WebSocket-Accept: xSAMZ3NreMVGVEDlRHGWhg0B4lg=

16:05:13.086 [Forwarding get on session 0926edc32c6535a4d8b754d832bb383c to remote] DEBUG org.asynchttpclient.netty.request.NettyRequestSender - Using pooled Channel '[id: 0x45f87932, L:/127.0.0.1:63740 - R:localhost/127.0.0.1:12304]' for 'POST' to 'http://localhost:12304/session/0926edc32c6535a4d8b754d832bb383c/url'
16:05:13.086 [Forwarding get on session 0926edc32c6535a4d8b754d832bb383c to remote] DEBUG org.asynchttpclient.netty.request.NettyRequestSender - Using open Channel [id: 0x45f87932, L:/127.0.0.1:63740 - R:localhost/127.0.0.1:12304] for POST '/session/0926edc32c6535a4d8b754d832bb383c/url'
16:05:13.089 [AsyncHttpClient-1-1] DEBUG org.asynchttpclient.netty.channel.DefaultChannelPool - Entry count for : http://localhost:63741 : 1
16:05:14.027 [AsyncHttpClient-1-7] DEBUG org.asynchttpclient.netty.handler.HttpHandler - 

Request DefaultHttpRequest(decodeResult: success, version: HTTP/1.1)
POST /session/0926edc32c6535a4d8b754d832bb383c/url HTTP/1.1
User-Agent: selenium/4.8.1 (java windows)
Content-Length: 74
Content-Type: application/json; charset=utf-8
host: localhost:12304
accept: */*

Response DefaultHttpResponse(decodeResult: success, version: HTTP/1.1)
HTTP/1.1 200 OK
Content-Length: 14
Content-Type: application/json; charset=utf-8
cache-control: no-cache

16:05:14.028 [AsyncHttpClient-1-7] DEBUG org.asynchttpclient.netty.channel.ChannelManager - Adding key: http://localhost:12304 for channel [id: 0x45f87932, L:/127.0.0.1:63740 - R:localhost/127.0.0.1:12304]
16:05:14.030 [Forwarding setTimeout on session 0926edc32c6535a4d8b754d832bb383c to remote] DEBUG org.asynchttpclient.netty.request.NettyRequestSender - Using pooled Channel '[id: 0x45f87932, L:/127.0.0.1:63740 - R:localhost/127.0.0.1:12304]' for 'POST' to 'http://localhost:12304/session/0926edc32c6535a4d8b754d832bb383c/timeouts'
16:05:14.030 [Forwarding setTimeout on session 0926edc32c6535a4d8b754d832bb383c to remote] DEBUG org.asynchttpclient.netty.request.NettyRequestSender - Using open Channel [id: 0x45f87932, L:/127.0.0.1:63740 - R:localhost/127.0.0.1:12304] for POST '/session/0926edc32c6535a4d8b754d832bb383c/timeouts'
16:05:14.034 [AsyncHttpClient-1-7] DEBUG org.asynchttpclient.netty.handler.HttpHandler - 

Request DefaultHttpRequest(decodeResult: success, version: HTTP/1.1)
POST /session/0926edc32c6535a4d8b754d832bb383c/timeouts HTTP/1.1
User-Agent: selenium/4.8.1 (java windows)
Content-Length: 22
Content-Type: application/json; charset=utf-8
host: localhost:12304
accept: */*

Response DefaultHttpResponse(decodeResult: success, version: HTTP/1.1)
HTTP/1.1 200 OK
Content-Length: 14
Content-Type: application/json; charset=utf-8
cache-control: no-cache

16:05:14.034 [AsyncHttpClient-1-7] DEBUG org.asynchttpclient.netty.channel.ChannelManager - Adding key: http://localhost:12304 for channel [id: 0x45f87932, L:/127.0.0.1:63740 - R:localhost/127.0.0.1:12304]
16:05:14.040 [Forwarding findElement on session 0926edc32c6535a4d8b754d832bb383c to remote] DEBUG org.asynchttpclient.netty.request.NettyRequestSender - Using pooled Channel '[id: 0x45f87932, L:/127.0.0.1:63740 - R:localhost/127.0.0.1:12304]' for 'POST' to 'http://localhost:12304/session/0926edc32c6535a4d8b754d832bb383c/element'
16:05:14.040 [Forwarding findElement on session 0926edc32c6535a4d8b754d832bb383c to remote] DEBUG org.asynchttpclient.netty.request.NettyRequestSender - Using open Channel [id: 0x45f87932, L:/127.0.0.1:63740 - R:localhost/127.0.0.1:12304] for POST '/session/0926edc32c6535a4d8b754d832bb383c/element'
16:05:14.054 [AsyncHttpClient-1-7] DEBUG org.asynchttpclient.netty.handler.HttpHandler - 

Request DefaultHttpRequest(decodeResult: success, version: HTTP/1.1)
POST /session/0926edc32c6535a4d8b754d832bb383c/element HTTP/1.1
User-Agent: selenium/4.8.1 (java windows)
Content-Length: 69
Content-Type: application/json; charset=utf-8
host: localhost:12304
accept: */*

Response DefaultHttpResponse(decodeResult: success, version: HTTP/1.1)
HTTP/1.1 200 OK
Content-Length: 88
Content-Type: application/json; charset=utf-8
cache-control: no-cache

16:05:14.054 [AsyncHttpClient-1-7] DEBUG org.asynchttpclient.netty.channel.ChannelManager - Adding key: http://localhost:12304 for channel [id: 0x45f87932, L:/127.0.0.1:63740 - R:localhost/127.0.0.1:12304]
16:05:14.057 [Forwarding isElementDisplayed on session 0926edc32c6535a4d8b754d832bb383c to remote] DEBUG org.asynchttpclient.netty.request.NettyRequestSender - Using pooled Channel '[id: 0x45f87932, L:/127.0.0.1:63740 - R:localhost/127.0.0.1:12304]' for 'POST' to 'http://localhost:12304/session/0926edc32c6535a4d8b754d832bb383c/execute/sync'
16:05:14.057 [Forwarding isElementDisplayed on session 0926edc32c6535a4d8b754d832bb383c to remote] DEBUG org.asynchttpclient.netty.request.NettyRequestSender - Using open Channel [id: 0x45f87932, L:/127.0.0.1:63740 - R:localhost/127.0.0.1:12304] for POST '/session/0926edc32c6535a4d8b754d832bb383c/execute/sync'
16:05:14.070 [AsyncHttpClient-1-7] DEBUG org.asynchttpclient.netty.handler.HttpHandler - 

Request DefaultHttpRequest(decodeResult: success, version: HTTP/1.1)
POST /session/0926edc32c6535a4d8b754d832bb383c/execute/sync HTTP/1.1
User-Agent: selenium/4.8.1 (java windows)
Content-Length: 48807
Content-Type: application/json; charset=utf-8
host: localhost:12304
accept: */*

Response DefaultHttpResponse(decodeResult: success, version: HTTP/1.1)
HTTP/1.1 200 OK
Content-Length: 14
Content-Type: application/json; charset=utf-8
cache-control: no-cache

16:05:14.070 [AsyncHttpClient-1-7] DEBUG org.asynchttpclient.netty.channel.ChannelManager - Adding key: http://localhost:12304 for channel [id: 0x45f87932, L:/127.0.0.1:63740 - R:localhost/127.0.0.1:12304]
16:05:14.074 [Forwarding getAlertText on session 0926edc32c6535a4d8b754d832bb383c to remote] DEBUG org.asynchttpclient.netty.request.NettyRequestSender - Using pooled Channel '[id: 0x45f87932, L:/127.0.0.1:63740 - R:localhost/127.0.0.1:12304]' for 'GET' to 'http://localhost:12304/session/0926edc32c6535a4d8b754d832bb383c/alert/text'
16:05:14.074 [Forwarding getAlertText on session 0926edc32c6535a4d8b754d832bb383c to remote] DEBUG org.asynchttpclient.netty.request.NettyRequestSender - Using open Channel [id: 0x45f87932, L:/127.0.0.1:63740 - R:localhost/127.0.0.1:12304] for GET '/session/0926edc32c6535a4d8b754d832bb383c/alert/text'
16:05:14.075 [AsyncHttpClient-1-7] DEBUG org.asynchttpclient.netty.handler.HttpHandler - 

Request DefaultFullHttpRequest(decodeResult: success, version: HTTP/1.1, content: EmptyByteBufBE)
GET /session/0926edc32c6535a4d8b754d832bb383c/alert/text HTTP/1.1
User-Agent: selenium/4.8.1 (java windows)
Cache-Control: no-cache
Content-Type: application/json; charset=utf-8
host: localhost:12304
accept: */*

Response DefaultHttpResponse(decodeResult: success, version: HTTP/1.1)
HTTP/1.1 404 Not Found
Content-Length: 848
Content-Type: application/json; charset=utf-8
cache-control: no-cache

16:05:14.075 [AsyncHttpClient-1-7] DEBUG org.asynchttpclient.netty.channel.ChannelManager - Adding key: http://localhost:12304 for channel [id: 0x45f87932, L:/127.0.0.1:63740 - R:localhost/127.0.0.1:12304]
16:05:14.076 [Forwarding getCurrentUrl on session 0926edc32c6535a4d8b754d832bb383c to remote] DEBUG org.asynchttpclient.netty.request.NettyRequestSender - Using pooled Channel '[id: 0x45f87932, L:/127.0.0.1:63740 - R:localhost/127.0.0.1:12304]' for 'GET' to 'http://localhost:12304/session/0926edc32c6535a4d8b754d832bb383c/url'
16:05:14.076 [Forwarding getCurrentUrl on session 0926edc32c6535a4d8b754d832bb383c to remote] DEBUG org.asynchttpclient.netty.request.NettyRequestSender - Using open Channel [id: 0x45f87932, L:/127.0.0.1:63740 - R:localhost/127.0.0.1:12304] for GET '/session/0926edc32c6535a4d8b754d832bb383c/url'
16:05:14.080 [AsyncHttpClient-1-7] DEBUG org.asynchttpclient.netty.handler.HttpHandler - 

Request DefaultFullHttpRequest(decodeResult: success, version: HTTP/1.1, content: EmptyByteBufBE)
GET /session/0926edc32c6535a4d8b754d832bb383c/url HTTP/1.1
User-Agent: selenium/4.8.1 (java windows)
Cache-Control: no-cache
Content-Type: application/json; charset=utf-8
host: localhost:12304
accept: */*

Response DefaultHttpResponse(decodeResult: success, version: HTTP/1.1)
HTTP/1.1 200 OK
Content-Length: 51
Content-Type: application/json; charset=utf-8
cache-control: no-cache

16:05:14.080 [AsyncHttpClient-1-7] DEBUG org.asynchttpclient.netty.channel.ChannelManager - Adding key: http://localhost:12304 for channel [id: 0x45f87932, L:/127.0.0.1:63740 - R:localhost/127.0.0.1:12304]
16:05:14.080 [Forwarding screenshot on session 0926edc32c6535a4d8b754d832bb383c to remote] DEBUG org.asynchttpclient.netty.request.NettyRequestSender - Using pooled Channel '[id: 0x45f87932, L:/127.0.0.1:63740 - R:localhost/127.0.0.1:12304]' for 'GET' to 'http://localhost:12304/session/0926edc32c6535a4d8b754d832bb383c/screenshot'
16:05:14.080 [Forwarding screenshot on session 0926edc32c6535a4d8b754d832bb383c to remote] DEBUG org.asynchttpclient.netty.request.NettyRequestSender - Using open Channel [id: 0x45f87932, L:/127.0.0.1:63740 - R:localhost/127.0.0.1:12304] for GET '/session/0926edc32c6535a4d8b754d832bb383c/screenshot'
16:05:14.155 [AsyncHttpClient-1-7] DEBUG org.asynchttpclient.netty.handler.HttpHandler - 

Request DefaultFullHttpRequest(decodeResult: success, version: HTTP/1.1, content: EmptyByteBufBE)
GET /session/0926edc32c6535a4d8b754d832bb383c/screenshot HTTP/1.1
User-Agent: selenium/4.8.1 (java windows)
Cache-Control: no-cache
Content-Type: application/json; charset=utf-8
host: localhost:12304
accept: */*

Response DefaultHttpResponse(decodeResult: success, version: HTTP/1.1)
HTTP/1.1 200 OK
Content-Length: 25060
Content-Type: application/json; charset=utf-8
cache-control: no-cache

16:05:14.155 [AsyncHttpClient-1-7] DEBUG org.asynchttpclient.netty.channel.ChannelManager - Adding key: http://localhost:12304 for channel [id: 0x45f87932, L:/127.0.0.1:63740 - R:localhost/127.0.0.1:12304]
16:05:14.156 [main] DEBUG net.serenitybdd.core.photography.Darkroom - Send negative for processing for target\site\serenity\1db263dd5c04c8fe15e82ee6420144d4e1e7b9826b9315cfd7ec5b5d0da76045.png
16:05:14.156 [main] DEBUG net.thucydides.core.steps.StepInterceptor - STEP DONE: user on login homepage
  &amp#27;[32mGiven &amp#27;[0m&amp#27;[32muser on login homepage&amp#27;[0m                        &amp#27;[90m# starter.stepdefinition.RegisterStep.userOnLoginHomepage()&amp#27;[0m
16:05:14.164 [main] DEBUG net.thucydides.core.steps.StepInterceptor - STARTING STEP: RegisterStep.userClickRegister - user click register
16:05:14.166 [Forwarding findElement on session 0926edc32c6535a4d8b754d832bb383c to remote] DEBUG org.asynchttpclient.netty.request.NettyRequestSender - Using pooled Channel '[id: 0x45f87932, L:/127.0.0.1:63740 - R:localhost/127.0.0.1:12304]' for 'POST' to 'http://localhost:12304/session/0926edc32c6535a4d8b754d832bb383c/element'
16:05:14.167 [Forwarding findElement on session 0926edc32c6535a4d8b754d832bb383c to remote] DEBUG org.asynchttpclient.netty.request.NettyRequestSender - Using open Channel [id: 0x45f87932, L:/127.0.0.1:63740 - R:localhost/127.0.0.1:12304] for POST '/session/0926edc32c6535a4d8b754d832bb383c/element'
16:05:14.176 [AsyncHttpClient-1-7] DEBUG org.asynchttpclient.netty.handler.HttpHandler - 

Request DefaultHttpRequest(decodeResult: success, version: HTTP/1.1)
POST /session/0926edc32c6535a4d8b754d832bb383c/element HTTP/1.1
User-Agent: selenium/4.8.1 (java windows)
Content-Length: 84
Content-Type: application/json; charset=utf-8
host: localhost:12304
accept: */*

Response DefaultHttpResponse(decodeResult: success, version: HTTP/1.1)
HTTP/1.1 200 OK
Content-Length: 88
Content-Type: application/json; charset=utf-8
cache-control: no-cache

16:05:14.176 [AsyncHttpClient-1-7] DEBUG org.asynchttpclient.netty.channel.ChannelManager - Adding key: http://localhost:12304 for channel [id: 0x45f87932, L:/127.0.0.1:63740 - R:localhost/127.0.0.1:12304]
16:05:14.177 [Forwarding getElementTagName on session 0926edc32c6535a4d8b754d832bb383c to remote] DEBUG org.asynchttpclient.netty.request.NettyRequestSender - Using pooled Channel '[id: 0x45f87932, L:/127.0.0.1:63740 - R:localhost/127.0.0.1:12304]' for 'GET' to 'http://localhost:12304/session/0926edc32c6535a4d8b754d832bb383c/element/65f7858a-2bd4-45c0-af32-7beb0e7407b2/name'
16:05:14.177 [Forwarding getElementTagName on session 0926edc32c6535a4d8b754d832bb383c to remote] DEBUG org.asynchttpclient.netty.request.NettyRequestSender - Using open Channel [id: 0x45f87932, L:/127.0.0.1:63740 - R:localhost/127.0.0.1:12304] for GET '/session/0926edc32c6535a4d8b754d832bb383c/element/65f7858a-2bd4-45c0-af32-7beb0e7407b2/name'
16:05:14.181 [AsyncHttpClient-1-7] DEBUG org.asynchttpclient.netty.handler.HttpHandler - 

Request DefaultFullHttpRequest(decodeResult: success, version: HTTP/1.1, content: EmptyByteBufBE)
GET /session/0926edc32c6535a4d8b754d832bb383c/element/65f7858a-2bd4-45c0-af32-7beb0e7407b2/name HTTP/1.1
User-Agent: selenium/4.8.1 (java windows)
Cache-Control: no-cache
Content-Type: application/json; charset=utf-8
host: localhost:12304
accept: */*

Response DefaultHttpResponse(decodeResult: success, version: HTTP/1.1)
HTTP/1.1 200 OK
Content-Length: 13
Content-Type: application/json; charset=utf-8
cache-control: no-cache

16:05:14.182 [AsyncHttpClient-1-7] DEBUG org.asynchttpclient.netty.channel.ChannelManager - Adding key: http://localhost:12304 for channel [id: 0x45f87932, L:/127.0.0.1:63740 - R:localhost/127.0.0.1:12304]
16:05:14.182 [Forwarding getElementTagName on session 0926edc32c6535a4d8b754d832bb383c to remote] DEBUG org.asynchttpclient.netty.request.NettyRequestSender - Using pooled Channel '[id: 0x45f87932, L:/127.0.0.1:63740 - R:localhost/127.0.0.1:12304]' for 'GET' to 'http://localhost:12304/session/0926edc32c6535a4d8b754d832bb383c/element/65f7858a-2bd4-45c0-af32-7beb0e7407b2/name'
16:05:14.182 [Forwarding getElementTagName on session 0926edc32c6535a4d8b754d832bb383c to remote] DEBUG org.asynchttpclient.netty.request.NettyRequestSender - Using open Channel [id: 0x45f87932, L:/127.0.0.1:63740 - R:localhost/127.0.0.1:12304] for GET '/session/0926edc32c6535a4d8b754d832bb383c/element/65f7858a-2bd4-45c0-af32-7beb0e7407b2/name'
16:05:14.185 [AsyncHttpClient-1-1] DEBUG org.asynchttpclient.netty.channel.DefaultChannelPool - Entry count for : http://localhost:63741 : 1
16:05:14.186 [AsyncHttpClient-1-7] DEBUG org.asynchttpclient.netty.handler.HttpHandler - 

Request DefaultFullHttpRequest(decodeResult: success, version: HTTP/1.1, content: EmptyByteBufBE)
GET /session/0926edc32c6535a4d8b754d832bb383c/element/65f7858a-2bd4-45c0-af32-7beb0e7407b2/name HTTP/1.1
User-Agent: selenium/4.8.1 (java windows)
Cache-Control: no-cache
Content-Type: application/json; charset=utf-8
host: localhost:12304
accept: */*

Response DefaultHttpResponse(decodeResult: success, version: HTTP/1.1)
HTTP/1.1 200 OK
Content-Length: 13
Content-Type: application/json; charset=utf-8
cache-control: no-cache

16:05:14.186 [AsyncHttpClient-1-7] DEBUG org.asynchttpclient.netty.channel.ChannelManager - Adding key: http://localhost:12304 for channel [id: 0x45f87932, L:/127.0.0.1:63740 - R:localhost/127.0.0.1:12304]
16:05:14.188 [Forwarding findElement on session 0926edc32c6535a4d8b754d832bb383c to remote] DEBUG org.asynchttpclient.netty.request.NettyRequestSender - Using pooled Channel '[id: 0x45f87932, L:/127.0.0.1:63740 - R:localhost/127.0.0.1:12304]' for 'POST' to 'http://localhost:12304/session/0926edc32c6535a4d8b754d832bb383c/element'
16:05:14.188 [Forwarding findElement on session 0926edc32c6535a4d8b754d832bb383c to remote] DEBUG org.asynchttpclient.netty.request.NettyRequestSender - Using open Channel [id: 0x45f87932, L:/127.0.0.1:63740 - R:localhost/127.0.0.1:12304] for POST '/session/0926edc32c6535a4d8b754d832bb383c/element'
16:05:14.195 [AsyncHttpClient-1-7] DEBUG org.asynchttpclient.netty.handler.HttpHandler - 

Request DefaultHttpRequest(decodeResult: success, version: HTTP/1.1)
POST /session/0926edc32c6535a4d8b754d832bb383c/element HTTP/1.1
User-Agent: selenium/4.8.1 (java windows)
Content-Length: 84
Content-Type: application/json; charset=utf-8
host: localhost:12304
accept: */*

Response DefaultHttpResponse(decodeResult: success, version: HTTP/1.1)
HTTP/1.1 200 OK
Content-Length: 88
Content-Type: application/json; charset=utf-8
cache-control: no-cache

16:05:14.195 [AsyncHttpClient-1-7] DEBUG org.asynchttpclient.netty.channel.ChannelManager - Adding key: http://localhost:12304 for channel [id: 0x45f87932, L:/127.0.0.1:63740 - R:localhost/127.0.0.1:12304]
16:05:14.195 [Forwarding clickElement on session 0926edc32c6535a4d8b754d832bb383c to remote] DEBUG org.asynchttpclient.netty.request.NettyRequestSender - Using pooled Channel '[id: 0x45f87932, L:/127.0.0.1:63740 - R:localhost/127.0.0.1:12304]' for 'POST' to 'http://localhost:12304/session/0926edc32c6535a4d8b754d832bb383c/element/65f7858a-2bd4-45c0-af32-7beb0e7407b2/click'
16:05:14.195 [Forwarding clickElement on session 0926edc32c6535a4d8b754d832bb383c to remote] DEBUG org.asynchttpclient.netty.request.NettyRequestSender - Using open Channel [id: 0x45f87932, L:/127.0.0.1:63740 - R:localhost/127.0.0.1:12304] for POST '/session/0926edc32c6535a4d8b754d832bb383c/element/65f7858a-2bd4-45c0-af32-7beb0e7407b2/click'
16:05:14.235 [AsyncHttpClient-1-7] DEBUG org.asynchttpclient.netty.handler.HttpHandler - 

Request DefaultHttpRequest(decodeResult: success, version: HTTP/1.1)
POST /session/0926edc32c6535a4d8b754d832bb383c/element/65f7858a-2bd4-45c0-af32-7beb0e7407b2/click HTTP/1.1
User-Agent: selenium/4.8.1 (java windows)
Content-Length: 50
Content-Type: application/json; charset=utf-8
host: localhost:12304
accept: */*

Response DefaultHttpResponse(decodeResult: success, version: HTTP/1.1)
HTTP/1.1 200 OK
Content-Length: 14
Content-Type: application/json; charset=utf-8
cache-control: no-cache

16:05:14.236 [AsyncHttpClient-1-7] DEBUG org.asynchttpclient.netty.channel.ChannelManager - Adding key: http://localhost:12304 for channel [id: 0x45f87932, L:/127.0.0.1:63740 - R:localhost/127.0.0.1:12304]
16:05:14.246 [Forwarding getAlertText on session 0926edc32c6535a4d8b754d832bb383c to remote] DEBUG org.asynchttpclient.netty.request.NettyRequestSender - Using pooled Channel '[id: 0x45f87932, L:/127.0.0.1:63740 - R:localhost/127.0.0.1:12304]' for 'GET' to 'http://localhost:12304/session/0926edc32c6535a4d8b754d832bb383c/alert/text'
16:05:14.246 [Forwarding getAlertText on session 0926edc32c6535a4d8b754d832bb383c to remote] DEBUG org.asynchttpclient.netty.request.NettyRequestSender - Using open Channel [id: 0x45f87932, L:/127.0.0.1:63740 - R:localhost/127.0.0.1:12304] for GET '/session/0926edc32c6535a4d8b754d832bb383c/alert/text'
16:05:14.262 [AsyncHttpClient-1-7] DEBUG org.asynchttpclient.netty.handler.HttpHandler - 

Request DefaultFullHttpRequest(decodeResult: success, version: HTTP/1.1, content: EmptyByteBufBE)
GET /session/0926edc32c6535a4d8b754d832bb383c/alert/text HTTP/1.1
User-Agent: selenium/4.8.1 (java windows)
Cache-Control: no-cache
Content-Type: application/json; charset=utf-8
host: localhost:12304
accept: */*

Response DefaultHttpResponse(decodeResult: success, version: HTTP/1.1)
HTTP/1.1 404 Not Found
Content-Length: 848
Content-Type: application/json; charset=utf-8
cache-control: no-cache

16:05:14.262 [AsyncHttpClient-1-7] DEBUG org.asynchttpclient.netty.channel.ChannelManager - Adding key: http://localhost:12304 for channel [id: 0x45f87932, L:/127.0.0.1:63740 - R:localhost/127.0.0.1:12304]
16:05:14.263 [Forwarding getCurrentUrl on session 0926edc32c6535a4d8b754d832bb383c to remote] DEBUG org.asynchttpclient.netty.request.NettyRequestSender - Using pooled Channel '[id: 0x45f87932, L:/127.0.0.1:63740 - R:localhost/127.0.0.1:12304]' for 'GET' to 'http://localhost:12304/session/0926edc32c6535a4d8b754d832bb383c/url'
16:05:14.263 [Forwarding getCurrentUrl on session 0926edc32c6535a4d8b754d832bb383c to remote] DEBUG org.asynchttpclient.netty.request.NettyRequestSender - Using open Channel [id: 0x45f87932, L:/127.0.0.1:63740 - R:localhost/127.0.0.1:12304] for GET '/session/0926edc32c6535a4d8b754d832bb383c/url'
16:05:14.275 [AsyncHttpClient-1-7] DEBUG org.asynchttpclient.netty.handler.HttpHandler - 

Request DefaultFullHttpRequest(decodeResult: success, version: HTTP/1.1, content: EmptyByteBufBE)
GET /session/0926edc32c6535a4d8b754d832bb383c/url HTTP/1.1
User-Agent: selenium/4.8.1 (java windows)
Cache-Control: no-cache
Content-Type: application/json; charset=utf-8
host: localhost:12304
accept: */*

Response DefaultHttpResponse(decodeResult: success, version: HTTP/1.1)
HTTP/1.1 200 OK
Content-Length: 54
Content-Type: application/json; charset=utf-8
cache-control: no-cache

16:05:14.275 [AsyncHttpClient-1-7] DEBUG org.asynchttpclient.netty.channel.ChannelManager - Adding key: http://localhost:12304 for channel [id: 0x45f87932, L:/127.0.0.1:63740 - R:localhost/127.0.0.1:12304]
16:05:14.276 [Forwarding screenshot on session 0926edc32c6535a4d8b754d832bb383c to remote] DEBUG org.asynchttpclient.netty.request.NettyRequestSender - Using pooled Channel '[id: 0x45f87932, L:/127.0.0.1:63740 - R:localhost/127.0.0.1:12304]' for 'GET' to 'http://localhost:12304/session/0926edc32c6535a4d8b754d832bb383c/screenshot'
16:05:14.276 [Forwarding screenshot on session 0926edc32c6535a4d8b754d832bb383c to remote] DEBUG org.asynchttpclient.netty.request.NettyRequestSender - Using open Channel [id: 0x45f87932, L:/127.0.0.1:63740 - R:localhost/127.0.0.1:12304] for GET '/session/0926edc32c6535a4d8b754d832bb383c/screenshot'
16:05:14.363 [AsyncHttpClient-1-7] DEBUG org.asynchttpclient.netty.handler.HttpHandler - 

Request DefaultFullHttpRequest(decodeResult: success, version: HTTP/1.1, content: EmptyByteBufBE)
GET /session/0926edc32c6535a4d8b754d832bb383c/screenshot HTTP/1.1
User-Agent: selenium/4.8.1 (java windows)
Cache-Control: no-cache
Content-Type: application/json; charset=utf-8
host: localhost:12304
accept: */*

Response DefaultHttpResponse(decodeResult: success, version: HTTP/1.1)
HTTP/1.1 200 OK
Content-Length: 29812
Content-Type: application/json; charset=utf-8
cache-control: no-cache

16:05:14.363 [AsyncHttpClient-1-7] DEBUG org.asynchttpclient.netty.channel.ChannelManager - Adding key: http://localhost:12304 for channel [id: 0x45f87932, L:/127.0.0.1:63740 - R:localhost/127.0.0.1:12304]
16:05:14.366 [main] DEBUG net.serenitybdd.core.photography.Darkroom - Send negative for processing for target\site\serenity\dc691df6bc45ac7ee85f2038bc160acfdeabaa5f159ef30e6301de43706d82fa.png
16:05:14.366 [Darkroom Processing Line] DEBUG net.serenitybdd.core.photography.DarkroomProcessingLine - Processing screenshot image in /var/screenshots/screenshot-1184782334160411149
16:05:14.366 [Darkroom Processing Line] DEBUG net.serenitybdd.core.photography.DarkroomProcessingLine - Saving screenshot to target\site\serenity\dc691df6bc45ac7ee85f2038bc160acfdeabaa5f159ef30e6301de43706d82fa.png
16:05:14.367 [main] DEBUG net.thucydides.core.steps.StepInterceptor - STEP DONE: user click register
  &amp#27;[32mAnd &amp#27;[0m&amp#27;[32muser click register&amp#27;[0m                             &amp#27;[90m# starter.stepdefinition.RegisterStep.userClickRegister()&amp#27;[0m
16:05:14.388 [main] DEBUG net.thucydides.core.steps.StepInterceptor - STARTING STEP: RegisterStep.userInputFullName - user input Full Name
16:05:14.390 [Forwarding findElement on session 0926edc32c6535a4d8b754d832bb383c to remote] DEBUG org.asynchttpclient.netty.request.NettyRequestSender - Using pooled Channel '[id: 0x45f87932, L:/127.0.0.1:63740 - R:localhost/127.0.0.1:12304]' for 'POST' to 'http://localhost:12304/session/0926edc32c6535a4d8b754d832bb383c/element'
16:05:14.390 [Forwarding findElement on session 0926edc32c6535a4d8b754d832bb383c to remote] DEBUG org.asynchttpclient.netty.request.NettyRequestSender - Using open Channel [id: 0x45f87932, L:/127.0.0.1:63740 - R:localhost/127.0.0.1:12304] for POST '/session/0926edc32c6535a4d8b754d832bb383c/element'
16:05:14.403 [AsyncHttpClient-1-7] DEBUG org.asynchttpclient.netty.handler.HttpHandler - 

Request DefaultHttpRequest(decodeResult: success, version: HTTP/1.1)
POST /session/0926edc32c6535a4d8b754d832bb383c/element HTTP/1.1
User-Agent: selenium/4.8.1 (java windows)
Content-Length: 55
Content-Type: application/json; charset=utf-8
host: localhost:12304
accept: */*

Response DefaultHttpResponse(decodeResult: success, version: HTTP/1.1)
HTTP/1.1 200 OK
Content-Length: 88
Content-Type: application/json; charset=utf-8
cache-control: no-cache

16:05:14.403 [AsyncHttpClient-1-7] DEBUG org.asynchttpclient.netty.channel.ChannelManager - Adding key: http://localhost:12304 for channel [id: 0x45f87932, L:/127.0.0.1:63740 - R:localhost/127.0.0.1:12304]
16:05:14.404 [Forwarding clearElement on session 0926edc32c6535a4d8b754d832bb383c to remote] DEBUG org.asynchttpclient.netty.request.NettyRequestSender - Using pooled Channel '[id: 0x45f87932, L:/127.0.0.1:63740 - R:localhost/127.0.0.1:12304]' for 'POST' to 'http://localhost:12304/session/0926edc32c6535a4d8b754d832bb383c/element/3e0b7c35-2845-4cb5-8bd8-2adbe7dbccc9/clear'
16:05:14.404 [Forwarding clearElement on session 0926edc32c6535a4d8b754d832bb383c to remote] DEBUG org.asynchttpclient.netty.request.NettyRequestSender - Using open Channel [id: 0x45f87932, L:/127.0.0.1:63740 - R:localhost/127.0.0.1:12304] for POST '/session/0926edc32c6535a4d8b754d832bb383c/element/3e0b7c35-2845-4cb5-8bd8-2adbe7dbccc9/clear'
16:05:14.462 [AsyncHttpClient-1-7] DEBUG org.asynchttpclient.netty.handler.HttpHandler - 

Request DefaultHttpRequest(decodeResult: success, version: HTTP/1.1)
POST /session/0926edc32c6535a4d8b754d832bb383c/element/3e0b7c35-2845-4cb5-8bd8-2adbe7dbccc9/clear HTTP/1.1
User-Agent: selenium/4.8.1 (java windows)
Content-Length: 50
Content-Type: application/json; charset=utf-8
host: localhost:12304
accept: */*

Response DefaultHttpResponse(decodeResult: success, version: HTTP/1.1)
HTTP/1.1 200 OK
Content-Length: 14
Content-Type: application/json; charset=utf-8
cache-control: no-cache

16:05:14.462 [AsyncHttpClient-1-7] DEBUG org.asynchttpclient.netty.channel.ChannelManager - Adding key: http://localhost:12304 for channel [id: 0x45f87932, L:/127.0.0.1:63740 - R:localhost/127.0.0.1:12304]
16:05:14.464 [Forwarding sendKeysToElement on session 0926edc32c6535a4d8b754d832bb383c to remote] DEBUG org.asynchttpclient.netty.request.NettyRequestSender - Using pooled Channel '[id: 0x45f87932, L:/127.0.0.1:63740 - R:localhost/127.0.0.1:12304]' for 'POST' to 'http://localhost:12304/session/0926edc32c6535a4d8b754d832bb383c/element/3e0b7c35-2845-4cb5-8bd8-2adbe7dbccc9/value'
16:05:14.464 [Forwarding sendKeysToElement on session 0926edc32c6535a4d8b754d832bb383c to remote] DEBUG org.asynchttpclient.netty.request.NettyRequestSender - Using open Channel [id: 0x45f87932, L:/127.0.0.1:63740 - R:localhost/127.0.0.1:12304] for POST '/session/0926edc32c6535a4d8b754d832bb383c/element/3e0b7c35-2845-4cb5-8bd8-2adbe7dbccc9/value'
16:05:14.558 [AsyncHttpClient-1-7] DEBUG org.asynchttpclient.netty.handler.HttpHandler - 

Request DefaultHttpRequest(decodeResult: success, version: HTTP/1.1)
POST /session/0926edc32c6535a4d8b754d832bb383c/element/3e0b7c35-2845-4cb5-8bd8-2adbe7dbccc9/value HTTP/1.1
User-Agent: selenium/4.8.1 (java windows)
Content-Length: 161
Content-Type: application/json; charset=utf-8
host: localhost:12304
accept: */*

Response DefaultHttpResponse(decodeResult: success, version: HTTP/1.1)
HTTP/1.1 200 OK
Content-Length: 14
Content-Type: application/json; charset=utf-8
cache-control: no-cache

16:05:14.558 [AsyncHttpClient-1-7] DEBUG org.asynchttpclient.netty.channel.ChannelManager - Adding key: http://localhost:12304 for channel [id: 0x45f87932, L:/127.0.0.1:63740 - R:localhost/127.0.0.1:12304]
16:05:14.564 [Forwarding getAlertText on session 0926edc32c6535a4d8b754d832bb383c to remote] DEBUG org.asynchttpclient.netty.request.NettyRequestSender - Using pooled Channel '[id: 0x45f87932, L:/127.0.0.1:63740 - R:localhost/127.0.0.1:12304]' for 'GET' to 'http://localhost:12304/session/0926edc32c6535a4d8b754d832bb383c/alert/text'
16:05:14.564 [Forwarding getAlertText on session 0926edc32c6535a4d8b754d832bb383c to remote] DEBUG org.asynchttpclient.netty.request.NettyRequestSender - Using open Channel [id: 0x45f87932, L:/127.0.0.1:63740 - R:localhost/127.0.0.1:12304] for GET '/session/0926edc32c6535a4d8b754d832bb383c/alert/text'
16:05:14.568 [AsyncHttpClient-1-7] DEBUG org.asynchttpclient.netty.handler.HttpHandler - 

Request DefaultFullHttpRequest(decodeResult: success, version: HTTP/1.1, content: EmptyByteBufBE)
GET /session/0926edc32c6535a4d8b754d832bb383c/alert/text HTTP/1.1
User-Agent: selenium/4.8.1 (java windows)
Cache-Control: no-cache
Content-Type: application/json; charset=utf-8
host: localhost:12304
accept: */*

Response DefaultHttpResponse(decodeResult: success, version: HTTP/1.1)
HTTP/1.1 404 Not Found
Content-Length: 848
Content-Type: application/json; charset=utf-8
cache-control: no-cache

16:05:14.568 [AsyncHttpClient-1-7] DEBUG org.asynchttpclient.netty.channel.ChannelManager - Adding key: http://localhost:12304 for channel [id: 0x45f87932, L:/127.0.0.1:63740 - R:localhost/127.0.0.1:12304]
16:05:14.569 [Forwarding getCurrentUrl on session 0926edc32c6535a4d8b754d832bb383c to remote] DEBUG org.asynchttpclient.netty.request.NettyRequestSender - Using pooled Channel '[id: 0x45f87932, L:/127.0.0.1:63740 - R:localhost/127.0.0.1:12304]' for 'GET' to 'http://localhost:12304/session/0926edc32c6535a4d8b754d832bb383c/url'
16:05:14.569 [Forwarding getCurrentUrl on session 0926edc32c6535a4d8b754d832bb383c to remote] DEBUG org.asynchttpclient.netty.request.NettyRequestSender - Using open Channel [id: 0x45f87932, L:/127.0.0.1:63740 - R:localhost/127.0.0.1:12304] for GET '/session/0926edc32c6535a4d8b754d832bb383c/url'
16:05:14.573 [AsyncHttpClient-1-7] DEBUG org.asynchttpclient.netty.handler.HttpHandler - 

Request DefaultFullHttpRequest(decodeResult: success, version: HTTP/1.1, content: EmptyByteBufBE)
GET /session/0926edc32c6535a4d8b754d832bb383c/url HTTP/1.1
User-Agent: selenium/4.8.1 (java windows)
Cache-Control: no-cache
Content-Type: application/json; charset=utf-8
host: localhost:12304
accept: */*

Response DefaultHttpResponse(decodeResult: success, version: HTTP/1.1)
HTTP/1.1 200 OK
Content-Length: 54
Content-Type: application/json; charset=utf-8
cache-control: no-cache

16:05:14.573 [AsyncHttpClient-1-7] DEBUG org.asynchttpclient.netty.channel.ChannelManager - Adding key: http://localhost:12304 for channel [id: 0x45f87932, L:/127.0.0.1:63740 - R:localhost/127.0.0.1:12304]
16:05:14.574 [Forwarding screenshot on session 0926edc32c6535a4d8b754d832bb383c to remote] DEBUG org.asynchttpclient.netty.request.NettyRequestSender - Using pooled Channel '[id: 0x45f87932, L:/127.0.0.1:63740 - R:localhost/127.0.0.1:12304]' for 'GET' to 'http://localhost:12304/session/0926edc32c6535a4d8b754d832bb383c/screenshot'
16:05:14.574 [Forwarding screenshot on session 0926edc32c6535a4d8b754d832bb383c to remote] DEBUG org.asynchttpclient.netty.request.NettyRequestSender - Using open Channel [id: 0x45f87932, L:/127.0.0.1:63740 - R:localhost/127.0.0.1:12304] for GET '/session/0926edc32c6535a4d8b754d832bb383c/screenshot'
16:05:14.676 [AsyncHttpClient-1-7] DEBUG org.asynchttpclient.netty.handler.HttpHandler - 

Request DefaultFullHttpRequest(decodeResult: success, version: HTTP/1.1, content: EmptyByteBufBE)
GET /session/0926edc32c6535a4d8b754d832bb383c/screenshot HTTP/1.1
User-Agent: selenium/4.8.1 (java windows)
Cache-Control: no-cache
Content-Type: application/json; charset=utf-8
host: localhost:12304
accept: */*

Response DefaultHttpResponse(decodeResult: success, version: HTTP/1.1)
HTTP/1.1 200 OK
Content-Length: 31688
Content-Type: application/json; charset=utf-8
cache-control: no-cache

16:05:14.676 [AsyncHttpClient-1-7] DEBUG org.asynchttpclient.netty.channel.ChannelManager - Adding key: http://localhost:12304 for channel [id: 0x45f87932, L:/127.0.0.1:63740 - R:localhost/127.0.0.1:12304]
16:05:14.677 [main] DEBUG net.serenitybdd.core.photography.Darkroom - Send negative for processing for target\site\serenity\05fef4002033efcc4fa22666555fb04147b7f0355da79e5ac5f74afa58ffb806.png
16:05:14.678 [main] DEBUG net.thucydides.core.steps.StepInterceptor - STEP DONE: user input Full Name
  &amp#27;[32mWhen &amp#27;[0m&amp#27;[32muser input Full Name&amp#27;[0m                           &amp#27;[90m# starter.stepdefinition.RegisterStep.userInputFullName()&amp#27;[0m
16:05:14.678 [Darkroom Processing Line] DEBUG net.serenitybdd.core.photography.DarkroomProcessingLine - Processing screenshot image in /var/screenshots/screenshot-1412134492903600587
16:05:14.678 [Darkroom Processing Line] DEBUG net.serenitybdd.core.photography.DarkroomProcessingLine - Saving screenshot to target\site\serenity\05fef4002033efcc4fa22666555fb04147b7f0355da79e5ac5f74afa58ffb806.png
16:05:14.689 [main] DEBUG net.thucydides.core.steps.StepInterceptor - STARTING STEP: RegisterStep.userInputEmail - user input email
16:05:14.691 [Forwarding findElement on session 0926edc32c6535a4d8b754d832bb383c to remote] DEBUG org.asynchttpclient.netty.request.NettyRequestSender - Using pooled Channel '[id: 0x45f87932, L:/127.0.0.1:63740 - R:localhost/127.0.0.1:12304]' for 'POST' to 'http://localhost:12304/session/0926edc32c6535a4d8b754d832bb383c/element'
16:05:14.691 [Forwarding findElement on session 0926edc32c6535a4d8b754d832bb383c to remote] DEBUG org.asynchttpclient.netty.request.NettyRequestSender - Using open Channel [id: 0x45f87932, L:/127.0.0.1:63740 - R:localhost/127.0.0.1:12304] for POST '/session/0926edc32c6535a4d8b754d832bb383c/element'
16:05:14.703 [AsyncHttpClient-1-7] DEBUG org.asynchttpclient.netty.handler.HttpHandler - 

Request DefaultHttpRequest(decodeResult: success, version: HTTP/1.1)
POST /session/0926edc32c6535a4d8b754d832bb383c/element HTTP/1.1
User-Agent: selenium/4.8.1 (java windows)
Content-Length: 55
Content-Type: application/json; charset=utf-8
host: localhost:12304
accept: */*

Response DefaultHttpResponse(decodeResult: success, version: HTTP/1.1)
HTTP/1.1 200 OK
Content-Length: 88
Content-Type: application/json; charset=utf-8
cache-control: no-cache

16:05:14.703 [AsyncHttpClient-1-7] DEBUG org.asynchttpclient.netty.channel.ChannelManager - Adding key: http://localhost:12304 for channel [id: 0x45f87932, L:/127.0.0.1:63740 - R:localhost/127.0.0.1:12304]
16:05:14.704 [Forwarding clearElement on session 0926edc32c6535a4d8b754d832bb383c to remote] DEBUG org.asynchttpclient.netty.request.NettyRequestSender - Using pooled Channel '[id: 0x45f87932, L:/127.0.0.1:63740 - R:localhost/127.0.0.1:12304]' for 'POST' to 'http://localhost:12304/session/0926edc32c6535a4d8b754d832bb383c/element/b5bd88a4-eb3a-41eb-ae79-475ccbc2b042/clear'
16:05:14.704 [Forwarding clearElement on session 0926edc32c6535a4d8b754d832bb383c to remote] DEBUG org.asynchttpclient.netty.request.NettyRequestSender - Using open Channel [id: 0x45f87932, L:/127.0.0.1:63740 - R:localhost/127.0.0.1:12304] for POST '/session/0926edc32c6535a4d8b754d832bb383c/element/b5bd88a4-eb3a-41eb-ae79-475ccbc2b042/clear'
16:05:14.737 [AsyncHttpClient-1-7] DEBUG org.asynchttpclient.netty.handler.HttpHandler - 

Request DefaultHttpRequest(decodeResult: success, version: HTTP/1.1)
POST /session/0926edc32c6535a4d8b754d832bb383c/element/b5bd88a4-eb3a-41eb-ae79-475ccbc2b042/clear HTTP/1.1
User-Agent: selenium/4.8.1 (java windows)
Content-Length: 50
Content-Type: application/json; charset=utf-8
host: localhost:12304
accept: */*

Response DefaultHttpResponse(decodeResult: success, version: HTTP/1.1)
HTTP/1.1 200 OK
Content-Length: 14
Content-Type: application/json; charset=utf-8
cache-control: no-cache

16:05:14.737 [AsyncHttpClient-1-7] DEBUG org.asynchttpclient.netty.channel.ChannelManager - Adding key: http://localhost:12304 for channel [id: 0x45f87932, L:/127.0.0.1:63740 - R:localhost/127.0.0.1:12304]
16:05:14.738 [Forwarding sendKeysToElement on session 0926edc32c6535a4d8b754d832bb383c to remote] DEBUG org.asynchttpclient.netty.request.NettyRequestSender - Using pooled Channel '[id: 0x45f87932, L:/127.0.0.1:63740 - R:localhost/127.0.0.1:12304]' for 'POST' to 'http://localhost:12304/session/0926edc32c6535a4d8b754d832bb383c/element/b5bd88a4-eb3a-41eb-ae79-475ccbc2b042/value'
16:05:14.738 [Forwarding sendKeysToElement on session 0926edc32c6535a4d8b754d832bb383c to remote] DEBUG org.asynchttpclient.netty.request.NettyRequestSender - Using open Channel [id: 0x45f87932, L:/127.0.0.1:63740 - R:localhost/127.0.0.1:12304] for POST '/session/0926edc32c6535a4d8b754d832bb383c/element/b5bd88a4-eb3a-41eb-ae79-475ccbc2b042/value'
16:05:14.861 [AsyncHttpClient-1-7] DEBUG org.asynchttpclient.netty.handler.HttpHandler - 

Request DefaultHttpRequest(decodeResult: success, version: HTTP/1.1)
POST /session/0926edc32c6535a4d8b754d832bb383c/element/b5bd88a4-eb3a-41eb-ae79-475ccbc2b042/value HTTP/1.1
User-Agent: selenium/4.8.1 (java windows)
Content-Length: 231
Content-Type: application/json; charset=utf-8
host: localhost:12304
accept: */*

Response DefaultHttpResponse(decodeResult: success, version: HTTP/1.1)
HTTP/1.1 200 OK
Content-Length: 14
Content-Type: application/json; charset=utf-8
cache-control: no-cache

16:05:14.861 [AsyncHttpClient-1-7] DEBUG org.asynchttpclient.netty.channel.ChannelManager - Adding key: http://localhost:12304 for channel [id: 0x45f87932, L:/127.0.0.1:63740 - R:localhost/127.0.0.1:12304]
16:05:14.871 [Forwarding getAlertText on session 0926edc32c6535a4d8b754d832bb383c to remote] DEBUG org.asynchttpclient.netty.request.NettyRequestSender - Using pooled Channel '[id: 0x45f87932, L:/127.0.0.1:63740 - R:localhost/127.0.0.1:12304]' for 'GET' to 'http://localhost:12304/session/0926edc32c6535a4d8b754d832bb383c/alert/text'
16:05:14.871 [Forwarding getAlertText on session 0926edc32c6535a4d8b754d832bb383c to remote] DEBUG org.asynchttpclient.netty.request.NettyRequestSender - Using open Channel [id: 0x45f87932, L:/127.0.0.1:63740 - R:localhost/127.0.0.1:12304] for GET '/session/0926edc32c6535a4d8b754d832bb383c/alert/text'
16:05:14.872 [AsyncHttpClient-1-7] DEBUG org.asynchttpclient.netty.handler.HttpHandler - 

Request DefaultFullHttpRequest(decodeResult: success, version: HTTP/1.1, content: EmptyByteBufBE)
GET /session/0926edc32c6535a4d8b754d832bb383c/alert/text HTTP/1.1
User-Agent: selenium/4.8.1 (java windows)
Cache-Control: no-cache
Content-Type: application/json; charset=utf-8
host: localhost:12304
accept: */*

Response DefaultHttpResponse(decodeResult: success, version: HTTP/1.1)
HTTP/1.1 404 Not Found
Content-Length: 848
Content-Type: application/json; charset=utf-8
cache-control: no-cache

16:05:14.872 [AsyncHttpClient-1-7] DEBUG org.asynchttpclient.netty.channel.ChannelManager - Adding key: http://localhost:12304 for channel [id: 0x45f87932, L:/127.0.0.1:63740 - R:localhost/127.0.0.1:12304]
16:05:14.873 [Forwarding getCurrentUrl on session 0926edc32c6535a4d8b754d832bb383c to remote] DEBUG org.asynchttpclient.netty.request.NettyRequestSender - Using pooled Channel '[id: 0x45f87932, L:/127.0.0.1:63740 - R:localhost/127.0.0.1:12304]' for 'GET' to 'http://localhost:12304/session/0926edc32c6535a4d8b754d832bb383c/url'
16:05:14.873 [Forwarding getCurrentUrl on session 0926edc32c6535a4d8b754d832bb383c to remote] DEBUG org.asynchttpclient.netty.request.NettyRequestSender - Using open Channel [id: 0x45f87932, L:/127.0.0.1:63740 - R:localhost/127.0.0.1:12304] for GET '/session/0926edc32c6535a4d8b754d832bb383c/url'
16:05:14.875 [AsyncHttpClient-1-7] DEBUG org.asynchttpclient.netty.handler.HttpHandler - 

Request DefaultFullHttpRequest(decodeResult: success, version: HTTP/1.1, content: EmptyByteBufBE)
GET /session/0926edc32c6535a4d8b754d832bb383c/url HTTP/1.1
User-Agent: selenium/4.8.1 (java windows)
Cache-Control: no-cache
Content-Type: application/json; charset=utf-8
host: localhost:12304
accept: */*

Response DefaultHttpResponse(decodeResult: success, version: HTTP/1.1)
HTTP/1.1 200 OK
Content-Length: 54
Content-Type: application/json; charset=utf-8
cache-control: no-cache

16:05:14.875 [AsyncHttpClient-1-7] DEBUG org.asynchttpclient.netty.channel.ChannelManager - Adding key: http://localhost:12304 for channel [id: 0x45f87932, L:/127.0.0.1:63740 - R:localhost/127.0.0.1:12304]
16:05:14.876 [Forwarding screenshot on session 0926edc32c6535a4d8b754d832bb383c to remote] DEBUG org.asynchttpclient.netty.request.NettyRequestSender - Using pooled Channel '[id: 0x45f87932, L:/127.0.0.1:63740 - R:localhost/127.0.0.1:12304]' for 'GET' to 'http://localhost:12304/session/0926edc32c6535a4d8b754d832bb383c/screenshot'
16:05:14.876 [Forwarding screenshot on session 0926edc32c6535a4d8b754d832bb383c to remote] DEBUG org.asynchttpclient.netty.request.NettyRequestSender - Using open Channel [id: 0x45f87932, L:/127.0.0.1:63740 - R:localhost/127.0.0.1:12304] for GET '/session/0926edc32c6535a4d8b754d832bb383c/screenshot'
16:05:14.974 [AsyncHttpClient-1-7] DEBUG org.asynchttpclient.netty.handler.HttpHandler - 

Request DefaultFullHttpRequest(decodeResult: success, version: HTTP/1.1, content: EmptyByteBufBE)
GET /session/0926edc32c6535a4d8b754d832bb383c/screenshot HTTP/1.1
User-Agent: selenium/4.8.1 (java windows)
Cache-Control: no-cache
Content-Type: application/json; charset=utf-8
host: localhost:12304
accept: */*

Response DefaultHttpResponse(decodeResult: success, version: HTTP/1.1)
HTTP/1.1 200 OK
Content-Length: 34780
Content-Type: application/json; charset=utf-8
cache-control: no-cache

16:05:14.975 [AsyncHttpClient-1-7] DEBUG org.asynchttpclient.netty.channel.ChannelManager - Adding key: http://localhost:12304 for channel [id: 0x45f87932, L:/127.0.0.1:63740 - R:localhost/127.0.0.1:12304]
16:05:14.976 [main] DEBUG net.serenitybdd.core.photography.Darkroom - Send negative for processing for target\site\serenity\9bd14ab39734d48941178561595a67d633b738e092e1ea3cbd56c3977e0bc346.png
16:05:14.976 [main] DEBUG net.thucydides.core.steps.StepInterceptor - STEP DONE: user input email
  &amp#27;[32mAnd &amp#27;[0m&amp#27;[32muser input email&amp#27;[0m                                &amp#27;[90m# starter.stepdefinition.RegisterStep.userInputEmail()&amp#27;[0m
16:05:14.976 [Darkroom Processing Line] DEBUG net.serenitybdd.core.photography.DarkroomProcessingLine - Processing screenshot image in /var/screenshots/screenshot-6988401897512603020
16:05:14.977 [Darkroom Processing Line] DEBUG net.serenitybdd.core.photography.DarkroomProcessingLine - Saving screenshot to target\site\serenity\9bd14ab39734d48941178561595a67d633b738e092e1ea3cbd56c3977e0bc346.png
16:05:14.985 [main] DEBUG net.thucydides.core.steps.StepInterceptor - STARTING STEP: RegisterStep.userInputPassword - user input password
16:05:14.987 [Forwarding findElement on session 0926edc32c6535a4d8b754d832bb383c to remote] DEBUG org.asynchttpclient.netty.request.NettyRequestSender - Using pooled Channel '[id: 0x45f87932, L:/127.0.0.1:63740 - R:localhost/127.0.0.1:12304]' for 'POST' to 'http://localhost:12304/session/0926edc32c6535a4d8b754d832bb383c/element'
16:05:14.987 [Forwarding findElement on session 0926edc32c6535a4d8b754d832bb383c to remote] DEBUG org.asynchttpclient.netty.request.NettyRequestSender - Using open Channel [id: 0x45f87932, L:/127.0.0.1:63740 - R:localhost/127.0.0.1:12304] for POST '/session/0926edc32c6535a4d8b754d832bb383c/element'
16:05:14.997 [AsyncHttpClient-1-7] DEBUG org.asynchttpclient.netty.handler.HttpHandler - 

Request DefaultHttpRequest(decodeResult: success, version: HTTP/1.1)
POST /session/0926edc32c6535a4d8b754d832bb383c/element HTTP/1.1
User-Agent: selenium/4.8.1 (java windows)
Content-Length: 55
Content-Type: application/json; charset=utf-8
host: localhost:12304
accept: */*

Response DefaultHttpResponse(decodeResult: success, version: HTTP/1.1)
HTTP/1.1 200 OK
Content-Length: 88
Content-Type: application/json; charset=utf-8
cache-control: no-cache

16:05:14.997 [AsyncHttpClient-1-7] DEBUG org.asynchttpclient.netty.channel.ChannelManager - Adding key: http://localhost:12304 for channel [id: 0x45f87932, L:/127.0.0.1:63740 - R:localhost/127.0.0.1:12304]
16:05:14.997 [Forwarding clearElement on session 0926edc32c6535a4d8b754d832bb383c to remote] DEBUG org.asynchttpclient.netty.request.NettyRequestSender - Using pooled Channel '[id: 0x45f87932, L:/127.0.0.1:63740 - R:localhost/127.0.0.1:12304]' for 'POST' to 'http://localhost:12304/session/0926edc32c6535a4d8b754d832bb383c/element/ac29ca00-0e16-4fef-88f4-cc84757782e0/clear'
16:05:14.998 [Forwarding clearElement on session 0926edc32c6535a4d8b754d832bb383c to remote] DEBUG org.asynchttpclient.netty.request.NettyRequestSender - Using open Channel [id: 0x45f87932, L:/127.0.0.1:63740 - R:localhost/127.0.0.1:12304] for POST '/session/0926edc32c6535a4d8b754d832bb383c/element/ac29ca00-0e16-4fef-88f4-cc84757782e0/clear'
16:05:15.028 [AsyncHttpClient-1-7] DEBUG org.asynchttpclient.netty.handler.HttpHandler - 

Request DefaultHttpRequest(decodeResult: success, version: HTTP/1.1)
POST /session/0926edc32c6535a4d8b754d832bb383c/element/ac29ca00-0e16-4fef-88f4-cc84757782e0/clear HTTP/1.1
User-Agent: selenium/4.8.1 (java windows)
Content-Length: 50
Content-Type: application/json; charset=utf-8
host: localhost:12304
accept: */*

Response DefaultHttpResponse(decodeResult: success, version: HTTP/1.1)
HTTP/1.1 200 OK
Content-Length: 14
Content-Type: application/json; charset=utf-8
cache-control: no-cache

16:05:15.029 [AsyncHttpClient-1-7] DEBUG org.asynchttpclient.netty.channel.ChannelManager - Adding key: http://localhost:12304 for channel [id: 0x45f87932, L:/127.0.0.1:63740 - R:localhost/127.0.0.1:12304]
16:05:15.031 [Forwarding sendKeysToElement on session 0926edc32c6535a4d8b754d832bb383c to remote] DEBUG org.asynchttpclient.netty.request.NettyRequestSender - Using pooled Channel '[id: 0x45f87932, L:/127.0.0.1:63740 - R:localhost/127.0.0.1:12304]' for 'POST' to 'http://localhost:12304/session/0926edc32c6535a4d8b754d832bb383c/element/ac29ca00-0e16-4fef-88f4-cc84757782e0/value'
16:05:15.031 [Forwarding sendKeysToElement on session 0926edc32c6535a4d8b754d832bb383c to remote] DEBUG org.asynchttpclient.netty.request.NettyRequestSender - Using open Channel [id: 0x45f87932, L:/127.0.0.1:63740 - R:localhost/127.0.0.1:12304] for POST '/session/0926edc32c6535a4d8b754d832bb383c/element/ac29ca00-0e16-4fef-88f4-cc84757782e0/value'
16:05:15.110 [AsyncHttpClient-1-7] DEBUG org.asynchttpclient.netty.handler.HttpHandler - 

Request DefaultHttpRequest(decodeResult: success, version: HTTP/1.1)
POST /session/0926edc32c6535a4d8b754d832bb383c/element/ac29ca00-0e16-4fef-88f4-cc84757782e0/value HTTP/1.1
User-Agent: selenium/4.8.1 (java windows)
Content-Length: 161
Content-Type: application/json; charset=utf-8
host: localhost:12304
accept: */*

Response DefaultHttpResponse(decodeResult: success, version: HTTP/1.1)
HTTP/1.1 200 OK
Content-Length: 14
Content-Type: application/json; charset=utf-8
cache-control: no-cache

16:05:15.110 [AsyncHttpClient-1-7] DEBUG org.asynchttpclient.netty.channel.ChannelManager - Adding key: http://localhost:12304 for channel [id: 0x45f87932, L:/127.0.0.1:63740 - R:localhost/127.0.0.1:12304]
16:05:15.121 [Forwarding getAlertText on session 0926edc32c6535a4d8b754d832bb383c to remote] DEBUG org.asynchttpclient.netty.request.NettyRequestSender - Using pooled Channel '[id: 0x45f87932, L:/127.0.0.1:63740 - R:localhost/127.0.0.1:12304]' for 'GET' to 'http://localhost:12304/session/0926edc32c6535a4d8b754d832bb383c/alert/text'
16:05:15.121 [Forwarding getAlertText on session 0926edc32c6535a4d8b754d832bb383c to remote] DEBUG org.asynchttpclient.netty.request.NettyRequestSender - Using open Channel [id: 0x45f87932, L:/127.0.0.1:63740 - R:localhost/127.0.0.1:12304] for GET '/session/0926edc32c6535a4d8b754d832bb383c/alert/text'
16:05:15.122 [AsyncHttpClient-1-7] DEBUG org.asynchttpclient.netty.handler.HttpHandler - 

Request DefaultFullHttpRequest(decodeResult: success, version: HTTP/1.1, content: EmptyByteBufBE)
GET /session/0926edc32c6535a4d8b754d832bb383c/alert/text HTTP/1.1
User-Agent: selenium/4.8.1 (java windows)
Cache-Control: no-cache
Content-Type: application/json; charset=utf-8
host: localhost:12304
accept: */*

Response DefaultHttpResponse(decodeResult: success, version: HTTP/1.1)
HTTP/1.1 404 Not Found
Content-Length: 848
Content-Type: application/json; charset=utf-8
cache-control: no-cache

16:05:15.122 [AsyncHttpClient-1-7] DEBUG org.asynchttpclient.netty.channel.ChannelManager - Adding key: http://localhost:12304 for channel [id: 0x45f87932, L:/127.0.0.1:63740 - R:localhost/127.0.0.1:12304]
16:05:15.123 [Forwarding getCurrentUrl on session 0926edc32c6535a4d8b754d832bb383c to remote] DEBUG org.asynchttpclient.netty.request.NettyRequestSender - Using pooled Channel '[id: 0x45f87932, L:/127.0.0.1:63740 - R:localhost/127.0.0.1:12304]' for 'GET' to 'http://localhost:12304/session/0926edc32c6535a4d8b754d832bb383c/url'
16:05:15.123 [Forwarding getCurrentUrl on session 0926edc32c6535a4d8b754d832bb383c to remote] DEBUG org.asynchttpclient.netty.request.NettyRequestSender - Using open Channel [id: 0x45f87932, L:/127.0.0.1:63740 - R:localhost/127.0.0.1:12304] for GET '/session/0926edc32c6535a4d8b754d832bb383c/url'
16:05:15.126 [AsyncHttpClient-1-7] DEBUG org.asynchttpclient.netty.handler.HttpHandler - 

Request DefaultFullHttpRequest(decodeResult: success, version: HTTP/1.1, content: EmptyByteBufBE)
GET /session/0926edc32c6535a4d8b754d832bb383c/url HTTP/1.1
User-Agent: selenium/4.8.1 (java windows)
Cache-Control: no-cache
Content-Type: application/json; charset=utf-8
host: localhost:12304
accept: */*

Response DefaultHttpResponse(decodeResult: success, version: HTTP/1.1)
HTTP/1.1 200 OK
Content-Length: 54
Content-Type: application/json; charset=utf-8
cache-control: no-cache

16:05:15.126 [AsyncHttpClient-1-7] DEBUG org.asynchttpclient.netty.channel.ChannelManager - Adding key: http://localhost:12304 for channel [id: 0x45f87932, L:/127.0.0.1:63740 - R:localhost/127.0.0.1:12304]
16:05:15.127 [Forwarding screenshot on session 0926edc32c6535a4d8b754d832bb383c to remote] DEBUG org.asynchttpclient.netty.request.NettyRequestSender - Using pooled Channel '[id: 0x45f87932, L:/127.0.0.1:63740 - R:localhost/127.0.0.1:12304]' for 'GET' to 'http://localhost:12304/session/0926edc32c6535a4d8b754d832bb383c/screenshot'
16:05:15.127 [Forwarding screenshot on session 0926edc32c6535a4d8b754d832bb383c to remote] DEBUG org.asynchttpclient.netty.request.NettyRequestSender - Using open Channel [id: 0x45f87932, L:/127.0.0.1:63740 - R:localhost/127.0.0.1:12304] for GET '/session/0926edc32c6535a4d8b754d832bb383c/screenshot'
16:05:15.223 [AsyncHttpClient-1-7] DEBUG org.asynchttpclient.netty.handler.HttpHandler - 

Request DefaultFullHttpRequest(decodeResult: success, version: HTTP/1.1, content: EmptyByteBufBE)
GET /session/0926edc32c6535a4d8b754d832bb383c/screenshot HTTP/1.1
User-Agent: selenium/4.8.1 (java windows)
Cache-Control: no-cache
Content-Type: application/json; charset=utf-8
host: localhost:12304
accept: */*

Response DefaultHttpResponse(decodeResult: success, version: HTTP/1.1)
HTTP/1.1 200 OK
Content-Length: 36308
Content-Type: application/json; charset=utf-8
cache-control: no-cache

16:05:15.223 [AsyncHttpClient-1-7] DEBUG org.asynchttpclient.netty.channel.ChannelManager - Adding key: http://localhost:12304 for channel [id: 0x45f87932, L:/127.0.0.1:63740 - R:localhost/127.0.0.1:12304]
16:05:15.225 [main] DEBUG net.serenitybdd.core.photography.Darkroom - Send negative for processing for target\site\serenity\58503ba148f32f5cbdfa21d5553bf4d9a5b4fa2a1522016bb641cb2c7155c287.png
16:05:15.279 [AsyncHttpClient-1-1] DEBUG org.asynchttpclient.netty.channel.DefaultChannelPool - Entry count for : http://localhost:12304 : 1
16:05:15.279 [AsyncHttpClient-1-1] DEBUG org.asynchttpclient.netty.channel.DefaultChannelPool - Entry count for : http://localhost:63741 : 1
16:05:15.318 [main] DEBUG net.thucydides.core.steps.StepInterceptor - STEP DONE: user input password
  &amp#27;[32mAnd &amp#27;[0m&amp#27;[32muser input password&amp#27;[0m                             &amp#27;[90m# starter.stepdefinition.RegisterStep.userInputPassword()&amp#27;[0m
16:05:15.318 [Darkroom Processing Line] DEBUG net.serenitybdd.core.photography.DarkroomProcessingLine - Processing screenshot image in /var/screenshots/screenshot-4291466543297681911
16:05:15.318 [Darkroom Processing Line] DEBUG net.serenitybdd.core.photography.DarkroomProcessingLine - Saving screenshot to target\site\serenity\58503ba148f32f5cbdfa21d5553bf4d9a5b4fa2a1522016bb641cb2c7155c287.png
16:05:15.327 [main] DEBUG net.thucydides.core.steps.StepInterceptor - STARTING STEP: RegisterStep.userClickButtonRegister - user click button register
16:05:15.329 [Forwarding findElement on session 0926edc32c6535a4d8b754d832bb383c to remote] DEBUG org.asynchttpclient.netty.request.NettyRequestSender - Using pooled Channel '[id: 0x45f87932, L:/127.0.0.1:63740 - R:localhost/127.0.0.1:12304]' for 'POST' to 'http://localhost:12304/session/0926edc32c6535a4d8b754d832bb383c/element'
16:05:15.329 [Forwarding findElement on session 0926edc32c6535a4d8b754d832bb383c to remote] DEBUG org.asynchttpclient.netty.request.NettyRequestSender - Using open Channel [id: 0x45f87932, L:/127.0.0.1:63740 - R:localhost/127.0.0.1:12304] for POST '/session/0926edc32c6535a4d8b754d832bb383c/element'
16:05:15.341 [AsyncHttpClient-1-7] DEBUG org.asynchttpclient.netty.handler.HttpHandler - 

Request DefaultHttpRequest(decodeResult: success, version: HTTP/1.1)
POST /session/0926edc32c6535a4d8b754d832bb383c/element HTTP/1.1
User-Agent: selenium/4.8.1 (java windows)
Content-Length: 141
Content-Type: application/json; charset=utf-8
host: localhost:12304
accept: */*

Response DefaultHttpResponse(decodeResult: success, version: HTTP/1.1)
HTTP/1.1 200 OK
Content-Length: 88
Content-Type: application/json; charset=utf-8
cache-control: no-cache

16:05:15.341 [AsyncHttpClient-1-7] DEBUG org.asynchttpclient.netty.channel.ChannelManager - Adding key: http://localhost:12304 for channel [id: 0x45f87932, L:/127.0.0.1:63740 - R:localhost/127.0.0.1:12304]
16:05:15.342 [Forwarding getElementTagName on session 0926edc32c6535a4d8b754d832bb383c to remote] DEBUG org.asynchttpclient.netty.request.NettyRequestSender - Using pooled Channel '[id: 0x45f87932, L:/127.0.0.1:63740 - R:localhost/127.0.0.1:12304]' for 'GET' to 'http://localhost:12304/session/0926edc32c6535a4d8b754d832bb383c/element/cc576206-de91-44a0-9305-bed2d19f5a71/name'
16:05:15.342 [Forwarding getElementTagName on session 0926edc32c6535a4d8b754d832bb383c to remote] DEBUG org.asynchttpclient.netty.request.NettyRequestSender - Using open Channel [id: 0x45f87932, L:/127.0.0.1:63740 - R:localhost/127.0.0.1:12304] for GET '/session/0926edc32c6535a4d8b754d832bb383c/element/cc576206-de91-44a0-9305-bed2d19f5a71/name'
16:05:15.346 [AsyncHttpClient-1-7] DEBUG org.asynchttpclient.netty.handler.HttpHandler - 

Request DefaultFullHttpRequest(decodeResult: success, version: HTTP/1.1, content: EmptyByteBufBE)
GET /session/0926edc32c6535a4d8b754d832bb383c/element/cc576206-de91-44a0-9305-bed2d19f5a71/name HTTP/1.1
User-Agent: selenium/4.8.1 (java windows)
Cache-Control: no-cache
Content-Type: application/json; charset=utf-8
host: localhost:12304
accept: */*

Response DefaultHttpResponse(decodeResult: success, version: HTTP/1.1)
HTTP/1.1 200 OK
Content-Length: 18
Content-Type: application/json; charset=utf-8
cache-control: no-cache

16:05:15.346 [AsyncHttpClient-1-7] DEBUG org.asynchttpclient.netty.channel.ChannelManager - Adding key: http://localhost:12304 for channel [id: 0x45f87932, L:/127.0.0.1:63740 - R:localhost/127.0.0.1:12304]
16:05:15.347 [Forwarding getElementTagName on session 0926edc32c6535a4d8b754d832bb383c to remote] DEBUG org.asynchttpclient.netty.request.NettyRequestSender - Using pooled Channel '[id: 0x45f87932, L:/127.0.0.1:63740 - R:localhost/127.0.0.1:12304]' for 'GET' to 'http://localhost:12304/session/0926edc32c6535a4d8b754d832bb383c/element/cc576206-de91-44a0-9305-bed2d19f5a71/name'
16:05:15.347 [Forwarding getElementTagName on session 0926edc32c6535a4d8b754d832bb383c to remote] DEBUG org.asynchttpclient.netty.request.NettyRequestSender - Using open Channel [id: 0x45f87932, L:/127.0.0.1:63740 - R:localhost/127.0.0.1:12304] for GET '/session/0926edc32c6535a4d8b754d832bb383c/element/cc576206-de91-44a0-9305-bed2d19f5a71/name'
16:05:15.353 [AsyncHttpClient-1-7] DEBUG org.asynchttpclient.netty.handler.HttpHandler - 

Request DefaultFullHttpRequest(decodeResult: success, version: HTTP/1.1, content: EmptyByteBufBE)
GET /session/0926edc32c6535a4d8b754d832bb383c/element/cc576206-de91-44a0-9305-bed2d19f5a71/name HTTP/1.1
User-Agent: selenium/4.8.1 (java windows)
Cache-Control: no-cache
Content-Type: application/json; charset=utf-8
host: localhost:12304
accept: */*

Response DefaultHttpResponse(decodeResult: success, version: HTTP/1.1)
HTTP/1.1 200 OK
Content-Length: 18
Content-Type: application/json; charset=utf-8
cache-control: no-cache

16:05:15.353 [AsyncHttpClient-1-7] DEBUG org.asynchttpclient.netty.channel.ChannelManager - Adding key: http://localhost:12304 for channel [id: 0x45f87932, L:/127.0.0.1:63740 - R:localhost/127.0.0.1:12304]
16:05:15.355 [Forwarding isElementEnabled on session 0926edc32c6535a4d8b754d832bb383c to remote] DEBUG org.asynchttpclient.netty.request.NettyRequestSender - Using pooled Channel '[id: 0x45f87932, L:/127.0.0.1:63740 - R:localhost/127.0.0.1:12304]' for 'GET' to 'http://localhost:12304/session/0926edc32c6535a4d8b754d832bb383c/element/cc576206-de91-44a0-9305-bed2d19f5a71/enabled'
16:05:15.355 [Forwarding isElementEnabled on session 0926edc32c6535a4d8b754d832bb383c to remote] DEBUG org.asynchttpclient.netty.request.NettyRequestSender - Using open Channel [id: 0x45f87932, L:/127.0.0.1:63740 - R:localhost/127.0.0.1:12304] for GET '/session/0926edc32c6535a4d8b754d832bb383c/element/cc576206-de91-44a0-9305-bed2d19f5a71/enabled'
16:05:15.363 [AsyncHttpClient-1-7] DEBUG org.asynchttpclient.netty.handler.HttpHandler - 

Request DefaultFullHttpRequest(decodeResult: success, version: HTTP/1.1, content: EmptyByteBufBE)
GET /session/0926edc32c6535a4d8b754d832bb383c/element/cc576206-de91-44a0-9305-bed2d19f5a71/enabled HTTP/1.1
User-Agent: selenium/4.8.1 (java windows)
Cache-Control: no-cache
Content-Type: application/json; charset=utf-8
host: localhost:12304
accept: */*

Response DefaultHttpResponse(decodeResult: success, version: HTTP/1.1)
HTTP/1.1 200 OK
Content-Length: 14
Content-Type: application/json; charset=utf-8
cache-control: no-cache

16:05:15.363 [AsyncHttpClient-1-7] DEBUG org.asynchttpclient.netty.channel.ChannelManager - Adding key: http://localhost:12304 for channel [id: 0x45f87932, L:/127.0.0.1:63740 - R:localhost/127.0.0.1:12304]
16:05:15.364 [Forwarding isElementEnabled on session 0926edc32c6535a4d8b754d832bb383c to remote] DEBUG org.asynchttpclient.netty.request.NettyRequestSender - Using pooled Channel '[id: 0x45f87932, L:/127.0.0.1:63740 - R:localhost/127.0.0.1:12304]' for 'GET' to 'http://localhost:12304/session/0926edc32c6535a4d8b754d832bb383c/element/cc576206-de91-44a0-9305-bed2d19f5a71/enabled'
16:05:15.364 [Forwarding isElementEnabled on session 0926edc32c6535a4d8b754d832bb383c to remote] DEBUG org.asynchttpclient.netty.request.NettyRequestSender - Using open Channel [id: 0x45f87932, L:/127.0.0.1:63740 - R:localhost/127.0.0.1:12304] for GET '/session/0926edc32c6535a4d8b754d832bb383c/element/cc576206-de91-44a0-9305-bed2d19f5a71/enabled'
16:05:15.372 [AsyncHttpClient-1-7] DEBUG org.asynchttpclient.netty.handler.HttpHandler - 

Request DefaultFullHttpRequest(decodeResult: success, version: HTTP/1.1, content: EmptyByteBufBE)
GET /session/0926edc32c6535a4d8b754d832bb383c/element/cc576206-de91-44a0-9305-bed2d19f5a71/enabled HTTP/1.1
User-Agent: selenium/4.8.1 (java windows)
Cache-Control: no-cache
Content-Type: application/json; charset=utf-8
host: localhost:12304
accept: */*

Response DefaultHttpResponse(decodeResult: success, version: HTTP/1.1)
HTTP/1.1 200 OK
Content-Length: 14
Content-Type: application/json; charset=utf-8
cache-control: no-cache

16:05:15.372 [AsyncHttpClient-1-7] DEBUG org.asynchttpclient.netty.channel.ChannelManager - Adding key: http://localhost:12304 for channel [id: 0x45f87932, L:/127.0.0.1:63740 - R:localhost/127.0.0.1:12304]
16:05:15.374 [Forwarding findElement on session 0926edc32c6535a4d8b754d832bb383c to remote] DEBUG org.asynchttpclient.netty.request.NettyRequestSender - Using pooled Channel '[id: 0x45f87932, L:/127.0.0.1:63740 - R:localhost/127.0.0.1:12304]' for 'POST' to 'http://localhost:12304/session/0926edc32c6535a4d8b754d832bb383c/element'
16:05:15.374 [Forwarding findElement on session 0926edc32c6535a4d8b754d832bb383c to remote] DEBUG org.asynchttpclient.netty.request.NettyRequestSender - Using open Channel [id: 0x45f87932, L:/127.0.0.1:63740 - R:localhost/127.0.0.1:12304] for POST '/session/0926edc32c6535a4d8b754d832bb383c/element'
16:05:15.380 [AsyncHttpClient-1-7] DEBUG org.asynchttpclient.netty.handler.HttpHandler - 

Request DefaultHttpRequest(decodeResult: success, version: HTTP/1.1)
POST /session/0926edc32c6535a4d8b754d832bb383c/element HTTP/1.1
User-Agent: selenium/4.8.1 (java windows)
Content-Length: 141
Content-Type: application/json; charset=utf-8
host: localhost:12304
accept: */*

Response DefaultHttpResponse(decodeResult: success, version: HTTP/1.1)
HTTP/1.1 200 OK
Content-Length: 88
Content-Type: application/json; charset=utf-8
cache-control: no-cache

16:05:15.380 [AsyncHttpClient-1-7] DEBUG org.asynchttpclient.netty.channel.ChannelManager - Adding key: http://localhost:12304 for channel [id: 0x45f87932, L:/127.0.0.1:63740 - R:localhost/127.0.0.1:12304]
16:05:15.381 [Forwarding clickElement on session 0926edc32c6535a4d8b754d832bb383c to remote] DEBUG org.asynchttpclient.netty.request.NettyRequestSender - Using pooled Channel '[id: 0x45f87932, L:/127.0.0.1:63740 - R:localhost/127.0.0.1:12304]' for 'POST' to 'http://localhost:12304/session/0926edc32c6535a4d8b754d832bb383c/element/cc576206-de91-44a0-9305-bed2d19f5a71/click'
16:05:15.381 [Forwarding clickElement on session 0926edc32c6535a4d8b754d832bb383c to remote] DEBUG org.asynchttpclient.netty.request.NettyRequestSender - Using open Channel [id: 0x45f87932, L:/127.0.0.1:63740 - R:localhost/127.0.0.1:12304] for POST '/session/0926edc32c6535a4d8b754d832bb383c/element/cc576206-de91-44a0-9305-bed2d19f5a71/click'
16:05:15.425 [AsyncHttpClient-1-7] DEBUG org.asynchttpclient.netty.handler.HttpHandler - 

Request DefaultHttpRequest(decodeResult: success, version: HTTP/1.1)
POST /session/0926edc32c6535a4d8b754d832bb383c/element/cc576206-de91-44a0-9305-bed2d19f5a71/click HTTP/1.1
User-Agent: selenium/4.8.1 (java windows)
Content-Length: 50
Content-Type: application/json; charset=utf-8
host: localhost:12304
accept: */*

Response DefaultHttpResponse(decodeResult: success, version: HTTP/1.1)
HTTP/1.1 200 OK
Content-Length: 14
Content-Type: application/json; charset=utf-8
cache-control: no-cache

16:05:15.425 [AsyncHttpClient-1-7] DEBUG org.asynchttpclient.netty.channel.ChannelManager - Adding key: http://localhost:12304 for channel [id: 0x45f87932, L:/127.0.0.1:63740 - R:localhost/127.0.0.1:12304]
16:05:15.430 [Forwarding getAlertText on session 0926edc32c6535a4d8b754d832bb383c to remote] DEBUG org.asynchttpclient.netty.request.NettyRequestSender - Using pooled Channel '[id: 0x45f87932, L:/127.0.0.1:63740 - R:localhost/127.0.0.1:12304]' for 'GET' to 'http://localhost:12304/session/0926edc32c6535a4d8b754d832bb383c/alert/text'
16:05:15.430 [Forwarding getAlertText on session 0926edc32c6535a4d8b754d832bb383c to remote] DEBUG org.asynchttpclient.netty.request.NettyRequestSender - Using open Channel [id: 0x45f87932, L:/127.0.0.1:63740 - R:localhost/127.0.0.1:12304] for GET '/session/0926edc32c6535a4d8b754d832bb383c/alert/text'
16:05:15.431 [AsyncHttpClient-1-7] DEBUG org.asynchttpclient.netty.handler.HttpHandler - 

Request DefaultFullHttpRequest(decodeResult: success, version: HTTP/1.1, content: EmptyByteBufBE)
GET /session/0926edc32c6535a4d8b754d832bb383c/alert/text HTTP/1.1
User-Agent: selenium/4.8.1 (java windows)
Cache-Control: no-cache
Content-Type: application/json; charset=utf-8
host: localhost:12304
accept: */*

Response DefaultHttpResponse(decodeResult: success, version: HTTP/1.1)
HTTP/1.1 404 Not Found
Content-Length: 848
Content-Type: application/json; charset=utf-8
cache-control: no-cache

16:05:15.432 [AsyncHttpClient-1-7] DEBUG org.asynchttpclient.netty.channel.ChannelManager - Adding key: http://localhost:12304 for channel [id: 0x45f87932, L:/127.0.0.1:63740 - R:localhost/127.0.0.1:12304]
16:05:15.433 [Forwarding getCurrentUrl on session 0926edc32c6535a4d8b754d832bb383c to remote] DEBUG org.asynchttpclient.netty.request.NettyRequestSender - Using pooled Channel '[id: 0x45f87932, L:/127.0.0.1:63740 - R:localhost/127.0.0.1:12304]' for 'GET' to 'http://localhost:12304/session/0926edc32c6535a4d8b754d832bb383c/url'
16:05:15.433 [Forwarding getCurrentUrl on session 0926edc32c6535a4d8b754d832bb383c to remote] DEBUG org.asynchttpclient.netty.request.NettyRequestSender - Using open Channel [id: 0x45f87932, L:/127.0.0.1:63740 - R:localhost/127.0.0.1:12304] for GET '/session/0926edc32c6535a4d8b754d832bb383c/url'
16:05:15.437 [AsyncHttpClient-1-7] DEBUG org.asynchttpclient.netty.handler.HttpHandler - 

Request DefaultFullHttpRequest(decodeResult: success, version: HTTP/1.1, content: EmptyByteBufBE)
GET /session/0926edc32c6535a4d8b754d832bb383c/url HTTP/1.1
User-Agent: selenium/4.8.1 (java windows)
Cache-Control: no-cache
Content-Type: application/json; charset=utf-8
host: localhost:12304
accept: */*

Response DefaultHttpResponse(decodeResult: success, version: HTTP/1.1)
HTTP/1.1 200 OK
Content-Length: 54
Content-Type: application/json; charset=utf-8
cache-control: no-cache

16:05:15.437 [AsyncHttpClient-1-7] DEBUG org.asynchttpclient.netty.channel.ChannelManager - Adding key: http://localhost:12304 for channel [id: 0x45f87932, L:/127.0.0.1:63740 - R:localhost/127.0.0.1:12304]
16:05:15.438 [Forwarding screenshot on session 0926edc32c6535a4d8b754d832bb383c to remote] DEBUG org.asynchttpclient.netty.request.NettyRequestSender - Using pooled Channel '[id: 0x45f87932, L:/127.0.0.1:63740 - R:localhost/127.0.0.1:12304]' for 'GET' to 'http://localhost:12304/session/0926edc32c6535a4d8b754d832bb383c/screenshot'
16:05:15.438 [Forwarding screenshot on session 0926edc32c6535a4d8b754d832bb383c to remote] DEBUG org.asynchttpclient.netty.request.NettyRequestSender - Using open Channel [id: 0x45f87932, L:/127.0.0.1:63740 - R:localhost/127.0.0.1:12304] for GET '/session/0926edc32c6535a4d8b754d832bb383c/screenshot'
16:05:15.539 [AsyncHttpClient-1-7] DEBUG org.asynchttpclient.netty.handler.HttpHandler - 

Request DefaultFullHttpRequest(decodeResult: success, version: HTTP/1.1, content: EmptyByteBufBE)
GET /session/0926edc32c6535a4d8b754d832bb383c/screenshot HTTP/1.1
User-Agent: selenium/4.8.1 (java windows)
Cache-Control: no-cache
Content-Type: application/json; charset=utf-8
host: localhost:12304
accept: */*

Response DefaultHttpResponse(decodeResult: success, version: HTTP/1.1)
HTTP/1.1 200 OK
Content-Length: 35908
Content-Type: application/json; charset=utf-8
cache-control: no-cache

16:05:15.539 [AsyncHttpClient-1-7] DEBUG org.asynchttpclient.netty.channel.ChannelManager - Adding key: http://localhost:12304 for channel [id: 0x45f87932, L:/127.0.0.1:63740 - R:localhost/127.0.0.1:12304]
16:05:15.542 [main] DEBUG net.serenitybdd.core.photography.Darkroom - Send negative for processing for target\site\serenity\26c7431f9e7216239072408e8de1e34403db6082b209a2b1573b52d73bf0d0c1.png
16:05:15.542 [main] DEBUG net.thucydides.core.steps.StepInterceptor - STEP DONE: user click button register
  &amp#27;[32mAnd &amp#27;[0m&amp#27;[32muser click button register&amp#27;[0m                      &amp#27;[90m# starter.stepdefinition.RegisterStep.userClickButtonRegister()&amp#27;[0m
16:05:15.542 [Darkroom Processing Line] DEBUG net.serenitybdd.core.photography.DarkroomProcessingLine - Processing screenshot image in /var/screenshots/screenshot-5844025869628916072
16:05:15.542 [Darkroom Processing Line] DEBUG net.serenitybdd.core.photography.DarkroomProcessingLine - Saving screenshot to target\site\serenity\26c7431f9e7216239072408e8de1e34403db6082b209a2b1573b52d73bf0d0c1.png
16:05:15.557 [main] DEBUG net.thucydides.core.steps.StepInterceptor - STARTING STEP: RegisterStep.userCanSeeErrorMessage - user can see error message
16:05:15.560 [Forwarding findElement on session 0926edc32c6535a4d8b754d832bb383c to remote] DEBUG org.asynchttpclient.netty.request.NettyRequestSender - Using pooled Channel '[id: 0x45f87932, L:/127.0.0.1:63740 - R:localhost/127.0.0.1:12304]' for 'POST' to 'http://localhost:12304/session/0926edc32c6535a4d8b754d832bb383c/element'
16:05:15.560 [Forwarding findElement on session 0926edc32c6535a4d8b754d832bb383c to remote] DEBUG org.asynchttpclient.netty.request.NettyRequestSender - Using open Channel [id: 0x45f87932, L:/127.0.0.1:63740 - R:localhost/127.0.0.1:12304] for POST '/session/0926edc32c6535a4d8b754d832bb383c/element'
16:05:15.756 [AsyncHttpClient-1-7] DEBUG org.asynchttpclient.netty.handler.HttpHandler - 

Request DefaultHttpRequest(decodeResult: success, version: HTTP/1.1)
POST /session/0926edc32c6535a4d8b754d832bb383c/element HTTP/1.1
User-Agent: selenium/4.8.1 (java windows)
Content-Length: 67
Content-Type: application/json; charset=utf-8
host: localhost:12304
accept: */*

Response DefaultHttpResponse(decodeResult: success, version: HTTP/1.1)
HTTP/1.1 200 OK
Content-Length: 88
Content-Type: application/json; charset=utf-8
cache-control: no-cache

16:05:15.756 [AsyncHttpClient-1-7] DEBUG org.asynchttpclient.netty.channel.ChannelManager - Adding key: http://localhost:12304 for channel [id: 0x45f87932, L:/127.0.0.1:63740 - R:localhost/127.0.0.1:12304]
16:05:15.758 [Forwarding isElementDisplayed on session 0926edc32c6535a4d8b754d832bb383c to remote] DEBUG org.asynchttpclient.netty.request.NettyRequestSender - Using pooled Channel '[id: 0x45f87932, L:/127.0.0.1:63740 - R:localhost/127.0.0.1:12304]' for 'POST' to 'http://localhost:12304/session/0926edc32c6535a4d8b754d832bb383c/execute/sync'
16:05:15.758 [Forwarding isElementDisplayed on session 0926edc32c6535a4d8b754d832bb383c to remote] DEBUG org.asynchttpclient.netty.request.NettyRequestSender - Using open Channel [id: 0x45f87932, L:/127.0.0.1:63740 - R:localhost/127.0.0.1:12304] for POST '/session/0926edc32c6535a4d8b754d832bb383c/execute/sync'
16:05:15.772 [AsyncHttpClient-1-7] DEBUG org.asynchttpclient.netty.handler.HttpHandler - 

Request DefaultHttpRequest(decodeResult: success, version: HTTP/1.1)
POST /session/0926edc32c6535a4d8b754d832bb383c/execute/sync HTTP/1.1
User-Agent: selenium/4.8.1 (java windows)
Content-Length: 48807
Content-Type: application/json; charset=utf-8
host: localhost:12304
accept: */*

Response DefaultHttpResponse(decodeResult: success, version: HTTP/1.1)
HTTP/1.1 200 OK
Content-Length: 14
Content-Type: application/json; charset=utf-8
cache-control: no-cache

16:05:15.772 [AsyncHttpClient-1-7] DEBUG org.asynchttpclient.netty.channel.ChannelManager - Adding key: http://localhost:12304 for channel [id: 0x45f87932, L:/127.0.0.1:63740 - R:localhost/127.0.0.1:12304]
16:05:15.776 [Forwarding getAlertText on session 0926edc32c6535a4d8b754d832bb383c to remote] DEBUG org.asynchttpclient.netty.request.NettyRequestSender - Using pooled Channel '[id: 0x45f87932, L:/127.0.0.1:63740 - R:localhost/127.0.0.1:12304]' for 'GET' to 'http://localhost:12304/session/0926edc32c6535a4d8b754d832bb383c/alert/text'
16:05:15.776 [Forwarding getAlertText on session 0926edc32c6535a4d8b754d832bb383c to remote] DEBUG org.asynchttpclient.netty.request.NettyRequestSender - Using open Channel [id: 0x45f87932, L:/127.0.0.1:63740 - R:localhost/127.0.0.1:12304] for GET '/session/0926edc32c6535a4d8b754d832bb383c/alert/text'
16:05:15.777 [AsyncHttpClient-1-7] DEBUG org.asynchttpclient.netty.handler.HttpHandler - 

Request DefaultFullHttpRequest(decodeResult: success, version: HTTP/1.1, content: EmptyByteBufBE)
GET /session/0926edc32c6535a4d8b754d832bb383c/alert/text HTTP/1.1
User-Agent: selenium/4.8.1 (java windows)
Cache-Control: no-cache
Content-Type: application/json; charset=utf-8
host: localhost:12304
accept: */*

Response DefaultHttpResponse(decodeResult: success, version: HTTP/1.1)
HTTP/1.1 404 Not Found
Content-Length: 848
Content-Type: application/json; charset=utf-8
cache-control: no-cache

16:05:15.777 [AsyncHttpClient-1-7] DEBUG org.asynchttpclient.netty.channel.ChannelManager - Adding key: http://localhost:12304 for channel [id: 0x45f87932, L:/127.0.0.1:63740 - R:localhost/127.0.0.1:12304]
16:05:15.778 [Forwarding getCurrentUrl on session 0926edc32c6535a4d8b754d832bb383c to remote] DEBUG org.asynchttpclient.netty.request.NettyRequestSender - Using pooled Channel '[id: 0x45f87932, L:/127.0.0.1:63740 - R:localhost/127.0.0.1:12304]' for 'GET' to 'http://localhost:12304/session/0926edc32c6535a4d8b754d832bb383c/url'
16:05:15.778 [Forwarding getCurrentUrl on session 0926edc32c6535a4d8b754d832bb383c to remote] DEBUG org.asynchttpclient.netty.request.NettyRequestSender - Using open Channel [id: 0x45f87932, L:/127.0.0.1:63740 - R:localhost/127.0.0.1:12304] for GET '/session/0926edc32c6535a4d8b754d832bb383c/url'
16:05:15.782 [AsyncHttpClient-1-7] DEBUG org.asynchttpclient.netty.handler.HttpHandler - 

Request DefaultFullHttpRequest(decodeResult: success, version: HTTP/1.1, content: EmptyByteBufBE)
GET /session/0926edc32c6535a4d8b754d832bb383c/url HTTP/1.1
User-Agent: selenium/4.8.1 (java windows)
Cache-Control: no-cache
Content-Type: application/json; charset=utf-8
host: localhost:12304
accept: */*

Response DefaultHttpResponse(decodeResult: success, version: HTTP/1.1)
HTTP/1.1 200 OK
Content-Length: 54
Content-Type: application/json; charset=utf-8
cache-control: no-cache

16:05:15.782 [AsyncHttpClient-1-7] DEBUG org.asynchttpclient.netty.channel.ChannelManager - Adding key: http://localhost:12304 for channel [id: 0x45f87932, L:/127.0.0.1:63740 - R:localhost/127.0.0.1:12304]
16:05:15.783 [Forwarding screenshot on session 0926edc32c6535a4d8b754d832bb383c to remote] DEBUG org.asynchttpclient.netty.request.NettyRequestSender - Using pooled Channel '[id: 0x45f87932, L:/127.0.0.1:63740 - R:localhost/127.0.0.1:12304]' for 'GET' to 'http://localhost:12304/session/0926edc32c6535a4d8b754d832bb383c/screenshot'
16:05:15.783 [Forwarding screenshot on session 0926edc32c6535a4d8b754d832bb383c to remote] DEBUG org.asynchttpclient.netty.request.NettyRequestSender - Using open Channel [id: 0x45f87932, L:/127.0.0.1:63740 - R:localhost/127.0.0.1:12304] for GET '/session/0926edc32c6535a4d8b754d832bb383c/screenshot'
16:05:15.888 [AsyncHttpClient-1-7] DEBUG org.asynchttpclient.netty.handler.HttpHandler - 

Request DefaultFullHttpRequest(decodeResult: success, version: HTTP/1.1, content: EmptyByteBufBE)
GET /session/0926edc32c6535a4d8b754d832bb383c/screenshot HTTP/1.1
User-Agent: selenium/4.8.1 (java windows)
Cache-Control: no-cache
Content-Type: application/json; charset=utf-8
host: localhost:12304
accept: */*

Response DefaultHttpResponse(decodeResult: success, version: HTTP/1.1)
HTTP/1.1 200 OK
Content-Length: 37116
Content-Type: application/json; charset=utf-8
cache-control: no-cache

16:05:15.889 [AsyncHttpClient-1-7] DEBUG org.asynchttpclient.netty.channel.ChannelManager - Adding key: http://localhost:12304 for channel [id: 0x45f87932, L:/127.0.0.1:63740 - R:localhost/127.0.0.1:12304]
16:05:15.890 [main] DEBUG net.serenitybdd.core.photography.Darkroom - Send negative for processing for target\site\serenity\c01af11ce1698b873585c18b80b636b6e03d73b88c7384d6e07586581fa83761.png
16:05:15.891 [main] DEBUG net.thucydides.core.steps.StepInterceptor - STEP DONE: user can see error message
  &amp#27;[32mThen &amp#27;[0m&amp#27;[32muser can see error message&amp#27;[0m                     &amp#27;[90m# starter.stepdefinition.RegisterStep.userCanSeeErrorMessage()&amp#27;[0m
16:05:15.891 [Darkroom Processing Line] DEBUG net.serenitybdd.core.photography.DarkroomProcessingLine - Processing screenshot image in /var/screenshots/screenshot-7377346143232265910
16:05:15.891 [Darkroom Processing Line] DEBUG net.serenitybdd.core.photography.DarkroomProcessingLine - Saving screenshot to target\site\serenity\c01af11ce1698b873585c18b80b636b6e03d73b88c7384d6e07586581fa83761.png
16:05:15.897 [main] INFO  - 
  _____   ___   ___   _____     ___     _     ___   ___   ___   ___  
 |_   _| | __| / __| |_   _|   | _ \   /_\   / __| / __| | __| |   \ 
   | |   | _|  \__ \   | |     |  _/  / _ \  \__ \ \__ \ | _|  | |) |
   |_|   |___| |___/   |_|     |_|   /_/ \_\ |___/ |___/ |___| |___/ 

As a user, I register with registered email
----------------------------------------------------------------------
16:05:15.898 [AsyncHttpClient-1-9] DEBUG org.asynchttpclient.netty.handler.WebSocketHandler - Channel Closed: [id: 0xc1d01b40, L:/127.0.0.1:63747 ! R:localhost/127.0.0.1:63741] with attribute NettyResponseFuture{currentRetry=0,
	isDone=1,
	isCancelled=0,
	asyncHandler=org.asynchttpclient.ws.WebSocketUpgradeHandler@457ce12f,
	nettyRequest=org.asynchttpclient.netty.request.NettyRequest@5398a00f,
	future=java.util.concurrent.CompletableFuture@4fd22f0c[Completed normally],
	uri=ws://localhost:63741/devtools/browser/57badb72-8a82-4e5d-b6ef-4648e545511a,
	keepAlive=true,
	redirectCount=0,
	timeoutsHolder=null,
	inAuth=0,
	touch=1683104713080}
16:05:15.898 [AsyncHttpClient-1-9] DEBUG org.asynchttpclient.netty.channel.ChannelManager - Closing Channel [id: 0xc1d01b40, L:/127.0.0.1:63747 ! R:localhost/127.0.0.1:63741] 
16:05:15.900 [Driver Command Executor] DEBUG org.asynchttpclient.netty.request.NettyRequestSender - Using pooled Channel '[id: 0x45f87932, L:/127.0.0.1:63740 - R:localhost/127.0.0.1:12304]' for 'DELETE' to 'http://localhost:12304/session/0926edc32c6535a4d8b754d832bb383c'
16:05:15.900 [Driver Command Executor] DEBUG org.asynchttpclient.netty.request.NettyRequestSender - Using open Channel [id: 0x45f87932, L:/127.0.0.1:63740 - R:localhost/127.0.0.1:12304] for DELETE '/session/0926edc32c6535a4d8b754d832bb383c'
16:05:15.930 [AsyncHttpClient-1-8] DEBUG org.asynchttpclient.netty.handler.HttpHandler - Unexpected I/O exception on channel [id: 0xe2209b4f, L:/127.0.0.1:63746 - R:localhost/127.0.0.1:63741]
java.io.IOException: An existing connection was forcibly closed by the remote host
	at sun.nio.ch.SocketDispatcher.read0(Native Method)
	at sun.nio.ch.SocketDispatcher.read(SocketDispatcher.java:43)
	at sun.nio.ch.IOUtil.readIntoNativeBuffer(IOUtil.java:223)
	at sun.nio.ch.IOUtil.read(IOUtil.java:192)
	at sun.nio.ch.SocketChannelImpl.read(SocketChannelImpl.java:378)
	at io.netty.buffer.PooledByteBuf.setBytes(PooledByteBuf.java:259)
	at io.netty.buffer.AbstractByteBuf.writeBytes(AbstractByteBuf.java:1132)
	at io.netty.channel.socket.nio.NioSocketChannel.doReadBytes(NioSocketChannel.java:357)
	at io.netty.channel.nio.AbstractNioByteChannel$NioByteUnsafe.read(AbstractNioByteChannel.java:151)
	at io.netty.channel.nio.NioEventLoop.processSelectedKey(NioEventLoop.java:788)
	at io.netty.channel.nio.NioEventLoop.processSelectedKeysOptimized(NioEventLoop.java:724)
	at io.netty.channel.nio.NioEventLoop.processSelectedKeys(NioEventLoop.java:650)
	at io.netty.channel.nio.NioEventLoop.run(NioEventLoop.java:562)
	at io.netty.util.concurrent.SingleThreadEventExecutor$4.run(SingleThreadEventExecutor.java:997)
	at io.netty.util.internal.ThreadExecutorMap$2.run(ThreadExecutorMap.java:74)
	at io.netty.util.concurrent.FastThreadLocalRunnable.run(FastThreadLocalRunnable.java:30)
	at java.lang.Thread.run(Thread.java:748)
16:05:15.931 [AsyncHttpClient-1-8] DEBUG org.asynchttpclient.netty.channel.ChannelManager - Closing Channel [id: 0xe2209b4f, L:/127.0.0.1:63746 - R:localhost/127.0.0.1:63741] 
16:05:15.931 [AsyncHttpClient-1-8] DEBUG org.asynchttpclient.netty.handler.HttpHandler - Channel Closed: [id: 0xe2209b4f, L:/127.0.0.1:63746 ! R:localhost/127.0.0.1:63741] with attribute DISCARD
16:05:15.948 [AsyncHttpClient-1-7] DEBUG org.asynchttpclient.netty.handler.HttpHandler - 

Request DefaultFullHttpRequest(decodeResult: success, version: HTTP/1.1, content: EmptyByteBufBE)
DELETE /session/0926edc32c6535a4d8b754d832bb383c HTTP/1.1
User-Agent: selenium/4.8.1 (java windows)
Content-Type: application/json; charset=utf-8
host: localhost:12304
accept: */*

Response DefaultHttpResponse(decodeResult: success, version: HTTP/1.1)
HTTP/1.1 200 OK
Content-Length: 14
Content-Type: application/json; charset=utf-8
cache-control: no-cache

16:05:15.948 [AsyncHttpClient-1-7] DEBUG org.asynchttpclient.netty.channel.ChannelManager - Adding key: http://localhost:12304 for channel [id: 0x45f87932, L:/127.0.0.1:63740 - R:localhost/127.0.0.1:12304]
16:05:16.070 [AsyncHttpClient-1-7] DEBUG org.asynchttpclient.netty.handler.HttpHandler - Channel Closed: [id: 0x45f87932, L:/127.0.0.1:63740 ! R:localhost/127.0.0.1:12304] with attribute DISCARD
16:05:16.379 [AsyncHttpClient-1-1] DEBUG org.asynchttpclient.netty.channel.DefaultChannelPool - Entry count for : http://localhost:12304 : 1
16:05:16.379 [AsyncHttpClient-1-1] DEBUG org.asynchttpclient.netty.channel.DefaultChannelPool - Entry count for : http://localhost:63741 : 1
16:05:16.379 [AsyncHttpClient-1-1] DEBUG org.asynchttpclient.netty.channel.DefaultChannelPool - Adding Candidate expired Channel [id: 0x45f87932, L:/127.0.0.1:63740 ! R:localhost/127.0.0.1:12304] isIdleTimeoutExpired=false isRemotelyClosed=true isTtlExpired=false
16:05:16.379 [AsyncHttpClient-1-1] DEBUG org.asynchttpclient.netty.channel.DefaultChannelPool - Closing Idle Channel [id: 0x45f87932, L:/127.0.0.1:63740 ! R:localhost/127.0.0.1:12304]
16:05:16.379 [AsyncHttpClient-1-1] DEBUG org.asynchttpclient.netty.channel.DefaultChannelPool - Adding Candidate expired Channel [id: 0xe2209b4f, L:/127.0.0.1:63746 ! R:localhost/127.0.0.1:63741] isIdleTimeoutExpired=false isRemotelyClosed=true isTtlExpired=false
16:05:16.379 [AsyncHttpClient-1-1] DEBUG org.asynchttpclient.netty.channel.DefaultChannelPool - Closing Idle Channel [id: 0xe2209b4f, L:/127.0.0.1:63746 ! R:localhost/127.0.0.1:63741]
16:05:16.379 [AsyncHttpClient-1-1] DEBUG org.asynchttpclient.netty.channel.DefaultChannelPool - Closed 2 connections out of 2 in 0 ms
]]></system-out>
    <system-err><![CDATA[Starting ChromeDriver 112.0.5615.49 (bd2a7bcb881c11e8cfe3078709382934e3916914-refs/branch-heads/5615@{#936}) on port 12304
Only local connections are allowed.
Please see https://chromedriver.chromium.org/security-considerations for suggestions on keeping ChromeDriver safe.
ChromeDriver was started successfully.
May 03, 2023 4:05:13 PM org.openqa.selenium.devtools.CdpVersionFinder findNearestMatch
WARNING: Unable to find an exact match for CDP version 112, so returning the closest version found: 110
]]></system-err>
  </testcase>
  <testcase name="As a user, I register with a weak password" classname="Register - As a user I want to login So that I have to register account" time="5.362">
    <system-out><![CDATA[
@TC_Register_003
Scenario: As a user, I register with a weak password &amp#27;[90m# src/test/resources/features/Register.feature:27&amp#27;[0m
16:05:16.601 [main] DEBUG io.cucumber.core.plugin.SerenityReporter - Running feature from file:///C:/Users/user/Downloads/QE_Devi-Agustin-Utari/Mini%20Project/Source_Mini_Project/Web_Automation_AltaShop/src/test/resources/features/Register.feature
16:05:16.603 [main] INFO  - 
  _____   ___   ___   _____     ___   _____     _     ___   _____   ___   ___  
 |_   _| | __| / __| |_   _|   / __| |_   _|   /_\   | _ \ |_   _| | __| |   \ 
   | |   | _|  \__ \   | |     \__ \   | |    / _ \  |   /   | |   | _|  | |) |
   |_|   |___| |___/   |_|     |___/   |_|   /_/ \_\ |_|_\   |_|   |___| |___/ 

As a user, I register with a weak password(register---as-a-user-i-want-to-login-so-that-i-have-to-register-account;as-a-user--i-register-with-a-weak-password)
--------------------------------------------------------------------------------
16:05:16.622 [main] DEBUG net.thucydides.core.steps.StepInterceptor - STARTING STEP: RegisterStep.userOnLoginHomepage - user on login homepage
16:05:16.668 [main] INFO net.serenitybdd.core.webdriver.driverproviders.ChromeDriverProvider - Starting Chrome driver instance with capabilities:
16:05:16.669 [main] INFO net.serenitybdd.core.webdriver.driverproviders.ChromeDriverProvider - Capabilities {acceptInsecureCerts: true, browserName: chrome, goog:chromeOptions: {args: [remote-allow-origins=*, test-type, no-sandbox, ignore-certificate-errors, start-maximized, incognito, disable-infobars, disable-gpu, disable-default-apps, disable-popup-blocking, remote-allow-origins=*, test-type, no-sandbox, ignore-certificate-errors, start-maximized, incognito, disable-infobars, disable-gpu, disable-default-apps, disable-popup-blocking, remote-allow-origins=*], extensions: []}}
16:05:16.742 [AsyncHttpClient-1-2] DEBUG org.asynchttpclient.netty.channel.NettyConnectListener - Using new Channel '[id: 0x698ce72e, L:/127.0.0.1:63763 - R:localhost/127.0.0.1:18936]' for 'POST' to '/session'
16:05:17.844 [AsyncHttpClient-1-2] DEBUG org.asynchttpclient.netty.handler.HttpHandler - 

Request DefaultHttpRequest(decodeResult: success, version: HTTP/1.1)
POST /session HTTP/1.1
User-Agent: selenium/4.8.1 (java windows)
Content-Length: 1701
Content-Type: application/json; charset=utf-8
host: localhost:18936
accept: */*

Response DefaultHttpResponse(decodeResult: success, version: HTTP/1.1)
HTTP/1.1 200 OK
Content-Length: 844
Content-Type: application/json; charset=utf-8
cache-control: no-cache

16:05:17.845 [AsyncHttpClient-1-2] DEBUG org.asynchttpclient.netty.channel.ChannelManager - Adding key: http://localhost:18936 for channel [id: 0x698ce72e, L:/127.0.0.1:63763 - R:localhost/127.0.0.1:18936]
16:05:17.851 [AsyncHttpClient-1-3] DEBUG org.asynchttpclient.netty.channel.NettyConnectListener - Using new Channel '[id: 0x82375f7f, L:/127.0.0.1:63770 - R:localhost/127.0.0.1:63764]' for 'GET' to '/json/version'
16:05:17.852 [AsyncHttpClient-1-3] DEBUG org.asynchttpclient.netty.handler.HttpHandler - 

Request DefaultFullHttpRequest(decodeResult: success, version: HTTP/1.1, content: EmptyByteBufBE)
GET /json/version HTTP/1.1
User-Agent: selenium/4.8.1 (java windows)
host: localhost:63764
accept: */*

Response DefaultHttpResponse(decodeResult: success, version: HTTP/1.1)
HTTP/1.1 200 OK
Content-Security-Policy: frame-ancestors 'none'
Content-Length: 424
Content-Type: application/json; charset=UTF-8

16:05:17.853 [AsyncHttpClient-1-3] DEBUG org.asynchttpclient.netty.channel.ChannelManager - Adding key: http://localhost:63764 for channel [id: 0x82375f7f, L:/127.0.0.1:63770 - R:localhost/127.0.0.1:63764]
16:05:17.856 [AsyncHttpClient-1-4] DEBUG org.asynchttpclient.netty.channel.NettyConnectListener - Using new Channel '[id: 0x8fa50474, L:/127.0.0.1:63771 - R:localhost/127.0.0.1:63764]' for 'GET' to '/devtools/browser/ca86fa1e-c95a-433c-9a13-9678e833982c'
16:05:17.856 [AsyncHttpClient-1-4] DEBUG org.asynchttpclient.netty.handler.WebSocketHandler - 

Request DefaultFullHttpRequest(decodeResult: success, version: HTTP/1.1, content: EmptyByteBufBE)
GET /devtools/browser/ca86fa1e-c95a-433c-9a13-9678e833982c HTTP/1.1
upgrade: websocket
connection: upgrade
sec-websocket-key: bBOjhdopmM4Umpa8YiFBOA==
sec-websocket-version: 13
origin: http://localhost:63764
host: localhost:63764
accept: */*
user-agent: AHC/2.1

Response DefaultHttpResponse(decodeResult: success, version: HTTP/1.1)
HTTP/1.1 101 WebSocket Protocol Handshake
Upgrade: WebSocket
Connection: Upgrade
Sec-WebSocket-Accept: 2439QkssLxrlUPIfvTcBTXsJWW4=

16:05:17.860 [Forwarding get on session e6f274631fc174051fb459de12bfc2d8 to remote] DEBUG org.asynchttpclient.netty.request.NettyRequestSender - Using pooled Channel '[id: 0x698ce72e, L:/127.0.0.1:63763 - R:localhost/127.0.0.1:18936]' for 'POST' to 'http://localhost:18936/session/e6f274631fc174051fb459de12bfc2d8/url'
16:05:17.860 [Forwarding get on session e6f274631fc174051fb459de12bfc2d8 to remote] DEBUG org.asynchttpclient.netty.request.NettyRequestSender - Using open Channel [id: 0x698ce72e, L:/127.0.0.1:63763 - R:localhost/127.0.0.1:18936] for POST '/session/e6f274631fc174051fb459de12bfc2d8/url'
16:05:18.577 [AsyncHttpClient-1-1] DEBUG org.asynchttpclient.netty.channel.DefaultChannelPool - Entry count for : http://localhost:63764 : 1
16:05:19.679 [AsyncHttpClient-1-1] DEBUG org.asynchttpclient.netty.channel.DefaultChannelPool - Entry count for : http://localhost:63764 : 1
16:05:19.718 [AsyncHttpClient-1-2] DEBUG org.asynchttpclient.netty.handler.HttpHandler - 

Request DefaultHttpRequest(decodeResult: success, version: HTTP/1.1)
POST /session/e6f274631fc174051fb459de12bfc2d8/url HTTP/1.1
User-Agent: selenium/4.8.1 (java windows)
Content-Length: 74
Content-Type: application/json; charset=utf-8
host: localhost:18936
accept: */*

Response DefaultHttpResponse(decodeResult: success, version: HTTP/1.1)
HTTP/1.1 200 OK
Content-Length: 14
Content-Type: application/json; charset=utf-8
cache-control: no-cache

16:05:19.718 [AsyncHttpClient-1-2] DEBUG org.asynchttpclient.netty.channel.ChannelManager - Adding key: http://localhost:18936 for channel [id: 0x698ce72e, L:/127.0.0.1:63763 - R:localhost/127.0.0.1:18936]
16:05:19.719 [Forwarding setTimeout on session e6f274631fc174051fb459de12bfc2d8 to remote] DEBUG org.asynchttpclient.netty.request.NettyRequestSender - Using pooled Channel '[id: 0x698ce72e, L:/127.0.0.1:63763 - R:localhost/127.0.0.1:18936]' for 'POST' to 'http://localhost:18936/session/e6f274631fc174051fb459de12bfc2d8/timeouts'
16:05:19.719 [Forwarding setTimeout on session e6f274631fc174051fb459de12bfc2d8 to remote] DEBUG org.asynchttpclient.netty.request.NettyRequestSender - Using open Channel [id: 0x698ce72e, L:/127.0.0.1:63763 - R:localhost/127.0.0.1:18936] for POST '/session/e6f274631fc174051fb459de12bfc2d8/timeouts'
16:05:19.720 [AsyncHttpClient-1-2] DEBUG org.asynchttpclient.netty.handler.HttpHandler - 

Request DefaultHttpRequest(decodeResult: success, version: HTTP/1.1)
POST /session/e6f274631fc174051fb459de12bfc2d8/timeouts HTTP/1.1
User-Agent: selenium/4.8.1 (java windows)
Content-Length: 22
Content-Type: application/json; charset=utf-8
host: localhost:18936
accept: */*

Response DefaultHttpResponse(decodeResult: success, version: HTTP/1.1)
HTTP/1.1 200 OK
Content-Length: 14
Content-Type: application/json; charset=utf-8
cache-control: no-cache

16:05:19.720 [AsyncHttpClient-1-2] DEBUG org.asynchttpclient.netty.channel.ChannelManager - Adding key: http://localhost:18936 for channel [id: 0x698ce72e, L:/127.0.0.1:63763 - R:localhost/127.0.0.1:18936]
16:05:19.726 [Forwarding findElement on session e6f274631fc174051fb459de12bfc2d8 to remote] DEBUG org.asynchttpclient.netty.request.NettyRequestSender - Using pooled Channel '[id: 0x698ce72e, L:/127.0.0.1:63763 - R:localhost/127.0.0.1:18936]' for 'POST' to 'http://localhost:18936/session/e6f274631fc174051fb459de12bfc2d8/element'
16:05:19.726 [Forwarding findElement on session e6f274631fc174051fb459de12bfc2d8 to remote] DEBUG org.asynchttpclient.netty.request.NettyRequestSender - Using open Channel [id: 0x698ce72e, L:/127.0.0.1:63763 - R:localhost/127.0.0.1:18936] for POST '/session/e6f274631fc174051fb459de12bfc2d8/element'
16:05:19.739 [AsyncHttpClient-1-2] DEBUG org.asynchttpclient.netty.handler.HttpHandler - 

Request DefaultHttpRequest(decodeResult: success, version: HTTP/1.1)
POST /session/e6f274631fc174051fb459de12bfc2d8/element HTTP/1.1
User-Agent: selenium/4.8.1 (java windows)
Content-Length: 69
Content-Type: application/json; charset=utf-8
host: localhost:18936
accept: */*

Response DefaultHttpResponse(decodeResult: success, version: HTTP/1.1)
HTTP/1.1 200 OK
Content-Length: 88
Content-Type: application/json; charset=utf-8
cache-control: no-cache

16:05:19.739 [AsyncHttpClient-1-2] DEBUG org.asynchttpclient.netty.channel.ChannelManager - Adding key: http://localhost:18936 for channel [id: 0x698ce72e, L:/127.0.0.1:63763 - R:localhost/127.0.0.1:18936]
16:05:19.741 [Forwarding isElementDisplayed on session e6f274631fc174051fb459de12bfc2d8 to remote] DEBUG org.asynchttpclient.netty.request.NettyRequestSender - Using pooled Channel '[id: 0x698ce72e, L:/127.0.0.1:63763 - R:localhost/127.0.0.1:18936]' for 'POST' to 'http://localhost:18936/session/e6f274631fc174051fb459de12bfc2d8/execute/sync'
16:05:19.741 [Forwarding isElementDisplayed on session e6f274631fc174051fb459de12bfc2d8 to remote] DEBUG org.asynchttpclient.netty.request.NettyRequestSender - Using open Channel [id: 0x698ce72e, L:/127.0.0.1:63763 - R:localhost/127.0.0.1:18936] for POST '/session/e6f274631fc174051fb459de12bfc2d8/execute/sync'
16:05:19.755 [AsyncHttpClient-1-2] DEBUG org.asynchttpclient.netty.handler.HttpHandler - 

Request DefaultHttpRequest(decodeResult: success, version: HTTP/1.1)
POST /session/e6f274631fc174051fb459de12bfc2d8/execute/sync HTTP/1.1
User-Agent: selenium/4.8.1 (java windows)
Content-Length: 48807
Content-Type: application/json; charset=utf-8
host: localhost:18936
accept: */*

Response DefaultHttpResponse(decodeResult: success, version: HTTP/1.1)
HTTP/1.1 200 OK
Content-Length: 14
Content-Type: application/json; charset=utf-8
cache-control: no-cache

16:05:19.755 [AsyncHttpClient-1-2] DEBUG org.asynchttpclient.netty.channel.ChannelManager - Adding key: http://localhost:18936 for channel [id: 0x698ce72e, L:/127.0.0.1:63763 - R:localhost/127.0.0.1:18936]
16:05:19.759 [Forwarding getAlertText on session e6f274631fc174051fb459de12bfc2d8 to remote] DEBUG org.asynchttpclient.netty.request.NettyRequestSender - Using pooled Channel '[id: 0x698ce72e, L:/127.0.0.1:63763 - R:localhost/127.0.0.1:18936]' for 'GET' to 'http://localhost:18936/session/e6f274631fc174051fb459de12bfc2d8/alert/text'
16:05:19.759 [Forwarding getAlertText on session e6f274631fc174051fb459de12bfc2d8 to remote] DEBUG org.asynchttpclient.netty.request.NettyRequestSender - Using open Channel [id: 0x698ce72e, L:/127.0.0.1:63763 - R:localhost/127.0.0.1:18936] for GET '/session/e6f274631fc174051fb459de12bfc2d8/alert/text'
16:05:19.761 [AsyncHttpClient-1-2] DEBUG org.asynchttpclient.netty.handler.HttpHandler - 

Request DefaultFullHttpRequest(decodeResult: success, version: HTTP/1.1, content: EmptyByteBufBE)
GET /session/e6f274631fc174051fb459de12bfc2d8/alert/text HTTP/1.1
User-Agent: selenium/4.8.1 (java windows)
Cache-Control: no-cache
Content-Type: application/json; charset=utf-8
host: localhost:18936
accept: */*

Response DefaultHttpResponse(decodeResult: success, version: HTTP/1.1)
HTTP/1.1 404 Not Found
Content-Length: 848
Content-Type: application/json; charset=utf-8
cache-control: no-cache

16:05:19.761 [AsyncHttpClient-1-2] DEBUG org.asynchttpclient.netty.channel.ChannelManager - Adding key: http://localhost:18936 for channel [id: 0x698ce72e, L:/127.0.0.1:63763 - R:localhost/127.0.0.1:18936]
16:05:19.761 [Forwarding getCurrentUrl on session e6f274631fc174051fb459de12bfc2d8 to remote] DEBUG org.asynchttpclient.netty.request.NettyRequestSender - Using pooled Channel '[id: 0x698ce72e, L:/127.0.0.1:63763 - R:localhost/127.0.0.1:18936]' for 'GET' to 'http://localhost:18936/session/e6f274631fc174051fb459de12bfc2d8/url'
16:05:19.761 [Forwarding getCurrentUrl on session e6f274631fc174051fb459de12bfc2d8 to remote] DEBUG org.asynchttpclient.netty.request.NettyRequestSender - Using open Channel [id: 0x698ce72e, L:/127.0.0.1:63763 - R:localhost/127.0.0.1:18936] for GET '/session/e6f274631fc174051fb459de12bfc2d8/url'
16:05:19.766 [AsyncHttpClient-1-2] DEBUG org.asynchttpclient.netty.handler.HttpHandler - 

Request DefaultFullHttpRequest(decodeResult: success, version: HTTP/1.1, content: EmptyByteBufBE)
GET /session/e6f274631fc174051fb459de12bfc2d8/url HTTP/1.1
User-Agent: selenium/4.8.1 (java windows)
Cache-Control: no-cache
Content-Type: application/json; charset=utf-8
host: localhost:18936
accept: */*

Response DefaultHttpResponse(decodeResult: success, version: HTTP/1.1)
HTTP/1.1 200 OK
Content-Length: 51
Content-Type: application/json; charset=utf-8
cache-control: no-cache

16:05:19.766 [AsyncHttpClient-1-2] DEBUG org.asynchttpclient.netty.channel.ChannelManager - Adding key: http://localhost:18936 for channel [id: 0x698ce72e, L:/127.0.0.1:63763 - R:localhost/127.0.0.1:18936]
16:05:19.767 [Forwarding screenshot on session e6f274631fc174051fb459de12bfc2d8 to remote] DEBUG org.asynchttpclient.netty.request.NettyRequestSender - Using pooled Channel '[id: 0x698ce72e, L:/127.0.0.1:63763 - R:localhost/127.0.0.1:18936]' for 'GET' to 'http://localhost:18936/session/e6f274631fc174051fb459de12bfc2d8/screenshot'
16:05:19.767 [Forwarding screenshot on session e6f274631fc174051fb459de12bfc2d8 to remote] DEBUG org.asynchttpclient.netty.request.NettyRequestSender - Using open Channel [id: 0x698ce72e, L:/127.0.0.1:63763 - R:localhost/127.0.0.1:18936] for GET '/session/e6f274631fc174051fb459de12bfc2d8/screenshot'
16:05:19.836 [AsyncHttpClient-1-2] DEBUG org.asynchttpclient.netty.handler.HttpHandler - 

Request DefaultFullHttpRequest(decodeResult: success, version: HTTP/1.1, content: EmptyByteBufBE)
GET /session/e6f274631fc174051fb459de12bfc2d8/screenshot HTTP/1.1
User-Agent: selenium/4.8.1 (java windows)
Cache-Control: no-cache
Content-Type: application/json; charset=utf-8
host: localhost:18936
accept: */*

Response DefaultHttpResponse(decodeResult: success, version: HTTP/1.1)
HTTP/1.1 200 OK
Content-Length: 25060
Content-Type: application/json; charset=utf-8
cache-control: no-cache

16:05:19.836 [AsyncHttpClient-1-2] DEBUG org.asynchttpclient.netty.channel.ChannelManager - Adding key: http://localhost:18936 for channel [id: 0x698ce72e, L:/127.0.0.1:63763 - R:localhost/127.0.0.1:18936]
16:05:19.837 [main] DEBUG net.serenitybdd.core.photography.Darkroom - Send negative for processing for target\site\serenity\1db263dd5c04c8fe15e82ee6420144d4e1e7b9826b9315cfd7ec5b5d0da76045.png
16:05:19.838 [main] DEBUG net.thucydides.core.steps.StepInterceptor - STEP DONE: user on login homepage
  &amp#27;[32mGiven &amp#27;[0m&amp#27;[32muser on login homepage&amp#27;[0m                       &amp#27;[90m# starter.stepdefinition.RegisterStep.userOnLoginHomepage()&amp#27;[0m
16:05:19.844 [main] DEBUG net.thucydides.core.steps.StepInterceptor - STARTING STEP: RegisterStep.userClickRegister - user click register
16:05:19.846 [Forwarding findElement on session e6f274631fc174051fb459de12bfc2d8 to remote] DEBUG org.asynchttpclient.netty.request.NettyRequestSender - Using pooled Channel '[id: 0x698ce72e, L:/127.0.0.1:63763 - R:localhost/127.0.0.1:18936]' for 'POST' to 'http://localhost:18936/session/e6f274631fc174051fb459de12bfc2d8/element'
16:05:19.846 [Forwarding findElement on session e6f274631fc174051fb459de12bfc2d8 to remote] DEBUG org.asynchttpclient.netty.request.NettyRequestSender - Using open Channel [id: 0x698ce72e, L:/127.0.0.1:63763 - R:localhost/127.0.0.1:18936] for POST '/session/e6f274631fc174051fb459de12bfc2d8/element'
16:05:19.857 [AsyncHttpClient-1-2] DEBUG org.asynchttpclient.netty.handler.HttpHandler - 

Request DefaultHttpRequest(decodeResult: success, version: HTTP/1.1)
POST /session/e6f274631fc174051fb459de12bfc2d8/element HTTP/1.1
User-Agent: selenium/4.8.1 (java windows)
Content-Length: 84
Content-Type: application/json; charset=utf-8
host: localhost:18936
accept: */*

Response DefaultHttpResponse(decodeResult: success, version: HTTP/1.1)
HTTP/1.1 200 OK
Content-Length: 88
Content-Type: application/json; charset=utf-8
cache-control: no-cache

16:05:19.857 [AsyncHttpClient-1-2] DEBUG org.asynchttpclient.netty.channel.ChannelManager - Adding key: http://localhost:18936 for channel [id: 0x698ce72e, L:/127.0.0.1:63763 - R:localhost/127.0.0.1:18936]
16:05:19.858 [Forwarding getElementTagName on session e6f274631fc174051fb459de12bfc2d8 to remote] DEBUG org.asynchttpclient.netty.request.NettyRequestSender - Using pooled Channel '[id: 0x698ce72e, L:/127.0.0.1:63763 - R:localhost/127.0.0.1:18936]' for 'GET' to 'http://localhost:18936/session/e6f274631fc174051fb459de12bfc2d8/element/aad68915-afdc-45bd-adf6-54cee6cbfd74/name'
16:05:19.858 [Forwarding getElementTagName on session e6f274631fc174051fb459de12bfc2d8 to remote] DEBUG org.asynchttpclient.netty.request.NettyRequestSender - Using open Channel [id: 0x698ce72e, L:/127.0.0.1:63763 - R:localhost/127.0.0.1:18936] for GET '/session/e6f274631fc174051fb459de12bfc2d8/element/aad68915-afdc-45bd-adf6-54cee6cbfd74/name'
16:05:19.862 [AsyncHttpClient-1-2] DEBUG org.asynchttpclient.netty.handler.HttpHandler - 

Request DefaultFullHttpRequest(decodeResult: success, version: HTTP/1.1, content: EmptyByteBufBE)
GET /session/e6f274631fc174051fb459de12bfc2d8/element/aad68915-afdc-45bd-adf6-54cee6cbfd74/name HTTP/1.1
User-Agent: selenium/4.8.1 (java windows)
Cache-Control: no-cache
Content-Type: application/json; charset=utf-8
host: localhost:18936
accept: */*

Response DefaultHttpResponse(decodeResult: success, version: HTTP/1.1)
HTTP/1.1 200 OK
Content-Length: 13
Content-Type: application/json; charset=utf-8
cache-control: no-cache

16:05:19.862 [AsyncHttpClient-1-2] DEBUG org.asynchttpclient.netty.channel.ChannelManager - Adding key: http://localhost:18936 for channel [id: 0x698ce72e, L:/127.0.0.1:63763 - R:localhost/127.0.0.1:18936]
16:05:19.863 [Forwarding getElementTagName on session e6f274631fc174051fb459de12bfc2d8 to remote] DEBUG org.asynchttpclient.netty.request.NettyRequestSender - Using pooled Channel '[id: 0x698ce72e, L:/127.0.0.1:63763 - R:localhost/127.0.0.1:18936]' for 'GET' to 'http://localhost:18936/session/e6f274631fc174051fb459de12bfc2d8/element/aad68915-afdc-45bd-adf6-54cee6cbfd74/name'
16:05:19.863 [Forwarding getElementTagName on session e6f274631fc174051fb459de12bfc2d8 to remote] DEBUG org.asynchttpclient.netty.request.NettyRequestSender - Using open Channel [id: 0x698ce72e, L:/127.0.0.1:63763 - R:localhost/127.0.0.1:18936] for GET '/session/e6f274631fc174051fb459de12bfc2d8/element/aad68915-afdc-45bd-adf6-54cee6cbfd74/name'
16:05:19.867 [AsyncHttpClient-1-2] DEBUG org.asynchttpclient.netty.handler.HttpHandler - 

Request DefaultFullHttpRequest(decodeResult: success, version: HTTP/1.1, content: EmptyByteBufBE)
GET /session/e6f274631fc174051fb459de12bfc2d8/element/aad68915-afdc-45bd-adf6-54cee6cbfd74/name HTTP/1.1
User-Agent: selenium/4.8.1 (java windows)
Cache-Control: no-cache
Content-Type: application/json; charset=utf-8
host: localhost:18936
accept: */*

Response DefaultHttpResponse(decodeResult: success, version: HTTP/1.1)
HTTP/1.1 200 OK
Content-Length: 13
Content-Type: application/json; charset=utf-8
cache-control: no-cache

16:05:19.867 [AsyncHttpClient-1-2] DEBUG org.asynchttpclient.netty.channel.ChannelManager - Adding key: http://localhost:18936 for channel [id: 0x698ce72e, L:/127.0.0.1:63763 - R:localhost/127.0.0.1:18936]
16:05:19.868 [Forwarding findElement on session e6f274631fc174051fb459de12bfc2d8 to remote] DEBUG org.asynchttpclient.netty.request.NettyRequestSender - Using pooled Channel '[id: 0x698ce72e, L:/127.0.0.1:63763 - R:localhost/127.0.0.1:18936]' for 'POST' to 'http://localhost:18936/session/e6f274631fc174051fb459de12bfc2d8/element'
16:05:19.868 [Forwarding findElement on session e6f274631fc174051fb459de12bfc2d8 to remote] DEBUG org.asynchttpclient.netty.request.NettyRequestSender - Using open Channel [id: 0x698ce72e, L:/127.0.0.1:63763 - R:localhost/127.0.0.1:18936] for POST '/session/e6f274631fc174051fb459de12bfc2d8/element'
16:05:19.875 [AsyncHttpClient-1-2] DEBUG org.asynchttpclient.netty.handler.HttpHandler - 

Request DefaultHttpRequest(decodeResult: success, version: HTTP/1.1)
POST /session/e6f274631fc174051fb459de12bfc2d8/element HTTP/1.1
User-Agent: selenium/4.8.1 (java windows)
Content-Length: 84
Content-Type: application/json; charset=utf-8
host: localhost:18936
accept: */*

Response DefaultHttpResponse(decodeResult: success, version: HTTP/1.1)
HTTP/1.1 200 OK
Content-Length: 88
Content-Type: application/json; charset=utf-8
cache-control: no-cache

16:05:19.875 [AsyncHttpClient-1-2] DEBUG org.asynchttpclient.netty.channel.ChannelManager - Adding key: http://localhost:18936 for channel [id: 0x698ce72e, L:/127.0.0.1:63763 - R:localhost/127.0.0.1:18936]
16:05:19.875 [Forwarding clickElement on session e6f274631fc174051fb459de12bfc2d8 to remote] DEBUG org.asynchttpclient.netty.request.NettyRequestSender - Using pooled Channel '[id: 0x698ce72e, L:/127.0.0.1:63763 - R:localhost/127.0.0.1:18936]' for 'POST' to 'http://localhost:18936/session/e6f274631fc174051fb459de12bfc2d8/element/aad68915-afdc-45bd-adf6-54cee6cbfd74/click'
16:05:19.875 [Forwarding clickElement on session e6f274631fc174051fb459de12bfc2d8 to remote] DEBUG org.asynchttpclient.netty.request.NettyRequestSender - Using open Channel [id: 0x698ce72e, L:/127.0.0.1:63763 - R:localhost/127.0.0.1:18936] for POST '/session/e6f274631fc174051fb459de12bfc2d8/element/aad68915-afdc-45bd-adf6-54cee6cbfd74/click'
16:05:19.909 [AsyncHttpClient-1-2] DEBUG org.asynchttpclient.netty.handler.HttpHandler - 

Request DefaultHttpRequest(decodeResult: success, version: HTTP/1.1)
POST /session/e6f274631fc174051fb459de12bfc2d8/element/aad68915-afdc-45bd-adf6-54cee6cbfd74/click HTTP/1.1
User-Agent: selenium/4.8.1 (java windows)
Content-Length: 50
Content-Type: application/json; charset=utf-8
host: localhost:18936
accept: */*

Response DefaultHttpResponse(decodeResult: success, version: HTTP/1.1)
HTTP/1.1 200 OK
Content-Length: 14
Content-Type: application/json; charset=utf-8
cache-control: no-cache

16:05:19.909 [AsyncHttpClient-1-2] DEBUG org.asynchttpclient.netty.channel.ChannelManager - Adding key: http://localhost:18936 for channel [id: 0x698ce72e, L:/127.0.0.1:63763 - R:localhost/127.0.0.1:18936]
16:05:19.922 [Forwarding getAlertText on session e6f274631fc174051fb459de12bfc2d8 to remote] DEBUG org.asynchttpclient.netty.request.NettyRequestSender - Using pooled Channel '[id: 0x698ce72e, L:/127.0.0.1:63763 - R:localhost/127.0.0.1:18936]' for 'GET' to 'http://localhost:18936/session/e6f274631fc174051fb459de12bfc2d8/alert/text'
16:05:19.922 [Forwarding getAlertText on session e6f274631fc174051fb459de12bfc2d8 to remote] DEBUG org.asynchttpclient.netty.request.NettyRequestSender - Using open Channel [id: 0x698ce72e, L:/127.0.0.1:63763 - R:localhost/127.0.0.1:18936] for GET '/session/e6f274631fc174051fb459de12bfc2d8/alert/text'
16:05:19.930 [AsyncHttpClient-1-2] DEBUG org.asynchttpclient.netty.handler.HttpHandler - 

Request DefaultFullHttpRequest(decodeResult: success, version: HTTP/1.1, content: EmptyByteBufBE)
GET /session/e6f274631fc174051fb459de12bfc2d8/alert/text HTTP/1.1
User-Agent: selenium/4.8.1 (java windows)
Cache-Control: no-cache
Content-Type: application/json; charset=utf-8
host: localhost:18936
accept: */*

Response DefaultHttpResponse(decodeResult: success, version: HTTP/1.1)
HTTP/1.1 404 Not Found
Content-Length: 848
Content-Type: application/json; charset=utf-8
cache-control: no-cache

16:05:19.931 [AsyncHttpClient-1-2] DEBUG org.asynchttpclient.netty.channel.ChannelManager - Adding key: http://localhost:18936 for channel [id: 0x698ce72e, L:/127.0.0.1:63763 - R:localhost/127.0.0.1:18936]
16:05:19.932 [Forwarding getCurrentUrl on session e6f274631fc174051fb459de12bfc2d8 to remote] DEBUG org.asynchttpclient.netty.request.NettyRequestSender - Using pooled Channel '[id: 0x698ce72e, L:/127.0.0.1:63763 - R:localhost/127.0.0.1:18936]' for 'GET' to 'http://localhost:18936/session/e6f274631fc174051fb459de12bfc2d8/url'
16:05:19.932 [Forwarding getCurrentUrl on session e6f274631fc174051fb459de12bfc2d8 to remote] DEBUG org.asynchttpclient.netty.request.NettyRequestSender - Using open Channel [id: 0x698ce72e, L:/127.0.0.1:63763 - R:localhost/127.0.0.1:18936] for GET '/session/e6f274631fc174051fb459de12bfc2d8/url'
16:05:19.943 [AsyncHttpClient-1-2] DEBUG org.asynchttpclient.netty.handler.HttpHandler - 

Request DefaultFullHttpRequest(decodeResult: success, version: HTTP/1.1, content: EmptyByteBufBE)
GET /session/e6f274631fc174051fb459de12bfc2d8/url HTTP/1.1
User-Agent: selenium/4.8.1 (java windows)
Cache-Control: no-cache
Content-Type: application/json; charset=utf-8
host: localhost:18936
accept: */*

Response DefaultHttpResponse(decodeResult: success, version: HTTP/1.1)
HTTP/1.1 200 OK
Content-Length: 54
Content-Type: application/json; charset=utf-8
cache-control: no-cache

16:05:19.944 [AsyncHttpClient-1-2] DEBUG org.asynchttpclient.netty.channel.ChannelManager - Adding key: http://localhost:18936 for channel [id: 0x698ce72e, L:/127.0.0.1:63763 - R:localhost/127.0.0.1:18936]
16:05:19.944 [Forwarding screenshot on session e6f274631fc174051fb459de12bfc2d8 to remote] DEBUG org.asynchttpclient.netty.request.NettyRequestSender - Using pooled Channel '[id: 0x698ce72e, L:/127.0.0.1:63763 - R:localhost/127.0.0.1:18936]' for 'GET' to 'http://localhost:18936/session/e6f274631fc174051fb459de12bfc2d8/screenshot'
16:05:19.945 [Forwarding screenshot on session e6f274631fc174051fb459de12bfc2d8 to remote] DEBUG org.asynchttpclient.netty.request.NettyRequestSender - Using open Channel [id: 0x698ce72e, L:/127.0.0.1:63763 - R:localhost/127.0.0.1:18936] for GET '/session/e6f274631fc174051fb459de12bfc2d8/screenshot'
16:05:20.055 [AsyncHttpClient-1-2] DEBUG org.asynchttpclient.netty.handler.HttpHandler - 

Request DefaultFullHttpRequest(decodeResult: success, version: HTTP/1.1, content: EmptyByteBufBE)
GET /session/e6f274631fc174051fb459de12bfc2d8/screenshot HTTP/1.1
User-Agent: selenium/4.8.1 (java windows)
Cache-Control: no-cache
Content-Type: application/json; charset=utf-8
host: localhost:18936
accept: */*

Response DefaultHttpResponse(decodeResult: success, version: HTTP/1.1)
HTTP/1.1 200 OK
Content-Length: 29736
Content-Type: application/json; charset=utf-8
cache-control: no-cache

16:05:20.055 [AsyncHttpClient-1-2] DEBUG org.asynchttpclient.netty.channel.ChannelManager - Adding key: http://localhost:18936 for channel [id: 0x698ce72e, L:/127.0.0.1:63763 - R:localhost/127.0.0.1:18936]
16:05:20.056 [main] DEBUG net.serenitybdd.core.photography.Darkroom - Send negative for processing for target\site\serenity\4483762c880586e376db97ee87af78ecdfed1b519253aeada9d8e70d529c0abc.png
16:05:20.057 [main] DEBUG net.thucydides.core.steps.StepInterceptor - STEP DONE: user click register
  &amp#27;[32mAnd &amp#27;[0m&amp#27;[32muser click register&amp#27;[0m                            &amp#27;[90m# starter.stepdefinition.RegisterStep.userClickRegister()&amp#27;[0m
16:05:20.063 [main] DEBUG net.thucydides.core.steps.StepInterceptor - STARTING STEP: RegisterStep.userInputfullname - user input full name
16:05:20.065 [Forwarding findElement on session e6f274631fc174051fb459de12bfc2d8 to remote] DEBUG org.asynchttpclient.netty.request.NettyRequestSender - Using pooled Channel '[id: 0x698ce72e, L:/127.0.0.1:63763 - R:localhost/127.0.0.1:18936]' for 'POST' to 'http://localhost:18936/session/e6f274631fc174051fb459de12bfc2d8/element'
16:05:20.065 [Forwarding findElement on session e6f274631fc174051fb459de12bfc2d8 to remote] DEBUG org.asynchttpclient.netty.request.NettyRequestSender - Using open Channel [id: 0x698ce72e, L:/127.0.0.1:63763 - R:localhost/127.0.0.1:18936] for POST '/session/e6f274631fc174051fb459de12bfc2d8/element'
16:05:20.077 [AsyncHttpClient-1-2] DEBUG org.asynchttpclient.netty.handler.HttpHandler - 

Request DefaultHttpRequest(decodeResult: success, version: HTTP/1.1)
POST /session/e6f274631fc174051fb459de12bfc2d8/element HTTP/1.1
User-Agent: selenium/4.8.1 (java windows)
Content-Length: 55
Content-Type: application/json; charset=utf-8
host: localhost:18936
accept: */*

Response DefaultHttpResponse(decodeResult: success, version: HTTP/1.1)
HTTP/1.1 200 OK
Content-Length: 88
Content-Type: application/json; charset=utf-8
cache-control: no-cache

16:05:20.077 [AsyncHttpClient-1-2] DEBUG org.asynchttpclient.netty.channel.ChannelManager - Adding key: http://localhost:18936 for channel [id: 0x698ce72e, L:/127.0.0.1:63763 - R:localhost/127.0.0.1:18936]
16:05:20.077 [Forwarding clearElement on session e6f274631fc174051fb459de12bfc2d8 to remote] DEBUG org.asynchttpclient.netty.request.NettyRequestSender - Using pooled Channel '[id: 0x698ce72e, L:/127.0.0.1:63763 - R:localhost/127.0.0.1:18936]' for 'POST' to 'http://localhost:18936/session/e6f274631fc174051fb459de12bfc2d8/element/ee300d72-925d-481b-8843-157a52f6d754/clear'
16:05:20.077 [Forwarding clearElement on session e6f274631fc174051fb459de12bfc2d8 to remote] DEBUG org.asynchttpclient.netty.request.NettyRequestSender - Using open Channel [id: 0x698ce72e, L:/127.0.0.1:63763 - R:localhost/127.0.0.1:18936] for POST '/session/e6f274631fc174051fb459de12bfc2d8/element/ee300d72-925d-481b-8843-157a52f6d754/clear'
16:05:20.107 [AsyncHttpClient-1-2] DEBUG org.asynchttpclient.netty.handler.HttpHandler - 

Request DefaultHttpRequest(decodeResult: success, version: HTTP/1.1)
POST /session/e6f274631fc174051fb459de12bfc2d8/element/ee300d72-925d-481b-8843-157a52f6d754/clear HTTP/1.1
User-Agent: selenium/4.8.1 (java windows)
Content-Length: 50
Content-Type: application/json; charset=utf-8
host: localhost:18936
accept: */*

Response DefaultHttpResponse(decodeResult: success, version: HTTP/1.1)
HTTP/1.1 200 OK
Content-Length: 14
Content-Type: application/json; charset=utf-8
cache-control: no-cache

16:05:20.107 [AsyncHttpClient-1-2] DEBUG org.asynchttpclient.netty.channel.ChannelManager - Adding key: http://localhost:18936 for channel [id: 0x698ce72e, L:/127.0.0.1:63763 - R:localhost/127.0.0.1:18936]
16:05:20.109 [Forwarding sendKeysToElement on session e6f274631fc174051fb459de12bfc2d8 to remote] DEBUG org.asynchttpclient.netty.request.NettyRequestSender - Using pooled Channel '[id: 0x698ce72e, L:/127.0.0.1:63763 - R:localhost/127.0.0.1:18936]' for 'POST' to 'http://localhost:18936/session/e6f274631fc174051fb459de12bfc2d8/element/ee300d72-925d-481b-8843-157a52f6d754/value'
16:05:20.109 [Forwarding sendKeysToElement on session e6f274631fc174051fb459de12bfc2d8 to remote] DEBUG org.asynchttpclient.netty.request.NettyRequestSender - Using open Channel [id: 0x698ce72e, L:/127.0.0.1:63763 - R:localhost/127.0.0.1:18936] for POST '/session/e6f274631fc174051fb459de12bfc2d8/element/ee300d72-925d-481b-8843-157a52f6d754/value'
16:05:20.194 [AsyncHttpClient-1-2] DEBUG org.asynchttpclient.netty.handler.HttpHandler - 

Request DefaultHttpRequest(decodeResult: success, version: HTTP/1.1)
POST /session/e6f274631fc174051fb459de12bfc2d8/element/ee300d72-925d-481b-8843-157a52f6d754/value HTTP/1.1
User-Agent: selenium/4.8.1 (java windows)
Content-Length: 121
Content-Type: application/json; charset=utf-8
host: localhost:18936
accept: */*

Response DefaultHttpResponse(decodeResult: success, version: HTTP/1.1)
HTTP/1.1 200 OK
Content-Length: 14
Content-Type: application/json; charset=utf-8
cache-control: no-cache

16:05:20.194 [AsyncHttpClient-1-2] DEBUG org.asynchttpclient.netty.channel.ChannelManager - Adding key: http://localhost:18936 for channel [id: 0x698ce72e, L:/127.0.0.1:63763 - R:localhost/127.0.0.1:18936]
16:05:20.203 [Forwarding getAlertText on session e6f274631fc174051fb459de12bfc2d8 to remote] DEBUG org.asynchttpclient.netty.request.NettyRequestSender - Using pooled Channel '[id: 0x698ce72e, L:/127.0.0.1:63763 - R:localhost/127.0.0.1:18936]' for 'GET' to 'http://localhost:18936/session/e6f274631fc174051fb459de12bfc2d8/alert/text'
16:05:20.203 [Forwarding getAlertText on session e6f274631fc174051fb459de12bfc2d8 to remote] DEBUG org.asynchttpclient.netty.request.NettyRequestSender - Using open Channel [id: 0x698ce72e, L:/127.0.0.1:63763 - R:localhost/127.0.0.1:18936] for GET '/session/e6f274631fc174051fb459de12bfc2d8/alert/text'
16:05:20.204 [AsyncHttpClient-1-2] DEBUG org.asynchttpclient.netty.handler.HttpHandler - 

Request DefaultFullHttpRequest(decodeResult: success, version: HTTP/1.1, content: EmptyByteBufBE)
GET /session/e6f274631fc174051fb459de12bfc2d8/alert/text HTTP/1.1
User-Agent: selenium/4.8.1 (java windows)
Cache-Control: no-cache
Content-Type: application/json; charset=utf-8
host: localhost:18936
accept: */*

Response DefaultHttpResponse(decodeResult: success, version: HTTP/1.1)
HTTP/1.1 404 Not Found
Content-Length: 848
Content-Type: application/json; charset=utf-8
cache-control: no-cache

16:05:20.204 [AsyncHttpClient-1-2] DEBUG org.asynchttpclient.netty.channel.ChannelManager - Adding key: http://localhost:18936 for channel [id: 0x698ce72e, L:/127.0.0.1:63763 - R:localhost/127.0.0.1:18936]
16:05:20.205 [Forwarding getCurrentUrl on session e6f274631fc174051fb459de12bfc2d8 to remote] DEBUG org.asynchttpclient.netty.request.NettyRequestSender - Using pooled Channel '[id: 0x698ce72e, L:/127.0.0.1:63763 - R:localhost/127.0.0.1:18936]' for 'GET' to 'http://localhost:18936/session/e6f274631fc174051fb459de12bfc2d8/url'
16:05:20.205 [Forwarding getCurrentUrl on session e6f274631fc174051fb459de12bfc2d8 to remote] DEBUG org.asynchttpclient.netty.request.NettyRequestSender - Using open Channel [id: 0x698ce72e, L:/127.0.0.1:63763 - R:localhost/127.0.0.1:18936] for GET '/session/e6f274631fc174051fb459de12bfc2d8/url'
16:05:20.207 [AsyncHttpClient-1-2] DEBUG org.asynchttpclient.netty.handler.HttpHandler - 

Request DefaultFullHttpRequest(decodeResult: success, version: HTTP/1.1, content: EmptyByteBufBE)
GET /session/e6f274631fc174051fb459de12bfc2d8/url HTTP/1.1
User-Agent: selenium/4.8.1 (java windows)
Cache-Control: no-cache
Content-Type: application/json; charset=utf-8
host: localhost:18936
accept: */*

Response DefaultHttpResponse(decodeResult: success, version: HTTP/1.1)
HTTP/1.1 200 OK
Content-Length: 54
Content-Type: application/json; charset=utf-8
cache-control: no-cache

16:05:20.208 [AsyncHttpClient-1-2] DEBUG org.asynchttpclient.netty.channel.ChannelManager - Adding key: http://localhost:18936 for channel [id: 0x698ce72e, L:/127.0.0.1:63763 - R:localhost/127.0.0.1:18936]
16:05:20.208 [Forwarding screenshot on session e6f274631fc174051fb459de12bfc2d8 to remote] DEBUG org.asynchttpclient.netty.request.NettyRequestSender - Using pooled Channel '[id: 0x698ce72e, L:/127.0.0.1:63763 - R:localhost/127.0.0.1:18936]' for 'GET' to 'http://localhost:18936/session/e6f274631fc174051fb459de12bfc2d8/screenshot'
16:05:20.208 [Forwarding screenshot on session e6f274631fc174051fb459de12bfc2d8 to remote] DEBUG org.asynchttpclient.netty.request.NettyRequestSender - Using open Channel [id: 0x698ce72e, L:/127.0.0.1:63763 - R:localhost/127.0.0.1:18936] for GET '/session/e6f274631fc174051fb459de12bfc2d8/screenshot'
16:05:20.307 [AsyncHttpClient-1-2] DEBUG org.asynchttpclient.netty.handler.HttpHandler - 

Request DefaultFullHttpRequest(decodeResult: success, version: HTTP/1.1, content: EmptyByteBufBE)
GET /session/e6f274631fc174051fb459de12bfc2d8/screenshot HTTP/1.1
User-Agent: selenium/4.8.1 (java windows)
Cache-Control: no-cache
Content-Type: application/json; charset=utf-8
host: localhost:18936
accept: */*

Response DefaultHttpResponse(decodeResult: success, version: HTTP/1.1)
HTTP/1.1 200 OK
Content-Length: 30632
Content-Type: application/json; charset=utf-8
cache-control: no-cache

16:05:20.307 [AsyncHttpClient-1-2] DEBUG org.asynchttpclient.netty.channel.ChannelManager - Adding key: http://localhost:18936 for channel [id: 0x698ce72e, L:/127.0.0.1:63763 - R:localhost/127.0.0.1:18936]
16:05:20.308 [main] DEBUG net.serenitybdd.core.photography.Darkroom - Send negative for processing for target\site\serenity\7b6e00cc7ab8e88ae8a4cc981632aeb335ae9814a0a9cc265c74705565d2316c.png
16:05:20.308 [main] DEBUG net.thucydides.core.steps.StepInterceptor - STEP DONE: user input full name
  &amp#27;[32mWhen &amp#27;[0m&amp#27;[32muser input full name&amp#27;[0m                          &amp#27;[90m# starter.stepdefinition.RegisterStep.userInputfullname()&amp#27;[0m
16:05:20.309 [Darkroom Processing Line] DEBUG net.serenitybdd.core.photography.DarkroomProcessingLine - Processing screenshot image in /var/screenshots/screenshot-8749540306506303248
16:05:20.309 [Darkroom Processing Line] DEBUG net.serenitybdd.core.photography.DarkroomProcessingLine - Saving screenshot to target\site\serenity\7b6e00cc7ab8e88ae8a4cc981632aeb335ae9814a0a9cc265c74705565d2316c.png
16:05:20.317 [main] DEBUG net.thucydides.core.steps.StepInterceptor - STARTING STEP: RegisterStep.userInputEmail - user input email
16:05:20.319 [Forwarding findElement on session e6f274631fc174051fb459de12bfc2d8 to remote] DEBUG org.asynchttpclient.netty.request.NettyRequestSender - Using pooled Channel '[id: 0x698ce72e, L:/127.0.0.1:63763 - R:localhost/127.0.0.1:18936]' for 'POST' to 'http://localhost:18936/session/e6f274631fc174051fb459de12bfc2d8/element'
16:05:20.319 [Forwarding findElement on session e6f274631fc174051fb459de12bfc2d8 to remote] DEBUG org.asynchttpclient.netty.request.NettyRequestSender - Using open Channel [id: 0x698ce72e, L:/127.0.0.1:63763 - R:localhost/127.0.0.1:18936] for POST '/session/e6f274631fc174051fb459de12bfc2d8/element'
16:05:20.329 [AsyncHttpClient-1-2] DEBUG org.asynchttpclient.netty.handler.HttpHandler - 

Request DefaultHttpRequest(decodeResult: success, version: HTTP/1.1)
POST /session/e6f274631fc174051fb459de12bfc2d8/element HTTP/1.1
User-Agent: selenium/4.8.1 (java windows)
Content-Length: 55
Content-Type: application/json; charset=utf-8
host: localhost:18936
accept: */*

Response DefaultHttpResponse(decodeResult: success, version: HTTP/1.1)
HTTP/1.1 200 OK
Content-Length: 88
Content-Type: application/json; charset=utf-8
cache-control: no-cache

16:05:20.329 [AsyncHttpClient-1-2] DEBUG org.asynchttpclient.netty.channel.ChannelManager - Adding key: http://localhost:18936 for channel [id: 0x698ce72e, L:/127.0.0.1:63763 - R:localhost/127.0.0.1:18936]
16:05:20.330 [Forwarding clearElement on session e6f274631fc174051fb459de12bfc2d8 to remote] DEBUG org.asynchttpclient.netty.request.NettyRequestSender - Using pooled Channel '[id: 0x698ce72e, L:/127.0.0.1:63763 - R:localhost/127.0.0.1:18936]' for 'POST' to 'http://localhost:18936/session/e6f274631fc174051fb459de12bfc2d8/element/80640f59-9e09-4a99-b666-222ef2d35e1a/clear'
16:05:20.330 [Forwarding clearElement on session e6f274631fc174051fb459de12bfc2d8 to remote] DEBUG org.asynchttpclient.netty.request.NettyRequestSender - Using open Channel [id: 0x698ce72e, L:/127.0.0.1:63763 - R:localhost/127.0.0.1:18936] for POST '/session/e6f274631fc174051fb459de12bfc2d8/element/80640f59-9e09-4a99-b666-222ef2d35e1a/clear'
16:05:20.361 [AsyncHttpClient-1-2] DEBUG org.asynchttpclient.netty.handler.HttpHandler - 

Request DefaultHttpRequest(decodeResult: success, version: HTTP/1.1)
POST /session/e6f274631fc174051fb459de12bfc2d8/element/80640f59-9e09-4a99-b666-222ef2d35e1a/clear HTTP/1.1
User-Agent: selenium/4.8.1 (java windows)
Content-Length: 50
Content-Type: application/json; charset=utf-8
host: localhost:18936
accept: */*

Response DefaultHttpResponse(decodeResult: success, version: HTTP/1.1)
HTTP/1.1 200 OK
Content-Length: 14
Content-Type: application/json; charset=utf-8
cache-control: no-cache

16:05:20.361 [AsyncHttpClient-1-2] DEBUG org.asynchttpclient.netty.channel.ChannelManager - Adding key: http://localhost:18936 for channel [id: 0x698ce72e, L:/127.0.0.1:63763 - R:localhost/127.0.0.1:18936]
16:05:20.362 [Forwarding sendKeysToElement on session e6f274631fc174051fb459de12bfc2d8 to remote] DEBUG org.asynchttpclient.netty.request.NettyRequestSender - Using pooled Channel '[id: 0x698ce72e, L:/127.0.0.1:63763 - R:localhost/127.0.0.1:18936]' for 'POST' to 'http://localhost:18936/session/e6f274631fc174051fb459de12bfc2d8/element/80640f59-9e09-4a99-b666-222ef2d35e1a/value'
16:05:20.362 [Forwarding sendKeysToElement on session e6f274631fc174051fb459de12bfc2d8 to remote] DEBUG org.asynchttpclient.netty.request.NettyRequestSender - Using open Channel [id: 0x698ce72e, L:/127.0.0.1:63763 - R:localhost/127.0.0.1:18936] for POST '/session/e6f274631fc174051fb459de12bfc2d8/element/80640f59-9e09-4a99-b666-222ef2d35e1a/value'
16:05:20.493 [AsyncHttpClient-1-2] DEBUG org.asynchttpclient.netty.handler.HttpHandler - 

Request DefaultHttpRequest(decodeResult: success, version: HTTP/1.1)
POST /session/e6f274631fc174051fb459de12bfc2d8/element/80640f59-9e09-4a99-b666-222ef2d35e1a/value HTTP/1.1
User-Agent: selenium/4.8.1 (java windows)
Content-Length: 231
Content-Type: application/json; charset=utf-8
host: localhost:18936
accept: */*

Response DefaultHttpResponse(decodeResult: success, version: HTTP/1.1)
HTTP/1.1 200 OK
Content-Length: 14
Content-Type: application/json; charset=utf-8
cache-control: no-cache

16:05:20.494 [AsyncHttpClient-1-2] DEBUG org.asynchttpclient.netty.channel.ChannelManager - Adding key: http://localhost:18936 for channel [id: 0x698ce72e, L:/127.0.0.1:63763 - R:localhost/127.0.0.1:18936]
16:05:20.500 [Forwarding getAlertText on session e6f274631fc174051fb459de12bfc2d8 to remote] DEBUG org.asynchttpclient.netty.request.NettyRequestSender - Using pooled Channel '[id: 0x698ce72e, L:/127.0.0.1:63763 - R:localhost/127.0.0.1:18936]' for 'GET' to 'http://localhost:18936/session/e6f274631fc174051fb459de12bfc2d8/alert/text'
16:05:20.501 [Forwarding getAlertText on session e6f274631fc174051fb459de12bfc2d8 to remote] DEBUG org.asynchttpclient.netty.request.NettyRequestSender - Using open Channel [id: 0x698ce72e, L:/127.0.0.1:63763 - R:localhost/127.0.0.1:18936] for GET '/session/e6f274631fc174051fb459de12bfc2d8/alert/text'
16:05:20.502 [AsyncHttpClient-1-2] DEBUG org.asynchttpclient.netty.handler.HttpHandler - 

Request DefaultFullHttpRequest(decodeResult: success, version: HTTP/1.1, content: EmptyByteBufBE)
GET /session/e6f274631fc174051fb459de12bfc2d8/alert/text HTTP/1.1
User-Agent: selenium/4.8.1 (java windows)
Cache-Control: no-cache
Content-Type: application/json; charset=utf-8
host: localhost:18936
accept: */*

Response DefaultHttpResponse(decodeResult: success, version: HTTP/1.1)
HTTP/1.1 404 Not Found
Content-Length: 848
Content-Type: application/json; charset=utf-8
cache-control: no-cache

16:05:20.502 [AsyncHttpClient-1-2] DEBUG org.asynchttpclient.netty.channel.ChannelManager - Adding key: http://localhost:18936 for channel [id: 0x698ce72e, L:/127.0.0.1:63763 - R:localhost/127.0.0.1:18936]
16:05:20.503 [Forwarding getCurrentUrl on session e6f274631fc174051fb459de12bfc2d8 to remote] DEBUG org.asynchttpclient.netty.request.NettyRequestSender - Using pooled Channel '[id: 0x698ce72e, L:/127.0.0.1:63763 - R:localhost/127.0.0.1:18936]' for 'GET' to 'http://localhost:18936/session/e6f274631fc174051fb459de12bfc2d8/url'
16:05:20.503 [Forwarding getCurrentUrl on session e6f274631fc174051fb459de12bfc2d8 to remote] DEBUG org.asynchttpclient.netty.request.NettyRequestSender - Using open Channel [id: 0x698ce72e, L:/127.0.0.1:63763 - R:localhost/127.0.0.1:18936] for GET '/session/e6f274631fc174051fb459de12bfc2d8/url'
16:05:20.505 [AsyncHttpClient-1-2] DEBUG org.asynchttpclient.netty.handler.HttpHandler - 

Request DefaultFullHttpRequest(decodeResult: success, version: HTTP/1.1, content: EmptyByteBufBE)
GET /session/e6f274631fc174051fb459de12bfc2d8/url HTTP/1.1
User-Agent: selenium/4.8.1 (java windows)
Cache-Control: no-cache
Content-Type: application/json; charset=utf-8
host: localhost:18936
accept: */*

Response DefaultHttpResponse(decodeResult: success, version: HTTP/1.1)
HTTP/1.1 200 OK
Content-Length: 54
Content-Type: application/json; charset=utf-8
cache-control: no-cache

16:05:20.505 [AsyncHttpClient-1-2] DEBUG org.asynchttpclient.netty.channel.ChannelManager - Adding key: http://localhost:18936 for channel [id: 0x698ce72e, L:/127.0.0.1:63763 - R:localhost/127.0.0.1:18936]
16:05:20.506 [Forwarding screenshot on session e6f274631fc174051fb459de12bfc2d8 to remote] DEBUG org.asynchttpclient.netty.request.NettyRequestSender - Using pooled Channel '[id: 0x698ce72e, L:/127.0.0.1:63763 - R:localhost/127.0.0.1:18936]' for 'GET' to 'http://localhost:18936/session/e6f274631fc174051fb459de12bfc2d8/screenshot'
16:05:20.506 [Forwarding screenshot on session e6f274631fc174051fb459de12bfc2d8 to remote] DEBUG org.asynchttpclient.netty.request.NettyRequestSender - Using open Channel [id: 0x698ce72e, L:/127.0.0.1:63763 - R:localhost/127.0.0.1:18936] for GET '/session/e6f274631fc174051fb459de12bfc2d8/screenshot'
16:05:20.604 [AsyncHttpClient-1-2] DEBUG org.asynchttpclient.netty.handler.HttpHandler - 

Request DefaultFullHttpRequest(decodeResult: success, version: HTTP/1.1, content: EmptyByteBufBE)
GET /session/e6f274631fc174051fb459de12bfc2d8/screenshot HTTP/1.1
User-Agent: selenium/4.8.1 (java windows)
Cache-Control: no-cache
Content-Type: application/json; charset=utf-8
host: localhost:18936
accept: */*

Response DefaultHttpResponse(decodeResult: success, version: HTTP/1.1)
HTTP/1.1 200 OK
Content-Length: 33772
Content-Type: application/json; charset=utf-8
cache-control: no-cache

16:05:20.604 [AsyncHttpClient-1-2] DEBUG org.asynchttpclient.netty.channel.ChannelManager - Adding key: http://localhost:18936 for channel [id: 0x698ce72e, L:/127.0.0.1:63763 - R:localhost/127.0.0.1:18936]
16:05:20.606 [main] DEBUG net.serenitybdd.core.photography.Darkroom - Send negative for processing for target\site\serenity\7b64daff7a307a9499eec8662b4060775abf5ad60d63b2c32634385b75252c5a.png
16:05:20.607 [main] DEBUG net.thucydides.core.steps.StepInterceptor - STEP DONE: user input email
  &amp#27;[32mAnd &amp#27;[0m&amp#27;[32muser input email&amp#27;[0m                               &amp#27;[90m# starter.stepdefinition.RegisterStep.userInputEmail()&amp#27;[0m
16:05:20.607 [Darkroom Processing Line] DEBUG net.serenitybdd.core.photography.DarkroomProcessingLine - Processing screenshot image in /var/screenshots/screenshot-4180664668696190368
16:05:20.607 [Darkroom Processing Line] DEBUG net.serenitybdd.core.photography.DarkroomProcessingLine - Saving screenshot to target\site\serenity\7b64daff7a307a9499eec8662b4060775abf5ad60d63b2c32634385b75252c5a.png
16:05:20.619 [main] DEBUG net.thucydides.core.steps.StepInterceptor - STARTING STEP: RegisterStep.userInputPassword - user input password
16:05:20.622 [Forwarding findElement on session e6f274631fc174051fb459de12bfc2d8 to remote] DEBUG org.asynchttpclient.netty.request.NettyRequestSender - Using pooled Channel '[id: 0x698ce72e, L:/127.0.0.1:63763 - R:localhost/127.0.0.1:18936]' for 'POST' to 'http://localhost:18936/session/e6f274631fc174051fb459de12bfc2d8/element'
16:05:20.622 [Forwarding findElement on session e6f274631fc174051fb459de12bfc2d8 to remote] DEBUG org.asynchttpclient.netty.request.NettyRequestSender - Using open Channel [id: 0x698ce72e, L:/127.0.0.1:63763 - R:localhost/127.0.0.1:18936] for POST '/session/e6f274631fc174051fb459de12bfc2d8/element'
16:05:20.638 [AsyncHttpClient-1-2] DEBUG org.asynchttpclient.netty.handler.HttpHandler - 

Request DefaultHttpRequest(decodeResult: success, version: HTTP/1.1)
POST /session/e6f274631fc174051fb459de12bfc2d8/element HTTP/1.1
User-Agent: selenium/4.8.1 (java windows)
Content-Length: 55
Content-Type: application/json; charset=utf-8
host: localhost:18936
accept: */*

Response DefaultHttpResponse(decodeResult: success, version: HTTP/1.1)
HTTP/1.1 200 OK
Content-Length: 88
Content-Type: application/json; charset=utf-8
cache-control: no-cache

16:05:20.638 [AsyncHttpClient-1-2] DEBUG org.asynchttpclient.netty.channel.ChannelManager - Adding key: http://localhost:18936 for channel [id: 0x698ce72e, L:/127.0.0.1:63763 - R:localhost/127.0.0.1:18936]
16:05:20.639 [Forwarding clearElement on session e6f274631fc174051fb459de12bfc2d8 to remote] DEBUG org.asynchttpclient.netty.request.NettyRequestSender - Using pooled Channel '[id: 0x698ce72e, L:/127.0.0.1:63763 - R:localhost/127.0.0.1:18936]' for 'POST' to 'http://localhost:18936/session/e6f274631fc174051fb459de12bfc2d8/element/aa82effd-4804-4c6d-b2ac-846d6d13b682/clear'
16:05:20.639 [Forwarding clearElement on session e6f274631fc174051fb459de12bfc2d8 to remote] DEBUG org.asynchttpclient.netty.request.NettyRequestSender - Using open Channel [id: 0x698ce72e, L:/127.0.0.1:63763 - R:localhost/127.0.0.1:18936] for POST '/session/e6f274631fc174051fb459de12bfc2d8/element/aa82effd-4804-4c6d-b2ac-846d6d13b682/clear'
16:05:20.673 [AsyncHttpClient-1-2] DEBUG org.asynchttpclient.netty.handler.HttpHandler - 

Request DefaultHttpRequest(decodeResult: success, version: HTTP/1.1)
POST /session/e6f274631fc174051fb459de12bfc2d8/element/aa82effd-4804-4c6d-b2ac-846d6d13b682/clear HTTP/1.1
User-Agent: selenium/4.8.1 (java windows)
Content-Length: 50
Content-Type: application/json; charset=utf-8
host: localhost:18936
accept: */*

Response DefaultHttpResponse(decodeResult: success, version: HTTP/1.1)
HTTP/1.1 200 OK
Content-Length: 14
Content-Type: application/json; charset=utf-8
cache-control: no-cache

16:05:20.673 [AsyncHttpClient-1-2] DEBUG org.asynchttpclient.netty.channel.ChannelManager - Adding key: http://localhost:18936 for channel [id: 0x698ce72e, L:/127.0.0.1:63763 - R:localhost/127.0.0.1:18936]
16:05:20.674 [Forwarding sendKeysToElement on session e6f274631fc174051fb459de12bfc2d8 to remote] DEBUG org.asynchttpclient.netty.request.NettyRequestSender - Using pooled Channel '[id: 0x698ce72e, L:/127.0.0.1:63763 - R:localhost/127.0.0.1:18936]' for 'POST' to 'http://localhost:18936/session/e6f274631fc174051fb459de12bfc2d8/element/aa82effd-4804-4c6d-b2ac-846d6d13b682/value'
16:05:20.674 [Forwarding sendKeysToElement on session e6f274631fc174051fb459de12bfc2d8 to remote] DEBUG org.asynchttpclient.netty.request.NettyRequestSender - Using open Channel [id: 0x698ce72e, L:/127.0.0.1:63763 - R:localhost/127.0.0.1:18936] for POST '/session/e6f274631fc174051fb459de12bfc2d8/element/aa82effd-4804-4c6d-b2ac-846d6d13b682/value'
16:05:20.748 [AsyncHttpClient-1-2] DEBUG org.asynchttpclient.netty.handler.HttpHandler - 

Request DefaultHttpRequest(decodeResult: success, version: HTTP/1.1)
POST /session/e6f274631fc174051fb459de12bfc2d8/element/aa82effd-4804-4c6d-b2ac-846d6d13b682/value HTTP/1.1
User-Agent: selenium/4.8.1 (java windows)
Content-Length: 161
Content-Type: application/json; charset=utf-8
host: localhost:18936
accept: */*

Response DefaultHttpResponse(decodeResult: success, version: HTTP/1.1)
HTTP/1.1 200 OK
Content-Length: 14
Content-Type: application/json; charset=utf-8
cache-control: no-cache

16:05:20.748 [AsyncHttpClient-1-2] DEBUG org.asynchttpclient.netty.channel.ChannelManager - Adding key: http://localhost:18936 for channel [id: 0x698ce72e, L:/127.0.0.1:63763 - R:localhost/127.0.0.1:18936]
16:05:20.754 [Forwarding getAlertText on session e6f274631fc174051fb459de12bfc2d8 to remote] DEBUG org.asynchttpclient.netty.request.NettyRequestSender - Using pooled Channel '[id: 0x698ce72e, L:/127.0.0.1:63763 - R:localhost/127.0.0.1:18936]' for 'GET' to 'http://localhost:18936/session/e6f274631fc174051fb459de12bfc2d8/alert/text'
16:05:20.754 [Forwarding getAlertText on session e6f274631fc174051fb459de12bfc2d8 to remote] DEBUG org.asynchttpclient.netty.request.NettyRequestSender - Using open Channel [id: 0x698ce72e, L:/127.0.0.1:63763 - R:localhost/127.0.0.1:18936] for GET '/session/e6f274631fc174051fb459de12bfc2d8/alert/text'
16:05:20.755 [AsyncHttpClient-1-2] DEBUG org.asynchttpclient.netty.handler.HttpHandler - 

Request DefaultFullHttpRequest(decodeResult: success, version: HTTP/1.1, content: EmptyByteBufBE)
GET /session/e6f274631fc174051fb459de12bfc2d8/alert/text HTTP/1.1
User-Agent: selenium/4.8.1 (java windows)
Cache-Control: no-cache
Content-Type: application/json; charset=utf-8
host: localhost:18936
accept: */*

Response DefaultHttpResponse(decodeResult: success, version: HTTP/1.1)
HTTP/1.1 404 Not Found
Content-Length: 848
Content-Type: application/json; charset=utf-8
cache-control: no-cache

16:05:20.755 [AsyncHttpClient-1-2] DEBUG org.asynchttpclient.netty.channel.ChannelManager - Adding key: http://localhost:18936 for channel [id: 0x698ce72e, L:/127.0.0.1:63763 - R:localhost/127.0.0.1:18936]
16:05:20.756 [Forwarding getCurrentUrl on session e6f274631fc174051fb459de12bfc2d8 to remote] DEBUG org.asynchttpclient.netty.request.NettyRequestSender - Using pooled Channel '[id: 0x698ce72e, L:/127.0.0.1:63763 - R:localhost/127.0.0.1:18936]' for 'GET' to 'http://localhost:18936/session/e6f274631fc174051fb459de12bfc2d8/url'
16:05:20.756 [Forwarding getCurrentUrl on session e6f274631fc174051fb459de12bfc2d8 to remote] DEBUG org.asynchttpclient.netty.request.NettyRequestSender - Using open Channel [id: 0x698ce72e, L:/127.0.0.1:63763 - R:localhost/127.0.0.1:18936] for GET '/session/e6f274631fc174051fb459de12bfc2d8/url'
16:05:20.759 [AsyncHttpClient-1-2] DEBUG org.asynchttpclient.netty.handler.HttpHandler - 

Request DefaultFullHttpRequest(decodeResult: success, version: HTTP/1.1, content: EmptyByteBufBE)
GET /session/e6f274631fc174051fb459de12bfc2d8/url HTTP/1.1
User-Agent: selenium/4.8.1 (java windows)
Cache-Control: no-cache
Content-Type: application/json; charset=utf-8
host: localhost:18936
accept: */*

Response DefaultHttpResponse(decodeResult: success, version: HTTP/1.1)
HTTP/1.1 200 OK
Content-Length: 54
Content-Type: application/json; charset=utf-8
cache-control: no-cache

16:05:20.759 [AsyncHttpClient-1-2] DEBUG org.asynchttpclient.netty.channel.ChannelManager - Adding key: http://localhost:18936 for channel [id: 0x698ce72e, L:/127.0.0.1:63763 - R:localhost/127.0.0.1:18936]
16:05:20.759 [Forwarding screenshot on session e6f274631fc174051fb459de12bfc2d8 to remote] DEBUG org.asynchttpclient.netty.request.NettyRequestSender - Using pooled Channel '[id: 0x698ce72e, L:/127.0.0.1:63763 - R:localhost/127.0.0.1:18936]' for 'GET' to 'http://localhost:18936/session/e6f274631fc174051fb459de12bfc2d8/screenshot'
16:05:20.759 [Forwarding screenshot on session e6f274631fc174051fb459de12bfc2d8 to remote] DEBUG org.asynchttpclient.netty.request.NettyRequestSender - Using open Channel [id: 0x698ce72e, L:/127.0.0.1:63763 - R:localhost/127.0.0.1:18936] for GET '/session/e6f274631fc174051fb459de12bfc2d8/screenshot'
16:05:20.777 [AsyncHttpClient-1-1] DEBUG org.asynchttpclient.netty.channel.DefaultChannelPool - Entry count for : http://localhost:63764 : 1
16:05:20.856 [AsyncHttpClient-1-2] DEBUG org.asynchttpclient.netty.handler.HttpHandler - 

Request DefaultFullHttpRequest(decodeResult: success, version: HTTP/1.1, content: EmptyByteBufBE)
GET /session/e6f274631fc174051fb459de12bfc2d8/screenshot HTTP/1.1
User-Agent: selenium/4.8.1 (java windows)
Cache-Control: no-cache
Content-Type: application/json; charset=utf-8
host: localhost:18936
accept: */*

Response DefaultHttpResponse(decodeResult: success, version: HTTP/1.1)
HTTP/1.1 200 OK
Content-Length: 35580
Content-Type: application/json; charset=utf-8
cache-control: no-cache

16:05:20.857 [AsyncHttpClient-1-2] DEBUG org.asynchttpclient.netty.channel.ChannelManager - Adding key: http://localhost:18936 for channel [id: 0x698ce72e, L:/127.0.0.1:63763 - R:localhost/127.0.0.1:18936]
16:05:20.858 [main] DEBUG net.serenitybdd.core.photography.Darkroom - Send negative for processing for target\site\serenity\7d7ab8c48a0169e72d5c1786fee0fdc7d6a74708c6236c2241ad6d6ce7a1226d.png
16:05:20.858 [main] DEBUG net.thucydides.core.steps.StepInterceptor - STEP DONE: user input password
  &amp#27;[32mAnd &amp#27;[0m&amp#27;[32muser input password&amp#27;[0m                            &amp#27;[90m# starter.stepdefinition.RegisterStep.userInputPassword()&amp#27;[0m
16:05:20.858 [Darkroom Processing Line] DEBUG net.serenitybdd.core.photography.DarkroomProcessingLine - Processing screenshot image in /var/screenshots/screenshot-7320242141269174716
16:05:20.858 [Darkroom Processing Line] DEBUG net.serenitybdd.core.photography.DarkroomProcessingLine - Saving screenshot to target\site\serenity\7d7ab8c48a0169e72d5c1786fee0fdc7d6a74708c6236c2241ad6d6ce7a1226d.png
16:05:20.867 [main] DEBUG net.thucydides.core.steps.StepInterceptor - STARTING STEP: RegisterStep.userClickButtonRegister - user click button register
16:05:20.869 [Forwarding findElement on session e6f274631fc174051fb459de12bfc2d8 to remote] DEBUG org.asynchttpclient.netty.request.NettyRequestSender - Using pooled Channel '[id: 0x698ce72e, L:/127.0.0.1:63763 - R:localhost/127.0.0.1:18936]' for 'POST' to 'http://localhost:18936/session/e6f274631fc174051fb459de12bfc2d8/element'
16:05:20.869 [Forwarding findElement on session e6f274631fc174051fb459de12bfc2d8 to remote] DEBUG org.asynchttpclient.netty.request.NettyRequestSender - Using open Channel [id: 0x698ce72e, L:/127.0.0.1:63763 - R:localhost/127.0.0.1:18936] for POST '/session/e6f274631fc174051fb459de12bfc2d8/element'
16:05:20.879 [AsyncHttpClient-1-2] DEBUG org.asynchttpclient.netty.handler.HttpHandler - 

Request DefaultHttpRequest(decodeResult: success, version: HTTP/1.1)
POST /session/e6f274631fc174051fb459de12bfc2d8/element HTTP/1.1
User-Agent: selenium/4.8.1 (java windows)
Content-Length: 141
Content-Type: application/json; charset=utf-8
host: localhost:18936
accept: */*

Response DefaultHttpResponse(decodeResult: success, version: HTTP/1.1)
HTTP/1.1 200 OK
Content-Length: 88
Content-Type: application/json; charset=utf-8
cache-control: no-cache

16:05:20.879 [AsyncHttpClient-1-2] DEBUG org.asynchttpclient.netty.channel.ChannelManager - Adding key: http://localhost:18936 for channel [id: 0x698ce72e, L:/127.0.0.1:63763 - R:localhost/127.0.0.1:18936]
16:05:20.880 [Forwarding getElementTagName on session e6f274631fc174051fb459de12bfc2d8 to remote] DEBUG org.asynchttpclient.netty.request.NettyRequestSender - Using pooled Channel '[id: 0x698ce72e, L:/127.0.0.1:63763 - R:localhost/127.0.0.1:18936]' for 'GET' to 'http://localhost:18936/session/e6f274631fc174051fb459de12bfc2d8/element/57183325-062c-427d-82a9-685c690fe8d3/name'
16:05:20.880 [Forwarding getElementTagName on session e6f274631fc174051fb459de12bfc2d8 to remote] DEBUG org.asynchttpclient.netty.request.NettyRequestSender - Using open Channel [id: 0x698ce72e, L:/127.0.0.1:63763 - R:localhost/127.0.0.1:18936] for GET '/session/e6f274631fc174051fb459de12bfc2d8/element/57183325-062c-427d-82a9-685c690fe8d3/name'
16:05:20.886 [AsyncHttpClient-1-2] DEBUG org.asynchttpclient.netty.handler.HttpHandler - 

Request DefaultFullHttpRequest(decodeResult: success, version: HTTP/1.1, content: EmptyByteBufBE)
GET /session/e6f274631fc174051fb459de12bfc2d8/element/57183325-062c-427d-82a9-685c690fe8d3/name HTTP/1.1
User-Agent: selenium/4.8.1 (java windows)
Cache-Control: no-cache
Content-Type: application/json; charset=utf-8
host: localhost:18936
accept: */*

Response DefaultHttpResponse(decodeResult: success, version: HTTP/1.1)
HTTP/1.1 200 OK
Content-Length: 18
Content-Type: application/json; charset=utf-8
cache-control: no-cache

16:05:20.886 [AsyncHttpClient-1-2] DEBUG org.asynchttpclient.netty.channel.ChannelManager - Adding key: http://localhost:18936 for channel [id: 0x698ce72e, L:/127.0.0.1:63763 - R:localhost/127.0.0.1:18936]
16:05:20.887 [Forwarding getElementTagName on session e6f274631fc174051fb459de12bfc2d8 to remote] DEBUG org.asynchttpclient.netty.request.NettyRequestSender - Using pooled Channel '[id: 0x698ce72e, L:/127.0.0.1:63763 - R:localhost/127.0.0.1:18936]' for 'GET' to 'http://localhost:18936/session/e6f274631fc174051fb459de12bfc2d8/element/57183325-062c-427d-82a9-685c690fe8d3/name'
16:05:20.887 [Forwarding getElementTagName on session e6f274631fc174051fb459de12bfc2d8 to remote] DEBUG org.asynchttpclient.netty.request.NettyRequestSender - Using open Channel [id: 0x698ce72e, L:/127.0.0.1:63763 - R:localhost/127.0.0.1:18936] for GET '/session/e6f274631fc174051fb459de12bfc2d8/element/57183325-062c-427d-82a9-685c690fe8d3/name'
16:05:20.891 [AsyncHttpClient-1-2] DEBUG org.asynchttpclient.netty.handler.HttpHandler - 

Request DefaultFullHttpRequest(decodeResult: success, version: HTTP/1.1, content: EmptyByteBufBE)
GET /session/e6f274631fc174051fb459de12bfc2d8/element/57183325-062c-427d-82a9-685c690fe8d3/name HTTP/1.1
User-Agent: selenium/4.8.1 (java windows)
Cache-Control: no-cache
Content-Type: application/json; charset=utf-8
host: localhost:18936
accept: */*

Response DefaultHttpResponse(decodeResult: success, version: HTTP/1.1)
HTTP/1.1 200 OK
Content-Length: 18
Content-Type: application/json; charset=utf-8
cache-control: no-cache

16:05:20.891 [AsyncHttpClient-1-2] DEBUG org.asynchttpclient.netty.channel.ChannelManager - Adding key: http://localhost:18936 for channel [id: 0x698ce72e, L:/127.0.0.1:63763 - R:localhost/127.0.0.1:18936]
16:05:20.893 [Forwarding isElementEnabled on session e6f274631fc174051fb459de12bfc2d8 to remote] DEBUG org.asynchttpclient.netty.request.NettyRequestSender - Using pooled Channel '[id: 0x698ce72e, L:/127.0.0.1:63763 - R:localhost/127.0.0.1:18936]' for 'GET' to 'http://localhost:18936/session/e6f274631fc174051fb459de12bfc2d8/element/57183325-062c-427d-82a9-685c690fe8d3/enabled'
16:05:20.893 [Forwarding isElementEnabled on session e6f274631fc174051fb459de12bfc2d8 to remote] DEBUG org.asynchttpclient.netty.request.NettyRequestSender - Using open Channel [id: 0x698ce72e, L:/127.0.0.1:63763 - R:localhost/127.0.0.1:18936] for GET '/session/e6f274631fc174051fb459de12bfc2d8/element/57183325-062c-427d-82a9-685c690fe8d3/enabled'
16:05:20.903 [AsyncHttpClient-1-2] DEBUG org.asynchttpclient.netty.handler.HttpHandler - 

Request DefaultFullHttpRequest(decodeResult: success, version: HTTP/1.1, content: EmptyByteBufBE)
GET /session/e6f274631fc174051fb459de12bfc2d8/element/57183325-062c-427d-82a9-685c690fe8d3/enabled HTTP/1.1
User-Agent: selenium/4.8.1 (java windows)
Cache-Control: no-cache
Content-Type: application/json; charset=utf-8
host: localhost:18936
accept: */*

Response DefaultHttpResponse(decodeResult: success, version: HTTP/1.1)
HTTP/1.1 200 OK
Content-Length: 14
Content-Type: application/json; charset=utf-8
cache-control: no-cache

16:05:20.903 [AsyncHttpClient-1-2] DEBUG org.asynchttpclient.netty.channel.ChannelManager - Adding key: http://localhost:18936 for channel [id: 0x698ce72e, L:/127.0.0.1:63763 - R:localhost/127.0.0.1:18936]
16:05:20.904 [Forwarding isElementEnabled on session e6f274631fc174051fb459de12bfc2d8 to remote] DEBUG org.asynchttpclient.netty.request.NettyRequestSender - Using pooled Channel '[id: 0x698ce72e, L:/127.0.0.1:63763 - R:localhost/127.0.0.1:18936]' for 'GET' to 'http://localhost:18936/session/e6f274631fc174051fb459de12bfc2d8/element/57183325-062c-427d-82a9-685c690fe8d3/enabled'
16:05:20.904 [Forwarding isElementEnabled on session e6f274631fc174051fb459de12bfc2d8 to remote] DEBUG org.asynchttpclient.netty.request.NettyRequestSender - Using open Channel [id: 0x698ce72e, L:/127.0.0.1:63763 - R:localhost/127.0.0.1:18936] for GET '/session/e6f274631fc174051fb459de12bfc2d8/element/57183325-062c-427d-82a9-685c690fe8d3/enabled'
16:05:20.909 [AsyncHttpClient-1-2] DEBUG org.asynchttpclient.netty.handler.HttpHandler - 

Request DefaultFullHttpRequest(decodeResult: success, version: HTTP/1.1, content: EmptyByteBufBE)
GET /session/e6f274631fc174051fb459de12bfc2d8/element/57183325-062c-427d-82a9-685c690fe8d3/enabled HTTP/1.1
User-Agent: selenium/4.8.1 (java windows)
Cache-Control: no-cache
Content-Type: application/json; charset=utf-8
host: localhost:18936
accept: */*

Response DefaultHttpResponse(decodeResult: success, version: HTTP/1.1)
HTTP/1.1 200 OK
Content-Length: 14
Content-Type: application/json; charset=utf-8
cache-control: no-cache

16:05:20.909 [AsyncHttpClient-1-2] DEBUG org.asynchttpclient.netty.channel.ChannelManager - Adding key: http://localhost:18936 for channel [id: 0x698ce72e, L:/127.0.0.1:63763 - R:localhost/127.0.0.1:18936]
16:05:20.911 [Forwarding findElement on session e6f274631fc174051fb459de12bfc2d8 to remote] DEBUG org.asynchttpclient.netty.request.NettyRequestSender - Using pooled Channel '[id: 0x698ce72e, L:/127.0.0.1:63763 - R:localhost/127.0.0.1:18936]' for 'POST' to 'http://localhost:18936/session/e6f274631fc174051fb459de12bfc2d8/element'
16:05:20.911 [Forwarding findElement on session e6f274631fc174051fb459de12bfc2d8 to remote] DEBUG org.asynchttpclient.netty.request.NettyRequestSender - Using open Channel [id: 0x698ce72e, L:/127.0.0.1:63763 - R:localhost/127.0.0.1:18936] for POST '/session/e6f274631fc174051fb459de12bfc2d8/element'
16:05:20.919 [AsyncHttpClient-1-2] DEBUG org.asynchttpclient.netty.handler.HttpHandler - 

Request DefaultHttpRequest(decodeResult: success, version: HTTP/1.1)
POST /session/e6f274631fc174051fb459de12bfc2d8/element HTTP/1.1
User-Agent: selenium/4.8.1 (java windows)
Content-Length: 141
Content-Type: application/json; charset=utf-8
host: localhost:18936
accept: */*

Response DefaultHttpResponse(decodeResult: success, version: HTTP/1.1)
HTTP/1.1 200 OK
Content-Length: 88
Content-Type: application/json; charset=utf-8
cache-control: no-cache

16:05:20.919 [AsyncHttpClient-1-2] DEBUG org.asynchttpclient.netty.channel.ChannelManager - Adding key: http://localhost:18936 for channel [id: 0x698ce72e, L:/127.0.0.1:63763 - R:localhost/127.0.0.1:18936]
16:05:20.920 [Forwarding clickElement on session e6f274631fc174051fb459de12bfc2d8 to remote] DEBUG org.asynchttpclient.netty.request.NettyRequestSender - Using pooled Channel '[id: 0x698ce72e, L:/127.0.0.1:63763 - R:localhost/127.0.0.1:18936]' for 'POST' to 'http://localhost:18936/session/e6f274631fc174051fb459de12bfc2d8/element/57183325-062c-427d-82a9-685c690fe8d3/click'
16:05:20.920 [Forwarding clickElement on session e6f274631fc174051fb459de12bfc2d8 to remote] DEBUG org.asynchttpclient.netty.request.NettyRequestSender - Using open Channel [id: 0x698ce72e, L:/127.0.0.1:63763 - R:localhost/127.0.0.1:18936] for POST '/session/e6f274631fc174051fb459de12bfc2d8/element/57183325-062c-427d-82a9-685c690fe8d3/click'
16:05:20.965 [AsyncHttpClient-1-2] DEBUG org.asynchttpclient.netty.handler.HttpHandler - 

Request DefaultHttpRequest(decodeResult: success, version: HTTP/1.1)
POST /session/e6f274631fc174051fb459de12bfc2d8/element/57183325-062c-427d-82a9-685c690fe8d3/click HTTP/1.1
User-Agent: selenium/4.8.1 (java windows)
Content-Length: 50
Content-Type: application/json; charset=utf-8
host: localhost:18936
accept: */*

Response DefaultHttpResponse(decodeResult: success, version: HTTP/1.1)
HTTP/1.1 200 OK
Content-Length: 14
Content-Type: application/json; charset=utf-8
cache-control: no-cache

16:05:20.965 [AsyncHttpClient-1-2] DEBUG org.asynchttpclient.netty.channel.ChannelManager - Adding key: http://localhost:18936 for channel [id: 0x698ce72e, L:/127.0.0.1:63763 - R:localhost/127.0.0.1:18936]
16:05:20.971 [Forwarding getAlertText on session e6f274631fc174051fb459de12bfc2d8 to remote] DEBUG org.asynchttpclient.netty.request.NettyRequestSender - Using pooled Channel '[id: 0x698ce72e, L:/127.0.0.1:63763 - R:localhost/127.0.0.1:18936]' for 'GET' to 'http://localhost:18936/session/e6f274631fc174051fb459de12bfc2d8/alert/text'
16:05:20.971 [Forwarding getAlertText on session e6f274631fc174051fb459de12bfc2d8 to remote] DEBUG org.asynchttpclient.netty.request.NettyRequestSender - Using open Channel [id: 0x698ce72e, L:/127.0.0.1:63763 - R:localhost/127.0.0.1:18936] for GET '/session/e6f274631fc174051fb459de12bfc2d8/alert/text'
16:05:20.973 [AsyncHttpClient-1-2] DEBUG org.asynchttpclient.netty.handler.HttpHandler - 

Request DefaultFullHttpRequest(decodeResult: success, version: HTTP/1.1, content: EmptyByteBufBE)
GET /session/e6f274631fc174051fb459de12bfc2d8/alert/text HTTP/1.1
User-Agent: selenium/4.8.1 (java windows)
Cache-Control: no-cache
Content-Type: application/json; charset=utf-8
host: localhost:18936
accept: */*

Response DefaultHttpResponse(decodeResult: success, version: HTTP/1.1)
HTTP/1.1 404 Not Found
Content-Length: 848
Content-Type: application/json; charset=utf-8
cache-control: no-cache

16:05:20.973 [AsyncHttpClient-1-2] DEBUG org.asynchttpclient.netty.channel.ChannelManager - Adding key: http://localhost:18936 for channel [id: 0x698ce72e, L:/127.0.0.1:63763 - R:localhost/127.0.0.1:18936]
16:05:20.973 [Forwarding getCurrentUrl on session e6f274631fc174051fb459de12bfc2d8 to remote] DEBUG org.asynchttpclient.netty.request.NettyRequestSender - Using pooled Channel '[id: 0x698ce72e, L:/127.0.0.1:63763 - R:localhost/127.0.0.1:18936]' for 'GET' to 'http://localhost:18936/session/e6f274631fc174051fb459de12bfc2d8/url'
16:05:20.973 [Forwarding getCurrentUrl on session e6f274631fc174051fb459de12bfc2d8 to remote] DEBUG org.asynchttpclient.netty.request.NettyRequestSender - Using open Channel [id: 0x698ce72e, L:/127.0.0.1:63763 - R:localhost/127.0.0.1:18936] for GET '/session/e6f274631fc174051fb459de12bfc2d8/url'
16:05:20.977 [AsyncHttpClient-1-2] DEBUG org.asynchttpclient.netty.handler.HttpHandler - 

Request DefaultFullHttpRequest(decodeResult: success, version: HTTP/1.1, content: EmptyByteBufBE)
GET /session/e6f274631fc174051fb459de12bfc2d8/url HTTP/1.1
User-Agent: selenium/4.8.1 (java windows)
Cache-Control: no-cache
Content-Type: application/json; charset=utf-8
host: localhost:18936
accept: */*

Response DefaultHttpResponse(decodeResult: success, version: HTTP/1.1)
HTTP/1.1 200 OK
Content-Length: 54
Content-Type: application/json; charset=utf-8
cache-control: no-cache

16:05:20.977 [AsyncHttpClient-1-2] DEBUG org.asynchttpclient.netty.channel.ChannelManager - Adding key: http://localhost:18936 for channel [id: 0x698ce72e, L:/127.0.0.1:63763 - R:localhost/127.0.0.1:18936]
16:05:20.977 [Forwarding screenshot on session e6f274631fc174051fb459de12bfc2d8 to remote] DEBUG org.asynchttpclient.netty.request.NettyRequestSender - Using pooled Channel '[id: 0x698ce72e, L:/127.0.0.1:63763 - R:localhost/127.0.0.1:18936]' for 'GET' to 'http://localhost:18936/session/e6f274631fc174051fb459de12bfc2d8/screenshot'
16:05:20.977 [Forwarding screenshot on session e6f274631fc174051fb459de12bfc2d8 to remote] DEBUG org.asynchttpclient.netty.request.NettyRequestSender - Using open Channel [id: 0x698ce72e, L:/127.0.0.1:63763 - R:localhost/127.0.0.1:18936] for GET '/session/e6f274631fc174051fb459de12bfc2d8/screenshot'
16:05:21.073 [AsyncHttpClient-1-2] DEBUG org.asynchttpclient.netty.handler.HttpHandler - 

Request DefaultFullHttpRequest(decodeResult: success, version: HTTP/1.1, content: EmptyByteBufBE)
GET /session/e6f274631fc174051fb459de12bfc2d8/screenshot HTTP/1.1
User-Agent: selenium/4.8.1 (java windows)
Cache-Control: no-cache
Content-Type: application/json; charset=utf-8
host: localhost:18936
accept: */*

Response DefaultHttpResponse(decodeResult: success, version: HTTP/1.1)
HTTP/1.1 200 OK
Content-Length: 35348
Content-Type: application/json; charset=utf-8
cache-control: no-cache

16:05:21.074 [AsyncHttpClient-1-2] DEBUG org.asynchttpclient.netty.channel.ChannelManager - Adding key: http://localhost:18936 for channel [id: 0x698ce72e, L:/127.0.0.1:63763 - R:localhost/127.0.0.1:18936]
16:05:21.076 [main] DEBUG net.serenitybdd.core.photography.Darkroom - Send negative for processing for target\site\serenity\4112b6a962438ca80fc66a3e4a6e2e5779bab324dda6f5d281807fe6beb4ab26.png
16:05:21.076 [main] DEBUG net.thucydides.core.steps.StepInterceptor - STEP DONE: user click button register
  &amp#27;[32mAnd &amp#27;[0m&amp#27;[32muser click button register&amp#27;[0m                     &amp#27;[90m# starter.stepdefinition.RegisterStep.userClickButtonRegister()&amp#27;[0m
16:05:21.076 [Darkroom Processing Line] DEBUG net.serenitybdd.core.photography.DarkroomProcessingLine - Processing screenshot image in /var/screenshots/screenshot-8043134746028966347
16:05:21.076 [Darkroom Processing Line] DEBUG net.serenitybdd.core.photography.DarkroomProcessingLine - Saving screenshot to target\site\serenity\4112b6a962438ca80fc66a3e4a6e2e5779bab324dda6f5d281807fe6beb4ab26.png
16:05:21.085 [main] DEBUG net.thucydides.core.steps.StepInterceptor - STARTING STEP: RegisterStep.userSeeLoginHomepage - user see login homepage
16:05:21.087 [Forwarding findElement on session e6f274631fc174051fb459de12bfc2d8 to remote] DEBUG org.asynchttpclient.netty.request.NettyRequestSender - Using pooled Channel '[id: 0x698ce72e, L:/127.0.0.1:63763 - R:localhost/127.0.0.1:18936]' for 'POST' to 'http://localhost:18936/session/e6f274631fc174051fb459de12bfc2d8/element'
16:05:21.087 [Forwarding findElement on session e6f274631fc174051fb459de12bfc2d8 to remote] DEBUG org.asynchttpclient.netty.request.NettyRequestSender - Using open Channel [id: 0x698ce72e, L:/127.0.0.1:63763 - R:localhost/127.0.0.1:18936] for POST '/session/e6f274631fc174051fb459de12bfc2d8/element'
16:05:21.097 [AsyncHttpClient-1-2] DEBUG org.asynchttpclient.netty.handler.HttpHandler - 

Request DefaultHttpRequest(decodeResult: success, version: HTTP/1.1)
POST /session/e6f274631fc174051fb459de12bfc2d8/element HTTP/1.1
User-Agent: selenium/4.8.1 (java windows)
Content-Length: 90
Content-Type: application/json; charset=utf-8
host: localhost:18936
accept: */*

Response DefaultHttpResponse(decodeResult: success, version: HTTP/1.1)
HTTP/1.1 200 OK
Content-Length: 88
Content-Type: application/json; charset=utf-8
cache-control: no-cache

16:05:21.097 [AsyncHttpClient-1-2] DEBUG org.asynchttpclient.netty.channel.ChannelManager - Adding key: http://localhost:18936 for channel [id: 0x698ce72e, L:/127.0.0.1:63763 - R:localhost/127.0.0.1:18936]
16:05:21.102 [Forwarding isElementDisplayed on session e6f274631fc174051fb459de12bfc2d8 to remote] DEBUG org.asynchttpclient.netty.request.NettyRequestSender - Using pooled Channel '[id: 0x698ce72e, L:/127.0.0.1:63763 - R:localhost/127.0.0.1:18936]' for 'POST' to 'http://localhost:18936/session/e6f274631fc174051fb459de12bfc2d8/execute/sync'
16:05:21.102 [Forwarding isElementDisplayed on session e6f274631fc174051fb459de12bfc2d8 to remote] DEBUG org.asynchttpclient.netty.request.NettyRequestSender - Using open Channel [id: 0x698ce72e, L:/127.0.0.1:63763 - R:localhost/127.0.0.1:18936] for POST '/session/e6f274631fc174051fb459de12bfc2d8/execute/sync'
16:05:21.120 [AsyncHttpClient-1-2] DEBUG org.asynchttpclient.netty.handler.HttpHandler - 

Request DefaultHttpRequest(decodeResult: success, version: HTTP/1.1)
POST /session/e6f274631fc174051fb459de12bfc2d8/execute/sync HTTP/1.1
User-Agent: selenium/4.8.1 (java windows)
Content-Length: 48807
Content-Type: application/json; charset=utf-8
host: localhost:18936
accept: */*

Response DefaultHttpResponse(decodeResult: success, version: HTTP/1.1)
HTTP/1.1 200 OK
Content-Length: 14
Content-Type: application/json; charset=utf-8
cache-control: no-cache

16:05:21.120 [AsyncHttpClient-1-2] DEBUG org.asynchttpclient.netty.channel.ChannelManager - Adding key: http://localhost:18936 for channel [id: 0x698ce72e, L:/127.0.0.1:63763 - R:localhost/127.0.0.1:18936]
16:05:21.125 [main] DEBUG net.thucydides.core.steps.StepInterceptor - STEP DONE: user see login homepage
  &amp#27;[32mThen &amp#27;[0m&amp#27;[32muser see login homepage&amp#27;[0m                       &amp#27;[90m# starter.stepdefinition.RegisterStep.userSeeLoginHomepage()&amp#27;[0m
16:05:21.134 [Forwarding getAlertText on session e6f274631fc174051fb459de12bfc2d8 to remote] DEBUG org.asynchttpclient.netty.request.NettyRequestSender - Using pooled Channel '[id: 0x698ce72e, L:/127.0.0.1:63763 - R:localhost/127.0.0.1:18936]' for 'GET' to 'http://localhost:18936/session/e6f274631fc174051fb459de12bfc2d8/alert/text'
16:05:21.134 [Forwarding getAlertText on session e6f274631fc174051fb459de12bfc2d8 to remote] DEBUG org.asynchttpclient.netty.request.NettyRequestSender - Using open Channel [id: 0x698ce72e, L:/127.0.0.1:63763 - R:localhost/127.0.0.1:18936] for GET '/session/e6f274631fc174051fb459de12bfc2d8/alert/text'
16:05:21.136 [AsyncHttpClient-1-2] DEBUG org.asynchttpclient.netty.handler.HttpHandler - 

Request DefaultFullHttpRequest(decodeResult: success, version: HTTP/1.1, content: EmptyByteBufBE)
GET /session/e6f274631fc174051fb459de12bfc2d8/alert/text HTTP/1.1
User-Agent: selenium/4.8.1 (java windows)
Cache-Control: no-cache
Content-Type: application/json; charset=utf-8
host: localhost:18936
accept: */*

Response DefaultHttpResponse(decodeResult: success, version: HTTP/1.1)
HTTP/1.1 404 Not Found
Content-Length: 848
Content-Type: application/json; charset=utf-8
cache-control: no-cache

16:05:21.136 [AsyncHttpClient-1-2] DEBUG org.asynchttpclient.netty.channel.ChannelManager - Adding key: http://localhost:18936 for channel [id: 0x698ce72e, L:/127.0.0.1:63763 - R:localhost/127.0.0.1:18936]
16:05:21.137 [Forwarding getCurrentUrl on session e6f274631fc174051fb459de12bfc2d8 to remote] DEBUG org.asynchttpclient.netty.request.NettyRequestSender - Using pooled Channel '[id: 0x698ce72e, L:/127.0.0.1:63763 - R:localhost/127.0.0.1:18936]' for 'GET' to 'http://localhost:18936/session/e6f274631fc174051fb459de12bfc2d8/url'
16:05:21.137 [Forwarding getCurrentUrl on session e6f274631fc174051fb459de12bfc2d8 to remote] DEBUG org.asynchttpclient.netty.request.NettyRequestSender - Using open Channel [id: 0x698ce72e, L:/127.0.0.1:63763 - R:localhost/127.0.0.1:18936] for GET '/session/e6f274631fc174051fb459de12bfc2d8/url'
16:05:21.141 [AsyncHttpClient-1-2] DEBUG org.asynchttpclient.netty.handler.HttpHandler - 

Request DefaultFullHttpRequest(decodeResult: success, version: HTTP/1.1, content: EmptyByteBufBE)
GET /session/e6f274631fc174051fb459de12bfc2d8/url HTTP/1.1
User-Agent: selenium/4.8.1 (java windows)
Cache-Control: no-cache
Content-Type: application/json; charset=utf-8
host: localhost:18936
accept: */*

Response DefaultHttpResponse(decodeResult: success, version: HTTP/1.1)
HTTP/1.1 200 OK
Content-Length: 54
Content-Type: application/json; charset=utf-8
cache-control: no-cache

16:05:21.141 [AsyncHttpClient-1-2] DEBUG org.asynchttpclient.netty.channel.ChannelManager - Adding key: http://localhost:18936 for channel [id: 0x698ce72e, L:/127.0.0.1:63763 - R:localhost/127.0.0.1:18936]
16:05:21.142 [Forwarding screenshot on session e6f274631fc174051fb459de12bfc2d8 to remote] DEBUG org.asynchttpclient.netty.request.NettyRequestSender - Using pooled Channel '[id: 0x698ce72e, L:/127.0.0.1:63763 - R:localhost/127.0.0.1:18936]' for 'GET' to 'http://localhost:18936/session/e6f274631fc174051fb459de12bfc2d8/screenshot'
16:05:21.142 [Forwarding screenshot on session e6f274631fc174051fb459de12bfc2d8 to remote] DEBUG org.asynchttpclient.netty.request.NettyRequestSender - Using open Channel [id: 0x698ce72e, L:/127.0.0.1:63763 - R:localhost/127.0.0.1:18936] for GET '/session/e6f274631fc174051fb459de12bfc2d8/screenshot'
16:05:21.257 [AsyncHttpClient-1-2] DEBUG org.asynchttpclient.netty.handler.HttpHandler - 

Request DefaultFullHttpRequest(decodeResult: success, version: HTTP/1.1, content: EmptyByteBufBE)
GET /session/e6f274631fc174051fb459de12bfc2d8/screenshot HTTP/1.1
User-Agent: selenium/4.8.1 (java windows)
Cache-Control: no-cache
Content-Type: application/json; charset=utf-8
host: localhost:18936
accept: */*

Response DefaultHttpResponse(decodeResult: success, version: HTTP/1.1)
HTTP/1.1 200 OK
Content-Length: 36188
Content-Type: application/json; charset=utf-8
cache-control: no-cache

16:05:21.257 [AsyncHttpClient-1-2] DEBUG org.asynchttpclient.netty.channel.ChannelManager - Adding key: http://localhost:18936 for channel [id: 0x698ce72e, L:/127.0.0.1:63763 - R:localhost/127.0.0.1:18936]
16:05:21.258 [main] DEBUG net.serenitybdd.core.photography.Darkroom - Send negative for processing for target\site\serenity\b56d87c9f70c0765a4d802cd94de50c9519954f8afcf4a59d58b8651c4342d35.png
16:05:21.259 [Darkroom Processing Line] DEBUG net.serenitybdd.core.photography.DarkroomProcessingLine - Processing screenshot image in /var/screenshots/screenshot-7299663587084008902
16:05:21.259 [Darkroom Processing Line] DEBUG net.serenitybdd.core.photography.DarkroomProcessingLine - Saving screenshot to target\site\serenity\b56d87c9f70c0765a4d802cd94de50c9519954f8afcf4a59d58b8651c4342d35.png
16:05:21.259 [main] INFO  - 
  _____   ___   ___   _____     ___     _     ___   ___   ___   ___  
 |_   _| | __| / __| |_   _|   | _ \   /_\   / __| / __| | __| |   \ 
   | |   | _|  \__ \   | |     |  _/  / _ \  \__ \ \__ \ | _|  | |) |
   |_|   |___| |___/   |_|     |_|   /_/ \_\ |___/ |___/ |___| |___/ 

As a user, I register with a weak password
----------------------------------------------------------------------
16:05:21.260 [AsyncHttpClient-1-4] DEBUG org.asynchttpclient.netty.handler.WebSocketHandler - Channel Closed: [id: 0x8fa50474, L:/127.0.0.1:63771 ! R:localhost/127.0.0.1:63764] with attribute NettyResponseFuture{currentRetry=0,
	isDone=1,
	isCancelled=0,
	asyncHandler=org.asynchttpclient.ws.WebSocketUpgradeHandler@5200fa52,
	nettyRequest=org.asynchttpclient.netty.request.NettyRequest@f18d9cf,
	future=java.util.concurrent.CompletableFuture@4fa33443[Completed normally],
	uri=ws://localhost:63764/devtools/browser/ca86fa1e-c95a-433c-9a13-9678e833982c,
	keepAlive=true,
	redirectCount=0,
	timeoutsHolder=null,
	inAuth=0,
	touch=1683104717857}
16:05:21.261 [AsyncHttpClient-1-4] DEBUG org.asynchttpclient.netty.channel.ChannelManager - Closing Channel [id: 0x8fa50474, L:/127.0.0.1:63771 ! R:localhost/127.0.0.1:63764] 
16:05:21.261 [Driver Command Executor] DEBUG org.asynchttpclient.netty.request.NettyRequestSender - Using pooled Channel '[id: 0x698ce72e, L:/127.0.0.1:63763 - R:localhost/127.0.0.1:18936]' for 'DELETE' to 'http://localhost:18936/session/e6f274631fc174051fb459de12bfc2d8'
16:05:21.261 [Driver Command Executor] DEBUG org.asynchttpclient.netty.request.NettyRequestSender - Using open Channel [id: 0x698ce72e, L:/127.0.0.1:63763 - R:localhost/127.0.0.1:18936] for DELETE '/session/e6f274631fc174051fb459de12bfc2d8'
16:05:21.319 [AsyncHttpClient-1-3] DEBUG org.asynchttpclient.netty.handler.HttpHandler - Unexpected I/O exception on channel [id: 0x82375f7f, L:/127.0.0.1:63770 - R:localhost/127.0.0.1:63764]
java.io.IOException: An existing connection was forcibly closed by the remote host
	at sun.nio.ch.SocketDispatcher.read0(Native Method)
	at sun.nio.ch.SocketDispatcher.read(SocketDispatcher.java:43)
	at sun.nio.ch.IOUtil.readIntoNativeBuffer(IOUtil.java:223)
	at sun.nio.ch.IOUtil.read(IOUtil.java:192)
	at sun.nio.ch.SocketChannelImpl.read(SocketChannelImpl.java:378)
	at io.netty.buffer.PooledByteBuf.setBytes(PooledByteBuf.java:259)
	at io.netty.buffer.AbstractByteBuf.writeBytes(AbstractByteBuf.java:1132)
	at io.netty.channel.socket.nio.NioSocketChannel.doReadBytes(NioSocketChannel.java:357)
	at io.netty.channel.nio.AbstractNioByteChannel$NioByteUnsafe.read(AbstractNioByteChannel.java:151)
	at io.netty.channel.nio.NioEventLoop.processSelectedKey(NioEventLoop.java:788)
	at io.netty.channel.nio.NioEventLoop.processSelectedKeysOptimized(NioEventLoop.java:724)
	at io.netty.channel.nio.NioEventLoop.processSelectedKeys(NioEventLoop.java:650)
	at io.netty.channel.nio.NioEventLoop.run(NioEventLoop.java:562)
	at io.netty.util.concurrent.SingleThreadEventExecutor$4.run(SingleThreadEventExecutor.java:997)
	at io.netty.util.internal.ThreadExecutorMap$2.run(ThreadExecutorMap.java:74)
	at io.netty.util.concurrent.FastThreadLocalRunnable.run(FastThreadLocalRunnable.java:30)
	at java.lang.Thread.run(Thread.java:748)
16:05:21.319 [AsyncHttpClient-1-3] DEBUG org.asynchttpclient.netty.channel.ChannelManager - Closing Channel [id: 0x82375f7f, L:/127.0.0.1:63770 - R:localhost/127.0.0.1:63764] 
16:05:21.319 [AsyncHttpClient-1-3] DEBUG org.asynchttpclient.netty.handler.HttpHandler - Channel Closed: [id: 0x82375f7f, L:/127.0.0.1:63770 ! R:localhost/127.0.0.1:63764] with attribute DISCARD
16:05:21.364 [AsyncHttpClient-1-2] DEBUG org.asynchttpclient.netty.handler.HttpHandler - 

Request DefaultFullHttpRequest(decodeResult: success, version: HTTP/1.1, content: EmptyByteBufBE)
DELETE /session/e6f274631fc174051fb459de12bfc2d8 HTTP/1.1
User-Agent: selenium/4.8.1 (java windows)
Content-Type: application/json; charset=utf-8
host: localhost:18936
accept: */*

Response DefaultHttpResponse(decodeResult: success, version: HTTP/1.1)
HTTP/1.1 200 OK
Content-Length: 14
Content-Type: application/json; charset=utf-8
cache-control: no-cache

16:05:21.365 [AsyncHttpClient-1-2] DEBUG org.asynchttpclient.netty.channel.ChannelManager - Adding key: http://localhost:18936 for channel [id: 0x698ce72e, L:/127.0.0.1:63763 - R:localhost/127.0.0.1:18936]
16:05:21.441 [AsyncHttpClient-1-2] DEBUG org.asynchttpclient.netty.handler.HttpHandler - Channel Closed: [id: 0x698ce72e, L:/127.0.0.1:63763 ! R:localhost/127.0.0.1:18936] with attribute DISCARD
16:05:21.881 [AsyncHttpClient-1-1] DEBUG org.asynchttpclient.netty.channel.DefaultChannelPool - Entry count for : http://localhost:63764 : 1
16:05:21.881 [AsyncHttpClient-1-1] DEBUG org.asynchttpclient.netty.channel.DefaultChannelPool - Entry count for : http://localhost:18936 : 1
16:05:21.881 [AsyncHttpClient-1-1] DEBUG org.asynchttpclient.netty.channel.DefaultChannelPool - Adding Candidate expired Channel [id: 0x82375f7f, L:/127.0.0.1:63770 ! R:localhost/127.0.0.1:63764] isIdleTimeoutExpired=false isRemotelyClosed=true isTtlExpired=false
16:05:21.881 [AsyncHttpClient-1-1] DEBUG org.asynchttpclient.netty.channel.DefaultChannelPool - Closing Idle Channel [id: 0x82375f7f, L:/127.0.0.1:63770 ! R:localhost/127.0.0.1:63764]
16:05:21.881 [AsyncHttpClient-1-1] DEBUG org.asynchttpclient.netty.channel.DefaultChannelPool - Adding Candidate expired Channel [id: 0x698ce72e, L:/127.0.0.1:63763 ! R:localhost/127.0.0.1:18936] isIdleTimeoutExpired=false isRemotelyClosed=true isTtlExpired=false
16:05:21.881 [AsyncHttpClient-1-1] DEBUG org.asynchttpclient.netty.channel.DefaultChannelPool - Closing Idle Channel [id: 0x698ce72e, L:/127.0.0.1:63763 ! R:localhost/127.0.0.1:18936]
16:05:21.881 [AsyncHttpClient-1-1] DEBUG org.asynchttpclient.netty.channel.DefaultChannelPool - Closed 2 connections out of 2 in 0 ms
]]></system-out>
    <system-err><![CDATA[Starting ChromeDriver 112.0.5615.49 (bd2a7bcb881c11e8cfe3078709382934e3916914-refs/branch-heads/5615@{#936}) on port 18936
Only local connections are allowed.
Please see https://chromedriver.chromium.org/security-considerations for suggestions on keeping ChromeDriver safe.
ChromeDriver was started successfully.
May 03, 2023 4:05:17 PM org.openqa.selenium.devtools.CdpVersionFinder findNearestMatch
WARNING: Unable to find an exact match for CDP version 112, so returning the closest version found: 110
]]></system-err>
  </testcase>
  <testcase name="As a user, I register without filling name or email or password field" classname="Register - As a user I want to login So that I have to register account" time="4.93">
    <system-out><![CDATA[
@TC_Register_004
Scenario: As a user, I register without filling name or email or password field &amp#27;[90m# src/test/resources/features/Register.feature:37&amp#27;[0m
16:05:21.964 [main] DEBUG io.cucumber.core.plugin.SerenityReporter - Running feature from file:///C:/Users/user/Downloads/QE_Devi-Agustin-Utari/Mini%20Project/Source_Mini_Project/Web_Automation_AltaShop/src/test/resources/features/Register.feature
16:05:21.967 [main] INFO  - 
  _____   ___   ___   _____     ___   _____     _     ___   _____   ___   ___  
 |_   _| | __| / __| |_   _|   / __| |_   _|   /_\   | _ \ |_   _| | __| |   \ 
   | |   | _|  \__ \   | |     \__ \   | |    / _ \  |   /   | |   | _|  | |) |
   |_|   |___| |___/   |_|     |___/   |_|   /_/ \_\ |_|_\   |_|   |___| |___/ 

As a user, I register without filling name or email or password field(register---as-a-user-i-want-to-login-so-that-i-have-to-register-account;as-a-user--i-register-without-filling-name-or-email-or-password-field)
--------------------------------------------------------------------------------
16:05:21.987 [main] DEBUG net.thucydides.core.steps.StepInterceptor - STARTING STEP: RegisterStep.userOnLoginHomepage - user on login homepage
16:05:22.041 [main] INFO net.serenitybdd.core.webdriver.driverproviders.ChromeDriverProvider - Starting Chrome driver instance with capabilities:
16:05:22.042 [main] INFO net.serenitybdd.core.webdriver.driverproviders.ChromeDriverProvider - Capabilities {acceptInsecureCerts: true, browserName: chrome, goog:chromeOptions: {args: [remote-allow-origins=*, test-type, no-sandbox, ignore-certificate-errors, start-maximized, incognito, disable-infobars, disable-gpu, disable-default-apps, disable-popup-blocking, remote-allow-origins=*, test-type, no-sandbox, ignore-certificate-errors, start-maximized, incognito, disable-infobars, disable-gpu, disable-default-apps, disable-popup-blocking, remote-allow-origins=*], extensions: []}}
16:05:22.107 [AsyncHttpClient-1-5] DEBUG org.asynchttpclient.netty.channel.NettyConnectListener - Using new Channel '[id: 0x8232aea4, L:/127.0.0.1:63786 - R:localhost/127.0.0.1:18168]' for 'POST' to '/session'
16:05:23.090 [AsyncHttpClient-1-5] DEBUG org.asynchttpclient.netty.handler.HttpHandler - 

Request DefaultHttpRequest(decodeResult: success, version: HTTP/1.1)
POST /session HTTP/1.1
User-Agent: selenium/4.8.1 (java windows)
Content-Length: 1701
Content-Type: application/json; charset=utf-8
host: localhost:18168
accept: */*

Response DefaultHttpResponse(decodeResult: success, version: HTTP/1.1)
HTTP/1.1 200 OK
Content-Length: 843
Content-Type: application/json; charset=utf-8
cache-control: no-cache

16:05:23.090 [AsyncHttpClient-1-5] DEBUG org.asynchttpclient.netty.channel.ChannelManager - Adding key: http://localhost:18168 for channel [id: 0x8232aea4, L:/127.0.0.1:63786 - R:localhost/127.0.0.1:18168]
16:05:23.116 [AsyncHttpClient-1-6] DEBUG org.asynchttpclient.netty.channel.NettyConnectListener - Using new Channel '[id: 0x7346ca4f, L:/127.0.0.1:63793 - R:localhost/127.0.0.1:63788]' for 'GET' to '/json/version'
16:05:23.118 [AsyncHttpClient-1-6] DEBUG org.asynchttpclient.netty.handler.HttpHandler - 

Request DefaultFullHttpRequest(decodeResult: success, version: HTTP/1.1, content: EmptyByteBufBE)
GET /json/version HTTP/1.1
User-Agent: selenium/4.8.1 (java windows)
host: localhost:63788
accept: */*

Response DefaultHttpResponse(decodeResult: success, version: HTTP/1.1)
HTTP/1.1 200 OK
Content-Security-Policy: frame-ancestors 'none'
Content-Length: 424
Content-Type: application/json; charset=UTF-8

16:05:23.118 [AsyncHttpClient-1-6] DEBUG org.asynchttpclient.netty.channel.ChannelManager - Adding key: http://localhost:63788 for channel [id: 0x7346ca4f, L:/127.0.0.1:63793 - R:localhost/127.0.0.1:63788]
16:05:23.122 [AsyncHttpClient-1-7] DEBUG org.asynchttpclient.netty.channel.NettyConnectListener - Using new Channel '[id: 0x28a23f65, L:/127.0.0.1:63794 - R:localhost/127.0.0.1:63788]' for 'GET' to '/devtools/browser/6b78ee8e-9ca4-4dce-a412-940109b35627'
16:05:23.123 [AsyncHttpClient-1-7] DEBUG org.asynchttpclient.netty.handler.WebSocketHandler - 

Request DefaultFullHttpRequest(decodeResult: success, version: HTTP/1.1, content: EmptyByteBufBE)
GET /devtools/browser/6b78ee8e-9ca4-4dce-a412-940109b35627 HTTP/1.1
upgrade: websocket
connection: upgrade
sec-websocket-key: X7TiYUQL1ypju+Ah/3tskw==
sec-websocket-version: 13
origin: http://localhost:63788
host: localhost:63788
accept: */*
user-agent: AHC/2.1

Response DefaultHttpResponse(decodeResult: success, version: HTTP/1.1)
HTTP/1.1 101 WebSocket Protocol Handshake
Upgrade: WebSocket
Connection: Upgrade
Sec-WebSocket-Accept: 9avyJZUc6MihKX43vDOLGvLeyIA=

16:05:23.138 [Forwarding get on session a4d3000ef5682e6f0e9ae56e72be6b6a to remote] DEBUG org.asynchttpclient.netty.request.NettyRequestSender - Using pooled Channel '[id: 0x8232aea4, L:/127.0.0.1:63786 - R:localhost/127.0.0.1:18168]' for 'POST' to 'http://localhost:18168/session/a4d3000ef5682e6f0e9ae56e72be6b6a/url'
16:05:23.138 [Forwarding get on session a4d3000ef5682e6f0e9ae56e72be6b6a to remote] DEBUG org.asynchttpclient.netty.request.NettyRequestSender - Using open Channel [id: 0x8232aea4, L:/127.0.0.1:63786 - R:localhost/127.0.0.1:18168] for POST '/session/a4d3000ef5682e6f0e9ae56e72be6b6a/url'
16:05:24.080 [AsyncHttpClient-1-1] DEBUG org.asynchttpclient.netty.channel.DefaultChannelPool - Entry count for : http://localhost:63788 : 1
16:05:24.720 [AsyncHttpClient-1-5] DEBUG org.asynchttpclient.netty.handler.HttpHandler - 

Request DefaultHttpRequest(decodeResult: success, version: HTTP/1.1)
POST /session/a4d3000ef5682e6f0e9ae56e72be6b6a/url HTTP/1.1
User-Agent: selenium/4.8.1 (java windows)
Content-Length: 74
Content-Type: application/json; charset=utf-8
host: localhost:18168
accept: */*

Response DefaultHttpResponse(decodeResult: success, version: HTTP/1.1)
HTTP/1.1 200 OK
Content-Length: 14
Content-Type: application/json; charset=utf-8
cache-control: no-cache

16:05:24.720 [AsyncHttpClient-1-5] DEBUG org.asynchttpclient.netty.channel.ChannelManager - Adding key: http://localhost:18168 for channel [id: 0x8232aea4, L:/127.0.0.1:63786 - R:localhost/127.0.0.1:18168]
16:05:24.721 [Forwarding setTimeout on session a4d3000ef5682e6f0e9ae56e72be6b6a to remote] DEBUG org.asynchttpclient.netty.request.NettyRequestSender - Using pooled Channel '[id: 0x8232aea4, L:/127.0.0.1:63786 - R:localhost/127.0.0.1:18168]' for 'POST' to 'http://localhost:18168/session/a4d3000ef5682e6f0e9ae56e72be6b6a/timeouts'
16:05:24.721 [Forwarding setTimeout on session a4d3000ef5682e6f0e9ae56e72be6b6a to remote] DEBUG org.asynchttpclient.netty.request.NettyRequestSender - Using open Channel [id: 0x8232aea4, L:/127.0.0.1:63786 - R:localhost/127.0.0.1:18168] for POST '/session/a4d3000ef5682e6f0e9ae56e72be6b6a/timeouts'
16:05:24.721 [AsyncHttpClient-1-5] DEBUG org.asynchttpclient.netty.handler.HttpHandler - 

Request DefaultHttpRequest(decodeResult: success, version: HTTP/1.1)
POST /session/a4d3000ef5682e6f0e9ae56e72be6b6a/timeouts HTTP/1.1
User-Agent: selenium/4.8.1 (java windows)
Content-Length: 22
Content-Type: application/json; charset=utf-8
host: localhost:18168
accept: */*

Response DefaultHttpResponse(decodeResult: success, version: HTTP/1.1)
HTTP/1.1 200 OK
Content-Length: 14
Content-Type: application/json; charset=utf-8
cache-control: no-cache

16:05:24.721 [AsyncHttpClient-1-5] DEBUG org.asynchttpclient.netty.channel.ChannelManager - Adding key: http://localhost:18168 for channel [id: 0x8232aea4, L:/127.0.0.1:63786 - R:localhost/127.0.0.1:18168]
16:05:24.728 [Forwarding findElement on session a4d3000ef5682e6f0e9ae56e72be6b6a to remote] DEBUG org.asynchttpclient.netty.request.NettyRequestSender - Using pooled Channel '[id: 0x8232aea4, L:/127.0.0.1:63786 - R:localhost/127.0.0.1:18168]' for 'POST' to 'http://localhost:18168/session/a4d3000ef5682e6f0e9ae56e72be6b6a/element'
16:05:24.728 [Forwarding findElement on session a4d3000ef5682e6f0e9ae56e72be6b6a to remote] DEBUG org.asynchttpclient.netty.request.NettyRequestSender - Using open Channel [id: 0x8232aea4, L:/127.0.0.1:63786 - R:localhost/127.0.0.1:18168] for POST '/session/a4d3000ef5682e6f0e9ae56e72be6b6a/element'
16:05:24.741 [AsyncHttpClient-1-5] DEBUG org.asynchttpclient.netty.handler.HttpHandler - 

Request DefaultHttpRequest(decodeResult: success, version: HTTP/1.1)
POST /session/a4d3000ef5682e6f0e9ae56e72be6b6a/element HTTP/1.1
User-Agent: selenium/4.8.1 (java windows)
Content-Length: 69
Content-Type: application/json; charset=utf-8
host: localhost:18168
accept: */*

Response DefaultHttpResponse(decodeResult: success, version: HTTP/1.1)
HTTP/1.1 200 OK
Content-Length: 88
Content-Type: application/json; charset=utf-8
cache-control: no-cache

16:05:24.741 [AsyncHttpClient-1-5] DEBUG org.asynchttpclient.netty.channel.ChannelManager - Adding key: http://localhost:18168 for channel [id: 0x8232aea4, L:/127.0.0.1:63786 - R:localhost/127.0.0.1:18168]
16:05:24.743 [Forwarding isElementDisplayed on session a4d3000ef5682e6f0e9ae56e72be6b6a to remote] DEBUG org.asynchttpclient.netty.request.NettyRequestSender - Using pooled Channel '[id: 0x8232aea4, L:/127.0.0.1:63786 - R:localhost/127.0.0.1:18168]' for 'POST' to 'http://localhost:18168/session/a4d3000ef5682e6f0e9ae56e72be6b6a/execute/sync'
16:05:24.743 [Forwarding isElementDisplayed on session a4d3000ef5682e6f0e9ae56e72be6b6a to remote] DEBUG org.asynchttpclient.netty.request.NettyRequestSender - Using open Channel [id: 0x8232aea4, L:/127.0.0.1:63786 - R:localhost/127.0.0.1:18168] for POST '/session/a4d3000ef5682e6f0e9ae56e72be6b6a/execute/sync'
16:05:24.758 [AsyncHttpClient-1-5] DEBUG org.asynchttpclient.netty.handler.HttpHandler - 

Request DefaultHttpRequest(decodeResult: success, version: HTTP/1.1)
POST /session/a4d3000ef5682e6f0e9ae56e72be6b6a/execute/sync HTTP/1.1
User-Agent: selenium/4.8.1 (java windows)
Content-Length: 48807
Content-Type: application/json; charset=utf-8
host: localhost:18168
accept: */*

Response DefaultHttpResponse(decodeResult: success, version: HTTP/1.1)
HTTP/1.1 200 OK
Content-Length: 14
Content-Type: application/json; charset=utf-8
cache-control: no-cache

16:05:24.758 [AsyncHttpClient-1-5] DEBUG org.asynchttpclient.netty.channel.ChannelManager - Adding key: http://localhost:18168 for channel [id: 0x8232aea4, L:/127.0.0.1:63786 - R:localhost/127.0.0.1:18168]
16:05:24.761 [Forwarding getAlertText on session a4d3000ef5682e6f0e9ae56e72be6b6a to remote] DEBUG org.asynchttpclient.netty.request.NettyRequestSender - Using pooled Channel '[id: 0x8232aea4, L:/127.0.0.1:63786 - R:localhost/127.0.0.1:18168]' for 'GET' to 'http://localhost:18168/session/a4d3000ef5682e6f0e9ae56e72be6b6a/alert/text'
16:05:24.761 [Forwarding getAlertText on session a4d3000ef5682e6f0e9ae56e72be6b6a to remote] DEBUG org.asynchttpclient.netty.request.NettyRequestSender - Using open Channel [id: 0x8232aea4, L:/127.0.0.1:63786 - R:localhost/127.0.0.1:18168] for GET '/session/a4d3000ef5682e6f0e9ae56e72be6b6a/alert/text'
16:05:24.763 [AsyncHttpClient-1-5] DEBUG org.asynchttpclient.netty.handler.HttpHandler - 

Request DefaultFullHttpRequest(decodeResult: success, version: HTTP/1.1, content: EmptyByteBufBE)
GET /session/a4d3000ef5682e6f0e9ae56e72be6b6a/alert/text HTTP/1.1
User-Agent: selenium/4.8.1 (java windows)
Cache-Control: no-cache
Content-Type: application/json; charset=utf-8
host: localhost:18168
accept: */*

Response DefaultHttpResponse(decodeResult: success, version: HTTP/1.1)
HTTP/1.1 404 Not Found
Content-Length: 848
Content-Type: application/json; charset=utf-8
cache-control: no-cache

16:05:24.763 [AsyncHttpClient-1-5] DEBUG org.asynchttpclient.netty.channel.ChannelManager - Adding key: http://localhost:18168 for channel [id: 0x8232aea4, L:/127.0.0.1:63786 - R:localhost/127.0.0.1:18168]
16:05:24.764 [Forwarding getCurrentUrl on session a4d3000ef5682e6f0e9ae56e72be6b6a to remote] DEBUG org.asynchttpclient.netty.request.NettyRequestSender - Using pooled Channel '[id: 0x8232aea4, L:/127.0.0.1:63786 - R:localhost/127.0.0.1:18168]' for 'GET' to 'http://localhost:18168/session/a4d3000ef5682e6f0e9ae56e72be6b6a/url'
16:05:24.764 [Forwarding getCurrentUrl on session a4d3000ef5682e6f0e9ae56e72be6b6a to remote] DEBUG org.asynchttpclient.netty.request.NettyRequestSender - Using open Channel [id: 0x8232aea4, L:/127.0.0.1:63786 - R:localhost/127.0.0.1:18168] for GET '/session/a4d3000ef5682e6f0e9ae56e72be6b6a/url'
16:05:24.768 [AsyncHttpClient-1-5] DEBUG org.asynchttpclient.netty.handler.HttpHandler - 

Request DefaultFullHttpRequest(decodeResult: success, version: HTTP/1.1, content: EmptyByteBufBE)
GET /session/a4d3000ef5682e6f0e9ae56e72be6b6a/url HTTP/1.1
User-Agent: selenium/4.8.1 (java windows)
Cache-Control: no-cache
Content-Type: application/json; charset=utf-8
host: localhost:18168
accept: */*

Response DefaultHttpResponse(decodeResult: success, version: HTTP/1.1)
HTTP/1.1 200 OK
Content-Length: 51
Content-Type: application/json; charset=utf-8
cache-control: no-cache

16:05:24.768 [AsyncHttpClient-1-5] DEBUG org.asynchttpclient.netty.channel.ChannelManager - Adding key: http://localhost:18168 for channel [id: 0x8232aea4, L:/127.0.0.1:63786 - R:localhost/127.0.0.1:18168]
16:05:24.768 [Forwarding screenshot on session a4d3000ef5682e6f0e9ae56e72be6b6a to remote] DEBUG org.asynchttpclient.netty.request.NettyRequestSender - Using pooled Channel '[id: 0x8232aea4, L:/127.0.0.1:63786 - R:localhost/127.0.0.1:18168]' for 'GET' to 'http://localhost:18168/session/a4d3000ef5682e6f0e9ae56e72be6b6a/screenshot'
16:05:24.768 [Forwarding screenshot on session a4d3000ef5682e6f0e9ae56e72be6b6a to remote] DEBUG org.asynchttpclient.netty.request.NettyRequestSender - Using open Channel [id: 0x8232aea4, L:/127.0.0.1:63786 - R:localhost/127.0.0.1:18168] for GET '/session/a4d3000ef5682e6f0e9ae56e72be6b6a/screenshot'
16:05:24.833 [AsyncHttpClient-1-5] DEBUG org.asynchttpclient.netty.handler.HttpHandler - 

Request DefaultFullHttpRequest(decodeResult: success, version: HTTP/1.1, content: EmptyByteBufBE)
GET /session/a4d3000ef5682e6f0e9ae56e72be6b6a/screenshot HTTP/1.1
User-Agent: selenium/4.8.1 (java windows)
Cache-Control: no-cache
Content-Type: application/json; charset=utf-8
host: localhost:18168
accept: */*

Response DefaultHttpResponse(decodeResult: success, version: HTTP/1.1)
HTTP/1.1 200 OK
Content-Length: 25060
Content-Type: application/json; charset=utf-8
cache-control: no-cache

16:05:24.833 [AsyncHttpClient-1-5] DEBUG org.asynchttpclient.netty.channel.ChannelManager - Adding key: http://localhost:18168 for channel [id: 0x8232aea4, L:/127.0.0.1:63786 - R:localhost/127.0.0.1:18168]
16:05:24.834 [main] DEBUG net.serenitybdd.core.photography.Darkroom - Send negative for processing for target\site\serenity\1db263dd5c04c8fe15e82ee6420144d4e1e7b9826b9315cfd7ec5b5d0da76045.png
16:05:24.834 [main] DEBUG net.thucydides.core.steps.StepInterceptor - STEP DONE: user on login homepage
  &amp#27;[32mGiven &amp#27;[0m&amp#27;[32muser on login homepage&amp#27;[0m                                                  &amp#27;[90m# starter.stepdefinition.RegisterStep.userOnLoginHomepage()&amp#27;[0m
16:05:24.841 [main] DEBUG net.thucydides.core.steps.StepInterceptor - STARTING STEP: RegisterStep.userClickRegister - user click register
16:05:24.844 [Forwarding findElement on session a4d3000ef5682e6f0e9ae56e72be6b6a to remote] DEBUG org.asynchttpclient.netty.request.NettyRequestSender - Using pooled Channel '[id: 0x8232aea4, L:/127.0.0.1:63786 - R:localhost/127.0.0.1:18168]' for 'POST' to 'http://localhost:18168/session/a4d3000ef5682e6f0e9ae56e72be6b6a/element'
16:05:24.844 [Forwarding findElement on session a4d3000ef5682e6f0e9ae56e72be6b6a to remote] DEBUG org.asynchttpclient.netty.request.NettyRequestSender - Using open Channel [id: 0x8232aea4, L:/127.0.0.1:63786 - R:localhost/127.0.0.1:18168] for POST '/session/a4d3000ef5682e6f0e9ae56e72be6b6a/element'
16:05:24.857 [AsyncHttpClient-1-5] DEBUG org.asynchttpclient.netty.handler.HttpHandler - 

Request DefaultHttpRequest(decodeResult: success, version: HTTP/1.1)
POST /session/a4d3000ef5682e6f0e9ae56e72be6b6a/element HTTP/1.1
User-Agent: selenium/4.8.1 (java windows)
Content-Length: 84
Content-Type: application/json; charset=utf-8
host: localhost:18168
accept: */*

Response DefaultHttpResponse(decodeResult: success, version: HTTP/1.1)
HTTP/1.1 200 OK
Content-Length: 88
Content-Type: application/json; charset=utf-8
cache-control: no-cache

16:05:24.857 [AsyncHttpClient-1-5] DEBUG org.asynchttpclient.netty.channel.ChannelManager - Adding key: http://localhost:18168 for channel [id: 0x8232aea4, L:/127.0.0.1:63786 - R:localhost/127.0.0.1:18168]
16:05:24.858 [Forwarding getElementTagName on session a4d3000ef5682e6f0e9ae56e72be6b6a to remote] DEBUG org.asynchttpclient.netty.request.NettyRequestSender - Using pooled Channel '[id: 0x8232aea4, L:/127.0.0.1:63786 - R:localhost/127.0.0.1:18168]' for 'GET' to 'http://localhost:18168/session/a4d3000ef5682e6f0e9ae56e72be6b6a/element/0ea178a9-c816-4aae-a8f4-09ad527ebaec/name'
16:05:24.858 [Forwarding getElementTagName on session a4d3000ef5682e6f0e9ae56e72be6b6a to remote] DEBUG org.asynchttpclient.netty.request.NettyRequestSender - Using open Channel [id: 0x8232aea4, L:/127.0.0.1:63786 - R:localhost/127.0.0.1:18168] for GET '/session/a4d3000ef5682e6f0e9ae56e72be6b6a/element/0ea178a9-c816-4aae-a8f4-09ad527ebaec/name'
16:05:24.862 [AsyncHttpClient-1-5] DEBUG org.asynchttpclient.netty.handler.HttpHandler - 

Request DefaultFullHttpRequest(decodeResult: success, version: HTTP/1.1, content: EmptyByteBufBE)
GET /session/a4d3000ef5682e6f0e9ae56e72be6b6a/element/0ea178a9-c816-4aae-a8f4-09ad527ebaec/name HTTP/1.1
User-Agent: selenium/4.8.1 (java windows)
Cache-Control: no-cache
Content-Type: application/json; charset=utf-8
host: localhost:18168
accept: */*

Response DefaultHttpResponse(decodeResult: success, version: HTTP/1.1)
HTTP/1.1 200 OK
Content-Length: 13
Content-Type: application/json; charset=utf-8
cache-control: no-cache

16:05:24.863 [AsyncHttpClient-1-5] DEBUG org.asynchttpclient.netty.channel.ChannelManager - Adding key: http://localhost:18168 for channel [id: 0x8232aea4, L:/127.0.0.1:63786 - R:localhost/127.0.0.1:18168]
16:05:24.864 [Forwarding getElementTagName on session a4d3000ef5682e6f0e9ae56e72be6b6a to remote] DEBUG org.asynchttpclient.netty.request.NettyRequestSender - Using pooled Channel '[id: 0x8232aea4, L:/127.0.0.1:63786 - R:localhost/127.0.0.1:18168]' for 'GET' to 'http://localhost:18168/session/a4d3000ef5682e6f0e9ae56e72be6b6a/element/0ea178a9-c816-4aae-a8f4-09ad527ebaec/name'
16:05:24.864 [Forwarding getElementTagName on session a4d3000ef5682e6f0e9ae56e72be6b6a to remote] DEBUG org.asynchttpclient.netty.request.NettyRequestSender - Using open Channel [id: 0x8232aea4, L:/127.0.0.1:63786 - R:localhost/127.0.0.1:18168] for GET '/session/a4d3000ef5682e6f0e9ae56e72be6b6a/element/0ea178a9-c816-4aae-a8f4-09ad527ebaec/name'
16:05:24.867 [AsyncHttpClient-1-5] DEBUG org.asynchttpclient.netty.handler.HttpHandler - 

Request DefaultFullHttpRequest(decodeResult: success, version: HTTP/1.1, content: EmptyByteBufBE)
GET /session/a4d3000ef5682e6f0e9ae56e72be6b6a/element/0ea178a9-c816-4aae-a8f4-09ad527ebaec/name HTTP/1.1
User-Agent: selenium/4.8.1 (java windows)
Cache-Control: no-cache
Content-Type: application/json; charset=utf-8
host: localhost:18168
accept: */*

Response DefaultHttpResponse(decodeResult: success, version: HTTP/1.1)
HTTP/1.1 200 OK
Content-Length: 13
Content-Type: application/json; charset=utf-8
cache-control: no-cache

16:05:24.867 [AsyncHttpClient-1-5] DEBUG org.asynchttpclient.netty.channel.ChannelManager - Adding key: http://localhost:18168 for channel [id: 0x8232aea4, L:/127.0.0.1:63786 - R:localhost/127.0.0.1:18168]
16:05:24.869 [Forwarding findElement on session a4d3000ef5682e6f0e9ae56e72be6b6a to remote] DEBUG org.asynchttpclient.netty.request.NettyRequestSender - Using pooled Channel '[id: 0x8232aea4, L:/127.0.0.1:63786 - R:localhost/127.0.0.1:18168]' for 'POST' to 'http://localhost:18168/session/a4d3000ef5682e6f0e9ae56e72be6b6a/element'
16:05:24.869 [Forwarding findElement on session a4d3000ef5682e6f0e9ae56e72be6b6a to remote] DEBUG org.asynchttpclient.netty.request.NettyRequestSender - Using open Channel [id: 0x8232aea4, L:/127.0.0.1:63786 - R:localhost/127.0.0.1:18168] for POST '/session/a4d3000ef5682e6f0e9ae56e72be6b6a/element'
16:05:24.877 [AsyncHttpClient-1-5] DEBUG org.asynchttpclient.netty.handler.HttpHandler - 

Request DefaultHttpRequest(decodeResult: success, version: HTTP/1.1)
POST /session/a4d3000ef5682e6f0e9ae56e72be6b6a/element HTTP/1.1
User-Agent: selenium/4.8.1 (java windows)
Content-Length: 84
Content-Type: application/json; charset=utf-8
host: localhost:18168
accept: */*

Response DefaultHttpResponse(decodeResult: success, version: HTTP/1.1)
HTTP/1.1 200 OK
Content-Length: 88
Content-Type: application/json; charset=utf-8
cache-control: no-cache

16:05:24.877 [AsyncHttpClient-1-5] DEBUG org.asynchttpclient.netty.channel.ChannelManager - Adding key: http://localhost:18168 for channel [id: 0x8232aea4, L:/127.0.0.1:63786 - R:localhost/127.0.0.1:18168]
16:05:24.878 [Forwarding clickElement on session a4d3000ef5682e6f0e9ae56e72be6b6a to remote] DEBUG org.asynchttpclient.netty.request.NettyRequestSender - Using pooled Channel '[id: 0x8232aea4, L:/127.0.0.1:63786 - R:localhost/127.0.0.1:18168]' for 'POST' to 'http://localhost:18168/session/a4d3000ef5682e6f0e9ae56e72be6b6a/element/0ea178a9-c816-4aae-a8f4-09ad527ebaec/click'
16:05:24.878 [Forwarding clickElement on session a4d3000ef5682e6f0e9ae56e72be6b6a to remote] DEBUG org.asynchttpclient.netty.request.NettyRequestSender - Using open Channel [id: 0x8232aea4, L:/127.0.0.1:63786 - R:localhost/127.0.0.1:18168] for POST '/session/a4d3000ef5682e6f0e9ae56e72be6b6a/element/0ea178a9-c816-4aae-a8f4-09ad527ebaec/click'
16:05:24.917 [AsyncHttpClient-1-5] DEBUG org.asynchttpclient.netty.handler.HttpHandler - 

Request DefaultHttpRequest(decodeResult: success, version: HTTP/1.1)
POST /session/a4d3000ef5682e6f0e9ae56e72be6b6a/element/0ea178a9-c816-4aae-a8f4-09ad527ebaec/click HTTP/1.1
User-Agent: selenium/4.8.1 (java windows)
Content-Length: 50
Content-Type: application/json; charset=utf-8
host: localhost:18168
accept: */*

Response DefaultHttpResponse(decodeResult: success, version: HTTP/1.1)
HTTP/1.1 200 OK
Content-Length: 14
Content-Type: application/json; charset=utf-8
cache-control: no-cache

16:05:24.917 [AsyncHttpClient-1-5] DEBUG org.asynchttpclient.netty.channel.ChannelManager - Adding key: http://localhost:18168 for channel [id: 0x8232aea4, L:/127.0.0.1:63786 - R:localhost/127.0.0.1:18168]
16:05:24.929 [Forwarding getAlertText on session a4d3000ef5682e6f0e9ae56e72be6b6a to remote] DEBUG org.asynchttpclient.netty.request.NettyRequestSender - Using pooled Channel '[id: 0x8232aea4, L:/127.0.0.1:63786 - R:localhost/127.0.0.1:18168]' for 'GET' to 'http://localhost:18168/session/a4d3000ef5682e6f0e9ae56e72be6b6a/alert/text'
16:05:24.929 [Forwarding getAlertText on session a4d3000ef5682e6f0e9ae56e72be6b6a to remote] DEBUG org.asynchttpclient.netty.request.NettyRequestSender - Using open Channel [id: 0x8232aea4, L:/127.0.0.1:63786 - R:localhost/127.0.0.1:18168] for GET '/session/a4d3000ef5682e6f0e9ae56e72be6b6a/alert/text'
16:05:24.952 [AsyncHttpClient-1-5] DEBUG org.asynchttpclient.netty.handler.HttpHandler - 

Request DefaultFullHttpRequest(decodeResult: success, version: HTTP/1.1, content: EmptyByteBufBE)
GET /session/a4d3000ef5682e6f0e9ae56e72be6b6a/alert/text HTTP/1.1
User-Agent: selenium/4.8.1 (java windows)
Cache-Control: no-cache
Content-Type: application/json; charset=utf-8
host: localhost:18168
accept: */*

Response DefaultHttpResponse(decodeResult: success, version: HTTP/1.1)
HTTP/1.1 404 Not Found
Content-Length: 848
Content-Type: application/json; charset=utf-8
cache-control: no-cache

16:05:24.952 [AsyncHttpClient-1-5] DEBUG org.asynchttpclient.netty.channel.ChannelManager - Adding key: http://localhost:18168 for channel [id: 0x8232aea4, L:/127.0.0.1:63786 - R:localhost/127.0.0.1:18168]
16:05:24.953 [Forwarding getCurrentUrl on session a4d3000ef5682e6f0e9ae56e72be6b6a to remote] DEBUG org.asynchttpclient.netty.request.NettyRequestSender - Using pooled Channel '[id: 0x8232aea4, L:/127.0.0.1:63786 - R:localhost/127.0.0.1:18168]' for 'GET' to 'http://localhost:18168/session/a4d3000ef5682e6f0e9ae56e72be6b6a/url'
16:05:24.953 [Forwarding getCurrentUrl on session a4d3000ef5682e6f0e9ae56e72be6b6a to remote] DEBUG org.asynchttpclient.netty.request.NettyRequestSender - Using open Channel [id: 0x8232aea4, L:/127.0.0.1:63786 - R:localhost/127.0.0.1:18168] for GET '/session/a4d3000ef5682e6f0e9ae56e72be6b6a/url'
16:05:24.964 [AsyncHttpClient-1-5] DEBUG org.asynchttpclient.netty.handler.HttpHandler - 

Request DefaultFullHttpRequest(decodeResult: success, version: HTTP/1.1, content: EmptyByteBufBE)
GET /session/a4d3000ef5682e6f0e9ae56e72be6b6a/url HTTP/1.1
User-Agent: selenium/4.8.1 (java windows)
Cache-Control: no-cache
Content-Type: application/json; charset=utf-8
host: localhost:18168
accept: */*

Response DefaultHttpResponse(decodeResult: success, version: HTTP/1.1)
HTTP/1.1 200 OK
Content-Length: 54
Content-Type: application/json; charset=utf-8
cache-control: no-cache

16:05:24.964 [AsyncHttpClient-1-5] DEBUG org.asynchttpclient.netty.channel.ChannelManager - Adding key: http://localhost:18168 for channel [id: 0x8232aea4, L:/127.0.0.1:63786 - R:localhost/127.0.0.1:18168]
16:05:24.965 [Forwarding screenshot on session a4d3000ef5682e6f0e9ae56e72be6b6a to remote] DEBUG org.asynchttpclient.netty.request.NettyRequestSender - Using pooled Channel '[id: 0x8232aea4, L:/127.0.0.1:63786 - R:localhost/127.0.0.1:18168]' for 'GET' to 'http://localhost:18168/session/a4d3000ef5682e6f0e9ae56e72be6b6a/screenshot'
16:05:24.966 [Forwarding screenshot on session a4d3000ef5682e6f0e9ae56e72be6b6a to remote] DEBUG org.asynchttpclient.netty.request.NettyRequestSender - Using open Channel [id: 0x8232aea4, L:/127.0.0.1:63786 - R:localhost/127.0.0.1:18168] for GET '/session/a4d3000ef5682e6f0e9ae56e72be6b6a/screenshot'
16:05:25.072 [AsyncHttpClient-1-5] DEBUG org.asynchttpclient.netty.handler.HttpHandler - 

Request DefaultFullHttpRequest(decodeResult: success, version: HTTP/1.1, content: EmptyByteBufBE)
GET /session/a4d3000ef5682e6f0e9ae56e72be6b6a/screenshot HTTP/1.1
User-Agent: selenium/4.8.1 (java windows)
Cache-Control: no-cache
Content-Type: application/json; charset=utf-8
host: localhost:18168
accept: */*

Response DefaultHttpResponse(decodeResult: success, version: HTTP/1.1)
HTTP/1.1 200 OK
Content-Length: 29736
Content-Type: application/json; charset=utf-8
cache-control: no-cache

16:05:25.072 [AsyncHttpClient-1-5] DEBUG org.asynchttpclient.netty.channel.ChannelManager - Adding key: http://localhost:18168 for channel [id: 0x8232aea4, L:/127.0.0.1:63786 - R:localhost/127.0.0.1:18168]
16:05:25.074 [main] DEBUG net.serenitybdd.core.photography.Darkroom - Send negative for processing for target\site\serenity\4483762c880586e376db97ee87af78ecdfed1b519253aeada9d8e70d529c0abc.png
16:05:25.074 [main] DEBUG net.thucydides.core.steps.StepInterceptor - STEP DONE: user click register
  &amp#27;[32mAnd &amp#27;[0m&amp#27;[32muser click register&amp#27;[0m                                                       &amp#27;[90m# starter.stepdefinition.RegisterStep.userClickRegister()&amp#27;[0m
16:05:25.080 [main] DEBUG net.thucydides.core.steps.StepInterceptor - STARTING STEP: RegisterStep.userInputfullname - user input full name
16:05:25.083 [Forwarding findElement on session a4d3000ef5682e6f0e9ae56e72be6b6a to remote] DEBUG org.asynchttpclient.netty.request.NettyRequestSender - Using pooled Channel '[id: 0x8232aea4, L:/127.0.0.1:63786 - R:localhost/127.0.0.1:18168]' for 'POST' to 'http://localhost:18168/session/a4d3000ef5682e6f0e9ae56e72be6b6a/element'
16:05:25.083 [Forwarding findElement on session a4d3000ef5682e6f0e9ae56e72be6b6a to remote] DEBUG org.asynchttpclient.netty.request.NettyRequestSender - Using open Channel [id: 0x8232aea4, L:/127.0.0.1:63786 - R:localhost/127.0.0.1:18168] for POST '/session/a4d3000ef5682e6f0e9ae56e72be6b6a/element'
16:05:25.092 [AsyncHttpClient-1-5] DEBUG org.asynchttpclient.netty.handler.HttpHandler - 

Request DefaultHttpRequest(decodeResult: success, version: HTTP/1.1)
POST /session/a4d3000ef5682e6f0e9ae56e72be6b6a/element HTTP/1.1
User-Agent: selenium/4.8.1 (java windows)
Content-Length: 55
Content-Type: application/json; charset=utf-8
host: localhost:18168
accept: */*

Response DefaultHttpResponse(decodeResult: success, version: HTTP/1.1)
HTTP/1.1 200 OK
Content-Length: 88
Content-Type: application/json; charset=utf-8
cache-control: no-cache

16:05:25.092 [AsyncHttpClient-1-5] DEBUG org.asynchttpclient.netty.channel.ChannelManager - Adding key: http://localhost:18168 for channel [id: 0x8232aea4, L:/127.0.0.1:63786 - R:localhost/127.0.0.1:18168]
16:05:25.093 [Forwarding clearElement on session a4d3000ef5682e6f0e9ae56e72be6b6a to remote] DEBUG org.asynchttpclient.netty.request.NettyRequestSender - Using pooled Channel '[id: 0x8232aea4, L:/127.0.0.1:63786 - R:localhost/127.0.0.1:18168]' for 'POST' to 'http://localhost:18168/session/a4d3000ef5682e6f0e9ae56e72be6b6a/element/d6b44ebb-e956-4b74-9f95-5b602ac9fa9c/clear'
16:05:25.093 [Forwarding clearElement on session a4d3000ef5682e6f0e9ae56e72be6b6a to remote] DEBUG org.asynchttpclient.netty.request.NettyRequestSender - Using open Channel [id: 0x8232aea4, L:/127.0.0.1:63786 - R:localhost/127.0.0.1:18168] for POST '/session/a4d3000ef5682e6f0e9ae56e72be6b6a/element/d6b44ebb-e956-4b74-9f95-5b602ac9fa9c/clear'
16:05:25.122 [AsyncHttpClient-1-5] DEBUG org.asynchttpclient.netty.handler.HttpHandler - 

Request DefaultHttpRequest(decodeResult: success, version: HTTP/1.1)
POST /session/a4d3000ef5682e6f0e9ae56e72be6b6a/element/d6b44ebb-e956-4b74-9f95-5b602ac9fa9c/clear HTTP/1.1
User-Agent: selenium/4.8.1 (java windows)
Content-Length: 50
Content-Type: application/json; charset=utf-8
host: localhost:18168
accept: */*

Response DefaultHttpResponse(decodeResult: success, version: HTTP/1.1)
HTTP/1.1 200 OK
Content-Length: 14
Content-Type: application/json; charset=utf-8
cache-control: no-cache

16:05:25.123 [AsyncHttpClient-1-5] DEBUG org.asynchttpclient.netty.channel.ChannelManager - Adding key: http://localhost:18168 for channel [id: 0x8232aea4, L:/127.0.0.1:63786 - R:localhost/127.0.0.1:18168]
16:05:25.124 [Forwarding sendKeysToElement on session a4d3000ef5682e6f0e9ae56e72be6b6a to remote] DEBUG org.asynchttpclient.netty.request.NettyRequestSender - Using pooled Channel '[id: 0x8232aea4, L:/127.0.0.1:63786 - R:localhost/127.0.0.1:18168]' for 'POST' to 'http://localhost:18168/session/a4d3000ef5682e6f0e9ae56e72be6b6a/element/d6b44ebb-e956-4b74-9f95-5b602ac9fa9c/value'
16:05:25.124 [Forwarding sendKeysToElement on session a4d3000ef5682e6f0e9ae56e72be6b6a to remote] DEBUG org.asynchttpclient.netty.request.NettyRequestSender - Using open Channel [id: 0x8232aea4, L:/127.0.0.1:63786 - R:localhost/127.0.0.1:18168] for POST '/session/a4d3000ef5682e6f0e9ae56e72be6b6a/element/d6b44ebb-e956-4b74-9f95-5b602ac9fa9c/value'
16:05:25.185 [AsyncHttpClient-1-1] DEBUG org.asynchttpclient.netty.channel.DefaultChannelPool - Entry count for : http://localhost:63788 : 1
16:05:25.225 [AsyncHttpClient-1-5] DEBUG org.asynchttpclient.netty.handler.HttpHandler - 

Request DefaultHttpRequest(decodeResult: success, version: HTTP/1.1)
POST /session/a4d3000ef5682e6f0e9ae56e72be6b6a/element/d6b44ebb-e956-4b74-9f95-5b602ac9fa9c/value HTTP/1.1
User-Agent: selenium/4.8.1 (java windows)
Content-Length: 121
Content-Type: application/json; charset=utf-8
host: localhost:18168
accept: */*

Response DefaultHttpResponse(decodeResult: success, version: HTTP/1.1)
HTTP/1.1 200 OK
Content-Length: 14
Content-Type: application/json; charset=utf-8
cache-control: no-cache

16:05:25.225 [AsyncHttpClient-1-5] DEBUG org.asynchttpclient.netty.channel.ChannelManager - Adding key: http://localhost:18168 for channel [id: 0x8232aea4, L:/127.0.0.1:63786 - R:localhost/127.0.0.1:18168]
16:05:25.229 [Forwarding getAlertText on session a4d3000ef5682e6f0e9ae56e72be6b6a to remote] DEBUG org.asynchttpclient.netty.request.NettyRequestSender - Using pooled Channel '[id: 0x8232aea4, L:/127.0.0.1:63786 - R:localhost/127.0.0.1:18168]' for 'GET' to 'http://localhost:18168/session/a4d3000ef5682e6f0e9ae56e72be6b6a/alert/text'
16:05:25.229 [Forwarding getAlertText on session a4d3000ef5682e6f0e9ae56e72be6b6a to remote] DEBUG org.asynchttpclient.netty.request.NettyRequestSender - Using open Channel [id: 0x8232aea4, L:/127.0.0.1:63786 - R:localhost/127.0.0.1:18168] for GET '/session/a4d3000ef5682e6f0e9ae56e72be6b6a/alert/text'
16:05:25.232 [AsyncHttpClient-1-5] DEBUG org.asynchttpclient.netty.handler.HttpHandler - 

Request DefaultFullHttpRequest(decodeResult: success, version: HTTP/1.1, content: EmptyByteBufBE)
GET /session/a4d3000ef5682e6f0e9ae56e72be6b6a/alert/text HTTP/1.1
User-Agent: selenium/4.8.1 (java windows)
Cache-Control: no-cache
Content-Type: application/json; charset=utf-8
host: localhost:18168
accept: */*

Response DefaultHttpResponse(decodeResult: success, version: HTTP/1.1)
HTTP/1.1 404 Not Found
Content-Length: 848
Content-Type: application/json; charset=utf-8
cache-control: no-cache

16:05:25.232 [AsyncHttpClient-1-5] DEBUG org.asynchttpclient.netty.channel.ChannelManager - Adding key: http://localhost:18168 for channel [id: 0x8232aea4, L:/127.0.0.1:63786 - R:localhost/127.0.0.1:18168]
16:05:25.233 [Forwarding getCurrentUrl on session a4d3000ef5682e6f0e9ae56e72be6b6a to remote] DEBUG org.asynchttpclient.netty.request.NettyRequestSender - Using pooled Channel '[id: 0x8232aea4, L:/127.0.0.1:63786 - R:localhost/127.0.0.1:18168]' for 'GET' to 'http://localhost:18168/session/a4d3000ef5682e6f0e9ae56e72be6b6a/url'
16:05:25.233 [Forwarding getCurrentUrl on session a4d3000ef5682e6f0e9ae56e72be6b6a to remote] DEBUG org.asynchttpclient.netty.request.NettyRequestSender - Using open Channel [id: 0x8232aea4, L:/127.0.0.1:63786 - R:localhost/127.0.0.1:18168] for GET '/session/a4d3000ef5682e6f0e9ae56e72be6b6a/url'
16:05:25.236 [AsyncHttpClient-1-5] DEBUG org.asynchttpclient.netty.handler.HttpHandler - 

Request DefaultFullHttpRequest(decodeResult: success, version: HTTP/1.1, content: EmptyByteBufBE)
GET /session/a4d3000ef5682e6f0e9ae56e72be6b6a/url HTTP/1.1
User-Agent: selenium/4.8.1 (java windows)
Cache-Control: no-cache
Content-Type: application/json; charset=utf-8
host: localhost:18168
accept: */*

Response DefaultHttpResponse(decodeResult: success, version: HTTP/1.1)
HTTP/1.1 200 OK
Content-Length: 54
Content-Type: application/json; charset=utf-8
cache-control: no-cache

16:05:25.236 [AsyncHttpClient-1-5] DEBUG org.asynchttpclient.netty.channel.ChannelManager - Adding key: http://localhost:18168 for channel [id: 0x8232aea4, L:/127.0.0.1:63786 - R:localhost/127.0.0.1:18168]
16:05:25.237 [Forwarding screenshot on session a4d3000ef5682e6f0e9ae56e72be6b6a to remote] DEBUG org.asynchttpclient.netty.request.NettyRequestSender - Using pooled Channel '[id: 0x8232aea4, L:/127.0.0.1:63786 - R:localhost/127.0.0.1:18168]' for 'GET' to 'http://localhost:18168/session/a4d3000ef5682e6f0e9ae56e72be6b6a/screenshot'
16:05:25.237 [Forwarding screenshot on session a4d3000ef5682e6f0e9ae56e72be6b6a to remote] DEBUG org.asynchttpclient.netty.request.NettyRequestSender - Using open Channel [id: 0x8232aea4, L:/127.0.0.1:63786 - R:localhost/127.0.0.1:18168] for GET '/session/a4d3000ef5682e6f0e9ae56e72be6b6a/screenshot'
16:05:25.342 [AsyncHttpClient-1-5] DEBUG org.asynchttpclient.netty.handler.HttpHandler - 

Request DefaultFullHttpRequest(decodeResult: success, version: HTTP/1.1, content: EmptyByteBufBE)
GET /session/a4d3000ef5682e6f0e9ae56e72be6b6a/screenshot HTTP/1.1
User-Agent: selenium/4.8.1 (java windows)
Cache-Control: no-cache
Content-Type: application/json; charset=utf-8
host: localhost:18168
accept: */*

Response DefaultHttpResponse(decodeResult: success, version: HTTP/1.1)
HTTP/1.1 200 OK
Content-Length: 30804
Content-Type: application/json; charset=utf-8
cache-control: no-cache

16:05:25.343 [AsyncHttpClient-1-5] DEBUG org.asynchttpclient.netty.channel.ChannelManager - Adding key: http://localhost:18168 for channel [id: 0x8232aea4, L:/127.0.0.1:63786 - R:localhost/127.0.0.1:18168]
16:05:25.344 [main] DEBUG net.serenitybdd.core.photography.Darkroom - Send negative for processing for target\site\serenity\faf84a57b02bef91303728fd5464b5b061013a29c00fedb48747e851865f1e30.png
16:05:25.344 [main] DEBUG net.thucydides.core.steps.StepInterceptor - STEP DONE: user input full name
  &amp#27;[32mWhen &amp#27;[0m&amp#27;[32muser input full name&amp#27;[0m                                                     &amp#27;[90m# starter.stepdefinition.RegisterStep.userInputfullname()&amp#27;[0m
16:05:25.344 [Darkroom Processing Line] DEBUG net.serenitybdd.core.photography.DarkroomProcessingLine - Processing screenshot image in /var/screenshots/screenshot-4545924037306820672
16:05:25.344 [Darkroom Processing Line] DEBUG net.serenitybdd.core.photography.DarkroomProcessingLine - Saving screenshot to target\site\serenity\faf84a57b02bef91303728fd5464b5b061013a29c00fedb48747e851865f1e30.png
16:05:25.354 [main] DEBUG net.thucydides.core.steps.StepInterceptor - STARTING STEP: RegisterStep.userInputPassword - user input password
16:05:25.356 [Forwarding findElement on session a4d3000ef5682e6f0e9ae56e72be6b6a to remote] DEBUG org.asynchttpclient.netty.request.NettyRequestSender - Using pooled Channel '[id: 0x8232aea4, L:/127.0.0.1:63786 - R:localhost/127.0.0.1:18168]' for 'POST' to 'http://localhost:18168/session/a4d3000ef5682e6f0e9ae56e72be6b6a/element'
16:05:25.357 [Forwarding findElement on session a4d3000ef5682e6f0e9ae56e72be6b6a to remote] DEBUG org.asynchttpclient.netty.request.NettyRequestSender - Using open Channel [id: 0x8232aea4, L:/127.0.0.1:63786 - R:localhost/127.0.0.1:18168] for POST '/session/a4d3000ef5682e6f0e9ae56e72be6b6a/element'
16:05:25.369 [AsyncHttpClient-1-5] DEBUG org.asynchttpclient.netty.handler.HttpHandler - 

Request DefaultHttpRequest(decodeResult: success, version: HTTP/1.1)
POST /session/a4d3000ef5682e6f0e9ae56e72be6b6a/element HTTP/1.1
User-Agent: selenium/4.8.1 (java windows)
Content-Length: 55
Content-Type: application/json; charset=utf-8
host: localhost:18168
accept: */*

Response DefaultHttpResponse(decodeResult: success, version: HTTP/1.1)
HTTP/1.1 200 OK
Content-Length: 88
Content-Type: application/json; charset=utf-8
cache-control: no-cache

16:05:25.369 [AsyncHttpClient-1-5] DEBUG org.asynchttpclient.netty.channel.ChannelManager - Adding key: http://localhost:18168 for channel [id: 0x8232aea4, L:/127.0.0.1:63786 - R:localhost/127.0.0.1:18168]
16:05:25.370 [Forwarding clearElement on session a4d3000ef5682e6f0e9ae56e72be6b6a to remote] DEBUG org.asynchttpclient.netty.request.NettyRequestSender - Using pooled Channel '[id: 0x8232aea4, L:/127.0.0.1:63786 - R:localhost/127.0.0.1:18168]' for 'POST' to 'http://localhost:18168/session/a4d3000ef5682e6f0e9ae56e72be6b6a/element/a26752ca-99ae-4a4f-a63a-945c76058c75/clear'
16:05:25.370 [Forwarding clearElement on session a4d3000ef5682e6f0e9ae56e72be6b6a to remote] DEBUG org.asynchttpclient.netty.request.NettyRequestSender - Using open Channel [id: 0x8232aea4, L:/127.0.0.1:63786 - R:localhost/127.0.0.1:18168] for POST '/session/a4d3000ef5682e6f0e9ae56e72be6b6a/element/a26752ca-99ae-4a4f-a63a-945c76058c75/clear'
16:05:25.401 [AsyncHttpClient-1-5] DEBUG org.asynchttpclient.netty.handler.HttpHandler - 

Request DefaultHttpRequest(decodeResult: success, version: HTTP/1.1)
POST /session/a4d3000ef5682e6f0e9ae56e72be6b6a/element/a26752ca-99ae-4a4f-a63a-945c76058c75/clear HTTP/1.1
User-Agent: selenium/4.8.1 (java windows)
Content-Length: 50
Content-Type: application/json; charset=utf-8
host: localhost:18168
accept: */*

Response DefaultHttpResponse(decodeResult: success, version: HTTP/1.1)
HTTP/1.1 200 OK
Content-Length: 14
Content-Type: application/json; charset=utf-8
cache-control: no-cache

16:05:25.402 [AsyncHttpClient-1-5] DEBUG org.asynchttpclient.netty.channel.ChannelManager - Adding key: http://localhost:18168 for channel [id: 0x8232aea4, L:/127.0.0.1:63786 - R:localhost/127.0.0.1:18168]
16:05:25.403 [Forwarding sendKeysToElement on session a4d3000ef5682e6f0e9ae56e72be6b6a to remote] DEBUG org.asynchttpclient.netty.request.NettyRequestSender - Using pooled Channel '[id: 0x8232aea4, L:/127.0.0.1:63786 - R:localhost/127.0.0.1:18168]' for 'POST' to 'http://localhost:18168/session/a4d3000ef5682e6f0e9ae56e72be6b6a/element/a26752ca-99ae-4a4f-a63a-945c76058c75/value'
16:05:25.403 [Forwarding sendKeysToElement on session a4d3000ef5682e6f0e9ae56e72be6b6a to remote] DEBUG org.asynchttpclient.netty.request.NettyRequestSender - Using open Channel [id: 0x8232aea4, L:/127.0.0.1:63786 - R:localhost/127.0.0.1:18168] for POST '/session/a4d3000ef5682e6f0e9ae56e72be6b6a/element/a26752ca-99ae-4a4f-a63a-945c76058c75/value'
16:05:25.491 [AsyncHttpClient-1-5] DEBUG org.asynchttpclient.netty.handler.HttpHandler - 

Request DefaultHttpRequest(decodeResult: success, version: HTTP/1.1)
POST /session/a4d3000ef5682e6f0e9ae56e72be6b6a/element/a26752ca-99ae-4a4f-a63a-945c76058c75/value HTTP/1.1
User-Agent: selenium/4.8.1 (java windows)
Content-Length: 161
Content-Type: application/json; charset=utf-8
host: localhost:18168
accept: */*

Response DefaultHttpResponse(decodeResult: success, version: HTTP/1.1)
HTTP/1.1 200 OK
Content-Length: 14
Content-Type: application/json; charset=utf-8
cache-control: no-cache

16:05:25.492 [AsyncHttpClient-1-5] DEBUG org.asynchttpclient.netty.channel.ChannelManager - Adding key: http://localhost:18168 for channel [id: 0x8232aea4, L:/127.0.0.1:63786 - R:localhost/127.0.0.1:18168]
16:05:25.503 [Forwarding getAlertText on session a4d3000ef5682e6f0e9ae56e72be6b6a to remote] DEBUG org.asynchttpclient.netty.request.NettyRequestSender - Using pooled Channel '[id: 0x8232aea4, L:/127.0.0.1:63786 - R:localhost/127.0.0.1:18168]' for 'GET' to 'http://localhost:18168/session/a4d3000ef5682e6f0e9ae56e72be6b6a/alert/text'
16:05:25.503 [Forwarding getAlertText on session a4d3000ef5682e6f0e9ae56e72be6b6a to remote] DEBUG org.asynchttpclient.netty.request.NettyRequestSender - Using open Channel [id: 0x8232aea4, L:/127.0.0.1:63786 - R:localhost/127.0.0.1:18168] for GET '/session/a4d3000ef5682e6f0e9ae56e72be6b6a/alert/text'
16:05:25.508 [AsyncHttpClient-1-5] DEBUG org.asynchttpclient.netty.handler.HttpHandler - 

Request DefaultFullHttpRequest(decodeResult: success, version: HTTP/1.1, content: EmptyByteBufBE)
GET /session/a4d3000ef5682e6f0e9ae56e72be6b6a/alert/text HTTP/1.1
User-Agent: selenium/4.8.1 (java windows)
Cache-Control: no-cache
Content-Type: application/json; charset=utf-8
host: localhost:18168
accept: */*

Response DefaultHttpResponse(decodeResult: success, version: HTTP/1.1)
HTTP/1.1 404 Not Found
Content-Length: 848
Content-Type: application/json; charset=utf-8
cache-control: no-cache

16:05:25.509 [AsyncHttpClient-1-5] DEBUG org.asynchttpclient.netty.channel.ChannelManager - Adding key: http://localhost:18168 for channel [id: 0x8232aea4, L:/127.0.0.1:63786 - R:localhost/127.0.0.1:18168]
16:05:25.509 [Forwarding getCurrentUrl on session a4d3000ef5682e6f0e9ae56e72be6b6a to remote] DEBUG org.asynchttpclient.netty.request.NettyRequestSender - Using pooled Channel '[id: 0x8232aea4, L:/127.0.0.1:63786 - R:localhost/127.0.0.1:18168]' for 'GET' to 'http://localhost:18168/session/a4d3000ef5682e6f0e9ae56e72be6b6a/url'
16:05:25.509 [Forwarding getCurrentUrl on session a4d3000ef5682e6f0e9ae56e72be6b6a to remote] DEBUG org.asynchttpclient.netty.request.NettyRequestSender - Using open Channel [id: 0x8232aea4, L:/127.0.0.1:63786 - R:localhost/127.0.0.1:18168] for GET '/session/a4d3000ef5682e6f0e9ae56e72be6b6a/url'
16:05:25.512 [AsyncHttpClient-1-5] DEBUG org.asynchttpclient.netty.handler.HttpHandler - 

Request DefaultFullHttpRequest(decodeResult: success, version: HTTP/1.1, content: EmptyByteBufBE)
GET /session/a4d3000ef5682e6f0e9ae56e72be6b6a/url HTTP/1.1
User-Agent: selenium/4.8.1 (java windows)
Cache-Control: no-cache
Content-Type: application/json; charset=utf-8
host: localhost:18168
accept: */*

Response DefaultHttpResponse(decodeResult: success, version: HTTP/1.1)
HTTP/1.1 200 OK
Content-Length: 54
Content-Type: application/json; charset=utf-8
cache-control: no-cache

16:05:25.512 [AsyncHttpClient-1-5] DEBUG org.asynchttpclient.netty.channel.ChannelManager - Adding key: http://localhost:18168 for channel [id: 0x8232aea4, L:/127.0.0.1:63786 - R:localhost/127.0.0.1:18168]
16:05:25.512 [Forwarding screenshot on session a4d3000ef5682e6f0e9ae56e72be6b6a to remote] DEBUG org.asynchttpclient.netty.request.NettyRequestSender - Using pooled Channel '[id: 0x8232aea4, L:/127.0.0.1:63786 - R:localhost/127.0.0.1:18168]' for 'GET' to 'http://localhost:18168/session/a4d3000ef5682e6f0e9ae56e72be6b6a/screenshot'
16:05:25.512 [Forwarding screenshot on session a4d3000ef5682e6f0e9ae56e72be6b6a to remote] DEBUG org.asynchttpclient.netty.request.NettyRequestSender - Using open Channel [id: 0x8232aea4, L:/127.0.0.1:63786 - R:localhost/127.0.0.1:18168] for GET '/session/a4d3000ef5682e6f0e9ae56e72be6b6a/screenshot'
16:05:25.605 [AsyncHttpClient-1-5] DEBUG org.asynchttpclient.netty.handler.HttpHandler - 

Request DefaultFullHttpRequest(decodeResult: success, version: HTTP/1.1, content: EmptyByteBufBE)
GET /session/a4d3000ef5682e6f0e9ae56e72be6b6a/screenshot HTTP/1.1
User-Agent: selenium/4.8.1 (java windows)
Cache-Control: no-cache
Content-Type: application/json; charset=utf-8
host: localhost:18168
accept: */*

Response DefaultHttpResponse(decodeResult: success, version: HTTP/1.1)
HTTP/1.1 200 OK
Content-Length: 31864
Content-Type: application/json; charset=utf-8
cache-control: no-cache

16:05:25.605 [AsyncHttpClient-1-5] DEBUG org.asynchttpclient.netty.channel.ChannelManager - Adding key: http://localhost:18168 for channel [id: 0x8232aea4, L:/127.0.0.1:63786 - R:localhost/127.0.0.1:18168]
16:05:25.606 [main] DEBUG net.serenitybdd.core.photography.Darkroom - Send negative for processing for target\site\serenity\569c8fde17d7080844294464b0d7308575d4342b307b1f6343a782b5c2cb82ad.png
16:05:25.607 [main] DEBUG net.thucydides.core.steps.StepInterceptor - STEP DONE: user input password
  &amp#27;[32mAnd &amp#27;[0m&amp#27;[32muser input password&amp#27;[0m                                                       &amp#27;[90m# starter.stepdefinition.RegisterStep.userInputPassword()&amp#27;[0m
16:05:25.607 [Darkroom Processing Line] DEBUG net.serenitybdd.core.photography.DarkroomProcessingLine - Processing screenshot image in /var/screenshots/screenshot-7012382965012177141
16:05:25.607 [Darkroom Processing Line] DEBUG net.serenitybdd.core.photography.DarkroomProcessingLine - Saving screenshot to target\site\serenity\569c8fde17d7080844294464b0d7308575d4342b307b1f6343a782b5c2cb82ad.png
16:05:25.613 [main] DEBUG net.thucydides.core.steps.StepInterceptor - STARTING STEP: RegisterStep.userClickButtonRegister - user click button register
16:05:25.617 [Forwarding findElement on session a4d3000ef5682e6f0e9ae56e72be6b6a to remote] DEBUG org.asynchttpclient.netty.request.NettyRequestSender - Using pooled Channel '[id: 0x8232aea4, L:/127.0.0.1:63786 - R:localhost/127.0.0.1:18168]' for 'POST' to 'http://localhost:18168/session/a4d3000ef5682e6f0e9ae56e72be6b6a/element'
16:05:25.617 [Forwarding findElement on session a4d3000ef5682e6f0e9ae56e72be6b6a to remote] DEBUG org.asynchttpclient.netty.request.NettyRequestSender - Using open Channel [id: 0x8232aea4, L:/127.0.0.1:63786 - R:localhost/127.0.0.1:18168] for POST '/session/a4d3000ef5682e6f0e9ae56e72be6b6a/element'
16:05:25.627 [AsyncHttpClient-1-5] DEBUG org.asynchttpclient.netty.handler.HttpHandler - 

Request DefaultHttpRequest(decodeResult: success, version: HTTP/1.1)
POST /session/a4d3000ef5682e6f0e9ae56e72be6b6a/element HTTP/1.1
User-Agent: selenium/4.8.1 (java windows)
Content-Length: 141
Content-Type: application/json; charset=utf-8
host: localhost:18168
accept: */*

Response DefaultHttpResponse(decodeResult: success, version: HTTP/1.1)
HTTP/1.1 200 OK
Content-Length: 88
Content-Type: application/json; charset=utf-8
cache-control: no-cache

16:05:25.627 [AsyncHttpClient-1-5] DEBUG org.asynchttpclient.netty.channel.ChannelManager - Adding key: http://localhost:18168 for channel [id: 0x8232aea4, L:/127.0.0.1:63786 - R:localhost/127.0.0.1:18168]
16:05:25.628 [Forwarding getElementTagName on session a4d3000ef5682e6f0e9ae56e72be6b6a to remote] DEBUG org.asynchttpclient.netty.request.NettyRequestSender - Using pooled Channel '[id: 0x8232aea4, L:/127.0.0.1:63786 - R:localhost/127.0.0.1:18168]' for 'GET' to 'http://localhost:18168/session/a4d3000ef5682e6f0e9ae56e72be6b6a/element/fbed5d2a-4133-4699-bdb5-65561de5cb5f/name'
16:05:25.628 [Forwarding getElementTagName on session a4d3000ef5682e6f0e9ae56e72be6b6a to remote] DEBUG org.asynchttpclient.netty.request.NettyRequestSender - Using open Channel [id: 0x8232aea4, L:/127.0.0.1:63786 - R:localhost/127.0.0.1:18168] for GET '/session/a4d3000ef5682e6f0e9ae56e72be6b6a/element/fbed5d2a-4133-4699-bdb5-65561de5cb5f/name'
16:05:25.635 [AsyncHttpClient-1-5] DEBUG org.asynchttpclient.netty.handler.HttpHandler - 

Request DefaultFullHttpRequest(decodeResult: success, version: HTTP/1.1, content: EmptyByteBufBE)
GET /session/a4d3000ef5682e6f0e9ae56e72be6b6a/element/fbed5d2a-4133-4699-bdb5-65561de5cb5f/name HTTP/1.1
User-Agent: selenium/4.8.1 (java windows)
Cache-Control: no-cache
Content-Type: application/json; charset=utf-8
host: localhost:18168
accept: */*

Response DefaultHttpResponse(decodeResult: success, version: HTTP/1.1)
HTTP/1.1 200 OK
Content-Length: 18
Content-Type: application/json; charset=utf-8
cache-control: no-cache

16:05:25.635 [AsyncHttpClient-1-5] DEBUG org.asynchttpclient.netty.channel.ChannelManager - Adding key: http://localhost:18168 for channel [id: 0x8232aea4, L:/127.0.0.1:63786 - R:localhost/127.0.0.1:18168]
16:05:25.635 [Forwarding getElementTagName on session a4d3000ef5682e6f0e9ae56e72be6b6a to remote] DEBUG org.asynchttpclient.netty.request.NettyRequestSender - Using pooled Channel '[id: 0x8232aea4, L:/127.0.0.1:63786 - R:localhost/127.0.0.1:18168]' for 'GET' to 'http://localhost:18168/session/a4d3000ef5682e6f0e9ae56e72be6b6a/element/fbed5d2a-4133-4699-bdb5-65561de5cb5f/name'
16:05:25.635 [Forwarding getElementTagName on session a4d3000ef5682e6f0e9ae56e72be6b6a to remote] DEBUG org.asynchttpclient.netty.request.NettyRequestSender - Using open Channel [id: 0x8232aea4, L:/127.0.0.1:63786 - R:localhost/127.0.0.1:18168] for GET '/session/a4d3000ef5682e6f0e9ae56e72be6b6a/element/fbed5d2a-4133-4699-bdb5-65561de5cb5f/name'
16:05:25.639 [AsyncHttpClient-1-5] DEBUG org.asynchttpclient.netty.handler.HttpHandler - 

Request DefaultFullHttpRequest(decodeResult: success, version: HTTP/1.1, content: EmptyByteBufBE)
GET /session/a4d3000ef5682e6f0e9ae56e72be6b6a/element/fbed5d2a-4133-4699-bdb5-65561de5cb5f/name HTTP/1.1
User-Agent: selenium/4.8.1 (java windows)
Cache-Control: no-cache
Content-Type: application/json; charset=utf-8
host: localhost:18168
accept: */*

Response DefaultHttpResponse(decodeResult: success, version: HTTP/1.1)
HTTP/1.1 200 OK
Content-Length: 18
Content-Type: application/json; charset=utf-8
cache-control: no-cache

16:05:25.639 [AsyncHttpClient-1-5] DEBUG org.asynchttpclient.netty.channel.ChannelManager - Adding key: http://localhost:18168 for channel [id: 0x8232aea4, L:/127.0.0.1:63786 - R:localhost/127.0.0.1:18168]
16:05:25.641 [Forwarding isElementEnabled on session a4d3000ef5682e6f0e9ae56e72be6b6a to remote] DEBUG org.asynchttpclient.netty.request.NettyRequestSender - Using pooled Channel '[id: 0x8232aea4, L:/127.0.0.1:63786 - R:localhost/127.0.0.1:18168]' for 'GET' to 'http://localhost:18168/session/a4d3000ef5682e6f0e9ae56e72be6b6a/element/fbed5d2a-4133-4699-bdb5-65561de5cb5f/enabled'
16:05:25.641 [Forwarding isElementEnabled on session a4d3000ef5682e6f0e9ae56e72be6b6a to remote] DEBUG org.asynchttpclient.netty.request.NettyRequestSender - Using open Channel [id: 0x8232aea4, L:/127.0.0.1:63786 - R:localhost/127.0.0.1:18168] for GET '/session/a4d3000ef5682e6f0e9ae56e72be6b6a/element/fbed5d2a-4133-4699-bdb5-65561de5cb5f/enabled'
16:05:25.651 [AsyncHttpClient-1-5] DEBUG org.asynchttpclient.netty.handler.HttpHandler - 

Request DefaultFullHttpRequest(decodeResult: success, version: HTTP/1.1, content: EmptyByteBufBE)
GET /session/a4d3000ef5682e6f0e9ae56e72be6b6a/element/fbed5d2a-4133-4699-bdb5-65561de5cb5f/enabled HTTP/1.1
User-Agent: selenium/4.8.1 (java windows)
Cache-Control: no-cache
Content-Type: application/json; charset=utf-8
host: localhost:18168
accept: */*

Response DefaultHttpResponse(decodeResult: success, version: HTTP/1.1)
HTTP/1.1 200 OK
Content-Length: 14
Content-Type: application/json; charset=utf-8
cache-control: no-cache

16:05:25.660 [AsyncHttpClient-1-5] DEBUG org.asynchttpclient.netty.channel.ChannelManager - Adding key: http://localhost:18168 for channel [id: 0x8232aea4, L:/127.0.0.1:63786 - R:localhost/127.0.0.1:18168]
16:05:25.661 [Forwarding isElementEnabled on session a4d3000ef5682e6f0e9ae56e72be6b6a to remote] DEBUG org.asynchttpclient.netty.request.NettyRequestSender - Using pooled Channel '[id: 0x8232aea4, L:/127.0.0.1:63786 - R:localhost/127.0.0.1:18168]' for 'GET' to 'http://localhost:18168/session/a4d3000ef5682e6f0e9ae56e72be6b6a/element/fbed5d2a-4133-4699-bdb5-65561de5cb5f/enabled'
16:05:25.661 [Forwarding isElementEnabled on session a4d3000ef5682e6f0e9ae56e72be6b6a to remote] DEBUG org.asynchttpclient.netty.request.NettyRequestSender - Using open Channel [id: 0x8232aea4, L:/127.0.0.1:63786 - R:localhost/127.0.0.1:18168] for GET '/session/a4d3000ef5682e6f0e9ae56e72be6b6a/element/fbed5d2a-4133-4699-bdb5-65561de5cb5f/enabled'
16:05:25.669 [AsyncHttpClient-1-5] DEBUG org.asynchttpclient.netty.handler.HttpHandler - 

Request DefaultFullHttpRequest(decodeResult: success, version: HTTP/1.1, content: EmptyByteBufBE)
GET /session/a4d3000ef5682e6f0e9ae56e72be6b6a/element/fbed5d2a-4133-4699-bdb5-65561de5cb5f/enabled HTTP/1.1
User-Agent: selenium/4.8.1 (java windows)
Cache-Control: no-cache
Content-Type: application/json; charset=utf-8
host: localhost:18168
accept: */*

Response DefaultHttpResponse(decodeResult: success, version: HTTP/1.1)
HTTP/1.1 200 OK
Content-Length: 14
Content-Type: application/json; charset=utf-8
cache-control: no-cache

16:05:25.669 [AsyncHttpClient-1-5] DEBUG org.asynchttpclient.netty.channel.ChannelManager - Adding key: http://localhost:18168 for channel [id: 0x8232aea4, L:/127.0.0.1:63786 - R:localhost/127.0.0.1:18168]
16:05:25.670 [Forwarding findElement on session a4d3000ef5682e6f0e9ae56e72be6b6a to remote] DEBUG org.asynchttpclient.netty.request.NettyRequestSender - Using pooled Channel '[id: 0x8232aea4, L:/127.0.0.1:63786 - R:localhost/127.0.0.1:18168]' for 'POST' to 'http://localhost:18168/session/a4d3000ef5682e6f0e9ae56e72be6b6a/element'
16:05:25.670 [Forwarding findElement on session a4d3000ef5682e6f0e9ae56e72be6b6a to remote] DEBUG org.asynchttpclient.netty.request.NettyRequestSender - Using open Channel [id: 0x8232aea4, L:/127.0.0.1:63786 - R:localhost/127.0.0.1:18168] for POST '/session/a4d3000ef5682e6f0e9ae56e72be6b6a/element'
16:05:25.676 [AsyncHttpClient-1-5] DEBUG org.asynchttpclient.netty.handler.HttpHandler - 

Request DefaultHttpRequest(decodeResult: success, version: HTTP/1.1)
POST /session/a4d3000ef5682e6f0e9ae56e72be6b6a/element HTTP/1.1
User-Agent: selenium/4.8.1 (java windows)
Content-Length: 141
Content-Type: application/json; charset=utf-8
host: localhost:18168
accept: */*

Response DefaultHttpResponse(decodeResult: success, version: HTTP/1.1)
HTTP/1.1 200 OK
Content-Length: 88
Content-Type: application/json; charset=utf-8
cache-control: no-cache

16:05:25.676 [AsyncHttpClient-1-5] DEBUG org.asynchttpclient.netty.channel.ChannelManager - Adding key: http://localhost:18168 for channel [id: 0x8232aea4, L:/127.0.0.1:63786 - R:localhost/127.0.0.1:18168]
16:05:25.677 [Forwarding clickElement on session a4d3000ef5682e6f0e9ae56e72be6b6a to remote] DEBUG org.asynchttpclient.netty.request.NettyRequestSender - Using pooled Channel '[id: 0x8232aea4, L:/127.0.0.1:63786 - R:localhost/127.0.0.1:18168]' for 'POST' to 'http://localhost:18168/session/a4d3000ef5682e6f0e9ae56e72be6b6a/element/fbed5d2a-4133-4699-bdb5-65561de5cb5f/click'
16:05:25.677 [Forwarding clickElement on session a4d3000ef5682e6f0e9ae56e72be6b6a to remote] DEBUG org.asynchttpclient.netty.request.NettyRequestSender - Using open Channel [id: 0x8232aea4, L:/127.0.0.1:63786 - R:localhost/127.0.0.1:18168] for POST '/session/a4d3000ef5682e6f0e9ae56e72be6b6a/element/fbed5d2a-4133-4699-bdb5-65561de5cb5f/click'
16:05:25.724 [AsyncHttpClient-1-5] DEBUG org.asynchttpclient.netty.handler.HttpHandler - 

Request DefaultHttpRequest(decodeResult: success, version: HTTP/1.1)
POST /session/a4d3000ef5682e6f0e9ae56e72be6b6a/element/fbed5d2a-4133-4699-bdb5-65561de5cb5f/click HTTP/1.1
User-Agent: selenium/4.8.1 (java windows)
Content-Length: 50
Content-Type: application/json; charset=utf-8
host: localhost:18168
accept: */*

Response DefaultHttpResponse(decodeResult: success, version: HTTP/1.1)
HTTP/1.1 200 OK
Content-Length: 14
Content-Type: application/json; charset=utf-8
cache-control: no-cache

16:05:25.724 [AsyncHttpClient-1-5] DEBUG org.asynchttpclient.netty.channel.ChannelManager - Adding key: http://localhost:18168 for channel [id: 0x8232aea4, L:/127.0.0.1:63786 - R:localhost/127.0.0.1:18168]
16:05:25.728 [Forwarding getAlertText on session a4d3000ef5682e6f0e9ae56e72be6b6a to remote] DEBUG org.asynchttpclient.netty.request.NettyRequestSender - Using pooled Channel '[id: 0x8232aea4, L:/127.0.0.1:63786 - R:localhost/127.0.0.1:18168]' for 'GET' to 'http://localhost:18168/session/a4d3000ef5682e6f0e9ae56e72be6b6a/alert/text'
16:05:25.729 [Forwarding getAlertText on session a4d3000ef5682e6f0e9ae56e72be6b6a to remote] DEBUG org.asynchttpclient.netty.request.NettyRequestSender - Using open Channel [id: 0x8232aea4, L:/127.0.0.1:63786 - R:localhost/127.0.0.1:18168] for GET '/session/a4d3000ef5682e6f0e9ae56e72be6b6a/alert/text'
16:05:25.730 [AsyncHttpClient-1-5] DEBUG org.asynchttpclient.netty.handler.HttpHandler - 

Request DefaultFullHttpRequest(decodeResult: success, version: HTTP/1.1, content: EmptyByteBufBE)
GET /session/a4d3000ef5682e6f0e9ae56e72be6b6a/alert/text HTTP/1.1
User-Agent: selenium/4.8.1 (java windows)
Cache-Control: no-cache
Content-Type: application/json; charset=utf-8
host: localhost:18168
accept: */*

Response DefaultHttpResponse(decodeResult: success, version: HTTP/1.1)
HTTP/1.1 404 Not Found
Content-Length: 848
Content-Type: application/json; charset=utf-8
cache-control: no-cache

16:05:25.730 [AsyncHttpClient-1-5] DEBUG org.asynchttpclient.netty.channel.ChannelManager - Adding key: http://localhost:18168 for channel [id: 0x8232aea4, L:/127.0.0.1:63786 - R:localhost/127.0.0.1:18168]
16:05:25.732 [Forwarding getCurrentUrl on session a4d3000ef5682e6f0e9ae56e72be6b6a to remote] DEBUG org.asynchttpclient.netty.request.NettyRequestSender - Using pooled Channel '[id: 0x8232aea4, L:/127.0.0.1:63786 - R:localhost/127.0.0.1:18168]' for 'GET' to 'http://localhost:18168/session/a4d3000ef5682e6f0e9ae56e72be6b6a/url'
16:05:25.732 [Forwarding getCurrentUrl on session a4d3000ef5682e6f0e9ae56e72be6b6a to remote] DEBUG org.asynchttpclient.netty.request.NettyRequestSender - Using open Channel [id: 0x8232aea4, L:/127.0.0.1:63786 - R:localhost/127.0.0.1:18168] for GET '/session/a4d3000ef5682e6f0e9ae56e72be6b6a/url'
16:05:25.738 [AsyncHttpClient-1-5] DEBUG org.asynchttpclient.netty.handler.HttpHandler - 

Request DefaultFullHttpRequest(decodeResult: success, version: HTTP/1.1, content: EmptyByteBufBE)
GET /session/a4d3000ef5682e6f0e9ae56e72be6b6a/url HTTP/1.1
User-Agent: selenium/4.8.1 (java windows)
Cache-Control: no-cache
Content-Type: application/json; charset=utf-8
host: localhost:18168
accept: */*

Response DefaultHttpResponse(decodeResult: success, version: HTTP/1.1)
HTTP/1.1 200 OK
Content-Length: 54
Content-Type: application/json; charset=utf-8
cache-control: no-cache

16:05:25.738 [AsyncHttpClient-1-5] DEBUG org.asynchttpclient.netty.channel.ChannelManager - Adding key: http://localhost:18168 for channel [id: 0x8232aea4, L:/127.0.0.1:63786 - R:localhost/127.0.0.1:18168]
16:05:25.738 [Forwarding screenshot on session a4d3000ef5682e6f0e9ae56e72be6b6a to remote] DEBUG org.asynchttpclient.netty.request.NettyRequestSender - Using pooled Channel '[id: 0x8232aea4, L:/127.0.0.1:63786 - R:localhost/127.0.0.1:18168]' for 'GET' to 'http://localhost:18168/session/a4d3000ef5682e6f0e9ae56e72be6b6a/screenshot'
16:05:25.738 [Forwarding screenshot on session a4d3000ef5682e6f0e9ae56e72be6b6a to remote] DEBUG org.asynchttpclient.netty.request.NettyRequestSender - Using open Channel [id: 0x8232aea4, L:/127.0.0.1:63786 - R:localhost/127.0.0.1:18168] for GET '/session/a4d3000ef5682e6f0e9ae56e72be6b6a/screenshot'
16:05:25.838 [AsyncHttpClient-1-5] DEBUG org.asynchttpclient.netty.handler.HttpHandler - 

Request DefaultFullHttpRequest(decodeResult: success, version: HTTP/1.1, content: EmptyByteBufBE)
GET /session/a4d3000ef5682e6f0e9ae56e72be6b6a/screenshot HTTP/1.1
User-Agent: selenium/4.8.1 (java windows)
Cache-Control: no-cache
Content-Type: application/json; charset=utf-8
host: localhost:18168
accept: */*

Response DefaultHttpResponse(decodeResult: success, version: HTTP/1.1)
HTTP/1.1 200 OK
Content-Length: 31560
Content-Type: application/json; charset=utf-8
cache-control: no-cache

16:05:25.838 [AsyncHttpClient-1-5] DEBUG org.asynchttpclient.netty.channel.ChannelManager - Adding key: http://localhost:18168 for channel [id: 0x8232aea4, L:/127.0.0.1:63786 - R:localhost/127.0.0.1:18168]
16:05:25.839 [main] DEBUG net.serenitybdd.core.photography.Darkroom - Send negative for processing for target\site\serenity\1f4e19b21f4af7810e57e875f0455d320c32451a87aaaf511f6c70e0d9bbdf24.png
16:05:25.839 [main] DEBUG net.thucydides.core.steps.StepInterceptor - STEP DONE: user click button register
  &amp#27;[32mAnd &amp#27;[0m&amp#27;[32muser click button register&amp#27;[0m                                                &amp#27;[90m# starter.stepdefinition.RegisterStep.userClickButtonRegister()&amp#27;[0m
16:05:25.840 [Darkroom Processing Line] DEBUG net.serenitybdd.core.photography.DarkroomProcessingLine - Processing screenshot image in /var/screenshots/screenshot-9086399575357710688
16:05:25.840 [Darkroom Processing Line] DEBUG net.serenitybdd.core.photography.DarkroomProcessingLine - Saving screenshot to target\site\serenity\1f4e19b21f4af7810e57e875f0455d320c32451a87aaaf511f6c70e0d9bbdf24.png
16:05:25.847 [main] DEBUG net.thucydides.core.steps.StepInterceptor - STARTING STEP: RegisterStep.userCanSeeErrorMessage - user can see error message
16:05:25.850 [Forwarding findElement on session a4d3000ef5682e6f0e9ae56e72be6b6a to remote] DEBUG org.asynchttpclient.netty.request.NettyRequestSender - Using pooled Channel '[id: 0x8232aea4, L:/127.0.0.1:63786 - R:localhost/127.0.0.1:18168]' for 'POST' to 'http://localhost:18168/session/a4d3000ef5682e6f0e9ae56e72be6b6a/element'
16:05:25.850 [Forwarding findElement on session a4d3000ef5682e6f0e9ae56e72be6b6a to remote] DEBUG org.asynchttpclient.netty.request.NettyRequestSender - Using open Channel [id: 0x8232aea4, L:/127.0.0.1:63786 - R:localhost/127.0.0.1:18168] for POST '/session/a4d3000ef5682e6f0e9ae56e72be6b6a/element'
16:05:25.991 [AsyncHttpClient-1-5] DEBUG org.asynchttpclient.netty.handler.HttpHandler - 

Request DefaultHttpRequest(decodeResult: success, version: HTTP/1.1)
POST /session/a4d3000ef5682e6f0e9ae56e72be6b6a/element HTTP/1.1
User-Agent: selenium/4.8.1 (java windows)
Content-Length: 67
Content-Type: application/json; charset=utf-8
host: localhost:18168
accept: */*

Response DefaultHttpResponse(decodeResult: success, version: HTTP/1.1)
HTTP/1.1 200 OK
Content-Length: 88
Content-Type: application/json; charset=utf-8
cache-control: no-cache

16:05:25.991 [AsyncHttpClient-1-5] DEBUG org.asynchttpclient.netty.channel.ChannelManager - Adding key: http://localhost:18168 for channel [id: 0x8232aea4, L:/127.0.0.1:63786 - R:localhost/127.0.0.1:18168]
16:05:25.994 [Forwarding isElementDisplayed on session a4d3000ef5682e6f0e9ae56e72be6b6a to remote] DEBUG org.asynchttpclient.netty.request.NettyRequestSender - Using pooled Channel '[id: 0x8232aea4, L:/127.0.0.1:63786 - R:localhost/127.0.0.1:18168]' for 'POST' to 'http://localhost:18168/session/a4d3000ef5682e6f0e9ae56e72be6b6a/execute/sync'
16:05:25.994 [Forwarding isElementDisplayed on session a4d3000ef5682e6f0e9ae56e72be6b6a to remote] DEBUG org.asynchttpclient.netty.request.NettyRequestSender - Using open Channel [id: 0x8232aea4, L:/127.0.0.1:63786 - R:localhost/127.0.0.1:18168] for POST '/session/a4d3000ef5682e6f0e9ae56e72be6b6a/execute/sync'
16:05:26.008 [AsyncHttpClient-1-5] DEBUG org.asynchttpclient.netty.handler.HttpHandler - 

Request DefaultHttpRequest(decodeResult: success, version: HTTP/1.1)
POST /session/a4d3000ef5682e6f0e9ae56e72be6b6a/execute/sync HTTP/1.1
User-Agent: selenium/4.8.1 (java windows)
Content-Length: 48807
Content-Type: application/json; charset=utf-8
host: localhost:18168
accept: */*

Response DefaultHttpResponse(decodeResult: success, version: HTTP/1.1)
HTTP/1.1 200 OK
Content-Length: 14
Content-Type: application/json; charset=utf-8
cache-control: no-cache

16:05:26.008 [AsyncHttpClient-1-5] DEBUG org.asynchttpclient.netty.channel.ChannelManager - Adding key: http://localhost:18168 for channel [id: 0x8232aea4, L:/127.0.0.1:63786 - R:localhost/127.0.0.1:18168]
16:05:26.011 [Forwarding getAlertText on session a4d3000ef5682e6f0e9ae56e72be6b6a to remote] DEBUG org.asynchttpclient.netty.request.NettyRequestSender - Using pooled Channel '[id: 0x8232aea4, L:/127.0.0.1:63786 - R:localhost/127.0.0.1:18168]' for 'GET' to 'http://localhost:18168/session/a4d3000ef5682e6f0e9ae56e72be6b6a/alert/text'
16:05:26.011 [Forwarding getAlertText on session a4d3000ef5682e6f0e9ae56e72be6b6a to remote] DEBUG org.asynchttpclient.netty.request.NettyRequestSender - Using open Channel [id: 0x8232aea4, L:/127.0.0.1:63786 - R:localhost/127.0.0.1:18168] for GET '/session/a4d3000ef5682e6f0e9ae56e72be6b6a/alert/text'
16:05:26.014 [AsyncHttpClient-1-5] DEBUG org.asynchttpclient.netty.handler.HttpHandler - 

Request DefaultFullHttpRequest(decodeResult: success, version: HTTP/1.1, content: EmptyByteBufBE)
GET /session/a4d3000ef5682e6f0e9ae56e72be6b6a/alert/text HTTP/1.1
User-Agent: selenium/4.8.1 (java windows)
Cache-Control: no-cache
Content-Type: application/json; charset=utf-8
host: localhost:18168
accept: */*

Response DefaultHttpResponse(decodeResult: success, version: HTTP/1.1)
HTTP/1.1 404 Not Found
Content-Length: 848
Content-Type: application/json; charset=utf-8
cache-control: no-cache

16:05:26.015 [AsyncHttpClient-1-5] DEBUG org.asynchttpclient.netty.channel.ChannelManager - Adding key: http://localhost:18168 for channel [id: 0x8232aea4, L:/127.0.0.1:63786 - R:localhost/127.0.0.1:18168]
16:05:26.016 [Forwarding getCurrentUrl on session a4d3000ef5682e6f0e9ae56e72be6b6a to remote] DEBUG org.asynchttpclient.netty.request.NettyRequestSender - Using pooled Channel '[id: 0x8232aea4, L:/127.0.0.1:63786 - R:localhost/127.0.0.1:18168]' for 'GET' to 'http://localhost:18168/session/a4d3000ef5682e6f0e9ae56e72be6b6a/url'
16:05:26.016 [Forwarding getCurrentUrl on session a4d3000ef5682e6f0e9ae56e72be6b6a to remote] DEBUG org.asynchttpclient.netty.request.NettyRequestSender - Using open Channel [id: 0x8232aea4, L:/127.0.0.1:63786 - R:localhost/127.0.0.1:18168] for GET '/session/a4d3000ef5682e6f0e9ae56e72be6b6a/url'
16:05:26.020 [AsyncHttpClient-1-5] DEBUG org.asynchttpclient.netty.handler.HttpHandler - 

Request DefaultFullHttpRequest(decodeResult: success, version: HTTP/1.1, content: EmptyByteBufBE)
GET /session/a4d3000ef5682e6f0e9ae56e72be6b6a/url HTTP/1.1
User-Agent: selenium/4.8.1 (java windows)
Cache-Control: no-cache
Content-Type: application/json; charset=utf-8
host: localhost:18168
accept: */*

Response DefaultHttpResponse(decodeResult: success, version: HTTP/1.1)
HTTP/1.1 200 OK
Content-Length: 54
Content-Type: application/json; charset=utf-8
cache-control: no-cache

16:05:26.020 [AsyncHttpClient-1-5] DEBUG org.asynchttpclient.netty.channel.ChannelManager - Adding key: http://localhost:18168 for channel [id: 0x8232aea4, L:/127.0.0.1:63786 - R:localhost/127.0.0.1:18168]
16:05:26.020 [Forwarding screenshot on session a4d3000ef5682e6f0e9ae56e72be6b6a to remote] DEBUG org.asynchttpclient.netty.request.NettyRequestSender - Using pooled Channel '[id: 0x8232aea4, L:/127.0.0.1:63786 - R:localhost/127.0.0.1:18168]' for 'GET' to 'http://localhost:18168/session/a4d3000ef5682e6f0e9ae56e72be6b6a/screenshot'
16:05:26.020 [Forwarding screenshot on session a4d3000ef5682e6f0e9ae56e72be6b6a to remote] DEBUG org.asynchttpclient.netty.request.NettyRequestSender - Using open Channel [id: 0x8232aea4, L:/127.0.0.1:63786 - R:localhost/127.0.0.1:18168] for GET '/session/a4d3000ef5682e6f0e9ae56e72be6b6a/screenshot'
16:05:26.127 [AsyncHttpClient-1-5] DEBUG org.asynchttpclient.netty.handler.HttpHandler - 

Request DefaultFullHttpRequest(decodeResult: success, version: HTTP/1.1, content: EmptyByteBufBE)
GET /session/a4d3000ef5682e6f0e9ae56e72be6b6a/screenshot HTTP/1.1
User-Agent: selenium/4.8.1 (java windows)
Cache-Control: no-cache
Content-Type: application/json; charset=utf-8
host: localhost:18168
accept: */*

Response DefaultHttpResponse(decodeResult: success, version: HTTP/1.1)
HTTP/1.1 200 OK
Content-Length: 32076
Content-Type: application/json; charset=utf-8
cache-control: no-cache

16:05:26.127 [AsyncHttpClient-1-5] DEBUG org.asynchttpclient.netty.channel.ChannelManager - Adding key: http://localhost:18168 for channel [id: 0x8232aea4, L:/127.0.0.1:63786 - R:localhost/127.0.0.1:18168]
16:05:26.129 [main] DEBUG net.serenitybdd.core.photography.Darkroom - Send negative for processing for target\site\serenity\cb16f82657f5d7e3fe3454b0f6d88e6a32064e4632fb538c98781212ca8d4e8c.png
16:05:26.129 [main] DEBUG net.thucydides.core.steps.StepInterceptor - STEP DONE: user can see error message
  &amp#27;[32mThen &amp#27;[0m&amp#27;[32muser can see error message&amp#27;[0m                                               &amp#27;[90m# starter.stepdefinition.RegisterStep.userCanSeeErrorMessage()&amp#27;[0m
16:05:26.129 [Darkroom Processing Line] DEBUG net.serenitybdd.core.photography.DarkroomProcessingLine - Processing screenshot image in /var/screenshots/screenshot-2218143171247116175
16:05:26.129 [Darkroom Processing Line] DEBUG net.serenitybdd.core.photography.DarkroomProcessingLine - Saving screenshot to target\site\serenity\cb16f82657f5d7e3fe3454b0f6d88e6a32064e4632fb538c98781212ca8d4e8c.png
16:05:26.136 [main] INFO  - 
  _____   ___   ___   _____     ___     _     ___   ___   ___   ___  
 |_   _| | __| / __| |_   _|   | _ \   /_\   / __| / __| | __| |   \ 
   | |   | _|  \__ \   | |     |  _/  / _ \  \__ \ \__ \ | _|  | |) |
   |_|   |___| |___/   |_|     |_|   /_/ \_\ |___/ |___/ |___| |___/ 

As a user, I register without filling name or email or password field
----------------------------------------------------------------------
16:05:26.137 [AsyncHttpClient-1-7] DEBUG org.asynchttpclient.netty.handler.WebSocketHandler - Channel Closed: [id: 0x28a23f65, L:/127.0.0.1:63794 ! R:localhost/127.0.0.1:63788] with attribute NettyResponseFuture{currentRetry=0,
	isDone=1,
	isCancelled=0,
	asyncHandler=org.asynchttpclient.ws.WebSocketUpgradeHandler@267afe37,
	nettyRequest=org.asynchttpclient.netty.request.NettyRequest@3ecffb51,
	future=java.util.concurrent.CompletableFuture@231de32f[Completed normally],
	uri=ws://localhost:63788/devtools/browser/6b78ee8e-9ca4-4dce-a412-940109b35627,
	keepAlive=true,
	redirectCount=0,
	timeoutsHolder=null,
	inAuth=0,
	touch=1683104723123}
16:05:26.137 [Driver Command Executor] DEBUG org.asynchttpclient.netty.request.NettyRequestSender - Using pooled Channel '[id: 0x8232aea4, L:/127.0.0.1:63786 - R:localhost/127.0.0.1:18168]' for 'DELETE' to 'http://localhost:18168/session/a4d3000ef5682e6f0e9ae56e72be6b6a'
16:05:26.137 [AsyncHttpClient-1-7] DEBUG org.asynchttpclient.netty.channel.ChannelManager - Closing Channel [id: 0x28a23f65, L:/127.0.0.1:63794 ! R:localhost/127.0.0.1:63788] 
16:05:26.137 [Driver Command Executor] DEBUG org.asynchttpclient.netty.request.NettyRequestSender - Using open Channel [id: 0x8232aea4, L:/127.0.0.1:63786 - R:localhost/127.0.0.1:18168] for DELETE '/session/a4d3000ef5682e6f0e9ae56e72be6b6a'
16:05:26.182 [AsyncHttpClient-1-6] DEBUG org.asynchttpclient.netty.handler.HttpHandler - Unexpected I/O exception on channel [id: 0x7346ca4f, L:/127.0.0.1:63793 - R:localhost/127.0.0.1:63788]
java.io.IOException: An existing connection was forcibly closed by the remote host
	at sun.nio.ch.SocketDispatcher.read0(Native Method)
	at sun.nio.ch.SocketDispatcher.read(SocketDispatcher.java:43)
	at sun.nio.ch.IOUtil.readIntoNativeBuffer(IOUtil.java:223)
	at sun.nio.ch.IOUtil.read(IOUtil.java:192)
	at sun.nio.ch.SocketChannelImpl.read(SocketChannelImpl.java:378)
	at io.netty.buffer.PooledByteBuf.setBytes(PooledByteBuf.java:259)
	at io.netty.buffer.AbstractByteBuf.writeBytes(AbstractByteBuf.java:1132)
	at io.netty.channel.socket.nio.NioSocketChannel.doReadBytes(NioSocketChannel.java:357)
	at io.netty.channel.nio.AbstractNioByteChannel$NioByteUnsafe.read(AbstractNioByteChannel.java:151)
	at io.netty.channel.nio.NioEventLoop.processSelectedKey(NioEventLoop.java:788)
	at io.netty.channel.nio.NioEventLoop.processSelectedKeysOptimized(NioEventLoop.java:724)
	at io.netty.channel.nio.NioEventLoop.processSelectedKeys(NioEventLoop.java:650)
	at io.netty.channel.nio.NioEventLoop.run(NioEventLoop.java:562)
	at io.netty.util.concurrent.SingleThreadEventExecutor$4.run(SingleThreadEventExecutor.java:997)
	at io.netty.util.internal.ThreadExecutorMap$2.run(ThreadExecutorMap.java:74)
	at io.netty.util.concurrent.FastThreadLocalRunnable.run(FastThreadLocalRunnable.java:30)
	at java.lang.Thread.run(Thread.java:748)
16:05:26.182 [AsyncHttpClient-1-6] DEBUG org.asynchttpclient.netty.channel.ChannelManager - Closing Channel [id: 0x7346ca4f, L:/127.0.0.1:63793 - R:localhost/127.0.0.1:63788] 
16:05:26.183 [AsyncHttpClient-1-6] DEBUG org.asynchttpclient.netty.handler.HttpHandler - Channel Closed: [id: 0x7346ca4f, L:/127.0.0.1:63793 ! R:localhost/127.0.0.1:63788] with attribute DISCARD
16:05:26.277 [AsyncHttpClient-1-1] DEBUG org.asynchttpclient.netty.channel.DefaultChannelPool - Entry count for : http://localhost:63788 : 1
16:05:26.277 [AsyncHttpClient-1-1] DEBUG org.asynchttpclient.netty.channel.DefaultChannelPool - Adding Candidate expired Channel [id: 0x7346ca4f, L:/127.0.0.1:63793 ! R:localhost/127.0.0.1:63788] isIdleTimeoutExpired=false isRemotelyClosed=true isTtlExpired=false
16:05:26.277 [AsyncHttpClient-1-1] DEBUG org.asynchttpclient.netty.channel.DefaultChannelPool - Closing Idle Channel [id: 0x7346ca4f, L:/127.0.0.1:63793 ! R:localhost/127.0.0.1:63788]
16:05:26.279 [AsyncHttpClient-1-1] DEBUG org.asynchttpclient.netty.channel.DefaultChannelPool - Closed 1 connections out of 1 in 2 ms
16:05:26.314 [AsyncHttpClient-1-5] DEBUG org.asynchttpclient.netty.handler.HttpHandler - 

Request DefaultFullHttpRequest(decodeResult: success, version: HTTP/1.1, content: EmptyByteBufBE)
DELETE /session/a4d3000ef5682e6f0e9ae56e72be6b6a HTTP/1.1
User-Agent: selenium/4.8.1 (java windows)
Content-Type: application/json; charset=utf-8
host: localhost:18168
accept: */*

Response DefaultHttpResponse(decodeResult: success, version: HTTP/1.1)
HTTP/1.1 200 OK
Content-Length: 14
Content-Type: application/json; charset=utf-8
cache-control: no-cache

16:05:26.314 [AsyncHttpClient-1-5] DEBUG org.asynchttpclient.netty.channel.ChannelManager - Adding key: http://localhost:18168 for channel [id: 0x8232aea4, L:/127.0.0.1:63786 - R:localhost/127.0.0.1:18168]
16:05:26.367 [AsyncHttpClient-1-5] DEBUG org.asynchttpclient.netty.handler.HttpHandler - Channel Closed: [id: 0x8232aea4, L:/127.0.0.1:63786 ! R:localhost/127.0.0.1:18168] with attribute DISCARD
]]></system-out>
    <system-err><![CDATA[Starting ChromeDriver 112.0.5615.49 (bd2a7bcb881c11e8cfe3078709382934e3916914-refs/branch-heads/5615@{#936}) on port 18168
Only local connections are allowed.
Please see https://chromedriver.chromium.org/security-considerations for suggestions on keeping ChromeDriver safe.
ChromeDriver was started successfully.
May 03, 2023 4:05:23 PM org.openqa.selenium.devtools.CdpVersionFinder findNearestMatch
WARNING: Unable to find an exact match for CDP version 112, so returning the closest version found: 110
]]></system-err>
  </testcase>
</testsuite>